/mnt/stage/douwei/Simulation/5kt_root/2MeV/5kt_+11.20_3.root
[-3.44704476e+00  3.00235180e-01 -1.41889631e-02  1.13842406e+01
  3.47615064e+02] 11.388207821963626
[-3.61157713e+00  2.51268675e-01  6.23955873e-02  1.17990285e+01
  3.51928653e+02] 11.801868597734174
[-3.51729734e+00 -1.49873922e-01 -2.98061755e-01  1.18713214e+01
  3.51203716e+02] 11.876008381986352
[-3.56493627e+00 -2.76445658e-01 -5.12447496e-02  1.20265002e+01
  3.51769139e+02] 12.029786217019348
[-3.64677685e+00 -1.71065813e-01  2.25809983e-01  1.15762207e+01
  3.48492986e+02] 11.579686472684672
[-3.49258116e+00 -3.03572317e-01 -3.30813135e-02  1.15083950e+01
  3.49931547e+02] 11.512445669200831
[-3.43214441e+00 -5.72325434e-02  1.49508848e-01  1.14820177e+01
  3.47138189e+02] 11.48313367834951
[-3.59655315e+00 -5.57798804e-02 -2.65937718e-01  1.17188856e+01
  3.50722905e+02] 11.722035428934669
[-3.50338937e+00 -1.04429711e-01 -1.59632775e-01  1.14874962e+01
  3.49294534e+02] 11.489079943716792
[-3.53119902e+00 -1.22453586e-01  6.49035286e-02  1.15207039e+01
  3.50632039e+02] 11.521537476346547
[-3.43509465e+00  2.00023566e-01 -1.51503984e-01  1.14940526e+01
  3.50692240e+02] 11.496791166637752
[-3.51744728e+00 -1.86111448e-01  4.23278212e-02  1.17379023e+01
  3.48915795e+02] 11.739453951150624
[-3.50825941e+00  4.58729521e-02 -1.04205144e-02  1.14694544e+01
  3.48090544e+02] 11.469550882471784
[-3.52871267e+00 -1.01981737e-01  2.44970990e-01  1.15432563e+01
  3.48977334e+02] 11.546305781555596
[-3.50619130e+00 -3.95680769e-02 -1.78662071e-01  1.16129916e+01
  3.48443483e+02] 11.614433228807409
[-3.53199820e+00  3.17283828e-01  7.89590377e-03  1.15871953e+01
  3.50761803e+02] 11.591541170766869
[-3.46309705e+00 -4.31804182e-02  2.31070651e-01  1.16359917e+01
  3.49626249e+02] 11.638365900713639
[-3.55793998e+00  1.65945223e-01  2.91216842e-02  1.18830396e+01
  3.52919063e+02] 11.884233970315199
[-3.49627392e+00 -3.37190314e-02 -2.18692378e-02  1.15637827e+01
  3.48359789e+02] 11.563852518268527
[-3.51816280e+00 -4.41000496e-02 -5.86129262e-02  1.16348743e+01
  3.51993700e+02] 11.635105494579879
[-3.65122177e+00 -1.01566812e-01  1.79853886e-01  1.17691127e+01
  3.49334340e+02] 11.770925070494496
[-3.56433942e+00 -1.31179775e-01  6.42266202e-02  1.17957637e+01
  3.51422690e+02] 11.796667962398676
[-3.53184754e+00  1.14980956e-01 -6.42381865e-02  1.16182585e+01
  3.47398619e+02] 11.619005036761859
[-3.51143449e+00  7.59912643e-02 -3.03899186e-02  1.18259059e+01
  3.50057860e+02] 11.82618908001085
[-3.55679237e+00  7.84684158e-02 -7.98002958e-02  1.14521631e+01
  3.45394524e+02] 11.45270999201872
[-3.57513140e+00  3.43604863e-01 -2.88923531e-01  1.17559680e+01
  3.48869684e+02] 11.764536778973145
[-3.50157742e+00 -1.56156969e-01 -1.33441124e-01  1.15199754e+01
  3.48107113e+02] 11.521806510671931
[-3.53957375e+00 -2.68592782e-02  8.88389095e-02  1.15774293e+01
  3.50242879e+02] 11.577801257387291
[-3.51618113e+00 -2.35693922e-01  3.83821262e-03  1.16631266e+01
  3.50236796e+02] 11.665508529924796
[-3.51105091e+00  7.02958888e-02 -1.91725962e-01  1.14768125e+01
  3.49606341e+02] 11.478629042141813
[-3.51551866e+00  7.88141364e-02  1.54357427e-01  1.15682914e+01
  3.49826015e+02] 11.569589592123398
[-3.45830631e+00  1.96775182e-01 -2.12092706e-02  1.15153819e+01
  3.48164805e+02] 11.517082527717902
[-3.55054925e+00  8.73317651e-02  1.31161943e-01  1.13645793e+01
  3.44763482e+02] 11.365671696189985
[-3.53800742e+00  7.42014892e-03  1.26218806e-02  1.15858579e+01
  3.50723001e+02] 11.585867189623835
[-3.70479936e+00  8.12128449e-03  1.45421808e-01  1.18006903e+01
  3.47564970e+02] 11.80158904221331
