/mnt/stage/douwei/Simulation/5kt_root/2MeV/5kt_-2.80_2.root
[-3.03008838e+00 -5.42610516e-02  3.73147385e-02 -2.86545784e+00
  2.91059756e+02] 2.86621444901408
[-3.00410919e+00  1.39806430e-01  2.18724979e-01 -2.97834165e+00
  2.92473067e+02] 2.989632995528024
[-3.05705496e+00  2.84367854e-01 -3.36014244e-01 -2.87526218e+00
  2.93311410e+02] 2.908763180584199
[-3.04131079e+00 -2.87477406e-02 -2.70256187e-01 -2.38669956e+00
  2.89137419e+02] 2.4021239782122827
[-3.01740340e+00 -1.29664521e-01  4.08345393e-01 -2.53190350e+00
  2.89823451e+02] 2.567896840703585
[-3.06469370e+00 -8.61895959e-02 -1.76915381e-01 -2.75072557e+00
  2.91570634e+02] 2.757756128061374
[-3.00600655e+00 -2.15253273e-01  4.40837902e-01 -2.93669789e+00
  2.90922019e+02] 2.9773925728431556
[-3.07442702e+00  3.39730194e-01 -1.60652219e-01 -3.06789274e+00
  2.93599078e+02] 3.0908237735391015
[-2.99007048e+00 -6.75864013e-02  9.49586267e-02 -2.81136589e+00
  2.92572825e+02] 2.813780948984257
[-3.01158077e+00 -9.87995611e-02 -9.05320374e-02 -2.42235300e+00
  2.91732955e+02] 2.426056774603336
[-2.99814451e+00 -1.09375310e-01  1.25040998e-01 -2.33314104e+00
  2.87609014e+02] 2.3390479496714165
[-3.03882629e+00  1.47651752e-01 -2.20601935e-01 -2.75069055e+00
  2.92754613e+02] 2.7634696975682345
[-2.97902638e+00 -1.14273881e-01 -6.95738095e-02 -2.64784809e+00
  2.90821984e+02] 2.651225857253034
[-3.06701218e+00 -1.97339761e-01  2.02237540e-01 -2.82680066e+00
  2.91358336e+02] 2.840888061180287
[-3.09371324e+00 -1.35748536e-01 -2.74369584e-01 -2.64137255e+00
  2.90401889e+02] 2.6590515756928297
[-3.03398776e+00 -9.57296270e-02  9.27712846e-02 -3.21887409e+00
  2.91514197e+02] 3.2216332983639
[-3.06006436e+00  1.36666551e-01  6.07927508e-02 -2.67064691e+00
  2.90981105e+02] 2.674832409888192
[-2.95286102e+00  1.35281657e-01 -1.46974958e-01 -2.87695719e+00
  2.92498194e+02] 2.883883740597854
[-2.93740135e+00 -8.77101665e-02  4.18452057e-03 -2.54660091e+00
  2.90062999e+02] 2.5481143560945503
[-2.96867719e+00 -4.95401128e-02  9.44587106e-02 -2.75356354e+00
  2.90860360e+02] 2.755628570475056
[-2.95628708e+00 -1.99045986e-01 -1.19949872e-01 -2.68833601e+00
  2.90967062e+02] 2.6983620531146797
[-2.99517080e+00  8.18043591e-02 -3.98561588e-02 -3.06172457e+00
  2.93129171e+02] 3.063076528971251
[-3.09027420e+00 -4.36101171e-02 -1.87325214e-02 -2.71459567e+00
  2.89501826e+02] 2.7150105714922077
[-3.04561864e+00 -1.27002040e-01  3.08905709e-01 -2.73451000e+00
  2.90928957e+02] 2.7548316104972663
[-3.06973877e+00 -1.30972862e-01 -2.85304979e-02 -2.93239648e+00
  2.89745528e+02] 2.9354585642527877
[-2.99175043e+00 -1.71889618e-01 -2.49746063e-02 -3.09038745e+00
  2.92137105e+02] 3.095264826790774
[-3.08381961e+00  1.06194042e-01  6.32831299e-02 -2.83390273e+00
  2.91029812e+02] 2.8365977167850462
[-2.93848673e+00  1.12041524e-01 -1.01923796e-01 -2.89646563e+00
  2.93287012e+02] 2.9004232270563954
[-3.03547015e+00 -1.46968592e-01  1.96417784e-01 -2.80116729e+00
  2.91809850e+02] 2.8118886712760265
[-2.96634378e+00 -3.54978286e-02  1.17406391e-01 -2.66641049e+00
  2.92491249e+02] 2.66923009117447
[-3.07944462e+00  5.13509625e-02 -7.40275767e-02 -2.85245335e+00
  2.89854389e+02] 2.853875809311697
[-2.92255080e+00 -1.79353387e-01  5.83504566e-02 -2.77433053e+00
  2.91495271e+02] 2.7807341320141887
[-3.01295542e+00  2.18896489e-02  7.68278946e-02 -2.74453548e+00
  2.89470032e+02] 2.7456978483059777
[-3.00272222e+00 -4.58616565e-01  1.20710236e-01 -2.90423547e+00
  2.90362156e+02] 2.942700084334328
[-3.08898389e+00 -6.91224093e-02 -5.49911308e-02 -3.24519389e+00
  2.90966263e+02] 3.246395738375685
[-2.93127178e+00 -1.32551343e-01  1.92649726e-01 -2.93115795e+00
  2.90861351e+02] 2.9404711666731456
[-2.98333259e+00  8.02195211e-02  8.86669123e-03 -3.10638736e+00
  2.92616634e+02] 3.10743563500194
[-2.99137555e+00  1.73459367e-01 -8.30296128e-02 -2.77330390e+00
  2.91231437e+02] 2.779963417897721
[-3.08072274e+00 -2.28061306e-01 -3.40595733e-02 -2.97207329e+00
  2.92434619e+02] 2.981005142307313
[-3.12263866e+00  8.69010776e-02  1.60922251e-01 -2.60565237e+00
  2.88479940e+02] 2.612062796217935
[-3.00001205e+00 -4.41916561e-02  1.55873286e-01 -2.76412050e+00
  2.91637387e+02] 2.768864661663397
[-2.99867462e+00 -3.04659990e-01  3.29486162e-02 -2.78461265e+00
  2.91888677e+02] 2.8014230161120777
[-2.98672732e+00 -2.40737819e-01 -3.25619504e-01 -2.57424563e+00
  2.90289931e+02] 2.6059016312268617
[-3.04551056e+00  2.53399049e-01 -5.19287833e-02 -2.73840396e+00
  2.91081600e+02] 2.7505933727977276
[-3.00889208e+00  1.01723489e-02  3.84284332e-01 -2.65134311e+00
  2.91872719e+02] 2.679066665115425
[-3.05097547e+00  1.05032788e-01 -9.78525165e-03 -3.02061430e+00
  2.93059152e+02] 3.022455688735574
[-3.05612530e+00 -3.03616022e-01 -2.18529413e-02 -2.77663610e+00
  2.91526030e+02] 2.793271969388614
[-3.04733093e+00 -6.47423585e-02  3.29544761e-02 -2.89858364e+00
  2.91458912e+02] 2.899493872124245
[-3.00284547e+00 -1.71470968e-01 -2.39209444e-01 -2.77409259e+00
  2.91224880e+02] 2.7896618293474496
[-3.00468698e+00 -4.51947699e-02  1.44055103e-01 -2.68673880e+00
  2.91023203e+02] 2.6909774879663684
[-3.08203392e+00  2.29202626e-01  2.79170401e-02 -2.84940736e+00
  2.91870456e+02] 2.8587471931762867
[-3.00987122e+00  5.63046133e-02  1.56066107e-01 -2.62532998e+00
  2.91717797e+02] 2.630567309085435
[-3.05233372e+00  1.84531136e-01  2.34587753e-02 -3.35222811e+00
  2.94471784e+02] 3.3573851992654853
[-3.05705149e+00  1.74031603e-01  1.89818907e-01 -2.81447077e+00
  2.90888195e+02] 2.8262278625907675
[-3.08894954e+00 -6.51000447e-02 -2.07564296e-01 -2.65694437e+00
  2.90052936e+02] 2.6658346448730588
[-3.00230870e+00 -2.37060074e-02 -1.43428017e-02 -3.00532657e+00
  2.91909677e+02] 3.0054542924667293
[-2.97808037e+00  1.95708282e-01  2.14477412e-01 -2.91845639e+00
  2.92224383e+02] 2.9328637905164534
[-3.01762925e+00  1.41772083e-01 -4.99297688e-02 -2.66041110e+00
  2.91315812e+02] 2.66465373758236
[-3.03617268e+00 -2.32459419e-01 -2.03306416e-01 -2.73500959e+00
  2.90115018e+02] 2.752389572604554
[-3.01415080e+00  1.99888597e-02 -2.52117992e-01 -2.60634911e+00
  2.90963690e+02] 2.6185909770482136
[-3.01819902e+00 -1.69760883e-01  2.52298773e-01 -2.99267069e+00
  2.93567221e+02] 3.0080810012724672
[-3.01792067e+00  1.94618748e-01 -7.34864870e-02 -2.83474487e+00
  2.91528274e+02] 2.842367881721318
[-3.04446702e+00  7.74452962e-02 -2.14686441e-02 -2.88017090e+00
  2.90812966e+02] 2.8812919087156534
[-2.98809696e+00  2.35125550e-01 -1.33944423e-01 -2.46878880e+00
  2.88771968e+02] 2.483574691749801
[-2.92649538e+00 -5.68293366e-02  1.53624250e-01 -2.91472329e+00
  2.93781362e+02] 2.9193221563868836
[-3.08405973e+00 -2.29806157e-01 -3.80372902e-02 -3.00252715e+00
  2.92447838e+02] 3.011548932747603
[-2.97005623e+00 -2.04041283e-01 -2.68868160e-01 -2.78513059e+00
  2.90341833e+02] 2.8055080349587156
[-3.02129492e+00 -1.41971704e-01  5.05454440e-03 -2.95538600e+00
  2.91036123e+02] 2.958798387327293
[-2.98426175e+00  1.07982805e-01  1.08747779e-01 -2.83890912e+00
  2.92334267e+02] 2.8430426233403554
[-3.01330380e+00  2.02239836e-01  3.24145653e-01 -2.81293523e+00
  2.91558184e+02] 2.83876310541266
[-3.06380910e+00 -4.42049530e-03 -1.71811071e-02 -2.97744005e+00
  2.91320221e+02] 2.977492898744834
[-2.91918530e+00 -3.89797722e-02  1.57859147e-01 -2.65086379e+00
  2.91911026e+02] 2.6558459612675613
[-3.06814538e+00 -8.55071169e-02 -1.68771926e-02 -2.70591511e+00
  2.90827974e+02] 2.707318393092238
[-2.96074710e+00  3.25961756e-01 -1.43677319e-01 -2.83718234e+00
  2.93178631e+02] 2.859457622312147
[-3.08366637e+00 -5.47667059e-02  1.86251278e-01 -2.82442618e+00
  2.91086597e+02] 2.831090277614378
[-3.01290007e+00 -1.13247538e-01  1.29681049e-01 -2.65314169e+00
  2.90676595e+02] 2.6587220581208717
[-3.02000638e+00 -7.48612477e-02 -2.66324064e-02 -3.13970211e+00
  2.93874459e+02] 3.1407073758056017
[-2.96862285e+00  3.95050646e-02 -1.32594553e-01 -2.97852174e+00
  2.92241618e+02] 2.981733345944836
[-3.01843421e+00  3.31754536e-01  1.34964927e-01 -2.83752892e+00
  2.92443813e+02] 2.860043173463798
[-2.90736073e+00 -9.71397144e-03  7.02598612e-02 -2.59862519e+00
  2.91685892e+02] 2.599592985163336
[-2.94508138e+00  2.72244220e-01 -1.15715579e-01 -2.74284238e+00
  2.92049591e+02] 2.7587481496447706
[-3.06218749e+00  1.61915405e-01  1.07043435e-02 -2.99842888e+00
  2.91789463e+02] 3.0028164949883713
[-3.02044499e+00  1.21632253e-01  4.07335530e-01 -2.65111265e+00
  2.91214365e+02] 2.684979503767242
[-2.99916559e+00  1.20470488e-01 -1.86296055e-01 -2.88924703e+00
  2.91224623e+02] 2.897752186205603
[-3.05215590e+00 -1.37685471e-02 -6.54276950e-02 -2.55294295e+00
  2.89633528e+02] 2.553818328577644
[-2.96620731e+00 -8.36630387e-02  2.13535522e-01 -2.96388954e+00
  2.93192884e+02] 2.972749253163563
[-2.99401164e+00  2.05484395e-01  1.99828635e-02 -2.78648548e+00
  2.90773596e+02] 2.7941232012216983
[-2.99054214e+00  1.35318583e-01  2.20005461e-01 -2.73752397e+00
  2.91994846e+02] 2.7496819865063795
[-3.06890849e+00  8.72422833e-02  1.44720403e-02 -2.90544197e+00
  2.90115868e+02] 2.906787525134897
[-2.98686984e+00  2.06873548e-01  4.07729108e-01 -2.89733802e+00
  2.92021941e+02] 2.9331906334407694
[-3.05696047e+00 -2.28124892e-01 -3.35943957e-02 -2.81339461e+00
  2.91888816e+02] 2.8228281490741787
[-3.04306668e+00  2.78475891e-01 -3.23352907e-02 -2.81802226e+00
  2.92431984e+02] 2.8319328823118655
[-3.00321307e+00 -3.93029123e-01  8.83462632e-03 -2.77507247e+00
  2.89780707e+02] 2.8027802567234645
[-2.98354124e+00  3.79442791e-01  4.56621777e-02 -2.71023713e+00
  2.89213329e+02] 2.737050810965127
[-2.98201484e+00 -2.63440734e-02  7.74623043e-03 -2.84134289e+00
  2.91509281e+02] 2.841475571923764
[-2.99786420e+00 -1.22658411e-01 -1.29932960e-02 -2.92653058e+00
  2.92670133e+02] 2.92912873665036
[-3.06284636e+00 -2.64138027e-01  6.07849277e-02 -2.93267282e+00
  2.91107261e+02] 2.945171228624747
[-3.03856709e+00 -1.49451457e-02 -3.58105478e-01 -2.81530463e+00
  2.90045384e+02] 2.8380280183061006
[-3.08050337e+00 -2.04500247e-01  1.48920258e-01 -2.70447031e+00
  2.91089593e+02] 2.7162763619484416
[-2.94244182e+00 -3.88333258e-01  1.88453554e-01 -3.00161569e+00
  2.93208123e+02] 3.0324930711486497
[-3.04305149e+00 -1.49063045e-01  2.16465739e-01 -2.90094861e+00
  2.92368018e+02] 2.9128302422362995
[-3.03757509e+00 -2.65900709e-01 -1.53297071e-03 -2.70454081e+00
  2.89953742e+02] 2.7175810075956477
[-3.04474897e+00 -2.66674276e-01  1.35145537e-02 -3.03695667e+00
  2.92178569e+02] 3.0486724399495553
[-2.99212630e+00 -1.43832549e-01 -1.07106501e-01 -3.24073073e+00
  2.94430528e+02] 3.245688724084677
[-3.02449542e+00  2.50455031e-02  7.18272563e-02 -2.66189138e+00
  2.90749262e+02] 2.662978058755346
[-3.07102231e+00 -1.33341478e-01 -4.89666150e-01 -2.76617181e+00
  2.89604737e+02] 2.8123405484688737
[-2.92983364e+00  8.61803486e-02  4.60639580e-02 -2.58129667e+00
  2.92058328e+02] 2.583145650857283
[-2.97735969e+00  3.63765057e-01 -5.34213880e-02 -2.88500647e+00
  2.92126121e+02] 2.908339938323601
[-2.96991464e+00  4.43165899e-01  8.31222973e-02 -2.76363538e+00
  2.90637592e+02] 2.8001760398583704
[-2.94224233e+00  1.30189017e-01 -2.62742718e-01 -2.86991812e+00
  2.90309264e+02] 2.8848592540410882
[-3.14321693e+00 -3.18736928e-01 -1.54129211e-01 -2.78134998e+00
  2.91947266e+02] 2.8037932746368
[-3.05097508e+00  2.88557970e-02 -1.58255728e-01 -3.09512172e+00
  2.90712231e+02] 3.0992992783942377
[-3.07178252e+00  2.37508608e-01  1.55756500e-01 -2.90914404e+00
  2.92226593e+02] 2.922976133548057
[-3.06732154e+00  3.71006901e-02 -1.14967235e-02 -3.01490268e+00
  2.89723577e+02] 3.015152866210677
[-2.88294454e+00 -1.10703622e-01  2.79778527e-01 -2.57991764e+00
  2.90301312e+02] 2.5974037737665157
[-2.95417431e+00  2.28444948e-01 -1.05366958e-02 -2.76922714e+00
  2.91084208e+02] 2.778653819723595
[-3.03606431e+00  3.56578228e-01  2.55112616e-01 -2.53245419e+00
  2.89924296e+02] 2.570127367120303
[-2.95412280e+00  2.51146635e-01 -2.05731712e-01 -3.12132594e+00
  2.92335059e+02] 3.1381643967498496
[-3.03428084e+00 -9.18118443e-02 -9.11189967e-02 -3.00662462e+00
  2.93048359e+02] 3.0094058685819425
[-3.02247246e+00  1.21121628e-01 -1.69599308e-02 -2.58225840e+00
  2.89979468e+02] 2.585153099426316
[-3.05593680e+00 -1.86567657e-01  6.71366335e-02 -2.50683847e+00
  2.88062509e+02] 2.514667756914922
[-2.98606720e+00  5.35767338e-02  7.45740070e-03 -2.39928821e+00
  2.89608926e+02] 2.399897912091553
[-2.96477955e+00  5.90730105e-02 -3.56741692e-01 -3.04733788e+00
  2.91926690e+02] 3.0687167395265034
[-2.98057867e+00 -1.00879848e-01  1.34025899e-01 -3.01274946e+00
  2.91630920e+02] 3.0174159428263874
[-3.02229837e+00 -2.01466077e-01  3.54101956e-01 -2.72214292e+00
  2.90801948e+02] 2.7524605068368326
[-3.04145666e+00  1.07308774e-01  1.72321750e-01 -3.23257379e+00
  2.92572621e+02] 3.2389416893219587
[-3.05676713e+00  1.35416489e-01 -1.37735413e-02 -2.63680301e+00
  2.90081627e+02] 2.640313890413228
[-2.99903028e+00  1.76423559e-01 -3.71796116e-02 -2.96361520e+00
  2.93182553e+02] 2.969094587397008
[-3.00284628e+00  1.72180260e-01 -2.66948819e-03 -2.70205104e+00
  2.91777239e+02] 2.707532643753616
[-3.02341045e+00  1.35646941e-01  2.44006490e-01 -2.69457829e+00
  2.91367265e+02] 2.709001925712021
[-3.05125054e+00  2.96648291e-01 -4.12692702e-02 -2.85631998e+00
  2.90836863e+02] 2.8719796672908244
[-3.00013765e+00  1.79186304e-01  1.21276182e-02 -2.59857253e+00
  2.90038465e+02] 2.6047713966999946
[-2.99812699e+00  2.24290656e-01 -1.63566717e-01 -2.68488461e+00
  2.91402707e+02] 2.699197235887773
[-3.06795372e+00 -1.32565561e-01 -1.21504377e-01 -2.95118056e+00
  2.89630456e+02] 2.956654129003853
[-3.08241638e+00  1.46960811e-01 -2.21552023e-01 -3.10505293e+00
  2.92341530e+02] 3.1164140395778723
[-3.07143887e+00 -2.71379085e-01  1.10257772e-01 -2.63372366e+00
  2.91120984e+02] 2.649962958795106
[-2.98339032e+00 -3.51234826e-01 -8.28316862e-02 -2.94256032e+00
  2.92514012e+02] 2.9646059107132436
[-3.01275037e+00  1.26448351e-01 -2.12941193e-01 -3.11590691e+00
  2.93831217e+02] 3.1257333595587093
[-3.08058314e+00  3.33295870e-02 -3.21121576e-01 -2.87539241e+00
  2.90954490e+02] 2.8934601106331397
[-2.89553267e+00  1.78975483e-01 -3.10398525e-01 -2.88851802e+00
  2.93964344e+02] 2.910655562256653
[-2.99387148e+00 -1.91252234e-02 -1.44705463e-01 -2.94197481e+00
  2.90348699e+02] 2.945593523989331
[-2.99575873e+00  3.46301999e-02  1.51853019e-01 -2.69079067e+00
  2.91108922e+02] 2.695294610841742
[-2.95017589e+00  2.42981083e-02  1.84844634e-01 -2.62270369e+00
  2.92053001e+02] 2.629321698634283
[-3.04552155e+00  1.14716253e-01 -3.44448312e-01 -2.89490611e+00
  2.92085193e+02] 2.917582190767683
[-3.04138081e+00 -1.16038965e-01 -1.00235319e-01 -3.08653466e+00
  2.91435891e+02] 3.0903411425855913
[-3.00794774e+00 -1.22247540e-01 -3.18232904e-01 -2.70771764e+00
  2.91674745e+02] 2.72909352785603
[-2.99165807e+00  2.45601713e-01  7.59701269e-02 -2.93459323e+00
  2.92323129e+02] 2.9458324960961475
[-3.07902093e+00 -2.57608406e-01 -2.01963029e-01 -2.82004154e+00
  2.90816880e+02] 2.8389761265695515
[-2.98020643e+00  2.72599748e-01 -2.95879117e-01 -2.90350384e+00
  2.93087374e+02] 2.931243701240727
[-2.99084250e+00  4.27742388e-02  1.60967919e-01 -2.75558233e+00
  2.91641464e+02] 2.7606112152755102
[-2.97015528e+00  1.94307516e-01  9.87612907e-02 -3.16444218e+00
  2.93999228e+02] 3.171940025210686
[-3.03779679e+00 -2.27196140e-02  4.49911393e-02 -3.04884327e+00
  2.91872076e+02] 3.0492598590653857
[-3.06874299e+00  5.59558851e-02 -5.51778426e-02 -2.89991182e+00
  2.90559790e+02] 2.900976425433502
[-3.04027142e+00 -7.82113970e-02  5.62951474e-02 -3.12768117e+00
  2.92359621e+02] 3.129165326101367
[-2.97796117e+00 -2.72664031e-01 -3.87214504e-01 -2.56676389e+00
  2.89921010e+02] 2.6100876659136016
[-3.02457087e+00 -4.59951080e-02 -2.76247146e-02 -2.91401088e+00
  2.92013461e+02] 2.914504779961579
[-3.02781083e+00  4.06905354e-03  7.14862258e-02 -3.02320698e+00
  2.91237246e+02] 3.0240547792074497
[-2.89082327e+00  1.63117573e-01  1.76504061e-01 -2.73308520e+00
  2.91725426e+02] 2.743631852700063
[-3.03876114e+00 -2.55723574e-01 -8.35704554e-02 -3.14345401e+00
  2.93544476e+02] 3.154945593617697
[-2.89012499e+00  3.20168580e-01  1.50630847e-01 -2.76878379e+00
  2.91726487e+02] 2.7913009924332717
[-3.02650178e+00 -1.16412742e-01 -1.13887090e-01 -2.89735094e+00
  2.91119491e+02] 2.901924302564382
[-2.99422515e+00 -9.68166857e-02 -1.68991037e-01 -3.16840102e+00
  2.91337793e+02] 3.17438127026194
[-3.04748344e+00  3.18567480e-01 -1.17833409e-01 -2.96479249e+00
  2.92417840e+02] 2.984185723821208
[-3.03543886e+00  1.70194069e-01  1.25183314e-02 -2.96570790e+00
  2.91572496e+02] 2.970613752145409
[-3.04505882e+00 -1.84301518e-01  9.21201728e-03 -2.72677086e+00
  2.91103551e+02] 2.7330077288796306
[-2.99886353e+00  2.81214772e-02  1.87002065e-01 -2.54795007e+00
  2.90437477e+02] 2.5549579566144516
[-3.04350110e+00 -2.46537410e-02  1.29720658e-01 -2.76009850e+00
  2.91943058e+02] 2.7632551468427096
[-3.03094652e+00  3.29102346e-01 -4.90576752e-02 -2.95609640e+00
  2.91088471e+02] 2.9747640167645217
[-3.02022758e+00  1.87194627e-01  7.22541985e-02 -3.21275134e+00
  2.93462837e+02] 3.2190112921702454
[-2.98791569e+00 -1.95085375e-01  3.20932073e-01 -2.86846290e+00
  2.93225005e+02] 2.892945751978667
[-2.95316922e+00 -4.39303810e-01 -1.47482590e-01 -2.93105879e+00
  2.92790078e+02] 2.9674643347279255
[-2.92147006e+00  9.16522231e-03  6.42138330e-02 -2.88811048e+00
  2.92569562e+02] 2.8888387961485558
[-3.05619572e+00  1.29810417e-01  2.36653632e-01 -2.78238042e+00
  2.92568257e+02] 2.7954420901745105
[-2.98108997e+00 -2.66293518e-01  2.38871432e-01 -2.62107230e+00
  2.90239984e+02] 2.6453717741360183
[-2.98051816e+00 -1.23924253e-01  1.75702076e-01 -3.21846883e+00
  2.93193382e+02] 3.2256425812658818
[-3.00607261e+00  1.59003280e-01 -3.58292129e-01 -2.79714505e+00
  2.92034846e+02] 2.8244779514077787
[-2.99727642e+00 -1.84131787e-01  7.38954740e-02 -2.97872523e+00
  2.92747336e+02] 2.985325623306954
[-2.99060462e+00  3.70892513e-02 -1.96662825e-01 -3.05152917e+00
  2.92520056e+02] 3.058084724432667
[-3.10894039e+00  9.60183444e-03 -1.57659017e-02 -3.02201705e+00
  2.91048568e+02] 3.022073431778941
[-2.98760845e+00 -1.29714299e-01 -1.29477377e-01 -2.45681406e+00
  2.89986421e+02] 2.4636407013489934
[-3.07315020e+00 -1.13380390e-01 -3.33784092e-01 -2.86587783e+00
  2.92108846e+02] 2.8874768739323424
[-3.03108644e+00  3.34977918e-02 -5.07233392e-02 -2.55763293e+00
  2.90798866e+02] 2.5583551634595616
[-3.00238552e+00  2.22963485e-02  2.39876120e-02 -3.00684952e+00
  2.92743237e+02] 3.0070278665608416
[-3.09690385e+00  1.31510509e-01 -9.60454845e-02 -3.02830312e+00
  2.92127153e+02] 3.0326786027477546
[-2.96822159e+00  3.27682697e-01 -7.62101841e-03 -3.22876644e+00
  2.92995791e+02] 3.2453608073160196
[-2.98759554e+00  2.07871947e-02  1.21488048e-01 -2.95543171e+00
  2.93710111e+02] 2.9580006820067686
[-3.03053225e+00  2.11321298e-01  1.78817451e-01 -2.86847954e+00
  2.92263917e+02] 2.881806243311687
[ -3.07601822   0.36714524   0.32079339  -2.86165274 289.75904389] 2.902888293800931
[-2.96804558e+00  1.28779367e-01  1.62378271e-01 -2.72463560e+00
  2.91601941e+02] 2.732506171602429
[-2.95384194e+00  8.04992129e-02 -6.49257810e-02 -3.05910249e+00
  2.92880553e+02] 3.060850131264014
[-2.99234461e+00  2.72896295e-02  4.78205459e-02 -2.73335571e+00
  2.91759643e+02] 2.733910192123691
[-3.04184180e+00  1.46389922e-01 -1.06242223e-01 -3.17394961e+00
  2.95165486e+02] 3.1790994853224155
[-2.96531527e+00  1.87998362e-01 -3.58766411e-01 -3.26219699e+00
  2.93554949e+02] 3.287245951501326
[-2.99182437e+00  3.55441074e-02  2.27309595e-01 -2.62029134e+00
  2.91915404e+02] 2.6303725466236116
[-3.01971787e+00  1.75369473e-01  2.54845598e-01 -3.04176411e+00
  2.91811993e+02] 3.0574547640849135
[-2.98164615e+00 -2.65221105e-01 -2.68021802e-02 -3.04110274e+00
  2.92943078e+02] 3.052763742613011
[-3.13148717e+00  9.53957160e-02  1.09466665e-01 -3.09869634e+00
  2.93147661e+02] 3.1020964318731536
[-3.00436006e+00 -5.90055403e-02 -2.02753478e-01 -2.67118654e+00
  2.90356389e+02] 2.6795201333287184
[-2.98253244e+00  7.73464234e-02 -1.26191330e-01 -3.34871237e+00
  2.94803888e+02] 3.3519816943531313
[-2.99771977e+00 -2.50871180e-01 -7.22820675e-02 -2.67066460e+00
  2.92648949e+02] 2.6833953182426735
[-3.02165828e+00  2.86094036e-01  1.23682304e-01 -2.79528301e+00
  2.91385054e+02] 2.8126062992260867
[-3.00436463e+00  1.28522756e-01 -1.28357580e-01 -2.83857271e+00
  2.92817713e+02] 2.8443784573546513
[-3.03704579e+00  4.49056687e-02  3.15216716e-01 -2.58984781e+00
  2.90303776e+02] 2.609346619350351
[-2.99878298e+00  8.50744486e-02 -6.80202882e-02 -2.80244904e+00
  2.90975314e+02] 2.804565036308424
[-3.00643746e+00 -1.14060582e-01  1.28983158e-01 -2.91093039e+00
  2.91421759e+02] 2.916018207246857
[-2.97056123e+00  2.14175563e-01 -1.04007007e-01 -3.17516101e+00
  2.92396412e+02] 3.1840753897700296
[-3.00451554e+00  3.29944340e-02  1.18303316e-01 -2.68259946e+00
  2.91995921e+02] 2.6854094992938813
[-2.96821668e+00 -9.57992113e-02 -9.72777684e-02 -2.73540038e+00
  2.90046072e+02] 2.7388055182802766
[-3.04731953e+00  9.76066441e-02  1.67835899e-01 -2.89214118e+00
  2.90089520e+02] 2.898650812078662
[-2.95846036e+00 -8.68364791e-02 -9.39143189e-02 -2.85179836e+00
  2.91176129e+02] 2.854665363971823
[-2.98419511e+00  1.12645356e-01  1.09980139e-01 -2.98768619e+00
  2.91541371e+02] 2.9918311108844655
[-2.92227857e+00 -2.86031175e-02  2.21214349e-01 -2.97932995e+00
  2.93307183e+02] 2.987668132454656
[-3.11626544e+00  1.95363562e-02  2.83049449e-01 -3.00322351e+00
  2.88724796e+02] 3.0165957841460522
[-3.05298897e+00 -3.99776523e-02  1.42347731e-01 -3.16019759e+00
  2.92926063e+02] 3.1636545203558497
[-3.03291826e+00 -1.94544527e-01  1.94164444e-02 -2.79609207e+00
  2.91229214e+02] 2.802919094968382
[-3.06626661e+00  7.33271118e-02 -6.47062649e-02 -2.81251327e+00
  2.91933279e+02] 2.8142129716351123
[-2.99193428e+00  2.57715858e-01 -1.21406257e-01 -2.70392398e+00
  2.90101303e+02] 2.7188898140184463
[-2.99999596e+00 -5.47978164e-01  9.24761426e-02 -2.87256077e+00
  2.92227481e+02] 2.9258225004027207
[-3.03233892e+00  2.21901766e-01 -6.32441921e-03 -2.68766750e+00
  2.89613093e+02] 2.6968197942005983
[-2.99678237e+00  4.08476274e-01 -6.90574391e-02 -3.15803057e+00
  2.93974643e+02] 3.185086948182034
[-2.93317278e+00 -1.34237183e-02  1.77874987e-01 -2.70423130e+00
  2.90599289e+02] 2.710108232818498
[ -3.01219971   0.33496237   0.42835318  -3.05850423 293.62942437] 3.1064665384732857
[-3.00229728e+00  1.20864555e-01 -2.61994615e-01 -2.83590873e+00
  2.92008190e+02] 2.850548670631818
[-2.99566740e+00 -5.09140536e-01  7.72967551e-02 -2.96131001e+00
  2.92876037e+02] 3.005753785977466
[-2.99149056e+00 -1.41599832e-02 -3.07259399e-01 -2.92361646e+00
  2.92026730e+02] 2.939752038457911
[-3.11472753e+00  1.01233057e-01 -1.37637888e-01 -2.87397082e+00
  2.90407881e+02] 2.879045080747471
[-3.05651023e+00 -1.60593729e-01 -2.13975968e-01 -2.95930486e+00
  2.91004651e+02] 2.971373643266984
[-2.99873599e+00  5.85426280e-02 -3.02731145e-01 -2.78662156e+00
  2.89884365e+02] 2.803628556590803
[-3.06800200e+00 -7.72680080e-02 -1.42483607e-01 -3.03332059e+00
  2.91548670e+02] 3.037648057092804
[-3.00051015e+00 -2.01870023e-01 -1.49741209e-01 -3.08220458e+00
  2.92483767e+02] 3.0924357698867047
[-2.98606716e+00  3.52412797e-02  2.15787296e-01 -2.82014585e+00
  2.91490026e+02] 2.8286089688581333
[-3.00991550e+00  2.80522492e-01 -2.96354009e-02 -2.61682952e+00
  2.89735224e+02] 2.63198933100638
[-2.95247454e+00 -9.16834267e-02  1.77427446e-01 -2.54427844e+00
  2.90704168e+02] 2.5521048394206156
[-3.09027170e+00  9.28511079e-02  1.14143139e-01 -2.80120875e+00
  2.90825298e+02] 2.8050704874068653
[-3.06321695e+00 -9.20878953e-02  7.70509481e-02 -2.60923388e+00
  2.90039186e+02] 2.61199511101823
[-2.97184142e+00 -2.66679857e-02 -1.75915725e-01 -2.86330972e+00
  2.90655118e+02] 2.8688325266823895
[-3.01352353e+00 -1.75214167e-01  2.58011129e-01 -3.13427771e+00
  2.93695742e+02] 3.1497565766871527
[-2.97005491e+00 -2.62366073e-01  1.58452972e-01 -2.78927100e+00
  2.91286176e+02] 2.8060605843665396
[-3.05949290e+00 -7.65999062e-02 -1.33372729e-01 -2.64860050e+00
  2.90106000e+02] 2.653062462741884
[-3.02753106e+00 -1.23459962e-01 -2.20667087e-01 -2.92687854e+00
  2.92574402e+02] 2.9377805076747237
[-2.95331323e+00 -1.68604728e-01  3.11422704e-02 -3.03869376e+00
  2.93743274e+02] 3.0435270944808535
[-3.07345937e+00 -3.44610195e-02 -1.74913698e-01 -2.97455721e+00
  2.90462043e+02] 2.9798947936816496
[-2.95537696e+00 -2.15621069e-02  1.30189168e-01 -2.57796933e+00
  2.92536400e+02] 2.5813446157489555
[-3.00140496e+00  1.59469569e-01  1.83016100e-01 -2.80926452e+00
  2.91378255e+02] 2.8197327109565182
[-2.95076440e+00  9.83914080e-02 -6.46466973e-02 -2.88309552e+00
  2.91221033e+02] 2.885498201116921
[-2.95130688e+00 -2.35347535e-01 -2.11229887e-01 -2.81165851e+00
  2.90459567e+02] 2.8293868816629937
[-3.00895466e+00 -1.31730569e-01 -4.89041788e-02 -2.99830151e+00
  2.91973230e+02] 3.001592327573401
[-3.00524272e+00 -1.62503342e-01 -1.06985621e-01 -2.94585383e+00
  2.93838231e+02] 2.9522716740509987
[-2.95176263e+00 -1.22698513e-01 -1.68221479e-01 -2.83781570e+00
  2.91935224e+02] 2.845443961041324
[-3.07170171e+00 -2.51107749e-01 -2.66491314e-03 -2.90926287e+00
  2.90780827e+02] 2.920080932419274
[-3.10908532e+00  2.83405003e-01 -1.22941242e-01 -2.83994014e+00
  2.92284066e+02] 2.8566926618115236
[-3.05667218e+00  2.39092180e-01 -5.85924729e-02 -3.19591894e+00
  2.91627299e+02] 3.205385468126243
[-3.01363605e+00  6.11968180e-02  8.47045020e-02 -2.68462409e+00
  2.90606340e+02] 2.6866571079013197
[-3.01822671e+00  1.70723705e-01  3.03041141e-02 -2.92702509e+00
  2.89431511e+02] 2.9321563412491924
[-2.99610593e+00 -1.06591345e-01 -1.15686996e-01 -2.86448745e+00
  2.93568908e+02] 2.8688035074549645
[-3.00524315e+00 -1.85298181e-01 -2.73136024e-01 -3.01002678e+00
  2.91335355e+02] 3.028068681793816
[-3.05167604e+00 -3.57582211e-01 -2.04985304e-01 -2.68575250e+00
  2.89900016e+02] 2.7171953402493956
[-2.86707192e+00 -5.08435751e-02 -2.06849520e-01 -2.74121372e+00
  2.93071908e+02] 2.7494771203988315
[-3.01813383e+00 -2.41050735e-01  2.79089892e-02 -2.83907989e+00
  2.90179997e+02] 2.849431346751338
[-3.12285250e+00  5.55042929e-02  1.73696144e-02 -2.89750138e+00
  2.91600060e+02] 2.8980849998108895
[-2.97620424e+00  4.93776478e-01  5.50006213e-02 -2.82497418e+00
  2.91879308e+02] 2.868330424147886
[-3.07202631e+00 -3.12780440e-02 -2.74536353e-01 -2.56411969e+00
  2.91393773e+02] 2.5789645833281147
[-3.01610159e+00 -4.43738354e-01 -2.16281919e-01 -2.89607665e+00
  2.90599222e+02] 2.937846414663428
[-2.93147641e+00 -2.34288394e-01  1.41600454e-02 -2.79163220e+00
  2.91870486e+02] 2.8014820900204076
[-3.11564991e+00 -9.96872709e-02  2.78421823e-01 -2.98132746e+00
  2.91416662e+02] 2.995958890830643
[-3.05592583e+00  3.58664275e-02 -1.02961871e-01 -2.78303212e+00
  2.89861294e+02] 2.785167017838475
[-2.99631972e+00  1.63057117e-02 -2.56411826e-01 -3.08946714e+00
  2.94424019e+02] 3.1001322719983664
[-3.06458007e+00 -1.56184866e-01 -1.70548061e-01 -2.65393446e+00
  2.91655258e+02] 2.66399108033959
[-2.94683396e+00 -2.92307720e-01 -5.58523732e-01 -2.97320778e+00
  2.92964502e+02] 3.0393020684160885
[-2.91877051e+00 -1.20045183e-01 -2.00794751e-01 -2.85739761e+00
  2.92232555e+02] 2.8669584034227555
[-3.01713797e+00 -3.46847812e-01  6.01557550e-02 -2.87308679e+00
  2.92151639e+02] 2.8945724810268665
[-3.08989954e+00 -1.30671962e-01 -1.96102803e-01 -2.86881754e+00
  2.88119003e+02] 2.8784797278655105
[-3.01634604e+00 -2.14225071e-01  2.21825799e-01 -2.76861282e+00
  2.91748657e+02] 2.785734375394426
[-3.02827375e+00 -2.60150828e-01  2.84492505e-01 -3.01429432e+00
  2.90364722e+02] 3.038845941823176
[-3.06063282e+00  2.81459848e-02  9.22837752e-02 -3.18070341e+00
  2.92828990e+02] 3.182166351341504
[-3.01097333e+00  4.05980019e-02  7.48396532e-02 -2.67063071e+00
  2.89132128e+02] 2.6719875632773706
[-3.00436923e+00 -1.36407861e-01  1.84692200e-01 -2.66993594e+00
  2.92035420e+02] 2.679790332357507
[-3.04012698e+00  3.49256150e-02  1.12601564e-01 -2.80811578e+00
  2.89187190e+02] 2.8105894646897105
[-2.92357395e+00  1.82852995e-01  1.51952060e-02 -3.09284294e+00
  2.93268256e+02] 3.0982807474850347
[-3.04652812e+00 -1.15124818e-01 -2.29893720e-01 -2.85980540e+00
  2.90317744e+02] 2.8713397164375194
[-3.07911653e+00 -4.88108003e-02 -1.31577515e-01 -3.00507670e+00
  2.91706206e+02] 3.0083518927438115
[-2.99928808e+00 -4.14500935e-01  4.49687520e-02 -2.94853827e+00
  2.90414122e+02] 2.9778702349667565
[-3.06927003e+00  1.44253315e-01 -1.71600263e-01 -2.45889755e+00
  2.89026114e+02] 2.4690955526542675
[-3.04870904e+00  4.31311661e-02 -1.90670641e-02 -2.51163118e+00
  2.89547175e+02] 2.512073854921133
[-2.98199840e+00 -6.62013724e-02 -8.72700948e-02 -2.91534702e+00
  2.91202245e+02] 2.917404148220101
[-3.06070145e+00 -1.13192410e-01  9.87352812e-02 -2.78235291e+00
  2.91220258e+02] 2.7864042946330354
[-2.99252461e+00 -1.87001240e-01 -2.50578411e-02 -2.73459542e+00
  2.92070048e+02] 2.7410963962337878
[-3.08891802e+00 -7.40811459e-02 -4.38375716e-01 -3.21348322e+00
  2.93283758e+02] 3.244092428528771
[-2.95013345e+00 -9.12051028e-02 -3.62656105e-01 -2.83751551e+00
  2.92542770e+02] 2.862050331497606
[-3.01196596e+00 -1.52068135e-02 -1.56959599e-01 -2.61848791e+00
  2.90528079e+02] 2.6232320696328393
[-3.11591564e+00 -1.78150749e-01  5.26220029e-01 -3.03699313e+00
  2.91930536e+02] 3.0873892629317945
[ -3.02539241  -0.31679593  -0.3329264   -2.90638764 291.13038983] 2.9424970334639005
[-3.00883812e+00  4.25881872e-02 -1.85047773e-01 -2.58347657e+00
  2.90748372e+02] 2.590445447412234
[-2.98422525e+00  2.63671427e-01 -2.81224492e-01 -2.96670410e+00
  2.91595186e+02] 2.991645544922626
[-2.99773976e+00 -1.06455727e-02  1.25135941e-01 -2.84561616e+00
  2.91279452e+02] 2.8483861499883574
[-2.98563567e+00 -2.09806075e-01  5.47736341e-01 -3.12584865e+00
  2.93455591e+02] 3.1804030355369894
[-2.99075008e+00  9.06454563e-02  3.12181132e-01 -2.89625516e+00
  2.92740119e+02] 2.914441218990085
[-3.01190529e+00 -1.94935548e-02 -1.50856319e-01 -2.86744545e+00
  2.91423915e+02] 2.8714771488321396
[-3.02303284e+00  7.24004881e-02 -1.33405347e-01 -3.01382031e+00
  2.91703766e+02] 3.0176400797911476
[-2.96011116e+00 -3.22204689e-01  5.48411651e-02 -2.57661985e+00
  2.89594887e+02] 2.5972665035181017
[-2.98300603e+00  2.66893750e-02 -1.45070302e-01 -2.87228426e+00
  2.91231640e+02] 2.876069292008998
[-3.01532080e+00 -2.79144325e-01  2.32370762e-01 -2.80850716e+00
  2.91946293e+02] 2.8318951631371774
[-3.02357117e+00  1.28036113e-02  1.09552058e-02 -3.10930251e+00
  2.93850591e+02] 3.109348174264855
[-3.03619458e+00 -1.87718039e-01  3.87111056e-01 -2.63104274e+00
  2.91022807e+02] 2.6659855465669002
[-2.98965015e+00 -5.77006191e-03 -1.39634165e-01 -3.09556339e+00
  2.91360026e+02] 3.098716458907242
[-3.00337390e+00 -1.60824240e-02  6.35592666e-02 -3.11174849e+00
  2.94422064e+02] 3.1124390942302704
[-2.98302727e+00  8.21225852e-02 -9.02735315e-02 -2.79608423e+00
  2.91861712e+02] 2.7987462329226602
[-3.01219260e+00  5.58336385e-02 -2.24455391e-01 -2.94962760e+00
  2.93107804e+02] 2.9586822417537375
[-3.10735866e+00 -4.08597940e-02 -7.29474602e-02 -2.79395399e+00
  2.90645720e+02] 2.79520478299421
[-3.11243734e+00  1.05634761e-01 -4.10343095e-02 -2.79634959e+00
  2.90684194e+02] 2.798644949371428
[-3.02287894e+00 -1.39522824e-01 -1.23800650e-01 -2.84954321e+00
  2.92134473e+02] 2.855641733203593
[-3.02474849e+00  1.13821414e-01 -1.41710317e-01 -2.91529741e+00
  2.90685186e+02] 2.9209580850516375
[-3.01417953e+00  6.35956679e-02  2.41050958e-01 -3.16069614e+00
  2.93160070e+02] 3.1705125821920124
[-3.02679874e+00  1.37703187e-01 -3.31806648e-01 -2.89095489e+00
  2.93381692e+02] 2.913190350123582
[-3.02565336e+00  3.12406073e-01 -1.87566519e-01 -2.84929264e+00
  2.92285506e+02] 2.872498446777032
[-2.96544418e+00  1.06833934e-01  1.81641111e-01 -2.86493603e+00
  2.91639859e+02] 2.8726756607953434
[-2.94875260e+00  9.50504486e-02  3.88438197e-01 -2.86144109e+00
  2.92270910e+02] 2.889249713627113
[-3.02270057e+00  8.10286476e-02 -2.16689448e-01 -2.84013605e+00
  2.91938939e+02] 2.849542550371426
[-3.06459625e+00  5.29835595e-02  2.70467489e-01 -2.74036637e+00
  2.89831462e+02] 2.754190941330023
[-2.99993635e+00  3.29870928e-01  1.58426624e-01 -2.90108384e+00
  2.93877725e+02] 2.924072720084268
[-2.98184045e+00 -2.25205434e-01 -1.35197854e-01 -2.66260816e+00
  2.90171313e+02] 2.6755332475212183
[-3.12887744e+00 -1.49261779e-01 -1.75828590e-01 -3.00766328e+00
  2.90919018e+02] 3.0164935205434733
[-3.00855584e+00 -6.34279844e-02 -1.88920988e-01 -2.74340820e+00
  2.92332212e+02] 2.7506368025120187
[-3.00749992e+00  9.35508860e-02 -2.63833733e-01 -3.08803662e+00
  2.92509314e+02] 3.1006983406670683
[-3.03357193e+00  3.21924075e-01 -4.50678843e-02 -3.04388789e+00
  2.93702425e+02] 3.0611957931834106
[-3.04312581e+00 -3.01633042e-02 -1.83588432e-01 -2.47036126e+00
  2.88678926e+02] 2.4773573229307058
[-2.96135187e+00 -5.76306057e-02 -1.54916268e-01 -2.79983270e+00
  2.91967829e+02] 2.804707384482337
[-2.95228316e+00 -3.31768052e-03 -2.01355204e-01 -2.78027632e+00
  2.91957029e+02] 2.7875601071980842
[-2.96752854e+00 -3.81463726e-01 -1.09071826e-01 -2.68421554e+00
  2.90173156e+02] 2.713378763380347
[-3.07916566e+00 -2.54007063e-01  1.02449880e-01 -2.55802699e+00
  2.88251129e+02] 2.5726479848348367
[-2.96748398e+00  2.78782190e-01 -9.44459406e-02 -2.77578500e+00
  2.92187382e+02] 2.7913476865675118
[-3.03229005e+00  1.91867547e-02  1.37865979e-01 -2.60290133e+00
  2.91135311e+02] 2.606620510267272
[-2.84613389e+00  2.10852610e-01 -1.88659007e-01 -2.88977319e+00
  2.92977907e+02] 2.9035909070998915
[-2.98789683e+00 -4.01487234e-02 -8.51160736e-02 -2.73304815e+00
  2.92294810e+02] 2.734667960249518
[-3.09121451e+00 -2.47703863e-01  2.56851719e-01 -2.53783818e+00
  2.89491844e+02] 2.5628017175505917
[-2.95512558e+00  2.30636492e-01 -2.49409476e-01 -2.79186218e+00
  2.91025794e+02] 2.8124531469791907
[-3.03262350e+00 -4.05682952e-01 -1.65834645e-01 -2.83992438e+00
  2.91622239e+02] 2.873543160284261
[-2.94513566e+00  1.85534796e-01  1.82191793e-01 -2.89908679e+00
  2.91890341e+02] 2.9107252047738075
[-2.96356185e+00 -9.62923039e-02 -2.09945662e-01 -2.71759476e+00
  2.91278038e+02] 2.727392647126379
[-2.94597410e+00  5.15556334e-02  2.89602036e-03 -3.14786097e+00
  2.93678904e+02] 3.148284461857249
[-2.99460406e+00 -1.23676741e-02  3.37483359e-02 -2.81618331e+00
  2.91203288e+02] 2.8164126775616394
[-3.01263408e+00  2.81098337e-01  7.27626537e-02 -3.17958153e+00
  2.93461740e+02] 3.1928121421714715
[-3.11837797e+00 -1.12318822e-01 -3.22689858e-02 -2.91554766e+00
  2.92329605e+02] 2.9178887810185943
[-3.03901191e+00  2.51244511e-01  1.95931868e-01 -3.07238070e+00
  2.94198571e+02] 3.0888567891338843
[-2.98299381e+00  1.85298536e-01 -1.59098696e-01 -3.01517695e+00
  2.92874341e+02] 3.0250520615463303
[-3.02393123e+00  2.30054900e-01  2.93609216e-01 -3.02391042e+00
  2.90465606e+02] 3.0468288229808036
[-3.05416233e+00 -1.97131980e-02  8.00245074e-02 -2.80649207e+00
  2.92637952e+02] 2.807701951832445
[-2.97956041e+00  4.50645591e-03 -3.08878086e-01 -2.89223043e+00
  2.92124164e+02] 2.9086806015882107
[-3.01969419e+00  1.42267486e-01  3.82801976e-01 -2.79431803e+00
  2.91243454e+02] 2.8240025913901383
[-3.04846017e+00  5.39347767e-02 -4.36511480e-01 -2.73696716e+00
  2.90594926e+02] 2.772082329523384
[-2.97444553e+00  3.62009344e-02  4.31167760e-01 -3.07121483e+00
  2.93267950e+02] 3.1015442410724647
[-2.96694063e+00  1.07374540e-01 -3.85775958e-01 -2.89705052e+00
  2.92331977e+02] 2.924594685101316
[-3.14775165e+00 -2.64249303e-01  2.91276246e-01 -2.65429978e+00
  2.89979806e+02] 2.6832772614523943
[-2.93746402e+00 -3.42658412e-02 -2.95446342e-01 -2.84887261e+00
  2.92074396e+02] 2.864356438958586
[-2.97480896e+00 -1.07810116e-01 -1.17015351e-01 -2.89217603e+00
  2.90818794e+02] 2.896549290825451
[-3.01878096e+00 -1.60648038e-01 -2.85830261e-01 -3.00939161e+00
  2.92204667e+02] 3.027200784713384
[-2.95441141e+00 -2.79717796e-01 -3.79282655e-01 -3.11196204e+00
  2.92260849e+02] 3.147444216510118
[-3.10236647e+00  9.41832559e-02  3.04761222e-02 -2.79355802e+00
  2.89831423e+02] 2.795311374932585
[-2.99431206e+00  1.47864391e-01 -2.57404172e-01 -2.78954353e+00
  2.90604691e+02] 2.8052939003282646
[-3.06288755e+00 -7.72304446e-02 -5.01610924e-02 -3.10212959e+00
  2.91657155e+02] 3.1034961973110806
[-3.02622219e+00 -1.20591867e-01 -9.00266646e-02 -2.80699261e+00
  2.91024052e+02] 2.811023783332195
[-2.98301362e+00  1.49177419e-01 -5.23475940e-02 -2.71294003e+00
  2.91999782e+02] 2.7175425977796523
[-3.02829114e+00 -1.20198550e-01 -2.26965605e-02 -2.96039673e+00
  2.92677438e+02] 2.962922820992423
[-2.92931111e+00  1.17432647e-01  1.98858536e-01 -2.93561559e+00
  2.91417071e+02] 2.944685723707088
[-3.01728389e+00 -4.93534323e-02  4.31359030e-01 -2.86698579e+00
  2.90024426e+02] 2.8996747871249533
[-3.10714645e+00 -3.56474219e-02 -1.31996264e-02 -3.04578523e+00
  2.90512785e+02] 3.046022426942751
[-3.03133165e+00  4.20630406e-02 -8.45183424e-02 -3.13688984e+00
  2.91396048e+02] 3.1383101410375307
[-2.95832733e+00  2.62093560e-01  4.18487702e-01 -2.95502603e+00
  2.91510997e+02] 2.9959979699518584
[-2.97207730e+00  1.68912942e-01 -2.28511648e-01 -2.53646035e+00
  2.90940627e+02] 2.5523284029003492
[-3.02468448e+00  2.76104241e-02 -2.60336959e-01 -2.82542527e+00
  2.89033840e+02] 2.837528086557559
[-3.09233874e+00 -2.31538565e-01 -3.51873524e-01 -2.93072025e+00
  2.90109733e+02] 2.960835398380672
[-3.05185498e+00 -2.86749157e-02 -7.86585076e-02 -2.72262686e+00
  2.90991786e+02] 2.7239138050510596
[-3.05027864e+00 -1.43139962e-01  1.55669446e-01 -2.82976247e+00
  2.92112045e+02] 2.8376535498128304
[-2.95973839e+00 -2.65285470e-01  2.95275798e-01 -2.87205557e+00
  2.92122859e+02] 2.899356375564339
[-3.02232302e+00 -4.65420167e-01 -1.98807319e-01 -2.70637081e+00
  2.90783130e+02] 2.7532858953811155
[-3.02554902e+00  3.70440390e-02  2.30374473e-01 -2.86000817e+00
  2.90989653e+02] 2.8695106583228474
[-2.91343143e+00  8.61356535e-02  4.05851105e-03 -2.74904141e+00
  2.91429167e+02] 2.7503935147313223
[-3.10585093e+00  1.26173619e-01 -1.90810105e-01 -2.90808392e+00
  2.89761946e+02] 2.9170670832557266
[-3.01175452e+00 -2.73214814e-01 -2.18607296e-01 -2.84369271e+00
  2.91337851e+02] 2.8651393855288303
[-2.98565120e+00  5.74541775e-02 -1.06443873e-01 -2.96464276e+00
  2.92178637e+02] 2.9671093643560145
[-2.92193828e+00 -3.38308143e-01  2.71123122e-01 -2.79912582e+00
  2.92147959e+02] 2.8325016355164356
[-3.02083893e+00  4.15620336e-01  1.02612764e-01 -2.48406099e+00
  2.89334439e+02] 2.5206801900786244
[-3.00451144e+00  1.58105807e-01  3.12085305e-01 -2.74617589e+00
  2.90869660e+02] 2.768370762019619
[-3.00922415e+00  3.03385206e-01  1.00605466e-01 -2.99321525e+00
  2.92482186e+02] 3.0102328072955626
[-2.97671666e+00 -3.19171029e-01 -9.29308059e-02 -3.01585094e+00
  2.92392518e+02] 3.034116543804949
[-2.95749368e+00 -1.14758756e-01  8.41866929e-02 -2.65930338e+00
  2.90363679e+02] 2.6631093602187197
[-3.03906255e+00 -1.29760947e-01  4.25533457e-02 -2.76892848e+00
  2.90642800e+02] 2.772293929077437
[-3.03844193e+00  9.00295051e-02 -3.66933945e-02 -2.74804565e+00
  2.91038611e+02] 2.749764828695606
[-2.97238277e+00 -1.46275930e-01  1.28454622e-01 -2.88093218e+00
  2.90679469e+02] 2.887501945186158
[-2.99993108e+00 -7.70560782e-02  7.44136750e-02 -2.59432911e+00
  2.90048674e+02] 2.5965397332433087
[-3.02641568e+00 -7.66429440e-02 -2.19906209e-01 -2.54831157e+00
  2.89823591e+02] 2.558930385873531
[-2.92035173e+00 -3.94528330e-01 -1.04450161e-01 -2.89422219e+00
  2.92182213e+02] 2.922855543804596
[-3.00985396e+00 -6.06475222e-02  2.85850680e-02 -3.17534814e+00
  2.90500097e+02] 3.176055898263505
[-2.98344002e+00 -3.98336448e-01  2.57542613e-01 -2.85191354e+00
  2.92497546e+02] 2.891091659542779
[-2.98531855e+00 -3.46884765e-01 -7.71339386e-02 -3.08024540e+00
  2.91188436e+02] 3.1006758022076006
[-3.06593382e+00  2.30313464e-01  1.00479746e-01 -2.61174843e+00
  2.88642542e+02] 2.623808362066187
[-3.01411096e+00 -3.06684859e-02 -1.98581646e-01 -2.93989962e+00
  2.91479477e+02] 2.9467583879540373
[-3.13143193e+00  1.12801806e-01  3.59824115e-01 -3.07640372e+00
  2.90309320e+02] 3.0994285746999024
[-3.01878822e+00 -2.59293402e-01 -3.19916926e-01 -2.84322541e+00
  2.90076703e+02] 2.8728923843993948
[-2.99460897e+00  4.50289419e-02 -5.41008048e-02 -3.11577368e+00
  2.92041143e+02] 3.1165686507665726
[-3.02619005e+00 -9.94239320e-02 -1.84601025e-01 -3.11303310e+00
  2.93168093e+02] 3.1200861739248458
[-3.06443839e+00  2.65295823e-01 -3.57740668e-02 -2.82164466e+00
  2.89997589e+02] 2.834314773486133
[-2.99003082e+00 -2.59820855e-01 -1.30092836e-01 -2.87608924e+00
  2.92457403e+02] 2.8907300720088207
[-3.04760503e+00 -5.39041458e-02  8.12796221e-02 -2.98683052e+00
  2.91568960e+02] 2.988422422840138
[-3.04602252e+00  1.54977666e-01  4.19509045e-02 -2.76483091e+00
  2.90824743e+02] 2.7694887416146194
[-2.92789309e+00 -6.91260232e-02 -1.57595914e-01 -2.81767352e+00
  2.92847170e+02] 2.8229238308490805
[-3.03832923e+00 -8.96692131e-02 -9.20298304e-02 -2.65550311e+00
  2.90956478e+02] 2.658609938714456
[-3.04134651e+00  8.01432680e-02 -2.05203845e-01 -3.00431242e+00
  2.91148737e+02] 3.0123785736617807
[-3.09427143e+00 -1.51112087e-02  9.88203441e-02 -2.48497044e+00
  2.90703690e+02] 2.4869804790371597
[-2.99405611e+00 -1.17568159e-01  2.01937981e-02 -2.94937055e+00
  2.92459515e+02] 2.951781957268212
[-3.03577124e+00  3.49686417e-01  2.24088919e-01 -2.95270277e+00
  2.91352767e+02] 2.981769623392993
[-3.02291475e+00  2.04371525e-01 -7.34259237e-02 -2.76660802e+00
  2.90366665e+02] 2.77511783760873
[-2.99669128e+00  2.28724488e-01  4.40064415e-01 -2.76534225e+00
  2.90394106e+02] 2.8094642468305455
[-3.05214357e+00 -3.11208884e-01 -2.64008959e-01 -2.61345970e+00
  2.90058606e+02] 2.6451319962542925
[-3.02842876e+00 -2.97657092e-01  9.31933968e-02 -3.02825636e+00
  2.92092628e+02] 3.0442768122882797
[-3.09202205e+00 -9.66990685e-02 -1.48705644e-01 -2.94587420e+00
  2.92278394e+02] 2.9512097361519993
[-3.02344400e+00 -7.96867130e-02  4.79475382e-02 -3.10374345e+00
  2.92105473e+02] 3.1051364454537853
[-2.93969491e+00  1.21769754e-02  3.77992182e-02 -2.71681882e+00
  2.92486183e+02] 2.7171090441673647
[-3.05974123e+00 -1.85425884e-02  1.83988560e-01 -3.07230299e+00
  2.91388417e+02] 3.0778630994636798
[-3.00207403e+00 -9.99300977e-02 -2.91303908e-01 -2.90432990e+00
  2.89513135e+02] 2.920612289816862
[-3.06798135e+00  1.54024490e-02 -6.46036128e-02 -2.60944169e+00
  2.89786093e+02] 2.6102867272388828
[-2.97505464e+00 -3.76965115e-01 -2.12659908e-01 -2.87197977e+00
  2.93161680e+02] 2.9044095373483167
[-3.00591498e+00 -7.43450002e-02  2.98990960e-01 -3.17861557e+00
  2.93579019e+02] 3.193512130770574
[-3.04375780e+00  7.48542623e-02 -4.23105913e-01 -2.73905242e+00
  2.90830685e+02] 2.772549351754996
[-3.04324979e+00  9.78433915e-02 -1.16242698e-01 -2.99509403e+00
  2.91573737e+02] 2.998945476591058
[-3.01395132e+00 -3.61515528e-01  1.73771292e-01 -2.66807880e+00
  2.90584718e+02] 2.698061231141974
[-3.00210998e+00  1.27095150e-01 -1.76149835e-01 -2.91372976e+00
  2.91034477e+02] 2.9218150304157504
[-3.03147097e+00 -6.89737280e-02 -1.40851704e-01 -2.91015091e+00
  2.92545548e+02] 2.9143738422154186
[-3.02907391e+00 -1.72108719e-01 -1.07599949e-02 -2.56587056e+00
  2.90593045e+02] 2.57165878524818
[-3.01346350e+00  1.12493506e-01  9.51460746e-02 -2.58825252e+00
  2.89973141e+02] 2.592442603793189
[-3.01086859e+00 -1.77811484e-02  1.68696378e-01 -2.74731101e+00
  2.91283416e+02] 2.752542901187487
[-2.95466955e+00 -2.21381197e-01 -1.08731246e-01 -2.54160953e+00
  2.91141068e+02] 2.553548726309314
[-2.97747168e+00  5.51973298e-02 -2.81869876e-01 -2.82209689e+00
  2.89925046e+02] 2.8366755612252397
[-2.92977533e+00 -1.88793800e-01 -2.44646722e-02 -2.73266147e+00
  2.91443730e+02] 2.739284634389209
[-2.91539144e+00 -9.65407002e-03  2.13675375e-01 -2.58127176e+00
  2.90866911e+02] 2.5901185794653983
[-2.99074653e+00  7.46052432e-02  8.74805126e-02 -3.13183406e+00
  2.90706672e+02] 3.1339437398597845
[-2.97755289e+00  3.44635803e-01  1.23570422e-01 -2.81538150e+00
  2.91998606e+02] 2.839087262261674
[-3.01827055e+00  1.07341016e-01  6.97024863e-02 -3.08133033e+00
  2.91391754e+02] 3.0839872138475375
[-3.01220306e+00 -9.83533539e-02 -2.37915704e-01 -2.94741415e+00
  2.90534389e+02] 2.958636075766318
[-3.00473900e+00 -2.21402018e-01 -5.48200527e-02 -2.92684400e+00
  2.93539351e+02] 2.9357179522609753
[-2.99284415e+00 -6.42013347e-02  3.58911762e-01 -2.88779191e+00
  2.90500983e+02] 2.910718399554878
[-3.00385026e+00 -7.14406169e-02  2.09478937e-01 -2.89546725e+00
  2.90617699e+02] 2.903913875885367
[-3.04234442e+00 -1.66063910e-01  2.41153029e-01 -3.10778727e+00
  2.92665114e+02] 3.121549889206893
[-3.10418305e+00 -2.38589230e-01  8.66824694e-02 -2.84857961e+00
  2.90417615e+02] 2.8598679151371913
[-2.97092318e+00 -2.21439531e-01 -2.43885180e-02 -2.66791208e+00
  2.93246330e+02] 2.677197251144947
[-3.00784903e+00 -4.26641020e-02 -2.10723767e-01 -2.95662977e+00
  2.94245756e+02] 2.9644365969801667
[-2.94017709e+00  2.82394978e-01  5.03072266e-01 -2.67278468e+00
  2.91200093e+02] 2.7343384118255876
[-2.98105824e+00  1.57964369e-01  1.65461253e-01 -2.79797601e+00
  2.91385016e+02] 2.807311867927537
[-2.99167487e+00 -9.21316586e-02 -2.04863078e-01 -2.69988401e+00
  2.90584581e+02] 2.7092122116152195
[-3.03213043e+00  2.24776378e-01  1.96975090e-01 -2.67172223e+00
  2.91164712e+02] 2.6883867474257492
[-3.01358261e+00 -1.33716300e-01 -1.92821696e-01 -2.99602302e+00
  2.93377536e+02] 3.005197858360851
[-2.98002747e+00 -1.07264969e-01 -5.10333772e-02 -2.60256470e+00
  2.90892116e+02] 2.605274112136292
[-3.01871789e+00  2.50675587e-02 -5.18068493e-02 -2.70416831e+00
  2.92293105e+02] 2.7047806857003933
[-3.05076362e+00 -6.46970164e-02  3.80814740e-01 -2.91089011e+00
  2.91218452e+02] 2.9364071253776514
[-3.02193537e+00 -1.44235777e-01 -2.42778232e-01 -3.11697582e+00
  2.92564650e+02] 3.1297417660653912
[-2.98209948e+00 -6.45667608e-02  2.31976876e-01 -2.67283842e+00
  2.90890476e+02] 2.6836630486806796
[-3.04268746e+00 -4.74562205e-01  1.35994305e-01 -2.68825806e+00
  2.91071995e+02] 2.7332096782784965
[-3.02466542e+00 -9.67543706e-02  1.69925890e-01 -2.83103126e+00
  2.89743981e+02] 2.8377762754380687
[-2.98906930e+00  2.25014152e-01 -1.65874345e-01 -2.68074028e+00
  2.90675585e+02] 2.6952762599048454
[-2.98459663e+00  2.22560474e-01  1.85998177e-01 -2.59340870e+00
  2.92264208e+02] 2.6095779641669488
[-3.09893728e+00  1.91843670e-01 -2.33293746e-01 -3.08394440e+00
  2.92714852e+02] 3.0987002199496
[-3.06399846e+00  2.02862517e-01  1.32214178e-01 -3.05292193e+00
  2.92784784e+02] 3.0625097687373417
[-2.94041214e+00  5.87035594e-02 -2.35412579e-02 -2.74274712e+00
  2.93120468e+02] 2.743476269580925
[-3.03427996e+00  4.90287555e-03  4.87269955e-02 -2.40263985e+00
  2.89876236e+02] 2.403138910790236
[-2.97348966e+00 -3.17066534e-01  1.37503924e-02 -2.98302656e+00
  2.92459483e+02] 2.999861281154663
[-3.02539145e+00  1.83903237e-02 -2.35933318e-01 -2.50676112e+00
  2.90779612e+02] 2.5179066837638033
[-2.92990600e+00  2.78608947e-01  5.20826556e-02 -2.87989064e+00
  2.92674131e+02] 2.8938047045447726
[-3.01851329e+00  1.02557980e-01  5.85341726e-02 -2.69583312e+00
  2.92216975e+02] 2.6984181633733004
[-2.96018549e+00 -3.93944006e-02  4.34652437e-02 -2.76157595e+00
  2.90324868e+02] 2.7621989175502546
[-2.99174233e+00 -1.44800140e-01 -2.54424784e-01 -2.69609189e+00
  2.91412108e+02] 2.7119385182341373
[-2.99705915e+00  6.65208678e-02  4.47634987e-02 -2.90142603e+00
  2.91821882e+02] 2.9025336847335366
[-3.03568773e+00 -1.49491063e-01 -7.21589579e-02 -2.81359465e+00
  2.93385253e+02] 2.8184870704038105
[-3.01201026e+00 -4.17035253e-02  2.47774253e-01 -2.78235118e+00
  2.91130771e+02] 2.793673090699544
[-3.03923521e+00 -4.13394847e-02  1.33698553e-01 -3.01713430e+00
  2.92136190e+02] 3.0203780630172288
[-2.97737670e+00 -3.86035931e-02 -3.05473424e-01 -2.89279613e+00
  2.90950847e+02] 2.9091362449019917
[-3.09280299e+00  2.97018714e-02  9.21603674e-02 -2.80596995e+00
  2.90036524e+02] 2.8076401328724288
[-2.97724879e+00  9.43235738e-02 -1.56218727e-01 -2.89886917e+00
  2.90660087e+02] 2.904607323890871
[-3.08928176e+00  2.52863667e-01 -1.31502063e-01 -2.56798615e+00
  2.90141430e+02] 2.5837541841307847
[-3.00598230e+00 -6.87197050e-02 -1.75070418e-01 -3.11882064e+00
  2.92253031e+02] 3.1244862344779447
[-2.96575226e+00 -1.67215482e-01  1.92779328e-02 -2.80143270e+00
  2.90982059e+02] 2.8064849599889743
[-2.98152217e+00  1.16430528e-01 -7.67804193e-02 -3.04558155e+00
  2.92768982e+02] 3.0487732463163124
[-2.96951564e+00 -2.75658320e-01 -7.88746268e-03 -3.06997569e+00
  2.92048045e+02] 3.082336854950274
[-3.01708581e+00 -1.57099837e-01 -1.39193703e-01 -2.63548431e+00
  2.90136827e+02] 2.6438291929614124
[-3.08155156e+00  2.69895434e-01 -2.88804743e-02 -2.65042442e+00
  2.91148206e+02] 2.664287376914241
[-3.00515111e+00 -1.29053732e-01 -1.32567285e-02 -3.16536706e+00
  2.91783895e+02] 3.1680245037463566
[-2.91383478e+00  2.51849976e-02  3.58278963e-02 -2.68898215e+00
  2.91650748e+02] 2.689338750379638
[-3.00091588e+00  7.15637454e-02 -2.60592954e-02 -2.87974579e+00
  2.92091117e+02] 2.8807527225628236
[-3.01721684e+00 -2.92146133e-03  1.13627448e-01 -2.64585890e+00
  2.91927179e+02] 2.6482992765144355
[-3.04017204e+00  6.10831773e-02  2.92988992e-01 -2.95863864e+00
  2.91635597e+02] 2.9737377675188417
[-2.92942483e+00 -1.28838809e-01 -8.31470924e-03 -2.94582926e+00
  2.92310775e+02] 2.9486570820673625
[-3.04486714e+00 -8.95264216e-02 -1.68452749e-01 -2.63281586e+00
  2.90140031e+02] 2.6397179123474666
[-2.98226434e+00 -2.86341463e-01 -1.78181900e-01 -2.66867963e+00
  2.91873094e+02] 2.6899054274826284
[-3.05575440e+00 -8.34911889e-03 -1.00615961e-02 -2.86411799e+00
  2.91466036e+02] 2.8641478274602914
[-2.96413028e+00 -3.26627150e-01  4.60097559e-02 -2.88339979e+00
  2.93304111e+02] 2.90220546090623
[-3.08157355e+00 -1.07599584e-01 -2.35243390e-01 -2.83176270e+00
  2.91027314e+02] 2.84355360159393
[-2.92064698e+00  1.01471576e-01 -2.23845158e-01 -2.69985243e+00
  2.91942811e+02] 2.7110157276008833
[-2.95773395e+00 -1.59240420e-01  2.35027130e-01 -2.57258046e+00
  2.90924677e+02] 2.5881973387316
[-3.00531176e+00  4.54032976e-01  2.41937755e-02 -3.14108767e+00
  2.92772645e+02] 3.173824666776684
[-3.01100418e+00 -2.02524551e-01  1.39996636e-01 -2.90801317e+00
  2.91180196e+02] 2.918416669319818
[-3.02733026e+00  1.74441436e-01  2.79892972e-01 -2.74857664e+00
  2.89177395e+02] 2.7682925094398154
[-2.99540419e+00  4.56471061e-02  5.69886600e-02 -2.99611598e+00
  2.92663197e+02] 2.9970055579042105
[-2.94714983e+00 -3.59314710e-02 -5.37957905e-01 -2.45259091e+00
  2.89528789e+02] 2.5111535142114008
[-2.98075546e+00  6.63844237e-02  3.11576799e-01 -2.61295317e+00
  2.91266826e+02] 2.632301515267264
[-3.02837490e+00 -1.05899107e-01  5.94678941e-02 -2.88445381e+00
  2.89916882e+02] 2.8870096700337853
[-2.98717696e+00 -2.42114985e-02 -1.50618280e-01 -2.53246775e+00
  2.89723691e+02] 2.5370583312309223
[-2.94694325e+00  5.44326110e-02  3.78645783e-01 -3.15501205e+00
  2.93798254e+02] 3.1781184025613314
[-3.04581602e+00 -2.06939460e-01  4.12081437e-02 -2.83806967e+00
  2.91218306e+02] 2.8459025842282695
[-2.93165058e+00 -2.13782787e-02  4.31666427e-03 -2.95363537e+00
  2.91778759e+02] 2.9537158912170476
[-3.01499942e+00 -7.83717655e-02  6.05128265e-01 -2.91287072e+00
  2.91348460e+02] 2.9760944560569627
[-2.93193247e+00  2.61805883e-01 -1.58958098e-01 -2.64602466e+00
  2.90436419e+02] 2.6636922678217383
[-3.06799767e+00 -3.98663037e-02 -2.36269548e-01 -3.18119659e+00
  2.92997367e+02] 3.1902075740918665
[-2.96655663e+00  3.26137369e-01 -2.41547981e-01 -2.80636456e+00
  2.91294674e+02] 2.8355586840393747
[-3.06352356e+00  5.92365740e-02  8.47943794e-02 -2.71285318e+00
  2.88358296e+02] 2.7148243874364444
[-3.00200055e+00  7.96700906e-02 -2.15356198e-02 -2.91702399e+00
  2.92412951e+02] 2.9181912349827224
[-2.88591673e+00 -6.03163296e-02  1.02310478e-01 -2.85363317e+00
  2.91735757e+02] 2.856103600007006
[-3.10098886e+00 -7.89430396e-02  2.31685468e-01 -2.54426063e+00
  2.90343101e+02] 2.5560071041563295
[-2.91384393e+00 -2.19143129e-01  1.06604562e-01 -2.97062256e+00
  2.92106233e+02] 2.9806017276366825
[-3.07124068e+00  1.98799894e-01  2.94794070e-01 -2.70954574e+00
  2.88828915e+02] 2.732775710559706
[-2.99044927e+00 -2.01142888e-01  9.81156358e-02 -2.81765614e+00
  2.93002656e+02] 2.8265298959296983
[-2.96109165e+00 -2.16373096e-01 -1.30014936e-01 -2.53788538e+00
  2.89842566e+02] 2.550408477165415
[-3.02562650e+00  2.34216352e-01  1.10864115e-01 -2.60477133e+00
  2.89503372e+02] 2.6176290484519886
[-2.95478443e+00 -2.91797412e-01 -7.56994594e-02 -2.70516078e+00
  2.91113413e+02] 2.7219057675347105
[-2.93955534e+00  4.29292123e-02 -1.08166153e-01 -2.93418945e+00
  2.93139744e+02] 2.9364963041672123
[-2.98404411e+00 -4.14233481e-01 -1.33647598e-02 -3.10254755e+00
  2.91941928e+02] 3.130106913855318
[-3.04167231e+00  4.85286809e-02 -4.03020361e-02 -2.86482039e+00
  2.89843813e+02] 2.8655148135643773
[-2.99244781e+00 -1.68066535e-02 -1.34730847e-01 -2.65128856e+00
  2.91578022e+02] 2.6547628734752107
[-3.01186369e+00  3.46651584e-02  1.39088569e-01 -2.61449158e+00
  2.89625886e+02] 2.6184181383119536
[-2.97430260e+00 -3.51840033e-01  1.11896584e-02 -3.07709762e+00
  2.93447001e+02] 3.0971674764075763
[-2.98555001e+00 -1.33390241e-01  1.04620255e-01 -2.80468061e+00
  2.90667502e+02] 2.809799220099399
[-2.95497471e+00  1.46899834e-01  1.45219153e-01 -3.02103352e+00
  2.90816885e+02] 3.0280871382022503
[-2.99462842e+00 -1.95476418e-02  2.70983153e-01 -2.80363496e+00
  2.93248571e+02] 2.8167681768901516
[-3.00910372e+00  5.47028069e-01  5.91178755e-02 -2.71541967e+00
  2.92704015e+02] 2.770602570119785
[-2.99594629e+00  8.55098849e-02 -3.52354327e-02 -2.70005018e+00
  2.89948494e+02] 2.701633661897318
[-2.97466134e+00  8.93916686e-03  1.74737348e-02 -2.89091877e+00
  2.91404730e+02] 2.890985394679461
[-3.02141160e+00  3.58630657e-03  9.24335035e-02 -2.44879626e+00
  2.89901311e+02] 2.4505427828247264
[-3.07637774e+00  1.66349442e-01  1.15306847e-01 -3.14679983e+00
  2.91625245e+02] 3.153302545750918
[-2.97539235e+00  2.27691712e-01 -3.15198482e-02 -2.40768741e+00
  2.90522851e+02] 2.418635085935806
[-2.95113651e+00  8.56592826e-02 -2.75660789e-02 -3.10927386e+00
  2.92476427e+02] 3.110575727392234
[-3.02034383e+00  1.91765490e-01  3.85510330e-02 -2.67275999e+00
  2.89843448e+02] 2.6799078632771347
[-3.12150287e+00 -1.46799971e-01 -9.50637974e-02 -2.84483326e+00
  2.90430881e+02] 2.850204138726585
[-2.99103760e+00 -2.35373485e-01  7.75180609e-02 -2.83659832e+00
  2.92471587e+02] 2.8474022855244674
[-3.01742571e+00 -2.55529723e-01  6.16741070e-02 -2.81220709e+00
  2.92407425e+02] 2.82446594102277
[-3.00429819e+00 -2.63525162e-01 -7.79948779e-02 -2.90671038e+00
  2.90356368e+02] 2.919673599787713
[-3.03020111e+00  4.72380555e-02 -2.92600593e-01 -2.77218484e+00
  2.89718200e+02] 2.7879840981284443
[-2.93481760e+00 -2.07922430e-01  2.19803096e-02 -2.76212659e+00
  2.91688086e+02] 2.7700285541703926
[-3.02783819e+00  1.27694894e-01 -2.17789454e-01 -2.85714678e+00
  2.91891564e+02] 2.8682792667428285
[-2.93656284e+00 -3.40837862e-01 -5.19563492e-02 -2.81156560e+00
  2.91176495e+02] 2.8326261722777843
[-2.99277578e+00 -1.90621014e-01  2.07104787e-01 -2.97021290e+00
  2.90589443e+02] 2.983520307399367
[-3.05166921e+00 -2.15472107e-01  3.54411720e-01 -2.85617583e+00
  2.89986752e+02] 2.88613517579646
[-3.09172912e+00  1.53201270e-01  1.98235197e-01 -2.93071468e+00
  2.91157027e+02] 2.9414038090720043
[-3.08520556e+00 -7.68861718e-02 -2.43127208e-01 -2.95748886e+00
  2.90428036e+02] 2.968461331928879
[-2.97514659e+00  2.68110216e-02 -1.12113455e-01 -2.82866582e+00
  2.90066985e+02] 2.831013700038686
[-2.93791508e+00 -1.36409816e-01  6.74142444e-02 -2.72501228e+00
  2.92377397e+02] 2.7292570890196357
[-2.97065850e+00  8.83642042e-02  6.89861306e-02 -3.04658331e+00
  2.91741718e+02] 3.048645134582075
[-3.12329745e+00  1.89802304e-01 -2.52701369e-01 -3.06591964e+00
  2.91284541e+02] 3.0821658224661266
[-3.03117403e+00  2.14318890e-01 -2.43975984e-02 -3.05050601e+00
  2.92912054e+02] 3.058122746355499
[-3.01267477e+00  7.69280552e-02  2.40180822e-02 -2.97281962e+00
  2.91071757e+02] 2.9739117863246367
[-3.01715102e+00  2.80033228e-02 -1.37711639e-01 -3.39453309e+00
  2.92566624e+02] 3.397440741290596
[-3.01474434e+00  1.55664823e-01 -2.24558463e-02 -2.63783482e+00
  2.90285674e+02] 2.642519312774254
[-2.99650202e+00 -2.74553766e-02  9.60686278e-02 -2.80244167e+00
  2.91564958e+02] 2.8042222212676537
[-3.08974453e+00 -3.43555144e-01 -7.83172407e-02 -2.67256972e+00
  2.89684036e+02] 2.695698911033338
[-3.02348479e+00  2.44914432e-01 -2.85399367e-02 -3.02180786e+00
  2.92007587e+02] 3.0318509747242075
[-2.94347942e+00  2.06526787e-01 -1.15866292e-01 -3.12691794e+00
  2.94200670e+02] 3.135872141347604
[-2.96158282e+00 -6.84504761e-02 -3.32891752e-02 -2.81159698e+00
  2.91518794e+02] 2.8126271009186086
[-2.97636650e+00 -5.33950914e-02 -1.43019100e-01 -2.94553623e+00
  2.92584398e+02] 2.9494896505325308
[-2.99641040e+00 -5.99146603e-02  1.77478309e-01 -2.79419724e+00
  2.92486072e+02] 2.8004689829811205
[-2.96283785e+00 -1.70891178e-02  1.05901803e-01 -3.00306336e+00
  2.92229107e+02] 3.004978665190357
[-3.03746848e+00 -7.04475472e-02 -2.33401768e-01 -2.78810006e+00
  2.89954132e+02] 2.7987392123145822
[-3.04687929e+00  1.80966509e-01  4.45249686e-02 -2.95776666e+00
  2.90516543e+02] 2.9636320527799844
[-3.00554475e+00  6.14922409e-02  1.51977488e-02 -2.88495783e+00
  2.91470271e+02] 2.885653124548186
[-2.97832081e+00  4.33390178e-02  1.33618362e-01 -2.53410408e+00
  2.88976495e+02] 2.537994413218372
[-3.13390826e+00  6.85276429e-02 -8.51109424e-02 -2.64884608e+00
  2.89775842e+02] 2.6510989193044385
[-3.00982116e+00 -5.38863242e-02  2.30472112e-01 -2.86736253e+00
  2.89734086e+02] 2.8771147020691186
[-2.99296613e+00  1.27603606e-01 -2.58080292e-02 -2.91172209e+00
  2.93053325e+02] 2.914631066864486
[-3.00855553e+00  1.51046636e-01  2.19713959e-01 -3.19412236e+00
  2.92471735e+02] 3.2052311901107045
[-3.00807817e+00  5.47016789e-01 -9.56905359e-02 -2.75959325e+00
  2.91947571e+02] 2.814913668044547
[-3.12848714e+00 -1.76610381e-01 -2.17805166e-01 -2.81470537e+00
  2.88430797e+02] 2.828638658443923
[-2.98930808e+00 -2.19805150e-01  1.87649207e-02 -2.60937143e+00
  2.89142577e+02] 2.6186801451841606
[-2.95858215e+00 -1.19889058e-01  1.34838765e-01 -2.44217399e+00
  2.90628782e+02] 2.448830063182764
[-3.00165854e+00 -2.46095308e-01  2.66803526e-02 -2.81683798e+00
  2.90925597e+02] 2.8276935696041168
[-3.00952461e+00  5.36999158e-02 -1.63644569e-01 -2.61087474e+00
  2.90723552e+02] 2.616549284551176
[-3.02277756e+00 -5.19709853e-02 -1.87257841e-01 -3.07754816e+00
  2.90495905e+02] 3.083677865990783
[-3.02694921e+00  2.52418036e-01  2.23444088e-01 -2.64571792e+00
  2.91582427e+02] 2.6671080706889074
[-2.96189405e+00 -4.11113454e-01  4.46689946e-02 -3.01669225e+00
  2.92444605e+02] 3.0449042175375296
[-3.05923080e+00  4.01972527e-02 -1.83953051e-01 -2.44679962e+00
  2.90352658e+02] 2.454034011678724
[-3.03243063e+00 -4.60563375e-02  1.28063039e-01 -2.60782659e+00
  2.90948657e+02] 2.6113752761377897
[-2.99279579e+00 -1.38133322e-02 -4.52720924e-01 -2.87308999e+00
  2.91831080e+02] 2.9085723527547365
[-3.03559897e+00  1.15165721e-01  1.62299539e-02 -3.12528161e+00
  2.92471106e+02] 3.1274449164420703
[-3.00497185e+00  4.53908360e-02  1.35897513e-01 -2.69748635e+00
  2.90775408e+02] 2.7012887752923795
[-3.06077702e+00 -2.75980319e-01  2.20592674e-02 -2.77513537e+00
  2.91068229e+02] 2.7889116299784513
[-3.06066075e+00 -1.57362960e-01 -1.36648252e-01 -2.86189337e+00
  2.88729581e+02] 2.869471987669743
[-2.95960280e+00  8.55417511e-02 -1.10997031e-01 -2.81525714e+00
  2.91922749e+02] 2.818742715545541
[-2.95237415e+00 -9.93247060e-02  2.38079586e-01 -2.77904882e+00
  2.92297989e+02] 2.790996176278874
[-2.97229584e+00 -1.88190477e-01  7.87118052e-02 -2.87742333e+00
  2.90565419e+02] 2.8846448997916254
[-2.97926436e+00  1.19451932e-02  4.03477166e-01 -3.01945901e+00
  2.92002990e+02] 3.046320601928207
[-2.99771488e+00 -1.02080038e-02 -3.45573455e-01 -3.05385214e+00
  2.92959871e+02] 3.073359418994951
[-3.00612850e+00 -2.65373904e-01  1.87775624e-01 -2.64052529e+00
  2.90225456e+02] 2.6604617596483275
[-3.03938093e+00  1.29767297e-01 -9.26495476e-02 -2.77931237e+00
  2.90408957e+02] 2.7838823168830094
[-2.97763485e+00 -2.57587056e-01 -7.24442184e-02 -2.82930969e+00
  2.93247212e+02] 2.8419346568630917
[-3.03435502e+00 -2.54467778e-01  1.12366977e-01 -2.58096369e+00
  2.90428110e+02] 2.595910966408318
[-3.06861100e+00  1.34376655e-01  2.55145634e-01 -2.42528952e+00
  2.90056273e+02] 2.4423729483060272
[-3.01625835e+00 -1.77885507e-01 -2.76908676e-01 -2.92398622e+00
  2.91730521e+02] 2.9424508588498797
[-3.05306533e+00 -1.37889157e-01 -1.28375708e-01 -3.23388710e+00
  2.93276368e+02] 3.2393702327950824
[-3.00512102e+00 -1.59736936e-01  4.62647919e-02 -2.70296561e+00
  2.91649051e+02] 2.7080766951749426
[-3.01169320e+00 -1.69059794e-01  5.25530677e-02 -2.85785975e+00
  2.92755463e+02] 2.8633381543333005
[-3.00620351e+00  2.57528200e-01 -3.31211560e-01 -3.10304663e+00
  2.93530059e+02] 3.131280927327587
[-2.96953077e+00 -6.65027261e-02 -2.46796703e-02 -3.21867745e+00
  2.94829070e+02] 3.219458994224458
[-2.98789875e+00  8.84967131e-02  1.29395805e-01 -2.81019904e+00
  2.91879684e+02] 2.8145681010757975
[-3.08460432e+00 -2.47127869e-01 -3.75436520e-02 -2.38123344e+00
  2.90332910e+02] 2.3943171102334926
[-2.94401132e+00  1.15749941e-01 -1.23524676e-01 -3.21385010e+00
  2.93702059e+02] 3.2183052733581787
[-3.12694314e+00 -3.75209875e-02  1.19498278e-02 -2.67845253e+00
  2.89478309e+02] 2.6787419798594594
[-3.03071985e+00 -9.19522998e-02  9.92867501e-02 -3.11707587e+00
  2.92212413e+02] 3.120012028075446
[-3.06501668e+00  1.81484246e-01 -2.70611683e-01 -2.83582982e+00
  2.90484795e+02] 2.854487338069035
[-3.14692188e+00 -2.20252690e-01  1.50537418e-01 -2.83054982e+00
  2.89405081e+02] 2.843094277063076
[-2.99500124e+00  3.02810205e-01 -1.95419723e-02 -2.64914541e+00
  2.90236948e+02] 2.666467194510655
[-2.98006929e+00 -1.93336648e-02 -1.08829240e-01 -2.60393687e+00
  2.90607292e+02] 2.6062817976617154
[-3.06936229e+00 -3.51163812e-01  2.24223203e-01 -2.62995543e+00
  2.92442261e+02] 2.662753771343072
[-3.13243163e+00 -4.28990652e-01  2.28954823e-01 -2.83571704e+00
  2.89901993e+02] 2.877106952740402
[-2.96040827e+00  2.08700200e-02 -3.29806565e-01 -3.11744100e+00
  2.94178592e+02] 3.134907705581538
[-3.00316884e+00  1.05343524e-02  4.73733697e-05 -2.54604144e+00
  2.91789310e+02] 2.5460632345710477
[-2.99068926e+00 -1.47095654e-01  3.02129393e-01 -2.81481288e+00
  2.89354954e+02] 2.834799969618766
[-2.99844024e+00 -2.05033767e-01 -3.37515690e-01 -3.07186222e+00
  2.93300788e+02] 3.0971427412762096
[-3.07140653e+00 -1.24842658e-01  7.70002014e-02 -2.82237184e+00
  2.90601809e+02] 2.8261807354426525
[-3.03959040e+00  1.49229059e-01  2.40997034e-01 -3.01834693e+00
  2.91043294e+02] 3.031627795963472
[-2.97175283e+00  1.28951022e-01 -1.33686663e-01 -2.78192123e+00
  2.92266364e+02] 2.788115172714001
[-3.09559743e+00  8.52959248e-04  3.20504569e-01 -2.71035363e+00
  2.89931673e+02] 2.729238117482657
[-2.99626382e+00 -9.04168985e-02 -1.53589372e-01 -2.70792662e+00
  2.91906778e+02] 2.7137854506895587
[-2.99193184e+00 -1.25437601e-01 -1.05968248e-01 -3.23600664e+00
  2.92674213e+02] 3.240170190374786
