/mnt/stage/douwei/Simulation/5kt_root/2MeV/5kt_+5.80_1.root
[-3.04648216e+00  1.95364091e-01 -3.83048323e-02  5.60697393e+00
  3.06311030e+02] 5.610507195561773
[-3.12341606e+00  2.87630734e-01  1.24840582e-01  5.73431134e+00
  3.03226877e+02] 5.742877601033052
[-3.08333218e+00  1.92501745e-01 -9.61153316e-02  6.13217329e+00
  3.09412656e+02] 6.13594689597253
[-3.04490043e+00 -2.45806659e-01  1.58687165e-01  5.81656260e+00
  3.09763697e+02] 5.823916463946561
[-3.08460098e+00  7.53546840e-03 -7.11387359e-02  6.02500659e+00
  3.09241477e+02] 6.025431268270888
[-3.14069077e+00  6.46377256e-02 -3.66002448e-01  5.93809441e+00
  3.08770693e+02] 5.949714368850816
[-3.14669022e+00  2.87459537e-01  7.43268495e-02  5.78431800e+00
  3.07500659e+02] 5.7919333759416425
[-3.07209181e+00  5.40130638e-02 -3.61684781e-01  5.74586192e+00
  3.08066633e+02] 5.757487513385641
[-3.03964295e+00  4.08032316e-01 -1.11719111e-01  5.65398821e+00
  3.06917542e+02] 5.669793135305693
[-3.15564433e+00  3.23065022e-03  1.78966133e-01  6.11066594e+00
  3.09561478e+02] 6.113286966730821
[-3.04534769e+00 -1.55289494e-01 -2.20769245e-01  5.82519165e+00
  3.07887379e+02] 5.831441645272426
[-3.12455270e+00  3.87777202e-01 -1.26004549e-01  6.03057712e+00
  3.07312097e+02] 6.044345181191578
[-3.06875183e+00  1.58614339e-01 -5.54117407e-02  5.73444997e+00
  3.04553617e+02] 5.736910788367308
[-2.99857666e+00 -2.78867949e-01 -6.66598228e-02  5.81412897e+00
  3.08182207e+02] 5.821194602158505
[-2.98988762e+00  1.46420506e-01  5.70352589e-02  5.47417275e+00
  3.05629993e+02] 5.476427601310013
[ -3.00603719   0.39549045   0.38083363   5.75592219 308.32118592] 5.782048708079574
[-3.12280811e+00  2.33758797e-01 -3.15990463e-02  6.01296108e+00
  3.06989658e+02] 6.017586107998859
[-3.10381996e+00 -2.95981949e-01 -1.41330315e-01  5.55380766e+00
  3.06278981e+02] 5.563484436600575
[-3.04090023e+00  8.77070786e-02 -1.86497117e-01  5.61772906e+00
  3.06138805e+02] 5.621508111538907
[-3.06767835e+00  1.50854788e-01  9.83624050e-02  5.50062069e+00
  3.05091984e+02] 5.503567957199347
[-3.07697607e+00 -2.80281620e-01  2.50239494e-02  5.82988769e+00
  3.07892980e+02] 5.836674945907972
[-2.99843929e+00  4.74170185e-02 -2.06986567e-01  5.44791767e+00
  3.03731786e+02] 5.452054544670679
[-3.11111968e+00  9.94608779e-02 -4.37793037e-02  5.75853610e+00
  3.05909544e+02] 5.759561365421023
[-3.07336504e+00 -3.36810858e-01  1.66001855e-01  5.83478381e+00
  3.06222871e+02] 5.846853875826266
[-3.06837911e+00  4.64660090e-02 -1.73901671e-01  5.93243760e+00
  3.06392502e+02] 5.935167799878859
[-3.13827530e+00  1.39013600e-02  3.84316275e-01  6.00512547e+00
  3.09631159e+02] 6.0174267060761215
[-3.03923746e+00  5.12243630e-02  5.44926638e-02  5.86422927e+00
  3.06341917e+02] 5.864706153055926
[-3.05139924e+00 -2.45277053e-02 -4.06462256e-01  5.71301185e+00
  3.09327159e+02] 5.727505349817572
[-3.04481796e+00  7.12485985e-02  1.38992507e-02  5.92116906e+00
  3.06874537e+02] 5.9216140181668715
[-3.01927806e+00 -1.59964389e-01  4.56947626e-02  5.76816379e+00
  3.08858563e+02] 5.770562379674124
[-3.11639391e+00 -3.40756430e-02  1.51817464e-01  6.15203105e+00
  3.08479000e+02] 6.153998350839608
[-3.11859613e+00  1.48654479e-01  7.20985108e-02  5.66061015e+00
  3.05628403e+02] 5.66302071194459
[-3.00566501e+00  3.08874641e-02 -4.08079138e-01  6.01356773e+00
  3.10578961e+02] 6.027477042028733
[-3.17117477e+00  4.18915324e-01  7.24126440e-02  6.09280612e+00
  3.08936688e+02] 6.107619835748226
[-3.05498363e+00 -1.60316820e-02 -2.67596251e-01  5.64166644e+00
  3.05554217e+02] 5.648031953943144
[-3.04631305e+00 -2.31998936e-02  4.10785443e-02  5.71169990e+00
  3.06720922e+02] 5.71189473685796
[-3.09117892e+00 -2.59578323e-02  1.38119532e-01  5.82315800e+00
  3.07998970e+02] 5.824853640872861
[-3.04551428e+00  1.25939896e-01 -3.81623686e-02  6.24364033e+00
  3.10273141e+02] 6.245026966384978
[-3.11635702e+00 -1.20258938e-01  1.98563529e-02  5.66175738e+00
  3.04417469e+02] 5.663069232518426
[-2.99047929e+00 -5.81074560e-02  8.72140780e-02  5.94021013e+00
  3.09061017e+02] 5.941134497007772
[-3.09550880e+00 -6.76825144e-03 -4.44850110e-02  5.53447967e+00
  3.05339833e+02] 5.534662583450615
[-3.05086893e+00  1.11386246e-01  2.04461159e-01  5.88260931e+00
  3.08545338e+02] 5.887215266033462
[-3.00360190e+00 -2.60341972e-01  1.93749126e-01  5.86180965e+00
  3.09252018e+02] 5.870786069362072
[-3.03268148e+00  1.19480276e-02 -4.27617762e-02  5.85730037e+00
  3.07842275e+02] 5.8574686469726505
[-3.05758267e+00 -1.20836052e-02 -1.22990764e-01  5.79360533e+00
  3.03975993e+02] 5.794923252409781
[-3.00943337e+00 -4.46261621e-02 -1.83565266e-01  5.96073935e+00
  3.08930792e+02] 5.96373215908563
[-3.05159899e+00  4.32540025e-02 -1.89490376e-01  6.08886050e+00
  3.08175376e+02] 6.0919618960814725
[-3.13060989e+00  2.74168388e-01  1.18626229e-01  6.02888053e+00
  3.08715354e+02] 6.036277080194232
[-3.06098519e+00 -3.60814238e-01 -5.20037391e-02  6.03602714e+00
  3.08388296e+02] 6.047025295762876
[-3.08007750e+00 -5.31328215e-02 -1.91315563e-01  5.60182652e+00
  3.05195363e+02] 5.605344335410791
[-3.11073942e+00 -1.20440142e-02  7.24790644e-02  5.96455262e+00
  3.08826317e+02] 5.9650051353973925
[-3.02349737e+00 -2.28283400e-01 -3.96386153e-01  5.44560337e+00
  3.05345768e+02] 5.464780994639312
[-3.04463316e+00  2.53400042e-01 -3.14720909e-02  5.67826154e+00
  3.05035219e+02] 5.684000018696724
[-3.13382108e+00  2.93656017e-01  1.90589492e-01  6.00713708e+00
  3.07812582e+02] 6.017329488011498
[-3.03874904e+00 -6.93310532e-02 -2.83739041e-01  5.71586155e+00
  3.05677326e+02] 5.7233196601166485
[-3.09236292e+00  2.01506193e-01 -1.23260450e-02  5.77041275e+00
  3.06456530e+02] 5.773943192792562
[-3.12590985e+00 -9.60572421e-02 -2.41452138e-01  6.09423218e+00
  3.05885743e+02] 6.099769831061064
[-3.11474268e+00 -1.24914572e-01  3.90310566e-01  5.94529493e+00
  3.08046847e+02] 5.959402467051502
[-2.99106430e+00 -6.80721980e-02 -2.09948014e-01  5.75828055e+00
  3.06615354e+02] 5.762508727415352
[-3.10191445e+00  1.44895197e-01 -2.37608869e-01  5.92073099e+00
  3.08394132e+02] 5.9272681805914
[-3.15842369e+00 -2.85203768e-02  1.03950045e-02  6.22412142e+00
  3.08249451e+02] 6.224195440135142
[-2.95455783e+00 -1.63088434e-01  8.64260694e-02  5.91014433e+00
  3.10062950e+02] 5.913025727636084
[-3.02378673e+00 -5.89686724e-02 -2.24110327e-01  5.80658064e+00
  3.07228086e+02] 5.811203104890035
[-3.06217549e+00 -2.59480316e-01 -1.21186525e-02  5.86334766e+00
  3.06558593e+02] 5.869098971405112
[-3.11008719e+00 -2.67974242e-01  1.47450938e-01  5.62388060e+00
  3.02767009e+02] 5.6321918433333735
[-3.12063198e+00  7.91870278e-02 -5.81093070e-02  5.94791108e+00
  3.07627537e+02] 5.948722008953806
[-2.97678308e+00 -3.25913462e-01 -8.45830248e-02  5.95723100e+00
  3.09272018e+02] 5.966739063648196
[-3.05795614e+00  1.80236486e-02  3.13970092e-01  5.95881420e+00
  3.08195627e+02] 5.967107235871777
[-2.99261460e+00 -7.54180247e-02  1.43075811e-01  6.12217354e+00
  3.11059604e+02] 6.124309542260378
[-3.16088655e+00 -1.25883881e-01  1.68953722e-01  6.15553986e+00
  3.08724654e+02] 6.159144670198138
[-3.08468241e+00 -2.13716845e-02  2.77663059e-01  5.78228285e+00
  3.07039343e+02] 5.788985102726106
[-3.06610114e+00 -2.18635367e-01  4.11701698e-02  5.79319870e+00
  3.06385118e+02] 5.797469067439774
[-3.04392595e+00  2.50078394e-01 -1.46357757e-01  5.83442262e+00
  3.06894786e+02] 5.841613396651747
[-3.03761568e+00  2.42412171e-01 -2.53048356e-01  5.95809563e+00
  3.07049394e+02] 5.968391794877097
[-3.06394904e+00  2.64653886e-01 -9.02203064e-02  5.98995057e+00
  3.08123700e+02] 5.996473060527689
[-3.05593995e+00 -9.13352994e-02 -2.59043549e-02  5.96713524e+00
  3.08131396e+02] 5.967890427850852
[-3.04294502e+00 -5.26639437e-02  1.71817288e-01  6.01767169e+00
  3.08165885e+02] 6.020354407741487
[-3.13183678e+00  2.12499909e-01 -4.07783421e-01  6.17337198e+00
  3.10301712e+02] 6.190473744484246
[-3.14159847e+00  2.47074529e-01 -1.64027429e-01  6.06203285e+00
  3.05682106e+02] 6.069282748142791
[-3.01785828e+00  1.52296370e-01  2.38373382e-01  5.80578133e+00
  3.07468675e+02] 5.812668308690531
[-3.12515070e+00  1.00350661e-01  2.22555472e-01  6.01481355e+00
  3.08388756e+02] 6.0197660399034865
[-2.97513794e+00  1.48590369e-01  2.31399055e-01  5.74925099e+00
  3.10089990e+02] 5.755824141555923
[-2.98421101e+00 -1.48773213e-02  1.37792918e-03  5.68140486e+00
  3.06375391e+02] 5.681424508731833
[-2.95277951e+00 -2.02867748e-01 -4.04908211e-01  5.92665175e+00
  3.09505241e+02] 5.943930257745172
[-2.97116904e+00 -1.75082906e-01  1.82363316e-01  5.90210139e+00
  3.11036035e+02] 5.907513118222241
[-3.07594640e+00 -2.73108657e-01 -2.73477602e-01  5.80758516e+00
  3.08163016e+02] 5.820431574263635
[-3.11254458e+00 -6.34260049e-02  6.37127104e-02  6.02692279e+00
  3.07277579e+02] 6.027593253890816
[-3.14877446e+00  1.94906097e-01 -4.55662276e-04  6.03858042e+00
  3.08504264e+02] 6.041725095976462
[-3.09518905e+00 -4.07691645e-01 -1.51007296e-01  6.23702118e+00
  3.10428252e+02] 6.252155542206716
[-3.06125527e+00 -2.72842848e-01 -2.52960552e-01  5.80866882e+00
  3.05763253e+02] 5.820572628093412
[-3.13612415e+00  8.82104665e-02  3.26208934e-01  5.83101618e+00
  3.07818168e+02] 5.840799863539465
[-3.02397084e+00  1.94677206e-01  2.89727850e-01  5.90087533e+00
  3.07736641e+02] 5.911190329474033
[-3.06246699e+00  2.41406296e-01 -1.05240268e-01  5.90135808e+00
  3.07588208e+02] 5.907231138655885
[-3.12363235e+00  2.47198659e-02  2.61607136e-02  5.89095245e+00
  3.08895540e+02] 5.891062403437726
[-3.10601208e+00 -1.12189663e-02 -2.36933545e-01  5.98832123e+00
  3.06076549e+02] 5.993017148480961
[-3.10938865e+00  2.25791199e-01  7.12545803e-02  6.04120981e+00
  3.08532850e+02] 6.045847740928226
[-3.03163877e+00 -1.91705743e-03 -1.77720554e-01  5.99833053e+00
  3.08942845e+02] 6.000963039633473
[-2.98580363e+00  3.20966194e-02 -4.29421869e-02  5.86613358e+00
  3.07269126e+02] 5.866378558235265
[-3.01012119e+00  3.01433876e-01  4.69953239e-02  6.05867127e+00
  3.08042496e+02] 6.0663472170932105
[-3.04753978e+00  2.92038734e-01  2.33022083e-01  5.78796824e+00
  3.07139399e+02] 5.800013983603429
[-3.04338306e+00  5.45400269e-02  7.12233779e-02  5.55715993e+00
  3.05299109e+02] 5.557883939304059
[-3.09680881e+00 -6.05047076e-02  1.05708291e-01  6.39953755e+00
  3.10991112e+02] 6.400696517270462
[-3.09597614e+00 -6.04327701e-03  4.69972570e-02  5.38862730e+00
  3.04059743e+02] 5.388835624811556
[-3.02710801e+00  3.56815645e-01 -2.11182539e-01  5.68475520e+00
  3.06704222e+02] 5.699855885033019
[-3.08496515e+00  4.94748228e-02  1.73744641e-01  5.82554378e+00
  3.05076801e+02] 5.828344125796464
[-3.04102971e+00  3.13491320e-01  1.24591212e-01  5.85105135e+00
  3.09061559e+02] 5.86076800988178
[-3.07850775e+00 -2.04357596e-01  9.71798075e-02  5.75347810e+00
  3.05657364e+02] 5.757926374463815
[-3.13279484e+00  2.29823064e-01 -7.16508059e-02  5.96133558e+00
  3.07036737e+02] 5.966194300701086
[-3.09268573e+00 -6.42231095e-02  5.40572753e-02  6.08493137e+00
  3.09738539e+02] 6.085510381081038
[-3.05282423e+00  1.21110930e-01 -1.28182476e-01  5.71397561e+00
  3.08626788e+02] 5.716696238325074
[-3.04846931e+00  3.12359063e-01  4.00079050e-02  5.97084822e+00
  3.08506295e+02] 5.979146864251376
[-3.08157347e+00 -1.14884117e-01  5.30416416e-02  5.97663309e+00
  3.06609725e+02] 5.977972468758921
[-3.06274614e+00 -2.51214292e-01 -9.82359254e-02  5.90563255e+00
  3.06942800e+02] 5.911789469143123
[-3.07658405e+00  9.86856855e-02 -4.59754059e-02  6.12743569e+00
  3.09096254e+02] 6.128402788864481
[-3.06533438e+00  5.29406244e-01  1.26837226e-01  5.68937198e+00
  3.05033611e+02] 5.7153575727509365
[-3.07436362e+00  2.02974522e-01  2.65595814e-01  5.60747706e+00
  3.05425605e+02] 5.617431686731196
[-3.08734338e+00 -1.03451063e-02  2.17552621e-01  5.89728514e+00
  3.07789130e+02] 5.9013056341008925
[-3.06193467e+00  1.63062634e-01 -2.05341990e-01  5.95905393e+00
  3.09853256e+02] 5.964820077060188
[-3.03158263e+00  7.76473855e-02 -5.26582146e-02  5.63723628e+00
  3.08080734e+02] 5.638016932805576
[-3.20814999e+00 -1.20628722e-01  6.11690157e-02  5.75768726e+00
  3.06336682e+02] 5.759275609768837
[-3.05505164e+00  3.03382735e-02  1.81772104e-01  5.71600898e+00
  3.06006479e+02] 5.718978940297591
[-3.07402085e+00  2.72281455e-01  7.35594098e-02  6.11446802e+00
  3.09276791e+02] 6.1209694730767055
[-3.10562026e+00 -4.68486704e-01 -1.00522763e-01  5.93316467e+00
  3.10211255e+02] 5.952480792265834
[-3.12607929e+00  2.21123797e-01 -2.41424730e-01  5.88566721e+00
  3.06482979e+02] 5.894765491064869
[-3.08246752e+00 -2.08758433e-01 -4.60137458e-04  5.64174077e+00
  3.04781120e+02] 5.645601758566644
[-3.07282683e+00  1.10589497e-01  1.80810984e-02  6.22770199e+00
  3.10349580e+02] 6.228710066873106
[-3.12899563e+00 -1.81547044e-02  1.80049352e-01  6.11095568e+00
  3.09553963e+02] 6.113634487632034
[-3.08187894e+00  2.72545324e-01  5.01352043e-02  5.77154646e+00
  3.06390141e+02] 5.778195482196486
[-3.07169791e+00 -1.41086558e-01 -3.61366427e-02  5.95289323e+00
  3.07136959e+02] 5.954674557041492
[-3.11739526e+00 -1.30435158e-01 -3.31028967e-01  5.92132302e+00
  3.06803552e+02] 5.932003014721005
[-3.10234222e+00  9.61887356e-02  5.63634800e-02  5.57521570e+00
  3.03104114e+02] 5.576330265131539
[-3.03401230e+00  1.91766103e-01 -5.83972936e-02  5.84271316e+00
  3.09256013e+02] 5.846151003968279
[-3.11453115e+00 -5.21691712e-01 -7.63349771e-02  5.89813729e+00
  3.05356411e+02] 5.9216562530703865
[-2.98220271e+00 -1.34554267e-01 -2.00266369e-01  5.80302116e+00
  3.07158850e+02] 5.808034613566505
[-3.12622724e+00 -1.02009339e-01  7.98639824e-02  6.20333580e+00
  3.08877560e+02] 6.204688481420301
[-3.10358879e+00 -4.77212597e-01 -3.08658504e-02  5.76020956e+00
  3.07497362e+02] 5.780025837727343
[-3.06930996e+00 -1.68754157e-01  1.85542623e-01  5.84391391e+00
  3.07593367e+02] 5.849293442387177
[-3.04333977e+00 -1.45030606e-01 -3.24545108e-01  5.85429095e+00
  3.06907097e+02] 5.86507339494238
[-3.07073232e+00  1.31280069e-01  4.69478420e-03  5.69807559e+00
  3.06904522e+02] 5.699589623315993
[-3.10648356e+00 -1.15577286e-01  1.78992643e-01  6.13027896e+00
  3.08824191e+02] 6.133980490802235
[-3.00160142e+00 -2.01251043e-01  4.79919129e-02  5.77086123e+00
  3.08213520e+02] 5.774568775927285
[-2.94601023e+00  2.50544318e-01  5.18014510e-02  5.79970953e+00
  3.08060481e+02] 5.805349819889317
[-3.13519447e+00 -4.53114496e-02 -1.24112655e-01  5.75082119e+00
  3.07957688e+02] 5.752338784664496
[-3.09826096e+00  3.30642629e-01  4.14089226e-02  5.49590566e+00
  3.05557219e+02] 5.5059983856503525
[-3.04980852e+00 -2.38970618e-01 -2.04627815e-01  5.79492734e+00
  3.08704854e+02] 5.803461243283674
[-3.01451257e+00  4.27366714e-02  3.22423039e-02  5.69152150e+00
  3.05357951e+02] 5.691773270459957
[-3.04952890e+00 -3.30502421e-02  1.76736216e-01  5.89594359e+00
  3.09532097e+02] 5.898684501010761
[-3.04141977e+00 -1.06305356e-01 -1.52184813e-02  5.76652754e+00
  3.06691944e+02] 5.767527400656394
[-3.07577623e+00  6.13353236e-02  2.92295604e-01  5.66924925e+00
  3.05941678e+02] 5.677110687916016
[-2.99600033e+00  2.81780949e-01 -1.39344066e-01  5.77055812e+00
  3.08525174e+02] 5.7791139726018335
[-3.19349668e+00 -2.68094404e-01 -5.92762700e-02  5.50552981e+00
  3.01479959e+02] 5.512372158787088
[-3.13617991e+00 -6.52290720e-02 -1.52315505e-02  6.05361144e+00
  3.07294389e+02] 6.053982017012186
[-3.16145416e+00 -2.80775709e-01  1.93717605e-01  6.08886013e+00
  3.08958474e+02] 6.0984079227527825
[-3.04723543e+00 -3.63305672e-02  1.15143717e-02  5.25471490e+00
  3.02678684e+02] 5.254853109824924
[-3.12896398e+00  3.03866843e-02 -1.22204267e-01  5.83240765e+00
  3.04583178e+02] 5.833766898810729
[-3.09245062e+00 -7.56282455e-03 -3.08106611e-01  5.83726858e+00
  3.09396720e+02] 5.845399158511328
[-3.09587683e+00  2.82010021e-01 -1.45019167e-01  6.02763594e+00
  3.09846294e+02] 6.035971775972069
[-3.12416144e+00 -3.23430601e-02 -2.79885266e-02  5.68118410e+00
  3.05332446e+02] 5.681345108543611
[-3.02671057e+00 -2.00851674e-01 -2.25526159e-01  5.81841819e+00
  3.07386676e+02] 5.826250393109927
[-3.08087869e+00  2.12315468e-02 -1.71117761e-01  5.75917374e+00
  3.05288755e+02] 5.761754438098294
[-3.04076300e+00  9.27937453e-02  1.19520829e-01  5.91981108e+00
  3.07284899e+02] 5.92174460011731
[-3.22746424e+00 -2.59726662e-01 -7.22796753e-02  5.98524339e+00
  3.07083781e+02] 5.991312101138642
[-3.06663853e+00  4.18851712e-02  1.56325445e-01  6.13259601e+00
  3.08449800e+02] 6.134731118213686
[-2.99536315e+00 -2.15861100e-01  1.52063349e-01  5.63188270e+00
  3.06254001e+02] 5.638069002006712
[-3.15651788e+00 -1.27299283e-01 -2.42842765e-02  5.91236654e+00
  3.08149922e+02] 5.913786678733201
[-3.19230817e+00  1.83083861e-01 -2.31117119e-01  6.10535463e+00
  3.07711153e+02] 6.112470043141367
[-3.06022256e+00 -4.57846205e-01 -9.13193324e-02  5.68119853e+00
  3.05313056e+02] 5.7003490292702965
[-3.01127230e+00 -1.44132794e-01  1.45041505e-01  5.92694014e+00
  3.09799532e+02] 5.930466310976942
[-2.97323723e+00 -5.82443509e-02 -1.10423528e-01  5.84840278e+00
  3.08037754e+02] 5.849735106957955
[-3.04796340e+00 -6.76811141e-02 -1.41389077e-01  5.56261590e+00
  3.03924705e+02] 5.564824104180583
[-3.03324319e+00 -1.27248370e-01  2.09206819e-01  5.76215928e+00
  3.07681209e+02] 5.767359814880388
[-3.07923624e+00 -1.62428269e-01  3.97748816e-03  5.55194843e+00
  3.05760928e+02] 5.554325353568983
[-3.05343748e+00 -7.51278929e-02 -1.06627359e-02  5.76036060e+00
  3.07591919e+02] 5.760860366006936
[-3.02949392e+00  6.51737553e-02 -3.16278754e-02  6.06068523e+00
  3.10099533e+02] 6.061118161068444
[-3.13518587e+00 -2.17359776e-01 -3.53409934e-01  5.73694946e+00
  3.06776434e+02] 5.751932975149196
[-3.05437645e+00 -2.71618689e-01 -6.12850874e-02  5.96924243e+00
  3.10781064e+02] 5.975733242523867
[-2.98063593e+00 -1.97903923e-02  2.83575846e-01  5.99083602e+00
  3.08697938e+02] 5.99757644245357
[-3.16393681e+00  1.16495745e-01 -5.00452012e-02  5.84715188e+00
  3.06946098e+02] 5.84852638548602
[-3.07996221e+00 -5.26584073e-02 -8.17659055e-02  5.95171871e+00
  3.06466942e+02] 5.952513267440683
[-3.07000170e+00  5.93794170e-02  2.69397268e-02  5.75784626e+00
  3.06204239e+02] 5.758215457454979
[-2.97852310e+00  1.05405391e-01 -2.45823768e-01  6.13541266e+00
  3.11687968e+02] 6.141239954931763
[-3.02217692e+00 -1.07533542e-01  2.51771839e-01  5.77856171e+00
  3.07683402e+02] 5.785043468334286
[-3.14016783e+00  8.31235251e-02  2.93700753e-02  5.52827821e+00
  3.04498357e+02] 5.528981109402573
[-2.97205830e+00 -6.94890345e-02  3.29709342e-02  5.76751562e+00
  3.07161289e+02] 5.768028455505005
[-3.10037820e+00  1.47333024e-01 -8.51829753e-02  5.83147378e+00
  3.07965121e+02] 5.833956599886689
[-3.04337066e+00  1.72726430e-02 -2.18195745e-01  6.14780844e+00
  3.11103931e+02] 6.151703535500861
[-3.11420671e+00 -2.71939329e-02 -1.30125493e-01  5.62519276e+00
  3.07033738e+02] 5.626763346578214
[-3.13725865e+00 -6.80618324e-02  6.43720505e-02  6.00088087e+00
  3.08215798e+02] 6.001612066011729
[-3.07276707e+00 -3.05258436e-02 -2.63092259e-01  6.37474754e+00
  3.08492493e+02] 6.380247293160681
[-3.05967029e+00  1.92917848e-01  1.10675974e-01  6.14920026e+00
  3.07964029e+02] 6.153221129173061
[-3.04331722e+00 -8.87990832e-02  1.89364052e-01  5.62324332e+00
  3.05140419e+02] 5.627131547979795
[-3.07190953e+00  3.10834483e-02  2.17363631e-01  5.57171462e+00
  3.04403951e+02] 5.576039537179889
[-3.01659194e+00 -9.06464760e-02  3.02924525e-01  6.09780662e+00
  3.12069392e+02] 6.105999155533421
[-3.06870524e+00 -1.52534905e-01 -2.10602893e-01  5.58839478e+00
  3.06722469e+02] 5.594441593785915
[-3.09359228e+00 -3.01631402e-01 -7.91539602e-03  5.99224028e+00
  3.07943690e+02] 5.999832307363109
[-3.05515013e+00 -1.39366294e-01 -6.29400173e-02  5.61343790e+00
  3.06040469e+02] 5.615520406605417
[-3.06086597e+00 -2.60414705e-01 -9.38800597e-02  5.56240737e+00
  3.05744361e+02] 5.569291253823623
[-3.06352514e+00  5.61400990e-02  1.60564990e-01  6.05219924e+00
  3.10398344e+02] 6.054589038770109
[-3.07136875e+00  1.58582223e-01  2.36320040e-01  5.90924171e+00
  3.09735929e+02] 5.916091025887601
[-2.96722960e+00 -1.55851823e-02  2.39447332e-01  5.61875311e+00
  3.05958710e+02] 5.623874503373253
[-3.05468934e+00  2.76668640e-01 -3.18581078e-02  5.94175091e+00
  3.07524804e+02] 5.9482740680933865
[-3.01957301e+00 -1.04873040e-01  2.34113173e-01  5.76964763e+00
  3.08113050e+02] 5.77534770689447
[-3.02777399e+00 -2.52237034e-01  6.18856390e-02  5.77146738e+00
  3.07119009e+02] 5.7773081199614085
[-2.98147036e+00  8.27127031e-02  1.31583138e-01  5.60029116e+00
  3.06487594e+02] 5.602447374280262
[-3.01002417e+00  1.47781274e-01 -3.85799727e-01  5.73514279e+00
  3.09360597e+02] 5.750003784824531
[-3.04974019e+00  2.12137161e-01  1.87309252e-01  5.65828895e+00
  3.07346493e+02] 5.665361485079108
[-3.08407027e+00 -4.29296005e-01 -3.03845419e-02  5.76279960e+00
  3.06849301e+02] 5.778847419958833
[-3.00646017e+00 -1.60757213e-01  1.56482850e-01  6.06609698e+00
  3.11048650e+02] 6.070244012617842
[-2.99247980e+00  1.24202398e-01  1.82270716e-02  5.62130221e+00
  3.07770444e+02] 5.622703708767442
[-3.08882495e+00 -1.29727806e-01  5.89952919e-03  6.12231925e+00
  3.07857665e+02] 6.123696359542727
[-3.06410722e+00  1.73884542e-01 -1.58209493e-01  5.76042884e+00
  3.05865393e+02] 5.765223887126065
[-3.13607452e+00 -3.16105920e-01 -1.78308086e-01  5.75478892e+00
  3.06278494e+02] 5.7662216607357255
[-3.02239508e+00 -2.81651224e-02  9.41498061e-02  5.65411031e+00
  3.07572998e+02] 5.654964265070006
[-3.05678970e+00  7.02863647e-02 -2.44071306e-01  5.91052937e+00
  3.09708621e+02] 5.915984148723904
[-3.09648143e+00  9.69332442e-02 -2.67712040e-02  5.94361411e+00
  3.07975884e+02] 5.944464774130391
[-3.09332597e+00 -1.22534966e-02  1.00118122e-01  5.53383897e+00
  3.05522007e+02] 5.534758126231911
[-3.04326670e+00 -1.45418817e-01  1.04221645e-01  5.58845048e+00
  3.05925854e+02] 5.591313576091197
[-3.10667370e+00  1.10315715e-01 -3.19263126e-01  5.67599587e+00
  3.05070232e+02] 5.686037953845678
[-2.94964018e+00 -2.35640354e-01  4.34632131e-02  5.67480676e+00
  3.05157058e+02] 5.679863309639991
[-3.09402959e+00 -1.93853881e-02 -2.09036852e-02  5.93946656e+00
  3.07841848e+02] 5.939534975399399
[-3.14315828e+00  6.10155814e-02 -5.00992161e-02  5.88103792e+00
  3.05926634e+02] 5.881567809681046
[-3.08082986e+00  2.13288424e-01  2.95990921e-01  5.88754730e+00
  3.09014971e+02] 5.898840211752024
[-3.03615387e+00 -1.55981883e-01 -3.25288005e-02  5.91093074e+00
  3.07909522e+02] 5.91307794148079
[-3.14069398e+00  4.70129832e-01 -1.34712339e-02  5.96665456e+00
  3.08691804e+02] 5.98516250394255
[-3.11440415e+00  2.97965004e-01 -1.13366414e-01  5.73220248e+00
  3.06429126e+02] 5.741060912898115
[-3.07352698e+00 -1.02952085e-01  2.03823380e-01  6.01217291e+00
  3.09934360e+02] 6.016507804304456
[-3.09888583e+00 -2.65696845e-01  4.15918032e-02  5.73224965e+00
  3.07798239e+02] 5.738554760559718
[-3.07538604e+00  1.80966433e-01  2.12780499e-02  5.73880894e+00
  3.08105562e+02] 5.741700940249565
[-3.08074927e+00  1.12044558e-01 -1.85174578e-02  5.82820479e+00
  3.04640046e+02] 5.829311108438509
[-3.07998390e+00  6.06716597e-02 -3.25755129e-02  5.74670144e+00
  3.06631272e+02] 5.74711402549785
[-3.05903541e+00 -2.69043108e-01  2.64196306e-01  5.77202256e+00
  3.09367630e+02] 5.7843260876543106
[-3.03468333e+00  2.74130346e-01  2.12555579e-01  5.74687572e+00
  3.07367966e+02] 5.757335134410482
[-3.13890356e+00  3.83920637e-01 -2.39600677e-01  6.11366221e+00
  3.07193642e+02] 6.13038898674118
[-3.13746680e+00 -5.98386215e-02 -1.60888696e-01  5.86006482e+00
  3.08534365e+02] 5.862578406064656
[-3.07739532e+00 -1.55778649e-01 -7.47401202e-02  5.59379320e+00
  3.04151543e+02] 5.596460976318074
[-3.06361172e+00  7.45554237e-02 -3.41713047e-01  5.45889834e+00
  3.06066675e+02] 5.470091167196836
[-3.12306042e+00  3.95298624e-02 -2.72578525e-01  6.15041633e+00
  3.07785280e+02] 6.156580441885918
[-3.07446618e+00  6.06687359e-02  2.20871775e-01  5.57856302e+00
  3.02913203e+02] 5.583263416444776
[-3.00811797e+00  7.36542458e-02 -1.72006110e-01  5.90873024e+00
  3.09594053e+02] 5.9116921480010625
[-3.05644689e+00  1.38171744e-01  1.50265351e-01  5.77270210e+00
  3.05060906e+02] 5.77631029179194
[-3.05907876e+00  1.25354983e-01  9.60818501e-03  5.88500390e+00
  3.08860913e+02] 5.886346668522872
[-3.11099236e+00  1.30422504e-02 -1.50801259e-01  6.06892366e+00
  3.08711753e+02] 6.07081094601588
[-3.12253459e+00  1.25694991e-01 -1.40644874e-01  6.11175936e+00
  3.06601625e+02] 6.114669466131526
[-3.06887654e+00 -1.23477633e-01 -2.14033581e-01  5.90463523e+00
  3.10187871e+02] 5.909803234415312
[-3.07089306e+00  3.99750277e-01  8.53898752e-02  5.72301566e+00
  3.05918784e+02] 5.737595316199643
[-3.06815984e+00  1.65663466e-01 -1.47063702e-01  5.96058481e+00
  3.09232772e+02] 5.96469977128435
[-3.12578657e+00 -8.96254810e-02  1.45228023e-01  6.02721503e+00
  3.10336035e+02] 6.029630577632313
[-3.07301704e+00  1.38273835e-01  2.42745680e-01  5.86853839e+00
  3.06891698e+02] 5.875184076830927
[-3.06012251e+00  1.63219033e-01 -9.74688406e-02  6.03060559e+00
  3.09207805e+02] 6.033601277553722
[-3.09471494e+00  3.56027408e-02  1.32104951e-01  5.91477838e+00
  3.05262547e+02] 5.916360588215732
[-3.11227258e+00 -4.71242409e-02 -2.87659461e-02  5.88498652e+00
  3.06745712e+02] 5.885245497283431
[-3.09417166e+00 -1.01774943e-01 -5.66847596e-03  6.00865090e+00
  3.07190484e+02] 6.0095154506684745
[-3.11221540e+00 -2.14189250e-01  1.27830863e-01  5.98345751e+00
  3.09393779e+02] 5.988654396713428
[-3.07980718e+00  1.57628810e-01  2.86795031e-01  5.87322441e+00
  3.08282114e+02] 5.882334847479289
[-3.05865573e+00 -5.21310821e-02  2.56010596e-02  5.84574771e+00
  3.08454398e+02] 5.846036207649208
[-3.04258817e+00  9.55136858e-02  1.97249646e-01  5.84883565e+00
  3.05758680e+02] 5.852940177658966
[-3.08631047e+00 -7.54940644e-02 -5.10600509e-02  5.77987411e+00
  3.06252565e+02] 5.7805926367241165
[-3.07717166e+00  7.36218809e-02  1.26394838e-01  6.03878013e+00
  3.05777599e+02] 6.040551405028284
[-3.09169890e+00 -1.89045583e-01 -6.14505857e-02  5.96685379e+00
  3.06689246e+02] 5.9701640359683905
[-3.12322436e+00  1.41960166e-01 -2.27771751e-02  5.81108652e+00
  3.07497709e+02] 5.812864868862592
[-3.04686782e+00 -4.85447551e-01  5.53340814e-03  5.96635480e+00
  3.10848025e+02] 5.986073800162861
[-3.07256981e+00 -2.23304737e-01  3.08410338e-01  5.95623949e+00
  3.08583034e+02] 5.968397670449753
[-3.05137756e+00  3.24369009e-02 -1.26631470e-01  5.95932070e+00
  3.07898862e+02] 5.96075421742561
[-2.96639974e+00 -1.31975433e-01  2.11708895e-01  5.85662293e+00
  3.07822858e+02] 5.861934011723124
[-3.08078944e+00 -9.75559901e-02  8.59962492e-03  6.03090291e+00
  3.08883917e+02] 6.03169802661122
[-3.07587788e+00 -8.73393395e-02 -3.09849841e-01  5.84444406e+00
  3.04905865e+02] 5.853303468480046
[-3.16685141e+00  4.36428066e-01  2.73978365e-01  5.79802129e+00
  3.05137447e+02] 5.820874891806633
[-3.04914901e+00  2.53647864e-01 -2.03569027e-02  5.68411381e+00
  3.08780253e+02] 5.689806800225044
[-3.08104813e+00  7.97667947e-02  4.01822620e-02  5.93552556e+00
  3.06649313e+02] 5.936197522097581
[-3.08082337e+00 -4.20771114e-02  2.37916237e-01  5.99424834e+00
  3.08465979e+02] 5.99911558605091
[-3.08941443e+00 -1.60857743e-01 -2.86565898e-01  5.92502156e+00
  3.09870921e+02] 5.934128054545063
[-3.08047418e+00 -8.09636462e-02 -3.08043205e-01  5.81610125e+00
  3.06375763e+02] 5.824815831836687
[-3.06592954e+00 -2.13023821e-01  3.06919652e-01  5.57091317e+00
  3.06991618e+02] 5.583426582169714
[-3.17003848e+00  1.63892763e-01  4.86351875e-03  5.86987603e+00
  3.06628235e+02] 5.872165623129788
[-3.00742294e+00  1.66031170e-02 -3.33459581e-03  5.67379910e+00
  3.05145750e+02] 5.6738243748023685
[-3.02537901e+00 -7.69263254e-02  4.62592743e-02  5.35176725e+00
  3.04771548e+02] 5.352519989668378
[-2.96319100e+00 -2.73677515e-02 -4.80538311e-02  5.65252480e+00
  3.07645758e+02] 5.652795310395798
[-3.07479823e+00 -1.86117560e-01 -5.36664037e-02  5.86676045e+00
  3.08989375e+02] 5.869957236329717
[-3.01659685e+00  1.38588968e-01  3.34825604e-01  6.06497329e+00
  3.07476222e+02] 6.075789336589533
[-3.19756368e+00 -6.05894188e-04 -3.18733737e-01  6.18483481e+00
  3.06894455e+02] 6.193042322871507
[-3.05114421e+00  7.16535226e-02  2.14676155e-01  5.78722945e+00
  3.06894749e+02] 5.791653031985016
[-3.09559933e+00 -2.13296492e-02  1.81188653e-01  6.06206989e+00
  3.09372433e+02] 6.064814562792674
[-3.13053067e+00  1.89975624e-01  1.31681865e-01  5.85445904e+00
  3.04381330e+02] 5.859020528826725
[-3.02530196e+00  4.30356579e-02 -1.06808586e-01  5.73575235e+00
  3.04919061e+02] 5.736908152504129
[-3.03500565e+00  1.40875871e-01 -5.33439326e-02  5.82726194e+00
  3.06814118e+02] 5.8292086325401575
[-3.08659318e+00  6.94292086e-03  2.35639169e-01  5.78019919e+00
  3.07335698e+02] 5.785004470419325
[-3.01305668e+00  4.52757587e-01  1.27820996e-01  5.93994046e+00
  3.08771028e+02] 5.958541795355625
[-3.06241598e+00 -7.01744132e-02 -8.50584817e-02  5.55856538e+00
  3.05302086e+02] 5.559659022179925
[-3.03542368e+00  1.63239720e-01 -7.70844930e-02  5.63064153e+00
  3.06081673e+02] 5.633534703580047
[-3.12030664e+00 -5.00398943e-01 -1.35118369e-01  6.02441178e+00
  3.09960958e+02] 6.0466679602071025
[-3.13507501e+00 -1.09654875e-01  3.63170425e-01  5.88384535e+00
  3.06414873e+02] 5.89606250263565
[-3.00196489e+00 -1.61396524e-01 -2.95387806e-01  5.57153696e+00
  3.07774642e+02] 5.5816956984941
[-3.06130077e+00  2.25316336e-01  1.54402131e-01  6.04590817e+00
  3.10471782e+02] 6.0520751048993935
[-3.06199554e+00  1.27210595e-01  1.82884664e-01  5.43777161e+00
  3.06985096e+02] 5.44233308466316
[-3.12225775e+00 -2.51424101e-01  5.64639530e-02  6.13860493e+00
  3.08825213e+02] 6.144011131373418
[-3.08569573e+00 -1.12013673e-01  1.88667598e-01  6.07138164e+00
  3.07770460e+02] 6.075345051383264
[-3.08249092e+00 -1.09791143e-01  1.25869772e-01  6.27863439e+00
  3.08820475e+02] 6.280855605089021
[-3.10139615e+00  5.48992633e-02  2.20910012e-01  5.73985015e+00
  3.07281537e+02] 5.744362009008515
[-3.12761118e+00 -2.09431721e-01  1.94370785e-02  5.62204273e+00
  3.05189693e+02] 5.625975817573231
[-2.98715334e+00  1.05975972e-02  2.86308963e-03  5.76233116e+00
  3.07210114e+02] 5.762341617158819
[-3.12306651e+00  2.07322150e-01  8.73236941e-02  5.69580920e+00
  3.08601430e+02] 5.700250027199499
[-3.14849654e+00 -1.64794155e-01  1.45291726e-01  5.81721431e+00
  3.08664445e+02] 5.821361449677437
[-3.09790511e+00 -1.39991440e-01 -4.82787701e-01  5.70011428e+00
  3.05412509e+02] 5.722235962099566
[-3.03697944e+00  6.79820620e-04  1.42022331e-01  5.48159525e+00
  3.03943724e+02] 5.483434807114518
[-3.12866076e+00 -5.28329579e-02  2.41509666e-01  5.93081462e+00
  3.04480860e+02] 5.935964988563762
[-3.00369545e+00 -2.58433303e-01 -1.92537359e-01  6.01858100e+00
  3.08674455e+02] 6.027202974427373
[-3.04636873e+00 -2.20642695e-01 -9.04866140e-02  5.87612219e+00
  3.07186282e+02] 5.880959358755889
[-3.02988405e+00  8.14807429e-02 -4.24867138e-01  5.86127692e+00
  3.05852734e+02] 5.877220287748678
[-3.06780769e+00 -4.87298126e-01  3.18528122e-02  5.80445020e+00
  3.04271798e+02] 5.824956324145563
[-3.06462071e+00 -2.15921883e-01  3.37854997e-01  5.79346740e+00
  3.07965046e+02] 5.807325785255219
[-3.07033356e+00 -1.12504078e-01  2.95980406e-01  5.75438913e+00
  3.08083866e+02] 5.763094293590057
[-3.03204368e+00 -9.31913009e-02  1.96456459e-01  5.94002149e+00
  3.05697337e+02] 5.943999925371619
[-3.11293273e+00 -1.33827881e-01  1.73155160e-01  5.71238558e+00
  3.06480639e+02] 5.7165760442991305
[-3.01545839e+00  1.27293853e-01 -1.99395135e-01  5.56687812e+00
  3.05853256e+02] 5.571902203485089
[-2.95971578e+00 -2.93907847e-01  2.66068054e-02  5.55352396e+00
  3.06283802e+02] 5.5613593750421915
[-3.06415112e+00  2.62445223e-01 -7.96839522e-02  6.09020150e+00
  3.08674329e+02] 6.096374439764635
[-3.04450891e+00 -2.31373918e-01 -1.59615709e-02  5.81308544e+00
  3.06214303e+02] 5.817710117283104
[-3.07872487e+00  1.23463714e-01 -2.27355578e-01  5.72042563e+00
  3.07734922e+02] 5.726273062095755
[-3.10123802e+00 -8.67329199e-02  1.91377578e-01  5.87937181e+00
  3.07504971e+02] 5.88312508927912
[-3.09148139e+00  2.87683491e-01 -1.72704104e-01  5.85484455e+00
  3.06476591e+02] 5.864451649985045
[ -3.09895716   0.36609627   0.44157335   5.78225844 304.7295028 ] 5.810639044874286
[-3.17634094e+00 -5.66000128e-03 -6.17997669e-02  5.93554175e+00
  3.07689168e+02] 5.935866163624562
[-3.12265985e+00 -2.07739211e-01 -3.00131879e-01  6.17268249e+00
  3.08206818e+02] 6.18346536353973
[ -2.98520604  -0.53953332  -0.38607088   5.42350929 306.7458545 ] 5.463936301595127
[-3.00886961e+00  1.89235171e-01 -1.34316380e-01  5.62617386e+00
  3.06033261e+02] 5.630957569650607
[-3.04947161e+00  1.78798099e-01  2.08903654e-01  5.68886538e+00
  3.06959938e+02] 5.6955069012238715
[-3.07604362e+00  1.61080558e-02 -1.84147027e-01  5.85312905e+00
  3.08343876e+02] 5.8560472364107055
[-3.06153966e+00  3.37837562e-01  1.84541872e-01  5.84629800e+00
  3.08236802e+02] 5.858958113437607
[-3.10093239e+00  1.09495824e-01  3.44384352e-02  6.14598457e+00
  3.07938371e+02] 6.147056338282171
[-3.15671013e+00 -2.51191973e-03  3.28567820e-01  6.15519816e+00
  3.07775821e+02] 6.163961997899258
[-2.99037703e+00  1.24232718e-01 -1.10361679e-01  5.99814844e+00
  3.06561205e+02] 6.000449830387014
[-2.99970404e+00  2.81149758e-01 -4.15413539e-01  5.72124334e+00
  3.06561286e+02] 5.743190662275881
[-3.13562519e+00  1.38458450e-01 -2.80244224e-01  6.00277461e+00
  3.07120650e+02] 6.010907634685047
[-3.00715498e+00  1.43200788e-01  1.38942099e-01  5.92386890e+00
  3.09229240e+02] 5.927228196963725
[-3.11330935e+00 -6.18303376e-02 -1.12652360e-01  6.13859497e+00
  3.09550335e+02] 6.139939878882976
[-3.06183321e+00  2.35625065e-01  1.39300704e-01  6.21106364e+00
  3.12226622e+02] 6.217092199330427
[-3.09259283e+00  7.25239925e-02 -2.19253462e-01  5.87787685e+00
  3.06470354e+02] 5.882411753650433
[-3.05608464e+00 -2.61793338e-01 -2.97629274e-02  5.73003995e+00
  3.05111804e+02] 5.736094435178877
[-3.07573309e+00  2.72032801e-01  5.19717268e-02  5.77549786e+00
  3.06612972e+02] 5.782134422191022
[-3.13354921e+00 -2.81917775e-01  2.29865214e-01  5.96712367e+00
  3.04562367e+02] 5.978200440472869
[-3.09737747e+00  1.42944717e-01  1.62604169e-01  5.70935182e+00
  3.05756061e+02] 5.713455308642175
[-3.00003114e+00  1.40088860e-01 -5.28083218e-02  6.11852051e+00
  3.09690465e+02] 6.120351851240249
[-3.03912130e+00  5.45231149e-02 -4.42568283e-02  5.82953239e+00
  3.08986370e+02] 5.8299553413185485
[-3.10837023e+00  2.33782257e-02 -2.62425582e-01  5.74462957e+00
  3.08400370e+02] 5.750668018127456
[-2.99333924e+00 -3.10059925e-01  1.40710822e-01  5.97655999e+00
  3.09997624e+02] 5.986251413202683
[-3.05192257e+00 -3.12151462e-03 -3.49801824e-01  5.51370826e+00
  3.05684862e+02] 5.524794096668636
[-3.07796332e+00  1.59689963e-01 -2.83600682e-01  5.70454991e+00
  3.06528320e+02] 5.713827077230905
[-3.09492234e+00 -2.63776919e-01 -1.76573653e-02  5.51786188e+00
  3.02033999e+02] 5.524191327352633
[-3.11723405e+00 -4.53074703e-02 -9.09032720e-02  5.75033331e+00
  3.07494210e+02] 5.751230250855344
[-3.08116182e+00 -1.27110061e-01  5.65583095e-02  5.62232708e+00
  3.05720134e+02] 5.624048148440181
[-3.05583245e+00 -8.01049178e-02  1.35409128e-01  5.96421550e+00
  3.08683298e+02] 5.966290217072582
[-3.10691514e+00 -2.12593636e-02  2.96495034e-01  5.60815348e+00
  3.04305428e+02] 5.61602588299242
[-3.02479872e+00  6.28794515e-02 -1.19843272e-02  5.62665741e+00
  3.06533085e+02] 5.627021512312975
[-3.03293214e+00  9.13864999e-03  4.04444513e-02  5.79523392e+00
  3.07920364e+02] 5.795382255701277
[-3.08437672e+00 -6.71129902e-02  8.76071120e-02  5.88673138e+00
  3.06577090e+02] 5.887765744133652
[-3.09196097e+00 -1.56869379e-02  2.55620045e-01  5.76167585e+00
  3.06755830e+02] 5.767364757349048
[-3.17194851e+00  3.48107855e-01 -2.69330659e-01  6.06820365e+00
  3.08299284e+02] 6.084144439481993
[-3.07449531e+00 -1.62969971e-02  4.69906217e-02  5.69123182e+00
  3.07869368e+02] 5.69144913899735
[-3.01185166e+00  1.95696692e-01 -4.72281178e-02  5.57568030e+00
  3.05300323e+02] 5.579313446831249
[-3.02399726e+00 -5.52972165e-02  8.23707017e-02  5.91055086e+00
  3.08448262e+02] 5.911383442341962
[-3.00100425e+00  1.59697648e-01 -9.08697780e-02  5.76180707e+00
  3.08145287e+02] 5.764736023177179
[-3.15464773e+00  6.35380493e-02  8.91129765e-02  6.36635447e+00
  3.09456355e+02] 6.367295142185243
[-3.01324878e+00  1.98680025e-02  1.17699496e-01  5.49793264e+00
  3.05989799e+02] 5.499228243762299
[-3.10897317e+00  2.88126233e-02  1.38329258e-01  6.10459249e+00
  3.09495887e+02] 6.1062275286164605
[-3.12371135e+00  1.18417597e-01  2.40447973e-01  5.85015387e+00
  3.06309938e+02] 5.85629048321659
[-3.09824395e+00 -2.85275980e-02  2.43885201e-01  5.50031236e+00
  3.04687708e+02] 5.505790574049116
[-3.10830962e+00 -4.90873652e-02  1.81421309e-01  5.71045418e+00
  3.05614920e+02] 5.713546197204439
[-3.11589221e+00 -9.24733573e-02 -3.62155986e-02  6.11237983e+00
  3.09854423e+02] 6.113186571457259
[-3.04828504e+00  1.85467407e-01 -2.99651827e-01  5.73375316e+00
  3.06348387e+02] 5.7445726293131205
[-3.11711602e+00 -1.99811706e-01  6.36178746e-02  5.95876328e+00
  3.07134762e+02] 5.962451822452222
[-3.07378290e+00  2.91393686e-01  6.71935697e-02  5.87994108e+00
  3.09797972e+02] 5.887540438545284
[-2.94876994e+00 -8.62963058e-02 -7.08892017e-02  5.96771553e+00
  3.09361237e+02] 5.968760422095199
[-3.10196297e+00 -2.69553535e-01 -1.29460579e-01  5.74573029e+00
  3.07136394e+02] 5.753506380712034
[-3.08333389e+00  2.62883842e-01 -5.87697633e-02  5.83022866e+00
  3.06460585e+02] 5.836448241983022
[-3.05138767e+00  2.84069408e-03 -3.92283801e-02  6.11979476e+00
  3.09556154e+02] 6.1199211427175335
[-3.05676241e+00  2.61860047e-01  8.82003171e-02  5.45505739e+00
  3.06488579e+02] 5.462050994553596
[-3.11898611e+00 -1.93816873e-02  1.87869154e-01  5.95455349e+00
  3.06590283e+02] 5.9575479631938935
[-3.02215315e+00  1.38557284e-01  2.11507632e-02  6.09935090e+00
  3.09123587e+02] 6.100961145146343
[-3.08208559e+00  1.82832410e-01 -4.60629968e-02  5.91606907e+00
  3.07707224e+02] 5.919072788436878
[-3.05178601e+00  6.36843234e-02 -1.68501168e-01  5.86612284e+00
  3.10240968e+02] 5.868887928108663
[-3.01841033e+00 -1.40081792e-01 -9.25914450e-02  5.75391025e+00
  3.08137817e+02] 5.756359891004376
[-3.01823691e+00  1.16350146e-01 -2.17006261e-01  6.00440552e+00
  3.09720379e+02] 6.009452111105111
[-3.08930893e+00  4.91497258e-02  9.49212460e-02  6.25755285e+00
  3.11197950e+02] 6.258465737662416
[-3.17387445e+00 -2.01632870e-01  7.28267827e-02  5.74090929e+00
  3.03886573e+02] 5.7449107099105206
[-3.09143982e+00  1.12876559e-01  5.71901985e-02  5.53844779e+00
  3.04003312e+02] 5.539893114566646
[-3.02388292e+00  3.57272252e-01 -1.85916564e-01  6.05293808e+00
  3.07165425e+02] 6.066322427743782
[-3.15233293e+00  3.53355531e-03  1.63856445e-01  5.73198978e+00
  3.07811449e+02] 5.734332414932138
[-3.07968286e+00  1.90564288e-01 -4.30638837e-02  5.52148742e+00
  3.06873809e+02] 5.524942770694492
[-3.04246569e+00 -1.36258342e-01 -1.17779020e-01  5.71386259e+00
  3.06395560e+02] 5.716700439650053
[-3.04987773e+00 -1.62247481e-03 -4.19248862e-02  6.12767687e+00
  3.07870520e+02] 6.127820508048908
[-3.11139494e+00  1.97689179e-01 -1.37480491e-01  5.64884165e+00
  3.05817145e+02] 5.653971513278305
[-3.03905540e+00  8.19416671e-03 -7.63704832e-02  6.11584757e+00
  3.10101738e+02] 6.116329870609189
[-3.09955180e+00  1.89509228e-02  3.89809109e-02  5.92509121e+00
  3.07159639e+02] 5.925249743887502
[-3.08485078e+00  3.45628297e-01  9.54056769e-02  5.88435221e+00
  3.08564040e+02] 5.8952660794182075
[-3.16274204e+00  2.48421699e-02  1.41247761e-01  6.01055568e+00
  3.06942159e+02] 6.0122664267494
[-3.09316471e+00 -2.30480510e-03  1.84768646e-01  6.09010505e+00
  3.07881200e+02] 6.0929077047997335
[-2.98972127e+00 -2.19915641e-01 -4.16821401e-01  5.62279107e+00
  3.08364874e+02] 5.642506750416696
[-3.08748569e+00 -2.06451049e-01  2.89021836e-01  5.89264466e+00
  3.05616197e+02] 5.903339460738366
[-3.10122985e+00  2.63843158e-02  3.25103627e-01  5.80335650e+00
  3.07707251e+02] 5.81251538984435
[-3.05100915e+00  1.82740359e-01 -8.62300970e-02  5.88598832e+00
  3.06319354e+02] 5.889455676806068
[-3.00965485e+00  3.01361751e-01  1.43339722e-01  5.79948977e+00
  3.08870450e+02] 5.809083129260695
[-3.02717638e+00  3.11260463e-01 -2.76647194e-01  5.94757825e+00
  3.08535845e+02] 5.96213919669229
[-3.03141212e+00 -3.27154387e-01 -2.42469438e-01  5.78949552e+00
  3.07917683e+02] 5.803798733872357
[-3.11748119e+00 -1.21875502e-01 -1.57793553e-01  5.82409726e+00
  3.07785703e+02] 5.827509021042012
[-3.06679267e+00 -8.02510207e-03 -7.09260616e-02  5.59743975e+00
  3.04809892e+02] 5.597894846703931
[-3.08462593e+00  4.58831118e-02 -2.63582169e-01  5.95335568e+00
  3.07692050e+02] 5.9593644528800205
[-2.99938324e+00  1.26770628e-01  1.04030712e-01  5.98806503e+00
  3.06691899e+02] 5.990310171114596
[-3.14353250e+00  1.35532689e-01 -2.59959962e-01  6.02274184e+00
  3.08573671e+02] 6.029872927525573
[-3.12593031e+00 -1.37482779e-01  6.99862087e-02  6.09826226e+00
  3.08575487e+02] 6.1002132850920665
[-3.05881680e+00 -3.68593181e-02  5.68149102e-02  5.57030657e+00
  3.04661916e+02] 5.5707182553380195
[-3.11859461e+00 -3.08897411e-02 -2.86571746e-01  5.87386998e+00
  3.07744694e+02] 5.880937521085766
[-3.05552104e+00  1.03288997e-01  1.29578967e-01  5.95899015e+00
  3.07930548e+02] 5.961293734729201
[-3.14878558e+00 -4.78069796e-01 -7.39129482e-02  5.80569608e+00
  3.03825309e+02] 5.825815035293602
[-3.05141664e+00 -2.38049624e-01 -5.82286310e-02  5.98875655e+00
  3.09457282e+02] 5.993768699006802
[-3.05697300e+00  1.10417284e-01  2.58677960e-02  5.57401268e+00
  3.05283811e+02] 5.575166231768241
[-3.08034751e+00 -1.13763285e-01 -6.78826671e-03  5.92396299e+00
  3.08952957e+02] 5.925059132944096
[-2.99318308e+00  1.12143668e-01 -2.05820569e-01  5.94873497e+00
  3.08192245e+02] 5.953350829495298
[-3.04248368e+00  1.82183765e-01 -1.38796781e-01  5.81377102e+00
  3.07104711e+02] 5.8182805876686725
[-3.11903901e+00  2.65670241e-01  1.17976935e-01  6.12135224e+00
  3.09550336e+02] 6.128250360900797
[-3.03769252e+00  2.28881116e-01  1.48884222e-01  5.80019764e+00
  3.06958069e+02] 5.806620850219882
[-3.02563667e+00  2.11385104e-01  3.01703965e-01  5.95785429e+00
  3.09025158e+02] 5.969232503763377
[-3.05263739e+00  9.02642170e-02  1.84949169e-01  6.04143008e+00
  3.07896176e+02] 6.044934348165266
[-3.14291869e+00 -1.65318449e-02 -1.58992438e-01  5.91169463e+00
  3.07526782e+02] 5.913855371376313
[-3.06751123e+00 -1.15211720e-01  9.06257343e-02  5.71474865e+00
  3.06784202e+02] 5.7166282844100325
[-3.09282618e+00 -1.78542354e-01  1.24331455e-01  5.84756369e+00
  3.06234550e+02] 5.851609755868318
[-3.13555148e+00 -8.90927689e-02 -2.72569085e-01  5.96743650e+00
  3.07612263e+02] 5.974322544383503
[-3.11346366e+00 -2.29668362e-01  2.70335814e-01  5.85845355e+00
  3.06287295e+02] 5.869182820533175
[-3.10313740e+00 -7.19843866e-02 -1.43186947e-02  5.66337895e+00
  3.06750720e+02] 5.663854505715391
[-3.10400368e+00 -2.67342126e-01  4.68181121e-02  6.12266636e+00
  3.09089768e+02] 6.128679066825768
[-3.08193820e+00  1.50797641e-02 -1.85954133e-01  5.94734196e+00
  3.08690166e+02] 5.95026744647557
[-2.97405692e+00 -2.24273191e-01  4.26996194e-02  5.76489193e+00
  3.09369756e+02] 5.769410774221498
[-3.04692003e+00 -6.79232333e-02  3.14790551e-01  5.97837061e+00
  3.09791195e+02] 5.987037813349351
[-3.12725750e+00  2.13961966e-01 -1.11586123e-01  5.80098318e+00
  3.05867067e+02] 5.806000092539846
[-3.06011009e+00  3.45397447e-01 -1.99526783e-02  5.65315958e+00
  3.05543315e+02] 5.663736469327034
[-2.97990669e+00  9.99435845e-02 -8.86812304e-02  5.73725154e+00
  3.07589593e+02] 5.73880722540308
[-3.02656107e+00 -8.52283399e-03 -9.51350925e-02  5.82263024e+00
  3.07761370e+02] 5.823413625082394
[-3.10261417e+00  1.90048812e-01 -2.30438010e-01  5.89722661e+00
  3.08010618e+02] 5.904786354881107
[ -3.12827451   0.32830293   0.32113364   5.87682844 307.67584519] 5.894745296188878
[-3.08214873e+00  1.73326800e-01  6.44346733e-02  5.63711542e+00
  3.06136176e+02] 5.640147541905366
[-3.08877641e+00  1.29048406e-01 -6.14333981e-02  5.81882809e+00
  3.06990627e+02] 5.820583127675003
[-3.15550140e+00 -1.92671016e-01 -1.74529575e-01  6.03546243e+00
  3.08329149e+02] 6.041058637638106
[-2.97697051e+00  1.76535629e-01  1.14203173e-01  5.75021112e+00
  3.07142369e+02] 5.754053798387299
[-3.04658155e+00 -2.62215253e-02  2.37674074e-01  5.81329644e+00
  3.06588572e+02] 5.818212100048771
[-3.05536224e+00  2.44729880e-01 -3.41272376e-02  5.75324568e+00
  3.07081673e+02] 5.758549579344457
[-3.12085988e+00  6.52224378e-02  5.63028649e-02  6.08880219e+00
  3.07922662e+02] 6.0894118007224
[-3.13061476e+00 -3.51162795e-02  7.34303603e-02  6.03596125e+00
  3.08401754e+02] 6.0365100355405765
[-3.08858624e+00 -2.36148022e-01 -1.79725147e-01  5.87935486e+00
  3.08573752e+02] 5.886839610302444
[-3.13771908e+00  1.32486365e-01  2.40409279e-01  5.78678823e+00
  3.07939855e+02] 5.793295031521878
[-3.14758734e+00  2.80465743e-01 -4.89454086e-02  5.68655169e+00
  3.05431629e+02] 5.6936742830739355
[-3.05210777e+00 -2.90619703e-01 -2.39392205e-01  5.69226074e+00
  3.06384188e+02] 5.704699889026771
[-3.03349753e+00 -2.01223585e-01 -9.52885192e-02  6.08806550e+00
  3.11450354e+02] 6.092135283084561
[-3.05468379e+00 -4.87295052e-02  1.64359983e-01  5.67551569e+00
  3.05247146e+02] 5.678104185765926
[-2.98921938e+00 -1.35444789e-01 -1.61819355e-01  5.69586299e+00
  3.08045466e+02] 5.6997706965033
[-2.99380631e+00 -1.85162133e-01  1.31492073e-01  6.04973028e+00
  3.10750015e+02] 6.053991377073646
[-2.99413985e+00  2.82879538e-01  1.26265210e-02  6.05251608e+00
  3.09787580e+02] 6.059136168756864
[-3.07251321e+00  1.18904514e-01  1.70983830e-01  5.82942955e+00
  3.08461595e+02] 5.8331486059871445
[-3.04862516e+00 -7.40025163e-02  9.70046794e-02  5.88348239e+00
  3.05447062e+02] 5.884747343337748
[-3.07246963e+00 -1.68106196e-01  9.36686864e-02  5.76023946e+00
  3.08159526e+02] 5.763453140979988
[-3.14152568e+00  1.20905375e-01  8.04865253e-02  5.62860599e+00
  3.05098223e+02] 5.630479689570928
[-3.07664852e+00  2.56753594e-01  1.27738465e-01  6.12266176e+00
  3.08523249e+02] 6.129374075994397
[-3.02111710e+00 -2.47144099e-01  2.25996721e-01  5.88791869e+00
  3.10537062e+02] 5.897435139516006
[-3.07445034e+00 -1.94905171e-01 -1.16274655e-01  6.12327266e+00
  3.09058129e+02] 6.1274771181521865
[-3.08019488e+00 -2.62544909e-01 -1.74544985e-01  5.77685056e+00
  3.04559967e+02] 5.785447107166109
[-3.07094762e+00  2.18905510e-01  2.62991472e-01  5.99888239e+00
  3.08787144e+02] 6.00863329485926
[-3.06016722e+00  1.57887536e-03  1.60004856e-01  5.55512746e+00
  3.04180553e+02] 5.557431525746717
[-3.15222371e+00 -1.66402139e-01  1.07166232e-01  5.87845330e+00
  3.07152032e+02] 5.881784379073819
[-3.05651600e+00  1.84331434e-01 -1.13874680e-01  6.03744293e+00
  3.08713884e+02] 6.041329540420442
[-3.00533016e+00 -1.93312751e-01 -2.35236830e-02  5.66865943e+00
  3.07526596e+02] 5.672003434289091
[-3.04722008e+00  1.80117032e-01 -1.03133479e-01  5.65416133e+00
  3.07541423e+02] 5.657969517402047
[-3.08357638e+00  5.50095627e-02 -3.02863445e-02  5.62767258e+00
  3.07486340e+02] 5.628022915022368
[-3.07462792e+00 -1.51473469e-01 -3.57028568e-01  5.95526086e+00
  3.08231632e+02] 5.967876132496179
[-3.12583937e+00  3.07587312e-01 -1.36740081e-01  5.95176802e+00
  3.08968426e+02] 5.961279251250656
[-3.01451013e+00 -1.08421879e-01  2.36681606e-02  5.69063160e+00
  3.07611748e+02] 5.6917135773602245
[-3.02671468e+00 -2.67800618e-01 -1.99196205e-01  5.58021047e+00
  3.05060193e+02] 5.590182934169324
[-3.14743404e+00  1.74173084e-01  1.53926124e-01  5.83641140e+00
  3.05632367e+02] 5.841038223007909
[-3.04758666e+00  1.87306322e-02  2.32159233e-03  5.80073991e+00
  3.07032792e+02] 5.800770615276015
[-3.10938825e+00 -1.10326163e-01  1.67604302e-02  5.90768743e+00
  3.07701989e+02] 5.908741278893573
[-3.06921215e+00  9.77484356e-02  4.83478019e-02  5.88067884e+00
  3.09342498e+02] 5.881689880007324
[-3.01664823e+00 -1.22272394e-01 -3.87723770e-01  5.64581720e+00
  3.06754572e+02] 5.660435687010892
[-3.11098678e+00 -2.37418015e-01  1.11130918e-01  5.82369299e+00
  3.05425594e+02] 5.8295898203578265
[-2.99843685e+00 -2.50036444e-01  9.44267309e-02  5.84456503e+00
  3.09776566e+02] 5.850673035035462
[-2.98137886e+00  2.73361669e-02 -5.84393827e-02  5.88767705e+00
  3.06869571e+02] 5.888030525364081
[-3.10510078e+00  8.97485243e-02 -1.57485948e-01  5.76613066e+00
  3.06068087e+02] 5.768979056907185
[-3.11351983e+00  1.15664389e-01 -3.83655727e-01  5.71280219e+00
  3.03791786e+02] 5.726838470514891
[-3.09386948e+00 -2.47944865e-02 -7.36708369e-02  5.72704030e+00
  3.07238198e+02] 5.727567786319774
[-3.08091675e+00 -3.70205934e-02  3.02413951e-01  5.71939884e+00
  3.06107841e+02] 5.727507995652606
[-3.07957817e+00 -6.62856255e-02 -3.20662958e-01  5.80102597e+00
  3.08388535e+02] 5.810259956796501
[-3.05746046e+00 -1.80664998e-01 -2.32562456e-01  5.85281578e+00
  3.08689217e+02] 5.860219935006909
[-3.05936925e+00 -4.97926239e-01  4.31103490e-02  5.83581952e+00
  3.06335461e+02] 5.85718179350893
[-3.07853406e+00 -2.06214985e-01  2.74767579e-01  6.08454014e+00
  3.06779757e+02] 6.094230920524106
[-3.01507366e+00 -9.48782306e-02  9.25676724e-02  5.79852541e+00
  3.07500832e+02] 5.8000403073788815
[-3.03082171e+00  4.92924263e-02 -3.81578604e-02  6.14265643e+00
  3.08795309e+02] 6.142972714450454
[-3.07971357e+00 -3.88851670e-02  2.20458047e-01  5.63115724e+00
  3.04206111e+02] 5.635605176091962
[-3.03765092e+00  1.13486185e-01 -1.72843754e-01  5.96530287e+00
  3.08608930e+02] 5.968885358177359
[-3.06471656e+00 -9.57859610e-02 -3.00885534e-01  5.76606949e+00
  3.06643730e+02] 5.77470902892685
[-3.02504551e+00 -1.38883014e-02 -2.45906351e-01  5.92327457e+00
  3.06999746e+02] 5.928393079555716
[-3.02958770e+00  2.69363193e-01 -3.01490068e-02  5.52804875e+00
  3.04746390e+02] 5.53468955923766
[-3.18335786e+00  8.50152236e-02 -2.31377829e-01  5.89350849e+00
  3.07487284e+02] 5.898661344664306
[-3.04618110e+00 -1.24356126e-01 -1.02493304e-01  5.94107364e+00
  3.07582856e+02] 5.943258809678604
[-3.08179570e+00 -9.48497065e-03 -2.02952955e-01  5.73804558e+00
  3.06874250e+02] 5.741641485498969
[-3.05356671e+00 -1.86885047e-01 -6.24453486e-02  5.65619581e+00
  3.04953096e+02] 5.659626883783082
[-3.02723824e+00 -1.81101881e-01  1.19163169e-01  5.99073189e+00
  3.08085125e+02] 5.9946531421347045
[-3.02038749e+00  1.73384787e-01  7.27960442e-02  6.13148691e+00
  3.09403343e+02] 6.134369836660383
[-3.04737339e+00 -1.44663475e-01  9.55641783e-02  5.99147920e+00
  3.09677960e+02] 5.993987244697376
[-3.09028329e+00  9.19876411e-02  2.50249064e-01  5.83912142e+00
  3.07238930e+02] 5.845205322895858
[-3.15992786e+00 -9.66795458e-02  5.32612462e-02  5.62840875e+00
  3.05369670e+02] 5.629490987322662
[-2.97863625e+00 -6.76395451e-02 -9.87650692e-02  5.68442461e+00
  3.07901407e+02] 5.685684899409991
[-3.06092414e+00 -1.46372275e-01 -2.70093292e-01  6.07031317e+00
  3.10112683e+02] 6.078081709797329
[-3.17176462e+00  1.85094004e-01  5.64508157e-02  5.89687252e+00
  3.07487678e+02] 5.900046778492319
[-3.04366609e+00  1.56516062e-01  2.43149266e-01  5.92857747e+00
  3.09860975e+02] 5.935625466587875
[-3.07595673e+00  1.08155233e-01 -1.72348609e-01  6.01830749e+00
  3.07854661e+02] 6.021746146715257
[-3.11844063e+00 -6.83653783e-02  6.87476961e-02  5.84236125e+00
  3.09198512e+02] 5.843165667360448
[-3.09564916e+00 -1.93556700e-01 -2.12840511e-01  5.95845050e+00
  3.07398084e+02] 5.965391662097669
[-2.99899278e+00  1.11256919e-01  1.77238870e-01  5.85561801e+00
  3.10174680e+02] 5.859356109704831
[-3.07508808e+00  3.71271793e-01 -2.40241815e-01  6.05695597e+00
  3.09737764e+02] 6.073077845454601
[-2.95434463e+00 -8.72135343e-02 -1.93658593e-01  5.59561575e+00
  3.08347129e+02] 5.599645124180343
[-3.10272742e+00  7.87697803e-03  2.10092576e-01  5.83311598e+00
  3.08351397e+02] 5.836903538600977
[-3.15114430e+00  2.71730057e-01  2.56170852e-01  5.85267843e+00
  3.05881670e+02] 5.864580589536031
[-2.98535056e+00 -8.56974553e-02  2.47606709e-01  5.46060825e+00
  3.06325642e+02] 5.466890854771948
[-3.07675210e+00 -1.83259516e-01  1.54511757e-01  5.50633400e+00
  3.05977144e+02] 5.511548973969653
[-3.05317743e+00 -5.42274754e-02  4.16816901e-02  5.36105006e+00
  3.05667773e+02] 5.361486336961518
[-2.97941391e+00 -8.34532059e-02 -1.99413777e-01  5.75844036e+00
  3.07349829e+02] 5.762496477740795
[-2.95135428e+00 -1.11123024e-01 -1.77904276e-01  6.03451046e+00
  3.09955359e+02] 6.038154909586527
[-3.05906730e+00 -1.29861059e-01 -1.52011788e-01  5.71289511e+00
  3.05838175e+02] 5.716392394863777
[-3.04272403e+00  4.22331053e-02 -8.13665787e-02  5.47387312e+00
  3.06013412e+02] 5.474640728071196
[-3.04420954e+00 -1.62035624e-02 -4.02162469e-01  5.83200406e+00
  3.09293615e+02] 5.845876201855271
[-3.07310617e+00 -9.69626972e-02  2.45018047e-02  5.97600784e+00
  3.08749274e+02] 5.976844639708385
[-3.12090116e+00  1.16071159e-01  1.17492591e-01  5.91565746e+00
  3.09083717e+02] 5.917962502342805
[-3.03104365e+00  3.11525894e-01  3.12661950e-02  5.68899897e+00
  3.05520310e+02] 5.697607849965837
[-3.06797025e+00  1.90361104e-02 -1.98244185e-01  6.05593472e+00
  3.09705581e+02] 6.0592085707517604
[-3.02075365e+00  3.71630624e-02  3.03697991e-01  5.78648828e+00
  3.08087115e+02] 5.794571613327266
[-3.14872446e+00  3.19333726e-01  2.68005264e-02  6.13636567e+00
  3.09499206e+02] 6.144727485975734
[-3.11679480e+00  2.93144875e-01  2.15033258e-01  6.27955974e+00
  3.11301732e+02] 6.290075015553747
[-3.14229257e+00  1.00689951e-01  1.33359533e-01  5.82892714e+00
  3.05854309e+02] 5.831321872559569
[-3.15975712e+00 -2.86940085e-01 -5.11747323e-02  6.33769449e+00
  3.09492031e+02] 6.344393187790332
[-3.02464131e+00 -2.31777922e-01 -4.20206547e-02  5.58486629e+00
  3.07205612e+02] 5.589831681546268
[-3.02403194e+00  6.24590089e-02 -9.10789067e-02  5.54352602e+00
  3.05530989e+02] 5.544625975977937
[-3.12653211e+00 -1.22764203e-01  3.65196407e-01  6.16422181e+00
  3.10945664e+02] 6.176250476195834
[-3.04839281e+00 -6.89063093e-03  1.68468739e-02  5.57179254e+00
  3.04805024e+02] 5.571822273368186
[-3.12291164e+00  3.52933058e-01  8.35150144e-02  6.24231756e+00
  3.09501582e+02] 6.252844558588691
[-3.04507106e+00  9.68700601e-02  3.00582750e-02  5.95703355e+00
  3.09901354e+02] 5.9578969493526355
[-3.10996108e+00 -5.48287176e-02 -2.17476692e-01  5.66296186e+00
  3.06254108e+02] 5.667401463358132
[-3.07558227e+00 -2.09911747e-01 -4.92429604e-02  5.74077665e+00
  3.08229315e+02] 5.744824132950681
[-3.05240003e+00  1.60256119e-01  2.16946043e-01  5.70331431e+00
  3.07601773e+02] 5.709688409463247
[-3.00677135e+00  1.27188919e-01  3.96136246e-02  5.91977074e+00
  3.06397198e+02] 5.921269446915877
[-3.08183988e+00  3.44705893e-01 -1.20651540e-01  6.19770806e+00
  3.09098252e+02] 6.208459077612754
[-3.10920183e+00  2.70898511e-01 -5.10986277e-02  5.93427109e+00
  3.07567386e+02] 5.940670871796953
[-3.08705312e+00  1.83309400e-01  1.31961464e-01  5.49741301e+00
  3.04191957e+02] 5.502051067853751
[-3.04147877e+00 -1.84524665e-01 -7.83500067e-02  5.89744012e+00
  3.08609907e+02] 5.9008463884317655
[-3.12087455e+00 -1.07151237e-01  7.49086280e-02  5.80943650e+00
  3.05524209e+02] 5.810907427829252
[-3.09548213e+00  3.44404824e-02 -6.32048077e-02  6.35002269e+00
  3.10384537e+02] 6.350430629807493
[-3.07343251e+00  2.95118629e-01  2.21531589e-01  5.83644726e+00
  3.08809193e+02] 5.848101221674247
[-3.08202921e+00  2.51042547e-01  2.65031800e-01  5.69839212e+00
  3.08843816e+02] 5.710073291244241
[-3.05405289e+00  1.09294448e-01  5.96206150e-02  5.87085222e+00
  3.08280218e+02] 5.872172145886724
[-3.09150300e+00 -9.82261943e-02  1.19163772e-01  5.86290875e+00
  3.06264873e+02] 5.864942230885178
[-3.09908756e+00 -3.05415602e-01 -1.20970927e-01  5.97661716e+00
  3.08113176e+02] 5.9856382521698155
[-3.14154590e+00  4.65653049e-02  1.61660196e-02  6.17074213e+00
  3.08213046e+02] 6.170938995652071
[-3.14738474e+00  3.56337774e-02  1.17069832e-01  5.76489994e+00
  3.04489744e+02] 5.766198610984145
[-3.05807902e+00 -3.69640811e-01  3.20547723e-02  5.68757255e+00
  3.05286478e+02] 5.699661689577718
[-3.06974779e+00 -1.54438808e-02 -1.05011675e-02  5.78802831e+00
  3.06857642e+02] 5.78805843737898
[-3.10282249e+00  1.07152624e-01 -1.42093982e-01  5.54350990e+00
  3.05716856e+02] 5.546365868399868
[-3.13327495e+00 -1.37869723e-01  1.07000312e-01  5.93582511e+00
  3.08024073e+02] 5.938390088437916
[-3.00689955e+00  3.51757713e-02  3.70442043e-02  5.73095790e+00
  3.06860487e+02] 5.731185575717427
[-3.05271690e+00 -1.98857965e-01  2.43903214e-01  5.60080450e+00
  3.05896817e+02] 5.6096385185251725
[-3.12127005e+00 -3.06370605e-01  2.13575236e-01  5.54416270e+00
  3.05682388e+02] 5.556727219260949
[-2.97376749e+00 -1.40461169e-01  2.20943211e-01  5.82122895e+00
  3.07617253e+02] 5.827113501158508
[-3.04325293e+00 -5.30718936e-02  5.00641527e-02  5.66065113e+00
  3.06949290e+02] 5.661121294509768
[-3.13134436e+00 -7.88447289e-02  1.03771984e-01  5.87082083e+00
  3.06576214e+02] 5.872267219727957
[-3.10125193e+00 -3.84253467e-02 -4.07290259e-01  6.07257107e+00
  3.07897781e+02] 6.086335621875307
[-3.09280905e+00  1.86208966e-01 -1.41416152e-01  6.11574196e+00
  3.09900120e+02] 6.120210124867541
[-3.07464566e+00  1.08668457e-01 -3.16031756e-02  6.00014975e+00
  3.08327917e+02] 6.001216928533545
[-2.98073232e+00 -1.42589898e-01 -3.82918396e-01  5.64088267e+00
  3.06691798e+02] 5.655662268942866
[-3.06355709e+00 -1.66056358e-01 -2.48728164e-02  5.98806287e+00
  3.07768691e+02] 5.990416537152258
[-3.04822666e+00  1.63759550e-01 -3.39303965e-01  5.73143303e+00
  3.08086549e+02] 5.743802652348384
[-3.07914636e+00 -1.94437629e-01 -3.09782994e-01  6.12477765e+00
  3.09982959e+02] 6.135688450574973
[-3.06048297e+00 -5.77750018e-02 -2.42365670e-01  5.59325884e+00
  3.06940161e+02] 5.598805541675235
[-3.12090270e+00  7.52287140e-02  1.26511168e-02  6.12302760e+00
  3.09670105e+02] 6.123502787794813
[-3.06841769e+00  7.95795495e-02 -1.53514684e-01  5.65846100e+00
  3.06842752e+02] 5.6611024182537255
[-3.03340323e+00 -1.66816433e-01 -1.01311506e-01  5.79994399e+00
  3.08128181e+02] 5.803226865484288
[-3.07895282e+00 -6.42566128e-02  1.82758645e-01  6.12979806e+00
  3.08726293e+02] 6.132858540318635
[-3.14603669e+00 -3.94032147e-02 -2.62985032e-01  6.09771564e+00
  3.07898528e+02] 6.103511268377202
[-3.12726223e+00  6.22011478e-02 -2.78733408e-02  6.15400218e+00
  3.08556789e+02] 6.154379634880729
[-3.02084387e+00 -9.41900508e-02  3.96939328e-02  5.95560978e+00
  3.10855753e+02] 5.956486816241868
[-3.02175423e+00 -2.49608264e-03  2.91454994e-01  5.83615528e+00
  3.06790609e+02] 5.843428844679971
[-3.06755843e+00 -1.20155135e-01 -5.55353370e-02  5.53676784e+00
  3.05256570e+02] 5.538349894256618
[-3.10202656e+00  3.66083644e-02  1.14400699e-01  5.89424567e+00
  3.03437554e+02] 5.8954694214567
[-3.10169576e+00 -3.65435739e-01 -1.40913431e-01  5.69938083e+00
  3.05343607e+02] 5.712822573162066
[-3.04796156e+00  2.09466714e-01  1.15620331e-01  5.76836686e+00
  3.11051284e+02] 5.7733266506336625
[-3.09715631e+00 -3.92269907e-01  2.15120337e-01  5.90407288e+00
  3.08623147e+02] 5.9209989832147425
[-3.05946536e+00  3.95231955e-02  6.67399513e-02  6.08678762e+00
  3.08334859e+02] 6.087281812254806
[-3.01905621e+00 -3.73795861e-02 -1.40635804e-01  5.56224922e+00
  3.04913121e+02] 5.564152407391024
