/mnt/stage/douwei/Simulation/5kt_root/2MeV/5kt_+3.60_1.root
[-3.02264050e+00  1.65216490e-01  2.63730295e-02  3.28827205e+00
  2.92038968e+02] 3.292525644827612
[-3.05173404e+00 -5.93285948e-02 -6.95769967e-02  3.40709656e+00
  2.94663273e+02] 3.4083233132702118
[-3.01630076e+00 -5.33302377e-02 -2.16325080e-01  3.96378910e+00
  2.96740067e+02] 3.970045930918325
[-3.01658732e+00 -2.98534655e-01 -1.57022588e-01  3.42890190e+00
  2.93621683e+02] 3.4454531284251355
[-3.01324997e+00  1.74693966e-01 -1.46233275e-01  3.59528068e+00
  2.94871219e+02] 3.602491544818816
[-3.03100891e+00 -2.77985427e-01 -2.00882305e-03  3.82822558e+00
  2.95171659e+02] 3.838305749988461
[-3.06707750e+00  1.56616266e-01 -1.42640268e-01  3.44031339e+00
  2.91456526e+02] 3.4468291364728465
[-2.95893354e+00 -5.11138510e-02  2.36370236e-01  3.80838838e+00
  2.96401044e+02] 3.81605890113665
[-3.03705331e+00 -1.31835106e-01 -1.13182664e-01  3.51030787e+00
  2.93392755e+02] 3.514605546893468
[-3.06222675e+00  2.62405166e-01 -2.00716920e-01  3.74778488e+00
  2.94941173e+02] 3.762317806515072
[-2.98810454e+00  3.16592479e-01  1.50221065e-01  3.95199157e+00
  2.96217500e+02] 3.967497261494907
[-2.99063384e+00  6.98209233e-02 -2.38135012e-01  3.32452130e+00
  2.93974220e+02] 3.333770410879694
[-3.10220682e+00  1.13418394e-01  1.45609664e-01  3.68923328e+00
  2.93006209e+02] 3.6938473353085843
[-2.99453811e+00  1.01517560e-01 -2.87582421e-02  3.91306213e+00
  2.96076572e+02] 3.914484392862866
[-2.99672357e+00  1.68766195e-01  5.67184608e-02  3.62815537e+00
  2.96139812e+02] 3.6325212152224124
[-2.89104908e+00  4.10369994e-01 -7.02318062e-02  3.43272430e+00
  2.94660008e+02] 3.4578797186372032
[-2.98552741e+00  5.08054815e-01 -1.77936304e-01  4.12628330e+00
  2.98349903e+02] 4.161249197922319
[-3.06798265e+00 -5.33790347e-02  6.56443558e-02  3.96728539e+00
  2.96315638e+02] 3.9681874791524074
[-3.08731966e+00  3.22318080e-01  9.57696570e-02  3.46605924e+00
  2.94665100e+02] 3.4823307499864087
[-3.03197226e+00 -1.57630951e-01 -4.45449719e-02  3.62209426e+00
  2.92654196e+02] 3.625796273357731
[-2.99031776e+00 -1.33268189e-01  2.70496984e-01  3.56240485e+00
  2.94752967e+02] 3.575144381892505
[-3.07315410e+00  3.75617665e-02 -1.12686821e-01  3.80297289e+00
  2.94466774e+02] 3.804827460123654
[-3.08677881e+00  2.19122240e-01 -5.44355103e-02  3.72257178e+00
  2.95481644e+02] 3.7294126127243454
[-3.03003002e+00 -1.81080286e-01  4.12817176e-02  3.62935316e+00
  2.94008374e+02] 3.6341021715841704
[-3.01598855e+00 -1.33210619e-01  1.32271699e-01  3.42373253e+00
  2.93458872e+02] 3.4288752267643354
[-2.99853581e+00 -3.29647792e-01 -3.22183018e-02  3.66601850e+00
  2.95485339e+02] 3.6809506019923783
[-3.01671430e+00 -2.93654621e-01  2.29754771e-01  3.49359313e+00
  2.94231889e+02] 3.5134332573464726
[-3.09912908e+00 -1.69502387e-01 -2.31418278e-01  3.59922369e+00
  2.94093823e+02] 3.6106365964611817
[-3.04194182e+00  4.75086292e-02  8.78243308e-02  3.70985285e+00
  2.96195833e+02] 3.7111963473389356
[-3.08403620e+00  2.67036421e-01  3.96733747e-01  3.68876733e+00
  2.94757567e+02] 3.719638489782221
[-3.02336434e+00 -6.20959631e-02  3.02796517e-01  4.02350780e+00
  2.96346214e+02] 4.035363265800363
[-3.09917459e+00  1.06270647e-01  4.34581735e-01  3.71454532e+00
  2.93626166e+02] 3.7413903376146056
[-3.04589818e+00 -2.93461362e-02 -1.08430704e-01  3.56875757e+00
  2.94586954e+02] 3.5705250320255355
[-3.12347154e+00  1.00013519e-01 -1.25703200e-01  4.04669541e+00
  2.94984984e+02] 4.049882434323113
[-2.89719779e+00 -8.95296234e-02  1.93058593e-02  3.78663205e+00
  2.96981487e+02] 3.787739501286756
[-2.92962631e+00  4.26361035e-02 -1.07852656e-01  3.46712453e+00
  2.95206631e+02] 3.469063645021356
[-2.98110746e+00 -1.29908577e-01  6.74344183e-03  3.78779189e+00
  2.96181258e+02] 3.790024953595076
[-3.02998685e+00 -5.75753899e-02 -1.21777275e-03  3.69358302e+00
  2.95572487e+02] 3.6940319363432716
[-3.05501907e+00  4.13924370e-01 -2.37573332e-01  3.72403961e+00
  2.94844933e+02] 3.754496701063582
[-3.03856344e+00  1.59719388e-01 -3.50564430e-02  4.02386173e+00
  2.95186239e+02] 4.027182945262236
[-3.02520424e+00  2.16187199e-02  1.69366565e-01  3.85694634e+00
  2.94779638e+02] 3.8607237017274643
[-3.02070848e+00  1.07046401e-02 -8.77434113e-02  3.36911594e+00
  2.93240543e+02] 3.370275318277189
[-3.03903291e+00  1.17865874e-01 -2.31676478e-01  3.68466639e+00
  2.94557548e+02] 3.693823596133693
[-2.96200728e+00 -2.10284109e-01  2.83580831e-01  3.77107393e+00
  2.96102885e+02] 3.78756333969322
[-2.99450872e+00  1.61800035e-01 -1.64052865e-01  3.50193730e+00
  2.94342482e+02] 3.509509573237651
[-2.94560839e+00  3.08697265e-01  2.20536194e-01  3.66416089e+00
  2.95943525e+02] 3.6837488043393463
[-3.03905348e+00  1.11456828e-01  2.26365769e-02  3.63158691e+00
  2.95956652e+02] 3.6333673801791075
[-2.95497017e+00  7.17664829e-02  5.05900502e-03  3.54017506e+00
  2.92623590e+02] 3.5409060213035324
[-3.05396687e+00  1.80125837e-01 -2.13507793e-01  3.83639022e+00
  2.93591901e+02] 3.846546607885163
[-2.98891594e+00  2.36039128e-01 -2.45682878e-01  3.45792297e+00
  2.94895014e+02] 3.474666290636418
[-2.99395879e+00 -8.06233766e-02 -5.64436107e-02  3.49265083e+00
  2.94661115e+02] 3.4940371845351046
[-3.00328289e+00 -2.60066317e-01 -2.07471737e-02  3.68190401e+00
  2.95503565e+02] 3.69113560619293
[-3.02545471e+00 -9.30025587e-02 -5.42837685e-02  4.08459216e+00
  2.99684619e+02] 4.086011423954546
[-3.03503399e+00  4.37940786e-02 -3.00930239e-01  3.50941899e+00
  2.96185404e+02] 3.522569884477881
[-2.94550180e+00  3.23586139e-01  1.02336162e-01  3.60877246e+00
  2.94002831e+02] 3.624695754714972
[-2.98009418e+00 -6.26452153e-02  1.79724873e-01  3.81424198e+00
  2.96737568e+02] 3.8189877321902546
[-3.06881791e+00 -2.16220187e-01 -1.04633425e-01  3.68269989e+00
  2.96679481e+02] 3.69052540540598
[-2.98098087e+00 -2.28643678e-01 -2.44468269e-01  3.59946970e+00
  2.95720830e+02] 3.614999969334003
[-2.98055526e+00 -1.96538141e-01 -7.41985114e-02  3.59769260e+00
  2.96459444e+02] 3.603820852079368
[-3.05982954e+00 -2.13007035e-01 -3.39296586e-02  3.69276817e+00
  2.93931386e+02] 3.699062041762461
[-2.94970850e+00 -1.54892378e-01  1.56979964e-02  3.44758206e+00
  2.93226164e+02] 3.4510955027292987
[-3.00112986e+00  1.86074674e-01 -1.90740770e-01  3.68253545e+00
  2.94681406e+02] 3.6921637509984437
[-3.11495037e+00 -1.23887029e-01  1.66444794e-01  3.57060545e+00
  2.95213865e+02] 3.5766290169329444
[-2.98385751e+00 -6.13462905e-02 -1.06534433e-01  3.51365017e+00
  2.95277777e+02] 3.515800115480984
[-3.02475354e+00  2.78490810e-01  5.06350608e-02  3.66210678e+00
  2.95872869e+02] 3.6730296870347074
[-2.95934660e+00 -5.57165226e-03 -5.07165434e-01  3.68280143e+00
  2.96164740e+02] 3.7175629386574354
[-3.11821189e+00  6.01305469e-02 -5.85265916e-02  3.91954764e+00
  2.95158405e+02] 3.920445736143844
[-3.03147254e+00 -6.46131995e-02  6.54675792e-02  3.84885487e+00
  2.96457902e+02] 3.849953849475772
[ -2.88702515  -0.34911045  -0.3744057    3.6898855  297.86712541] 3.725226534809706
[-3.00958713e+00 -4.01727607e-01  1.03205217e-01  3.59997220e+00
  2.94596313e+02] 3.623787548491435
[-3.00452163e+00  2.07492500e-02  2.02254885e-01  3.71817728e+00
  2.95388045e+02] 3.7237319805964972
[-3.02893319e+00 -2.66847820e-03  9.66830615e-03  3.95470665e+00
  2.96333930e+02] 3.9547193723504863
[-2.95169306e+00 -5.80403187e-02 -7.94644336e-02  3.44667165e+00
  2.93570355e+02] 3.448076097148253
[-2.98964347e+00  6.99831225e-02 -3.55887778e-02  3.84406551e+00
  2.94762232e+02] 3.8448672036613747
[-3.04875929e+00 -2.00812396e-01  1.32398012e-01  3.57789430e+00
  2.95954703e+02] 3.5859702303509815
[-3.00008900e+00 -5.99969597e-02 -2.64638866e-01  3.88177235e+00
  2.94605509e+02] 3.8912452923334633
[-3.02411327e+00 -2.94355181e-02  1.42049414e-01  3.65330570e+00
  2.95571643e+02] 3.6561847628608715
[-3.05677034e+00 -2.08511501e-01 -2.35895789e-01  3.33610435e+00
  2.93426209e+02] 3.350927651985102
[-2.98690181e+00 -5.78814128e-02 -1.93293518e-01  3.41046509e+00
  2.93865694e+02] 3.4164286609269667
[-3.02752017e+00 -5.58106157e-02 -3.37933268e-01  3.35320956e+00
  2.93196304e+02] 3.37065691527666
[-3.01032683e+00  2.61220225e-01  1.45944293e-01  3.69112452e+00
  2.93810172e+02] 3.703233178760378
[-3.08324800e+00  2.15572730e-02 -3.33344096e-01  3.68332878e+00
  2.92871112e+02] 3.6984447926494446
[-3.05756367e+00  1.52142246e-01  1.38610525e-01  3.69445189e+00
  2.95453238e+02] 3.7001803863720877
[-3.01071458e+00  5.85355179e-02  4.20241104e-02  3.93928890e+00
  2.95502280e+02] 3.93994789852314
[-2.98896747e+00 -2.33344014e-02  8.60958531e-02  3.77056377e+00
  2.95941999e+02] 3.771618767958486
[-3.03725890e+00 -1.51581796e-01  1.56632871e-01  3.81920107e+00
  2.93296903e+02] 3.8254160180261145
[-3.02899483e+00  2.07318353e-01  3.56678870e-02  3.72135156e+00
  2.97874919e+02] 3.7272926587165873
[-2.98547407e+00  7.98006439e-02 -3.11831298e-03  3.61970855e+00
  2.93708356e+02] 3.6205894322995156
[-3.01170002e+00  1.44069351e-01  1.67295242e-01  3.55321034e+00
  2.94363312e+02] 3.560062836797679
[-3.07993436e+00 -2.19753400e-01  1.91335565e-01  3.78711219e+00
  2.94492449e+02] 3.798304827024614
[-3.04127136e+00  3.38618885e-02 -5.73549211e-02  3.63128116e+00
  2.94723926e+02] 3.631891942969235
[-3.01148285e+00 -2.36421484e-01 -1.61720646e-01  3.89367505e+00
  2.97417261e+02] 3.9041969844969104
[-2.96920210e+00  4.67156814e-03 -9.60239363e-02  3.75486780e+00
  2.95258440e+02] 3.756098323680422
[-2.92621760e+00 -3.65424784e-01  5.74312918e-02  3.28777618e+00
  2.93650325e+02] 3.3085201867507266
[-2.94355866e+00 -1.91355449e-01  1.32256243e-01  3.44629262e+00
  2.93211557e+02] 3.4541339625537106
[-3.04536932e+00  2.46174550e-01 -2.52913318e-01  3.60187028e+00
  2.95076491e+02] 3.6191209626751673
[-2.97927832e+00  1.10816578e-01 -4.68068901e-01  3.34876850e+00
  2.94777808e+02] 3.3831374948906956
[-2.92911838e+00 -7.65323537e-02  2.25176161e-01  3.78092069e+00
  2.96768095e+02] 3.788393161893589
[-3.05885589e+00 -2.02938701e-01 -1.76872245e-01  3.59956911e+00
  2.92830408e+02] 3.6096212646254853
[-2.97922920e+00  8.14438993e-02  2.76286445e-01  3.43296557e+00
  2.95494777e+02] 3.445028294105162
[-3.00321113e+00  2.31244515e-01 -1.77036341e-01  3.61844708e+00
  2.95127861e+02] 3.6301480916750126
[-2.97095749e+00 -1.49670018e-01 -2.87455315e-01  3.73256529e+00
  2.97210318e+02] 3.7466085051851747
[-3.00294296e+00 -1.28633046e-01 -2.76930475e-01  3.29228758e+00
  2.92449379e+02] 3.3064171633176134
[-3.11779642e+00 -6.99595542e-02  3.32484225e-01  3.89505811e+00
  2.95945514e+02] 3.9098488138250356
[-3.04094137e+00  3.11358910e-01  2.16313337e-01  3.78513793e+00
  2.93953250e+02] 3.8040774107545183
[-3.01206406e+00  4.77397427e-02 -4.95686980e-02  3.63039749e+00
  2.96341789e+02] 3.6310497173496454
[-3.02304860e+00  7.91925703e-02 -5.37879912e-03  3.74613841e+00
  2.95861438e+02] 3.746979238118174
[-2.96742363e+00 -9.70506268e-02 -1.92610771e-01  3.64667755e+00
  2.94625669e+02] 3.6530500787814484
[-2.99698640e+00 -3.95729104e-01 -1.08953967e-01  3.73272974e+00
  2.95361141e+02] 3.7552288609664455
[-3.00496344e+00  2.71194792e-01  1.72382348e-01  3.54201969e+00
  2.95667182e+02] 3.5565665730846043
[-2.98870816e+00 -3.17215496e-01 -1.13157739e-01  3.57481307e+00
  2.95410157e+02] 3.590643229286717
[-3.07975241e+00  6.56420140e-02 -3.47865838e-02  3.33057141e+00
  2.92324703e+02] 3.3313998394614255
[-3.05034908e+00  1.58517578e-01  1.96606266e-01  3.68295556e+00
  2.95860274e+02] 3.6916044604221803
[-2.99566939e+00  1.08828099e-01 -1.27751762e-01  3.65843978e+00
  2.96432442e+02] 3.662286945527439
[-3.06797170e+00  2.99395230e-02 -1.01633570e-01  3.90856325e+00
  2.95269251e+02] 3.9099990312771835
[-3.09482225e+00  2.20193736e-02 -6.08618635e-02  3.81478285e+00
  2.93989177e+02] 3.8153318614468543
[-3.05648491e+00  1.56359452e-01 -1.89085705e-01  3.72511792e+00
  2.94361488e+02] 3.7331896794121877
[-3.10672771e+00  3.40014979e-01  1.51243140e-03  3.66939147e+00
  2.95786952e+02] 3.685111425726233
[-3.09665572e+00  2.28870153e-01 -7.68874976e-02  3.32303993e+00
  2.92387124e+02] 3.331799450497626
[-3.05340418e+00  9.66171233e-02 -6.30565178e-03  4.00284709e+00
  2.97399043e+02] 4.004017912465825
[-2.94334272e+00 -3.37577891e-01  5.42051162e-03  3.49080721e+00
  2.95923777e+02] 3.507096121130127
[-3.10080225e+00  1.31367253e-01  1.01140521e-01  3.84279269e+00
  2.94303098e+02] 3.846367431840834
[-3.10931560e+00 -2.02296147e-01  7.22984930e-02  3.74808830e+00
  2.93853431e+02] 3.754239826534712
[-3.07622658e+00  1.48633548e-01 -3.03795026e-02  3.99720795e+00
  2.96662263e+02] 4.000085779730562
[-3.06286446e+00 -1.92050092e-01 -2.70053255e-01  3.94150534e+00
  2.98216601e+02] 3.955411019497447
[-3.06384136e+00  1.15250435e-01  2.60052922e-02  3.41893845e+00
  2.93595285e+02] 3.4209792503291383
[-3.04357321e+00  1.13924816e-01  4.39826159e-01  3.78638619e+00
  2.94490930e+02] 3.813547728075975
[-2.97173267e+00 -2.84119914e-01  6.01207342e-02  3.46414403e+00
  2.94891309e+02] 3.4762957978374
[-3.00928086e+00 -1.55324575e-01  6.37871587e-02  3.78789181e+00
  2.97290517e+02] 3.7916116528600248
[-3.05269403e+00 -2.28072400e-01  3.16533364e-01  3.34480245e+00
  2.93449823e+02] 3.3674788501135646
[-3.03881253e+00 -6.82843543e-02  8.90846602e-02  3.80423304e+00
  2.95809120e+02] 3.8058885791677226
[-3.07131049e+00  1.36191701e-01  4.72392246e-02  3.56245956e+00
  2.94738138e+02] 3.565374852019519
[-3.06820997e+00  4.48214963e-01 -2.42095774e-01  3.76308367e+00
  2.95490673e+02] 3.797407758884258
[-3.04504893e+00 -4.22774454e-02 -1.23203426e-02  3.60991336e+00
  2.95385083e+02] 3.6101819401618065
[-3.05986551e+00 -3.34546315e-01  1.36197647e-02  3.80636965e+00
  2.97108056e+02] 3.82106747317055
[-3.00740721e+00 -9.92644125e-02  2.47851954e-01  3.42847168e+00
  2.92317765e+02] 3.4388518589600205
[-2.99663098e+00 -2.16022339e-01 -3.77126580e-02  3.73938890e+00
  2.95803689e+02] 3.745813299257702
[-3.00938410e+00  2.81022434e-02  9.45166356e-03  3.61842049e+00
  2.95711177e+02] 3.618541961297665
[-3.07478732e+00 -2.42576034e-01 -1.71480878e-01  3.64997181e+00
  2.96140603e+02] 3.6620408325876075
[-3.02868347e+00 -1.88682770e-01 -8.39034756e-02  3.88669551e+00
  2.97217549e+02] 3.8921771508736915
[-2.95842524e+00 -2.76397336e-02 -5.63327654e-02  3.74803644e+00
  2.95672035e+02] 3.748561655333909
[-2.94543468e+00  4.13434184e-01 -1.68432433e-01  3.16586175e+00
  2.92750116e+02] 3.1971828079228755
[-2.96245828e+00  8.21954563e-02  1.80048266e-01  3.84820535e+00
  2.96673241e+02] 3.853291826053522
[-2.92480613e+00  3.03194563e-01 -9.06207440e-02  3.87185412e+00
  2.96804880e+02] 3.8847642658723736
[-3.08390908e+00 -9.12131412e-02  4.63373108e-02  3.65116004e+00
  2.94848073e+02] 3.652593138080579
[-2.99419829e+00  6.81358407e-02 -1.10789138e-01  3.90389786e+00
  2.97225098e+02] 3.9060639014784875
[-3.07460933e+00  3.60426880e-01 -1.44756766e-01  3.76162022e+00
  2.95672544e+02] 3.7816198554558977
[-3.05536947e+00 -2.06013334e-01  5.89036870e-02  3.50603710e+00
  2.96409251e+02] 3.512578437231067
[-3.00033487e+00 -6.39232601e-02 -1.67275248e-01  3.54602461e+00
  2.93553205e+02] 3.5505432973632325
[-2.90531862e+00  9.96321412e-02  3.93299599e-01  3.55775547e+00
  2.94433752e+02] 3.5808148726475784
[-2.97724910e+00  8.66558565e-03 -1.05391206e-01  3.51005274e+00
  2.94308859e+02] 3.5116452875584536
[-3.04445490e+00 -2.71712311e-01 -1.98649032e-01  3.38223844e+00
  2.93589395e+02] 3.3989448151155583
[-3.04561383e+00 -6.34923341e-02 -8.35253629e-05  3.80730950e+00
  2.94299206e+02] 3.807838880578742
[-3.02015498e+00 -2.16723408e-01  3.51080820e-01  3.52310286e+00
  2.94345151e+02] 3.5471792392138317
[-2.97921707e+00 -1.90687059e-01 -3.48412461e-01  3.42169107e+00
  2.93294446e+02] 3.4446658100268466
[-2.97286807e+00  1.94977799e-01  2.08406596e-03  3.79158025e+00
  2.95844940e+02] 3.796590768143357
[-3.00615820e+00 -2.54931783e-01 -2.54387867e-01  3.38264211e+00
  2.93997643e+02] 3.401759991294882
[-3.09415141e+00  3.48063174e-02  2.66055939e-01  3.85015852e+00
  2.94058132e+02] 3.8594971042530255
[-3.07071811e+00 -1.55830937e-01  7.02885328e-03  3.67541364e+00
  2.95810587e+02] 3.678722347021805
[-3.05155868e+00 -1.38829552e-01  4.21264040e-03  3.18901762e+00
  2.91605102e+02] 3.1920408495849526
[-3.02903409e+00 -5.43702719e-02 -2.27263763e-01  3.77963249e+00
  2.97866914e+02] 3.786849176633289
[-3.03976750e+00  9.18109884e-02  2.92882139e-01  3.70090596e+00
  2.94196302e+02] 3.713612003978986
[-3.01718938e+00 -4.88108284e-01 -1.95590009e-01  3.42316116e+00
  2.93999937e+02] 3.4633130771484253
[-3.07130016e+00  1.28665629e-01  1.81605076e-01  4.09891493e+00
  2.96140773e+02] 4.104952962103792
[-3.09015805e+00 -2.54290146e-01 -1.22054385e-01  3.80743416e+00
  2.95200477e+02] 3.8178679396852755
[-2.96108145e+00  3.24526060e-01 -9.21495595e-03  3.74960334e+00
  2.97034365e+02] 3.7636321939156003
[-3.00180534e+00  5.03066279e-02  1.95594968e-01  3.52476333e+00
  2.95282536e+02] 3.530544531019266
[-3.03032713e+00  2.76418171e-01  2.17167617e-01  3.56288540e+00
  2.91308678e+02] 3.5801845133506163
[-2.97563422e+00  2.20507041e-01  1.49965048e-01  3.63467606e+00
  2.93825364e+02] 3.6444454911897872
[-3.05436377e+00  3.13316552e-03  2.30953844e-01  3.34059599e+00
  2.93874435e+02] 3.3485714927448726
[-2.95943113e+00 -2.65052910e-01 -3.17489259e-01  3.80626816e+00
  2.97008302e+02] 3.828672067229862
[-3.01950614e+00 -6.44857856e-02 -7.61307696e-02  3.76898718e+00
  2.95683391e+02] 3.7703075038805576
[-2.96176218e+00  3.52077383e-02 -1.15953905e-01  3.72408367e+00
  2.93834766e+02] 3.7260547554834966
[-3.02787270e+00  2.06005487e-01  2.30711074e-01  3.56129640e+00
  2.94060354e+02] 3.5747024905230687
[-3.09724658e+00 -3.64753963e-03  2.31122032e-01  3.61759280e+00
  2.94143094e+02] 3.624970114665205
[-3.03776135e+00  2.62140005e-02  3.82918026e-01  3.57729386e+00
  2.94780678e+02] 3.5978250072682445
[-3.08336403e+00 -5.64847283e-02 -3.87079151e-02  3.57120033e+00
  2.95173306e+02] 3.571856746956224
[-2.97451527e+00  1.48418117e-01 -2.53286219e-01  3.77282534e+00
  2.95475151e+02] 3.7842295010098046
[-3.01428788e+00  2.27771611e-01 -1.45784183e-01  3.91033644e+00
  2.95730230e+02] 3.9196765192489003
[-3.05184729e+00 -2.04520509e-02  1.38777426e-01  3.34043214e+00
  2.94143985e+02] 3.3433761864625886
[-2.97294531e+00  7.03654807e-02 -1.73765034e-01  3.50558020e+00
  2.95301170e+02] 3.510589428306082
[-3.04635100e+00  8.30263801e-02 -2.40446242e-01  3.93342639e+00
  2.96241071e+02] 3.94164318133306
[-2.98853036e+00 -1.99293877e-01 -3.15446168e-03  3.45779073e+00
  2.94171373e+02] 3.4635306713992673
[-3.05747380e+00 -3.35712694e-02  1.42098786e-01  3.36896507e+00
  2.93948221e+02] 3.3721276309007315
[-3.03272685e+00 -3.08697923e-01  1.48938069e-01  3.62988514e+00
  2.93723409e+02] 3.646031139364999
[-3.08827842e+00 -2.46570007e-01  7.50475573e-02  3.82202161e+00
  2.95826942e+02] 3.830702037352129
[-3.00081642e+00  2.91342727e-01  7.83777508e-02  3.48907243e+00
  2.95077703e+02] 3.502092241478988
[-2.95243456e+00  2.41186208e-01 -2.74705537e-01  3.68180202e+00
  2.96103050e+02] 3.6999054069381017
[-3.06117250e+00 -1.98813271e-01 -1.75624234e-01  3.84561556e+00
  2.96198625e+02] 3.85475415574651
[-2.99266632e+00 -2.05659938e-01 -8.10943908e-02  3.57345770e+00
  2.97138323e+02] 3.580289411348272
[-3.04564451e+00 -5.36005269e-02  3.24846399e-03  3.49910063e+00
  2.95980520e+02] 3.49951265097064
[-3.08448828e+00 -1.94345637e-01 -1.95762725e-01  3.84479727e+00
  2.97413729e+02] 3.854680183144617
[-2.91541558e+00 -4.46949595e-01  1.29773549e-01  3.66285864e+00
  2.95847024e+02] 3.692308019847192
[-3.09092829e+00  1.63331018e-01  6.15264555e-03  3.83393122e+00
  2.96340481e+02] 3.8374136419666325
[-3.08740232e+00  3.17520525e-01  2.66275977e-02  3.46976245e+00
  2.92321367e+02] 3.4843621769862616
[-2.99510656e+00  8.28887077e-02 -4.74167067e-02  3.76162498e+00
  2.95641287e+02] 3.7628368823173113
[-3.09282946e+00  8.59726736e-02  4.52616454e-02  3.56807248e+00
  2.94971039e+02] 3.5693950625005226
[ -2.97171734  -0.3344129   -0.3100988    3.68245983 295.99275484] 3.710593436154761
[-3.05636315e+00  8.45553247e-03 -2.56215305e-01  3.59602707e+00
  2.94522105e+02] 3.6051530455336844
[-2.97833520e+00 -2.03272560e-01 -2.15123650e-02  3.65380709e+00
  2.94762033e+02] 3.6595202887747074
[-3.01612814e+00  1.50429389e-01 -8.00076655e-02  3.36297257e+00
  2.94877370e+02] 3.3672859570490377
[-2.96685091e+00 -8.23520565e-02  2.29258704e-01  3.57011968e+00
  2.95799169e+02] 3.5784208699665943
[-2.99781465e+00 -3.90100914e-02 -1.07937412e-01  3.88682598e+00
  2.97914395e+02] 3.888520083195078
[-3.01665444e+00 -1.59446941e-01 -7.28819461e-02  3.56977279e+00
  2.94454198e+02] 3.57407510897626
[-2.99608717e+00  1.58133724e-01 -1.08491109e-01  3.66863911e+00
  2.94838150e+02] 3.673647984680949
[-3.07498344e+00 -1.67545788e-01 -1.35722351e-01  3.32445704e+00
  2.93880557e+02] 3.331442144156161
[-2.96861828e+00 -5.69734449e-02 -2.57012037e-02  3.38555198e+00
  2.94777008e+02] 3.3861288713099533
[-3.02333714e+00  3.05614663e-01  2.49785870e-01  3.61365153e+00
  2.92604884e+02] 3.635143836928273
[-2.99065489e+00 -1.58161403e-01  8.49893041e-02  3.57997115e+00
  2.96261017e+02] 3.584470900187316
[-2.99759202e+00  2.07800124e-01 -8.75168327e-03  3.33830687e+00
  2.95363528e+02] 3.344779548769096
[-3.05992253e+00  7.94390609e-03  6.75311964e-02  3.82210476e+00
  2.96450920e+02] 3.822709554936195
[-2.96716300e+00  7.17751029e-02  6.49115231e-02  3.81139895e+00
  2.96681260e+02] 3.8126273274099023
[-3.04198615e+00 -3.15280143e-01  1.04422464e-01  3.75765518e+00
  2.94104638e+02] 3.772304083892681
[-3.05125956e+00 -6.45978732e-02 -9.68469813e-02  3.52536726e+00
  2.92982346e+02] 3.5272888363602988
[-2.99969184e+00  1.96464575e-01 -5.89547380e-02  3.58776712e+00
  2.94587902e+02] 3.5936258706718474
[-2.99449609e+00  7.68520809e-02  2.78073087e-02  3.80239727e+00
  2.95879667e+02] 3.803275492856763
[-3.10355380e+00  3.03760031e-01 -2.63121806e-01  3.64301618e+00
  2.92554124e+02] 3.6651152954520185
[-3.02564260e+00  2.37307253e-01 -8.91264638e-02  3.43856708e+00
  2.94507061e+02] 3.4478981741835
[-3.06308403e+00 -1.21061990e-01  3.69957204e-02  3.32729811e+00
  2.92494248e+02] 3.3297053040096114
[-3.03116159e+00 -1.46548674e-01 -6.25301852e-02  3.89563083e+00
  2.95113657e+02] 3.8988878013001496
[-3.05691498e+00 -2.75204696e-02  1.95427592e-01  3.85838912e+00
  2.94941985e+02] 3.8634331800430335
[-3.07354372e+00  2.18972480e-01 -9.74174105e-02  3.27888275e+00
  2.95096610e+02] 3.2876300281927957
[-3.07375530e+00  3.71459692e-02  9.33101347e-02  3.63276273e+00
  2.97253476e+02] 3.6341507441394056
[-3.01999567e+00 -2.48771561e-01 -2.11626945e-01  3.58998705e+00
  2.94899922e+02] 3.604813483296576
[-3.02556434e+00 -1.17829011e-01  2.10092863e-01  3.97396989e+00
  2.96106968e+02] 3.981263536885271
[-3.04298147e+00 -1.68887416e-01  1.08522016e-02  3.54888694e+00
  2.93378260e+02] 3.552919821875483
[-2.98232987e+00  1.15667417e-01 -3.43328840e-01  3.74960048e+00
  2.97071340e+02] 3.7670621675714515
[-2.94067725e+00 -1.08910916e-01  2.06917889e-02  3.71560253e+00
  2.95827065e+02] 3.7172559594916437
[-3.03664370e+00  1.50381954e-01 -2.65456742e-01  3.79760696e+00
  2.91984245e+02] 3.809842604223903
[-3.16975694e+00  2.00832807e-01  1.01705688e-01  3.68997127e+00
  2.92026499e+02] 3.696831863198759
[-2.96326253e+00  1.36888264e-01 -4.16809636e-02  3.81762939e+00
  2.95550359e+02] 3.8203101734370226
[-3.00937509e+00 -2.11830357e-01 -2.31890401e-01  3.72270244e+00
  2.97301514e+02] 3.735928089415639
[-2.99349020e+00 -2.00948570e-01  1.59641730e-01  3.47148550e+00
  2.95216172e+02] 3.4809592642466973
[-3.06612704e+00 -4.15561361e-01  1.50685693e-01  3.45854410e+00
  2.95374816e+02] 3.486678176060613
[-3.00407343e+00 -7.41519423e-02 -2.54465244e-01  3.76076778e+00
  2.97220597e+02] 3.7700961981841603
[-3.03388368e+00  1.20431691e-01  3.71955985e-01  3.59398894e+00
  2.95175954e+02] 3.615191770922936
[-3.01184545e+00 -1.95061619e-01  4.56593311e-02  3.61969819e+00
  2.96335360e+02] 3.625237759936286
[-3.04284930e+00 -1.40356939e-01 -1.89704759e-01  3.72798116e+00
  2.96103494e+02] 3.7354426108585996
[-2.97193673e+00 -1.64219533e-01  1.95896024e-01  3.70771475e+00
  2.94792619e+02] 3.7165161106392763
[-3.02413326e+00  1.78681021e-01  1.19554514e-01  3.52595229e+00
  2.94946377e+02] 3.5325004983102
[-3.07363172e+00 -2.36931084e-01  2.26195337e-01  3.80294617e+00
  2.95596888e+02] 3.8170276740662006
[-2.96124581e+00  4.96593251e-02  2.48456283e-01  3.64717519e+00
  2.94186015e+02] 3.6559654594041255
[ -3.01264426   0.49626657   0.47360851   3.58139645 294.63585185] 3.6465032668933737
[-3.10678224e+00  2.49181174e-01  2.09859667e-01  3.73700454e+00
  2.96382678e+02] 3.7511778505710343
[-2.97604646e+00  9.23124849e-02  2.60811973e-01  3.70250226e+00
  2.96316975e+02] 3.712824728591027
[-3.06590485e+00 -8.89387727e-02 -1.16076421e-02  3.54557497e+00
  2.94770843e+02] 3.5467092806220823
[-3.08497108e+00  2.19770254e-01  4.26646934e-01  3.77585803e+00
  2.96085294e+02] 3.8062357262151143
[-2.94913155e+00  2.15124839e-01  2.05760130e-01  3.35981648e+00
  2.95675197e+02] 3.3729783159716082
[-3.06904628e+00  1.15321137e-01 -1.43265640e-01  3.75429221e+00
  2.95071589e+02] 3.758794222462208
[-2.99176387e+00 -2.63244150e-01 -4.19506311e-01  3.69897590e+00
  2.94800730e+02] 3.7319841553855166
[-3.04647115e+00  2.70871592e-01  6.91161636e-02  3.57540865e+00
  2.94961752e+02] 3.586320605508002
[-3.02969744e+00  1.79472768e-01 -2.69689230e-02  3.96969237e+00
  2.93853531e+02] 3.9738388633364714
[-3.04746330e+00  3.81355362e-03 -4.06901180e-01  3.65288866e+00
  2.95938939e+02] 3.675483460039039
[-3.02598749e+00  8.87428691e-02 -5.31206656e-02  3.64504286e+00
  2.94738113e+02] 3.6465099122948867
[-2.96915171e+00 -4.93256367e-02 -6.66264404e-02  3.58239004e+00
  2.95555978e+02] 3.5833490596142688
[-2.98311153e+00  2.30707390e-01 -1.98533591e-01  3.48114359e+00
  2.95236061e+02] 3.494424440249481
[-3.04891544e+00  2.86331704e-01 -1.68929150e-02  3.70397925e+00
  2.95332849e+02] 3.7150684344714096
[-2.89316490e+00 -5.40622851e-02 -9.51738888e-02  3.83324247e+00
  2.97952921e+02] 3.834804897131787
[-3.00446014e+00 -1.94901718e-01  3.00351983e-01  3.82031323e+00
  2.96624557e+02] 3.837055013673174
[-3.05628660e+00  2.17057986e-01  2.65332810e-02  3.89877911e+00
  2.96894478e+02] 3.904906749632201
[-2.96331458e+00  7.72461216e-02  1.10197394e-01  3.41548074e+00
  2.94524801e+02] 3.4181309422476076
[-3.01236734e+00  1.66433327e-01  8.71279750e-02  3.81018826e+00
  2.96735251e+02] 3.814816626080452
[-2.99483972e+00 -2.05583387e-01  1.66932981e-01  3.57016798e+00
  2.95998567e+02] 3.579976338727988
[-2.98336382e+00  2.83336752e-01  5.51882944e-02  3.29929708e+00
  2.93902536e+02] 3.311900761493397
[-3.03597040e+00 -2.79936486e-02 -2.40751871e-01  3.72502909e+00
  2.96987129e+02] 3.732905949061732
[-3.13411749e+00  1.95171884e-01 -8.91196641e-02  3.40777114e+00
  2.92812211e+02] 3.4145187838696893
[-2.97175361e+00 -3.04707748e-02 -1.93366328e-01  3.64932512e+00
  2.95680859e+02] 3.6545715003865458
[-2.97673326e+00 -2.60671667e-01 -1.15064887e-01  3.83161896e+00
  2.96103816e+02] 3.842199047050984
[-2.92732418e+00 -8.29782980e-02 -2.05703352e-01  3.68046568e+00
  2.95071462e+02] 3.6871434632232227
[-3.05687705e+00 -2.28815805e-01 -1.97114184e-01  3.54197522e+00
  2.94584602e+02] 3.554827583617036
[-2.93099922e+00 -7.35926354e-02 -1.06990553e-01  3.72919734e+00
  2.96613412e+02] 3.7314575757874797
[-2.97648974e+00  6.34269087e-02 -1.10608727e-01  3.66502346e+00
  2.96551500e+02] 3.6672406874686843
[-3.01842818e+00  3.21814073e-01 -3.06466907e-02  3.54681715e+00
  2.94626803e+02] 3.561518696111066
[-3.08808897e+00 -2.49177711e-01  1.64524721e-01  3.62431470e+00
  2.94041404e+02] 3.6365938678106833
[-3.02970389e+00  2.30177840e-02 -2.19567359e-01  3.55617772e+00
  2.96872320e+02] 3.5630239397186614
[-2.97910297e+00 -2.11769477e-01  1.10378534e-02  3.37173188e+00
  2.94615868e+02] 3.3783937076950563
[-3.06532447e+00 -2.79926897e-01  2.20450092e-01  3.64172743e+00
  2.92952490e+02] 3.659116829309345
[-3.04744943e+00 -3.24163862e-02 -8.95932116e-02  3.79498621e+00
  2.96744090e+02] 3.7961820464346983
[-2.98655712e+00  2.25429334e-01  1.17952144e-01  3.58156055e+00
  2.95533030e+02] 3.5905858919887
[-3.00973909e+00  1.49954530e-01 -1.90419479e-01  3.90786320e+00
  2.96488102e+02] 3.9153723571016377
[-3.00283345e+00  3.62066013e-02 -1.79116716e-01  3.90173407e+00
  2.97917702e+02] 3.9060110649691366
[-3.03520039e+00  3.70045022e-01  8.90389795e-02  3.63194623e+00
  2.93797053e+02] 3.651834424127896
[-3.04846489e+00 -3.01062662e-02 -2.29756236e-01  3.57031529e+00
  2.94542226e+02] 3.577826932559441
[-3.07363276e+00  8.53508709e-02 -2.00670736e-01  3.49327623e+00
  2.93678062e+02] 3.5000760448932473
[-2.94424334e+00  2.99247027e-01 -2.06118051e-01  3.62792850e+00
  2.96450169e+02] 3.6460799011004545
[-3.07075538e+00  1.64292100e-01  3.00484964e-01  3.72633844e+00
  2.97511185e+02] 3.7420423973257835
[-3.07298009e+00  2.68500278e-01 -1.82114321e-01  3.72469218e+00
  2.93795861e+02] 3.7387952416810415
[-2.95009786e+00 -7.28586341e-02 -1.61695350e-01  3.68898250e+00
  2.95457063e+02] 3.6932432446854246
[-2.99767827e+00 -2.36818444e-01  8.17128901e-02  3.87704464e+00
  2.94436325e+02] 3.885130001177969
[-2.95854237e+00  3.31890369e-02 -4.52886469e-02  3.75154289e+00
  2.95852551e+02] 3.751963036690853
[-3.01089914e+00  2.71403744e-01 -1.05312425e-01  3.82232440e+00
  2.94980595e+02] 3.8333946504478416
[-2.91658514e+00 -3.79020941e-01 -4.02032549e-02  3.70416806e+00
  2.97630241e+02] 3.723725847562788
[-3.00680173e+00  8.75617031e-02 -8.18390641e-02  3.83894452e+00
  2.95266697e+02] 3.840814977443996
[-2.97476246e+00 -2.80099551e-02  1.92489459e-01  3.43483225e+00
  2.94390041e+02] 3.44033564600932
[-3.04171957e+00 -3.10358496e-01 -2.62436105e-02  3.92658230e+00
  2.96945808e+02] 3.938916049820266
[-3.04383077e+00  3.39851064e-02 -1.31376188e-01  3.81792494e+00
  2.95837462e+02] 3.8203357859677793
[-3.01435014e+00  4.09585148e-02 -1.91911058e-01  3.62792876e+00
  2.94577683e+02] 3.63323196780108
[-3.02844875e+00  3.89425640e-01 -9.95818181e-02  3.80837374e+00
  2.96086601e+02] 3.8295273091933493
[-3.01889799e+00  2.17859118e-01  2.49867255e-01  3.68089000e+00
  2.93666831e+02] 3.6957878002917504
[-2.99046745e+00 -2.39993701e-01 -1.33927941e-01  3.80065041e+00
  2.96344440e+02] 3.8105743976612927
[-2.98812534e+00 -1.89207732e-01  1.67796191e-01  3.79727686e+00
  2.96921760e+02] 3.8056887224234783
[-3.02102488e+00  1.81665740e-01  9.93903056e-02  3.80480829e+00
  2.96039754e+02] 3.8104392087390804
[-2.98846441e+00  3.48424932e-02 -1.95280884e-01  3.86509172e+00
  2.97525589e+02] 3.87017863118144
[-3.06310306e+00 -8.92979360e-02  1.48242773e-01  3.71984778e+00
  2.94108141e+02] 3.7238713120174647
[-2.98316512e+00 -1.16059807e-01  2.03690819e-01  3.48827161e+00
  2.94108936e+02] 3.496140541588569
[-3.07755661e+00  2.86910001e-01  2.22055914e-01  3.59042492e+00
  2.95415752e+02] 3.608708538682162
[-3.01082761e+00  1.91315674e-01  1.95384883e-01  3.33151605e+00
  2.94113315e+02] 3.342719868147871
[-3.04734900e+00 -7.81582184e-02 -5.97188850e-02  3.73291129e+00
  2.93820471e+02] 3.7342069731941123
[-3.02409154e+00 -4.71448476e-02 -1.06871669e-01  3.46627730e+00
  2.92630389e+02] 3.468244870155194
[-3.05298143e+00  1.02585393e-01 -2.74806699e-01  3.22282604e+00
  2.92367243e+02] 3.236147423666026
[-2.99785755e+00  5.21914828e-03  1.34118295e-01  3.54002889e+00
  2.93900767e+02] 3.5425724388633486
[-3.01263759e+00 -2.53220548e-01 -7.36941061e-02  3.57631693e+00
  2.94049393e+02] 3.5860276442843624
[-2.94831011e+00  6.16858448e-02 -2.49507746e-01  3.74669625e+00
  2.95844465e+02] 3.7555015701742382
[-2.98541427e+00  2.27497266e-02  7.85490534e-02  3.67673392e+00
  2.94576563e+02] 3.677643240220127
[-2.97165656e+00  2.16137867e-01 -6.07017068e-02  3.52754338e+00
  2.96075221e+02] 3.534679983936077
[-2.98042422e+00 -1.02792550e-01 -2.83535794e-01  3.40397901e+00
  2.95539294e+02] 3.4173135548969493
[-3.04954162e+00  2.07492035e-01  6.91925812e-02  3.66422876e+00
  2.94015387e+02] 3.6707510050066166
[-2.97820456e+00  2.62396326e-01 -2.04859910e-02  3.70429837e+00
  2.96776415e+02] 3.7136367486273527
[-3.01108930e+00  1.95766981e-02  7.46951115e-02  3.47941356e+00
  2.94017978e+02] 3.480270294617544
[-3.03426813e+00 -1.61761355e-01  1.22692438e-01  3.74121417e+00
  2.93349890e+02] 3.746719051912604
[-3.00076346e+00 -2.33271143e-01  3.09906956e-03  3.36536117e+00
  2.94745156e+02] 3.3734375444296276
[-3.00417928e+00 -3.34533575e-02  1.89536359e-01  3.59080847e+00
  2.94652405e+02] 3.595962826520213
[-3.05678884e+00  1.10597232e-02 -3.09070135e-02  3.91766859e+00
  2.96145858e+02] 3.9178061092877705
[-3.01960356e+00 -2.36647685e-02  5.05324221e-02  3.53143556e+00
  2.95390196e+02] 3.5318763637261275
[-3.02004730e+00 -1.08086356e-01 -1.43832826e-01  3.72224883e+00
  2.95512580e+02] 3.7265945415485073
[-3.05267055e+00 -1.76623444e-01 -4.99771647e-02  3.74865081e+00
  2.96974846e+02] 3.7531422071641085
[-2.96461501e+00 -7.67383908e-02 -2.24703933e-01  3.50786529e+00
  2.93596077e+02] 3.515892425950737
[-3.04855019e+00 -1.24790458e-01 -7.49731229e-02  3.88017709e+00
  2.97626294e+02] 3.882907147320481
[-3.07692397e+00 -6.14907296e-02  2.27411082e-01  3.71160958e+00
  2.94445391e+02] 3.7190781910329993
[-3.02246494e+00  1.42629972e-01  7.34655474e-02  3.84380491e+00
  2.95931734e+02] 3.8471517634625765
[-2.98263724e+00 -2.48530181e-01  1.11140414e-01  3.27854866e+00
  2.95169670e+02] 3.2898329410655585
[-2.97758005e+00 -1.10954524e-01  2.85662539e-01  3.44623343e+00
  2.94562843e+02] 3.4598321980013322
[-3.04233195e+00  4.57593551e-02 -9.44772960e-02  3.95280981e+00
  2.97273160e+02] 3.9542034928696816
[-3.02506702e+00 -8.88326649e-03 -1.13620052e-01  3.55791025e+00
  2.94123770e+02] 3.5597350725574097
[-2.95874981e+00 -4.28722521e-02  1.61782474e-01  3.64148238e+00
  2.95191079e+02] 3.645326530513595
[-3.03719347e+00 -5.16917044e-02 -2.15472702e-02  3.70521076e+00
  2.95790572e+02] 3.705633962712906
[-3.08588661e+00  2.02612275e-01 -2.73357698e-02  3.36448504e+00
  2.94154001e+02] 3.370691108779447
[-3.03390113e+00  1.56520778e-02  3.56998814e-01  3.53558773e+00
  2.92287585e+02] 3.553600112067196
[-3.02480806e+00 -2.28058817e-01  1.64174937e-01  3.84020955e+00
  2.95939494e+02] 3.850477065895366
[-3.03887191e+00  1.81502882e-01  1.08665779e-01  3.74407736e+00
  2.95883420e+02] 3.750048905039983
[-3.01763894e+00 -7.10913579e-03  2.48177335e-01  3.53075758e+00
  2.95435949e+02] 3.539476182267152
[-2.97450283e+00  1.97551339e-01 -5.98171533e-02  3.94022436e+00
  2.98500903e+02] 3.9456270278791674
[-2.95307769e+00  1.61925805e-01  6.92264765e-02  3.29796512e+00
  2.93641651e+02] 3.302663501287662
[-3.03209554e+00 -2.60628952e-03  1.28408424e-01  4.18920944e+00
  2.96057920e+02] 4.191177785410802
[-2.95074944e+00  7.26583686e-02  3.10413437e-01  3.58366271e+00
  2.94400230e+02] 3.597815193232421
[-3.03158814e+00  1.13003620e-01  1.08393209e-01  3.61133366e+00
  2.94671275e+02] 3.614726786686805
[-2.97565314e+00  1.44265814e-01 -1.07583957e-01  3.33600077e+00
  2.92021263e+02] 3.340851397948235
[-3.01603262e+00  1.51867596e-01 -3.29693644e-01  3.83539786e+00
  2.95563062e+02] 3.8525366250740958
[-3.08010952e+00  6.42692844e-02 -1.10981737e-01  3.73893380e+00
  2.94697470e+02] 3.741132639914165
[-3.01224875e+00  1.46476917e-03  3.09200583e-01  3.79927123e+00
  2.97826895e+02] 3.8118327671238683
[-3.06680980e+00 -2.35606508e-02 -2.33837971e-01  3.75379885e+00
  2.95764538e+02] 3.761148906980007
[-3.13238723e+00  1.64543070e-01  1.26094444e-01  3.57302827e+00
  2.93588418e+02] 3.579036916602282
[-3.01113828e+00 -1.75742298e-01  5.78738673e-03  3.66414141e+00
  2.94574046e+02] 3.6683580995107565
[-3.02081621e+00  1.08789164e-01  7.94619391e-02  3.80260795e+00
  2.96759856e+02] 3.804993631120351
[-3.04713116e+00 -7.24411544e-02  1.51082532e-01  3.90087263e+00
  2.95176400e+02] 3.904469356809343
[-3.01274843e+00 -3.69180306e-02  1.90386246e-01  3.64480664e+00
  2.96556389e+02] 3.6499623734140045
[-3.03832391e+00  2.44617177e-01  1.16083218e-01  3.54055465e+00
  2.94188001e+02] 3.550892860313361
[-2.97422041e+00 -3.33727912e-02  4.88953913e-01  3.96042465e+00
  2.97604828e+02] 3.990633172069359
[-3.02767127e+00  1.24479042e-01 -2.75229944e-01  3.55678010e+00
  2.93877717e+02] 3.569584184658926
[-3.01292055e+00  1.34060716e-01  3.81180462e-02  3.46546104e+00
  2.93741781e+02] 3.4682625989343725
[-3.04692723e+00 -1.25082651e-01  1.31883327e-01  3.89509605e+00
  2.95882597e+02] 3.89933482752856
[-2.96598263e+00  6.14519070e-02 -1.96860489e-02  3.78104238e+00
  2.96104640e+02] 3.781592964537568
[-3.05283869e+00 -3.52707374e-01 -1.29706381e-01  3.97251854e+00
  2.96018385e+02] 3.990254351986247
[-2.97928037e+00 -2.10591291e-01 -3.73154051e-02  3.62118329e+00
  2.94092600e+02] 3.6274935659800085
[-2.97375441e+00  2.23336961e-03 -1.34284781e-01  3.76230749e+00
  2.95715679e+02] 3.7647038431993334
[-3.03421812e+00 -1.02833068e-01  1.86490765e-01  3.74035165e+00
  2.92739473e+02] 3.746409464929984
[-3.01877634e+00  2.51094283e-02 -1.25727119e-01  3.56875673e+00
  2.94469191e+02] 3.571058999519153
[-2.96754185e+00 -1.17621267e-01  6.99470878e-02  3.47591371e+00
  2.94447833e+02] 3.4786065389752263
[-2.92270666e+00 -3.79345679e-01 -4.48897197e-02  3.36515937e+00
  2.96232160e+02] 3.3867707046845
[-3.00363179e+00  1.46675814e-01  7.87057084e-03  3.38960258e+00
  2.91143591e+02] 3.3927837252969635
[-3.02103947e+00  1.96487864e-01 -2.53239537e-01  3.79707383e+00
  2.96145580e+02] 3.810578356073049
[-3.01092792e+00 -2.34419229e-01 -7.51328476e-03  3.53083665e+00
  2.95020993e+02] 3.53861784519039
[-3.04469715e+00 -2.98342856e-01  1.82204643e-01  3.76775859e+00
  2.94860641e+02] 3.783941301419591
[-3.13055256e+00 -7.63932089e-02  2.02718135e-01  3.91674876e+00
  2.95124544e+02] 3.922735191498697
[-3.08268910e+00 -1.27254520e-01 -6.03026364e-02  3.34426478e+00
  2.94049659e+02] 3.347228260549296
[-2.96636348e+00  1.00324288e-01  1.14854551e-03  3.25298985e+00
  2.93124892e+02] 3.2545367200271813
[-3.05070058e+00  2.42733215e-02 -2.16145898e-01  3.50453966e+00
  2.94100991e+02] 3.5112827406951617
[-2.92934182e+00 -3.44178327e-01 -5.75350352e-03  3.50214936e+00
  2.94659456e+02] 3.5190257074688067
[-2.96235075e+00 -4.07063971e-02 -2.72298604e-01  3.37845951e+00
  2.93755929e+02] 3.3896595986447458
[-3.03999351e+00  3.51375026e-01 -5.52464822e-02  3.70236760e+00
  2.94156819e+02] 3.719414255706829
[-3.04606458e+00  1.71614146e-01 -2.31173884e-01  3.80844722e+00
  2.94660719e+02] 3.819314469285475
[-3.03941422e+00 -3.64252085e-01 -3.29692699e-02  3.68587504e+00
  2.96633687e+02] 3.7039764264500095
[-3.01704766e+00  5.88768264e-02  2.18110144e-01  3.81546907e+00
  2.96951408e+02] 3.822151583871964
[-3.04046348e+00 -7.45361427e-02  1.92930656e-01  3.34197501e+00
  2.90927501e+02] 3.3483689862000614
[-3.07771990e+00 -1.51162574e-01  1.25297775e-01  3.60786596e+00
  2.93640643e+02] 3.6132044563985204
[-3.03048771e+00  7.89175223e-02  1.82879570e-02  3.32242586e+00
  2.92048713e+02] 3.3234133074123884
[-3.07390861e+00 -4.23103464e-02  2.05849644e-01  3.63181408e+00
  2.92338508e+02] 3.6378891869536485
[-3.09683595e+00 -1.99750556e-02 -1.44033052e-01  3.86437232e+00
  2.93954277e+02] 3.8671071796979875
[-3.08333776e+00 -1.72344067e-01  4.35166266e-02  3.75956043e+00
  2.97338063e+02] 3.7637601983580646
[-3.00768936e+00  6.53020853e-02  2.44338911e-01  3.56234761e+00
  2.94483865e+02] 3.571314374226693
[-3.07809837e+00 -8.74342839e-02 -1.13453773e-01  3.68480267e+00
  2.93675894e+02] 3.687585552801434
[-3.01220699e+00 -1.86862867e-01  5.99120330e-03  3.44336664e+00
  2.92993166e+02] 3.448438408807128
[-3.00847653e+00  1.39910506e-01  3.69916358e-01  3.38171104e+00
  2.93661759e+02] 3.404758822717063
[-3.08935451e+00 -2.62961585e-01 -1.58578348e-01  3.59304738e+00
  2.95103394e+02] 3.606145497950885
[-3.03811469e+00 -2.67186689e-01 -1.44160716e-02  3.65950934e+00
  2.94572543e+02] 3.6692785605999005
[-3.00836668e+00 -2.97352528e-02 -2.84455826e-01  3.81394190e+00
  2.97320274e+02] 3.82465059262031
[-2.99144489e+00 -2.51254112e-01  5.83214011e-02  3.47537312e+00
  2.94505563e+02] 3.4849316124868217
[-2.92777950e+00  1.33562600e-01  1.09469742e-02  3.90681663e+00
  2.95025282e+02] 3.9091143486208777
[-3.11840015e+00 -1.95176088e-01  4.17059783e-01  3.64176550e+00
  2.93059966e+02] 3.6707613022405283
[-3.04052991e+00 -2.31684545e-01 -5.62280090e-02  3.84423864e+00
  2.94718469e+02] 3.851624337027536
[-2.94586161e+00  2.50373671e-01  2.43453200e-01  3.31944691e+00
  2.94630719e+02] 3.3377663507023643
[-2.97526174e+00  2.26467117e-01 -8.23382282e-02  3.44683902e+00
  2.96138070e+02] 3.4552519642130735
[-3.01131177e+00 -3.20037805e-02  8.29955464e-03  3.48643870e+00
  2.94031152e+02] 3.4865954635462835
[-2.93905344e+00  8.48359758e-02 -2.24766843e-01  3.55231115e+00
  2.94113707e+02] 3.5604257823154786
[-3.05436302e+00  1.65594250e-01 -2.89908137e-01  3.40109498e+00
  2.93799921e+02] 3.4174427929557183
[-2.97202478e+00 -1.26042714e-01 -3.45652934e-01  3.40312166e+00
  2.91561153e+02] 3.4229519034611187
[-2.98105611e+00 -2.57240150e-01 -4.24091366e-02  3.42560669e+00
  2.97222552e+02] 3.4355133843188392
[-3.00908684e+00  1.65312772e-01  1.57219058e-01  3.77967560e+00
  2.96248760e+02] 3.786554339938615
[-3.02470129e+00 -1.31936106e-01  3.60439564e-01  3.77079323e+00
  2.96186008e+02] 3.7902777453531944
[-2.99713238e+00  1.11332138e-01 -2.61908004e-01  3.86058276e+00
  2.96563101e+02] 3.8710579822536504
[-3.04988350e+00 -2.81594355e-01 -4.63957133e-01  3.70069601e+00
  2.95842495e+02] 3.7402810779554487
[-3.01345674e+00  1.51417831e-02 -1.17283738e-01  3.72610873e+00
  2.93877611e+02] 3.727984844796604
[-3.08823848e+00 -4.41319517e-02  1.08030567e-01  3.88828825e+00
  2.94137294e+02] 3.8900390399719122
[-2.93552727e+00 -7.35506315e-02  2.29912812e-01  3.78907378e+00
  2.96341308e+02] 3.796755154727448
[-2.95479102e+00  3.84610222e-02 -3.82603263e-01  3.68755614e+00
  2.94502867e+02] 3.7075510551452333
[-2.98514008e+00  9.59364843e-02  1.56982889e-01  3.99504211e+00
  2.97146068e+02] 3.999276043200783
[-3.02450977e+00 -3.70751895e-01 -2.10114733e-01  3.81923510e+00
  2.94315564e+02] 3.8429366259248936
[-2.99732810e+00 -2.32248534e-02  6.75089116e-02  3.64754244e+00
  2.92827554e+02] 3.6482410427377694
[-3.04821297e+00 -1.86928161e-01  1.95762109e-03  3.43524409e+00
  2.94397138e+02] 3.4403267219709672
[-3.00668070e+00  2.95427293e-01 -2.79144025e-01  3.75923133e+00
  2.97547737e+02] 3.7811398879224485
[-2.91894388e+00 -1.30576681e-01  8.91031502e-02  3.88499828e+00
  2.96341994e+02] 3.888213120751642
[-3.00439666e+00 -4.54929171e-02  2.31182519e-01  3.77117896e+00
  2.94887047e+02] 3.778532216681926
[-3.02207561e+00  4.21571915e-02 -2.30324305e-01  3.99708016e+00
  2.96684224e+02] 4.003932609239033
[-3.06217944e+00 -2.11765522e-01  3.18135554e-01  3.74155702e+00
  2.95091376e+02] 3.7610243069665654
[-3.08333604e+00  2.75915737e-01  5.38195165e-02  3.62651885e+00
  2.93325216e+02] 3.6373981107229816
[-2.98670829e+00 -5.77428864e-02 -1.90414043e-01  3.40537275e+00
  2.96231518e+02] 3.4111809236926227
[-3.13221254e+00  2.57849940e-01 -1.42989483e-01  3.63094688e+00
  2.94002350e+02] 3.642898270707585
[-3.00436080e+00 -8.98487410e-02  8.96633791e-02  3.71783495e+00
  2.94572771e+02] 3.720001212229219
[-3.08568603e+00 -8.91816014e-02 -2.35422519e-01  3.35531603e+00
  2.92177703e+02] 3.364747059317175
[-3.01212501e+00 -1.92416790e-02  8.65724743e-02  3.50859041e+00
  2.92865463e+02] 3.50971106152493
[-2.99995480e+00 -1.34300250e-01  1.45750554e-01  3.59574347e+00
  2.95312394e+02] 3.60120131279068
[-3.08969319e+00  1.20437805e-01  6.94268934e-02  3.67775623e+00
  2.93447884e+02] 3.680382623713862
[-2.95223849e+00  8.33967790e-02  1.79116044e-02  3.69418619e+00
  2.95389294e+02] 3.6951708249408206
[-3.04894727e+00  2.41914501e-01 -1.04963074e-01  3.94133109e+00
  2.96045942e+02] 3.950143119771976
[-3.05641684e+00  2.47261580e-01  1.42110112e-01  3.84012237e+00
  2.95386336e+02] 3.850697778343023
[-3.06850627e+00 -2.96917785e-01  2.42324799e-01  3.84533136e+00
  2.95236355e+02] 3.864382840031086
[-3.04520158e+00 -2.67703253e-01 -2.65506080e-01  3.46502643e+00
  2.93217162e+02] 3.4854793989312425
[-3.04780785e+00  1.75515733e-01 -1.65477821e-01  3.61494199e+00
  2.96934449e+02] 3.622981401904604
[-2.99524873e+00 -2.12012477e-01 -6.74721282e-01  3.39517897e+00
  2.94836533e+02] 3.4680597346953177
[-2.99347403e+00  1.95640211e-01  4.96777744e-02  4.04202795e+00
  2.95203948e+02] 4.047064729077086
[-2.96153887e+00  2.87101245e-01  1.08584237e-01  3.41437018e+00
  2.93627796e+02] 3.4281396369924075
[-3.01601819e+00  3.69930426e-01  1.88117241e-01  3.65469540e+00
  2.96988914e+02] 3.678183663627753
[-3.00357629e+00  1.48965797e-01  1.58904305e-01  4.02576489e+00
  2.98337964e+02] 4.031652808914298
[-3.03725201e+00 -1.17132401e-01  2.73725054e-01  3.87154515e+00
  2.96416780e+02] 3.882976600385817
[-3.03361028e+00  1.41428281e-01  1.46263910e-01  3.89905281e+00
  2.95235020e+02] 3.904357551764981
[-3.03325983e+00 -3.39872773e-02 -1.25357359e-01  3.59621274e+00
  2.95278505e+02] 3.5985574471815256
[-3.03456234e+00  3.00176910e-02 -1.69689625e-01  3.97986518e+00
  2.96807981e+02] 3.983594165627875
[-3.04026603e+00 -1.99889679e-01 -1.87106172e-01  4.05936768e+00
  2.98274922e+02] 4.068590736239108
[-3.09676452e+00 -1.41433596e-01 -2.25746909e-01  3.53501306e+00
  2.93241732e+02] 3.5450363140493555
[-3.04364163e+00 -2.55797078e-01 -9.51865145e-03  3.49770806e+00
  2.95463919e+02] 3.507062079038276
[-3.07681176e+00 -3.30871795e-01  9.35047341e-02  3.57147628e+00
  2.95523685e+02] 3.587988588024785
[-3.06255409e+00 -1.00096563e-01  6.05375832e-02  3.64541965e+00
  2.94330498e+02] 3.647296060138203
[-2.97540248e+00 -1.43563184e-01 -5.53130303e-02  3.74871785e+00
  2.97239000e+02] 3.751873589946722
[-3.01067007e+00 -4.75968817e-01  1.82343841e-02  3.68189559e+00
  2.95542011e+02] 3.712577800610289
[-3.00935463e+00 -3.43400493e-01  5.63629809e-02  3.27936333e+00
  2.93512897e+02] 3.2977756913438823
[-2.97257392e+00 -3.10239812e-02  7.47903723e-02  3.84267954e+00
  2.97074905e+02] 3.843532505150484
[-3.04839948e+00 -2.56919020e-04  6.25540378e-02  3.76176296e+00
  2.92487562e+02] 3.762283033095511
[-3.08499808e+00  7.90021936e-02 -3.68463801e-02  3.41474526e+00
  2.93416928e+02] 3.415857750005375
[-2.97639366e+00 -5.78910649e-02  8.66115673e-02  3.77675481e+00
  2.93011234e+02] 3.778191343474455
[-3.05322213e+00 -1.82122842e-01  1.83132295e-01  3.69807177e+00
  2.94859521e+02] 3.7070798425173765
[-3.00243459e+00 -2.10422754e-02  1.25975687e-01  3.07944431e+00
  2.93178000e+02] 3.082091811441229
[-3.10196924e+00  5.85063234e-02 -3.62857599e-01  3.73589361e+00
  2.95778273e+02] 3.7539299030466164
[-3.04199760e+00 -1.78945884e-01  1.10663096e-01  3.51940201e+00
  2.93479845e+02] 3.5256855296496443
[-2.98235994e+00 -7.77570775e-02 -1.13477159e-01  3.59119932e+00
  2.94668979e+02] 3.593833025404925
[-3.02249659e+00  1.18889047e-01  3.35371264e-01  3.59455217e+00
  2.93863274e+02] 3.6121204038480963
[-3.09959040e+00  1.32169044e-01  1.26675923e-01  3.61825168e+00
  2.95071771e+02] 3.6228801654310243
[-2.98964377e+00 -5.09308998e-02 -8.89017626e-02  3.43067387e+00
  2.95015968e+02] 3.4322034749901755
[-3.03378925e+00  6.05358888e-02 -2.88410025e-01  3.40845655e+00
  2.93481413e+02] 3.4211724616235
[-3.04011462e+00  1.22502029e-01  1.53149659e-01  3.89331918e+00
  2.96024562e+02] 3.898255481709998
[-3.05890296e+00  5.09990592e-02 -7.29683237e-03  3.79567381e+00
  2.93563081e+02] 3.7960234239372515
[-3.03211993e+00 -1.27453144e-02  6.61114888e-02  3.68989856e+00
  2.95470800e+02] 3.690512777505875
[-3.02069878e+00 -1.19658986e-01 -1.70336318e-01  3.22648973e+00
  2.94062324e+02] 3.2331979051702087
[-2.98754930e+00 -1.53647987e-01 -1.40556410e-01  3.61223305e+00
  2.93863186e+02] 3.6182304242599193
[-3.11836766e+00  7.39590965e-02  1.82110772e-01  3.59810590e+00
  2.94786117e+02] 3.6034706027092764
[-3.05081270e+00  1.82002494e-01  7.97290839e-02  3.75961959e+00
  2.96169492e+02] 3.764866677741421
[-2.93395823e+00  2.43189964e-01 -6.61688576e-02  3.58187122e+00
  2.95421207e+02] 3.5907270988394426
[-3.07394534e+00 -7.07404096e-02 -4.26081794e-02  3.70245015e+00
  2.95333343e+02] 3.7033710028795372
[-3.01548384e+00 -4.64494996e-02  4.96158574e-02  3.72234811e+00
  2.94868723e+02] 3.7229685362672185
[-2.99500500e+00  1.81904517e-01 -1.95425802e-01  3.63458764e+00
  2.94181611e+02] 3.6443803032618876
[-3.13474053e+00  1.96184528e-01 -1.93170549e-01  3.69984589e+00
  2.93558335e+02] 3.710075850667182
[-2.94725123e+00  1.92438292e-02  1.58728236e-01  3.43674550e+00
  2.94030131e+02] 3.4404628495461367
[-2.98290215e+00 -1.79015716e-01 -3.79548327e-01  3.33653533e+00
  2.93804799e+02] 3.362821962939705
[-3.02190593e+00  2.54816755e-01 -3.40104754e-02  3.82439392e+00
  2.95362741e+02] 3.8330245465847423
[-3.03448810e+00 -3.48706434e-02  1.89666134e-02  3.50645221e+00
  2.94775221e+02] 3.506676887358658
[-3.00534483e+00 -1.81932902e-01  2.23574850e-03  3.56309156e+00
  2.94973214e+02] 3.567734023101269
[-3.00709504e+00 -2.29015233e-01  1.84473859e-01  4.00114115e+00
  2.97581312e+02] 4.011933335995012
[-3.06088185e+00  7.29276255e-02 -2.56835957e-02  3.78791400e+00
  2.95766569e+02] 3.7887030206897716
[-3.01643409e+00 -1.77221719e-01  3.18586673e-02  3.62481818e+00
  2.95097874e+02] 3.6292877183620322
[-3.14298403e+00 -1.56866045e-01 -1.07020644e-01  3.85607066e+00
  2.96117336e+02] 3.8607436234618278
[-3.14320402e+00  7.77538769e-02  4.88294204e-02  3.59915181e+00
  2.94436022e+02] 3.600322722592558
[-2.96314291e+00  1.84307828e-01 -2.83783178e-01  3.63494466e+00
  2.95810048e+02] 3.6506608919735353
[-3.08423613e+00  3.13487528e-01 -2.06271918e-01  3.30119973e+00
  2.93494446e+02] 3.322460257825318
[-2.98694007e+00  3.92452802e-02  7.87746325e-02  3.54064505e+00
  2.95916920e+02] 3.5417386930166104
[-3.10281179e+00  1.45513638e-01 -2.27700500e-01  3.70352851e+00
  2.94128019e+02] 3.713373825190918
[-2.97827568e+00 -5.89348710e-02  6.81441318e-02  3.59881911e+00
  2.95407545e+02] 3.599946654749842
[-3.11451798e+00  1.44147118e-01  1.41999481e-02  3.27403084e+00
  2.92093018e+02] 3.277233278232388
[-3.07515165e+00  1.15227976e-01 -1.71648745e-01  3.66561874e+00
  2.94451835e+02] 3.67144406890205
[-3.05844129e+00  9.57684181e-02 -4.02040176e-01  3.50934123e+00
  2.94472104e+02] 3.533593600172408
[-3.01120936e+00 -6.44297074e-02 -1.36063802e-01  4.00364094e+00
  2.95855802e+02] 4.006470434278892
[-3.02611404e+00  5.52796976e-03 -2.28323212e-01  3.76215052e+00
  2.96198009e+02] 3.769076625446267
[-3.00484407e+00  7.17736173e-02 -2.50704673e-02  3.61359074e+00
  2.93547499e+02] 3.6143904044835615
[-2.98645822e+00  6.17452821e-02  1.15544879e-01  3.87058127e+00
  2.97068636e+02] 3.8727977596512364
[-3.08606713e+00  7.77658073e-02 -8.40575387e-02  3.44471092e+00
  2.93497795e+02] 3.4466137708169793
[-3.04609910e+00  3.58437881e-02  4.63636350e-01  3.60903152e+00
  2.94814581e+02] 3.6388668550437844
[-3.13622163e+00  2.89208861e-01  1.92276699e-02  3.67215218e+00
  2.94430076e+02] 3.6835734165349687
[-2.98058078e+00  1.91133830e-01  3.15592086e-02  3.53926593e+00
  2.96152112e+02] 3.544563649337266
[-2.99781560e+00 -1.39146323e-01  3.88230511e-01  3.86642086e+00
  2.94962859e+02] 3.8883537534722272
[-3.04285902e+00 -8.60640309e-03 -4.01284996e-01  4.00259211e+00
  2.95458196e+02] 4.022666688371741
[-3.08676502e+00 -1.51340089e-01  2.29745148e-01  3.65543453e+00
  2.94484997e+02] 3.665772528139413
[-3.02774811e+00  3.15753095e-02  1.62196646e-01  3.68992419e+00
  2.95824145e+02] 3.6936222438338
[-3.03955352e+00  1.95175307e-01  8.96446961e-02  3.64054720e+00
  2.95000403e+02] 3.6468772195767043
[-3.01775838e+00 -2.44835911e-01 -8.31258842e-02  3.83140014e+00
  2.94877569e+02] 3.840114782332538
[-2.96679215e+00 -1.96275531e-01  3.70486395e-01  3.72422500e+00
  2.93753590e+02] 3.7477508036402725
[-3.05533346e+00  1.62574917e-01  9.41541970e-02  3.75835795e+00
  2.94815396e+02] 3.7630506392928877
[-2.98923330e+00  3.71525308e-01  1.62285272e-01  3.81281873e+00
  2.96526608e+02] 3.8343127430051007
[-3.04870546e+00 -3.27416701e-02 -3.07505651e-01  3.87412983e+00
  2.94039095e+02] 3.886452587743934
[-2.96089936e+00  1.25635688e-01  2.02732531e-01  3.52125561e+00
  2.95010106e+02] 3.5293237120411423
[-3.12414845e+00 -5.97090943e-02 -2.92836152e-01  4.05526752e+00
  2.94499160e+02] 4.066265220580364
[-3.00439799e+00  2.87806077e-01 -1.20357749e-02  3.27069143e+00
  2.92706161e+02] 3.2833518869310425
[-3.07244358e+00 -2.26434310e-01  1.48588776e-01  3.71468799e+00
  2.95279168e+02] 3.7245480260513446
[-3.04152114e+00 -8.35959929e-02  2.31448391e-02  3.98844776e+00
  2.97668377e+02] 3.9893908721374927
[-2.97410892e+00  4.27683635e-02  1.48262297e-01  3.87987212e+00
  2.95835088e+02] 3.882939417554495
[-3.02644676e+00  8.22914632e-02  4.46417614e-02  3.71770543e+00
  2.94644383e+02] 3.7188840315373985
[-3.02691203e+00  7.18188858e-02  3.57304582e-01  3.52921419e+00
  2.94521104e+02] 3.547982148835151
[-3.06112542e+00 -1.46163964e-02 -1.04318937e-02  3.79445975e+00
  2.96316336e+02] 3.7945022403251576
[-3.01899999e+00 -2.00437687e-01  1.32759384e-02  3.80992833e+00
  2.97377486e+02] 3.8152202252064904
[-3.18326588e+00 -2.09722633e-01  5.02973605e-02  3.84115667e+00
  2.95897392e+02] 3.8472065106311093
[-3.01047751e+00 -1.29291540e-01 -1.65132033e-01  3.64309700e+00
  2.95534359e+02] 3.649128747223253
[-2.89944020e+00 -4.46909947e-05  2.44354649e-01  3.68260100e+00
  2.95673004e+02] 3.6906990286906076
[-3.05139884e+00 -1.59239507e-02  1.55224082e-01  3.46233002e+00
  2.94892976e+02] 3.4658443737560867
[-3.04942705e+00 -2.56214011e-01 -7.10117575e-02  3.71890670e+00
  2.93599672e+02] 3.7283984977983433
[-3.05612778e+00  3.25127455e-01  1.40969083e-01  3.51644588e+00
  2.92831847e+02] 3.5342568920256676
[-3.08527251e+00 -4.34577504e-02 -1.07547762e-01  3.87306059e+00
  2.98068384e+02] 3.8747972090040377
[-3.04652246e+00  3.99714626e-01 -2.03311254e-01  3.74503708e+00
  2.95292370e+02] 3.771791344860313
[-3.03195312e+00 -3.80163111e-02 -7.75433437e-02  3.62373966e+00
  2.93608055e+02] 3.6247685888712233
[-3.01458546e+00  2.70838658e-01  9.94532381e-02  3.80402374e+00
  2.96590262e+02] 3.8149496940083516
[-3.07806338e+00  2.62996880e-01 -1.01729618e-01  3.80026472e+00
  2.96642329e+02] 3.810712301177728
[-3.00376301e+00  1.79398448e-01  4.34700757e-02  3.57994860e+00
  2.95662743e+02] 3.5847043738614923
[-3.13141694e+00 -8.89975702e-02  3.92469693e-02  3.81828375e+00
  2.95903383e+02] 3.8195224429765506
[-3.11904053e+00  1.96626663e-01  6.85568408e-02  3.61555690e+00
  2.94985277e+02] 3.6215485319320115
[-2.98544463e+00 -1.24003791e-02  2.13586084e-03  3.49930998e+00
  2.93595614e+02] 3.4993326029061826
[-3.07836742e+00 -4.45644463e-01  1.82756595e-01  3.59939841e+00
  2.93451578e+02] 3.6314828776232746
[-3.07427488e+00  3.19011628e-01 -9.07094201e-02  3.81946235e+00
  2.95218847e+02] 3.833834801012465
[-3.02902891e+00 -1.08506118e-01 -1.13724830e-01  3.66512869e+00
  2.94729167e+02] 3.6684976761003534
[-3.01595832e+00  2.68529699e-01 -1.86601792e-01  3.54009093e+00
  2.92902343e+02] 3.555161351599815
[-3.00737630e+00  2.38334202e-01 -9.96871131e-02  3.84677395e+00
  2.98122840e+02] 3.855439082497209
[-3.00028403e+00 -1.66636341e-01 -2.28910374e-02  3.54475725e+00
  2.94366531e+02] 3.548745640631457
[-3.02551658e+00  7.23019899e-02  5.80598776e-02  3.37722684e+00
  2.93493930e+02] 3.378499619400796
[-3.13749120e+00 -2.04711227e-01  1.30129862e-01  3.90329906e+00
  2.94302313e+02] 3.910829069085648
[-3.15336622e+00 -1.75003145e-01  1.58856337e-01  3.73022286e+00
  2.91693354e+02] 3.7377030419112813
[-2.97377600e+00  2.44752073e-01  1.00574186e-01  3.75605097e+00
  2.95062038e+02] 3.765360231026574
[-3.08909986e+00  4.10747547e-04  9.09671241e-02  3.53112765e+00
  2.94950440e+02] 3.532299203680408
[-3.01111127e+00  7.53334763e-02  3.55325164e-02  3.60376710e+00
  2.95758208e+02] 3.6047295338701786
[-2.92707183e+00 -2.41602431e-01 -4.45580156e-02  3.93429382e+00
  2.97065165e+02] 3.941957004727373
[-2.91271002e+00 -3.12898262e-01 -2.43145300e-01  3.59748417e+00
  2.95356936e+02] 3.6192426482064946
[-2.96698645e+00  2.34486020e-01 -4.15966843e-02  3.63247310e+00
  2.93620715e+02] 3.640271252223175
[-3.00456891e+00  3.32335248e-01  1.83084835e-02  3.59145392e+00
  2.94533860e+02] 3.6068439344309144
[-3.02786956e+00  7.45921663e-02  8.85049647e-02  3.31219747e+00
  2.93211153e+02] 3.31421924684857
[-2.95901192e+00  6.02097645e-02 -5.43470276e-02  3.76247398e+00
  2.96563234e+02] 3.7633481442797474
[-3.06770027e+00  2.90172538e-02 -1.91782180e-01  3.52594734e+00
  2.95907217e+02] 3.5312783885351453
[-2.96569242e+00 -1.38991733e-01  1.16102243e-02  3.48309962e+00
  2.95797860e+02] 3.4858910535227983
[-3.04344996e+00  3.74417918e-02 -1.43510251e-01  3.74818842e+00
  2.94634406e+02] 3.751121633783673
[-3.16334776e+00  1.16067048e-02  3.65922347e-01  3.84754633e+00
  2.92853689e+02] 3.8649251791275474
[-3.10596856e+00  2.03393068e-01 -2.38901846e-02  3.78774218e+00
  2.94359440e+02] 3.793274347857008
[ -3.02599402   0.32947598  -0.5451326    3.46418534 294.88926633] 3.5222583752885925
[-3.02781199e+00  2.13983136e-01 -3.30852222e-02  3.97623602e+00
  2.97205545e+02] 3.982127102825622
[-3.03688456e+00  1.67873294e-01  1.22802605e-01  3.63028913e+00
  2.93631427e+02] 3.636242718100559
[-2.99897727e+00  3.52625949e-02  2.39810259e-01  3.91023860e+00
  2.96445563e+02] 3.917744031128288
[-3.07781082e+00 -8.11258984e-02  1.63497876e-01  3.54555649e+00
  2.95718043e+02] 3.550251224281306
[-3.04485292e+00 -1.31497756e-01  2.56176755e-01  3.65576508e+00
  2.94821210e+02] 3.667088289756567
[-3.06549277e+00 -3.83862156e-02  1.94188959e-01  3.65845737e+00
  2.93032064e+02] 3.6638085671352836
[-3.09027897e+00  6.05057555e-02  5.84157911e-02  3.42817384e+00
  2.92332794e+02] 3.4292053313657767
[-2.93102780e+00 -2.94618755e-01 -2.31522041e-01  3.81965666e+00
  2.96500854e+02] 3.837991617300185
[-3.01373205e+00  3.35560612e-02 -3.09539261e-02  3.42833171e+00
  2.93963104e+02] 3.428635654345594
[-2.95622734e+00  1.56690916e-01 -5.17818561e-02  3.39266213e+00
  2.96484744e+02] 3.3966733380327727
[-2.92215460e+00  2.89417353e-01 -2.24401107e-01  3.90203144e+00
  2.96721690e+02] 3.919179455873899
[-3.09140624e+00 -9.95433247e-02  9.43978661e-02  3.59411399e+00
  2.92251398e+02] 3.596731187070793
[-3.07297415e+00  1.90930223e-01  5.03188319e-02  3.91413608e+00
  2.95701879e+02] 3.919113114025289
[-3.08657403e+00 -1.49409183e-01  1.36766510e-01  3.90263463e+00
  2.96241061e+02] 3.9078875667676187
[-3.01151882e+00  6.42761468e-03 -1.06487698e-01  3.67501327e+00
  2.95225445e+02] 3.6765613664914882
[-2.99990901e+00  1.15389384e-02 -1.78457601e-02  3.99485692e+00
  2.96352216e+02] 3.9949134404109787
[-3.08757937e+00  9.20535748e-03 -9.89878216e-02  3.62229090e+00
  2.94244642e+02] 3.62365487960786
[-3.04186822e+00 -2.63926044e-01  1.01538938e-01  3.69864110e+00
  2.94910047e+02] 3.709435686218279
[-3.03123912e+00  1.43890604e-01 -1.08272968e-01  3.89681834e+00
  2.94311769e+02] 3.900976894814783
[-2.96045768e+00 -2.49801738e-01 -1.48726651e-02  3.50935770e+00
  2.95530633e+02] 3.5182685459754186
[-3.07627553e+00 -1.54948744e-01 -2.23560984e-01  3.69195717e+00
  2.94856705e+02] 3.7019638489505056
[-3.07023185e+00 -9.08741196e-02 -3.40624121e-01  3.77348418e+00
  2.95389156e+02] 3.789916323522986
[-3.05594932e+00 -2.94043658e-03 -1.62337195e-01  3.65282625e+00
  2.92525669e+02] 3.6564329073220234
[-3.05014880e+00  1.00382621e-01  1.13951966e-02  3.74631917e+00
  2.92623490e+02] 3.7476811248928388
[-2.94207830e+00  6.37735217e-02  1.86175745e-01  3.63899536e+00
  2.96072120e+02] 3.6443127872067826
[-3.10169496e+00 -3.91126902e-02  5.58341277e-02  3.40790288e+00
  2.93165436e+02] 3.408584644406698
[-2.99478943e+00 -6.02458147e-02 -2.20595747e-01  3.91457070e+00
  2.96403096e+02] 3.921244168431213
[-2.95295113e+00 -2.84580475e-01 -9.11365065e-03  3.70295890e+00
  2.95781259e+02] 3.7138893024492026
[-3.04850179e+00  3.97731835e-01  4.01017085e-02  3.74285763e+00
  2.95607937e+02] 3.764144255925869
[-3.03734942e+00  1.70018283e-01  4.40898822e-01  3.85722743e+00
  2.96660708e+02] 3.8860650346358128
[-3.07445623e+00 -1.90607681e-02  5.61656457e-02  3.95552551e+00
  2.96881984e+02] 3.955970168353456
[-2.96637946e+00  8.25777265e-02 -1.49758502e-01  3.67746341e+00
  2.95623056e+02] 3.681437734097016
[-3.03864037e+00  2.42897674e-01  1.84607643e-01  3.84931633e+00
  2.95914225e+02] 3.861387762411947
[-3.00927863e+00 -4.96419572e-02 -9.35467951e-02  3.42602936e+00
  2.92968163e+02] 3.427665749427051
[-3.02471382e+00 -1.86320299e-01  1.64006932e-01  3.66415994e+00
  2.96128122e+02] 3.672557913008346
[-3.02869931e+00 -1.56139934e-01 -1.71463097e-01  3.59010458e+00
  2.91968252e+02] 3.597586716796886
[-2.96295203e+00  6.17517048e-02 -1.26843563e-01  3.64295921e+00
  2.92668101e+02] 3.645689833916728
[-2.98818825e+00 -7.68632008e-02  2.85970954e-01  3.56405788e+00
  2.94325536e+02] 3.5763383360475816
[-3.04604805e+00  6.28515160e-02 -2.10836917e-02  3.44379199e+00
  2.93345950e+02] 3.4444300111676522
[-3.02585955e+00  1.93909000e-01 -6.55768829e-03  3.51305081e+00
  2.93394973e+02] 3.5184044269260846
[-3.07657239e+00  1.85166855e-01  1.36189685e-01  3.30015538e+00
  2.93806075e+02] 3.30815053240311
[-2.98572471e+00  1.21841532e-01 -3.12121851e-01  3.78396466e+00
  2.96671523e+02] 3.798770054244372
[-3.02293601e+00 -8.23015899e-02  2.24521481e-01  3.55446037e+00
  2.93800425e+02] 3.5624951894763597
[-2.99172483e+00 -3.75395238e-02  1.28262298e-01  3.72861642e+00
  2.95703427e+02] 3.7310107043150262
[-2.95444120e+00  1.59426191e-01  1.99797148e-02  3.63785913e+00
  2.97075480e+02] 3.6414056272989237
[-3.05493180e+00 -7.37107219e-02  1.58039352e-01  3.62486751e+00
  2.93719495e+02] 3.6290596769045553
[-3.00159861e+00  1.53012345e-01 -2.17097289e-02  3.58235291e+00
  2.96586769e+02] 3.5856849347685698
[-3.06163329e+00  4.12463470e-01  5.27861620e-02  3.84411411e+00
  2.96994012e+02] 3.866539251158233
[-3.09428386e+00 -1.93531404e-01  2.22759959e-01  4.08656298e+00
  2.95012201e+02] 4.097203114971884
[-3.06203682e+00 -2.51425424e-01 -2.41459303e-01  3.41900656e+00
  2.93119383e+02] 3.4367314694399713
[-2.98178272e+00 -1.48941917e-01 -3.21233838e-01  3.37523231e+00
  2.94545753e+02] 3.3937542667186045
[-3.01362353e+00  1.66176830e-01  1.22591021e-01  3.89767676e+00
  2.95231390e+02] 3.903143279579494
[-3.09146611e+00  5.11076838e-02 -2.04687958e-01  3.59219180e+00
  2.93196878e+02] 3.5983817359512753
[-2.97090523e+00  2.41572700e-01 -5.48955666e-02  3.56447743e+00
  2.95804742e+02] 3.5730757352189046
[-3.01261362e+00 -1.82631925e-01  2.32966920e-01  3.75225855e+00
  2.94759062e+02] 3.763917135834077
[-3.05611101e+00  1.77195459e-01 -8.90599064e-02  3.52798331e+00
  2.93884808e+02] 3.5335529006166038
[-2.91888395e+00 -1.75502126e-01 -2.45700748e-01  3.25842969e+00
  2.93250230e+02] 3.2723896311574383
[-2.92242464e+00  3.03449059e-01  2.72992245e-01  3.80227431e+00
  2.95721316e+02] 3.8241202932455125
