/mnt/stage/douwei/Simulation/5kt_root/2MeV/5kt_+0.40_1.root
[-2.99215447e+00  1.11754678e-02  1.77503804e-01  1.49575578e-01
  2.85029360e+02] 0.2323905013991411
[-3.05992493e+00 -2.01496129e-01 -7.59110181e-03  4.10790004e-01
  2.85417271e+02] 0.4576098139810275
[-3.00447228e+00  2.23699582e-01 -1.50233609e-01  3.43279395e-01
  2.85597799e+02] 0.4364085053365703
[-2.86628699e+00 -7.19001758e-03  1.12147787e-01  2.39572958e-01
  2.85268739e+02] 0.264620530132601
[-2.99918210e+00 -1.87251124e-01  8.88916006e-02  1.42288147e-01
  2.85632731e+02] 0.2514172166456759
[-2.94291256e+00 -7.50916002e-02 -3.47415461e-02  3.59313647e-01
  2.85973818e+02] 0.3687167212242285
[-3.00656341e+00 -4.05830184e-01  2.31450650e-02  6.73520185e-01
  2.85382521e+02] 0.7866786330608029
[-2.91732934e+00 -2.36425078e-01  1.22975225e-01  7.81594357e-01
  2.86081726e+02] 0.8257780949517383
[-3.02837092e+00  1.30777148e-01  2.90673018e-01  3.62082079e-01
  2.85415624e+02] 0.48238666827692633
[-2.95293590e+00  2.14486790e-01  2.03265948e-01  5.43131684e-01
  2.86291674e+02] 0.6183151743077689
[-2.91018615e+00 -5.30561311e-02 -8.34262088e-02  2.92218397e-01
  2.85898244e+02] 0.30849064324912273
[-2.93872574e+00 -1.92626192e-01  4.97314511e-02  3.78300177e-01
  2.85424953e+02] 0.4274214443890094
[-2.90788027e+00  2.06226991e-01  1.76230676e-01  6.48683596e-01
  2.86458920e+02] 0.7031196412294203
[-3.01351993e+00 -1.99677975e-01 -1.51560727e-01  2.28609519e-01
  2.84772211e+02] 0.3392701875293505
[-2.96446402e+00  2.55634251e-01 -2.75614986e-01  5.58742795e-01
  2.86167639e+02] 0.6734285425942041
[-2.97589032e+00 -9.16503507e-02 -1.77486126e-02  6.84147189e-01
  2.85191495e+02] 0.6904869122899356
[-3.00167769e+00  2.30411355e-01  1.64469239e-01  1.27145413e-01
  2.85654586e+02] 0.3103312408842182
[-3.00377094e+00  7.72934117e-03 -3.48091665e-02  2.09392982e-01
  2.85103327e+02] 0.21240725427593085
[-2.98540037e+00  2.84027447e-01 -2.87622458e-02  3.68101460e-02
  2.86393776e+02] 0.287843437200959
[-2.91435120e+00 -1.66120089e-01 -1.98122027e-01  7.96032780e-02
  2.85285518e+02] 0.270527084101375
[-2.99770143e+00 -1.47017357e-01  7.54349165e-02  4.58429432e-01
  2.85414345e+02] 0.48730080471778814
[-2.98375162e+00  2.68737589e-01  1.81164002e-02  7.84743847e-01
  2.86775867e+02] 0.8296812646390438
[-2.99674764e+00  3.55376193e-02 -1.13178961e-01  7.08346688e-01
  2.85345355e+02] 0.7182112709608246
[-2.99515623e+00 -9.03627097e-05 -4.10541590e-01  1.48182986e-01
  2.86171071e+02] 0.43646603844370807
[-3.01610390e+00 -7.69793448e-02 -1.90430097e-01  3.41747725e-01
  2.85570579e+02] 0.39872415105346803
[-3.00696615e+00 -3.29169440e-01  1.69888034e-01  2.86627786e-01
  2.85607724e+02] 0.4683694611054116
[-2.97912156e+00  3.65832858e-01 -2.64740956e-01 -1.24902190e-02
  2.86217981e+02] 0.45174933231274184
[-2.99715887e+00 -2.66907159e-01  2.03311275e-01  1.10582496e-01
  2.85378950e+02] 0.35327523887748824
[-3.04401002e+00  2.81933655e-02  2.85917190e-01  6.19551767e-01
  2.85544456e+02] 0.6829259825026762
[-3.04373088e+00 -3.09416066e-01  1.11964029e-01  5.47565383e-01
  2.85662334e+02] 0.6388286896823957
[-2.98549860e+00  5.61563105e-02  2.16228514e-02  3.17948325e-01
  2.85863719e+02] 0.3235926707692703
[-3.03100013e+00 -2.16253812e-01 -2.98771505e-01  3.87153723e-01
  2.84988145e+02] 0.5347131274376962
[-3.03216130e+00 -2.84857854e-03  1.37814273e-01  4.99877543e-02
  2.85626124e+02] 0.14662763626998346
[-2.97537052e+00  2.82735405e-01  1.37065458e-01  5.24431057e-01
  2.85343654e+02] 0.611354383461749
[-2.99039840e+00 -1.58509691e-01  1.43402388e-01  7.66070203e-01
  2.84800264e+02] 0.7953320836240918
[-3.01414343e+00 -1.18990050e-02  1.95743686e-01  4.52469050e-01
  2.85469232e+02] 0.49313833572367405
[-2.98680437e+00 -2.08614298e-01 -2.19572848e-01  5.29746820e-01
  2.85648863e+02] 0.6102162357897108
[-3.04097345e+00  2.34329391e-01  1.76627942e-01  5.06134961e-01
  2.85726604e+02] 0.5850472559094434
[-2.93399308e+00  6.53625289e-02 -1.34984825e-01  2.90526836e-01
  2.85829049e+02] 0.32695413403079926
[-2.91321287e+00 -2.40905395e-01  1.44775195e-01  4.45930350e-01
  2.85401446e+02] 0.5271139752017345
[-3.02765025e+00 -1.42968354e-02  1.36324637e-01  2.49266062e-01
  2.85367813e+02] 0.28446858473424413
[-2.97110642e+00  2.84814547e-02  1.72077677e-01  6.29583128e-01
  2.86128069e+02] 0.6532968964505912
[-3.05250420e+00  2.87723372e-01 -1.34591643e-01  3.23053922e-01
  2.84699151e+02] 0.45306013476943324
[-2.98753790e+00  7.62731909e-02 -3.78511288e-01  6.13443418e-01
  2.84865246e+02] 0.7248456538473964
[-2.96995597e+00 -2.00145642e-01  2.04931262e-02  3.91564235e-01
  2.85001486e+02] 0.44022811919781385
[-3.00759307e+00 -3.38364175e-01 -1.33420280e-01  4.66385608e-01
  2.85946148e+02] 0.5914446899428901
[-3.02257743e+00  2.98377616e-01 -2.34221946e-01  6.09542970e-01
  2.86366603e+02] 0.7179357591745039
[-2.98605536e+00 -2.65404737e-01  1.01249602e-01  3.75633220e-01
  2.85056135e+02] 0.4709474200479327
[-3.02895159e+00 -1.54179075e-02  3.05357985e-01  5.07263620e-01
  2.85343498e+02] 0.5922816822106566
[-3.00730119e+00 -1.29917573e-01  2.15000641e-01  4.76157527e-01
  2.85934596e+02] 0.5383584694281731
[-3.04267242e+00 -2.02912776e-01  1.82780115e-01  3.44004204e-01
  2.85091106e+02] 0.4392277972012112
[-3.02500485e+00  6.74715609e-02 -1.58792176e-01 -3.78555793e-02
  2.86296011e+02] 0.17663638226665304
[-3.00200893e+00  3.14604307e-01  3.02806504e-02  7.36526199e-01
  2.86759214e+02] 0.8014759072194797
[-3.02660229e+00  2.02567707e-01  1.98647168e-01  5.28844995e-01
  2.85681105e+02] 0.60014281811355
[-2.99149167e+00  3.60534792e-01  2.17042510e-01  4.62318179e-01
  2.85539313e+02] 0.6251646872763729
[-2.96046354e+00  9.39466730e-02 -6.68234226e-02  2.90956688e-01
  2.86575278e+02] 0.3129650803727917
[-2.95692975e+00 -6.16097831e-02 -1.38394742e-01  5.11654891e-01
  2.85771735e+02] 0.5336099677584143
[-3.07993313e+00 -5.57703308e-03 -3.51145376e-01  2.78879757e-01
  2.84940984e+02] 0.44845077458170235
[-3.13634420e+00  1.39729867e-01 -1.19183906e-01  1.42688263e-01
  2.84735285e+02] 0.23257080599548738
[-2.97095186e+00 -2.52949932e-01  2.60157733e-03  5.78862900e-01
  2.86037890e+02] 0.6317220061906199
[-2.97760304e+00  5.26841267e-02  1.20017969e-01  5.87617794e-01
  2.85639087e+02] 0.602058637073685
[-2.94671189e+00 -4.06283242e-01 -8.06876090e-02  5.42707009e-01
  2.86462868e+02] 0.68272063121235
[-3.00982765e+00  1.82005949e-01 -1.50323124e-01  5.21041584e-01
  2.85219437e+02] 0.5720205755473295
[-3.02630991e+00 -8.66890384e-02 -2.93897648e-01  4.52530923e-01
  2.84840151e+02] 0.5465117139485417
[-3.01732197e+00 -8.42216466e-02 -2.28704347e-01  5.87357306e-01
  2.85492564e+02] 0.6359147495269881
[-2.89096205e+00 -1.33583978e-01 -1.09485241e-01  1.35522953e-01
  2.86112428e+02] 0.21954081111505158
[-2.95809582e+00  1.99259722e-01  9.18149884e-02  1.36833500e-01
  2.85504849e+02] 0.2585688219760728
[-2.94557560e+00 -3.09912759e-03  1.23791031e-01  4.66614034e-01
  2.86368507e+02] 0.48276545100303725
[-3.04739310e+00  6.74943000e-02 -3.37342533e-01  2.06553716e-01
  2.85699152e+02] 0.40127285299039145
[-2.96155871e+00  8.95509223e-02 -3.10727064e-01  4.58597022e-01
  2.86981087e+02] 0.561143390760067
[-2.92539154e+00 -1.64725608e-01 -3.63240370e-01  6.41890199e-01
  2.85806155e+02] 0.7557123262818272
[-2.99782901e+00 -2.49082352e-01 -3.97840452e-01  2.00546208e-01
  2.85773161e+02] 0.5104290601152164
[-2.89355509e+00  1.49094970e-01 -3.26938447e-01  1.61935265e-01
  2.85918381e+02] 0.39413333806064116
[-2.97696269e+00 -1.45997332e-01  3.45190331e-01  3.03672744e-01
  2.85547188e+02] 0.4823781926614465
[-3.01284492e+00 -1.38662564e-01 -4.99195386e-02  6.63441426e-01
  2.85981641e+02] 0.6796129724738431
[-3.02520029e+00  2.52161693e-01  5.52448555e-02  6.40129267e-02
  2.85665654e+02] 0.2659608397945149
[-2.98160217e+00 -2.10122617e-01  3.41950820e-01  2.93819124e-01
  2.85663746e+02] 0.4974048200517135
[-3.03491773e+00 -2.82139406e-01 -7.50774599e-02  5.18432711e-02
  2.85705834e+02] 0.2965248627028895
[-2.96321648e+00  1.26502676e-03 -1.91294810e-01  4.02161325e-01
  2.86018558e+02] 0.44534148219063985
[-2.95382304e+00 -1.51687246e-01  3.72682599e-01  6.32949097e-01
  2.86254679e+02] 0.7500172661416077
[-2.89577284e+00  8.74966097e-02  9.10537548e-02  4.00607370e-01
  2.86519560e+02] 0.42003893658834934
[-3.00026206e+00  2.11297035e-01 -1.68393409e-01  4.62520519e-01
  2.85600642e+02] 0.5356566134652526
[-3.00808321e+00 -2.89801201e-01  2.66983635e-01  8.79067575e-01
  2.85882755e+02] 0.9633404379352779
[-3.01795685e+00 -1.58746150e-01 -1.45848678e-01  6.18454452e-02
  2.85214367e+02] 0.22427000716840623
[-3.00462960e+00 -2.81206724e-02  5.47370725e-02  4.67530385e-01
  2.85842185e+02] 0.47156291266630407
[-2.92375864e+00  4.01892214e-01 -1.72687456e-01  2.15077736e-01
  2.86503968e+02] 0.4874389617043897
[-2.98291967e+00  4.21180118e-02 -1.84511685e-01  1.11181334e-01
  2.85276040e+02] 0.21949892433581783
[-3.02761141e+00  7.83546424e-02 -2.09250483e-01 -1.46461677e-01
  2.85578989e+02] 0.2671633162426415
[-2.99932732e+00  2.19333567e-01 -1.46829913e-01  1.48800056e-01
  2.85688273e+02] 0.3029978442939746
[-3.00098028e+00 -3.68255742e-01  7.92448067e-02  5.41643715e-01
  2.85578304e+02] 0.659749911053362
[-3.00429915e+00 -1.63833871e-01  1.72476932e-02  3.59457812e-01
  2.85534621e+02] 0.3954098365229063
[-3.04648386e+00 -3.88404296e-01  1.14448557e-01  5.58678195e-01
  2.84582307e+02] 0.6899838363919694
[-3.01915640e+00  8.80828420e-02  1.16971904e-01  5.30151363e-01
  2.85354875e+02] 0.550001346234446
[-2.94500697e+00 -1.15464618e-01  1.23467334e-01  2.96551541e-01
  2.85249886e+02] 0.34134890809936436
[-2.99741814e+00  4.86941556e-02  1.62752207e-01  3.92182309e-01
  2.85961986e+02] 0.4273948582147407
[-2.97634322e+00  1.96652240e-01  9.85135974e-02  2.47343707e-01
  2.85870459e+02] 0.3309923592694537
[-2.91577665e+00  7.26538689e-02  8.24874543e-02  5.93793601e-01
  2.86086991e+02] 0.6038821117827864
[-3.02875550e+00  1.62200656e-01  2.64512348e-02  5.30197361e-01
  2.84958483e+02] 0.5550837435917535
[-3.07623381e+00  7.82595427e-02  2.63631377e-01  6.35120367e-01
  2.85964603e+02] 0.6921011046217834
[-2.93574756e+00  1.44598605e-01  6.21599563e-02  6.66822653e-01
  2.86585729e+02] 0.6851460193139128
[-2.99322051e+00  1.19628914e-01  1.72576533e-01  4.80584109e-01
  2.85579713e+02] 0.5244566931000272
[-3.01813386e+00 -9.87475188e-02 -1.48807944e-01  2.38089784e-01
  2.85150387e+02] 0.2976266487659284
[-2.99041639e+00 -3.05727644e-02  1.31888183e-01  3.88731772e-01
  2.85513348e+02] 0.4116328188042069
[-2.97031183e+00  2.52224935e-01 -2.06589209e-02  4.50367548e-01
  2.86342437e+02] 0.5165995908558312
[-3.00542270e+00  4.17955681e-01 -7.77252035e-02  4.61829416e-01
  2.85750380e+02] 0.6277057976250261
[-3.01213305e+00 -3.25191835e-01 -7.88061277e-02  4.51057324e-01
  2.85898027e+02] 0.5616162785952746
[-2.94006995e+00  9.32618397e-02 -2.35306787e-01  6.28152592e-01
  2.85190001e+02] 0.677231668958467
[-3.01311977e+00 -1.07538918e-01  2.62107104e-01  6.61635826e-01
  2.85822542e+02] 0.7197407303082363
[-3.05734219e+00 -9.11320032e-02  9.14068501e-02  4.09557944e-01
  2.85508701e+02] 0.42941583996033195
[-2.95202043e+00 -2.33781860e-01 -6.62167185e-02  3.67869053e-01
  2.86166687e+02] 0.4408698815057334
[-3.00184800e+00 -1.62835085e-03  3.01688739e-02  3.61083953e-01
  2.85942782e+02] 0.3623457373347796
[-2.94371642e+00 -8.21091410e-03  1.24478848e-01  5.39935326e-01
  2.85632616e+02] 0.5541593261640142
[-3.00130233e+00  8.72815383e-02 -9.99995080e-03  1.03034435e-01
  2.85679014e+02] 0.1354036955297981
[-3.01847156e+00  1.08914587e-01 -1.91101082e-01  3.35917824e-01
  2.86385693e+02] 0.4015255844939091
[-2.91752892e+00  1.80372062e-01  2.36722574e-01  4.37599410e-01
  2.85713457e+02] 0.5292115852972863
[-3.04253455e+00 -1.42032409e-01 -1.98153117e-01  3.26723290e-01
  2.85554255e+02] 0.4076591364017512
[-2.97738063e+00  4.11326946e-01  5.41764993e-02  3.86267517e-01
  2.85679393e+02] 0.5668576051444016
[-3.01035926e+00  2.33776186e-01 -3.12501533e-01  5.30516200e-01
  2.86910456e+02] 0.6586015117312748
[-3.04327605e+00 -2.19859333e-01 -1.20242855e-01  5.03241431e-01
  2.84444377e+02] 0.5621818283046471
[-2.85231516e+00  1.48917805e-02 -1.71212679e-01  2.98558094e-01
  2.85866980e+02] 0.3444887258010082
[-2.98466562e+00  1.10798562e-01 -1.01934668e-02  6.25272897e-01
  2.85512243e+02] 0.6350956019327124
[-3.00023606e+00  1.72730553e-01 -4.13153229e-01  2.77955150e-01
  2.84822948e+02] 0.5270583462569375
[-3.00782068e+00 -3.66463536e-02 -2.02488747e-01  5.92094703e-01
  2.86242523e+02] 0.6268339376424642
[-3.02566089e+00  1.68004786e-01 -3.92440886e-02  3.68808017e-01
  2.85802810e+02] 0.40716711595736593
[-2.94616430e+00  2.53743764e-01  1.07235394e-01  5.27795426e-01
  2.86486892e+02] 0.5953598405621505
[-2.90723385e+00 -8.53347100e-03 -2.26600011e-01  5.58401341e-01
  2.85882774e+02] 0.6026876828582899
[-3.11306328e+00 -1.24889963e-01  1.23955193e-01  3.56238834e-01
  2.85068674e+02] 0.39732669107075624
[-3.01343469e+00 -4.51559985e-02  1.09734224e-01  2.81121110e-01
  2.84573998e+02] 0.3051388905967101
[-3.11090369e+00  2.83287217e-01  3.91402426e-02  4.13544000e-01
  2.84414537e+02] 0.502794436999604
[-2.98015979e+00 -3.50398339e-01  3.58361177e-02  5.40096473e-01
  2.85746448e+02] 0.6448002977443027
[-3.01137588e+00  2.93007251e-01  7.63170733e-02  2.53021265e-01
  2.85751649e+02] 0.39458497861375164
[-2.92643692e+00  3.24138102e-01  1.36312013e-01  4.69693972e-01
  2.86059614e+02] 0.5867358024545377
[-2.97225838e+00 -1.57707427e-01  4.37882828e-02  4.16461548e-01
  2.85542380e+02] 0.44746985085405994
[-2.94228074e+00 -2.21492435e-02 -5.53091252e-02  7.88315284e-02
  2.86291605e+02] 0.09881345143257908
[-3.05287622e+00  1.69757683e-01 -5.59157811e-02  4.97248205e-01
  2.86230359e+02] 0.5283938142519299
[-2.96062771e+00  1.78015759e-01 -2.56431778e-01  1.70276784e-01
  2.85220994e+02] 0.3555855037394542
[-2.99963413e+00 -1.86057157e-01  2.78866056e-01  2.07416528e-01
  2.85552147e+02] 0.39421461045837736
[-2.86229642e+00 -2.83701266e-02 -9.18319377e-02  2.83286201e-01
  2.86374864e+02] 0.29914718861901063
[-2.95678887e+00  1.03732785e-01  9.00053666e-02  4.88772254e-01
  2.85466709e+02] 0.5077004759640219
[-3.03941591e+00 -2.63113557e-02  1.34289492e-01  6.80446935e-02
  2.85512357e+02] 0.15282681533641665
[-2.92591478e+00 -3.59143086e-01  1.50503961e-01  2.90611013e-01
  2.85858844e+02] 0.4858908922804836
[-3.03302537e+00 -3.85621740e-01 -1.66566131e-01  1.46878990e-01
  2.85535578e+02] 0.44499644977500324
[-3.01891383e+00 -1.82779232e-01  2.50530337e-01  3.94091919e-01
  2.85377909e+02] 0.5014799483833187
[-2.99222937e+00 -1.12953127e-01  1.31002353e-01  1.87371857e-01
  2.85503637e+02] 0.25500634947501305
[-2.98124670e+00 -3.41576491e-02 -3.42727188e-01  2.36552430e-01
  2.84999490e+02] 0.4178345630318511
[-3.01352695e+00 -7.13597347e-02  9.47159081e-02  3.24942335e-01
  2.85896199e+02] 0.3459058196891743
[-3.07687937e+00  9.95931498e-03  1.88137787e-01  2.53059282e-01
  2.85749769e+02] 0.31549011893335144
[-2.97172309e+00 -1.86450344e-01 -1.80344458e-01  1.45963125e-01
  2.86039664e+02] 0.29764591054269846
[-3.02085267e+00 -4.12347561e-02 -1.53298086e-01  3.66339623e-01
  2.85128890e+02] 0.3992559680442172
[-2.93851561e+00  1.35550482e-01  2.13625496e-01  2.75825250e-01
  2.85120749e+02] 0.3742851241038797
[-3.07208063e+00 -8.18797629e-02 -9.78452970e-02  3.58529999e-01
  2.84146518e+02] 0.3805545398400623
[-2.93653094e+00 -1.49895520e-01 -9.44055804e-02  3.88874083e-01
  2.86647249e+02] 0.4273220482682235
[-2.98364274e+00  8.69294240e-02 -1.55776746e-01  4.07775293e-01
  2.85646459e+02] 0.4450885405221598
[-2.97202477e+00  8.16636782e-02 -1.03999115e-01  3.67666913e-01
  2.86143502e+02] 0.3907220634392801
[-2.89108117e+00  1.74820344e-01 -1.68341571e-01  1.17461108e-01
  2.85772657e+02] 0.2696259427395735
[-2.95366418e+00  1.56484587e-01  6.37953167e-02  2.12164530e-01
  2.85994008e+02] 0.27123985016741947
[-3.12642185e+00 -1.39496804e-01  5.85111393e-02  4.27575642e-01
  2.84285759e+02] 0.4535458540752012
[-3.02999146e+00 -9.77671178e-02 -1.80297554e-01  1.66647338e-01
  2.85741597e+02] 0.2642668206571241
[-2.96579095e+00  1.10573548e-01 -2.14405142e-01  4.56926104e-01
  2.85539031e+02] 0.5166986929512921
[-2.97130809e+00  4.50725971e-03 -1.57502685e-02 -1.01577554e-02
  2.85402231e+02] 0.019276056190768696
[-3.06656246e+00 -9.99117577e-02  1.41158288e-01  9.69297148e-02
  2.85054190e+02] 0.19825082892387377
[-2.97228066e+00  1.69444533e-02 -2.24384308e-01  3.90598068e-01
  2.85823000e+02] 0.45077963919060704
[-2.98878773e+00 -9.20806844e-02 -1.66890659e-01  5.17893732e-01
  2.85465082e+02] 0.5518561969824233
[-2.96392554e+00 -2.36361702e-01  1.09582784e-01  5.26281990e-01
  2.85334418e+02] 0.5872375779828767
[-2.95994582e+00  8.94013013e-02  7.62820866e-02  6.57210371e-01
  2.86066825e+02] 0.6676353949685228
[-2.93988710e+00  2.02290257e-01 -6.54024203e-02  6.13973293e-01
  2.85813556e+02] 0.649739970865036
[-3.10224918e+00  1.65457041e-01  1.34022700e-01  1.61148773e-01
  2.84265189e+02] 0.26703378709614745
[-2.98829452e+00  2.27204245e-02  6.75672884e-02  4.50639405e-01
  2.86344636e+02] 0.4562427309681139
[-2.99457108e+00  2.60431084e-01 -4.47342489e-02  2.51956057e-02
  2.85590891e+02] 0.2654436311442329
[-2.93677800e+00 -3.84627122e-01  8.82282573e-02  2.74960536e-01
  2.85949979e+02] 0.4809631426690089
[-3.05011377e+00 -2.35717432e-01  9.81610597e-02  3.85111313e-01
  2.85216990e+02] 0.46207036791540496
[-2.96103375e+00 -2.96519164e-01  1.47890920e-01  7.48337295e-01
  2.86555424e+02] 0.8184155699838401
[-2.98336690e+00 -1.46315452e-03  3.22044167e-01  1.62158225e-01
  2.85661247e+02] 0.3605688231532032
[-3.02015866e+00  7.47983437e-02 -5.69658323e-02 -8.97473650e-02
  2.85297090e+02] 0.12997879752293295
[-3.03899682e+00 -1.00931521e-01  5.84605758e-01  2.88743313e-01
  2.85950993e+02] 0.6597906981916332
[-3.07419096e+00 -6.37182051e-02 -1.15935433e-01  2.11441511e-01
  2.85357213e+02] 0.24941641260762462
[-2.95939883e+00 -4.24983243e-01 -3.06545319e-02  3.90275423e-01
  2.85929280e+02] 0.5778108366151038
[-2.98420226e+00  2.00392782e-01 -5.18547681e-01  2.98370438e-02
  2.85764864e+02] 0.556721845434432
[-2.91306005e+00  1.44581479e-01  8.38089417e-02  4.62088620e-01
  2.86400032e+02] 0.49137931968484655
[-2.84380497e+00  1.38970347e-01 -4.20625558e-02  6.36486946e-01
  2.86648572e+02] 0.6528381487516716
[-2.99560970e+00 -2.15190734e-01  1.38445866e-01  4.69220747e-01
  2.85643577e+02] 0.5344552547709505
[-3.05375966e+00 -4.45163158e-03 -4.08026768e-01  5.43255524e-01
  2.85654290e+02] 0.6794352246160145
[-3.00933129e+00  3.97061402e-02  1.19032237e-01  4.60817552e-01
  2.85617204e+02] 0.47759613382231625
[-3.00938688e+00 -2.77835429e-02  2.61969144e-01  4.08325148e-01
  2.85727559e+02] 0.4859312542894639
[-3.05713534e+00  6.01595372e-02  1.06876008e-01  3.52339549e-01
  2.85243921e+02] 0.3730748028262033
[-3.02073017e+00  5.36670319e-03  3.30929035e-02  3.63533095e-01
  2.84216670e+02] 0.3650756806327504
[-3.05956890e+00  1.56158648e-02  2.06012667e-01  3.08671167e-01
  2.85828180e+02] 0.3714336602148369
[-3.00288816e+00  1.64273399e-01  2.01506093e-01  5.23205604e-01
  2.85081059e+02] 0.5842384434649237
[-2.94500978e+00  1.11336762e-01  1.92583497e-01  2.58887604e-01
  2.86024328e+02] 0.3413313194526393
[-3.07664949e+00 -9.78377754e-02  3.10433427e-01  6.80459040e-01
  2.85157142e+02] 0.7542981161597552
[-2.94620778e+00  7.70525576e-02  2.20536750e-01  5.58816952e-01
  2.85485560e+02] 0.6056813851593853
[-2.97947211e+00 -2.21943197e-01  1.04086781e-01  4.68134237e-01
  2.85661535e+02] 0.5284340121250052
[-2.97837804e+00  1.66404953e-01  2.06357781e-01  6.64481451e-01
  2.85974916e+02] 0.7154087931050976
[-3.01025632e+00 -4.15302745e-01  4.75711567e-02  4.88892141e-01
  2.86020335e+02] 0.6432378339598256
[-2.99837550e+00  2.32920749e-01  1.95816532e-01  5.32165578e-01
  2.86269413e+02] 0.6130223422223613
[-3.05964412e+00 -3.25735522e-01 -1.04996262e-01  1.80332798e-01
  2.85779331e+02] 0.3868433313227377
[-2.90843840e+00 -2.78732589e-01  9.07582965e-02  2.95634519e-01
  2.85862263e+02] 0.4163276274262812
[-2.97208669e+00  1.26182930e-01  1.57902983e-01  3.52555192e-01
  2.85595746e+02] 0.4063873121177419
[-3.03360545e+00  1.90471984e-02 -9.76121781e-03  5.64559118e-01
  2.85650667e+02] 0.5649646669013042
[-3.03418417e+00 -1.68305806e-01  9.38481637e-02  6.30623242e-01
  2.84635080e+02] 0.6594088230500833
[-3.08169560e+00 -4.73808606e-02  1.15809178e-01  1.89059605e-01
  2.85042263e+02] 0.2267162232911928
[-2.93167419e+00 -8.52013458e-02 -1.89138566e-03  7.19152742e-01
  2.85890960e+02] 0.724184723464135
[-3.04802392e+00 -4.10597932e-02  1.07534820e-01  5.23791421e-01
  2.85495546e+02] 0.5362901235035433
[-2.91256323e+00 -1.29116461e-01  1.64486695e-01  7.30656274e-01
  2.86444789e+02] 0.7599904759464369
[-2.96676738e+00 -1.20396338e-02 -2.60263644e-02  6.81574926e-01
  2.86012899e+02] 0.6821779120546712
[-3.01661488e+00 -6.81040049e-02  1.97343366e-01  4.71540770e-01
  2.85526529e+02] 0.5156871700359316
[-3.00048442e+00  2.10202532e-01 -1.43108316e-01  5.14984757e-01
  2.85846967e+02] 0.5743469291538186
[-2.91278732e+00 -9.12072312e-02  1.33149325e-01  4.04723641e-01
  2.84800460e+02] 0.4357163376715703
[-2.99663313e+00  7.84386560e-02  3.02158155e-02  1.03974892e-01
  2.85737574e+02] 0.1337026416395242
[-3.02148699e+00  1.20657980e-01  2.61921810e-01  4.55391258e-01
  2.86332853e+02] 0.5390200189846596
[-2.99136388e+00 -2.31521152e-01 -2.77868323e-01  4.81416130e-01
  2.84935077e+02] 0.6021414607868012
[-2.96740958e+00  1.93791653e-01 -1.02177083e-02  3.06553638e-01
  2.86059842e+02] 0.36281502112919617
[-2.93531666e+00 -2.47609358e-01 -9.72754483e-03  5.64205101e-01
  2.86400065e+02] 0.6162243216554312
[-3.02389915e+00 -1.44674271e-01 -5.31963404e-02  5.21506259e-01
  2.84848765e+02] 0.5438099610924898
[-2.91685379e+00  5.58081189e-02  8.08213678e-02  3.67310343e-01
  2.85819643e+02] 0.380215107013177
[-2.91119434e+00  1.24937972e-02 -2.12618878e-01  5.05632813e-01
  2.86216508e+02] 0.5486596609410734
[-3.02019073e+00 -1.28041660e-01 -4.74672564e-02 -9.93922088e-03
  2.84977689e+02] 0.13691820655274786
[-3.00304274e+00  4.25517442e-02 -3.20473916e-01  5.23145288e-01
  2.85585284e+02] 0.6149757506208012
[-3.03285746e+00 -1.71829015e-01 -5.71466786e-02  3.66095350e-01
  2.85609094e+02] 0.4084320735284864
[-3.04626907e+00 -3.34623371e-01  2.52750909e-01  5.05102062e-01
  2.85081784e+02] 0.6564936522354214
[-3.00178681e+00  1.71431419e-01 -1.16608086e-01  2.78158492e-01
  2.85100175e+02] 0.34692697208455053
[-3.01129536e+00 -1.65610272e-01 -2.35825457e-01  7.37706651e-01
  2.85315349e+02] 0.7919921155346741
[-3.00000341e+00 -1.89725527e-01  1.94810554e-01  3.99327942e-01
  2.85175640e+02] 0.4831249662529137
[-2.94474362e+00  7.79287828e-02  1.20272729e-02  2.37443952e-01
  2.86057099e+02] 0.2501942865410252
[-2.99657065e+00  3.69835030e-01  1.31245755e-01  5.72398167e-01
  2.85466244e+02] 0.6940050862147572
[-2.93049651e+00 -2.01635966e-01 -1.78294954e-01  4.61587778e-01
  2.86294547e+02] 0.5343308243273127
[-2.94003634e+00  1.79704318e-01 -2.24606244e-01  6.05954293e-01
  2.86705070e+02] 0.6707624107571151
[-3.02222623e+00  3.42481729e-01 -7.75063669e-02  5.65590239e-01
  2.85111272e+02] 0.6657276396877366
[-2.94766559e+00 -6.44959303e-02 -1.94393901e-01  4.09853654e-01
  2.86102029e+02] 0.4581798025825139
[-3.02667115e+00  2.59718846e-01 -4.21541898e-02  5.50104834e-01
  2.85319270e+02] 0.6097919173426195
[-2.96553780e+00  1.34712623e-01  4.38489894e-01  4.69082280e-03
  2.85632323e+02] 0.45874053830564443
[-2.93947617e+00 -2.99740010e-01 -2.42020699e-01  4.34222422e-01
  2.85432073e+02] 0.5804887635029141
[-2.94336923e+00 -1.76145196e-02  5.50651608e-02  4.79241323e-01
  2.85756788e+02] 0.4827159507500293
[-2.98125042e+00  4.78888006e-02  1.30000575e-01  3.95069089e-01
  2.86098076e+02] 0.4186562696956144
[-3.05483096e+00  2.03800648e-02 -1.18560493e-01  4.01331915e-01
  2.85276437e+02] 0.4189740369657617
[-3.09741838e+00 -5.75062632e-02 -2.31683267e-01  2.83615106e-01
  2.84355123e+02] 0.37070424193820734
[-3.02490399e+00  5.80761690e-03  9.03476695e-02  2.79623920e-02
  2.85557367e+02] 0.09475402454159985
[-2.97959560e+00  2.32834888e-01 -3.84331430e-01  3.22065480e-01
  2.84610201e+02] 0.5528552311767749
[-3.04683266e+00 -1.00357931e-02  8.36315705e-02  1.95243667e-01
  2.85510969e+02] 0.21263829881541227
[-2.97602973e+00  1.59511079e-02 -1.37868078e-01  1.35624618e-01
  2.86015680e+02] 0.19405174995567692
[-3.04577812e+00 -2.24161635e-01 -7.83511160e-02  5.21825697e-01
  2.85427221e+02] 0.5733143940754031
[-2.96250101e+00 -1.40938921e-02  1.22181988e-01  1.85462096e-01
  2.85003666e+02] 0.2225382327671569
[-2.95423536e+00 -2.64756168e-01 -1.71159953e-01  3.01674873e-01
  2.85082565e+02] 0.43634766797001867
[-2.98152980e+00  1.70011014e-01  1.70860512e-01  4.19087277e-01
  2.86152557e+02] 0.48345755264188933
[-3.00705203e+00 -2.39237170e-01  1.05277907e-01  4.13084519e-01
  2.84989898e+02] 0.48883195579487443
[-2.93378698e+00 -9.21120312e-02 -2.15262394e-01  1.17717678e-01
  2.85752116e+02] 0.2620686478627337
[-3.03234614e+00 -1.91621943e-01 -2.59319264e-01  6.68675756e-01
  2.86225955e+02] 0.7423561919140644
[-3.07202770e+00  1.31307385e-01 -5.05778950e-03  3.29177393e-01
  2.85731478e+02] 0.3544361252420164
[-2.98793023e+00  2.11023487e-01  9.22421593e-02  2.80027062e-01
  2.85212390e+02] 0.3625667985423668
[-2.96493830e+00 -1.14559043e-01  3.15073859e-02  2.73819356e-01
  2.86190671e+02] 0.2984853926389068
[-3.02582770e+00  1.81276268e-01  1.75757780e-01  3.74226897e-01
  2.86008228e+02] 0.4514395337819394
[-2.96777419e+00  1.49410046e-01  2.01104298e-01  3.82777498e-01
  2.86264010e+02] 0.4574766809198245
[-2.91983709e+00  1.78342748e-01  2.18697016e-01  4.90201950e-01
  2.86031299e+02] 0.5656257352513516
[-2.95831790e+00 -1.44868668e-01 -1.87127942e-01  7.18053715e-01
  2.86513934e+02] 0.7560455903442299
[-3.07967365e+00  3.58475907e-01  1.55017828e-01  4.49936774e-02
  2.85997072e+02] 0.3931411120803716
[-2.87689044e+00  2.29603988e-01  2.97451006e-01  4.79423342e-02
  2.85383842e+02] 0.3788054380212073
[-2.87736364e+00  1.55687991e-01 -2.15227872e-01  4.16419769e-01
  2.86124879e+02] 0.4939303712506798
[-2.96474237e+00  9.72695924e-02 -5.38212557e-02  1.65283927e-01
  2.85270968e+02] 0.1991905560121572
[-2.97058655e+00 -7.32284610e-02 -1.94342384e-01  5.27505168e-01
  2.85459620e+02] 0.5669154014193185
[-3.10472092e+00 -8.25672282e-02 -5.73478092e-02  1.82339255e-01
  2.83860936e+02] 0.20821556655394655
[-2.95828178e+00  1.97901131e-01 -6.18549608e-02  2.50615474e-01
  2.86094675e+02] 0.32526759681802214
[-2.97660036e+00  1.53619759e-03 -8.08007405e-02  3.91664115e-01
  2.85523879e+02] 0.39991486407064
[-2.94989895e+00 -1.19681288e-01  2.78538766e-01  3.44789484e-01
  2.85078416e+02] 0.45911571878637664
[-2.99024745e+00  3.69088401e-02 -1.90758416e-01  7.57282414e-01
  2.85306835e+02] 0.7818105211736318
[-2.96990615e+00 -2.09230364e-01  2.82647123e-01  2.40619928e-01
  2.85882849e+02] 0.42610408497785496
[-2.98819333e+00  3.25896365e-01 -6.16236322e-02  2.76548557e-01
  2.85807998e+02] 0.431839110355564
[-3.04999547e+00  1.57591483e-01  2.78677873e-01  2.99048882e-01
  2.85465312e+02] 0.4380943576515172
[-2.99570964e+00 -3.43679311e-01 -1.87161611e-01  3.87642057e-01
  2.84905204e+02] 0.550827833533148
[-3.01593581e+00  1.05160334e-01 -1.17502224e-01  3.17831501e-01
  2.85975888e+02] 0.35479900152588245
[-2.92948392e+00  1.76742222e-01  6.03694600e-03  2.20471446e-01
  2.85693820e+02] 0.2826338910381661
[-3.00452889e+00  1.31591163e-01  2.29040497e-01  3.65114748e-01
  2.85972804e+02] 0.4506490461518213
[-2.94270385e+00  1.22213474e-01  8.54997924e-04  2.84295542e-01
  2.86261759e+02] 0.3094524509795041
[-2.92090180e+00 -1.29811878e-01 -3.34376748e-02  2.76144628e-01
  2.84898267e+02] 0.3069610027910706
[-2.95943123e+00  5.07256440e-02 -9.10078515e-02  5.76162727e-01
  2.85416141e+02] 0.5855074794673629
[-3.05415459e+00 -3.87010555e-02 -2.10971152e-01  7.04514319e-01
  2.84708982e+02] 0.7364421393520272
[-2.89113380e+00  1.52496440e-01 -4.47894472e-02  6.99235837e-01
  2.86036834e+02] 0.7170718336535147
[-3.01381290e+00  6.24895224e-02  2.70987897e-01  3.14581726e-01
  2.85340121e+02] 0.4198821774676795
[-2.94016946e+00  6.99840793e-02  1.06695049e-01  1.09880650e-01
  2.85093032e+02] 0.16839050435190442
[-2.93847039e+00 -2.84592898e-01 -7.45113453e-02  2.09236203e-01
  2.86151428e+02] 0.36100532798504975
[-2.93438855e+00 -9.50440746e-02 -8.74001953e-05  7.93723982e-01
  2.85670680e+02] 0.799394235064285
[-3.02341967e+00  2.78221608e-01  2.48442857e-02  3.46185624e-01
  2.84905382e+02] 0.44482467054502156
[-2.93303914e+00 -7.98218020e-02 -2.51053193e-01  5.39400553e-01
  2.85572466e+02] 0.6002934135378173
[-2.93414422e+00 -1.28924412e-01  1.42850192e-01  7.42990013e-01
  2.85883530e+02] 0.767503642736516
[-3.01407121e+00 -6.43885730e-02 -3.78328194e-02  4.68778568e-01
  2.85816178e+02] 0.4746899584067681
[-3.01585388e+00 -1.90182627e-01 -1.45765497e-01  2.26881064e-01
  2.85950611e+02] 0.3299879223995639
[-2.96095883e+00  3.06518541e-02 -1.46835173e-01  7.90610584e-01
  2.84803540e+02] 0.8047143593715478
[-2.99148587e+00  2.11705760e-01 -2.33728376e-01  5.37780169e-01
  2.85590604e+02] 0.6234226439336625
[-3.04753993e+00 -1.69601440e-01  2.99269453e-01  2.69897112e-01
  2.85230350e+02] 0.4372314093922822
[-3.02338421e+00 -4.17206824e-02 -6.26487674e-02  4.28099709e-01
  2.84842034e+02] 0.4346663595933696
[-2.92975174e+00 -8.16604098e-03 -8.62840550e-02  3.54186105e-01
  2.86296941e+02] 0.364636009812723
[-2.95430481e+00 -1.49873822e-01  3.58728991e-01  2.30795000e-01
  2.86171998e+02] 0.4521227529565596
[-2.92391272e+00  2.46799287e-01  1.19292670e-02  4.53744795e-01
  2.85679966e+02] 0.5166590118720212
[-2.97341760e+00 -2.66146845e-01 -1.63550616e-01  5.77660377e-01
  2.85509402e+02] 0.6567148985916421
[-3.10919869e+00 -4.19317850e-01 -2.60442042e-02  5.02579165e-01
  2.85777356e+02] 0.6550508205976263
[-2.96518528e+00 -5.17334722e-02  1.43757724e-01  3.41267330e-01
  2.85691746e+02] 0.3739064401965282
[-2.93210529e+00  2.65464962e-02 -1.40821231e-01  7.71827904e-01
  2.86763617e+02] 0.7850182473529158
[-2.91710285e+00  3.31190703e-01  2.82672600e-02  2.95727453e-01
  2.86818669e+02] 0.4449056600116113
[-2.96095801e+00 -5.57823139e-02 -5.13823690e-02  4.33880708e-01
  2.85250466e+02] 0.4404591726167711
[-2.94656883e+00  2.23296037e-01  4.51703161e-02  6.21863327e-01
  2.86620271e+02] 0.6622805113068986
[-2.98597067e+00 -3.58212521e-01  2.14009010e-01  1.66364991e-01
  2.85064880e+02] 0.4492141765181727
[-2.96967578e+00 -2.45194228e-01  4.42111332e-02  2.62945425e-01
  2.86142522e+02] 0.36223629104163707
[-3.00044352e+00 -2.87599702e-01 -1.78944032e-01  4.47992840e-01
  2.86036279e+02] 0.5616334567990154
[-3.02737993e+00  2.24014756e-02  8.59103249e-02  1.54461648e-01
  2.85935271e+02] 0.17815950948986234
[-2.98612344e+00 -1.20218280e-01 -1.11404096e-01  4.55157062e-01
  2.85342483e+02] 0.4837677738897992
[-2.98979889e+00  1.68606349e-01  5.76510720e-02  3.34401341e-02
  2.85269220e+02] 0.1813008261065377
[-3.05940875e+00  1.20334811e-01 -1.48908853e-01  2.53986450e-01
  2.84275181e+02] 0.31806199019310066
[-3.02865976e+00 -2.68732425e-01 -2.34755292e-01  4.05283900e-01
  2.86049386e+02] 0.5399835212899863
[-2.92628646e+00 -1.63728620e-01 -1.41688184e-01  5.13302008e-01
  2.85852236e+02] 0.5571010267959472
[-3.02875292e+00  1.72374454e-03  3.00010263e-01  4.65258536e-01
  2.85589335e+02] 0.5536015125536315
[-3.03262630e+00 -3.75611816e-02  2.35652150e-01  2.47824499e-01
  2.85338835e+02] 0.3440345339736281
[-2.95203945e+00  9.11904022e-02  3.07930769e-01  3.07321566e-01
  2.85520272e+02] 0.44450375997091024
[-3.06912039e+00 -3.85397391e-02  2.67392182e-02  2.16232534e-01
  2.85629292e+02] 0.22126184932320064
[-2.96939705e+00  2.78858202e-02 -8.66594704e-02  2.63106047e-01
  2.85339034e+02] 0.2784102634000805
[-3.01801280e+00  6.36700329e-02 -2.06150003e-01  1.33976079e-01
  2.85003048e+02] 0.2539710352078343
[-2.98590444e+00 -4.78966725e-02 -2.07596340e-01  3.79105612e-01
  2.85776211e+02] 0.43486940204973645
[-2.92334466e+00 -5.55002579e-02  1.81284402e-02  7.68977964e-01
  2.86771484e+02] 0.7711913045840023
[-3.00763192e+00  2.25197171e-01 -1.78799531e-01  5.24519576e-01
  2.86825711e+02] 0.5981670527764831
[-2.93667243e+00 -5.70275292e-01  5.11168828e-02  5.71048723e-01
  2.86816966e+02] 0.8086553581284744
[-3.01690306e+00 -1.12721179e-01 -2.68120311e-02  5.56079082e-01
  2.86346696e+02] 0.5680219139650695
[-3.02553062e+00 -8.93501837e-02 -2.80687423e-01  2.30904952e-01
  2.84519978e+02] 0.3742806186163545
[-2.99950846e+00 -5.22408804e-02 -6.58623470e-02  3.46525321e-01
  2.86115148e+02] 0.35657643887239393
[-2.96242297e+00  1.51621368e-01  7.01495524e-02 -7.52926851e-03
  2.85058794e+02] 0.1672324393751799
[-3.01128995e+00 -1.79897279e-01 -9.37812065e-02  3.20400061e-01
  2.85078007e+02] 0.3792283546454065
[-2.98138336e+00 -3.58831400e-01  5.74257107e-02  2.64016765e-01
  2.85338579e+02] 0.44917985043254
[-3.06002206e+00 -3.04790751e-02  1.93649987e-01  4.35683872e-01
  2.86295328e+02] 0.47775488269790706
[-2.96478233e+00  6.37166074e-02  1.13718182e-02  2.33345448e-01
  2.84642618e+02] 0.24215536878025384
[-2.97193728e+00  1.43474797e-01 -2.14399829e-02  7.59591453e-01
  2.86573285e+02] 0.7733200277539809
[-3.04485182e+00 -2.82910935e-02 -1.56957961e-01  3.32554063e-01
  2.85538501e+02] 0.3688202712508972
[-3.01320722e+00  3.52190333e-01 -1.24410938e-01  6.28513672e-01
  2.86463178e+02] 0.7311262192572892
[-3.01402022e+00 -1.17274121e-01 -2.55186754e-01  3.74540085e-01
  2.85453379e+02] 0.46813862653037047
[-3.02397440e+00  4.69100426e-02 -1.57999611e-01  5.30090146e-01
  2.85855558e+02] 0.55512160127178
[-2.97413547e+00  9.04725420e-02  1.20342606e-01  3.08016282e-01
  2.85459645e+02] 0.34284348297302825
[-3.05696239e+00 -1.10537885e-01  1.37776285e-01  2.74346954e-01
  2.84912290e+02] 0.326293088742548
[-2.96024169e+00 -1.97248004e-01  7.35867991e-02 -4.16774837e-02
  2.85880170e+02] 0.21461315147520837
[-3.01442056e+00  2.77833384e-01 -3.37668078e-01  3.28695198e-01
  2.85427122e+02] 0.5470389875529148
[-3.02138519e+00 -1.01296744e-01  3.44056124e-01  3.78615989e-01
  2.85254068e+02] 0.5215224962556113
[-2.97565274e+00  1.71903917e-01 -1.71461781e-01  6.10364939e-01
  2.85570847e+02] 0.6568831390869738
[-3.00708304e+00 -2.59235056e-01 -5.69686164e-02  4.15238141e-01
  2.84841082e+02] 0.49281939008938386
[-3.03376887e+00  1.99385303e-01  1.95122179e-01  5.23833959e-01
  2.85523959e+02] 0.5934889893135751
[-2.99236454e+00  9.50514711e-02  2.79171340e-01  8.64735763e-02
  2.86589179e+02] 0.3073257203528852
[-2.95044390e+00 -2.49613933e-01  2.09220558e-01  4.67106999e-01
  2.85144608e+02] 0.5694464908062749
[-2.93425232e+00 -1.96407384e-01  1.05010838e-01  3.36867035e-01
  2.85870634e+02] 0.4038347875912626
[-2.89599332e+00  9.38534713e-02 -1.54759583e-01  4.37029091e-01
  2.86496241e+02] 0.47302582264893145
[-2.92485827e+00 -4.10190125e-01 -6.13507420e-02  5.39186052e-01
  2.86374225e+02] 0.6802510203097962
[-2.98902706e+00 -1.99629039e-01 -1.67505220e-01  5.39524646e-01
  2.85318246e+02] 0.599163246001628
[-2.97610923e+00  1.95018543e-02 -2.67300224e-02  2.34177516e-01
  2.85799029e+02] 0.2365035425106723
[-2.91217707e+00  6.25560243e-02 -9.44507550e-02  2.27483117e-01
  2.85697384e+02] 0.25413140255906325
[-2.93446764e+00  3.77368130e-02  7.51112161e-02  4.46463873e-01
  2.86102361e+02] 0.45430799184484544
[-2.98432223e+00 -1.90136874e-01 -2.01628997e-01  5.09372260e-01
  2.86563642e+02] 0.5798848007294404
[-2.98537607e+00 -5.71164938e-02  7.77394594e-02  2.56566537e-01
  2.86366580e+02] 0.2741023629912692
[-2.92526432e+00  1.94533819e-01 -4.68433322e-02  2.52058109e-01
  2.86162774e+02] 0.3218244780952193
[-2.97863276e+00 -1.01616834e-01 -1.42377772e-01  2.80537547e-01
  2.85625756e+02] 0.33060357862010253
[ -3.07844338   0.33584165  -0.30199782   0.46501678 285.22968269] 0.6482537307630131
[-3.01161689e+00  9.07043238e-02 -3.61431954e-01  2.66596321e-01
  2.85216028e+02] 0.45818547614544214
[-3.06676735e+00  1.62879098e-01 -9.87991022e-02  2.14353018e-01
  2.85283805e+02] 0.28677182448787814
[-3.03835558e+00  2.90157975e-01  2.52478050e-01  3.95870443e-01
  2.85336433e+02] 0.5519512871821403
[-3.01434175e+00 -2.38918270e-01  2.44298313e-01  4.09366093e-01
  2.84677213e+02] 0.533239349139241
[-3.05219274e+00  8.23454312e-02 -1.13723334e-01  3.45295142e-01
  2.86054917e+02] 0.3727499181484019
[-2.97827575e+00 -8.78566498e-02 -1.54784864e-01  3.70552150e-02
  2.86641467e+02] 0.18179723306814985
[-2.95689435e+00 -2.98038797e-01 -2.03142119e-01  3.86116263e-01
  2.86617053e+02] 0.5283745013275524
[-3.03961628e+00  1.61761276e-01  1.09790218e-01  1.43443246e-01
  2.84935998e+02] 0.24248003455827014
[-3.03339213e+00 -2.61630541e-01 -8.63616621e-02  4.49233857e-01
  2.85414394e+02] 0.5269913997952721
[-2.93590280e+00  1.75499590e-01 -1.12820569e-01  8.30503377e-02
  2.85784542e+02] 0.22455722138317497
[-3.04689028e+00  5.91847115e-02  6.89414028e-02  2.25887864e-01
  2.85365143e+02] 0.24347705026986993
[-2.98522771e+00 -7.83987420e-03  3.01818102e-02  2.19099089e-01
  2.86266430e+02] 0.2213070631463363
[-2.97215498e+00 -2.11845974e-01  2.67773373e-01  2.48910590e-01
  2.85872452e+02] 0.4225373094609438
[-2.95159774e+00 -2.19666364e-01 -2.20627101e-02  2.42086655e-01
  2.85403164e+02] 0.32763702985384197
[-3.10073724e+00 -3.68393744e-02 -3.63018174e-02  5.36632247e-01
  2.84635574e+02] 0.5391188456911672
[-2.94682620e+00  5.54726598e-02  1.83514441e-02  6.98021033e-01
  2.86119913e+02] 0.7004622431783474
[-3.02316776e+00 -5.46952578e-02  3.20034914e-01  1.91342830e-01
  2.85477391e+02] 0.37686336530790115
[-2.94000514e+00  5.57437056e-02  4.46618740e-01  4.86559285e-01
  2.85081074e+02] 0.6628088692876793
[-3.01248170e+00 -1.30407852e-01 -9.31111720e-02  6.01028941e-01
  2.85374280e+02] 0.6220222549232528
[-2.98289002e+00  1.23067794e-02 -9.55556843e-02  1.78891045e-01
  2.84853093e+02] 0.20318550997893128
[-3.05781913e+00  1.64438811e-02  2.02490412e-01  4.88881328e-01
  2.85577703e+02] 0.529412618570077
[-2.94557444e+00  3.39765906e-02 -2.83842016e-02  4.78211545e-01
  2.85944089e+02] 0.48025654984520794
[-2.97926368e+00 -3.37892666e-02 -4.10353530e-01  2.59078066e-01
  2.86121629e+02] 0.4864701208464312
[-2.94489670e+00 -2.37335154e-01 -1.74015233e-01  7.58335617e-02
  2.85831719e+02] 0.3039078901518089
[-2.90005771e+00 -3.85327196e-02  1.62326365e-01  4.10234886e-01
  2.85779562e+02] 0.44286259772070746
[-2.97046018e+00  1.52600048e-01  2.22438754e-01  4.72502323e-01
  2.84969469e+02] 0.5440810780313797
[-2.97430524e+00 -9.73826578e-03  3.65069452e-01  1.26181365e-01
  2.84721266e+02] 0.38638358585410365
[-3.00435273e+00  9.97612032e-02  3.19713340e-02  3.93916920e-01
  2.85932609e+02] 0.4076088853733128
[-3.00947324e+00  1.59461996e-01  3.86840058e-02  4.76871890e-01
  2.85338212e+02] 0.50431277952163
[-3.07547582e+00 -6.25048063e-02  2.96859405e-01  4.86080589e-01
  2.85072391e+02] 0.5729805372820829
[-2.95837106e+00  1.16936028e-01  5.60871311e-02  3.26262561e-01
  2.86360506e+02] 0.35109408953826293
[-2.88416617e+00  2.22918159e-01  1.53876876e-01  8.47457507e-01
  2.86062786e+02] 0.8896936689575186
[-2.99966845e+00 -1.73768823e-01  1.76208411e-01  3.13339370e-01
  2.85641306e+02] 0.39928256694336073
[-2.90807865e+00 -1.97713866e-01 -1.36088882e-01  1.12487427e-01
  2.85677979e+02] 0.26507428767028024
[-2.90851299e+00 -3.44901289e-01  1.10802646e-01  2.38230235e-01
  2.86212590e+02] 0.43357556452949664
[-3.02493703e+00 -1.69009467e-01 -2.97126992e-01  6.25938661e-01
  2.85088271e+02] 0.7131955252092792
[-2.89247673e+00  1.65699716e-02 -4.31828653e-01  4.17261761e-01
  2.86172773e+02] 0.6007145137341127
[-3.05767112e+00  3.83396932e-02 -3.02486632e-04  5.01588855e-01
  2.83940315e+02] 0.5030520878015038
[-2.96232448e+00  2.51116895e-02  1.04881081e-01  3.50419715e-02
  2.86164136e+02] 0.11339566955953326
[-3.02499915e+00 -3.31898056e-02  1.57294421e-01  4.80773221e-02
  2.85606969e+02] 0.16779310751626125
[-3.10587192e+00  1.48593574e-01 -2.74006226e-01  4.34521708e-01
  2.84454025e+02] 0.5347602986837823
[-2.98099589e+00  8.22658987e-03  1.50466789e-01  3.14851587e-01
  2.86549741e+02] 0.349055085928414
[-2.98045680e+00 -2.36558079e-03  5.98733029e-02  8.88785310e-02
  2.86229435e+02] 0.10719049232066813
[-2.93846912e+00  1.04386592e-03  4.02663534e-02  7.61534188e-01
  2.86128172e+02] 0.7625987072643412
[-3.00641606e+00  1.20399463e-01 -2.14046351e-01  2.23252214e-01
  2.85058596e+02] 0.3318936909654679
[-2.90247800e+00  6.00233898e-03  1.52483788e-01  4.85582488e-01
  2.86576043e+02] 0.5089967452707792
[-3.07132520e+00 -1.21596719e-01 -1.43167704e-01  6.83810346e-01
  2.86308249e+02] 0.709139861429233
[-2.96499544e+00 -2.38538925e-02  1.92869319e-01  2.53896432e-01
  2.86768729e+02] 0.3197357980299273
[-3.02100448e+00  1.70759423e-01  5.68768866e-01  5.72834473e-01
  2.86418267e+02] 0.8251037130014803
[-2.99158584e+00 -2.34947986e-01 -1.82212245e-01  5.67944313e-01
  2.86790480e+02] 0.6410636480779028
[-2.89696944e+00 -3.29334376e-01 -2.13010597e-01  5.17757882e-01
  2.85372125e+02] 0.649544355902755
[-2.94679390e+00  5.31322975e-02  1.29543996e-02  1.53694212e-01
  2.86287232e+02] 0.16313420315521032
[-2.96253491e+00 -1.24321063e-01 -7.60944041e-02  1.89985750e-01
  2.86970044e+02] 0.23945912059182928
[-3.00690332e+00 -2.46467896e-02 -8.42571003e-02  4.46751007e-01
  2.86210936e+02] 0.45529461362490864
[-3.06438958e+00 -4.39611504e-02 -4.44115985e-02  3.17803003e-01
  2.84508865e+02] 0.32388843951133256
[-2.93362638e+00  1.53177531e-01 -7.59251981e-02  6.20879097e-02
  2.86467664e+02] 0.1818870537014748
[-3.04066363e+00 -1.33919681e-01  1.61626830e-01  4.84231195e-01
  2.84726907e+02] 0.5277665808137108
[-2.96293578e+00  4.96238197e-02  2.09380642e-01  3.04433203e-01
  2.85611873e+02] 0.37280336889798643
[-3.06158494e+00  8.10926573e-02  3.03756748e-02  7.31157273e-01
  2.86108174e+02] 0.7362673826622174
[-2.93414533e+00 -1.74291863e-01 -9.87553052e-02  3.07486264e-01
  2.86258807e+02] 0.3669851038453587
[-2.97176027e+00 -1.52887361e-01  7.37470677e-02  2.77686525e-01
  2.86347184e+02] 0.3254581100407796
[-2.94166593e+00  4.00144639e-01  1.51814782e-01  7.75913412e-01
  2.86221792e+02] 0.886117984873563
[-3.02511655e+00  1.68802126e-01 -1.18284819e-01  7.09778763e-01
  2.85672778e+02] 0.7391017174912696
[-3.03014392e+00  8.97786585e-03 -1.41130166e-01  2.84276803e-01
  2.85143814e+02] 0.3175084667032405
[-3.04991189e+00 -1.70837206e-02 -4.63984571e-02  4.08388040e-01
  2.85927112e+02] 0.4113702243099602
[-2.91900605e+00  1.80616525e-01  2.42658725e-01  2.36677080e-01
  2.85954871e+02] 0.38408544116579635
[-3.02385325e+00  1.52080376e-01 -2.74583415e-03  5.12922617e-01
  2.86010704e+02] 0.5350005530581714
[-3.00869059e+00  2.54399520e-01  1.10523262e-01  1.23739412e-01
  2.84796368e+02] 0.30372018254273636
[-3.04738217e+00 -9.02513203e-02  9.82116444e-02  3.74089649e-01
  2.85466249e+02] 0.3971572653454613
[-2.99698362e+00 -9.58180898e-02 -2.43953021e-02  2.79696460e-01
  2.85846909e+02] 0.2966586371632405
[-2.97508247e+00 -8.21526794e-02  6.29216259e-02  5.49838642e-01
  2.85513743e+02] 0.5594914888936402
[-2.96557117e+00 -1.18141604e-01  2.97559510e-01  3.43385767e-01
  2.85089843e+02] 0.46948150719311205
[-2.90874391e+00 -2.34867647e-01  1.03383574e-01  4.04791953e-01
  2.85767454e+02] 0.47927810351102224
[-2.96426651e+00  5.31548480e-01 -4.18210473e-02  3.57711373e-01
  2.86232174e+02] 0.6420671405331334
[-3.02160110e+00 -1.15558597e-01 -1.55309966e-01  5.25023104e-01
  2.86099029e+02] 0.5595750482185187
[-2.90897012e+00  6.59605649e-02  1.96253613e-01  4.89233332e-01
  2.86426086e+02] 0.5312396164858998
[-3.00705237e+00  1.24857015e-01 -1.66775637e-01  4.42507693e-01
  2.85542286e+02] 0.4890975829165287
[-2.97676106e+00 -8.97206673e-02 -1.24901573e-01  4.09556678e-01
  2.86364753e+02] 0.43747785533818584
[-3.04421566e+00  1.95445187e-01  1.61682594e-01  6.66234899e-01
  2.86067551e+02] 0.7128878056062479
[-3.05052973e+00  3.04004126e-01  4.11528182e-01  2.02825182e-01
  2.84893293e+02] 0.5503744251171729
[-2.95848907e+00  9.70560131e-02 -3.91330908e-02  3.72470676e-01
  2.86381894e+02] 0.3868923275949264
[-3.01330466e+00 -6.91530012e-02 -1.94678132e-02  2.57182295e-01
  2.85227646e+02] 0.2670278381297703
[-3.07121920e+00  3.33522739e-01  1.08292381e-01  6.00542717e-01
  2.85578797e+02] 0.6954252021370152
[-3.00408367e+00 -1.02398339e-01  1.93499298e-01  2.50732441e-01
  2.86079789e+02] 0.33285755943259826
[ -2.95183867   0.52259496   0.33427637   0.47499481 286.35680228] 0.7813233993050493
[-3.02427445e+00  1.52950972e-01  2.63716743e-01  5.29248683e-01
  2.84654258e+02] 0.6107738444118869
[-3.01202358e+00 -2.39369296e-01  2.34021494e-01  4.26116688e-01
  2.85428921e+02] 0.5418848135679286
[-2.87470370e+00 -1.71162353e-01  2.23216004e-01  2.02732484e-01
  2.86487595e+02] 0.3467310135743562
[-3.01067795e+00  3.87802655e-02  4.49687172e-02  1.11845648e-01
  2.85797756e+02] 0.12663152680103495
[-2.97586074e+00  1.91118479e-01 -1.36669011e-01  6.44788075e-01
  2.85696532e+02] 0.6862625978701423
[-2.99002158e+00 -2.01359693e-01  3.59150599e-02  2.16091035e-01
  2.86208080e+02] 0.297541515008616
[-3.03723817e+00  1.89405129e-01 -3.03941242e-02  1.86026523e-01
  2.85642906e+02] 0.26721521797569153
[-3.04826597e+00 -3.59715202e-01  9.38394044e-02  4.45426512e-01
  2.84907553e+02] 0.5801772469156039
[-2.93797430e+00 -1.13210255e-01 -2.30966120e-02  1.14840468e-01
  2.86065640e+02] 0.1629059496825265
[-3.00977748e+00 -2.52767877e-01 -1.91914143e-01  4.63557478e-01
  2.86060805e+02] 0.5617901505961262
[-3.00886355e+00  1.70515572e-01 -4.53042770e-01  6.13637573e-01
  2.86002419e+02] 0.7815845329054943
[-3.08735729e+00 -2.56235589e-01 -1.43676477e-01  3.02730805e-01
  2.85025577e+02] 0.4218359247996772
[-3.04039071e+00 -1.11872244e-01 -9.07885657e-02  4.49094498e-01
  2.85216075e+02] 0.47163951346588523
[-2.99359857e+00 -3.90988174e-02  4.50802055e-02  5.86867086e-01
  2.86298493e+02] 0.5898931425654451
[-2.93851454e+00 -2.37567396e-01 -2.50663840e-01  1.49541368e-01
  2.85800802e+02] 0.37634193121889153
[-3.02801291e+00 -2.20297111e-01  4.90838077e-02  3.31752503e-01
  2.84968046e+02] 0.4012477544219936
[-2.96993451e+00 -3.39828564e-01  3.56080418e-02  2.65116789e-01
  2.86165355e+02] 0.43247924484988054
[-2.97456250e+00 -7.77674026e-02  1.54192516e-01  4.21290871e-01
  2.86019271e+02] 0.4553120899942814
[-2.96100402e+00  3.11927992e-01 -1.29165536e-02  3.26793428e-01
  2.85695044e+02] 0.4519511632748445
[-3.00176988e+00 -2.49558187e-01 -6.26177970e-02  2.20808143e-01
  2.85612094e+02] 0.33905237551879086
[-3.00571055e+00  2.34915924e-01  3.02438584e-01  5.47511534e-01
  2.86302431e+02] 0.6681492858679363
[-2.97267722e+00 -4.92726188e-02  1.60339274e-02  5.31381552e-01
  2.85588572e+02] 0.5339018933684724
[-3.06942036e+00 -1.05993047e-01  2.54658277e-01  1.95997632e-01
  2.86073377e+02] 0.3383791307800208
[-3.02680152e+00  6.02706165e-02 -2.29527207e-01  5.86796483e-01
  2.85469967e+02] 0.6329655581689289
[-3.04122769e+00  1.33489888e-01  1.31683475e-03  6.13185441e-01
  2.84877459e+02] 0.6275489381359022
[-3.02254498e+00 -2.42737974e-02  3.22857897e-02  1.24019937e-01
  2.84950970e+02] 0.13043210587881768
[-3.02335609e+00 -2.81139219e-02 -1.74577202e-01  3.91795807e-01
  2.85921053e+02] 0.429850609770192
[-2.96263900e+00  1.52791036e-01  9.60406759e-02  2.12496461e-01
  2.85489244e+02] 0.2787896300184102
[-2.96452480e+00  7.21430161e-02 -4.85830697e-03  6.79298500e-01
  2.86404483e+02] 0.6831359090910947
[-2.96366407e+00  6.27156794e-02  8.24100129e-02  5.26739539e-01
  2.85759333e+02] 0.5368232560321168
[-3.01264376e+00 -5.24818157e-01 -3.96391726e-02  3.76489411e-01
  2.86166783e+02] 0.6471086756342361
[-3.07962395e+00 -1.40165856e-01  1.94731043e-02  3.53192304e-01
  2.85505357e+02] 0.3804871511494062
[-2.95341442e+00 -1.02279521e-01 -2.42720467e-02  6.86418453e-01
  2.86153364e+02] 0.6944210003742896
[-2.91890821e+00  9.09741768e-02 -2.30189811e-02  7.47340135e-01
  2.86429286e+02] 0.7532087705186895
[-2.97929066e+00 -1.65543925e-02  1.42550961e-01  4.69593148e-01
  2.86148607e+02] 0.49103212650084727
[-2.97140058e+00 -1.55731970e-02 -1.18530184e-01  9.28743986e-02
  2.86254596e+02] 0.15138554370201826
[-2.98071558e+00  1.09096151e-01  1.95433568e-01  6.97527740e-01
  2.85640909e+02] 0.7325579829661913
[-2.94490045e+00  2.68959774e-03 -1.58587818e-01  2.66238418e-01
  2.85342108e+02] 0.30990357410589964
[-3.04359809e+00 -4.65218922e-01 -1.54949112e-01  3.74975774e-01
  2.85004941e+02] 0.6172881849490267
[-2.93313107e+00 -2.43359973e-03 -2.02682359e-01  5.83250556e-01
  2.86069330e+02] 0.6174684382097442
[-2.96759833e+00  1.73068296e-02 -1.76167424e-01  3.75759729e-01
  2.86138688e+02] 0.41536714044258577
[-3.04920174e+00 -3.66523746e-02  1.47976038e-01  8.76297790e-02
  2.86218132e+02] 0.17583879721060672
[-3.06494890e+00  8.23950865e-02  1.40192582e-01  4.40042130e-01
  2.85887760e+02] 0.4691268341734592
[-2.99536219e+00  1.90729424e-02  3.79792295e-01  2.99782490e-01
  2.85789959e+02] 0.4842267090317333
[-3.05429674e+00  2.57644707e-02 -1.20526245e-01  7.45112527e-01
  2.85576390e+02] 0.7552370895923918
[-2.99536603e+00 -3.69219507e-01  3.77761465e-02  3.05917972e-01
  2.86217699e+02] 0.4809738947438439
[-2.95636389e+00  2.23072807e-01 -5.17339100e-02  3.35599065e-01
  2.86163553e+02] 0.40628143818860396
[-3.00181705e+00 -2.63821629e-01 -1.69399140e-01  1.43393635e-01
  2.85119199e+02] 0.3447602864786551
[-3.04069621e+00 -3.19444115e-01 -2.13486597e-01  3.73462133e-01
  2.85855539e+02] 0.535812499168178
[-2.97218535e+00 -9.80106462e-02 -5.93747055e-02  4.15352589e-01
  2.85396705e+02] 0.4308703004533754
[-2.98834317e+00  1.03769673e-01 -2.63560008e-01  3.71323483e-01
  2.86165747e+02] 0.4670258582777589
[-3.04441460e+00 -1.59404518e-01  1.47475905e-01 -2.94313692e-02
  2.85987806e+02] 0.21914640924796092
[-2.97599950e+00  8.30506981e-02 -4.54441413e-02  1.58851639e-01
  2.85494426e+02] 0.18492277238915364
[-3.02585548e+00 -1.69244129e-01 -1.03062107e-01  4.10773692e-01
  2.85129848e+02] 0.45607060740617167
[-3.02575095e+00 -3.86239657e-01 -1.84141125e-01  1.52568182e-02
  2.85255075e+02] 0.42816094783678316
[-2.89299506e+00  1.40341636e-01 -5.49393551e-02  1.19750529e-01
  2.85264020e+02] 0.19249492614062982
[-2.97635026e+00 -1.36713095e-01 -1.69822027e-01  2.45135038e-01
  2.86194518e+02] 0.3280566687516302
[-2.97744896e+00  2.17035627e-01 -2.17491465e-01  4.88669308e-01
  2.84960668e+02] 0.5772388529058158
[-2.96006345e+00  6.34493153e-02  7.46446356e-03 -7.15446532e-02
  2.85511568e+02] 0.09591752305836881
[-2.99054333e+00  2.79620862e-01 -1.17116522e-01  3.22529312e-01
  2.86059951e+02] 0.4426389763934043
[-2.92872158e+00 -1.43105666e-01  1.14836302e-01  5.79156705e-01
  2.85335566e+02] 0.6075270340249603
[-2.96998708e+00  8.75389592e-02  1.65604395e-01  4.04322860e-01
  2.86091906e+02] 0.4456061711321589
[-3.07576839e+00 -1.54622287e-01 -3.41031294e-01  4.98518929e-01
  2.85125572e+02] 0.6234833745436269
[-2.98827338e+00  2.74261893e-01  2.73974730e-01  2.26345385e-01
  2.84980208e+02] 0.448903076353721
[-2.96210255e+00  5.11418499e-01  1.08965053e-01  3.95914213e-01
  2.86399255e+02] 0.6558737137171889
[-3.00255790e+00 -2.10297308e-01 -3.73413056e-01  3.10028513e-01
  2.85285188e+02] 0.5289422911151485
[-3.04206871e+00  8.39021478e-02  1.36181289e-01  2.07122950e-01
  2.85620258e+02] 0.2616960650895723
[-3.01822866e+00 -5.79846429e-02 -1.60384042e-01  2.83861554e-01
  2.84345813e+02] 0.33115350138365074
[-3.01451150e+00  3.29456945e-01  1.19605093e-01  4.43764542e-01
  2.85471623e+02] 0.5654858319297112
[-3.08557766e+00 -2.56197034e-01  2.76420978e-01  8.40159096e-01
  2.85781846e+02] 0.9208217979678234
[-3.05275688e+00 -4.84489516e-01  9.30513269e-02  9.49271667e-02
  2.86130148e+02] 0.5023940761782596
[-3.01241320e+00  3.34951188e-01  1.14994513e-01  4.99906055e-01
  2.85237323e+02] 0.6126353722664364
[-3.07210943e+00  2.03140802e-01 -7.81132758e-03  3.35741405e-01
  2.85439863e+02] 0.3924913925987207
[-2.97040448e+00 -4.06973967e-01 -3.00234770e-01  1.62647168e-01
  2.85631317e+02] 0.5312464858359252
[-3.10800840e+00 -5.15068730e-02  2.54762097e-01  3.47515082e-01
  2.84321904e+02] 0.43396245918865267
[-3.00195565e+00  5.52788846e-02  7.08752730e-02  7.91264115e-01
  2.85693511e+02] 0.7963529107254507
[-3.00693639e+00  1.75278721e-01 -1.01571514e-01  4.21875317e-01
  2.85634117e+02] 0.4679937884807147
[-2.96254164e+00  1.09051605e-01 -2.17692426e-02  2.13670025e-01
  2.86286375e+02] 0.2408755526750065
[-2.93473968e+00  8.67234540e-02  2.67606168e-01  4.25391095e-01
  2.86504566e+02] 0.5099917670564643
[-3.06875578e+00 -1.69395361e-01  3.87283664e-01  5.58629910e-01
  2.85757398e+02] 0.7005360811235503
[-2.94971462e+00 -4.82308713e-02  2.01315791e-01  3.58475582e-01
  2.85698359e+02] 0.41395532055229817
[-2.96294665e+00  2.35797952e-02 -2.42756529e-01  2.87797368e-01
  2.85351655e+02] 0.37724536294596434
[-2.98101802e+00 -1.44317977e-01  1.87060678e-02  3.33933263e-01
  2.85989096e+02] 0.36426504014743527
[-2.99441761e+00  1.20404913e-01 -1.25151415e-01  9.28827519e-02
  2.85024755e+02] 0.1969452343536378
[-3.05091537e+00 -5.92674585e-01  6.91537694e-02  1.42359288e-01
  2.85928726e+02] 0.6134423969791957
[-2.96539869e+00 -4.12076015e-02  2.77632055e-01  3.24172198e-01
  2.85782813e+02] 0.4287951002383842
[-3.00264861e+00 -2.09992872e-01 -1.22549565e-01  4.82663836e-01
  2.85791976e+02] 0.5404440582865649
[-2.96620309e+00 -2.65249617e-01  2.21432990e-01  4.79555269e-01
  2.85501254e+02] 0.5910695253448264
[-3.08513623e+00 -4.76745070e-02  1.73251143e-01  4.52661322e-01
  2.85405981e+02] 0.48702267846562475
[-3.02555745e+00 -3.69067638e-02  2.29969703e-01  7.64090662e-01
  2.86369623e+02] 0.7988007964494679
[-2.98785096e+00  1.43445253e-01 -2.73149055e-01  1.43741516e-01
  2.85141772e+02] 0.3403653480854391
[-2.97514477e+00  3.12740229e-02 -2.16914576e-01  5.21118026e-01
  2.85729626e+02] 0.5653264498965477
[-2.93386933e+00  5.96249039e-02 -2.46902242e-01  1.30569766e-01
  2.86172976e+02] 0.28559466064093414
[-2.95573678e+00 -4.85048571e-02 -4.18355840e-02  1.90713576e-01
  2.86612435e+02] 0.2011830142531788
[-3.06267528e+00  1.22095587e-01 -1.42046314e-01  4.76906541e-01
  2.85249033e+02] 0.5123712875640453
[-2.94039097e+00  1.05058398e-01 -1.16790162e-01  2.20308847e-01
  2.85895805e+02] 0.27057937309334
[-2.93806759e+00 -5.55966655e-02 -6.07166039e-02  2.00338385e-01
  2.85357117e+02] 0.21659400681110147
[-2.98280263e+00 -5.59881441e-02 -1.18946495e-01  6.92791921e-02
  2.85573072e+02] 0.14860197669586056
[-3.03398574e+00  8.18237516e-02 -1.93422675e-01  5.89277819e-01
  2.85260812e+02] 0.6255843710018848
[-3.01043477e+00  9.02373682e-02 -2.65823282e-01  9.23745600e-01
  2.86306525e+02] 0.9654588201113247
[-2.96932658e+00  1.46217529e-01  1.20281859e-01  1.57981526e-01
  2.86114996e+02] 0.24658761865964327
[-2.96155298e+00 -1.04683696e-02  3.79982718e-01  4.16291151e-01
  2.85517187e+02] 0.563732893842469
[-2.95452016e+00 -1.34485206e-01  7.05475199e-02  4.72940585e-01
  2.85989380e+02] 0.4967252964557727
[-2.95895307e+00  3.19764754e-01  1.19246961e-01  3.56450204e-01
  2.85737357e+02] 0.4934836197678314
[-3.03181114e+00 -4.61578985e-01  1.40456355e-01  4.59561899e-01
  2.85222599e+02] 0.6663184566866336
[-2.98762027e+00  4.63730145e-02  3.72556097e-02  2.53567591e-01
  2.85633897e+02] 0.260451454782165
[-2.95687653e+00  1.17351390e-02  2.25459408e-02  5.23839785e-01
  2.86263409e+02] 0.5244560547828279
[-3.01744925e+00 -2.70756036e-01  1.68465573e-01  5.80891664e-01
  2.86370106e+02] 0.6626647762605712
[-3.08018264e+00 -7.20534108e-02 -1.56755630e-01  4.80116896e-01
  2.85793220e+02] 0.510172769785353
[-2.96494668e+00 -1.44636333e-01 -2.32215024e-01  1.22851433e-01
  2.85805364e+02] 0.29989324900062214
[-2.91710553e+00  1.90346231e-01 -1.61410851e-01  3.65726941e-01
  2.85870075e+02] 0.44276556539030343
[-3.01592129e+00 -2.27145795e-01 -4.04482870e-01  6.27570793e-01
  2.84712574e+02] 0.7804144441814874
[-2.96323586e+00  2.84806403e-01  1.02444387e-01  3.30354171e-01
  2.85399032e+02] 0.4480439906441464
[-3.02665201e+00 -1.27653703e-01  2.41569177e-01  5.42398955e-01
  2.84874945e+02] 0.6073283808434895
[-3.04999399e+00 -1.84463393e-01  3.91916039e-01  1.77095045e-02
  2.84588059e+02] 0.43351880234065887
[-2.98412430e+00  2.79456963e-01 -6.34009255e-02  4.62112283e-01
  2.85761622e+02] 0.5437496057590856
[-3.03169204e+00  1.31737042e-02 -1.27574525e-01  6.36267275e-01
  2.85962687e+02] 0.6490645973601689
[-3.01840962e+00  1.93167590e-01 -1.03021679e-01  3.14974428e-01
  2.85820529e+02] 0.3835832044497322
[-2.92884466e+00  4.94065552e-02 -1.35568290e-01  6.04883157e-01
  2.86077741e+02] 0.6218548086925231
[-2.95223524e+00 -2.52455867e-01  2.26385693e-01  3.48654978e-01
  2.85963103e+02] 0.4863586537398673
[-2.88592914e+00  1.28040775e-01 -1.81073040e-01  5.02168874e-01
  2.86506169e+02] 0.548958526749255
[-2.94225245e+00  1.70653453e-01 -5.80614985e-02  6.52663695e-01
  2.85936474e+02] 0.6770994293709984
[-2.91302444e+00  3.74246748e-02 -2.77735576e-02  4.86431395e-01
  2.85668449e+02] 0.48865885735299436
[-2.93053787e+00  1.91597579e-01 -2.12407750e-01  4.61452471e-01
  2.85855901e+02] 0.5429227089482304
[-3.03095449e+00 -2.30529083e-01 -4.05665838e-01  7.34633195e-01
  2.86012871e+02] 0.8702840694993973
[-3.00551488e+00  3.53716790e-01 -3.54831355e-02  5.27081557e-01
  2.85871722e+02] 0.6357590643294001
[-3.06209555e+00 -1.17335410e-01  5.04413940e-02  3.57260486e-01
  2.85151076e+02] 0.37940346258500096
[-3.02057575e+00 -2.66598874e-01 -2.76906953e-02  7.20347687e-01
  2.85411604e+02] 0.7685977646187996
[-2.94718834e+00  1.84391834e-01 -3.26621292e-02  2.75906114e-01
  2.85511711e+02] 0.3334536651726072
[-2.98394016e+00  4.08351248e-03 -6.63378648e-02  5.02683572e-01
  2.86381150e+02] 0.5070583403847344
[-3.03706140e+00  1.23590887e-01  5.01263846e-01  5.15458201e-01
  2.85738807e+02] 0.7295459602552373
[-3.04918949e+00  4.27878081e-03 -9.07623753e-02  1.29147083e-01
  2.84528313e+02] 0.1579084725398244
[-2.99743754e+00 -8.36664857e-02 -1.56963449e-01  7.93467701e-01
  2.85571902e+02] 0.8131596387590495
[-3.02676372e+00 -2.10462517e-01 -2.77562644e-01  8.72506824e-01
  2.85848063e+02] 0.939469877794406
[-3.02570947e+00 -2.62564781e-01 -1.78266868e-01  2.71498428e-01
  2.85726523e+02] 0.4176490594596984
[-2.95076992e+00  2.48452750e-01 -2.15818911e-01  5.31040689e-01
  2.86731452e+02] 0.6247485768142061
[-2.96126891e+00  3.40172926e-01 -1.12992927e-01  3.48204288e-01
  2.86192073e+02] 0.4997311754825464
[-2.97014230e+00  7.76942187e-02  1.49664230e-01  4.49083626e-01
  2.85489910e+02] 0.47969977781046313
[-3.00673268e+00 -1.40341490e-01 -7.15683952e-02  3.85736658e-01
  2.85041292e+02] 0.41666597986555187
[-2.97667354e+00 -5.56288168e-02 -8.25358511e-02  4.03769148e-01
  2.85175637e+02] 0.4158560529955963
[-2.97056374e+00  1.01626404e-01 -1.92248633e-01  5.22333212e-01
  2.86026379e+02] 0.5657909928807524
[-3.03730846e+00  3.33961801e-02  4.74133546e-02  2.87087141e-01
  2.85398019e+02] 0.29288625340102703
[-2.99740525e+00 -9.60542362e-02  9.55992515e-02  3.97612593e-01
  2.85698609e+02] 0.4200730976731269
[-2.98406954e+00 -2.24828879e-01  1.92760787e-02  4.87996655e-01
  2.86823607e+02] 0.5376433084659161
[-2.98193765e+00 -3.00103370e-01  2.61568110e-01  3.97940657e-01
  2.86075460e+02] 0.5628824705029433
[-3.02822995e+00 -3.38097629e-01 -4.63191015e-02  2.92739369e-01
  2.85182972e+02] 0.4496129489168307
[-2.95640407e+00 -2.81649645e-02  3.22768801e-02  4.18789731e-01
  2.85827622e+02] 0.4209749409265406
[-2.95698084e+00 -6.82134623e-03 -2.42643475e-02  5.43769173e-01
  2.85334628e+02] 0.5443530126358737
[-2.96989273e+00  2.12049377e-01 -8.44487107e-02  3.56678819e-01
  2.85039264e+02] 0.4234575578338162
[-2.97514995e+00 -7.27089789e-02 -3.43053370e-01  4.50996983e-01
  2.85415383e+02] 0.5712884458158572
[-3.04047068e+00  1.07118203e-01  2.84166498e-01  3.86870046e-01
  2.85591526e+02] 0.4918265348872442
[-3.01025062e+00  4.47599798e-02  2.31318588e-01  5.96853772e-01
  2.85663497e+02] 0.6416745048398833
[-2.94261726e+00 -9.02886410e-02 -1.84878765e-02  2.63931909e-01
  2.85318289e+02] 0.2795601779179489
[-2.98373649e+00 -1.72681882e-01  2.15043369e-01  3.74195315e-01
  2.85225268e+02] 0.4648492408764102
[-3.01903519e+00  3.47948691e-02  2.77732619e-01  4.43201326e-01
  2.85579000e+02] 0.5241884263396756
[-2.95516683e+00  1.65289108e-01 -3.25496505e-01  4.97771487e-01
  2.87212739e+02] 0.6172883584672338
[-2.99294603e+00  2.92535279e-01 -1.02162487e-01  7.69527791e-01
  2.86008366e+02] 0.8295704211617237
[-2.98818226e+00  2.31498573e-01  1.22845861e-01  3.40345930e-01
  2.86132568e+02] 0.4295556390119252
[-3.02822236e+00  5.08033709e-02 -2.88188620e-01  3.44506401e-01
  2.85648662e+02] 0.45201584424518104
[-2.97203800e+00  1.51189079e-01 -1.95912890e-01  3.03764290e-01
  2.85814972e+02] 0.3918070211801265
[-2.98401527e+00 -5.29797482e-02 -1.79360217e-01  4.88121261e-01
  2.85875665e+02] 0.5227229731158144
[-2.97256852e+00 -1.19371818e-01 -1.12847483e-03  8.43255396e-01
  2.86970716e+02] 0.8516634123528529
[-2.97547202e+00 -3.32377988e-01 -9.47977188e-02  5.22378040e-01
  2.85376741e+02] 0.6263709373305519
[-2.98055291e+00  1.83094813e-01 -4.37655593e-01  5.20960922e-01
  2.86263092e+02] 0.7046037266181356
[-2.99760650e+00 -2.33376536e-01  4.72562906e-02  3.98056809e-01
  2.85327859e+02] 0.46383939870295415
[-2.95734584e+00  5.20263889e-02 -4.10831893e-01  4.56096374e-01
  2.85394761e+02] 0.616046663302865
[-2.90650901e+00 -2.15886572e-01 -5.13572732e-02  4.05088958e-01
  2.86124836e+02] 0.46188921342582007
[-3.03948473e+00 -3.26292420e-02  1.56209612e-01  9.96882513e-02
  2.85899724e+02] 0.18815912843230817
[-3.00284372e+00 -1.40120021e-01  1.88899547e-01  5.29894684e-01
  2.85968213e+02] 0.5797456644260229
[-2.95576942e+00 -5.55780906e-03 -1.77830989e-01  1.05787930e-01
  2.85597164e+02] 0.20699235773332053
[-2.96765849e+00  1.77503578e-01 -2.30361449e-01  3.19653726e-01
  2.84818515e+02] 0.4321486105052983
[-3.08694893e+00 -5.10707997e-02  6.52287551e-02  2.85003394e-01
  2.85500070e+02] 0.29679951401352905
[-3.00772447e+00 -1.13069571e-02 -3.14914287e-01  5.26578872e-01
  2.84706237e+02] 0.6136645366421916
[-2.92129034e+00 -3.49098702e-01  1.26438274e-02  2.24422094e-01
  2.85162416e+02] 0.41520482471212455
[-2.98651797e+00 -1.57410623e-03 -7.64979572e-02  5.55277177e-01
  2.84829322e+02] 0.5605240038619013
[-3.03531907e+00 -1.97158921e-01 -1.15443945e-01  3.54213449e-01
  2.85349380e+02] 0.4215045815902971
[-2.99673233e+00  1.40373610e-02 -1.43734997e-02  1.89997592e-01
  2.85377053e+02] 0.19105687674533933
[-2.94910619e+00  4.05950804e-02  9.15586449e-02  1.97956592e-01
  2.86297741e+02] 0.22185075678524568
[-2.94968505e+00  1.69342282e-01  2.68634587e-01  7.22953328e-01
  2.85873850e+02] 0.7896219758671698
[-3.00879710e+00  1.38033860e-01 -8.55674657e-02  2.96572382e-01
  2.85413520e+02] 0.3381276614612643
[-2.92123847e+00 -2.75534149e-01  1.36928373e-01  2.62848205e-01
  2.86173048e+02] 0.4046697736662483
[-2.94936108e+00  1.04831319e-01 -1.27810985e-01  7.29416138e-01
  2.86379880e+02] 0.7479125315697563
[-2.95404008e+00  1.19417172e-01  1.57983966e-01  3.32461500e-01
  2.85341602e+02] 0.38697550768199734
[-3.02375699e+00 -2.90741874e-01 -9.37887430e-02  4.15783576e-01
  2.85160361e+02] 0.5159487835619572
[-3.03069758e+00 -1.14884886e-01  2.59726378e-01  3.67457156e-01
  2.85473834e+02] 0.4644147823871734
[-3.03498813e+00  6.17139295e-02 -9.10583335e-02  3.07029312e-01
  2.85772247e+02] 0.326139889609436
[-2.95014349e+00 -3.92744952e-01 -2.36535284e-01  2.33408806e-01
  2.85212591e+02] 0.5144678883471865
[-2.94807542e+00 -3.90959783e-01 -9.09053447e-02  3.68203237e-01
  2.86222911e+02] 0.544689781322443
[-3.03087406e+00 -8.03766271e-02  3.65526486e-01  3.35379763e-01
  2.85259365e+02] 0.5025431320378329
[-2.90412774e+00  3.20976777e-01  2.15612733e-01  9.15638169e-02
  2.85414976e+02] 0.397364913468565
[-3.00924984e+00 -4.03025474e-02  2.79585080e-01  3.50126237e-01
  2.85038082e+02] 0.4498671959693875
[-2.98093137e+00  2.11049047e-01 -8.48100781e-02  2.47272942e-01
  2.85338702e+02] 0.33597374573109456
[-3.00905557e+00 -2.76296096e-01  6.40015949e-02  2.95698030e-01
  2.85315965e+02] 0.40972315202635057
[-2.92964292e+00 -1.64495967e-01  9.59006749e-03  2.89424434e-01
  2.86085173e+02] 0.3330426329411468
[-3.03534760e+00  1.71966166e-01 -2.01519648e-02  3.90461616e-01
  2.85247279e+02] 0.42712847876538595
[-3.01028587e+00  8.26601139e-02  3.12429220e-01  5.61127222e-01
  2.84937259e+02] 0.6475403239805286
[-2.98023655e+00 -6.20579498e-02 -1.56509569e-01  6.38640486e-01
  2.85407447e+02] 0.6604605248716774
[-2.96202896e+00  1.19312979e-01  8.49446729e-02  6.27598577e-01
  2.84950648e+02] 0.6444619140402353
[-2.99220364e+00 -2.50081738e-01 -1.96633432e-01  6.59308183e-01
  2.86353585e+02] 0.7320470360735253
[-2.96523948e+00  1.35284818e-01 -1.66848366e-01  3.21798078e-01
  2.86399660e+02] 0.38690355630098655
