/mnt/stage/douwei/Simulation/5kt_root/2MeV/5kt_+5.40.root
[-3.06387919e+00 -2.00710665e-01 -8.78855652e-02  5.39554375e+00
  3.03382812e+02] 5.399990837227228
[-3.04224179e+00  1.30482119e-01 -9.61331570e-03  5.50091295e+00
  3.04332573e+02] 5.50246864865512
[-3.09251075e+00  1.52944424e-01 -2.03769092e-01  5.51480986e+00
  3.03961870e+02] 5.520692128969384
[-3.03538021e+00 -2.73210267e-01 -1.72260341e-02  5.14612742e+00
  3.03169822e+02] 5.1534035353238075
[-3.11690508e+00  4.37653297e-03  2.81507046e-01  5.55192999e+00
  3.03708145e+02] 5.559063945209712
[-3.00904680e+00 -2.62203425e-01  7.71476850e-02  5.19868081e+00
  3.04837383e+02] 5.205860594253021
[-3.12365966e+00 -1.10696639e-01 -2.46242109e-01  5.43480195e+00
  3.02675674e+02] 5.441503572660711
[-2.97082429e+00  1.25581463e-01 -2.01820770e-01  5.27371911e+00
  3.04471357e+02] 5.279073359963334
[-3.01506385e+00  3.69184841e-01  1.74545700e-01  5.40917000e+00
  3.04326568e+02] 5.424563001632034
[-3.11644866e+00  8.00782551e-02  7.54477964e-02  5.54994026e+00
  3.06605689e+02] 5.551030691028459
[-3.04306303e+00  8.76596857e-02  9.19436101e-02  5.58655654e+00
  3.07355695e+02] 5.588000699300583
[-2.97648857e+00 -2.56664337e-01  1.02869776e-01  5.37322112e+00
  3.04907457e+02] 5.380331217377845
[-3.14749790e+00 -1.32092436e-01 -1.86385471e-01  5.49184643e+00
  3.02223557e+02] 5.496595777512453
[-3.09155539e+00  6.26426993e-02 -3.21728756e-02  5.30987288e+00
  3.02178217e+02] 5.310339843539602
[-3.09494244e+00  1.55760440e-01 -1.86028946e-02  5.67095664e+00
  3.06756715e+02] 5.673125818169548
[-3.12441802e+00 -1.42363961e-01  5.83872502e-02  5.75746456e+00
  3.05857513e+02] 5.75952035327905
[-3.04032536e+00  1.96453903e-01  1.34682457e-01  5.71037582e+00
  3.06250525e+02] 5.715341240408103
[-2.98174901e+00 -1.00800467e-01  1.06052369e-01  5.36652127e+00
  3.05426498e+02] 5.368515468442065
[-3.04437635e+00  2.71712159e-01  1.92750304e-01  5.23082818e+00
  3.04116706e+02] 5.241425721598921
[-3.01872111e+00 -1.29458728e-01  5.44540195e-02  5.37894705e+00
  3.04141117e+02] 5.38078025791799
[-3.12272593e+00 -1.16526868e-01 -1.01255625e-01  5.69257434e+00
  3.06951849e+02] 5.694667136638567
[-3.00341873e+00  1.87498265e-02 -3.02744983e-01  5.49509030e+00
  3.06323698e+02] 5.503455591318246
[-3.13166966e+00 -4.66007209e-02 -4.07833730e-01  5.48587324e+00
  3.05343258e+02] 5.501209426797791
[ -2.97911615  -0.32969086  -0.32775488   5.08103717 302.14790527] 5.102260087554268
[ -3.07857485   0.57142186  -0.32928249   5.61366345 306.33808261] 5.652270980517178
[-3.03991822e+00  3.89973238e-01 -1.22620186e-01  5.44679844e+00
  3.03519062e+02] 5.4621175407638995
[-3.14603727e+00 -2.12714523e-01  3.04219679e-02  5.25966174e+00
  3.04120664e+02] 5.264049258209203
[-3.06802338e+00  3.05504141e-01  6.73598869e-02  5.75139050e+00
  3.06864227e+02] 5.759892600930398
[-3.07646092e+00 -4.41285373e-03 -1.63745218e-01  5.65060797e+00
  3.08300385e+02] 5.652981726114622
[-3.09742171e+00  1.68812500e-01  2.40274789e-01  5.36711842e+00
  3.05913481e+02] 5.375145555208782
[-3.03802066e+00 -8.41059494e-05  1.01531204e-01  5.64168171e+00
  3.05855604e+02] 5.64259524675019
[-3.04118655e+00  1.89315584e-01 -4.89570562e-02  5.89286811e+00
  3.06892481e+02] 5.89611157438276
[-3.07413666e+00  1.15619887e-01  2.91262209e-02  5.53946472e+00
  3.05298723e+02] 5.54074775602503
[-3.08943109e+00  2.61207689e-01 -9.43563424e-02  5.75452457e+00
  3.05462981e+02] 5.761222577541286
[-3.00181372e+00  3.56210365e-01  1.61564835e-01  5.82881346e+00
  3.07865365e+02] 5.841922230317145
[-2.94886352e+00 -1.80324029e-01  1.08604585e-01  5.26506474e+00
  3.06595415e+02] 5.269271149548157
[-3.04670538e+00  4.65320665e-02  6.58591842e-02  5.68370356e+00
  3.07346416e+02] 5.684275580346571
[-3.14271673e+00  1.66997369e-01  4.20081507e-01  5.70874022e+00
  3.05091373e+02] 5.726610819557132
[-2.99218061e+00 -5.74503677e-02  3.99716947e-02  5.37668618e+00
  3.06040745e+02] 5.377141674446021
[-3.07553905e+00  4.79239380e-02 -2.34504184e-02  5.60128872e+00
  3.05257304e+02] 5.601542816059934
[-3.07879725e+00 -1.00762980e-01  2.60603781e-01  5.72065171e+00
  3.06944757e+02] 5.7274709463407
[-2.99081783e+00  6.23106876e-02 -1.30340390e-01  5.27959396e+00
  3.07616332e+02] 5.281570188657785
[-3.05474881e+00 -7.92361529e-02 -2.78377349e-01  5.60136469e+00
  3.08036954e+02] 5.608837549919774
[-3.07832682e+00  2.93128349e-01 -1.73980560e-01  5.25914434e+00
  3.05988623e+02] 5.270179561282085
[-2.94451157e+00 -6.44240703e-02  1.05839235e-01  5.49528490e+00
  3.07095184e+02] 5.4966815942826255
[-3.00097733e+00 -1.88470748e-01  2.11949075e-01  5.31122540e+00
  3.02950596e+02] 5.3187929886263605
[-3.05022171e+00 -2.54047257e-02 -3.51943000e-01  5.41028265e+00
  3.05439581e+02] 5.421777168469051
[-3.13123811e+00 -1.43647303e-01  2.05737227e-01  5.60518295e+00
  3.04745811e+02] 5.610796576677953
[-3.11555462e+00 -7.83981256e-02 -1.46764602e-01  5.25375387e+00
  3.04963147e+02] 5.256388102196047
[-3.02492170e+00  1.13351999e-02  1.67600415e-01  5.30458811e+00
  3.04273938e+02] 5.3072472479928114
[-3.11457772e+00  2.42276846e-01  1.15542489e-02  5.51351063e+00
  3.03168532e+02] 5.518843267485994
[-3.06664766e+00 -2.02428478e-01  3.28419517e-01  5.58226213e+00
  3.06464263e+02] 5.595577462052184
[ -3.0648958    0.42117116  -0.32847995   5.4288093  304.76840581] 5.455021050868224
[-3.13195493e+00 -1.90060147e-01  2.32812330e-01  5.37773849e+00
  3.04519327e+02] 5.386129937263817
[-3.10892080e+00 -2.56095495e-01  6.74741445e-03  5.41433800e+00
  3.02701580e+02] 5.420395407591956
[-3.07271547e+00  6.72378628e-02 -3.43331920e-03  5.08492561e+00
  3.01611112e+02] 5.0853712904526445
[-3.07101592e+00  7.34230170e-02 -1.64045807e-01  5.29300291e+00
  3.03696913e+02] 5.296053413070593
[-3.03676139e+00 -1.47210195e-01  1.99150850e-01  5.58098081e+00
  3.05161334e+02] 5.5864728343135
[-3.10635911e+00  2.46352286e-01  1.17983664e-01  5.60004483e+00
  3.05262911e+02] 5.606702392828361
[-3.09974818e+00  1.98723746e-01 -1.42161055e-01  4.99740762e+00
  3.03150786e+02] 5.003377236353745
[-3.09241035e+00 -3.97145257e-01  9.14952159e-02  5.68848261e+00
  3.06468851e+02] 5.703063228470849
[-3.04538354e+00  1.25288319e-01 -4.47130213e-02  5.59030495e+00
  3.07143491e+02] 5.591887504392474
[-3.09723394e+00 -1.85467890e-01  7.03034769e-02  5.36822560e+00
  3.03865081e+02] 5.371888593613987
[-3.01098957e+00 -1.06961483e-01 -1.31232720e-01  5.73064027e+00
  3.08776037e+02] 5.733140558634105
[-3.05891774e+00  1.42642106e-01  1.88129335e-01  5.34453927e+00
  3.03317555e+02] 5.349751344446436
[-3.02268718e+00  2.31593170e-01 -2.40218566e-01  5.29383235e+00
  3.04907332e+02] 5.304337974120162
[-3.06296753e+00 -2.47005807e-01  3.04560793e-01  5.44476176e+00
  3.04827544e+02] 5.458864325892117
[-3.07665836e+00 -4.37776174e-02 -3.23967165e-01  5.50025177e+00
  3.04534606e+02] 5.5099583196900905
[-3.00069549e+00  3.65773342e-01  1.22480689e-01  5.74657640e+00
  3.07777300e+02] 5.75950796195713
[-3.00069054e+00 -4.21177973e-01 -6.43080045e-02  5.25981549e+00
  3.04146922e+02] 5.277043243849788
[-2.99714973e+00  1.03822624e-01 -1.78366652e-02  5.42857669e+00
  3.06219830e+02] 5.429598706985974
[-3.00359077e+00  2.12116474e-01  1.11666471e-01  5.39600024e+00
  3.04791304e+02] 5.401322193469523
[-3.01801635e+00 -3.66266878e-02  3.32939328e-02  5.51085754e+00
  3.06460756e+02] 5.511079820233134
[-3.10825798e+00  2.12329257e-01  2.22700555e-01  5.47831925e+00
  3.04434813e+02] 5.48695371286914
[-2.99924186e+00  2.29027815e-01  1.21228243e-01  5.09362556e+00
  3.04992681e+02] 5.100212872794961
[-3.13666478e+00  9.07850907e-02  4.56808379e-02  5.50791943e+00
  3.05007579e+02] 5.508856972208653
[-3.09960412e+00 -1.35130328e-01 -7.53603311e-02  5.48888784e+00
  3.04600034e+02] 5.491068118751259
[-3.02658036e+00 -2.82799650e-01 -2.00986295e-02  5.21634496e+00
  3.05109941e+02] 5.224043873231994
[-3.03584715e+00 -8.99819125e-02 -1.83627057e-02  5.90731029e+00
  3.09170125e+02] 5.9080241055501626
[-3.08790010e+00 -1.92450749e-01 -1.21044125e-01  5.15699771e+00
  3.00211234e+02] 5.16200681139074
[-3.03098047e+00 -2.67663814e-01 -3.54927744e-01  5.46887710e+00
  3.05591175e+02] 5.486914832678145
[-3.03725807e+00 -1.20496284e-01  2.69706190e-01  5.62179638e+00
  3.05283684e+02] 5.629551968304975
[-3.04337670e+00 -2.32831706e-01 -3.87900565e-02  5.33249373e+00
  3.04997745e+02] 5.3377153003668925
[-3.02331055e+00  1.10854662e-01  9.65212174e-02  5.23824201e+00
  3.02600169e+02] 5.2403038472110754
[-3.02572139e+00  2.23874297e-01 -2.79970461e-02  5.35393605e+00
  3.06392338e+02] 5.35868777876236
[-3.09566440e+00  1.37025168e-02 -1.22808538e-01  5.34228335e+00
  3.04257880e+02] 5.343712297741015
[-3.00631840e+00 -2.40641863e-01  6.51466438e-02  5.29946505e+00
  3.03934763e+02] 5.305325851350647
[-3.04777357e+00 -1.46025111e-01 -1.21496065e-01  5.52240384e+00
  3.06342543e+02] 5.52566998920423
[-3.03105160e+00 -8.35746145e-02 -7.93851660e-02  5.30398596e+00
  3.03284727e+02] 5.3052383331701805
[-3.10586568e+00  1.97991740e-01 -1.36362952e-01  5.63041893e+00
  3.05814010e+02] 5.635549034777837
[-2.99135186e+00 -3.85104892e-01 -1.20672493e-01  5.45248670e+00
  3.05293263e+02] 5.46740147469015
[-3.08459979e+00  1.03769622e-02  1.63928394e-01  5.09806315e+00
  3.02630555e+02] 5.10070859069015
[-3.00510026e+00  1.86801633e-01  2.47021496e-02  5.31691707e+00
  3.03566016e+02] 5.320254901251855
[-3.07418189e+00  1.67953975e-03 -7.41631168e-02  5.61422143e+00
  3.05388181e+02] 5.614711500039547
[-2.95701673e+00  9.55896282e-02  9.72134204e-02  5.23986653e+00
  3.05572291e+02] 5.241639923769078
[-3.13416421e+00  4.13631311e-02 -2.02870178e-01  5.46138534e+00
  3.05787400e+02] 5.465308500929707
[-3.00097308e+00  3.01737219e-01 -3.02841913e-01  5.37340546e+00
  3.04724173e+02] 5.390384478364206
[-2.96522872e+00 -3.58708456e-01 -1.71328490e-03  5.70700112e+00
  3.08957598e+02] 5.718263415754307
[-3.04673227e+00 -4.81463734e-02  1.88684285e-01  5.50428891e+00
  3.07707980e+02] 5.507732401374346
[-3.07431837e+00  1.54781095e-01  1.31424378e-01  5.79029027e+00
  3.07977536e+02] 5.793849410224295
[-3.06142114e+00  2.07725059e-01  1.33842419e-01  5.53709699e+00
  3.07162471e+02] 5.5426082827463725
[-3.05627924e+00  1.09695072e-01  1.63558150e-01  5.52347506e+00
  3.05945719e+02] 5.526984805773659
[-3.05775782e+00 -3.27034120e-01 -2.87902110e-01  5.53465169e+00
  3.05067987e+02] 5.551775232748586
[-3.01324913e+00  7.00359255e-02  2.07584908e-01  5.63283389e+00
  3.07067178e+02] 5.637092705945174
[-2.98916308e+00 -5.98343208e-02 -3.90028624e-01  5.44977905e+00
  3.05386582e+02] 5.464045585335658
[-3.17922449e+00  1.88444957e-01  8.26496284e-02  5.47012734e+00
  3.02402569e+02] 5.473996304012497
[-3.07682979e+00 -6.52496231e-02  1.41491343e-01  5.24090081e+00
  3.03982877e+02] 5.24321643411497
[-3.05639296e+00 -4.98411727e-02 -7.66080794e-02  5.41722960e+00
  3.04921223e+02] 5.418000505245486
[-3.03904046e+00 -1.42570120e-01  3.00855099e-01  5.47285841e+00
  3.05251598e+02] 5.482975398722221
[-3.04055574e+00  8.34542962e-02 -2.20970426e-02  5.39934438e+00
  3.06166896e+02] 5.400034503889999
[-2.96143438e+00  3.53726062e-01 -1.66819592e-02  5.20320377e+00
  3.04450887e+02] 5.2152401521677705
[-3.11376297e+00 -3.04458939e-01  1.22391581e-01  5.33674335e+00
  3.03396181e+02] 5.346821906708306
[-3.09893271e+00  9.79942972e-02  2.19115203e-01  5.35709114e+00
  3.02994697e+02] 5.3624658392744795
[-3.06402187e+00 -8.29550126e-02 -3.80061072e-01  5.68008918e+00
  3.04783625e+02] 5.693394510925128
[-3.03841664e+00  2.89356486e-01 -4.94916195e-02  5.50066781e+00
  3.06044390e+02] 5.508495527097968
[-3.06134438e+00 -1.16182727e-01  2.42670096e-01  5.49815437e+00
  3.05895781e+02] 5.504733298709752
[-3.07577434e+00  2.44941042e-02 -2.97168400e-02  5.60550024e+00
  3.05776903e+02] 5.60563252046287
[-3.04503456e+00 -4.15244927e-02  1.07706642e-01  5.62012668e+00
  3.06349865e+02] 5.621312030335922
[-3.00228170e+00 -1.50497253e-01 -2.03559465e-01  5.22581899e+00
  3.03380565e+02] 5.231947055463889
[-3.06064654e+00  2.52327824e-01 -3.04961392e-01  5.55144979e+00
  3.06962072e+02] 5.565542700464358
[-3.06869469e+00  1.20152621e-01 -2.40736869e-01  5.65943292e+00
  3.03823208e+02] 5.66582490132814
[-3.04794177e+00  2.29522766e-01  1.53201474e-01  5.14270780e+00
  3.02087254e+02] 5.150106303988925
[-2.96221759e+00 -6.54597499e-02  8.96716503e-04  5.47172729e+00
  3.05514720e+02] 5.472118903236936
[-3.15905484e+00 -1.38971142e-01  4.46872685e-01  5.51541479e+00
  3.03025223e+02] 5.535233376505083
[-3.03686474e+00  2.80542441e-01  2.52886286e-01  5.35833448e+00
  3.04249294e+02] 5.3716295410571835
[-3.12039874e+00 -3.75406420e-01  1.10040462e-01  5.67951647e+00
  3.05663398e+02] 5.692973407181075
[-2.99022427e+00 -4.80634069e-02  1.09550414e-01  5.51569460e+00
  3.06399979e+02] 5.516991779255326
[ -3.12441136  -0.39829704  -0.39563652   5.54326184 304.64388184] 5.5716174192101855
[-3.08922083e+00  1.65810628e-01  4.13162284e-02  5.57408267e+00
  3.06420909e+02] 5.576701340534951
[-3.06286617e+00  2.14591584e-01 -1.02650927e-01  5.37654339e+00
  3.03977909e+02] 5.381803189932309
[-3.03196773e+00 -2.40999991e-01 -7.37155167e-02  5.67317820e+00
  3.04999531e+02] 5.678773267802453
[-3.11841551e+00  1.29936512e-01 -3.31012787e-02  5.54489136e+00
  3.03972239e+02] 5.546512358615932
[-3.05906130e+00  9.02166111e-02 -3.84126621e-02  5.60967896e+00
  3.04089039e+02] 5.610535856818311
[-3.10407519e+00 -2.24745553e-01  6.37834877e-02  5.40888323e+00
  3.04178021e+02] 5.4139261815400435
[-3.10941797e+00 -6.72981226e-02  4.39462145e-02  5.26751744e+00
  3.02297989e+02] 5.268130623986097
[-3.13277091e+00 -9.31653236e-02  3.92641092e-02  5.74851949e+00
  3.05135395e+02] 5.749408467589625
[-3.12344988e+00 -4.20450475e-02 -1.47410773e-01  5.10292877e+00
  3.02945573e+02] 5.1052306226326944
[-3.07065192e+00  3.97911332e-02  7.62244652e-02  5.51719797e+00
  3.05488108e+02] 5.517867974366786
[-2.92341487e+00 -3.78420782e-01 -1.42047887e-01  5.47337287e+00
  3.07780256e+02] 5.488277545125148
[-3.13982074e+00  1.02031248e-01 -2.29215297e-01  5.18756234e+00
  2.99880083e+02] 5.193626193764103
[-3.07047008e+00  1.67086365e-01 -1.82347288e-02  5.43738598e+00
  3.02536027e+02] 5.439983144168835
[-2.98422529e+00 -9.02085572e-02 -3.00255231e-02  5.51477209e+00
  3.07136612e+02] 5.515591569677665
[-3.01824773e+00 -1.88820935e-01  2.49158552e-02  5.25796088e+00
  3.06091265e+02] 5.261409197319049
[-2.99729329e+00 -1.38381998e-01  3.18719920e-01  5.65970470e+00
  3.07553672e+02] 5.6703605962625065
[-3.11924772e+00 -2.02986813e-01 -3.36247519e-01  5.34923625e+00
  3.04102719e+02] 5.363636308887553
[-3.03318998e+00  2.67868652e-01  1.32483658e-01  5.62257748e+00
  3.07397759e+02] 5.6305135711305345
[-3.08438323e+00 -1.81613750e-01  1.71599048e-01  5.25446666e+00
  3.04854505e+02] 5.2604039462678065
[-3.00546667e+00 -1.21325389e-01  3.57592470e-02  5.36145505e+00
  3.05618416e+02] 5.362946838093532
[-3.10248478e+00  1.56650834e-02  8.67917221e-02  5.38520362e+00
  3.05123938e+02] 5.385925758406736
[-3.03646012e+00  8.44849705e-02 -2.84331043e-02  5.61545654e+00
  3.04967793e+02] 5.616164024058685
[-3.09509721e+00  8.39312753e-03 -4.72116785e-02  5.74753257e+00
  3.06534390e+02] 5.747732599906712
[-3.08518081e+00 -2.99680848e-01  2.39924924e-01  5.56857847e+00
  3.06122711e+02] 5.581795302127541
[-3.12721507e+00 -1.22281126e-01 -2.03685904e-01  5.21266881e+00
  3.02300814e+02] 5.21807979866559
[-3.17123640e+00 -1.62853783e-01  1.87618553e-01  5.61675622e+00
  3.05538983e+02] 5.622247994889191
[-3.09331934e+00  3.11415480e-01  2.30744488e-02  5.41097732e+00
  3.04673453e+02] 5.419980406277203
[-3.03778479e+00 -7.82945406e-02 -6.99712311e-02  5.27439709e+00
  3.03935481e+02] 5.275442220580181
[-3.11000071e+00  7.78520118e-02 -6.60324530e-02  5.31870877e+00
  3.02363464e+02] 5.3196883551996645
[-3.02855475e+00  2.22423803e-01 -1.73115512e-02  5.51217124e+00
  3.04641003e+02] 5.516684129899759
[-3.12789096e+00  3.37189573e-01 -5.16969721e-02  5.69554314e+00
  3.05441480e+02] 5.705749821210114
[-3.12681073e+00 -3.45023326e-01  9.79682363e-02  5.52367471e+00
  3.04673188e+02] 5.535306785325334
[-3.08437764e+00 -1.48077360e-01  1.51528857e-01  5.60105116e+00
  3.04163119e+02] 5.605056819300603
[-3.04317504e+00  1.46978655e-01 -2.73239959e-01  5.88705300e+00
  3.06013558e+02] 5.895223133336488
[-3.08187611e+00  1.35394769e-01 -2.48272286e-01  5.08322441e+00
  3.01674345e+02] 5.091084484078837
[-3.02405970e+00 -8.53961130e-02 -7.86296436e-02  5.68144745e+00
  3.05088917e+02] 5.6826332134581445
[-3.14568406e+00 -5.23360396e-01  5.23562129e-02  5.35756042e+00
  3.03110530e+02] 5.383316907869134
[-3.05435489e+00 -9.64243957e-02  3.84001156e-01  5.32991886e+00
  3.04423534e+02] 5.344603782566032
[-3.03716333e+00 -2.64032172e-01  3.11939964e-01  5.36134962e+00
  3.05570159e+02] 5.376903320850316
[-3.07917274e+00 -1.32370940e-01  3.13413252e-01  5.43015051e+00
  3.04940148e+02] 5.4407981489763175
[-3.11053802e+00  1.12730281e-01  2.31137375e-01  5.59590386e+00
  3.06793807e+02] 5.601809764711972
[-3.07695647e+00  1.24273431e-01  1.17985545e-01  5.39910278e+00
  3.04475072e+02] 5.401821481127562
[-3.03708577e+00  1.13859851e-01  3.86835702e-03  5.26139384e+00
  3.04377930e+02] 5.262627112531608
[-3.05894571e+00  1.04925800e-01 -1.44275810e-01  5.71151028e+00
  3.04737574e+02] 5.71429563809399
[-3.04683703e+00 -2.52384310e-01  2.58728718e-01  5.81085153e+00
  3.05764512e+02] 5.822081573376585
[-3.17631161e+00  4.00841857e-02  2.32181587e-01  5.62329024e+00
  3.04121083e+02] 5.628224243671563
[-2.99769386e+00 -8.54967842e-02 -4.61024242e-02  5.36747032e+00
  3.06975349e+02] 5.368349164273996
[-3.05847571e+00 -2.45702153e-01  1.18862441e-01  5.33474820e+00
  3.05020565e+02] 5.341725951798313
[-3.19425273e+00 -1.90652787e-02  9.20812458e-02  5.35390250e+00
  3.01251408e+02] 5.354728230383207
[-3.14010178e+00 -1.26467887e-01  5.03795462e-02  5.40619813e+00
  3.02803090e+02] 5.407911837690122
[-3.03880138e+00 -4.61986351e-02  1.70090750e-01  5.61828424e+00
  3.08164473e+02] 5.621048214096609
[-3.02440384e+00  1.87393999e-01 -2.09698045e-01  5.32758413e+00
  3.05029518e+02] 5.335001637389459
[-2.97346974e+00  1.51679415e-01  2.57667637e-01  5.59084930e+00
  3.07136179e+02] 5.5988387280025735
[-2.98808859e+00 -1.21726706e-01  7.33679630e-02  5.30230999e+00
  3.04211168e+02] 5.3042145007074515
[-3.01673044e+00  1.35641563e-01  8.42410107e-02  5.23142828e+00
  3.01501301e+02] 5.233864445341222
[-3.09144832e+00 -7.79641705e-02 -2.17811522e-02  5.06031095e+00
  3.02601526e+02] 5.060958385876791
[-3.07468734e+00 -1.67690595e-01  4.78419427e-02  5.54742091e+00
  3.04523698e+02] 5.55016105630473
[-2.93317056e+00  1.22741457e-01  9.89617427e-02  5.29408057e+00
  3.04244041e+02] 5.296427849157296
[-3.12965366e+00  1.74362752e-01  2.89886531e-01  5.57369292e+00
  3.06418523e+02] 5.583949260242212
[-3.07517110e+00 -2.67830605e-01  5.34799551e-02  5.47732865e+00
  3.07021452e+02] 5.484133705884007
[-3.03246362e+00 -1.40792632e-01 -2.17513420e-01  5.47098738e+00
  3.06332932e+02] 5.477119455060681
[-3.06018720e+00  2.88489312e-01 -3.49990203e-02  5.47703426e+00
  3.05997695e+02] 5.484738398609042
[-3.07801625e+00 -8.94763104e-02  6.74447269e-02  5.53242260e+00
  3.06047338e+02] 5.533557138243818
[-3.12400464e+00 -6.41582222e-02 -2.33360164e-01  5.67351385e+00
  3.06511532e+02] 5.678673496910238
[-3.08363102e+00  9.86459722e-02 -1.27989206e-01  5.62648004e+00
  3.04074346e+02] 5.628800041841983
[-3.09328197e+00 -2.79222283e-01  1.77925482e-01  5.37011076e+00
  3.03327394e+02] 5.380307814560348
[-3.02241381e+00 -1.31390569e-01  3.04726711e-02  5.29788806e+00
  3.04560163e+02] 5.299604698837993
[-2.99162683e+00  1.79827340e-01 -1.16265694e-01  5.14348429e+00
  3.04083569e+02] 5.147939999382786
[-3.04155168e+00  3.00900700e-02  7.33905839e-02  5.52586706e+00
  3.08188102e+02] 5.526436312651813
[-3.04643158e+00  8.76194994e-02  1.21762767e-01  5.31463498e+00
  3.05480847e+02] 5.316751665445516
[-3.02970825e+00  1.15744423e-01 -4.13391844e-02  5.20319855e+00
  3.05563893e+02] 5.204649927946698
[-3.03278019e+00  5.95653852e-02 -7.05546846e-02  5.37233502e+00
  3.04065887e+02] 5.373128469022549
[-3.06672286e+00 -2.69542385e-01  2.11275239e-01  5.69316644e+00
  3.04936407e+02] 5.7034581169777425
[-3.14545862e+00  1.16368052e-01 -1.69256705e-01  5.45729196e+00
  3.06333264e+02] 5.461156005185644
[-3.00832751e+00  7.97094144e-02 -3.46682061e-02  5.62110278e+00
  3.07391856e+02] 5.6217748000697565
[-3.04212099e+00 -3.45404147e-01 -1.35731313e-01  5.59480462e+00
  3.05524491e+02] 5.607099587761673
[-3.12207556e+00  3.08207230e-02 -1.06044953e-01  5.56936442e+00
  3.05768560e+02] 5.57045918220814
[-2.97612902e+00 -3.63159392e-02  1.25129295e-01  5.08222752e+00
  3.04073139e+02] 5.0838974011158715
[-3.04647513e+00 -2.15770223e-01 -4.61287185e-02  5.31329727e+00
  3.04727559e+02] 5.317876697475167
[-3.19278857e+00 -1.71556599e-01  1.63898578e-01  5.32284045e+00
  3.02764227e+02] 5.328125833781876
[-3.09475652e+00 -5.47886069e-02 -2.86236694e-01  5.43747322e+00
  3.06340043e+02] 5.4452776116772315
[-2.97688827e+00  8.20790072e-02 -6.83789933e-02  5.13444621e+00
  3.04153279e+02] 5.1355574729823585
[-3.00988274e+00 -2.66589454e-01  2.83998597e-02  5.17652476e+00
  3.04904747e+02] 5.183462657496688
[-3.04740192e+00  2.55805301e-01 -1.25591046e-01  5.32675996e+00
  3.04996824e+02] 5.334377296679624
[-3.13480041e+00 -1.60513348e-01 -2.82918114e-01  5.54568032e+00
  3.04448386e+02] 5.555211734328589
[-3.11423083e+00  1.58091923e-01 -6.68894675e-02  5.01538011e+00
  3.02295796e+02] 5.018316939539227
[-3.04674734e+00  1.66680621e-03 -1.50803956e-01  5.04464533e+00
  3.02008584e+02] 5.0468991549771225
[-3.01367165e+00  3.55701201e-01 -2.46971767e-01  5.52448259e+00
  3.05314951e+02] 5.541428184816603
[-3.13203690e+00  7.63344060e-02 -1.71120204e-01  5.54424468e+00
  3.05999662e+02] 5.547410042142473
[-3.10042887e+00  8.24610066e-02  2.66176895e-01  5.72111834e+00
  3.06345561e+02] 5.727900574944498
[-3.04498680e+00  1.32698415e-01  1.65187964e-01  5.58125854e+00
  3.05441199e+02] 5.585279119886513
[-3.07042379e+00  1.69014981e-01  1.04273813e-01  5.43554468e+00
  3.04511193e+02] 5.439171362622909
[-3.13972603e+00 -1.28089418e-01 -1.88652142e-01  5.51712737e+00
  3.03655099e+02] 5.521837644311293
[-3.03572508e+00  1.75324587e-01 -1.54896869e-01  5.52855520e+00
  3.02632980e+02] 5.533502902709369
[-3.09974243e+00  7.57192057e-02 -3.43102776e-01  5.40473413e+00
  3.05280709e+02] 5.416142902868785
[-3.01820109e+00  7.73807923e-02  1.95440748e-01  5.58017104e+00
  3.06528700e+02] 5.584128733899881
[-3.14858208e+00  5.35704149e-02 -3.21850849e-01  5.42460590e+00
  3.02649310e+02] 5.434409530262249
[-2.98139658e+00  1.31485137e-01  6.11527726e-02  5.63240214e+00
  3.08270902e+02] 5.634268528159999
[-3.07906185e+00 -1.06483883e-01  7.58661052e-02  5.47507937e+00
  3.07054271e+02] 5.476640261245055
[-3.03136386e+00  2.04663405e-02  9.66733010e-02  5.19577080e+00
  3.02538935e+02] 5.19671038067521
[-3.11422525e+00 -3.83877985e-02 -3.66612177e-02  5.81019590e+00
  3.05494171e+02] 5.81043837382301
[-3.11094849e+00  2.34630952e-01  5.85316540e-02  5.67856186e+00
  3.06771497e+02] 5.6837085104858165
[-3.10676089e+00  3.41166423e-01  1.96048558e-01  5.56168402e+00
  3.06971254e+02] 5.575585946929987
[-3.09956874e+00  1.54271099e-02  1.58350252e-01  5.56414202e+00
  3.04140742e+02] 5.566416190906991
[-3.06798209e+00  2.94738046e-01  1.01652261e-01  5.46276025e+00
  3.06956827e+02] 5.471649961282861
[-3.06548247e+00 -2.70719005e-02  1.36518748e-02  5.23541341e+00
  3.03561407e+02] 5.235501205935366
[-3.11176629e+00  1.96758012e-01  1.97509572e-01  5.46308275e+00
  3.03936954e+02] 5.470191672119012
[-3.02531028e+00 -1.59266555e-01 -4.09334178e-01  5.51385368e+00
  3.04807535e+02] 5.5313201606216555
[-3.06853165e+00 -1.81634537e-01 -1.29286192e-01  5.69423107e+00
  3.05280239e+02] 5.698593991107783
[-2.99252261e+00 -3.74740386e-04 -9.54323649e-02  5.34722070e+00
  3.05020326e+02] 5.348072244347199
[-3.01997098e+00  2.06668976e-01 -5.08971196e-02  5.32540275e+00
  3.04967147e+02] 5.3296544965171515
[-3.06585564e+00  4.49913024e-02  1.44286902e-01  5.50699050e+00
  3.06578395e+02] 5.509064101477216
[-3.01817321e+00  3.06861009e-01 -4.28070418e-02  5.39840701e+00
  3.03787074e+02] 5.4072908507611075
[-3.07295958e+00 -2.15796631e-01  5.09077003e-02  5.83628026e+00
  3.08701328e+02] 5.840490308877754
[-3.02651417e+00  7.63378719e-02  2.51986521e-01  5.43912269e+00
  3.02980896e+02] 5.445491738646305
[-3.09840056e+00 -1.47999747e-01  1.34143344e-02  5.22977813e+00
  3.03517619e+02] 5.2318890624673315
[-3.04928642e+00  8.42118532e-02 -1.06609478e-01  5.62110264e+00
  3.04782691e+02] 5.622744178008982
[-3.03150228e+00 -1.89559833e-02  1.45261591e-03  5.27545068e+00
  3.05808538e+02] 5.275484940380297
[-3.24670955e+00  1.31753449e-01 -1.60808815e-01  5.56774573e+00
  3.05085275e+02] 5.571625520740854
[-3.02252019e+00  2.85260787e-01 -1.12991837e-02  5.36772333e+00
  3.05512417e+02] 5.375309774439834
[-3.14648483e+00  2.09796554e-01  1.97164644e-01  5.51112048e+00
  3.05977218e+02] 5.518635471742306
[-3.03789213e+00  2.78738904e-01 -1.93007327e-02  5.73579606e+00
  3.08193956e+02] 5.742597347532159
[-3.09491625e+00 -5.75567182e-02  1.09914726e-01  5.03977251e+00
  3.01846073e+02] 5.0412995355644155
[-3.06069627e+00 -2.28484247e-01  9.62813627e-02  5.14117825e+00
  3.01102784e+02] 5.1471534792218785
[-3.02921275e+00  1.02108528e-01 -1.97785391e-01  5.11257023e+00
  3.03992144e+02] 5.117413362411461
[-3.06089846e+00 -2.14757418e-01 -1.32897434e-01  5.45412969e+00
  3.04763247e+02] 5.459973734192809
[-3.12861412e+00  4.26419769e-02 -3.08126778e-01  5.43954357e+00
  3.06871634e+02] 5.44843047807885
[-3.03628576e+00 -2.92054384e-02  1.85039205e-01  5.32059522e+00
  3.04123902e+02] 5.323891993714354
[-3.01461988e+00 -1.44692967e-01 -2.49572007e-01  5.51529917e+00
  3.04938237e+02] 5.522838691688616
[-2.98140952e+00 -1.78694301e-01 -1.89204197e-01  5.21268178e+00
  3.06986493e+02] 5.21917438417391
[-3.01302076e+00  2.63513542e-01 -4.61801299e-02  5.38202966e+00
  3.04606716e+02] 5.3886747181312575
[-3.05016937e+00  8.54884646e-03  1.66619291e-01  5.49190674e+00
  3.06624135e+02] 5.49444034136516
[-2.99969516e+00 -4.31226752e-01  2.15394735e-01  5.19947580e+00
  3.04957606e+02] 5.221771732134303
[-3.14646658e+00  1.87215541e-01 -4.41229725e-01  5.11902626e+00
  3.00755271e+02] 5.141416461421148
[-3.12164947e+00  2.68270006e-01  8.94823031e-03  5.06487400e+00
  2.99962706e+02] 5.071981616613815
[-3.03629139e+00 -2.33353245e-01 -2.61832301e-01  5.34996357e+00
  3.04354663e+02] 5.3614475758467135
[-3.05327293e+00 -1.85267798e-01  2.98664392e-02  5.32228321e+00
  3.03498377e+02] 5.32559055196748
[-3.07570612e+00  5.60136595e-02  3.72008824e-01  5.32766769e+00
  3.04613226e+02] 5.340933538946988
[-3.10908751e+00  4.24458906e-01  6.72179474e-02  5.63639940e+00
  3.07116870e+02] 5.652758774696182
[-2.99357217e+00 -1.93288945e-01 -1.17489725e-01  5.60331290e+00
  3.07318293e+02] 5.607876591386475
[-3.14868619e+00  2.89755882e-01 -2.47013868e-02  5.17490948e+00
  3.04693787e+02] 5.183074064614452
[-3.05976829e+00 -2.39368271e-01 -1.66402048e-02  5.47268098e+00
  3.05135277e+02] 5.4779385855740195
[-3.04843995e+00  2.03482156e-01  1.96830040e-02  5.23400901e+00
  3.04895953e+02] 5.237999877728925
[-3.15037135e+00 -2.99667552e-01  2.89553264e-01  5.28339965e+00
  3.04072954e+02] 5.299806938934191
[-3.07470407e+00 -5.81180869e-02  1.49974779e-01  5.54812708e+00
  3.02703336e+02] 5.550458020585976
[-3.11131518e+00 -1.13454611e-01  7.41298749e-02  5.49963103e+00
  3.02170072e+02] 5.501300630313049
[-3.06310128e+00 -5.13616151e-02  1.34621283e-02  5.53487095e+00
  3.07634311e+02] 5.535125621610286
[-3.05885882e+00  3.10259697e-01 -6.99642172e-02  5.33911103e+00
  3.04775830e+02] 5.348575761983553
[-3.02948099e+00 -2.62522342e-01 -8.95040680e-02  5.34460067e+00
  3.03788382e+02] 5.351792712465232
[-3.04739565e+00 -1.22765623e-01 -1.28459007e-01  5.33138389e+00
  3.04179016e+02] 5.334344127271587
[-3.14922976e+00  1.03021804e-01 -2.39619563e-02  5.83228095e+00
  3.04824470e+02] 5.833239984392292
[-2.98669299e+00 -3.34555256e-01  4.58346817e-02  5.19483754e+00
  3.03753103e+02] 5.205801104208416
[-3.02802063e+00 -4.53577403e-02 -6.43653344e-02  5.43517187e+00
  3.04058894e+02] 5.435742215947242
[-3.08634060e+00 -2.31091618e-02  6.71625856e-02  5.67393783e+00
  3.05270268e+02] 5.674382375338778
[-2.98532877e+00  1.82084836e-01  1.70488658e-02  5.14024010e+00
  3.03043489e+02] 5.1434923744067
[-3.06848781e+00  3.50799459e-02 -3.91518464e-01  5.27470087e+00
  3.02277869e+02] 5.289327611003999
[-3.02974136e+00 -7.64411128e-02  3.25477649e-01  5.49127107e+00
  3.03659760e+02] 5.501439530350709
[-3.04666504e+00  2.30247923e-01 -2.07704200e-01  5.38747024e+00
  3.02228348e+02] 5.396386820591139
[-3.03455317e+00 -3.91176256e-02 -2.44823439e-01  5.47127928e+00
  3.06175160e+02] 5.476893800283482
[-3.07039829e+00  2.80591315e-02 -1.50489170e-01  5.47420039e+00
  3.06911100e+02] 5.4763404030801315
[-3.02440302e+00  2.43832961e-01 -1.64160163e-01  5.54314165e+00
  3.04787702e+02] 5.550929868437837
[-3.11138667e+00  1.65614781e-01  1.80234552e-01  5.53565207e+00
  3.06179740e+02] 5.541060957472734
[-3.17286575e+00 -2.97115977e-01 -1.03200363e-02  5.17933328e+00
  3.01640117e+02] 5.187858678212606
[-3.00998797e+00 -1.34151369e-01  2.09832552e-01  5.50727832e+00
  3.04601356e+02] 5.512906742018056
[-3.17572134e+00 -3.22211362e-01 -5.67055375e-02  5.52760201e+00
  3.05258848e+02] 5.537275472256989
[-3.01899332e+00  2.54946818e-01  6.09281574e-02  5.65968341e+00
  3.06753355e+02] 5.665750297522369
[-3.05922808e+00 -2.56224933e-01 -3.69162701e-02  5.64266420e+00
  3.08153727e+02] 5.648599235180245
[-2.96369284e+00  1.47978421e-01  4.98886310e-02  5.18227883e+00
  3.03578106e+02] 5.184631172683066
[-2.99046367e+00 -2.89280301e-02  1.15710806e-01  5.81522063e+00
  3.09149762e+02] 5.816443651238317
[-3.09314688e+00  2.10205405e-01  9.79827454e-03  5.45150329e+00
  3.03441340e+02] 5.45556325801007
[-3.06762124e+00  2.63399943e-01 -9.40316394e-02  5.45818606e+00
  3.03034729e+02] 5.465346884390221
[-3.05827758e+00  1.92626349e-01 -5.85563511e-02  5.66504075e+00
  3.08393833e+02] 5.668617153520368
[-3.14133526e+00 -2.45069520e-01 -2.46832752e-01  5.45898793e+00
  3.02882461e+02] 5.4700580128181855
[-2.98434036e+00  3.52060598e-01 -2.61518695e-01  5.32614593e+00
  3.06567072e+02] 5.344171512506528
[-3.03870127e+00  1.00399109e-01  4.21256986e-02  5.40320544e+00
  3.05560818e+02] 5.4043023241477774
[-3.02792214e+00 -2.95605443e-01  3.96127647e-02  5.46188420e+00
  3.03628848e+02] 5.47002109611614
[-3.07141970e+00 -2.24815192e-01  2.29804990e-01  5.44708474e+00
  3.05058741e+02] 5.456563424413681
[-3.06645081e+00 -1.07524634e-01 -1.69501861e-01  5.62443882e+00
  3.06970184e+02] 5.628019586525426
[-3.02778453e+00 -2.54564204e-01 -1.06040101e-01  5.38815606e+00
  3.04189231e+02] 5.39520835462113
[-2.98340949e+00  1.23116289e-01  1.42920264e-01  5.46403306e+00
  3.06352852e+02] 5.467288278940233
[-3.06911136e+00 -1.66174972e-01 -5.01035133e-02  5.56218431e+00
  3.05841210e+02] 5.564891626226363
[-3.05960988e+00  1.01243015e-01  1.78738471e-01  5.20259354e+00
  3.03101120e+02] 5.206647400018752
[-3.01335015e+00 -2.17981365e-01  2.87913109e-01  5.27234500e+00
  3.06431005e+02] 5.28469787035834
[-3.02603496e+00  5.54792673e-03 -1.78339023e-01  4.93254807e+00
  3.03978780e+02] 4.935774107670832
[-3.05369836e+00 -7.13395870e-02  2.86732515e-03  5.62616585e+00
  3.08292856e+02] 5.626618856961506
[-2.99640416e+00 -1.29340437e-01 -1.92789332e-01  5.44667783e+00
  3.06667234e+02] 5.451623245537127
[-3.01129274e+00 -8.55168614e-02  2.60780721e-01  5.24027205e+00
  3.03954975e+02] 5.247453756363016
[-3.07322530e+00  2.02566703e-01  8.03384784e-02  5.36991865e+00
  3.03115244e+02] 5.3743384541419434
[-3.09973249e+00 -2.18415406e-01  1.45748926e-01  5.60023893e+00
  3.04850386e+02] 5.606391362674664
[-3.06916361e+00 -1.93150133e-02  2.75193631e-01  5.33352196e+00
  3.03944943e+02] 5.340651750295087
[-3.01465585e+00 -2.22903907e-01 -4.16252670e-02  5.34010844e+00
  3.05212720e+02] 5.3449206716896835
[-3.02761081e+00 -3.31454799e-01 -4.58149074e-02  5.30799804e+00
  3.04026047e+02] 5.318534054149706
[-3.08240740e+00 -2.93305294e-03  3.34521299e-02  5.45959024e+00
  3.07016381e+02] 5.459693515345162
[-3.11833471e+00  7.26509120e-02 -1.31540826e-01  5.42545941e+00
  3.02423784e+02] 5.427540042843312
[-3.15144103e+00 -7.92923677e-02 -5.29515413e-02  5.52373719e+00
  3.05493565e+02] 5.524560040752141
[-3.12706019e+00  2.56739821e-01  5.54507629e-02  5.57211193e+00
  3.03786575e+02] 5.578299152003136
[-3.07481664e+00  2.85513577e-01 -1.01146297e-01  5.50714701e+00
  3.02880724e+02] 5.515470670401927
[-3.05180000e+00 -3.03370607e-02 -3.26977018e-01  5.58424326e+00
  3.07557259e+02] 5.593890160497212
[-3.03747317e+00 -9.42381130e-02 -6.71238377e-02  5.59748556e+00
  3.08016068e+02] 5.598681184197469
[-3.06723035e+00  3.59101302e-01 -3.78144230e-02  5.55750219e+00
  3.05410988e+02] 5.569220258748086
[-3.06034131e+00 -1.17308502e-01  1.65503029e-01  5.17640712e+00
  3.02302946e+02] 5.180380601793702
[-3.06176940e+00  1.92597369e-01  2.97833797e-01  5.53700836e+00
  3.05773317e+02] 5.5483565427463954
[-3.05325357e+00  1.98515180e-01 -4.24878371e-01  5.59928708e+00
  3.06842001e+02] 5.618891855403831
[-3.15272415e+00 -2.13995498e-01  1.61957332e-01  5.77222642e+00
  3.06355681e+02] 5.778461911398673
[-3.10500595e+00 -1.18628836e-01  9.82346047e-02  5.76536740e+00
  3.05426255e+02] 5.767424392014129
[-3.08704388e+00  2.93152600e-01 -3.26962822e-01  5.94779387e+00
  3.07841719e+02] 5.963983157979307
[-3.08347997e+00  1.87507974e-01  6.78712302e-02  5.73061563e+00
  3.06154709e+02] 5.734084166094723
[-3.01244748e+00  8.41296980e-02 -2.04920735e-01  5.40999622e+00
  3.04309227e+02] 5.414529469632543
[-3.04866355e+00  7.09495913e-02  4.05908778e-01  5.37858189e+00
  3.02690146e+02] 5.394343233497413
[-3.07685450e+00  8.83079387e-02 -1.56551818e-01  5.28018257e+00
  3.02529709e+02] 5.283240933595697
[-3.09842538e+00  1.09897299e-03  3.90001921e-01  5.41788719e+00
  3.03354211e+02] 5.431906143055165
[-3.02672592e+00 -2.25133228e-01 -1.42120497e-01  5.65305101e+00
  3.07427299e+02] 5.659317002765036
[-3.05457792e+00  1.62810113e-02 -6.13931335e-03  5.27198721e+00
  3.04237901e+02] 5.272015928283048
[-3.10513473e+00  1.07104309e-01 -9.55320505e-02  5.73165411e+00
  3.06622397e+02] 5.733450671061156
[-3.05975915e+00  9.26701294e-02  1.16653766e-01  5.28560845e+00
  3.05120766e+02] 5.287707686122939
[-3.13569913e+00  8.26662139e-02  6.66071228e-02  5.83303184e+00
  3.08559281e+02] 5.833997826433757
[-3.08209186e+00 -1.30050539e-02 -3.35749230e-01  5.32741454e+00
  3.05930531e+02] 5.337999845506313
[-3.13524480e+00  1.34265965e-01  5.90306169e-02  5.36092304e+00
  3.03148760e+02] 5.362929030365278
[-3.05428678e+00 -3.72612817e-01  9.69934592e-02  5.55184430e+00
  3.08530235e+02] 5.565179523647285
[-2.96419385e+00  1.00716917e-03  3.51836080e-01  5.52842761e+00
  3.06889303e+02] 5.539612036799883
[-3.07016449e+00  1.88454825e-01 -6.10295186e-02  5.11617181e+00
  3.02552898e+02] 5.120005251654581
[-2.98343280e+00 -3.65634610e-01  1.09488977e-01  5.16872488e+00
  3.04720813e+02] 5.18279783633648
[-3.12890886e+00 -2.18157747e-01  9.87094973e-02  5.02707058e+00
  3.02794322e+02] 5.032770106261643
[-3.01160335e+00 -2.84614741e-01  2.79218728e-02  5.35577859e+00
  3.05421107e+02] 5.363408380061061
[-3.00634100e+00 -3.71269835e-02  1.10164434e-01  5.62064334e+00
  3.06053924e+02] 5.621845440282068
[-3.11742093e+00 -1.43585805e-02 -2.35632931e-02  5.29008016e+00
  3.01596610e+02] 5.290152127539212
[-3.02962131e+00  4.54450570e-02  4.87233376e-02  5.42697285e+00
  3.05556036e+02] 5.427381825967472
[-2.98308745e+00 -5.00631189e-01 -9.25440460e-02  5.36814391e+00
  3.06453208e+02] 5.392231915206957
[-3.04669530e+00  7.79196124e-02 -1.00266594e-01  5.95028385e+00
  3.05865596e+02] 5.951638665426821
[-2.96879124e+00  2.64564982e-01  5.23654457e-02  5.30637904e+00
  3.05137466e+02] 5.313228325948439
[-3.06880984e+00  7.22193419e-02  5.76857814e-02  5.17532651e+00
  3.02011720e+02] 5.176151825109566
[-3.07189476e+00  4.82872213e-03  5.10270052e-02  5.19237541e+00
  3.03486046e+02] 5.192628378020329
[-3.03473511e+00  3.29847502e-02 -6.39749152e-03  5.37094882e+00
  3.03783015e+02] 5.371053914839407
[-3.01051631e+00  1.49433896e-01  1.97719830e-01  5.18962759e+00
  3.04996253e+02] 5.195542140649772
[-3.07790067e+00 -1.59785529e-02 -3.61126374e-02  5.26291084e+00
  3.04409104e+02] 5.263058990507832
[-3.00135717e+00 -3.22423388e-01  2.79043646e-01  5.34420490e+00
  3.04690809e+02] 5.361189062816301
[-3.15159230e+00  3.95781293e-01  2.92570241e-02  5.47226654e+00
  3.05490500e+02] 5.486638308963059
[-3.04816606e+00  1.06532818e-01  2.08869012e-01  5.49143191e+00
  3.04283186e+02] 5.4964351971113174
[-3.05900041e+00  1.68370391e-01 -1.28029545e-01  5.71114452e+00
  3.07775772e+02] 5.715060098831449
[-3.08056068e+00 -6.01013812e-02  2.01087260e-01  5.26687733e+00
  3.03890460e+02] 5.271057296809309
[-3.03414499e+00 -2.03502897e-01 -6.79214594e-02  5.67681386e+00
  3.06476171e+02] 5.680866338002844
[-3.05751131e+00  2.34643038e-01  2.04727760e-01  5.46641020e+00
  3.05906330e+02] 5.4752727120274605
[-3.08256920e+00 -3.23784638e-02  2.01330734e-01  5.42014604e+00
  3.05165165e+02] 5.423980600685965
[-2.96868571e+00  1.40168503e-01 -2.14208516e-02  5.12896799e+00
  3.02389849e+02] 5.130927662189877
[-3.15631643e+00  6.44517062e-02 -9.39901896e-02  5.27813104e+00
  3.05122244e+02] 5.279361274391003
[-3.10502092e+00  1.44241227e-01  1.80782539e-01  5.26546734e+00
  3.02753103e+02] 5.2705440096571765
[-3.04164744e+00  2.04956380e-01  1.75374003e-01  5.10555627e+00
  3.00888346e+02] 5.112677185082759
[-3.09214557e+00 -2.19610950e-01 -8.75302453e-02  5.15271278e+00
  3.04497067e+02] 5.158133339616509
[-3.05119046e+00  1.22719026e-01  2.98463240e-02  5.28659851e+00
  3.03615130e+02] 5.288106899908633
[-3.02796657e+00  8.31273114e-03 -1.04523266e-01  5.28575659e+00
  3.02587860e+02] 5.2867964714095415
[-2.99599909e+00 -1.34255224e-01 -2.23043741e-01  5.43823136e+00
  3.05758942e+02] 5.444458948937966
[-3.08223506e+00  1.52742567e-01 -1.25843244e-01  5.52789801e+00
  3.04502304e+02] 5.531439526617206
[-3.00134241e+00  6.45372269e-02  1.19112937e-01  5.32373542e+00
  3.06402771e+02] 5.325458827330136
[-3.08658603e+00  2.42719492e-01  2.67252342e-01  5.20729703e+00
  3.01683743e+02] 5.219796823641695
[-3.06944239e+00 -2.37269770e-01  1.24955031e-01  5.45304187e+00
  3.03098414e+02] 5.459631517538732
[-3.08951756e+00  1.84864137e-01  9.30030733e-02  5.65107723e+00
  3.06198007e+02] 5.654864998803849
[-3.00044331e+00 -1.84438509e-01 -2.99218083e-01  5.40538090e+00
  3.06643191e+02] 5.416797176309073
[-3.03922033e+00 -2.27813816e-01 -2.39944638e-02  5.44487455e+00
  3.04050351e+02] 5.449691155652329
[-2.94712127e+00  4.91637780e-02  3.06789855e-01  5.40049306e+00
  3.05657172e+02] 5.409423479016813
[-3.14839179e+00 -2.17549978e-01 -1.96884654e-01  5.38231748e+00
  3.03459684e+02] 5.390309180425468
[-3.08617291e+00  1.81575940e-01 -7.61465662e-02  5.55817729e+00
  3.04660298e+02] 5.561663684459618
[-3.05891179e+00  1.95416083e-01  4.56884372e-03  5.30752836e+00
  3.02689531e+02] 5.311126586456625
[-3.05183100e+00  1.01666060e-01 -2.64519790e-01  5.65836830e+00
  3.06634456e+02] 5.665460131247946
[-3.07157016e+00  1.10172066e-01  2.43598691e-01  5.49043562e+00
  3.03518003e+02] 5.496941102461511
[-3.22450410e+00 -2.71189793e-01  4.58568226e-02  5.61546048e+00
  3.03288070e+02] 5.622192020929038
[-2.97428943e+00 -1.45062530e-02  1.37656465e-01  5.61146219e+00
  3.06150112e+02] 5.613169121737504
[-3.06741899e+00 -4.76063237e-01 -1.16166540e-01  5.55083089e+00
  3.03854081e+02] 5.572419080765866
[-3.00530190e+00  2.01512921e-01  3.25221087e-01  5.41790712e+00
  3.05909203e+02] 5.431398873629076
[-3.06491233e+00 -1.93929621e-01  2.04818128e-01  5.21692239e+00
  3.03026929e+02] 5.224541930848645
[-3.12773308e+00 -1.65856089e-02  1.44338364e-01  5.91932152e+00
  3.09364805e+02] 5.921104280934935
[-3.10352878e+00 -1.25779402e-02 -1.33428491e-01  5.32334491e+00
  3.02294549e+02] 5.325031683412866
[-3.00651301e+00 -7.52597882e-02 -4.59315540e-02  5.34455814e+00
  3.04597485e+02] 5.345285346105645
[-3.06469839e+00 -1.72947501e-01  2.37546376e-01  5.13171771e+00
  3.03212035e+02] 5.140123131735825
[-3.07140606e+00  3.67357057e-01  6.84527395e-02  5.51780116e+00
  3.02221969e+02] 5.530440000493209
[-3.01319361e+00 -1.66172254e-01  1.05725964e-01  5.59860620e+00
  3.07364346e+02] 5.6020694891398515
[-2.99723065e+00 -5.32550780e-02 -3.91229064e-02  5.63589027e+00
  3.07229505e+02] 5.636277660070125
[-3.03955656e+00 -3.78107159e-01  1.70160060e-01  5.54803660e+00
  3.05559969e+02] 5.5635087445059455
[-3.03040388e+00  1.28956008e-01 -2.75703469e-01  5.60996428e+00
  3.05382849e+02] 5.61821513227688
[-3.13258200e+00  6.46784751e-02  3.38118487e-01  5.58459449e+00
  3.05330941e+02] 5.595194634523663
[-3.01441626e+00 -2.25666906e-02  2.96434057e-02  5.11424286e+00
  3.05156472e+02] 5.11437855656175
[-3.10744157e+00 -1.27770625e-01  2.11111478e-01  5.61987245e+00
  3.07015515e+02] 5.625287520968329
[-3.12341235e+00 -1.72774551e-01  2.42068199e-01  5.30742931e+00
  3.03816803e+02] 5.315755251098973
[-3.11639407e+00  2.62843651e-01  6.34466316e-03  5.46604491e+00
  3.03539716e+02] 5.472364575069829
[-2.98749163e+00  1.27840890e-01  4.03452959e-03  6.07376461e+00
  3.09417923e+02] 6.075111197698329
[-3.00150054e+00 -6.76948633e-02  9.43898008e-02  5.14140039e+00
  3.02588736e+02] 5.14271231788283
[-3.12097426e+00 -5.08613860e-01 -2.42656300e-01  5.74837304e+00
  3.07251592e+02] 5.775929598039043
[-3.08451525e+00 -8.52756964e-02 -4.38425204e-01  5.43963524e+00
  3.07100708e+02] 5.457941013787233
[-3.08682195e+00  6.51776881e-02  4.52539223e-01  5.51660679e+00
  3.04574654e+02] 5.53552078550176
[-3.06415041e+00 -1.64557890e-01  2.72147655e-01  5.47026233e+00
  3.05608618e+02] 5.479499394404893
[-3.06446869e+00 -3.01814071e-02  2.14117343e-01  5.66181376e+00
  3.06684091e+02] 5.665941426946709
[-3.15077148e+00 -1.06772138e-01 -3.29990315e-01  5.69808369e+00
  3.05401156e+02] 5.708629573460014
[-3.10824553e+00 -3.76255278e-02 -2.15757941e-01  5.32437793e+00
  3.01165652e+02] 5.328880508441187
[-3.06592990e+00 -4.48587959e-02 -1.26601804e-01  5.31974067e+00
  3.04510815e+02] 5.32143600127675
[-3.02958428e+00 -2.81289757e-01  2.00671210e-01  5.26734573e+00
  3.02602187e+02] 5.278666870261139
[-3.00022674e+00  6.62426044e-02  1.37473020e-01  5.48102142e+00
  3.06774657e+02] 5.4831453279540705
[-3.06630156e+00 -1.02986520e-02 -3.32091369e-01  5.46975253e+00
  3.05447932e+02] 5.479834259595695
[-3.01233113e+00  3.05455284e-01  1.80180672e-02  5.50964998e+00
  3.07684012e+02] 5.518140132006096
[-3.05316929e+00 -5.60495838e-02  1.42932972e-01  5.50775533e+00
  3.05420342e+02] 5.50989474784859
[-3.03118133e+00  1.66438988e-01  1.43484882e-01  5.59231667e+00
  3.06504431e+02] 5.59663252499629
[-3.03517507e+00 -3.05445542e-01  7.13658460e-02  5.44296225e+00
  3.04202987e+02] 5.451993045575343
[-3.12186290e+00 -7.46061400e-02 -9.38112554e-02  5.40852290e+00
  3.05343776e+02] 5.409850880966283
[-3.07856386e+00  3.06193424e-01 -1.57242780e-01  5.05880707e+00
  3.02963326e+02] 5.070503794068806
[-3.10394706e+00  2.72596781e-01  9.86917811e-02  5.59583397e+00
  3.06773712e+02] 5.603338904686601
[-3.03610542e+00 -4.60275500e-02  1.89708197e-01  5.50087803e+00
  3.05599809e+02] 5.504340722119937
[-3.10511830e+00  1.77177151e-01 -1.44972530e-01  5.58086154e+00
  3.04901767e+02] 5.585554963718975
[-3.06943412e+00 -3.13104791e-01  2.12653933e-01  5.40812785e+00
  3.05706258e+02] 5.421356214174424
[-3.06659602e+00  3.88195727e-02 -3.04056542e-01  5.62221765e+00
  3.05840216e+02] 5.630567350741273
[-3.05934893e+00 -2.67078501e-01  2.27597449e-02  5.53697873e+00
  3.04358734e+02] 5.543463030618163
[-3.10189719e+00  6.30614934e-02 -1.48386142e-01  5.78578130e+00
  3.07288267e+02] 5.78802733239948
[-2.98636515e+00  1.48755561e-01 -2.03673314e-01  5.44375365e+00
  3.03687851e+02] 5.449593088943933
[-3.15983819e+00  1.64281356e-01 -1.37836069e-01  5.50619069e+00
  3.03442490e+02] 5.510365059453367
[-3.03309381e+00 -1.24550761e-01  1.46414728e-01  5.44857990e+00
  3.04845811e+02] 5.451969651849863
[-3.03782307e+00 -2.15601219e-01 -2.11990928e-02  5.42124141e+00
  3.05305277e+02] 5.425568329082494
[-3.07169846e+00 -1.07387008e-01 -3.89950030e-02  5.46037256e+00
  3.05072949e+02] 5.4615676360592165
[-3.04933303e+00  2.25449873e-01 -1.29123771e-01  5.54615496e+00
  3.07045256e+02] 5.552236980460501
[-3.04130738e+00 -6.72839110e-02  1.36909029e-01  5.14349212e+00
  3.04777271e+02] 5.145753819025034
[-3.04539409e+00 -2.00300302e-01 -3.94534149e-01  5.42999798e+00
  3.04961770e+02] 5.44799554370865
[-2.99807919e+00 -7.63594375e-02 -6.67808081e-02  5.40973829e+00
  3.04218670e+02] 5.410689312488002
[-3.03788368e+00 -2.54827556e-01  5.82572709e-01  5.63882932e+00
  3.06293501e+02] 5.674568193330354
[-3.06861197e+00  1.12001571e-01  1.68547668e-01  5.58919579e+00
  3.06011987e+02] 5.592858144899868
[-3.01246801e+00 -1.17463905e-01 -2.82324169e-01  5.47716478e+00
  3.05024518e+02] 5.485694002781268
[-2.99864696e+00  2.88953318e-01 -1.14568793e-01  5.37625431e+00
  3.05478462e+02] 5.385232629283849
[-2.98282519e+00  3.59071204e-01  2.68771610e-03  5.23248548e+00
  3.06054173e+02] 5.244792050213217
[-3.03198536e+00 -4.80121305e-02  7.46243732e-02  5.20718075e+00
  3.03594890e+02] 5.207936767188643
[-3.07980885e+00 -1.74619345e-01 -3.65115340e-02  5.41091862e+00
  3.02213009e+02] 5.413858631838756
[-3.07053028e+00 -2.53876414e-01  3.74081440e-01  5.22782062e+00
  3.01006505e+02] 5.247332525032385
[-3.13443572e+00 -2.37041574e-02  7.78165290e-02  5.54862130e+00
  3.04915575e+02] 5.549217568395767
[-3.10690649e+00  2.52216845e-01 -2.01325080e-02  5.33907140e+00
  3.04506816e+02] 5.345063339012325
[-3.00833240e+00  5.37858990e-02  1.43280938e-01  5.26582686e+00
  3.03940293e+02] 5.2680503863338295
[-3.08511987e+00 -2.76915321e-01 -3.03097407e-01  5.41462445e+00
  3.02042410e+02] 5.430166490896348
[-3.04688944e+00  4.11302289e-02  3.74550773e-02  5.68693813e+00
  3.05484136e+02] 5.687210200936606
[-3.01480763e+00  1.12666392e-01  2.77934602e-01  5.26535710e+00
  3.03528469e+02] 5.273891044318149
[-2.99384610e+00  3.62696660e-02  2.37470435e-02  5.44161392e+00
  3.07560378e+02] 5.44178660975664
[-3.06595094e+00  1.42660239e-01  1.04210403e-01  5.47062479e+00
  3.06210926e+02] 5.473476717257678
[-3.02752805e+00  1.73386887e-02 -1.85477105e-01  5.38720923e+00
  3.06462730e+02] 5.390429082726111
[-3.08395437e+00 -1.66620282e-01  2.13521656e-01  5.66361173e+00
  3.06146185e+02] 5.670083923055904
[-3.05513276e+00 -2.11946224e-01  9.64417129e-03  5.39201963e+00
  3.04531153e+02] 5.396192168260323
[-3.06497233e+00  1.35834145e-01  6.61230207e-02  5.30211957e+00
  3.05717083e+02] 5.304271404502358
[-3.07989046e+00 -2.69487448e-02 -1.63879486e-01  5.45084897e+00
  3.06037423e+02] 5.45337851106594
[-3.20889577e+00 -3.50683599e-01  2.21952623e-01  5.50917657e+00
  3.02479398e+02] 5.524786736830504
[-3.02571354e+00 -2.97533251e-01  7.44738625e-02  5.42278249e+00
  3.04003607e+02] 5.431449376518819
[-3.10707510e+00  3.71761130e-01  9.19309841e-02  5.60554515e+00
  3.05926800e+02] 5.618611396413013
[-3.12702804e+00 -1.86844767e-02 -1.38695695e-01  5.33771380e+00
  3.04663862e+02] 5.339548130849204
[-3.02859641e+00 -2.05818243e-01 -1.29511792e-01  5.47639576e+00
  3.02566561e+02] 5.481792136193944
[-3.08562871e+00  7.29570550e-02  1.28227461e-01  5.15929044e+00
  3.02438197e+02] 5.161399307644972
[-3.09457780e+00 -5.54182382e-02 -2.48215798e-02  5.44180875e+00
  3.02828767e+02] 5.4421475342864145
[-3.02533601e+00 -1.59990823e-01 -1.07765827e-01  5.66691834e+00
  3.06070855e+02] 5.670200526167049
[-3.06938227e+00 -2.76522669e-01 -6.53868785e-02  5.74060723e+00
  3.07804903e+02] 5.747635304085842
[-3.09604808e+00  2.47258177e-01 -1.49986980e-02  5.65004448e+00
  3.06006015e+02] 5.65547205663039
[-3.02524119e+00  4.53296033e-01 -2.82607279e-01  5.64307407e+00
  3.05552246e+02] 5.668300374720154
[-2.97590206e+00  2.82903783e-01  1.69016795e-01  5.28920253e+00
  3.04529661e+02] 5.299458900060995
[-3.05994357e+00  1.44227997e-01 -8.74646013e-03  5.44149574e+00
  3.04681793e+02] 5.443413824440279
[-2.98832019e+00  7.16244565e-02 -2.22701941e-01  5.26699606e+00
  3.05305666e+02] 5.2721887047244715
[-2.97452413e+00  3.68912926e-01  6.03186522e-02  5.73306093e+00
  3.06792349e+02] 5.745234783997186
[-3.14128252e+00 -1.88330500e-01 -6.41557250e-04  5.34316271e+00
  3.02085151e+02] 5.346480763366721
[-3.09880998e+00 -1.80938317e-01  1.29726323e-01  5.35562781e+00
  3.02782512e+02] 5.360253425991977
[-3.03440189e+00  3.64133003e-01 -7.90340954e-03  5.27764754e+00
  3.04475224e+02] 5.290200265003303
[-3.09615704e+00  2.45037587e-01  2.19505023e-01  5.42106279e+00
  3.04563917e+02] 5.43103559382248
[-3.02810015e+00 -1.35291868e-02 -7.87933053e-02  5.54357921e+00
  3.06768456e+02] 5.544155646882311
[-3.06763617e+00  1.37557895e-01  2.03896208e-01  5.42245637e+00
  3.03800210e+02] 5.428031770666683
[-3.02950194e+00  1.13583101e-01  1.47009642e-01  5.27393390e+00
  3.04366642e+02] 5.2772049125370435
[-3.03147198e+00  1.13449248e-01 -2.54346250e-01  5.11274617e+00
  3.02492800e+02] 5.120325788259903
[-3.11938862e+00  2.05890148e-01  1.29622876e-01  5.36072240e+00
  3.05580999e+02] 5.366240539500278
[-3.06711865e+00 -1.93077354e-02 -6.87887920e-02  5.30345897e+00
  3.04697949e+02] 5.30394021004786
[-3.09531657e+00 -2.52079746e-01  2.60170908e-01  5.55696134e+00
  3.05540031e+02] 5.568756810984294
[-3.07704355e+00  8.65418118e-02 -1.77917653e-02  5.08274796e+00
  3.00831521e+02] 5.083515801620288
[-3.07567805e+00  1.20911678e-01 -1.74984300e-02  5.26072193e+00
  3.04095851e+02] 5.262140347207397
[-3.03623473e+00 -1.62409152e-01 -4.61602438e-01  5.37512083e+00
  3.03271779e+02] 5.397349119585827
[-2.97283289e+00  7.49974699e-03 -1.73747838e-01  5.34721729e+00
  3.05586494e+02] 5.350044609615586
[-2.99774212e+00 -3.28208835e-01 -1.53906943e-01  4.90027221e+00
  3.03499499e+02] 4.913662187039866
[-3.05467949e+00  2.77821608e-01 -7.25738928e-02  5.84169019e+00
  3.06813553e+02] 5.8487431250360045
[-2.98875048e+00  1.21094597e-01 -1.09952472e-01  5.41982067e+00
  3.05468116e+02] 5.422288215702568
[-3.01834981e+00  5.12888603e-02  2.15838171e-01  5.25870316e+00
  3.03408050e+02] 5.26338062623439
[-3.16870239e+00  1.36103070e-01  1.72176547e-01  5.53468022e+00
  3.04868736e+02] 5.539030050305827
[-3.07715261e+00  9.43311831e-02  8.31222016e-02  5.28732622e+00
  3.04713118e+02] 5.288820878058044
[-3.15049629e+00  3.23679559e-01  2.36908873e-01  5.61244602e+00
  3.05132996e+02] 5.626761465132021
[-3.09812504e+00  6.80006942e-02  2.05854040e-01  5.72193638e+00
  3.06197406e+02] 5.726041905654493
[-3.01154507e+00  1.89013534e-02  1.19922091e-01  5.39713352e+00
  3.05746235e+02] 5.398498752209247
[-3.00328783e+00 -1.03538781e-02  1.22440916e-01  5.66993203e+00
  3.06126132e+02] 5.671263368084961
[-3.07036384e+00  4.28724794e-02 -1.30220579e-01  5.20309729e+00
  3.02743802e+02] 5.204903160348617
[-3.05251696e+00  7.46635238e-02  1.38424188e-01  5.74384300e+00
  3.06988517e+02] 5.745995853984183
[-3.10609837e+00  3.54978191e-02  1.10138727e-01  5.40897633e+00
  3.05875550e+02] 5.410214008232141
[-3.09998166e+00  1.24658260e-01 -2.50781438e-01  5.52869300e+00
  3.03323015e+02] 5.535781543909804
[-3.16366805e+00 -1.80807700e-02  1.90910736e-01  5.40740034e+00
  3.02731248e+02] 5.4107995905645865
[-2.98724460e+00 -1.38618122e-01 -3.23469599e-01  5.55621428e+00
  3.06920435e+02] 5.56734808656467
[-2.98421825e+00 -5.54070856e-02  3.14838348e-01  5.22407746e+00
  3.03892344e+02] 5.23384929021297
[-3.12088627e+00 -1.46295805e-01  7.49091041e-02  5.46938576e+00
  3.05778725e+02] 5.4718547565022915
[-2.97185981e+00 -2.27107346e-01  5.20330662e-02  5.49986829e+00
  3.06120423e+02] 5.5048012177829255
[-3.03822095e+00  3.28574839e-01 -1.84234621e-01  5.34524081e+00
  3.06921161e+02] 5.358498212114969
[-3.04074678e+00  1.49925144e-01  1.38954845e-01  5.68449793e+00
  3.07157628e+02] 5.688172181746914
[-3.06422369e+00 -2.41850740e-01  2.25079787e-01  5.61648819e+00
  3.05392005e+02] 5.626196959881969
[-3.09807120e+00 -1.91091836e-02 -3.06337048e-02  5.57826889e+00
  3.05505252e+02] 5.578385730030169
[-3.06145719e+00 -1.31693205e-01 -1.78643103e-01  5.57523263e+00
  3.05285432e+02] 5.5796483180481875
[-3.12301458e+00 -2.00005707e-01 -1.33029457e-01  5.61916072e+00
  3.04965822e+02] 5.624292518481818
[-3.08545599e+00 -1.29026865e-01  2.03944877e-01  5.23386902e+00
  3.02417003e+02] 5.239429964204027
[-3.02888438e+00 -1.18788370e-01  8.84656841e-02  5.18724062e+00
  3.03751830e+02] 5.189354694634173
[-3.05231587e+00  5.95458792e-03  2.82815030e-02  5.49513805e+00
  3.03132034e+02] 5.495214054795577
[-3.13342135e+00 -7.89503773e-02  3.06262927e-01  5.48333678e+00
  3.03482607e+02] 5.492450491291521
[-3.09888601e+00 -3.81959174e-02 -1.29382010e-01  5.66456725e+00
  3.06180713e+02] 5.666173375184671
[-3.10205777e+00  3.76748961e-01  3.34460231e-02  5.48257665e+00
  3.06210540e+02] 5.495607802962814
[-2.95964621e+00  2.37597824e-01 -1.67221031e-01  5.48657355e+00
  3.04750989e+02] 5.494261093028905
[-3.18886263e+00 -1.85808323e-02  1.09131252e-01  5.47340653e+00
  3.03097600e+02] 5.474525906514254
[-3.09859488e+00  2.72855997e-01  5.67611018e-03  5.46655462e+00
  3.03819531e+02] 5.473362956295756
[-3.05383249e+00 -1.05635561e-01 -1.89071767e-01  5.40653764e+00
  3.05646210e+02] 5.410873886593432
[-3.03616317e+00 -2.54559077e-01  7.72775336e-03  5.64044143e+00
  3.06453957e+02] 5.646188056153985
[-3.14620685e+00 -1.21325888e-01 -1.03298789e-01  5.74448323e+00
  3.05898680e+02] 5.74669280007813
[-3.10876868e+00 -1.97818427e-01  2.57458729e-01  5.60027656e+00
  3.04019645e+02] 5.609680447952171
[-3.02259075e+00 -3.14819110e-01 -2.51568364e-01  5.50506399e+00
  3.06793431e+02] 5.519794128710576
[-3.05854911e+00  1.47684019e-01  2.15309397e-02  5.30281615e+00
  3.06821869e+02] 5.304915950587947
[-2.98262000e+00 -6.20918222e-02 -1.52634732e-01  5.23881947e+00
  3.05041907e+02] 5.2414103218984875
[-3.04627844e+00  1.55861024e-01 -1.47982593e-01  5.38529522e+00
  3.05175509e+02] 5.389582184932049
[-3.06242484e+00 -1.31454255e-01  2.04056605e-01  5.66186524e+00
  3.06052366e+02] 5.6670660205211485
[-3.14788430e+00  1.48629536e-01  3.15566316e-01  5.72592436e+00
  3.06437534e+02] 5.736539252066766
[-3.03615007e+00  1.47583392e-01 -1.02506407e-04  5.53823125e+00
  3.05072703e+02] 5.540197313255602
[-3.02156777e+00  2.13403199e-01  5.05335827e-02  5.20400381e+00
  3.06609268e+02] 5.208622682737014
[-3.11961014e+00  1.54065290e-01 -1.76169141e-02  5.56451135e+00
  3.04721556e+02] 5.566671633768732
[-3.07919138e+00  1.16362478e-01  8.52587292e-02  5.83664290e+00
  3.07930382e+02] 5.838425273036829
[-3.02434540e+00 -1.49377177e-01  2.01200623e-01  5.36516964e+00
  3.05005699e+02] 5.37101857285636
[-2.98387319e+00 -9.76584403e-02  1.31823493e-01  5.64064819e+00
  3.06731099e+02] 5.643033456154985
[-2.98565573e+00 -7.54752231e-02 -7.79324759e-02  5.40170338e+00
  3.04816190e+02] 5.402792740965792
[-3.15558685e+00 -1.18816505e-01 -1.94969042e-01  4.99339778e+00
  3.01455990e+02] 4.998614975376633
[-3.10820992e+00 -1.91202796e-02 -5.70662740e-02  5.67509829e+00
  3.03851061e+02] 5.675417412060745
[-3.09296430e+00  7.86333349e-02 -2.18736975e-01  5.56164562e+00
  3.04532093e+02] 5.56650078811639
[-3.06499820e+00  2.67747907e-02 -2.17091661e-01  5.41470239e+00
  3.05483675e+02] 5.4191187134358225
[-2.98382484e+00 -4.55103767e-02  3.03435514e-02  5.73933970e+00
  3.06499334e+02] 5.739600346783909
[-3.01860534e+00  1.64550040e-01 -9.48005523e-03  5.55396178e+00
  3.08069117e+02] 5.556406932763462
[-3.07949733e+00 -1.20049812e-01  1.76017803e-01  5.36556593e+00
  3.04741106e+02] 5.369794403811969
[-3.10801466e+00  3.48326309e-01 -2.14287843e-01  5.50610986e+00
  3.05307616e+02] 5.521276687311843
[-3.12835612e+00 -1.09255010e-01  9.98722989e-02  5.89359502e+00
  3.07535377e+02] 5.895453623566645
[-3.02306372e+00  1.19633894e-01 -2.74286842e-01  5.26505907e+00
  3.04210960e+02] 5.273555964620806
[-3.12858177e+00 -2.40677910e-01 -4.73972921e-03  5.67484069e+00
  3.04759479e+02] 5.67994411460225
[-3.02015317e+00  9.70207860e-02 -1.12515926e-01  5.36766634e+00
  3.05208928e+02] 5.3697220426107295
[-3.06604431e+00  9.96007044e-02  2.98239563e-01  5.46593467e+00
  3.05607322e+02] 5.474971141929831
[-3.14921630e+00  1.62300683e-01 -6.62880184e-02  5.75579609e+00
  3.06211096e+02] 5.758465441779207
[-3.08863436e+00  2.11610981e-03  8.79483558e-02  5.60294825e+00
  3.06250403e+02] 5.603638857828718
[-3.05652624e+00  1.94327562e-01  1.69489393e-01  5.33887274e+00
  3.05462524e+02] 5.345096069775469
[-2.99338278e+00 -1.36940476e-01 -2.26632903e-01  5.63180720e+00
  3.09308835e+02] 5.6380286931610035
[-3.00507070e+00  1.44328165e-01 -1.44314859e-01  5.20453837e+00
  3.04911825e+02] 5.208538859967317
[-3.10886189e+00  7.46355011e-02 -1.77414109e-01  5.60856108e+00
  3.05264275e+02] 5.611862755751777
[-3.06756280e+00  2.59421973e-02  1.31522825e-02  5.19342798e+00
  3.02352806e+02] 5.193509428257358
[-3.11797746e+00 -2.97405441e-01 -2.52071949e-01  5.48684066e+00
  3.05668843e+02] 5.500673657548168
[-3.11061792e+00  2.83026215e-02  2.54849551e-01  5.63526228e+00
  3.06162171e+02] 5.641093004224876
[-3.10813202e+00  1.01009124e-01 -2.59228237e-01  5.31941890e+00
  3.03528522e+02] 5.326689358427902
[-3.03722512e+00  1.26759721e-01 -2.99557003e-01  5.61971017e+00
  3.04948687e+02] 5.629115809837158
[-3.07320986e+00 -1.04847724e-01 -7.60396754e-02  5.59677262e+00
  3.05126345e+02] 5.5982710531532796
[-3.07375975e+00  3.17640988e-01 -2.42448723e-01  5.36828639e+00
  3.04680603e+02] 5.383138109068505
[-3.05767369e+00 -1.66652331e-01  3.68368885e-01  5.38838242e+00
  3.04993503e+02] 5.403529745220965
[-3.12816870e+00  8.21469093e-02  9.83740372e-03  5.35932526e+00
  3.03350565e+02] 5.359963820904412
[-3.11625679e+00  7.32618161e-02 -1.11590802e-02  5.62326069e+00
  3.05810756e+02] 5.623748977760011
[-2.99622445e+00 -1.63847027e-01 -2.24542513e-01  5.37061159e+00
  3.05637376e+02] 5.377800113668454
[-3.04329385e+00  1.19361228e-01 -2.15432036e-01  5.69090384e+00
  3.04328960e+02] 5.696230738873658
[-3.00386229e+00  6.74879234e-02  6.07169413e-02  5.29717523e+00
  3.02404472e+02] 5.297953059001585
[-3.07817946e+00  2.00218834e-01  1.59614513e-01  5.49315081e+00
  3.06225896e+02] 5.499115401656803
[-3.02983505e+00  8.42321868e-02 -2.46313377e-01  5.31434056e+00
  3.06947657e+02] 5.320712444576096
[-3.10401679e+00  3.80998478e-01  1.45462026e-01  5.51353630e+00
  3.03853409e+02] 5.528598514612746
[-3.07560102e+00 -3.06240146e-01  9.05628871e-02  5.59327244e+00
  3.05150979e+02] 5.602381748062039
[-3.02689036e+00 -1.45146697e-01 -3.31964114e-01  5.10050766e+00
  3.02812468e+02] 5.113359569346132
[-3.07008105e+00  9.83109853e-02  3.98701952e-01  5.30232795e+00
  3.03628659e+02] 5.3182055212334305
[-3.05069182e+00  2.00280734e-01  8.70236834e-02  5.49920736e+00
  3.06734274e+02] 5.503541323674754
[-3.05917908e+00  1.92429016e-01  1.34595551e-01  5.38734045e+00
  3.00553773e+02] 5.392456031032717
[-3.13735792e+00  1.98197992e-01  1.59699177e-02  5.43733275e+00
  3.03521728e+02] 5.440967273841342
[-2.94857344e+00 -1.29259462e-02  1.56838466e-01  5.08263512e+00
  3.04331886e+02] 5.085070810063949
[-3.01843681e+00 -1.15264174e-01 -2.66118614e-01  5.74969116e+00
  3.06547680e+02] 5.757000385362211
[-3.02965948e+00  9.89173575e-02  1.90870286e-01  5.45947907e+00
  3.02937172e+02] 5.463710081958807
[-2.99457565e+00 -4.92428498e-02 -1.78681634e-01  5.34538423e+00
  3.03210418e+02] 5.348596505428204
[-2.99162884e+00  2.00363856e-01  2.28729130e-01  5.10131547e+00
  3.03627933e+02] 5.110370071204279
[-3.20396704e+00 -3.09114199e-01 -2.47600646e-01  5.67579837e+00
  3.04041131e+02] 5.689599703234981
[-3.03636013e+00 -2.64185174e-02 -4.15461455e-02  5.01193522e+00
  3.00409104e+02] 5.012177035370812
[-3.07826970e+00  3.88361338e-01 -3.04855663e-01  5.58938801e+00
  3.06092314e+02] 5.611151385714256
[-3.05183918e+00 -1.32659805e-01 -2.16232288e-01  5.44431404e+00
  3.04773540e+02] 5.45022113330208
[-3.06019452e+00  3.03541883e-02  2.48089349e-01  5.62374125e+00
  3.06488361e+02] 5.629292610456212
[-2.98994556e+00  1.21201994e-01 -7.30230102e-02  5.40665752e+00
  3.04883077e+02] 5.408508831781055
