/mnt/stage/douwei/Simulation/5kt_root/2MeV/5kt_-3.40_3.root
[-3.05839278e+00  2.65205592e-01  8.80673444e-03 -3.38844761e+00
  2.93207598e+02] 3.3988216710083607
[-2.95920744e+00 -9.83852759e-02  2.49856366e-01 -3.70446364e+00
  2.96107626e+02] 3.714183451633183
[-3.02342707e+00 -2.58858572e-02  2.33043120e-01 -3.23909037e+00
  2.94168782e+02] 3.24756610272958
[-3.00017728e+00 -1.58351466e-01  7.60594252e-03 -3.28589653e+00
  2.94137848e+02] 3.2897186832917655
[-3.05975334e+00  1.18207869e-01 -5.45644969e-02 -3.43583184e+00
  2.93717484e+02] 3.4382976663453055
[-2.95291289e+00  2.00130652e-01  6.29757894e-02 -3.47615962e+00
  2.94587815e+02] 3.4824853130596107
[-2.98888149e+00 -1.32263243e-01 -2.53789323e-01 -3.46194785e+00
  2.94804568e+02] 3.4737566852659607
[-3.07943433e+00 -3.68199892e-01  6.53639952e-02 -3.57565431e+00
  2.92905201e+02] 3.5951560977057593
[-3.01388441e+00  2.57886733e-01 -1.18235651e-02 -3.42279665e+00
  2.94460358e+02] 3.4325183539386805
[-3.10058186e+00 -4.00139247e-02 -6.13089865e-02 -3.64990905e+00
  2.94840236e+02] 3.6506432313226855
[-3.07426002e+00 -9.47058166e-02 -1.02554167e-01 -3.51442956e+00
  2.94281257e+02] 3.5172008317974717
[-2.98947527e+00  2.57122556e-01 -2.00397144e-01 -3.47553784e+00
  2.93680748e+02] 3.490792788245075
[-2.99184828e+00  4.34462720e-01 -1.74866941e-01 -3.58692262e+00
  2.95401166e+02] 3.6173678542401935
[-3.01184968e+00  8.40219377e-02 -2.67437326e-01 -3.61442916e+00
  2.94340521e+02] 3.6252835157642647
[-3.09725283e+00  5.76807030e-02  4.44180632e-01 -3.24524430e+00
  2.93969698e+02] 3.276008858171074
[-2.99629692e+00  2.02166848e-01  1.63968370e-01 -3.29533206e+00
  2.91207033e+02] 3.3055968321261373
[-2.90198529e+00  5.44801002e-02 -2.94335821e-01 -3.64072532e+00
  2.95078807e+02] 3.6530100623272936
[-3.00097518e+00 -2.07915522e-01 -2.76094802e-01 -3.29579425e+00
  2.93829541e+02] 3.313867365944364
[-2.99448997e+00 -8.34994701e-02  2.01869567e-01 -3.56143465e+00
  2.93150227e+02] 3.568128400669733
[-2.93552501e+00  7.43646161e-02  1.41840195e-01 -3.45702889e+00
  2.95585265e+02] 3.460736556919719
[-3.01172350e+00 -1.20755540e-01 -1.67482107e-02 -3.36703049e+00
  2.91729581e+02] 3.3692368123613106
[-2.94591344e+00 -2.12525301e-01  2.13333276e-01 -3.50832033e+00
  2.94940442e+02] 3.5212199090929115
[-2.95893934e+00  1.43772241e-01 -3.80528199e-02 -3.70366984e+00
  2.96908150e+02] 3.70665466072484
[-3.01214172e+00 -1.02160928e-01 -1.45797399e-01 -3.50540709e+00
  2.93829863e+02] 3.5099248764380597
[-3.15062141e+00 -2.09993969e-01  1.38934433e-01 -3.51478885e+00
  2.95112120e+02] 3.523796380358616
[-3.07105824e+00  1.08684330e-01 -3.89336395e-01 -3.40119730e+00
  2.91875153e+02] 3.4251333071921737
[-2.95642584e+00  2.08099049e-01 -3.78979929e-01 -3.43607869e+00
  2.95533121e+02] 3.4631730824506954
[-2.95762658e+00 -1.89961150e-01 -5.37438154e-02 -3.37000795e+00
  2.94641198e+02] 3.375785426897239
[-3.05382147e+00  2.39670826e-01  1.74404828e-01 -3.38851596e+00
  2.93544536e+02] 3.4014555015684143
[-3.06176394e+00  1.77858300e-01 -1.00792618e-01 -3.61963737e+00
  2.94857180e+02] 3.6254058287718007
[-2.98008202e+00 -1.34867322e-01  4.27888512e-02 -3.20827853e+00
  2.93307781e+02] 3.211397082282614
[-3.01676580e+00  1.68150218e-01 -3.18374810e-01 -3.43222558e+00
  2.92644940e+02] 3.4510591747566033
[-2.96574873e+00  3.07667757e-01 -5.69330608e-02 -3.41260324e+00
  2.94822814e+02] 3.4269172305000173
[-2.99381581e+00 -4.04304873e-02 -3.46650200e-01 -2.92324488e+00
  2.89664805e+02] 2.9440043543778325
[-3.01791568e+00 -2.25730129e-02  1.22963228e-01 -3.21523662e+00
  2.92818224e+02] 3.217666234330989
[-3.06710994e+00  3.40922580e-02  3.96831715e-02 -3.57995490e+00
  2.94554891e+02] 3.580337151524538
[-3.09386572e+00  6.56558897e-02 -2.92835629e-02 -3.24707023e+00
  2.91355141e+02] 3.2478659632499154
[-2.98943269e+00 -3.22024780e-01  1.96290851e-01 -3.40563003e+00
  2.94281714e+02] 3.426448011003851
[-3.01979468e+00 -3.04880795e-01 -2.25976201e-01 -3.75874393e+00
  2.97610446e+02] 3.777853027022614
[-3.12111819e+00 -2.97254235e-01  2.67779973e-02 -3.52962089e+00
  2.91985950e+02] 3.5422169242884434
[-2.99729728e+00  8.82058379e-02 -2.20754220e-02 -3.76157211e+00
  2.95203931e+02] 3.762670908382338
[-3.04296068e+00 -1.50896165e-01 -4.38555961e-03 -3.54947250e+00
  2.93703374e+02] 3.552681233675882
[-3.04398181e+00 -8.62760109e-02 -3.26951881e-01 -3.43471826e+00
  2.94345408e+02] 3.451323018536982
[-2.97513325e+00 -2.17011519e-01 -2.63455510e-01 -3.67287824e+00
  2.94786112e+02] 3.688704025377118
[-2.96604984e+00  3.32778730e-01 -3.51809879e-02 -3.54038461e+00
  2.94853755e+02] 3.556164023699535
[-3.01562595e+00 -2.69135761e-01  1.57312389e-01 -3.53225935e+00
  2.95265620e+02] 3.5459889074991913
[-2.98986572e+00  2.70357523e-01  9.92962474e-02 -3.36332594e+00
  2.94434415e+02] 3.3756353960915253
[-3.03025994e+00 -9.87232042e-02  5.51436820e-02 -3.31530475e+00
  2.93689521e+02] 3.317232681656113
[-2.97927235e+00  1.53727516e-01  2.26109219e-02 -3.56486830e+00
  2.95583433e+02] 3.568252985753962
[-3.09143405e+00  3.86101525e-02  8.64664681e-02 -3.31962822e+00
  2.91219241e+02] 3.320978581360692
[-3.00140634e+00 -2.07258017e-01 -2.83258500e-02 -3.18453641e+00
  2.91493128e+02] 3.1913994440565476
[-3.00997678e+00 -1.10873927e-02 -1.07917849e-01 -3.38185701e+00
  2.95619374e+02] 3.3835966158577446
[-3.09842233e+00  2.75058096e-01  1.69505657e-01 -3.70732773e+00
  2.93285472e+02] 3.721379853680858
[-3.04616379e+00  1.00912544e-01  3.74729456e-02 -3.31014455e+00
  2.92613315e+02] 3.3118943945046366
[-3.07127354e+00  3.67721660e-01  2.09661358e-01 -3.60567971e+00
  2.94998979e+02] 3.630441196634888
[-3.05627915e+00  2.34754756e-01 -2.05078675e-01 -3.52438222e+00
  2.94914935e+02] 3.538140345688466
[-3.07679828e+00  8.56727537e-02  2.74855775e-01 -3.44221791e+00
  2.93628971e+02] 3.454236481806555
[-2.94901316e+00 -1.24801510e-01 -7.66210923e-02 -3.54662167e+00
  2.95681800e+02] 3.549643853911436
[-3.03360387e+00  4.05483074e-04 -5.24355232e-02 -3.78898534e+00
  2.95834266e+02] 3.7893481749804576
[-2.99505418e+00 -2.98423858e-02  1.07598393e-01 -3.33271935e+00
  2.94242523e+02] 3.3345893628049526
[-3.08711426e+00 -1.07186461e-01 -9.98903980e-02 -3.33259060e+00
  2.92865926e+02] 3.3358098126987787
[-3.03767943e+00  3.87590218e-02 -6.39655386e-02 -3.26350765e+00
  2.91920294e+02] 3.264364569829305
[-2.99559119e+00  5.33762774e-02 -2.75745746e-01 -3.52910990e+00
  2.94775796e+02] 3.540268555054903
[-3.18248364e+00  1.43363292e-01 -2.92488260e-03 -3.61553864e+00
  2.93719219e+02] 3.618381024231003
[-3.02010577e+00  3.35315089e-01  1.26552834e-01 -3.46308069e+00
  2.93803396e+02] 3.481577183553268
[-3.14772635e+00  1.90153666e-01  1.02516515e-01 -3.64817587e+00
  2.95238627e+02] 3.6545663516812907
[-3.01669610e+00  2.40923385e-01  5.01620362e-02 -3.80462006e+00
  2.96265776e+02] 3.81257054108443
[-3.04846473e+00  1.55989643e-01  3.08738002e-01 -3.49638671e+00
  2.93698208e+02] 3.5134558364766924
[-3.07600687e+00  1.56278232e-01  8.23188152e-02 -3.13698402e+00
  2.92542986e+02] 3.1419528940160273
[-3.02306744e+00  1.97512473e-01 -1.95321456e-01 -3.36143373e+00
  2.94641066e+02] 3.3728916951794847
[-3.01385781e+00 -1.98340986e-01 -1.75960419e-01 -3.35560708e+00
  2.94322681e+02] 3.3660659630018506
[-3.01084066e+00 -1.25953465e-01  1.48473140e-01 -3.53086572e+00
  2.95687346e+02] 3.5362298095625277
[-3.06556775e+00  1.82189396e-01 -1.50630440e-02 -3.59746027e+00
  2.93950283e+02] 3.6021021985140957
[-3.08150784e+00 -2.29225510e-02  8.12934832e-02 -3.31079114e+00
  2.92964697e+02] 3.311868363526558
[-3.05853618e+00 -1.40946304e-01  3.48834453e-02 -3.53351020e+00
  2.95222265e+02] 3.5364921982276876
[-3.01303132e+00  1.11440732e-01 -3.48184624e-01 -3.57827783e+00
  2.93303899e+02] 3.5969047489237895
[-2.92356402e+00 -2.79155127e-02  2.09769241e-01 -3.46442845e+00
  2.94539711e+02] 3.4708856056940407
[-3.04015864e+00 -8.83656583e-02  1.57351236e-01 -3.53361486e+00
  2.93373191e+02] 3.53822015963178
[-3.04722231e+00 -3.17452974e-01 -2.63018630e-01 -3.10131125e+00
  2.94003416e+02] 3.1285918018027483
[-3.09080411e+00  8.06462178e-02  2.65982136e-01 -3.63505649e+00
  2.93023746e+02] 3.645666738346917
[-3.11002543e+00  1.95890464e-01  4.07705807e-01 -3.47796047e+00
  2.92723156e+02] 3.5072505131926626
[-3.00725156e+00 -4.95929623e-02 -2.15674756e-01 -3.29505497e+00
  2.92473862e+02] 3.302478203694173
[-3.05413597e+00  2.00091243e-02 -1.07415857e-01 -3.60560807e+00
  2.94160459e+02] 3.6072632453979843
[-3.00422143e+00 -1.37688120e-01  1.90371594e-02 -3.34194735e+00
  2.94643829e+02] 3.344836697992184
[ -2.95798878   0.39046309  -0.38066233  -3.34189114 294.49167135] 3.3860894294775092
[-3.02918061e+00 -2.07571026e-01  3.16774490e-03 -3.13556333e+00
  2.91783937e+02] 3.1424279073602333
[-3.05928044e+00  4.01647995e-01 -3.18020701e-02 -3.33183009e+00
  2.93680893e+02] 3.3561025359372354
[-3.09746920e+00 -2.66155702e-01  1.28817326e-01 -3.68405970e+00
  2.95571714e+02] 3.6959070109502
[-3.03777575e+00 -6.89001778e-02 -1.49336005e-01 -3.33294765e+00
  2.91553269e+02] 3.3370029208017145
[-3.02095128e+00 -2.18645957e-01  2.41322325e-01 -3.55471379e+00
  2.95870077e+02] 3.5695983877690556
[-3.05252682e+00  1.24411786e-01 -2.01678617e-01 -3.35532702e+00
  2.91411011e+02] 3.3636842873799315
[-3.07582447e+00  3.89256526e-01  1.10158416e-01 -3.53808729e+00
  2.94795324e+02] 3.561139870885074
[-3.03096641e+00  3.90715783e-02  1.92574240e-01 -3.65455937e+00
  2.95263308e+02] 3.6598381962503708
[-3.12097744e+00  8.75588716e-02  1.45977447e-01 -3.73579861e+00
  2.94000797e+02] 3.739674748460659
[-3.11511153e+00 -1.15863246e-01  4.67950186e-02 -3.64622201e+00
  2.93725283e+02] 3.648362509784738
[-2.96113525e+00 -3.20376315e-01  2.49301000e-02 -3.46223439e+00
  2.94091755e+02] 3.4771151027154823
[-2.97834817e+00 -2.83180706e-02  1.48233017e-01 -3.28805033e+00
  2.92466091e+02] 3.2915117972986296
[-3.07884993e+00  1.69209017e-02 -4.92131016e-02 -3.30360526e+00
  2.92974511e+02] 3.304015130718065
[-3.06470692e+00  3.47839306e-02  4.77663760e-02 -3.70513782e+00
  2.96707407e+02] 3.70560896769831
[-3.00907845e+00  1.08291883e-02 -3.30380104e-01 -3.34068902e+00
  2.94706972e+02] 3.3570033366288228
[-3.01827758e+00 -3.14751179e-01  2.04187616e-01 -3.66058584e+00
  2.96333083e+02] 3.6797621631942032
[-2.98474812e+00 -5.34911023e-02  2.57113365e-01 -3.40701210e+00
  2.94127307e+02] 3.417118673588188
[-3.13059689e+00  8.88786169e-02 -6.38580340e-02 -3.73149982e+00
  2.93305020e+02] 3.733104359571905
[-2.91996623e+00  1.09817580e-01  1.01821413e-01 -3.24008495e+00
  2.94468436e+02] 3.2435440505501427
[-3.06431066e+00  2.00640139e-01 -5.68270479e-02 -3.56076925e+00
  2.93302028e+02] 3.5668702547190505
[-3.02156808e+00 -5.97321942e-02  2.00074159e-01 -3.25323876e+00
  2.93953599e+02] 3.259932515436739
[-3.00557715e+00 -1.03203060e-01 -8.38091218e-02 -3.44683142e+00
  2.94757618e+02] 3.449394389969791
[-3.02415263e+00 -7.54878664e-02  9.37061988e-02 -3.59441321e+00
  2.93333018e+02] 3.596426778314823
[-3.07168408e+00 -1.34517315e-03 -1.40826195e-02 -3.57688455e+00
  2.94207889e+02] 3.576912525362543
[-2.97115264e+00  2.81105734e-01 -2.55625679e-01 -3.24700521e+00
  2.93323610e+02] 3.2691600987850946
[-2.96858947e+00  2.79367440e-01  1.01971617e-01 -3.55539071e+00
  2.95448560e+02] 3.5678070999975278
[-2.89042418e+00 -1.15725448e-02  1.29285710e-01 -3.32054693e+00
  2.93485831e+02] 3.323083002003641
[-2.99807071e+00  1.62116933e-01  1.62903523e-01 -3.14827160e+00
  2.94190741e+02] 3.1566490935436207
[-2.93276484e+00  3.87689287e-01 -2.27874359e-01 -3.35097317e+00
  2.94506245e+02] 3.3810132960460453
[-3.00679635e+00  2.43606422e-01 -2.37794361e-01 -3.27075339e+00
  2.93788841e+02] 3.288421808563269
[-2.99383346e+00 -2.04297305e-01 -1.15697600e-01 -3.41978870e+00
  2.94496218e+02] 3.4278386881045324
