/mnt/stage/douwei/Simulation/5kt_root/2MeV/5kt_+10.00_1.root
[-3.17161996e+00  7.56756087e-02 -1.74564455e-01  1.00936332e+01
  3.38441752e+02] 10.095426252750176
[-3.15625797e+00  1.26011826e-01 -2.73830074e-01  1.01058674e+01
  3.40192840e+02] 10.11036194154885
[-3.13686835e+00 -1.48911218e-02  1.89708403e-01  9.96828050e+00
  3.36895671e+02] 9.970096649036034
[-3.26778688e+00 -7.31732692e-02 -9.11282161e-02  9.90815385e+00
  3.38532454e+02] 9.908843091271423
[-3.22844134e+00 -9.93061450e-02  2.81946917e-01  9.82651468e+00
  3.36536727e+02] 9.831060299525552
[-3.24190859e+00 -1.17994830e-01  1.01546453e-02  1.03351179e+01
  3.41877193e+02] 10.335796434012156
[-3.23485666e+00  1.01020707e-01 -2.02070284e-01  9.92990202e+00
  3.36526166e+02] 9.932471585231049
[-3.15274854e+00  8.19869463e-02 -1.98371112e-01  1.00639167e+01
  3.39897887e+02] 10.066205428485718
[-3.23423474e+00  2.59659717e-02  2.07271496e-01  1.03925850e+01
  3.40633024e+02] 10.39468416412921
[-3.17321876e+00 -3.43332197e-02  8.98092650e-02  9.92605264e+00
  3.38349691e+02] 9.926518292179981
[-3.21917898e+00 -2.30565815e-02  1.36537536e-01  1.04436782e+01
  3.42005894e+02] 10.444596104832248
[-3.22671207e+00 -2.29160091e-01  1.52561301e-02  9.91804758e+00
  3.38166447e+02] 9.92070637504341
[-3.20077165e+00  9.15224699e-02 -7.37849720e-02  1.01207663e+01
  3.37361711e+02] 10.121449070901392
[-3.17573342e+00 -1.38660351e-01  4.31413603e-02  9.97759707e+00
  3.38027957e+02] 9.978653779412133
[-3.17016027e+00  8.18794367e-02  1.47648722e-03  1.01812588e+01
  3.39201232e+02] 10.181588139627063
[-3.24374182e+00  8.00614857e-02  1.95148480e-01  1.00408006e+01
  3.37080736e+02] 10.043015949288007
[-3.24343695e+00  9.52402123e-02  2.88402594e-01  1.00570505e+01
  3.38821962e+02] 10.061635673645348
[-3.25234580e+00 -1.03614741e-01 -1.87306423e-02  1.00596205e+01
  3.38108042e+02] 10.060171492766841
[-3.16072923e+00 -2.90745071e-01  1.32001948e-01  9.87119095e+00
  3.36249980e+02] 9.876353980791997
[-3.08852792e+00  1.80336021e-01  1.25454093e-01  9.90191697e+00
  3.36903563e+02] 9.904353557670078
[-3.10866243e+00 -1.25578377e-01  1.27736430e-01  1.01740520e+01
  3.41868207e+02] 10.175628741161338
[-3.19252832e+00 -1.44073408e-01 -9.41145919e-02  1.03387270e+01
  3.40456775e+02] 10.340159133359036
[-3.24519087e+00 -4.25811626e-02 -2.46596354e-01  1.01031448e+01
  3.38471902e+02] 10.106243498708785
[-3.17820398e+00 -7.26097976e-02  3.66320849e-01  1.01292549e+01
  3.38127901e+02] 10.136136748332856
[-3.25607428e+00  7.04187234e-02 -1.70961757e-01  1.01967117e+01
  3.40847786e+02] 10.198387931076988
[-3.12333133e+00  7.35650909e-02 -2.14817342e-01  1.00000354e+01
  3.38134618e+02] 10.002612949699985
[-3.19906444e+00 -3.47466813e-01  1.17309041e-01  1.02226391e+01
  3.39272616e+02] 10.229215296424194
[-3.16925610e+00 -1.71790682e-01  1.54083372e-01  1.01047422e+01
  3.37738802e+02] 10.10737690824404
[-3.21650065e+00  1.29687985e-01  1.60765579e-01  1.00117434e+01
  3.38388056e+02] 10.01387393150816
[-3.22143670e+00 -6.26037564e-02 -1.88740642e-01  1.00736966e+01
  3.39873165e+02] 10.075659022300641
[-3.21084057e+00 -6.62422835e-02 -1.05914911e-01  1.01171879e+01
  3.38876460e+02] 10.11795914908945
[-3.16905744e+00  1.96829746e-01  3.85976670e-02  1.00402553e+01
  3.39843638e+02] 10.042258581815673
[-3.29095782e+00  7.66032149e-02 -6.13112882e-02  1.02933847e+01
  3.39068482e+02] 10.293852341757995
[-3.16160164e+00  1.60043235e-03  1.90433621e-01  1.01138711e+01
  3.40416567e+02] 10.11566385350286
[-3.17301672e+00  2.81391324e-02 -1.24491132e-02  1.03658563e+01
  3.39264351e+02] 10.365901971506483
[-3.15037920e+00  9.96749293e-03 -9.34773509e-02  1.03654945e+01
  3.40810020e+02] 10.365920755901229
[-3.20299841e+00 -4.25834466e-02  2.06050578e-02  1.00196938e+01
  3.37085180e+02] 10.019805484181843
[-3.20941411e+00  1.98292788e-01 -2.44186047e-01  1.02696526e+01
  3.41241068e+02] 10.27446894149038
[-3.17224383e+00 -1.61494548e-01  1.42727361e-01  1.02269790e+01
  3.42135376e+02] 10.2292498033441
[-3.11277594e+00  2.35561458e-04 -4.43014542e-02  1.03275436e+01
  3.41597742e+02] 10.327638581725846
[-3.16141424e+00  3.08093994e-01 -1.73755521e-01  1.02941778e+01
  3.41065833e+02] 10.300252919454794
[-3.10607960e+00  2.64555164e-01  2.63235554e-01  9.84137522e+00
  3.39867139e+02] 9.848449045541217
[-3.27789329e+00 -2.45761122e-01  8.75798672e-02  9.82126546e+00
  3.35535944e+02] 9.824730225565721
[-3.21302653e+00  1.37807695e-01  2.88575422e-01  9.94361066e+00
  3.37419962e+02] 9.948751666457591
[-3.23795342e+00 -2.78708065e-01 -2.85248515e-01  9.96269098e+00
  3.37086121e+02] 9.970669815087081
[-3.15210365e+00  3.23891278e-03  1.99010349e-01  9.93262611e+00
  3.37088941e+02] 9.934620121315161
[-3.19838093e+00 -5.72122268e-02  1.48792112e-01  1.01763743e+01
  3.40493839e+02] 10.177622817487839
[-3.21791976e+00  2.40871563e-01 -1.88950359e-01  1.03355336e+01
  3.40279996e+02] 10.340066531443904
[-3.18332727e+00 -8.44301957e-02  6.49864683e-02  1.00093173e+01
  3.38552623e+02] 10.009884349421553
[-3.15926068e+00  2.14721889e-02  9.10697936e-02  9.92013255e+00
  3.37936629e+02] 9.920573804933493
[-3.27006799e+00 -2.71888471e-01 -8.16884248e-02  1.01412919e+01
  3.37934490e+02] 10.145264764443375
[-3.21713870e+00  1.57241055e-01 -2.17952024e-02  1.05726714e+01
  3.43163624e+02] 10.573863117900116
[-3.18989896e+00  1.15934514e-01 -1.77913393e-01  9.79123050e+00
  3.37236453e+02] 9.793533002900269
[-3.17678041e+00  1.46124105e-01 -6.01519799e-02  1.02859044e+01
  3.40495631e+02] 10.287118135906718
[-3.22425000e+00 -1.56089448e-02  2.82186167e-01  1.00186199e+01
  3.37420166e+02] 10.022605320716673
[-3.19135720e+00 -4.51489251e-02  1.58654634e-01  1.00019414e+01
  3.39559136e+02] 10.003301538235181
[-3.31221317e+00 -1.40459935e-01  1.22227752e-01  1.01796993e+01
  3.38036510e+02] 10.18140199619412
[-3.23758164e+00  1.56232650e-01  1.85765257e-01  1.01200023e+01
  3.40735508e+02] 10.122912867769871
[-3.20145285e+00 -5.86383275e-02  1.10057648e-02  1.02381723e+01
  3.39134425e+02] 10.238346140484415
[-3.25538607e+00  2.10580495e-01  3.33639531e-02  9.95926277e+00
  3.36669965e+02] 9.96154466561513
[-3.28935137e+00  1.81552534e-01  7.08759215e-02  1.00352705e+01
  3.37016658e+02] 10.037162895210459
[-3.26133934e+00 -9.43584129e-02  1.45086690e-01  1.00571348e+01
  3.37441085e+02] 10.05862383364897
[-3.20171218e+00  3.61571509e-02 -2.95834834e-01  9.95576839e+00
  3.36488820e+02] 9.960228402611758
[-3.25906778e+00 -4.46969162e-02 -2.18750308e-01  1.00503635e+01
  3.37058800e+02] 10.052843217067563
[-3.18051382e+00  4.65365576e-02  1.97946589e-02  1.02500740e+01
  3.41850398e+02] 10.250198720748676
[-3.24225522e+00 -2.65809714e-01  1.33245013e-01  1.00873953e+01
  3.39091036e+02] 10.091776517890015
[-3.19207415e+00  3.27047456e-01 -1.20404637e-01  9.96344459e+00
  3.39951250e+02] 9.969537871712843
[-3.12682905e+00  1.48815748e-01 -1.84089591e-01  1.01439690e+01
  3.39686897e+02] 10.146730590700319
[-3.19469702e+00  6.68052590e-02  6.60000387e-02  1.00446554e+01
  3.39645716e+02] 10.045094327793645
[-3.17893771e+00 -5.28573147e-02  1.99636469e-01  9.93198378e+00
  3.38791112e+02] 9.934130580638518
[-3.19318121e+00  2.80117229e-01  1.45035291e-01  1.00855008e+01
  3.36611841e+02] 10.090432466839376
[-3.22078961e+00 -5.59148768e-02  1.39258060e-01  9.97819819e+00
  3.38288574e+02] 9.979326549390859
[-3.20723744e+00 -2.45613737e-01 -3.82362206e-02  1.02437519e+01
  3.39564468e+02] 10.246767332049634
[-3.17981536e+00  1.25591782e-01 -6.16304820e-04  1.01344980e+01
  3.38848442e+02] 10.135276187765836
[-3.21012959e+00 -2.63944574e-01 -1.85730783e-01  1.02348115e+01
  3.39907215e+02] 10.239898838501295
[-3.26451516e+00 -2.77174638e-01 -7.42181369e-02  1.02559382e+01
  3.39638880e+02] 10.25995134225832
[-3.19799945e+00 -8.47699947e-02 -2.77660265e-02  1.01509659e+01
  3.40724125e+02] 10.151357800854377
[-3.12337911e+00 -1.85497137e-01 -4.19599087e-02  9.86174099e+00
  3.39033971e+02] 9.863574661389729
[-3.21187016e+00 -7.46084341e-02 -2.22225664e-01  9.99716648e+00
  3.36316475e+02] 9.999914411982493
[-3.24999845e+00 -5.05219589e-02 -7.05816718e-02  1.03031079e+01
  3.39228034e+02] 10.303473476274373
[-3.17141658e+00 -9.38319406e-04 -8.61072167e-02  9.94582284e+00
  3.39086035e+02] 9.94619562386474
[-3.18474657e+00  3.22946788e-01 -8.68032615e-02  9.95808028e+00
  3.38731273e+02] 9.963693711490087
[-3.23941304e+00  6.45377840e-02  1.47465513e-01  1.01223489e+01
  3.36392087e+02] 10.123628717765772
[-3.19081001e+00  1.23190432e-01  2.56132720e-01  1.02494593e+01
  3.41721903e+02] 10.25339918616505
[-3.21062743e+00 -2.02903475e-01 -1.88235474e-01  1.04620723e+01
  3.42240156e+02] 10.465732613337032
[-3.13832905e+00 -1.62659897e-01  1.31928308e-01  1.03521437e+01
  3.40741741e+02] 10.354262066485713
[-3.21047660e+00  6.19674072e-03  1.86303974e-01  1.00897460e+01
  3.38937131e+02] 10.09146781251365
[-3.15873450e+00 -8.73847376e-02 -1.94551680e-01  9.87026325e+00
  3.35633220e+02] 9.87256719565341
[-3.21103307e+00 -3.40310583e-01 -7.68224263e-02  1.00269331e+01
  3.38627590e+02] 10.033000595230183
[-3.20924426e+00  1.21234568e-02  4.08953601e-01  1.02203859e+01
  3.41057355e+02] 10.228571598963791
[-3.21341098e+00  2.61316881e-02  1.65381782e-02  1.03479237e+01
  3.39313269e+02] 10.34796987109787
[-3.25914669e+00  2.01350148e-01 -5.17267359e-02  1.03273127e+01
  3.38935434e+02] 10.3294049055384
[-3.27651348e+00  2.07385293e-01 -1.60274073e-01  1.02704117e+01
  3.42715447e+02] 10.273755549647097
[-3.25145281e+00  1.13830770e-01 -4.27872097e-02  1.00482772e+01
  3.36384390e+02] 10.049013072168577
[-3.23330399e+00  1.34081661e-01 -5.83426751e-02  9.93473018e+00
  3.36663423e+02] 9.93580623246067
[-3.16482640e+00  6.64953468e-02  3.48615990e-01  9.98292518e+00
  3.39039981e+02] 9.989231698727663
[-3.21048441e+00 -1.53279879e-02  2.48336828e-01  9.82709461e+00
  3.35705255e+02] 9.830243869099885
[-3.17983724e+00 -1.69019492e-01 -1.54169783e-01  1.01753001e+01
  3.40239879e+02] 10.177871445155153
[-3.24408917e+00  2.44986011e-02 -5.41791685e-02  1.02957206e+01
  3.40130338e+02] 10.295892307761891
[-3.19897557e+00 -1.37907864e-01  2.57926921e-02  1.00547082e+01
  3.38106322e+02] 10.055686965207734
[-3.19267137e+00 -3.43821759e-02 -9.51087317e-02  1.01049151e+01
  3.39936927e+02] 10.105421125908768
[-3.10963482e+00 -6.36808053e-02 -8.13736738e-02  1.02072967e+01
  3.41251771e+02] 10.207819731575679
[-3.18190118e+00  1.68240116e-01 -1.22044316e-01  9.90567176e+00
  3.37069969e+02] 9.90785207115499
[-3.21796118e+00 -2.04158424e-01  8.11555809e-02  1.03159690e+01
  3.38436854e+02] 10.318308187871464
[-3.27632186e+00  4.44188009e-02 -1.06848087e-02  1.02713109e+01
  3.38671446e+02] 10.27141253292652
[-3.21470984e+00 -1.25877261e-01  2.51654088e-01  1.03166879e+01
  3.41964465e+02] 10.320524376065082
[-3.24118144e+00  3.79289372e-02  1.43284869e-01  1.00997044e+01
  3.37771115e+02] 10.10079199778284
[-3.20006323e+00  8.37599939e-02  9.77304969e-02  1.00901442e+01
  3.39045905e+02] 10.090965070306044
[-3.25141846e+00  1.47670560e-01  1.35579706e-01  1.02056491e+01
  3.39151372e+02] 10.207617884212562
[-3.22246347e+00 -4.12923671e-02 -8.59688007e-02  1.01321681e+01
  3.38187505e+02] 10.132616908880978
[-3.23360832e+00  9.29692521e-02 -2.16062131e-02  9.98345639e+00
  3.38135941e+02] 9.983912636141204
[-3.16666637e+00 -2.05703668e-01 -1.39642215e-01  9.80064132e+00
  3.37376715e+02] 9.803794374324207
[-3.22164995e+00 -1.72874032e-02  1.99011005e-01  9.90009144e+00
  3.37335362e+02] 9.902106581772824
[-3.19374483e+00  4.90115572e-02  2.59976147e-01  1.00940827e+01
  3.38909044e+02] 10.097548952044566
[-3.25120986e+00  3.83096887e-02 -1.95491674e-01  1.01804173e+01
  3.37949684e+02] 10.182366218781397
[-3.08881750e+00  2.54313507e-01  1.11743904e-01  9.88483399e+00
  3.38691452e+02] 9.888736274675077
[-3.22667326e+00 -4.38981039e-02  3.99421246e-02  9.92000798e+00
  3.36513703e+02] 9.920185523899693
[-3.22618098e+00 -7.45947387e-03 -2.36282800e-02  1.02908285e+01
  3.41885316e+02] 10.290858358056532
[-3.15226295e+00  4.43717593e-02  4.43141836e-02  9.93664812e+00
  3.37655217e+02] 9.936846004275688
[-3.16518090e+00  1.54560512e-01  6.85872717e-02  9.92999082e+00
  3.38589072e+02] 9.931430456087096
[-3.23773101e+00  1.98416496e-01  8.29482483e-02  1.02798309e+01
  3.38823666e+02] 10.282080227824942
[-3.22664573e+00  2.00282118e-01 -1.29702469e-01  9.93882595e+00
  3.35604678e+02] 9.941689842770808
[-3.20222039e+00  1.11504361e-01 -1.89444284e-01  9.87797293e+00
  3.37486899e+02] 9.880418590293694
[-3.22017626e+00 -1.96278132e-01 -1.93476629e-02  1.01684079e+01
  3.39906264e+02] 10.170320481694466
[-3.11937420e+00 -5.08483216e-02  3.55185601e-02  1.00525347e+01
  3.37579821e+02] 10.052726061679937
[-3.11950423e+00  1.04805162e-01  1.27678785e-01  1.00931599e+01
  3.40108930e+02] 10.094511535485474
[-3.23624896e+00 -1.24491419e-01  6.22086829e-02  9.92638063e+00
  3.38139295e+02] 9.927356164480393
[-3.16176553e+00  1.22405772e-01  1.77269052e-01  1.00321153e+01
  3.40102894e+02] 10.034427995604508
[-3.21832691e+00 -3.07980299e-01 -1.88147646e-01  1.00520441e+01
  3.39101763e+02] 10.05852088973257
[-3.22728195e+00  8.29397090e-03  2.02224920e-01  1.02137695e+01
  3.40759646e+02] 10.215774586295323
[-3.15728034e+00  1.56385110e-02  2.07940762e-01  1.01003222e+01
  3.37661880e+02] 10.102474561862852
[-3.13018179e+00  9.12158374e-02 -3.25171686e-01  9.84129702e+00
  3.35930635e+02] 9.847090131554802
[-3.15555662e+00  1.43799512e-02  3.84559592e-02  1.02461794e+01
  3.39602363e+02] 10.246261620024864
[-3.20592043e+00  1.45563226e-01 -2.29586154e-01  1.01827935e+01
  3.39856092e+02] 10.186421406647273
[-3.18242829e+00  1.94166439e-01 -2.85558683e-01  9.99242434e+00
  3.37497135e+02] 9.998389301984357
[-3.19148222e+00 -2.35205160e-01  1.62451720e-01  1.00650956e+01
  3.37123375e+02] 10.06915393336737
[-3.19526755e+00 -2.84759176e-01  9.99094479e-02  9.85451658e+00
  3.38555893e+02] 9.859136203013971
[-3.29490624e+00  2.12608906e-01 -9.26006729e-02  1.00327384e+01
  3.37094183e+02] 10.035418115687495
[-3.12238033e+00  8.11101720e-02 -2.51206730e-01  9.98738372e+00
  3.37818462e+02] 9.990871700707174
[-3.22732428e+00  7.89893358e-02 -1.42366727e-01  1.01707800e+01
  3.36526448e+02] 10.172083032942872
[-3.19911294e+00  3.62003231e-01  3.76616645e-02  1.00075969e+01
  3.40781714e+02] 10.014212952494017
[-3.25774862e+00 -1.74769534e-01  3.66669129e-01  9.86832450e+00
  3.38586764e+02] 9.876680567769935
[-3.17789669e+00  2.71188039e-02 -2.24313104e-01  9.89746417e+00
  3.37695436e+02] 9.900042872738746
[-3.16572101e+00 -7.91045088e-03  2.18696986e-01  9.76922352e+00
  3.37920750e+02] 9.771674321070526
[-3.25221450e+00 -2.37785797e-01  1.41097573e-01  1.00774573e+01
  3.38416973e+02] 10.081249755024233
[-3.23526894e+00 -1.25996544e-02  1.60579551e-01  1.01596008e+01
  3.39378419e+02] 10.160877589189349
[-3.22502444e+00  8.31463087e-02  1.39369454e-01  1.01194570e+01
  3.40922148e+02] 10.120758223288268
[-3.19597670e+00  9.48508797e-02  1.53916794e-01  1.04261594e+01
  3.41177731e+02] 10.427726866606074
[-3.17888878e+00  7.73935249e-03 -2.35733887e-02  1.00180905e+01
  3.36996208e+02] 10.01812120742201
[-3.23240292e+00 -2.00572351e-01  3.22341362e-02  1.01228033e+01
  3.40845517e+02] 10.124841510162074
[-3.22476816e+00  1.21065700e-01 -2.19260598e-02  1.01388922e+01
  3.37803014e+02] 10.139638643080769
[-3.21264710e+00  3.37946807e-01 -3.04983812e-02  1.00037375e+01
  3.39667214e+02] 10.00949057403636
[-3.29194020e+00 -3.38635427e-02  9.83058879e-03  1.01167209e+01
  3.39245965e+02] 10.116782309103133
[-3.16026060e+00 -2.56455308e-01  1.72305306e-01  1.01976049e+01
  3.42100381e+02] 10.202284216049144
[-3.14809079e+00  1.71524617e-01 -6.36828223e-03  9.92462038e+00
  3.39818847e+02] 9.926104516829843
[-3.20983761e+00 -1.34537095e-01  4.47958666e-02  9.73413876e+00
  3.35661236e+02] 9.73517151042789
[-3.18494164e+00 -2.35808005e-01 -1.22644590e-01  9.98415879e+00
  3.38107153e+02] 9.987696125629183
[-3.26074415e+00 -2.14746202e-02  1.36265776e-02  1.00969605e+01
  3.38413362e+02] 10.096992514475174
[-3.21117454e+00 -1.75069222e-01  1.17825955e-01  1.01416951e+01
  3.39501473e+02] 10.143890354094506
[-3.19810395e+00 -1.49706660e-02 -5.37823721e-02  9.85111684e+00
  3.36638032e+02] 9.85127502494497
[-3.17669357e+00  9.49508040e-02 -4.35961336e-02  1.01165485e+01
  3.38683099e+02] 10.117088003209453
[-3.28747475e+00  4.75759751e-02 -9.48179770e-02  9.96588273e+00
  3.36248145e+02] 9.966447339805127
[-3.18967865e+00 -1.10726831e-01 -1.74097537e-01  1.00440968e+01
  3.40305185e+02] 10.04621579749114
[-3.11405983e+00 -1.43095308e-01  1.47938898e-01  9.98456843e+00
  3.38422280e+02] 9.986689589254857
[-3.14088905e+00 -1.20756008e-01 -1.92514836e-01  9.93637880e+00
  3.39353762e+02] 9.93897719483493
[-3.24617063e+00  1.48912694e-01  4.88563776e-02  1.04351601e+01
  3.41045658e+02] 10.436336867895537
[-3.18273311e+00  1.02914524e-01 -7.54628089e-02  1.00227545e+01
  3.38034965e+02] 10.023566910838413
[-3.11354869e+00 -1.49115817e-01  5.25353162e-03  9.76184273e+00
  3.39924985e+02] 9.762982973029667
[-3.23196602e+00 -1.11494009e-01 -1.53152216e-01  1.00952789e+01
  3.39983632e+02] 10.097056126844356
[-3.20133473e+00 -1.62686541e-01  1.37655130e-01  9.84566613e+00
  3.37389573e+02] 9.847972244332231
[-3.06726305e+00  1.70679282e-01 -1.69205835e-01  1.01134621e+01
  3.39300042e+02] 10.116317393484211
[-3.26285105e+00 -1.48043175e-01 -7.77033169e-02  9.98426186e+00
  3.38840187e+02] 9.985661698452185
[-3.26852401e+00 -4.77971235e-02 -1.06458481e-01  9.84816415e+00
  3.37458471e+02] 9.848855523954917
[-3.17733566e+00  1.13377703e-01  2.03803289e-01  1.00379582e+01
  3.40667390e+02] 10.040667069259467
[-3.21299916e+00  3.76434125e-01  1.43368646e-01  1.01808289e+01
  3.40669227e+02] 10.188794504981313
[-3.22957507e+00  1.32924724e-01 -3.01742002e-02  1.03339137e+01
  3.39150990e+02] 10.33481259901258
[-3.21307494e+00 -5.91838116e-03  1.31423996e-01  1.02768895e+01
  3.39600462e+02] 10.277731560764023
[-3.17371652e+00 -1.72868505e-01 -2.49929631e-01  1.00329146e+01
  3.37884755e+02] 10.037515863091903
[-3.22565795e+00  6.30456373e-02 -3.22551071e-01  1.00567655e+01
  3.40400433e+02] 10.062134286437294
[-3.10583166e+00 -1.29199081e-02  2.42473767e-01  9.76427101e+00
  3.38273836e+02] 9.767289741733332
[-3.21374698e+00  2.21218254e-01  3.14836489e-02  1.00864086e+01
  3.39620037e+02] 10.088883370279007
[-3.23234976e+00 -1.76997100e-01  1.34128089e-01  1.02783357e+01
  3.39916672e+02] 10.280734576156199
[-3.24289127e+00  4.25119022e-02  3.06354348e-01  1.00710775e+01
  3.38120436e+02] 10.075825675825138
[-3.15221875e+00 -4.02961357e-02  1.59924302e-02  1.00595411e+01
  3.38477579e+02] 10.059634544415339
[-3.15698549e+00 -1.33796261e-01 -1.57687247e-01  9.76632875e+00
  3.37367680e+02] 9.768518001169197
[-3.26511857e+00  5.39415291e-03  1.05298000e-01  1.01746521e+01
  3.39666657e+02] 10.17519836925195
[-3.23301656e+00  1.83133313e-01  2.36712494e-01  1.00164223e+01
  3.38236627e+02] 10.020892476171094
[-3.12108402e+00 -6.66282742e-02  1.70847108e-01  9.77398642e+00
  3.36700280e+02] 9.775706554165353
[-3.19759663e+00 -3.58886944e-01 -1.23832958e-02  9.98903363e+00
  3.39279534e+02] 9.995486281469267
[-3.22428718e+00 -1.65363986e-02 -2.04397881e-02  9.78023493e+00
  3.34608546e+02] 9.780270266862724
[-3.22925936e+00  6.39120063e-02 -5.41578675e-03  1.00407419e+01
  3.39515226e+02] 10.040946789881305
[-3.16460083e+00  2.41079152e-01  2.94547456e-01  9.64656089e+00
  3.36035077e+02] 9.65406724014402
[-3.18683035e+00 -1.18526038e-01 -1.31253948e-01  1.01800237e+01
  3.39977108e+02] 10.181559754960524
[-3.15084985e+00  4.85291642e-02  9.00259125e-03  9.93979402e+00
  3.36474185e+02] 9.939916564405271
[-3.23182666e+00  1.66586006e-01  1.49034341e-01  1.01597688e+01
  3.39419258e+02] 10.162227332386093
[-3.20620097e+00  8.19346061e-02  7.50799247e-02  1.00806536e+01
  3.38678671e+02] 10.081266192471556
[-3.21078085e+00  7.04420386e-02  1.50516240e-01  1.03348654e+01
  3.40383548e+02] 10.336201440632594
[-3.14579674e+00  1.52986448e-01  2.10931898e-02  9.91696443e+00
  3.38769127e+02] 9.918166827736252
[-3.18111022e+00 -1.50156919e-01  2.04360758e-01  9.95800581e+00
  3.38790168e+02] 9.96123436711032
[-3.17935285e+00 -2.33425780e-01  8.16162791e-02  1.02747595e+01
  3.40895743e+02] 10.277734783252336
[-3.15447371e+00  1.13456484e-01 -6.89906302e-02  1.01282437e+01
  3.40114535e+02] 10.12911408508483
[-3.23395716e+00 -7.24052273e-03 -2.59587314e-01  9.96241213e+00
  3.35800527e+02] 9.965796177605576
[-3.24398065e+00  2.81492633e-01  9.06909935e-02  1.01543792e+01
  3.38732180e+02] 10.158684994344725
[-3.23529174e+00 -2.19224272e-02 -6.80416029e-02  1.03180793e+01
  3.39435934e+02] 10.318326900529883
[-3.18660869e+00 -1.33641320e-01 -9.04501588e-02  1.00921081e+01
  3.37667505e+02] 10.09339821686445
[-3.22485945e+00 -2.61151616e-02  2.58826419e-01  1.03373745e+01
  3.39181531e+02] 10.3406472028742
[-3.18858303e+00 -1.40274878e-01 -3.85562142e-01  9.93900413e+00
  3.38079522e+02] 9.947468942810044
[-3.23832722e+00 -1.93407933e-01 -5.41660944e-03  1.00407795e+01
  3.38182345e+02] 10.042643556745512
[-3.17417614e+00  2.71309069e-01 -1.20180723e-01  1.00178775e+01
  3.37438257e+02] 10.022271265670998
[-3.22633240e+00  1.72111340e-01 -3.52874169e-01  9.95216200e+00
  3.37395099e+02] 9.95990315661971
[-3.19965290e+00  1.02307307e-01  5.21368025e-02  9.84814501e+00
  3.38055640e+02] 9.848814402995073
[-3.15334891e+00  9.49186556e-02 -1.90875564e-01  1.00922148e+01
  3.39449362e+02] 10.094465947333273
[-3.24285966e+00 -5.06684187e-02  6.05737950e-02  1.02119369e+01
  3.40114306e+02] 10.212242269930321
[-3.16564232e+00 -8.92716666e-02 -7.91677971e-02  1.01031716e+01
  3.39992666e+02] 10.103876141994803
[-3.13617200e+00 -2.45684245e-02 -6.72035924e-02  1.00017847e+01
  3.40234972e+02] 10.002040669997067
[-3.11664799e+00  1.21158896e-01 -2.54484862e-02  1.00974899e+01
  3.39025287e+02] 10.09824880305703
[-3.16376631e+00 -2.49377181e-01 -2.52382440e-02  9.84834449e+00
  3.35453162e+02] 9.851533644691926
[-3.23843985e+00 -2.57346466e-02  5.90394531e-03  1.00441122e+01
  3.38577422e+02] 10.044146934940992
[-3.14517419e+00 -1.11686322e-01 -6.98353830e-02  9.97087807e+00
  3.37775947e+02] 9.971748103348045
[-3.18802207e+00  2.03397457e-01 -6.11840034e-03  1.01091622e+01
  3.37276415e+02] 10.111210006082134
[-3.23680808e+00 -5.67973514e-03 -2.25559711e-01  1.01779400e+01
  3.38307021e+02] 10.1804406917348
[-3.18744701e+00  2.36719619e-01  2.14408597e-01  1.03769131e+01
  3.42105557e+02] 10.38182699977656
[-3.28435729e+00 -1.33312888e-01 -5.34060640e-02  9.95010076e+00
  3.37640356e+02] 9.951137102608008
[-3.18919748e+00 -1.27222084e-01  3.60485143e-02  9.97565342e+00
  3.39272083e+02] 9.976529762440224
[-3.23336325e+00  1.86694499e-01 -9.68495995e-02  1.04036437e+01
  3.40598097e+02] 10.405769422429243
[-3.23841469e+00  9.03633177e-02 -1.48174442e-01  9.70647131e+00
  3.36251751e+02] 9.708022785715377
[-3.18056000e+00 -1.27629210e-01  1.23711081e-01  1.01219759e+01
  3.39534258e+02] 10.12353639004938
[-3.23132562e+00  7.02633780e-02  4.69424846e-01  1.01220504e+01
  3.38011147e+02] 10.133173271944965
[-3.23124600e+00  5.45659544e-02 -1.97763556e-02  9.93209551e+00
  3.39322811e+02] 9.932265091487603
[-3.21817897e+00 -8.10033305e-02  1.28745354e-01  9.98979977e+00
  3.38371742e+02] 9.990957728118595
[-3.24107441e+00 -1.47482819e-01  1.16321335e-01  9.98568180e+00
  3.37547572e+02] 9.987448267168684
[-3.14571607e+00  2.92175093e-01  1.47643340e-01  1.00751494e+01
  3.39242632e+02] 10.080466262378252
[-3.28838740e+00 -2.18562141e-03  2.74920014e-01  1.00683178e+01
  3.39340080e+02] 10.072070770680519
[-3.16846881e+00 -7.26049149e-02 -1.69690792e-01  9.94965867e+00
  3.38426943e+02] 9.951370464796412
[-3.19007326e+00  3.42286413e-02  1.10916146e-01  1.00722743e+01
  3.39966737e+02] 10.072943136902628
[-3.18135319e+00  2.35351449e-01 -1.27528134e-01  1.01086638e+01
  3.37766849e+02] 10.112207345782915
[-3.21537000e+00 -3.10176606e-01 -3.27566454e-01  9.74853601e+00
  3.37344216e+02] 9.75896837111896
[-3.10718886e+00 -9.78302395e-02 -1.53393497e-01  1.01947918e+01
  3.41193020e+02] 10.19641511050991
[-3.18000224e+00 -1.91726871e-01 -3.25632409e-01  1.00247054e+01
  3.36720068e+02] 10.03182501166178
[-3.17852670e+00  1.91577969e-01  1.33415872e-01  9.77877900e+00
  3.35137509e+02] 9.781565349487561
[-3.19385874e+00  1.77354088e-01  5.17350487e-02  1.00330574e+01
  3.40211353e+02] 10.034758156835277
[-3.21143869e+00 -1.79815979e-01 -1.17335255e-01  1.02107800e+01
  3.40337415e+02] 10.213037254784547
[-3.17269282e+00  2.61850776e-02 -4.35633170e-01  9.91006725e+00
  3.38782362e+02] 9.919672108265678
[-3.18627528e+00  1.14394755e-01 -2.54956991e-01  1.01280045e+01
  3.40280771e+02] 10.131858895157055
[-3.15967802e+00 -1.28019619e-01 -1.90713760e-01  1.01715637e+01
  3.37337350e+02] 10.174156873529926
[-3.23782503e+00  3.84536971e-02  2.03338466e-01  1.02811574e+01
  3.40532915e+02] 10.283239936418058
[-3.17759669e+00 -5.73128929e-02  1.11620820e-01  9.95889125e+00
  3.35489239e+02] 9.959681671582048
[-3.19992088e+00  9.75708818e-03 -4.40090872e-02  9.93818561e+00
  3.36910203e+02] 9.938287839895729
[-3.22848958e+00  7.69749486e-02 -1.73006076e-01  9.96285761e+00
  3.37603727e+02] 9.964656944408505
[-3.18647497e+00 -3.90126783e-02 -3.27210578e-01  1.01931539e+01
  3.42063503e+02] 10.19847902928
[-3.20430457e+00 -5.42246572e-02  5.84652727e-03  1.03618494e+01
  3.42684048e+02] 10.361992972434889
[-3.13351999e+00 -2.53521041e-01  1.52822639e-01  1.00249705e+01
  3.40235152e+02] 10.029340038037061
[-3.29446729e+00 -6.72633705e-02  1.87473704e-01  1.03848021e+01
  3.41839728e+02] 10.386711923554655
[-3.15063724e+00  4.32415767e-01 -5.77561253e-02  9.82490318e+00
  3.34696675e+02] 9.834583959952894
[-3.28376566e+00 -1.34788198e-01  2.08359546e-01  1.00112863e+01
  3.36911867e+02] 10.014361464564754
[-3.14413787e+00  9.49804031e-02  7.62513882e-02  1.01826575e+01
  3.42580561e+02] 10.183385956634927
[-3.18585792e+00 -3.49917736e-02 -1.24386383e-01  1.02323786e+01
  3.41971012e+02] 10.233194424608461
[-3.23666789e+00  1.77414576e-01 -1.04997420e-01  1.01766076e+01
  3.37951710e+02] 10.17869551036222
[-3.10533325e+00  1.08548871e-01  2.38462661e-01  1.01104695e+01
  3.40216203e+02] 10.113863821911085
[-3.19502645e+00 -1.08783336e-01 -4.45659486e-02  1.01778406e+01
  3.41359430e+02] 10.178519537644915
[-3.20165554e+00 -5.85965280e-02 -1.70618773e-01  9.91509002e+00
  3.39792114e+02] 9.916731034454898
[-3.20141587e+00  2.77776432e-02 -9.59417267e-02  9.86998199e+00
  3.37478565e+02] 9.870487364014803
[-3.21886876e+00 -3.03851724e-02  5.61745052e-03  9.82394922e+00
  3.36613665e+02] 9.823997818987698
[-3.19759803e+00  1.91288716e-02  2.24473549e-01  1.01005136e+01
  3.40275502e+02] 10.10302572729876
[-3.25243665e+00 -1.66221378e-01  2.87468434e-01  1.01010573e+01
  3.38411612e+02] 10.106514002202331
[-3.14146512e+00 -1.84622995e-01  1.06982632e-01  1.01472696e+01
  3.39519135e+02] 10.149512841896282
[-3.14133414e+00 -3.69055147e-02  2.49413954e-01  1.01040916e+01
  3.41317467e+02] 10.10723688285414
[-3.24463810e+00 -1.26680161e-01  3.10487965e-01  1.00036258e+01
  3.36982711e+02] 10.009244699726603
[-3.18670112e+00 -3.46534287e-01 -5.72860763e-02  1.00885037e+01
  3.40120343e+02] 10.09461610089945
[-3.21310421e+00  1.49367988e-01 -8.59054131e-02  1.01888567e+01
  3.38934896e+02] 10.190313635422598
[-3.18030915e+00  1.99071448e-01  1.07412381e-01  1.00753062e+01
  3.38385351e+02] 10.077845111265049
[-3.23973327e+00 -2.78489726e-01 -1.05470144e-01  1.01459883e+01
  3.39047176e+02] 10.15035760666291
[-3.18584082e+00  1.43652514e-02 -2.73007570e-01  9.95259203e+00
  3.38544116e+02] 9.956346100952222
[-3.23625728e+00  2.04619414e-01 -2.36367683e-01  1.01910639e+01
  3.38178700e+02] 10.195858086901357
[-3.25378550e+00 -1.67284013e-01  2.18016678e-01  1.01656063e+01
  3.38194171e+02] 10.169319845579583
[-3.23822583e+00  3.19008996e-02  1.26002209e-01  1.01977335e+01
  3.38392002e+02] 10.1985618207984
[-3.18135068e+00 -3.99968575e-01 -1.39535570e-02  1.01252998e+01
  3.39619874e+02] 10.133206079429081
[-3.16872958e+00  3.31322875e-01 -2.35007859e-01  9.71629228e+00
  3.34560291e+02] 9.724779652117958
[-3.27919148e+00 -8.28634783e-02 -1.21737297e-02  1.02610221e+01
  3.39291914e+02] 10.261363855620976
[-3.25775845e+00  4.60442777e-02 -3.30964782e-01  1.02830914e+01
  3.40710686e+02] 10.288519170125442
[-3.26268550e+00 -2.50242660e-01 -9.90308605e-02  1.02560750e+01
  3.37081961e+02] 10.259605402790719
[-3.20553641e+00 -1.08785659e-01  2.33675146e-01  1.00697462e+01
  3.39304438e+02] 10.073044562786256
[-3.19952450e+00 -1.39355324e-01  5.50762007e-02  9.99708454e+00
  3.37640206e+02] 9.998207472889133
[-3.19203010e+00 -5.23779231e-02 -2.08069656e-01  1.02884154e+01
  3.40969147e+02] 10.2906524655358
[-3.21830135e+00 -1.18069980e-02  6.68084612e-02  1.01680470e+01
  3.39611232e+02] 10.168273344983406
[-3.23487227e+00  3.95831552e-02  7.79198174e-02  1.00662214e+01
  3.38971059e+02] 10.066600821062192
[-3.15979329e+00 -5.44379600e-02 -3.04184541e-01  1.02124335e+01
  3.40275762e+02] 10.217107649830165
[-3.21899485e+00  2.58125962e-01 -6.85494110e-02  9.90970291e+00
  3.36912856e+02] 9.913301155030428
[-3.16186556e+00  2.74070889e-02  1.06468959e-01  9.91061325e+00
  3.36876989e+02] 9.911223023889505
[-3.23219163e+00 -1.47076508e-01  3.47354540e-02  1.02550387e+01
  3.41575990e+02] 10.256152104602181
[-3.28777089e+00  1.89089248e-01  2.78382632e-01  1.02711600e+01
  3.40515235e+02] 10.276671653712517
[-3.15664546e+00 -2.28508562e-02 -2.52879619e-01  1.01947677e+01
  3.40141705e+02] 10.19792910839623
[-3.14656794e+00  2.68141512e-01  2.06843156e-01  9.90145602e+00
  3.36875675e+02] 9.907245594945982
[-3.30492455e+00  7.62310345e-02  1.80988272e-01  9.99163457e+00
  3.36714948e+02] 9.99356439189708
[-3.17204742e+00  2.45667030e-01 -4.89490215e-03  1.03080640e+01
  3.42369151e+02] 10.31099217595415
[-3.23806991e+00  9.87698273e-02 -8.81714534e-02  1.01731277e+01
  3.38233140e+02] 10.173989238022973
[-3.19346865e+00 -1.00471684e-01  1.17015790e-01  9.72892699e+00
  3.36270285e+02] 9.730149419060279
[-3.15536796e+00 -4.65513363e-02 -1.25048214e-01  1.00569784e+01
  3.39375437e+02] 10.0578635436689
[-3.21708600e+00 -1.32474748e-02 -5.57300039e-02  9.91153644e+00
  3.38628979e+02] 9.911701973362474
[-3.24140745e+00  2.69306731e-01 -5.52631239e-03  1.02355737e+01
  3.37408638e+02] 10.239117422818925
[-3.19039069e+00  5.00993776e-02  1.83993292e-01  1.00537092e+01
  3.38689130e+02] 10.05551751823165
[-3.20835814e+00 -3.23332548e-02  3.37634559e-01  1.02114743e+01
  3.39594412e+02] 10.217105772044258
[-3.09677028e+00  2.38763148e-01 -2.49847244e-01  9.74760581e+00
  3.36458935e+02] 9.753730081288182
[-3.20008814e+00  1.37172243e-01  9.00885319e-02  1.01545587e+01
  3.37745815e+02] 10.155884754970495
[-3.25758638e+00  2.08673917e-02 -9.77957184e-02  1.00341216e+01
  3.37504122e+02] 10.034619868981213
[-3.26163217e+00  3.36251661e-02 -1.74733517e-01  1.00607620e+01
  3.39012997e+02] 10.062335449512759
[-3.18413872e+00  4.19038653e-02 -2.08361895e-01  1.00813435e+01
  3.39685025e+02] 10.083583565901739
[-3.18785840e+00  1.85516481e-01 -1.55184303e-01  9.95699654e+00
  3.38508555e+02] 9.959933663353311
[-3.11837659e+00 -8.54958117e-02  5.13596391e-03  9.98033988e+00
  3.38656242e+02] 9.980707396074678
[-3.20545884e+00 -3.45637824e-03  9.52678449e-02  9.96327654e+00
  3.38294786e+02] 9.963732601468555
[-3.22132384e+00 -2.36245791e-01 -1.52055808e-01  1.00262636e+01
  3.37186619e+02] 10.030199182371787
[-3.21952225e+00 -1.68910990e-01  1.79805561e-01  1.02690702e+01
  3.40557567e+02] 10.272033040985974
[-3.27133441e+00  5.14426910e-02 -3.29700240e-01  1.03417016e+01
  3.41981903e+02] 10.347083652384303
[-3.20534070e+00  2.70226707e-01 -1.22986407e-01  9.97927873e+00
  3.36439272e+02] 9.983694309304886
[-3.19725560e+00 -1.28531737e-01  1.26539257e-01  1.03995792e+01
  3.41406323e+02] 10.401143262264053
[-3.22715743e+00 -6.90118873e-02 -6.65783460e-02  9.96988216e+00
  3.36228608e+02] 9.970343302768711
[-3.19071769e+00 -1.93951814e-02 -7.43952944e-02  1.02520320e+01
  3.38051247e+02] 10.252320274852197
[-3.14413603e+00 -1.06505403e-01  3.52380941e-01  1.02789288e+01
  3.41088216e+02] 10.28551857201743
[-3.19441561e+00 -3.82282248e-01 -1.51763138e-01  1.00760042e+01
  3.40154988e+02] 10.084395508080632
[-3.24237636e+00  1.43133207e-01  1.08579075e-01  1.01819619e+01
  3.39210903e+02] 10.183546735623306
[-3.21270530e+00  9.28843040e-03 -1.65436394e-01  1.02496215e+01
  3.38848666e+02] 10.250960764370754
[-3.15276252e+00  7.12755292e-02  2.45802186e-01  1.00838168e+01
  3.38245565e+02] 10.087064051182587
[-3.19934940e+00  4.34755236e-02  4.99694542e-02  1.02546416e+01
  3.39210911e+02] 10.254855538604552
[-3.20654068e+00 -7.77064526e-02  1.50586565e-01  9.95401675e+00
  3.38035373e+02] 9.955459009385896
[-3.22162951e+00  9.06583755e-02 -2.07206519e-02  9.87947063e+00
  3.37415925e+02] 9.879908311639035
[-3.26817806e+00 -3.92791768e-02  2.75795379e-02  1.03066243e+01
  3.40680537e+02] 10.306736071587336
[-3.22293678e+00  2.94839305e-02  4.62057682e-02  9.89575617e+00
  3.37685984e+02] 9.89590796839771
[-3.20890888e+00  3.95634101e-02 -1.63295898e-01  1.02448342e+01
  3.37536768e+02] 10.246211928032176
[-3.16993465e+00  7.90354302e-02  1.60156368e-01  1.03244531e+01
  3.42823975e+02] 10.32599769264617
[-3.16342995e+00  2.80769008e-02  2.87320587e-01  1.00926041e+01
  3.39032431e+02] 10.096732092770647
[-3.17452846e+00 -5.16566351e-03  2.12952461e-01  1.00454406e+01
  3.38744735e+02] 10.04769882027779
[-3.17293559e+00 -2.06330767e-01 -2.47674482e-02  9.96272995e+00
  3.36265687e+02] 9.964897085468415
[-3.28713511e+00 -2.27219673e-01 -4.84246702e-02  1.02186845e+01
  3.38223506e+02] 10.221325050349467
[-3.29435943e+00  3.34261076e-02  1.54956991e-02  9.88647438e+00
  3.34324541e+02] 9.88654302745281
[-3.24712278e+00 -1.78634835e-01  6.55861131e-02  1.01060277e+01
  3.39201603e+02] 10.107819165940024
[-3.14469352e+00 -2.37091649e-01  2.36958223e-01  1.01642979e+01
  3.42390723e+02] 10.169823704958715
[-3.15771090e+00 -9.71624872e-02 -1.47622646e-02  1.00247743e+01
  3.39677895e+02] 10.025255993372113
[-3.20776427e+00  1.97757956e-01  8.02467646e-02  1.02079682e+01
  3.39232050e+02] 10.21019894585757
[-3.18108351e+00  1.21876009e-02  5.15927428e-02  1.05559853e+01
  3.45129237e+02] 10.556118463939493
[-3.26395792e+00 -8.79918495e-02  3.85351846e-01  1.00606238e+01
  3.37225166e+02] 10.068385689866906
[-3.26126154e+00  6.40007228e-02  1.30500118e-02  1.03565226e+01
  3.41242732e+02] 10.356728559167044
[-3.33223280e+00 -7.58986532e-02 -1.55812780e-01  1.02635685e+01
  3.35635708e+02] 10.26503176964301
[-3.18945994e+00  1.34768696e-01  2.87963676e-02  9.89356920e+00
  3.37616180e+02] 9.894528955891728
[-3.29461434e+00 -8.30426050e-02  5.13183096e-02  1.00313978e+01
  3.37653466e+02] 10.03187281170858
[-3.24347059e+00 -4.53002421e-01 -1.88592657e-02  1.03683211e+01
  3.42018635e+02] 10.37822962357113
[-3.15449016e+00  9.82149542e-02 -4.51442696e-02  9.92273650e+00
  3.38045717e+02] 9.923325245481168
[-3.15303268e+00  1.54132950e-01 -1.94587282e-02  9.78060644e+00
  3.38703674e+02] 9.781840216732137
[-3.19839582e+00  1.08769744e-01 -3.62835578e-01  1.01490268e+01
  3.39734777e+02] 10.15609304784149
[-3.23147264e+00  8.70429702e-02  6.76475662e-03  9.95720458e+00
  3.38780031e+02] 9.957587323144866
[-3.20777497e+00  5.35297930e-02 -6.65308703e-02  1.01881136e+01
  3.40242246e+02] 10.18847142759303
[-3.22412188e+00 -6.96178009e-02 -1.90743343e-01  9.77609696e+00
  3.37227669e+02] 9.778205425255544
[-3.17097641e+00  9.01793899e-02  1.15731523e-01  1.00231245e+01
  3.38639252e+02] 10.02419823021817
[-3.22872444e+00  1.80354308e-01 -1.04732879e-01  9.81011940e+00
  3.35564763e+02] 9.812336078692196
[-3.17721278e+00 -1.95239777e-01 -3.06008790e-01  9.94825038e+00
  3.38104976e+02] 9.954870447906762
[-3.18657943e+00 -1.41720612e-01  2.57380965e-01  1.00674085e+01
  3.40789932e+02] 10.071695219177826
[-3.16385726e+00  2.58248521e-01  8.86617674e-02  9.93223551e+00
  3.37682157e+02] 9.935987894170376
[-3.14922807e+00  9.95183043e-02  1.90803147e-01  1.00608961e+01
  3.40810313e+02] 10.063197275012367
[-3.12209457e+00  5.43659743e-02  1.06235492e-01  9.56786062e+00
  3.35418522e+02] 9.568604839161758
[-3.21138881e+00 -4.35754024e-03  2.34124558e-02  1.01685805e+01
  3.40086108e+02] 10.168608396745888
[-3.21783674e+00  1.00478008e-02  1.10547521e-01  1.00519449e+01
  3.39050661e+02] 10.052557745050686
[-3.16937157e+00 -7.20449145e-03 -3.09016894e-01  1.01250371e+01
  3.39531344e+02] 10.129754219141057
[-3.11786889e+00 -2.59205778e-01  2.53798607e-01  9.90803462e+00
  3.37368651e+02] 9.914673542823607
[-3.24179630e+00 -9.72357049e-02 -9.37946275e-02  9.92790451e+00
  3.38982960e+02] 9.928823702989105
[-3.15662879e+00 -3.61062991e-01 -7.20863906e-02  9.90155560e+00
  3.38704229e+02] 9.90839877030355
[-3.26741525e+00  2.98361186e-01  4.09996921e-02  1.01998132e+01
  3.39175444e+02] 10.204258414984164
[-3.15018451e+00 -9.14541183e-02  1.08967717e-01  1.00948247e+01
  3.37334987e+02] 10.095827071377785
[-3.23164880e+00 -6.59479920e-02  2.85200743e-01  1.01110121e+01
  3.38795146e+02] 10.115248580287778
[-3.23099509e+00  2.79063045e-02  1.55236059e-01  9.99477046e+00
  3.38692860e+02] 9.996014880832687
[-3.18730863e+00 -1.63917452e-01  2.59748412e-01  1.01187317e+01
  3.39943714e+02] 10.123392206134886
[-3.17921868e+00 -7.09005097e-02 -1.13252411e-01  1.00845848e+01
  3.39216215e+02] 10.085469882678424
[-3.22260656e+00 -5.43585838e-02 -1.50684001e-01  1.03993238e+01
  3.41601116e+02] 10.400557494569624
[-3.28044473e+00  2.31773064e-01 -2.87867154e-01  1.01995831e+01
  3.38246352e+02] 10.206276579707731
[-3.13441326e+00  1.33612823e-02 -3.18593991e-02  9.89960846e+00
  3.37773405e+02] 9.899668745481677
[-3.24473560e+00 -2.96844822e-01  1.58758525e-02  1.00508214e+01
  3.37753917e+02] 10.055216579269738
[-3.20942625e+00  1.51710844e-02 -2.77155194e-01  1.00091004e+01
  3.37835973e+02] 10.012948397255979
[-3.36020568e+00  2.60311514e-01  1.01384401e-01  9.98895269e+00
  3.36800765e+02] 9.992858281465203
[-3.21293624e+00  9.56275682e-03  3.94027436e-01  9.83056426e+00
  3.35612859e+02] 9.83846241748739
[-3.25361053e+00  2.25270071e-01 -1.26537980e-01  9.95882574e+00
  3.36794266e+02] 9.962176895145706
[-3.18956224e+00 -1.67109637e-02 -8.76894820e-02  1.00874979e+01
  3.39304378e+02] 10.08789290139994
[-3.22626233e+00 -6.00729068e-02 -4.12405419e-02  1.01362092e+01
  3.37813381e+02] 10.136471071777308
[-3.26665188e+00 -6.54843063e-02  7.84622747e-02  1.01479725e+01
  3.37523170e+02] 10.148487127251864
[-3.24798231e+00  2.97695870e-01  7.74055631e-02  1.01140307e+01
  3.40291912e+02] 10.118707035467557
[-3.26742721e+00 -3.44213527e-03 -1.81224085e-01  1.01104356e+01
  3.39006530e+02] 10.112060269950076
[-3.29833832e+00  4.46565872e-02  8.50378151e-02  9.95907886e+00
  3.36696209e+02] 9.959542025109922
[-3.21032294e+00 -1.66906478e-01  4.46756855e-02  1.01317707e+01
  3.40323071e+02] 10.133243838816147
[-3.16400658e+00 -1.24458478e-01  1.90625010e-01  9.97651279e+00
  3.38224654e+02] 9.979109943333906
[-3.21661132e+00  5.65304439e-02  2.72275828e-01  1.00771169e+01
  3.37789346e+02] 10.08095305110094
[-3.22570324e+00 -9.49838636e-02  1.22420343e-01  9.84041287e+00
  3.37681732e+02] 9.841632693971123
[-3.24898579e+00  7.88025787e-02  1.98333900e-01  1.01519014e+01
  3.40869129e+02] 10.154144377922028
[-3.16080101e+00 -4.39564224e-02  2.48652951e-01  1.01436718e+01
  3.38099405e+02] 10.146814157268293
[-3.16506023e+00  6.60086073e-02  2.07779747e-01  1.01149597e+01
  3.39191164e+02] 10.117308870256483
[-3.26781750e+00  1.78559402e-03 -1.68437383e-02  1.04417170e+01
  3.41614196e+02] 10.441730759021217
[-3.27408909e+00  1.38878191e-01 -1.79775479e-01  1.03336369e+01
  3.40321869e+02] 10.336133623794087
[-3.23390758e+00 -2.02160193e-01  1.99019998e-01  9.91645242e+00
  3.35215847e+02] 9.920509381475732
[-3.22422547e+00 -2.01842516e-01  2.84981123e-02  1.00201197e+01
  3.38645674e+02] 10.022192902412435
[-3.23569667e+00  8.21132897e-02 -2.13548725e-01  9.67218376e+00
  3.35077805e+02] 9.674889375297338
[-3.17893055e+00 -3.18497874e-01 -1.40411075e-01  1.00545567e+01
  3.39580063e+02] 10.060579829417877
[-3.25197475e+00 -1.56890737e-01 -6.96539084e-02  9.84970981e+00
  3.37756757e+02] 9.851205490957446
[-3.16940203e+00 -1.97220676e-01  9.82107097e-02  1.01279919e+01
  3.40664940e+02] 10.130388051050494
[-3.22811934e+00 -3.86738225e-02  2.00134926e-01  1.01132447e+01
  3.38292125e+02] 10.115298705182948
[-3.20236558e+00 -1.27257189e-02 -4.99924814e-02  1.04236952e+01
  3.41789024e+02] 10.423822863611187
[-3.18404304e+00 -2.44580343e-01  6.34915007e-02  1.03347848e+01
  3.41565513e+02] 10.337873442139314
[-3.25975942e+00 -2.00156788e-01 -9.87537614e-02  9.92188816e+00
  3.35215852e+02] 9.924398201119672
[-3.23348966e+00 -1.33461265e-01  4.52836668e-02  1.02046457e+01
  3.39629968e+02] 10.205618883480135
[-3.25718038e+00  5.60892357e-02  2.71488241e-02  1.02580276e+01
  3.39998516e+02] 10.258216859227268
[-3.13098951e+00  9.90530763e-02 -2.15822936e-03  1.01182286e+01
  3.38895066e+02] 10.118713681637864
[-3.15776102e+00 -3.35768870e-02 -3.67689629e-02  9.94302641e+00
  3.38648755e+02] 9.943151083915238
[-3.29973304e+00 -1.29739864e-01  3.91199394e-02  1.03340909e+01
  3.39409341e+02] 10.33497935495707
[-3.19557554e+00  4.26637443e-03 -4.96420066e-02  1.00560618e+01
  3.39852353e+02] 10.056185208560816
[-3.15581467e+00  2.57366323e-01  2.33358751e-02  9.83321817e+00
  3.35992884e+02] 9.836613317005968
[-3.24788965e+00 -3.16962482e-01  2.51840951e-01  9.86039758e+00
  3.37989496e+02] 9.868704551527996
[-3.16934286e+00  2.55585476e-01  9.47534927e-02  1.00840996e+01
  3.37872543e+02] 10.087783007301393
[-3.17803608e+00  1.41640014e-01  8.15004457e-02  1.02807826e+01
  3.41321229e+02] 10.282081287069195
[-3.18579491e+00  2.09833314e-01  7.59572721e-02  1.02940573e+01
  3.40095496e+02] 10.296475870700315
[-3.21999999e+00  3.21830298e-01  4.07035153e-02  1.00742810e+01
  3.40273893e+02] 10.079502413272772
[-3.16409050e+00 -7.98050550e-02 -3.80690684e-03  9.87612144e+00
  3.36924297e+02] 9.876444608928912
[-3.13262911e+00  1.54868633e-01 -1.34202701e-01  1.00561570e+01
  3.39894218e+02] 10.058244746512127
[-3.18211056e+00  2.23257937e-01 -2.54373313e-01  1.01160452e+01
  3.38464912e+02] 10.1217054044303
[-3.17637296e+00 -1.89143068e-01 -1.29301001e-01  9.83662628e+00
  3.37407059e+02] 9.839294198740427
[-3.22075574e+00 -1.97528943e-01  1.24297072e-01  9.93236928e+00
  3.36265806e+02] 9.935110815854044
[-3.20426387e+00  1.61355078e-01 -1.75954167e-01  1.02714160e+01
  3.40828266e+02] 10.274190065948167
[-3.13514171e+00  1.13526248e-01  8.18382564e-02  1.02716403e+01
  3.40396793e+02] 10.272593625822426
[-3.10965854e+00  2.76214031e-02 -1.39812134e-01  9.83258064e+00
  3.36932361e+02] 9.833613399452787
[-3.18730884e+00  2.71142319e-01  1.02935199e-01  9.86368390e+00
  3.36875076e+02] 9.867946787264552
[-3.19962081e+00  1.22083906e-01 -1.62530967e-01  1.01264762e+01
  3.39061317e+02] 10.128516262147242
[-3.22034160e+00 -2.04672138e-01 -2.38674173e-02  1.02583822e+01
  3.38946841e+02] 10.260451544029666
[-3.21415363e+00 -1.01757137e-01 -1.64222122e-01  1.01795832e+01
  3.37961918e+02] 10.181416301190756
[-3.16437539e+00  8.16954102e-02  9.62901811e-04  9.79670002e+00
  3.36751785e+02] 9.797040694077875
[-3.08919720e+00 -4.68633112e-02 -1.50086471e-01  9.83410967e+00
  3.37359105e+02] 9.83536654237571
[-3.17060393e+00  1.29577160e-01 -8.24151825e-02  9.97666216e+00
  3.38952904e+02] 9.977843976271496
[-3.17446201e+00 -5.98901799e-02  6.17778476e-02  9.85754608e+00
  3.39007106e+02] 9.857921586939584
[-3.23578687e+00  1.61761345e-01  5.32609960e-02  1.01437487e+01
  3.40214790e+02] 10.145178253113547
[-3.28101363e+00  2.11097556e-01 -2.15508174e-02  1.01180677e+01
  3.37309781e+02] 10.12029248605579
[-3.18818942e+00 -2.21000114e-01  1.95084730e-01  9.89581522e+00
  3.37338253e+02] 9.900204949502001
[-3.19115674e+00  2.76499898e-02 -6.40775064e-02  1.02577323e+01
  3.40600322e+02] 10.257969673824189
[-3.24148638e+00 -2.26360041e-02  1.87860347e-01  1.00579901e+01
  3.39117768e+02] 10.059769828290012
[-3.18351841e+00 -3.04806830e-01  1.17447122e-01  1.00496787e+01
  3.39893665e+02] 10.054986018431483
[-3.22733456e+00  3.61672599e-01 -1.15422556e-01  1.02539401e+01
  3.39394355e+02] 10.260965737477823
[-3.11528766e+00 -9.66767459e-02 -6.79468973e-03  1.02197052e+01
  3.40046728e+02] 10.220164742694982
[-3.06922009e+00  1.85902354e-01  1.11610041e-01  1.03478428e+01
  3.43579347e+02] 10.350114369213975
[-3.17335016e+00  9.94555369e-02  3.05416341e-01  1.00280688e+01
  3.39579863e+02] 10.033211577477804
[-3.18494566e+00 -5.24856778e-02  3.33249124e-02  9.92382968e+00
  3.35838041e+02] 9.924024424298622
[-3.13595099e+00 -2.46099605e-02 -1.96897993e-01  9.83547842e+00
  3.36530430e+02] 9.837479868832993
[-3.16399975e+00 -1.35049435e-01 -9.53605952e-02  1.01234121e+01
  3.40435112e+02] 10.124761983896905
[-3.24448224e+00 -7.20419697e-02  2.27831900e-01  9.86916688e+00
  3.37472164e+02] 9.872059177967945
[-3.22099685e+00 -1.64037907e-01  1.34583779e-01  1.00896762e+01
  3.39787700e+02] 10.091907019265768
[-3.22032646e+00  8.45677848e-02  5.41258573e-02  9.79739917e+00
  3.36052538e+02] 9.79791364692543
[-3.19409999e+00  1.76747243e-01  2.65521689e-01  9.94677831e+00
  3.35883948e+02] 9.951891281978309
[-3.17465983e+00  2.29158589e-02 -1.63585668e-01  9.77496964e+00
  3.35293913e+02] 9.776365219911414
[-3.17991497e+00 -9.75102118e-02  3.10081265e-01  1.02584458e+01
  3.39315025e+02] 10.263594373945386
[-3.25605302e+00  1.52294772e-01 -5.92595984e-02  1.01967090e+01
  3.39196634e+02] 10.198018431583648
[-3.19294994e+00 -2.50939263e-01 -2.05370938e-03  9.87030757e+00
  3.36544090e+02] 9.873497162478241
[-3.20179486e+00  1.25317715e-02  2.61495339e-01  9.82816198e+00
  3.35248817e+02] 9.831648121774403
[-3.24390779e+00 -1.55965427e-02 -9.90160045e-02  1.02477994e+01
  3.38505286e+02] 10.24828959894794
[-3.20710005e+00 -1.49689451e-01  1.35706269e-01  1.00473783e+01
  3.39833126e+02] 10.049409665884973
[-3.23339126e+00  2.17432131e-01 -1.64326717e-02  1.03364012e+01
  3.40361288e+02] 10.338700872235938
[-3.16331397e+00 -1.34860302e-01 -9.35423236e-02  9.84486204e+00
  3.37225303e+02] 9.846230043752756
[-3.23318360e+00 -2.92003834e-02  7.34531889e-02  9.84470047e+00
  3.35557348e+02] 9.845017797362711
[-3.28265723e+00  1.18495624e-01 -3.15264330e-01  1.02999959e+01
  3.40163793e+02] 10.30550089811373
[-3.20096867e+00 -3.27810296e-02 -2.18174740e-02  1.01024894e+01
  3.39480372e+02] 10.10256614978818
[-3.19832544e+00 -5.96185754e-02  8.96656157e-02  9.76740233e+00
  3.36414587e+02] 9.76799583269366
[-3.18933375e+00 -1.50102813e-01 -1.08799548e-02  9.80659637e+00
  3.37441033e+02] 9.807751098179597
[-3.15136208e+00  8.72580911e-02 -1.66089550e-01  1.01294385e+01
  3.38842836e+02] 10.131175886117557
[-3.21504977e+00  1.99299755e-01 -2.43338385e-02  1.02348412e+01
  3.38729059e+02] 10.236810338157866
[-3.17473957e+00 -2.14284431e-01  1.60137971e-02  1.02800638e+01
  3.38747846e+02] 10.282309371458538
[-3.18535319e+00  1.30156365e-01 -1.39170693e-01  9.96936077e+00
  3.38062156e+02] 9.971181642794042
[-3.16834995e+00  6.11942885e-02  8.96805138e-02  9.82408704e+00
  3.37389176e+02] 9.824686937537523
[-3.18586173e+00  1.85173987e-02 -7.46240715e-02  1.00200726e+01
  3.37620269e+02] 10.020367561685068
[-3.13860209e+00  2.01164760e-01  2.18832497e-01  9.86557464e+00
  3.37439444e+02] 9.870051566201038
[-3.18231623e+00  1.18092308e-01 -7.18133187e-02  1.01024785e+01
  3.41204674e+02] 10.103423946231393
[-3.15672487e+00  2.50206858e-01 -4.72199261e-02  1.00717859e+01
  3.40053887e+02] 10.075003946913604
[-3.17389174e+00 -1.23585168e-01  3.80554261e-02  9.74504885e+00
  3.36364059e+02] 9.745906763912032
[-3.17812118e+00  1.29674787e-01  2.72364943e-01  9.96165362e+00
  3.38821607e+02] 9.966219999262922
[-3.20657079e+00  9.61430811e-02  2.09127029e-01  1.01268575e+01
  3.39442034e+02] 10.12947282151802
[-3.23115199e+00 -7.42978704e-02  3.04026577e-02  1.04443331e+01
  3.41312173e+02] 10.444641651082021
[-3.18943226e+00 -2.87013508e-02 -3.22496835e-02  1.00221378e+01
  3.39143993e+02] 10.0222308295787
[-3.14778619e+00 -2.25012608e-01  2.29938699e-01  1.01216922e+01
  3.39751637e+02] 10.126803825877545
[-3.14760128e+00 -8.93562388e-02 -5.65249890e-02  1.00623640e+01
  3.38275160e+02] 10.062919533753185
[-3.19754251e+00 -1.55839434e-01  9.78817360e-02  1.00575967e+01
  3.40039327e+02] 10.059280162903693
[-3.20242894e+00 -5.58761085e-03  1.25806216e-01  1.00117635e+01
  3.39046089e+02] 10.012555437579831
[-3.24820035e+00 -1.24172652e-01  1.90435351e-01  1.02551457e+01
  3.37469097e+02] 10.257665281117475
[-3.25331176e+00 -1.01772067e-01  3.64199267e-02  9.77625460e+00
  3.34107918e+02] 9.776852147126757
[-3.22294027e+00 -1.40685283e-03 -2.07998652e-01  9.80567274e+00
  3.35442911e+02] 9.807878633524004
[-3.17189181e+00 -3.83750999e-01 -2.46195919e-01  1.02565704e+01
  3.40493113e+02] 10.266699300453565
[-3.20608664e+00 -1.02934014e-01  1.29393371e-02  1.00577558e+01
  3.38849409e+02] 10.058290874509819
[-3.21017252e+00 -1.77767860e-01  1.36641980e-01  1.02599014e+01
  3.40392992e+02] 10.262351064470783
[-3.25368811e+00 -4.58866463e-02 -2.29605637e-01  1.02111789e+01
  3.40304409e+02] 10.213863074017508
[-3.25667149e+00  2.22334957e-01  2.57074816e-01  1.00629476e+01
  3.39008313e+02] 10.06868584607332
[-3.22751343e+00  1.52596168e-01 -2.58304645e-02  9.90696190e+00
  3.38756345e+02] 9.908170714236642
[-3.15218606e+00  4.67489814e-02  8.41706069e-02  1.01203789e+01
  3.38827615e+02] 10.120836929162273
[-3.18759722e+00 -9.66883923e-02 -5.84059648e-03  1.01479584e+01
  3.38339784e+02] 10.148420646621984
[-3.24583163e+00  2.28182924e-01 -2.47708555e-02  1.02704680e+01
  3.40558173e+02] 10.27303234327959
[-3.16662622e+00 -1.84798143e-01  2.01705819e-01  9.90401570e+00
  3.37476742e+02] 9.907793027205015
[-3.17331067e+00 -1.75597959e-01 -1.72091141e-01  9.69397208e+00
  3.37223599e+02] 9.697089492703487
[-3.22990954e+00  2.57743107e-01 -3.71194075e-02  1.02459783e+01
  3.41377749e+02] 10.249286884941212
[-3.15587103e+00  2.85625423e-01  4.30578585e-03  9.70929289e+00
  3.37390446e+02] 9.713494161514753
[-3.30641347e+00  1.43061809e-01 -1.56624432e-01  1.02983933e+01
  3.40484982e+02] 10.300577766742178
[-3.18727221e+00 -1.01609498e-01  2.37004849e-01  1.01410200e+01
  3.40426341e+02] 10.144298056794453
[-3.13261002e+00 -1.42984925e-01  3.43171993e-01  9.80943738e+00
  3.37347123e+02] 9.816479681103887
[-3.23723555e+00  3.46891105e-01 -9.19399628e-02  1.00001218e+01
  3.37783052e+02] 10.006558982417678
[-3.20464552e+00 -1.83699020e-01 -8.73150188e-02  9.97310427e+00
  3.39108923e+02] 9.975178099772721
[-3.18630613e+00  1.46147991e-01 -2.31449535e-01  9.95808555e+00
  3.37822049e+02] 9.961847015192784
[-3.21572273e+00  1.26138609e-01 -2.11173050e-01  1.00447540e+01
  3.39943327e+02] 10.04776530102943
[-3.15243535e+00  1.59128796e-02 -8.67752115e-02  1.01238708e+01
  3.39205858e+02] 10.12425518077827
[-3.21848631e+00 -4.45113158e-02  5.43116278e-02  9.99467947e+00
  3.36440272e+02] 9.994926145623019
[-3.17426400e+00  4.89149752e-02 -7.45630337e-02  9.89705604e+00
  3.38386451e+02] 9.897457786785637
[-3.18613001e+00 -2.38607077e-01 -3.17174030e-02  1.01699958e+01
  3.41365733e+02] 10.172843931760651
[-3.21783759e+00 -2.14497826e-01 -5.71675915e-02  1.01380061e+01
  3.37985723e+02] 10.14043616814561
[-3.18378995e+00 -1.72747902e-02  5.21030159e-02  9.93083313e+00
  3.36897744e+02] 9.930984835933316
[-3.19340381e+00 -3.61304213e-02  1.75835950e-01  9.89887514e+00
  3.36664909e+02] 9.900502645446522
