/mnt/stage/douwei/Simulation/5kt_root/2MeV/5kt_-10.80_1.root
[-3.27035965e+00  2.85558247e-01 -1.35701149e-01 -1.07754110e+01
  3.45182945e+02] 10.780048260359477
[-3.21202669e+00 -8.25373713e-02 -1.62006639e-01 -1.07483306e+01
  3.44770169e+02] 10.749868286936739
[-3.20915214e+00  3.99516835e-02 -8.57047436e-02 -1.06224259e+01
  3.41385641e+02] 10.622846726270561
[-3.18257376e+00  3.62363598e-02 -7.20938608e-02 -1.07478078e+01
  3.44002675e+02] 10.74811070046689
[-3.29341202e+00 -1.99321882e-01  1.78311509e-01 -1.09226944e+01
  3.44984250e+02] 10.925968002827009
[-3.25056320e+00 -2.34499554e-01 -2.32796834e-01 -1.08342627e+01
  3.44129889e+02] 10.839300372092682
[-3.29916979e+00 -7.09524608e-02 -1.62719812e-01 -1.08818330e+01
  3.45910306e+02] 10.88328086715009
[-3.19295917e+00  9.96543575e-02  2.76198713e-01 -1.06877975e+01
  3.45274435e+02] 10.691830174251239
[-3.25299482e+00 -1.96798282e-01 -4.17654495e-02 -1.08940231e+01
  3.43803240e+02] 10.89588054267654
[-3.23376006e+00  3.34941625e-02 -2.87605934e-02 -1.06593379e+01
  3.43203626e+02] 10.659429298760084
[-3.21993707e+00  4.60851481e-02  2.35325256e-01 -1.08541355e+01
  3.45422091e+02] 10.85678403714117
[-3.19969984e+00  7.12197384e-02 -2.57850578e-01 -1.07572440e+01
  3.41648057e+02] 10.760569601847921
[-3.27075576e+00  3.39430430e-02 -1.40740242e-01 -1.06198131e+01
  3.43254320e+02] 10.620799849922433
[-3.13937717e+00 -4.29158279e-02 -3.39615333e-02 -1.05109191e+01
  3.41881133e+02] 10.51106153430872
[-3.13409555e+00  3.30986848e-01 -2.39034879e-01 -1.08442031e+01
  3.44734997e+02] 10.851886012469713
[-3.23562648e+00 -5.17982327e-02  1.16457614e-01 -1.07290577e+01
  3.47004604e+02] 10.729814751438829
[-3.29941888e+00 -5.80992349e-02  3.78136423e-02 -1.08135790e+01
  3.46719848e+02] 10.813801187977026
[-3.24123976e+00 -1.03098628e-01 -2.53349604e-02 -1.07821507e+01
  3.41293470e+02] 10.782673391249475
[-3.22001628e+00  1.26333882e-01 -1.95950001e-01 -1.06537436e+01
  3.42301767e+02] 10.656294356994543
[-3.18149501e+00 -2.48918607e-01  6.39923433e-02 -1.09897697e+01
  3.46254404e+02] 10.992774652351454
[-3.30200648e+00  1.80758907e-01 -3.00597505e-01 -1.10869349e+01
  3.48334692e+02] 11.09248201211381
[-3.33182342e+00 -6.59122958e-02  2.88514788e-02 -1.06323146e+01
  3.41249422e+02] 10.632558019357768
[-3.27493143e+00  1.55852163e-01  2.80386557e-01 -1.10985632e+01
  3.46179225e+02] 11.103198292880993
[-3.21432337e+00  1.15978275e-01 -4.34966602e-02 -1.06465563e+01
  3.44473804e+02] 10.64727684645429
[-3.21730533e+00  9.23044345e-03 -1.33769867e-01 -1.07313897e+01
  3.47333580e+02] 10.732227343989143
[-3.22158166e+00  3.64128094e-01 -1.57633653e-01 -1.08718283e+01
  3.45101601e+02] 10.879066508391592
[-3.31766271e+00  1.54284198e-01 -2.66904164e-02 -1.08641443e+01
  3.44048783e+02] 10.865272498206771
[-3.19433494e+00  6.41674440e-02 -8.46360955e-02 -1.07975248e+01
  3.44130375e+02] 10.798047190886923
[-3.26557888e+00  1.31765157e-02 -9.16943636e-02 -1.09973965e+01
  3.48830236e+02] 10.997786682883069
[-3.29003701e+00 -7.37805351e-02  1.32406872e-02 -1.07357149e+01
  3.42891804e+02] 10.735976579661484
[-3.18299356e+00 -2.55401244e-01  1.97221464e-01 -1.07269716e+01
  3.44421501e+02] 10.731824006115804
[-3.16792888e+00  1.27600234e-01 -1.71937177e-01 -1.06989021e+01
  3.45330992e+02] 10.701044319761348
[-3.23450300e+00  1.52216132e-01 -5.35453683e-02 -1.11234868e+01
  3.49453855e+02] 11.124657112105501
[-3.24881550e+00  1.92875776e-01  2.98326642e-01 -1.06714432e+01
  3.42822036e+02] 10.677354541538639
[-3.18611498e+00  7.66394033e-03 -2.30005381e-02 -1.09696161e+01
  3.47564930e+02] 10.969642938229093
[-3.18684682e+00  1.67608351e-02 -1.22934100e-02 -1.08710004e+01
  3.46178130e+02] 10.871020317587655
[-3.19137130e+00 -5.66386872e-02 -2.10618485e-01 -1.06473257e+01
  3.43775808e+02] 10.649559253177904
[-3.28760049e+00 -4.46740382e-02  4.06297270e-02 -1.07748334e+01
  3.44751852e+02] 10.77500262839103
[-3.26133935e+00  2.71197449e-02 -3.91428418e-02 -1.07059131e+01
  3.44437477e+02] 10.706018987665622
[-3.22236810e+00  6.67216746e-02  3.36535119e-02 -1.09349980e+01
  3.44587349e+02] 10.935253316418384
[-3.23660862e+00 -7.13999393e-02 -9.54670355e-02 -1.07197588e+01
  3.42522705e+02] 10.72042161965328
[-3.23998860e+00 -6.32277321e-02 -1.74169818e-01 -1.07411468e+01
  3.45344918e+02] 10.742744906749662
[-3.20462076e+00 -1.48229335e-02  7.46937187e-03 -1.05849629e+01
  3.43817910e+02] 10.584975923717831
[-3.21843654e+00 -8.46093423e-02 -1.50468026e-01 -1.06338970e+01
  3.43379611e+02] 10.635298055093582
[-3.26866831e+00 -7.63713823e-02 -2.42821378e-01 -1.08252220e+01
  3.45781991e+02] 10.82821440022724
[-3.18854315e+00  3.17313486e-02  2.57076708e-02 -1.10245550e+01
  3.49179031e+02] 11.024630611879292
[-3.18367656e+00  1.26649584e-01  1.61914640e-01 -1.08908334e+01
  3.45743417e+02] 10.892773244245483
[-3.20262512e+00 -1.04706586e-01  1.36124295e-01 -1.09756502e+01
  3.45919208e+02] 10.976993654693677
[-3.20298083e+00  1.91709498e-01 -2.52694053e-01 -1.06901538e+01
  3.43881063e+02] 10.694858365509656
[-3.21278266e+00  5.62763294e-02 -1.40023327e-01 -1.06481009e+01
  3.45082829e+02] 10.649170173543643
[-3.19936526e+00  1.51864857e-01 -2.90658711e-01 -1.06415349e+01
  3.45574539e+02] 10.646586762826054
[-3.20314801e+00  3.19983343e-02  2.64115896e-01 -1.08702621e+01
  3.45812878e+02] 10.873517306513454
[-3.21830026e+00 -5.85028410e-02  4.42261561e-01 -1.09373152e+01
  3.46393630e+02] 10.946409487324843
[-3.24112454e+00  8.90320768e-02  8.30816459e-02 -1.08031156e+01
  3.46703288e+02] 10.803801954492334
[-3.16186734e+00  1.21296792e-01 -1.17866252e-01 -1.08519520e+01
  3.46695908e+02] 10.853269870248921
[-3.26044337e+00 -1.28022884e-01  2.24283063e-01 -1.09711453e+01
  3.45638520e+02] 10.97418435914759
[-3.28210406e+00 -6.16015946e-02 -1.94018864e-01 -1.07704701e+01
  3.44352567e+02] 10.772393663907152
[-3.27499448e+00  1.34715127e-01 -1.20270280e-01 -1.10788015e+01
  3.45128055e+02] 11.080273318242849
[-3.25307786e+00 -6.11353606e-02 -1.77506081e-01 -1.08255933e+01
  3.43645733e+02] 10.827221067341473
[-3.26171235e+00 -1.22514267e-01  1.53426260e-01 -1.08258050e+01
  3.44020142e+02] 10.827585301824
[-3.14745867e+00  1.17619917e-01 -2.44622207e-01 -1.07180588e+01
  3.43608436e+02] 10.721495177536816
[-3.20919991e+00  3.06484524e-01  2.65176400e-01 -1.08151918e+01
  3.45286746e+02] 10.822782711339665
[-3.21246127e+00 -1.85622435e-01  6.38109298e-02 -1.08430200e+01
  3.45446563e+02] 10.8447964318834
[-3.23455584e+00  1.45419510e-01 -3.05104305e-01 -1.08692378e+01
  3.45957704e+02] 10.874491503186393
[-3.25312164e+00 -5.49475286e-02 -1.34226717e-03 -1.07813541e+01
  3.41295338e+02] 10.781494189634936
[-3.24727266e+00  9.77452939e-02 -6.61654350e-02 -1.08405524e+01
  3.44137227e+02] 10.841194931889229
[-3.20620883e+00  1.82010471e-01 -2.23551861e-01 -1.08894693e+01
  3.44613969e+02] 10.893284347082396
[-3.17448178e+00  1.11106118e-02  8.00413522e-03 -1.08540673e+01
  3.44997433e+02] 10.8540759867562
[-3.34555223e+00 -9.52014465e-02  1.16763891e-01 -1.09938727e+01
  3.44183979e+02] 10.994904944163254
[-3.18123684e+00  2.11791449e-02 -5.87120538e-02 -1.06223290e+01
  3.46477264e+02] 10.622512407135757
[-3.16789841e+00 -5.13815678e-02  2.91913923e-01 -1.08247696e+01
  3.44096236e+02] 10.82882687855612
[-3.20487642e+00  2.84438484e-01 -1.13807290e-01 -1.07820609e+01
  3.44770966e+02] 10.786412518941583
[-3.23344981e+00 -1.26639617e-01 -8.81297410e-02 -1.08814717e+01
  3.46235243e+02] 10.882565490306055
[-3.20707066e+00 -5.34153572e-02 -1.25522059e-01 -1.05945205e+01
  3.43707134e+02] 10.595398662627998
[-3.23759546e+00 -2.24406241e-01 -2.39817154e-03 -1.07308526e+01
  3.44219221e+02] 10.733199027592065
[-3.20601771e+00  5.53523605e-02 -1.97455234e-01 -1.07557603e+01
  3.44345766e+02] 10.757714966462133
[-3.25872188e+00 -1.98886560e-01 -5.71352096e-02 -1.08086336e+01
  3.43667570e+02] 10.810614255209986
[-3.20312736e+00 -2.44520154e-01 -2.74378561e-01 -1.10216104e+01
  3.46251864e+02] 11.027736343476379
[-3.28106166e+00 -1.19138306e-01 -2.66314266e-01 -1.08494919e+01
  3.46053617e+02] 10.853413802387804
[-3.23214494e+00 -6.44516743e-02 -6.99607758e-02 -1.07734091e+01
  3.45349211e+02] 10.773829013619991
[-3.14278869e+00  7.19872394e-02  1.85567034e-01 -1.06783081e+01
  3.43019550e+02] 10.680162977457812
[-3.22686040e+00  2.32224619e-01  3.11996574e-01 -1.09440658e+01
  3.46557225e+02] 10.95097469836208
[-3.23156692e+00 -8.35480933e-02 -4.15339077e-02 -1.07656248e+01
  3.43440989e+02] 10.766029124755557
[-3.28504941e+00  1.53540857e-01  1.07858734e-01 -1.13610675e+01
  3.49358589e+02] 11.362616959197497
[-3.22362524e+00 -7.89191310e-02  1.50937255e-01 -1.09057542e+01
  3.44297583e+02] 10.907084169781019
[-3.21683439e+00 -2.32475530e-02 -8.05849438e-02 -1.08146102e+01
  3.45963425e+02] 10.8149354668134
[-3.19702574e+00  7.58984482e-02 -1.50263122e-01 -1.08552971e+01
  3.44377114e+02] 10.856602349570114
[-3.29973659e+00 -2.53643608e-01  1.72527225e-01 -1.08379155e+01
  3.44768884e+02] 10.842255889204932
[-3.25027531e+00 -5.36416253e-02  6.63339384e-02 -1.10437943e+01
  3.44542847e+02] 11.04412379197779
[-3.15470192e+00  9.43420829e-02 -1.07294130e-01 -1.07553923e+01
  3.44275665e+02] 10.756341236233116
[-3.19354434e+00 -6.50556258e-02  2.13868150e-02 -1.09180741e+01
  3.48170033e+02] 10.918288829219817
[-3.21856948e+00 -1.86706662e-01 -1.61327643e-01 -1.09474487e+01
  3.47490964e+02] 10.950229129861324
[-3.24814713e+00  4.65835534e-02  1.10974418e-01 -1.07140114e+01
  3.44939318e+02] 10.714687411284688
[-3.26329431e+00 -2.88742465e-02 -3.50723138e-02 -1.10134947e+01
  3.43925819e+02] 11.013588408102446
[-3.23182834e+00 -1.13946986e-01 -2.44939187e-01 -1.08113547e+01
  3.46070086e+02] 10.81472929351908
[-3.29285898e+00  2.26832750e-01 -7.70141813e-02 -1.06746102e+01
  3.43649099e+02] 10.677297724966774
[-3.18867686e+00 -2.01907163e-01 -1.27196015e-01 -1.08495238e+01
  3.45336777e+02] 10.852147758114528
[-3.21747433e+00 -1.39016811e-01 -1.85416605e-01 -1.07091462e+01
  3.44890249e+02] 10.71165331064586
[-3.18259853e+00  1.59349673e-01 -4.74448324e-02 -1.07687740e+01
  3.44955711e+02] 10.770057433660613
[-3.26963790e+00  1.36804535e-01 -8.47664750e-02 -1.08166324e+01
  3.44864057e+02] 10.81782958275541
[-3.19536621e+00 -1.66787412e-01 -9.46544597e-03 -1.07667128e+01
  3.44900473e+02] 10.768008765156107
[-3.21146304e+00 -1.27766054e-01  1.16645420e-01 -1.08522560e+01
  3.45245808e+02] 10.853634935735423
[-3.21722977e+00 -2.14504503e-01 -6.82736212e-02 -1.08178256e+01
  3.43425458e+02] 10.820167485638922
[-3.21297937e+00  3.87042627e-02 -2.64879504e-02 -1.06294346e+01
  3.44888864e+02] 10.629538054194851
[-3.20776959e+00  2.06134628e-01  2.25583287e-01 -1.09542562e+01
  3.45050332e+02] 10.958517619073076
[-3.22187459e+00  1.43856347e-01 -1.44687526e-02 -1.09723528e+01
  3.49105578e+02] 10.973305349523956
[-3.27022881e+00 -2.64449171e-02 -3.12005245e-01 -1.07973109e+01
  3.43397122e+02] 10.80185024858711
[-3.31703769e+00  6.09686721e-02 -7.60856788e-02 -1.10541871e+01
  3.45933765e+02] 11.054617086907191
[-3.28520429e+00  2.41973999e-01  1.73771866e-01 -1.09542537e+01
  3.45477879e+02] 10.958303843291068
[-3.21715611e+00  3.02161596e-02 -1.61139445e-03 -1.07968901e+01
  3.46277802e+02] 10.796932454362652
[-3.25678205e+00  5.28998098e-02  6.41750246e-02 -1.08539104e+01
  3.44475857e+02] 10.85422902132026
[-3.25769400e+00 -1.61161028e-01 -2.21300617e-01 -1.08397459e+01
  3.44813859e+02] 10.84320239452728
[-3.17883673e+00  1.31673094e-01 -2.60434912e-01 -1.08230903e+01
  3.44278905e+02] 10.82702394453435
[-3.22674603e+00 -1.16386185e-01 -1.86979036e-02 -1.07009153e+01
  3.44603537e+02] 10.701564559907288
[-3.31484580e+00 -1.47898184e-01 -1.92840157e-02 -1.10973774e+01
  3.47043841e+02] 11.098379654743944
[-3.24986498e+00  5.20290420e-02 -1.34734002e-01 -1.07600531e+01
  3.45609145e+02] 10.761022352802321
[-3.24241313e+00  1.15126714e-01  2.05515039e-01 -1.09337117e+01
  3.45892973e+02] 10.936248955568248
[-3.24759974e+00  2.04651329e-01 -1.76072986e-01 -1.09345075e+01
  3.47719786e+02] 10.93783969493057
[-3.20243535e+00 -2.25973561e-01  1.04521041e-01 -1.09273800e+01
  3.48484601e+02] 10.930216050697787
[-3.22565732e+00 -2.74947431e-01 -1.84670312e-02 -1.05933296e+01
  3.45756654e+02] 10.596913221239824
[-3.14016738e+00 -6.92866800e-02  1.60896854e-01 -1.06436694e+01
  3.42947127e+02] 10.645110923659717
[-3.15545934e+00  3.05267064e-01 -1.09374231e-02 -1.08886077e+01
  3.45685760e+02] 10.892891542572814
[-3.35812725e+00  2.19457538e-02  4.71513843e-02 -1.03975896e+01
  3.39425774e+02] 10.397719622013728
[-3.21128953e+00 -5.11595780e-02 -3.43033587e-02 -1.07399239e+01
  3.44563743e+02] 10.740100578949592
[-3.27115514e+00 -1.16648466e-01  2.94328796e-02 -1.08611307e+01
  3.43047858e+02] 10.861796991640531
[-3.25473621e+00  3.06015908e-01  5.64194708e-02 -1.09381738e+01
  3.46051973e+02] 10.94259909698505
[-3.19845610e+00  1.20344855e-01 -1.02448472e-01 -1.06990033e+01
  3.43983376e+02] 10.700170616336838
[-3.32006528e+00  2.76061883e-02  1.55819760e-01 -1.08221487e+01
  3.42595224e+02] 10.823305618427275
[-3.12773548e+00  1.70187681e-01 -4.41970969e-02 -1.07035581e+01
  3.45638244e+02] 10.705002232017746
[-3.25261261e+00  1.84088444e-01  9.44265460e-02 -1.09581827e+01
  3.45679653e+02] 10.960135619413128
[-3.20173702e+00 -1.10749959e-01 -3.54980800e-02 -1.08096880e+01
  3.43450813e+02] 10.810313653577206
[-3.23654514e+00 -1.11822262e-01  3.09421790e-02 -1.09925620e+01
  3.45531964e+02] 10.993174336836551
[-3.19830532e+00  1.22036241e-01 -8.51956311e-02 -1.08290454e+01
  3.44993940e+02] 10.830068088464845
[-3.20446085e+00  1.42381639e-01 -2.34609875e-01 -1.07332393e+01
  3.42410074e+02] 10.736747222241915
[-3.23352372e+00  1.84388313e-01  1.54192246e-01 -1.08125079e+01
  3.43350521e+02] 10.815179206482167
[-3.20943543e+00  1.96198971e-01 -3.36075848e-02 -1.07576939e+01
  3.43251504e+02] 10.759535421808355
[-3.19683339e+00 -3.00852694e-01  2.52207621e-02 -1.08714138e+01
  3.45860272e+02] 10.875605073792803
[-3.25145820e+00 -9.36911409e-04 -4.33869818e-02 -1.08285490e+01
  3.46857163e+02] 10.828635947032401
[-3.26653596e+00 -1.72787222e-01 -5.59999251e-02 -1.07037651e+01
  3.44884432e+02] 10.70530608695056
[-3.24706946e+00  1.66078258e-01 -2.60490127e-01 -1.08568329e+01
  3.45585170e+02] 10.861227245789866
[-3.25270953e+00 -2.09480647e-01  1.72758073e-01 -1.06567120e+01
  3.43123979e+02] 10.660170635139572
[-3.28480716e+00  2.99802379e-02  1.28305519e-01 -1.08803081e+01
  3.46190849e+02] 10.88110594119931
[-3.16885295e+00 -5.88112666e-02  9.62553167e-04 -1.07564205e+01
  3.46222646e+02] 10.756581281222921
[-3.38393573e+00 -1.19992601e-01  1.90314755e-01 -1.09739337e+01
  3.45747904e+02] 10.976239701050567
[-3.24708194e+00  2.08792702e-01 -6.29044100e-02 -1.10671732e+01
  3.48415665e+02] 11.069321333450327
[-3.29101831e+00 -1.13374448e-01  2.53474655e-01 -1.08655333e+01
  3.45535321e+02] 10.869080781547137
[-3.22789132e+00 -2.28528657e-01 -1.30342811e-01 -1.06905934e+01
  3.43043026e+02] 10.693830032810457
[-3.23135070e+00 -8.48908928e-02 -2.84146227e-01 -1.08270930e+01
  3.46588917e+02] 10.831153573134252
[-3.17798323e+00  2.45644929e-01 -6.92641165e-02 -1.09632278e+01
  3.45512092e+02] 10.96619822350055
[-3.16255381e+00 -1.43081802e-02 -1.89332441e-01 -1.06704672e+01
  3.43968625e+02] 10.672156374372003
[-3.10470083e+00  3.61963019e-01  1.76688733e-01 -1.08311797e+01
  3.46620657e+02] 10.838666440935826
[-3.20015295e+00  2.24794489e-01  2.37349063e-01 -1.08496462e+01
  3.45499415e+02] 10.854569971144292
[-3.23098866e+00 -1.41556218e-01  3.03369114e-02 -1.08254602e+01
  3.45246828e+02] 10.826428169950024
[-3.18956657e+00  6.32154565e-02  3.42205203e-02 -1.10383775e+01
  3.45937792e+02] 11.038611554210332
[-3.33489969e+00 -2.60670931e-01  4.95906504e-02 -1.07705962e+01
  3.42724472e+02] 10.773864219157549
[-3.34670706e+00 -2.14484573e-02  1.95985011e-01 -1.07795569e+01
  3.44941582e+02] 10.78135970500982
[-3.32101280e+00  5.25606683e-02  6.11061989e-02 -1.09849097e+01
  3.46209858e+02] 10.985205385442475
[-3.20330765e+00  1.61732016e-01  2.76628440e-01 -1.08047559e+01
  3.45149636e+02] 10.809506480411743
[-3.30735110e+00  8.19573524e-02  2.27094450e-02 -1.13129200e+01
  3.47878636e+02] 11.31323966222669
[-3.27824798e+00  3.84232885e-01 -6.56055296e-02 -1.08798002e+01
  3.44734137e+02] 10.886780543283122
[-3.24132386e+00  4.53786450e-02  3.83024319e-02 -1.06461906e+01
  3.45911301e+02] 10.646356173050851
[-3.23938384e+00 -1.55289501e-01  3.90493791e-02 -1.10537876e+01
  3.45812261e+02] 11.054947261351646
[-3.20780769e+00 -3.92241084e-01  1.07178611e-01 -1.09514124e+01
  3.46627622e+02] 10.958958568542023
[-3.28393366e+00 -8.93887810e-02  2.31236508e-01 -1.10818783e+01
  3.47836506e+02] 11.084650963131027
[-3.23627463e+00 -3.96951396e-02 -2.29766546e-01 -1.07131305e+01
  3.43996663e+02] 10.715667695043132
[-3.26473798e+00 -1.92779061e-01 -3.05030261e-01 -1.07214823e+01
  3.42824444e+02] 10.727552829819103
[-3.28158326e+00 -8.10769715e-02 -1.26755888e-02 -1.09324354e+01
  3.47381000e+02] 10.93274338519179
[-3.20136316e+00  4.18252129e-02 -3.15712105e-01 -1.08882821e+01
  3.46018198e+02] 10.892938537591766
[-3.24307687e+00  6.89496114e-02 -2.57143238e-01 -1.09184857e+01
  3.46228303e+02] 10.921730908438601
[-3.17917037e+00  1.69738248e-01 -3.88035942e-02 -1.08733558e+01
  3.45247648e+02] 10.874749783830223
[-3.21478844e+00 -6.51254638e-02 -1.08198540e-01 -1.08531400e+01
  3.44240910e+02] 10.85387469719142
[-3.21401373e+00  1.35313297e-01 -5.67680834e-02 -1.05759590e+01
  3.44050372e+02] 10.57697693450664
[-3.24164712e+00  1.03307032e-01 -2.26998757e-01 -1.06937061e+01
  3.43264713e+02] 10.696614036003325
[-3.24693041e+00 -2.75127088e-01  2.09677105e-01 -1.08306435e+01
  3.44623287e+02] 10.8361662320487
[-3.22599006e+00 -1.07218133e-01  1.42978206e-01 -1.08023693e+01
  3.46904679e+02] 10.803847534987236
[-3.28150473e+00  6.66820690e-03  3.04898834e-02 -1.05742986e+01
  3.41427936e+02] 10.574344616834493
[-3.33145145e+00  1.55811218e-02  1.45355397e-01 -1.11782692e+01
  3.48019797e+02] 11.179225089162856
[-3.21835698e+00 -1.96994587e-01  1.25677420e-01 -1.06985975e+01
  3.43228817e+02] 10.701149038898528
[-3.20082412e+00 -1.49549443e-01 -1.22804970e-01 -1.07743082e+01
  3.44913440e+02] 10.776045854242767
[-3.19175643e+00 -6.35516942e-02 -8.77507640e-02 -1.09591921e+01
  3.46808805e+02] 10.959727645785465
[-3.18913246e+00 -1.11196600e-01 -1.24098210e-02 -1.07926770e+01
  3.45920020e+02] 10.793256977564337
[-3.16978293e+00  1.07451872e-01  1.36564218e-02 -1.06196041e+01
  3.44127237e+02] 10.62015652601119
[-3.26712869e+00 -1.30359469e-02  8.02286523e-02 -1.10424271e+01
  3.43699869e+02] 11.042726265889737
[-3.26771974e+00  5.82988567e-02  6.23921601e-02 -1.07913424e+01
  3.42516439e+02] 10.791680282181275
[-3.23214640e+00 -1.74781954e-01 -7.45569589e-03 -1.10456146e+01
  3.45368264e+02] 11.046999918540351
[-3.29805145e+00 -1.01626422e-01  1.25228157e-01 -1.10361581e+01
  3.45910015e+02] 11.037336412876043
[-3.26332176e+00  5.93466478e-02 -1.22045284e-01 -1.06615566e+01
  3.41488067e+02] 10.662420231110307
[-3.21585009e+00  6.58279988e-02  1.29793880e-01 -1.06889745e+01
  3.44515564e+02] 10.689965186999954
[-3.26041647e+00 -8.05114119e-02 -2.99619447e-01 -1.08289336e+01
  3.44163880e+02] 10.833377021205877
[-3.25111082e+00  3.66829583e-01  2.49313596e-01 -1.09533900e+01
  3.44088803e+02] 10.962366231407243
[-3.27600415e+00  2.03481210e-03 -1.29015368e-01 -1.08796175e+01
  3.46368344e+02] 10.88038262735934
[-3.33614749e+00 -3.13168651e-02  3.01659484e-02 -1.08159077e+01
  3.45497507e+02] 10.815995122434298
[-3.22160867e+00 -1.00627201e-01 -2.90334555e-02 -1.10371108e+01
  3.46428466e+02] 11.037607690303073
[-3.21693664e+00  8.36934099e-02 -3.37411688e-01 -1.08998366e+01
  3.44461336e+02] 10.905378949901218
[-3.31036514e+00 -4.58652298e-03  3.71338679e-01 -1.08579019e+01
  3.44160905e+02] 10.864250834050132
[-3.21215937e+00  1.40494352e-01  1.54403339e-02 -1.08843458e+01
  3.47019016e+02] 10.8852634509147
[-3.22518147e+00 -5.90824779e-02  2.31318282e-02 -1.09056143e+01
  3.47439772e+02] 10.905798901411037
[-3.14752867e+00  8.42329755e-02 -3.31773684e-01 -1.06758980e+01
  3.46466215e+02] 10.681384147525522
[-3.26931645e+00 -4.00442876e-01 -7.23023387e-02 -1.07581804e+01
  3.41399731e+02] 10.765873285815115
[-3.27145026e+00  9.45881948e-02 -6.67292046e-02 -1.08415868e+01
  3.47172606e+02] 10.842204735784009
[-3.24646885e+00  2.18437931e-01  2.55390351e-02 -1.08745576e+01
  3.46394897e+02] 10.876781230824353
[-3.21980242e+00 -9.08677468e-02 -1.13993713e-01 -1.07420937e+01
  3.41160407e+02] 10.743082820436543
[-3.16090445e+00 -1.29644147e-01 -3.20815710e-02 -1.07337691e+01
  3.44274552e+02] 10.734599903027407
[-3.25925509e+00  6.64657068e-02 -3.19487343e-01 -1.08828637e+01
  3.44615428e+02] 10.887755126752099
[-3.26270931e+00  1.62121235e-02  1.28075626e-01 -1.09811543e+01
  3.46429948e+02] 10.981913086795364
[-3.18923354e+00  1.20901462e-01 -1.80877608e-01 -1.07272078e+01
  3.46038572e+02] 10.729413811515993
[-3.26799477e+00  1.66293901e-01  2.70104331e-01 -1.08847738e+01
  3.46005950e+02] 10.889394451658152
[-3.28484770e+00  1.83789413e-01 -6.99127847e-04 -1.08081066e+01
  3.42969341e+02] 10.809669151611326
[-3.30230846e+00 -9.64800979e-02 -1.15666969e-01 -1.10473332e+01
  3.45875691e+02] 11.048360005829325
[-3.28910143e+00 -1.47338717e-01 -2.44741940e-01 -1.08393023e+01
  3.45581824e+02] 10.843066091108707
[-3.17326713e+00 -9.47946537e-02 -4.80071523e-02 -1.07298169e+01
  3.44764919e+02] 10.730343036583637
[-3.25136006e+00 -4.73178675e-02 -2.27268687e-01 -1.08708484e+01
  3.44396190e+02] 10.873326750865026
[-3.17623323e+00 -1.16277046e-01  9.93503992e-02 -1.05554905e+01
  3.44922794e+02] 10.556598428922022
[-3.24891599e+00 -3.45784861e-02  4.55845487e-02 -1.06788395e+01
  3.42636184e+02] 10.67899280763624
[-3.19956107e+00 -3.43990167e-01 -1.34782800e-01 -1.07522176e+01
  3.45303340e+02] 10.758563023162964
[-3.16953248e+00  1.37763842e-01 -1.47988734e-02 -1.07435173e+01
  3.44031975e+02] 10.744410679045174
[-3.22495098e+00  4.46701618e-02 -4.29423385e-02 -1.06100935e+01
  3.41998215e+02] 10.610274416161937
[-3.27658753e+00  1.24491091e-01 -1.18621065e-01 -1.06261132e+01
  3.43942795e+02] 10.62750447879401
[-3.19763908e+00  3.61252717e-02  4.41402898e-03 -1.09304808e+01
  3.47568148e+02] 10.930541380996948
[-3.28674837e+00 -7.34817353e-02  2.32333309e-01 -1.07366359e+01
  3.46127486e+02] 10.739400734023794
[-3.27009760e+00  6.49949284e-02 -1.36151333e-01 -1.07049251e+01
  3.43367086e+02] 10.705988161042209
[-3.28716539e+00 -2.23305707e-01  2.33794714e-02 -1.07666581e+01
  3.42190820e+02] 10.76899896323606
[-3.21397268e+00 -6.83756292e-02 -1.19124135e-01 -1.09986495e+01
  3.47147060e+02] 10.999507132206015
[-3.20779485e+00  1.43880446e-02  6.47465859e-02 -1.05828407e+01
  3.43345611e+02] 10.583048525582349
[-3.28592760e+00  9.19651802e-03 -3.06931667e-01 -1.08677184e+01
  3.44543355e+02] 10.87205571882668
[-3.21668797e+00  6.35865014e-02 -1.55722855e-04 -1.06122654e+01
  3.43111778e+02] 10.612455862403495
[-3.24384105e+00  1.93043636e-01 -2.12303499e-01 -1.09054521e+01
  3.45803089e+02] 10.909226512994037
[-3.24437987e+00 -3.54312397e-02 -2.13835070e-02 -1.10088829e+01
  3.45791029e+02] 11.008960673211778
[-3.19071356e+00 -4.46664017e-02  9.54163002e-02 -1.08576830e+01
  3.47381982e+02] 10.858194151745524
[-3.26682486e+00 -6.78592173e-02  2.41726524e-01 -1.08706875e+01
  3.46551869e+02] 10.873586505946832
[-3.14882905e+00  3.98678043e-02  2.47614476e-01 -1.06330111e+01
  3.44856841e+02] 10.6359685938352
[-3.24428353e+00  1.09482897e-01  6.87503429e-02 -1.10759353e+01
  3.48247432e+02] 11.076689740635599
[-3.19873051e+00 -2.89478021e-01  1.85106871e-01 -1.07644591e+01
  3.45528391e+02] 10.769941557277805
[-3.15627845e+00  1.66718503e-01  2.59881548e-02 -1.10078259e+01
  3.46814884e+02] 11.009118966585463
[-3.33706116e+00 -2.32030145e-01  5.55976084e-02 -1.10527701e+01
  3.46923350e+02] 11.055345122312021
[-3.21920513e+00 -2.16748325e-01  1.95298827e-01 -1.10903403e+01
  3.47610937e+02] 11.094177301839736
[-3.22109463e+00 -1.28446227e-02  1.60218722e-01 -1.08489126e+01
  3.44547979e+02] 10.850103253731392
[-3.23634942e+00 -2.96177558e-01  3.54816219e-02 -1.07579251e+01
  3.45695195e+02] 10.762059828086489
[-3.16268534e+00  1.57704828e-02 -2.54376325e-01 -1.09250035e+01
  3.45868254e+02] 10.927975940820382
[-3.20585909e+00  5.69672218e-02 -1.26716271e-01 -1.04028665e+01
  3.40563347e+02] 10.403794187487101
[-3.24886310e+00  2.18519748e-01  1.70080412e-01 -1.05594280e+01
  3.43884370e+02] 10.563058150193688
[-3.25267110e+00 -9.82851041e-02 -1.62121036e-02 -1.12616910e+01
  3.47788874e+02] 11.26213153295813
[-3.29158297e+00  7.55039414e-02 -1.46729529e-01 -1.06830032e+01
  3.43846881e+02] 10.684277624107914
[-3.23260428e+00  1.01190379e-01 -4.63078488e-02 -1.06434637e+01
  3.42012924e+02] 10.644045411445193
[-3.26912070e+00  1.18458979e-01  1.14415722e-01 -1.06916554e+01
  3.45183405e+02] 10.692923776313393
[-3.23665528e+00 -1.47356482e-01 -3.39680879e-02 -1.07199587e+01
  3.43877546e+02] 10.721025202657046
[-3.12209534e+00  9.22865636e-02  3.00187563e-02 -1.10160113e+01
  3.48371283e+02] 11.016438748688211
[-3.27412813e+00  1.54476239e-01 -2.42091174e-02 -1.07825416e+01
  3.44322055e+02] 10.783675233317027
[-3.22467951e+00 -1.79218141e-01  4.02409592e-02 -1.07394888e+01
  3.43834282e+02] 10.741059447371981
[-3.25814603e+00  1.81161436e-01  3.99994121e-02 -1.08946885e+01
  3.46267689e+02] 10.896267999206765
[-3.23464533e+00  4.42064975e-02 -1.97278018e-02 -1.04902058e+01
  3.42758320e+02] 10.490317513152794
[-3.30621297e+00  1.69265087e-01 -5.68248768e-02 -1.08066188e+01
  3.45230194e+02] 10.808093698208495
[-3.23584156e+00  1.74761620e-01 -8.77741938e-02 -1.09818821e+01
  3.44586425e+02] 10.983623255230315
[-3.19429003e+00 -4.49312859e-02 -3.42877848e-03 -1.06446969e+01
  3.43538997e+02] 10.644792276391405
[-3.31967122e+00 -4.51409613e-02 -7.17029985e-02 -1.07185945e+01
  3.43176118e+02] 10.718929332058694
[-3.22781647e+00 -2.28180827e-02 -6.01820269e-03 -1.07607028e+01
  3.44352819e+02] 10.76072864524635
[-3.25575401e+00  1.59169387e-01  1.66605094e-01 -1.07679378e+01
  3.42491248e+02] 10.770402793591911
[-3.22562081e+00 -2.98266977e-01 -1.78145461e-01 -1.07480467e+01
  3.43066030e+02] 10.753660115633588
[-3.16952041e+00  6.61182152e-03 -1.42001392e-01 -1.08071418e+01
  3.45090861e+02] 10.808076725787993
[-3.19472626e+00 -1.36994540e-01  3.75541991e-01 -1.08175256e+01
  3.46951497e+02] 10.824909239911795
[-3.25364560e+00 -3.19407048e-02  1.21497035e-02 -1.06035407e+01
  3.45243581e+02] 10.603595721307439
[-3.27161643e+00 -4.45105010e-01 -1.23455682e-01 -1.09053076e+01
  3.48021374e+02] 10.915085553312679
[-3.22380378e+00 -1.02594734e-01  1.14418317e-01 -1.08181744e+01
  3.45653230e+02] 10.819265882283204
[-3.23301009e+00 -3.22952530e-02  6.32469449e-02 -1.06946243e+01
  3.42687837e+02] 10.694860096859145
[-3.23670740e+00 -6.50439365e-02 -1.57992178e-02 -1.09040176e+01
  3.47111231e+02] 10.904223028403074
[-3.22573524e+00 -9.27792698e-04 -3.93538511e-01 -1.09737959e+01
  3.46169450e+02] 10.980850113962028
[-3.25226531e+00 -2.44130483e-01 -1.28578216e-01 -1.10215788e+01
  3.46576430e+02] 11.025032031430584
[-3.31868410e+00 -2.33575728e-01 -2.84107105e-02 -1.12972441e+01
  3.47709750e+02] 11.299694221329085
[-3.23736466e+00  8.21802356e-02  1.23610314e-01 -1.07296551e+01
  3.45326350e+02] 10.730681774170488
[-3.25481412e+00 -4.74114754e-02 -4.25703762e-02 -1.07808111e+01
  3.44636578e+02] 10.780999442237672
[-3.24940452e+00 -6.11525928e-02 -1.19814722e-02 -1.09853365e+01
  3.48013371e+02] 10.985513223323089
[-3.16336931e+00  3.29487880e-02  1.36391708e-02 -1.07465021e+01
  3.46129628e+02] 10.74656127492626
[-3.18650882e+00  2.56502575e-02 -1.27389481e-01 -1.08441554e+01
  3.47080135e+02] 10.84493392645041
[-3.24176608e+00  8.62127132e-02 -7.51117064e-02 -1.06060768e+01
  3.41575787e+02] 10.606693186784026
[-3.21928506e+00  1.24837806e-02 -1.42020580e-01 -1.08919634e+01
  3.45718267e+02] 10.892896440727462
[-3.27162852e+00  7.73588400e-02  1.17915161e-01 -1.06553971e+01
  3.44398750e+02] 10.656330304947643
[-3.23178372e+00  6.87792459e-02  1.85653527e-01 -1.09260029e+01
  3.46070571e+02] 10.927796563231459
[-3.20593809e+00 -2.33534636e-01 -1.62317784e-01 -1.07972151e+01
  3.45478104e+02] 10.80096013943636
[-3.22960430e+00  6.88299047e-02 -3.50627169e-02 -1.08072651e+01
  3.46754335e+02] 10.807541172001947
[-3.30153258e+00 -1.74199888e-01 -1.95365489e-01 -1.11072927e+01
  3.46438412e+02] 11.110376472120747
[-3.25216281e+00  2.17284282e-01 -1.69965407e-01 -1.08808213e+01
  3.45964914e+02] 10.884317781437625
[-3.16012093e+00 -6.59150308e-02 -1.91707874e-01 -1.08488006e+01
  3.45819784e+02] 10.850694475548229
[-3.26433068e+00 -1.57291001e-01 -9.17901278e-03 -1.12144547e+01
  3.48074230e+02] 11.215561488193114
[-3.22118836e+00  1.36686084e-01 -8.68542310e-02 -1.06930442e+01
  3.41701408e+02] 10.694270489436077
[-3.29988827e+00  2.09581941e-01  1.19267240e-01 -1.09633879e+01
  3.43599884e+02] 10.96603952481972
[-3.25200121e+00  2.53704483e-02  5.39424418e-02 -1.08825282e+01
  3.46529513e+02] 10.882691501947049
[-3.12535739e+00  2.17660053e-01 -1.98906257e-01 -1.08321221e+01
  3.44682877e+02] 10.836134439744152
[-3.24182061e+00  1.01248022e-01 -7.33837426e-02 -1.09502380e+01
  3.44296797e+02] 10.950951910514515
[-3.22563294e+00 -2.41730002e-01 -8.85104232e-02 -1.09766382e+01
  3.46733635e+02] 10.979656366884079
[-3.22593191e+00 -1.32457909e-01  1.65220844e-01 -1.10943296e+01
  3.48035783e+02] 11.096350411975187
[-3.29914986e+00  1.18025173e-01  2.70590096e-02 -1.06640375e+01
  3.41936227e+02] 10.6647248912446
[-3.15284049e+00  1.52897292e-01  1.75860373e-01 -1.07078486e+01
  3.45285503e+02] 10.710384023013553
[-3.27396790e+00 -1.63309975e-01  1.19086531e-01 -1.07560470e+01
  3.44761616e+02] 10.75794589440178
[-3.22247189e+00 -1.49542839e-01 -7.70411617e-02 -1.08900461e+01
  3.43697138e+02] 10.891345336331765
[-3.17004735e+00  6.03913401e-02 -2.20663048e-01 -1.08769279e+01
  3.47039013e+02] 10.879333622096702
[-3.23521603e+00 -1.33653838e-01 -1.76390342e-01 -1.09271966e+01
  3.46143746e+02] 10.929437450203237
[-3.24019409e+00  1.65305365e-01 -8.51774278e-02 -1.07668201e+01
  3.46109530e+02] 10.768425915003222
[-3.18596969e+00 -5.93873384e-02  7.92000143e-02 -1.06636353e+01
  3.44986913e+02] 10.664094742494488
[-3.19225487e+00  5.77292041e-02 -2.81236155e-01 -1.09407937e+01
  3.46079053e+02] 10.944560007057374
[-3.29287647e+00 -1.94457145e-02 -9.17639840e-02 -1.09666500e+01
  3.45808932e+02] 10.967051201827331
[-3.26053540e+00  1.65772613e-01  1.90109101e-01 -1.09492666e+01
  3.45047271e+02] 10.95217148146258
[-3.24015882e+00  1.41430963e-01  9.81402303e-03 -1.06527815e+01
  3.42721382e+02] 10.653724786020287
[-3.19907420e+00 -2.36174035e-01 -1.71778575e-01 -1.08362602e+01
  3.47171201e+02] 10.8401947498863
[-3.26904448e+00  6.92980364e-02 -8.60314990e-02 -1.09504402e+01
  3.46357509e+02] 10.95099739001346
[-3.28958322e+00  8.27103835e-02  7.44524921e-02 -1.10899598e+01
  3.47168053e+02] 11.090518180416172
[-3.20340415e+00 -5.38673276e-02 -1.93856651e-01 -1.09858159e+01
  3.46977201e+02] 10.987658216573735
[-3.17950183e+00 -1.76722150e-01 -2.10712437e-01 -1.07678704e+01
  3.45058005e+02] 10.77138166392443
[-3.23261454e+00 -1.01208552e-01 -1.11061584e-01 -1.08245576e+01
  3.44401688e+02] 10.825600426064048
[-3.25320341e+00 -1.18189714e-01 -1.22186728e-02 -1.10138923e+01
  3.46103562e+02] 11.014533203030476
[-3.22244720e+00  8.79961528e-02 -8.98025635e-02 -1.06880091e+01
  3.43371174e+02] 10.688748543438349
[-3.23172174e+00  2.44022603e-01  1.34541882e-01 -1.08097899e+01
  3.43707389e+02] 10.813380925766449
[-3.32390637e+00 -1.15950685e-01 -5.04635572e-02 -1.07502635e+01
  3.43588822e+02] 10.751007208573505
[-3.29453745e+00  1.72878600e-01  4.46433225e-02 -1.07947414e+01
  3.43398713e+02] 10.79621794335181
[-3.21481433e+00  7.73441109e-02 -2.81940113e-02 -1.06539545e+01
  3.45164683e+02] 10.65427252655698
[-3.31834068e+00  3.88916293e-02  3.07587775e-01 -1.08698546e+01
  3.45066516e+02] 10.874275254156341
[-3.20849707e+00 -3.39448235e-01 -1.00752460e-02 -1.08965999e+01
  3.46085195e+02] 10.901890504460388
[-3.15270710e+00  3.08617537e-01 -3.62752295e-02 -1.08299499e+01
  3.45373130e+02] 10.834407003841669
[-3.17107169e+00 -1.65062027e-01 -1.03649029e-01 -1.08273729e+01
  3.46440993e+02] 10.829127039390658
[-3.17288656e+00  1.01263904e-01  2.42963694e-01 -1.08934391e+01
  3.44966288e+02] 10.896618745848496
[-3.31816741e+00  9.95292053e-02  1.13738145e-01 -1.08954442e+01
  3.44798182e+02] 10.896492424020728
[-3.22971222e+00  5.11406260e-02 -1.70713635e-01 -1.10343547e+01
  3.47556049e+02] 11.035793691686369
[-3.23893105e+00  1.23576534e-02 -1.54897350e-01 -1.08878452e+01
  3.46179494e+02] 10.88895402935104
[-3.29591582e+00  1.45574214e-01  1.42113173e-01 -1.10069769e+01
  3.45047854e+02] 11.008856802763637
[-3.19862286e+00 -5.97057165e-02  4.16448218e-02 -1.08995618e+01
  3.46681631e+02] 10.899804929020831
[-3.17744874e+00  2.25424819e-01  2.63768882e-01 -1.07808475e+01
  3.44564228e+02] 10.786429571414079
[-3.23566583e+00 -1.46657880e-01  1.43112778e-01 -1.12071293e+01
  3.46699679e+02] 11.20900249713871
[-3.18357264e+00  2.28711588e-02  1.00533356e-01 -1.04384188e+01
  3.41101497e+02] 10.43892796100999
[-3.21641457e+00  2.24068362e-02 -1.34169106e-01 -1.06966882e+01
  3.43392763e+02] 10.697553093404542
[-3.21208874e+00 -1.49031674e-01  1.66663766e-01 -1.07485439e+01
  3.44504755e+02] 10.750868986260611
[-3.27881203e+00 -2.36049842e-02  1.96581537e-02 -1.09901124e+01
  3.44834120e+02] 10.990155371546278
[-3.16610643e+00  1.23724853e-02 -2.16458753e-01 -1.07174523e+01
  3.45360613e+02] 10.719645115676109
[-3.25351128e+00 -7.18609875e-02 -5.76215731e-02 -1.09024134e+01
  3.45112914e+02] 10.902802502206676
[-3.18307514e+00  1.37442963e-01  2.35547573e-01 -1.05574525e+01
  3.42859861e+02] 10.560974211934903
[-3.18461052e+00 -7.77879616e-02 -1.09980769e-01 -1.06881897e+01
  3.44546811e+02] 10.689038542880338
[-3.16586621e+00  2.30612074e-01  2.15824604e-01 -1.10948389e+01
  3.47773208e+02] 11.099333848565426
[-3.17358380e+00 -9.04075031e-02 -6.72555882e-02 -1.08411712e+01
  3.45452415e+02] 10.841756763880236
[-3.20087460e+00 -5.04613677e-02  1.03026626e-01 -1.08421741e+01
  3.46607722e+02] 10.842781025815864
[-3.28441550e+00 -2.22299813e-01 -2.23660822e-02 -1.08252284e+01
  3.45242742e+02] 10.827533804726277
[-3.18981887e+00 -1.09195125e-01  2.48829116e-01 -1.08206243e+01
  3.44937705e+02] 10.824035724209812
[-3.22219448e+00 -1.16029894e-01 -1.91143116e-01 -1.08397743e+01
  3.46638835e+02] 10.842080358697416
[-3.27405238e+00  6.47912160e-02 -2.35903598e-01 -1.09221365e+01
  3.45508103e+02] 10.924875955512421
[-3.24877574e+00 -5.11944028e-02  1.51778464e-01 -1.07218277e+01
  3.43676541e+02] 10.723024139968237
[-3.25390609e+00  5.82245049e-02  2.43955630e-01 -1.07889261e+01
  3.43755151e+02] 10.791840972477623
[-3.22484661e+00  1.30216976e-01 -7.75712742e-02 -1.07647416e+01
  3.42727309e+02] 10.765808655081774
[-3.19915563e+00 -1.62832351e-01 -1.28118052e-01 -1.09273472e+01
  3.45686938e+02] 10.92931133795409
[-3.27306545e+00  7.67317816e-02  1.30054938e-01 -1.09106524e+01
  3.45579399e+02] 10.911697335840346
[-3.28262308e+00  1.01027927e-01 -7.65312020e-02 -1.10178777e+01
  3.45834190e+02] 11.018606695684072
[-3.35657095e+00 -3.99505687e-02 -1.38403347e-01 -1.08625759e+01
  3.44972969e+02] 10.863531005010074
[-3.25339583e+00  2.12973991e-03 -3.80949597e-02 -1.08777880e+01
  3.45087977e+02] 10.877854876381305
[-3.23266924e+00  9.59797864e-02  1.98241908e-01 -1.08922112e+01
  3.46721287e+02] 10.894437917404703
[-3.20059504e+00  5.03630520e-02 -1.43098328e-01 -1.10362432e+01
  3.47833125e+02] 11.037285776674098
[-3.26666765e+00  9.17626861e-02 -1.89557400e-01 -1.08458877e+01
  3.45923322e+02] 10.847932168239026
[-3.19380655e+00 -1.54675938e-01 -8.30952169e-02 -1.06367314e+01
  3.45025288e+02] 10.638180507234718
[-3.23914028e+00  4.42970165e-02  1.19877178e-01 -1.10051873e+01
  3.45151648e+02] 11.00592929988974
[-3.26286405e+00 -1.38811807e-01  1.42368940e-01 -1.09354079e+01
  3.46821153e+02] 10.937215538995515
[-3.29382308e+00  2.36601801e-01 -9.92891287e-03 -1.08805959e+01
  3.43962098e+02] 10.883172656209085
[-3.30270418e+00  1.69704243e-01 -5.51096996e-02 -1.09057565e+01
  3.43810042e+02] 10.907215996953012
[-3.20100627e+00 -3.00428202e-01  1.61822026e-01 -1.09712088e+01
  3.45406340e+02] 10.976514252760735
[-3.20574227e+00  4.71755428e-02 -2.79648894e-01 -1.07060807e+01
  3.43887250e+02] 10.709836259428284
[-3.17702052e+00  2.59643069e-01  2.13559057e-01 -1.09692317e+01
  3.48020224e+02] 10.974382231983364
[-3.25295679e+00 -5.05759486e-02  2.00515207e-01 -1.08468259e+01
  3.43999831e+02] 10.848797025750818
[-3.22278885e+00  1.57250331e-01 -2.21793677e-01 -1.08696704e+01
  3.45948919e+02] 10.873070146377794
[-3.15749490e+00 -1.73861153e-01  2.64736599e-01 -1.08735866e+01
  3.47617859e+02] 10.878198324863357
[-3.23452380e+00  1.21436698e-01 -3.09970019e-01 -1.06641147e+01
  3.45168652e+02] 10.669309768019522
[-3.21590865e+00 -1.65570737e-01  1.00059781e-01 -1.09123543e+01
  3.45924419e+02] 10.91406902823852
[-3.21801072e+00  8.03752216e-02  1.51989516e-01 -1.08065304e+01
  3.44935783e+02] 10.807898029526989
[-3.26113213e+00  3.00962267e-01  2.99126785e-01 -1.08819617e+01
  3.46583685e+02] 10.890231644675676
[-3.23322825e+00 -9.25167896e-02 -2.41301602e-01 -1.09447393e+01
  3.45127035e+02] 10.947789961047382
[-3.30352051e+00 -8.79168408e-02  6.35065532e-02 -1.09179042e+01
  3.47206704e+02] 10.918442908254248
[-3.25660221e+00 -2.95363744e-02 -1.51066373e-01 -1.10838107e+01
  3.46819930e+02] 11.084879523769557
[-3.33811173e+00 -5.33534373e-02 -6.26717519e-02 -1.10445063e+01
  3.43241326e+02] 11.044812981818982
[-3.28097224e+00 -5.57661209e-02 -3.35244086e-01 -1.07517591e+01
  3.42066535e+02] 10.757128864237393
[-3.18685813e+00 -2.11536062e-01 -9.12157505e-02 -1.07384984e+01
  3.44215722e+02] 10.740968991031187
[-3.21821423e+00  1.23790303e-01 -9.55030414e-02 -1.09669039e+01
  3.46727282e+02] 10.968018279039384
[-3.18791587e+00  2.23101622e-02  1.37393413e-02 -1.10598591e+01
  3.48231876e+02] 11.059890105285385
[-3.24076720e+00  8.77035699e-02 -5.73394329e-02 -1.05244821e+01
  3.41924017e+02] 10.525003701344815
[-3.25174230e+00 -3.52429312e-01 -9.11967381e-02 -1.07561731e+01
  3.41824696e+02] 10.762331653729557
[-3.19556963e+00  9.94677979e-02  3.10298004e-03 -1.10115272e+01
  3.47481445e+02] 11.011976829362908
[-3.19668220e+00  7.01469806e-02  2.53849949e-02 -1.07640778e+01
  3.42752968e+02] 10.764336273621684
[-3.31585041e+00  1.43124928e-01 -9.55717980e-02 -1.10614897e+01
  3.45272750e+02] 11.062828470482
[-3.21137019e+00 -6.77630847e-02 -2.13545387e-01 -1.06500213e+01
  3.42916835e+02] 10.652377566733076
[-3.26417687e+00  2.97444058e-01 -1.27861840e-01 -1.07391090e+01
  3.41531029e+02] 10.743988210962645
[-3.21211005e+00  2.54471827e-03  2.52285081e-01 -1.07035901e+01
  3.42930287e+02] 10.706563146946012
[-3.19552670e+00  2.32429018e-01 -1.17263291e-01 -1.08109770e+01
  3.42294399e+02] 10.814111057909326
[-3.31208976e+00 -1.87337865e-01 -2.04504161e-01 -1.06385204e+01
  3.40118365e+02] 10.64213478952715
[-3.26289134e+00 -7.05421110e-02 -1.08066969e-01 -1.09133003e+01
  3.46833638e+02] 10.914063307895926
[-3.20055651e+00  1.45017305e-01  9.16542782e-02 -1.08591850e+01
  3.45154044e+02] 10.860540058813417
[-3.16929642e+00  1.31702115e-01  6.55195613e-02 -1.06551233e+01
  3.44424780e+02] 10.65613859640974
[-3.24921274e+00  8.19064060e-02  8.62406782e-02 -1.10521879e+01
  3.47290694e+02] 11.052827832409632
[-3.15600647e+00 -7.17457489e-02  3.97339965e-02 -1.06267555e+01
  3.41683906e+02] 10.62707196552354
[-3.20766936e+00  2.07775271e-01  7.04633040e-02 -1.08220327e+01
  3.45334775e+02] 10.824256427070523
[-3.14388710e+00 -7.07696580e-02  3.38035328e-02 -1.09855997e+01
  3.45167830e+02] 10.985879621954451
[-3.24268912e+00  9.24052475e-02 -1.44809067e-01 -1.07548162e+01
  3.46035865e+02] 10.75618795893422
[-3.25170136e+00  2.73077453e-01  8.19079026e-02 -1.08510486e+01
  3.43907729e+02] 10.854793225208589
[-3.26745731e+00 -2.65151212e-01  1.83810526e-01 -1.10895984e+01
  3.48441810e+02] 11.094290635956302
[-3.23715008e+00  2.95836110e-01  3.98039275e-02 -1.07231851e+01
  3.44871901e+02] 10.727339019395703
[-3.21571009e+00  6.76105717e-02  1.22778494e-01 -1.09330181e+01
  3.47077804e+02] 10.933916570195848
[-3.20883269e+00  1.61258748e-01 -5.28830101e-03 -1.07500443e+01
  3.46776906e+02] 10.751255060457602
[-3.24952673e+00 -3.53360210e-02  8.91577946e-02 -1.08018031e+01
  3.42305888e+02] 10.802228864634813
[-3.31413682e+00 -1.40899132e-03  2.88726427e-02 -1.09405280e+01
  3.43376582e+02] 10.940566152733139
[-3.25563380e+00  1.76017905e-01  8.14164697e-02 -1.08602387e+01
  3.45766752e+02] 10.861970113876486
[-3.26483039e+00  9.89893553e-03  8.62740410e-03 -1.05658224e+01
  3.40972526e+02] 10.565830580460194
[-3.23969816e+00  1.09007401e-01  1.94306676e-01 -1.07365234e+01
  3.44453528e+02] 10.738834783944908
[-3.20556862e+00  4.49164060e-02 -2.38225331e-03 -1.06414204e+01
  3.43192889e+02] 10.641515505887691
[-3.31597928e+00 -5.27943678e-01 -1.14023426e-02 -1.08291062e+01
  3.44213449e+02] 10.841973796848372
[-3.17320038e+00 -8.87876441e-02  1.45900455e-01 -1.08138347e+01
  3.46352618e+02] 10.815183407584346
[-3.19236214e+00 -9.02842381e-03  6.92883766e-02 -1.07712637e+01
  3.46955937e+02] 10.771490355855123
[-3.19653091e+00 -1.61753477e-01  9.36073462e-02 -1.11991057e+01
  3.48333184e+02] 11.200664969733067
[-3.27345139e+00  5.03704068e-02  3.41410113e-02 -1.11535916e+01
  3.48353959e+02] 11.153757638209607
[-3.19657224e+00 -2.33592731e-01 -4.33928418e-02 -1.05200067e+01
  3.43710521e+02] 10.522689236604265
[-3.25305794e+00 -1.33210670e-02  1.40549283e-01 -1.10815108e+01
  3.48143090e+02] 11.082410056559956
[-3.35849417e+00  3.11574555e-02  6.78738795e-02 -1.08379808e+01
  3.43969113e+02] 10.838238110423276
[-3.20659358e+00  1.51995850e-01  4.16105561e-02 -1.08308410e+01
  3.44614921e+02] 10.831987426673384
[-3.28366853e+00 -2.32039929e-01 -2.49809430e-03 -1.08152347e+01
  3.44774683e+02] 10.817723861928757
[-3.19378278e+00  1.27447095e-01  9.45725410e-02 -1.09206355e+01
  3.46428272e+02] 10.921788592746127
[-3.14165950e+00  3.83296429e-02  2.23331229e-01 -1.08279340e+01
  3.43866066e+02] 10.83030477483927
[-3.21898288e+00  1.01560801e-01  1.51850847e-01 -1.06412228e+01
  3.44225941e+02] 10.64279078798396
[-3.27950404e+00 -2.73684894e-01  2.10345638e-01 -1.07794710e+01
  3.44762550e+02] 10.784996208232139
[-3.25897906e+00  1.45975292e-01 -6.03611361e-02 -1.07894610e+01
  3.43550428e+02] 10.79061722576679
[-3.28731466e+00 -2.23380153e-01 -6.79660617e-02 -1.10088264e+01
  3.46140166e+02] 11.011302242839763
[-3.20629687e+00 -2.07122898e-01 -6.28082020e-02 -1.09367463e+01
  3.48032609e+02] 10.938887719520089
[-3.15315486e+00  4.58180899e-02 -1.89131087e-01 -1.08594287e+01
  3.46454537e+02] 10.861172218963814
[-3.27499359e+00  1.49306741e-01  6.75513830e-02 -1.07228874e+01
  3.42888016e+02] 10.724139573093272
[-3.24960876e+00 -2.44956002e-01  7.86781703e-02 -1.06848807e+01
  3.44296050e+02] 10.6879778245852
[-3.19869619e+00  2.19431261e-01  6.80805293e-02 -1.08106994e+01
  3.45580972e+02] 10.813140478165467
[-3.20187623e+00 -8.11129929e-02  2.34867030e-01 -1.09193384e+01
  3.47519122e+02] 10.922165221394822
[-3.21490757e+00  1.50261341e-02  1.72432877e-01 -1.05870771e+01
  3.41690640e+02] 10.588491931511758
[-3.27248943e+00 -3.94870833e-02  2.00011366e-02 -1.09036222e+01
  3.44940495e+02] 10.903712031050611
[-3.22797987e+00  5.99242984e-02  1.39896555e-01 -1.07618677e+01
  3.43845157e+02] 10.762943718226765
[-3.27058232e+00 -3.58564797e-01 -1.01904021e-01 -1.07767984e+01
  3.44518047e+02] 10.783243365220208
[-3.27931888e+00 -1.41364368e-01  1.35163611e-02 -1.08769370e+01
  3.45407887e+02] 10.87786403742406
[-3.24764374e+00  1.48127634e-01 -1.02290417e-01 -1.11216717e+01
  3.47056111e+02] 11.123128405217424
[-3.23137056e+00  1.60765445e-02  3.09668393e-01 -1.09634080e+01
  3.46264009e+02] 10.967792278702575
[-3.23504020e+00 -1.03027190e-01  1.47570423e-01 -1.10395005e+01
  3.47265561e+02] 11.040967524001902
[-3.27132633e+00 -6.96870153e-02  2.50655808e-01 -1.09081367e+01
  3.46440085e+02] 10.911238692432542
[-3.26900993e+00 -1.04860131e-02 -1.79255612e-01 -1.07843363e+01
  3.47724606e+02] 10.785831033560779
[-3.21050578e+00 -1.92974005e-01  3.19560493e-01 -1.06564875e+01
  3.45125573e+02] 10.663024160652569
[-3.24953407e+00  4.20503524e-02  7.47117837e-02 -1.07790604e+01
  3.46208363e+02] 10.779401373631286
[-3.25965675e+00 -7.69691227e-02  2.63521307e-01 -1.07730000e+01
  3.44800268e+02] 10.776497417434985
[-3.22365018e+00  6.13906656e-02  5.51093255e-02 -1.08619537e+01
  3.44972408e+02] 10.86226699777329
[-3.29168151e+00 -1.26007011e-01 -4.40998729e-02 -1.07087895e+01
  3.43608191e+02] 10.709621637120824
[-3.29642579e+00  1.89902986e-02  1.57650647e-01 -1.08452310e+01
  3.46195965e+02] 10.846393437668217
[-3.32022687e+00  1.22582490e-01 -1.91652055e-01 -1.08726120e+01
  3.45172726e+02] 10.874991853601697
[-3.28433638e+00  2.49775320e-01 -6.08305088e-02 -1.09911841e+01
  3.47786219e+02] 10.99419014490187
[-3.26530369e+00  7.79250308e-03 -2.72934900e-01 -1.08024680e+01
  3.45033357e+02] 10.805918235692124
[-3.26119175e+00  2.13898623e-01  5.41491513e-02 -1.09350822e+01
  3.45275645e+02] 10.937308100729808
[-3.27416592e+00 -2.72515360e-04  2.18613993e-01 -1.11850564e+01
  3.47465188e+02] 11.187192576644417
[-3.18696523e+00 -5.59366056e-02 -1.86546978e-01 -1.05459378e+01
  3.41703996e+02] 10.547735907628386
[-3.20236976e+00 -1.01513576e-01  8.52285745e-02 -1.06420995e+01
  3.44911715e+02] 10.642924948866417
[-3.23550428e+00 -5.28474501e-02  3.16481510e-02 -1.07279322e+01
  3.42635688e+02] 10.728109025256751
[-3.21879758e+00  7.38392468e-02 -1.46869759e-01 -1.09972636e+01
  3.46103045e+02] 10.998492164109132
[-3.19248142e+00  1.81601776e-01 -3.04544545e-01 -1.10074305e+01
  3.48259955e+02] 11.013139995318209
[-3.27287186e+00 -3.79052784e-01 -2.61970640e-02 -1.09493048e+01
  3.45157725e+02] 10.955895376150652
[-3.30829846e+00 -3.63856009e-01  9.70834494e-02 -1.09278034e+01
  3.47428503e+02] 10.93429027664248
[-3.30552980e+00  1.54719177e-01  1.00061962e-01 -1.10665538e+01
  3.45267913e+02] 11.068087594932507
[-3.20844387e+00  1.21936236e-01  2.68190695e-02 -1.07676336e+01
  3.45086898e+02] 10.768357435760517
[-3.19633957e+00  2.47187627e-02 -1.41068621e-01 -1.08681468e+01
  3.45526732e+02] 10.869090446327402
[-3.17551855e+00  5.23053875e-02 -1.27923783e-01 -1.06528190e+01
  3.43809538e+02] 10.65371548302814
[-3.21245347e+00 -8.19379860e-03  1.58816928e-01 -1.09103572e+01
  3.44638197e+02] 10.911516104219626
[-3.23534342e+00 -5.49783471e-02 -2.06838128e-01 -1.05423196e+01
  3.44541408e+02] 10.544491823589118
[-3.19265517e+00  1.33030149e-01 -2.76804425e-01 -1.06619855e+01
  3.43599006e+02] 10.666407628304215
[-3.19781365e+00  9.70024555e-02  6.71520122e-03 -1.09546132e+01
  3.46873109e+02] 10.955044714438374
[-3.24161854e+00  1.73408272e-01 -1.27524851e-02 -1.09467886e+01
  3.46278194e+02] 10.948169378129837
[-3.24580954e+00 -1.10781361e-01 -3.30514384e-03 -1.09820274e+01
  3.45485628e+02] 10.982586678013837
[-3.20838314e+00 -1.79154431e-01  3.42577089e-02 -1.06773851e+01
  3.42857772e+02] 10.678942974466842
[-3.27323353e+00  1.08741021e-01 -1.28812507e-01 -1.06754519e+01
  3.45055912e+02] 10.676782745496379
[-3.21995890e+00 -8.55844223e-03 -1.46169957e-02 -1.05440033e+01
  3.44609965e+02] 10.544016899935782
[-3.25938568e+00  2.54588597e-01 -6.08519587e-02 -1.09798001e+01
  3.46618348e+02] 10.982919812659244
[-3.20958182e+00  2.85941079e-01  9.03605245e-03 -1.09577154e+01
  3.45243832e+02] 10.96144933852416
[-3.21289816e+00 -1.24339294e-01 -2.08871394e-01 -1.10041093e+01
  3.45856548e+02] 11.006793773605967
[-3.20247191e+00  1.98392014e-01  2.80913603e-02 -1.07962088e+01
  3.44331148e+02] 10.79806801675076
[-3.21822458e+00 -1.57169905e-01  2.43311146e-02 -1.07879459e+01
  3.44823780e+02] 10.789118190547015
[-3.22304468e+00  2.59856222e-01  4.21202411e-02 -1.08508472e+01
  3.46663931e+02] 10.854040021310892
[-3.14931413e+00 -1.22639903e-01 -6.73462802e-03 -1.06833427e+01
  3.46378846e+02] 10.6840487399864
[-3.20936542e+00 -2.00296611e-01 -2.83366148e-02 -1.07340615e+01
  3.43937001e+02] 10.735967524825075
[-3.28658832e+00 -1.88836220e-01 -1.33730049e-01 -1.07108139e+01
  3.43471796e+02] 10.713313048119339
[-3.25494274e+00 -4.93426305e-02  6.00671744e-02 -1.09221632e+01
  3.45735319e+02] 10.922439855815929
[-3.21413868e+00 -8.55502325e-02  5.81165172e-02 -1.10013635e+01
  3.46768263e+02] 11.00184957987746
[-3.25241292e+00 -3.07913315e-01 -2.82836868e-02 -1.08136261e+01
  3.43998183e+02] 10.818045986899444
[-3.29664891e+00  1.18926058e-01 -1.13931721e-01 -1.08963062e+01
  3.45084611e+02] 10.897550717663808
[-3.24822293e+00 -1.91936533e-01 -1.34820914e-02 -1.08754181e+01
  3.43968993e+02] 10.87712008401273
[-3.18639852e+00 -1.38430846e-01 -2.99958691e-03 -1.09508062e+01
  3.48090275e+02] 10.951681495599068
[-3.25096958e+00 -7.05732840e-02 -1.41212845e-01 -1.07974903e+01
  3.43886362e+02] 10.798644252786252
[-3.28392608e+00 -2.30171494e-01 -1.70564327e-01 -1.06500314e+01
  3.43077466e+02] 10.65388380785303
[-3.29868164e+00 -1.66631441e-01  5.28689059e-02 -1.07536559e+01
  3.44705853e+02] 10.75507681646036
[-3.18715638e+00  1.26264874e-01 -7.03049693e-02 -1.08089217e+01
  3.44774426e+02] 10.809887811125149
[-3.15621942e+00 -1.81356437e-01  1.69496785e-01 -1.07315570e+01
  3.43886308e+02] 10.73442754647034
[-3.24685869e+00  5.32724176e-02 -3.36037506e-03 -1.06514429e+01
  3.45108188e+02] 10.651576695195638
[-3.23398124e+00  7.82409656e-02  9.39384453e-02 -1.10033064e+01
  3.46673959e+02] 11.003985583743153
[-3.25989625e+00 -1.57868695e-01  1.83629758e-01 -1.09636490e+01
  3.45339508e+02] 10.9663230402751
[-3.23698536e+00 -6.78481441e-02 -2.73499964e-01 -1.08811469e+01
  3.46703625e+02] 10.88479508966893
[-3.16214433e+00  1.02120617e-01 -1.61533311e-01 -1.06650159e+01
  3.46238651e+02] 10.66672793500489
[-3.18750274e+00 -5.46690186e-02  1.39626347e-01 -1.08355362e+01
  3.47076323e+02] 10.836573631799807
[-3.33237426e+00  1.71295034e-01 -2.09869526e-01 -1.12387931e+01
  3.47025257e+02] 11.242057486208004
[-3.26589711e+00  4.19942536e-02  1.14905869e-01 -1.06960906e+01
  3.44288331e+02] 10.696790224739576
[-3.24954360e+00  2.13433846e-01  5.04802359e-02 -1.07309125e+01
  3.43715237e+02] 10.7331535633247
[-3.25965569e+00 -2.44534117e-01 -8.69981155e-02 -1.08667609e+01
  3.45431509e+02] 10.86986009177771
[-3.22289848e+00  2.46062120e-01 -2.15098803e-01 -1.09370877e+01
  3.47657681e+02] 10.941969692663276
[-3.21017110e+00 -1.74377369e-01 -2.11871873e-02 -1.06348772e+01
  3.43519990e+02] 10.636327850531394
[-3.19689611e+00 -6.25880308e-02 -6.91174924e-03 -1.06573018e+01
  3.43190347e+02] 10.657487789319237
[-3.20648242e+00 -2.14912856e-01 -5.77769493e-02 -1.07621080e+01
  3.42740224e+02] 10.764408731941597
[-3.25014710e+00 -1.00966860e-01 -1.57124527e-01 -1.08322506e+01
  3.45538427e+02] 10.833860558623547
[-3.20641317e+00 -2.71295687e-01  1.30666901e-01 -1.10027043e+01
  3.47423987e+02] 11.006824108610099
[-3.17028856e+00  1.16759906e-01 -5.77125662e-02 -1.04564782e+01
  3.41782450e+02] 10.457289288853067
[-3.16692523e+00  4.07419961e-01  6.03076179e-02 -1.05741480e+01
  3.43798841e+02] 10.582165868651021
