/mnt/stage/douwei/Simulation/5kt_root/2MeV/5kt_+4.20_3.root
[-2.97177834e+00  2.25995537e-03 -3.30791930e-01  4.35967714e+00
  2.96981922e+02] 4.372209185063372
[-3.00585408e+00 -1.30903950e-01  2.06355689e-01  4.02706354e+00
  2.99024304e+02] 4.034471378528406
[-3.00974218e+00 -2.66851381e-01  2.85056686e-01  4.63392425e+00
  2.99935028e+02] 4.650346325221967
[-3.10857926e+00 -3.53069026e-01 -1.65876608e-01  3.96237866e+00
  2.96820681e+02] 3.9815345546686514
[-3.12194410e+00  1.94213990e-02  3.82071576e-01  4.16926559e+00
  2.96065078e+02] 4.186780556814061
[-2.96847691e+00 -7.04257296e-02 -2.35947056e-01  4.24338964e+00
  2.98850588e+02] 4.250527785947993
[-3.05954632e+00 -2.21167987e-01  1.04224793e-01  4.14487424e+00
  2.98715400e+02] 4.1520790657163005
[-3.05296699e+00  2.42556340e-01  1.75857823e-01  4.64104895e+00
  2.99314461e+02] 4.650709078111376
[-3.00067258e+00 -1.15710078e-01 -1.22856667e-01  4.26358815e+00
  2.97389518e+02] 4.266927056234805
[-3.02462094e+00 -2.29841366e-01  2.07069762e-01  4.15897836e+00
  2.97251873e+02] 4.170468316583806
[-3.06022490e+00 -3.27828711e-01  2.45598718e-01  4.35561637e+00
  2.96966777e+02] 4.374835350055232
[-3.11020073e+00 -1.56203612e-01 -3.15351963e-01  4.12180791e+00
  2.97158718e+02] 4.136803941926135
[-2.96455009e+00  2.69175947e-01  2.74991686e-01  4.09268319e+00
  2.97165171e+02] 4.110733730487166
[-3.00291816e+00 -7.56360294e-02  2.08899752e-01  4.31249303e+00
  2.98763102e+02] 4.31821213204987
[-3.16073604e+00 -2.03297277e-01  1.45265107e-01  4.22304697e+00
  2.95335671e+02] 4.230432298428307
[-3.00959216e+00  9.30458928e-03 -1.95918597e-01  4.31870294e+00
  2.98887939e+02] 4.323154603542381
[-3.08022852e+00  1.96651536e-01 -5.09339131e-03  4.55945423e+00
  2.99184096e+02] 4.563695944626797
[-3.00299950e+00 -3.11073285e-03  3.03628775e-01  4.11026370e+00
  2.97776003e+02] 4.121464276861837
[-2.97739410e+00 -8.99808229e-03 -2.22995984e-01  4.25909307e+00
  2.98038908e+02] 4.264936339736727
[-3.03021617e+00  4.95940655e-01  1.59809273e-01  4.36695688e+00
  2.99736327e+02] 4.397932302487409
[-3.06482215e+00  1.81953687e-01  1.35386846e-01  4.05351737e+00
  2.97751262e+02] 4.05985711652493
[-3.05065908e+00 -1.00535889e-01  1.12899693e-01  4.20565956e+00
  2.98441313e+02] 4.208375716399137
[-3.00812250e+00  4.44375979e-02  1.19169024e-01  4.03476209e+00
  2.97301063e+02] 4.036766163104642
[-3.02253820e+00  1.76778295e-01 -2.28215275e-01  4.36277614e+00
  2.98783991e+02] 4.372316138465457
[-3.08679565e+00  4.64037904e-02 -9.95807428e-02  4.08455349e+00
  2.97282894e+02] 4.086030698494176
[-3.05111412e+00  7.71196491e-02  1.86146165e-01  4.46528035e+00
  3.00124005e+02] 4.469823985680236
[-3.06267425e+00  2.20465008e-01 -2.40095392e-01  4.36713777e+00
  2.98063029e+02] 4.3792856639613476
[-3.04808300e+00 -4.20190543e-02 -1.00203357e-01  4.30192754e+00
  2.96042322e+02] 4.3032995362232445
[-3.03366697e+00  3.00939503e-01 -9.00958569e-02  4.31665257e+00
  2.97280306e+02] 4.328067844409656
[-3.11760393e+00  4.07614289e-02  6.31598309e-02  4.51803310e+00
  2.99045018e+02] 4.518658398663781
[-3.01157887e+00  6.29308100e-03  1.52349194e-01  4.31728608e+00
  2.98365585e+02] 4.319977889738464
[-3.09102728e+00  1.05610445e-02 -5.61001503e-02  3.95976495e+00
  2.95758884e+02] 3.9601764166823146
[-3.07500625e+00 -5.33517337e-02 -2.04926140e-01  4.13291560e+00
  2.98051689e+02] 4.138336923931722
[-2.98297484e+00  6.52333360e-02  3.29393082e-01  4.28388729e+00
  2.99020740e+02] 4.297027518033237
[-3.05733358e+00 -1.87436560e-01 -5.81036109e-02  4.14862448e+00
  2.97646932e+02] 4.153262998550941
[-2.98063549e+00  3.23599193e-01  2.41525998e-01  4.27207027e+00
  2.98196713e+02] 4.291111238358188
[-3.03111633e+00 -3.56405654e-02  4.57197489e-02  4.21902756e+00
  2.97742225e+02] 4.21942580276825
[-2.99845852e+00  3.48299830e-01 -1.14948234e-01  4.24918451e+00
  2.99924684e+02] 4.264984742157248
[-3.08201686e+00  1.91699844e-01  1.58498857e-01  4.49723895e+00
  2.99357113e+02] 4.50411244116253
[-3.00157121e+00 -1.42194787e-01 -1.64114638e-01  3.86771470e+00
  2.94417355e+02] 3.873805622898783
[-3.08503244e+00 -9.17924397e-02 -3.20343368e-01  4.35575388e+00
  2.97962136e+02] 4.368482299296509
[-3.02552297e+00 -6.59668281e-02  4.54839561e-01  4.26745332e+00
  2.99445325e+02] 4.292130994037735
[-3.10320520e+00 -2.69451574e-01 -1.04205230e-02  4.40180638e+00
  2.98233321e+02] 4.410058064513215
[-3.08542936e+00  6.94296926e-02  4.01126843e-02  4.42772785e+00
  2.98559434e+02] 4.428453846077281
[-3.04663314e+00  1.31147012e-01  1.76702510e-01  4.55855323e+00
  2.99293408e+02] 4.563861400160415
[-3.09719052e+00  2.26741925e-01  9.74014609e-02  4.26802850e+00
  2.99596779e+02] 4.275156868373254
[-3.03193201e+00 -2.39853879e-01 -4.37630371e-02  4.33170195e+00
  2.97774276e+02] 4.338558153955914
[-3.00249066e+00  2.10970398e-01 -3.24076531e-01  4.38659763e+00
  2.98270216e+02] 4.40360907477449
[-3.01994887e+00 -1.62317179e-01  1.18304450e-01  4.50046914e+00
  2.98086067e+02] 4.504948974618004
[-3.11085051e+00  4.82993922e-02 -1.15360532e-01  4.09375293e+00
  2.95923104e+02] 4.095662824398461
[-2.99330871e+00  6.80986382e-02  1.75289529e-01  4.28867383e+00
  2.97497208e+02] 4.292794780721788
[-3.00117066e+00  1.59634749e-01  1.22789984e-01  4.27317586e+00
  2.98553036e+02] 4.277919188546684
[-2.99537220e+00  2.31839580e-01 -2.74639024e-01  4.37161607e+00
  2.99966120e+02] 4.386365608784909
[-3.00696610e+00  6.09648572e-02  9.62992445e-02  4.26279318e+00
  2.98901674e+02] 4.264316582513852
[-3.10825457e+00 -3.50527909e-02  1.19932165e-01  4.31123075e+00
  2.98492433e+02] 4.313041038545735
[-2.98902502e+00  1.05580100e-02  5.38354345e-02  4.29102344e+00
  2.98518229e+02] 4.291374123414102
[-2.95858069e+00 -2.19620201e-01  5.11183554e-02  4.05961918e+00
  2.97736387e+02] 4.0658767805770655
[-3.01959551e+00  5.95611197e-02 -1.16558002e-01  4.20383496e+00
  2.96757913e+02] 4.2058722839979445
[-2.99915541e+00  1.38162927e-01 -4.90327779e-02  4.02584275e+00
  2.97108273e+02] 4.0285112706594965
[-3.13102863e+00 -2.63339790e-02  2.16127928e-01  4.44148384e+00
  2.99344939e+02] 4.446817233117802
[-3.08513972e+00  1.35529597e-01  2.72633203e-01  4.30842104e+00
  2.96735457e+02] 4.319165314896298
[-3.07693594e+00 -3.42181365e-01  4.52977622e-02  4.11455918e+00
  2.96481245e+02] 4.129011653069688
[-2.93375463e+00  1.84208404e-01  3.52162884e-02  4.10103632e+00
  2.97959911e+02] 4.105322379084416
[-3.01977252e+00 -3.19442530e-01 -7.42481201e-03  4.14684660e+00
  2.97049305e+02] 4.159138782432816
[-3.06295797e+00 -3.21918511e-01  1.89304499e-01  4.10782156e+00
  2.95573234e+02] 4.124762496831048
[-3.03947545e+00  4.24308634e-01  2.20925721e-01  4.38260258e+00
  2.99034717e+02] 4.408633730362967
[-2.98203380e+00 -1.65494982e-01 -1.21055640e-01  4.41108992e+00
  3.00400020e+02] 4.415852952542628
[-3.07946886e+00 -4.00994972e-02  9.93760255e-03  4.39796321e+00
  3.00583746e+02] 4.398157238977052
[-3.02724832e+00 -1.37367666e-01 -1.40403020e-01  4.27742216e+00
  2.95973929e+02] 4.281929849560056
[-2.99449795e+00 -1.57727986e-01 -2.45422501e-01  4.49618993e+00
  3.00754014e+02] 4.505644704321432
[-3.06790816e+00  1.80774220e-01 -1.48508280e-01  4.38865285e+00
  2.96715229e+02] 4.394884282835351
[-3.09136558e+00 -1.30091457e-01  2.63867010e-01  4.29215474e+00
  2.98107423e+02] 4.30222522579579
[-2.91985379e+00 -6.89056177e-02 -7.23269248e-02  4.33344690e+00
  2.98756465e+02] 4.334598160800209
[-3.01668196e+00  1.31230558e-01  2.29484296e-01  4.23129959e+00
  2.98302581e+02] 4.239549591473354
[-2.99423017e+00  5.99996566e-02 -9.51365355e-03  4.21626755e+00
  2.96852873e+02] 4.216705168895382
[-3.06088484e+00 -1.52260846e-01  3.32959190e-01  4.11310944e+00
  2.96915115e+02] 4.129372157984039
[-3.05215504e+00  8.05846746e-02  8.99631867e-03  4.49165222e+00
  2.99100555e+02] 4.492384054485742
[-3.17617285e+00 -2.91379407e-01  6.95505410e-02  4.22683632e+00
  2.96042222e+02] 4.237438441595538
[-3.01201681e+00 -1.23873357e-01  4.65716847e-01  3.88777002e+00
  2.95131412e+02] 3.917523770017271
[-3.05577065e+00  7.66543435e-02 -3.22942828e-02  4.22130896e+00
  2.96207017e+02] 4.222128393882879
[-3.00853107e+00  1.31677605e-01 -2.40160053e-01  4.33961580e+00
  2.98875180e+02] 4.348250350304417
[-3.05623923e+00 -2.51143137e-01  1.35997424e-01  4.11722872e+00
  2.96937196e+02] 4.127122546402533
[-2.99710986e+00 -4.79482612e-02  1.18314803e-01  4.42317865e+00
  2.98084214e+02] 4.425020542702374
[-2.97886291e+00 -3.30281422e-01  1.60137460e-01  4.32971960e+00
  2.97830618e+02] 4.345250468444238
[-3.12755752e+00  4.58849194e-02  1.49694975e-01  3.96777003e+00
  2.95770753e+02] 3.97085796681322
[-2.99487149e+00  1.31172908e-01 -3.88823179e-02  4.51167918e+00
  2.99533996e+02] 4.513753116306243
[-3.14979641e+00 -1.35795588e-01  8.36296982e-02  4.20532086e+00
  2.97159297e+02] 4.208343844016692
[-3.04287819e+00 -5.53395562e-02  6.62370315e-02  4.12986366e+00
  2.95205132e+02] 4.130765507093483
[-3.04477135e+00 -6.66817517e-02  5.45739068e-02  4.01332320e+00
  2.97930143e+02] 4.014248113145939
[-3.04060706e+00 -1.53281704e-02 -3.02394323e-01  4.27446816e+00
  2.96944229e+02] 4.285178560088718
[-3.00004088e+00  1.92368657e-01  3.57272770e-02  4.14830844e+00
  2.96052822e+02] 4.152920063936371
[-3.00028113e+00 -5.48075015e-02 -1.35938702e-02  4.40134408e+00
  2.98547722e+02] 4.401706305009774
[-3.04312409e+00 -6.76683840e-02  1.03765449e-01  4.34052125e+00
  2.97044953e+02] 4.342288685729146
[-3.03020963e+00 -2.81690061e-01  4.83282181e-02  4.29001183e+00
  2.96937265e+02] 4.299521645572768
[-3.03947804e+00 -3.45481331e-02 -1.63978394e-01  4.45400405e+00
  2.98870902e+02] 4.457155437830337
[-3.09026486e+00 -8.68960277e-02  9.87197285e-02  4.22163774e+00
  2.97340646e+02] 4.223685797209191
[-3.03504807e+00 -5.98857346e-02  4.18676836e-02  3.93976670e+00
  2.95406987e+02] 3.9404442422880805
[-3.01281706e+00  3.01147436e-01  1.72584042e-01  4.52245253e+00
  3.00917299e+02] 4.5357526306240725
[-3.04885825e+00  3.88877825e-02 -3.29748322e-02  3.89037534e+00
  2.96786317e+02] 3.8907094294083397
[-3.05892146e+00  3.98606121e-02  4.43290413e-01  4.27124752e+00
  2.98640023e+02] 4.294374302308504
[-3.07779136e+00  2.32283857e-01 -2.21716123e-01  4.50005010e+00
  2.99041633e+02] 4.511492521383197
[-3.05590361e+00  1.13948387e-01  9.61680106e-02  4.00686260e+00
  2.96868030e+02] 4.009635944169934
[-3.07234735e+00  2.42619774e-02  4.08589075e-01  3.99809360e+00
  2.94563184e+02] 4.018990687116517
[-3.17041211e+00 -1.18614263e-02 -1.00846727e-01  4.60786306e+00
  2.97662806e+02] 4.608981746393704
[-2.98538924e+00  1.00090671e-01 -7.76521351e-06  4.57728041e+00
  2.99666675e+02] 4.578374617497733
[-3.04844023e+00  1.29283992e-01  8.88602125e-02  4.50488686e+00
  3.02123722e+02] 4.5076175655799995
[-3.05059479e+00  2.89961224e-01 -1.21278143e-01  3.97834784e+00
  2.99270471e+02] 3.9907439733121097
[-3.11848543e+00  2.77001963e-01  7.02961769e-02  4.20875298e+00
  2.98999822e+02] 4.218444417208194
[-3.03790937e+00  8.89784051e-02 -9.91820181e-02  4.51612087e+00
  2.99104315e+02] 4.518086096476066
[-3.04612200e+00  1.33552075e-01  6.59558057e-02  4.20469553e+00
  2.99484929e+02] 4.207332979913774
[-3.12628632e+00 -8.89735196e-02  1.41543993e-01  4.22830361e+00
  2.98070279e+02] 4.231607543645352
[-3.03873198e+00  8.47629763e-02 -1.06160377e-01  4.38958793e+00
  2.97178245e+02] 4.39168954094687
[-3.00197842e+00 -4.95744132e-02 -2.22775588e-01  4.24187471e+00
  2.97207355e+02] 4.248009849511163
[-3.04560896e+00 -3.19315774e-02 -4.08408111e-01  4.47575231e+00
  3.00233714e+02] 4.494460536463611
[-3.06617922e+00  3.21549126e-02  2.26255851e-03  4.25332163e+00
  2.97708301e+02] 4.253443774822516
[-2.97122816e+00  1.54994028e-02 -3.17933076e-01  3.79633749e+00
  2.95469993e+02] 3.8096587817767125
[-3.05687869e+00 -3.14512764e-01 -2.77500635e-03  4.38909389e+00
  2.97469579e+02] 4.4003489852906705
[-2.99557436e+00 -5.77154229e-02 -3.04386892e-01  4.23608950e+00
  2.98127026e+02] 4.247403522720916
[-3.04659389e+00  2.62913554e-01 -1.22341708e-01  4.20784391e+00
  2.97313419e+02] 4.217824249684601
[-3.02330881e+00  9.49680359e-02  1.42242436e-01  4.03033023e+00
  2.95369402e+02] 4.033957559319695
[-2.98404744e+00  2.81387856e-02 -1.69764579e-01  4.07251061e+00
  2.96327223e+02] 4.076144562911763
[-3.11135949e+00 -7.35392541e-03  4.76025051e-01  4.13661541e+00
  2.96132078e+02] 4.163921350521636
[-2.93682286e+00 -1.62005377e-01  3.68250740e-03  4.03027230e+00
  2.96915068e+02] 4.033528742372068
[-3.03984232e+00  1.17542683e-01  2.26198903e-02  4.05659831e+00
  2.97506152e+02] 4.058363925384162
[ -2.95889915  -0.3824501   -0.34000795   3.99097945 296.18492532] 4.023653873650292
[-2.96351980e+00 -5.03584374e-01  2.07036333e-01  4.51594405e+00
  2.99014002e+02] 4.548649464968503
[-2.99669772e+00 -1.19050284e-02 -4.46334233e-02  4.32045982e+00
  2.99014561e+02] 4.320706760982657
[-3.05651189e+00  3.12600889e-01 -8.69150714e-03  4.06747499e+00
  2.96203924e+02] 4.079478844424943
[-3.03635046e+00  1.44694438e-02 -2.59024283e-02  3.97288491e+00
  2.97596762e+02] 3.972995697610821
[-3.08297291e+00  1.77089206e-01 -1.92955391e-01  4.36599946e+00
  2.98184242e+02] 4.373847690074779
[-3.02226184e+00 -4.03911907e-01 -1.92555968e-01  4.43930207e+00
  2.96252418e+02] 4.461796219032547
[-3.06609594e+00 -4.32948306e-01 -4.66121719e-02  4.43314246e+00
  2.98747093e+02] 4.454477412882113
[-3.10683712e+00  1.07125258e-01 -2.36012622e-01  4.32596569e+00
  2.97991626e+02] 4.333723216859641
[-3.04725117e+00 -1.04848310e-01 -2.71374339e-01  4.56762140e+00
  2.99368784e+02] 4.576876933490533
[-3.05152069e+00  2.82114925e-01  5.50621423e-02  4.21838288e+00
  2.97304373e+02] 4.228164471303519
[-3.04071734e+00 -3.84991188e-03  1.44805361e-01  4.13016588e+00
  2.96369701e+02] 4.132705366552498
[-2.96155508e+00 -7.55429206e-02  2.41004160e-02  4.27990521e+00
  3.00245339e+02] 4.280639696470539
[-3.02805656e+00 -2.07776168e-01  2.13156609e-01  4.18883742e+00
  2.95870956e+02] 4.199400625650739
[-3.08537210e+00 -1.82759547e-01  6.80945593e-02  3.99027391e+00
  2.94753686e+02] 3.9950373950869427
[-2.91737736e+00 -8.04386211e-02  2.59908790e-01  4.40206290e+00
  2.99734659e+02] 4.410462645381608
[-3.05225630e+00  1.43571375e-02  2.56090133e-02  3.97571439e+00
  2.96737607e+02] 3.975822785441288
[-3.07786479e+00 -2.83440907e-01 -2.10691010e-01  4.44986340e+00
  2.99386089e+02] 4.463856376277329
[-3.03299817e+00 -1.61064295e-01  3.07914541e-02  4.50334561e+00
  2.99214543e+02] 4.506330157530573
[-3.06941887e+00  4.63929901e-02  1.29553565e-01  4.00115004e+00
  2.97018041e+02] 4.003515714635492
[-3.11943633e+00  2.62364211e-01  8.49866742e-02  4.49821795e+00
  2.98424338e+02] 4.506664229780086
[-3.08019485e+00 -5.00111259e-02  6.52950129e-02  4.20490246e+00
  2.96601745e+02] 4.205706748066292
[-3.02383568e+00  2.80103187e-01  1.59952984e-01  4.29196708e+00
  2.97657092e+02] 4.304070653292983
[-3.02401051e+00 -3.76803630e-02  1.56005733e-01  3.93892703e+00
  2.94765668e+02] 3.942195290802426
[-3.03569412e+00 -3.87052204e-01  1.63025544e-01  4.63652526e+00
  3.00566594e+02] 4.65550783747454
