/mnt/stage/douwei/Simulation/5kt_root/2MeV/5kt_+8.00_1.root
[-3.23515730e+00 -1.83828584e-01  1.14496404e-01  8.27465448e+00
  3.24435500e+02] 8.277488096209737
[-3.25664099e+00  1.38095130e-01  6.05098233e-02  8.38358846e+00
  3.24149143e+02] 8.38494407802387
[-3.25206566e+00 -1.86524577e-01 -2.65674960e-01  8.32387910e+00
  3.25871722e+02] 8.330206353304867
[-3.22561431e+00  2.85046276e-02  5.18481972e-02  8.06281877e+00
  3.22648544e+02] 8.063035854255876
[-3.06257561e+00 -1.01259226e-01  1.20256116e-01  7.86944586e+00
  3.22001907e+02] 7.871016012261458
[-3.13962845e+00  5.22572196e-02 -8.75389314e-02  8.19981803e+00
  3.24873700e+02] 8.200451791804198
[-3.16612436e+00 -1.64592991e-01  1.68710209e-01  7.97896010e+00
  3.25001549e+02] 7.982440624499754
[-3.03942009e+00 -5.34815570e-02 -2.33584345e-01  7.71446070e+00
  3.20535833e+02] 7.7181815135041205
[-3.03816109e+00 -2.64987765e-01 -2.79937133e-01  8.18328954e+00
  3.25179038e+02] 8.192362971917815
[-3.13488213e+00  1.14621628e-01 -2.38660440e-01  8.07005344e+00
  3.25705218e+02] 8.074395303351553
[-3.10878413e+00  5.90573089e-02  1.37293119e-01  8.09828565e+00
  3.23127270e+02] 8.099664659325834
[-3.14588181e+00  1.55255286e-01  1.26460808e-01  8.11271627e+00
  3.23344557e+02] 8.115187113417305
[-3.17285488e+00 -2.12036383e-01 -1.68393620e-02  8.20318929e+00
  3.22961058e+02] 8.205946468379707
[-3.07143311e+00 -1.95529239e-01  1.23640408e-01  7.84284121e+00
  3.21937312e+02] 7.846252414039352
[-3.16504541e+00  3.79054785e-02  1.83967969e-01  7.86994839e+00
  3.20975076e+02] 7.87218957050756
[-3.13361803e+00 -1.50236526e-01  5.04250247e-02  8.08075152e+00
  3.24295315e+02] 8.082305291133641
[-3.09810488e+00  3.20063156e-03 -1.88010482e-01  7.94547738e+00
  3.22702924e+02] 7.947702115920051
[-3.23506543e+00 -2.31908836e-02 -1.74614597e-01  8.14977532e+00
  3.22891311e+02] 8.151678717385668
[-3.13895591e+00  2.70555052e-01 -1.90157759e-01  7.93078841e+00
  3.22987334e+02] 7.937680067432684
[-3.10638289e+00 -8.31460212e-02  1.86616416e-01  7.65185202e+00
  3.20332567e+02] 7.654578913585527
[-3.16202866e+00  1.06324461e-01 -1.76715192e-01  7.95395163e+00
  3.20180792e+02] 7.956624888204023
[-3.08801912e+00 -1.28365116e-01 -3.43405378e-02  7.98084359e+00
  3.23805408e+02] 7.981949718745997
[-3.20342494e+00 -5.14971352e-02  2.79926334e-01  8.28291682e+00
  3.22758856e+02] 8.287805602514302
[-3.17672175e+00  2.20864724e-01 -6.88967647e-02  8.10769550e+00
  3.23835413e+02] 8.110995884637353
[-3.09137765e+00 -2.19146017e-01  2.33675179e-01  7.92683296e+00
  3.23441593e+02] 7.933303845879404
[-3.02884126e+00  3.40101668e-01 -2.70721974e-01  8.08908731e+00
  3.24984308e+02] 8.100758792289243
[-3.23980063e+00  3.67556085e-02 -7.37908356e-02  8.13269887e+00
  3.23056949e+02] 8.133116681857153
[-3.12528698e+00  1.38745604e-01 -1.69063016e-03  7.86365733e+00
  3.23226337e+02] 7.864881422850444
[-3.11474020e+00 -1.34071035e-01  1.33799993e-01  8.03434355e+00
  3.21893688e+02] 8.036575995956131
[-3.15606005e+00 -4.02243741e-01 -6.99747997e-02  8.25020966e+00
  3.25889481e+02] 8.2603060417096
[-3.21249643e+00  2.16232484e-01 -4.18603038e-02  8.48792549e+00
  3.26574135e+02] 8.49078252724875
[-3.08530690e+00  6.34442312e-03 -5.99605287e-02  8.12502028e+00
  3.23945492e+02] 8.125243998927674
[-3.08079375e+00 -1.86299161e-01  7.98389841e-02  7.89120375e+00
  3.22767765e+02] 7.893806319950055
[-3.10788255e+00  1.52060165e-01 -7.28036469e-02  8.06463171e+00
  3.24605405e+02] 8.066393696454734
[-3.16819617e+00 -1.57299492e-01 -1.62059986e-01  7.73438023e+00
  3.20800798e+02] 7.737676918145356
[-3.16538867e+00 -1.10610248e-01  3.08269132e-02  8.27912438e+00
  3.25513685e+02] 8.279920613279534
[-3.16072090e+00  2.34175713e-01  4.23963787e-02  7.98537682e+00
  3.22514990e+02] 7.988922245316078
[-3.13366511e+00 -1.32083058e-01 -2.73303857e-01  8.19110666e+00
  3.24717232e+02] 8.196729182573778
[-3.14545161e+00  7.31043416e-02  5.36324358e-02  8.13252254e+00
  3.25427247e+02] 8.133027943611621
[-3.10762827e+00 -1.73840527e-01 -1.09507621e-01  8.19407534e+00
  3.23333851e+02] 8.19665072410484
[-3.23147034e+00 -1.31998370e-01  6.14553114e-02  7.90225860e+00
  3.20972802e+02] 7.903599893591506
[-3.21107661e+00 -1.53131189e-02 -8.73705976e-02  8.16093435e+00
  3.21487242e+02] 8.161416398010953
[-3.12796969e+00 -5.15399158e-02 -5.43980827e-02  7.92061945e+00
  3.22518048e+02] 7.920973927434652
[-3.07761708e+00  4.47207371e-01 -1.08460049e-01  8.19231371e+00
  3.25083281e+02] 8.20522771750684
[-3.17480614e+00 -2.43964348e-01 -1.61311276e-01  8.22454541e+00
  3.24339910e+02] 8.229744052685488
[-3.09435913e+00  1.83631931e-01  5.80258061e-03  8.40298088e+00
  3.24176896e+02] 8.40498911159958
[-3.04968933e+00  1.96468694e-01  2.27818073e-01  7.92601950e+00
  3.24162895e+02] 7.931726551324286
[-3.29443858e+00 -2.56177081e-01 -2.96471612e-01  8.31543320e+00
  3.23606616e+02] 8.324659239427156
[-3.19311124e+00  3.33058894e-01  1.93916281e-01  8.39247621e+00
  3.22856206e+02] 8.401320651701557
[-3.16114160e+00  3.08560476e-01  9.12177360e-02  7.74329060e+00
  3.20087113e+02] 7.749972870827483
[-3.13269630e+00 -3.56847604e-01  2.34471850e-02  8.26722277e+00
  3.23515662e+02] 8.274953915566941
[-3.17423201e+00 -3.10381508e-01  6.57643223e-02  8.24028972e+00
  3.23515662e+02] 8.246395348243515
[-3.07680195e+00 -2.88644671e-01 -8.77431344e-02  8.03855946e+00
  3.24454861e+02] 8.044218591866958
[-3.15633378e+00  1.45087404e-01  1.11055803e-01  7.83646656e+00
  3.21180575e+02] 7.83859629682846
[-3.13881628e+00 -1.54748732e-01  1.25855292e-02  8.30166540e+00
  3.25634257e+02] 8.303117120529123
[-3.09816137e+00 -1.22505448e-01  1.16715177e-01  8.14711237e+00
  3.22934457e+02] 8.148869243879439
[-3.08680832e+00 -9.67735398e-02 -1.94770387e-01  7.89722435e+00
  3.23876597e+02] 7.900218544534211
[-3.18454668e+00  7.72788558e-02 -7.50953434e-02  7.81333282e+00
  3.19659186e+02] 7.8140758341510566
[-3.12466060e+00  1.86926374e-02  2.61196110e-01  8.12960622e+00
  3.22471566e+02] 8.133822597511191
[-3.12264362e+00 -5.85088313e-02 -2.27167319e-02  7.99511549e+00
  3.22872192e+02] 7.995361848931618
[-3.20473381e+00 -7.83886414e-02 -1.53647099e-01  8.15673837e+00
  3.24615525e+02] 8.158561943914105
[-3.13400122e+00 -6.79003346e-02 -2.78150405e-01  8.10482590e+00
  3.22668537e+02] 8.109881684683149
[-3.08141386e+00 -1.00078420e-01  1.37839429e-01  8.01070169e+00
  3.24230001e+02] 8.012512521703794
[-3.12403826e+00 -2.16076817e-01 -2.56976278e-01  8.14191379e+00
  3.20536359e+02] 8.14883342109471
[-3.13067392e+00 -1.10388473e-01  9.70712394e-02  7.83487979e+00
  3.20075342e+02] 7.836258657363023
[-3.17742419e+00 -2.96310450e-01  1.64289162e-01  8.15970644e+00
  3.25012507e+02] 8.166737413788418
[-3.14719814e+00 -1.68342967e-01 -7.29585244e-02  8.01227849e+00
  3.22996123e+02] 8.014378883201548
[-3.16956106e+00 -6.41372082e-02  1.58244728e-01  7.92555698e+00
  3.21478512e+02] 7.927396070850767
[-3.15091660e+00 -1.88452370e-01  6.94600059e-02  7.91485657e+00
  3.21051372e+02] 7.91740447277385
[-3.13625306e+00  3.26107074e-02 -6.08538270e-02  8.33976480e+00
  3.25847931e+02] 8.340050574733118
[-3.10382101e+00 -1.58210815e-01 -1.09459621e-01  7.66801739e+00
  3.21210867e+02] 7.670430414781157
[-3.10729006e+00 -2.53034081e-01 -1.67628313e-01  8.03100859e+00
  3.24126475e+02] 8.036742158949101
[-3.08724811e+00 -1.55792455e-01  2.97185649e-01  8.16343789e+00
  3.23906915e+02] 8.170331003251786
[-3.20107317e+00  1.80679132e-01 -1.36477462e-01  8.20853241e+00
  3.21944559e+02] 8.211654854028689
[-3.05091741e+00  6.27709903e-02 -1.62017147e-01  7.96640078e+00
  3.23616514e+02] 7.968295377303854
[-3.19173179e+00  1.63571335e-01  2.04179388e-02  8.19411760e+00
  3.24809474e+02] 8.195775480621355
[-3.22015103e+00 -6.96153563e-02  5.02476630e-01  8.42370029e+00
  3.26402569e+02] 8.438960575101149
[-3.09258396e+00  2.16862377e-01  2.30484255e-01  8.18477978e+00
  3.22083379e+02] 8.190895695372097
[-3.17685079e+00 -1.28645520e-01 -2.80690920e-01  8.29521999e+00
  3.25391252e+02] 8.300964509527741
[-3.11261494e+00 -2.22761060e-01  1.44639047e-01  8.00609291e+00
  3.24623730e+02] 8.010497277573412
[-3.11510949e+00  1.59906829e-01  1.82342416e-01  7.96895330e+00
  3.22107708e+02] 7.972642953145417
[-3.13598960e+00 -1.09804463e-01 -8.53237457e-03  7.94783271e+00
  3.21917332e+02] 7.948595760531233
[-3.03050459e+00  5.92535729e-02 -1.46503509e-01  7.97363161e+00
  3.23332109e+02] 7.9751975138412545
[-3.13812461e+00 -1.46293337e-01 -7.54542236e-02  7.75834777e+00
  3.19949449e+02] 7.760093757561114
[-3.11921188e+00 -1.73462798e-01  3.26851748e-02  8.11155604e+00
  3.22804911e+02] 8.113476389856489
[-3.06799434e+00 -2.76046027e-01  2.18056163e-01  8.20941238e+00
  3.24319593e+02] 8.216945998373106
[-3.10737839e+00  1.13757627e-01  1.12618530e-01  7.94585455e+00
  3.22493845e+02] 7.947466787356742
[-3.15604606e+00 -3.36704471e-01 -4.84884189e-02  7.99630810e+00
  3.19910754e+02] 8.003540737313825
[-3.08227238e+00 -4.02688326e-01  1.43691071e-01  8.14237698e+00
  3.25419898e+02] 8.153594780459644
[-3.13408589e+00  1.39800776e-01  1.44753929e-01  8.01609221e+00
  3.23440616e+02] 8.01861784950006
[-3.17796440e+00  1.21988494e-01  1.86907292e-01  8.12263199e+00
  3.21989581e+02] 8.125697877457853
[-3.15595614e+00 -1.35914889e-01  2.32148491e-02  8.41678484e+00
  3.26145019e+02] 8.417914162343797
[-3.23048199e+00  2.45825426e-01 -2.72792751e-01  8.23822172e+00
  3.23235030e+02] 8.246401826147775
[-3.13643592e+00 -7.34182377e-03 -1.44514428e-01  8.38543556e+00
  3.25487301e+02] 8.386683960725627
[-3.13478916e+00 -1.25077058e-01 -1.87098036e-01  7.83590055e+00
  3.21383237e+02] 7.839131799408043
[-3.16464065e+00 -1.24295631e-01  2.09436096e-01  8.00884043e+00
  3.21327094e+02] 8.012542536339147
[-3.14143305e+00  1.30671313e-01 -5.53085057e-02  8.26609360e+00
  3.25981248e+02] 8.267311377682024
[-3.22209531e+00 -1.10129719e-01 -2.08067912e-01  8.06754506e+00
  3.23868367e+02] 8.070979127174573
[-3.19871960e+00  2.38948970e-01  8.00621103e-02  7.88317686e+00
  3.20387878e+02] 7.887203806291509
[-3.26032631e+00  7.48811421e-02  3.08188756e-01  8.61969574e+00
  3.27303359e+02] 8.625528511713368
[-3.16404857e+00 -7.07044348e-02  1.59105671e-01  7.83359091e+00
  3.23820725e+02] 7.835525526090157
[-3.11619290e+00  1.50709682e-01 -8.36571792e-02  7.96119634e+00
  3.22716059e+02] 7.9630621639444445
[-3.15578627e+00  8.99873742e-02 -3.91212127e-02  7.97584443e+00
  3.21823254e+02] 7.976447996284799
[-3.09055941e+00  2.68280380e-01 -3.20192027e-01  7.86695067e+00
  3.21234952e+02] 7.878033397248913
[-3.14422354e+00  2.87199951e-01 -7.22604482e-02  7.90151936e+00
  3.21570772e+02] 7.9070673150865245
[-3.17929685e+00  1.64464351e-01 -2.53736875e-01  8.11244698e+00
  3.24707032e+02] 8.118080247975039
[-3.15265166e+00 -1.68380142e-01  1.33501429e-01  8.10091203e+00
  3.22986769e+02] 8.103761484736461
[-3.09645704e+00  2.22319291e-01 -2.54912784e-02  7.90173121e+00
  3.22697418e+02] 7.904899227255017
[-3.16688875e+00 -1.00193467e-01  3.09059961e-02  8.03915476e+00
  3.23936922e+02] 8.039838505528946
[-3.25256569e+00  6.13423412e-02  3.79841878e-02  8.21001192e+00
  3.22369310e+02] 8.210328944721708
[-3.16250724e+00 -1.15491832e-01 -5.94246634e-02  7.96155380e+00
  3.20828806e+02] 7.962613177275635
[-3.15719963e+00 -1.06532572e-01  8.58794303e-02  7.77468032e+00
  3.20084430e+02] 7.775884419312395
[-3.19462113e+00 -3.08340422e-01  3.23148645e-03  7.93172346e+00
  3.22860388e+02] 7.937715115623168
[-3.18429550e+00 -1.16509295e-01 -2.33754914e-01  8.02944395e+00
  3.23244043e+02] 8.0336906775735
[-3.17480573e+00  6.31610665e-02  5.05473163e-02  8.27611403e+00
  3.24720819e+02] 8.276509401345589
[-3.16490640e+00 -2.38793100e-01 -2.57606232e-01  8.24351160e+00
  3.24143206e+02] 8.250991854369609
[-3.12214181e+00 -1.90269441e-02  3.31969559e-01  8.16395840e+00
  3.25074301e+02] 8.170727172981879
[-3.17600796e+00 -2.30365074e-01  1.38745082e-01  8.00146486e+00
  3.22926469e+02] 8.005982646769677
[-3.19470137e+00 -2.34850507e-01 -2.05450304e-01  7.98211910e+00
  3.24854823e+02] 7.988215686550967
[-3.16934712e+00  2.33188094e-01 -1.16823483e-01  8.04145498e+00
  3.23823614e+02] 8.045683474026971
[-3.13460870e+00 -5.96125171e-03 -1.05580649e-01  7.88387484e+00
  3.22200931e+02] 7.884584023763287
[-3.15030307e+00 -1.23278275e-02  2.26228125e-01  8.23416416e+00
  3.24097186e+02] 8.237280527843174
[-3.22170006e+00 -3.32500608e-01  6.79829851e-02  8.00813868e+00
  3.21562559e+02] 8.015326782556434
[-3.13920939e+00  2.03065112e-01  1.30611651e-01  8.25960560e+00
  3.24559947e+02] 8.263133760059407
[-3.18923029e+00  3.15434685e-02 -1.23929636e-01  7.84518453e+00
  3.19310806e+02] 7.846226728750879
[-3.16305308e+00  1.86627081e-01  1.47040724e-01  8.03748903e+00
  3.20726874e+02] 8.040999975783963
[-3.17414709e+00  2.39844584e-01 -4.34883222e-03  8.17123697e+00
  3.21980352e+02] 8.174757359541847
[-3.10304312e+00 -1.59900593e-01 -1.26569785e-01  8.02767849e+00
  3.23351338e+02] 8.030268365805304
[-3.21678887e+00 -1.70345759e-01  3.03154946e-02  8.17910907e+00
  3.24723646e+02] 8.180938938176102
[-3.16579987e+00 -2.71987992e-01  3.06174432e-01  8.34354894e+00
  3.24601631e+02] 8.353593790128269
[-3.14234518e+00  1.55592914e-01 -2.77324966e-01  7.82974157e+00
  3.18414519e+02] 7.836196234243591
[-3.18594993e+00 -4.87640629e-02 -1.30548540e-01  8.10092734e+00
  3.22019385e+02] 8.102125933207683
[-3.18481457e+00  1.09586533e-01 -2.79260184e-01  8.03430127e+00
  3.23760010e+02] 8.039900023389757
[-3.12042683e+00  2.87211997e-01  1.86434325e-01  7.93786973e+00
  3.21428477e+02] 7.945251680287138
[-3.19566839e+00 -5.20848486e-02 -1.34105556e-01  8.16961819e+00
  3.23289309e+02] 8.170884801485304
[-3.18318546e+00  2.36466076e-02 -9.61841336e-02  8.21181548e+00
  3.23716447e+02] 8.212412798462855
[-3.10589040e+00  2.74396246e-02 -1.40365553e-01  7.81241761e+00
  3.22531022e+02] 7.813726664116096
[-3.13582587e+00 -1.23272691e-01  1.94595384e-01  8.03654854e+00
  3.24800479e+02] 8.039849252821849
[-3.13482174e+00  4.41505786e-02 -2.63919442e-01  7.95328932e+00
  3.22789328e+02] 7.957789502902473
[-3.09668959e+00 -4.61434106e-02  1.01707231e-03  7.88496648e+00
  3.24128092e+02] 7.885101564134028
[-3.22193856e+00 -1.43782025e-01 -8.37707728e-02  8.14223627e+00
  3.21999073e+02] 8.143936532013026
[-3.12658341e+00 -2.49180212e-01 -1.35591557e-01  7.89924536e+00
  3.21872759e+02] 7.9043376171003725
[-3.10969373e+00 -2.86601518e-01  4.86196484e-02  7.99275723e+00
  3.22824478e+02] 7.998041785275678
[-3.19280275e+00 -2.19807600e-01  8.66329027e-02  8.08436108e+00
  3.19816302e+02] 8.087812731337621
[-3.17076180e+00 -1.47710568e-01  2.41207402e-01  8.05769455e+00
  3.20832240e+02] 8.062657190012004
[-3.13508189e+00  1.67276401e-02  2.59238639e-01  8.02664136e+00
  3.22085440e+02] 8.03084404368078
[-3.15496742e+00 -1.93439420e-01  1.46934713e-01  8.24352158e+00
  3.23794398e+02] 8.247099898301357
[-3.15908375e+00  2.04615793e-01 -1.77770947e-01  7.96430341e+00
  3.19923294e+02] 7.968914538201345
[-3.20619973e+00 -8.57502299e-02  7.60299949e-02  7.79970184e+00
  3.21088727e+02] 7.800543732713968
[-3.12496163e+00  6.80246653e-02 -3.89446747e-02  8.13708352e+00
  3.22745654e+02] 8.137461041057763
[-3.09888237e+00 -2.02962506e-01  2.68801093e-01  8.10651702e+00
  3.23911293e+02] 8.113511325348249
[-3.12089006e+00  9.58196443e-02  7.52407347e-02  7.88048477e+00
  3.22963686e+02] 7.881426439405553
[-3.20462095e+00 -4.72924299e-01  5.88036870e-02  8.14309355e+00
  3.23833488e+02] 8.15702689642874
[-3.05898712e+00  2.31526536e-01  2.78114485e-03  7.99842503e+00
  3.21826381e+02] 8.00177575623047
[-3.08928988e+00 -4.46273122e-01  9.44616986e-03  8.13911272e+00
  3.24162859e+02] 8.15134373917645
[-3.14019477e+00 -3.23671319e-01 -4.33370292e-03  7.99314640e+00
  3.24803836e+02] 7.999698196364638
[-3.10362150e+00  1.28068041e-01 -1.24517238e-01  8.29958355e+00
  3.25055856e+02] 8.301505465680012
[-3.22191750e+00 -2.73533832e-01 -1.79039668e-02  8.23785724e+00
  3.22814869e+02] 8.242416707442523
[-3.17067644e+00 -4.99237342e-03  8.70446163e-02  8.01330569e+00
  3.22776639e+02] 8.013779993594099
[-3.15031869e+00 -4.55192317e-02 -5.16279314e-02  8.46240664e+00
  3.27313126e+02] 8.462686543229845
[-3.06421491e+00 -2.71666586e-01  1.86984515e-03  7.93049572e+00
  3.23545850e+02] 7.9351476748952425
[-3.08571127e+00  2.26776845e-01  1.87261934e-04  7.99498759e+00
  3.22967159e+02] 7.998203192156005
[-3.15717152e+00  8.43785830e-02  1.17410734e-02  7.92114113e+00
  3.21398203e+02] 7.921599229436409
[-3.13492419e+00  7.09403002e-02 -4.16424882e-01  7.90064559e+00
  3.23441131e+02] 7.911930422944041
[-3.07466534e+00  1.52790170e-01 -7.14064088e-02  8.42015242e+00
  3.24494822e+02] 8.421841281261019
[-3.09483343e+00  2.24253421e-01  8.37744632e-02  7.74325514e+00
  3.21969283e+02] 7.746954755105854
[-3.16691548e+00  2.60189562e-01 -9.68835462e-02  7.93897700e+00
  3.22258162e+02] 7.943830361692475
[-3.15058255e+00  1.25648527e-01  1.57821853e-01  8.14628197e+00
  3.24293773e+02] 8.14877937519424
[-3.19252922e+00  2.44165140e-01  6.68734251e-02  8.17736690e+00
  3.24711049e+02] 8.181284627952786
[-3.21090065e+00  2.14422745e-01 -1.36312910e-01  7.98126755e+00
  3.22151412e+02] 7.985310889522889
[-3.15934506e+00 -2.62383587e-02 -1.48548838e-01  7.99464622e+00
  3.21129861e+02] 7.996069250575645
[-3.12240878e+00 -1.43045821e-01 -7.48178395e-02  7.82737040e+00
  3.22457070e+02] 7.829034886345222
[-3.12563684e+00 -7.69421060e-02  1.51081173e-02  8.09986846e+00
  3.23111981e+02] 8.10024798080203
[-3.09649661e+00 -1.63695466e-01 -1.42309386e-01  7.81090333e+00
  3.22953288e+02] 7.813914450050966
[-3.21486805e+00 -1.34131915e-01  2.46881665e-01  7.90189443e+00
  3.19448969e+02] 7.90688798220882
[-3.13752241e+00  1.46368320e-01  2.09575194e-01  7.89245609e+00
  3.20786114e+02] 7.896594749848989
[-3.15164173e+00 -1.75733176e-03  4.66819425e-02  7.80519897e+00
  3.21842036e+02] 7.805338766379875
[-3.13434907e+00 -3.20397167e-02  1.21041963e-01  7.97452774e+00
  3.22491045e+02] 7.975510667988065
[-3.13529550e+00  2.58694927e-01 -8.68926490e-02  8.07515412e+00
  3.24267861e+02] 8.07976407573883
[-3.11244424e+00  2.72057759e-01  1.21868254e-01  8.13830918e+00
  3.24525046e+02] 8.143767160877081
[-3.11761167e+00  1.13605168e-01  9.48013723e-02  7.81604793e+00
  3.20832406e+02] 7.817448347920484
[-3.11586952e+00  7.72311629e-03 -2.66553242e-02  8.33898155e+00
  3.26582910e+02] 8.339027723443277
[-3.18930555e+00  9.94309944e-02  6.15997901e-03  8.14212893e+00
  3.22646046e+02] 8.142738363666757
[-3.16463057e+00  2.27717984e-01 -2.57020920e-02  8.10415870e+00
  3.22932838e+02] 8.10739812312191
[-3.13015533e+00 -3.31875379e-02 -1.15293538e-01  7.78123160e+00
  3.21981118e+02] 7.782156468313856
[-3.18555422e+00 -1.57406312e-01  2.11899696e-01  8.04454647e+00
  3.23506493e+02] 8.048876077782385
[-3.04541927e+00 -2.50847481e-01 -1.20947592e-01  7.93934504e+00
  3.23335183e+02] 7.944227621512474
[-3.13134919e+00  2.16802093e-02  1.79471900e-01  7.98356033e+00
  3.20656156e+02] 7.985606790777245
[-3.16756643e+00 -1.64559017e-01 -2.22779522e-01  8.09076473e+00
  3.23638144e+02] 8.095503951024188
[-3.16786763e+00 -4.72820016e-02 -6.24023380e-02  8.19306108e+00
  3.25680989e+02] 8.193435151210275
[-3.14445431e+00  2.62615625e-01  1.38197436e-01  7.88059907e+00
  3.21538414e+02] 7.886184578030121
[-3.05676774e+00 -9.66427429e-02 -1.20960701e-02  7.70953686e+00
  3.21610056e+02] 7.710152053564416
[-3.05863220e+00 -2.21372206e-01 -5.65212136e-02  8.10123760e+00
  3.23026876e+02] 8.104458705457748
[-3.15194318e+00  1.02877764e-01 -2.39198493e-01  8.06757452e+00
  3.23275046e+02] 8.071775421902762
[-3.08346929e+00 -8.83320992e-02  7.41016722e-02  7.94809853e+00
  3.20947372e+02] 7.948934763503033
[-3.17719237e+00 -2.42883114e-01  2.14974605e-01  8.25203553e+00
  3.24552332e+02] 8.258407633665437
[-3.12459029e+00 -3.80537271e-01  1.09459804e-03  8.12389940e+00
  3.23249027e+02] 8.13280709717141
[-3.16585319e+00 -1.24556623e-02  1.27864649e-01  8.12117687e+00
  3.23130413e+02] 8.12219295159291
[-3.12050024e+00  1.23654739e-01  1.52721726e-01  8.03568351e+00
  3.23770261e+02] 8.038085838867536
[-3.08138048e+00 -3.82952335e-02  1.52345542e-01  7.98852415e+00
  3.22891475e+02] 7.990068443964968
[-3.11241196e+00  8.96354260e-02  2.18890612e-02  7.91613088e+00
  3.21873699e+02] 7.916668598210402
[-3.17682554e+00  3.35863477e-01 -1.75923885e-01  8.12693131e+00
  3.24303165e+02] 8.135770767663985
[-3.20186453e+00  1.51426902e-01  1.11508715e-01  7.94818948e+00
  3.23057126e+02] 7.950413847179437
[-3.12638522e+00 -1.18902263e-01 -2.34715828e-04  7.99383651e+00
  3.22559812e+02] 7.994720752018911
[-3.10017247e+00 -2.29367835e-01 -1.42983760e-01  7.87725196e+00
  3.21779089e+02] 7.881887618291781
[-3.20893053e+00  2.14303456e-01 -1.50288629e-01  8.30147460e+00
  3.21675618e+02] 8.30560010849314
[-3.09819117e+00  8.76447879e-02 -9.34734735e-02  7.92507419e+00
  3.19711367e+02] 7.92611000228995
[-3.10320940e+00 -1.66352247e-02  3.06518902e-02  8.00969239e+00
  3.22830130e+02] 8.009768312246255
[-3.12042660e+00 -9.22741703e-02  7.38237940e-03  8.23911614e+00
  3.26913588e+02] 8.239636149184353
[-3.11613536e+00 -1.86376645e-01  1.38958563e-01  8.02725827e+00
  3.22511952e+02] 8.030623952120584
[-3.08165299e+00 -3.71191475e-01 -2.59319635e-02  8.05066236e+00
  3.23036941e+02] 8.059256793578776
[-3.04683877e+00  1.84786218e-01 -1.24313173e-01  7.89392033e+00
  3.23729027e+02] 7.897061340079965
[-3.13331669e+00  1.17506055e-01 -5.56293975e-02  8.14616087e+00
  3.20337187e+02] 8.147198245517624
[-3.20880684e+00 -3.60054494e-02  7.37904779e-02  8.23138471e+00
  3.22053109e+02] 8.231794199553088
[-3.11717043e+00  8.58749534e-02 -2.47874081e-01  7.78404731e+00
  3.21902332e+02] 7.788466378743594
[-3.19736809e+00  1.83241745e-02 -1.61759162e-01  7.86905556e+00
  3.21991443e+02] 7.870739308582585
[-3.16549670e+00  1.10134481e-01  1.47192502e-01  8.18642615e+00
  3.22541550e+02] 8.188489989931249
[-3.07655298e+00 -2.27110169e-01  4.31974081e-02  7.97214789e+00
  3.23403471e+02] 7.975499170348137
[-3.08098805e+00 -9.02514780e-02 -2.33019510e-01  8.30552767e+00
  3.23995876e+02] 8.309285963258223
[-3.08964859e+00  2.63543922e-01 -5.51282244e-02  7.88486600e+00
  3.20426648e+02] 7.889461725820699
[-3.09786762e+00 -1.41204061e-02  7.53076386e-02  8.01178798e+00
  3.22951646e+02] 8.012154343207262
[-3.12296064e+00 -8.35218628e-02  7.49725212e-02  8.20242905e+00
  3.24467811e+02] 8.203196887545028
[-3.15208302e+00  1.22971900e-01  1.05981735e-01  8.09492980e+00
  3.24872311e+02] 8.096557456868139
[-3.11280865e+00 -3.57285480e-01 -1.45366769e-01  7.84256658e+00
  3.21243274e+02] 7.852046547769613
[-3.05287676e+00  3.02272523e-02 -2.11452736e-01  8.01067802e+00
  3.22617727e+02] 8.013525331498041
[-3.17543824e+00  7.78029031e-02 -6.13486635e-02  8.26037149e+00
  3.24735209e+02] 8.260965683489639
[-3.21305314e+00 -1.47065926e-01 -9.59284579e-02  8.05969290e+00
  3.23478939e+02] 8.06160532168083
[-3.17192214e+00 -2.61280721e-01 -5.05469235e-02  8.00042587e+00
  3.23060406e+02] 8.00485082400063
[-3.15895039e+00  9.42686664e-02  3.11252118e-01  7.83960193e+00
  3.22529914e+02] 7.846344557802989
[-3.08363607e+00 -3.22277321e-01 -1.52292191e-01  7.78479465e+00
  3.22554962e+02] 7.792950873025001
[-3.04355639e+00  1.39561891e-01 -1.72368752e-02  7.63428931e+00
  3.18493320e+02] 7.635584320041694
[-3.12604329e+00 -8.81483830e-02 -9.06866460e-02  7.87304937e+00
  3.22255646e+02] 7.874065063155731
[-3.21718379e+00 -4.79304208e-03 -7.19924186e-02  8.33158838e+00
  3.24178348e+02] 8.331900795693246
[-3.12759048e+00  1.20677595e-01 -2.18480586e-02  8.21299783e+00
  3.25823760e+02] 8.213913424553423
[-3.17346774e+00 -2.37792487e-01  2.52235916e-01  7.96754722e+00
  3.22381195e+02] 7.975084756713828
[-3.13279748e+00 -6.43634545e-02 -7.74186194e-02  8.07189540e+00
  3.24220969e+02] 8.072523253271852
[-3.15530227e+00  1.78369010e-01 -1.91487713e-01  8.38342555e+00
  3.24445384e+02] 8.38750898899887
[-3.10237844e+00 -3.31010588e-01 -1.69105947e-01  8.29987476e+00
  3.26250425e+02] 8.308193902893903
[-3.15839503e+00  1.65834220e-01  8.20247597e-02  8.00619954e+00
  3.23479640e+02] 8.008336909571558
[-3.12276264e+00  4.53701499e-02  7.01893256e-02  8.20043334e+00
  3.21939532e+02] 8.200859223359837
[-3.09588323e+00  2.47658938e-02 -2.60663423e-01  8.22629708e+00
  3.22723428e+02] 8.230463073837944
[-3.13197048e+00 -3.34142455e-01  1.50043081e-01  8.21320137e+00
  3.23462530e+02] 8.221364903314697
[-3.22726782e+00  6.81525648e-02 -8.15981278e-02  8.05679855e+00
  3.24089176e+02] 8.057499982241007
[-3.23189194e+00  3.51385571e-02  4.86211670e-02  8.23829765e+00
  3.22167774e+02] 8.238516064456185
[-3.05924745e+00 -1.08762226e-01  1.23977532e-01  8.04627353e+00
  3.24015561e+02] 8.047963554197487
[-3.16747878e+00  4.56928307e-01 -7.39341436e-03  8.08143440e+00
  3.21796490e+02] 8.094344943324126
[-3.19467873e+00  3.03795918e-03 -6.94582618e-02  8.03687427e+00
  3.24157306e+02] 8.037174987118949
[-3.21021009e+00  2.94951850e-02  2.17481642e-02  8.51065280e+00
  3.23291542e+02] 8.510731701992569
[-3.16220550e+00  5.41925115e-03 -6.53211040e-02  8.14853878e+00
  3.25273592e+02] 8.14880239921176
[-3.14525730e+00  2.34969235e-01  1.63887334e-01  7.96200445e+00
  3.20108756e+02] 7.967156615002974
[-3.17026808e+00 -5.46804006e-02 -1.29978471e-01  8.03150399e+00
  3.22902222e+02] 8.03274178794047
[-3.07714771e+00  7.28134983e-02  2.34698279e-01  8.02282056e+00
  3.22394773e+02] 8.026583013533475
[-3.10831351e+00 -2.41029631e-01 -2.73641414e-02  8.20130873e+00
  3.23336297e+02] 8.204895428504555
[-3.19566975e+00  1.57960400e-01  6.66915049e-02  8.07193355e+00
  3.22540872e+02] 8.073754419373612
[-3.16932136e+00 -4.05673372e-01 -9.79388445e-02  8.12949460e+00
  3.23575457e+02] 8.140199342942935
[-3.19764508e+00 -2.70735780e-01  7.09783882e-02  8.16594002e+00
  3.24890558e+02] 8.170735105273826
[-3.20485077e+00 -2.23116181e-01 -2.08438211e-02  8.00890988e+00
  3.20668654e+02] 8.012044227810389
[-3.12355392e+00 -4.33425775e-02 -2.73580171e-01  7.81481265e+00
  3.21301429e+02] 7.819720035968712
[-3.16947857e+00  1.94372474e-01  1.20059515e-01  8.02001358e+00
  3.22139457e+02] 8.023266966523689
[-3.16558164e+00 -6.28970614e-02  2.92218713e-01  8.23043920e+00
  3.23681292e+02] 8.23586530016094
[-3.04058600e+00  2.10622955e-02  1.63843875e-02  7.82014093e+00
  3.22396263e+02] 7.820186457255422
[-3.13157497e+00  2.13651647e-01  1.12950301e-01  8.30258385e+00
  3.24745130e+02] 8.306100373969826
[-3.14123445e+00 -4.58392759e-01  1.48642076e-01  8.06757915e+00
  3.21995516e+02] 8.081958409808724
[-3.13283843e+00 -8.65192468e-02 -5.18978364e-02  7.76652456e+00
  3.19735389e+02] 7.767179837889155
[-3.15541513e+00  4.71402353e-02 -1.57603423e-01  7.99426506e+00
  3.22465762e+02] 7.995957407007934
[-3.05537528e+00  1.30435035e-01  5.78903556e-03  7.93528318e+00
  3.20702071e+02] 7.936357223508324
[-3.10926692e+00 -6.98514462e-02 -1.40620851e-01  8.49593831e+00
  3.28157500e+02] 8.497389081179078
[-3.27419419e+00 -6.68486032e-02 -1.42587249e-01  7.81020613e+00
  3.20808707e+02] 7.811793621083195
[-3.24659012e+00 -3.47422510e-01 -9.36210747e-02  8.20649736e+00
  3.24226389e+02] 8.214381674669609
[-3.10509428e+00 -6.10155204e-02 -1.97630512e-01  8.05244048e+00
  3.23472696e+02] 8.055096427327927
[-3.10357095e+00  3.02484752e-02 -5.21302992e-02  8.40794543e+00
  3.25988905e+02] 8.40816144735093
[-3.20837975e+00  1.30896763e-01 -3.58913315e-01  8.31410395e+00
  3.22866304e+02] 8.322876744242137
[-3.12707571e+00 -1.23514239e-01  1.09279300e-01  8.02437960e+00
  3.22806520e+02] 8.02607411288235
[-3.12531065e+00  7.57258572e-02  1.25504885e-01  8.07209946e+00
  3.23604710e+02] 8.073430219473975
[-3.28320495e+00 -1.31475555e-01  1.73573506e-01  8.34355749e+00
  3.23608235e+02] 8.346398336483755
[-3.22771858e+00  2.94506306e-01 -1.06884498e-01  8.13261665e+00
  3.23121966e+02] 8.138649268354108
[-3.12493075e+00  9.17652504e-02 -1.37381220e-01  8.09048263e+00
  3.23753626e+02] 8.092169282081038
[-3.10393091e+00  1.76951436e-01  1.78578218e-02  7.78735695e+00
  3.20140063e+02] 7.789387588186251
[-3.10831474e+00  1.41761088e-01  1.06112721e-02  8.09283431e+00
  3.20873204e+02] 8.094082770726192
[-3.15962590e+00 -1.09636540e-01  7.18200497e-02  7.95065588e+00
  3.22605587e+02] 7.9517361165553595
[-3.01418717e+00  2.89748542e-01 -5.65893530e-02  7.91742061e+00
  3.25657627e+02] 7.9229227971396545
[-3.09424352e+00 -2.40559092e-01 -1.27437646e-01  7.94139667e+00
  3.21964242e+02] 7.946061291800445
[-3.14977071e+00  2.42081024e-01  1.09944879e-01  7.77767229e+00
  3.21860265e+02] 7.782215450394874
[-3.12723647e+00  1.54420990e-01 -2.68913329e-01  8.13618589e+00
  3.20856130e+02] 8.14209316280325
[-3.04969695e+00  2.14264990e-01 -5.10786597e-02  7.81980192e+00
  3.22263523e+02] 7.82290358925173
[-3.15678599e+00 -1.11614486e-01  1.11749668e-01  8.03482312e+00
  3.20928458e+02] 8.036375327219254
[-3.16411209e+00  7.37583282e-02  1.69560307e-01  8.26254254e+00
  3.22680301e+02] 8.264611320913355
[-3.05895437e+00 -3.99939908e-02 -2.97574823e-01  8.22913630e+00
  3.24734141e+02] 8.234611988923728
[-3.12632387e+00  1.21912794e-01  1.16941348e-01  7.87553484e+00
  3.19091956e+02] 7.877346444143159
[-3.11633604e+00 -3.13269426e-01  2.44172188e-02  8.09497077e+00
  3.22219158e+02] 8.101066944925112
[-3.16512590e+00 -4.76225518e-02  1.94085500e-01  8.11100346e+00
  3.24099595e+02] 8.11346499827219
[-3.13419785e+00 -3.08093612e-01  4.01385379e-02  8.12914664e+00
  3.24798424e+02] 8.135081921860351
[-3.18669984e+00  1.88527353e-01  1.12278065e-01  8.25151470e+00
  3.23176589e+02] 8.254431770010157
[-3.12539817e+00 -2.46922917e-01 -2.62838230e-01  7.99758939e+00
  3.21463236e+02] 8.005716138689529
[-3.13918682e+00  3.64363644e-01 -9.47434139e-03  8.02593605e+00
  3.21665994e+02] 8.03420811568405
[-3.10232792e+00  2.75028637e-01 -5.12566622e-02  8.34595505e+00
  3.23676411e+02] 8.350642709424369
[-3.14928164e+00 -8.65982950e-02 -1.02093667e-01  7.96786925e+00
  3.21048117e+02] 7.968993839307657
[-3.09518514e+00 -8.43158655e-02 -1.41673883e-01  8.13335241e+00
  3.26802044e+02] 8.13502317144981
[-3.08829554e+00  3.29072879e-01 -6.37836143e-02  7.88851985e+00
  3.21749615e+02] 7.89563821238361
[-3.12361222e+00  2.06913593e-01  1.02798168e-01  7.76977379e+00
  3.21499696e+02] 7.773208181199059
[-3.15810144e+00 -2.79913811e-02 -1.20495118e-01  8.26088699e+00
  3.23296610e+02] 8.261813148184274
[-3.10611429e+00  1.11473302e-01  1.30175915e-01  8.47930845e+00
  3.25830369e+02] 8.48104025655664
[-3.10529937e+00  3.45896260e-02 -9.29997070e-02  8.16808673e+00
  3.24269603e+02] 8.168689377058412
[-3.08153550e+00  2.71721357e-01  2.29927946e-01  7.78177846e+00
  3.18938227e+02] 7.7899149751449706
[-3.10713264e+00 -1.16311380e-01 -1.58771499e-01  7.96460337e+00
  3.21134605e+02] 7.967034803614979
[-3.13364629e+00 -1.94026676e-01  3.06557453e-01  8.27842216e+00
  3.26219231e+02] 8.286368157021759
[-3.10921888e+00  2.43543499e-01 -1.93305802e-01  8.23178621e+00
  3.24787912e+02] 8.237656513837194
[-3.09097870e+00 -9.19369050e-02  1.53264630e-01  7.94902232e+00
  3.23513419e+02] 7.951031274666314
[-3.12840169e+00  5.01965159e-02  6.18122003e-02  8.22322350e+00
  3.24414209e+02] 8.223609007258483
[-3.14257201e+00  1.72268056e-02 -1.84601036e-01  7.86085294e+00
  3.21936983e+02] 7.863039062822454
[-3.16058244e+00 -1.11627707e-01  2.52900766e-01  8.14796206e+00
  3.23640048e+02] 8.152650200207072
[-3.12542788e+00 -2.13987538e-01 -2.34930670e-01  8.02269084e+00
  3.21155131e+02] 8.028981968792946
[-3.13431333e+00  2.19856759e-01  1.93034297e-01  8.31161905e+00
  3.24507641e+02] 8.316766822913213
[-3.17746274e+00  3.14696889e-01 -2.83681879e-01  8.39002192e+00
  3.26214881e+02] 8.400712903232526
[-3.13992271e+00  2.22137364e-01  1.16307831e-01  7.94539132e+00
  3.20888780e+02] 7.949346879790051
[-3.15060217e+00  1.42970288e-01  3.23226157e-02  8.46462738e+00
  3.26922656e+02] 8.465896405897444
[-3.15976260e+00 -1.75983912e-01  2.76683347e-01  8.06557035e+00
  3.23491658e+02] 8.072233215159537
[-3.11696555e+00  1.99109738e-01  1.09576059e-01  8.26133597e+00
  3.26540986e+02] 8.264461486516334
[-3.21905737e+00 -1.44680302e-01  3.12742185e-02  8.25588738e+00
  3.23972110e+02] 8.257214235490123
[-3.14632541e+00 -1.32932627e-01  8.04607928e-02  8.25647202e+00
  3.24356083e+02] 8.257934080686749
[-3.10681183e+00 -3.25249453e-01 -2.30609226e-02  7.77163400e+00
  3.18456080e+02] 7.778471193595806
[-3.16970556e+00  1.88909149e-01  6.20819206e-02  8.11892711e+00
  3.22914485e+02] 8.121361848336266
[-3.13085890e+00 -1.10280649e-01  1.31210642e-01  8.04713486e+00
  3.22071571e+02] 8.048960021818013
[-3.08186619e+00  2.23101859e-02  1.19868468e-01  7.67809179e+00
  3.19115516e+02] 7.679059821031574
[-3.15287457e+00 -4.34103558e-02  8.47576189e-02  8.08263462e+00
  3.24091156e+02] 8.083195575899
[-3.23636663e+00 -1.24816786e-01  1.74325965e-02  8.19165416e+00
  3.24084191e+02] 8.192623568589292
[-3.21523110e+00  1.59602606e-01 -1.90237305e-01  8.10900261e+00
  3.22991609e+02] 8.112803868010767
[-3.16574722e+00 -2.96424834e-01  2.55438132e-02  7.82613759e+00
  3.19967198e+02] 7.831790963613063
[-3.10689649e+00 -1.02554424e-01 -2.72308047e-01  7.98133437e+00
  3.23597605e+02] 7.986636799293146
[-3.21314960e+00 -1.83869993e-01 -2.62098791e-02  8.28156269e+00
  3.25112995e+02] 8.283645073333723
[-3.07524577e+00 -2.35182842e-01  1.70972281e-01  8.40314480e+00
  3.25887975e+02] 8.408173707891832
[-3.20109168e+00  2.89052386e-01  1.09218223e-01  8.15761365e+00
  3.23024618e+02] 8.16346374610403
[-3.24871053e+00  2.05154773e-01 -1.14565408e-01  7.87426797e+00
  3.19262944e+02] 7.877773150150059
[-3.08407579e+00  2.25562768e-01 -2.11358581e-01  8.31902601e+00
  3.26436224e+02] 8.324766954110109
[-3.15027686e+00 -1.59395961e-01 -6.89229213e-02  8.07316395e+00
  3.23670471e+02] 8.075031493222337
[-3.10747873e+00 -1.06766995e-01 -9.51576027e-02  8.10493124e+00
  3.24227024e+02] 8.106192973911014
[-3.15839136e+00 -7.90402172e-02  8.25072516e-02  8.07848872e+00
  3.21748226e+02] 8.079296675483342
[-3.15189762e+00 -1.82892605e-01 -8.12348012e-02  7.90271823e+00
  3.23526400e+02] 7.905251689881313
[-3.23419118e+00  1.23366537e-02  1.96238155e-01  7.90826480e+00
  3.20068126e+02] 7.910708802296177
[-3.24574687e+00 -2.57629706e-01 -2.17336684e-01  8.27291830e+00
  3.23652726e+02] 8.27978173424249
[-3.16453913e+00  2.49949693e-01  3.14098889e-01  8.21357657e+00
  3.24941134e+02] 8.223379660227046
[-3.14382065e+00 -8.24999255e-02  2.66570019e-01  7.92107909e+00
  3.20997251e+02] 7.925992671755366
[-3.15733795e+00  1.65135108e-01  7.26683700e-02  7.84886049e+00
  3.21308805e+02] 7.85093378124516
[-3.06613405e+00 -2.16669276e-01 -2.47198232e-01  8.12437207e+00
  3.23852161e+02] 8.13101925636237
[-3.15296292e+00  2.50651418e-01 -2.04953593e-01  7.91151980e+00
  3.23216542e+02] 7.918142309308932
[-3.15186696e+00  3.08569461e-01 -1.10452339e-01  8.13422560e+00
  3.22930763e+02] 8.140825564987088
[-3.15516089e+00 -1.42576847e-01  7.79470050e-02  7.74889226e+00
  3.21162782e+02] 7.75059579093688
[-3.16996464e+00  7.30658592e-02  8.14034486e-02  8.12381596e+00
  3.23477036e+02] 8.124552351650337
[-3.06200219e+00  1.02501039e-01  8.66455097e-03  7.99446530e+00
  3.25364726e+02] 7.995127072502957
[-3.22855716e+00 -7.58132717e-02 -2.00904787e-01  8.19568523e+00
  3.24282741e+02] 8.198497835356715
[-3.14515805e+00 -3.89152314e-02 -8.25310789e-02  8.12895204e+00
  3.23959906e+02] 8.12946413253942
[-3.09264186e+00 -2.43853025e-01 -2.01186554e-01  8.00956059e+00
  3.23500820e+02] 8.015796974819784
[-3.09746962e+00 -4.69261525e-02  4.03544370e-01  7.97480543e+00
  3.23354389e+02] 7.98514695025675
[-3.13209818e+00 -1.89145665e-01 -1.49886277e-01  8.19699334e+00
  3.22217377e+02] 8.200545214942096
[-3.22441332e+00 -1.50627835e-02 -1.21815851e-01  8.12291370e+00
  3.21194020e+02] 8.123841018033303
[-3.15147632e+00 -1.43798538e-01 -1.75772655e-01  8.20227013e+00
  3.23355619e+02] 8.205413420665028
[-3.16801644e+00  5.14337840e-02  1.49601899e-01  8.21705220e+00
  3.24543664e+02] 8.218574880442878
[-3.05594195e+00  3.15925354e-02  2.62935192e-01  7.98228486e+00
  3.23132190e+02] 7.9866766928166175
[-3.09624614e+00 -1.93962691e-01  4.57567104e-02  8.05720235e+00
  3.22731923e+02] 8.059666553144483
[-3.14113497e+00  3.74955891e-01  6.96683621e-03  8.04883083e+00
  3.22568384e+02] 8.057562789522906
[-3.13818627e+00 -1.54652651e-01 -2.76709777e-01  7.80243002e+00
  3.22165876e+02] 7.808866748602267
[-3.07550709e+00 -7.87010494e-02 -3.43209120e-01  8.04268369e+00
  3.24231578e+02] 8.050388019762472
[-3.17865462e+00 -2.05885847e-01 -3.30401351e-01  8.24311710e+00
  3.24819169e+02] 8.252304745540897
[-3.17369043e+00  2.76247204e-02 -1.04849894e-01  8.21569099e+00
  3.19466389e+02] 8.216406457814797
[-3.13308347e+00 -8.40875444e-02  2.59289482e-01  7.90847332e+00
  3.23532016e+02] 7.913169528692331
[-3.11901229e+00  1.04497795e-01 -1.02326092e-01  7.94952676e+00
  3.20775188e+02] 7.950872038304372
[-3.09377300e+00  3.26466458e-01 -1.18870322e-02  8.06719158e+00
  3.23849537e+02] 8.073803420629218
[-3.21934750e+00  1.86573623e-01 -2.02861599e-01  8.13286997e+00
  3.22367705e+02] 8.137538729172126
[-3.19747223e+00 -7.52562061e-02  1.16789072e-01  8.26337888e+00
  3.25358043e+02] 8.264546795895331
[-3.12715004e+00  2.97770051e-01 -8.97194554e-02  8.29192363e+00
  3.23864461e+02] 8.29775355616846
[-3.09073775e+00  1.07858118e-01 -2.04450590e-02  7.78801719e+00
  3.20631254e+02] 7.78879086279264
[-3.17677175e+00 -9.81147457e-02  1.11103159e-01  8.13396279e+00
  3.22988046e+02] 8.135313215517598
[-3.15366788e+00  3.21081444e-02  1.04633588e-01  8.27649574e+00
  3.22507097e+02] 8.277219387770241
[-3.15536869e+00 -1.37299129e-01 -2.50790361e-01  8.13139779e+00
  3.23250436e+02] 8.136422857711489
[-3.14169309e+00 -1.42338602e-01 -2.68312415e-01  8.01222505e+00
  3.24852256e+02] 8.017979923545509
[-3.11539089e+00 -2.32908047e-02 -1.62916151e-01  8.13293770e+00
  3.24856228e+02] 8.134602617691618
[-3.07235566e+00  2.22072979e-02  1.75547867e-01  7.92220168e+00
  3.24470562e+02] 7.924177535040662
[-3.14721211e+00  1.21479304e-01 -7.86941663e-02  7.96605216e+00
  3.19873354e+02] 7.967367001170378
[-3.11330102e+00 -1.95708420e-01 -1.56459160e-01  7.85413791e+00
  3.22207303e+02] 7.85813358819207
[-3.15497131e+00  4.22722444e-01 -1.03781207e-01  8.39476942e+00
  3.26397896e+02] 8.406046541889427
[-3.10163552e+00 -4.52859419e-02 -1.02706585e-01  8.01260681e+00
  3.24106627e+02] 8.013392994292225
[-3.20516741e+00 -2.51676978e-02 -7.87337693e-02  8.04038786e+00
  3.21327337e+02] 8.040812726998395
[-3.20691959e+00  1.31061124e-01  1.60852244e-02  8.35195469e+00
  3.24313595e+02] 8.3529984424326
[-3.15869442e+00 -1.17633588e-01  2.37314965e-02  8.08197076e+00
  3.20560775e+02] 8.082861635348996
[-3.07184109e+00  2.11640465e-01  1.43967052e-01  8.11004124e+00
  3.21330283e+02] 8.11407956409374
[-3.16547997e+00  1.43993645e-01 -1.53572106e-01  8.09132022e+00
  3.23556628e+02] 8.094058408360599
[-3.13935531e+00 -3.33226589e-01 -6.08715163e-02  8.16724202e+00
  3.25070288e+02] 8.174263726158701
[-3.19775820e+00 -2.69988110e-01 -2.60276838e-01  8.06573791e+00
  3.21674901e+02] 8.07445141272531
[-3.19287212e+00 -1.60009465e-02  9.23840645e-02  7.84023558e+00
  3.19338574e+02] 7.840796183534178
[-3.13969327e+00  9.33949246e-02  1.15739035e-02  8.01646062e+00
  3.20395962e+02] 8.017012998040085
[-3.13597729e+00  1.95951059e-01 -1.75321508e-02  8.22217202e+00
  3.23825558e+02] 8.224525328426004
[-3.17657600e+00  8.43666028e-02 -1.05288176e-01  8.06006242e+00
  3.20221648e+02] 8.061191570788457
[-3.22618263e+00  1.53715396e-01 -3.77637498e-02  8.34086308e+00
  3.23728149e+02] 8.342364859483517
[-3.07060136e+00 -1.42521201e-01 -4.58307277e-02  7.92358459e+00
  3.21808286e+02] 7.924998774798129
[-3.12412422e+00  2.51076193e-01 -2.37933201e-02  8.19124287e+00
  3.25101177e+02] 8.195124469976887
[-3.08415043e+00 -1.85346730e-01  1.02308537e-01  7.99872577e+00
  3.23291434e+02] 8.00152700357078
[-3.15376364e+00  1.55643977e-01  2.54252765e-01  8.25034179e+00
  3.24371256e+02] 8.255725838490898
[-3.10281062e+00 -2.35204842e-01  4.19768791e-02  8.06854890e+00
  3.22177911e+02] 8.07208552763277
[-3.20761036e+00  7.90621990e-02  9.58981729e-02  7.84262970e+00
  3.19655671e+02] 7.843614466228676
[-3.13178793e+00  8.59628164e-02  1.90000525e-02  8.01353020e+00
  3.23508271e+02] 8.014013778041825
[-3.17682144e+00 -7.72939003e-02 -2.82132320e-01  8.22527242e+00
  3.24664270e+02] 8.23047260840026
[-3.19236028e+00 -5.45614967e-02  2.15734215e-01  7.93163442e+00
  3.21361735e+02] 7.934755365057068
[-3.06646435e+00  1.60951344e-01 -1.27139464e-01  7.89376893e+00
  3.20650266e+02] 7.896433230374926
[-3.18622116e+00  2.68451026e-02 -6.65092750e-03  7.95920580e+00
  3.22906634e+02] 7.959253852089686
[-3.11038128e+00  9.36345377e-02  6.24827605e-02  7.70366402e+00
  3.18692327e+02] 7.70448641069761
[-3.13530404e+00  3.33912897e-01 -1.25504049e-01  8.11771763e+00
  3.23086381e+02] 8.125551592192066
[-3.10809485e+00 -2.09794698e-01 -5.75021734e-02  7.83774719e+00
  3.22951231e+02] 7.840765350971824
[-3.11424427e+00 -1.40244505e-01 -4.43876009e-02  7.72717803e+00
  3.19452269e+02] 7.728578075560353
[-3.04797532e+00  1.19897989e-01 -8.29935075e-02  7.80042787e+00
  3.22965493e+02] 7.801790716622568
[-3.12865951e+00  5.80311756e-01  1.54220924e-01  7.93003371e+00
  3.22809497e+02] 7.952734148942812
[-3.13194476e+00  1.70790514e-01  4.12240274e-02  8.06018200e+00
  3.22381393e+02] 8.062096668834645
[-3.06452559e+00  9.91040030e-02 -8.29527208e-03  7.96005491e+00
  3.23356615e+02] 7.96067614149381
[-3.13450673e+00  9.00135099e-02  1.23626952e-01  8.06876680e+00
  3.23338665e+02] 8.070215838970546
[-3.10850001e+00 -1.34229835e-01  5.05707294e-02  7.91383158e+00
  3.21739053e+02] 7.9151314138197275
[-3.18780388e+00 -3.60170803e-02  3.61039618e-01  8.04354966e+00
  3.24725997e+02] 8.051728881850417
[-3.12190296e+00 -8.25011930e-02  2.17632371e-01  8.02896860e+00
  3.21708971e+02] 8.03234131603828
[-3.15295369e+00 -1.75572722e-01 -3.24957400e-01  7.90926256e+00
  3.20643012e+02] 7.917882128767366
[-3.13211985e+00  4.06464843e-02 -2.20147046e-01  7.80309402e+00
  3.20198143e+02] 7.806304701028641
[-3.16752994e+00  2.02574363e-01  1.44802782e-02  8.30289407e+00
  3.24707417e+02] 8.305377534185489
[-3.20499268e+00 -5.59341102e-02 -1.67049988e-01  8.32862718e+00
  3.26646964e+02] 8.330490086079196
[-3.19330154e+00 -2.25487060e-01 -1.92999947e-01  8.18548046e+00
  3.21874890e+02] 8.190859772780003
[-3.17351981e+00  1.73278069e-01 -2.70190761e-01  8.06573094e+00
  3.22828366e+02] 8.072115209888697
[-3.14324438e+00 -1.36251663e-01  4.40618100e-02  8.17436276e+00
  3.24459850e+02] 8.175616945571772
[-3.07397972e+00  1.59135387e-02 -2.35407025e-01  8.11479440e+00
  3.23886266e+02] 8.11822381216435
[-3.14363622e+00  2.69970881e-01 -7.24263142e-02  8.17544233e+00
  3.22926569e+02] 8.18021925890704
[-3.15418325e+00 -4.35451908e-02  1.10146926e-01  7.88422080e+00
  3.21229845e+02] 7.885110413359764
[-3.18566111e+00 -3.52817116e-01 -1.20016407e-02  8.18683629e+00
  3.22795410e+02] 8.194443995529538
[-3.17949488e+00 -9.09015704e-02  2.52850225e-01  8.09189323e+00
  3.24873322e+02] 8.096353025354142
[-3.25827956e+00 -1.24736249e-01 -7.57811486e-02  8.14952551e+00
  3.23569716e+02] 8.150832351691182
[-3.12645955e+00 -2.86277108e-01 -3.71444267e-01  8.29826857e+00
  3.23070109e+02] 8.311509289048242
[-3.22629052e+00 -3.44072972e-02  2.28590316e-02  8.44019268e+00
  3.27249720e+02] 8.440293768341107
[-3.10364844e+00 -2.95308273e-01  1.34351362e-01  8.03087217e+00
  3.23954737e+02] 8.037422788676043
[-3.08979683e+00  1.33807914e-01  4.30305933e-02  8.41282761e+00
  3.25740962e+02] 8.414001701950621
[-3.11961140e+00  7.16326981e-02 -2.93319781e-01  8.08983331e+00
  3.21876811e+02] 8.095466056381976
[-3.12372980e+00 -6.88906791e-02  6.48091112e-02  8.05392896e+00
  3.22389285e+02] 8.054484333184735
[-3.17658869e+00  1.53980676e-01 -9.05670272e-02  8.08336319e+00
  3.22863654e+02] 8.085336903992454
[-3.12805393e+00 -1.31873766e-01  1.21595232e-01  8.01289252e+00
  3.21455445e+02] 8.014900036617544
[-3.13093927e+00 -5.83642811e-02 -1.53201692e-01  8.02530818e+00
  3.22313621e+02] 8.026982532992669
[-3.14530760e+00  5.10015163e-02 -1.71566272e-01  7.87055020e+00
  3.21449687e+02] 7.872585132410191
[-3.18601842e+00 -2.10503271e-01  2.52123736e-01  8.02341673e+00
  3.23810253e+02] 8.03013661052468
[-3.07064608e+00  8.10908336e-03 -2.78515018e-01  8.09497488e+00
  3.24013127e+02] 8.099768801964984
[-3.19225686e+00  1.51410207e-01  4.64156055e-02  8.20044028e+00
  3.22196376e+02] 8.20196929537735
[-3.10742898e+00  1.06846824e-03  1.43091754e-01  7.44719468e+00
  3.17649851e+02] 7.448569326406674
[-3.11722543e+00  2.77676003e-01  1.40767977e-03  7.97040545e+00
  3.21986008e+02] 7.975240994228833
[-3.16432146e+00  1.44233288e-02  3.73152350e-02  8.42714006e+00
  3.26958803e+02] 8.427235014606635
[-3.18556605e+00 -2.65784770e-01 -1.43982969e-01  8.16391681e+00
  3.25175952e+02] 8.169511019375589
[-3.12489134e+00 -7.26078103e-02  2.52828489e-01  8.17746391e+00
  3.24835379e+02] 8.18169360201229
[-3.15328347e+00 -2.66309278e-02  1.55315173e-02  8.01750513e+00
  3.22199087e+02] 8.01756440217587
[-3.11168940e+00 -3.49647570e-02  1.81987598e-01  8.15483443e+00
  3.24569123e+02] 8.156939779121934
[-3.15380443e+00 -4.48873821e-01  7.62181362e-02  8.19761306e+00
  3.23441217e+02] 8.21024706185256
[-3.21256650e+00 -2.61495415e-01  3.65362155e-02  8.39268640e+00
  3.24966928e+02] 8.396838679950688
[-3.13769308e+00  1.26231826e-01 -2.51639644e-01  7.94096993e+00
  3.23363803e+02] 7.945958752099385
[-3.11235560e+00 -1.45427550e-01  1.85277182e-01  8.22795137e+00
  3.24572121e+02] 8.231321921054999
[-3.14332083e+00 -2.37887269e-01 -3.57362248e-01  8.23341891e+00
  3.24847416e+02] 8.244603387860662
[-3.14991049e+00 -4.23925322e-02  2.41213953e-01  7.90113840e+00
  3.20973460e+02] 7.904933223789267
[-3.18015028e+00 -2.58157914e-01 -3.06985025e-02  8.31281745e+00
  3.22372840e+02] 8.316881738864799
[-3.15864660e+00 -1.72824739e-01  6.14964531e-03  8.28942217e+00
  3.23875130e+02] 8.291225855858317
[-3.07932440e+00 -1.66773430e-01 -4.19298847e-02  7.94099227e+00
  3.23619838e+02] 7.942854004199695
[-3.06668121e+00 -3.34959177e-01  5.81873769e-02  7.89197177e+00
  3.21812975e+02] 7.899291219329615
[-3.18585665e+00  7.64379264e-02  1.88699607e-01  8.40573664e+00
  3.25061831e+02] 8.408201876245487
[-3.09271622e+00 -1.30047887e-01  6.89419221e-03  7.94834897e+00
  3.21044769e+02] 7.949415786315719
[-3.18862840e+00 -1.01306180e-01  8.39442148e-02  8.06073791e+00
  3.24241798e+02] 8.061811534449832
[-3.11383600e+00 -3.49290489e-02 -1.38227497e-01  8.22578776e+00
  3.23562773e+02] 8.22702322433528
[-3.11009693e+00 -1.96377095e-01  9.28260934e-02  7.97727862e+00
  3.21380069e+02] 7.9802352601135995
[-3.18657178e+00 -1.06005581e-01  4.84870855e-02  8.15689967e+00
  3.23904377e+02] 8.157732556869767
[-3.15751916e+00 -5.63359722e-03  1.67933543e-04  7.99761844e+00
  3.23073611e+02] 7.99762042657767
[-3.15094349e+00 -2.27179652e-02  2.61752769e-01  8.00837028e+00
  3.24538382e+02] 8.012679024075961
[-3.11839924e+00  1.32133150e-01  2.74754593e-02  8.03423977e+00
  3.23542327e+02] 8.035373218818933
[-3.18986099e+00  1.50092813e-01 -5.17696024e-02  8.33788148e+00
  3.24523542e+02] 8.339392996848453
[-3.24206115e+00 -3.07235160e-02 -3.04357914e-02  8.23537404e+00
  3.22352837e+02] 8.23548759138511
[-3.11716659e+00 -4.12479821e-02 -8.40213774e-02  8.31029782e+00
  3.25168308e+02] 8.310824918353207
[-3.18263674e+00  3.26924110e-01  6.33820558e-02  8.10332273e+00
  3.22736402e+02] 8.110162511000393
[-3.10885691e+00 -7.88068478e-03 -2.34406545e-01  8.02995387e+00
  3.23081538e+02] 8.033378346043401
[-3.18915460e+00  5.54530386e-02  1.08908786e-01  7.81947408e+00
  3.18936083e+02] 7.820429088341977
[-3.14775293e+00  1.57872732e-01 -1.57303352e-01  8.04148666e+00
  3.22430957e+02] 8.044574314609012
[-3.22348579e+00 -2.01853791e-01 -1.04884578e-01  8.05912318e+00
  3.19735350e+02] 8.062332923189118
[-3.19212755e+00  5.09319799e-02  9.12794126e-02  8.31864995e+00
  3.26964033e+02] 8.319306642187769
[-3.15190124e+00  1.12780232e-01  7.89820437e-02  7.85586048e+00
  3.19396627e+02] 7.857066976992125
[-3.15111854e+00 -3.33771158e-02  1.23195824e-03  8.13189261e+00
  3.23331714e+02] 8.131961202961318
[-3.04185645e+00  1.12859431e-01  3.49663557e-01  8.02045035e+00
  3.23602389e+02] 8.02886203917338
[-3.07160766e+00 -6.66635722e-02 -4.21224878e-02  7.93690570e+00
  3.21922767e+02] 7.937297425337393
[-3.12068248e+00 -1.61151495e-01  1.19182246e-01  7.85264396e+00
  3.23459360e+02] 7.85520154561388
[-3.18449754e+00  6.05384968e-02 -1.33132381e-01  8.25042287e+00
  3.24949974e+02] 8.251719008486143
[-3.19135850e+00 -1.86130485e-01 -8.01758601e-02  8.09214311e+00
  3.21479973e+02] 8.094680524408492
[-3.11874405e+00  9.49697212e-02  1.60010414e-01  8.01475280e+00
  3.25181228e+02] 8.01691243939938
[-3.12841095e+00 -1.75268574e-01 -1.61647795e-01  7.94599989e+00
  3.25523955e+02] 7.94957630238369
[-3.11722713e+00  1.15713922e-01 -1.27842744e-01  8.06486112e+00
  3.22938511e+02] 8.06670430971646
[-3.15305626e+00  2.97830800e-02  2.16953785e-01  8.15216369e+00
  3.25617028e+02] 8.155104464445108
[-3.16016116e+00  1.94831212e-01 -5.51311479e-02  8.16856447e+00
  3.24218867e+02] 8.17107361914992
[-3.11093473e+00  1.46648793e-02 -1.23974750e-01  8.14714079e+00
  3.22553982e+02] 8.148097187431425
[-3.14002018e+00 -4.60682814e-02  2.38564606e-01  7.97046888e+00
  3.23442161e+02] 7.974171399427455
[-3.13512972e+00  6.74510598e-02  1.56515120e-01  8.28006109e+00
  3.24304850e+02] 8.28181491290037
[-3.22537177e+00 -2.28379470e-01 -2.18033353e-02  8.20661004e+00
  3.21943981e+02] 8.209816133577233
[-3.06141382e+00 -1.77025859e-01  1.28117040e-01  8.04944531e+00
  3.23968198e+02] 8.052410936934637
[-3.17110289e+00 -1.37188500e-01  2.68517486e-01  8.06098691e+00
  3.21000506e+02] 8.066624593378968
[-3.09812746e+00 -3.99797701e-02 -2.70101726e-02  8.03767923e+00
  3.23579981e+02] 8.03782404268181
[-3.16930582e+00  3.54644611e-01  4.77806580e-02  7.91623260e+00
  3.20596224e+02] 7.9243166509710905
[-3.22416698e+00  2.20044158e-01 -2.32567080e-01  8.03901149e+00
  3.21751047e+02] 8.045384555811571
[-3.14946308e+00 -2.18338770e-01  2.57332874e-01  8.15116843e+00
  3.24526967e+02] 8.158151674417189
[-3.13860453e+00  2.77646949e-01 -2.03283890e-01  8.06600351e+00
  3.23147983e+02] 8.073340371153428
[-3.09951115e+00 -1.22710042e-02  1.01818575e-01  8.12056837e+00
  3.23293176e+02] 8.121215932496618
[-3.07116768e+00  5.90859621e-02 -5.40984518e-02  7.59124986e+00
  3.20533526e+02] 7.591672557534402
[-3.12005160e+00  1.09708071e-01  1.97621380e-01  8.20987018e+00
  3.20268161e+02] 8.21298109761326
[-3.11868372e+00  1.40193836e-01  2.35030077e-01  8.05695430e+00
  3.23866731e+02] 8.06160070807723
[-3.15333930e+00  5.54539351e-02 -2.72774159e-01  8.17682264e+00
  3.24086193e+02] 8.1815591063043
[-3.15659361e+00  2.13790367e-02  3.38808797e-03  8.19747398e+00
  3.24096727e+02] 8.19750255600684
[-3.18715761e+00 -1.79281037e-01 -1.94735789e-01  8.20823424e+00
  3.23528334e+02] 8.21250102082778
[-3.13497195e+00 -5.19584047e-02 -6.28874245e-02  7.79316525e+00
  3.20832503e+02] 7.793592181463424
[-3.12336813e+00  7.63029713e-02 -1.95220616e-01  7.83841769e+00
  3.22243667e+02] 7.841219618061008
[-3.09210681e+00  3.34247444e-01 -2.59503189e-01  8.13055498e+00
  3.25937473e+02] 8.141559285801506
[-3.12664232e+00 -3.79994454e-01 -6.27347278e-02  8.05747136e+00
  3.24841755e+02] 8.06667069681563
[-3.17127573e+00 -2.37776276e-01  1.41037699e-01  7.89472213e+00
  3.23601988e+02] 7.899561166774339
[-3.14377273e+00  9.27201538e-02  4.66402857e-02  8.04249392e+00
  3.20943632e+02] 8.043163602885318
[-3.12934156e+00  1.12360663e-01  2.04420764e-01  7.93427865e+00
  3.23526274e+02] 7.937706872560263
[-3.18078578e+00  1.15118963e-01 -1.46921294e-01  8.01323370e+00
  3.22909100e+02] 8.015407202178094
[-3.13138014e+00  1.16497033e-01 -2.05989726e-01  8.14331333e+00
  3.24729416e+02] 8.146751213248928
[-3.23383015e+00 -2.54388748e-02  1.19675717e-01  8.16114290e+00
  3.22188589e+02] 8.162059967903486
[-3.13887809e+00 -1.00391118e-02  8.24125049e-02  7.98337758e+00
  3.23524042e+02] 7.983809252798079
[-3.11066851e+00  4.87458827e-02 -7.58757912e-02  8.12196427e+00
  3.23037914e+02] 8.122464952327455
[-3.12481866e+00  2.64761513e-01  1.23688499e-01  7.97035204e+00
  3.24274657e+02] 7.9757074358924855
[-3.18236276e+00  3.76647268e-02  2.29750698e-01  8.17539891e+00
  3.23132913e+02] 8.178713308407058
[-3.08627170e+00 -5.57853869e-02  2.64037588e-01  7.91133965e+00
  3.21502136e+02] 7.9159410638537135
[-3.11532724e+00 -8.76008043e-03  3.02253428e-01  8.01520167e+00
  3.23295318e+02] 8.020903416755806
[-3.15096325e+00  9.63722720e-02  6.82959372e-02  7.96481608e+00
  3.22615602e+02] 7.965691885390975
[-3.11413981e+00 -1.40293276e-01 -1.32210939e-01  8.22833678e+00
  3.23838181e+02] 8.230594637281351
[-3.20972562e+00 -2.99818249e-01 -8.64909080e-02  8.13884338e+00
  3.24372712e+02] 8.14482309710554
[-3.21926446e+00  2.17280717e-02  8.47063029e-02  8.03586390e+00
  3.19076996e+02] 8.03633970227371
[-3.12837037e+00 -1.13597775e-01  3.76708482e-02  7.90161967e+00
  3.24655358e+02] 7.902525987475821
[-3.12716589e+00 -8.11978402e-02  8.84569459e-03  8.16353718e+00
  3.24877531e+02] 8.163945778962665
[-3.18352391e+00 -1.15690353e-01  9.63450849e-02  7.99856383e+00
  3.21910817e+02] 7.999980623710783
[-3.16123670e+00 -2.26968304e-01  8.00879095e-02  8.03920562e+00
  3.22016430e+02] 8.042807694796075
[-3.17888409e+00  2.55406310e-01 -1.64403067e-02  7.84038666e+00
  3.20882835e+02] 7.844562806290886
[-3.22938530e+00 -6.77829793e-02  1.54313525e-01  7.97964109e+00
  3.20796355e+02] 7.981420873394367
[-3.14811617e+00  2.00885795e-03 -1.75508007e-01  7.75993136e+00
  3.21134628e+02] 7.761916116895707
[-3.10396180e+00  1.31654039e-01  5.69818034e-02  8.12908243e+00
  3.24047407e+02] 8.130348134566916
[-3.11272098e+00  2.78848151e-01 -1.89464661e-01  7.91338538e+00
  3.24067004e+02] 7.920563193147872
[-3.14979462e+00  7.02608389e-02 -7.35932827e-02  8.09196972e+00
  3.23420576e+02] 8.092609370623165
[-3.19952246e+00 -2.28332358e-02  2.98194256e-02  8.26508444e+00
  3.27042060e+02] 8.265169767402654
[-3.13532345e+00 -1.10415381e-01 -1.22113921e-01  7.79638658e+00
  3.18588701e+02] 7.798124585872696
[-3.10825095e+00 -1.88343961e-01 -1.01677466e-01  7.69881688e+00
  3.19841920e+02] 7.701791552768891
[-3.19032775e+00 -1.38437076e-01  1.09019959e-01  8.17694153e+00
  3.22343996e+02] 8.1788399488136
[-3.14856641e+00  5.02680155e-02 -8.01000659e-02  8.26148213e+00
  3.24967977e+02] 8.262023350305801
[-3.14927946e+00 -1.94133079e-01 -1.99783425e-01  8.12804118e+00
  3.25140741e+02] 8.132813440435081
[-3.14470274e+00 -7.24049723e-02  3.19873825e-01  7.88222819e+00
  3.21351870e+02] 7.889048297304633
[-3.17620090e+00 -9.81257630e-02  4.40534153e-02  8.00760287e+00
  3.23959328e+02] 8.00832523391737
[-3.11315485e+00 -3.35437359e-02 -1.91594766e-01  7.90042248e+00
  3.24153282e+02] 7.902816528479886
[-3.06741245e+00  2.03293162e-01 -6.51053205e-02  7.90537600e+00
  3.22442355e+02] 7.908257486164552
[-3.20727732e+00 -1.79833901e-01  6.99203882e-02  7.98922713e+00
  3.23017650e+02] 7.991556742371912
