/mnt/stage/douwei/Simulation/5kt_root/2MeV/5kt_-0.40_1.root
[-3.01655129e+00  5.57357994e-03 -2.10236800e-01 -4.56942413e-01
  2.84868905e+02] 0.5030178383046175
[-3.10043108e+00  1.78202675e-01  9.25132625e-02 -4.32762397e-01
  2.84916222e+02] 0.4770725197995678
[-2.94762047e+00  2.49947051e-01  3.05298858e-01 -2.08771297e-01
  2.85980645e+02] 0.4463926249016234
[-3.02708329e+00 -1.50291908e-01 -9.79421522e-02 -6.53922513e-01
  2.86493827e+02] 0.6780818353802798
[-3.01919129e+00 -1.15708309e-02  3.46676912e-01 -4.33034843e-01
  2.85503217e+02] 0.5548314523509886
[-2.95635776e+00  1.06435467e-01  1.22313246e-01 -3.76416562e-01
  2.86067858e+02] 0.40985176165824133
[-2.97423457e+00  2.08230158e-01  1.80633674e-01 -7.27488071e-01
  2.86098721e+02] 0.7779635057982013
[-2.85449399e+00  5.28979936e-02  1.53627669e-01 -3.54694686e-01
  2.85633396e+02] 0.3901384095863976
[-2.87860348e+00 -3.93404598e-02  1.34107043e-01 -2.32068456e-01
  2.85880267e+02] 0.2709024526584485
[-3.00928131e+00  3.15085599e-01  3.37093053e-02 -2.84840086e-01
  2.85502174e+02] 0.42608582071844414
[-3.05004479e+00  2.19803448e-01  1.59867745e-01 -3.54798002e-01
  2.85931468e+02] 0.4469372144349497
[-2.98442969e+00  2.69150625e-01 -2.45310588e-01 -4.75163209e-01
  2.85171440e+02] 0.5986646962570927
[-2.94822888e+00 -4.49116379e-01 -1.93270461e-01 -2.90051027e-01
  2.85655129e+02] 0.5684967820187597
[-2.84380645e+00 -3.50961950e-01  2.10115511e-01 -5.08331071e-01
  2.86371754e+02] 0.6524747479024698
[-2.94408916e+00 -1.38981301e-01 -3.67500392e-01 -4.74511833e-01
  2.86446915e+02] 0.616063162334052
[-2.92150237e+00 -5.90932041e-03  9.61261538e-02 -4.49966129e-01
  2.85640696e+02] 0.4601572283791118
[-2.99544471e+00 -2.33874358e-01  2.60593825e-01 -3.67276916e-01
  2.85520135e+02] 0.5074432871443584
[-2.92162910e+00 -8.49257109e-02 -1.29859886e-01 -4.67623644e-01
  2.86245342e+02] 0.4926944677379708
[-3.02966498e+00  1.25863798e-02 -5.26469926e-02  2.27724806e-02
  2.85579490e+02] 0.05872570700043099
[-2.94985864e+00  1.53631068e-02  4.04594792e-02 -4.47882436e-01
  2.86894614e+02] 0.4499685226490827
[-3.07558132e+00 -8.57017216e-02 -2.61497577e-01 -5.25101616e-01
  2.85659708e+02] 0.5928384897197063
[-2.99905660e+00  1.96964745e-01  5.51279140e-02 -6.87984761e-01
  2.85185072e+02] 0.71774454295728
[-2.93789180e+00 -4.59568706e-01 -8.24961201e-02 -4.93860129e-01
  2.86065578e+02] 0.6796372797919134
[-3.01740806e+00  6.80530947e-02  1.09276894e-01 -6.40523676e-01
  2.85991400e+02] 0.6533324133342735
[-3.02361030e+00 -1.55168676e-01  3.06643028e-01 -3.43432334e-01
  2.84945278e+02] 0.48585289250111463
[-2.98533038e+00 -7.15696361e-03 -5.93004777e-02 -2.58140700e-01
  2.85470278e+02] 0.26496111024914204
[-3.02091338e+00  1.25213607e-01 -1.81680455e-01 -3.55157767e-01
  2.85810265e+02] 0.41811873250449905
[-3.00970211e+00 -1.65303750e-03 -1.46977759e-01 -5.27443257e-01
  2.85750325e+02] 0.5475413992606101
[-3.00698637e+00 -4.90202825e-01  1.31073269e-01 -6.69107921e-01
  2.85454557e+02] 0.8397525956364917
[-2.88714357e+00  2.32632529e-01  1.53063260e-01 -2.14231040e-01
  2.86234389e+02] 0.3513419898735255
[-2.98601604e+00 -8.89933754e-02 -2.45272437e-01 -3.79344239e-01
  2.85566390e+02] 0.4604133368026087
[-2.92159580e+00  2.11743309e-01  1.35373408e-01 -4.16228366e-01
  2.85000560e+02] 0.48621727768050743
[-3.02549728e+00 -5.29752564e-02  8.56931153e-02 -3.52565274e-01
  2.85823247e+02] 0.3666769152317261
[-2.97336600e+00 -2.23561876e-01 -9.93068905e-02 -5.99171797e-01
  2.85154430e+02] 0.6471851457931509
[-3.03957058e+00  3.30989718e-02 -6.78082953e-02 -2.19024696e-01
  2.84874601e+02] 0.23165777401139961
[-3.02846400e+00 -4.17345848e-02  2.75886869e-01 -4.08391237e-01
  2.85213626e+02] 0.49460968676087874
[-2.92200663e+00 -8.12299494e-02  3.54147967e-01 -4.27898294e-01
  2.85795783e+02] 0.5613519725941228
[-2.98805816e+00 -1.97474101e-01  1.34534528e-01 -3.22687821e-01
  2.85140092e+02] 0.401525827043764
[-3.00668101e+00  3.50889671e-01  1.37041933e-01 -1.41606304e-01
  2.85409257e+02] 0.4024380668698817
[-2.99958307e+00  1.73741303e-01  2.31574807e-01 -2.49950475e-01
  2.85362882e+02] 0.3824763671164423
[-2.97932793e+00 -2.80573468e-01 -3.86819776e-01 -1.45537476e-01
  2.86723745e+02] 0.4995319482046271
[-2.98376863e+00  3.72496070e-02  8.74484524e-02 -4.61708243e-01
  2.85560779e+02] 0.4713907789423988
[-2.94956735e+00 -9.21753976e-02  2.96568596e-01 -2.19959837e-01
  2.84687035e+02] 0.380567426472616
[-2.94692944e+00 -1.38437661e-01 -1.12860123e-01 -1.58949796e-01
  2.85589800e+02] 0.23909711603554804
[-3.02580580e+00 -1.40517123e-01 -3.88986764e-01 -1.57057949e-01
  2.85243289e+02] 0.4424058809500824
[-2.95604289e+00  1.09625894e-01  1.22278900e-01 -2.76735255e-01
  2.85366641e+02] 0.3217955364972191
[-2.96907021e+00 -5.00079334e-02 -7.53855917e-02  2.49561404e-02
  2.85927714e+02] 0.09384343229468531
[-2.92360908e+00 -2.85294940e-01 -6.58539124e-02 -3.38213524e-01
  2.86610455e+02] 0.4473458708627199
[-2.98589480e+00  1.65027435e-02  2.86633529e-01 -3.23840318e-01
  2.85930089e+02] 0.4327859425536283
[-2.98360929e+00 -2.55899101e-01 -5.61183106e-02 -3.43280722e-01
  2.85383646e+02] 0.4318278226409494
[-2.97103280e+00  8.57207954e-02  1.15437603e-01 -6.25507867e-01
  2.86060604e+02] 0.6418208370222235
[-3.02760851e+00 -1.25812897e-01  1.62158315e-01  1.83255469e-01
  2.84958154e+02] 0.27514863488476515
[-3.07181026e+00  1.43814892e-01 -1.91584862e-01 -1.83973248e-01
  2.85779406e+02] 0.30204906608466237
[-3.09083466e+00  5.60239886e-02 -1.90104271e-01 -5.68766779e-01
  2.85562403e+02] 0.6023072054622418
[-3.00641714e+00  1.75733489e-01  2.57948472e-01 -9.76875843e-02
  2.85891226e+02] 0.32705127639727327
[-2.96713434e+00  1.84100505e-01 -4.23555502e-02 -2.03783163e-01
  2.85636569e+02] 0.2778750911323624
[-3.05691989e+00  1.78950939e-01 -7.62978700e-02 -2.47607768e-01
  2.85371145e+02] 0.3148879333585815
[-2.95510106e+00  3.20512234e-01  2.76702343e-02 -5.15602537e-01
  2.84871741e+02] 0.6077332551224226
[-3.08965843e+00  1.13930607e-01  2.11418776e-01 -2.60828149e-01
  2.85471369e+02] 0.3545552216353224
[-2.97720362e+00 -2.19149359e-02 -2.08046484e-02 -5.30385832e-01
  2.85855602e+02] 0.5312459213925074
[-2.93110784e+00  1.45975575e-01  2.09285667e-01 -5.88828825e-01
  2.86892399e+02] 0.6417388437943646
[-3.06423696e+00 -5.16552491e-02  8.00460736e-02 -2.51660492e-01
  2.84946980e+02] 0.26908853892642465
[-3.03155907e+00  3.26118571e-01  7.66700202e-02 -5.29177102e-01
  2.85560401e+02] 0.6263066494023553
[-3.05458688e+00  1.75704351e-01 -7.73365458e-02 -2.96228925e-01
  2.85357305e+02] 0.35299367752744165
[-3.02400035e+00 -1.19742049e-01  2.62422826e-01 -4.83357375e-01
  2.85698303e+02] 0.5628838687295776
[-2.97383203e+00  1.93487319e-02 -1.82697489e-01 -1.60220796e-01
  2.86309883e+02] 0.24376925406213376
[-3.06696207e+00  1.49103890e-01  5.90629230e-02 -3.09742875e-01
  2.86425550e+02] 0.3487994371478581
[-3.05348819e+00  2.57312758e-01 -2.41137625e-01 -5.29532915e-01
  2.86152116e+02] 0.6362093343927175
[-2.96114310e+00  1.24378838e-01 -2.25338340e-01 -4.08519412e-01
  2.85583212e+02] 0.48284114654915444
[-3.00869145e+00 -7.90723017e-02  5.07779434e-03 -3.02071593e-01
  2.85107085e+02] 0.3122906666335485
[-2.88580391e+00 -3.48902293e-01  6.01022768e-02 -3.88114537e-01
  2.86839622e+02] 0.5253360715400032
[-2.90489841e+00 -2.72314663e-01  2.80371049e-01 -4.07031715e-01
  2.86484605e+02] 0.5643031257682717
[-3.02271729e+00 -2.11910230e-01  1.47378628e-02 -7.04957654e-01
  2.86120109e+02] 0.7362665581167117
[-2.96318528e+00  2.36198987e-01 -3.41793290e-01 -1.24044002e-01
  2.85588892e+02] 0.4335891243437052
[-2.99438980e+00 -5.83478519e-02 -1.18422282e-01 -7.02264647e-01
  2.84661804e+02] 0.7145655627140574
[-2.94905958e+00 -3.09428576e-03  4.15279050e-02 -1.86980261e-01
  2.85410951e+02] 0.1915613726343762
[-2.97427436e+00 -1.49680640e-01  5.39552263e-03 -3.54512365e-01
  2.86220667e+02] 0.384853768076582
[-3.05670887e+00 -9.68485113e-02 -2.06234640e-01 -3.55802155e-02
  2.85410859e+02] 0.23060423394492344
[-3.02380880e+00 -2.07007956e-01 -8.55832050e-02 -4.75788736e-01
  2.86268543e+02] 0.5258818304988696
[-2.97980770e+00 -3.11451833e-02  4.21872911e-01 -4.11956750e-01
  2.85040576e+02] 0.5904702694012413
[-2.98998135e+00 -4.76267097e-02 -1.14424930e-01 -2.54559811e-01
  2.85797629e+02] 0.2831290620092389
[-2.93865768e+00 -4.59828664e-02  2.73236327e-01 -2.94666983e-01
  2.86230340e+02] 0.404476383651776
[-3.04310119e+00  1.16257727e-02 -1.24049180e-01 -5.14434686e-01
  2.86201454e+02] 0.529307475831376
[-2.95495792e+00 -1.22306423e-01 -2.25794133e-01 -5.23098750e-01
  2.84929883e+02] 0.5827299154110867
[-3.01636224e+00 -5.90177946e-02  9.88273722e-02 -4.49306902e-01
  2.84127509e+02] 0.46381746607466245
[-3.00344095e+00 -2.50804842e-02  1.15691694e-02 -6.76364216e-01
  2.85461490e+02] 0.676927934964037
[-3.07434511e+00 -2.42100439e-02 -2.21943837e-01 -2.16239610e-01
  2.84480791e+02] 0.3108130653170789
[-2.91079343e+00  4.12171628e-01  9.63158015e-02 -1.96240627e-01
  2.86019339e+02] 0.46655392830931036
[-2.96740221e+00 -2.71388674e-02 -8.77041502e-02 -3.44334132e-01
  2.85165905e+02] 0.35636291925654906
[-3.06209028e+00 -3.32153794e-01 -1.55073121e-02 -1.81701782e-01
  2.85190443e+02] 0.3789223629683247
[-2.98684814e+00  5.17560304e-02 -4.30846838e-01 -4.43017013e-01
  2.85782439e+02] 0.6201384994322063
[-2.97616449e+00 -1.58778667e-01 -2.44628706e-01 -6.66792327e-01
  2.86074710e+02] 0.727781475096195
[-3.02967269e+00 -2.86347526e-02 -6.43483327e-03 -5.33926232e-02
  2.85648411e+02] 0.0609272381477994
[-3.00738464e+00 -1.22205560e-01  6.51584592e-02 -5.36104462e-01
  2.86131895e+02] 0.5537037277748305
[-2.99070276e+00  5.86600417e-02  1.62174123e-01 -4.44732270e-01
  2.85230103e+02] 0.4769992021618
[-3.04976151e+00 -1.87527656e-01 -2.68063372e-01 -7.31139106e-01
  2.86499374e+02] 0.8009925002747823
[-2.99161600e+00  1.13760969e-01 -1.70515336e-02 -6.34345672e-01
  2.86056269e+02] 0.6446912009720887
[-2.97768025e+00  4.22039943e-01 -1.74389064e-01 -4.21745351e-01
  2.85696566e+02] 0.6216095239104276
[-3.01899596e+00  9.22221298e-02 -5.36489496e-02 -5.05526821e-01
  2.84831653e+02] 0.5166628474776744
[-2.96609008e+00  1.15926634e-01  3.94416210e-01 -3.96632252e-01
  2.86855918e+02] 0.5712444965042769
[-2.99452965e+00 -4.59490105e-03 -8.09762561e-03 -2.50675735e-01
  2.85117554e+02] 0.25084857721345966
[-3.13689969e+00  2.91568385e-01  2.77418473e-01 -7.84140021e-02
  2.84985382e+02] 0.41002669177540546
[-3.03886345e+00  2.98615467e-01  2.74075160e-01 -4.92831108e-01
  2.85841059e+02] 0.63809943725501
[-2.92672101e+00  2.19834175e-01  2.13659410e-01 -5.50605338e-01
  2.86222552e+02] 0.6301933400751519
[-2.99786515e+00 -8.92936822e-02  1.03326046e-01 -4.99545691e-01
  2.85413754e+02] 0.5178759799126701
[-2.99424765e+00 -6.42702872e-02 -4.65978368e-02 -6.89888190e-01
  2.86339435e+02] 0.6944405970719209
[-2.91578958e+00  5.78713777e-03  7.86104839e-02 -6.06145671e-01
  2.85897374e+02] 0.6112492729161134
[-2.98670528e+00 -6.81133063e-03 -3.14467496e-01 -5.05987992e-01
  2.85638802e+02] 0.5957852364019004
[-2.95625403e+00 -2.04135059e-01  1.86354415e-01 -2.67853978e-01
  2.85626163e+02] 0.38489588683311177
[-2.98044359e+00 -5.71294745e-02 -3.55862274e-03 -7.55196914e-02
  2.85394776e+02] 0.09476109134962314
[-2.93285552e+00  3.28396046e-01 -1.78914765e-01 -4.28880461e-01
  2.85562772e+02] 0.5690280361133567
[-3.00217211e+00  1.45574449e-01 -2.01183170e-01 -3.58476093e-01
  2.86227442e+02] 0.4360868006613318
[-2.92743195e+00  2.27383151e-01  7.95213069e-02 -2.13460011e-01
  2.85614083e+02] 0.32185697435120786
[-3.00319892e+00  5.57868625e-01  1.19614413e-01 -2.77765804e-01
  2.85725120e+02] 0.6345698171514367
[-2.98242013e+00  1.30575627e-01  7.43170482e-02 -6.28762270e-01
  2.86439809e+02] 0.6464634637639756
[-3.01806327e+00 -2.53524553e-01  8.61313558e-02 -7.00572530e-01
  2.84323264e+02] 0.7499967859846408
[-3.10859419e+00  3.66965396e-02  8.34896763e-03 -5.55208209e-01
  2.85764680e+02] 0.5564822521865835
[-3.00921163e+00  6.94922497e-02 -4.55680148e-02 -4.37992415e-01
  2.85286561e+02] 0.44580598107824476
[-3.02092071e+00  2.01128632e-01 -5.31118421e-02 -3.61345706e-01
  2.86406523e+02] 0.4169464157576845
[-3.05644668e+00  1.99821774e-01 -5.97971180e-01 -3.26707043e-01
  2.85906002e+02] 0.7100956028630921
[-2.93628331e+00 -5.79070780e-02  1.89569262e-01 -3.01170995e-01
  2.84999493e+02] 0.3605463953489466
[-3.02003017e+00 -3.35328646e-01  2.06718235e-01 -5.67004860e-01
  2.86345241e+02] 0.69041454251997
[-2.99955754e+00 -3.26699817e-01 -1.61533774e-01 -8.66778838e-02
  2.86160064e+02] 0.37461845409944927
[-2.93203327e+00  6.49467764e-02  6.08689374e-02 -3.81256579e-01
  2.85745448e+02] 0.39150950270385354
[-3.04778610e+00  2.21375846e-01  3.22109069e-01 -3.08868572e-01
  2.86044662e+02] 0.4981579189079809
[-2.97165950e+00  1.10075887e-01  1.51033452e-01 -2.06963976e-01
  2.85215931e+02] 0.27885819265520995
[-3.03267391e+00 -2.52036686e-01 -1.63229658e-01 -1.98175716e-01
  2.86115458e+02] 0.3597777464205022
[-2.91020587e+00  1.97754860e-01  2.18852160e-01 -1.00587141e-01
  2.85564583e+02] 0.3116424645235687
[-2.99953684e+00 -7.01788590e-03  2.65225253e-01 -2.56548689e-01
  2.86491408e+02] 0.36906763003297866
[-3.04509705e+00 -1.39575598e-01 -1.98607556e-01 -3.66497538e-01
  2.84902972e+02] 0.439598401200005
[-2.97199607e+00 -4.10211671e-02  3.96511052e-01 -6.72483745e-01
  2.86653823e+02] 0.7817532461986798
[-3.01095348e+00  7.63596527e-02 -2.43109765e-01 -8.33415458e-02
  2.85726422e+02] 0.26810253168941844
[-3.15304927e+00 -4.99603668e-02 -1.47828912e-01 -3.72130956e-01
  2.84558698e+02] 0.40352307749927047
[-2.98617915e+00 -2.79725078e-01 -1.18228011e-01 -3.91845827e-01
  2.85556689e+02] 0.4957490639426773
[-2.97749282e+00 -1.74262789e-01  2.17852249e-01 -5.12587120e-01
  2.85291993e+02] 0.5835860501740704
[-2.97067391e+00  2.80625974e-02  6.89893662e-02 -5.77844145e-01
  2.86024711e+02] 0.5826241477413702
[-2.97742847e+00 -4.99565966e-02  2.15955861e-01 -8.61436103e-01
  2.86281984e+02] 0.8894969110402104
[-2.96295923e+00  2.01223892e-01  1.00525386e-01 -3.07107316e-01
  2.85623452e+02] 0.3806721833849396
[ -3.06526811  -0.31017004  -0.2932495   -0.32315731 284.64033035] 0.5353796485319255
[-2.99904769e+00 -1.52691701e-01 -2.31573949e-01 -6.60808097e-01
  2.85901257e+02] 0.716664908178818
[-3.01282602e+00  5.55816830e-01  1.13130369e-01 -3.60169954e-01
  2.85012012e+02] 0.6719026897526995
[-2.99071053e+00  1.19449971e-01  6.65296442e-02 -4.63664268e-01
  2.86048727e+02] 0.4834036023433652
[-2.89305126e+00  2.83826335e-01 -3.61239465e-01 -5.16847730e-01
  2.86761030e+02] 0.6915077120027833
[-3.05070731e+00  2.82379875e-01  6.21975466e-02 -5.05108054e-01
  2.85144964e+02] 0.5820146687236131
[-2.96600834e+00  2.65827836e-02 -3.73932952e-01 -7.95182353e-01
  2.86403585e+02] 0.8791174388961993
[-2.88094895e+00  2.25199059e-01 -1.93802060e-02 -2.82854683e-01
  2.86191843e+02] 0.3620731698778564
[-3.03011552e+00  4.52008940e-03  7.42127991e-02 -7.63926678e-01
  2.85737018e+02] 0.7675362792226781
[-2.97287745e+00 -1.58637807e-01  3.58736273e-01 -4.17174811e-01
  2.85767970e+02] 0.5726189748787374
[-2.98375389e+00  9.99542338e-02  8.11660354e-02 -4.49881811e-01
  2.85236458e+02] 0.46794488735079626
[-2.94545945e+00  2.38002387e-01 -2.28612067e-01 -3.20203088e-01
  2.85199695e+02] 0.4598245654423311
[-3.00025076e+00  1.30394382e-01 -1.16278995e-02 -5.13760836e-01
  2.85439648e+02] 0.5301774229389209
[-3.00506818e+00  6.54931760e-02  9.99000924e-02 -5.46161112e-01
  2.85628553e+02] 0.5590718602944885
[-3.08866173e+00 -2.89764266e-01  6.31887117e-02 -5.93482138e-01
  2.85248886e+02] 0.6634585070829626
[-3.14996766e+00  1.24555842e-01 -8.05163463e-02 -2.61423567e-01
  2.84833299e+02] 0.30056500283718235
[-2.94976409e+00  1.91961261e-01  2.59431780e-01 -2.86360008e-01
  2.85584652e+02] 0.43145802609373046
[-3.02020468e+00  1.08921353e-01 -1.70147810e-01 -6.86543692e-01
  2.86310406e+02] 0.7156510177856654
[-3.00167173e+00  1.13176216e-01  1.39086307e-01 -2.51932996e-01
  2.86147512e+02] 0.3092314519553767
[-2.98540072e+00 -2.15182337e-02 -1.90213500e-01 -2.18115328e-01
  2.85584994e+02] 0.2902042488844267
[-3.07282084e+00 -1.02391818e-01 -2.74033080e-01 -4.59610276e-01
  2.83716132e+02] 0.5448117278011706
[-2.92083255e+00 -1.68738676e-01  1.04390716e-01 -2.16068032e-01
  2.84721794e+02] 0.2933522739395875
[-2.93142291e+00 -3.30247976e-02 -7.35763534e-02  1.49828467e-01
  2.85519250e+02] 0.1701548895489203
[-2.88084508e+00 -3.85668461e-02 -1.12486393e-01 -3.09497484e-01
  2.86158025e+02] 0.33155585117008224
[-2.95542484e+00 -2.28116392e-01 -3.78385068e-01 -4.92187332e-01
  2.86338629e+02] 0.6614081322192191
[-2.89613542e+00  2.76772837e-02  6.28909073e-02 -8.21144539e-01
  2.85946233e+02] 0.8240143518202062
[-3.07459554e+00 -2.01556006e-01 -1.09035131e-01 -3.08083688e-01
  2.85344679e+02] 0.38396489686963914
[-2.99769257e+00 -1.16567980e-01  2.53935228e-01 -3.98039961e-01
  2.86398597e+02] 0.4863198584501705
[-2.99981267e+00 -1.97215578e-01  8.88516117e-02 -3.83185998e-01
  2.85181630e+02] 0.4400228433192433
[-2.96035540e+00  2.50309851e-01 -1.08954268e-02 -8.56055126e-02
  2.85278298e+02] 0.26476788990583716
[-2.97531780e+00  4.90720064e-02 -3.04191870e-01 -5.18137625e-01
  2.86556073e+02] 0.6028327750461187
[-2.95146871e+00 -1.21052673e-01 -1.21561333e-01 -2.26815519e-01
  2.84886438e+02] 0.2843873889112076
[-2.93752534e+00  6.23837106e-02 -1.25271106e-02 -6.16468905e-01
  2.85253925e+02] 0.6197439529959511
[-3.00851294e+00  1.51806925e-01  8.28222621e-02 -1.59962352e-01
  2.85501767e+02] 0.23556914851498914
[-3.00390942e+00  1.25468553e-01  1.41381942e-01 -2.00954457e-01
  2.86132947e+02] 0.2758874867244428
[-3.03346054e+00 -2.14645381e-02 -2.14784205e-01 -4.93521153e-01
  2.85700502e+02] 0.538661405787472
[-2.98522067e+00 -3.50348593e-01  2.07170259e-01 -5.95112077e-01
  2.85713521e+02] 0.7209868491255155
[-2.96457033e+00 -1.46199826e-01  9.02478599e-02 -6.67535159e-01
  2.85834411e+02] 0.6892911236327287
[-2.90815184e+00 -1.59034998e-01  2.73951836e-01 -1.09954688e-01
  2.85474039e+02] 0.33530847394481217
[-3.06223012e+00 -2.22560564e-01 -8.95726072e-02 -3.39684291e-01
  2.84909837e+02] 0.4158628067351216
[-2.96808640e+00 -1.96576909e-01 -3.71308162e-02 -4.81382167e-01
  2.86057295e+02] 0.5212964315228288
[-2.93012097e+00 -1.49808323e-02 -1.91756335e-02 -4.54819559e-01
  2.86553536e+02] 0.45547004450144873
[-2.95987127e+00 -7.39882207e-03 -9.23316641e-02 -6.49871049e-01
  2.86039865e+02] 0.6564390750747969
[-2.99333727e+00  4.51511024e-02 -3.20978958e-01 -4.37796064e-01
  2.86681263e+02] 0.5447306738535689
[-2.90000185e+00 -2.34212107e-01 -3.43353583e-02 -3.47969104e-01
  2.86596466e+02] 0.42085237957088173
[-3.06354287e+00 -5.79210797e-04 -1.59370572e-02 -6.65389884e-01
  2.85325166e+02] 0.6655809662124441
[-2.98792689e+00 -1.11725936e-01 -1.32457848e-02 -7.69433544e-01
  2.86186638e+02] 0.7776156600222485
[-3.01656177e+00  2.76502651e-01  3.58513866e-01 -2.18375165e-01
  2.85170663e+02] 0.5026665104737611
[-2.99790879e+00  6.25714856e-02 -1.26102363e-01 -5.09909957e-01
  2.85429945e+02] 0.5289850290872431
[-2.96232638e+00  5.43808594e-02  7.67484373e-02 -6.82391240e-01
  2.85428997e+02] 0.6888435272489941
[-3.00036915e+00 -8.70910055e-02 -6.80919547e-02 -5.45891420e-01
  2.86588549e+02] 0.5569728899680582
[-2.98261847e+00 -1.10246999e-01 -5.39588664e-01 -3.88622723e-01
  2.86658615e+02] 0.6740459541706066
[-2.98302148e+00  2.74041190e-01  1.24819324e-01 -6.69909608e-01
  2.85132223e+02] 0.7344775827400899
[-2.97708917e+00  1.77631267e-01 -5.94009252e-03 -4.71965022e-01
  2.85154637e+02] 0.5043204673117323
[-2.97982315e+00  1.57777211e-02  7.47597902e-02 -5.90137081e-01
  2.85400492e+02] 0.5950628008870948
[-2.84266630e+00 -1.63933306e-01 -3.24230003e-01 -6.83919056e-01
  2.86881140e+02] 0.7744317269948305
[-2.93356383e+00 -8.08304453e-02  9.21696951e-02 -6.71061288e-01
  2.86051296e+02] 0.6821671831025988
[-2.90258758e+00  7.94334953e-02 -2.05963285e-01 -4.82081099e-01
  2.85984704e+02] 0.5302195211523132
[-2.98966413e+00  8.07728482e-02  6.71384189e-02  2.73433492e-02
  2.85767242e+02] 0.10853330842290622
[-2.90990830e+00 -3.00265408e-02 -1.31494596e-01 -1.31609068e-01
  2.85529218e+02] 0.1884499100957809
[-3.04196239e+00 -1.59376518e-01 -4.58606175e-02 -1.35629665e-01
  2.85121122e+02] 0.21424163160148377
[-3.00835003e+00 -5.72503796e-02 -1.84437683e-02 -7.07614030e-01
  2.86216702e+02] 0.710165751175052
[-2.99617678e+00 -3.30971453e-01 -2.45429702e-01 -4.81689304e-01
  2.86417126e+02] 0.6338788742337989
[-3.01148838e+00 -1.63976331e-01 -2.21131822e-01 -7.68354093e-01
  2.85294772e+02] 0.8161835165503633
[-3.01404374e+00  6.40835699e-02  1.04860164e-01 -4.56250911e-01
  2.87012967e+02] 0.4725116422011866
[-2.94296156e+00  2.06666473e-01 -1.96011413e-02 -3.16596830e-01
  2.86076507e+02] 0.3785878878105321
[-3.12597892e+00  1.25632208e-01 -3.05515143e-01 -3.42325135e-02
  2.83425522e+02] 0.3321066388263527
[-3.01420662e+00 -3.29690202e-01 -7.04564333e-02 -3.77885897e-01
  2.86230440e+02] 0.5064163207519008
[-2.99638703e+00 -5.11345674e-02 -2.54030799e-02 -6.64631248e-01
  2.85862787e+02] 0.6670792725045168
[-3.00017329e+00 -7.34314694e-02  3.78075339e-01 -7.72758690e-01
  2.84531871e+02] 0.8634171267370467
[-3.01627074e+00 -9.81917107e-02  4.78658244e-02 -8.17315584e-01
  2.85150774e+02] 0.8245832361730724
[-2.95373087e+00  9.82126519e-02 -1.00300713e-01 -2.59883702e-01
  2.86177031e+02] 0.2953734867387588
[-3.07443427e+00 -2.34976479e-02  2.71196737e-01 -1.82754496e-01
  2.85178616e+02] 0.32787042446813713
[-3.03605519e+00  1.96040265e-01  2.06888048e-01 -4.95540109e-01
  2.84549278e+02] 0.5716593825420435
[-2.97791950e+00  8.65820895e-03 -3.30301658e-01 -5.62959013e-01
  2.86134039e+02] 0.6527610587638331
[-3.09095836e+00 -1.98809257e-01  1.50522833e-01 -5.69022077e-01
  2.85870688e+02] 0.6212635256579986
[-3.04210003e+00 -5.62017786e-02  5.38372615e-02 -2.59713665e-01
  2.85196899e+02] 0.27112410117669045
[-2.99073465e+00 -3.17600119e-01 -1.25125187e-01 -3.45803409e-01
  2.86268883e+02] 0.4859075485423052
[-2.92621558e+00 -1.53140867e-01  2.88819468e-01 -4.37185491e-01
  2.86545817e+02] 0.5458937297729376
[-2.98282195e+00  1.55388589e-01 -2.57700839e-02 -1.05599500e-02
  2.86497587e+02] 0.15786457262026354
[-2.95633386e+00  3.18034544e-02 -3.89078595e-02 -4.01926941e-01
  2.86181790e+02] 0.40505622734582797
[-2.91001081e+00 -1.11750088e-01  4.72753088e-02 -2.05618400e-01
  2.86829154e+02] 0.23875083945095302
[-2.99390483e+00 -6.07184053e-02 -2.68411693e-01 -5.78515100e-01
  2.85991481e+02] 0.6406335014441631
[-3.04024873e+00 -1.54538329e-01  4.42354513e-03 -4.08036074e-01
  2.84748927e+02] 0.43634287037999225
[-3.02750918e+00 -2.25178068e-01  3.73004216e-02 -3.42069884e-02
  2.85130418e+02] 0.23079558481009985
[-2.83950705e+00  1.46611838e-02  1.13172752e-01 -5.89351392e-01
  2.85779685e+02] 0.6002983302316759
[-3.02349441e+00  2.84651655e-01  1.87826109e-01 -3.11689121e-01
  2.85682352e+02] 0.4620122513770217
[-3.03941718e+00  1.98510235e-02 -4.70998382e-02  1.43273182e-01
  2.84486797e+02] 0.15211726632542752
[-3.01832313e+00 -1.69601051e-01  1.32115055e-01 -2.87577205e-01
  2.85726768e+02] 0.35905369076897165
[-2.91238039e+00 -2.38604567e-01 -3.09279286e-01 -6.25376484e-01
  2.85017216e+02] 0.7373476540400615
[-3.00057886e+00 -1.30914839e-01 -2.19415565e-01 -5.34538003e-01
  2.86198132e+02] 0.5924633000290113
[-3.01646740e+00  4.70381868e-03  1.67611634e-01 -4.53985127e-01
  2.85967391e+02] 0.4839610324596077
[-2.99466216e+00 -1.71032142e-01  1.36543800e-01 -2.09469422e-01
  2.84471815e+02] 0.3029416472123184
[-2.89760318e+00  2.45286430e-01 -1.36110141e-01 -6.88056281e-01
  2.87096270e+02] 0.7430429659357299
[-3.03615077e+00  2.30069068e-02  1.61086819e-01 -5.64879500e-01
  2.86000041e+02] 0.5878495820723898
[-3.00670426e+00  1.81494007e-01  2.18808426e-01 -2.90122883e-01
  2.85193925e+02] 0.4061877512794377
[-2.99647368e+00 -2.02000760e-01 -3.80467031e-01 -5.26001759e-01
  2.85231106e+02] 0.6798803716804401
[-3.03325654e+00 -3.41985165e-01 -8.85403858e-02 -3.50135983e-01
  2.85026831e+02] 0.497381603448966
[-3.01707227e+00 -2.21346367e-01 -8.99802416e-02 -5.50162239e-01
  2.86083565e+02] 0.5998075922610733
[-3.05910608e+00  1.25290881e-01 -7.32222494e-02  1.27098134e-01
  2.85027564e+02] 0.19290733046809672
[-2.91588762e+00  8.50355231e-02  2.43681116e-01 -5.64333457e-01
  2.86142980e+02] 0.6205511878589557
[-3.05353817e+00  5.09036900e-01 -4.92065143e-02 -3.90646665e-01
  2.85076787e+02] 0.6435407237092305
[-3.03494501e+00  1.99468354e-02  1.45259599e-01 -7.56976997e-01
  2.84941789e+02] 0.7710463027259148
[-2.99213939e+00  2.47651615e-01 -7.30306713e-03 -6.78142930e-01
  2.86420216e+02] 0.7219851039655997
[-3.04234882e+00  2.74843731e-02  1.26217963e-01 -3.30533041e-01
  2.85055180e+02] 0.35487808642170815
[-3.13119632e+00  6.51812387e-03  9.28108864e-02 -2.87417647e-01
  2.83817732e+02] 0.3021013904759021
[-2.91511004e+00  1.99527448e-01  8.89670299e-02 -4.22323571e-01
  2.86270953e+02] 0.475482421764941
[-3.01031915e+00 -1.80683367e-01 -2.03797800e-01 -5.96406928e-01
  2.86405426e+02] 0.655653297529673
[-3.02317515e+00  1.60923682e-01 -2.59171734e-01 -2.34215421e-01
  2.85927783e+02] 0.38460795970805595
[-2.96087676e+00 -2.00787325e-01 -1.28505641e-01 -3.49458127e-01
  2.85428988e+02] 0.42302509655795956
[-2.98117652e+00 -2.06880807e-01  2.72608178e-01 -2.06294868e-01
  2.85821613e+02] 0.3995903648514137
[-2.96627196e+00 -8.80759752e-02  2.89607120e-01 -5.21496746e-01
  2.86263132e+02] 0.6029830158369917
[-3.03424947e+00  2.33437935e-01  2.68796718e-01 -5.74887420e-01
  2.85959756e+02] 0.6761956010175859
[-2.87475524e+00 -2.54189175e-01 -4.96110366e-02 -2.49112519e-01
  2.86215037e+02] 0.3593472396305191
[-3.01264160e+00  1.28550139e-02  1.32945843e-01 -6.28375132e-01
  2.85444729e+02] 0.6424135394140049
[-3.08012606e+00 -1.98800789e-01 -5.57118546e-02 -4.55583419e-01
  2.85038173e+02] 0.500181783279168
[-2.94751377e+00 -1.15022531e-02 -6.99445167e-03 -4.23282291e-01
  2.85326703e+02] 0.42349630744376066
[-2.92763367e+00 -9.24201132e-03 -7.90389185e-02 -7.64056780e-01
  2.86117197e+02] 0.7681896439795803
[-2.97490263e+00 -3.28387709e-01 -3.30562247e-02 -4.15339119e-01
  2.85629080e+02] 0.5305071018477884
[-3.06704410e+00 -8.66210771e-02  9.54754434e-02 -3.48132188e-01
  2.84867665e+02] 0.3712341464728063
[-2.93600516e+00  1.46720623e-01 -2.25564951e-01  3.31124436e-03
  2.85722513e+02] 0.2691049104382642
[-2.93368117e+00  9.04770989e-02  3.76165384e-02 -2.02279980e-01
  2.85552045e+02] 0.2247627634891149
[-2.98531107e+00  2.57344686e-02 -6.00899200e-02 -2.48495602e-01
  2.85961972e+02] 0.25694965618767124
[-3.04772168e+00  2.11020312e-03 -1.48930081e-01 -4.53501602e-01
  2.85566543e+02] 0.47733460477422684
[-2.91526625e+00  4.27578279e-03 -5.02397750e-02 -5.06499695e-01
  2.85772508e+02] 0.5090032007626138
[-2.91574255e+00 -2.63315402e-02 -4.01691031e-01 -4.42478921e-01
  2.87238574e+02] 0.5981944750232396
[-3.03208640e+00  1.36765901e-01  9.11480882e-02 -6.88603565e-01
  2.85131739e+02] 0.7079461531821866
[-2.93834750e+00  1.63041578e-01 -1.91648467e-01 -1.96117751e-01
  2.85317441e+02] 0.3190201615770571
[-2.99231786e+00  2.24678429e-02 -1.68501180e-01 -2.30504261e-01
  2.85435606e+02] 0.2864082154613385
[-2.98829786e+00  2.77892463e-01 -3.54155749e-01 -6.90565711e-01
  2.86150897e+02] 0.8243370162196696
[-3.00277536e+00 -2.83607261e-01  9.71388994e-02 -4.78694963e-01
  2.85082655e+02] 0.5648167063549258
[-3.07664432e+00  1.53061270e-01 -5.02684410e-02 -1.62096629e-01
  2.85123556e+02] 0.22853880533099555
[-2.96517887e+00 -9.56901177e-02  2.12887751e-01 -7.38836299e-01
  2.86256389e+02] 0.7748269930733918
[-2.99959232e+00 -8.96826417e-02 -3.34878816e-01 -1.65373070e-01
  2.85489262e+02] 0.3841029152486549
[-2.97809670e+00 -1.17211866e-01  3.01368825e-01 -6.02610169e-01
  2.86082218e+02] 0.6838865448530791
[-2.96593313e+00 -3.48979901e-01 -2.61104008e-01 -3.21599476e-01
  2.85134920e+02] 0.5416534847646742
[-2.94923097e+00 -9.08308525e-02 -1.20046283e-01 -2.27002838e-01
  2.85574782e+02] 0.27238142826446754
[-3.01885130e+00 -2.00767484e-01 -1.43035092e-01 -4.19756733e-01
  2.84800617e+02] 0.486787771884331
[-2.91613262e+00  2.39561819e-01  7.13158797e-02 -6.12235309e-01
  2.86240691e+02] 0.6612925927598893
[-3.03092642e+00 -1.17886656e-01 -3.69558311e-01 -3.35955486e-01
  2.85866097e+02] 0.5131634213805117
[-2.96811187e+00 -1.83521192e-01  2.18323905e-01 -4.41991375e-01
  2.85623826e+02] 0.5260244583716713
[-2.87640140e+00  2.25195928e-02 -1.57162018e-01 -1.42766849e-01
  2.86264677e+02] 0.21351675637015963
[ -3.03164277   0.3770404   -0.34834514  -0.79509725 286.85123676] 0.9464055371734565
[-3.01876270e+00 -6.66525293e-02 -3.82380104e-02 -4.61528888e-01
  2.84999052e+02] 0.46788205721991866
[-2.96647904e+00  5.34891401e-02 -1.57340472e-01 -9.16043825e-01
  2.87233433e+02] 0.930995919514614
[-2.98912497e+00 -1.98188168e-01 -1.54528029e-02 -5.81946177e-01
  2.85848878e+02] 0.6149623498723582
[-2.93572081e+00 -6.76182783e-02 -1.47953968e-02 -1.01011443e-01
  2.85366827e+02] 0.12245181458928184
[-2.97399483e+00  5.96055586e-02 -6.47098317e-02 -2.88005736e-01
  2.85906771e+02] 0.3011436351226938
[-3.00385169e+00  1.87823124e-01  1.34971668e-02 -1.62568256e-01
  2.85809640e+02] 0.2487732646809667
[-2.92360909e+00  3.71104953e-01  8.93419279e-02 -2.49927093e-01
  2.85451945e+02] 0.45625038971774634
[-3.06778071e+00 -2.61027752e-01  4.41872822e-03 -4.69466736e-01
  2.84124314e+02] 0.5371722519117633
[-3.03758776e+00 -2.11603614e-01 -2.82104310e-01 -1.35955272e-01
  2.84651702e+02] 0.3779454554053647
[-2.96433434e+00  9.93887068e-02 -1.00323853e-01 -6.39541367e-01
  2.85835472e+02] 0.6549474408944792
[-2.87213156e+00 -8.31356673e-02  6.48456211e-02  1.60848626e-02
  2.85906684e+02] 0.106654660291284
[-2.93919513e+00  1.71974800e-01  1.33361971e-01 -4.79101456e-01
  2.85909143e+02] 0.526211889173527
[-2.98242574e+00  3.57847207e-01 -4.83123593e-03 -5.36943492e-01
  2.85325866e+02] 0.6452799995653536
[-3.00266127e+00 -2.11676438e-01 -9.37475490e-02 -4.93872299e-01
  2.84875796e+02] 0.5454405239017315
[-2.96649052e+00  3.09773816e-03 -4.56978818e-01 -4.45252116e-01
  2.85510925e+02] 0.6380350172931881
[-2.98512222e+00 -2.05080956e-01 -2.40734876e-01 -6.31600515e-01
  2.85173169e+02] 0.7063502595656341
[-2.96439087e+00 -3.91478747e-01  1.70770574e-01 -5.07163832e-01
  2.86299478e+02] 0.663048528570016
[-2.97802234e+00  3.41849279e-02  6.81115585e-02 -9.54257756e-01
  2.85630173e+02] 0.9572960136739244
[-2.99492807e+00  1.99650918e-01 -2.60987596e-01 -1.89395178e-01
  2.85586246e+02] 0.37926975589529516
[-3.02589482e+00 -1.67538212e-01  2.86957419e-01 -3.25988212e-01
  2.85933668e+02] 0.4654910601524449
[-3.03252476e+00 -2.25753577e-01  8.82987959e-02 -2.00727792e-01
  2.85805852e+02] 0.31472686769858543
[-2.90180810e+00  2.92178987e-01 -3.44640369e-02 -1.77582786e-01
  2.85837585e+02] 0.3436451306110923
[-2.97868825e+00 -4.14140425e-02 -1.93758233e-02 -7.62373719e-01
  2.85067055e+02] 0.7637435646436914
[-3.10735524e+00  1.85900040e-01 -1.19201714e-01 -2.34441617e-02
  2.85071914e+02] 0.2220754428051087
[-3.01805293e+00 -2.81886007e-01  6.12161104e-02 -6.90543883e-01
  2.85738447e+02] 0.7483702211726297
[-2.96744950e+00 -3.50225907e-01  2.10115091e-04 -1.33909148e-01
  2.85929344e+02] 0.37495318336413935
[-2.98372864e+00  2.40301980e-01 -1.00958479e-01 -3.80924726e-01
  2.85438951e+02] 0.4615639753686816
[-2.94384185e+00 -1.29237314e-02  1.28514245e-01 -8.74624120e-01
  2.86021918e+02] 0.8841098832301002
[-2.96132179e+00 -1.90821381e-01  1.99829325e-01 -4.39494107e-01
  2.85547100e+02] 0.5191335365340507
[-2.95272196e+00 -1.67069352e-01 -1.68513838e-01 -5.29295298e-01
  2.86328795e+02] 0.5800539578912393
[-2.94073923e+00  8.05977904e-02 -3.13080841e-01 -1.97086047e-01
  2.85618621e+02] 0.3786271604337688
[-3.13991785e+00  1.37579089e-01  1.13496648e-01 -4.54373512e-01
  2.85534947e+02] 0.48812373711119744
[-2.97271043e+00  6.02480767e-02  1.09171127e-01 -5.26093500e-01
  2.84921194e+02] 0.540668600957978
[-2.96570092e+00  1.25793625e-01 -2.97771778e-02 -4.78348383e-01
  2.85283126e+02] 0.4955077112243633
[-2.98468977e+00 -3.99016646e-01  4.44686579e-02 -4.99019269e-01
  2.85566250e+02] 0.6404779281164525
[-2.99298979e+00 -1.26365203e-01  8.08546029e-02 -4.48871250e-01
  2.85655736e+02] 0.47327690712723364
[-2.98787278e+00 -1.07693316e-01 -8.45695751e-02 -3.20016564e-01
  2.85967539e+02] 0.3480811172912378
[-2.96049337e+00  2.31942236e-01 -3.57782858e-02 -7.09297657e-01
  2.86053231e+02] 0.7471147518038476
[-3.03379191e+00 -1.19719011e-01  3.28725996e-01 -4.84642758e-01
  2.85498175e+02] 0.5977223641886728
[-2.93626648e+00  1.36731201e-01  1.90934643e-01 -2.69684182e-01
  2.85918185e+02] 0.35760455386694096
[-3.06011481e+00 -4.11616972e-01 -4.10442256e-02 -2.74744259e-01
  2.85264809e+02] 0.4965859113825306
[-2.89813612e+00 -1.20451394e-01 -1.37348649e-01 -4.43286308e-01
  2.85949428e+02] 0.47945379399517823
[-2.94809235e+00  1.63833011e-01 -4.06406977e-01 -3.12233714e-01
  2.85859592e+02] 0.5380499780002725
[-3.09213670e+00 -1.82643935e-01  1.69654244e-01 -7.54842970e-01
  2.84970547e+02] 0.7949397952964076
[-2.95204399e+00  9.55048068e-02  1.31843923e-01 -4.13877332e-01
  2.85517608e+02] 0.44474535878918003
[-3.01661480e+00 -4.27921515e-01  1.03742422e-01 -2.65435663e-01
  2.85365655e+02] 0.5141355897749685
[-2.93769367e+00 -3.73855728e-02 -2.71415909e-01 -5.88489325e-01
  2.86921973e+02] 0.6491409417556844
[-3.00258346e+00 -6.31744534e-03 -1.53945180e-01 -5.13103490e-01
  2.85646035e+02] 0.5357370815996312
[-3.05219577e+00  3.88126369e-02  2.33029188e-01 -2.89800597e-01
  2.84701207e+02] 0.37388956870757434
[-2.88885001e+00  4.76376486e-02 -1.62635965e-01 -1.28501836e-01
  2.86150433e+02] 0.21267939396136903
[-3.02647062e+00 -2.89518926e-01 -4.24854791e-02 -4.98270916e-01
  2.85416766e+02] 0.5778409212331586
[-3.00018247e+00  2.21699877e-01 -2.91134811e-02 -4.67372445e-01
  2.85748262e+02] 0.5181075488296694
[-2.96280899e+00  1.12338450e-01 -5.59834998e-02 -3.03649791e-01
  2.85187828e+02] 0.32856852460738767
[-2.85364246e+00 -2.30098791e-01 -2.12926207e-01 -5.41165215e-01
  2.86540171e+02] 0.62541411361549
[-3.02524245e+00  1.60019376e-02  2.68944279e-01 -4.53743431e-02
  2.85072350e+02] 0.27321405226138573
[-2.92389602e+00 -2.80300236e-01  4.72535945e-02 -4.28551593e-01
  2.84521646e+02] 0.5142544045986857
[-2.88990551e+00 -1.57040350e-01  1.32643787e-01 -4.68503794e-01
  2.86173231e+02] 0.5116168984248041
[-2.93531433e+00  2.29130523e-01 -2.26172341e-01 -5.26749325e-01
  2.86382461e+02] 0.6173488280436452
[-2.90773560e+00 -4.53820055e-02 -1.43657022e-01 -4.03549276e-02
  2.86373807e+02] 0.15596597930496042
[-2.93896917e+00 -3.73274300e-02 -3.31468685e-02 -4.78236572e-01
  2.85988498e+02] 0.4808349720527146
[-2.92338012e+00  2.77707595e-02  1.57733252e-01 -3.65868694e-01
  2.85254716e+02] 0.3993881511738362
[-3.01115648e+00 -1.32366197e-02  6.34896555e-02 -3.32941874e-01
  2.85087293e+02] 0.33919969927660854
[-3.05445361e+00 -3.96290005e-02  1.33713935e-01 -2.81716702e-01
  2.85240527e+02] 0.3143472191771281
[-3.02260721e+00  1.31840270e-01 -1.04238385e-01  4.00343190e-02
  2.85028712e+02] 0.17277223276094805
[-3.11947245e+00 -3.96361997e-01 -8.84339124e-02 -4.83027053e-01
  2.84984788e+02] 0.6310614259519278
[-3.04641324e+00 -1.74247986e-02 -1.27352245e-02 -6.80273813e-01
  2.85524066e+02] 0.6806160956642424
[-2.98071620e+00 -8.50289385e-02 -1.58328281e-02 -2.24486796e-01
  2.85114859e+02] 0.24057206910570955
[-3.07954020e+00 -2.57792689e-01  4.60978857e-02 -2.41630471e-01
  2.85063533e+02] 0.35632480954543766
[-3.00173822e+00  4.07481165e-02  3.34394687e-01 -6.86233830e-01
  2.85676285e+02] 0.7644586877914729
[-2.87192499e+00 -1.50281988e-02  2.18860830e-03 -6.26037386e-01
  2.86654196e+02] 0.6262215627228049
[-3.02051873e+00  1.35985560e-02 -2.95205803e-01  3.72603850e-02
  2.83873625e+02] 0.29785856242807407
[-3.02015113e+00  3.40578140e-02  8.54628084e-02 -7.09979882e-02
  2.85441617e+02] 0.11620903854851479
[-2.89893619e+00  1.48581821e-01  2.95918653e-01 -5.33266070e-01
  2.86628417e+02] 0.6277078205478966
[-2.94450103e+00  5.81718369e-02  1.58510843e-01 -6.58931439e-01
  2.85639671e+02] 0.6802207665392533
[-2.96697581e+00  1.58034483e-01 -8.39730153e-02 -1.07438017e-01
  2.85928174e+02] 0.20873258642371126
[-2.94388410e+00 -1.99870981e-01  2.49669066e-01 -8.29596671e-01
  2.86505377e+02] 0.8891083670144319
[-2.96982817e+00  2.11893006e-01  1.64333848e-01 -3.04243621e-01
  2.85330146e+02] 0.4055470877446262
[-3.01339547e+00 -1.10248566e-01  8.64274275e-02 -2.62809149e-01
  2.85491124e+02] 0.2978138597846674
[-2.99452242e+00  2.25617288e-01 -6.86636799e-02 -1.68489135e-02
  2.85248192e+02] 0.2364355041987597
[-3.01851442e+00 -4.42919225e-02 -1.30083382e-01 -3.85741063e-01
  2.85371285e+02] 0.4094870302851607
[-2.96570281e+00 -1.10223007e-01  1.31542199e-01 -4.65759413e-01
  2.85975803e+02] 0.4963711234611292
[-2.98106179e+00 -2.40088966e-01  1.71590620e-02 -2.80718419e-01
  2.85619052e+02] 0.3697836875846454
[-2.99339299e+00 -1.28464340e-01  2.60896604e-01 -4.72429515e-01
  2.86000715e+02] 0.5547610034172757
[-2.96818485e+00 -2.39092837e-01  2.46884079e-01 -4.16476087e-01
  2.86136886e+02] 0.5399717260620961
[-2.93375469e+00  9.92294238e-02 -8.63185564e-02 -1.92009399e-01
  2.86262551e+02] 0.2327337125943177
[-3.00851776e+00  1.35066436e-02  3.38859158e-02 -2.25546822e-01
  2.85186675e+02] 0.2284776877404777
[-2.98170319e+00 -3.33311841e-01 -1.65497107e-01 -3.64489092e-01
  2.85765509e+02] 0.5209015011332594
[-3.00992817e+00 -1.32724867e-01  3.02171783e-01 -4.91767724e-01
  2.85269315e+02] 0.5922492476057307
[-2.94604802e+00  1.34171820e-02  3.29290714e-01 -4.72178791e-01
  2.85276464e+02] 0.5758169894517777
[-3.15319500e+00  1.58289860e-01 -9.25799322e-02 -4.02820509e-01
  2.85513662e+02] 0.442595849683071
[-2.91441877e+00 -1.90522886e-01  8.49412046e-02 -6.94036623e-01
  2.87125433e+02] 0.7247073975568791
[-2.89604206e+00  9.55938532e-03 -1.35543931e-01 -4.65415850e-01
  2.86647361e+02] 0.48484580320046344
[-3.03182528e+00  1.58350078e-01 -6.20759407e-02 -6.46922434e-01
  2.85018397e+02] 0.6689071720570208
[-3.07378688e+00  7.22367968e-02  1.05618705e-01 -6.95337142e-01
  2.85493693e+02] 0.7070128756160631
[-2.92807124e+00  3.98995811e-02 -1.43897038e-01 -4.55134515e-01
  2.86406542e+02] 0.47900496960385086
[-2.93690000e+00 -2.62329828e-01 -8.19490748e-03 -4.28359750e-01
  2.85933362e+02] 0.5023705511194556
[-2.96766858e+00  2.90268308e-01  2.69868368e-01 -1.69073135e-01
  2.85430854e+02] 0.43089482646093735
[-2.95847957e+00  1.00796593e-01 -2.51555258e-01 -2.68760413e-01
  2.86093942e+02] 0.381670224757733
[-3.09068162e+00 -2.04979141e-01 -1.97758322e-01 -5.01892817e-01
  2.84537367e+02] 0.577079892392658
[-2.92562362e+00  1.71292809e-01 -9.46770906e-02 -3.72360884e-01
  2.85044385e+02] 0.420663292732394
[-2.98291069e+00 -1.22568269e-01  3.38405496e-01 -6.21252572e-01
  2.84820722e+02] 0.7179805137102125
[-2.93600290e+00  2.28643683e-01  4.25244525e-02 -6.82908419e-01
  2.86120741e+02] 0.7214223254243802
[-3.00381790e+00  1.51653567e-01  7.52449204e-02 -1.66965126e-01
  2.84378073e+02] 0.237777113639017
[-3.00189880e+00 -4.84992609e-03 -2.81329247e-01 -2.47997272e-01
  2.85408549e+02] 0.3750630802395709
[-3.04673654e+00  7.75759408e-02 -1.20183748e-01 -6.73537844e-02
  2.84100474e+02] 0.1581097472623933
[-3.04388180e+00 -5.07709252e-01 -2.63255219e-02 -4.27999820e-01
  2.85747937e+02] 0.6645641908641787
[-3.01813533e+00 -1.46212429e-01  1.27565617e-01 -2.29295875e-01
  2.86000961e+02] 0.30037919254067336
[-3.03262636e+00 -2.68016455e-02  9.62322945e-02 -3.26779663e-01
  2.84730938e+02] 0.3417073764455
[-3.01223886e+00  3.90879578e-01  2.60416478e-01 -3.43786472e-01
  2.85761276e+02] 0.5820590393954826
[-3.02059491e+00  2.01425156e-02 -2.96830379e-02 -3.26408403e-01
  2.85901718e+02] 0.32837364292826043
[-3.00385588e+00 -6.32585684e-02  1.18267962e-01 -2.10534136e-01
  2.84674545e+02] 0.24962688131244945
[-2.99696477e+00  1.18513006e-01 -6.07862814e-02 -7.38295827e-01
  2.86130668e+02] 0.7502139915448502
[-2.94715406e+00 -5.03233689e-02  3.42867835e-02 -7.44671193e-01
  2.86143658e+02] 0.7471567515251287
[-2.93557532e+00  1.90998795e-01 -3.90468238e-01 -4.95993599e-01
  2.86429475e+02] 0.6595116635509058
[-3.13047765e+00  9.06717842e-02 -3.38173809e-01 -6.06422765e-01
  2.85686884e+02] 0.7002367220901902
[-3.06455387e+00 -7.84327964e-02 -2.87895557e-01 -2.24446579e-01
  2.85793777e+02] 0.3733789254834463
[-3.03035145e+00  8.81039262e-02 -2.68167944e-01 -2.58107990e-01
  2.85210323e+02] 0.38248670883629504
[-2.99667789e+00  1.19820379e-02  4.26144479e-02 -1.56066991e-01
  2.85971408e+02] 0.16222350670577898
[-3.04745769e+00  5.89656725e-03 -4.00835093e-01 -1.23667872e-01
  2.85082744e+02] 0.41952030227860443
[-2.90861415e+00  7.17289468e-02  2.27941681e-01 -3.89593027e-01
  2.84833730e+02] 0.45703958068070705
[-2.97882441e+00 -2.30211702e-01  7.61655672e-02 -2.92493600e-01
  2.86006343e+02] 0.3799356885560683
[-3.00847767e+00  1.33558775e-01 -1.18478865e-01 -1.27132787e-01
  2.85662368e+02] 0.21917557652057393
[-3.01822923e+00 -5.39180690e-02 -5.07588485e-02 -3.16682854e-01
  2.85407710e+02] 0.3252255351799824
[-2.92646036e+00 -2.73850393e-01  4.85065746e-02 -5.20712007e-01
  2.86177144e+02] 0.5903286541097457
[-3.02130400e+00 -1.48214917e-01  2.86947075e-01 -3.83222671e-01
  2.85559482e+02] 0.5011645451754306
[-3.18959380e+00 -4.61956266e-02 -5.48461993e-02 -5.28660987e-01
  2.83176037e+02] 0.5335021847220061
[-2.96669992e+00 -1.36761346e-01  1.96308918e-01 -6.27276572e-01
  2.85907455e+02] 0.6713544177556798
[-2.98272943e+00  2.39125745e-01  7.69237084e-02 -6.44785274e-01
  2.84660517e+02] 0.691987303492905
[-3.00926111e+00  1.82211635e-01 -1.62752905e-01 -3.87227305e-01
  2.86026331e+02] 0.45785868363393445
[-3.03827238e+00 -1.13275036e-01 -2.13798012e-01 -4.70938314e-01
  2.85647964e+02] 0.5294560598305764
[-2.93605734e+00  2.95159321e-03 -2.27767345e-01 -1.75639977e-01
  2.86259836e+02] 0.2876387953853248
[-3.04378663e+00 -8.59230208e-02 -4.50664573e-01 -4.59492998e-01
  2.85276308e+02] 0.6493189806033629
[-2.96936311e+00 -1.00820079e-01  2.17568860e-01 -1.05784390e-01
  2.85799597e+02] 0.26209012613679766
[-3.03719302e+00 -1.63649893e-02 -8.80511794e-02 -2.31523538e-01
  2.86584523e+02] 0.2482417604743341
[-3.01333652e+00  1.32362030e-01  1.94054211e-01 -1.38491795e-01
  2.85860433e+02] 0.27268428809781736
[-3.04548681e+00  6.00543556e-02  5.61792473e-03 -5.13545639e-01
  2.84822366e+02] 0.5170756323512757
[-3.01228543e+00 -4.62939059e-02  1.06829398e-01 -5.77435308e-01
  2.86069632e+02] 0.5890561781457199
[-3.08238184e+00  1.92984716e-01  9.41156563e-02 -3.84420108e-01
  2.84557731e+02] 0.4403177000473411
[-2.92724127e+00  1.43838504e-01 -3.65734325e-01 -5.95311347e-01
  2.86148663e+02] 0.7133349218656823
[-2.93339744e+00  1.61676247e-01 -5.38057472e-02 -6.37872741e-01
  2.85891663e+02] 0.6602392757897095
[-3.09371396e+00 -2.41013808e-01 -2.63239177e-01 -5.49546663e-01
  2.84595707e+02] 0.6552740300872609
[-3.01340962e+00 -3.31854405e-02  7.22250426e-02 -2.92304328e-01
  2.85234257e+02] 0.30291838951105393
[-3.12412071e+00 -2.94712563e-01  2.77972989e-01 -3.25253941e-01
  2.85187435e+02] 0.519533063234477
[-2.96754365e+00 -2.60094086e-01 -9.43352801e-02 -2.90757502e-01
  2.85434260e+02] 0.40135770059255943
[-2.96000656e+00 -3.43490910e-02  2.18338110e-01 -6.39545572e-01
  2.86506687e+02] 0.676660867667524
[-3.07279695e+00 -3.55383746e-01 -6.22434887e-02 -4.00135351e-01
  2.84235436e+02] 0.5387765383450945
[-2.99322811e+00  1.25777229e-01  4.18616658e-02 -5.04730087e-01
  2.86027628e+02] 0.5218474599266903
[-3.08675901e+00  8.52576213e-02 -4.92724749e-02 -1.92965694e-01
  2.85930828e+02] 0.21663886493208273
[-3.01821756e+00  3.03871230e-01  5.29129239e-02 -1.09841190e-01
  2.86408950e+02] 0.32741806420109687
[-2.95860722e+00 -3.75618855e-01  8.02356735e-02 -6.94468532e-01
  2.87138703e+02] 0.7936081080684309
[-3.07041913e+00 -6.12429738e-03  1.73677954e-01 -5.33333307e-01
  2.85625570e+02] 0.5609331108903056
[-2.98063414e+00 -1.81308188e-01  3.65982413e-02 -1.22078908e-01
  2.85601336e+02] 0.22161983229585308
[-2.93261450e+00  2.57812187e-01  1.82201304e-01 -4.17746832e-01
  2.85217096e+02] 0.5236189974661191
[-3.02993787e+00  8.21213562e-02  1.40260557e-01 -1.86333488e-01
  2.85956562e+02] 0.24725919545145686
[-2.92776557e+00  5.11671606e-02  7.12013189e-03 -4.06756835e-01
  2.85626019e+02] 0.41002426425074073
[-3.00689774e+00  7.95809691e-02 -1.37804289e-01 -8.11514642e-01
  2.86581785e+02] 0.8269698704329146
[-3.07401244e+00 -1.48241779e-01  2.40294737e-02 -5.03150488e-02
  2.84611904e+02] 0.15838132677475417
[-2.97311199e+00 -1.33633670e-01 -3.38815958e-02 -5.96098434e-01
  2.84949088e+02] 0.611832708510169
[-2.97159539e+00  1.03087289e-01 -2.07056517e-01 -6.89908300e-01
  2.86069202e+02] 0.7276488522263654
[-2.96975753e+00  5.31966638e-02  1.43204085e-01 -3.58678953e-01
  2.85776688e+02] 0.38985623762759514
[-3.03816405e+00 -1.65450474e-01 -3.00298264e-01 -3.72155529e-01
  2.85627388e+02] 0.5060164468192418
[-3.03413148e+00 -2.57931074e-01 -5.73194110e-01 -1.60483453e-01
  2.85243724e+02] 0.6487178632814976
[-2.98204751e+00  3.16984316e-02  2.71769452e-01 -5.13620921e-01
  2.85967888e+02] 0.5819535003657826
[-2.93033817e+00  1.79597130e-01  1.79203526e-01 -4.34121959e-01
  2.86496321e+02] 0.502822939043361
[-3.00163369e+00 -2.87090707e-01  3.95777818e-03 -9.28516227e-02
  2.84943673e+02] 0.3017584498264827
[-3.00727468e+00  1.96990298e-01  5.76511353e-02 -4.94313666e-01
  2.85215216e+02] 0.5352334362301391
[-3.00459558e+00 -1.71056940e-01  6.94596699e-02 -8.15263522e-01
  2.85282441e+02] 0.8359065332186837
[-3.00036479e+00  1.04154497e-01  3.70807812e-01 -3.96604541e-01
  2.86063055e+02] 0.552848762377085
[-3.01863674e+00  3.04283996e-01  1.52996733e-01 -2.77019239e-01
  2.84782823e+02] 0.4390175498278203
[-2.94508670e+00  8.44219406e-02  2.83336718e-01 -2.20134782e-01
  2.85194841e+02] 0.36860016580864174
[-2.99789421e+00  2.71115659e-02 -3.84712637e-03 -5.25756347e-01
  2.86266940e+02] 0.5264689675900804
[-2.95143485e+00  8.65217472e-02 -4.03989796e-02 -2.50777081e-01
  2.85380534e+02] 0.2683416382328651
[-3.02562160e+00 -4.43248003e-02  3.17102681e-01 -2.32721091e-01
  2.86615489e+02] 0.3958255984670649
[-3.08118409e+00  1.07305769e-01 -2.18956799e-01 -6.39631044e-01
  2.85857341e+02] 0.6845323080126117
[-2.97501008e+00 -5.03465131e-02  2.86398322e-02 -8.73193416e-01
  2.86546281e+02] 0.8751124235687422
[-3.06785035e+00  1.36091776e-01 -1.67571054e-01 -5.08484543e-01
  2.85141851e+02] 0.5524106804832416
[-2.97862828e+00  2.40683641e-02 -3.73767611e-02 -3.29057145e-01
  2.85360494e+02] 0.3320465527297162
[-3.07556610e+00 -3.02292324e-01  1.25409399e-01 -4.91561596e-01
  2.84613047e+02] 0.5905429441144106
[-3.07701377e+00 -7.29001940e-02  9.19980647e-03 -3.50532463e-01
  2.86134999e+02] 0.3581509211995273
[-3.01690592e+00  4.95198234e-02  7.12043258e-03 -5.68612730e-01
  2.86539421e+02] 0.5708093815761369
[-2.95416021e+00 -1.08044355e-01 -1.74624505e-01 -3.65156632e-01
  2.85836519e+02] 0.4189351579278221
[-3.03042968e+00 -2.08258175e-01 -1.61183718e-01 -3.00036905e-01
  2.85828283e+02] 0.39921648617181643
[-3.05261199e+00 -2.01471639e-02 -7.02676019e-02 -4.62750221e-01
  2.85169341e+02] 0.4684882191066556
[-2.96509895e+00  2.79301228e-01 -2.45405144e-03 -1.99820786e-01
  2.86598586e+02] 0.3434290976510816
[-3.07165459e+00  8.05676859e-02  2.01298104e-01 -1.01989699e-01
  2.84296994e+02] 0.239612139900209
[-2.94254259e+00 -5.18662363e-04  8.59414367e-02 -2.37208013e-01
  2.85887593e+02] 0.25229712884716216
[-2.96679549e+00  4.28834017e-02 -1.40839766e-01 -6.73291562e-01
  2.85873507e+02] 0.6891997916764229
[-2.92115298e+00 -9.95714991e-02 -1.12115666e-01 -7.51434531e-01
  2.86393267e+02] 0.7662494762660197
[-2.92352182e+00  2.89299962e-01  5.54145784e-02 -3.19001787e-01
  2.86142683e+02] 0.43419740201591617
[-2.99947232e+00 -5.80930364e-02 -2.02371230e-01 -2.80826061e-01
  2.86152541e+02] 0.35098745292265104
[-2.92297769e+00  1.75864969e-01  9.36584077e-02 -1.86766550e-01
  2.85319989e+02] 0.27309728793668253
[-2.98857706e+00  3.18261590e-01  1.50893737e-01 -3.77598586e-01
  2.86142333e+02] 0.5163720091406494
[-2.98852034e+00  5.85337744e-02 -2.07594999e-01 -4.57162226e-01
  2.85898672e+02] 0.5054890569500957
[-2.88088081e+00  2.27226808e-03  6.43904924e-02 -3.35766987e-01
  2.85958100e+02] 0.34189291974049424
[-2.95346033e+00  1.34813138e-01  7.06379846e-03 -1.12333442e-01
  2.86122931e+02] 0.17562255454024586
[-3.03388299e+00  2.31695760e-02  2.69579488e-01 -5.48063380e-01
  2.84963296e+02] 0.6112146907542332
[-3.03461309e+00  9.68458726e-02  1.28909767e-01 -5.93572349e-02
  2.85531919e+02] 0.17181423819215483
[-3.00050211e+00  1.02958881e-01  2.45698449e-01 -5.13966613e-01
  2.86161643e+02] 0.5789040835358832
[-2.97107264e+00  1.60333145e-01 -1.74150650e-01 -6.05132491e-01
  2.86566971e+02] 0.6497849627353756
[-2.99477538e+00  2.78255298e-01  2.55067116e-02 -1.89626247e-01
  2.85040607e+02] 0.3376902678751522
[-2.97615834e+00  5.75373754e-02  1.98732458e-01 -7.02273719e-01
  2.86740274e+02] 0.7321157808295735
[-3.00131300e+00 -8.65562473e-02  3.87808281e-02 -1.22219284e-01
  2.85358301e+02] 0.15470452441743404
[-2.98228997e+00 -2.88394381e-01 -1.52907254e-01 -5.31487441e-01
  2.85799720e+02] 0.6237233746644035
[-2.99123933e+00  2.27552781e-01 -9.98790871e-02 -5.27911713e-01
  2.85797178e+02] 0.5834782569194599
[-3.01369896e+00  8.63268456e-02 -1.90097261e-01 -3.29649620e-01
  2.85276051e+02] 0.3902027229071333
[-2.97106370e+00  6.84077833e-02  3.43786736e-01 -5.43246371e-01
  2.86368889e+02] 0.6465180305950632
[-2.97234387e+00  3.13512567e-01 -2.91470868e-01 -1.85172377e-01
  2.85425865e+02] 0.46640562372276645
[-2.99536398e+00  6.55612083e-02 -1.18376220e-01 -4.66859973e-01
  2.85283346e+02] 0.48607554568805644
[-2.99781377e+00 -2.63717880e-01  1.18154083e-02 -4.37547804e-01
  2.85966388e+02] 0.5110135071453117
[-3.01181723e+00 -1.94955030e-01 -1.76793973e-01 -4.26709868e-01
  2.85017220e+02] 0.5013430805320722
[-3.07203145e+00 -6.90885197e-02  1.88472796e-01 -3.10271317e-01
  2.85477959e+02] 0.36954500257077627
[-2.95649766e+00  2.01955295e-01  5.03782485e-02 -3.93011516e-01
  2.86077229e+02] 0.44472683796820767
[-2.99921114e+00 -1.88409615e-01  1.64714110e-02 -1.94399226e-01
  2.85527905e+02] 0.2712204817984405
[-2.89622343e+00 -1.13965971e-02  1.62707019e-01 -4.93325686e-01
  2.86815888e+02] 0.5195899236817384
[-3.01432403e+00 -4.35910836e-01  1.62700936e-01 -2.50386389e-01
  2.85390460e+02] 0.5283778905015394
[-3.01590502e+00 -1.76098592e-01 -2.72028234e-01 -1.17441159e-01
  2.86185178e+02] 0.3446773849210544
[-3.07800012e+00  1.08305541e-01  1.58598192e-01 -5.41362151e-01
  2.84281763e+02] 0.5744183627503487
[-2.90365081e+00  1.78212499e-01 -9.40440425e-02 -1.39921619e-01
  2.86574492e+02] 0.24532027260800088
[-2.92706063e+00  2.12839216e-02  7.57707880e-02 -1.39861096e-01
  2.85253068e+02] 0.16048471540547676
[-2.99845002e+00  2.31578873e-02 -2.29334616e-01 -5.80241767e-01
  2.85716908e+02] 0.624348590490597
[-2.93744892e+00  1.13637998e-01 -1.37752031e-01 -5.80563902e-01
  2.85733591e+02] 0.6074073268916611
[-3.02816199e+00 -3.41599623e-01 -8.17634851e-02 -2.52233362e-01
  2.85103582e+02] 0.43243177330428717
[-2.85495977e+00  1.86620690e-01  1.28831935e-01 -4.43931947e-01
  2.86475483e+02] 0.49849826797754715
[-3.05480802e+00 -6.54036591e-03 -3.18520841e-01 -2.64252448e-01
  2.85887017e+02] 0.41391745372544064
[-2.99315801e+00  6.84653240e-02  3.96786930e-02 -5.02458288e-01
  2.85938804e+02] 0.508651384101276
[-2.94267507e+00  8.76249456e-02  1.41060377e-02 -2.88637995e-01
  2.85710781e+02] 0.3019751705790803
[-2.98313808e+00 -1.22246506e-01  2.24902781e-01 -7.04881369e-01
  2.86144898e+02] 0.7499221379863309
[-3.01667591e+00 -7.85182699e-02  3.44472843e-01 -3.91621059e-01
  2.85682286e+02] 0.5274407185134377
[-2.99960658e+00  3.07741601e-01  1.47561135e-01 -1.84010456e-01
  2.85126489e+02] 0.38773577227251393
[-2.92913840e+00 -1.39800820e-01  2.08942823e-01 -6.23334320e-01
  2.86686187e+02] 0.6721213043036584
[-2.94756448e+00  2.88610816e-01  1.62866287e-01 -2.78010688e-01
  2.85559487e+02] 0.4325639524842573
[-3.04870658e+00 -3.32881050e-01 -5.42506756e-02 -5.62866730e-01
  2.84712853e+02] 0.6561797658149862
[-3.03070992e+00 -2.87061086e-01 -9.68478131e-02 -3.57438014e-01
  2.85511976e+02] 0.4685568267642887
[-3.02507768e+00 -3.19332955e-01  9.70958256e-02 -6.52124515e-01
  2.85226115e+02] 0.7325759474317974
[-3.01126327e+00 -9.22812194e-02  1.06609316e-01 -3.41626675e-01
  2.85909480e+02] 0.3695810531969554
[-2.97815547e+00 -2.61015650e-01  2.86843649e-01 -5.71860753e-01
  2.86357605e+02] 0.6909653898813162
[-3.03506796e+00 -9.99784229e-02 -3.93401446e-02 -3.34724003e-01
  2.86516389e+02] 0.3515444357044025
[-3.07428089e+00  5.84754880e-02  3.79190225e-02 -2.77528586e-01
  2.85145483e+02] 0.2861456815298188
[-2.99327568e+00 -3.27087471e-01  2.47098619e-01 -3.34948231e-01
  2.86137352e+02] 0.5293715697107293
[-2.98562790e+00  2.09666723e-01  7.62294649e-02 -2.76326331e-01
  2.85735764e+02] 0.35514406547039973
[-2.97850339e+00 -2.85502186e-02 -1.47411911e-01 -2.38610187e-01
  2.85663255e+02] 0.2819223435038834
[-3.03493280e+00  2.54007104e-01  1.19905255e-01 -1.25576793e-01
  2.85824399e+02] 0.3076790697384824
[-3.01481678e+00 -2.13766780e-01 -9.98473414e-02 -5.69980387e-01
  2.86071359e+02] 0.6168819742128017
[-2.99125381e+00  1.24747571e-02 -5.78755989e-01 -3.89077275e-02
  2.85667866e+02] 0.5801964545899203
[-2.93760124e+00 -2.40828826e-01 -2.01896083e-01 -5.49638988e-01
  2.87331502e+02] 0.63313787567093
[-2.94239624e+00  2.80263309e-01 -2.54241091e-01 -5.84052129e-01
  2.85762860e+02] 0.6959187763762299
[-3.02171226e+00  5.59558363e-02 -7.25025256e-02 -5.73171486e-01
  2.86455259e+02] 0.5804422656202947
[-2.94406102e+00 -2.45784273e-01 -1.13896456e-01 -5.49844420e-01
  2.85884135e+02] 0.6129528509432741
[-3.03024186e+00  2.10220306e-01 -1.87084481e-01 -2.09167163e-01
  2.84997507e+02] 0.3506338292294684
[-2.97502798e+00 -2.90879756e-01  1.38458255e-01 -4.47370337e-01
  2.86271630e+02] 0.5512911567803735
[-3.06741043e+00 -1.46909396e-01 -3.63604179e-02 -4.37166837e-01
  2.85261683e+02] 0.4626221935159429
[-3.01928110e+00  2.32824753e-01 -2.20418972e-01 -4.71288100e-01
  2.85462264e+02] 0.5700038262737039
[-3.05297981e+00 -2.38105758e-01  1.89082609e-01 -4.56490868e-01
  2.84638135e+02] 0.5484801708839724
[-2.97100850e+00 -4.06105276e-02 -2.77287265e-01 -5.74437866e-01
  2.85359798e+02] 0.6391528017361774
[-2.98955245e+00  1.38356398e-01  1.54764281e-01 -6.51537016e-01
  2.85562977e+02] 0.6838091541478211
[-2.96348426e+00  8.98298741e-02 -1.78965016e-01 -4.60664523e-01
  2.86277742e+02] 0.5023043760684532
[-2.99970420e+00 -1.01848863e-01  2.99384280e-01 -7.40718493e-01
  2.86111555e+02] 0.8053992941614404
[-3.04466628e+00 -3.33802661e-02  1.52119004e-01 -2.81068764e-01
  2.85183474e+02] 0.32133173468959175
[-2.98924778e+00  9.58000914e-02 -3.32458516e-02 -6.26562011e-01
  2.85909750e+02] 0.6347148158016795
[-2.99119917e+00  1.80091055e-02  3.69032418e-01 -4.40151930e-01
  2.86190726e+02] 0.5746677086932185
[-3.01325691e+00  2.11938466e-01 -4.29939146e-02 -1.15734518e-01
  2.85242458e+02] 0.24527712648208214
[-2.95173060e+00 -1.42100883e-01  1.72360970e-01 -2.86322386e-01
  2.86310012e+02] 0.3631548893592733
[-3.05563489e+00 -6.35842017e-02 -2.48247953e-01 -5.24009257e-01
  2.85114878e+02] 0.5833144078275359
[-3.09700658e+00  3.98244707e-02 -1.23758274e-01 -1.88318414e-01
  2.84850766e+02] 0.2288360196360734
[-2.93853731e+00 -3.08708337e-01 -9.46330961e-02 -1.95377880e-01
  2.86691021e+02] 0.37739737215465663
[-3.02286345e+00 -3.16230780e-02  3.92224349e-02 -2.64101308e-01
  2.85623254e+02] 0.26886412838146084
[-3.01765479e+00 -2.31196670e-01  2.64614310e-01 -5.95113228e-01
  2.85257362e+02] 0.6911095337782185
[-2.97922764e+00 -7.72541248e-02 -1.31073537e-01 -4.55884742e-01
  2.84919969e+02] 0.48060313168322044
[-2.97143566e+00  1.21574807e-01  3.22723368e-02 -6.92267883e-01
  2.86305134e+02] 0.7036026994042804
[-2.95351674e+00 -1.60703470e-01 -3.50591976e-01 -5.93031549e-01
  2.86409311e+02] 0.7074084795538496
[-2.95878284e+00  1.02977578e-02  7.23712625e-02 -4.46817041e-01
  2.85829694e+02] 0.4527572324975297
[-3.00425985e+00  2.02578421e-01  1.68691942e-01 -2.89139608e-01
  2.86060552e+02] 0.39127573519127407
[-2.95470996e+00  9.18413058e-03 -3.83734776e-02 -5.35770844e-01
  2.84509019e+02] 0.5372218068688017
[-2.99713422e+00 -1.05982735e-02 -1.69017968e-01 -3.01816208e-01
  2.85864867e+02] 0.3460815230322449
[-3.03272047e+00  1.64529704e-01 -9.34315746e-02 -3.21604514e-01
  2.86000634e+02] 0.37313395155352963
[-2.95448554e+00 -1.01089093e-01  1.97684045e-01 -4.39042889e-01
  2.86240390e+02] 0.49199252551237777
[-2.97233925e+00 -1.39182260e-01 -9.35531635e-02 -4.39111808e-01
  2.85762088e+02] 0.4700458233627772
[-2.95823257e+00  2.44174238e-02 -1.35430294e-01 -2.75678333e-01
  2.85861326e+02] 0.3081170530822531
[-3.01587456e+00  7.63762961e-02 -1.12295556e-01 -7.63176060e-01
  2.84974186e+02] 0.77516535568092
[-3.05245243e+00 -1.24906661e-01  9.68296669e-02 -4.08301162e-01
  2.85692307e+02] 0.4378213070960395
[-2.98395760e+00  5.37152623e-03 -2.72190712e-01 -4.33402105e-01
  2.86234904e+02] 0.5118144408033686
[-2.98322786e+00  1.48424458e-01  1.32827804e-01 -7.35410126e-01
  2.85692265e+02] 0.761906227071556
[-3.07222283e+00 -2.23956972e-01 -1.08877103e-01 -3.35519034e-01
  2.85395488e+02] 0.4178324681775333
[-2.94941178e+00  9.88284826e-02  1.94665639e-01 -2.64334051e-01
  2.85724014e+02] 0.3428327150061026
[-2.95603987e+00  2.06572816e-02 -1.93340907e-01 -2.61269475e-01
  2.84946696e+02] 0.32568261915614544
[-3.03016964e+00 -2.21758922e-01  1.45071349e-01 -1.94980599e-01
  2.84191852e+02] 0.32899870744361864
[-3.01724534e+00  7.72767392e-02 -4.14736314e-01 -4.64673289e-01
  2.86534603e+02] 0.6276138702555888
[-3.02087034e+00  1.56612077e-02  1.09848896e-02 -4.03016902e-01
  2.86121710e+02] 0.40347064871487787
[-2.92813022e+00 -1.19752239e-01  6.03142367e-02 -4.77431350e-01
  2.85758095e+02] 0.4959023091358547
[-3.10504061e+00  2.73328713e-01  1.43868161e-02 -1.95815866e-01
  2.84078027e+02] 0.33654036774707385
[-3.01624652e+00 -1.97688120e-01  1.14830342e-01 -3.71182403e-01
  2.85846967e+02] 0.43593918924192143
[-3.01716948e+00 -6.75635622e-02 -2.47455556e-01 -5.54002949e-01
  2.85717096e+02] 0.6105066376878923
[-2.97375403e+00 -3.34890581e-01 -2.73165868e-02 -6.26986000e-01
  2.85366069e+02] 0.7113433353358126
[-3.09192175e+00 -1.67547954e-01  1.07461372e-03 -1.77267859e-01
  2.84953910e+02] 0.24392081792140574
[-2.98195165e+00  2.30672050e-03 -3.26012105e-02 -5.65220923e-01
  2.85979496e+02] 0.5661650396474012
[-3.05919875e+00 -1.62346282e-01  1.67959062e-01  6.48579613e-02
  2.85181843e+02] 0.24243167450041742
[-2.98307150e+00 -7.88642414e-02 -9.95635345e-02 -2.53769151e-01
  2.85666516e+02] 0.28378028080453616
[-3.08570460e+00  6.17178525e-02 -2.29577638e-01 -1.15503899e+00
  2.85249393e+02] 1.1792497820787045
[-2.93163795e+00 -1.11751928e-01  5.64563000e-02 -2.40164910e-01
  2.85660754e+02] 0.27084126582493384
[-3.01183583e+00  1.25587664e-01 -1.10578374e-01 -4.75425027e-01
  2.86400259e+02] 0.5040126927942036
[-2.90843290e+00  1.74073746e-02  1.07675661e-01 -7.67326296e-01
  2.86056157e+02] 0.7750398111930302
[-3.00844828e+00 -1.27119105e-02  5.59987954e-01 -4.60154155e-01
  2.85444807e+02] 0.7249068548653547
[-2.98437603e+00 -2.67620460e-01 -5.17065101e-02 -5.22956394e-01
  2.85832082e+02] 0.5897267698868172
[-3.04038311e+00  8.56506792e-02  3.44799252e-02 -4.62918816e-01
  2.84861845e+02] 0.47203679379077956
[-3.05467703e+00 -2.13939544e-01  1.75434442e-01 -2.62901394e-01
  2.86122802e+02] 0.3816602087650427
[-2.99218231e+00  6.44771196e-02 -1.48226402e-01 -1.87046313e-01
  2.85516657e+02] 0.2472138516010213
[-3.02288465e+00  1.08660774e-01 -3.34529582e-02 -2.67360553e-01
  2.85700291e+02] 0.2905304277627468
[-2.98861564e+00 -2.28608010e-01  1.28884790e-01 -4.50897098e-01
  2.85485186e+02] 0.5217097894917021
[-3.04350644e+00 -1.90225476e-01  1.15161640e-01 -5.61013545e-01
  2.85218261e+02] 0.603476704776806
[-3.01437505e+00  3.20294226e-01  2.01555317e-02 -4.33653139e-01
  2.85536623e+02] 0.5394902051282108
[-2.95516941e+00  1.02892535e-01 -2.26973445e-01 -5.65935637e-01
  2.85135690e+02] 0.6183744522931455
[-3.00473821e+00  1.09008632e-02  2.44322767e-01 -4.30932374e-01
  2.84571460e+02] 0.4954948574687365
[-2.98393342e+00 -2.61921027e-01 -2.24460783e-01 -3.70760001e-01
  2.85667406e+02] 0.5064071933416308
[-3.04356742e+00 -1.68968772e-01  9.14555157e-02 -5.80743228e-01
  2.85620984e+02] 0.6117002977083111
[-3.03657639e+00  2.01387290e-01  4.07182501e-02 -6.25758315e-01
  2.85593663e+02] 0.6586260590401432
[-3.00533434e+00  1.92425761e-01  7.60206614e-02 -5.69969380e-01
  2.86200035e+02] 0.6063595540575414
[-2.88736006e+00 -2.92826794e-01  1.95366776e-01 -2.08223574e-01
  2.85633946e+02] 0.408989932663483
[-2.95663739e+00 -1.89156775e-02  2.63085022e-01 -3.93199692e-01
  2.86643326e+02] 0.4734738956756386
[-3.02440440e+00  1.87235761e-03  3.90387695e-01 -4.97166025e-01
  2.85569893e+02] 0.632123495970668
[-3.03734641e+00  2.51096208e-01 -1.56886690e-02 -1.88272455e-01
  2.84841010e+02] 0.3142323300422353
[-2.94066702e+00  1.92374372e-01  8.08057223e-02 -2.94817545e-01
  2.85860001e+02] 0.3611853383025697
[-3.01137259e+00  2.76291973e-01 -1.77386970e-03 -2.87546593e-01
  2.85984079e+02] 0.3987774372499261
[-3.01208816e+00 -1.61866238e-01 -3.09969423e-02 -8.73844995e-01
  2.86811847e+02] 0.8892505635831932
[-3.06162596e+00 -2.57182197e-02 -1.60876400e-01 -7.27962357e-01
  2.86054870e+02] 0.7459703986709078
[-2.96953120e+00 -8.03585199e-02  1.02533127e-01 -2.97304984e-01
  2.86084933e+02] 0.3245932641980395
[-2.99018816e+00  2.70357476e-01  1.48748499e-01 -1.62680479e-01
  2.85455793e+02] 0.34883265149076365
[-2.96709372e+00 -1.40729332e-01 -1.76296232e-01 -1.48024732e-01
  2.85693196e+02] 0.2698081308945519
[-3.04051363e+00 -3.43593777e-02 -8.80484775e-02 -4.88755566e-01
  2.85113553e+02] 0.49781030930686654
[-2.98051957e+00  5.76791656e-02 -1.34793560e-01 -1.98326567e-02
  2.85708084e+02] 0.1479510874897377
[-2.95395209e+00  5.20649385e-02  4.65185382e-03 -3.58045537e-01
  2.86037035e+02] 0.36184113154876824
[-2.99216934e+00  7.70324281e-02  2.32153736e-01 -1.50774582e-03
  2.85263186e+02] 0.2446050398240202
[-2.98170157e+00 -5.15816113e-02  4.03602508e-03 -5.15095990e-01
  2.84971980e+02] 0.5176879668497771
[-3.00675177e+00 -1.09041619e-01  2.07947496e-01 -3.46580226e-01
  2.85706782e+02] 0.4186288194795274
[-2.96113617e+00 -1.69597740e-01  2.78483914e-01 -3.59558538e-01
  2.85476590e+02] 0.4853854406857188
[-2.97728165e+00 -1.48359388e-02 -7.09633936e-02 -5.42542145e-01
  2.85823185e+02] 0.5473644921516021
[-3.04159776e+00  2.11897864e-01  2.01791455e-01 -6.19673610e-01
  2.85423815e+02] 0.6852852541200946
[-2.96154726e+00  2.23485533e-01 -2.50369316e-01 -4.51242803e-01
  2.86596884e+02] 0.5623616675096185
[-2.97102827e+00 -4.24534817e-01  1.01969347e-01 -4.71249381e-01
  2.85992061e+02] 0.6424200628575479
[-2.96397310e+00 -1.83743292e-01  3.68645424e-01 -4.32869889e-01
  2.86398114e+02] 0.5975260556308915
[-3.00388419e+00 -5.57323946e-02 -9.81646053e-03 -2.56330283e-01
  2.85148462e+02] 0.2625027176682708
[-2.94537266e+00 -2.31857640e-01  1.19136697e-02 -3.74255189e-01
  2.86358656e+02] 0.4404166747670946
[-2.97470261e+00 -6.32630609e-02  2.33272774e-01 -4.21060453e-01
  2.86297698e+02] 0.4855000584820986
[-3.01587124e+00  8.85501076e-02  2.19139689e-01 -7.31927416e-01
  2.85806729e+02] 0.7691430730764673
[-3.04970679e+00 -2.30434782e-01 -1.24238561e-01 -2.50572489e-01
  2.85041358e+02] 0.36238374868639317
[-2.93213064e+00  4.65590557e-02  2.23163510e-01 -3.51134470e-01
  2.85886381e+02] 0.41864676483882024
[-2.96901703e+00 -2.28178153e-01  2.33805156e-01 -5.97244187e-01
  2.86416402e+02] 0.6807574747726334
[-3.03879199e+00  6.12719486e-02  1.53925155e-01 -6.04072209e-01
  2.86277365e+02] 0.626378829757246
[-2.96649080e+00 -4.84547974e-02  3.24782178e-01 -5.46146268e-01
  2.87300273e+02] 0.6372653106311591
[-3.00679418e+00 -6.16980397e-02 -1.62633588e-01 -3.91877092e-01
  2.85574145e+02] 0.4287469973508038
[-2.92947383e+00 -2.91119681e-02  1.77506836e-01 -2.10873994e-01
  2.85530745e+02] 0.2771714719993156
[-3.07675397e+00 -5.32291963e-02  1.14537863e-01 -2.40734941e-01
  2.84617765e+02] 0.27185580959192346
[-2.90224493e+00 -3.93830539e-01  5.70353130e-02 -2.19889882e-01
  2.85638913e+02] 0.4546505035273549
[-3.07600054e+00  4.57077197e-02 -5.43661702e-01 -3.67090361e-01
  2.85861951e+02] 0.6575808508778144
[-2.95025726e+00 -2.06972897e-04 -2.08434754e-01 -4.92635323e-01
  2.85075090e+02] 0.5349155556018821
[-3.13689976e+00  1.32332914e-02 -1.51292338e-01 -3.82584784e-01
  2.84961584e+02] 0.41162556824635227
[-2.96005547e+00 -8.80889799e-02 -5.12242508e-03 -2.40328272e-02
  2.85263050e+02] 0.0914520879878419
[-3.01534220e+00  3.74168032e-03 -4.71954908e-02 -3.83050569e-02
  2.85953442e+02] 0.06089903047802549
[-2.88908272e+00 -2.27271282e-03 -1.48724992e-01 -2.66300285e-01
  2.85930964e+02] 0.3050248027952042
[-2.99651788e+00  1.52721417e-01 -2.06573034e-01 -6.36628874e-01
  2.85236474e+02] 0.6865075182042897
[-3.09456377e+00  1.56429706e-01 -1.79220113e-01 -1.48832721e-01
  2.85024134e+02] 0.28060876774086996
[-2.97484486e+00 -1.22337800e-01 -8.85588323e-02 -4.92319478e-01
  2.85352063e+02] 0.5149637586606475
[-3.01386409e+00 -2.35639714e-01 -1.50395820e-01 -3.29648581e-01
  2.84919053e+02] 0.4322188850325165
[-2.96681448e+00 -1.26298466e-01 -1.23321617e-01 -6.66966002e-01
  2.85451067e+02] 0.6899298312287219
[-2.98972086e+00  1.26757301e-01  5.35309554e-02 -9.51346945e-02
  2.85661599e+02] 0.16728295370130133
