/mnt/stage/douwei/Simulation/5kt_root/2MeV/5kt_+4.00_3.root
[-3.02854351e+00 -4.73144418e-02  2.60798581e-01  4.09852535e+00
  2.97231486e+02] 4.10708711448769
[-3.05825723e+00 -5.79756892e-02 -1.55672714e-01  4.22445553e+00
  2.99138694e+02] 4.227720394600226
[-3.07630533e+00  2.34340449e-01 -1.02848478e-01  4.05046305e+00
  2.96039423e+02] 4.05853965623625
[-2.95332039e+00 -1.51936836e-01 -1.70508551e-01  3.98155905e+00
  2.97937196e+02] 3.9881036161326286
[-3.04123335e+00 -1.43969619e-01  1.49550642e-01  3.97734941e+00
  2.95290845e+02] 3.9827629784293888
[-3.01683951e+00 -1.45822784e-01  1.18075856e-01  3.97882137e+00
  2.97368360e+02] 3.9832431095902794
[-2.98228689e+00 -3.24110043e-01  2.08927888e-01  4.16670486e+00
  2.99426095e+02] 4.184510438806468
[-3.02548606e+00  7.01598653e-02  1.35130601e-01  3.92110629e+00
  2.96152558e+02] 3.9240613169278893
[-3.07873509e+00  2.34570776e-02 -1.10828219e-01  4.17052955e+00
  2.96758748e+02] 4.1720678137051594
[-3.07264566e+00  4.99762437e-02 -1.87506089e-01  4.02104351e+00
  2.95781765e+02] 4.025723177967007
[-3.00447463e+00 -2.35220325e-01 -7.78075899e-02  4.19946975e+00
  2.97044103e+02] 4.2067717769047075
[-3.04255214e+00 -3.62492009e-01  2.28075302e-01  3.82197893e+00
  2.94812776e+02] 3.8458993429659913
[-2.98714592e+00 -1.72155681e-01  2.74713910e-01  4.08673616e+00
  2.96555509e+02] 4.099575308902584
[-3.10373364e+00  1.87290058e-01  5.86699987e-02  3.97580326e+00
  2.95881543e+02] 3.980644580038801
[-3.02663267e+00 -1.70094891e-02  3.71286666e-01  4.04417348e+00
  2.96828425e+02] 4.061216845250334
[-3.16754436e+00  1.71504234e-01 -4.37339880e-02  3.96653454e+00
  2.96470267e+02] 3.9704814046533836
[-3.09569643e+00 -1.40163795e-01  4.12041945e-01  4.10733986e+00
  2.96368733e+02] 4.130334751422414
[-3.09643107e+00  3.82584490e-01 -2.86829761e-01  4.06390670e+00
  2.96967225e+02] 4.091940848857322
[-3.01771698e+00 -1.13709373e-02 -7.89486411e-02  3.83835942e+00
  2.97901804e+02] 3.8391880948534185
[-3.01719056e+00  1.22626249e-01 -1.22113777e-01  4.14650666e+00
  2.96695944e+02] 4.1501164395001355
[-3.10108529e+00 -3.72690835e-01 -2.61197317e-02  4.01488285e+00
  2.94910303e+02] 4.032228292592299
[-2.99985017e+00  3.45725422e-01 -2.59528391e-01  4.22593136e+00
  2.97306602e+02] 4.247985041056597
[-2.97593117e+00  2.12981066e-03 -1.51153580e-01  4.03021995e+00
  2.95277008e+02] 4.033054028856098
[-3.06298196e+00 -7.67994949e-02 -2.45959714e-01  4.22424821e+00
  2.99905637e+02] 4.232099626630778
[-3.01345208e+00  6.77028784e-02 -2.45691670e-01  4.10538723e+00
  2.98803633e+02] 4.113289723516444
[-3.07529141e+00  2.39108500e-01 -7.72006781e-02  4.19161941e+00
  2.96263546e+02] 4.199143498238876
[-3.04563902e+00  2.64428397e-01 -1.09420707e-01  4.07963081e+00
  2.96646475e+02] 4.089655587457481
[-3.04968420e+00  8.70056066e-02  3.17501793e-01  4.01074763e+00
  2.95628070e+02] 4.024235816088104
[-3.05166132e+00 -5.47783124e-02  2.45767486e-01  4.11791794e+00
  2.97275425e+02] 4.125609106497356
[-2.92584972e+00 -3.87981312e-02 -1.59167209e-01  3.75238618e+00
  2.94903017e+02] 3.7559607991178288
[-3.02777031e+00  3.68591470e-02 -5.36492113e-01  3.99907665e+00
  2.97643957e+02] 4.035070807956634
[-3.08502253e+00 -7.87571997e-02 -3.51356438e-01  3.85159310e+00
  2.93699707e+02] 3.8683877071302137
[-3.07398436e+00 -3.24923825e-01  2.00001860e-01  3.98377778e+00
  2.97399496e+02] 4.002007204137236
[-3.03518870e+00  1.97112826e-01 -1.71376360e-01  4.20339772e+00
  2.98625204e+02] 4.211505161136668
[-3.02828144e+00  3.39622024e-02 -4.50045659e-02  4.15288257e+00
  2.96408443e+02] 4.153265277003365
[-3.09850271e+00  4.75279320e-02  1.79735528e-01  4.08109037e+00
  2.96693203e+02] 4.085322797082502
[-3.03534424e+00  2.78482572e-01 -4.97180142e-02  3.76579827e+00
  2.95008158e+02] 3.776408488240931
[-3.04960268e+00  4.48540329e-02 -2.84832132e-01  4.27729545e+00
  2.97879558e+02] 4.287003335573743
[-3.10677477e+00  6.62075553e-02 -1.06557841e-01  4.22229001e+00
  2.97263504e+02] 4.224153283999089
[-2.98358063e+00 -3.04162954e-02  3.00506967e-02  4.26295792e+00
  2.99450738e+02] 4.263172345917229
[-3.10205838e+00  1.48473724e-01 -2.05893008e-01  4.21683881e+00
  2.96784665e+02] 4.224472261876294
[-3.14051318e+00  1.56647513e-01 -4.89591847e-01  4.13266258e+00
  2.97279520e+02] 4.164509410970358
[-3.06752304e+00 -3.86952615e-01  1.42475787e-01  3.99282526e+00
  2.95716457e+02] 4.014060944530851
[-3.13046953e+00 -2.37288156e-02 -3.37726694e-02  4.27194958e+00
  2.97870914e+02] 4.27214897471786
[-2.99798413e+00  1.93067991e-01 -8.90540736e-02  4.24857126e+00
  3.00445908e+02] 4.2538880568866935
[-3.05322144e+00 -1.55720804e-01 -1.34158105e-01  4.21103468e+00
  2.98008601e+02] 4.216047964946009
[-2.95300330e+00 -2.89101868e-01  1.54541650e-01  4.16431566e+00
  2.97762721e+02] 4.177198577446691
[-3.08264632e+00 -8.44484387e-02  4.72222048e-02  4.09765360e+00
  2.95975488e+02] 4.098795732943866
[-3.06691122e+00 -1.94803435e-01  6.50951458e-02  4.41815620e+00
  2.97861168e+02] 4.4229277570211565
[-3.05424038e+00 -4.21294924e-01  9.10000198e-02  4.00134286e+00
  2.97025451e+02] 4.02448941991188
[-2.91398049e+00  1.72321150e-01 -2.33578705e-01  3.85292010e+00
  2.95659802e+02] 3.8638383628620487
[-3.14002294e+00  2.59963640e-01  4.90262254e-02  4.25913684e+00
  2.97015872e+02] 4.267344754674921
[-3.16183422e+00  9.94797797e-02  1.71295783e-01  4.13442058e+00
  2.97085883e+02] 4.139163200202709
[-2.98009982e+00  1.02875950e-03  2.10495386e-01  4.02676639e+00
  2.95536144e+02] 4.032264488639408
[-3.06250891e+00  3.11399738e-01 -3.11305623e-02  4.20961445e+00
  2.97255004e+02] 4.221231181139065
[-2.93845403e+00 -9.20877479e-02  5.99582076e-03  3.87124606e+00
  2.94892617e+02] 3.8723458174036813
[-3.03758282e+00  8.89729460e-02 -2.79034207e-01  3.93694001e+00
  2.96836943e+02] 3.9478187494183223
[-3.09957151e+00  6.41713079e-02 -1.95489396e-01  4.16139501e+00
  2.95275593e+02] 4.166478424863637
[-2.99430820e+00 -1.47982548e-01  1.05737370e-01  3.90420935e+00
  2.96606337e+02] 3.9084434065860405
[-3.01507487e+00  2.47418230e-01 -4.54228784e-02  4.24498451e+00
  2.97944907e+02] 4.252431368609994
[-2.98477973e+00  1.10935591e-01  3.10633508e-02  4.09210439e+00
  2.98183836e+02] 4.093725688511764
[-3.01853401e+00  2.12109648e-01  2.30597142e-01  4.11807336e+00
  2.98040008e+02] 4.129975028894748
[-3.13512362e+00 -1.74113795e-01  5.57127361e-03  3.78262120e+00
  2.93676974e+02] 3.7866304016143917
[-3.05154618e+00 -1.89044587e-01 -2.45716278e-01  4.26940872e+00
  2.97589609e+02] 4.280650089943907
[-3.00615253e+00  1.22558730e-01  6.73021692e-02  4.14278696e+00
  2.97670918e+02] 4.145145837630208
[-3.00649993e+00  5.90637423e-02 -3.41979397e-01  4.08739382e+00
  2.96015539e+02] 4.102100274874712
[-3.09861012e+00  2.04305879e-02  3.01837825e-02  4.25363803e+00
  2.97482782e+02] 4.253794180069631
[-2.97357918e+00  3.17481050e-02  4.60073161e-01  3.84138837e+00
  2.95008537e+02] 3.868971420605635
[-3.03325795e+00  3.00888383e-01 -1.02775925e-02  4.04976504e+00
  2.96673300e+02] 4.0609403294947315
[-3.01631754e+00 -1.64713278e-01 -1.79877972e-01  3.85180292e+00
  2.95024926e+02] 3.859517105078175
[-2.97266826e+00  1.70919411e-01 -3.24144779e-02  4.19967566e+00
  2.98319457e+02] 4.203277264814297
[-3.05193982e+00 -1.89733117e-01 -3.25145340e-01  3.83367780e+00
  2.95773490e+02] 3.8521167678099664
[-3.06091867e+00 -1.40463435e-02  1.19604196e-02  3.78856903e+00
  2.96350103e+02] 3.788613946177648
[-2.92844868e+00  4.69965379e-01 -1.51395962e-01  3.89485540e+00
  2.97199947e+02] 3.9260268446694977
[-3.11069000e+00  1.26916256e-01  2.58145030e-01  4.19452512e+00
  2.96275458e+02] 4.2043771968863375
[-3.11501481e+00 -7.58954881e-02  2.90524899e-01  3.82736352e+00
  2.96437773e+02] 3.8391244302234773
[-3.05705991e+00 -2.01974478e-01  2.66029381e-01  3.91069723e+00
  2.96058456e+02] 3.924935429728332
[-3.10975216e+00 -2.13796914e-01  9.83668906e-02  4.23137857e+00
  2.97121729e+02] 4.237918092572287
[-2.95949044e+00 -2.01504644e-01  1.51744754e-01  3.92804755e+00
  2.98311784e+02] 3.9361387378421475
[-3.03860349e+00  4.93561342e-02 -1.32849769e-01  3.91457317e+00
  2.95537109e+02] 3.9171377589346323
[-2.98500325e+00 -1.68264172e-01  3.06657934e-01  3.81955361e+00
  2.95825619e+02] 3.8355366887620836
[-2.94031094e+00 -3.27356532e-01 -1.48133027e-01  4.00369066e+00
  2.99060856e+02] 4.019781659814598
[-3.01966977e+00 -8.49495851e-02  2.70063523e-01  3.98884836e+00
  2.95799268e+02] 3.998882593340613
[ -3.13391564   0.36746978   0.29639319   4.15598364 294.90270197] 4.1827123930045715
[-3.07930341e+00 -1.27623312e-01 -7.63883267e-03  4.34167732e+00
  2.98216512e+02] 4.343559370629354
[-2.94904482e+00 -1.14806235e-01 -4.61252437e-03  3.93126852e+00
  2.98910042e+02] 3.932947233490142
[-3.05236162e+00  5.46973806e-02 -1.69287304e-01  4.08487994e+00
  2.95682758e+02] 4.088752144582329
[-3.00681046e+00 -1.53718661e-01 -3.92628469e-02  4.10663323e+00
  2.97315828e+02] 4.109696764909565
[-3.10474166e+00 -5.50186274e-01 -1.69797357e-01  4.13645446e+00
  2.98994175e+02] 4.176337103866758
[-3.10782487e+00  1.64781821e-01  1.41086655e-02  3.95936375e+00
  2.95839472e+02] 3.962816349673319
[-3.09643656e+00 -1.13915721e-01 -4.78684042e-02  4.03310066e+00
  2.97384909e+02] 4.034993071473779
[-2.96086226e+00 -2.36668131e-01  5.59762718e-02  3.85836248e+00
  2.95490867e+02] 3.8660194222960578
[-2.97639762e+00  4.73694776e-01 -8.70458799e-02  4.06610577e+00
  2.98730524e+02] 4.094530480576006
[-2.92959548e+00  1.05437777e-01 -1.28466146e-01  4.32913427e+00
  2.98361028e+02] 4.332323187543628
[-3.07346305e+00 -1.18951736e-01 -1.35329355e-01  3.80888059e+00
  2.95006849e+02] 3.813139765781903
[-3.02865284e+00  2.55370041e-01  6.73296319e-02  4.15353344e+00
  2.99243572e+02] 4.161921094448319
[-3.07467551e+00  1.38914806e-01 -4.60762351e-01  4.15683323e+00
  2.97054857e+02] 4.1845981563610035
[-3.06982133e+00 -1.62711961e-01  6.20099033e-02  4.12089493e+00
  2.98183408e+02] 4.124572151339327
[-2.96582687e+00  2.68316653e-01  8.72067128e-02  4.08144875e+00
  2.98124541e+02] 4.091188424982685
[-3.02780936e+00 -3.48843305e-02 -8.29496139e-02  3.92533347e+00
  2.97316658e+02] 3.9263647846890954
[-3.05908351e+00 -3.95538038e-02  1.13493275e-01  4.13931439e+00
  2.98457002e+02] 4.14105890459337
[-3.00167016e+00 -9.32089413e-02 -1.90875986e-01  3.87075114e+00
  2.95609253e+02] 3.8765752877000277
[-3.06402591e+00 -4.01873489e-01 -1.29713150e-01  4.23512071e+00
  2.99153492e+02] 4.25612208880754
[-3.01325134e+00  1.18978553e-01  2.71821420e-01  4.20013460e+00
  2.98223334e+02] 4.210602499558886
[-3.09660832e+00 -4.27090361e-02  7.57094843e-02  4.03841819e+00
  2.94843376e+02] 4.039353590670372
[-3.05483162e+00 -1.19342530e-01  2.29329240e-01  4.13954870e+00
  2.96850440e+02] 4.147613531583385
[-3.10416761e+00  4.78024963e-01  2.11434899e-01  3.57776579e+00
  2.91124995e+02] 3.6157462030105822
[-2.99432513e+00 -9.53935819e-02 -4.29525922e-01  3.88423688e+00
  2.96028965e+02] 3.909077713050196
[-3.04470629e+00  8.06240087e-02  4.83378694e-02  3.89894582e+00
  2.95399741e+02] 3.900078881301819
[-3.02153235e+00  7.82377790e-02  1.22517763e-02  4.25021264e+00
  2.98579698e+02] 4.250950331431664
[-3.07839496e+00 -6.76987487e-02 -3.32680736e-01  3.98173936e+00
  2.95265202e+02] 3.9961866698952204
[-3.06454623e+00 -4.60596184e-02  1.03773569e-01  4.21417359e+00
  2.95177165e+02] 4.215702728640716
[-3.00450025e+00 -2.14259074e-01  7.60455991e-02  4.48877073e+00
  2.97960625e+02] 4.494524728175659
[-3.11214301e+00  3.12764883e-01  9.23366005e-02  4.11302360e+00
  2.96759369e+02] 4.125931535870053
[-3.15682157e+00 -2.18718700e-01 -3.22059243e-01  4.12133889e+00
  2.95923107e+02] 4.139685287171413
[-2.97355691e+00 -2.20300541e-01  2.81212902e-01  4.20893667e+00
  2.99022318e+02] 4.224069239856641
[-3.04267198e+00  5.21405220e-02 -5.66850867e-02  4.01720055e+00
  2.98559462e+02] 4.017938785619841
[-3.05582012e+00  2.86521811e-01  2.50113524e-01  4.15345166e+00
  2.94407970e+02] 4.170828718652968
[-3.06497389e+00  1.01066471e-01 -2.13974050e-01  4.11165110e+00
  2.96325035e+02] 4.118455302742338
[-3.02000232e+00  6.12442012e-02  1.84710140e-01  4.16035401e+00
  2.99022865e+02] 4.164902658776969
[-3.05818174e+00  2.46298324e-03 -1.33585791e-01  4.17101865e+00
  2.96262509e+02] 4.173158014596278
[-2.96814062e+00 -7.89970719e-02  7.87917066e-02  3.78179916e+00
  2.96555280e+02] 3.783444669611579
[-2.98903987e+00  4.14688561e-02  1.71235121e-01  3.71251484e+00
  2.96937492e+02] 3.7166930937450045
[-3.02855449e+00 -2.06618761e-01  2.47971629e-01  4.09448988e+00
  2.96535413e+02] 4.1071923071375265
[-3.02543216e+00 -4.47526976e-01  2.41293155e-01  3.94504505e+00
  2.97582143e+02] 3.977673095016129
[-2.95231841e+00  2.70335123e-01  2.01725626e-02  4.24744133e+00
  2.96980341e+02] 4.256083390854873
[-3.01829765e+00  6.36113738e-02  2.71760169e-01  3.89980915e+00
  2.96182160e+02] 3.909784058849226
[-3.08223767e+00 -7.95876061e-02  2.13019535e-01  3.96899531e+00
  2.97258151e+02] 3.9755044066975604
[-3.09187484e+00  2.31152070e-01 -2.25923391e-01  4.13902572e+00
  2.98078130e+02] 4.151626978631962
[-3.07251518e+00  2.42341208e-01  4.48871359e-01  4.10196032e+00
  2.98410720e+02] 4.133556965684439
[-3.05604305e+00  8.28200711e-02  1.28110790e-01  4.22602420e+00
  2.99008548e+02] 4.228776664635906
[-3.10189841e+00  2.92820131e-02  7.03319726e-02  4.38069102e+00
  2.98705862e+02] 4.381353423453126
[-2.99876717e+00 -5.31321431e-02 -7.34593299e-02  3.96537730e+00
  2.96993623e+02] 3.9664135438261097
[-3.00756976e+00  1.50656447e-03  1.18915588e-01  4.02151080e+00
  2.97035068e+02] 4.023268853832464
[-3.00532792e+00  1.07228780e-02 -1.37802088e-03  3.80253023e+00
  2.96771083e+02] 3.802545596052735
[-3.04153428e+00  4.58441318e-01  1.58554034e-01  4.42720042e+00
  2.99942838e+02] 4.453696377390368
[-3.08338247e+00  1.27214294e-01 -9.31943787e-02  4.05763491e+00
  2.95348381e+02] 4.060698179684763
[-3.04138695e+00 -7.16052177e-02 -3.05881391e-01  4.13670410e+00
  2.98526210e+02] 4.148615613411698
[-2.92381791e+00  1.24087892e-01  2.08317028e-01  3.69412145e+00
  2.97158751e+02] 3.7020706491225615
[-3.01214160e+00 -7.26504595e-03  1.67546194e-01  4.13025345e+00
  2.98142429e+02] 4.133656738960516
[-3.07166303e+00  1.32948608e-01  3.42888926e-02  4.27208350e+00
  2.98022946e+02] 4.274289235982814
[-3.03313769e+00 -1.63509529e-01  2.25569056e-01  4.04830243e+00
  2.97719849e+02] 4.0578774433960625
[-3.02703083e+00  6.84288782e-02  7.65056934e-02  4.01607621e+00
  2.97246961e+02] 4.0173876824140695
[-3.10493098e+00 -3.46331985e-01 -1.47101679e-01  4.43294795e+00
  2.98279751e+02] 4.448888877033049
[-3.01168466e+00 -3.40627014e-01  3.04024849e-03  4.05621806e+00
  2.97956860e+02] 4.070496405283776
[-2.99460645e+00 -5.23211839e-02  1.80820042e-01  3.96547931e+00
  2.96546282e+02] 3.969944528552135
[-3.03976039e+00  1.27909992e-01 -1.56510538e-01  3.88439404e+00
  2.95837304e+02] 3.889649543583899
[-3.10510797e+00  7.19387013e-02  3.16528983e-01  4.54114681e+00
  2.99311290e+02] 4.55273325496694
[-3.09284811e+00  4.46939459e-02  6.67225766e-02  4.11824897e+00
  2.96219722e+02] 4.119031926496431
