/mnt/stage/douwei/Simulation/5kt_root/2MeV/5kt_-0.20_1.root
[-3.02759970e+00  1.24123145e-01  1.29910819e-01 -1.98787061e-01
  2.85587752e+02] 0.267954607409953
[-3.03336744e+00 -2.36776633e-02 -1.95365899e-01 -4.81023519e-01
  2.85241103e+02] 0.5197230918097308
[-3.04202909e+00  5.70318431e-02  2.47883828e-02 -2.36119583e-01
  2.84880373e+02] 0.24417115409722284
[-3.08213425e+00 -3.43774284e-01 -8.80984662e-02  1.18660208e-01
  2.84686718e+02] 0.3741955946597764
[-3.04507955e+00 -7.93233381e-02 -1.88618662e-01 -3.77003278e-01
  2.85662698e+02] 0.428952984858431
[-2.99202249e+00 -7.44169707e-02 -8.54186116e-04 -1.32404154e-01
  2.85539698e+02] 0.15188638918808525
[-2.94261836e+00 -1.64955527e-02 -1.84304374e-01 -2.13842654e-01
  2.85246559e+02] 0.2827877056237933
[-2.99095021e+00  1.85536330e-01  3.30736165e-01 -3.68135419e-01
  2.86360139e+02] 0.5285204137443983
[-2.98751167e+00  1.74955064e-01 -4.25974714e-02 -1.25049193e-01
  2.86102932e+02] 0.2192284647319068
[-2.94025984e+00 -1.21871960e-01  1.53437212e-01 -8.67773885e-02
  2.86273354e+02] 0.21430368170088354
[-3.06473195e+00  1.47954584e-01 -3.31908758e-01 -2.02610465e-01
  2.85683893e+02] 0.4160588700869583
[-2.99872854e+00 -5.35177444e-01 -3.17555754e-01  2.40871115e-01
  2.85452981e+02] 0.6672896278579776
[-2.94507697e+00 -1.91526243e-01  7.90303974e-02 -2.97069779e-01
  2.85373145e+02] 0.3621858079292582
[-3.00158896e+00  1.70112883e-01 -2.16753650e-01  2.70873539e-02
  2.85199312e+02] 0.2768650617591341
[-3.08672649e+00 -6.05521232e-03 -8.88701428e-02 -1.88320637e-01
  2.84939173e+02] 0.20832481905709097
[-2.97202042e+00  1.14158505e-01 -2.55509624e-01 -2.82121122e-01
  2.85309886e+02] 0.39737848456781333
[-3.02535670e+00  6.99306505e-02 -2.86268067e-01  1.27844937e-01
  2.84904764e+02] 0.32122271061702357
[-3.00234471e+00  3.07726453e-01  4.79314660e-02 -3.72179851e-01
  2.84635739e+02] 0.48529458791403757
[-2.91503932e+00  1.60222455e-01  1.41007317e-01 -4.01668911e-01
  2.85954702e+02] 0.45485405591549016
[-2.99436534e+00  4.47445110e-02 -8.50148590e-02 -1.40799529e-01
  2.84652486e+02] 0.17045264707444718
[-2.95404813e+00 -4.35511346e-02  7.24710905e-02 -3.80622486e-01
  2.85826048e+02] 0.38990029097944945
[-3.02319351e+00  1.42575113e-01  6.44667868e-02 -3.57170032e-01
  2.85003205e+02] 0.3899411001239008
[-2.95198942e+00 -1.30834080e-01 -1.22176005e-01 -3.93047627e-01
  2.85640604e+02] 0.43189231298714664
[-3.00833345e+00 -4.88005030e-02 -9.57402056e-02 -8.17406029e-02
  2.85691237e+02] 0.13501556287633645
[-2.95448819e+00  2.43195773e-01 -4.17006602e-01  1.00142782e-01
  2.86011237e+02] 0.4930185258803378
[-3.02777895e+00  2.78896934e-01  8.42207228e-02 -1.59025412e-01
  2.85088886e+02] 0.3319122045428123
[-2.95910557e+00  3.84310103e-01 -3.45554843e-01 -6.67967732e-02
  2.86579528e+02] 0.5211182335786066
[-3.00383364e+00  1.71954442e-02 -2.28207930e-01  6.99262691e-02
  2.85358955e+02] 0.23929944791214008
[-2.91871665e+00 -1.83388125e-01 -5.30883890e-02 -2.25565212e-01
  2.85171171e+02] 0.2955152215436661
[-3.01301363e+00  2.23541704e-02 -8.74108672e-02 -3.06455270e-03
  2.85984893e+02] 0.090276021878397
[-2.99690873e+00  2.14976220e-01  8.07419815e-02  1.43401459e-01
  2.86330938e+02] 0.2707360730655399
[-2.99457315e+00 -2.28188911e-01 -1.29175794e-01  2.95911073e-02
  2.85999454e+02] 0.26387913628007487
[-3.09692475e+00 -1.21935370e-01  7.85758194e-02 -1.26935345e-01
  2.85797675e+02] 0.19275625970308244
[-2.95382080e+00 -2.66697140e-01 -1.78138987e-01  1.91143048e-02
  2.86864902e+02] 0.32128837525644743
[-3.03059887e+00  4.12060358e-01  3.84191837e-02 -1.66151553e-01
  2.85315361e+02] 0.44595527934366047
[-2.94066485e+00 -2.21617267e-01  1.27355921e-01  2.47277953e-01
  2.84702609e+02] 0.35564044988129967
[-2.94832468e+00 -5.22929195e-01  2.32991033e-01 -1.39583451e-01
  2.86024372e+02] 0.5892565688403297
[-3.03728612e+00 -2.06338010e-01 -1.01888937e-01 -1.71159278e-01
  2.84685458e+02] 0.28679649269265356
[-3.06743394e+00  9.83988508e-02  1.22082311e-02 -4.56570014e-01
  2.85366367e+02] 0.4672125341317744
[-3.05664753e+00  1.55935054e-01  2.14801865e-03 -1.46620329e-01
  2.85418548e+02] 0.21405110556418244
[-2.99503599e+00 -1.97577470e-01  9.95159931e-02 -3.38604293e-01
  2.85749774e+02] 0.4044665088794572
[-2.90993849e+00  1.01919046e-01 -2.13349845e-03 -1.80231124e-01
  2.86291828e+02] 0.20706352097579833
[-2.91896330e+00 -3.54431372e-02 -6.19749961e-02 -3.63524963e-01
  2.85745472e+02] 0.3704693169703218
[-2.94911314e+00  1.10870398e-01  1.57538812e-01 -1.31082627e-01
  2.85143134e+02] 0.23300939352774855
[-3.06639592e+00 -5.20426041e-02 -6.60184654e-03 -2.04014736e-02
  2.85005790e+02] 0.05628709574894138
[-3.11785921e+00 -1.57954185e-01 -1.45015446e-01  1.38369070e-01
  2.85301615e+02] 0.25519601092823896
[-2.99722864e+00 -3.72009299e-02 -5.50145130e-02 -3.67626705e-01
  2.85609545e+02] 0.3735771675390075
[-3.08452259e+00  9.32637004e-02  9.53339772e-02 -3.05968123e-01
  2.85158887e+02] 0.33377114530704216
[-2.91116967e+00 -5.13990631e-02  7.36496344e-03 -5.38506154e-01
  2.85655152e+02] 0.5410036824022482
[-2.98270806e+00  2.84453015e-02 -4.00727764e-03 -2.09199349e-03
  2.85506179e+02] 0.028802254919151237
[-3.05026276e+00 -6.43007343e-02  2.67846416e-01 -4.16427374e-01
  2.86055109e+02] 0.49928753760280953
[-2.88293300e+00  1.49948728e-01  2.03796414e-01 -2.21453734e-01
  2.85938867e+02] 0.33624300034152865
[-2.90286891e+00 -2.25061236e-01  1.54141133e-01 -5.10909042e-01
  2.86421120e+02] 0.5791719067943805
[-3.00001828e+00  3.10615355e-01 -2.94918288e-01 -2.33380999e-01
  2.85184803e+02] 0.4877759589801762
[-2.99556064e+00 -6.40838243e-02  2.74371837e-01 -4.42189813e-01
  2.85419272e+02] 0.5243266842263338
[-3.11572271e+00  3.83957543e-01 -1.27821750e-01 -2.28507031e-02
  2.85542639e+02] 0.40531956446489603
[-3.02287388e+00 -5.01497073e-02  2.33211036e-01 -1.66681060e-01
  2.84727942e+02] 0.29100679737588436
[-2.98522721e+00 -1.55896343e-01 -1.21187283e-01  9.93480584e-02
  2.84665794e+02] 0.2210431275512946
[-3.07970322e+00 -1.61634052e-01 -2.80412530e-01 -2.33965723e-01
  2.85049535e+02] 0.3993703965686
[-3.08195593e+00 -8.29363308e-02 -1.51036313e-01 -2.83047820e-01
  2.85620623e+02] 0.33137059485892567
[-3.02217694e+00 -1.80779511e-01  3.26228615e-01 -5.41805829e-01
  2.85516789e+02] 0.657768878302983
[-2.97538597e+00 -2.83530726e-01 -4.39182391e-01 -3.16602678e-01
  2.85428234e+02] 0.6111530904408659
[-3.05442711e+00 -2.95395274e-01 -5.82067776e-02 -2.25629173e-02
  2.85321960e+02] 0.3019196619709307
[-3.03838258e+00  2.33495426e-01 -1.59692797e-01 -4.78975429e-01
  2.85156160e+02] 0.5562727436007988
[-2.95064918e+00 -1.40639266e-01 -2.17711727e-01 -5.46207483e-01
  2.85204798e+02] 0.6045828425089935
[-2.94482518e+00  4.79610406e-02 -1.35748633e-01 -2.38915049e-01
  2.84879820e+02] 0.27894148713754746
[-2.95367974e+00  2.11907481e-01  5.14741384e-02  1.62779432e-01
  2.85681059e+02] 0.27212407272590466
[-3.01197676e+00 -3.88099830e-01  4.94901074e-03 -3.62983758e-01
  2.85804081e+02] 0.531416201626235
[-3.01088105e+00  3.01950156e-02  7.76174146e-02 -2.28454723e-01
  2.85906320e+02] 0.24316200914540523
[-3.04693792e+00  1.84946743e-01 -4.78551505e-02 -1.69458185e-01
  2.85014286e+02] 0.2553654039592371
[-2.92975508e+00 -1.48213617e-01  1.67374953e-01 -2.87851147e-01
  2.86863268e+02] 0.36447213043607
[-2.96770076e+00 -3.78066685e-01 -1.98998345e-01 -4.34425836e-02
  2.85670508e+02] 0.42944384717473555
[-3.08160711e+00 -2.25410164e-02  1.58759230e-01 -8.47469094e-02
  2.84479777e+02] 0.18136876564251556
[-3.00815324e+00 -1.00821238e-01  3.68999198e-01 -5.62580102e-01
  2.86462430e+02] 0.6803100038215563
[-2.99790695e+00 -2.98904618e-01  4.10320281e-01 -1.40892978e-01
  2.85134053e+02] 0.5268372944739155
[-3.00384366e+00  8.83742559e-03 -2.39130130e-01 -5.29134775e-02
  2.85476208e+02] 0.24507377529886257
[-2.99339600e+00  3.18722130e-01  3.57329897e-01 -2.76527272e-01
  2.86244607e+02] 0.552933797161377
[-2.97522684e+00 -1.20125712e-01 -4.79686516e-02 -5.70305797e-01
  2.86330456e+02] 0.5847904581928568
[-2.98172732e+00  4.16484534e-01 -2.51347731e-01 -1.81420427e-01
  2.86178870e+02] 0.5191805280010425
[-3.09952646e+00 -1.72443345e-02  1.00364254e-02 -1.98875968e-01
  2.84791161e+02] 0.19987432971066488
[-3.02080164e+00  1.98003741e-01 -7.12036278e-02 -3.24809464e-01
  2.85961431e+02] 0.38700985218554046
[-2.96304177e+00  1.22359818e-01 -1.36245180e-01 -3.59417168e-01
  2.86124009e+02] 0.40337993816064877
[-3.02517591e+00  4.63881412e-02  1.45295709e-01 -2.05748217e-01
  2.84756832e+02] 0.2561152701000151
[-2.95795851e+00  7.75428311e-02  6.53217176e-01 -2.47713995e-01
  2.86091675e+02] 0.7028995615238406
[-3.03458594e+00  1.54315917e-01  2.07081874e-02  4.91413373e-03
  2.85815955e+02] 0.15577669866132315
[-2.88776321e+00 -6.44792002e-02 -2.80518416e-01 -4.09588850e-01
  2.86658350e+02] 0.5006108015518449
[-2.92611918e+00  3.00335896e-02  3.69347459e-03 -5.29211107e-01
  2.85663679e+02] 0.530075517403189
[-3.16882842e+00  8.30352491e-02 -7.44380827e-02 -1.33571067e-01
  2.83598685e+02] 0.17400319175828927
[-3.04513969e+00 -1.83180347e-01  2.26785128e-01 -3.33257865e-01
  2.84850724e+02] 0.44277233241345726
[-2.95605160e+00 -4.66984024e-03 -3.48625454e-01 -6.64697707e-01
  2.86082446e+02] 0.7505894727324716
[-2.96234357e+00  2.07257304e-02  2.20333670e-02  1.25121064e-01
  2.85617949e+02] 0.12872569958592037
[-2.99265416e+00  2.67893250e-01  1.64790498e-01 -2.35416296e-01
  2.85923372e+02] 0.39286579612908096
[-2.98197237e+00  4.31121923e-01  2.63559439e-01 -2.59592256e-01
  2.85721138e+02] 0.568082590477552
[-2.97423007e+00  5.31708598e-02  2.25561857e-02 -3.70521738e-01
  2.85531541e+02] 0.37499637327596114
[-3.02800667e+00  1.38184492e-01  3.11141844e-01 -2.06901711e-01
  2.86299441e+02] 0.3983873980674786
[-3.05991192e+00  2.31373865e-01  2.82946042e-01 -2.73427395e-01
  2.85179893e+02] 0.4564590547985633
[-2.91856756e+00  1.29976770e-01 -1.78045121e-01 -8.21829535e-02
  2.85323242e+02] 0.2352616925227434
[-2.94712268e+00  2.72045749e-01  4.10682303e-02 -1.44861959e-01
  2.85915844e+02] 0.3109348428317722
[-3.04757749e+00  9.75618844e-02 -3.88593753e-01 -1.97478126e-01
  2.85347914e+02] 0.4466777771827656
[-3.07188328e+00 -1.39977307e-01 -2.10287011e-01 -2.05242296e-01
  2.85103520e+02] 0.32548221668012084
[-2.96295683e+00  1.11596087e-01 -1.67449167e-01 -3.21998565e-01
  2.86003255e+02] 0.3797051305501867
[-2.92749794e+00  2.99814888e-01 -1.27113247e-01  9.25267247e-02
  2.85509341e+02] 0.3385379443587671
[-3.05469074e+00 -3.03469678e-01 -9.03656392e-02 -2.14114398e-01
  2.86412899e+02] 0.38223653623005877
[-2.98979102e+00  6.13347990e-02  1.56217282e-01  1.20918559e-01
  2.85129505e+02] 0.20685041609958124
[-2.99350268e+00 -3.02959245e-01 -4.57403576e-01 -1.55818211e-01
  2.85884970e+02] 0.570334682554632
[-3.02309421e+00  7.05747809e-02 -1.33171274e-02 -3.47447151e-01
  2.85272626e+02] 0.3547924296535191
[-3.08283717e+00  4.20589439e-02  3.01180885e-01 -4.40550703e-01
  2.86099505e+02] 0.5353165435165279
[-3.02329543e+00  3.47082188e-02 -1.90373221e-01 -3.67394356e-01
  2.85961025e+02] 0.41524117850518427
[-3.09794051e+00 -2.29208137e-01  3.31842957e-01 -2.84547819e-01
  2.86320415e+02] 0.4935823934728606
[-2.97684663e+00 -3.78813796e-01 -1.28437528e-01 -2.22500240e-01
  2.86128241e+02] 0.4577143734780813
[-2.98788621e+00 -3.07723673e-01 -1.54938961e-01  1.36874014e-02
  2.85317206e+02] 0.34480035615539917
[-2.91418130e+00 -1.79552181e-01  8.53614795e-03 -4.34546819e-02
  2.86129051e+02] 0.1849328555023304
[-2.92768070e+00  1.93863142e-01 -3.15266518e-01 -1.22313191e-01
  2.85377414e+02] 0.3897902152701662
[-3.09518765e+00 -1.94800365e-01 -4.79661319e-02 -4.06992388e-01
  2.84488266e+02] 0.4537518437528119
[-3.00429486e+00  2.73261487e-01 -1.87767316e-01 -2.10210784e-01
  2.84832889e+02] 0.3925773541947653
[-3.00153361e+00  1.55943859e-02  3.30964136e-02 -2.53819361e-01
  2.85941733e+02] 0.2564426354729583
[-3.04012633e+00 -3.30269869e-01  1.44343739e-01 -1.95807631e-01
  2.85465996e+02] 0.41018767640238246
[-2.98965894e+00 -5.24672772e-03 -2.94796686e-02  1.09566224e-01
  2.85096969e+02] 0.11358405005196237
[-2.92721057e+00 -1.92489577e-02  2.00325198e-01 -1.14766731e-01
  2.85490144e+02] 0.23167241914745149
[-2.96246649e+00  1.19646801e-01 -1.43762970e-01  8.61839287e-02
  2.86320565e+02] 0.2059388693226178
[-3.07682462e+00  1.86186962e-01  8.45268540e-02 -2.15389895e-01
  2.83531295e+02] 0.2969902030185173
[-2.97205917e+00  2.17647952e-01  1.47855660e-01 -3.00615818e-01
  2.85846374e+02] 0.3995019358508515
[-2.97380833e+00 -7.52485346e-02 -1.68197195e-01 -1.82312089e-01
  2.84928139e+02] 0.2592109877088342
[-2.94285742e+00  2.09832450e-01 -1.74163558e-01 -2.31922790e-01
  2.85624212e+02] 0.357981539716012
[-2.93829540e+00 -2.78551672e-01  1.09083788e-01 -4.57436409e-02
  2.85690272e+02] 0.30262648185601343
[-3.03579980e+00 -1.58029639e-01  4.44003578e-01 -2.27403422e-01
  2.85398365e+02] 0.5232827731137158
[-2.95682110e+00 -9.47691273e-02  3.83960343e-01 -3.31253707e-01
  2.85833397e+02] 0.5158834662589443
[-2.97153739e+00 -1.27385791e-01  7.82394162e-02 -1.71347473e-01
  2.85624577e+02] 0.22739503617698104
[-3.10902968e+00 -1.63643359e-01 -2.37777422e-01 -5.62516368e-01
  2.85356491e+02] 0.632251465329354
[-2.97800946e+00  8.80685238e-05  1.00697028e-05  1.70396285e-05
  2.85701331e+02] 9.026523548800246e-05
[-2.98790548e+00  1.78896433e-02  7.40759773e-02 -3.45985969e-01
  2.86267641e+02] 0.35427895870238973
[-3.06902662e+00 -1.18350755e-01  1.09352057e-01  7.42982973e-02
  2.86162641e+02] 0.17744016051220088
[-2.98384806e+00 -3.42643883e-01  3.48712723e-01  2.37875599e-02
  2.85929183e+02] 0.48946015319877173
[-2.88045827e+00  1.34358435e-01 -1.08247110e-01 -2.19392414e-02
  2.85918938e+02] 0.1739280200541256
[-2.99706014e+00 -8.52901706e-03  2.67118016e-01 -1.83232653e-01
  2.86490228e+02] 0.32403546722178833
[-3.05497875e+00  4.94782812e-02 -1.94872164e-01 -4.07468936e-01
  2.85989280e+02] 0.45437230782634824
[-3.00145302e+00  6.07008013e-03  1.90727138e-01 -1.12525085e-01
  2.84551225e+02] 0.22153009170940657
[-2.97384210e+00  1.92573092e-01 -1.04928714e-01 -7.98468396e-02
  2.86328361e+02] 0.23338797837004288
[-2.99052383e+00 -2.58662887e-01 -3.38598059e-01 -8.90977038e-02
  2.85190626e+02] 0.4353085518092481
[-3.02252502e+00 -7.30078798e-03  8.73402003e-02  6.26678581e-02
  2.85018931e+02] 0.10774447799983493
[-2.91958005e+00  3.74376614e-01 -5.29763115e-02 -3.54981996e-01
  2.85733631e+02] 0.5186294984528296
[-2.95570338e+00 -2.27093964e-02  1.58668395e-01  8.44155638e-02
  2.85107586e+02] 0.18115563342083846
[-2.94121988e+00 -2.09270757e-01 -5.92220337e-03 -4.47427906e-01
  2.85775233e+02] 0.4939848715860283
[-3.03459252e+00  4.00370038e-02  1.42176931e-01 -5.94836062e-02
  2.85532601e+02] 0.1592342323815812
[-2.98246178e+00 -3.84485403e-01 -9.89926579e-02 -5.14306418e-01
  2.85700056e+02] 0.649722758370537
[-3.01508445e+00  1.12936373e-01  2.02399588e-01 -6.19030326e-01
  2.85498149e+02] 0.6609983067911771
[-2.95247414e+00  1.87511267e-01 -1.54256759e-01 -4.73708611e-01
  2.86038455e+02] 0.5323114414170848
[-2.98038986e+00 -4.33996787e-01  5.51070306e-02 -5.27047076e-01
  2.85757813e+02] 0.6849588428817694
[-2.92706601e+00 -6.03698815e-02 -5.32033074e-02 -1.38158830e-01
  2.85841461e+02] 0.1598842607655726
[-2.95577038e+00 -1.16409740e-01 -1.42426111e-01 -1.23095728e-01
  2.85026111e+02] 0.22133455013710812
[-3.06168183e+00  3.78916936e-02  2.36667846e-01  5.50785439e-02
  2.85785934e+02] 0.24592904573216526
[-2.96903441e+00  4.85409489e-03  8.20129607e-05  6.78968116e-03
  2.84730445e+02] 0.008346779827215222
[-2.99200424e+00 -1.98674494e-02  1.36990048e-01 -3.09508932e-02
  2.85317804e+02] 0.14184127268767205
[-2.92125953e+00 -1.44954214e-01  5.89820404e-02 -3.78975435e-01
  2.86198629e+02] 0.41001583580324386
[-2.94947875e+00  1.64569857e-01 -3.48525958e-02 -3.14646304e-01
  2.85562179e+02] 0.35679158880204237
[-2.96292585e+00  5.16349183e-02 -1.42791342e-01 -3.35307176e-01
  2.85257906e+02] 0.3680848197400003
[-2.95375804e+00  9.95270228e-02  1.41360962e-01  2.51991323e-01
  2.85920645e+02] 0.3055947916264112
[-2.97831097e+00 -8.85029456e-02 -1.70123684e-01 -5.38974217e-02
  2.84721439e+02] 0.1991978192619831
[-2.95188763e+00  1.19044348e-02 -8.32798516e-02 -4.00567401e-01
  2.85660365e+02] 0.4093061107509356
[-3.11339328e+00 -8.68070995e-02  6.75639384e-02 -4.61259514e-01
  2.85710940e+02] 0.4741947882808018
[-3.02317543e+00  4.71537871e-02 -3.76990572e-01 -4.98587920e-03
  2.85343603e+02] 0.3799608267973024
[-3.00387482e+00 -1.44856485e-01  1.44119210e-01 -1.68593932e-01
  2.85526334e+02] 0.2649106677647734
[-3.07917851e+00  1.54527324e-01  1.63448444e-01 -2.19834602e-02
  2.84322843e+02] 0.22600300946329757
[-2.98509724e+00 -1.36923291e-01 -4.83033476e-02  2.57112165e-02
  2.85198253e+02] 0.1474525945143678
[-2.91860770e+00 -9.89425993e-02 -2.18671160e-01 -9.69406011e-02
  2.85828096e+02] 0.25885168397825303
[-2.99669593e+00  1.01960231e-01 -7.55163210e-02 -1.16088096e-01
  2.85839409e+02] 0.17197397872251827
[-2.98570699e+00 -3.25859748e-01 -2.03628641e-01  2.56759739e-02
  2.85296481e+02] 0.38510836660554915
[-2.95899380e+00  4.25197283e-01  1.63813474e-01 -2.02406441e-01
  2.86183825e+02] 0.49859397450683157
[-3.00153976e+00 -2.00193888e-01  1.52293024e-01 -6.26759254e-02
  2.84824165e+02] 0.2592277564324925
[-3.02408903e+00  1.61233378e-01 -2.65506686e-02 -5.54237571e-01
  2.86003345e+02] 0.5778238703238704
[-3.04491324e+00 -1.00361741e-01  2.06622721e-01 -3.19903916e-01
  2.84826869e+02] 0.39383238004914617
[-2.96762991e+00 -1.29253053e-01 -2.66502690e-01 -2.99648746e-01
  2.86231703e+02] 0.42133051951893075
[-2.98777956e+00 -1.37398925e-01 -8.32233396e-02 -2.75522146e-01
  2.85442295e+02] 0.3189310925687099
[-2.97869228e+00  1.91766511e-01  9.54195775e-02 -2.71736909e-01
  2.86041174e+02] 0.3460061248191276
[-3.04009926e+00  3.36692929e-01  1.67322693e-01 -1.46367510e-01
  2.85226329e+02] 0.4034630835117612
[-2.95178901e+00 -1.56590483e-01  3.06518450e-01 -1.62280166e-01
  2.86195315e+02] 0.38053776661073896
[-3.03762589e+00 -5.26583360e-02 -3.82074190e-01 -3.71984142e-02
  2.86058686e+02] 0.38747555919561366
[-2.96975873e+00  2.60935895e-01  1.40142311e-01  2.52886135e-01
  2.85322137e+02] 0.3894596332606471
[-2.92163253e+00 -1.89459525e-01 -2.66877633e-01 -3.71163411e-01
  2.85998887e+02] 0.4948543828807878
[-3.01793186e+00  4.55661298e-02 -1.46759868e-01  1.58266226e-01
  2.85420981e+02] 0.22059675734572987
[-3.00177414e+00  3.15200869e-01  6.99603117e-02 -1.10834603e-01
  2.85073909e+02] 0.34136540812657695
[-2.95603409e+00 -2.64041465e-01  7.51825749e-02  1.69322086e-01
  2.85964585e+02] 0.32255276085505574
[-3.02999406e+00  2.38756734e-02 -1.18698290e-01 -2.36349281e-01
  2.85850838e+02] 0.26555661283022536
[-3.05919416e+00 -2.19099131e-01 -5.06929712e-02  8.44072381e-02
  2.85034624e+02] 0.24020572078620347
[-2.93207797e+00 -3.97325959e-01  4.85049186e-02  4.47525240e-02
  2.85900828e+02] 0.4027697022023457
[-3.02264640e+00 -1.72856093e-01  8.05396928e-02  3.96090259e-02
  2.85201595e+02] 0.19476844138462363
[-2.99954973e+00  2.84243757e-01  4.60765158e-02 -2.39464175e-01
  2.85722552e+02] 0.37451388465188973
[-2.92965404e+00  1.82859292e-01  1.39110116e-01 -2.47080007e-01
  2.85945419e+02] 0.33739839202724414
[-2.96127381e+00  2.42311479e-01 -1.19218396e-01 -4.34591703e-01
  2.85431893e+02] 0.5116618289455542
[-2.88962116e+00  1.31563899e-01  8.79142795e-02 -4.24479293e-01
  2.85533662e+02] 0.453012859006652
[-2.96970205e+00 -2.20345135e-01 -2.49024512e-01 -1.73398612e-01
  2.85473105e+02] 0.37500968650495925
[-2.97219232e+00  1.84761416e-03 -2.75285526e-01 -3.27440186e-01
  2.86045908e+02] 0.42778804370981555
[-2.98332661e+00  3.51990142e-01 -4.90589864e-02 -8.24084755e-02
  2.86315064e+02] 0.3648218756768593
[-2.98438538e+00 -1.42604093e-01 -3.83332535e-01 -3.89059284e-01
  2.86133315e+02] 0.5644881634225871
[-2.95381578e+00 -6.83832239e-02  3.54162000e-02 -3.11762515e-01
  2.85687380e+02] 0.32113305368816064
[-2.93633346e+00  1.96930665e-01 -3.13526914e-01 -5.16020727e-02
  2.86418008e+02] 0.37382293498535113
[-3.01128471e+00  1.11751475e-01 -1.36820662e-01 -3.28461727e-01
  2.86273288e+02] 0.3729549461004646
[-2.96650268e+00 -7.95321632e-03 -4.74277000e-01 -4.28601192e-01
  2.86649410e+02] 0.6392971991767277
[-2.99281891e+00  3.38381713e-02  3.10394024e-01 -3.01175431e-01
  2.85186931e+02] 0.4338157579583332
[-2.92543308e+00 -2.68965567e-01 -2.36932871e-01 -9.27193151e-02
  2.84720777e+02] 0.37023848104339696
[-2.93600870e+00 -2.77379811e-03  2.51866136e-01 -1.10776068e-01
  2.86268704e+02] 0.275164644684761
[-3.03842793e+00 -3.66287494e-01 -3.47902671e-02 -4.21643338e-01
  2.84971212e+02] 0.5596070002653806
[-3.00692964e+00  1.05307486e-01  1.43582107e-02 -4.53719379e-01
  2.85376131e+02] 0.4660011796814854
[-3.02136873e+00  1.30545525e-01 -1.28434865e-01 -4.81810723e-01
  2.86231666e+02] 0.5154408032875869
[-2.99498164e+00  1.82811300e-01  2.58643067e-01 -2.29707873e-01
  2.85295529e+02] 0.3912568401599761
[-2.99042540e+00  1.68193682e-01  1.47742198e-01 -3.48457843e-01
  2.85185156e+02] 0.41417356274386347
[-3.00959924e+00  1.47418225e-01 -4.28382800e-02 -5.02660904e-01
  2.85858933e+02] 0.5255808557000216
[-3.00875579e+00  2.45621172e-01 -9.58309940e-02 -1.92619485e-01
  2.85735931e+02] 0.32652045201258084
[-3.05959449e+00 -1.86695066e-01  2.92824545e-01  1.49785059e-01
  2.84588399e+02] 0.37820209629043283
[-2.96242298e+00  1.36448412e-01  9.29988401e-02  6.19965992e-02
  2.85225638e+02] 0.17638177828169485
[-3.05752638e+00  2.66207385e-01 -2.43114879e-01 -3.04096318e-01
  2.85070215e+02] 0.4716415875559684
[-2.96333116e+00  1.50896568e-02  5.14306224e-03 -4.69057404e-01
  2.84990824e+02] 0.4693282401973725
[-2.94922763e+00 -2.09611270e-01  1.26403823e-01 -1.29951972e-01
  2.86142523e+02] 0.27713232596006093
[-3.00170787e+00 -2.62525490e-01  1.57786117e-01  9.49478090e-02
  2.86133550e+02] 0.3206730080133209
[-2.94328058e+00 -1.96238468e-01 -5.73361052e-02 -4.08865564e-01
  2.85196670e+02] 0.45713019483183226
[-3.06357189e+00 -2.40979735e-01  1.69486835e-02 -6.26011215e-01
  2.84675225e+02] 0.6710056122728637
[-2.85599655e+00 -1.72774674e-01 -4.20939274e-02 -1.17344702e-01
  2.85003755e+02] 0.21305578084326648
[-2.92300361e+00  1.63424527e-01 -2.10429307e-01 -1.02602571e-01
  2.85940769e+02] 0.285508943474639
[-3.04490608e+00 -2.84971834e-01  1.93740338e-01 -1.78870911e-01
  2.85288957e+02] 0.3882512941911826
[-2.98190307e+00  3.74586557e-01  1.42149985e-01 -3.82037299e-01
  2.86106816e+02] 0.5536011245629489
[-3.01343019e+00  2.58699925e-02 -2.89853355e-01 -1.12387240e-01
  2.85972480e+02] 0.3119537074015779
[-3.04778112e+00 -2.68799653e-01 -2.76130864e-01 -2.99982207e-01
  2.85099747e+02] 0.48835523137270237
[-3.01826946e+00  3.70320253e-02 -3.34837414e-01 -3.52713074e-02
  2.84993325e+02] 0.33872043051493417
[-2.99655255e+00 -4.95576053e-02  9.23319840e-03 -2.66326327e-02
  2.85779404e+02] 0.057013203064382026
[-2.94775282e+00 -3.71277805e-01 -7.00271209e-03 -2.99940969e-01
  2.86753405e+02] 0.47734770495089446
[-2.96283507e+00 -5.53986657e-02  7.18650333e-02  3.32404012e-01
  2.86155803e+02] 0.34456642698772927
[-2.94743476e+00  1.05000004e-02  3.15983576e-01 -2.44899930e-01
  2.85656579e+02] 0.39991479815424735
[-2.96031932e+00 -1.20939274e-01 -1.03798999e-01 -1.94108211e-01
  2.85913768e+02] 0.2511544103861747
[-2.91049240e+00  6.40212153e-02  3.66642616e-01 -1.31621707e-01
  2.85758886e+02] 0.39477816275823463
[-3.03026400e+00  9.74990262e-02  2.46680468e-01 -2.39751038e-01
  2.84988229e+02] 0.3575442262659787
[-2.98528947e+00  1.98847734e-01 -1.40843513e-01  6.42646028e-02
  2.85624041e+02] 0.2520064592716746
[-2.95824101e+00 -2.36353830e-01 -1.78995735e-01 -8.37635225e-02
  2.85491978e+02] 0.3080891657197414
[-2.96380338e+00 -1.15309138e-01  9.44264950e-02 -5.43560679e-01
  2.85928025e+02] 0.5636228985328814
[-2.92270258e+00  6.86087436e-04 -3.18854088e-02  1.39560684e-01
  2.85910354e+02] 0.14315842487644334
[-2.92561749e+00 -2.08520852e-01  1.42658449e-01 -3.29502804e-01
  2.86753870e+02] 0.41521618075139344
[-2.87010170e+00  9.22294146e-02  8.49493591e-02 -5.32395448e-02
  2.85029166e+02] 0.13622447530437268
[-2.99727831e+00  3.93520652e-02 -1.99726572e-02 -3.85359171e-01
  2.86153558e+02] 0.3878777935507647
[-2.97746416e+00 -4.14042809e-01  2.70171481e-01 -3.00954267e-01
  2.86284976e+02] 0.578789726708035
[-2.95405076e+00 -4.73233460e-02  2.52629742e-01 -2.95155901e-01
  2.85390079e+02] 0.3913799840285077
[-2.98766864e+00  2.69002214e-01  6.26315228e-02 -2.26260807e-02
  2.85986048e+02] 0.27712242482609833
[-2.98589410e+00 -3.94579797e-01  8.88398436e-02 -1.48685656e-01
  2.85880407e+02] 0.4309212898741572
[-2.93415533e+00 -1.23401091e-01 -3.69452992e-02 -3.46527046e-01
  2.85613320e+02] 0.36969416777045705
[-2.97295827e+00  2.59364472e-02 -3.08442692e-02 -5.84154124e-01
  2.85636638e+02] 0.5855425763761297
[-3.00652182e+00  1.26769975e-01 -1.37451738e-01 -3.08133419e-01
  2.85948146e+02] 0.3604300352261552
[-2.98520883e+00 -1.50251190e-02  2.00781455e-01 -1.72783867e-03
  2.85806403e+02] 0.20135027300719677
[-3.02272116e+00 -1.28927456e-02  1.48158072e-01 -1.78849752e-01
  2.84871664e+02] 0.23260324809095892
[-2.95235186e+00 -2.55860416e-01  3.68143204e-01 -2.44085217e-01
  2.86338683e+02] 0.5104621090174575
[-2.93037917e+00  3.28935329e-01 -2.40874728e-01 -3.10044735e-01
  2.85294407e+02] 0.512198030861628
[-3.00147851e+00  7.59937278e-02  1.55396593e-01 -1.61815772e-01
  2.85508245e+02] 0.2368702003151227
[-3.04682474e+00  1.33996866e-01  3.11424474e-02 -1.51059073e-01
  2.85310651e+02] 0.20431313146860705
[-2.95344093e+00 -1.36135519e-01 -4.48518403e-02 -9.23809381e-02
  2.85474470e+02] 0.17052508533552557
[-3.05556768e+00 -4.70142650e-02 -1.90861452e-01 -5.37804489e-01
  2.86079359e+02] 0.5726011725720751
[-2.92055749e+00  1.10436424e-01  9.32779001e-02  1.13197496e-02
  2.85675305e+02] 0.14500036974055866
[-2.92944432e+00  1.54838187e-01 -1.91460951e-01  7.59973987e-02
  2.85135849e+02] 0.25769704047351744
[-2.92104354e+00 -2.85660569e-01  1.52509180e-01  1.11065096e-01
  2.86028900e+02] 0.3423396938322672
[-3.04933585e+00  1.68908981e-01 -1.53771919e-01  5.15757149e-02
  2.86259739e+02] 0.2341710942486948
[-3.03469554e+00 -7.48978674e-02 -1.66560991e-01 -1.09350009e-01
  2.85723897e+02] 0.21286070246448602
[-2.99920187e+00  3.88968970e-02  2.55960650e-01  3.47023386e-02
  2.84619544e+02] 0.26121461490172143
[-3.05692678e+00 -2.76572315e-01  1.52285584e-01 -2.37479068e-02
  2.85150518e+02] 0.31661823656777444
[-3.04567090e+00 -8.89682377e-02 -5.42321727e-02 -5.44447513e-01
  2.85309090e+02] 0.5543280349524177
[-2.92507630e+00  5.21441346e-02  1.99616703e-01 -1.42435413e-01
  2.85685857e+02] 0.25070637331985335
[-2.88450469e+00 -6.94726222e-02 -2.56916504e-02 -4.22523141e-02
  2.86055851e+02] 0.08527463975755582
[-3.02588188e+00 -1.17998549e-01  7.54770791e-02 -4.39474402e-01
  2.86140211e+02] 0.4612571920022566
[-3.04526810e+00 -1.74901784e-01 -1.76661728e-01 -4.05082008e-01
  2.85747666e+02] 0.47528037280274027
[-3.03771135e+00 -3.02530848e-02 -1.60176225e-01 -3.78889551e-01
  2.84508046e+02] 0.41246692481713065
[-3.07206819e+00  3.46191829e-01 -9.31509156e-03 -1.50947258e-01
  2.85888883e+02] 0.37778383792145237
[-2.96722643e+00  2.70637647e-01  1.11461916e-01  8.88964826e-02
  2.85210389e+02] 0.30589390237913006
[-2.95223558e+00  1.41754457e-01 -4.47302446e-01 -1.22664051e-01
  2.85217227e+02] 0.48499512804270656
[-3.03781991e+00 -3.61082611e-01  1.26715754e-01 -2.02850176e-01
  2.83981499e+02] 0.4331116811525555
[-2.96689796e+00 -1.06480454e-01 -1.73873538e-03  1.27272868e-01
  2.85333503e+02] 0.1659502734291742
[-3.07938482e+00 -2.16337912e-01 -1.19504078e-01 -1.76801156e-01
  2.85040660e+02] 0.30387820852052344
[-3.04182698e+00 -9.32586120e-02  4.62399909e-02 -9.03143931e-02
  2.86216654e+02] 0.13781144755269065
[-2.96908813e+00 -4.04079787e-02  1.01396739e-01  1.13053394e-02
  2.85594209e+02] 0.10973565569771934
[-3.02987704e+00  1.81387760e-01 -1.19755136e-01 -3.53850196e-02
  2.85374063e+02] 0.22021560274289628
[-3.02545313e+00 -1.55651271e-01  2.15778548e-01 -2.34068629e-01
  2.85467117e+02] 0.35436679190203907
[-2.95127623e+00 -1.81490812e-01  5.13836207e-02  4.49443782e-02
  2.86013124e+02] 0.1939051016989218
[-3.03233406e+00 -2.34339860e-01  3.49344388e-02 -4.26179339e-03
  2.85945117e+02] 0.2369678204674425
[-2.99554150e+00 -2.32230368e-01  4.38165449e-01 -1.54781274e-01
  2.85376311e+02] 0.5194970135331746
[-2.94815795e+00 -1.13952347e-01  4.24848184e-01 -3.29731189e-01
  2.85856003e+02] 0.5497306372423233
[-3.03249039e+00  1.50248149e-01 -2.24786410e-01  1.26071210e-01
  2.85183977e+02] 0.29832429738054006
[-2.93184962e+00 -1.50099184e-01  9.30859356e-02 -2.91239531e-01
  2.85084438e+02] 0.34061007101072666
[-3.12388101e+00 -1.70099115e-01  2.32354583e-01 -3.76179841e-01
  2.85757120e+02] 0.47374427041462686
[-3.01063000e+00 -3.90325279e-02 -4.65699752e-02 -5.93688156e-02
  2.85989303e+02] 0.08495267559446902
[-3.00124296e+00 -6.46487135e-02 -1.47616133e-02 -7.32058182e-03
  2.86326733e+02] 0.06671545773550489
[-2.97784639e+00  2.70582452e-01  2.24521437e-01 -5.38585568e-01
  2.86343078e+02] 0.6431944910835398
[-2.98570254e+00 -1.29635190e-01 -2.81965557e-01 -2.22211512e-01
  2.85858245e+02] 0.3816907305206308
[-2.97842380e+00 -1.12715957e-02  2.09933448e-01 -1.44618725e-01
  2.86251165e+02] 0.25517381718305043
[-3.08055795e+00  7.62944449e-04  2.95012069e-02 -5.79844167e-01
  2.85916776e+02] 0.5805946620859453
[-3.00392707e+00  2.63910502e-01 -7.60599648e-02  2.88860744e-04
  2.85268440e+02] 0.2746524250598079
[-2.94563358e+00 -1.08074460e-02 -2.95951668e-02 -4.98659607e-01
  2.85716025e+02] 0.49965395859882006
[-3.07439099e+00  4.46994613e-02 -2.62726168e-01 -1.86089175e-01
  2.84966853e+02] 0.3250419388959536
[-2.86206418e+00 -1.03765377e-01 -1.48331690e-01 -1.07230529e-01
  2.85979424e+02] 0.21039945382532002
[-2.97710224e+00 -1.49174765e-01  4.01339789e-01 -2.78486707e-01
  2.84752142e+02] 0.5107656823290313
[-2.93182149e+00 -2.21079725e-01  8.08336906e-03 -2.51257547e-01
  2.86699592e+02] 0.33477147510627314
[-3.04701063e+00 -2.25617257e-01 -1.64608531e-01 -9.54906672e-03
  2.84457714e+02] 0.27944641699616424
[-2.97411083e+00 -3.68225040e-03 -2.43558600e-02 -3.35886892e-01
  2.85792017e+02] 0.3367889120520384
[-3.04004467e+00  2.36932251e-01  2.85484798e-01 -1.20608420e-01
  2.85580054e+02] 0.39010877028324553
[-2.95648826e+00  3.99227158e-02 -1.72653179e-01 -4.04753999e-01
  2.85639668e+02] 0.44184696822780717
[-2.96942701e+00 -2.21874675e-01  6.24262740e-02 -1.74331490e-01
  2.86569047e+02] 0.2889928704991027
[-2.93581389e+00 -7.29850802e-02  2.41476831e-02 -1.60024581e-01
  2.85173299e+02] 0.17753253000223035
[-2.99671320e+00 -8.36314708e-02 -7.07390809e-02 -1.55073835e-01
  2.85355174e+02] 0.18985819677039636
[-2.88552466e+00 -2.61536532e-01  8.29072070e-02 -3.78887821e-01
  2.86014590e+02] 0.46779369752141364
[-3.00137415e+00  6.09474628e-03 -1.58549322e-01 -8.93127637e-02
  2.85189499e+02] 0.1820763660940477
[-3.01547581e+00 -9.00071454e-02  1.26496571e-01  8.39316988e-02
  2.85662092e+02] 0.17648569022044766
[-3.05413343e+00  2.26736854e-02  1.53387745e-01 -8.17622883e-02
  2.84759216e+02] 0.17529109555065736
[-2.89934646e+00 -1.54532260e-01 -1.35516819e-01 -4.80782046e-02
  2.86419725e+02] 0.21108420432710212
[-3.06433584e+00 -1.04283294e-01  1.21380313e-01 -2.62376006e-01
  2.85400297e+02] 0.30732613678902077
[-3.07694784e+00 -2.40854958e-01  6.20296789e-02  2.28507397e-01
  2.85531572e+02] 0.3377490524953191
[-2.96073728e+00 -3.66745723e-01  3.86854255e-02  1.06650847e-01
  2.85580799e+02] 0.3838924207797172
[-2.98766851e+00 -6.34030636e-02 -3.57014373e-02 -2.73034045e-01
  2.86061999e+02] 0.28256349917231505
[-3.05993773e+00 -3.08215085e-01 -2.76036828e-01 -1.96930790e-01
  2.86063420e+02] 0.45822986010457534
[-2.92515910e+00  1.26194968e-01  2.27097698e-01  9.86950555e-02
  2.85625279e+02] 0.2779194997118197
[-2.96303477e+00 -5.62119494e-02  3.74053958e-01 -1.27943651e-01
  2.85871650e+02] 0.39930655418351874
[-3.02314507e+00  1.17688977e-01  1.00595506e-01 -3.43059766e-01
  2.84988065e+02] 0.37637767494135305
[-3.04267923e+00  1.16477144e-01 -1.86493082e-01 -3.81234699e-01
  2.85886137e+02] 0.440098273721305
[-2.96365499e+00  2.69867617e-01 -3.96072264e-01 -2.36871260e-01
  2.85526485e+02] 0.5346117869860862
[-2.97845752e+00  1.88920957e-01 -3.98459214e-02 -1.82846247e-01
  2.85981560e+02] 0.26591648219246816
[-2.95785782e+00 -6.70935449e-03 -7.71856804e-02 -1.07159647e-01
  2.85630684e+02] 0.1322340146014194
[-2.94539507e+00  6.94643895e-03  9.73443584e-02 -4.30700821e-01
  2.84953364e+02] 0.44161903746730324
[-3.00083641e+00 -3.70179441e-01 -1.07844100e-01 -5.06851697e-01
  2.85497755e+02] 0.636837350873504
[-3.04794824e+00 -2.62791931e-01 -3.80798494e-01 -2.44447071e-01
  2.85057403e+02] 0.523279526425783
[-2.95839875e+00 -2.34722013e-01  1.71856938e-01 -2.09723592e-01
  2.85702109e+02] 0.35862684712871873
[-3.01265375e+00 -1.49313720e-01  1.88245523e-01 -6.02354798e-01
  2.85674089e+02] 0.6485077225550351
[-2.93829197e+00  6.26920890e-03  9.27538709e-02 -2.93322565e-01
  2.86339378e+02] 0.3077023080706581
[-2.94449941e+00  4.26868230e-02 -8.43329676e-02  5.29809130e-02
  2.85698134e+02] 0.10835677839634815
[-3.01786427e+00  8.49423969e-02  1.32859154e-01 -2.03113082e-03
  2.84389906e+02] 0.15770507611854942
[-3.02553825e+00  1.15748147e-01 -3.55121830e-01  2.97314147e-02
  2.85230129e+02] 0.3746906783224065
[-3.03053683e+00  3.90011100e-01 -1.47719254e-01 -8.26238939e-02
  2.85201064e+02] 0.42515449413002243
[-3.03967152e+00  1.26792839e-01  5.86070519e-02 -2.33272559e-01
  2.85572565e+02] 0.27189574703420283
[-3.08719354e+00  2.64205904e-01  5.66939952e-02 -2.59353360e-01
  2.85056179e+02] 0.3745439013894696
[-2.90977574e+00 -4.46911466e-01 -5.81367647e-02 -4.94864944e-01
  2.85608631e+02] 0.6693288089808251
[-2.97416426e+00 -2.73664958e-01  8.54093813e-02 -2.07396755e-01
  2.85804069e+02] 0.35383708934282465
[-2.94709539e+00 -1.75922651e-01 -2.68356281e-02 -2.36604296e-01
  2.85614593e+02] 0.29605831063334365
[-3.01324683e+00 -2.03101616e-01 -1.09520002e-01 -7.93569854e-03
  2.85328195e+02] 0.23088497665443633
[-2.87986729e+00  1.34687378e-01 -9.78136727e-02 -5.52633135e-01
  2.86496829e+02] 0.5771581985281772
[-3.05200174e+00 -3.07257615e-01 -3.01946256e-02  4.22204453e-02
  2.85719605e+02] 0.31161117334599464
[-3.06724717e+00  2.53296672e-01  2.61292129e-01 -2.13439732e-01
  2.85646662e+02] 0.42188778082248235
[-2.98339964e+00 -2.21260409e-01  2.67731907e-01 -1.56749953e-01
  2.85370624e+02] 0.381060481071204
[-2.90353619e+00 -8.28700580e-03  1.82693247e-02 -1.87914636e-01
  2.86563006e+02] 0.1889824146325332
[-2.95890801e+00  2.47239793e-01 -1.39093170e-01 -3.88092246e-01
  2.86447545e+02] 0.48071823035179434
[-2.98126176e+00 -3.89300539e-01 -3.68135776e-02 -1.52477497e-01
  2.84973874e+02] 0.41971363582700577
[-3.05170561e+00 -7.80549055e-02  1.01278999e-01 -1.49268465e-01
  2.85099565e+02] 0.19654790401357036
[-2.90251449e+00  1.22033772e-01  4.50289129e-01  2.09273861e-01
  2.86072745e+02] 0.5113199488875311
[-2.92924203e+00  1.19419596e-01  7.44846748e-02 -9.58465005e-02
  2.85397192e+02] 0.17028082236448946
[-3.02022281e+00  5.78948238e-02 -6.90653435e-02 -1.46519500e-01
  2.85797547e+02] 0.17201684888722302
[-2.91486410e+00 -1.22353505e-01  8.16759298e-02 -3.97096272e-01
  2.86057445e+02] 0.423469936797564
[-2.94254858e+00 -8.93601612e-02 -1.70389989e-02 -2.31255028e-01
  2.86415442e+02] 0.24850443428011548
[-2.94538967e+00 -6.70224067e-02 -2.02295262e-01 -3.92789298e-01
  2.86161817e+02] 0.44687672694892727
[-2.92718035e+00  1.85726312e-01 -6.21355352e-02 -1.14220025e-01
  2.85936633e+02] 0.22671855186100368
[-3.04428095e+00  4.26488261e-02 -1.06551510e-01  8.47931717e-02
  2.85681274e+02] 0.14269558024492326
[-3.01333825e+00 -1.73739564e-01 -3.22834148e-02 -2.16194193e-01
  2.85253379e+02] 0.27922676057560625
[-2.98794959e+00 -1.79129560e-01  1.76103304e-01 -2.79518992e-01
  2.85610911e+02] 0.37580665231239163
[-2.99993231e+00 -2.37940311e-01 -2.97756194e-02 -3.92866801e-01
  2.86233750e+02] 0.4602678594488326
[-2.93804606e+00  9.54622153e-02  1.75115415e-01 -3.67746755e-02
  2.85283385e+02] 0.20280734696157698
[-2.99659382e+00 -7.41711990e-02  4.37719507e-02  1.96885811e-02
  2.85760911e+02] 0.08834585821895241
[-2.96006075e+00 -7.13865548e-03  7.96033388e-02  5.34835185e-03
  2.86132505e+02] 0.08010154065792596
[-3.00662158e+00 -2.49784031e-02 -1.95461797e-01 -3.33702045e-01
  2.85637536e+02] 0.38753875924476217
[-3.00411407e+00 -5.03620535e-02 -4.05929970e-02 -3.35230860e-01
  2.86052476e+02] 0.3414144952743194
[-2.97051256e+00 -1.43529762e-01 -4.78046757e-01 -2.42306527e-01
  2.85953807e+02] 0.5548350628130634
[-3.02792268e+00  1.84733580e-01 -1.45807371e-01  2.96318389e-01
  2.85957228e+02] 0.3784056987034866
[-3.00850422e+00 -2.13414858e-01 -7.83622010e-02 -1.39635750e-02
  2.86092080e+02] 0.22777514742188276
[-3.00841334e+00  4.18043236e-02  1.74644269e-01 -2.92156990e-02
  2.85649014e+02] 0.1819389439183979
[-3.07926617e+00  1.72288208e-01 -1.84518281e-01  5.02237828e-02
  2.84972562e+02] 0.2573959030269363
[-2.93436907e+00  2.68042191e-01 -1.15314885e-01 -3.21140776e-01
  2.85934064e+02] 0.4339072911295386
[-3.03837946e+00  7.97967217e-02 -2.24532854e-01 -5.02370419e-01
  2.85358852e+02] 0.5560202845030101
[-3.02289200e+00 -8.41031803e-02  1.10182096e-01 -2.63663907e-01
  2.86007361e+02] 0.2978793296979722
[-3.01366026e+00 -1.14605550e-01 -3.14395435e-01 -1.78975889e-01
  2.85212400e+02] 0.3794881954379535
[-2.96332831e+00 -3.85843840e-01  1.23255406e-01 -2.36250342e-01
  2.85819688e+02] 0.46891533101749583
[-3.06187653e+00  2.27787631e-01 -9.05281378e-03 -2.18495041e-01
  2.85167419e+02] 0.3157677018020234
[-2.99725243e+00  1.87911285e-01  1.99767720e-01 -2.61756466e-01
  2.86176818e+02] 0.3791229887221181
[-3.04738428e+00  6.07740448e-02  3.90519464e-01  3.48596594e-02
  2.84341973e+02] 0.39675449826986814
[-2.93611723e+00  7.72038927e-02  1.23343821e-01 -2.76764229e-01
  2.85736077e+02] 0.3126860687531803
[-2.94031038e+00  1.26121762e-01 -1.14301736e-01 -1.68945192e-01
  2.85599580e+02] 0.23982089905378304
[-3.07171494e+00  1.99239502e-01 -1.26163835e-01  1.22312173e-01
  2.85729713e+02] 0.26565759953669366
[-3.02055520e+00  2.76407159e-01  3.45744689e-02 -1.44507784e-01
  2.84742435e+02] 0.31381333828505525
[-2.99905273e+00 -1.12038959e-01 -1.44859758e-01  2.70609076e-02
  2.85697834e+02] 0.18511988174490526
[-3.00088472e+00  3.67475491e-02 -3.69756083e-01 -5.23246034e-01
  2.84909583e+02] 0.6417603562584486
[-3.04957679e+00 -2.30583466e-01  4.66902387e-02 -2.23709673e-01
  2.85684438e+02] 0.3246455466905076
[-3.05239390e+00 -2.07257180e-01 -3.65961162e-01 -1.77597635e-02
  2.84328702e+02] 0.42094954553214126
[-3.01624456e+00  4.43222168e-02  3.96318196e-01 -1.71101523e-01
  2.84755323e+02] 0.4339450455840617
[-2.98798713e+00  1.27342638e-01  1.76915171e-01 -3.08477538e-01
  2.85975126e+02] 0.37772147984938403
[-3.02587304e+00 -1.96603941e-01 -7.74130154e-02 -4.06083707e-01
  2.85955613e+02] 0.45776616509597184
[-2.90847087e+00  1.62358818e-01  3.88140048e-01 -2.94153556e-02
  2.85841452e+02] 0.42175626293158885
[-3.04237890e+00 -2.43554508e-01  2.66560037e-01 -8.15450379e-03
  2.86251127e+02] 0.3611641558499212
[-2.95403641e+00 -3.34860033e-01 -1.85575951e-01 -4.65438553e-02
  2.85913525e+02] 0.3856630732066506
[-3.01874440e+00 -3.25365467e-01  3.66331284e-02 -3.27707352e-01
  2.84954388e+02] 0.4632459195203973
[-3.06906029e+00 -8.48276721e-02  7.17113458e-02 -1.63989334e-01
  2.84872199e+02] 0.1980675460876967
[-3.02364445e+00  1.77219482e-01 -4.02577827e-01 -2.24109582e-01
  2.86378436e+02] 0.49366056799586583
[-2.95593386e+00  1.31790579e-02 -4.00151768e-02 -2.80711324e-01
  2.85338909e+02] 0.28385515574837744
[-3.00162890e+00 -2.48684105e-01  1.24542884e-01  8.63961788e-02
  2.84833298e+02] 0.2912370405141101
[-2.94978541e+00 -3.19372193e-01  1.99461985e-01 -2.17371396e-01
  2.85979632e+02] 0.43478040954855623
[-2.94477834e+00  1.70662789e-01 -1.98551674e-01 -5.12222637e-02
  2.85956189e+02] 0.26678132382503017
[-2.99277503e+00 -2.78202683e-01 -2.86229466e-01 -1.20302962e-01
  2.85189097e+02] 0.4168894850512741
[-2.88044850e+00 -1.52502153e-03  1.53242578e-01 -5.76896000e-02
  2.85222914e+02] 0.16374890370742518
[-3.11145017e+00  4.43957166e-01  3.84792032e-01  1.26013997e-01
  2.85495328e+02] 0.6008680387431918
[-2.92146980e+00  2.22014581e-01  4.24325283e-02 -3.97252653e-01
  2.85826840e+02] 0.4570565217522241
[-3.06913535e+00  7.66164614e-02 -1.75244975e-01  1.26514512e-01
  2.85160403e+02] 0.2293181311769832
[-2.96051787e+00  7.84202221e-02  3.04095756e-02 -3.09356017e-01
  2.86784126e+02] 0.32058636722215855
[-2.91502035e+00 -3.52602350e-02  3.88348158e-01 -2.37200050e-01
  2.86469567e+02] 0.4564224360499905
[-2.94235662e+00 -5.02496639e-02  6.77745458e-02 -1.33473277e-01
  2.85675232e+02] 0.15790355736242104
[-2.98274040e+00  9.89249141e-02 -1.28595257e-02  5.27920902e-03
  2.85694122e+02] 0.09989682719907288
[-3.00396348e+00  1.34268252e-01 -2.51822358e-01 -4.44542337e-02
  2.84959741e+02] 0.28882285622762666
[-3.02271253e+00  1.46443921e-01 -1.08598795e-01 -1.51337508e-01
  2.85043144e+02] 0.23694421587867975
[-2.97362654e+00 -1.06094004e-01 -3.24939962e-02  5.48774200e-02
  2.85644512e+02] 0.12378743315293389
[-2.98549166e+00 -1.79893107e-01 -1.96694588e-01 -1.77991319e-01
  2.86311334e+02] 0.32051708292702213
[-3.04322704e+00  4.10916229e-01 -2.98333958e-01 -2.12473029e-01
  2.84890794e+02] 0.5504544355002706
[-3.06944003e+00 -8.43129035e-02 -9.45884815e-02 -3.17495125e-01
  2.85006715e+02] 0.3418461658899572
[-2.93135166e+00 -1.91256479e-02  1.01223304e-01 -5.63697723e-02
  2.86018442e+02] 0.11742869745556188
[-2.98602917e+00  9.63895522e-02 -3.14114864e-01 -3.21785006e-01
  2.85646818e+02] 0.4598963829503915
[-2.97251170e+00 -2.24352376e-01 -1.06848630e-01 -4.31650137e-01
  2.85579665e+02] 0.4980687295911367
[-3.03952885e+00  1.49824572e-01 -1.24022673e-01  8.62467783e-02
  2.85403888e+02] 0.21276167995400136
[-3.08165685e+00 -1.54970055e-01 -1.31772935e-01 -1.52770156e-02
  2.85370773e+02] 0.20399316544072274
[-3.04442311e+00  7.48722566e-02  5.84558578e-02  2.11533742e-01
  2.86238451e+02] 0.23188244063296026
[-2.96502476e+00  6.34470405e-02  2.77834279e-01  1.51772356e-01
  2.84628880e+02] 0.3228811875102887
[-2.91947747e+00 -4.60946247e-02  8.37488943e-02 -4.83479963e-01
  2.86475101e+02] 0.4928402038251873
[-2.95148995e+00 -1.08313929e-01 -2.39070621e-01 -1.13749120e-01
  2.85584722e+02] 0.2860516231375202
[-2.98355038e+00 -2.83321654e-01  2.31743884e-01 -2.07955113e-01
  2.85599377e+02] 0.42097709741481754
[-2.90010780e+00 -1.18572121e-01 -7.68656805e-03 -4.31759879e-01
  2.86344730e+02] 0.4478113716949789
[-3.01192154e+00  1.42973877e-01 -9.40071721e-02 -4.94089137e-01
  2.85447619e+02] 0.522879482453955
[-2.98104234e+00 -3.45234918e-01  6.62124302e-01 -2.02802072e-01
  2.86062502e+02] 0.773772848032462
[-2.92073960e+00  9.73764577e-02 -2.19856930e-01  1.97460976e-02
  2.85831422e+02] 0.2412657298262331
[-2.96281358e+00 -8.34946830e-03 -1.48402183e-01  3.01948539e-01
  2.84732987e+02] 0.33654991026722425
[-3.04198075e+00  1.08116318e-01  1.47497242e-01 -1.28518340e-01
  2.84959026e+02] 0.22352077862131245
[-2.89770282e+00  2.34356703e-01 -1.57150937e-01 -2.49195545e-01
  2.86652825e+02] 0.37645438123099345
[-2.99696394e+00 -9.63305065e-02 -3.23208284e-01 -6.70880776e-01
  2.85968035e+02] 0.7508822655297867
[-3.00391050e+00 -1.27070752e-01  1.06116045e-01 -2.22038990e-01
  2.85145266e+02] 0.27696372401235936
[-2.98345200e+00  1.81834914e-01 -1.59710051e-01 -3.12501813e-01
  2.85994284e+02] 0.395257661958736
[-2.97279417e+00 -1.57887886e-01  4.46007043e-02 -5.32287107e-01
  2.86029281e+02] 0.5569985386805734
[-2.94710884e+00 -1.36364831e-01  2.51661172e-02 -2.74904308e-01
  2.85811871e+02] 0.3078978388460102
[-2.95129083e+00 -6.82701074e-02  1.41595009e-01 -1.33562111e-01
  2.85899847e+02] 0.20627358415183897
[-3.07490577e+00  3.00075782e-01 -2.79363626e-01 -2.02021712e-01
  2.85338927e+02] 0.4570582927330896
[-2.96380530e+00  1.02852807e-01  3.15070558e-01 -4.56762746e-01
  2.86124604e+02] 0.5643406438156617
[-2.97231688e+00  1.33704446e-01 -4.35211929e-01 -4.30143738e-02
  2.85738549e+02] 0.4573144847983169
[-2.98046391e+00 -4.91700875e-02  5.69878336e-03 -1.33029692e-01
  2.86155987e+02] 0.14194038384068708
[-2.95127570e+00 -1.13083828e-01  6.79468049e-02  1.43701226e-01
  2.85078630e+02] 0.19507630008731922
[-3.04720495e+00  2.15265572e-01  2.71124955e-01  3.84324535e-03
  2.85675903e+02] 0.3462120424767044
[-2.99042840e+00 -3.35567872e-01 -2.40800440e-01 -2.26512992e-02
  2.85735926e+02] 0.4136468665317233
[-2.96494203e+00  2.04681085e-01 -8.25293922e-02 -2.01006263e-01
  2.86476119e+02] 0.2985112478909652
[-3.02085405e+00 -3.61351722e-01 -1.61722755e-02 -1.77828299e-01
  2.85230880e+02] 0.4030626667652553
[-2.91634209e+00  5.16804979e-02 -1.82352792e-01 -5.82221138e-02
  2.86723438e+02] 0.1982756395747567
[-2.99684855e+00 -8.55837512e-02  1.15232270e-01 -2.01567060e-01
  2.86260152e+02] 0.2474516805335411
[-2.87544861e+00  7.98435364e-02 -1.05054752e-01 -5.04902016e-01
  2.86235353e+02] 0.521859691372582
[-2.99927383e+00 -5.26873814e-02 -1.22999818e-01 -2.55561264e-01
  2.85546574e+02] 0.28847265925545307
[-3.02288403e+00 -7.90099982e-02  1.30774838e-01  2.43807178e-01
  2.85285250e+02] 0.28772656796366153
[-2.88728987e+00  1.03374867e-02  2.54626682e-01 -2.98726148e-01
  2.85565112e+02] 0.3926562398493803
[-2.95831331e+00  1.19940244e-01  2.97512965e-01  9.09529874e-02
  2.85461257e+02] 0.33342476307454316
[-3.00278710e+00  1.48746123e-01 -1.49288718e-01 -5.29700442e-01
  2.84906357e+02] 0.5700834044423263
[-3.00380134e+00 -2.28570429e-01  3.77066819e-03 -4.55475177e-02
  2.85258440e+02] 0.23309490653548234
[-3.01115200e+00 -9.27823615e-03 -2.50942957e-01 -2.23537360e-01
  2.85196424e+02] 0.3361954853798532
[-3.03942052e+00  9.30732524e-02 -3.52060186e-02 -1.24737866e-01
  2.86344354e+02] 0.15956700579196625
[-3.03745598e+00 -6.92229929e-02 -7.83848421e-02 -3.24266573e-01
  2.86326476e+02] 0.34071221981271765
[-2.95610849e+00 -1.07610445e-01  3.18514949e-01  5.38625349e-02
  2.85529950e+02] 0.34048928476999046
[-3.02306650e+00 -1.61517331e-02  8.57834032e-02 -3.43428369e-01
  2.85170274e+02] 0.35434829634756887
[-3.05674148e+00  8.54353602e-02 -1.84963677e-01 -1.40259202e-01
  2.84571748e+02] 0.2473527970364369
[-2.99729991e+00  3.47611768e-01  5.01571304e-02 -1.74879210e-01
  2.84311587e+02] 0.39234221965028326
[-2.94455493e+00  5.00485702e-02  5.89193520e-02 -1.32863506e-01
  2.85138539e+02] 0.15371747062251181
[-2.91270910e+00 -1.49656942e-01  3.92192231e-02 -3.93078676e-01
  2.87001761e+02] 0.4224289205663283
[-2.93425562e+00 -1.46546613e-01  3.50478752e-01  1.23292512e-01
  2.86711293e+02] 0.3993899209937218
[-3.00513286e+00  3.47542860e-01 -2.03826361e-01 -4.04631943e-01
  2.85316055e+02] 0.5710150910185178
[-3.01370639e+00 -3.42671786e-02 -2.94158258e-01 -2.57400296e-01
  2.86618906e+02] 0.39237511712325623
[-3.10234542e+00  1.30181175e-01  1.22685822e-01 -2.32788709e-01
  2.84814479e+02] 0.2935805380046596
[-3.05184769e+00 -2.07303427e-01 -1.17182645e-01  1.06227543e-01
  2.84833231e+02] 0.26075040550257966
[-2.90805358e+00 -4.92301995e-02  1.19501553e-01 -2.77921177e-01
  2.85848702e+02] 0.3065035308576478
[-3.00284866e+00 -2.40822605e-01  6.85622464e-02 -5.23959050e-01
  2.85697598e+02] 0.580714555329026
[-3.02115824e+00  3.05023743e-02  2.94094988e-02 -4.70887126e-01
  2.85724152e+02] 0.472789592514077
[-3.07666253e+00 -4.39675890e-02 -8.44560234e-02 -2.11659162e-01
  2.86386258e+02] 0.2320895724227333
[-3.00835413e+00 -2.94783407e-02  9.56616403e-02 -9.81054776e-02
  2.86555317e+02] 0.1401599326240271
[-3.00923846e+00 -1.66037927e-01 -1.81359911e-01 -3.79815512e-01
  2.86218412e+02] 0.4524597596609825
[-2.96389594e+00 -1.93551343e-01 -2.56069110e-01 -4.84842193e-01
  2.86154481e+02] 0.5814683688405684
[-2.97867741e+00  3.32981875e-01  6.73334960e-02 -1.55059465e-02
  2.85490071e+02] 0.34007523175010357
[-3.01345541e+00 -1.09678246e-01 -1.39181971e-01  2.67546871e-01
  2.84952566e+02] 0.3209085023370764
[-3.03319567e+00 -2.36246712e-01 -3.66815113e-01 -2.03323922e-01
  2.84702287e+02] 0.4813589653324828
[-2.96029149e+00  2.05494192e-01 -3.27164882e-02  1.18222637e-01
  2.85943372e+02] 0.23932158956548324
[-3.03460210e+00  1.14176136e-01  8.45966122e-02  5.49209567e-02
  2.84864910e+02] 0.15234529329141394
[-3.06217848e+00  2.38525342e-01  2.67147167e-01 -1.82574857e-01
  2.85473827e+02] 0.401989460281201
[-2.96118561e+00  2.17699160e-01  2.43736332e-02 -4.39972337e-01
  2.85794704e+02] 0.4914902393943114
[-2.94771483e+00 -1.44221436e-01 -6.99989607e-02 -4.41775734e-01
  2.85334843e+02] 0.4699632710007552
[-3.02744411e+00  9.46744237e-02  6.21246756e-02 -1.74722310e-01
  2.85747349e+02] 0.2082080864940234
[-2.93399042e+00  6.74906266e-02 -5.06945468e-02 -3.15417443e-01
  2.86151766e+02] 0.3265165926164856
[-3.05674490e+00 -3.52744673e-02 -2.36061085e-01  5.12253855e-02
  2.85215558e+02] 0.24411711163040528
[-3.05272344e+00  7.07605374e-02 -4.31748911e-01 -2.33896642e-01
  2.85692126e+02] 0.49610665722681707
[-3.05697435e+00 -5.45822945e-02  1.92398358e-02 -3.24041934e-01
  2.85631353e+02] 0.3291695206036631
[-2.99692400e+00 -1.59804797e-01 -5.90902299e-03 -2.28148917e-01
  2.85384796e+02] 0.27861158994714447
[-2.96921232e+00 -4.60722578e-02 -7.25719712e-02 -1.73525257e-01
  2.85255027e+02] 0.19365009406854902
[-2.92284676e+00  1.91997179e-02 -2.13521418e-01  3.14312508e-02
  2.85420116e+02] 0.21667475335990202
[-3.02289799e+00 -1.42457474e-01  2.58890574e-01  3.26858306e-02
  2.84891850e+02] 0.2972992174601073
[-2.95581803e+00  7.47178600e-02  9.30431700e-02  1.97670727e-01
  2.85380046e+02] 0.23089717736183232
[-2.94111530e+00 -3.11200343e-01  5.49538553e-03 -3.52047343e-01
  2.86252203e+02] 0.4699076334994592
[-2.96579380e+00 -1.86958209e-02 -9.99802196e-02 -5.03150656e-01
  2.85517125e+02] 0.5133285109544546
[-3.04504266e+00 -1.15587933e-01  2.15120565e-03 -4.07941141e-01
  2.86738371e+02] 0.42400609989874466
[-2.96730199e+00 -2.09865347e-01  1.18785302e-01 -2.38980481e-01
  2.86384130e+02] 0.33950711706269737
[-2.97609765e+00 -2.04371030e-02 -2.26845476e-01 -4.14345393e-02
  2.86487197e+02] 0.23150241075863126
[-3.03790237e+00 -2.59141371e-02  2.43153433e-02 -4.51768550e-01
  2.85618679e+02] 0.45316398971289096
[-2.97674552e+00 -3.31266858e-01 -1.81990248e-01 -2.10481176e-01
  2.85583075e+02] 0.43262051115860634
[-3.01172454e+00  1.88578554e-01  4.32289738e-01  6.78224722e-02
  2.85974920e+02] 0.4764831335932682
[ -2.96238045  -0.33649384  -0.37006687  -0.48534882 285.24511046] 0.696951268031034
[-2.97665547e+00  2.62785031e-01  2.76499713e-01 -1.54929687e-01
  2.85789813e+02] 0.4117174660858992
[-3.06947299e+00 -3.84997010e-02  1.03479859e-01 -3.47232663e-01
  2.85574504e+02] 0.3643635963244062
[-3.01573995e+00  3.60488963e-02  1.21796834e-01 -2.63429857e-01
  2.85629882e+02] 0.2924538961412887
[-3.01582569e+00  3.66442435e-03 -1.37433312e-01 -2.90478317e-01
  2.85846547e+02] 0.3213704967263512
[-2.97231831e+00 -1.99760460e-02  2.03727136e-01 -4.13167960e-01
  2.85329351e+02] 0.4610982014579418
[-3.04752407e+00 -1.38329718e-01 -1.80571477e-02 -4.05534385e-01
  2.86204263e+02] 0.4288581453500734
[-2.98557610e+00 -1.43570588e-01  2.38296258e-01 -2.10490505e-01
  2.85749350e+02] 0.34886082150751846
[-2.93454791e+00  4.33293318e-01 -1.85101322e-01 -4.30109092e-03
  2.84405255e+02] 0.47119433174184133
[-2.97137133e+00  3.95271609e-02 -8.35828249e-02 -8.96337854e-02
  2.84882407e+02] 0.12877383487192812
[-2.94085794e+00  1.61253466e-01 -4.58915211e-02 -3.76186143e-01
  2.86001126e+02] 0.41185522468434327
[-2.96541807e+00  1.60015046e-01  1.15908877e-01 -3.85631570e-01
  2.85870428e+02] 0.4333028856560622
[-2.97448067e+00 -2.79030203e-01  3.58415884e-02 -3.41250468e-01
  2.86366490e+02] 0.4422605066163763
[-3.05467400e+00  2.88647396e-01 -7.88140831e-02 -2.34017244e-01
  2.84329543e+02] 0.37985924940167015
[-2.97738528e+00  3.17869351e-01 -4.67158403e-01 -2.58196932e-02
  2.84710084e+02] 0.5656364156316901
[-3.03011812e+00  4.90206517e-02  3.02996629e-01  9.51696032e-03
  2.85710252e+02] 0.30708395261462595
[-3.05494435e+00  1.38912538e-01 -2.85716502e-01  3.10711379e-01
  2.84367842e+02] 0.4443784123129365
[-2.95401967e+00 -2.80254360e-02 -3.71044747e-01 -1.09293085e-01
  2.85766905e+02] 0.38782032888646256
[-3.04449027e+00  2.14522146e-01  5.03034330e-02 -1.28759029e-01
  2.84237918e+02] 0.25520398475650713
[-3.06244682e+00  2.37958533e-02 -1.99341673e-01 -4.19863604e-01
  2.84770926e+02] 0.4653910090223018
[-2.95210430e+00  2.27215359e-01 -3.59249987e-01  1.70097219e-01
  2.85907844e+02] 0.45784324451312597
[-3.05623221e+00  2.01796451e-01  5.31811766e-01 -3.77485990e-01
  2.85465605e+02] 0.6826721284480396
[-2.96687050e+00 -5.35672603e-02 -1.01918411e-01 -9.18714859e-02
  2.85136386e+02] 0.14729963944483213
[-3.01018941e+00  2.07345531e-01  1.95553446e-01 -5.65541259e-01
  2.86576350e+02] 0.6333010622387176
[-3.00448607e+00  3.50834580e-02 -1.38289649e-01 -4.17083188e-01
  2.85555496e+02] 0.44080977982101577
[-3.02269313e+00  1.93146283e-02  1.95130314e-01 -9.69925381e-02
  2.85033479e+02] 0.21876116399687667
[-2.97672923e+00 -7.55255823e-02 -4.36075421e-02 -4.23586794e-01
  2.86280578e+02] 0.43247139045661787
[-3.00378137e+00 -6.66507872e-02 -1.70238197e-01 -1.17361001e-01
  2.85921499e+02] 0.21724864970942037
[-3.09475778e+00 -1.48103903e-01  8.87597302e-02 -2.97049098e-01
  2.85394902e+02] 0.3435858293762801
[-3.03232385e+00  7.51547193e-02  1.62777922e-01 -1.57148334e-01
  2.85168595e+02] 0.23841242135655694
[-2.93785597e+00 -2.33310063e-03 -1.09262922e-02 -7.15261885e-02
  2.85936005e+02] 0.0723935277284799
[-2.91703644e+00 -3.55872393e-01 -1.04206788e-01 -2.21357045e-01
  2.86136557e+02] 0.43186011185233214
[-2.99962309e+00 -2.27886913e-02 -2.58864213e-01 -2.94299113e-01
  2.85754857e+02] 0.39260918651305465
[-3.01327386e+00  1.67381058e-01  1.44246963e-01 -1.37517991e-01
  2.85455945e+02] 0.2602591071203087
[-2.97721204e+00 -5.46059606e-02 -4.20268573e-02 -5.29960926e-01
  2.85318325e+02] 0.5344217906849725
[-3.10481623e+00  2.05469426e-02 -1.23078356e-01 -2.26664279e-01
  2.85391805e+02] 0.25874148095635746
[-3.04719012e+00  3.28462636e-01  2.58219693e-02 -7.88367745e-02
  2.85506256e+02] 0.3387767913420291
[-2.92778115e+00 -1.07780029e-01  9.04045683e-02 -3.92858176e-01
  2.85359619e+02] 0.4172853543413517
[-3.02602611e+00  1.04905554e-01  2.57352645e-02 -4.80001917e-01
  2.85611617e+02] 0.49200540611374816
[-3.02217828e+00 -2.63614602e-01  4.08400856e-01 -4.41347237e-01
  2.84830098e+02] 0.6565602039218574
[-2.89926980e+00 -1.36327348e-01  6.98362007e-02 -8.38327716e-02
  2.85722113e+02] 0.1746143587081511
[-2.96963508e+00 -2.78976178e-02  5.99803858e-02 -3.48285514e-01
  2.85150865e+02] 0.35451195086589954
[-2.95832995e+00 -7.56495196e-02  6.63315407e-02 -3.22747686e-01
  2.85309618e+02] 0.33806625358383335
[-2.99085510e+00  2.71353000e-01  2.66407392e-01 -3.34401937e-01
  2.85262275e+02] 0.5063891829961985
[-3.04034535e+00  2.23032485e-01  3.99051277e-01 -5.18653143e-02
  2.85125191e+02] 0.4600819729855815
[-2.94299930e+00  4.35724690e-02  1.36373938e-01 -3.67940930e-01
  2.85586149e+02] 0.39481253696402774
[-2.92785649e+00  4.07312877e-01 -1.50173718e-01 -2.16463370e-02
  2.86449015e+02] 0.434654448177385
[-3.00157231e+00  1.31667007e-02 -2.29558319e-01 -1.44453092e-01
  2.85515121e+02] 0.27154572285315404
[-2.98300751e+00  2.33556855e-01 -9.97099207e-02 -5.81301692e-02
  2.85556427e+02] 0.2605186924971706
[-2.95779576e+00 -2.90018831e-02 -4.02129415e-02 -3.20363042e-02
  2.85163483e+02] 0.059029777887309044
[-2.95567871e+00  8.60790020e-02  1.34692693e-01 -4.65449083e-02
  2.85282429e+02] 0.16648767140187276
[-2.97974330e+00 -1.09567280e-01 -2.20266431e-01 -5.21595177e-01
  2.85920856e+02] 0.5767008050114352
[-2.97602798e+00 -2.90498890e-02  1.67208798e-01  1.04481925e-01
  2.86478092e+02] 0.19929664040067535
[-2.96323941e+00 -6.68926907e-02  1.12866327e-01 -4.31079352e-01
  2.86061093e+02] 0.4506027597616995
[-3.00142459e+00 -1.08258038e-02  1.33186489e-01 -1.59375641e-01
  2.86032279e+02] 0.20798181122738948
[-3.00403623e+00 -9.31248641e-02 -7.63406188e-02 -2.93093897e-01
  2.86306445e+02] 0.31686615939282003
[-2.99004930e+00  2.19909047e-02  6.10413686e-02 -2.99167086e-01
  2.86090755e+02] 0.3061218615841277
[-2.92487587e+00  1.47112851e-02 -1.04698573e-01  9.62279323e-02
  2.85995603e+02] 0.1429616313684391
[-3.03713526e+00 -3.03935042e-02  2.10167400e-01 -8.07944960e-02
  2.85727149e+02] 0.2272044275131807
[-3.01083963e+00  5.92551434e-02  6.14643890e-02 -2.05006499e-01
  2.84695619e+02] 0.22207365411813287
[-2.93397870e+00 -5.74126201e-03  1.58637169e-01 -2.85973110e-01
  2.86597104e+02] 0.3270769525084567
[-2.95830755e+00 -2.38904716e-01 -1.95919494e-01 -1.17823415e-01
  2.86175654e+02] 0.3306694249074249
[-3.05675655e+00  2.25519768e-01 -5.18340342e-02 -8.53421121e-02
  2.85308517e+02] 0.24663578170003372
[-2.98076929e+00 -8.12450865e-03  6.14087529e-02 -2.70701611e-01
  2.85689757e+02] 0.2776984058316209
[-2.96519147e+00  3.50031465e-01 -1.50405994e-02 -1.27845112e-01
  2.86132630e+02] 0.3729512284939946
[-3.03496384e+00 -2.86012412e-01  6.95531997e-02  1.11325921e-01
  2.85241279e+02] 0.31469700961765174
[-2.94263279e+00  1.06402421e-01  1.70642638e-01 -2.07605804e-01
  2.85839577e+02] 0.28903382997545496
[-3.02574117e+00 -1.90928942e-01 -2.52420605e-02 -3.77538073e-01
  2.85381639e+02] 0.4238230987852292
[-2.99513412e+00  3.96752188e-01 -1.21445246e-01 -1.09552742e-01
  2.84885938e+02] 0.4291422252008947
[-2.93633418e+00 -2.04152126e-01  1.62054687e-02 -3.14610046e-01
  2.85866191e+02] 0.3753933789008743
[-2.91873108e+00 -5.67084038e-02 -8.00872622e-02 -2.85778887e-01
  2.85680214e+02] 0.30215788079124284
[-2.92137562e+00 -7.79279126e-02 -5.54443985e-02 -4.25059588e-01
  2.85692861e+02] 0.43568623356464065
[-2.97611801e+00 -9.45229626e-03 -2.06165608e-01 -1.29297925e-01
  2.85893686e+02] 0.2435396416708299
[-3.00942355e+00 -5.13955576e-02  1.04884781e-02 -4.86793872e-01
  2.86120126e+02] 0.4896118725824447
[-2.97424333e+00  9.14885904e-02 -1.54745297e-01 -3.34143915e-01
  2.85100157e+02] 0.3794317134348374
[-3.01331403e+00  1.68733564e-01  2.05372555e-01 -3.33510082e-02
  2.85981684e+02] 0.2678827947047097
[-3.05660043e+00  1.85588526e-02  1.03405783e-01  1.45839413e-01
  2.85529297e+02] 0.1797395928091999
[-3.00683677e+00 -1.84722979e-01  9.84526266e-02 -3.87719101e-01
  2.84687055e+02] 0.44061502467248065
[-3.02099750e+00 -3.02149281e-01 -1.15080993e-01 -2.85385007e-01
  2.85063321e+02] 0.43125679743186285
[-2.93930049e+00  3.66980973e-02 -2.34613900e-02 -5.45514891e-01
  2.85904924e+02] 0.5472510244811294
[-2.94298726e+00  2.86787458e-01  2.15832158e-01 -1.51379573e-01
  2.86923593e+02] 0.38954632826734237
[-2.98778044e+00 -3.33860186e-02  3.11415869e-01  4.51727832e-02
  2.85367668e+02] 0.3164412271675272
[-3.07914389e+00  3.48354654e-02 -1.71307292e-01  1.28218838e-01
  2.85645021e+02] 0.21679429974135472
[-2.93595977e+00  1.56752485e-01  1.49510962e-01 -1.23733709e-01
  2.85500000e+02] 0.24946923703911925
[-3.06168135e+00 -4.58272498e-02  2.29343333e-01 -1.70211012e-02
  2.85303387e+02] 0.23449566931658797
[-2.97897310e+00  1.09416220e-01 -2.83095150e-01 -2.90234492e-01
  2.85839850e+02] 0.41994146405316896
[-2.99291618e+00 -2.88066512e-01  2.10256995e-01 -2.79932783e-01
  2.85747092e+02] 0.4533791818409917
[-3.02026756e+00 -1.62775058e-01  7.24354087e-02 -8.23061757e-02
  2.85954592e+02] 0.1962572662486119
[-3.03776442e+00  1.52435296e-01  3.25384984e-01 -2.25468390e-01
  2.85237060e+02] 0.42420266640838555
[-2.96954802e+00  2.55720675e-01 -3.99152511e-02 -2.02343910e-01
  2.85665633e+02] 0.3285260248688402
[-2.97781361e+00 -1.65694859e-01 -1.29919027e-01 -6.02139009e-01
  2.85363981e+02] 0.6378911559034709
[-3.02997793e+00 -1.39705726e-01 -1.50193924e-01 -1.63423173e-01
  2.85380520e+02] 0.2622652058061976
[-3.01112033e+00 -1.86795466e-01 -8.24274952e-02 -2.57066244e-01
  2.86100008e+02] 0.32828324890311616
[-2.96083687e+00 -3.54048840e-01 -3.70149775e-02 -2.05068024e-01
  2.86217882e+02] 0.41082062297642785
[-2.99014942e+00  2.76153830e-01  2.81241036e-02 -1.97906724e-01
  2.85357072e+02] 0.3409090408839958
[-3.05183369e+00  2.34307680e-01 -8.40623204e-02  3.30843122e-02
  2.85617417e+02] 0.25111976105514144
[-2.94677010e+00  1.43139619e-01  2.41514210e-02 -7.06022325e-02
  2.85871656e+02] 0.16142155018373305
[-3.05177250e+00 -6.15414566e-02 -2.05299543e-01 -3.08208909e-02
  2.85798884e+02] 0.2165298604823309
[-2.91622947e+00  5.35687503e-02  1.60641402e-02 -1.14885943e-01
  2.85057582e+02] 0.1277749879818618
[-2.86442988e+00  1.71035941e-01 -7.75861680e-02 -2.76700624e-01
  2.86205213e+02] 0.3344191109924043
[-2.97564962e+00  2.21369783e-02  5.06959179e-01 -4.17294020e-01
  2.85747194e+02] 0.6569870269149828
[-2.92682325e+00  1.91623765e-01 -1.60372237e-01 -6.00092291e-01
  2.85639036e+02] 0.6500382134381308
[-3.05747421e+00  1.91655078e-01  1.54782345e-02 -4.18221069e-01
  2.85049454e+02] 0.46030436345162173
[-2.89451477e+00  1.99429705e-01  1.12709143e-01 -5.44701026e-01
  2.85932871e+02] 0.5909101163278196
[-2.97669454e+00 -1.04667197e-02 -8.94394574e-03 -4.20784621e-01
  2.85057267e+02] 0.42100979095139285
[-3.06544370e+00 -3.03896823e-01  5.53336221e-02 -4.75359506e-01
  2.85031451e+02] 0.5669054140436249
[-3.07779412e+00 -1.87682902e-01  3.73115112e-01 -3.32051310e-01
  2.84208611e+02] 0.5335708304328388
[-2.94495834e+00  1.22814234e-01 -2.57360516e-01  1.35439422e-01
  2.86248102e+02] 0.31569226887540963
[-2.98374039e+00  1.89610287e-02 -3.29383102e-01 -3.28680980e-01
  2.86219588e+02] 0.46570799374244193
[-3.00162922e+00  8.38519943e-02 -2.01736950e-01 -1.99800417e-01
  2.85076429e+02] 0.296056009621502
[-2.98387022e+00 -4.14921177e-01 -2.37059586e-01 -1.12350776e-01
  2.86345860e+02] 0.49089665661875304
[-3.03043932e+00  1.50412647e-01 -1.50167789e-01 -3.45316801e-01
  2.85280099e+02] 0.40548492232141226
[-3.03724103e+00  1.26661977e-01  8.62540387e-02 -2.21009335e-01
  2.85268656e+02] 0.2689389182294136
[-2.99701020e+00  2.14220705e-01  2.05851229e-01  6.83524308e-02
  2.86249338e+02] 0.3048561852151891
[-2.91919204e+00  3.97937795e-01 -1.51012969e-01  1.01507456e-03
  2.86225532e+02] 0.42562945873913877
[-3.01796384e+00 -1.37793102e-01 -4.09935251e-02 -1.88797892e-01
  2.85720005e+02] 0.2373016054522669
[-3.02559907e+00  1.39795353e-01  1.78606660e-01 -3.22457423e-01
  2.85784596e+02] 0.39423580407473807
[-2.98334343e+00  2.98111774e-01  2.65894670e-02 -2.09837756e-01
  2.85400766e+02] 0.36552635131922073
[-2.98546575e+00 -1.13223904e-01  3.37757112e-02 -2.91185550e-01
  2.86340906e+02] 0.3142442929997695
[-2.99723029e+00  7.96016555e-02 -2.76379060e-01 -2.40311024e-01
  2.85919666e+02] 0.3747948728618092
[-2.97665790e+00 -8.52652639e-03 -1.17183147e-01 -3.98314423e-01
  2.85361900e+02] 0.41528179724812725
[-2.99167625e+00  6.74383491e-02 -4.43040969e-01 -4.75098151e-01
  2.85715511e+02] 0.6531090906545454
[-3.08436007e+00 -1.60229112e-01 -2.23785969e-01 -2.49526927e-02
  2.85024817e+02] 0.276362380240647
[-2.96739340e+00  2.81225361e-01 -1.58176461e-01 -1.57432124e-01
  2.85568226e+02] 0.35901583578479096
[-2.96008234e+00  5.01413989e-02  1.37368912e-02  1.04481534e-01
  2.85761653e+02] 0.11670155496735736
[-2.98135627e+00 -1.74239452e-01 -2.96561479e-01 -2.81220219e-01
  2.85626755e+02] 0.4442892177111884
[-2.99522440e+00  3.95945201e-01 -1.90181966e-01 -1.01098033e-01
  2.85567470e+02] 0.45073561517331073
[-2.94683419e+00  1.39324885e-01 -6.23660841e-02 -1.16017927e-01
  2.86456607e+02] 0.1917318740635574
[-2.92722558e+00 -1.11864802e-02  2.40093261e-01  3.66421559e-02
  2.85653650e+02] 0.2431307443311942
[-2.89497878e+00 -3.55065947e-02 -9.38259769e-02  4.33330140e-02
  2.85570255e+02] 0.10927846227637426
[-2.93169604e+00  2.41725523e-01 -1.19216677e-01  1.13586580e-01
  2.85945053e+02] 0.2924820606592676
[-2.99719265e+00  1.59662952e-02  4.39040663e-02 -3.62073501e-01
  2.85503403e+02] 0.3650749374909243
[-2.92793879e+00 -4.03074912e-01 -1.94054011e-01  6.99024375e-02
  2.86668534e+02] 0.4527832755264748
[-2.99959766e+00 -7.53992520e-02  2.11590035e-01 -3.15235590e-01
  2.84386479e+02] 0.38707733990369314
[-2.93132524e+00 -4.24091210e-02  7.15669407e-02 -1.60608140e-02
  2.86092348e+02] 0.08472490948920959
[-3.02317139e+00  3.12464849e-01 -2.07802330e-01 -5.42169503e-02
  2.85539877e+02] 0.37915111464151835
[-3.00431792e+00  2.30276261e-01  3.01349090e-01  1.19263931e-01
  2.85527816e+02] 0.3975705168438324
[-2.92993577e+00 -3.81773433e-01  1.02352003e-02 -1.41163049e-01
  2.85553435e+02] 0.40716424220911035
[-2.98558489e+00 -3.08007254e-01 -1.18464050e-01 -1.12777209e-01
  2.85520263e+02] 0.3487418797607458
[-3.05912420e+00  6.74173972e-02 -1.85519195e-01 -5.21384614e-02
  2.85604794e+02] 0.20415899796739573
[-3.00919187e+00 -7.39805585e-02  8.57585374e-02 -4.25487413e-01
  2.85550768e+02] 0.44030351853096356
[-2.95612987e+00 -5.04450170e-02 -1.84188760e-01 -2.88818792e-01
  2.86026456e+02] 0.34624629085583547
[-3.05647003e+00 -1.67067104e-02 -2.02557403e-02 -6.78068374e-02
  2.84941398e+02] 0.07271297263103711
[-2.98318472e+00  2.45420205e-01  1.89348062e-01  6.84959987e-02
  2.85518407e+02] 0.3174515198735062
[-2.98348390e+00  7.83729045e-02 -2.50765018e-01 -3.05906675e-01
  2.85371388e+02] 0.4032422350583663
[-2.92727490e+00 -3.75309652e-02  2.52415674e-01 -5.60741541e-02
  2.85005284e+02] 0.26127869546192667
[-2.96967692e+00  9.95624670e-02  1.77766853e-01 -7.48101084e-01
  2.86299387e+02] 0.7753508694319144
[-3.06401152e+00  5.29909904e-02  1.58710526e-01  1.75599207e-02
  2.84520878e+02] 0.16824216785500667
