/mnt/stage/douwei/Simulation/5kt_root/2MeV/5kt_+10.40_3.root
[-3.24419071e+00 -2.22106590e-01  5.20054268e-02  1.02946996e+01
  3.42303967e+02] 10.297226572463765
[-3.12155801e+00  8.65783493e-02 -1.92903754e-02  1.02198851e+01
  3.39929335e+02] 10.220270058323935
[-3.20909395e+00 -3.47025246e-02 -9.49251118e-02  1.02481942e+01
  3.40646594e+02] 10.248692583384015
[-3.26668612e+00 -1.11364091e-01  4.34877683e-02  1.08009327e+01
  3.44739676e+02] 10.80159434947817
[-3.18683002e+00  2.27866619e-01  2.11402358e-01  1.04336543e+01
  3.43266278e+02] 10.438283172135302
[-3.14742836e+00  2.91896690e-02  1.42218991e-01  1.05953839e+01
  3.42910571e+02] 10.596378590880759
[-3.15515980e+00 -2.26951578e-01  1.40186476e-01  1.05707119e+01
  3.42831109e+02] 10.574077263529157
[-3.27137897e+00 -1.04494848e-02  7.99005100e-02  1.03943936e+01
  3.39712063e+02] 10.39470596932902
[-3.20385854e+00 -9.56766293e-02 -1.47704897e-01  1.02676788e+01
  3.40395469e+02] 10.269186903767778
[-3.19537479e+00  4.48487074e-02  9.83712512e-02  1.05714270e+01
  3.44038273e+02] 10.571979791520738
[-3.23311540e+00  1.27196481e-01 -9.39558533e-02  1.05815819e+01
  3.42183198e+02] 10.582763455350461
[-3.21831607e+00 -1.25128757e-03  1.51389125e-01  1.03881384e+01
  3.39890744e+02] 10.389241579135987
[-3.20270589e+00  1.37619613e-01 -1.29168659e-01  1.03398489e+01
  3.40467575e+02] 10.341571433737728
[-3.26197164e+00  9.40130863e-02 -1.88149159e-01  1.05260517e+01
  3.41772157e+02] 10.528152829872022
[-3.24279888e+00 -1.29089934e-02 -2.82757020e-03  1.07575551e+01
  3.43791958e+02] 10.757563260850043
[-3.26646339e+00 -9.19987167e-03  4.30130532e-02  1.04472894e+01
  3.39914218e+02] 10.447382002569784
[-3.26800507e+00  1.81516138e-01 -3.95593247e-02  1.03261443e+01
  3.39362973e+02] 10.327815343210668
[-3.23126817e+00 -2.69924927e-01  1.75129861e-01  1.06211340e+01
  3.45061786e+02] 10.62600662720402
[-3.17286460e+00  2.98479687e-02 -1.87932837e-01  1.06810040e+01
  3.44112312e+02] 10.682698941403233
[-3.23251035e+00 -2.66004545e-01 -1.82662257e-01  1.06151959e+01
  3.44157215e+02] 10.62009925326724
[-3.12808513e+00 -2.36706141e-01  4.35248331e-02  1.04625806e+01
  3.43011318e+02] 10.465348348246069
[-3.23043291e+00 -3.82661502e-02 -3.25633640e-02  1.07505615e+01
  3.44737228e+02] 10.750678890418815
[-3.25792400e+00  2.46670130e-01 -9.24445063e-03  1.06108286e+01
  3.42242471e+02] 10.613699368524555
[-3.21061672e+00 -2.29700523e-01  2.24631170e-01  1.03726786e+01
  3.39826715e+02] 10.377653090732467
[-3.18963454e+00 -1.85044743e-01  6.40196939e-03  1.02368239e+01
  3.40645624e+02] 10.238498206414913
[-3.16306006e+00  2.37070371e-01 -7.12810299e-02  1.01306967e+01
  3.40336404e+02] 10.133720881545928
[-3.20549092e+00 -1.07594450e-01  1.48014963e-01  1.02883931e+01
  3.41662998e+02] 10.290020253692976
[-3.23341508e+00  2.32359929e-02 -6.64902836e-02  1.04735185e+01
  3.44299216e+02] 10.473755341085493
[-3.18514386e+00  7.36502031e-03 -2.22447756e-02  1.07181542e+01
  3.44671449e+02] 10.7181797743045
[-3.20308022e+00  1.44605475e-02  8.94848675e-02  1.06960029e+01
  3.43820233e+02] 10.69638698966407
[-3.18586056e+00 -1.65629678e-01 -1.33673619e-02  1.02744668e+01
  3.39939248e+02] 10.275810446613262
[-3.20001534e+00  1.18030872e-02  2.11448900e-01  1.05002875e+01
  3.42431645e+02] 10.5024229311887
[-3.22518958e+00 -7.32483432e-02 -2.49210648e-02  1.04114878e+01
  3.41727998e+02] 10.411775275497174
[-3.21823956e+00 -2.22916989e-01 -2.32642466e-01  1.05607171e+01
  3.43172695e+02] 10.565631048992838
[-3.21435956e+00  1.36006775e-01  2.26734741e-01  1.06440585e+01
  3.44344592e+02] 10.647341815439333
[-3.31824222e+00  2.25942000e-01  9.98318851e-02  1.05488590e+01
  3.40149380e+02] 10.551750675302229
[-3.18104713e+00  5.89564902e-02 -1.94325204e-01  1.04680986e+01
  3.42469782e+02] 10.470068137398512
[-3.19958857e+00  1.97332030e-01 -1.09277724e-01  1.03204547e+01
  3.40516607e+02] 10.32291945975728
[-3.24201607e+00 -1.41532120e-01  7.90390387e-02  1.04038415e+01
  3.41767791e+02] 10.405104337271263
[-3.22052129e+00  1.09200716e-01  2.67395056e-01  1.04356887e+01
  3.39846888e+02] 10.439684993850575
[-3.26292796e+00  3.20330431e-01  1.31847098e-01  1.04186139e+01
  3.41365459e+02] 10.424370986939174
[-3.22698021e+00 -7.81322520e-02  1.19148897e-03  1.03901409e+01
  3.42188892e+02] 10.390434744993016
[-3.19534649e+00  7.67045857e-02 -2.83290093e-01  1.06546519e+01
  3.44442093e+02] 10.658693364495823
[-3.21313403e+00  1.25082691e-02  8.11006262e-03  1.03223781e+01
  3.40421566e+02] 10.322388889371231
[-3.22809596e+00  6.90731749e-02  7.32305926e-02  1.06061986e+01
  3.41842992e+02] 10.606676352770997
[-3.27176962e+00  1.76488708e-01  9.96379276e-02  1.03276635e+01
  3.42513405e+02] 10.329651977219685
[-3.22872845e+00 -2.77708580e-01 -1.99524974e-02  1.05212466e+01
  3.40479184e+02] 10.524929937490876
[-3.21055805e+00 -2.28279184e-02 -1.42993103e-01  1.03099775e+01
  3.41479269e+02] 10.310994343826154
[-3.20669063e+00  3.37124005e-02 -4.62028256e-02  1.05901099e+01
  3.42641624e+02] 10.590264306036499
[-3.20759378e+00  2.01928646e-02 -2.18193819e-01  1.05778235e+01
  3.43488002e+02] 10.580092928205659
[-3.21060586e+00  7.64473980e-02  6.51137650e-02  1.03113301e+01
  3.40271815e+02] 10.311819094126474
[-3.29754907e+00 -1.26449339e-01 -2.47689180e-02  1.04498896e+01
  3.42032173e+02] 10.450684009002753
[-3.21920079e+00 -6.12457012e-02 -1.78927539e-01  1.04211339e+01
  3.41453171e+02] 10.422849754645473
[-3.12912520e+00  2.83757800e-02  1.84059265e-01  1.03962694e+01
  3.40763494e+02] 10.39793727373358
[-3.13259449e+00  1.33617309e-01 -6.21496207e-02  1.03200381e+01
  3.41595467e+02] 10.321090178131719
[-3.20449661e+00 -1.75045673e-01 -4.55701593e-02  1.03844911e+01
  3.40847578e+02] 10.386066285775744
[-3.24143188e+00  3.11737539e-03 -2.80898600e-01  1.05071654e+01
  3.43731098e+02] 10.510919978661153
[-3.22947352e+00  1.96374450e-01 -2.87422085e-03  1.05104978e+01
  3.42490699e+02] 10.512332548111894
[-3.20620096e+00  4.05948804e-02 -5.77252732e-02  1.07155396e+01
  3.44361530e+02] 10.715771995726536
[-3.27886544e+00 -4.01303719e-03  1.49406545e-01  1.05383589e+01
  3.43016660e+02] 10.539418696735424
[-3.22983489e+00 -8.47328616e-02 -2.07124108e-01  1.05370884e+01
  3.41706212e+02] 10.539464516523973
[-3.23248691e+00 -1.82265753e-01 -1.05108275e-01  1.01685000e+01
  3.41697877e+02] 10.170676557056831
[-3.21363073e+00  9.58294437e-03 -1.13839743e-03  1.06824369e+01
  3.44221190e+02] 10.682441261180074
[-3.13057618e+00  1.94965954e-01  2.68662543e-01  1.05332680e+01
  3.43957127e+02] 10.53849729741467
[-3.28647909e+00  3.97608617e-01  1.35644400e-01  1.04647228e+01
  3.42468052e+02] 10.473152150951508
[-3.22011762e+00  1.31500283e-01 -3.20500440e-02  1.04782903e+01
  3.42022025e+02] 10.479164429398617
[-3.10135491e+00  2.30582940e-01 -1.47268748e-01  1.03545087e+01
  3.42931739e+02] 10.358122712182155
[-3.22741164e+00  1.54652355e-01 -3.37257710e-01  1.03892032e+01
  3.41806354e+02] 10.395826216917364
[-3.18346191e+00  4.86591732e-02  1.50153281e-01  1.03506152e+01
  3.39683588e+02] 10.351818618198413
[-3.22218580e+00  1.05809389e-01  1.59008835e-01  1.04599357e+01
  3.41726489e+02] 10.461679365385848
[-3.18102577e+00 -2.40039274e-02  6.86609438e-02  1.05553046e+01
  3.44576921e+02] 10.55555519731446
[-3.24738072e+00 -7.61851748e-02 -1.68895921e-01  1.03137827e+01
  3.41056363e+02] 10.315446816766267
[-3.21852724e+00 -7.11379464e-02 -1.53239396e-02  1.02592173e+01
  3.41480906e+02] 10.259475362910242
[-3.12413466e+00 -1.31975019e-01  1.03466770e-01  1.03119103e+01
  3.42326256e+02] 10.313273825573853
[-3.24721344e+00 -1.05218473e-01 -1.56848303e-01  1.04482417e+01
  3.43037370e+02] 10.449948701823613
[-3.14320239e+00  1.54267548e-01 -6.22381148e-02  1.02518608e+01
  3.43523229e+02] 10.2532103424566
[-3.30770526e+00 -2.34230893e-01 -3.24388787e-01  1.06493812e+01
  3.42665461e+02] 10.656895036634534
[-3.17605099e+00 -2.48622892e-01 -1.88593199e-01  1.04641635e+01
  3.41949384e+02] 10.468815537161698
[-3.20790112e+00  6.44019925e-02 -3.64062886e-01  1.05994363e+01
  3.42822632e+02] 10.605882324487071
[-3.21301858e+00 -1.14962594e-01 -1.70937059e-01  1.04949360e+01
  3.41520285e+02] 10.496957529135548
[-3.15104276e+00  1.49289175e-01  3.18300287e-02  1.04145843e+01
  3.42537554e+02] 10.41570283567511
[-3.15906628e+00  2.53830114e-02  1.05061874e-02  1.06887099e+01
  3.43855849e+02] 10.688745232783205
[-3.14490720e+00  8.53270337e-03 -3.74915210e-01  1.02270353e+01
  3.39873660e+02] 10.233908595905154
[-3.21519077e+00  1.80604721e-01 -1.16130522e-01  1.03466672e+01
  3.41635132e+02] 10.34889491790706
[-3.26352441e+00  1.86311896e-02  1.00033708e-01  1.02698331e+01
  3.39137425e+02] 10.270337163092577
[-3.24302940e+00 -1.82536763e-02 -7.89769852e-02  1.02594124e+01
  3.39542347e+02] 10.25973264111385
[-3.25892556e+00  2.00423053e-01 -1.97310482e-02  1.04861507e+01
  3.44325147e+02] 10.488084463585949
[-3.20716059e+00  1.13751328e-01  3.21887181e-02  1.05516977e+01
  3.42979342e+02] 10.552359911186278
[-3.22031118e+00 -2.72005074e-01  2.73384116e-01  1.05411102e+01
  3.41982601e+02] 10.548162427998788
[-3.19772985e+00  1.37556271e-01 -1.47291701e-01  1.02537235e+01
  3.39831955e+02] 10.255703908032713
[-3.25341849e+00 -1.20064530e-01 -5.51260472e-02  1.07615605e+01
  3.44106265e+02] 10.762371470858753
[-3.14383659e+00  2.51331733e-02 -1.27762143e-02  1.01181643e+01
  3.40795277e+02] 10.118203591236465
[-3.24796197e+00 -1.04511160e-01  1.77118382e-01  1.01845646e+01
  3.41350128e+02] 10.186640708949765
[-3.24199047e+00  1.72560725e-01 -1.15306128e-01  1.01990601e+01
  3.41059189e+02] 10.201171523500985
[-3.14951891e+00  7.09581009e-02  8.25356608e-02  1.04579735e+01
  3.42299057e+02] 10.458539940278577
[-3.20571573e+00 -5.08027314e-02  8.26391778e-03  1.05334669e+01
  3.41920047e+02] 10.533592620795888
[-3.17924931e+00 -1.98355203e-01 -2.32201030e-02  1.05729197e+01
  3.44096711e+02] 10.574805695019213
[-3.15607111e+00 -1.35872174e-01 -2.13590607e-01  1.03742150e+01
  3.40206791e+02] 10.377303023748775
[-3.19407742e+00  2.24608760e-01  8.38175402e-02  1.03141679e+01
  3.41275281e+02] 10.316953683286608
[-3.19717931e+00 -2.04006623e-02 -9.55846097e-02  1.03564169e+01
  3.40345881e+02] 10.356878131821219
[-3.18516421e+00  2.73487389e-04 -1.17373478e-01  1.06095470e+01
  3.43328984e+02] 10.61019619795626
[-3.16586581e+00 -6.21735451e-02 -1.87271607e-01  1.03557862e+01
  3.43597955e+02] 10.357665960280222
[-3.23042846e+00 -2.62318049e-02 -3.74495204e-01  1.02936960e+01
  3.42087531e+02] 10.300539455996509
[-3.19854159e+00  1.42534833e-02  1.66702451e-01  1.03730958e+01
  3.39654042e+02] 10.374444985324809
[-3.23216203e+00 -7.95972063e-02 -8.57594370e-02  1.05697458e+01
  3.43141105e+02] 10.570393381066225
[-3.26995780e+00 -3.84928475e-02  2.16266571e-02  1.06572617e+01
  3.44810442e+02] 10.657353168757425
[-3.28670191e+00 -5.89525116e-02  8.68057338e-02  1.03098809e+01
  3.40649069e+02] 10.310414842059496
[-3.22748872e+00  1.18115624e-01 -2.95487971e-01  1.05489646e+01
  3.43570513e+02] 10.55376328495171
[-3.20758177e+00  1.91033787e-01 -5.32565810e-02  1.02492760e+01
  3.39665839e+02] 10.251194532129693
[-3.16859771e+00  2.07141187e-01 -1.83653828e-01  1.03469439e+01
  3.42078935e+02] 10.350646541509173
[-3.19879154e+00  1.45300365e-01  6.28633368e-02  1.07474255e+01
  3.45789490e+02] 10.748591523875874
[-3.24468786e+00  9.26553280e-02 -1.85699845e-02  1.06220624e+01
  3.40729662e+02] 10.622482782613282
[-3.26309022e+00  1.21959894e-01  2.15866057e-02  1.04493954e+01
  3.41768028e+02] 10.450129363173792
[-3.20873553e+00  2.07726252e-01 -4.31006759e-02  1.01981985e+01
  3.41008447e+02] 10.200404913027388
[-3.18402305e+00  1.59563012e-01  1.36706532e-01  1.02715140e+01
  3.41461861e+02] 10.273662917209549
[-3.23857459e+00 -4.03301758e-01  1.34572357e-01  1.05100701e+01
  3.42336544e+02] 10.518666064975971
[-3.18662965e+00  7.63490191e-02 -1.85137589e-02  1.06075923e+01
  3.45074147e+02] 10.607883256492347
[-3.21990008e+00 -1.31572869e-02 -3.33487381e-02  1.04320028e+01
  3.41408954e+02] 10.432064426170385
[-3.25701477e+00 -1.68493108e-01 -1.59185768e-01  1.03912507e+01
  3.40955177e+02] 10.393835707010103
[-3.30749355e+00 -5.77297009e-02 -1.64575383e-01  1.07261818e+01
  3.44806481e+02] 10.727599583049606
[-3.31826003e+00  2.39357806e-01 -1.27756318e-01  1.04993170e+01
  3.43372201e+02] 10.502822105219606
[-3.17354716e+00 -8.14034878e-02 -4.48579163e-03  1.03089040e+01
  3.40905953e+02] 10.309226324314615
[-3.24985763e+00 -3.75860021e-01  7.27055614e-03  1.03634011e+01
  3.39883490e+02] 10.370217254609786
[-3.21330865e+00 -1.21189462e-01 -1.59350201e-01  1.04990972e+01
  3.42203886e+02] 10.50100568556944
[-3.19091542e+00  1.62405110e-01  1.09412039e-01  1.03388619e+01
  3.42057156e+02] 10.340716205762082
[-3.26077619e+00  2.37659927e-01 -2.22594696e-01  1.04376827e+01
  3.42002224e+02] 10.442760672893998
[-3.19839905e+00  1.65602843e-01  1.04420086e-01  1.06977629e+01
  3.43442224e+02] 10.699554139742622
[-3.10971209e+00 -2.26044264e-01 -3.09876063e-02  1.03646705e+01
  3.42729906e+02] 10.36718143190257
[-3.17150386e+00  2.71977524e-01  5.79858984e-02  1.03003044e+01
  3.41128316e+02] 10.304057656514738
[-3.21300255e+00 -2.17717368e-02 -6.89030810e-02  1.04966586e+01
  3.42631415e+02] 10.496907319206828
[-3.12786045e+00  8.46212344e-02 -1.26483504e-01  1.03600207e+01
  3.42335067e+02] 10.361138352816615
[-3.34536846e+00 -1.39176566e-01  1.27575370e-01  1.06347085e+01
  3.43597369e+02] 10.636384276016658
[-3.20259174e+00 -1.94434922e-01 -7.68071646e-02  1.04902493e+01
  3.43167216e+02] 10.49233214159479
[-3.22253047e+00  1.72477651e-01  1.94166349e-01  1.02407393e+01
  3.40733557e+02] 10.244031978033819
[-3.15618619e+00  4.04835306e-02  7.58321305e-02  1.07343376e+01
  3.46529593e+02] 10.73468183778953
[-3.24158477e+00  1.29453804e-01  1.08439856e-01  1.02398126e+01
  3.39103704e+02] 10.24120493939395
[-3.17443577e+00  1.87438344e-02 -6.00240973e-02  1.04475151e+01
  3.42443685e+02] 10.447704373946832
[-3.19577755e+00  2.71104188e-03  8.04421472e-02  1.07734486e+01
  3.45539749e+02] 10.773749248131514
[-3.23353491e+00  1.45433698e-01 -1.83928372e-01  1.03156400e+01
  3.40341830e+02] 10.318304551208742
[-3.11994315e+00  2.61356655e-01  1.32247890e-01  1.05163035e+01
  3.44740760e+02] 10.520381930102268
[-3.18722517e+00  1.54615572e-01  1.27821125e-01  1.03985132e+01
  3.43361854e+02] 10.40044812713024
[-3.26555343e+00  1.88569870e-01 -1.19143242e-01  1.02705936e+01
  3.40105353e+02] 10.273015474858868
[-3.21250397e+00  4.41660263e-02  1.36814255e-01  1.04671606e+01
  3.42930590e+02] 10.468147900725652
[-3.23433890e+00 -8.11734343e-02 -3.74419142e-02  1.05532791e+01
  3.43400542e+02] 10.553657728299191
[-3.25602557e+00  1.01589379e-01  1.31275474e-01  1.05180200e+01
  3.41720215e+02] 10.519329715263808
[-3.24953230e+00  2.55348814e-01 -1.68962039e-01  1.04757179e+01
  3.41598348e+02] 10.48019165827917
[-3.18763669e+00  1.48232130e-01  1.99896080e-01  1.05535210e+01
  3.42175921e+02] 10.55645472963004
[-3.27379842e+00  1.22874453e-01 -2.21475218e-01  1.04932369e+01
  3.41436015e+02] 10.496293201374716
[-3.26069290e+00  1.55675946e-03 -2.62101786e-01  1.02998829e+01
  3.38729462e+02] 10.303217300002787
[-3.11179719e+00  1.67436422e-01  1.33286886e-01  1.04715441e+01
  3.42926457e+02] 10.473730800885694
[-3.14410738e+00 -3.06073684e-01  4.65698047e-03  1.02189974e+01
  3.41891189e+02] 10.223581086110537
[-3.28140603e+00 -1.71087890e-01  4.15461813e-01  1.04682292e+01
  3.41719838e+02] 10.477867203980885
[-3.23339924e+00 -1.06817092e-01  1.52339192e-01  1.06076695e+01
  3.41448653e+02] 10.609301123850791
[-3.23538356e+00 -1.82401449e-01 -1.35352763e-01  1.02944043e+01
  3.40624050e+02] 10.296909721995695
[-3.20112424e+00  8.68802764e-02  6.33057776e-03  1.02988924e+01
  3.40470340e+02] 10.299260769801
[-3.18656222e+00 -1.00944380e-01 -6.33474831e-02  1.05848610e+01
  3.42205490e+02] 10.585531914836386
[-3.27108255e+00  1.94844500e-01  5.19101156e-02  1.04121663e+01
  3.40092946e+02] 10.4141186132214
[-3.20822962e+00  1.22024510e-01  7.81986900e-02  1.07202286e+01
  3.44566887e+02] 10.721208270746809
[-3.17760964e+00 -3.81703604e-02 -2.93181366e-02  1.06174043e+01
  3.45504037e+02] 10.617513401953142
[-3.20854871e+00  2.21771808e-01  2.24896518e-02  1.02610058e+01
  3.39315412e+02] 10.263426764962464
[-3.14177948e+00 -9.43513865e-02  2.59157437e-01  1.04360919e+01
  3.43788134e+02] 10.439735553218995
[-3.20476848e+00 -1.83104794e-01  2.15258207e-01  1.04732534e+01
  3.41699661e+02] 10.47706540697537
[-3.27574158e+00 -3.62556182e-02  1.79337002e-01  1.02856171e+01
  3.39897158e+02] 10.287244253804706
[-3.26768434e+00  1.95284684e-01  3.24295641e-01  1.06200636e+01
  3.43403332e+02] 10.62680833598212
[-3.24352349e+00 -9.09811559e-02  1.36393064e-01  1.02872986e+01
  3.40376179e+02] 10.288605035530328
[-3.29443784e+00 -1.28517052e-01  1.11102789e-01  1.04806072e+01
  3.41821870e+02] 10.481984008180966
[-3.25946906e+00  7.00756448e-02 -4.06317788e-01  1.04868666e+01
  3.41971398e+02] 10.494969076005907
[-3.15700344e+00 -9.93473935e-02 -2.21330286e-01  1.06796770e+01
  3.43437512e+02] 10.682432198729598
[-3.25454507e+00 -1.92219448e-01 -2.39458990e-01  1.03344227e+01
  3.39982228e+02] 10.33898359421325
[-3.22200816e+00 -8.85894305e-02  4.65053617e-02  1.06149724e+01
  3.43384759e+02] 10.615443977197376
[-3.19833495e+00 -7.64255262e-02 -3.24906319e-02  1.03931298e+01
  3.40890366e+02] 10.393461529007212
[-3.26272934e+00 -3.48465551e-01 -1.03822941e-01  1.05314238e+01
  3.42311741e+02] 10.537698727200652
[-3.24555885e+00 -1.64933105e-01  5.27979503e-02  1.03586274e+01
  3.40519224e+02] 10.360074880017317
[-3.27073692e+00 -2.53599867e-01 -5.67204701e-02  1.04532447e+01
  3.41030798e+02] 10.456474306658496
[-3.18172831e+00  3.42069210e-02 -2.45836397e-01  1.05189370e+01
  3.42187902e+02] 10.521864946964083
[-3.16202116e+00 -1.72843775e-01 -1.94290429e-01  1.03469365e+01
  3.40574998e+02] 10.350203785990727
[-3.18689052e+00 -1.85809064e-01 -2.74579237e-02  1.06096071e+01
  3.43112129e+02] 10.611269530502495
[-3.19257016e+00  2.55924639e-02 -2.67536969e-01  1.05098817e+01
  3.43616510e+02] 10.513317454870103
[-3.23079998e+00 -2.54165274e-02 -9.78202424e-02  1.03721880e+01
  3.40589544e+02] 10.37268037466302
[-3.18970196e+00 -1.02346734e-02  4.10638909e-01  1.05322936e+01
  3.42372987e+02] 10.540300681088627
[-3.14104105e+00  1.05204167e-01 -1.41207280e-01  1.02445305e+01
  3.40315547e+02] 10.246043754412199
[-3.20085763e+00  4.71149436e-02 -5.95231732e-01  1.04521468e+01
  3.43002998e+02] 10.469187838153537
[-3.19523285e+00  6.49468001e-02  3.54666359e-01  1.03686737e+01
  3.40202161e+02] 10.374941002626258
[-3.32807574e+00  3.68595662e-01  8.21879838e-02  1.04518391e+01
  3.40931167e+02] 10.458659531569394
[-3.21332385e+00  1.40032264e-01  1.41506013e-01  1.02130824e+01
  3.40033439e+02] 10.215022566992454
[-3.17751252e+00 -3.13487169e-02  4.87533004e-02  1.02118223e+01
  3.38362585e+02] 10.211986793092938
[-3.33480152e+00 -2.29322149e-01 -2.20750874e-02  1.06195981e+01
  3.43179354e+02] 10.622096737147016
[-3.15589194e+00 -7.18198571e-03  2.26607725e-01  1.03101526e+01
  3.42180331e+02] 10.312645127614825
[-3.19316469e+00 -1.06391195e-02  3.72440427e-01  1.06014434e+01
  3.42061148e+02] 10.607988843753464
[-3.18257089e+00  2.67870335e-01 -1.71914821e-01  1.03779639e+01
  3.40543178e+02] 10.382843779809974
[-3.24777085e+00  2.02863801e-02  2.08695723e-01  1.04094249e+01
  3.41905491e+02] 10.411536467375981
[-3.17290652e+00  2.28986657e-01  4.35741147e-02  1.05312143e+01
  3.44037815e+02] 10.533793651249617
[-3.20265664e+00  1.47601637e-01  1.61494895e-01  1.06661117e+01
  3.42180752e+02] 10.668355317290644
[-3.18679880e+00  1.74068375e-01 -1.13645854e-01  1.03285373e+01
  3.42039062e+02] 10.330629126934713
[-3.18694649e+00 -1.23072734e-01  7.45174306e-02  1.04821156e+01
  3.42911844e+02] 10.483102893881442
[-3.14822634e+00  4.71783866e-03  1.58170326e-01  1.05437192e+01
  3.41846739e+02] 10.544906546016378
[-3.13477443e+00  2.38655532e-01  1.18213810e-01  1.05090634e+01
  3.43121803e+02] 10.512437574900005
[-3.19792998e+00 -6.25585389e-02  2.57224945e-01  1.03630353e+01
  3.41434315e+02] 10.36641589656833
[-3.20597600e+00  6.31049718e-02  8.10757771e-03  1.03614640e+01
  3.41234407e+02] 10.361659382254516
[-3.20233147e+00 -2.97768440e-01 -9.86325405e-02  1.03535133e+01
  3.41735027e+02] 10.358263989092338
[-3.21714408e+00 -1.11953075e-01  2.41311219e-01  1.06592747e+01
  3.44200132e+02] 10.662593594735103
[-3.17156594e+00  9.18142675e-02 -1.52013468e-02  1.02623465e+01
  3.40746860e+02] 10.26276851651105
[-3.24827680e+00  4.91530420e-02 -1.65356702e-01  1.03483047e+01
  3.38122963e+02] 10.349742417522494
[-3.22426211e+00  2.19343122e-01 -3.17690611e-03  1.02860724e+01
  3.40712385e+02] 10.288411308902374
[-3.27932917e+00  6.08838915e-02 -1.99307896e-01  1.02609258e+01
  3.39235406e+02] 10.263041921054198
[-3.22171077e+00 -6.60505603e-02 -1.47911392e-01  1.01218910e+01
  3.38243130e+02] 10.123187132729194
[-3.21570966e+00 -5.58131287e-02  2.72931419e-02  1.03554263e+01
  3.40753761e+02] 10.355612655486008
[-3.22031415e+00  4.86788840e-02 -6.49462304e-02  1.03707750e+01
  3.41586061e+02] 10.371092554302297
[-3.15946415e+00 -1.24265557e-02 -2.73471735e-02  1.04632800e+01
  3.42551689e+02] 10.46332313196128
[-3.27369358e+00 -1.17623758e-01  9.55696856e-02  1.06585849e+01
  3.44093793e+02] 10.659662371799687
[-3.16941777e+00 -5.00064975e-02 -8.82270195e-02  1.05088004e+01
  3.43475898e+02] 10.509289733587957
[-3.18179253e+00  2.44429012e-01  2.35240054e-02  1.04555045e+01
  3.42454078e+02] 10.4583876695268
[-3.27453873e+00  1.43818459e-01  2.12045896e-01  1.03621491e+01
  3.42765552e+02] 10.36531627450672
[-3.21036926e+00 -5.97171389e-02 -2.59651374e-01  1.04811123e+01
  3.41965266e+02] 10.484498068051291
[-3.20040161e+00  1.66030865e-01 -5.15752654e-02  1.02017584e+01
  3.41119707e+02] 10.203239704493727
[-3.21712812e+00  1.50403343e-02 -1.31639717e-01  1.03951170e+01
  3.40090589e+02] 10.395961387352266
[-3.27859731e+00  1.08764306e-01  1.43516911e-01  1.06053151e+01
  3.40109516e+02] 10.606843747667767
[-3.18514458e+00  1.54737336e-01 -1.46797530e-01  1.06076847e+01
  3.41162831e+02] 10.609828804984035
[-3.17132868e+00  2.27182775e-01  1.66700859e-02  1.04048554e+01
  3.42872408e+02] 10.407348619987065
[-3.26260315e+00 -6.60606823e-02  2.81543859e-01  1.06019967e+01
  3.42635067e+02] 10.605940045113694
[-3.18189392e+00  1.55826510e-01  1.99158226e-01  1.05637110e+01
  3.42267168e+02] 10.56673726800989
[-3.20307852e+00 -4.13080155e-02 -3.72193624e-02  1.06740334e+01
  3.42421947e+02] 10.674178190466383
[-3.23392607e+00  1.62454182e-01  2.62917073e-02  1.04568960e+01
  3.40310120e+02] 10.458190849815454
[-3.19721603e+00 -1.59480459e-01 -5.15096171e-02  1.03993658e+01
  3.42602472e+02] 10.400716115259172
[-3.18253241e+00 -1.96730809e-01 -1.55576795e-02  1.04663298e+01
  3.40582029e+02] 10.468190158799898
[-3.24546204e+00  1.10859270e-02 -3.35274110e-02  1.06097635e+01
  3.44615907e+02] 10.609822275160273
[-3.20846579e+00 -1.38460342e-01 -9.26686595e-03  1.05467762e+01
  3.43037496e+02] 10.547689113850694
[-3.19822955e+00 -4.51602796e-02  2.90708720e-02  1.04353826e+01
  3.42043682e+02] 10.435520854133708
[-3.23965704e+00  1.64121179e-02  1.09990003e-03  1.03745990e+01
  3.39647186e+02] 10.374611992912962
[-3.17088388e+00 -4.92878978e-04  2.60440930e-01  1.03560567e+01
  3.41468639e+02] 10.359331034436142
[-3.26024618e+00  1.72566018e-01 -1.40492741e-01  1.03642616e+01
  3.39009034e+02] 10.3666502168096
[-3.24025924e+00  1.13038742e-01 -1.53044855e-01  1.05168632e+01
  3.41278660e+02] 10.518584125014556
[-3.13096868e+00 -1.06797093e-02 -1.35834568e-01  1.01376875e+01
  3.41140294e+02] 10.138603148976898
[-3.17570727e+00  9.22564587e-02 -1.49417845e-01  1.05909655e+01
  3.42704968e+02] 10.592421253274809
[-3.20653411e+00 -1.18753073e-01 -2.59707467e-01  1.06506061e+01
  3.41306781e+02] 10.654433856817912
[-3.15770664e+00  1.32852288e-01  2.19602887e-01  1.02704289e+01
  3.41281635e+02] 10.273635447234161
[-3.18294270e+00  8.70620675e-02 -7.03188958e-02  1.06661905e+01
  3.43999173e+02] 10.666777620855944
[-3.18812616e+00 -3.18710984e-01 -1.94069553e-01  1.04053347e+01
  3.40862120e+02] 10.412023365909679
[-3.21750985e+00 -2.56249369e-02 -7.72599261e-02  1.04670191e+01
  3.42354478e+02] 10.467335585968206
[-3.26331878e+00  2.23787648e-01 -2.79867809e-02  1.06365008e+01
  3.44613012e+02] 10.638891592580203
[-3.17118122e+00 -1.17589980e-01 -8.71568730e-02  1.01517213e+01
  3.39478719e+02] 10.152776432958209
[-3.22898593e+00 -1.53101163e-01 -3.19618202e-02  1.05497913e+01
  3.41180341e+02] 10.550950524265653
[-3.19340906e+00 -3.49650532e-03 -5.59962538e-02  1.05025072e+01
  3.42723283e+02] 10.502657051273454
[-3.13512908e+00  4.62051397e-02 -2.19025782e-01  1.04124017e+01
  3.42153839e+02] 10.414807584572848
[-3.23061907e+00  7.74325661e-02  1.48181655e-01  1.07065892e+01
  3.44699604e+02] 10.707894584901076
[-3.08823473e+00 -1.28928705e-01 -1.89577625e-01  1.02845575e+01
  3.41185487e+02] 10.287112585740989
[-3.27941296e+00  3.28719381e-02 -1.08380380e-01  1.06169934e+01
  3.44509405e+02] 10.617597432122837
[-3.18764351e+00 -1.03925307e-01  2.06830829e-01  1.02961102e+01
  3.42037400e+02] 10.298711835557281
[-3.13587836e+00 -1.28810906e-01  4.02530059e-02  1.06488954e+01
  3.46256909e+02] 10.649750454516578
[-3.15617999e+00 -2.08998785e-01 -9.78065668e-02  1.03973342e+01
  3.43490245e+02] 10.399894508678255
[-3.19465460e+00 -3.46395284e-02 -3.65923611e-02  1.06276310e+01
  3.43777628e+02] 10.627750411876645
[-3.12250630e+00  4.20493235e-02 -1.90359087e-01  1.01700308e+01
  3.38974713e+02] 10.171899067472062
[-3.29097896e+00  1.11511781e-01  3.41787595e-02  1.07235338e+01
  3.41810134e+02] 10.7241680846039
[-3.20575766e+00  2.26499664e-01  1.51643144e-01  1.06405503e+01
  3.43305835e+02] 10.644040958481614
[-3.21316471e+00 -1.97567359e-01 -6.13470822e-01  1.04122481e+01
  3.40778097e+02] 10.432175730700207
[-3.24959532e+00 -1.65672295e-01 -3.12981647e-02  1.05484745e+01
  3.42608845e+02] 10.549821903003657
[-3.15537169e+00 -1.14649234e-01  3.04133529e-01  1.03631835e+01
  3.40504808e+02] 10.368279243435294
[-3.23877144e+00 -3.25825517e-02 -1.50425094e-01  1.04301086e+01
  3.40743657e+02] 10.431244135701531
[-3.20285550e+00 -1.85734974e-01 -1.67401311e-01  1.06683114e+01
  3.43242119e+02] 10.67124115844362
[-3.21137689e+00  1.33842908e-01  4.68274795e-02  1.05629126e+01
  3.45044068e+02] 10.563864346893132
[-3.24606750e+00  6.16805924e-02  1.10831875e-01  1.02070583e+01
  3.37668935e+02] 10.207846335859285
[-3.23165038e+00 -1.08029263e-03  2.63993839e-01  1.04925716e+01
  3.42841268e+02] 10.495892157437355
[-3.18498062e+00  1.64172946e-01  6.59811405e-02  1.03061600e+01
  3.41188856e+02] 10.307678751444492
[-3.16353027e+00 -5.47626601e-02  9.59153713e-02  1.01600870e+01
  3.40382876e+02] 10.160687317087318
[-3.19878415e+00 -1.71086402e-01  2.52389952e-01  1.08316940e+01
  3.45122304e+02] 10.835984777012426
[-3.29059499e+00 -1.14926126e-01 -2.34532409e-01  1.03332239e+01
  3.41738608e+02] 10.336524059630207
[-3.25453564e+00 -3.01297088e-01  1.66992880e-01  1.02871369e+01
  3.37933828e+02] 10.292902968898801
[-3.23333484e+00 -2.25470475e-01 -2.09950003e-01  1.06716884e+01
  3.42234799e+02] 10.676134554493409
[-3.14885271e+00 -7.19324718e-03  1.00272328e-01  1.03871973e+01
  3.42091446e+02] 10.387683800409826
[-3.17313879e+00 -6.07943457e-02  1.02925662e-01  1.03878226e+01
  3.41967838e+02] 10.388510355126932
[-3.22140558e+00 -1.31071713e-02 -3.03459176e-01  1.03137058e+01
  3.40548992e+02] 10.318177534002086
[-3.13829507e+00  1.73489321e-02  1.05044177e-01  1.03942832e+01
  3.40511399e+02] 10.394828481757408
[-3.28876487e+00  1.08395625e-01 -4.29782134e-03  1.05027942e+01
  3.42513364e+02] 10.50335440169932
[-3.18088349e+00 -1.18155163e-01  3.44064981e-02  1.04671899e+01
  3.43622406e+02] 10.467913307134655
[-3.15272842e+00 -7.55906739e-03  1.97743289e-01  1.04359636e+01
  3.43387438e+02] 10.437839649146614
[-3.19769558e+00  3.86280107e-01  6.97586779e-02  1.04209915e+01
  3.42292990e+02] 10.42838162521553
[-3.15755347e+00 -3.30726475e-02 -1.85042358e-01  1.04574039e+01
  3.40698922e+02] 10.459093174112184
[-3.17212533e+00 -1.67897969e-01  2.30138590e-01  1.03925355e+01
  3.44176213e+02] 10.396439216019813
[-3.21430481e+00  2.32807045e-01  1.12195106e-01  1.04665320e+01
  3.41577473e+02] 10.469722023150041
[-3.22390384e+00  9.59198017e-02  6.37271827e-02  1.04834799e+01
  3.43646523e+02] 10.484112420759988
[-3.18380115e+00  1.31982549e-01 -4.74068961e-03  1.06558625e+01
  3.44801550e+02] 10.656680880457339
[-3.17221890e+00 -1.85146622e-01 -2.55129166e-01  1.03718022e+01
  3.43196151e+02] 10.376591484512646
[-3.24540470e+00  3.02851102e-03 -6.60968012e-02  1.03352502e+01
  3.41741356e+02] 10.335461964683137
[-3.28430021e+00 -8.75326956e-02  2.61986114e-01  1.03701949e+01
  3.38838505e+02] 10.373872980719916
[-3.19759771e+00  2.24800282e-01  1.78316121e-01  1.02931643e+01
  3.39894815e+02] 10.297162839469229
[-3.27338211e+00  7.51861808e-02  1.42674419e-01  1.03492615e+01
  3.38742856e+02] 10.350517978513077
[-3.18441073e+00 -4.25172607e-02  3.11381694e-01  1.05096398e+01
  3.43661424e+02] 10.514337575358303
[-3.26764237e+00 -1.35749690e-01  9.81799194e-02  1.06014397e+01
  3.43189152e+02] 10.602763391511566
[-3.17955932e+00  1.25428436e-01  1.08048607e-01  1.04067112e+01
  3.41699401e+02] 10.408027872355477
[-3.20922924e+00 -1.57893061e-01 -1.62058337e-02  1.05346970e+01
  3.42960482e+02] 10.5358926082919
[-3.23146439e+00 -4.95484327e-02  2.05750464e-01  1.04014004e+01
  3.40901758e+02] 10.403553206198326
[-3.20500226e+00 -7.90643089e-02 -3.89275491e-02  1.01526710e+01
  3.39008737e+02] 10.153053485234189
[-3.20565196e+00 -3.43191945e-02 -1.73715867e-01  1.03777500e+01
  3.41159618e+02] 10.379260559184946
[-3.22044740e+00  2.94892632e-01  2.92804109e-02  1.05683724e+01
  3.42620988e+02] 10.572526427493159
[-3.22650470e+00 -1.86941537e-01 -8.39242546e-02  1.06734326e+01
  3.43862048e+02] 10.675399493475773
[-3.21024958e+00 -3.75284724e-02  7.35968138e-02  1.05710529e+01
  3.44439440e+02] 10.571375666633404
[-3.25978201e+00  3.17881392e-02  6.87269329e-02  1.06382151e+01
  3.43267710e+02] 10.63848455068221
[-3.19871076e+00  2.03777711e-01 -9.06621451e-02  1.07670031e+01
  3.44775850e+02] 10.76931295345224
[-3.16712077e+00  1.76152367e-01  1.34173779e-01  1.05189628e+01
  3.40973925e+02] 10.521293179745026
[-3.21506784e+00  1.84795074e-02  2.15785016e-01  1.06551738e+01
  3.43882892e+02] 10.657374600714437
[-3.18468718e+00 -2.07254947e-01  2.11021458e-01  1.04273744e+01
  3.41265488e+02] 10.431568482337166
[-3.16842615e+00 -5.80169835e-03  2.41940770e-01  1.03247816e+01
  3.41541150e+02] 10.327617538105958
[-3.23887502e+00  3.64275811e-01 -1.40483162e-01  1.05381876e+01
  3.42105491e+02] 10.545417489153554
[-3.19618261e+00  3.37287817e-02  4.74559097e-02  1.05390613e+01
  3.40141955e+02] 10.539222115808053
[-3.24766687e+00  1.46430731e-02 -1.91768147e-01  1.03401298e+01
  3.41723606e+02] 10.341918326943986
[-3.21399639e+00  6.21003021e-02  1.86509533e-01  1.05080871e+01
  3.40688289e+02] 10.509925660944765
[-3.20364613e+00  2.55584357e-01 -1.31140836e-01  1.04802344e+01
  3.40226286e+02] 10.48417067196257
[-3.20582485e+00  1.01494466e-01 -2.62988783e-01  1.04432976e+01
  3.40713207e+02] 10.44710142746
[-3.14716732e+00  1.82604890e-01 -8.68802625e-02  1.02404189e+01
  3.39113257e+02] 10.24241532126182
[-3.20844585e+00 -2.29038350e-01 -2.12139926e-01  1.05646425e+01
  3.42860428e+02] 10.569254170943395
[-3.25838429e+00  1.46313320e-01 -5.90420683e-02  1.02953949e+01
  3.40020847e+02] 10.296603828473572
[-3.21674842e+00  5.81646989e-02 -1.91488242e-01  1.08787608e+01
  3.44302112e+02] 10.880601381175627
[-3.20234779e+00  2.02786169e-02  1.17740760e-01  1.07298600e+01
  3.45539878e+02] 10.730525156871913
[-3.23849562e+00  8.04468059e-02  1.12299272e-01  1.02009447e+01
  3.40065648e+02] 10.20187995776741
[-3.21822609e+00  1.83225927e-01 -4.20875300e-01  1.06893615e+01
  3.41315533e+02] 10.6992129617691
[-3.16607097e+00  7.82342759e-02  1.74916943e-02  1.05074688e+01
  3.42598917e+02] 10.507774628574445
[-3.24564763e+00  1.23826066e-01  7.71551630e-02  1.03144271e+01
  3.38128121e+02] 10.315458891920155
[-3.14222518e+00  1.92579832e-03 -2.23130210e-01  1.06082336e+01
  3.43359793e+02] 10.61058012552054
[-3.21521158e+00 -4.92332998e-02 -7.81806341e-02  1.04151619e+01
  3.42388704e+02] 10.415571689489582
[-3.23059874e+00  1.63599933e-02  3.59746689e-01  1.04979939e+01
  3.42048340e+02] 10.504168800420933
[-3.19284872e+00  3.05108450e-01  1.47316099e-01  1.03600838e+01
  3.41127116e+02] 10.365622489991095
[-3.21447885e+00 -2.52919046e-01  2.29900803e-01  1.03118566e+01
  3.40613575e+02] 10.317519505116701
[-3.22915654e+00 -1.55796552e-01 -1.58349569e-01  1.06182785e+01
  3.42860065e+02] 10.620601936366723
[-3.20348087e+00  2.83312668e-01 -9.50448535e-04  1.07639033e+01
  3.45066026e+02] 10.767631145981193
[-3.17410331e+00 -1.51085237e-01 -2.25434982e-01  1.05885415e+01
  3.44978681e+02] 10.59201867227271
[-3.18288041e+00  1.77209014e-01  3.75372159e-02  1.03855933e+01
  3.41683376e+02] 10.387172882312612
[-3.21313875e+00 -1.68430422e-01 -1.37351792e-01  1.04305233e+01
  3.42753839e+02] 10.432787295808497
[-3.25888943e+00 -7.50920779e-02  4.73942895e-02  1.04875502e+01
  3.39477782e+02] 10.487926110465095
[-3.22734331e+00 -1.11885147e-01 -1.84114577e-01  1.04595399e+01
  3.43437537e+02] 10.46175853433848
[-3.27976255e+00  2.95750574e-02 -1.90963558e-01  1.04078400e+01
  3.40748447e+02] 10.409633720952039
[-3.20742740e+00  3.56877962e-01  1.68919489e-01  1.01760263e+01
  3.40595894e+02] 10.183683343366173
[-3.24398920e+00 -1.61298911e-01 -7.34712237e-03  1.06348227e+01
  3.42388472e+02] 10.636048392184648
[-3.25127045e+00 -1.12993208e-01  5.31761558e-02  1.05482698e+01
  3.43778783e+02] 10.549008982720682
[-3.14673936e+00  3.03117436e-04 -2.04738266e-01  1.03581652e+01
  3.40008264e+02] 10.360188459626226
[-3.17819638e+00  3.17539151e-01  2.70766362e-01  1.04668114e+01
  3.41549990e+02] 10.475127058933458
[-3.15768862e+00  2.65822451e-01 -1.92967980e-01  1.04764444e+01
  3.43962391e+02] 10.481592676764487
[-3.25224771e+00  1.19956241e-01 -3.11857888e-02  1.04692818e+01
  3.42406786e+02] 10.470015452131353
[-3.22242736e+00 -1.47619695e-01 -7.46803553e-02  1.03745849e+01
  3.41151558e+02] 10.375903870308422
[-3.18954031e+00 -1.97189143e-01  7.18036720e-02  1.06662067e+01
  3.42963678e+02] 10.668270932594304
[-3.21113852e+00  8.40094944e-02 -1.48967396e-01  1.04051146e+01
  3.40831247e+02] 10.40652005446338
[-3.25330320e+00 -1.53500312e-01  1.96711603e-01  1.03656185e+01
  3.38747414e+02] 10.368621147201429
[-3.25791165e+00 -9.43512227e-02  1.16456503e-01  1.05894257e+01
  3.43279521e+02] 10.590486332945119
[-3.17338326e+00  5.92347430e-02 -5.35473615e-02  1.03067895e+01
  3.42021491e+02] 10.307098835082517
[-3.24113299e+00 -1.50813592e-01  1.91011377e-01  1.02099602e+01
  3.38515981e+02] 10.212860392491963
[-3.21341381e+00 -7.47551949e-02  3.46385303e-01  1.03858278e+01
  3.41333500e+02] 10.391871326935352
[-3.17644399e+00 -1.60329996e-01 -2.82412725e-01  1.05111901e+01
  3.43792370e+02] 10.516205591231838
[-3.25168386e+00  1.66307596e-02 -7.91654689e-02  1.03705976e+01
  3.41787230e+02] 10.370913084726956
[-3.19574226e+00 -9.02762489e-03  1.19688688e-02  1.05768515e+01
  3.43137214e+02] 10.576862095096784
[-3.27373008e+00  2.29387629e-02 -2.00996260e-01  1.05640500e+01
  3.42143597e+02] 10.565986818891423
[-3.25574946e+00 -3.27829932e-02 -8.22260902e-02  1.04004008e+01
  3.39957901e+02] 10.4007774649304
[-3.22022770e+00 -3.43483057e-02  1.42711111e-01  1.03242655e+01
  3.41228011e+02] 10.3253089454757
[-3.16484234e+00  2.04019524e-01 -2.22695682e-01  1.02769241e+01
  3.41354407e+02] 10.281361080223215
[-3.23958433e+00 -2.97018241e-02  1.23112637e-01  1.02825200e+01
  3.40905537e+02] 10.283299923877097
[-3.17578151e+00 -7.48844223e-02  2.14379878e-01  1.05265531e+01
  3.43641707e+02] 10.529002143414447
[-3.17573518e+00  3.22838048e-01 -4.78162144e-02  1.02685916e+01
  3.41317435e+02] 10.273776489969967
[-3.23433354e+00  8.27995807e-02 -1.37390233e-01  1.03271964e+01
  3.42810016e+02] 10.32844212076374
[-3.22809413e+00 -3.02886107e-01  8.92133527e-02  1.05123267e+01
  3.41267878e+02] 10.517067597826768
[-3.19805890e+00  4.46954280e-02 -2.47369234e-01  1.05826914e+01
  3.43643499e+02] 10.585676502004588
[-3.23114520e+00  3.03454724e-01 -1.06287306e-01  1.06647814e+01
  3.44280655e+02] 10.669627161169135
[-3.17069811e+00  2.10969387e-01  9.50609498e-02  1.03333983e+01
  3.40151060e+02] 10.335988808663242
[-3.15183365e+00  6.22586644e-02 -1.42918662e-01  1.03420757e+01
  3.38795897e+02] 10.343250561841893
[-3.24164520e+00 -5.32879039e-02  6.57619306e-02  1.01739634e+01
  3.39394959e+02] 10.174315436041763
[-3.17768770e+00 -1.48396633e-01 -7.04375030e-02  1.06816071e+01
  3.45566387e+02] 10.682870107367979
[-3.17878044e+00  5.13244194e-02  3.72783261e-01  1.04123251e+01
  3.40016257e+02] 10.419122544735353
[-3.21260513e+00  2.68693397e-01  1.36737609e-01  1.05537508e+01
  3.43930795e+02] 10.558056085207403
[-3.17375980e+00 -2.85467438e-02  2.47132556e-01  1.05633781e+01
  3.42331482e+02] 10.566307152091742
[-3.13033610e+00 -2.84768167e-01 -1.33292404e-01  1.02871427e+01
  3.42402762e+02] 10.291946598516956
[-3.20830163e+00 -8.32267297e-02 -1.95034153e-02  1.04353244e+01
  3.40322028e+02] 10.435674469406143
[-3.22983738e+00  5.32912536e-02  6.91307530e-02  1.08331115e+01
  3.43619740e+02] 10.833463198008891
[-3.23431676e+00  2.92274511e-01  2.58802441e-01  1.03655666e+01
  3.39539874e+02] 10.372915391211064
[-3.18014206e+00 -1.06027061e-01 -1.04576010e-01  1.08221255e+01
  3.47421446e+02] 10.823150087429381
[-3.16553832e+00  2.97666934e-01  6.16179010e-02  1.05171909e+01
  3.45240938e+02] 10.52158292146243
[-3.19844930e+00  2.64552255e-02  1.22997704e-01  1.05900424e+01
  3.42493463e+02] 10.590789701944777
[-3.23224250e+00 -1.49609174e-01 -2.47035882e-01  1.02750305e+01
  3.40909418e+02] 10.279088554560081
[-3.28973196e+00  9.45215629e-03 -7.27745640e-03  1.06835854e+01
  3.41464383e+02] 10.683592086399715
[-3.25439458e+00  1.00951265e-01 -9.70049117e-02  1.03362509e+01
  3.39281843e+02] 10.337199042887825
[-3.25872967e+00  2.49558194e-01  1.35097916e-01  1.04356261e+01
  3.39913263e+02] 10.439483878588966
[-3.12869790e+00 -1.58438136e-01 -2.05354919e-01  1.04904213e+01
  3.43089964e+02] 10.493627247454294
[-3.08711217e+00  6.88660959e-02 -1.29652802e-01  1.02910079e+01
  3.42589307e+02] 10.29205494913295
[-3.25118857e+00  2.08611735e-01 -2.47566546e-02  1.04767499e+01
  3.41870711e+02] 10.478855829016286
[-3.19650884e+00  2.01302494e-01  1.04817633e-01  1.01728452e+01
  3.40119528e+02] 10.17537655593149
[-3.27780431e+00  9.73424002e-02  2.61363298e-01  1.03568947e+01
  3.39988741e+02] 10.360649277186859
[-3.24008033e+00  2.89410690e-01  8.39176246e-02  1.04887878e+01
  3.41004977e+02] 10.493115390507507
[-3.22268437e+00  5.09203423e-02 -9.11996551e-02  1.05792113e+01
  3.41934286e+02] 10.5797269038412
[-3.16429574e+00  4.25342233e-02  1.18680968e-01  1.02740175e+01
  3.41747449e+02] 10.274791010003707
[-3.18984149e+00  4.41824448e-02  2.61966095e-02  1.03053803e+01
  3.39780475e+02] 10.305508275649002
[-3.28235045e+00 -2.16567548e-01  9.80072543e-02  1.04169832e+01
  3.41508401e+02] 10.419695093948059
[-3.19981855e+00  5.41772958e-03  3.26879751e-02  1.06090505e+01
  3.44085710e+02] 10.60910223945777
[-3.18511100e+00 -8.98509323e-02  3.59155774e-03  1.08686531e+01
  3.45874969e+02] 10.869025079182471
[-3.27739355e+00 -1.08248221e-01 -8.26138614e-02  1.04955791e+01
  3.41223254e+02] 10.496462416741425
[-3.24872044e+00  2.20527872e-01 -7.43411981e-02  1.03300674e+01
  3.41265255e+02] 10.332688467621937
[-3.28629586e+00  2.32192291e-01  1.08392294e-02  1.02552285e+01
  3.39349910e+02] 10.257862447076883
[-3.23548793e+00  1.15146008e-01  1.01303916e-01  1.06586731e+01
  3.43883752e+02] 10.659776415001593
[-3.20906025e+00  6.24491831e-02  1.29577973e-01  1.02690339e+01
  3.41254409e+02] 10.270041292623596
[-3.23136909e+00  1.36635115e-01 -5.19029553e-02  1.04913903e+01
  3.40242829e+02] 10.492408405097184
[-3.15331763e+00  2.31138944e-01  1.54764175e-01  1.06082553e+01
  3.43172306e+02] 10.611901708111269
[-3.17289682e+00  1.56851961e-01 -1.61038723e-01  1.03616403e+01
  3.40719026e+02] 10.364078637195597
[-3.19772025e+00 -2.25334484e-01 -1.24821785e-01  1.02740477e+01
  3.43143422e+02] 10.27727649413741
[-3.19758349e+00 -2.28732947e-01 -1.27532348e-01  1.03587125e+01
  3.41991877e+02] 10.36202234657248
[-3.17783145e+00  2.28080742e-01 -1.25938435e-01  1.04887095e+01
  3.43943402e+02] 10.491944931175883
[-3.21315129e+00  4.75924508e-03  1.03548108e-01  1.03220474e+01
  3.40573639e+02] 10.32256787379259
[-3.20070122e+00 -1.46430160e-01 -8.35615034e-02  1.04227524e+01
  3.42777408e+02] 10.424115918540544
[-3.23073177e+00  1.11510270e-01  5.92876761e-02  1.06634845e+01
  3.45034601e+02] 10.664232295320405
[-3.22366328e+00  4.69859794e-02  2.06384993e-01  1.05235473e+01
  3.42474318e+02] 10.525675760060968
[-3.20365047e+00 -1.21738585e-01 -1.98412940e-03  1.03746457e+01
  3.41969646e+02] 10.375360140884244
[-3.27941904e+00 -1.38490348e-02 -1.21885350e-01  1.02634352e+01
  3.39257375e+02] 10.26416825599887
[-3.21120385e+00  1.30193778e-01 -2.18447277e-01  1.02286009e+01
  3.38639683e+02] 10.231761636257218
[-3.20674148e+00 -1.11821650e-01  1.82274252e-01  1.03910570e+01
  3.41901529e+02] 10.393257140915571
[-3.11227724e+00  3.34104294e-01 -2.29350929e-01  1.03126814e+01
  3.42398275e+02] 10.320640780964904
[-3.20462114e+00 -5.12566959e-02 -1.01839476e-02  1.08271613e+01
  3.45408636e+02] 10.827287437940655
[-3.24395879e+00 -6.16182854e-02 -1.27264349e-01  1.04066646e+01
  3.39318161e+02] 10.407625099604891
[-3.24825615e+00  2.78346661e-01  1.64570696e-01  1.02990194e+01
  3.39509857e+02] 10.304094334079942
[-3.19713690e+00  2.82303266e-01 -8.47618220e-02  1.04386872e+01
  3.41761117e+02] 10.44284778838519
[-3.10730277e+00  8.00637282e-02 -5.91255919e-02  1.02171115e+01
  3.40363276e+02] 10.217596261768865
[-3.18618270e+00  5.58932713e-02  1.01272114e-01  1.03862840e+01
  3.41934463e+02] 10.38692806388018
[-3.25048338e+00  3.09541134e-02  3.78693952e-02  1.04467257e+01
  3.40551300e+02] 10.446840152325326
[-3.12829091e+00 -4.48846027e-02 -2.25730972e-02  1.03869483e+01
  3.41809786e+02] 10.38706978209647
[-3.22126986e+00 -4.86572672e-02  3.06709266e-01  1.05338423e+01
  3.42355002e+02] 10.538418839797977
[-3.31661945e+00  1.72385740e-01 -6.29370956e-02  1.06025716e+01
  3.40917434e+02] 10.604159695719883
[-3.23572502e+00 -5.36382381e-02 -2.29661929e-02  1.03465457e+01
  3.39717564e+02] 10.34671022709928
[-3.19822812e+00 -6.60090637e-02 -8.72795291e-02  1.05872875e+01
  3.43054398e+02] 10.587853015098085
[-3.16051429e+00 -4.34491733e-02 -2.55851348e-01  1.01815493e+01
  3.40760993e+02] 10.184856085913298
[-3.26139159e+00 -6.87356334e-02 -1.35818594e-01  1.02190254e+01
  3.40205707e+02] 10.220159022541282
[-3.21976947e+00 -8.20853296e-02  5.30764089e-02  1.05186143e+01
  3.40560842e+02] 10.51906850316499
[-3.25641064e+00 -3.40375533e-02 -3.68943056e-01  1.03333101e+01
  3.42379396e+02] 10.339950485091805
[-3.22587193e+00 -5.80880599e-02 -9.19218983e-02  1.03308016e+01
  3.40831092e+02] 10.331373812360045
[-3.16796435e+00 -1.04371610e-01 -5.72919787e-03  1.03633339e+01
  3.41903111e+02] 10.363861001461277
[-3.23181869e+00  4.47454123e-02 -1.38123772e-01  1.04523132e+01
  3.42795750e+02] 10.453321516124122
[-3.16699495e+00  4.80666194e-02 -8.06429984e-02  1.03089770e+01
  3.39902553e+02] 10.309404448650502
[-3.28097507e+00  8.35712200e-02  6.70016131e-03  1.04489565e+01
  3.43471370e+02] 10.449292880491123
[-3.19718828e+00 -2.13600411e-02 -1.68792435e-02  1.03136328e+01
  3.40065138e+02] 10.313668683036386
[-3.24577212e+00 -1.69319175e-01  7.87802981e-02  1.06123604e+01
  3.41521964e+02] 10.614003439872299
[-3.23704639e+00  5.76401976e-02  2.22699523e-01  1.03382601e+01
  3.38536447e+02] 10.340819133580286
[-3.27283891e+00 -2.24819798e-01 -1.44936542e-01  1.04334130e+01
  3.42450711e+02] 10.436841379537176
[-3.15612176e+00 -5.22126943e-02  2.68505667e-01  1.05204255e+01
  3.44431065e+02] 10.523980907312131
[-3.21643458e+00 -6.21491114e-03 -1.14892174e-01  1.06970444e+01
  3.44088840e+02] 10.697663224109384
[-3.25003442e+00  2.18142488e-01 -9.41306140e-02  1.05528518e+01
  3.42416959e+02] 10.555525971827423
[-3.16184066e+00 -6.88343665e-02 -1.55519859e-03  1.05570932e+01
  3.43290966e+02] 10.55731768049229
[-3.14868735e+00  7.28369151e-02 -1.72203233e-01  1.03012087e+01
  3.41769858e+02] 10.30290543358994
[-3.18261865e+00  7.41859551e-02 -1.13613190e-01  1.04256029e+01
  3.41294166e+02] 10.426485884828601
[-3.20621676e+00  8.70793989e-02  9.73687662e-02  1.06494268e+01
  3.44325097e+02] 10.650227957205393
[-3.20246958e+00  7.75063379e-02 -1.33098821e-01  1.04679275e+01
  3.41699062e+02] 10.469060577358075
[-3.18273053e+00  1.02857785e-01 -4.89175184e-02  1.04056471e+01
  3.43732676e+02] 10.406270387492569
[-3.25654658e+00 -2.25362937e-01  1.27508127e-01  1.04306397e+01
  3.39628354e+02] 10.433853187552094
[-3.19141867e+00  1.92308985e-01  3.22077143e-01  1.06430517e+01
  3.44411905e+02] 10.649660330077996
[-3.17619936e+00  2.06608096e-01  1.18278011e-01  1.02559146e+01
  3.39295920e+02] 10.25867732219203
[-3.30983347e+00  3.08621849e-02  6.40982931e-02  1.04903063e+01
  3.40193633e+02] 10.490547480890166
[-3.21687105e+00 -1.81832606e-01  2.25913908e-01  1.05880230e+01
  3.44539601e+02] 10.591993719889077
[-3.14942593e+00  1.52120963e-01 -2.99027905e-02  1.05803049e+01
  3.43793217e+02] 10.581440632388695
[-3.22684307e+00  2.44016582e-01  1.80156726e-01  1.01612299e+01
  3.37048564e+02] 10.165755925526135
[-3.24345178e+00  1.26108747e-01  1.34234029e-03  1.06281649e+01
  3.42716938e+02] 10.62891309189457
[-3.24027400e+00  1.46831161e-01  1.26490070e-01  1.07217723e+01
  3.44212532e+02] 10.723523726191289
[-3.20469295e+00 -1.87862294e-01  1.05139208e-01  1.02338658e+01
  3.38888414e+02] 10.236129948303835
[-3.15197384e+00  8.39818559e-02  7.07363071e-02  1.05728371e+01
  3.44680683e+02] 10.573407289642596
[-3.19045285e+00  1.06866946e-01  2.52161070e-01  1.05254810e+01
  3.42348626e+02] 10.529043455212745
[-3.21294074e+00  2.53777419e-01  9.19690395e-02  1.05591327e+01
  3.42908257e+02] 10.56258233549114
[-3.17783842e+00 -3.41424402e-02  2.47727364e-02  1.03644396e+01
  3.42697811e+02] 10.364525409945351
[-3.27757740e+00  1.40647753e-01 -8.63652417e-02  1.05683004e+01
  3.43436005e+02] 10.569589164057945
[-3.28801057e+00  6.91362795e-02 -1.46435870e-01  1.03972385e+01
  3.40933932e+02] 10.398499533293732
[-3.21080344e+00  5.93997211e-02 -1.58518888e-01  1.04888281e+01
  3.44537467e+02] 10.490194082879254
[-3.26763256e+00 -1.24210763e-01  5.87524066e-02  1.02987974e+01
  3.37147005e+02] 10.299713960028164
[-3.25425467e+00  2.26243722e-01 -4.47529130e-02  1.02639471e+01
  3.39067980e+02] 10.266537832408652
[-3.20766124e+00  1.64210932e-01  3.09530202e-03  1.06238679e+01
  3.43384027e+02] 10.625137337119721
[-3.23554936e+00 -1.50769998e-02 -3.14726694e-01  1.05875392e+01
  3.43148203e+02] 10.592226683258856
[-3.28743251e+00 -1.18166071e-01 -1.40410329e-01  1.04842541e+01
  3.40476215e+02] 10.485860092672528
[-3.12647482e+00 -6.65583760e-02  4.71066913e-02  1.01820586e+01
  3.40296643e+02] 10.18238510291966
[-3.25126448e+00 -2.04277689e-01  4.90297453e-02  1.02948118e+01
  3.40431435e+02] 10.296955038823063
[-3.21319501e+00  8.17386099e-02  3.34800731e-02  1.06541849e+01
  3.44046468e+02] 10.654551071991461
[-3.20678850e+00 -7.60446606e-02 -2.44482867e-01  1.02162332e+01
  3.40290827e+02] 10.219441008429218
[-3.19101015e+00  4.90180423e-02 -4.57475077e-02  1.04280777e+01
  3.40450791e+02] 10.428293216032147
[-3.21297900e+00 -1.16802438e-01  1.49421255e-01  1.01870502e+01
  3.40325256e+02] 10.188815498071468
[-3.16620077e+00 -8.19063774e-02  1.17470518e-02  1.03194929e+01
  3.42611666e+02] 10.319824598485907
[-3.20078456e+00  6.20258798e-02  2.65431881e-01  1.01178758e+01
  3.39469793e+02] 10.121546955117664
[-3.28366842e+00 -1.96808295e-01 -1.82665283e-01  1.06706976e+01
  3.42803348e+02] 10.674075507582813
[-3.22711691e+00 -5.51245217e-02 -3.17589349e-02  1.07962627e+01
  3.42513819e+02] 10.796450179894265
[-3.18428031e+00 -5.77905446e-02 -1.43207900e-02  1.05335972e+01
  3.41245565e+02] 10.533765451629094
[-3.21929631e+00  1.96237663e-01 -2.20242694e-01  1.06424394e+01
  3.43577143e+02] 10.64652674088019
[-3.26011351e+00 -1.65687841e-01 -1.20615554e-01  1.06411054e+01
  3.44274498e+02] 10.643078693423103
[-3.22237306e+00 -1.53745197e-01 -2.72582036e-01  1.01486874e+01
  3.39572627e+02] 10.153511462239528
[-3.29706259e+00  1.39461372e-01  7.64997828e-02  1.04431842e+01
  3.39260645e+02] 10.444395573736449
[-3.21373417e+00 -1.74440758e-03  8.60969966e-02  1.05283199e+01
  3.41381515e+02] 10.528672066604878
[-3.15910602e+00 -1.22381529e-02 -1.06571131e-01  1.05836160e+01
  3.42631362e+02] 10.584159652564802
[-3.22117833e+00 -8.56174509e-02 -2.16253043e-01  1.02904508e+01
  3.40076695e+02] 10.293078901902913
