/mnt/stage/douwei/Simulation/5kt_root/2MeV/5kt_-6.00_3.root
[-3.09992495e+00 -1.54020932e-01  1.66663967e-01 -6.53118071e+00
  3.12231461e+02] 6.535122093758957
[-3.07992663e+00  2.99573795e-01 -5.01594458e-02 -6.07590792e+00
  3.09578396e+02] 6.083495497073461
[-3.12264939e+00  2.13519592e-01 -1.81835927e-01 -6.14365027e+00
  3.10813206e+02] 6.150048257544468
[-3.04318595e+00 -1.43002449e-01 -4.93676228e-02 -6.02185278e+00
  3.10118556e+02] 6.023752802263185
[-3.06924549e+00 -4.85221721e-01 -9.40057254e-02 -5.86122957e+00
  3.08672235e+02] 5.882031050633971
[-3.10976003e+00  1.52116013e-01  1.60608400e-01 -6.21266765e+00
  3.09736575e+02] 6.216604676167408
[-3.07716159e+00  1.41891411e-01  9.65094604e-02 -6.00535923e+00
  3.06960546e+02] 6.007810475624399
[-2.98410266e+00 -1.34357361e-01  3.03269876e-01 -5.98317614e+00
  3.10074041e+02] 5.992363578016506
[-3.13618405e+00 -1.53318157e-02  1.89175360e-01 -6.22044567e+00
  3.10864208e+02] 6.22334047615755
[-3.10824689e+00  2.96978313e-01 -5.79441413e-02 -5.74060861e+00
  3.08684169e+02] 5.748577292656913
[-3.15994529e+00  6.17201499e-01  1.78844856e-01 -5.85991203e+00
  3.06438340e+02] 5.895039623670405
[-3.11185363e+00 -4.51217570e-02  6.49446186e-02 -6.14984642e+00
  3.09148592e+02] 6.150354844268357
[-3.12134373e+00 -1.34548135e-01  7.87534981e-02 -5.99266954e+00
  3.07005374e+02] 5.994697119547994
[-3.08363046e+00 -9.15890952e-03  2.98215202e-01 -6.03591966e+00
  3.10668137e+02] 6.043289035250319
[-3.07540109e+00  3.68775923e-02 -1.12970742e-02 -5.70643987e+00
  3.05163655e+02] 5.706570215492167
[-3.12091803e+00 -4.67730397e-01  2.28410443e-01 -6.06767882e+00
  3.09843901e+02] 6.089964637453173
[-3.03045747e+00 -1.18333687e-01 -3.40235470e-02 -6.22649888e+00
  3.10508834e+02] 6.227716176708168
[-3.16918192e+00 -5.47896484e-02 -1.58399717e-01 -5.78057841e+00
  3.03121518e+02] 5.783007792450275
[-3.12260579e+00  1.87512143e-01 -2.27143706e-01 -6.00717951e+00
  3.07436739e+02] 6.014396120315959
[-3.03011032e+00  1.85746979e-01 -7.69274461e-02 -5.90977999e+00
  3.08814385e+02] 5.913198733349706
[-3.08549442e+00  9.04316072e-02  6.08345387e-02 -6.10415061e+00
  3.10581934e+02] 6.10512353241397
[-3.04089927e+00 -3.53514792e-02  4.18546135e-01 -6.16077674e+00
  3.09249408e+02] 6.17507899438001
[-3.12580237e+00 -1.50647003e-01  2.10688082e-01 -5.99005353e+00
  3.07155543e+02] 5.995650528192872
[-3.09864355e+00 -2.93702682e-01  1.39865142e-02 -5.90305968e+00
  3.06787236e+02] 5.910378201788905
[-3.05620426e+00 -1.43125112e-01 -1.79235749e-01 -5.86894591e+00
  3.07125543e+02] 5.8734262864460405
[-3.04477365e+00 -1.09872598e-01  1.10339233e-01 -6.32152032e+00
  3.10521762e+02] 6.323437821714799
[-3.02820894e+00 -2.43560130e-01  2.54393880e-01 -5.96824785e+00
  3.08648872e+02] 5.978630297913335
[-3.07117836e+00  4.90053415e-02 -1.62521007e-01 -6.10671161e+00
  3.06970922e+02] 6.10907041584622
[-3.04854148e+00 -2.91224909e-01  1.65891268e-02 -6.13145368e+00
  3.08101515e+02] 6.138388335446033
[-3.11795628e+00  1.38817880e-01 -4.37947611e-02 -6.04242124e+00
  3.05929189e+02] 6.044174290616726
[-3.07693596e+00 -2.93183620e-01 -3.18632175e-02 -5.86310792e+00
  3.07274204e+02] 5.870520110344219
[-3.15789527e+00  1.93536200e-01 -1.21300766e-01 -5.82080815e+00
  3.09338964e+02] 5.8252877724077825
[-3.02849321e+00 -9.91936284e-04 -1.72731161e-01 -5.78660773e+00
  3.08091379e+02] 5.789185271957261
[-3.12970613e+00 -6.61925989e-02  2.78739709e-01 -6.21784665e+00
  3.12567511e+02] 6.224443290680763
[-3.05042723e+00 -1.59685805e-01  4.61085376e-02 -6.07128612e+00
  3.09171019e+02] 6.0735607907124525
[-3.03977943e+00 -1.35248214e-01  1.84890107e-02 -6.15664456e+00
  3.10873713e+02] 6.158157691347949
[-3.07536594e+00 -3.53244818e-02 -2.18819316e-01 -5.80651434e+00
  3.06486522e+02] 5.810743367743452
[-3.07313761e+00 -1.77063893e-01 -1.22386548e-02 -6.23082105e+00
  3.08849525e+02] 6.2333484115634725
[-3.10999439e+00 -1.96416297e-01  7.23621375e-02 -6.11829658e+00
  3.06075845e+02] 6.121876241498446
[-3.06856618e+00  3.90055630e-01  9.18135396e-02 -5.89112217e+00
  3.07310774e+02] 5.904734839262577
[-3.13383467e+00  7.53355887e-02  4.44088032e-02 -5.91144413e+00
  3.07399980e+02] 5.912090938196864
[-3.01219685e+00  2.37834181e-01  1.21778708e-02 -5.71545475e+00
  3.06091757e+02] 5.720414009164895
[-3.11784483e+00  1.42706054e-01 -7.57172060e-03 -5.90258700e+00
  3.07925150e+02] 5.904316693560073
[-3.04183023e+00  2.90233282e-01 -9.67770601e-02 -6.15123954e+00
  3.09023569e+02] 6.158843159878068
[-3.11385868e+00 -2.82614876e-01 -1.09402403e-01 -5.72406078e+00
  3.04997580e+02] 5.732077444061589
[-3.07306049e+00  2.03332322e-01 -2.73841473e-01 -6.06447398e+00
  3.08534897e+02] 6.074057778023385
[-3.03784473e+00 -1.62369834e-01 -3.13009688e-01 -6.20961171e+00
  3.10882629e+02] 6.219615467455425
[-3.15127763e+00 -2.26131549e-01  9.18507957e-02 -5.71169553e+00
  3.04455026e+02] 5.716908064531113
[-3.10917901e+00  1.46384473e-01  3.20931888e-01 -6.23000449e+00
  3.09299322e+02] 6.239982503822943
[-3.00426818e+00  1.29100900e-01  1.51181373e-01 -6.03273972e+00
  3.09733257e+02] 6.036014524205918
[-3.07236457e+00 -9.36500238e-02  4.49601318e-02 -6.43315353e+00
  3.12452998e+02] 6.43399223022513
[-3.11839904e+00  2.43781740e-01  1.54321159e-01 -6.01003589e+00
  3.08190844e+02] 6.016957366194704
[-3.03570814e+00  2.30242100e-01  1.89330180e-01 -5.96261563e+00
  3.11341449e+02] 5.970062185972535
[-3.02207678e+00 -5.23857552e-02 -3.69046558e-03 -6.33628035e+00
  3.12032409e+02] 6.336497975007998
[-3.02396231e+00  9.32296512e-03 -8.65115936e-02 -5.64654901e+00
  3.06424123e+02] 5.647219397662177
[-3.18704137e+00  1.88531577e-01  3.47255393e-02 -6.24166264e+00
  3.08574035e+02] 6.2446058762205805
[-2.93501507e+00  4.07645415e-01 -1.70885792e-01 -6.10821023e+00
  3.11095734e+02] 6.124182311922221
[-3.03902234e+00  8.99597448e-03  1.02626766e-01 -5.89330821e+00
  3.10493011e+02] 5.894208589350424
[-3.08098061e+00  2.52790681e-01 -2.95479041e-02 -6.37561280e+00
  3.11662431e+02] 6.380690771414104
[-3.11205936e+00  1.33475923e-01  2.72553688e-01 -5.83858459e+00
  3.07196110e+02] 5.846466569026471
[-3.14968962e+00 -2.88774888e-01 -1.24563160e-01 -6.18550652e+00
  3.08805056e+02] 6.193496410534759
[-3.12917308e+00 -2.61307262e-01 -1.90995983e-01 -6.30585317e+00
  3.08864036e+02] 6.314154347337178
[-3.10550408e+00  7.59957843e-02 -1.81011563e-01 -6.40263700e+00
  3.11442377e+02] 6.405646029758234
[-3.11217619e+00 -1.89845691e-01 -1.47722139e-02 -5.98472905e+00
  3.09287673e+02] 5.987757629203476
[-3.07462349e+00 -2.30319212e-02 -5.12807136e-03 -6.13020689e+00
  3.09854526e+02] 6.130252301420238
[-3.14178517e+00  1.01232208e-01 -1.24022822e-01 -5.74676257e+00
  3.05691140e+02] 5.748992053405523
[-3.10412270e+00  3.36788382e-01  2.35684102e-01 -6.21418323e+00
  3.11846393e+02] 6.227764171656232
[-3.14795241e+00  3.84867781e-01  1.56247742e-01 -5.87120802e+00
  3.06506898e+02] 5.885883130495214
[-3.15322004e+00  7.79240603e-02 -1.59465476e-01 -6.03837769e+00
  3.07821095e+02] 6.04098555973124
[-3.04685178e+00 -1.43259409e-01  9.97441323e-02 -6.07883780e+00
  3.08972733e+02] 6.081343692963131
[-3.12588110e+00  1.56942434e-01  1.81431923e-01 -6.32499754e+00
  3.09584500e+02] 6.329545195565351
[-3.09663787e+00  2.06053061e-01  2.68772353e-02 -6.01078079e+00
  3.07105836e+02] 6.014371619845345
[-2.99662804e+00  1.41351851e-01 -3.93333781e-01 -6.14246675e+00
  3.10190464e+02] 6.156670327711612
[-3.09871737e+00 -1.79398755e-01  1.15710484e-01 -6.00998175e+00
  3.09889424e+02] 6.0137719870397355
[-3.10717144e+00  3.81039458e-01 -2.69416632e-01 -6.02685651e+00
  3.09174225e+02] 6.044896671766982
[-3.03908309e+00  1.30648911e-01 -9.93872629e-02 -6.14543441e+00
  3.08812292e+02] 6.14762645309096
[-3.08452947e+00 -1.31385063e-01  1.62256508e-01 -6.02076650e+00
  3.09218254e+02] 6.0243853151086695
[-3.15576130e+00 -8.92497244e-02 -6.25874940e-02 -6.00888295e+00
  3.05656963e+02] 6.009871627751116
[-3.16439590e+00  2.25776861e-01 -1.45699435e-01 -5.99639668e+00
  3.07836095e+02] 6.002414237780107
[-3.06428460e+00 -8.73064537e-02 -2.41490167e-01 -6.21811781e+00
  3.10236534e+02] 6.2234177932179175
[-3.03938126e+00 -6.78253283e-02 -1.53563003e-01 -6.15021254e+00
  3.09634552e+02] 6.1525032432109565
[-3.06602954e+00 -1.68359604e-01 -9.22321174e-02 -6.12197578e+00
  3.08038738e+02] 6.124984832895056
[-3.05236400e+00  9.06531601e-02 -1.27259507e-01 -5.90913204e+00
  3.11052048e+02] 5.911197376278942
[-3.09358939e+00 -1.22554216e-01 -1.94693752e-01 -6.09509390e+00
  3.07350793e+02] 6.099433974840225
[-3.07991218e+00  1.81743826e-01 -1.20200904e-01 -5.70649997e+00
  3.07129143e+02] 5.710658543194247
[-3.05901795e+00 -1.59950570e-01  2.10531959e-02 -5.81605245e+00
  3.06999137e+02] 5.818289570446958
[-3.07549358e+00 -4.10703273e-02  2.34242900e-01 -5.97690297e+00
  3.10313964e+02] 5.981632357206959
[-3.08707368e+00  2.02013005e-01  2.49162849e-01 -6.15278696e+00
  3.08694167e+02] 6.161142649187921
[-3.10648195e+00 -3.42401222e-03 -5.28238642e-02 -6.32668407e+00
  3.09048952e+02] 6.326905516515963
[-3.06848558e+00 -2.07961560e-01  3.51395806e-01 -6.27338187e+00
  3.11529619e+02] 6.286656276764046
[-3.10820367e+00 -1.68653238e-01 -4.23427654e-02 -6.28674095e+00
  3.10765903e+02] 6.28914529919885
[-3.16636011e+00  2.91310138e-01 -3.82664582e-02 -6.23505381e+00
  3.07876038e+02] 6.241972597269314
[-3.11245491e+00 -1.02483576e-02 -6.46499211e-02 -6.09315861e+00
  3.08959387e+02] 6.093510191003234
[-3.07635655e+00  1.65164925e-01 -4.88320459e-02 -5.85836731e+00
  3.08285241e+02] 5.860898523702148
[-3.17542830e+00 -6.37777844e-02  8.93156761e-02 -6.20673867e+00
  3.07151838e+02] 6.207708906572944
[-3.09968842e+00  1.51582901e-01 -2.42705426e-01 -6.02215837e+00
  3.09926968e+02] 6.028953037801315
[-3.01221426e+00  1.60203656e-01 -2.67948784e-01 -6.15068917e+00
  3.10820326e+02] 6.158606907481133
[-3.10351853e+00 -1.35217173e-01 -3.03435990e-01 -6.11232565e+00
  3.07670751e+02] 6.121346415169696
[-3.03545940e+00  1.72143358e-01  3.18051025e-02 -5.86690068e+00
  3.08514670e+02] 5.869511780409814
[-3.11818114e+00  4.07380455e-02 -8.82086653e-02 -5.61775167e+00
  3.05040317e+02] 5.618591829172219
[-3.05605004e+00  7.65621487e-02  5.71300269e-02 -6.25184407e+00
  3.08558896e+02] 6.252573863634827
[-3.21569870e+00  1.91844191e-01 -7.17323025e-03 -6.21502927e+00
  3.08685356e+02] 6.217993608824403
[-3.05841409e+00  1.14295960e-01  7.47051658e-02 -6.10120685e+00
  3.07672054e+02] 6.102734584347635
[-3.13989108e+00  1.24942114e-01 -5.13530607e-01 -5.91361021e+00
  3.07339331e+02] 5.937180297246888
[-3.07726481e+00 -4.86367845e-02  2.10401207e-01 -6.00569544e+00
  3.10312279e+02] 6.009576681361583
[-3.04638100e+00  3.24789809e-02  9.60896118e-02 -5.97782435e+00
  3.08324459e+02] 5.978684806976462
[-3.07704069e+00  3.47608926e-01  1.47192999e-01 -6.05956184e+00
  3.07074117e+02] 6.071308540827774
[-3.06154798e+00  4.27416558e-02 -2.33404487e-01 -5.71937043e+00
  3.07733617e+02] 5.724290578837949
[-3.02429629e+00  1.52705324e-01 -5.45667085e-03 -5.97807859e+00
  3.06871305e+02] 5.980031130204921
[-3.10794295e+00 -2.22375220e-02 -1.59704838e-01 -5.84879733e+00
  3.09230588e+02] 5.851019603836922
[-3.07109346e+00  2.13590130e-01 -1.81850870e-01 -6.19622920e+00
  3.06123819e+02] 6.202575815579458
[-3.09650276e+00  1.67831971e-01  6.27424557e-02 -5.65996203e+00
  3.07723432e+02] 5.662797398851267
[-3.04763038e+00  4.76958726e-02 -1.51772597e-01 -6.21456693e+00
  3.09939692e+02] 6.216602929835054
[-3.06557235e+00  1.96004644e-01  9.25907348e-02 -6.14577256e+00
  3.10692151e+02] 6.149594395960283
[-3.05327477e+00 -9.27307615e-02 -2.87162134e-02 -5.95752377e+00
  3.09498473e+02] 5.958314616260915
[-3.06962733e+00 -2.91403507e-01  1.73439470e-02 -5.91471678e+00
  3.07024533e+02] 5.921916194580225
[-3.10729833e+00  1.04558469e-01  1.85529450e-02 -6.14574583e+00
  3.08910895e+02] 6.146663204699793
[-3.12063814e+00  1.61535260e-01  1.03704306e-01 -6.08277185e+00
  3.10441233e+02] 6.0857999936877425
[-3.03137629e+00  7.19697989e-03 -7.91540301e-02 -5.96473637e+00
  3.08610703e+02] 5.965265885746231
[-3.09137553e+00 -1.76664173e-01  2.10385523e-02 -5.99611518e+00
  3.07274732e+02] 5.998754049881848
[-3.07055297e+00 -2.21677237e-01 -7.44207161e-02 -5.99792061e+00
  3.09323260e+02] 6.002477061371421
[-3.19667513e+00 -1.75297591e-01 -2.25456427e-01 -6.24353103e+00
  3.09260933e+02] 6.25005916603396
[-3.01667786e+00  1.55955635e-01  1.61408690e-01 -6.30994792e+00
  3.10591741e+02] 6.313938364253232
[-3.09699583e+00  1.54475018e-01 -2.11280338e-02 -5.77702980e+00
  3.07002374e+02] 5.7791333440027595
[-3.06715268e+00  3.74675045e-01 -2.54340326e-02 -6.22440194e+00
  3.09933369e+02] 6.235720310672441
[-3.04076800e+00  7.70217626e-02  4.23700695e-02 -6.04886032e+00
  3.07548143e+02] 6.049499044766339
[-3.13314427e+00  3.11845174e-02 -2.42444356e-01 -5.93162717e+00
  3.07386252e+02] 5.936661739139453
[-3.07446431e+00 -9.34337733e-02  2.61449914e-02 -5.86366242e+00
  3.08455414e+02] 5.864465060237396
[-3.11454550e+00  9.38066856e-02  1.91062955e-01 -6.02124554e+00
  3.09162367e+02] 6.025006441647662
[-3.06511591e+00 -1.51755403e-02 -2.14770217e-01 -6.07545593e+00
  3.07583490e+02] 6.079269794943441
[-3.05524981e+00  2.34492031e-02 -3.10988298e-02 -6.08560112e+00
  3.12107262e+02] 6.085725753518358
[-3.06176669e+00  5.58091605e-02  1.06637373e-01 -6.12160931e+00
  3.07481140e+02] 6.122792396155249
[-3.02451729e+00  1.24510069e-01  1.48168958e-01 -5.94847374e+00
  3.08921770e+02] 5.9516213418979245
[-3.06282662e+00  1.33289704e-01 -3.06962876e-02 -5.81086717e+00
  3.07580370e+02] 5.812476722037553
[-3.08985968e+00 -4.36164018e-02  4.17162229e-02 -5.97470297e+00
  3.09658938e+02] 5.975007795495679
[-3.11880355e+00 -1.61865753e-01  1.48362599e-01 -6.25243214e+00
  3.08496184e+02] 6.256286407415929
[-3.15696934e+00  9.89173136e-02 -2.57105298e-01 -5.80389994e+00
  3.06601637e+02] 5.810433919924097
[-3.13317428e+00 -4.07407971e-02  3.52001222e-02 -6.40485629e+00
  3.10968626e+02] 6.405082589016846
[-3.07798621e+00  1.63051320e-02  1.06791114e-01 -6.01980503e+00
  3.08468508e+02] 6.020774269102821
[-3.15457305e+00 -1.25117632e-01  3.73233127e-01 -6.25484301e+00
  3.09867085e+02] 6.267217764988618
[-3.10985896e+00 -8.89809655e-02 -1.46685835e-01 -6.15027181e+00
  3.08468815e+02] 6.1526642766025565
[-3.04636236e+00 -9.92220805e-02  3.18961955e-02 -6.10417295e+00
  3.09558213e+02] 6.105062640504375
[-3.10060277e+00  4.80160046e-04  2.52943950e-01 -5.72567368e+00
  3.08102800e+02] 5.731258145158576
[-3.07271683e+00 -3.25304111e-02 -3.15882400e-01 -5.92902501e+00
  3.07453566e+02] 5.937522844870101
[-3.12004400e+00  2.79232768e-01 -9.43554590e-02 -6.29962209e+00
  3.11604974e+02] 6.306513482867418
[-3.05894910e+00 -3.39575673e-01 -1.96690687e-01 -5.97001450e+00
  3.07368956e+02] 5.9828982936485735
[-3.12200641e+00 -2.31557988e-01 -1.14780342e-01 -6.26633415e+00
  3.10684728e+02] 6.271661446869972
[-3.16897393e+00 -4.63724624e-02 -1.94630019e-01 -6.27808874e+00
  3.09659823e+02] 6.2812760997723665
[-3.09359913e+00  9.30372135e-02  5.66951184e-02 -6.32166215e+00
  3.10547165e+02] 6.322600937793337
[-3.12624833e+00  2.31890952e-02 -2.18950569e-01 -6.36291783e+00
  3.11498317e+02] 6.36672603431546
[-3.10449681e+00 -2.38354206e-01 -1.91394339e-01 -6.16111182e+00
  3.08984239e+02] 6.1686905769587375
[-3.08010624e+00 -9.72329597e-03  2.38655597e-01 -6.20921629e+00
  3.08768376e+02] 6.213808652220261
[-3.03080923e+00 -2.04248794e-01  2.93196888e-01 -5.88122124e+00
  3.07253990e+02] 5.892066302273718
[-3.12387592e+00 -1.18147121e-01  1.79303845e-01 -6.48460828e+00
  3.11338769e+02] 6.488162537630606
[-3.07700130e+00  2.74486912e-01  3.71227406e-03 -6.03171433e+00
  3.08370530e+02] 6.037957819728575
[-3.06650298e+00 -7.35195274e-02 -1.21173139e-01 -6.16221801e+00
  3.07718243e+02] 6.163847728971355
[-3.20781580e+00  1.33100064e-01 -2.98917810e-01 -6.19756021e+00
  3.07533255e+02] 6.206192076877037
[-3.07030403e+00 -1.45438718e-01  4.30284645e-02 -5.86345313e+00
  3.05035202e+02] 5.865414435126732
[-3.06311532e+00 -1.38751660e-01  3.81206262e-03 -6.20428136e+00
  3.10649431e+02] 6.20583384355077
[-3.04587487e+00 -1.28956911e-01 -2.78015696e-01 -6.05827280e+00
  3.09698980e+02] 6.066019443438453
[-3.11160428e+00  2.47619565e-01 -2.97161281e-01 -5.89692012e+00
  3.06144087e+02] 5.909592806663988
[-3.04167656e+00  3.47168654e-02  1.89295492e-01 -5.99734330e+00
  3.08768756e+02] 6.000430373628316
[-3.13749624e+00  1.26837669e-01 -3.21105913e-02 -6.00381768e+00
  3.07273425e+02] 6.00524317357905
[-3.18547137e+00  1.85099822e-01  1.50330674e-01 -6.11031419e+00
  3.10007152e+02] 6.114965315665145
[-3.02724777e+00 -1.09320063e-01  2.19417891e-01 -6.29265114e+00
  3.09268236e+02] 6.297424347258623
[-3.13374362e+00  1.21527693e-01 -3.10581182e-01 -6.17736988e+00
  3.10070446e+02] 6.1863663269138645
[-3.08352313e+00  2.06967144e-02 -2.81471713e-01 -5.93521345e+00
  3.08850520e+02] 5.941920007259159
[-3.11918584e+00  1.96232309e-01 -3.98253067e-02 -6.16036780e+00
  3.09167734e+02] 6.163621062212052
[-3.04048038e+00 -2.68996200e-01  2.34590105e-01 -6.06575404e+00
  3.07472643e+02] 6.076245847762958
[-3.07514065e+00 -1.30200941e-01  2.09553339e-01 -6.19637082e+00
  3.11861267e+02] 6.2012802114288625
[-3.07487583e+00 -1.79103607e-01  3.05211410e-01 -5.86052822e+00
  3.06688796e+02] 5.871202871219965
[-3.06663633e+00  1.85699817e-01 -3.13537328e-01 -6.18616943e+00
  3.10592560e+02] 6.196892954842026
[-3.08063834e+00 -1.01596771e-01 -1.60574751e-01 -5.92658633e+00
  3.07507296e+02] 5.929631664327146
[-3.09363101e+00 -1.21667968e-01  4.05266536e-01 -6.01934264e+00
  3.06594291e+02] 6.034196703294144
[-3.01872347e+00  1.55263005e-01 -8.23344507e-02 -5.88911614e+00
  3.08236675e+02] 5.891737813839878
[-3.07864071e+00  2.97806287e-01  1.44464710e-01 -6.08696126e+00
  3.10762645e+02] 6.095954067667208
[-3.15602409e+00 -2.73538933e-02 -1.15011444e-01 -6.35391662e+00
  3.10705211e+02] 6.35501631278866
[-3.11121354e+00 -2.40218893e-01 -1.70564009e-01 -5.96521259e+00
  3.08960816e+02] 5.972483439963036
[-3.16126876e+00 -1.01990417e-01  6.32571592e-02 -5.80411122e+00
  3.06779365e+02] 5.805351890159741
[-3.09640448e+00 -7.11034449e-02  2.71995683e-01 -6.20043915e+00
  3.09387505e+02] 6.206809405180991
[-3.10280379e+00  1.51549630e-01  4.32776925e-02 -6.17411157e+00
  3.08477093e+02] 6.176122886027889
[-3.10179412e+00  7.04259672e-02  1.65955862e-01 -6.59009182e+00
  3.13558144e+02] 6.592557271480201
[-2.98347045e+00  3.36301776e-01 -6.12307452e-02 -6.03240443e+00
  3.10198892e+02] 6.042081698114958
[-3.04809025e+00 -3.50607784e-01  2.12613641e-01 -5.99144770e+00
  3.07879448e+02] 6.005462175673757
[-3.04699955e+00 -1.21436176e-01 -1.37797681e-01 -5.75460462e+00
  3.08793117e+02] 5.757534995246395
[-3.13620941e+00 -8.93083091e-02  2.13245931e-01 -6.15251390e+00
  3.06260343e+02] 6.156856106952169
[-3.09591855e+00 -2.78221171e-01 -3.12462009e-01 -6.05529331e+00
  3.11248776e+02] 6.069729529476594
[-3.06087151e+00  1.93620806e-01  1.75972407e-01 -6.16602004e+00
  3.09769337e+02] 6.171568554439629
[-3.11538880e+00  3.71288280e-01 -1.39982733e-01 -5.99056637e+00
  3.10129443e+02] 6.003693494268319
[-3.06181542e+00 -1.50694799e-01 -2.05483451e-02 -5.96110448e+00
  3.09821580e+02] 5.963044338970966
[-3.14179574e+00 -2.42892582e-02 -3.15787428e-01 -5.99400122e+00
  3.07544038e+02] 6.002363054796733
[-3.12230246e+00 -1.18061061e-02  3.61800821e-01 -6.13427164e+00
  3.09732367e+02] 6.1449432720388275
[-3.04732684e+00  1.38735583e-01  3.66680492e-01 -5.88316094e+00
  3.08001003e+02] 5.89620936261747
[-3.00641584e+00  1.81279413e-01  1.45904476e-01 -6.00422104e+00
  3.11996910e+02] 6.008728699800776
[-3.03221580e+00 -1.19689749e-02  1.09449570e-01 -6.07150271e+00
  3.08661843e+02] 6.072500932785181
[-3.07084088e+00  4.65523510e-01 -6.31410369e-02 -6.02114551e+00
  3.09717588e+02] 6.039444691507037
[-3.10435977e+00 -2.76171952e-01 -3.83241383e-02 -6.25712088e+00
  3.12008504e+02] 6.263329898772055
[-2.97949284e+00  3.01870934e-01  5.35875594e-02 -5.88019603e+00
  3.10119745e+02] 5.8881833442401
[-3.11407884e+00 -1.87441350e-01  5.55164178e-02 -6.24624643e+00
  3.10184677e+02] 6.249304826424971
[-3.04793904e+00 -1.17952498e-01  1.69750030e-01 -5.93511821e+00
  3.07606484e+02] 5.938716695070356
[-3.07806087e+00  3.93014443e-02  7.39613573e-03 -5.92222767e+00
  3.08766798e+02] 5.922362689870397
[-3.04276927e+00  3.71017270e-01  1.39420795e-01 -6.25120779e+00
  3.09780106e+02] 6.263760120150169
[-3.09025574e+00 -8.36119219e-02 -2.92122804e-01 -5.97321802e+00
  3.07207697e+02] 5.9809414184805485
[-3.09362398e+00 -8.37529984e-02  4.07769830e-01 -6.15064427e+00
  3.08902169e+02] 6.164715382236832
[-3.10992721e+00  1.49402138e-01 -8.04822091e-03 -5.91543897e+00
  3.07267457e+02] 5.9173308123871395
[-3.04947144e+00  6.48538637e-02 -2.08693311e-01 -6.41817696e+00
  3.11966783e+02] 6.421896477664525
[-3.07958734e+00  3.08685930e-02  1.32280230e-02 -5.87887125e+00
  3.07325462e+02] 5.878967176518332
[-3.02541040e+00 -2.67070831e-01 -1.22346536e-01 -5.98989853e+00
  3.10004491e+02] 5.997097619848382
[-3.12780525e+00  8.78105012e-02 -2.22106070e-01 -6.44795283e+00
  3.12484778e+02] 6.452374560702021
[-3.08302716e+00 -6.34482359e-03 -1.43902487e-01 -6.12967749e+00
  3.11041127e+02] 6.1313696882516995
[-3.00129277e+00  2.35382920e-01  1.36051465e-01 -5.73069516e+00
  3.06964554e+02] 5.737140584830354
[-3.02274787e+00  7.45898217e-02 -1.09679023e-02 -5.62619738e+00
  3.05876521e+02] 5.626702485851095
[-3.08169095e+00 -1.26259326e-01 -2.04091963e-02 -6.20529119e+00
  3.10348676e+02] 6.206609119380378
[-3.13139792e+00 -9.16233121e-02  1.80341166e-01 -6.53209137e+00
  3.11750065e+02] 6.535222680035394
[-3.07626543e+00  2.89731753e-01  1.08697218e-01 -5.95259004e+00
  3.09878878e+02] 5.960628135494538
[-3.14274922e+00  5.56325172e-02 -4.20740825e-02 -6.18895330e+00
  3.08538807e+02] 6.189346346304412
[-3.06630322e+00 -1.05066168e-01  2.39807412e-01 -6.27898089e+00
  3.08814695e+02] 6.284436928011196
[-3.07823064e+00  1.63626907e-01 -1.11779083e-01 -6.02111021e+00
  3.09507992e+02] 6.024370214240726
[-3.09874271e+00 -7.21699045e-02 -3.50586626e-01 -6.26386714e+00
  3.08078922e+02] 6.27408567283637
[-3.02520541e+00 -1.22197868e-01  6.83149937e-02 -6.14652534e+00
  3.09491113e+02] 6.148119472535907
[-3.09038533e+00  1.08309728e-01  2.33168997e-01 -6.14221317e+00
  3.10338760e+02] 6.147591508075767
[-3.11965476e+00  1.56365541e-01 -1.97504071e-02 -5.71547825e+00
  3.04924984e+02] 5.7176509087417715
[-3.06858244e+00 -2.38613638e-01  1.10951457e-01 -5.86524004e+00
  3.08999354e+02] 5.871140215567523
[-3.15635263e+00  3.97081573e-02 -6.06900429e-02 -6.32662356e+00
  3.08673890e+02] 6.327039250351765
[-3.06134428e+00  1.07095731e-01  8.93265521e-02 -6.14611430e+00
  3.08498911e+02] 6.147696290323824
[-3.10728178e+00 -1.14707159e-02  5.32217176e-03 -5.84032039e+00
  3.05221439e+02] 5.840334076088132
[-3.14884997e+00 -3.84727421e-02 -1.43956905e-01 -6.00608417e+00
  3.04378417e+02] 6.007932322496674
