/mnt/stage/douwei/Simulation/5kt_root/2MeV/5kt_-2.00.root
[-3.04199735e+00  3.91806934e-02  1.67051976e-01 -1.86312056e+00
  2.87167216e+02] 1.8710049962687263
[-3.01260764e+00  2.49509502e-01  4.58364497e-01 -1.86515106e+00
  2.88377404e+02] 1.936786381384819
[-2.92893183e+00 -6.83588275e-02  1.13076126e-02 -1.97790985e+00
  2.87616567e+02] 1.9791230772916213
[-3.00738506e+00  1.25337934e-01 -6.34157863e-02 -1.77257073e+00
  2.88115541e+02] 1.778127711624243
[-3.01632165e+00 -1.73381453e-01 -1.12386707e-01 -2.22204181e+00
  2.87708704e+02] 2.2316275935879584
[-3.04612236e+00  4.50819671e-01 -7.39210370e-02 -2.14849933e+00
  2.87451567e+02] 2.1965318307989654
[-3.04322310e+00 -2.70816245e-01  1.14759642e-01 -2.03664861e+00
  2.87024675e+02] 2.0577776303866293
[-3.07069689e+00 -2.09386504e-01  1.38873185e-01 -1.83118704e+00
  2.87790661e+02] 1.8483436997162408
[-2.93470306e+00  1.98533538e-01 -2.29904696e-02 -1.69295020e+00
  2.87877137e+02] 1.7047065777569599
[-2.97805195e+00 -1.29075859e-01 -2.66407042e-02 -2.02958303e+00
  2.89522058e+02] 2.0338578064355746
[-2.95269288e+00  2.19364302e-02  1.00074371e-01 -2.08721474e+00
  2.88818538e+02] 2.089727602291118
[-2.93670260e+00 -3.32716994e-02  3.25280399e-01 -2.02146210e+00
  2.89071971e+02] 2.0477361552173035
[-2.92259011e+00 -2.45727511e-02  2.41729798e-01 -2.07113322e+00
  2.89754026e+02] 2.085336890603583
[-2.95886576e+00 -9.05058587e-02  3.57813443e-03 -1.84118994e+00
  2.87316557e+02] 1.843416533182837
[-2.99113064e+00  4.52216811e-02  2.79969831e-02 -2.01101908e+00
  2.88999444e+02] 2.0117222948165407
[-3.02273525e+00  2.11585124e-01  8.25683618e-02 -2.19344911e+00
  2.88385082e+02] 2.2051768141296098
[-3.00588078e+00  1.98693410e-01 -1.60059291e-02 -1.67826405e+00
  2.88364928e+02] 1.6900607919604291
[-3.02995655e+00 -1.65343136e-01  3.39387974e-01 -2.28837310e+00
  2.88857262e+02] 2.3193046338409364
[-2.97082541e+00  3.56734560e-01  1.00441718e-01 -2.38468314e+00
  2.89577858e+02] 2.4133092994235184
[-3.02356911e+00 -2.27490033e-01 -1.75583044e-01 -2.11579884e+00
  2.89661354e+02] 2.135225007673302
[-3.03131180e+00 -4.81152272e-02  9.09451355e-03 -2.05392381e+00
  2.90269033e+02] 2.0545074400601075
[-2.99897643e+00  1.44017440e-01 -2.29870511e-01 -1.92817046e+00
  2.88883345e+02] 1.9471576181721861
[-3.07899734e+00  3.49527553e-02  1.08555260e-01 -2.02064050e+00
  2.87371732e+02] 2.023856214935222
[-2.91626611e+00  3.08056125e-01  1.87301155e-01 -2.05505464e+00
  2.88310096e+02] 2.0864395178858883
[-3.00377057e+00  1.03913960e-01  4.53204891e-01 -2.02128603e+00
  2.89411177e+02] 2.074075697092844
[-3.06831103e+00  1.49734887e-01  1.70453093e-01 -1.83734007e+00
  2.86950063e+02] 1.8512950447148588
[-2.99453104e+00 -3.63855265e-01  6.45947523e-03 -1.79440963e+00
  2.87364896e+02] 1.8309391847958894
[-2.89167589e+00  2.42554264e-01  1.35894396e-01 -1.98045654e+00
  2.89165264e+02] 1.9998769913496468
[-3.00955007e+00  1.78257826e-01 -5.85143173e-02 -1.61961466e+00
  2.86729585e+02] 1.6304451602986045
[-2.95070969e+00  2.78291054e-01 -2.38828066e-01 -2.26942279e+00
  2.88934685e+02] 2.298861578315627
[-2.97641449e+00 -4.98302876e-02  7.16026343e-02 -2.16856748e+00
  2.87142497e+02] 2.170321384292915
[-2.98745039e+00 -3.86832275e-02 -1.04180602e-01 -1.81334959e+00
  2.87954335e+02] 1.8167516942463307
[-2.95533804e+00  1.62148305e-01  7.74783363e-03 -1.76009804e+00
  2.88809214e+02] 1.7675681638558713
[-2.93785641e+00  2.42524792e-01  1.46879481e-01 -1.97729280e+00
  2.90179162e+02] 1.9975181280672138
[-3.01202802e+00  3.83824471e-02 -2.66190558e-01 -2.12202491e+00
  2.89598836e+02] 2.138999842690774
[-3.02382090e+00  2.93251978e-01  8.86557404e-02 -2.23328304e+00
  2.87969768e+02] 2.2541982367512055
[-2.96920370e+00 -1.04985844e-01  2.43054738e-01 -1.90490601e+00
  2.88147471e+02] 1.923217233735421
[-3.00649545e+00  1.49930865e-01 -8.40666616e-02 -1.97218980e+00
  2.87741840e+02] 1.9796664089301954
[-3.05298414e+00  3.13263815e-01  1.97064421e-01 -1.90841712e+00
  2.87797560e+02] 1.943971327605961
[-3.01361800e+00  2.18532465e-01  7.18976090e-02 -2.09157710e+00
  2.88290081e+02] 2.104191164399901
[-3.07669664e+00  1.16011499e-02  9.78696853e-02 -2.26349654e+00
  2.89673110e+02] 2.265641115327928
[-3.05648765e+00 -1.18202849e-01 -1.78714737e-01 -2.10760036e+00
  2.88372034e+02] 2.118464099015638
[-2.90976729e+00  2.93548481e-01  9.35827972e-02 -1.94735611e+00
  2.88911279e+02] 1.9715791354398202
[-2.96426098e+00 -2.31444285e-01 -8.22401356e-02 -2.30636402e+00
  2.90594118e+02] 2.3194061548146934
[-3.02371863e+00  4.36240798e-02 -4.48706979e-01 -2.20383474e+00
  2.89342542e+02] 2.2494729521393344
[-3.02494617e+00 -4.96475872e-02  2.46786511e-02 -2.19934387e+00
  2.88563362e+02] 2.2000425828074808
[-2.89995281e+00  5.33372861e-01  1.04121252e-01 -2.13258266e+00
  2.90488560e+02] 2.200735478527654
[-3.07999602e+00 -2.23434993e-01 -1.85130936e-01 -2.17167732e+00
  2.87876482e+02] 2.190976729541171
[-3.11735849e+00 -2.65811702e-02 -2.59893738e-01 -2.03394689e+00
  2.89165872e+02] 2.0506563025550157
[-2.97815878e+00  2.28518692e-01 -2.21659916e-02 -2.02528589e+00
  2.88287295e+02] 2.0382578528532687
[-3.02302995e+00  8.30936274e-02 -1.31179772e-01 -2.31715182e+00
  2.88861093e+02] 2.322349078995777
[-2.90557547e+00  4.16921512e-02 -4.44639231e-01 -2.22279420e+00
  2.88779775e+02] 2.26721334220726
[-2.92035295e+00  2.19532005e-02  3.20745393e-02 -1.86104742e+00
  2.88180748e+02] 1.8614532566705477
[-2.92362297e+00  3.09809262e-01 -1.38358260e-01 -2.00533800e+00
  2.88705601e+02] 2.0338400380507426
[-2.91993011e+00 -6.55034094e-02  2.72523969e-02 -2.34839104e+00
  2.89184044e+02] 2.3494624612344484
[-3.04737464e+00 -3.57716457e-01  1.05839779e-01 -2.11016435e+00
  2.88505819e+02] 2.142885138788744
[-3.14265819e+00  1.39940995e-01  1.52946854e-01 -2.47631553e+00
  2.88426826e+02] 2.484977832281746
[-3.04835145e+00 -2.56214749e-01 -4.81836951e-02 -2.05819063e+00
  2.88428056e+02] 2.0746364349580904
[-2.98377698e+00 -2.53654386e-01 -1.23987256e-01 -2.07590987e+00
  2.89042404e+02] 2.09502152182407
[-3.01800510e+00  1.23383461e-01 -2.51130813e-01 -1.95554698e+00
  2.90473062e+02] 1.9754630248346592
[-2.96900473e+00 -9.20035917e-02  4.96383623e-02 -2.02413067e+00
  2.88005664e+02] 2.0268284583775995
[-3.04818772e+00  2.12662531e-01 -9.64420098e-02 -2.05328033e+00
  2.89215157e+02] 2.0665155475301353
[-3.02208550e+00  2.88054051e-01 -1.55128632e-01 -2.14974958e+00
  2.88587615e+02] 2.1745030012417486
[-3.05483763e+00 -4.07295848e-02  4.99013949e-02 -2.03757465e+00
  2.89294617e+02] 2.0385925328375682
[-3.00708222e+00  2.42231030e-01  2.90699235e-01 -1.85364448e+00
  2.87887663e+02] 1.8918720306220287
[-3.02926194e+00 -1.91744103e-02  1.54993742e-01 -1.68040873e+00
  2.87804681e+02] 1.6876505050607462
[-2.92819304e+00  1.60923061e-01  3.23216275e-01 -1.79018294e+00
  2.87975354e+02] 1.8262310771813153
[-3.02879442e+00  2.51971815e-01 -1.73683847e-03 -2.03201073e+00
  2.88902292e+02] 2.0475742739707705
[-3.00769300e+00 -1.74808324e-01 -1.37692372e-01 -2.02966993e+00
  2.87341213e+02] 2.0418318181821378
[ -2.99405518  -0.33916829  -0.40284435  -2.08856899 289.31903977] 2.1539357312121785
[-2.96924821e+00 -2.80136864e-01 -1.02091725e-01 -2.01681762e+00
  2.88368612e+02] 2.0387380131650343
[-3.01033074e+00  1.26649756e-01 -2.49179595e-01 -2.03763450e+00
  2.87624111e+02] 2.056717042693588
[-3.14816562e+00 -1.16139309e-02  2.15573586e-01 -1.72435055e+00
  2.85454245e+02] 1.7378123272087582
[-3.03614630e+00 -1.23402428e-01  1.82525710e-02 -2.27781429e+00
  2.88353979e+02] 2.281227577365793
[-3.04619914e+00 -6.31429093e-02  9.37177874e-02 -2.40586793e+00
  2.88623802e+02] 2.4085204034224166
[-2.97911108e+00  1.69627385e-02  1.24339397e-01 -2.08287715e+00
  2.87429100e+02] 2.086654075773596
[-3.10665896e+00 -2.26665059e-01  1.20338937e-01 -2.13479670e+00
  2.88761583e+02] 2.1501663801586313
[-3.05022049e+00 -7.42454072e-01 -2.06390521e-01 -2.02208492e+00
  2.88377468e+02] 2.163946052809687
[-2.99139917e+00 -5.74528923e-03  1.71824995e-01 -2.23426335e+00
  2.89153560e+02] 2.2408680382081196
[-2.89193772e+00 -3.53382159e-01 -1.37688080e-02 -2.27422388e+00
  2.89215599e+02] 2.30155660451817
[-3.05847250e+00  2.31322196e-01  3.30527027e-01 -1.93609070e+00
  2.89288209e+02] 1.9776767327462543
[-3.02645089e+00  3.61544602e-01 -2.43939048e-01 -2.11543092e+00
  2.87657581e+02] 2.159923314216141
[-2.98480238e+00  4.79885786e-01  2.37359948e-02 -2.08868585e+00
  2.88147173e+02] 2.1432364191665787
[-3.07037502e+00 -5.87671535e-02 -2.66681663e-01 -1.66328702e+00
  2.87051991e+02] 1.68555521989623
[-2.97626338e+00 -2.45725152e-01 -2.22302515e-01 -2.24045042e+00
  2.89958468e+02] 2.2648216975440016
[-3.04573682e+00  3.18332908e-02  5.91949260e-02 -2.17737609e+00
  2.87845630e+02] 2.178413193373193
[-2.94585857e+00  6.94471605e-02  7.07864731e-02 -2.07213958e+00
  2.88049259e+02] 2.074511043533056
[-2.95337548e+00 -5.66968978e-02  2.47431248e-01 -1.99953222e+00
  2.87228459e+02] 2.0155807759449966
[-3.07555012e+00 -2.65967550e-01 -1.67491243e-01 -2.07332378e+00
  2.90275668e+02] 2.097013007498408
[-3.11868358e+00 -6.12662563e-02  2.27050335e-01 -2.22166055e+00
  2.89116674e+02] 2.2340727378352754
[-2.93032650e+00  2.34455025e-02 -2.73514117e-01 -1.92127498e+00
  2.88229220e+02] 1.9407877822635546
[-2.97526911e+00  1.74849335e-01  2.10640894e-01 -2.20292173e+00
  2.89002637e+02] 2.2198662214087936
[-2.98334965e+00  8.02459910e-03 -9.31707731e-02 -2.17968215e+00
  2.89365903e+02] 2.181687299470948
[-3.04283216e+00  1.55433691e-01 -3.07322598e-01 -2.12561707e+00
  2.89366439e+02] 2.153335725423465
[-2.98173367e+00  1.54299593e-01  7.22419882e-03 -1.98740316e+00
  2.89089994e+02] 1.9933970667708865
[-2.96379962e+00  2.25888704e-01 -2.20527586e-01 -2.17684206e+00
  2.90351401e+02] 2.1996134848853663
[-3.06948050e+00  1.49223865e-01  1.20908234e-01 -2.26257304e+00
  2.89846452e+02] 2.2707098750292976
[-3.05029719e+00  5.19191478e-02  3.74645648e-02 -2.27695569e+00
  2.88942171e+02] 2.277855655179897
[-2.98726525e+00 -1.43854545e-01  4.60251233e-02 -1.92401734e+00
  2.88585828e+02] 1.9299365727926565
[-2.95266763e+00  1.25246862e-01  1.38207377e-01 -2.18349342e+00
  2.90052596e+02] 2.1914450907712237
[-2.89855369e+00 -1.40552194e-01  1.74885464e-01 -1.68205321e+00
  2.88795404e+02] 1.6969510456477799
[-2.99184116e+00  2.28767843e-01 -2.17067385e-01 -1.78048290e+00
  2.87003601e+02] 1.808195877771543
[-3.06742700e+00  1.07351118e-01  8.15940883e-02 -1.65382660e+00
  2.86740350e+02] 1.6593143986632994
[-3.05281294e+00 -7.48661871e-02 -1.69951825e-01 -1.79411567e+00
  2.87469783e+02] 1.8037016353274242
[-3.05480880e+00  3.66409466e-01 -3.27442061e-02 -2.00349722e+00
  2.87663321e+02] 2.0369902298421247
[-3.04640016e+00  1.25348263e-01 -2.52850534e-02 -1.97288763e+00
  2.88532589e+02] 1.9770273486905827
[-3.06033408e+00  2.36450549e-01  2.40958614e-01 -2.16048645e+00
  2.89411632e+02] 2.186703372080605
[-3.09622823e+00  6.08191082e-02 -1.24712498e-01 -1.87413269e+00
  2.86732454e+02] 1.8792619574952976
[-3.04902547e+00 -5.88981912e-02 -1.33755931e-01 -1.98280870e+00
  2.88399098e+02] 1.988187618159457
[-2.97452390e+00  5.14362065e-03  3.52468983e-01 -1.93694113e+00
  2.87960482e+02] 1.968756400175733
[-2.94959080e+00 -6.81059831e-02 -9.39699413e-03 -1.93162017e+00
  2.89753371e+02] 1.9328432928801567
[-3.07810424e+00 -4.88246165e-02 -8.98529263e-02 -2.21518192e+00
  2.89209425e+02] 2.217541058950224
[-2.95331529e+00  1.33494989e-01  1.99918387e-01 -2.20815209e+00
  2.91189856e+02] 2.2211987595091247
[-2.97640668e+00 -2.66630050e-01  7.32996565e-02 -1.93035298e+00
  2.86606707e+02] 1.950058213588928
[-2.97711176e+00 -2.25997278e-01 -5.22596687e-02 -1.97200879e+00
  2.88470657e+02] 1.9856043144221769
[-2.91390595e+00  1.40883534e-01  2.07603367e-01 -1.58994810e+00
  2.87356212e+02] 1.6096217822334988
[-2.98471783e+00  9.41761959e-02  4.11577044e-01 -2.09759697e+00
  2.89871922e+02] 2.139667703993337
[-3.09927462e+00 -9.69774432e-02 -1.81163372e-01 -2.37423814e+00
  2.88525208e+02] 2.3831138325084114
[-3.02026620e+00  6.19178727e-02 -2.02929534e-01 -1.96062225e+00
  2.87919570e+02] 1.972068414601228
[-3.04405002e+00 -2.48638212e-01 -1.46937592e-01 -2.07789725e+00
  2.88258717e+02] 2.0978723997936415
[-3.11022082e+00 -1.28209660e-01  7.03627747e-02 -2.07184586e+00
  2.88824501e+02] 2.0770011816212026
[-2.94735416e+00 -1.08142580e-02 -1.49258918e-01 -2.03607232e+00
  2.89796871e+02] 2.0415645103406312
[-3.04554519e+00  1.36546581e-01 -1.27515964e-01 -1.79234722e+00
  2.87321313e+02] 1.802058226423063
[-3.07396233e+00  2.97669363e-01  1.07384731e-01 -1.72406355e+00
  2.87933953e+02] 1.7528644143456875
[-2.98321027e+00 -2.31017796e-02  1.64632366e-01 -2.46192828e+00
  2.89314073e+02] 2.467534873777687
[-3.03884585e+00  1.31804099e-03  1.31329030e-01 -1.95185123e+00
  2.88152112e+02] 1.9562648783806997
[-3.00648153e+00 -6.95098934e-02  2.83519713e-01 -2.18292390e+00
  2.88788624e+02] 2.2023559652149722
[-2.93463433e+00 -5.14089397e-02 -2.90953358e-01 -1.91992752e+00
  2.88308319e+02] 1.9425288761713007
[-2.96345839e+00 -7.14969545e-02  2.42234545e-03 -1.72547960e+00
  2.88696569e+02] 1.7269619386076573
[-3.01902396e+00  2.17323947e-01  2.10031207e-01 -2.33093890e+00
  2.87500525e+02] 2.3504508017239303
[-2.97869823e+00  2.50724967e-02  1.98791132e-01 -1.82059623e+00
  2.87078401e+02] 1.8315887009641958
[-2.92769268e+00 -5.55700864e-03 -2.94122116e-01 -2.10801758e+00
  2.89059044e+02] 2.1284446987597407
[-2.93050074e+00  4.64898673e-02 -1.77550638e-01 -1.94169310e+00
  2.87922170e+02] 1.9503480755332576
[-2.97998478e+00 -9.56929016e-02  3.44715761e-01 -1.98634024e+00
  2.88468179e+02] 2.0182996862144473
[-2.98503967e+00 -5.25480883e-02  1.99098374e-01 -1.92081548e+00
  2.89337328e+02] 1.9318213120239924
[-3.08975850e+00  2.09807439e-02  3.22286643e-01 -2.03905670e+00
  2.88379539e+02] 2.064475985406417
[-3.01100932e+00 -1.13870900e-01 -2.26880605e-01 -1.83369890e+00
  2.86705234e+02] 1.851186932497679
[-2.99962084e+00  9.35380392e-02  1.97719055e-02 -1.97830948e+00
  2.88325854e+02] 1.9806182562712884
[-2.93539882e+00 -2.47890964e-02  7.31636820e-02 -1.86729619e+00
  2.88080334e+02] 1.8688933857095287
[-2.92156445e+00  2.75677045e-01 -1.05253772e-01 -2.01476080e+00
  2.88602626e+02] 2.036255700131294
[-3.01076726e+00  1.18182084e-01  9.18816586e-02 -2.57281017e+00
  2.92475256e+02] 2.57716149935013
[-3.04653512e+00  3.22688437e-01  9.57780797e-02 -1.82589722e+00
  2.87573866e+02] 1.8566641884143442
[-3.01228587e+00  3.62498962e-01 -1.14296525e-01 -2.11691575e+00
  2.88574776e+02] 2.1507676539849996
[-3.07960342e+00  1.38311296e-01 -2.33619286e-02 -2.16710432e+00
  2.88437463e+02] 2.1716392265264552
[-3.07176899e+00 -1.89268166e-01 -2.68383894e-01 -2.00555151e+00
  2.87917979e+02] 2.032262090770448
[-3.01955306e+00 -1.20816011e-01 -7.59509980e-02 -1.92985206e+00
  2.88274502e+02] 1.935121198779723
[-2.95524350e+00  2.71055915e-01 -2.32328976e-01 -1.96684413e+00
  2.88339829e+02] 1.9989807125532324
[-3.02509039e+00 -1.76108331e-01  1.44379409e-02 -2.40411264e+00
  2.90067228e+02] 2.4105974766253198
[-2.99150670e+00 -1.90682465e-01  7.99341882e-02 -1.77737188e+00
  2.88425905e+02] 1.7893574460920811
[-2.94235582e+00 -5.16400923e-02 -1.78978517e-01 -2.20658711e+00
  2.88943042e+02] 2.2144359694854225
[-3.03270394e+00  6.67345674e-02  6.39793805e-02 -2.33456813e+00
  2.88790981e+02] 2.336397912555993
[-2.99833920e+00  1.19247349e-01 -1.30922822e-01 -2.02361987e+00
  2.89207559e+02] 2.0313537602926712
[-3.03263740e+00 -1.21553367e-01 -3.00223846e-01 -1.85235714e+00
  2.86813392e+02] 1.8804617951720777
[-3.01433015e+00  1.18928512e-01  1.36251421e-01 -2.33988316e+00
  2.89983908e+02] 2.3468620875417194
[-2.99589203e+00 -2.00102880e-01 -1.33183897e-01 -2.00846262e+00
  2.89472311e+02] 2.022795394412021
[-3.03717766e+00 -1.62986254e-01 -1.51812084e-01 -2.09906172e+00
  2.89508063e+02] 2.1108461652249844
[-2.98428321e+00 -3.84897836e-01 -8.84723783e-02 -2.18886900e+00
  2.89513290e+02] 2.2242124955758977
[-3.09421421e+00 -7.18933503e-02 -2.04489360e-01 -2.26147487e+00
  2.88754167e+02] 2.271839157399398
[-2.95871013e+00 -9.31622469e-02  5.23656868e-02 -2.16517543e+00
  2.89694318e+02] 2.167811340052251
[-2.99992466e+00  1.08202474e-02  4.93445605e-01 -2.15902519e+00
  2.87785281e+02] 2.2147224277846216
[-2.98080534e+00  1.60648010e-01  3.78265742e-01 -2.23081861e+00
  2.88979726e+02] 2.2683572043118567
[-2.97345344e+00  2.94432815e-01  3.91880525e-02 -2.00500018e+00
  2.88759546e+02] 2.0268823634640336
[-2.99407671e+00  1.51477990e-01 -1.08248202e-01 -1.92084709e+00
  2.88034663e+02] 1.929848907988135
[-2.98839034e+00 -1.03454391e-01 -1.13443494e-01 -2.20128176e+00
  2.89281153e+02] 2.2066294684853425
[-3.08343259e+00  9.32780513e-02  4.91431822e-01 -2.05980158e+00
  2.88003065e+02] 2.119667087470419
[-3.04290218e+00 -1.14732335e-01  2.67735195e-02 -1.91611993e+00
  2.86882710e+02] 1.919738504438615
[-3.04206078e+00 -3.60399662e-01 -1.21870987e-01 -2.08246255e+00
  2.87495810e+02] 2.1169295470927048
[-3.08040528e+00 -1.40732967e-01 -2.13863093e-01 -2.07756397e+00
  2.88021085e+02] 2.0932785827339138
[-2.95910748e+00 -3.84105668e-02  1.87358461e-02 -1.73078298e+00
  2.87388276e+02] 1.7313105250231093
[-3.02229861e+00 -1.06272915e-01 -9.39197517e-02 -2.07002243e+00
  2.88905542e+02] 2.0748753439654726
[-2.92949890e+00 -4.49947201e-01  1.77262977e-01 -1.83481228e+00
  2.87702090e+02] 1.8974748327875888
[-3.10157181e+00 -3.25014547e-01 -7.62748977e-02 -2.12240612e+00
  2.87855488e+02] 2.1485018122786865
[-3.05803386e+00  2.50515472e-01  9.47807097e-02 -2.05949955e+00
  2.86928748e+02] 2.0768437112315143
[-3.00130571e+00 -2.69048805e-01  6.62257063e-02 -1.80436303e+00
  2.87551825e+02] 1.825513370399745
[-2.94195021e+00  1.16815132e-01  4.30440104e-02 -2.19286210e+00
  2.89594193e+02] 2.1963931259055935
[-2.92541713e+00  1.37041275e-01  1.16360141e-01 -1.89941210e+00
  2.89014672e+02] 1.9079010230358604
[-3.01874721e+00 -3.36734730e-01  1.72190811e-01 -2.30738087e+00
  2.88698137e+02] 2.3381716032346023
[ -2.95966808  -0.32678744  -0.42208042  -2.04087246 289.19390059] 2.1095265647082995
[-2.96650256e+00  3.31865746e-01 -1.19429193e-01 -1.86449336e+00
  2.88706841e+02] 1.8975599317670917
[-3.03027849e+00  1.57886098e-01  1.41714957e-01 -2.21838047e+00
  2.90019696e+02] 2.228502422501097
[ -3.02301597   0.32386034  -0.29930553  -2.173616   288.77458163] 2.2178989714280855
[-2.99737690e+00  1.89172545e-01  2.63246821e-01 -2.07105924e+00
  2.88183255e+02] 2.096275628985393
[-3.01450037e+00 -1.09199785e-01 -1.75453013e-01 -2.13622134e+00
  2.88731695e+02] 2.146194303194413
[-3.02245037e+00 -1.36369758e-01 -3.56689546e-01 -2.15839473e+00
  2.87162137e+02] 2.1919151368197456
[-3.00374178e+00 -1.67443923e-01 -1.52101417e-01 -1.94357563e+00
  2.87369955e+02] 1.9566958191654975
[-2.98016677e+00 -1.94674278e-01  1.63980250e-01 -2.01252593e+00
  2.87994962e+02] 2.028558159307669
[-3.05905723e+00 -9.45020656e-02 -1.77376247e-01 -1.86968748e+00
  2.87750372e+02] 1.8804585239095601
[-2.94495511e+00  1.81157388e-01 -9.12520015e-02 -2.22547770e+00
  2.89463451e+02] 2.2347026515256445
[-3.07495504e+00 -3.96142611e-01 -1.30138283e-01 -2.25825565e+00
  2.88121231e+02] 2.2964284261974948
[-3.09816664e+00  1.81426982e-01  7.06061393e-03 -2.21692301e+00
  2.87299024e+02] 2.2243455699634183
[-2.95159683e+00 -1.30993684e-02  5.78422315e-02 -1.80427739e+00
  2.86905578e+02] 1.8052518405426252
[-3.03090550e+00 -1.33297349e-01 -3.27396026e-01 -2.22946497e+00
  2.90340042e+02] 2.257314867868767
[-3.01372937e+00 -1.29737977e-01 -5.26727609e-02 -2.50887262e+00
  2.89321300e+02] 2.5127769877936137
[-2.98034713e+00  8.77104672e-02 -5.07148795e-02 -2.03424730e+00
  2.87510258e+02] 2.0367688126462973
[-3.05721205e+00 -3.33248991e-01 -1.22591822e-01 -2.23605249e+00
  2.88153012e+02] 2.2640703083858353
[-2.97413096e+00  9.12105702e-02 -4.24547694e-02 -1.82533297e+00
  2.87516642e+02] 1.8281034541074792
[-2.97765768e+00  2.66775394e-01  6.19803071e-02 -2.10633445e+00
  2.88973596e+02] 2.1240657931420195
[-3.02638915e+00 -1.21048421e-01 -1.94824323e-01 -1.77973269e+00
  2.88578568e+02] 1.7944519183854148
[-3.03929806e+00  1.25719017e-03 -2.25781332e-01 -2.50271199e+00
  2.88592393e+02] 2.5128760591621884
[-3.03601067e+00  3.91748588e-01 -5.97417832e-02 -2.34429300e+00
  2.88728377e+02] 2.3775503620714544
[-2.96086956e+00  2.07180049e-01  1.76383788e-01 -2.14948882e+00
  2.88679123e+02] 2.1666418668907195
[-3.13007899e+00  2.12077996e-01  7.36848392e-02 -2.27220643e+00
  2.88419268e+02] 2.283271468708619
[-3.08403309e+00  1.24591670e-01  7.57751926e-02 -1.75420350e+00
  2.87265096e+02] 1.7602542088453217
[-2.99536704e+00 -1.96796215e-01  1.17781977e-01 -1.98307990e+00
  2.88597490e+02] 1.9962983867623032
[-2.97438472e+00  4.86395531e-03 -6.73374453e-02 -2.27824028e+00
  2.88743025e+02] 2.2792403937940757
[-3.05940906e+00  6.18295388e-02 -1.78523493e-02 -1.89813779e+00
  2.88011327e+02] 1.8992284369140064
[-3.05421301e+00 -9.52163356e-02 -2.67542754e-02 -1.87840250e+00
  2.89508704e+02] 1.8810044913450799
[-3.02550100e+00  6.88931688e-02  5.56872238e-02 -1.99832503e+00
  2.89105510e+02] 2.000287544251526
[-3.03023991e+00 -2.92536917e-01  2.51081351e-01 -2.08270219e+00
  2.89727666e+02] 2.1180812300980265
[-2.94114408e+00  2.40133736e-01  8.29767298e-02 -1.54812474e+00
  2.86414771e+02] 1.5688338188098183
[-3.10361816e+00 -1.85969774e-01  9.46551381e-02 -2.23372951e+00
  2.88860159e+02] 2.2434553389514944
[-3.08480297e+00 -4.06883609e-02 -2.51582405e-01 -2.05006654e+00
  2.87485187e+02] 2.0658465773339056
[-2.96592755e+00 -1.60722093e-01  3.38201737e-01 -1.82847181e+00
  2.88589917e+02] 1.8664193414213432
[-3.04098916e+00  3.62642609e-01 -1.22871739e-02 -2.14824424e+00
  2.88878975e+02] 2.1786725246290835
[-2.98598619e+00 -2.89358336e-02 -3.35164121e-01 -1.83036153e+00
  2.89534639e+02] 1.8610200458171746
[-3.02301225e+00  4.75490965e-01 -1.79265098e-01 -1.92660810e+00
  2.88201243e+02] 1.9924975281789536
[-3.03843002e+00  1.58621457e-01 -1.40308098e-01 -2.04615254e+00
  2.89233401e+02] 2.0570822407056677
[-2.91009796e+00 -2.41673347e-01 -8.32617133e-02 -2.07595963e+00
  2.89717649e+02] 2.0916373731610385
[-2.99648216e+00  3.22699790e-01  9.83217171e-02 -2.13523799e+00
  2.89455483e+02] 2.161722363527268
[-3.02326429e+00 -2.10424038e-01  1.40486863e-01 -1.98950512e+00
  2.88720396e+02] 2.0055287265869945
[-2.98749889e+00 -2.85598927e-01  5.92764521e-02 -2.34667535e+00
  2.90721215e+02] 2.3647337341687886
[-3.01496793e+00  4.86921449e-02 -6.74845021e-02 -2.05539764e+00
  2.90633224e+02] 2.057081559204155
[-2.98853012e+00  1.34550401e-01 -1.43280121e-03 -1.87157263e+00
  2.87535113e+02] 1.8764034679957298
[-2.99200034e+00 -1.18217117e-01  1.52965993e-02 -1.93668554e+00
  2.87600168e+02] 1.9403505188275112
[-3.01868605e+00 -3.56480479e-03  4.19926184e-04 -2.23311227e+00
  2.89373570e+02] 2.233115155396816
[-2.93140809e+00  1.46491925e-01 -2.93074897e-01 -2.27444155e+00
  2.89416596e+02] 2.2979201814556762
[-3.01298620e+00 -1.73203524e-01 -5.00118882e-01 -2.11824322e+00
  2.87205706e+02] 2.1833627026552698
[-3.00437861e+00 -1.01368204e-01  2.18977072e-02 -1.86531575e+00
  2.88296552e+02] 1.8681964200169174
[-2.90332260e+00  4.34608561e-02 -2.42128235e-01 -2.05176460e+00
  2.88631266e+02] 2.0664590213310143
[-3.08843913e+00  8.18722312e-02 -8.74095476e-02 -1.86373146e+00
  2.88184259e+02] 1.8675755503331106
[-2.98146934e+00 -3.73280632e-01  3.05742097e-02 -2.26733746e+00
  2.89857570e+02] 2.298062746483747
[-3.07090344e+00  1.39327839e-02 -1.69736208e-01 -2.21819880e+00
  2.87808312e+02] 2.2247270452756216
[-2.88003365e+00 -2.51463242e-01  1.29752754e-01 -1.90547504e+00
  2.88993436e+02] 1.9263708534533321
[-2.99975803e+00 -2.98184693e-02 -7.52315525e-02 -2.09937176e+00
  2.89023447e+02] 2.10093091798771
[-2.98457683e+00 -1.88725207e-01  5.74832568e-02 -2.22851033e+00
  2.90550457e+02] 2.237225919459363
[-3.00664693e+00 -2.83755056e-02  6.37568461e-02 -1.98639295e+00
  2.88852858e+02] 1.9876184398688077
[-2.96069065e+00 -2.46145282e-02 -1.06736767e-01 -1.93921168e+00
  2.88297743e+02] 1.942302895812185
[-2.92912937e+00 -8.02384019e-02 -3.80161970e-01 -2.05922214e+00
  2.88238600e+02] 2.0955565194251062
[-2.92415899e+00 -2.20063991e-01 -1.21072872e-01 -1.69881871e+00
  2.87117036e+02] 1.717286178560207
[-2.93626785e+00  1.68629120e-01 -2.67228344e-02 -2.49728273e+00
  2.90197969e+02] 2.5031122498231664
[-3.10415040e+00 -1.78545847e-01  3.88974081e-01 -1.98241167e+00
  2.88463558e+02] 2.0280866594877534
[-3.08962096e+00 -1.31485137e-01 -2.56878109e-01 -2.03766788e+00
  2.88120886e+02] 2.058000264326354
[-2.96255536e+00  1.72895525e-01 -3.74025704e-01 -2.10128080e+00
  2.88151942e+02] 2.1413007914246176
[-3.11447105e+00 -1.84085886e-01 -1.89308931e-01 -2.01699820e+00
  2.87419162e+02] 2.0342092365578868
[-3.10237600e+00 -1.26023900e-01 -4.86073599e-01 -2.00402970e+00
  2.87905284e+02] 2.065982722001215
[-3.10715406e+00 -4.71342365e-02  1.97789778e-01 -1.76926983e+00
  2.87771011e+02] 1.7809149806418954
[-2.93605159e+00 -2.53914482e-01 -2.93078404e-01 -1.74265709e+00
  2.88976215e+02] 1.7852790350060113
[-3.05179033e+00 -2.06098874e-01 -1.90983953e-01 -1.72217556e+00
  2.87644998e+02] 1.7449470707470771
[-2.91201645e+00 -2.50058451e-02 -1.60582244e-01 -1.97217779e+00
  2.88972644e+02] 1.9788625994667663
[-3.10096414e+00  6.71346524e-02 -9.10309787e-02 -1.99237321e+00
  2.88154903e+02] 1.995581292157016
[-3.03638365e+00  6.40763399e-02 -2.34992613e-01 -1.93750584e+00
  2.87129951e+02] 1.9527560513137905
[-2.89015461e+00 -2.36155590e-01 -1.97440249e-01 -2.10432428e+00
  2.89703379e+02] 2.1267187813706054
[-3.06254562e+00 -8.65512308e-02 -2.95453798e-01 -2.03679580e+00
  2.87406383e+02] 2.0599323316690996
[-3.01867624e+00 -2.43184364e-02  2.44692180e-02 -2.43256064e+00
  2.88939791e+02] 2.4328052486074667
[-2.99500695e+00 -3.26265433e-01  1.97244171e-01 -2.16523114e+00
  2.89204358e+02] 2.1985404898065313
[-2.88264947e+00  1.31461216e-01 -1.49446333e-01 -2.33001453e+00
  2.89968412e+02] 2.3385003675309655
[-2.96568152e+00 -2.03325966e-01  8.90052167e-02 -1.95834360e+00
  2.89604054e+02] 1.9708812783495822
[-2.96419333e+00 -1.20223841e-01  1.42226836e-01 -1.99898765e+00
  2.88323843e+02] 2.007643855658296
[-2.91160514e+00 -2.27976442e-01 -1.27283935e-01 -2.04732849e+00
  2.89447725e+02] 2.063910947801005
[-2.99166436e+00 -2.24324392e-03 -1.23645912e-01 -2.03511244e+00
  2.88261804e+02] 2.0388663439287176
[-3.04408515e+00  2.35714529e-02  4.69222886e-02 -1.98021059e+00
  2.87612151e+02] 1.9809066839705463
[-2.97559590e+00  2.42669861e-01 -1.53377305e-02 -2.00810471e+00
  2.88235728e+02] 2.022772458962696
[-2.96255329e+00 -9.15119318e-02  2.85139536e-02 -2.03351496e+00
  2.88823777e+02] 2.0357727163518717
[-3.10230581e+00 -1.02389819e-01  7.69505818e-02 -1.92978367e+00
  2.87094801e+02] 1.9340294899888808
[-3.00877794e+00  2.00878080e-01  4.93032456e-02 -1.84421785e+00
  2.88455027e+02] 1.8557807752729207
[-3.03564798e+00 -1.07332850e-01 -3.21396310e-01 -2.00706630e+00
  2.89027310e+02] 2.0354682639908894
[-3.03058346e+00 -2.09471675e-01 -4.42824707e-02 -2.33644707e+00
  2.87852744e+02] 2.346236181805855
[-2.97846826e+00 -1.45283592e-01  1.39358219e-01 -2.15263200e+00
  2.89063427e+02] 2.1620251105717307
[-3.02425569e+00  1.44248289e-01  2.40034307e-01 -1.91563396e+00
  2.88861128e+02] 1.93599522250107
[-3.04075319e+00 -1.94109647e-01 -3.94752290e-01 -1.60238009e+00
  2.87480342e+02] 1.6616647929768698
[-3.01669830e+00  2.70577769e-01 -2.30790149e-01 -2.21964494e+00
  2.90698907e+02] 2.2479546400714003
[-3.01731789e+00  1.43512165e-01  3.98593948e-01 -1.89321365e+00
  2.87695573e+02] 1.9400337105227938
[-3.01716893e+00  2.37112479e-01 -1.07475282e-02 -2.25650518e+00
  2.87890297e+02] 2.2689542624086916
[-2.98762135e+00  2.56614975e-01  3.74065288e-02 -2.04624332e+00
  2.87894652e+02] 2.062610531766814
[-2.97405801e+00 -2.39389231e-01  1.35943060e-01 -1.67154142e+00
  2.88517614e+02] 1.6940597531532002
[-2.94128045e+00 -2.41981326e-01  2.48252452e-01 -2.13669182e+00
  2.88821727e+02] 2.164633033562973
[-2.93412645e+00 -1.07914653e-01  3.08894901e-01 -2.00014292e+00
  2.88707577e+02] 2.026729712423286
[-3.06478917e+00 -2.09430493e-01 -2.51887514e-01 -2.02445690e+00
  2.88648482e+02] 2.0507886727377547
[ -2.99940854  -0.30182841   0.38177986  -2.13683225 288.655614  ] 2.191553860031811
[-2.90970325e+00 -1.46839938e-01  6.56788636e-02 -1.73112323e+00
  2.87185690e+02] 1.738580834693068
[-3.04546872e+00 -6.94520057e-02 -6.89739103e-02 -1.65389347e+00
  2.86648731e+02] 1.6567874311892063
[-2.92122762e+00  1.86940419e-04 -1.35345582e-01 -1.66405638e+00
  2.87559093e+02] 1.6695514668591702
[-3.04130670e+00  1.01375557e-01 -1.25262364e-01 -2.07463903e+00
  2.88020873e+02] 2.080887971444363
[-2.93388260e+00 -1.71124286e-01 -3.03134857e-02 -1.89476085e+00
  2.88494774e+02] 1.9027141387471946
[-3.02472609e+00  7.90189485e-02 -7.32456174e-02 -1.95786368e+00
  2.88770993e+02] 1.9608261238939864
[-3.05886991e+00 -1.57168463e-02 -3.58122676e-01 -2.20075659e+00
  2.88996638e+02] 2.2297597230158104
[-2.99710340e+00 -1.98898598e-01 -3.23624234e-02 -2.18084607e+00
  2.88657519e+02] 2.1901364199701985
[-3.00888623e+00 -2.54836278e-01 -3.75206013e-01 -2.15966340e+00
  2.90247367e+02] 2.2067775298204833
[-2.96698959e+00 -2.46669306e-01 -1.28902369e-01 -2.12606304e+00
  2.87736254e+02] 2.144202789706839
[-2.96042141e+00 -1.00325701e-01 -1.80586496e-01 -1.79496046e+00
  2.88807252e+02] 1.806809280269282
[-3.01786305e+00  1.71356373e-01  3.34013026e-01 -2.05086680e+00
  2.89288459e+02] 2.0849418113515674
[-3.09498995e+00 -1.73188444e-01  2.36241575e-01 -2.05257336e+00
  2.88340963e+02] 2.073369655056216
[-2.99731932e+00  8.86215066e-03  5.89151594e-02 -2.49254434e+00
  2.90837444e+02] 2.493256267891967
[-3.05126261e+00 -1.39078932e-01  1.46687873e-01 -2.20278791e+00
  2.88565000e+02] 2.212043141879071
[-3.01440285e+00  1.34438247e-01  1.76187185e-01 -1.76740116e+00
  2.87727224e+02] 1.7812418176851137
[-2.98337478e+00  7.82358030e-02 -6.91106426e-03 -1.96049181e+00
  2.89852386e+02] 1.962064406072744
[-2.95406324e+00 -4.61972433e-02  1.37967033e-01 -2.04496175e+00
  2.90257228e+02] 2.0501311314139783
[-3.08215888e+00 -1.88784260e-01 -2.21815820e-01 -2.15722533e+00
  2.88163738e+02] 2.176801064010152
[-3.07168629e+00  1.24890430e-01 -9.15842543e-02 -2.25320056e+00
  2.87851530e+02] 2.258516787146668
[-3.02414504e+00 -1.37834566e-01  1.45611349e-01 -1.79077006e+00
  2.86450844e+02] 1.801959613370801
[-2.94164901e+00 -2.08645588e-01  1.70837699e-01 -2.26325165e+00
  2.88958495e+02] 2.2792600794049354
[-3.04799538e+00 -1.74216493e-01 -8.15912012e-03 -2.16566573e+00
  2.88817082e+02] 2.172677154874041
[-3.04718320e+00 -1.69191736e-01  2.14146064e-01 -2.11663709e+00
  2.87727719e+02] 2.134159537606606
[-3.09883966e+00 -1.44870243e-01  9.24925201e-02 -2.35884191e+00
  2.88057935e+02] 2.3650956450386733
[-2.92270776e+00 -1.71703354e-01  3.67986316e-01 -2.15418382e+00
  2.89401089e+02] 2.1921231469501175
[-2.93369071e+00  2.06969444e-01  2.03360840e-02 -1.76148687e+00
  2.87897098e+02] 1.7737209206420235
[-2.97875223e+00  1.14084000e-01  1.74035253e-01 -1.94376992e+00
  2.90168022e+02] 1.95487721494914
[-2.99656377e+00  3.73842429e-01  1.44014838e-01 -2.12812935e+00
  2.89967484e+02] 2.16550986005831
[-3.09431870e+00 -3.34276715e-02  2.24045273e-01 -2.26556522e+00
  2.88191597e+02] 2.276861756402267
[-3.06854173e+00 -5.32778372e-02 -3.74838148e-01 -2.19584816e+00
  2.89355101e+02] 2.228248479830926
[-3.01304317e+00  2.95696477e-01 -1.74312539e-01 -2.55247070e+00
  2.91436388e+02] 2.5754471343967102
[-3.08216917e+00 -3.26919242e-02 -6.45676950e-02 -1.93059726e+00
  2.88099196e+02] 1.9319532963679558
[-2.96403775e+00  5.46881060e-02 -9.52151720e-03 -1.88202563e+00
  2.88134076e+02] 1.8828440999393254
[-2.97554628e+00 -2.25688485e-01  1.10157281e-01 -2.11524326e+00
  2.88454490e+02] 2.130099519149965
[-3.11568654e+00 -1.82646147e-01 -1.61327252e-01 -1.66074727e+00
  2.84962325e+02] 1.67853137996679
[-2.95253395e+00 -1.16815660e-02  1.50182129e-01 -1.72628303e+00
  2.88347152e+02] 1.732842817528248
[-3.07072833e+00  6.08881450e-02 -1.11350051e-02 -1.70750299e+00
  2.87553811e+02] 1.7086245343149953
[-3.01988462e+00  4.52199846e-02  7.12676637e-02 -2.06847949e+00
  2.87424023e+02] 2.070200789706031
[-3.03508522e+00 -4.52968454e-01 -2.95291214e-02 -1.95571120e+00
  2.89030135e+02] 2.007699853151516
[-3.06289806e+00  4.00288599e-02 -2.25760286e-01 -1.94012995e+00
  2.88915988e+02] 1.9536310446026601
[-2.96469427e+00  2.84579790e-01  2.45152133e-02 -2.12069284e+00
  2.88564908e+02] 2.139842229676981
[-3.01691487e+00  1.84639581e-02 -2.61470548e-01 -2.02026039e+00
  2.88179640e+02] 2.037194099493831
[-2.99045219e+00  1.83124515e-01  2.63630995e-02 -1.96886608e+00
  2.89127792e+02] 1.97753969109906
[-2.93535874e+00  3.28377451e-01 -2.51514505e-02 -1.83645299e+00
  2.88043640e+02] 1.8657502320515023
[-2.95621163e+00  1.19182142e-01 -1.57176259e-01 -1.80688233e+00
  2.87537192e+02] 1.8176172649599291
[-3.01512372e+00 -3.34921698e-01 -3.76530630e-02 -2.03570043e+00
  2.87717484e+02] 2.0634113805806944
[-3.04288711e+00  1.95434176e-01 -2.01190492e-01 -2.02152041e+00
  2.88549715e+02] 2.040886299491892
[-3.04635948e+00 -1.83581600e-01  1.51220757e-01 -1.83199258e+00
  2.87936728e+02] 1.8473675156268847
[-3.08273687e+00 -3.46814799e-02 -1.34098904e-01 -2.30980265e+00
  2.89009251e+02] 2.313951949131465
[-3.03125869e+00  2.34285491e-01 -2.36631026e-01 -2.14056183e+00
  2.88277122e+02] 2.1663076560437067
[-3.00667133e+00 -1.57913353e-01 -5.43367643e-02 -1.73069041e+00
  2.87462129e+02] 1.7387289624242501
[-3.13419259e+00 -1.43953771e-01  5.80690196e-01 -2.15427902e+00
  2.86223047e+02] 2.235809003495514
[-2.95845232e+00  1.57352422e-01 -1.60904595e-02 -2.15051103e+00
  2.89805695e+02] 2.1563201051312837
[-2.98862206e+00  2.56975306e-02 -3.20128926e-01 -1.97380282e+00
  2.90020290e+02] 1.9997601024388039
[-2.97308133e+00  8.84557558e-02  2.37594791e-01 -1.99245307e+00
  2.89043367e+02] 2.008518099133808
[-3.04932864e+00  3.11184199e-01  7.17878533e-02 -2.21060198e+00
  2.88605798e+02] 2.2335510340565063
[-3.04288888e+00 -1.14138892e-01  2.64710228e-02 -2.03761855e+00
  2.88130446e+02] 2.040984508913159
[-3.03283156e+00 -1.38207208e-01 -2.66965987e-01 -1.99050018e+00
  2.86118658e+02] 2.013073032550149
[-3.10019702e+00 -7.26130006e-02 -1.75386421e-01 -2.07433076e+00
  2.86908160e+02] 2.0829981136382827
[-2.95667384e+00  3.07075928e-01  2.00084679e-01 -2.03803760e+00
  2.89068992e+02] 2.070730976617988
[-3.04610578e+00 -1.72935592e-01  8.74018416e-02 -2.07320249e+00
  2.87934452e+02] 2.082237825072302
[-2.97119612e+00  1.35658584e-02  2.00075106e-01 -1.90023202e+00
  2.88082879e+02] 1.9107840804696148
[-3.00554800e+00 -4.00353000e-01 -3.48435111e-02 -2.12078314e+00
  2.89220833e+02] 2.158522118453638
[-3.05546920e+00  6.10004966e-02 -1.37162293e-01 -1.81059937e+00
  2.88143492e+02] 1.8168116707341018
[-2.95710357e+00  1.19487521e-02 -1.25443741e-01 -1.86325244e+00
  2.87609999e+02] 1.867508655049598
[-3.05137127e+00 -1.14002340e-01  1.95394454e-01 -2.09260307e+00
  2.89684568e+02] 2.1047952722882304
[-3.08781177e+00 -2.15846645e-02 -1.74768492e-01 -1.95834005e+00
  2.87950698e+02] 1.9662415080609452
[-2.95165655e+00 -3.50689610e-02 -2.17468839e-01 -2.02731789e+00
  2.88487753e+02] 2.039249952220877
[-3.07568329e+00  2.66174934e-01 -1.48087808e-01 -2.30822952e+00
  2.88802464e+02] 2.328240238913786
[-2.93719739e+00 -8.73527466e-03 -8.99070870e-02 -1.59188360e+00
  2.87169071e+02] 1.5944444163082558
[-3.04728855e+00 -2.88418072e-01  9.30618082e-02 -2.11720024e+00
  2.88013606e+02] 2.138780569372227
[-3.01120776e+00  1.36998733e-01 -3.62041233e-01 -2.06320318e+00
  2.89596570e+02] 2.0992022024122914
[-3.10411540e+00  2.99819247e-01  3.51751679e-03 -2.12835695e+00
  2.87715860e+02] 2.149373689262867
[-2.98739342e+00  8.80230720e-02 -8.04233487e-02 -2.15669876e+00
  2.89500713e+02] 2.159992015526759
[-2.96238791e+00 -2.63507614e-01  2.54600742e-02 -1.77313278e+00
  2.86659529e+02] 1.7927867541833744
[-2.94829015e+00 -1.59185517e-01  6.53717498e-02 -2.18242536e+00
  2.87060198e+02] 2.1891993838164088
[-3.00356215e+00 -4.73018702e-02  1.45587314e-01 -1.81665774e+00
  2.89253816e+02] 1.8230958480539796
[-2.98674301e+00  4.40879926e-02  4.55136952e-01 -2.08026454e+00
  2.89192626e+02] 2.129928161174219
[-3.00008006e+00  7.88691443e-02 -2.88975323e-01 -2.09522383e+00
  2.89746513e+02] 2.116527810019385
[-3.04173556e+00  1.61922354e-01  3.04314423e-01 -1.95317113e+00
  2.87086590e+02] 1.9833566444131732
[-2.95244138e+00 -1.29271215e-01  2.19308304e-01 -1.95055840e+00
  2.87543100e+02] 1.9671007199731108
[-2.98681679e+00 -1.29114185e-01  1.41800248e-02 -1.90129345e+00
  2.88121282e+02] 1.905725141254481
[-3.00839257e+00  8.61774769e-02  9.59339704e-02 -2.18036632e+00
  2.88262213e+02] 2.18417654394126
[-3.05721713e+00 -2.88411458e-01  8.89830025e-02 -2.01400246e+00
  2.88676847e+02] 2.0364933216013448
[-3.03490707e+00  1.90759817e-02 -3.85959018e-01 -1.83518451e+00
  2.87318384e+02] 1.8754280652355757
[-3.05737719e+00 -3.37326285e-02 -2.63010570e-01 -1.90218431e+00
  2.87723670e+02] 1.9205774126468311
[ -3.05248445   0.31472549   0.34843902  -1.98822335 288.82144265] 2.0429131079676943
[-2.92850309e+00  2.77757167e-01  2.87599916e-01 -1.91548966e+00
  2.88726695e+02] 1.9567737206195155
[-3.00966684e+00 -1.46412047e-01  1.53026569e-01 -2.12556460e+00
  2.90157128e+02] 2.1360895289700372
[-2.97952671e+00 -1.21661517e-01 -1.21648895e-01 -2.30369847e+00
  2.89311910e+02] 2.310113981678389
[-3.06039297e+00 -3.61066055e-02 -4.92825493e-01 -2.13222108e+00
  2.88835316e+02] 2.188731910478737
[-2.95871670e+00  9.38571003e-02 -1.01855959e-01 -1.94776991e+00
  2.88645539e+02] 1.9526882485335746
[-3.02042877e+00 -6.62892776e-02  2.48380900e-01 -2.08068244e+00
  2.88485160e+02] 2.0965034586284808
[-3.14339964e+00 -6.83989842e-02  2.26068268e-01 -1.75287976e+00
  2.87637256e+02] 1.76872065371282
[-3.04090975e+00 -7.50974140e-03  2.90311764e-02 -2.06086236e+00
  2.88283466e+02] 2.0610805095992597
[-3.02543710e+00 -2.74244956e-02  5.18902405e-02 -1.99601710e+00
  2.88274083e+02] 1.9968798026884025
[-3.08609306e+00  8.08075147e-02 -2.37744129e-02 -2.12703794e+00
  2.88492627e+02] 2.1287051144416114
[-3.03248231e+00  5.02646868e-02 -1.31636385e-01 -1.99081103e+00
  2.87655442e+02] 1.9957913802856644
[-2.97727112e+00 -3.42698765e-01  2.39106468e-02 -2.07743422e+00
  2.88503983e+02] 2.1056464823624816
[-3.01083468e+00 -2.67683867e-01 -6.05622263e-02 -1.82117804e+00
  2.88294573e+02] 1.8417415334259986
[-2.93541465e+00  4.57489698e-02 -8.14365233e-03 -2.28750060e+00
  2.88979716e+02] 2.287972522640125
[-2.96533978e+00  8.87898598e-02 -7.72658763e-02 -2.16697444e+00
  2.90098461e+02] 2.1701686331112016
[-2.94511871e+00  2.23821553e-01  9.51628345e-02 -1.91168701e+00
  2.87948970e+02] 1.9270960714168857
[-2.97507268e+00  2.16028749e-01  2.38432186e-01 -1.85255435e+00
  2.88070656e+02] 1.8802861307218068
[-2.98282368e+00 -2.25370298e-01 -6.15449572e-02 -1.79623024e+00
  2.87420398e+02] 1.8113593266922523
[-3.06159510e+00 -3.14059337e-01  8.18452715e-02 -2.10662790e+00
  2.88107194e+02] 2.131481416289093
[-2.97398004e+00  8.94416293e-02 -2.23808020e-02 -1.81668454e+00
  2.86360656e+02] 1.8190226545557302
[-2.89750678e+00  3.12927644e-01  2.76971490e-01 -1.93769450e+00
  2.88920145e+02] 1.9822454191774406
[-2.96606351e+00 -1.03563347e-01 -1.48475900e-01 -2.09231531e+00
  2.89103941e+02] 2.1001318557410515
[-2.95096592e+00  1.91695948e-01 -2.43204203e-01 -2.19119370e+00
  2.89734156e+02] 2.212967565760795
[-2.97158930e+00  4.18774865e-02  3.45060745e-01 -2.22728421e+00
  2.88830441e+02] 2.254243910607352
[-3.00016806e+00  1.93312539e-01  2.70445442e-01 -1.73041838e+00
  2.87905956e+02] 1.7620607899653824
[-2.89895443e+00  1.85921468e-01  1.70412996e-02 -2.14640222e+00
  2.89672210e+02] 2.154506831412156
[-2.93282972e+00  9.45671589e-02  1.96689537e-01 -2.15903897e+00
  2.89833171e+02] 2.170041238471019
[-2.93990797e+00 -2.85778772e-01 -8.57588901e-02 -1.73363716e+00
  2.88617194e+02] 1.7591253170741386
[-2.94317489e+00  1.62469485e-01 -2.14177640e-02 -2.24552148e+00
  2.89083626e+02] 2.2514932341438954
[-2.97699285e+00 -2.34323773e-01  1.86209587e-01 -2.17551659e+00
  2.87654515e+02] 2.196008670778852
[-3.02523364e+00 -7.42366398e-02 -4.23690087e-02 -1.58347147e+00
  2.87138247e+02] 1.585776816616378
[-3.02300948e+00  7.56145453e-02  1.76579506e-02 -1.99048652e+00
  2.87982554e+02] 1.9920004914185059
[-2.98752426e+00 -1.27656498e-02 -1.82219399e-01 -2.26143713e+00
  2.88538582e+02] 2.2688024906449415
[-2.99100594e+00 -3.25189464e-01 -1.35524446e-01 -1.72508567e+00
  2.87252523e+02] 1.760691807943802
[-2.92435232e+00 -1.48936730e-01  2.00896993e-01 -1.94682331e+00
  2.89098800e+02] 1.9628200988633662
[-3.00465322e+00 -2.38848081e-01 -3.75356587e-02 -2.10225160e+00
  2.88618126e+02] 2.1161094311884936
[-2.98824324e+00  1.18873142e-01  2.46319927e-01 -1.83994488e+00
  2.87728448e+02] 1.860161688781103
[-2.96456813e+00 -1.75304715e-02  1.69333982e-01 -1.78285198e+00
  2.85991679e+02] 1.7909613320381963
[-3.04538494e+00  1.91475145e-01 -1.94345261e-01 -2.14441826e+00
  2.89509325e+02] 2.161703609508698
[-3.04451641e+00  6.21850511e-02 -4.05105749e-01 -2.08056637e+00
  2.87116398e+02] 2.1205504165464855
[-3.06782914e+00 -1.59848127e-01  2.80781846e-01 -2.05472724e+00
  2.87519653e+02] 2.079974498026739
[-3.01336124e+00  9.67970506e-02 -2.07943434e-01 -2.18824010e+00
  2.88805449e+02] 2.20022836504586
[-3.05522936e+00 -1.39869949e-01 -5.09225987e-02 -2.27830767e+00
  2.88842023e+02] 2.283165026387093
[-2.92282686e+00  2.55507901e-02  5.75075740e-02 -2.09737545e+00
  2.89178354e+02] 2.09831926711743
[-3.07106142e+00  8.59238220e-02 -1.60405110e-01 -2.10988954e+00
  2.87854062e+02] 2.1177220223723228
[-3.00719114e+00 -1.19400825e-01  1.64504649e-01 -1.75313154e+00
  2.86964889e+02] 1.7648763544539559
[-3.01152312e+00  1.81958997e-01  9.32014644e-02 -1.86823215e+00
  2.87954786e+02] 1.879384726158144
[-3.01946326e+00 -5.23551937e-02  8.42768299e-02 -1.79941141e+00
  2.88424915e+02] 1.8021445797466458
[-2.94333230e+00 -5.23029458e-02 -1.16988577e-01 -1.69854331e+00
  2.87430325e+02] 1.7033705731228324
[-2.98346559e+00 -3.37354327e-01 -2.52151022e-03 -1.93770361e+00
  2.88249599e+02] 1.9668527123130326
[-2.99680964e+00 -2.95654759e-02  3.40931634e-01 -1.79844794e+00
  2.88054971e+02] 1.830716655168947
[-2.97074473e+00  2.44194606e-02 -4.47507486e-02 -1.88611099e+00
  2.87820693e+02] 1.8867998355010775
[-3.02618425e+00  6.15726629e-02 -6.07804212e-02 -1.91081892e+00
  2.86991043e+02] 1.9127766213426975
[-3.05774820e+00  6.09884136e-02 -1.35687510e-01 -2.05766860e+00
  2.89237798e+02] 2.0630392002493587
[-3.03245652e+00 -3.43174465e-01  1.58027915e-01 -2.18932269e+00
  2.88710760e+02] 2.22168300462391
[-2.97878666e+00  1.55429616e-01  1.91475349e-01 -2.16280596e+00
  2.89616158e+02] 2.176821261702992
[-2.99913323e+00 -2.95331666e-01  6.96586227e-03 -2.04929755e+00
  2.89247290e+02] 2.0704805612567867
[-3.15223678e+00  1.66005422e-01  1.38596783e-01 -1.80382573e+00
  2.85961669e+02] 1.8167427218202514
[-2.96861767e+00  3.96816802e-02  1.09372596e-01 -2.40893951e+00
  2.90220045e+02] 2.411747615209866
[-2.97845901e+00 -1.94719329e-01 -1.79686626e-01 -2.24817997e+00
  2.88635547e+02] 2.2637393973643425
[-3.01977446e+00 -1.77113716e-01 -2.95467369e-01 -1.91585838e+00
  2.87526533e+02] 1.9465825394383354
[-3.03988983e+00  6.10983930e-02 -1.15045884e-01 -1.88218740e+00
  2.86355925e+02] 1.8866896832265978
[-3.00995531e+00 -6.25850883e-03 -2.63996030e-02 -2.03810974e+00
  2.87477865e+02] 2.038290314432269
[-2.93122254e+00  1.13074122e-01  2.24690333e-02 -1.98383055e+00
  2.88499045e+02] 1.9871774590524853
[-3.06185639e+00 -3.71373973e-02 -2.17344753e-01 -1.75063523e+00
  2.87411824e+02] 1.7644663845779067
[-3.03027092e+00  2.17650586e-01  6.87979842e-02 -1.99007813e+00
  2.88262230e+02] 2.003126528618885
[-3.00212165e+00 -9.22612917e-02  3.50799655e-01 -2.28488794e+00
  2.88619889e+02] 2.313500693376994
[-2.91425744e+00 -8.66989535e-03 -3.37117060e-01 -1.84559412e+00
  2.88990053e+02] 1.876150510054247
[-3.03834965e+00 -6.62605240e-02 -8.48077031e-02 -1.79934128e+00
  2.87754781e+02] 1.802557032017581
[-3.06375843e+00  1.10937043e-01  1.51036991e-01 -2.11059307e+00
  2.89635955e+02] 2.1188964826192307
[-3.08746222e+00  3.82852617e-02  2.10483059e-01 -2.06271691e+00
  2.88356602e+02] 2.0737815528580534
[-2.93988284e+00 -3.17137261e-01  1.33105277e-01 -2.06991329e+00
  2.87548236e+02] 2.098293132304286
[-2.97656714e+00 -6.95696565e-02  7.35737133e-02 -1.83595856e+00
  2.88446666e+02] 1.8387487264467801
[-2.97904983e+00  2.05467606e-01  2.31919316e-02 -2.07274791e+00
  2.88091396e+02] 2.0830359342295743
[-2.99519023e+00 -2.37349877e-01  7.41477812e-02 -2.29543857e+00
  2.88521190e+02] 2.308867926387653
[-2.97116809e+00 -2.75012610e-01 -7.85827545e-02 -1.88644932e+00
  2.89579765e+02] 1.9080089635992907
[-3.07393838e+00 -1.84570894e-01  3.50582585e-01 -2.21544203e+00
  2.86629110e+02] 2.2505905756124767
[-3.01611920e+00  2.54995093e-02  1.37243602e-01 -2.21705004e+00
  2.91313661e+02] 2.2214402769693367
[-2.98612013e+00  1.84664773e-02  2.07425402e-01 -1.97671073e+00
  2.89032779e+02] 1.9876497767477652
[-2.92691876e+00  1.15113734e-02  3.07068168e-02 -1.98537914e+00
  2.89067093e+02] 1.9856499599245006
[-2.87000011e+00 -1.09732582e-01 -1.20022152e-01 -2.12488063e+00
  2.88880357e+02] 2.1310946144056073
[-2.95894608e+00 -2.24056015e-01 -3.79617801e-01 -2.13262098e+00
  2.89981153e+02] 2.1777013152007414
[-3.08040168e+00 -2.70441001e-01  1.87545591e-01 -2.29647294e+00
  2.87177538e+02] 2.319935264443927
[-3.10463467e+00  1.14947245e-01  2.00327003e-01 -1.61480054e+00
  2.85790644e+02] 1.6312340570252488
[-2.99620114e+00  5.59696233e-04  9.12627634e-02 -2.25133536e+00
  2.88893271e+02] 2.253184437910702
[-3.03689922e+00 -2.68676614e-02 -2.20156568e-01 -2.40539876e+00
  2.89215664e+02] 2.415602198484069
[-3.01936103e+00 -1.64159230e-01 -1.53030967e-01 -1.78249562e+00
  2.87627707e+02] 1.796568216373243
[-3.05474585e+00  2.32669236e-01 -1.16799567e-01 -2.01758298e+00
  2.86145123e+02] 2.0343102536044304
[-2.97723893e+00  5.88403832e-02 -1.57050667e-01 -1.98601509e+00
  2.89557783e+02] 1.9930838031162268
[-2.98114697e+00  8.42214665e-02 -2.47714660e-01 -2.16667408e+00
  2.89214718e+02] 2.1824143479079754
[-3.03268254e+00 -1.88515272e-01 -1.77931759e-01 -2.10675510e+00
  2.86794071e+02] 2.1226433495916366
[-3.07588814e+00  2.37386777e-02  3.12280604e-01 -1.96706780e+00
  2.89007689e+02] 1.9918429755870235
[-3.01350901e+00  9.02857427e-02 -1.24411841e-01 -1.97785518e+00
  2.88435789e+02] 1.9838197861158517
[-3.03522152e+00  6.88608864e-02  2.91827509e-01 -1.99227377e+00
  2.87083447e+02] 2.01471087387311
[-3.12094646e+00 -5.18802930e-02 -1.47939716e-01 -2.09395663e+00
  2.88583727e+02] 2.099817160428545
[-3.01321587e+00 -1.44933602e-01  2.79836884e-01 -2.27628142e+00
  2.90204874e+02] 2.2979929310774465
[-3.06494239e+00 -2.36798368e-02 -1.44319152e-01 -1.49065485e+00
  2.87159562e+02] 1.4978119469584035
[-3.02118607e+00  3.23877656e-02 -1.92388063e-02 -1.76798342e+00
  2.87862160e+02] 1.7683847083843653
[-3.09018724e+00 -4.57582724e-02  2.86221261e-01 -2.29603352e+00
  2.87896837e+02] 2.31425719090661
[-3.00301466e+00  2.04954286e-02 -7.16685339e-02 -2.14590256e+00
  2.88046403e+02] 2.1471968328618942
[-2.93802717e+00 -1.29608619e-01  1.51612205e-01 -2.10238373e+00
  2.90154796e+02] 2.11182432585494
[-2.97521585e+00  3.39096575e-01 -1.60688905e-01 -1.84854793e+00
  2.87063232e+02] 1.8862494168412443
[-3.02410916e+00  1.60963960e-01  5.64633713e-02 -2.04130399e+00
  2.90418729e+02] 2.048418772912102
[-2.98769724e+00 -1.80419875e-01  3.16066849e-01 -2.03482025e+00
  2.88690000e+02] 2.067109821933945
[-2.98629854e+00 -1.98775925e-01  9.43944291e-02 -2.39962392e+00
  2.89479647e+02] 2.409692336655095
[-2.96892555e+00  1.36894510e-01  1.37900587e-01 -2.22530486e+00
  2.89189178e+02] 2.2337722317296227
[-2.99111806e+00  1.06016038e-01  4.11801001e-01 -1.57400834e+00
  2.87317253e+02] 1.630436047092711
[-2.97340822e+00 -6.28552385e-02  1.20475359e-01 -1.90510552e+00
  2.88629560e+02] 1.909945587753193
[-2.99667831e+00 -2.45046118e-01  1.88388933e-01 -2.03803187e+00
  2.89133137e+02] 2.0613374056368645
[-3.04297270e+00 -3.37603825e-02  8.03640000e-02 -2.26744003e+00
  2.89022411e+02] 2.2691149025327535
[-2.93047613e+00 -1.91305332e-01 -8.71551793e-02 -2.14882981e+00
  2.88807492e+02] 2.159088533717327
[-2.96356704e+00 -9.21372421e-02  1.28410106e-01 -2.07973954e+00
  2.89097530e+02] 2.085736071573548
[-2.90503632e+00 -2.93710900e-01 -8.61003181e-02 -2.31551392e+00
  2.91474177e+02] 2.335654958608757
[-2.99692953e+00 -5.63917493e-02 -2.66862401e-01 -2.26830981e+00
  2.88364010e+02] 2.2846498572494256
[-2.99478007e+00 -1.17658913e-01 -3.41417781e-02 -2.28698071e+00
  2.88193751e+02] 2.2902598172360453
[-2.95500299e+00  1.85645237e-01  1.10978460e-01 -2.18818822e+00
  2.87767898e+02] 2.198851536720952
[-3.03958661e+00 -1.00070619e-01  1.02128788e-01 -1.86368474e+00
  2.87025658e+02] 1.8691616329754432
[-3.02973761e+00  1.98297436e-01 -1.85711806e-01 -1.95729372e+00
  2.88446496e+02] 1.9760590757903695
[-2.98885410e+00  1.43591636e-01 -1.87617815e-01 -2.10877262e+00
  2.87494744e+02] 2.121966297936948
[-3.00540627e+00  1.43453949e-01 -2.22512591e-02 -1.91739475e+00
  2.87469193e+02] 1.9228824124049748
[-3.10923659e+00  6.71495052e-02 -1.46065708e-01 -2.02195142e+00
  2.87320062e+02] 2.028332265143131
[-3.11424862e+00 -1.18919754e-02  4.89843519e-02 -2.26474593e+00
  2.87903381e+02] 2.265306828360364
[-3.03197497e+00 -1.58823611e-01  2.32548423e-01 -1.95090166e+00
  2.88167397e+02] 1.9711217644912362
[-2.95748641e+00 -2.97110463e-01 -3.13620879e-03 -1.97963643e+00
  2.89263703e+02] 2.001810399836303
[-3.00807028e+00  6.99810757e-03  1.77308753e-03 -1.81694145e+00
  2.88276341e+02] 1.8169557872962088
[-3.05591008e+00  2.51684308e-01 -1.01324433e-01 -2.29745871e+00
  2.88907812e+02] 2.313423475727646
[-2.98356910e+00 -2.21658003e-02  3.29609745e-02 -1.85227335e+00
  2.88526240e+02] 1.8526992001658302
[-2.94292553e+00  2.69069691e-01 -7.73362531e-02 -1.65609222e+00
  2.88004981e+02] 1.679589485041526
[-2.96892183e+00  6.46683650e-02 -2.64944972e-01 -1.88985349e+00
  2.88766632e+02] 1.9094302915182693
[-2.94447299e+00  3.60470162e-01 -2.07821354e-01 -2.27098000e+00
  2.90766735e+02] 2.308782925565569
[-3.02623373e+00 -1.83917269e-02  1.11404741e-01 -2.03402827e+00
  2.89629013e+02] 2.037159851824166
[-3.06937902e+00 -1.61279820e-02  1.46211257e-01 -2.26132791e+00
  2.88018072e+02] 2.2661071830235886
[-2.97901826e+00  5.99486676e-02  1.64661255e-01 -2.37802353e+00
  2.89332920e+02] 2.3844712396541716
[-2.95367260e+00 -2.35683709e-01  1.58954074e-01 -1.77583093e+00
  2.88196502e+02] 1.7984406261869528
[-2.96901007e+00 -1.69816297e-01  9.66072222e-02 -2.12572672e+00
  2.89400840e+02] 2.1346860744484
[-3.03155072e+00 -5.43609860e-02 -2.09905696e-01 -1.93490145e+00
  2.87818117e+02] 1.947012880328384
[-2.93300737e+00 -2.77800468e-02  2.64495319e-01 -1.71335185e+00
  2.87602148e+02] 1.7338696831677758
[-3.13507958e+00  1.89737819e-02  2.15727868e-01 -2.01703115e+00
  2.87032953e+02] 2.0286234656241513
[-2.98062675e+00  1.02591300e-01  1.10469414e-01 -1.67465473e+00
  2.86450224e+02] 1.6814270562680795
[-2.98076698e+00 -9.73829882e-02 -1.96147905e-01 -1.80998714e+00
  2.87669326e+02] 1.8231870175113014
[-3.06901906e+00  1.15651726e-01 -2.45090927e-02 -2.01451262e+00
  2.87552735e+02] 2.0179784694778204
[-2.97421483e+00 -2.28981659e-01  7.21679071e-02 -2.15797034e+00
  2.88799556e+02] 2.171284599161873
[-2.96249382e+00  1.02451195e-01  1.86087547e-01 -2.01375733e+00
  2.89564085e+02] 2.024930472345195
[-2.94884009e+00  1.03182392e-01 -1.09201362e-01 -1.88775859e+00
  2.88310109e+02] 1.8937275494211359
[-2.95515074e+00  1.69184376e-01 -7.20089411e-02 -2.19786125e+00
  2.89537115e+02] 2.205539101771279
[-3.03460517e+00 -1.19112986e-01 -2.83340066e-01 -2.07836635e+00
  2.88133882e+02] 2.1009702914711244
[-3.09524311e+00  4.00056089e-02  8.97394703e-02 -1.82318711e+00
  2.87366462e+02] 1.8258326516295562
[-2.98590748e+00 -3.17174477e-01  4.30105485e-02 -1.95044692e+00
  2.88930032e+02] 1.9765355388784271
[-2.92127664e+00 -7.91404431e-03 -2.94773243e-01 -1.88981393e+00
  2.87595115e+02] 1.912681516166278
[-2.98837918e+00  2.42213316e-01  7.30429217e-02 -2.19211206e+00
  2.87740726e+02] 2.206662148796991
[-3.11318944e+00 -2.03876521e-02  2.02310110e-01 -2.08729837e+00
  2.89558269e+02] 2.097178940261724
[-2.95220115e+00  2.29384543e-01 -1.90277204e-01 -2.04461081e+00
  2.88367845e+02] 2.0662178106698867
[-3.03912795e+00 -3.19325116e-02 -1.19918118e-01 -1.70385689e+00
  2.87951651e+02] 1.7083700791304224
[-2.87268435e+00  1.12224878e-01  1.70092271e-01 -1.95468151e+00
  2.89726406e+02] 1.9652749459014436
[-2.99324188e+00  1.31161793e-02 -3.17124124e-02 -1.88491926e+00
  2.88978295e+02] 1.8852316413801582
[-2.91902136e+00  1.44114060e-01 -1.70944445e-01 -2.00223983e+00
  2.89367433e+02] 2.014684886271528
[ -2.97902034  -0.33418798   0.37190605  -2.1295211  289.31714214] 2.187431335564443
[-3.01899261e+00 -1.49554419e-01 -1.00366936e-01 -2.13188939e+00
  2.86707145e+02] 2.139484143566368
[-2.95198793e+00 -1.84680039e-01 -4.20174200e-01 -1.88940242e+00
  2.89023064e+02] 1.9443493959558673
[-2.97959819e+00 -1.29793631e-01 -2.24933305e-01 -2.09333720e+00
  2.88550691e+02] 2.109384268226207
[-2.97512762e+00 -1.45988927e-01  1.76022695e-01 -1.86859165e+00
  2.88535167e+02] 1.8825332740168246
[-3.06728369e+00 -4.98273050e-02  1.43642136e-01 -1.78809872e+00
  2.86084515e+02] 1.7945508751540336
[-2.97695813e+00 -2.60206452e-01 -1.47800921e-01 -2.17426071e+00
  2.88188048e+02] 2.1947578829970196
[-2.97491742e+00 -2.78057982e-01  2.98370661e-02 -1.84949792e+00
  2.87873430e+02] 1.8705210672763515
[-2.94484521e+00 -1.94534169e-01  1.78554056e-02 -2.01481639e+00
  2.87883918e+02] 2.024264669682719
[-3.02098127e+00 -6.54179116e-02 -5.08238281e-03 -2.12193920e+00
  2.89965088e+02] 2.1229534380386936
[-3.02906014e+00 -1.20472119e-01  1.25614833e-01 -2.05319374e+00
  2.88391328e+02] 2.0605574822936035
[-2.96852395e+00  6.35053357e-02  4.60265377e-02 -2.10998500e+00
  2.88050102e+02] 2.111442174134648
[-2.97788348e+00  4.15557509e-02 -6.86096551e-02 -2.02318800e+00
  2.87625758e+02] 2.02477748069881
[-3.01486656e+00 -3.11872809e-01 -8.11696430e-02 -1.90699840e+00
  2.89266668e+02] 1.9340362054683828
[-3.02959907e+00  1.02457553e-01  5.99203663e-02 -1.70374692e+00
  2.87501058e+02] 1.7078763372352028
[-2.95182002e+00  3.46610362e-01 -8.43212973e-02 -2.01533904e+00
  2.90199318e+02] 2.0466656479108867
[-2.92202036e+00  1.64184978e-01  8.41738688e-02 -1.94331108e+00
  2.88082965e+02] 1.9520501829451018
[-3.03312360e+00 -1.50591791e-01 -2.52975188e-01 -2.00662710e+00
  2.88958895e+02] 2.028109132673849
[-2.98617396e+00  3.44151234e-01 -1.89877693e-01 -2.46435444e+00
  2.89453116e+02] 2.495503240074217
[-2.98434763e+00  3.08269654e-02  2.46739044e-01 -1.87883634e+00
  2.87530518e+02] 1.8952193652598168
[-3.06833710e+00 -4.83516704e-02  5.30170075e-02 -1.71155538e+00
  2.87487365e+02] 1.7130588150400035
[-3.03582054e+00  8.65520839e-02  1.66008649e-01 -2.36242003e+00
  2.89197525e+02] 2.3698266879496312
[-3.09085199e+00 -2.52099132e-01  9.71704357e-02 -2.21679509e+00
  2.88968382e+02] 2.233198719948654
[-2.97550642e+00  1.15727123e-01  6.15588810e-02 -2.32581340e+00
  2.87971108e+02] 2.3295042896698144
[-3.00479103e+00  1.75218601e-01 -2.60957750e-02 -2.00331697e+00
  2.88348646e+02] 2.0111343589554678
[-3.00245058e+00  3.18731107e-01  2.09538797e-01 -1.84904310e+00
  2.87707272e+02] 1.8879768013261204
[-3.00847518e+00 -2.05295757e-02  7.74205456e-02 -1.96145322e+00
  2.88160348e+02] 1.9630879126606695
[-2.99387038e+00 -1.59971124e-02 -1.56600935e-01 -2.13913611e+00
  2.89460827e+02] 2.144920294028507
[-2.89487491e+00  2.15146195e-02  2.69701370e-01 -2.13767405e+00
  2.89660251e+02] 2.154727834203487
[-3.01427980e+00  8.14810509e-02  7.38921084e-02 -2.34192679e+00
  2.88483974e+02] 2.344508540777548
[-3.00195458e+00 -1.63891523e-01  2.25994638e-01 -2.07801549e+00
  2.88479009e+02] 2.096683663186057
[-3.03146886e+00  3.70929836e-01  2.61443484e-02 -2.14379544e+00
  2.88277873e+02] 2.1758059132339125
[-2.95673510e+00  2.96169410e-01 -8.14956867e-02 -2.15563868e+00
  2.89714180e+02] 2.177414981529066
[ -3.01629634  -0.34118339  -0.33646966  -1.82314761 287.54741538] 1.8850690038019795
[-2.92958647e+00 -5.99598020e-02 -3.45458241e-02 -2.21556899e+00
  2.89715948e+02] 2.216649396626376
[-3.05447356e+00  2.12593925e-01  2.00645949e-01 -2.22969646e+00
  2.88449912e+02] 2.2487777263281865
[-2.99849417e+00  1.73071596e-01  1.38714925e-02 -1.91410736e+00
  2.87732687e+02] 1.9219659662082187
[-3.02663272e+00  1.82161368e-01  4.03043201e-02 -1.92818683e+00
  2.89012947e+02] 1.9371916899423998
[-3.02261351e+00 -2.05641192e-01  7.15213843e-02 -1.83498145e+00
  2.87523113e+02] 1.8478529503217116
[-2.93505829e+00  7.67740586e-02 -3.54121916e-01 -1.81407753e+00
  2.88705800e+02] 1.849911859716502
[-2.99350203e+00 -4.64586651e-02 -9.27867983e-02 -2.01434017e+00
  2.87847958e+02] 2.0170111829723156
[-2.93900867e+00  1.17364778e-01  1.94035382e-01 -1.93321515e+00
  2.88358502e+02] 1.9464698906747757
[-2.95122806e+00  1.35239770e-02 -2.39446873e-01 -2.11032227e+00
  2.89654180e+02] 2.1239062567853826
[-2.95247894e+00 -1.76167892e-01 -2.54121437e-02 -1.96178076e+00
  2.87629457e+02] 1.969838742765492
[-2.94315516e+00 -5.88561075e-02 -2.71141472e-01 -1.67032576e+00
  2.87533201e+02] 1.6932128881414477
[-3.01332184e+00 -2.37372461e-01 -3.14901415e-01 -2.05197573e+00
  2.88281038e+02] 2.0895245795133186
[-3.06693950e+00  3.68978168e-02  3.24507362e-01 -2.00973002e+00
  2.87741651e+02] 2.036094602244284
[-3.01106748e+00 -5.47089317e-02  8.62230008e-02 -2.09039406e+00
  2.89356425e+02] 2.0928867125591277
[-3.06837996e+00 -1.26279568e-01  4.25298796e-01 -2.05917577e+00
  2.87807061e+02] 2.1064259861274817
[-3.08052215e+00  1.96471970e-01 -1.63129154e-01 -1.82633053e+00
  2.87607455e+02] 1.844097489966393
[-3.00938701e+00 -2.50194797e-01 -3.48107959e-01 -2.18831906e+00
  2.88622922e+02] 2.2299141011106975
[-3.01006948e+00 -1.66131385e-01 -3.58796733e-02 -2.03666269e+00
  2.87507090e+02] 2.0437421319643816
[-2.96818219e+00 -1.17434577e-01  1.88111058e-01 -2.08313530e+00
  2.88100402e+02] 2.094905561592932
[-3.07149649e+00  8.26655489e-02  8.06560333e-02 -2.24851325e+00
  2.87598428e+02] 2.2514774729074025
[-3.10594172e+00  1.64122151e-01 -4.27515402e-02 -2.22597935e+00
  2.88158063e+02] 2.232430930537382
[-2.96306550e+00 -1.61463655e-01 -8.09658849e-02 -2.15917600e+00
  2.90107395e+02] 2.1667180263872012
[-2.94992819e+00  7.59837110e-02 -3.38634350e-02 -2.35693209e+00
  2.88216099e+02] 2.3583996993566956
[-2.96654073e+00 -9.31525634e-02 -3.30759608e-01 -2.29764048e+00
  2.88222998e+02] 2.3231941576002546
[-2.97403625e+00  4.37062970e-02 -7.95932388e-02 -2.26109960e+00
  2.88704686e+02] 2.262922162797212
[-2.89457788e+00 -1.61646166e-01 -1.92949694e-01 -1.80895142e+00
  2.88689950e+02] 1.8263801083032607
[-3.02826536e+00  1.08854046e-02  1.80805740e-01 -2.23754036e+00
  2.87034353e+02] 2.2448599267645237
[-3.03225199e+00 -5.64970131e-02  8.22523556e-02 -1.98118460e+00
  2.86928757e+02] 1.9836959915423669
[-2.97109227e+00  4.54460909e-02 -8.39826209e-02 -2.01796199e+00
  2.89003873e+02] 2.020220045934076
[-2.98720031e+00  2.14167831e-01  2.16604856e-01 -2.12923525e+00
  2.89946984e+02] 2.150913359679766
[-2.93819544e+00 -1.18262684e-01 -9.82634927e-02 -2.11482651e+00
  2.89306505e+02] 2.120408674497941
[-2.92475970e+00  3.79617115e-01  1.16948257e-01 -1.94446182e+00
  2.88517716e+02] 1.9846203216250107
[-2.93828816e+00  3.92402690e-02  1.40085062e-01 -2.12045579e+00
  2.89849642e+02] 2.125440274956866
[-3.01372192e+00 -6.56797398e-02  5.80026374e-02 -1.99262090e+00
  2.88185114e+02] 1.9945466147982136
[-2.93665702e+00 -1.04492191e-01  7.95105640e-02 -1.93145028e+00
  2.89213966e+02] 1.9359082409588517
[-3.02640936e+00 -2.69212670e-02 -4.35965484e-02 -1.79638329e+00
  2.87107746e+02] 1.7971138888201708
[-2.97782281e+00  1.55329303e-01  5.47642109e-01 -1.81950588e+00
  2.88610248e+02] 1.9064733731231693
[-2.95465036e+00 -1.49239440e-01  1.89374664e-01 -2.06464312e+00
  2.87294485e+02] 2.0786741928932386
[-2.95608906e+00  1.26440669e-01  1.57827787e-01 -2.03188963e+00
  2.89754197e+02] 2.041928578776065
[-3.01396875e+00 -4.47972115e-02 -9.67012155e-02 -1.88331342e+00
  2.87324503e+02] 1.8863264144357539
[-3.08871060e+00 -2.53416867e-01  1.86198606e-01 -1.98645058e+00
  2.86714548e+02] 2.0111876964018873
[-3.12393935e+00  2.70070410e-02 -2.72994367e-01 -1.68469134e+00
  2.86829322e+02] 1.7068802576613642
[-3.12285275e+00 -6.69402544e-02  5.46433899e-02 -2.06563654e+00
  2.87419970e+02] 2.0674431564084133
[-3.02824870e+00  3.42865915e-01 -2.28243260e-02 -2.32028226e+00
  2.88910539e+02] 2.345588994242005
[-2.97320798e+00 -1.32452869e-01  1.15435113e-01 -2.00607028e+00
  2.88219482e+02] 2.0137494884440392
[-3.05704962e+00  7.27482154e-02  1.65163430e-01 -2.35478259e+00
  2.87688724e+02] 2.361688441057919
[-2.94155551e+00 -2.46194243e-01  7.28553711e-02 -1.95024705e+00
  2.88394568e+02] 1.9670747448616204
[-2.94557505e+00  1.63351933e-03  1.69127658e-01 -1.70169925e+00
  2.88007337e+02] 1.7100839692656116
[-2.99040490e+00 -3.76931140e-02  2.42600078e-01 -1.95896735e+00
  2.89128656e+02] 1.974291932588575
[-2.96450861e+00  8.25841722e-02  6.92530759e-02 -2.02058758e+00
  2.88937873e+02] 2.0234599810646734
[-3.03833888e+00 -1.39806297e-01  8.31283377e-02 -2.26797343e+00
  2.88815737e+02] 2.2737984927943335
[-3.03709672e+00 -8.73418572e-02 -1.38180614e-01 -1.85699271e+00
  2.88850669e+02] 1.8641739180668038
[-3.04450260e+00 -2.11733643e-01  2.32172569e-01 -2.09627215e+00
  2.88735279e+02] 2.1196915256970663
[-2.96382711e+00 -1.88681668e-01 -2.47146548e-01 -2.07519700e+00
  2.89243969e+02] 2.098362400769806
[-3.12146841e+00  2.93592651e-02 -5.18884160e-02 -2.12382818e+00
  2.87254098e+02] 2.1246648048690693
[-3.02354446e+00  1.39135297e-01 -1.65381092e-01 -2.12259565e+00
  2.87710853e+02] 2.1335702110836436
[ -3.02067998   0.30641351  -0.3189972   -1.8169104  287.17945158] 1.8699764287698963
[-3.07814386e+00 -2.84070630e-01 -1.18927843e-02 -2.08425408e+00
  2.88169436e+02] 2.1035571348072835
[-2.99267090e+00 -1.31533871e-01 -1.39931967e-01 -1.84441713e+00
  2.88313002e+02] 1.8543884882011823
[-2.97943072e+00  1.02114747e-01 -2.80470417e-01 -1.85017233e+00
  2.88341930e+02] 1.874094105498804
[-3.04379254e+00  4.91710102e-01 -4.72026308e-02 -2.02580636e+00
  2.87286757e+02] 2.0851614631797326
[-3.04390070e+00  4.75898319e-01  1.78647191e-01 -1.90478451e+00
  2.87383977e+02] 1.971445680759699
[-2.98675763e+00 -1.77672172e-01 -9.56008666e-02 -2.12050449e+00
  2.88420050e+02] 2.130081269136726
[-3.09624158e+00  1.51396421e-01  5.11337108e-03 -1.57599810e+00
  2.87360179e+02] 1.5832615213823453
[-2.95457843e+00  6.83650101e-02 -2.96675358e-02 -2.27682845e+00
  2.90566652e+02] 2.2780477934968237
[-3.06670374e+00 -4.60301778e-02  1.18461487e-01 -2.45971526e+00
  2.90484359e+02] 2.462996358634827
[-2.90831726e+00 -7.59489838e-02  4.40104714e-01 -1.95362091e+00
  2.88414801e+02] 2.0040197241103
[-2.97908759e+00  5.44800667e-02 -2.55559296e-01 -1.95588687e+00
  2.87366445e+02] 1.9732643250329809
[-2.93854022e+00  1.64681375e-01 -7.19910498e-02 -1.91307186e+00
  2.88734584e+02] 1.9214959345192684
[-2.96043441e+00  1.63157828e-01 -3.64155570e-02 -1.79994484e+00
  2.88299955e+02] 1.8076913407254271
[-3.00387425e+00  2.55849212e-01  2.64600037e-01 -2.26044755e+00
  2.87972281e+02] 2.2902172675501613
[-2.98960510e+00  1.67866645e-01 -6.24328761e-03 -2.15136092e+00
  2.88354841e+02] 2.157909176430598
[-2.99796566e+00 -5.66378655e-03 -4.37144363e-02 -2.12397018e+00
  2.89725190e+02] 2.1244275330678324
[-2.98809891e+00  1.61043806e-01  2.13041994e-01 -2.17649644e+00
  2.91009614e+02] 2.1928198141776423
[-3.05278466e+00 -2.71615345e-01 -1.50916576e-02 -1.91518296e+00
  2.88107065e+02] 1.9344064829306296
[-2.99900419e+00  9.18711069e-02 -1.14272888e-01 -1.94315160e+00
  2.87597923e+02] 1.9486756365520919
[-2.95032063e+00  1.05844470e-01 -1.20752888e-01 -1.96470094e+00
  2.87655467e+02] 1.9712519112924611
