/mnt/stage/douwei/Simulation/5kt_root/2MeV/5kt_+5.60_3.root
[-3.16220771e+00  8.37619375e-02  1.63029776e-02  5.93092242e+00
  3.06058352e+02] 5.931536278565151
[-3.12040896e+00 -3.93602409e-02  6.32398270e-02  5.46334723e+00
  3.05664099e+02] 5.463854996393103
[-3.01379048e+00  8.07744417e-02  2.62588953e-01  5.53619164e+00
  3.06416357e+02] 5.543004176317596
[-3.13366816e+00 -8.71300403e-02  2.40750833e-01  5.86779663e+00
  3.06575747e+02] 5.873379770986339
[-3.14589617e+00 -4.92380681e-01  9.32361824e-02  5.86791303e+00
  3.04803858e+02] 5.889272878661659
[-3.01493723e+00 -1.60966661e-01 -2.27415462e-01  5.91920977e+00
  3.10033425e+02] 5.925763440825779
[-3.16638255e+00  2.21022426e-01 -5.28827861e-02  5.99339409e+00
  3.08144974e+02] 5.997701244411514
[-3.01601618e+00  3.06483446e-02 -3.94888360e-02  5.44107122e+00
  3.05449441e+02] 5.441300826579739
[-3.09456572e+00  3.86772271e-02  2.28724521e-01  5.39807850e+00
  3.04380397e+02] 5.403060457083205
[-3.10444857e+00  1.06786165e-01  1.58486719e-01  5.45642705e+00
  3.04328789e+02] 5.459772657780928
[-3.06043229e+00  5.49156011e-02  5.95098434e-02  5.94070739e+00
  3.08036274e+02] 5.941259242200648
[-3.07548415e+00  9.52091420e-02  2.15332875e-01  5.73827711e+00
  3.08117444e+02] 5.743105185506178
[-3.15240010e+00 -1.32788194e-01  1.65392223e-01  5.61599510e+00
  3.06492280e+02] 5.61999895760501
[-3.03777301e+00 -1.55431745e-01  2.19961473e-01  5.70076214e+00
  3.08114877e+02] 5.707121078002435
[-3.11608494e+00  4.20690080e-02 -1.42214953e-01  5.50412832e+00
  3.03760850e+02] 5.506125989547255
[-3.05103913e+00 -8.09366747e-02 -1.24843745e-01  5.43440925e+00
  3.06555052e+02] 5.436445586655261
[-3.09005142e+00 -2.25377614e-01  1.28538286e-01  5.83541774e+00
  3.04434183e+02] 5.84118287114089
[-3.05382510e+00  9.62384098e-02  1.85773989e-03  5.62757905e+00
  3.07811515e+02] 5.628402192897712
[-3.11151066e+00  9.18939914e-03  3.10525819e-02  5.80208317e+00
  3.07741063e+02] 5.802173545371109
[-2.96023619e+00 -5.08174892e-02 -2.17135314e-01  5.78835979e+00
  3.08362403e+02] 5.792653904642425
[-3.05177031e+00 -8.00787541e-02  7.09939822e-02  5.80077086e+00
  3.06459858e+02] 5.801757950710049
[-3.10236793e+00  3.57970893e-01  2.61907087e-01  5.52087254e+00
  3.04900351e+02] 5.53866157387231
[-3.13868970e+00 -6.09206541e-02  2.79755861e-01  5.76546789e+00
  3.06404999e+02] 5.77257261947448
[-3.10519222e+00  1.96927859e-01  3.18992582e-01  5.79398188e+00
  3.07787179e+02] 5.806097040771385
[-3.05737752e+00 -1.69359358e-01 -6.32978301e-02  5.65040131e+00
  3.06259600e+02] 5.653293216087989
[-3.02762210e+00 -1.41744163e-01 -1.76292493e-01  5.73728915e+00
  3.07333537e+02] 5.741746879098556
[-3.04465171e+00 -7.81932514e-02 -1.62497288e-01  5.39493146e+00
  3.04646315e+02] 5.3979445148621386
[-3.08740180e+00  1.04674931e-01 -1.94440054e-01  5.93203706e+00
  3.06427515e+02] 5.936145841455066
[-3.12469822e+00  2.20142788e-02  3.38869835e-02  5.87245976e+00
  3.05201640e+02] 5.872598793774924
[-3.05921532e+00  1.01803865e-01  5.90496732e-02  5.64779406e+00
  3.07056298e+02] 5.649020150589057
[-3.02266864e+00 -2.05111348e-01 -6.73027480e-01  5.88008396e+00
  3.06661917e+02] 5.922028706482624
[-3.01475796e+00 -6.48688074e-02  9.80576067e-02  5.38193016e+00
  3.05508010e+02] 5.383214238254463
[-3.06786782e+00 -1.88130792e-02 -3.68655792e-01  5.60397290e+00
  3.09103026e+02] 5.6161172817509435
[-3.08045320e+00 -4.39482467e-04  5.28821412e-02  5.46306307e+00
  3.04379915e+02] 5.463319033815995
[-3.03861688e+00  1.44236127e-01 -1.61121765e-01  5.50772585e+00
  3.06223031e+02] 5.511969547483299
[-3.03636104e+00  9.02584642e-02  1.32406613e-02  5.57898128e+00
  3.07991909e+02] 5.579727058922362
[-3.15264709e+00 -8.44439938e-02  1.56481788e-02  5.50427495e+00
  3.05167143e+02] 5.5049449019302275
[-3.08620669e+00  5.88993770e-02 -9.25466928e-02  5.63478521e+00
  3.08296845e+02] 5.635852941657494
[-3.05547446e+00 -4.34290370e-02  4.24005105e-02  5.86145883e+00
  3.09428667e+02] 5.861773065080451
[-3.12754831e+00  2.16164249e-01 -3.27654026e-01  5.64857465e+00
  3.06573431e+02] 5.6621974306160485
[-3.00587326e+00 -9.60340937e-02  2.45243608e-01  5.47025554e+00
  3.05585065e+02] 5.476592248369986
[-3.08194497e+00 -9.83712470e-04  3.89423004e-01  5.65949622e+00
  3.05936174e+02] 5.672878347931924
[-3.11635642e+00  3.00187489e-02  1.01994318e-01  5.73576040e+00
  3.06280498e+02] 5.7367457082164615
[-3.08885132e+00 -2.39421824e-01 -9.69065849e-04  5.56524995e+00
  3.04847944e+02] 5.57039771892402
[-3.10196472e+00 -1.07459949e-01  4.78280071e-02  5.45333114e+00
  3.04091721e+02] 5.454599494184671
[-2.99020189e+00 -1.35668024e-01  1.19367608e-01  5.71268360e+00
  3.05813047e+02] 5.715540949109329
[-3.07511646e+00  2.79000315e-01 -1.70868964e-01  5.89977088e+00
  3.08388843e+02] 5.908835237888505
[-3.10032870e+00 -1.08365308e-01  8.14610297e-02  5.76094154e+00
  3.07061731e+02] 5.7625364515842294
[-3.08556123e+00  1.68736466e-01  2.08211657e-01  5.54486808e+00
  3.05414567e+02] 5.551340930467958
[-3.04726705e+00  3.60809856e-01  2.35721530e-01  5.64269823e+00
  3.05334013e+02] 5.6591334733923855
[-3.04269448e+00 -1.63957110e-01  2.54976929e-02  5.57888277e+00
  3.06038205e+02] 5.5813497485748425
[-3.01223544e+00 -3.38081466e-01 -1.52074811e-01  5.77420902e+00
  3.06620853e+02] 5.786096753147743
[-3.12886570e+00  8.69507872e-02  8.31700254e-02  5.79451782e+00
  3.07661310e+02] 5.795766939896909
[-3.10582324e+00  1.18861668e-01 -2.73775523e-01  5.43654225e+00
  3.04727746e+02] 5.444728901776124
[-3.13221738e+00  2.40593111e-01 -2.87776110e-02  5.77212242e+00
  3.05736916e+02] 5.777206106677932
[-3.05620014e+00  1.93385694e-01  1.43797382e-02  5.66529103e+00
  3.04421935e+02] 5.668608931230609
[-3.03685245e+00 -1.11732862e-01 -7.18831351e-03  5.51606143e+00
  3.06598011e+02] 5.517197626246054
[-3.03193408e+00  2.92883873e-02 -2.85810158e-01  5.38747466e+00
  3.05556160e+02] 5.395130069568149
[-2.94836379e+00  3.55105011e-01  1.55108713e-01  5.48408535e+00
  3.05696234e+02] 5.49775867482624
[-3.10195232e+00  2.14642263e-01 -9.36774958e-02  5.48837399e+00
  3.06747699e+02] 5.493368349922204
[-3.03044858e+00  5.63577058e-02  2.33298310e-01  5.57894206e+00
  3.08082983e+02] 5.584102330210291
[-3.05694925e+00 -3.40095134e-01 -7.89976960e-02  5.87474999e+00
  3.06537817e+02] 5.885116206902011
[-2.99170048e+00 -6.93349131e-02 -1.26430763e-01  5.40212609e+00
  3.05550681e+02] 5.404050181582161
[-3.11398466e+00  2.21734429e-01 -5.67156042e-02  5.72951033e+00
  3.06568159e+02] 5.7340798223582805
[-3.16776089e+00 -4.49168053e-01  1.77613819e-01  5.41913864e+00
  3.03148538e+02] 5.440621488676727
[-3.12166313e+00  6.48205686e-02 -1.46554510e-01  5.74862351e+00
  3.04916530e+02] 5.750856646972036
[-3.04661656e+00  1.86086929e-01  1.33952977e-01  5.78045297e+00
  3.07953934e+02] 5.784998557537179
[-3.10704988e+00 -1.17727992e-01 -3.75675405e-02  5.90525926e+00
  3.06834144e+02] 5.906552132842641
[-3.03947075e+00  4.94298087e-02  1.74922367e-01  5.79976013e+00
  3.07397818e+02] 5.802607927367514
[-3.08574676e+00 -1.98074301e-01  1.46106008e-01  5.54900054e+00
  3.05446459e+02] 5.554456530464509
[-2.95588265e+00  9.08352824e-02 -2.78021986e-02  5.52765323e+00
  3.05595217e+02] 5.52846942702556
[-2.98855389e+00  6.48216867e-02  1.93276108e-02  5.45327435e+00
  3.06814888e+02] 5.453693845579259
[-3.03654906e+00 -1.85899834e-01 -1.17819858e-01  5.64846854e+00
  3.05562288e+02] 5.652754827972926
[-2.97742673e+00  2.20458942e-01  3.21686078e-02  5.52922622e+00
  3.06813936e+02] 5.533713001483097
[-3.08772544e+00 -5.44173676e-02  4.43860860e-01  5.75112138e+00
  3.05980688e+02] 5.768480812809935
[-3.08144241e+00  3.16080254e-01 -1.53562489e-01  6.12895781e+00
  3.09982684e+02] 6.139023705046041
[-3.01128537e+00  1.30602776e-01  3.82915229e-01  5.52000485e+00
  3.07571036e+02] 5.534811169567952
[-3.07094640e+00 -2.10472593e-01 -7.40330025e-04  5.36796688e+00
  3.04570797e+02] 5.372091554148282
[-3.15265690e+00 -1.27432251e-01  6.03632282e-02  5.95915982e+00
  3.05401920e+02] 5.960827836369145
[-3.05652357e+00  3.42053154e-01  1.59571225e-02  5.66332509e+00
  3.05955871e+02] 5.673667778654489
[-3.17228567e+00  2.81512349e-02  1.86605733e-02  5.51887184e+00
  3.06325070e+02] 5.518975182526466
[-3.11809486e+00 -1.56375037e-01  3.99886509e-02  5.42134740e+00
  3.04496083e+02] 5.423749609500089
[-3.04832023e+00  3.44894592e-02  8.31666706e-02  5.77856426e+00
  3.08473207e+02] 5.779265621953981
[-3.03935040e+00 -2.05687999e-01  2.20948297e-01  5.47856232e+00
  3.06505598e+02] 5.4868725894496295
[-3.15723774e+00 -4.33044555e-02  2.72602746e-01  5.77050685e+00
  3.07314844e+02] 5.777104535801826
[-3.09158846e+00  3.87925099e-01 -2.98687405e-01  5.59507437e+00
  3.06869170e+02] 5.61645415641925
[-3.00725915e+00 -4.76658747e-02 -1.66096229e-01  5.35590969e+00
  3.06427255e+02] 5.358696541734748
[-3.09010703e+00  2.66577214e-02 -1.30857346e-02  5.91130039e+00
  3.04706227e+02] 5.911374978113509
[-3.15367310e+00  3.23163032e-01  1.41576237e-02  5.74735730e+00
  3.06417406e+02] 5.756452965929573
[-3.11181730e+00 -5.92382719e-02 -6.41769955e-02  5.69742235e+00
  3.06161388e+02] 5.698091726609136
[-3.18941230e+00 -1.94541742e-01  1.93956071e-01  5.87621647e+00
  3.06832147e+02] 5.882634222091512
[-3.09678905e+00 -1.22265626e-01  2.07872296e-01  5.77049106e+00
  3.07031400e+02] 5.775528276867581
[-3.00891566e+00  1.55364876e-01 -2.56967720e-01  5.52091460e+00
  3.03827771e+02] 5.5290748481446075
[-3.08468993e+00  4.06210514e-02 -6.10373474e-02  5.57284499e+00
  3.04690817e+02] 5.573327273099064
[-3.10460879e+00 -1.18520632e-01  1.26812289e-02  5.93569925e+00
  3.07509674e+02] 5.936895952724674
[-3.01211262e+00  1.82536801e-01  1.87779922e-01  5.54335560e+00
  3.07380659e+02] 5.549538028080439
[-3.00241928e+00  1.24400603e-01 -1.38296463e-01  5.65363271e+00
  3.07705532e+02] 5.656691988398066
[-3.04760469e+00 -3.76216086e-01  2.01877838e-01  5.50606331e+00
  3.07085298e+02] 5.522592363915338
[-3.06790096e+00  1.63265231e-02 -1.63854995e-01  5.68537257e+00
  3.05474879e+02] 5.687756703677333
[-3.13577115e+00 -1.98917913e-01 -7.43460788e-02  5.68290148e+00
  3.05487939e+02] 5.686867757212482
[-2.98196322e+00  1.07790697e-01 -2.54447865e-01  5.60395525e+00
  3.06725675e+02] 5.6107643835957095
[-3.07618872e+00 -2.11908396e-01  1.32845840e-01  5.74938981e+00
  3.08757068e+02] 5.754827228374922
[-3.14061468e+00 -1.34569376e-02 -9.07884914e-02  5.65357190e+00
  3.08051144e+02] 5.654316836159791
[-3.02207649e+00  1.13549157e-01  4.84400047e-01  5.52353838e+00
  3.06463850e+02] 5.545900557776571
[-3.13337616e+00  2.14093750e-01  1.02568140e-02  5.56578114e+00
  3.04003981e+02] 5.569906737999862
[-3.15496272e+00 -1.90610140e-01  1.51940645e-01  5.80989221e+00
  3.06040408e+02] 5.815003498129855
[-3.15382973e+00  1.47110817e-01  2.00621562e-01  5.59934465e+00
  3.02643788e+02] 5.604868523101615
[-3.07066882e+00  3.42397699e-01  2.37820718e-01  5.46515897e+00
  3.05639640e+02] 5.4810361650119495
[-2.99890915e+00  8.01559933e-03 -4.78343591e-02  5.38988901e+00
  3.05339750e+02] 5.390107230729911
[-3.04595146e+00 -2.44806042e-02  6.34847466e-02  5.56586497e+00
  3.06129488e+02] 5.566280851175651
[-3.14012740e+00  1.81223733e-01  1.57294845e-01  5.97158085e+00
  3.07780216e+02] 5.976400383756324
[-3.07023011e+00  1.43879969e-02  3.31580080e-01  5.71667207e+00
  3.05445251e+02] 5.726298272455241
[-3.06588138e+00  2.18096825e-01 -1.73821616e-01  5.71822551e+00
  3.06852110e+02] 5.725022550648789
[-3.12311839e+00  1.07700518e-02 -2.11023704e-01  5.69726150e+00
  3.07963789e+02] 5.701178437731825
[-3.06035461e+00  3.04741036e-01  1.71980354e-02  5.72928381e+00
  3.06190315e+02] 5.737408456084655
[-3.09751460e+00 -4.87673229e-02  2.39464869e-01  5.52594876e+00
  3.04111439e+02] 5.5313498690003655
[-3.06350568e+00 -3.84644688e-04 -8.92003591e-02  6.02138254e+00
  3.10663661e+02] 6.022043218661066
[-3.02941542e+00 -7.12912890e-02  1.76506409e-01  5.59806296e+00
  3.06177222e+02] 5.601298586687927
[-3.09019336e+00 -8.00539403e-02  3.69576938e-01  5.39034568e+00
  3.05185552e+02] 5.403593459054471
[-3.01264205e+00  4.71637050e-02 -1.73832144e-01  5.72428969e+00
  3.08259717e+02] 5.727122707713205
[-3.01092664e+00 -6.54097639e-02 -1.01999053e-01  5.52765419e+00
  3.05539545e+02] 5.528982099173328
[-3.04983752e+00  3.62292998e-02 -1.06468616e-01  5.70064021e+00
  3.08077715e+02] 5.701749459411499
[-3.07754629e+00  2.16136378e-01 -1.99062941e-01  5.90650518e+00
  3.06808813e+02] 5.913809633257455
[-3.12691954e+00  1.39402463e-02 -1.35553927e-01  5.57402618e+00
  3.05070557e+02] 5.575691617240142
[-3.10633847e+00 -1.64853073e-02  1.79221260e-01  5.52785371e+00
  3.04250840e+02] 5.530782822864409
[-3.03510059e+00 -6.55423816e-02  4.25478909e-02  5.30226323e+00
  3.04073049e+02] 5.302839001698555
[-3.01643139e+00 -1.31957823e-01  2.67408500e-02  5.82055327e+00
  3.08255932e+02] 5.822110300448421
[-2.99594252e+00  1.24142629e-02 -9.66007812e-02  5.54633492e+00
  3.05586818e+02] 5.547189997864587
[-3.11266623e+00 -3.43403285e-01  2.51302092e-01  5.65934382e+00
  3.04168297e+02] 5.675319464261647
[-2.92556840e+00  2.67453643e-01  1.16013482e-02  5.58231330e+00
  3.06187776e+02] 5.588728640989813
[-3.10495162e+00  1.75052278e-01 -1.97477396e-01  5.49992870e+00
  3.04599457e+02] 5.50625610332148
[-3.19101662e+00 -1.80742522e-01  3.32424967e-02  5.67200409e+00
  3.05543106e+02] 5.674980470240427
[-2.98260432e+00  9.15786449e-02  3.57582130e-01  5.54289826e+00
  3.05215076e+02] 5.555175311843875
[-3.13027145e+00  2.57957405e-01  1.03345410e-01  5.34922900e+00
  3.04795579e+02] 5.3564422092522905
[-3.11707760e+00 -1.27584686e-01  6.01624963e-02  5.67343417e+00
  3.04557039e+02] 5.675187458743534
[-3.03275302e+00  1.22923042e-01 -1.59441915e-01  5.61963834e+00
  3.06750137e+02] 5.623243442860247
[-3.09942288e+00  9.82625259e-02 -4.69949745e-01  5.72716257e+00
  3.07959856e+02] 5.747251460772598
[-3.08456759e+00 -4.11736028e-02 -3.71208916e-01  5.87869966e+00
  3.08163152e+02] 5.890551841318008
[-3.14846515e+00  1.47443598e-01 -1.99006643e-01  5.62600329e+00
  3.07297132e+02] 5.631452416381655
[-3.10004583e+00  2.70232321e-02 -7.33593770e-02  5.89788799e+00
  3.06608849e+02] 5.898406108101194
[-3.14443742e+00 -2.02899505e-01 -3.69352301e-01  5.26072486e+00
  3.03083624e+02] 5.277576662419116
[-3.13382720e+00  4.17819670e-02 -8.07798181e-02  5.41862367e+00
  3.05611816e+02] 5.419386827316991
[-3.06932165e+00  1.21276951e-01  3.24548253e-01  5.62994565e+00
  3.04798279e+02] 5.640596396237178
[-3.00392310e+00  5.77603019e-02  3.65087440e-01  5.56878034e+00
  3.05678727e+02] 5.581033914928776
[-3.05765594e+00 -1.22845686e-01 -6.55557783e-02  5.58499659e+00
  3.05553299e+02] 5.586732094759844
[-3.01142469e+00 -3.49192607e-02  1.26374328e-01  5.43059121e+00
  3.05802455e+02] 5.432173666484803
[-3.06724183e+00 -2.41334440e-01  1.65739008e-01  5.73948577e+00
  3.06934189e+02] 5.746947770657606
[-3.08471465e+00 -4.38252940e-03 -9.80469217e-02  5.57300656e+00
  3.05259319e+02] 5.573870691134949
[-3.14292471e+00  1.22311163e-01  1.55338563e-01  5.61228096e+00
  3.07634078e+02] 5.615762427957656
[-3.06805679e+00  3.05298730e-01  2.77518924e-02  5.38904987e+00
  3.04910008e+02] 5.397762130264641
[-3.08080329e+00 -5.20635251e-02 -2.65732220e-02  5.93235463e+00
  3.08290586e+02] 5.93264259933943
[-3.00748238e+00 -1.37816154e-01 -2.49852711e-01  5.83095404e+00
  3.08044280e+02] 5.837931539454381
[-3.04023642e+00  1.39047831e-01  2.08754138e-02  5.53779563e+00
  3.06772200e+02] 5.5395803592533825
[-3.03694705e+00  1.13243359e-01  1.94550106e-01  5.54990278e+00
  3.05301886e+02] 5.554466186415525
[-3.00749533e+00 -1.01143840e-01  2.29197546e-02  5.60677414e+00
  3.03902591e+02] 5.607733203918097
[-3.05578056e+00  3.11456060e-03  3.41419677e-01  5.39693838e+00
  3.03844971e+02] 5.407727889552155
[-3.15898184e+00 -1.86439186e-01 -2.48477235e-01  5.90843974e+00
  3.05475745e+02] 5.916600428100095
[-3.10615496e+00 -2.53500154e-01 -9.83088514e-02  5.92031018e+00
  3.06516750e+02] 5.926550394202346
[-3.13471719e+00  1.75864264e-01  1.14012570e-01  5.92238369e+00
  3.05600728e+02] 5.926091099388199
[-3.03738552e+00 -1.11898675e-01  4.48188086e-02  5.41662305e+00
  3.05789388e+02] 5.417964128560351
[ -3.06796204   0.32957276   0.42316526   5.768373   308.04514385] 5.793255914358484
[-3.05295303e+00  1.08620897e-01  5.37241755e-02  5.43131643e+00
  3.02357235e+02] 5.432668125182641
[-3.10272931e+00 -4.59356508e-02 -4.94129135e-01  5.59785966e+00
  3.06946206e+02] 5.619813742969211
[-2.93875118e+00  2.06600069e-02 -9.32679918e-02  5.62235214e+00
  3.05426321e+02] 5.62316364409014
[-3.07212646e+00  2.17157179e-01  1.19976786e-02  5.57553380e+00
  3.06174284e+02] 5.579774035414422
[-3.12773796e+00 -2.68657198e-01 -1.07464907e-01  5.87840058e+00
  3.05340494e+02] 5.885517715573197
[-2.96689540e+00 -9.86384622e-02  3.08703477e-01  5.57566243e+00
  3.08075089e+02] 5.585072868626247
[-3.11985062e+00  2.71282192e-01 -1.28497324e-01  5.63891208e+00
  3.05477959e+02] 5.646896051399216
[-3.12729991e+00  1.30034913e-01 -1.79407002e-01  5.65431553e+00
  3.05968720e+02] 5.658655322438898
[-3.07611871e+00 -2.71668623e-01  5.43217235e-02  5.81648883e+00
  3.07408050e+02] 5.823083119660493
[-3.12531300e+00 -1.75021351e-03  7.35191855e-02  5.50911684e+00
  3.01202552e+02] 5.509607654071989
[-3.07127634e+00 -2.32044563e-01  2.77486698e-01  5.62600126e+00
  3.07343520e+02] 5.637617737285158
[-3.10415695e+00 -1.54364901e-01  1.35416381e-01  5.52753200e+00
  3.05854330e+02] 5.531344878289792
[-3.17918525e+00 -1.08989064e-01  1.14256281e-01  6.05146455e+00
  3.08136687e+02] 6.05352429135522
[-3.05022328e+00 -4.99736793e-02  1.75010913e-01  5.77362934e+00
  3.07885532e+02] 5.776497375045643
[-3.14355532e+00  7.66891656e-02  2.41560030e-02  5.70227053e+00
  3.04664276e+02] 5.702837358545934
[-3.08871548e+00 -1.01792973e-01  3.10079168e-01  5.59546556e+00
  3.04921602e+02] 5.604975088747973
[-2.99623071e+00  1.46665122e-03 -1.20580122e-01  5.41214576e+00
  3.06972230e+02] 5.413489028336956
[-2.99206794e+00 -4.76124297e-02 -3.28586465e-01  5.53857752e+00
  3.05715862e+02] 5.548520251769667
[-3.06241701e+00 -1.85502046e-01 -3.89491770e-01  5.68568591e+00
  3.06273739e+02] 5.702029389466444
[-3.03915128e+00  1.67868635e-01  4.27023781e-02  5.69319272e+00
  3.06056827e+02] 5.695827132136945
[-3.14681006e+00 -9.27535026e-03 -2.96099490e-01  5.35384651e+00
  3.02167891e+02] 5.36203631157458
[-3.08843504e+00 -6.49150040e-02  3.26043801e-03  5.56295383e+00
  3.06755323e+02] 5.563333524056354
[-3.02123331e+00  1.57519989e-01  1.13516723e-01  5.49302907e+00
  3.07206329e+02] 5.496459495435681
[-3.04053060e+00  3.81570134e-02 -4.15080419e-01  5.83774538e+00
  3.07457761e+02] 5.852607868044274
[-3.03569547e+00  1.14754928e-01 -3.61588294e-01  5.72793766e+00
  3.06873552e+02] 5.740486443970583
[-3.07568448e+00 -3.10725995e-01  2.88913157e-01  5.76570608e+00
  3.06652720e+02] 5.781296402808807
[-3.00393323e+00  1.08991233e-01  1.41325883e-01  5.36868058e+00
  3.04207345e+02] 5.371646231917498
[-3.19054854e+00  2.23894969e-01  5.06334245e-02  5.78092430e+00
  3.07614663e+02] 5.785479964018296
[-3.12361324e+00  3.24567887e-01 -1.12488715e-01  5.69897768e+00
  3.04624405e+02] 5.709320851297432
[-3.06982115e+00 -1.74283163e-01  3.84039150e-02  5.53697869e+00
  3.06983854e+02] 5.53985401580621
[-3.07858323e+00  7.35552873e-02  1.61953729e-02  5.35299418e+00
  3.05434018e+02] 5.353524014337193
[-3.07816364e+00 -3.64673772e-02 -1.71304252e-01  5.74942010e+00
  3.06143747e+02] 5.752087146995844
[-3.12369829e+00  4.06649274e-02  1.82405699e-01  5.63288942e+00
  3.07076394e+02] 5.635988705880439
[-3.01616772e+00  2.27862058e-01 -1.26228496e-01  5.71330534e+00
  3.05176135e+02] 5.719240567439549
[-3.09003805e+00 -1.38084595e-01  2.28412679e-01  5.76503781e+00
  3.07285725e+02] 5.771213100305265
[-3.11914807e+00 -4.00879727e-03  5.76047854e-02  5.74592810e+00
  3.08866763e+02] 5.746218246989184
[-3.08420791e+00  9.26343425e-03 -5.11915610e-02  5.25700105e+00
  3.03709173e+02] 5.257258450678532
[-3.00502479e+00  9.58301811e-02 -6.46842762e-02  5.69914281e+00
  3.06102268e+02] 5.700315454174711
[-3.09771068e+00 -4.23879515e-02  1.02311439e-01  5.37919549e+00
  3.05380210e+02] 5.380335350167884
[-3.03281547e+00 -8.54533031e-02 -7.01569025e-02  5.98716813e+00
  3.08313327e+02] 5.988188909444431
[-3.09163063e+00  2.79060055e-01 -9.06560675e-02  5.78978540e+00
  3.07110356e+02] 5.797215536526829
[-3.21826016e+00  1.70913780e-01 -1.50527742e-01  5.91809414e+00
  3.09019433e+02] 5.922474848202543
[-3.15258008e+00 -2.14705856e-01 -1.20437293e-01  5.69479045e+00
  3.04849503e+02] 5.700108946894446
[-3.02048504e+00  2.35184726e-01 -1.60277876e-01  5.44035654e+00
  3.00691959e+02] 5.447795898179307
[-3.11974527e+00  4.59385178e-02 -2.40048593e-01  5.89425324e+00
  3.06919274e+02] 5.899318174800974
[-3.00214620e+00  3.61881985e-02 -1.91536609e-01  5.74740672e+00
  3.06873482e+02] 5.750711249176394
[-3.11040472e+00  1.93554488e-01  1.38054240e-01  5.63263206e+00
  3.06980492e+02] 5.6376472284670305
[-3.03339085e+00  2.00783353e-02 -6.32671792e-02  5.63333283e+00
  3.04570748e+02] 5.633723870176617
[-3.03555116e+00 -1.38603079e-01  9.63589937e-02  5.19331853e+00
  3.02875558e+02] 5.196061316243016
[-3.15507306e+00 -1.95513936e-01 -2.03251616e-01  5.84751576e+00
  3.06474898e+02] 5.854312721351909
[-3.10020021e+00  2.61597608e-04  1.89013856e-01  5.93217267e+00
  3.08815594e+02] 5.935183137318958
[-3.02765212e+00  2.96138975e-01  3.36238213e-02  5.34788916e+00
  3.04578951e+02] 5.356187760784739
[-3.05684967e+00  6.12255312e-02  2.48190870e-02  5.42619194e+00
  3.04849670e+02] 5.42659410038012
[-3.05699545e+00  2.16842380e-01  2.02183397e-02  5.78113281e+00
  3.05396605e+02] 5.785233441204423
[-3.06783945e+00 -1.21933138e-01 -1.50189197e-01  5.61242435e+00
  3.05640184e+02] 5.615757435495035
[-3.01599303e+00 -4.04990798e-02  1.96848194e-01  5.43710729e+00
  3.02292652e+02] 5.440820256845371
[-3.10139176e+00  1.65528640e-01 -1.48983157e-01  5.84602520e+00
  3.05850185e+02] 5.850265494122572
[-3.01505877e+00  8.29446446e-02 -8.51998517e-02  5.59822304e+00
  3.06816151e+02] 5.5994856981456085
[-3.09702554e+00  2.18658691e-01  1.47714200e-01  5.62857680e+00
  3.07694458e+02] 5.634758901934991
[-3.06052947e+00 -8.73676598e-02 -4.19886603e-02  5.37741378e+00
  3.05011482e+02] 5.378287379726595
[-3.11236429e+00  1.91313986e-01  1.12873528e-01  5.59094292e+00
  3.06246379e+02] 5.595353809128971
[-2.99214896e+00  6.13755829e-02 -4.33000557e-01  5.66623898e+00
  3.07646381e+02] 5.683090761095578
[-3.08816165e+00 -1.21635551e-01 -1.81650003e-01  5.80668044e+00
  3.07766152e+02] 5.810794232142725
[-3.14714855e+00 -1.70047170e-01 -6.30725073e-02  5.64501980e+00
  3.07694303e+02] 5.647932602694406
