/mnt/stage/douwei/Simulation/5kt_root/2MeV/5kt_+7.20.root
[-3.20649698e+00 -4.16516636e-03  3.43411879e-01  7.45126217e+00
  3.16926173e+02] 7.45917267452881
[-3.17334207e+00 -1.37014602e-01  9.06963181e-02  7.25020421e+00
  3.17563173e+02] 7.2520659036404505
[-3.10064444e+00 -1.69521032e-01  2.03889961e-03  7.07666131e+00
  3.14357407e+02] 7.078691742096762
[-3.08148111e+00 -4.84531401e-02 -7.90056708e-02  7.26378614e+00
  3.16452997e+02] 7.264377380763477
[-3.21342667e+00 -2.19627371e-01 -2.69713064e-01  6.90529135e+00
  3.14423733e+02] 6.914045842455798
[-3.06686765e+00  6.42396897e-02 -1.57413270e-01  7.55909579e+00
  3.17996886e+02] 7.561007530488573
[-2.93131387e+00  1.70029851e-02  1.16494695e-01  7.01851183e+00
  3.17202693e+02] 7.019499154975694
[-3.14931683e+00  9.47239842e-02 -1.61951599e-01  7.23609402e+00
  3.15315582e+02] 7.238525925540107
[-3.10837999e+00  1.02957355e-01 -8.72915281e-02  7.43459348e+00
  3.18964975e+02] 7.435818737148446
[-3.07717820e+00  1.74156524e-02 -3.51241226e-01  7.51789007e+00
  3.21111315e+02] 7.526110864005245
[-3.15811450e+00  2.76316956e-01 -1.31754665e-01  7.34599283e+00
  3.17637567e+02] 7.3523683982337
[-3.06325560e+00 -9.67171186e-02 -1.83952879e-01  7.09766360e+00
  3.14132906e+02] 7.100705702031131
[-3.10276341e+00  1.04718526e-01  7.92524401e-02  6.94440451e+00
  3.16188751e+02] 6.945646181017218
[-3.11174229e+00  3.40208074e-01  6.63274232e-02  7.29393366e+00
  3.16897317e+02] 7.302164688227271
[-3.16983317e+00 -1.89977390e-01 -1.87859673e-01  7.22857869e+00
  3.17468207e+02] 7.233514536585037
[-3.13346257e+00  1.94004525e-01 -6.90683290e-02  7.47580454e+00
  3.18013844e+02] 7.478640368328148
[-3.03196668e+00 -5.69997344e-02  1.33680378e-01  7.18253913e+00
  3.16993493e+02] 7.184009171512782
[-3.13397994e+00  2.68306391e-02 -5.79964657e-02  7.45956628e+00
  3.18451878e+02] 7.459839985635675
[-3.09658286e+00  1.18327931e-01 -1.43657770e-01  6.99505422e+00
  3.15211643e+02] 6.997529747113042
[-3.11058665e+00  1.88434483e-01 -5.05165027e-02  7.33565858e+00
  3.18695203e+02] 7.3382522583110354
[-3.11839299e+00  1.13208029e-01 -8.01337180e-02  7.28397561e+00
  3.17487362e+02] 7.285296022840364
[-3.01953937e+00  3.63399922e-02  3.94267588e-02  7.26029785e+00
  3.18636227e+02] 7.260495851274938
[-3.12908511e+00  2.60956545e-01 -1.35152792e-01  7.07446951e+00
  3.14563046e+02] 7.080570844593442
[-3.20467634e+00  2.91703682e-01  7.58173498e-03  7.45727507e+00
  3.17697938e+02] 7.462981972994022
[-3.10864810e+00 -2.47897541e-02 -5.06825815e-02  7.07823221e+00
  3.14527070e+02] 7.078457067052478
[-3.15364572e+00  8.70986342e-02 -1.50732938e-01  7.52836718e+00
  3.18339629e+02] 7.530379735874157
[-3.08608886e+00  1.35889712e-01  1.61251887e-01  7.34582630e+00
  3.17255827e+02] 7.348852445888563
[-3.14505439e+00 -1.65957943e-01  1.69569913e-01  7.20589782e+00
  3.15823154e+02] 7.20980300742087
[-3.16306130e+00 -1.67774678e-01 -2.12456851e-01  7.41104915e+00
  3.18470788e+02] 7.415991895829676
[-3.08934977e+00  1.25700003e-01 -9.70274381e-02  7.03190268e+00
  3.16201614e+02] 7.033695335919071
[-3.16586190e+00 -1.83203871e-01 -6.68628567e-02  7.17931630e+00
  3.14602248e+02] 7.181964690213296
[-3.12400626e+00  6.51426893e-02 -2.59160090e-02  7.01243162e+00
  3.16034780e+02] 7.012782074610852
[-3.10675082e+00  3.47110823e-01  8.95082536e-02  7.15024867e+00
  3.14561947e+02] 7.1592285647979645
[-3.12765129e+00  3.21145611e-02  2.57096265e-01  7.16482785e+00
  3.15906811e+02] 7.169510999470743
[-3.18097456e+00 -2.98128365e-01 -7.76501663e-02  7.12166640e+00
  3.14799844e+02] 7.128326760276458
[-3.07325350e+00 -4.49239328e-02  1.36333515e-01  7.37875462e+00
  3.18238858e+02] 7.380150721082798
[-3.16999496e+00 -3.30087101e-03 -3.09031559e-01  7.31141156e+00
  3.15872331e+02] 7.317940310956827
[-3.09490017e+00  2.16463020e-02  2.49409444e-01  7.40850534e+00
  3.17744400e+02] 7.412733972153014
[-3.05398065e+00  1.37735883e-01  1.06649858e-02  7.17768334e+00
  3.19818663e+02] 7.179012681939727
[-3.08997643e+00  1.32689425e-01  2.15065379e-01  7.24434537e+00
  3.19371756e+02] 7.248751580434119
[-3.08482103e+00  2.94163348e-02 -8.97366519e-02  6.91878325e+00
  3.16684815e+02] 6.919427698580473
[-3.10431371e+00 -2.64120358e-01  6.14346455e-02  7.27731276e+00
  3.17849413e+02] 7.282363272594202
[-3.16379452e+00 -5.14432593e-02 -9.58662837e-02  7.63158471e+00
  3.19183164e+02] 7.6323601779554435
[-3.12569649e+00  3.01560711e-01 -5.93890000e-02  7.11030550e+00
  3.16063473e+02] 7.1169452892663605
[-3.10712598e+00 -1.71901516e-01 -1.00270059e-01  7.41725865e+00
  3.19220495e+02] 7.419927902942782
[-3.16726812e+00  4.12391106e-02 -2.51030191e-01  7.19576202e+00
  3.15377438e+02] 7.200257488369911
[-3.13411798e+00  1.07194706e-01  9.77109006e-02  7.09130714e+00
  3.14064343e+02] 7.092790362442851
[-3.21499864e+00  9.30414446e-02  1.88046905e-01  7.48195222e+00
  3.18499531e+02] 7.484893280969604
[-3.20971662e+00  1.18977799e-01  1.40273028e-01  7.27516623e+00
  3.15982513e+02] 7.277491049099048
[-3.11510035e+00  3.02730098e-01  2.47600886e-01  7.33524952e+00
  3.16639945e+02] 7.3456679187048195
[-3.08579995e+00 -2.54433362e-01 -2.06963209e-01  6.95156570e+00
  3.14518021e+02] 6.9592985168034165
[-3.14661171e+00 -3.89211506e-01 -2.45124142e-01  7.32199260e+00
  3.18876720e+02] 7.336426038806056
[-3.12426830e+00 -2.25850430e-02 -5.89382508e-02  6.87644271e+00
  3.14029262e+02] 6.876732377221118
[-2.99207618e+00 -1.10576242e-01 -7.90091728e-02  6.96707216e+00
  3.15034242e+02] 6.968397527591074
[-3.01019856e+00 -2.33869292e-02 -8.38481172e-04  7.01708453e+00
  3.16614140e+02] 7.017123556259695
[-3.19782175e+00 -9.84684665e-02  9.76507065e-02  7.14891091e+00
  3.16782565e+02] 7.1502558655392345
[-3.19825126e+00 -2.77683845e-01  6.93866557e-02  7.51173735e+00
  3.18542341e+02] 7.517188356710267
[-3.07683537e+00 -5.13130850e-02  2.58075300e-02  7.15269253e+00
  3.17585819e+02] 7.1529231475825
[-3.07248964e+00 -2.12908890e-02 -1.35728706e-01  6.99054853e+00
  3.14802021e+02] 6.99189848154464
[-3.06429810e+00  1.31632526e-01  7.92499523e-02  7.26267922e+00
  3.15891726e+02] 7.264304312736267
[-3.08682558e+00  9.32154690e-02 -2.06373259e-01  7.23002239e+00
  3.18369055e+02] 7.233567778329287
[-3.13900581e+00  1.41059041e-01  9.51388487e-02  7.31558815e+00
  3.16792881e+02] 7.317566467117418
[-3.15551147e+00 -1.40580691e-01 -2.37226796e-01  6.92523511e+00
  3.14012813e+02] 6.930722960783754
[-3.03634527e+00 -4.93572984e-02  4.89274989e-02  7.40663526e+00
  3.20200576e+02] 7.4069613175892135
[-3.12005868e+00  4.26497647e-03 -5.91939347e-02  6.98694658e+00
  3.15324736e+02] 6.987198620547066
[-3.07788884e+00  3.06309934e-01 -1.80616245e-01  7.33320237e+00
  3.20368690e+02] 7.3418189167396894
[-3.12222923e+00  4.79709072e-02 -3.79543880e-01  7.22112209e+00
  3.17200161e+02] 7.2312487849772005
[-3.12235410e+00 -3.47783626e-02 -1.26186692e-01  7.30960267e+00
  3.17530821e+02] 7.310774498732139
[-3.09138436e+00 -3.32690972e-01  3.51875433e-02  7.15720876e+00
  3.16731156e+02] 7.165023281013357
[-3.09444455e+00 -1.54301368e-02  1.11649312e-01  7.30610594e+00
  3.18327238e+02] 7.306975270648713
[-3.06045456e+00 -8.34529983e-02 -9.69560334e-02  7.47874809e+00
  3.19219541e+02] 7.479842100035028
[-3.08901635e+00 -1.01417334e-01  7.96477197e-03  7.08103793e+00
  3.13556249e+02] 7.081768638222835
[-3.14928148e+00 -1.97279243e-02 -7.85813291e-02  7.34435982e+00
  3.16859466e+02] 7.34480669307382
[-3.11555950e+00  1.18754238e-01  1.53439939e-01  7.19371557e+00
  3.13064655e+02] 7.196331705517847
[-3.26413831e+00  8.74385090e-02  3.17724140e-02  7.34268592e+00
  3.15226344e+02] 7.343275253342039
[-3.16332633e+00  9.12319002e-02  5.19620483e-02  7.28491361e+00
  3.16043344e+02] 7.285670151874567
[-3.08684164e+00  1.78415972e-02 -9.98050202e-02  7.15616310e+00
  3.16240834e+02] 7.156881281429156
[-3.15076720e+00 -1.63764255e-01 -2.14306753e-01  7.14347648e+00
  3.15856518e+02] 7.1485664568333185
[-3.10687010e+00 -3.48183987e-01 -1.54803520e-01  7.43157827e+00
  3.18241324e+02] 7.441340731034731
[-3.18702274e+00  1.21067898e-01 -9.52030502e-02  7.39965193e+00
  3.16521692e+02] 7.401254604397051
[-3.10043301e+00 -1.57046414e-01 -2.69230943e-01  6.90697116e+00
  3.14063594e+02] 6.914000256772823
[-3.11730164e+00 -3.25102413e-01 -8.27103265e-02  7.41656663e+00
  3.16913166e+02] 7.424149318154366
[-3.13278285e+00  1.63108089e-01 -2.22971034e-01  7.38823214e+00
  3.15892910e+02] 7.393395326061312
[-3.12763714e+00 -1.87491492e-01 -1.22612455e-01  7.08497113e+00
  3.13519583e+02] 7.088512032414941
[-3.21770730e+00  1.63745022e-01 -1.02648731e-01  7.08935700e+00
  3.14767926e+02] 7.091990680047531
[-3.09578168e+00 -1.25940042e-02  3.04287443e-01  6.98006631e+00
  3.14915495e+02] 6.986707031766642
[-3.23977263e+00 -4.32699262e-02  8.11797411e-02  7.17454465e+00
  3.12184590e+02] 7.175134379424561
[-3.07441265e+00  1.69263204e-01  8.22230511e-02  7.48874471e+00
  3.19247011e+02] 7.4911085951310605
[-3.01732760e+00 -7.86230305e-02  1.15878904e-01  7.34715207e+00
  3.16993737e+02] 7.348486441979757
[-3.16181396e+00 -1.91164604e-01  2.10881138e-01  7.23319702e+00
  3.15785756e+02] 7.238795056424815
[-3.06291545e+00 -1.67024114e-01  2.28881929e-01  7.31431775e+00
  3.19679492e+02] 7.319803827075099
[-3.06177233e+00 -2.87528553e-01 -1.08239352e-01  7.02323979e+00
  3.15683427e+02] 7.029956300032984
[-3.06701296e+00  1.30406687e-01 -2.52942745e-01  7.29409112e+00
  3.16532679e+02] 7.299640484516858
[-3.11633717e+00 -3.95810922e-02  3.39709237e-01  7.52893758e+00
  3.18951494e+02] 7.536701541197311
[-3.14741217e+00  8.00741915e-02  1.31971231e-01  7.34556387e+00
  3.15014800e+02] 7.3471856379771605
[-3.12546883e+00  3.19951393e-02 -5.31084702e-01  7.35715911e+00
  3.16469187e+02] 7.376372068231744
[-3.14890081e+00 -2.10162381e-01  1.82756931e-01  7.14608094e+00
  3.13981987e+02] 7.15150621438744
[-3.10749794e+00  2.74080955e-01  5.62977953e-02  7.08426712e+00
  3.14240830e+02] 7.089790574325165
[-3.12910759e+00  5.56861853e-02 -1.53943176e-01  6.96874617e+00
  3.14059783e+02] 6.970668732980187
[-3.09523769e+00 -1.76286140e-01 -1.10367466e-01  7.23827576e+00
  3.19434258e+02] 7.241263270819938
[-3.04415203e+00  1.14821611e-02  2.85250765e-02  7.07426371e+00
  3.17022017e+02] 7.0743305422386795
[-3.22886871e+00 -1.54316018e-01  2.18528296e-01  7.60046366e+00
  3.19966891e+02] 7.605170335152014
[-3.02676514e+00  1.92376655e-01 -2.41944061e-01  6.98501356e+00
  3.17136593e+02] 6.991849552618061
[-3.09421925e+00  6.71296384e-03  6.85812069e-03  7.25336419e+00
  3.16070751e+02] 7.253370542567603
[-3.17160728e+00 -7.60655239e-02  7.24835639e-03  7.14553469e+00
  3.13756973e+02] 7.1459432221772525
[-3.06790877e+00  7.61382869e-02 -2.40386032e-01  7.10693911e+00
  3.16016672e+02] 7.11141096744995
[-3.08884849e+00  9.49960234e-02  3.25457757e-01  7.49817271e+00
  3.19158732e+02] 7.505833800095863
[-3.04602772e+00 -7.49841040e-03  3.17903386e-01  7.40690157e+00
  3.19305974e+02] 7.413724408962532
[-3.08212197e+00 -3.28676027e-01  1.60433631e-01  7.23851589e+00
  3.17424406e+02] 7.24774994093836
[-3.10959995e+00 -1.73312810e-01  1.73707841e-01  7.14000008e+00
  3.16934913e+02] 7.14421534327313
[-3.10713886e+00  1.67951102e-01  2.29457939e-01  7.23672792e+00
  3.16900866e+02] 7.242312443043721
[-3.09815688e+00 -8.61558697e-02 -1.16330057e-01  7.22669424e+00
  3.17940855e+02] 7.2281439641309655
[-3.17123867e+00 -1.77818651e-01 -2.01504444e-01  7.27507223e+00
  3.16020903e+02] 7.280034299829867
[-3.08154964e+00  1.19116984e-01 -1.86904705e-01  7.18619726e+00
  3.17241411e+02] 7.1896142690474205
[-3.16354178e+00  1.27252892e-01 -7.88574995e-03  7.28736382e+00
  3.17844604e+02] 7.28847905249277
[-2.99933867e+00  3.15492450e-01 -2.04392745e-01  7.22112471e+00
  3.19247103e+02] 7.230902702211531
[-3.08572405e+00 -7.32015465e-02 -1.34108073e-02  7.19302530e+00
  3.16483781e+02] 7.1934102706069964
[-3.06961839e+00  2.70716950e-01  2.11623574e-02  6.97408048e+00
  3.13266005e+02] 6.979364878666583
[-3.07680075e+00  1.25056848e-02  1.45483111e-01  7.17647092e+00
  3.16412711e+02] 7.17795629836004
[-3.12226121e+00 -1.34715240e-01 -1.27203381e-01  7.40961826e+00
  3.15203771e+02] 7.411934410275786
[-3.15918059e+00  3.48473155e-03 -1.49820476e-01  7.59857424e+00
  3.19176421e+02] 7.600051889657345
[-3.14848395e+00  7.54565929e-02  5.77746019e-02  6.92099655e+00
  3.12493870e+02] 6.921648993859357
[-3.10456326e+00 -1.67666625e-01 -9.71038544e-02  7.35938344e+00
  3.18344676e+02] 7.361933569800407
[-3.17026227e+00 -1.79065443e-01  8.92713131e-02  7.18123591e+00
  3.16701851e+02] 7.184022759306583
[-3.09258444e+00 -1.95147256e-01 -2.29700937e-02  7.12666002e+00
  3.15908648e+02] 7.129368350705791
[-3.05395739e+00  2.35193567e-01  7.72293134e-02  7.29655338e+00
  3.18692846e+02] 7.300751444107577
[-3.01057989e+00  8.13658862e-03  1.27052689e-01  6.84652107e+00
  3.15208356e+02] 6.847704678717589
[-3.14064703e+00  5.32982499e-02 -9.05362772e-02  7.20531091e+00
  3.15889107e+02] 7.206076797901009
[-3.05402627e+00 -2.28646708e-01  3.52584775e-01  7.33821631e+00
  3.17234580e+02] 7.350239036816149
[-3.10877652e+00 -5.64720182e-02 -5.29828293e-03  7.05300575e+00
  3.16831810e+02] 7.053233815371342
[-3.16857585e+00 -1.94156106e-01 -5.49018090e-02  7.66395344e+00
  3.18354956e+02] 7.666608973526497
[-3.13234351e+00  2.07034618e-01  1.14554464e-01  7.40958894e+00
  3.16368758e+02] 7.413365927508859
[-3.16857608e+00 -1.58615058e-01 -1.98423095e-02  7.48447919e+00
  3.16707724e+02] 7.486186021817643
[-3.11145282e+00  6.07520449e-03  8.82562525e-02  7.49889442e+00
  3.19204839e+02] 7.499416221517561
[-3.13384414e+00  2.79487011e-01 -5.08373381e-03  7.13798682e+00
  3.14191186e+02] 7.143458173917467
[-3.09968278e+00 -2.32203835e-02 -1.05918759e-01  7.19546630e+00
  3.16183622e+02] 7.1962832953877856
[-3.11121812e+00  6.10541095e-03 -3.33082152e-02  7.05877279e+00
  3.13799124e+02] 7.058854017927338
[-3.09023418e+00  7.31211747e-02 -1.20609088e-01  7.40090805e+00
  3.18853020e+02] 7.4022519011847825
[-3.11671331e+00  1.65132493e-01  6.00091876e-03  7.26162158e+00
  3.18261496e+02] 7.263501406136444
[-3.14284203e+00  6.99324698e-02  2.07226949e-01  7.46706007e+00
  3.19026178e+02] 7.470262354198217
[-3.13478778e+00 -1.78809106e-01  1.16204824e-01  7.49228247e+00
  3.18418002e+02] 7.495316728898853
[-3.09216096e+00  2.82064080e-01 -1.24153719e-01  7.24540597e+00
  3.17518779e+02] 7.251957115684572
[-3.14534282e+00  8.76374375e-02  2.01208852e-01  7.54973195e+00
  3.18814743e+02] 7.5529211450003375
[-3.16307210e+00  1.04271288e-01 -6.93011074e-02  7.38815179e+00
  3.17836705e+02] 7.38921254250052
[-3.01525395e+00 -1.19386332e-01 -1.09418979e-01  6.98450870e+00
  3.14785551e+02] 6.986385858775454
[-3.06752868e+00  7.01538917e-02  3.03557281e-01  6.86458014e+00
  3.15763503e+02] 6.871646749748794
[-3.14216281e+00 -7.29965921e-02  7.86858851e-02  7.27833714e+00
  3.16609427e+02] 7.27912848717149
[-3.08497971e+00  8.31715718e-02 -1.66427639e-01  7.12997425e+00
  3.14425363e+02] 7.13240130779024
[-3.14176769e+00  1.50525928e-01  1.76878912e-01  7.32314515e+00
  3.18070546e+02] 7.326827359077223
[-3.12201831e+00 -2.97984831e-02  9.30732333e-02  7.04024235e+00
  3.15681132e+02] 7.040920604702892
[-3.08297572e+00  6.55285087e-02  1.41795281e-01  7.15546162e+00
  3.18754839e+02] 7.157166403526674
[-3.14370197e+00 -7.81189906e-02 -5.80946306e-02  7.70640206e+00
  3.19960104e+02] 7.707016950812419
[-3.10479471e+00 -3.75791991e-02  1.05126830e-01  7.60993563e+00
  3.21083834e+02] 7.610754507283055
[-3.09223877e+00  4.12126146e-02  1.30763629e-01  7.37708851e+00
  3.17359414e+02] 7.378362453563382
[-3.07016905e+00  3.26709891e-01  2.20723165e-01  7.13055720e+00
  3.16145917e+02] 7.141449718217729
[-3.08838830e+00  2.33585615e-01 -2.35855110e-01  7.03935029e+00
  3.13647705e+02] 7.047172647964515
[-3.14121830e+00 -2.53084818e-01  3.84902381e-02  7.26226699e+00
  3.16696308e+02] 7.26677750186755
[-3.16135951e+00  8.85353095e-02  2.31761986e-01  7.14601336e+00
  3.16810013e+02] 7.150318805494377
[-3.09239330e+00  7.38600249e-02 -1.73145202e-01  7.54890460e+00
  3.19277861e+02] 7.551251236292054
[-3.14745303e+00 -2.61280994e-01  5.25581538e-02  6.95979759e+00
  3.12966578e+02] 6.964898607446691
[-3.08370000e+00 -4.43143736e-01  8.40240949e-02  7.22878828e+00
  3.18560201e+02] 7.242845881377682
[-3.08957518e+00 -1.09787602e-01 -2.01715862e-01  7.24009304e+00
  3.15751168e+02] 7.243734523007229
[-3.19223572e+00 -6.99844512e-02  2.16468667e-01  7.30046152e+00
  3.15909369e+02] 7.304005400630329
[-3.14718170e+00  7.95377484e-02 -7.08657448e-02  7.15562915e+00
  3.16256603e+02] 7.156422067401285
[-3.12958160e+00 -3.49358894e-01  8.03358936e-03  7.29180609e+00
  3.17816788e+02] 7.300174805095025
[-3.09980989e+00 -2.46034365e-01  1.29178640e-01  6.98155724e+00
  3.17195292e+02] 6.987085341478635
[-3.08455910e+00  2.26029299e-01  2.93341257e-01  7.11698156e+00
  3.16579181e+02] 7.126609634282292
[-3.07445168e+00  8.00041891e-02 -2.02827375e-01  7.36801246e+00
  3.19366465e+02] 7.371237831578778
[-3.15424031e+00  2.45418882e-01 -3.08064906e-01  7.42391485e+00
  3.15532650e+02] 7.434355801728563
[-3.05921547e+00 -8.36714369e-02  2.80440449e-01  7.29049787e+00
  3.15789248e+02] 7.296369435914942
[-3.17816863e+00 -3.16578155e-02  2.06530544e-01  7.39299481e+00
  3.18109481e+02] 7.3959468208785735
[-3.07688344e+00  2.40765952e-01  3.84026978e-02  7.37395481e+00
  3.18036258e+02] 7.377984313831737
[-3.18554788e+00  1.68730747e-02  2.90236369e-02  7.35514530e+00
  3.15299626e+02] 7.355221918538004
[-3.12571549e+00  1.28955862e-01 -1.37876220e-01  7.27386488e+00
  3.17596714e+02] 7.276314300170431
[-3.11124005e+00 -7.12584620e-02  1.59152308e-01  7.03027741e+00
  3.15775569e+02] 7.032439665405702
[-3.20912963e+00 -1.49180024e-01  2.44828208e-02  7.29660649e+00
  3.14356744e+02] 7.298172395901111
[-3.11219305e+00  1.06415949e-01 -1.67835676e-01  7.58008004e+00
  3.19571827e+02] 7.582684654188044
[-3.13514872e+00  2.34465475e-01 -1.49454023e-02  7.28990226e+00
  3.15495473e+02] 7.293687162196326
[-3.18500793e+00  3.12874480e-01 -2.36241190e-01  7.25472872e+00
  3.15262097e+02] 7.265314111911808
[-3.02851793e+00 -5.33857583e-02 -3.03923862e-01  7.18042287e+00
  3.16578428e+02] 7.1870503242994
[-3.17347132e+00  3.11356483e-02  1.18279692e-01  7.25257424e+00
  3.17048654e+02] 7.253605489120763
[-3.06770029e+00  2.30234686e-01  2.70470584e-01  7.25059962e+00
  3.17426327e+02] 7.25929454148477
[-3.17975713e+00  6.63167556e-02 -1.52255867e-01  7.11035320e+00
  3.15045821e+02] 7.112292346121863
[-3.18104785e+00 -8.50286406e-02  1.87225560e-01  7.18292776e+00
  3.17644115e+02] 7.18587047690248
[-3.09707039e+00  1.23039341e-01 -2.32376990e-01  7.31096209e+00
  3.17591025e+02] 7.3156889205767675
[-3.04194673e+00  1.74940468e-01  1.77856628e-01  7.06535826e+00
  3.16606922e+02] 7.069761274857731
[-3.06903071e+00  1.04700061e-01  2.13954190e-01  7.07129039e+00
  3.17303404e+02] 7.075301139044244
[-3.19815627e+00 -3.81223749e-02  1.46984116e-01  7.09551382e+00
  3.15170333e+02] 7.097138439223392
[-3.11139832e+00  6.41977845e-02 -1.85283398e-02  6.98000213e+00
  3.14962492e+02] 6.980321936276291
[-3.13283166e+00  2.20294835e-01 -1.02459248e-01  7.61672142e+00
  3.19460887e+02] 7.620595315823688
[-3.03223075e+00  2.20530392e-01 -2.27396220e-01  7.15608456e+00
  3.15976123e+02] 7.163092138633303
[-3.14426994e+00  2.48529939e-01 -6.11625199e-02  7.08557972e+00
  3.16676653e+02] 7.090200839544544
[-3.10726069e+00  9.49084421e-02 -2.66648812e-01  7.36589028e+00
  3.18823630e+02] 7.371326124088272
[-3.06795517e+00 -6.17927108e-03  3.87888075e-01  7.37454443e+00
  3.18298305e+02] 7.38474108465823
[-3.06477159e+00  2.63161654e-01  2.65427586e-01  7.33440703e+00
  3.16246646e+02] 7.3439248607143695
[-3.03870957e+00  7.05914453e-02 -3.06068764e-01  7.14382747e+00
  3.17678016e+02] 7.150729482467365
[-3.11082584e+00  1.42568238e-02  6.53992698e-02  7.44191134e+00
  3.18900640e+02] 7.442212354581983
[-3.07072088e+00  1.60390207e-01 -1.19836336e-01  7.12050372e+00
  3.15695068e+02] 7.123317974866428
[-3.08245988e+00  2.64820698e-01 -1.38523627e-01  7.24557430e+00
  3.17520440e+02] 7.251735361606351
[-3.23964799e+00  3.64945020e-02 -5.17974478e-02  7.26192536e+00
  3.15173901e+02] 7.262201789195502
[-3.10558405e+00  9.30222795e-02  2.71243522e-01  7.29344632e+00
  3.16989736e+02] 7.2990811398348185
[-3.10013054e+00 -9.46777312e-02 -1.96928441e-01  7.25053483e+00
  3.17923605e+02] 7.253826578967827
[-3.16202262e+00  9.35894283e-02 -2.30352777e-01  7.04289555e+00
  3.14665056e+02] 7.04728310257021
[-3.11411770e+00  1.70832863e-01 -2.80311032e-01  7.24838113e+00
  3.17898482e+02] 7.255810578375127
[-3.17305325e+00  1.24337594e-01  3.68119992e-02  7.43646391e+00
  3.18654499e+02] 7.4375944037984025
[-3.13923404e+00 -1.66684339e-03 -3.84456653e-01  7.51650461e+00
  3.17703360e+02] 7.526330533450171
[-3.15485192e+00  2.87824428e-01 -5.37228483e-02  7.16902381e+00
  3.15773103e+02] 7.1750004495374915
[-3.01587938e+00  1.85388795e-01  1.00422428e-01  6.89153292e+00
  3.15203816e+02] 6.8947574056587
[-3.09469002e+00  4.24162512e-02  1.21959429e-01  7.60267620e+00
  3.18665861e+02] 7.6037726586196115
[-3.02645899e+00 -2.94622375e-01 -4.95756373e-02  7.32050860e+00
  3.17810227e+02] 7.326602636483003
[-3.06493433e+00  4.67532466e-02  1.48732602e-01  7.12128721e+00
  3.15650281e+02] 7.122993670105242
[-3.20591864e+00  2.24943393e-01 -5.85440019e-02  7.42096737e+00
  3.17821166e+02] 7.424606627725756
[-3.08195690e+00  1.65340529e-01 -1.15493809e-01  7.11509134e+00
  3.16533315e+02] 7.117949221875755
[-3.07132097e+00 -1.03307013e-02 -6.93165381e-02  7.52290981e+00
  3.18343206e+02] 7.523236241357087
[-3.08174670e+00 -1.77690424e-01 -2.47184023e-02  7.11308476e+00
  3.17068364e+02] 7.115346776109046
[-2.99821775e+00  8.81691050e-02  2.80832049e-01  7.02081241e+00
  3.11321087e+02] 7.026979959608955
[-3.14453542e+00  2.19367040e-01  1.20285752e-01  7.22558799e+00
  3.14790030e+02] 7.229917868613348
[-3.17812976e+00  2.75334761e-01 -2.08873734e-01  7.16721384e+00
  3.16418858e+02] 7.175541213777074
[-3.07666489e+00  3.55305479e-02  1.50450982e-02  7.49585772e+00
  3.20287526e+02] 7.4959570305282215
[-3.15172514e+00 -5.73348059e-01 -2.66645100e-01  7.32225490e+00
  3.18496950e+02] 7.349506402854022
[-3.13949626e+00  1.10351825e-01  2.68414107e-01  7.44770499e+00
  3.18185668e+02] 7.453357181410105
[-3.10581760e+00  9.16111336e-02 -1.63637344e-01  7.14452695e+00
  3.16949732e+02] 7.146987839106635
[-3.08009865e+00  3.82561446e-02  9.87553376e-02  7.01445173e+00
  3.16586276e+02] 7.015251189002097
[-3.08802732e+00  9.64668311e-02 -2.75989220e-01  7.11451474e+00
  3.16070593e+02] 7.120519352060662
[-3.07036742e+00  2.23994613e-01  6.84595611e-02  7.03763890e+00
  3.15174211e+02] 7.041535460024389
[-3.15241980e+00  4.10080889e-01  5.67700140e-02  7.21285348e+00
  3.17901173e+02] 7.224724529965213
[-2.97017286e+00 -2.90330389e-02  1.25929540e-01  7.54450761e+00
  3.20792785e+02] 7.545614375824655
[-3.15900035e+00 -1.62427225e-01  4.89030334e-03  7.44125844e+00
  3.17955279e+02] 7.443032564458298
[-3.17901426e+00  2.43834825e-01 -4.09346397e-02  7.18298253e+00
  3.16900690e+02] 7.18723653683211
[-3.12789370e+00  6.87278429e-02  1.76793224e-01  7.11630257e+00
  3.17722247e+02] 7.118830076214298
[-3.12910539e+00 -1.34377058e-01 -1.22361904e-01  7.02367778e+00
  3.14964708e+02] 7.0260286896290065
[-3.06753058e+00 -2.36135461e-01 -2.89538600e-01  7.24740565e+00
  3.17238148e+02] 7.257029779198427
[-3.19537620e+00  4.57026960e-01  1.15839464e-01  7.10251424e+00
  3.14476665e+02] 7.118145892098765
[-3.05744365e+00 -2.55473784e-02 -7.72968008e-02  7.14957132e+00
  3.19710623e+02] 7.150034794493142
[-3.13826194e+00  1.37299818e-01 -2.78365768e-03  6.95262925e+00
  3.17316601e+02] 6.9539853683088735
[-3.12844628e+00 -6.50191529e-02 -2.23633496e-01  7.25569976e+00
  3.17472538e+02] 7.259436509721937
[-3.02424521e+00  3.39500544e-02 -1.19524515e-01  7.20208525e+00
  3.17212845e+02] 7.203156994150739
[-3.08861169e+00 -2.78840289e-01  2.41263045e-02  7.32631008e+00
  3.17810000e+02] 7.331654203024931
[-3.10128248e+00 -1.00817718e-01  1.65056166e-01  7.29172569e+00
  3.19836879e+02] 7.294290323838359
[-3.16451013e+00 -1.36109597e-01 -2.20907874e-01  7.24198444e+00
  3.18535809e+02] 7.246631264570039
[-3.07273923e+00 -2.51570536e-02 -2.69803140e-01  7.36854813e+00
  3.17279500e+02] 7.373528877079461
[-3.11627327e+00  2.69178392e-01 -4.78118203e-02  7.04028577e+00
  3.15979163e+02] 7.045592006711827
[-3.10903705e+00 -4.50581868e-02  2.56752543e-01  7.28787021e+00
  3.17176189e+02] 7.292530719522199
[-3.17237768e+00  2.58462053e-01  1.89671770e-01  7.17681935e+00
  3.15362269e+02] 7.183976201112766
[-3.07028327e+00 -4.05962856e-03 -3.11348951e-01  7.05942112e+00
  3.16095581e+02] 7.066284819603041
[-3.09980849e+00 -1.53708041e-01  2.01519726e-01  7.21918943e+00
  3.17534016e+02] 7.223637058445982
[-3.05268670e+00  6.72957055e-02 -3.56599952e-02  6.95884143e+00
  3.13733244e+02] 6.959258174436778
[-3.12954778e+00 -1.35054603e-01  8.72402759e-02  7.40146415e+00
  3.17146774e+02] 7.403210264219225
[-3.14848679e+00  1.73035531e-01  1.03461469e-01  7.38426113e+00
  3.16707482e+02] 7.387012794168642
[-3.18370473e+00 -3.15615318e-02  1.25939583e-01  7.07766282e+00
  3.13423607e+02] 7.078853569100212
[-3.17881971e+00 -1.69265600e-01 -1.21842824e-01  7.34727944e+00
  3.15661549e+02] 7.3502388905731975
[-3.09567051e+00 -1.55843689e-01  3.79350313e-02  7.01004046e+00
  3.14782569e+02] 7.011875179415501
[-3.06787887e+00  1.53014300e-01 -3.28896083e-01  7.12752596e+00
  3.17421271e+02] 7.136750828203188
[-3.11968624e+00  2.92196323e-01  1.04972176e-01  7.08394021e+00
  3.15295137e+02] 7.090740915207368
[-3.21080456e+00 -1.92402181e-02 -1.94862743e-01  7.53836415e+00
  3.17946969e+02] 7.540906819430518
[-3.14006347e+00 -2.23357610e-01 -3.82417913e-02  7.22163410e+00
  3.16500760e+02] 7.225188584984679
[-3.01399523e+00 -5.83557618e-02  5.05176117e-02  7.06741408e+00
  3.16590871e+02] 7.067835541922473
[-3.14465574e+00 -9.01279462e-02 -5.23982620e-02  6.98313266e+00
  3.14693125e+02] 6.983910820442134
[-3.15657527e+00 -1.60039973e-01 -3.54188290e-01  7.55700406e+00
  3.18326278e+02] 7.566992300397711
[-3.10017406e+00  6.26011847e-02 -3.31757815e-02  7.30506887e+00
  3.17616701e+02] 7.305412430170471
[-3.15795675e+00 -1.06885612e-01 -3.61441930e-02  7.50672194e+00
  3.18898721e+02] 7.5075698604583545
[-3.10465358e+00  4.17050373e-01  1.26294773e-01  7.27389044e+00
  3.17826791e+02] 7.2869310077455705
[-3.03654125e+00 -1.77661238e-01  1.35500466e-02  7.38400703e+00
  3.19458132e+02] 7.3861564376504045
[-3.05479201e+00 -2.27232120e-01  4.60021194e-02  7.45142373e+00
  3.17803813e+02] 7.455029593690445
[-3.16694666e+00 -2.26138807e-01  1.87867681e-01  7.45974573e+00
  3.16619323e+02] 7.465536775343415
[-3.10494813e+00  4.13143913e-01 -1.00962812e-01  7.09626804e+00
  3.14797017e+02] 7.109001437124381
[-3.01058492e+00 -7.19488704e-02  2.51590958e-01  7.18601072e+00
  3.19374258e+02] 7.190773586057803
[-3.05748345e+00  1.98451637e-01  2.09366574e-01  7.29278065e+00
  3.18167853e+02] 7.29848388236962
[-3.13472657e+00 -2.44121359e-01 -2.08447370e-01  7.17482509e+00
  3.16338295e+02] 7.182002549900751
[-3.18971383e+00  3.46980609e-01  1.11121758e-01  7.39954474e+00
  3.17949049e+02] 7.408509021314111
[-3.07350526e+00 -2.55069983e-01  7.72720012e-02  7.28036761e+00
  3.16279702e+02] 7.2852442761966065
[-3.04408141e+00 -1.55169040e-01  1.71125709e-01  7.04424344e+00
  3.17387501e+02] 7.0480300115915195
[-3.07472833e+00 -1.06985193e-01 -7.56586727e-02  7.63526184e+00
  3.18975255e+02] 7.636386146901999
[-3.16916390e+00 -1.26498057e-01 -2.24273987e-01  7.30251794e+00
  3.14416643e+02] 7.30705609563732
[-3.08527549e+00 -1.36726065e-01 -6.75097220e-02  7.26180662e+00
  3.18618807e+02] 7.26340739127063
[-3.08849918e+00  1.86510842e-01 -2.38162738e-02  7.17617489e+00
  3.15120138e+02] 7.178637723263278
[-3.09092878e+00 -5.68700928e-03  3.84597780e-02  7.13323538e+00
  3.17106556e+02] 7.13334132831381
[-3.19380945e+00 -1.26856310e-01  1.07087808e-01  7.40472358e+00
  3.16962398e+02] 7.40658434327858
[-3.05036326e+00 -4.85892516e-02  2.13509598e-01  7.17768437e+00
  3.18681000e+02] 7.181023614507191
[-3.05143584e+00  7.25815885e-03  4.19110556e-02  7.41217704e+00
  3.18297385e+02] 7.412299081535036
[-3.10166790e+00 -2.36848864e-01 -2.87862491e-01  7.18722980e+00
  3.17382606e+02] 7.196890602261596
[-3.09720732e+00 -6.52329934e-02 -8.77248089e-02  7.16326928e+00
  3.17941713e+02] 7.164103418173301
[-3.13076274e+00  1.94874840e-02 -2.23840517e-01  7.59154420e+00
  3.22646400e+02] 7.594868506402888
[-3.15906374e+00  1.50297406e-01  2.06508993e-01  7.49150640e+00
  3.19267543e+02] 7.49585908380126
[-3.04139862e+00  2.40997531e-02  3.69857433e-01  7.34498090e+00
  3.19137660e+02] 7.354326605010398
[-3.16446017e+00 -1.04167000e-01 -1.18835740e-01  7.21690397e+00
  3.16073022e+02] 7.218633918897458
[-3.09758940e+00 -2.30429536e-01  2.84878503e-01  7.38822990e+00
  3.19546283e+02] 7.3973099521772605
[-3.10962722e+00 -1.14450059e-01  2.59563930e-01  7.03204197e+00
  3.15350343e+02] 7.037761470369228
[-3.21592091e+00 -1.66277295e-01 -1.87784426e-01  7.15232321e+00
  3.16799164e+02] 7.156719812146867
[-3.10967069e+00  3.34958836e-01  1.26816723e-01  7.36833057e+00
  3.18574512e+02] 7.377030251869574
[-3.17033374e+00 -3.09965491e-01  1.26949911e-02  7.15037864e+00
  3.15694967e+02] 7.157105169718207
[-3.13891720e+00 -1.51615697e-01  8.55883127e-02  6.93246150e+00
  3.14598020e+02] 6.934647443030209
[-3.08297266e+00  3.87243117e-02  1.33058600e-01  7.47866659e+00
  3.18466687e+02] 7.479950405982542
[-3.05267697e+00  2.52898961e-02  1.01214116e-01  7.25963403e+00
  3.17338891e+02] 7.2603836093386125
[-3.11337879e+00  6.36733012e-02 -1.46357940e-01  7.11282863e+00
  3.17100748e+02] 7.11461917732156
[-3.13339218e+00 -5.97280702e-02  8.19162972e-02  7.42622340e+00
  3.16579560e+02] 7.426915352516268
[-3.07407186e+00 -5.37627992e-02 -9.31439302e-02  7.06427655e+00
  3.14793329e+02] 7.065095140573215
[-3.08053107e+00 -1.65945592e-02 -5.37449515e-02  7.27703797e+00
  3.17798290e+02] 7.277255353630965
[-3.10600892e+00 -2.41445942e-01  4.51242742e-03  6.95804971e+00
  3.13760022e+02] 6.962239023957778
[-3.16044887e+00  1.22199539e-02 -4.67976652e-02  7.61586201e+00
  3.18654258e+02] 7.616015593697565
[-3.12962252e+00  4.02933546e-01 -1.11594302e-01  7.15634259e+00
  3.14640340e+02] 7.168545742374342
[-3.11713996e+00  1.99189574e-01 -2.17782920e-01  7.05121804e+00
  3.16842586e+02] 7.057391993182176
[-3.15554991e+00  1.31118470e-01  2.36248171e-01  7.47224019e+00
  3.19658050e+02] 7.4771236874736475
[-3.15077283e+00  2.26285384e-02  5.96996882e-02  7.51931854e+00
  3.17659300e+02] 7.519589574909605
[-3.18911885e+00 -3.43305736e-01 -4.50109732e-02  7.41983948e+00
  3.19038970e+02] 7.427913753260195
[-3.16786358e+00  6.82247469e-02 -1.80250580e-01  7.17779009e+00
  3.15876040e+02] 7.180377109949463
[-3.06980753e+00 -5.55639201e-02 -1.22165062e-01  7.43171654e+00
  3.20022411e+02] 7.43292825525831
[-3.11381584e+00 -7.58395846e-02  1.15512294e-01  7.01143628e+00
  3.15612292e+02] 7.012797831742126
[-3.13905139e+00 -6.65313151e-02  4.03731339e-01  7.09187159e+00
  3.15175287e+02] 7.103665819043314
[-3.13360463e+00  3.85391962e-03  1.60669291e-02  7.30015104e+00
  3.16468772e+02] 7.300169741020695
[-3.13426673e+00  2.70545404e-01  1.67503814e-01  7.19572440e+00
  3.15047652e+02] 7.20275655841653
[-3.23896015e+00  3.69534589e-02 -3.08173743e-02  7.70381712e+00
  3.20235457e+02] 7.703967389753626
[-3.14334068e+00 -2.26098336e-01 -9.16529443e-02  7.42115521e+00
  3.17821214e+02] 7.425164334592053
[-3.09818888e+00  2.15338553e-01  2.33395944e-01  7.34832392e+00
  3.17602178e+02] 7.355182440923796
[-3.16615919e+00 -2.92254591e-01 -1.80805108e-02  7.12402852e+00
  3.17342995e+02] 7.130043618499403
[-3.11962571e+00 -2.56193817e-02  5.95715383e-02  7.42856405e+00
  3.16488637e+02] 7.428847084512223
[-3.10909173e+00  1.53595925e-01 -3.53203399e-01  7.15335287e+00
  3.16487215e+02] 7.163714233615205
[-3.05032964e+00 -8.08142153e-02  1.97496502e-01  7.12777373e+00
  3.16921241e+02] 7.130967266561825
[-3.17327870e+00  1.24803541e-01  2.45308686e-02  7.19459651e+00
  3.15955177e+02] 7.195720713285852
[-3.17299619e+00 -6.88084484e-02 -3.87897682e-01  7.18150569e+00
  3.15919099e+02] 7.192303055979432
[-3.08424107e+00 -1.28586834e-01  2.14727872e-01  7.11800663e+00
  3.15235708e+02] 7.1224055617131325
[-3.14615704e+00 -3.42691779e-02  2.32099083e-01  7.30033943e+00
  3.17518573e+02] 7.304108444588768
[-3.18060060e+00  5.47475915e-02  1.16265493e-01  7.17890074e+00
  3.17286315e+02] 7.180050894759437
[-3.07186981e+00  2.48128804e-01 -1.84829583e-02  7.45465354e+00
  3.18080794e+02] 7.458804787291407
[-3.09940318e+00  3.22855249e-02 -1.31563735e-01  7.11349262e+00
  3.17590041e+02] 7.114782402990593
[-3.10922447e+00 -1.53609149e-01 -9.34873127e-02  7.16315406e+00
  3.15620454e+02] 7.16541078513483
[-3.04900686e+00 -1.62716604e-01  6.50837586e-02  6.93327397e+00
  3.14686071e+02] 6.935488487629557
[-3.12241094e+00 -2.89855932e-01 -8.33821094e-02  7.20080288e+00
  3.17867046e+02] 7.207116699927796
[-3.06785319e+00 -1.43286791e-01  4.38077916e-01  7.14644971e+00
  3.17284246e+02] 7.161297847678799
[-3.16963503e+00  1.07824647e-01  6.21954784e-03  7.44628724e+00
  3.18285367e+02] 7.447070468545578
[-3.09304601e+00 -9.51821725e-02  9.87109409e-02  7.48556518e+00
  3.18121882e+02] 7.4868210580998955
[-3.17568892e+00 -2.75078864e-02 -6.85405633e-03  7.49742036e+00
  3.17509791e+02] 7.497473958928206
[-3.15953889e+00  1.37232729e-01 -1.63108740e-01  7.20598093e+00
  3.19223878e+02] 7.209132987836946
[-3.18456102e+00 -9.26928965e-02 -2.67227288e-01  7.14139390e+00
  3.15251987e+02] 7.146993023162755
[-3.07089673e+00  1.23060073e-01  2.62065279e-01  7.29496489e+00
  3.16991033e+02] 7.30070782926282
[-3.12438248e+00  3.54657721e-01 -5.49735569e-02  7.11734117e+00
  3.14425598e+02] 7.126384040437941
[-3.11373357e+00  1.86954836e-01  2.29583129e-01  7.49796769e+00
  3.20041130e+02] 7.5038110303491905
[-3.07696203e+00  1.25401741e-01  1.63411244e-01  7.25254971e+00
  3.17965159e+02] 7.255474218152563
[-3.20178654e+00  1.40059264e-01  8.61073944e-02  7.31397284e+00
  3.16445698e+02] 7.315820517804165
[-3.12636383e+00  9.79635303e-02 -4.42483483e-01  7.19155604e+00
  3.14472272e+02] 7.205821728526231
[-3.17144022e+00  1.02914796e-01  1.78606284e-01  7.22453693e+00
  3.14898745e+02] 7.227477120643602
[-3.15781988e+00 -1.31510093e-01 -2.17747165e-01  7.31759214e+00
  3.16561584e+02] 7.322012252201024
[-3.12071155e+00 -2.04768791e-01  2.16990290e-01  7.07140237e+00
  3.15375945e+02] 7.077693584464206
[-3.07475667e+00  2.02886887e-01  8.36221178e-02  7.17307943e+00
  3.16600217e+02] 7.176435345903343
[-3.08981519e+00  6.96981824e-02 -1.35091601e-01  7.24536820e+00
  3.18163089e+02] 7.246962666492769
[-3.12040299e+00 -4.55199510e-02 -1.96707434e-01  7.53614142e+00
  3.18636612e+02] 7.53884563103375
[-3.09102648e+00  1.70014334e-02  8.86638695e-03  7.31295374e+00
  3.17181396e+02] 7.3129788771377315
[-3.07532224e+00 -3.18955403e-01  6.41636892e-03  7.15146400e+00
  3.15163340e+02] 7.158576050023589
[-3.16570371e+00  1.79654202e-01  2.04444624e-01  7.41828825e+00
  3.17993110e+02] 7.4232791832281055
[-3.09157314e+00  1.39219355e-01 -9.45413643e-02  7.46617568e+00
  3.18830954e+02] 7.468072001758055
[-3.08349390e+00  9.36343701e-02 -4.17333896e-02  7.23973585e+00
  3.17050410e+02] 7.2404616048173605
[-3.09621848e+00 -1.24297264e-01  8.60247853e-02  6.93708736e+00
  3.15676597e+02] 6.938734112403977
[-3.09497942e+00  3.05039757e-01 -1.11647873e-01  7.50422169e+00
  3.20109913e+02] 7.511248740530559
[-3.09854656e+00  3.07691068e-01 -1.46508088e-01  7.17409397e+00
  3.14507058e+02] 7.1821837019395325
[-3.15772307e+00  2.23090700e-01  1.31048995e-01  7.34287619e+00
  3.18533142e+02] 7.347433161369315
[-3.16427296e+00 -1.30663118e-01  1.74029597e-01  7.18522701e+00
  3.15242750e+02] 7.188521843105482
[-3.16192293e+00 -1.48809367e-01  2.53425081e-01  7.34225355e+00
  3.19497328e+02] 7.348132802150041
[-3.08667586e+00 -6.33535210e-02  2.69481807e-01  7.25118746e+00
  3.17135481e+02] 7.256469783892501
[-3.12267520e+00  3.17296899e-02 -1.10478551e-01  7.49186237e+00
  3.19122397e+02] 7.492744093851998
[-3.14615251e+00  2.24943379e-01  2.22758337e-01  7.19013561e+00
  3.18567124e+02] 7.197101562895111
[-3.15771180e+00  1.58250149e-01 -1.95130139e-01  7.20814934e+00
  3.16728341e+02] 7.212526313519621
[-3.15110529e+00 -6.00557108e-02  1.10186321e-02  7.52373302e+00
  3.20788995e+02] 7.5239807754939285
[-3.09825215e+00 -2.64817920e-01  2.32061284e-01  7.16913188e+00
  3.14915359e+02] 7.177773531787001
[-3.03114552e+00  1.01362836e-01 -9.70026211e-02  7.12309931e+00
  3.17730659e+02] 7.12448087031068
[-3.17945656e+00 -9.80829710e-02 -8.18579253e-02  7.21990534e+00
  3.14666174e+02] 7.221035532337769
[-3.05037828e+00 -5.51111797e-02 -8.93686153e-02  7.20510415e+00
  3.17806431e+02] 7.205869126203912
[-3.16463028e+00 -6.54445805e-02 -1.58820067e-01  7.56427412e+00
  3.17139055e+02] 7.566224276412241
[-3.11420941e+00 -3.89182034e-01 -2.70899622e-02  7.16785009e+00
  3.17488522e+02] 7.178458845448244
[-3.07903704e+00 -2.83563511e-01  3.11638948e-02  7.09963789e+00
  3.17383183e+02] 7.1053668132788275
[-3.00151035e+00 -1.42950505e-01  2.80210338e-01  6.99116401e+00
  3.17233661e+02] 6.998237418031825
[-3.06936210e+00 -3.28814625e-01  6.95142644e-02  7.51449133e+00
  3.20963235e+02] 7.5220031361007855
[-3.03620092e+00  1.69956615e-02 -3.58762036e-01  7.03393720e+00
  3.14498086e+02] 7.043100988176574
[-3.14427552e+00 -2.33132798e-01  1.01486152e-02  7.48462482e+00
  3.17327540e+02] 7.488261651229302
[-3.12007192e+00 -3.92085516e-01  1.56822183e-01  7.39707084e+00
  3.17711697e+02] 7.409114746135067
[-3.18130112e+00  4.01099831e-02 -1.41512549e-02  7.46265609e+00
  3.19396228e+02] 7.462777294208013
[-3.14256724e+00  2.82098085e-01  7.91424078e-02  7.03393677e+00
  3.14164219e+02] 7.040036172016495
[-3.14052671e+00 -5.71069360e-02  8.90162468e-02  7.56720543e+00
  3.20347277e+02] 7.567944443518964
[-3.12355794e+00  2.60859254e-01  1.89532700e-01  7.05370320e+00
  3.14769123e+02] 7.061069256539479
[-3.09766512e+00 -9.73201916e-02  1.94527547e-01  7.32010872e+00
  3.15585296e+02] 7.323339666483126
[-3.08099602e+00  1.61055335e-01 -1.73915685e-01  7.25400808e+00
  3.18231237e+02] 7.257879762036118
[-3.03597825e+00 -2.75422631e-01 -6.24120783e-02  7.00968821e+00
  3.15165428e+02] 7.0153746701517585
[-3.04536420e+00 -2.98355763e-01  7.05266038e-02  7.15798538e+00
  3.17869379e+02] 7.164547775804589
[-3.12215116e+00 -1.14423251e-01  1.33934575e-01  7.30597675e+00
  3.16445641e+02] 7.308100121889758
[-3.09959846e+00 -2.75592654e-01 -1.49393788e-01  7.41646340e+00
  3.19853098e+02] 7.423085558054496
[-3.09541809e+00  5.20651712e-01 -9.95582375e-02  7.17259568e+00
  3.17916546e+02] 7.192156754542358
[-3.07183402e+00  8.74665377e-02  1.32483947e-01  7.13621252e+00
  3.16803828e+02] 7.13797810972949
[-3.08154508e+00 -6.47700322e-02  1.26294573e-01  7.00691207e+00
  3.15936151e+02] 7.008349470346978
[-3.09319331e+00  2.75620118e-01 -7.90572021e-02  7.40987696e+00
  3.16872755e+02] 7.415422644533721
[-3.15582306e+00 -6.61919989e-02  1.34597695e-01  7.15867700e+00
  3.17176113e+02] 7.1602482005716865
[-3.12851226e+00 -4.46627118e-03  1.16875519e-01  7.31146360e+00
  3.16634829e+02] 7.3123990500474205
[-3.12039091e+00 -1.81434444e-01 -1.34990657e-01  7.06998075e+00
  3.17407962e+02] 7.0735965885790915
[-3.20012380e+00  1.08746496e-01  1.21862858e-01  7.43094774e+00
  3.14409455e+02] 7.432742473266892
[-3.18651771e+00 -2.02592314e-01 -1.08986003e-01  7.22575812e+00
  3.16013046e+02] 7.229419202998567
[-3.11045444e+00  1.67668086e-01  2.34849108e-02  7.30918955e+00
  3.19578222e+02] 7.311150117746806
[-3.09841449e+00  4.60436040e-02 -1.34672044e-01  7.40650873e+00
  3.18737983e+02] 7.407876085937868
[-3.08412838e+00 -1.51466410e-01 -2.97612980e-01  7.19015989e+00
  3.17013446e+02] 7.197910444506653
[-3.10170826e+00  1.83919046e-01  2.39145160e-01  7.16493719e+00
  3.15565485e+02] 7.171285905224524
[-3.10103207e+00  2.69269563e-02 -1.83915821e-01  7.46373496e+00
  3.18777446e+02] 7.466049129997912
[-3.09159485e+00 -1.88445751e-01 -1.31685345e-01  7.13831547e+00
  3.17570275e+02] 7.142016559638816
[-3.08753806e+00 -1.85987355e-01  2.69363128e-01  7.36018831e+00
  3.18665307e+02] 7.3674635882369435
[-3.09662342e+00 -8.35825456e-02  1.25018944e-01  7.38355428e+00
  3.17584603e+02] 7.385085613253559
[-3.13300925e+00  7.39628940e-02 -2.39603009e-01  7.23523832e+00
  3.16992927e+02] 7.239582427265053
[-3.13453878e+00  9.52361140e-02 -1.32907485e-02  7.20559191e+00
  3.17684118e+02] 7.20623350137875
[-3.06268668e+00  2.02941025e-02  1.09706674e-01  7.04126280e+00
  3.16778155e+02] 7.042146634595334
[-3.14198777e+00  1.39837501e-01 -1.49857304e-01  7.40508744e+00
  3.18229931e+02] 7.407923582463549
[-3.09866958e+00  1.89107253e-01  6.24857662e-02  7.28308401e+00
  3.17775216e+02] 7.285806665715036
[-3.13262174e+00 -3.04804665e-01  1.84936517e-01  7.19920108e+00
  3.17098993e+02] 7.208023559484285
[-3.13981040e+00 -3.59374664e-02 -2.98405617e-01  7.32178690e+00
  3.17188446e+02] 7.3279533851868175
[-3.09228225e+00  2.54838672e-01 -1.34802813e-01  7.11925078e+00
  3.16623243e+02] 7.125085697513929
[-3.10696617e+00  1.24529055e-02 -1.45216200e-01  7.36619488e+00
  3.17533056e+02] 7.3676366493416126
[-3.11319371e+00 -5.96267910e-02 -4.27184070e-01  7.04514099e+00
  3.17279140e+02] 7.058332182270577
[-3.10125974e+00 -2.32064855e-01 -2.83216665e-02  7.23913901e+00
  3.19035814e+02] 7.242913077565632
[-3.14885083e+00  1.86826878e-01  1.74212856e-01  7.49097873e+00
  3.17780678e+02] 7.495332994987385
[-3.08070283e+00  7.03761366e-02 -1.53886204e-01  7.32700454e+00
  3.17805140e+02] 7.328958268933067
[-3.21568205e+00  2.70741588e-01 -1.71609033e-01  7.26227905e+00
  3.16579457e+02] 7.269349879428518
[-3.09774764e+00 -3.12950851e-01  2.37415938e-01  7.08191296e+00
  3.16181448e+02] 7.092798866553167
[-3.11655520e+00  2.19422114e-02 -3.85206069e-01  7.19878937e+00
  3.17140145e+02] 7.209121551375827
[-3.08752609e+00  9.17335833e-02  1.04319212e-01  7.08681332e+00
  3.14859987e+02] 7.088174697807773
[-3.07611591e+00 -2.06743795e-01  1.88620677e-01  7.08671184e+00
  3.17473356e+02] 7.0922355790943294
[-3.16283400e+00 -5.22696700e-01  2.63471314e-01  7.28255329e+00
  3.16998693e+02] 7.306039379775739
[-3.08072187e+00 -2.22428229e-01  1.00435372e-01  7.56684505e+00
  3.21545148e+02] 7.570779720288555
[-3.15966003e+00 -1.89434675e-01  5.68253187e-02  7.42249005e+00
  3.15913307e+02] 7.425124451695938
[-3.11881401e+00  1.22953836e-01 -1.33532780e-01  7.51648322e+00
  3.17666174e+02] 7.518674660789825
[-3.15952825e+00 -8.78991326e-02 -9.56744677e-02  7.28932441e+00
  3.16562598e+02] 7.290482169404735
[-3.07224433e+00  1.82376625e-02 -1.70168451e-01  7.03863252e+00
  3.16003745e+02] 7.040712863892022
[-3.12875744e+00 -2.18156286e-01  5.04761679e-02  7.25995658e+00
  3.15718190e+02] 7.2634089474848125
[-3.01989328e+00 -2.09460908e-02 -1.21567931e-01  7.14502511e+00
  3.17248683e+02] 7.1460899275739695
[-3.11354870e+00  4.83004934e-02  4.54045582e-01  7.18160568e+00
  3.16491903e+02] 7.1961066194634755
[-3.13888130e+00 -6.60840754e-02 -1.93817234e-01  7.39126548e+00
  3.15963032e+02] 7.394101540360995
[-3.13341065e+00  1.92597621e-02  2.16114089e-01  7.29432403e+00
  3.16418416e+02] 7.2975502207791045
[-3.05570192e+00  2.64454307e-01 -3.41196430e-02  7.24594611e+00
  3.17912190e+02] 7.250850654130636
[-3.15639539e+00  1.50589866e-01 -1.77341563e-01  7.48413984e+00
  3.18923313e+02] 7.487755105255097
[-3.17195835e+00 -1.96921737e-01 -1.70930526e-01  7.22924956e+00
  3.17427542e+02] 7.233950829833224
[-3.11873469e+00  4.94734629e-02  2.17571061e-01  7.15545036e+00
  3.15869935e+02] 7.15892831361846
[-3.17159647e+00 -2.73681033e-01 -6.13581889e-02  7.51909777e+00
  3.18687336e+02] 7.524327037186918
[-3.18106087e+00  2.42764904e-01  3.86414116e-01  7.22741185e+00
  3.14561959e+02] 7.24180451976072
[-3.12213560e+00  2.06202975e-01 -1.93674572e-01  7.48058896e+00
  3.19170371e+02] 7.485936193101947
[-3.08501844e+00  2.79398690e-01  2.93570172e-01  7.56666882e+00
  3.19248629e+02] 7.577514378120359
[-3.04556381e+00  5.67430146e-02  1.70584194e-01  6.91231427e+00
  3.16644473e+02] 6.914651635460861
[-3.11679981e+00 -1.51918964e-01 -3.43616120e-02  7.10482660e+00
  3.14746115e+02] 7.106533687942691
[-3.11639897e+00 -1.09359128e-01 -7.76759102e-02  6.96421092e+00
  3.13932761e+02] 6.965502614709695
[-3.07862193e+00  4.12819258e-02  2.73387282e-01  7.06837964e+00
  3.16296073e+02] 7.073785093543861
[-3.07435942e+00  3.52618993e-01 -8.54794487e-02  7.36106379e+00
  3.17151074e+02] 7.3700004782965705
[-3.07182931e+00  4.03345534e-01 -2.36341190e-01  6.99339789e+00
  3.15533179e+02] 7.009005549748087
[-3.14120615e+00 -5.74174726e-02 -1.38229492e-01  7.31811346e+00
  3.18992350e+02] 7.3196440321954945
[-3.22372031e+00 -1.38902888e-01 -4.89297312e-03  7.51160054e+00
  3.16213107e+02] 7.512886301744018
[-3.12944338e+00  4.98989761e-02  6.57123019e-02  7.16588773e+00
  3.17287244e+02] 7.166362744623472
[-3.06969449e+00 -9.34908302e-02 -1.07274531e-01  7.30850985e+00
  3.16866275e+02] 7.309894980583084
[-3.14422183e+00 -3.07092938e-01  1.86165510e-01  7.42771586e+00
  3.17891012e+02] 7.4363920433469834
[-3.16868507e+00 -2.14962601e-01 -1.50974278e-01  7.21410240e+00
  3.16442657e+02] 7.218883267129173
[-3.17566161e+00 -5.69606107e-02 -1.98833350e-01  6.96799487e+00
  3.13032547e+02] 6.9710638890681205
[-3.15578738e+00  2.60233241e-01 -4.90227646e-02  7.50133871e+00
  3.17864102e+02] 7.506011396163985
[-3.09525518e+00 -1.13313266e-01 -4.34582894e-02  7.26586017e+00
  3.16829119e+02] 7.266873640597034
[-3.05070718e+00 -1.25258305e-01  2.69819129e-01  7.44389037e+00
  3.19159781e+02] 7.449831931647308
[-3.13984752e+00  3.89945281e-02  1.24395891e-02  7.19539588e+00
  3.16215041e+02] 7.195512298019203
[-3.07724215e+00 -1.51253614e-01 -2.02997055e-01  6.99859447e+00
  3.15253521e+02] 7.003171421335169
[-3.13079369e+00  6.18827616e-02 -3.10858117e-01  7.28304447e+00
  3.19333176e+02] 7.289938199670422
[-3.11343391e+00 -1.81707764e-01  1.48733948e-02  7.74017039e+00
  3.21504259e+02] 7.742317266583479
[-3.05009500e+00  2.03663647e-02  2.12855128e-01  7.27212792e+00
  3.14651125e+02] 7.275270891862019
[-3.12516128e+00  2.68805344e-02  4.64673586e-02  7.29509540e+00
  3.16717393e+02] 7.295292908679992
[-3.09813659e+00  3.02621509e-01  2.12387780e-01  7.49351068e+00
  3.19293672e+02] 7.502625586290731
[-3.10696274e+00  1.76257756e-01 -2.83532300e-01  7.35884505e+00
  3.19075591e+02] 7.366414181675721
[-3.14954286e+00  1.04524767e-01  1.08634563e-01  7.04758234e+00
  3.16609963e+02] 7.0491945406521515
[-3.11346891e+00 -1.53795084e-01  8.45001112e-02  7.06014818e+00
  3.15709923e+02] 7.062328623784055
[-3.13301528e+00 -2.81268972e-01  2.68994882e-02  7.23416893e+00
  3.16271643e+02] 7.2396847907551
[-3.20123367e+00  8.11888896e-02 -9.51717060e-02  7.39081387e+00
  3.17259824e+02] 7.391872491315813
[-3.14657641e+00  1.54304690e-01 -1.70021402e-01  7.41085449e+00
  3.19328522e+02] 7.414410393374992
[-3.12594711e+00  1.56918819e-01 -9.28698329e-02  7.25080692e+00
  3.16325809e+02] 7.253099285293152
[-3.07596312e+00  1.41673126e-01 -4.10041221e-01  7.02497018e+00
  3.16961673e+02] 7.038352872678077
[-3.11856276e+00 -1.11928590e-01 -7.61000435e-02  7.15507210e+00
  3.17104613e+02] 7.156352145781162
[-3.15048111e+00  3.51645368e-02  4.01476052e-01  7.26917803e+00
  3.17244828e+02] 7.280341251701785
[-3.05802129e+00 -1.42921022e-01 -5.92539183e-02  7.13053478e+00
  3.17976220e+02] 7.1322131036247685
[-3.16225206e+00  2.33720857e-01  1.68262950e-01  7.10049845e+00
  3.14615188e+02] 7.106336338322184
[-3.10443094e+00 -1.19056635e-01 -1.28624861e-01  7.50722271e+00
  3.19481087e+02] 7.509268383158148
[-3.11952333e+00  1.89669472e-01  6.99577635e-02  7.34815483e+00
  3.17387158e+02] 7.350935176417808
[-3.10226812e+00  3.96421629e-02 -3.00465571e-02  7.09974309e+00
  3.16085060e+02] 7.09991734119683
[-3.07664817e+00 -6.24321585e-03  1.08385188e-01  7.09847299e+00
  3.15790196e+02] 7.0993031416877255
[-3.10583857e+00 -1.03134195e-01  2.35146931e-01  7.57128836e+00
  3.19499777e+02] 7.575641103614934
[-3.14113595e+00  2.07029921e-01  1.18023737e-01  7.20844963e+00
  3.16322160e+02] 7.212387747603571
[-3.19672302e+00  1.14301364e-01 -1.88174970e-01  7.27483149e+00
  3.17970468e+02] 7.278162388786155
[-3.04053740e+00  1.47545358e-01  1.73974951e-01  7.07232745e+00
  3.16313107e+02] 7.076005406373492
[-3.07378553e+00  1.49632525e-01  1.45769483e-01  7.28590612e+00
  3.17377694e+02] 7.288900235746476
[-3.06039180e+00  5.64717747e-02  1.68247385e-01  6.85177900e+00
  3.15700696e+02] 6.854077014580998
[-3.11865861e+00 -9.60538720e-02  1.41349256e-01  7.28676308e+00
  3.15600997e+02] 7.288766846428471
[-3.08327798e+00  3.25390115e-01 -1.09973689e-01  7.32929395e+00
  3.16430956e+02] 7.337337577122826
[-3.11621130e+00 -2.37110057e-02 -2.69019266e-01  7.40541174e+00
  3.18473948e+02] 7.410334443559475
[-3.08298151e+00  4.76695001e-02 -1.00972162e-01  7.38235227e+00
  3.16775263e+02] 7.383196651824707
[-3.13526516e+00  1.25777145e-01 -7.53246212e-02  7.13372223e+00
  3.17718558e+02] 7.1352285571763
[-3.08816566e+00 -3.63925992e-01 -6.68691411e-02  7.13885455e+00
  3.16349688e+02] 7.148437447052212
[-3.03734806e+00  6.13264772e-02 -3.27909014e-01  7.02536229e+00
  3.15014629e+02] 7.033278085571284
[-3.10692387e+00 -1.11764383e-01 -2.86030303e-01  7.43547991e+00
  3.19959886e+02] 7.4418187382064644
[ -3.08075394   0.44273956   0.33825437   7.10598147 317.47305912] 7.127791171520534
[-3.06960133e+00  1.35189073e-02  1.44063972e-01  7.20804535e+00
  3.16882489e+02] 7.209497547495499
[-3.09938478e+00 -1.59213858e-01 -1.88858234e-01  7.34137009e+00
  3.18797264e+02] 7.345524575642695
[-3.03904564e+00 -7.90741164e-02  1.13598017e-01  6.90227465e+00
  3.17558346e+02] 6.903662254767398
[-3.12204835e+00  1.34544828e-01 -6.94545353e-03  7.14818495e+00
  3.15425344e+02] 7.149454427485206
[-3.15045012e+00 -5.05156914e-02  2.78885258e-01  7.08363653e+00
  3.13651806e+02] 7.0893042894947325
[-3.18567184e+00 -2.22651610e-01 -1.76488275e-01  7.37843117e+00
  3.15376027e+02] 7.383899261836997
[-3.12059214e+00  2.02160980e-01 -1.17309659e-01  7.17932302e+00
  3.15921969e+02] 7.183126734984462
[-3.13975187e+00  9.92841083e-02  1.00503098e-01  7.29940998e+00
  3.18455498e+02] 7.300776964135015
[-3.02289294e+00 -1.72623829e-01 -1.44943383e-01  7.37049416e+00
  3.19463377e+02] 7.373940037731186
[-3.09245039e+00  6.77725676e-03 -8.31301514e-02  7.22982639e+00
  3.15523003e+02] 7.230307474204274
[-3.08183197e+00  1.27788078e-01 -2.22963103e-01  6.92767969e+00
  3.13249994e+02] 6.932444606340121
[-3.23052058e+00 -8.33025998e-02  1.73508275e-01  7.16969038e+00
  3.13219486e+02] 7.172273325840893
[-3.09195085e+00  7.26812029e-02  3.37741650e-01  7.21552174e+00
  3.18322593e+02] 7.223787510153895
[-3.18550424e+00  3.40220157e-01  2.78138363e-01  7.17461176e+00
  3.14028046e+02] 7.188057086075072
[-3.11654285e+00 -3.28877043e-01 -1.99410668e-01  7.06568557e+00
  3.14741138e+02] 7.0761456481084535
[-3.20030487e+00  7.72280944e-02  1.13858712e-01  7.35083479e+00
  3.14095673e+02] 7.352122151635047
[-3.24329434e+00 -2.10147071e-01 -1.70341877e-01  7.36255693e+00
  3.15376116e+02] 7.367524871857294
[-3.06315210e+00  2.24719077e-01  9.81414100e-02  7.01823443e+00
  3.15453984e+02] 7.022516994352659
[-3.02177631e+00 -8.91207785e-02  3.37029584e-01  6.99088013e+00
  3.17333635e+02] 6.99956687773952
[-3.17920604e+00  2.22099843e-01  1.97116357e-01  7.26719003e+00
  3.15759078e+02] 7.273254714288629
[-3.11203136e+00 -2.44499612e-02 -1.05782963e-01  7.09601259e+00
  3.13587717e+02] 7.096843141543802
[-3.10100146e+00  2.45740022e-02 -2.21451048e-01  7.53553372e+00
  3.18128015e+02] 7.538827026960842
[-3.06174084e+00  2.07283862e-01 -1.12418267e-01  7.39784342e+00
  3.17827161e+02] 7.401600619902865
[-3.16731553e+00 -2.25241540e-01 -4.10308666e-01  7.13015455e+00
  3.14704159e+02] 7.145501441423835
[-3.18789750e+00  3.90281552e-02 -1.11587741e-01  7.32973300e+00
  3.17059176e+02] 7.330686248829171
[-3.12334322e+00 -1.63735127e-01  3.79683557e-01  7.28581562e+00
  3.16907116e+02] 7.297539179819135
[-3.12491553e+00 -2.78735840e-01  3.82310103e-02  7.71215012e+00
  3.21234189e+02] 7.717280267333628
[-3.12133415e+00 -1.36128537e-01 -1.85158203e-01  7.29382917e+00
  3.16467511e+02] 7.297448770800875
[-3.12951770e+00 -1.69751664e-01 -3.02649970e-01  7.15876026e+00
  3.16268055e+02] 7.1671654871498225
[-3.13451667e+00  2.76422123e-01  3.70876408e-01  7.37519539e+00
  3.17449291e+02] 7.389686428302311
[-3.01209299e+00 -1.64995108e-01  1.68166625e-02  7.08912836e+00
  3.17385752e+02] 7.0910681188967875
[-3.12819807e+00  2.61342221e-01 -3.92146619e-02  7.19843882e+00
  3.16775025e+02] 7.203288064489493
[-3.06788470e+00 -2.16665789e-02 -2.63204856e-01  7.30611395e+00
  3.18734303e+02] 7.310885532327884
[-3.17156710e+00 -1.64378234e-01 -1.67662496e-02  7.49570808e+00
  3.16865739e+02] 7.497528988725433
[-3.18132979e+00  9.29646215e-02  2.36180005e-01  7.61661347e+00
  3.19095644e+02] 7.62084143419758
[-3.11376543e+00 -9.72401279e-02 -1.22408792e-01  7.06449634e+00
  3.15829063e+02] 7.066225870774173
[-3.05673317e+00  1.55723959e-01  1.52831477e-02  7.40726465e+00
  3.18742567e+02] 7.408917132119424
[-3.14663103e+00  2.32965672e-01  1.48820442e-01  7.14365078e+00
  3.16597273e+02] 7.1489976204625
[-3.05175845e+00 -3.10456320e-02  2.50972223e-01  7.14530682e+00
  3.17390193e+02] 7.149780448044579
[-3.15570998e+00 -3.42833555e-02 -2.38202830e-01  6.98671371e+00
  3.17182509e+02] 6.990857197943215
[-3.11127397e+00 -1.94177336e-01 -1.15868882e-01  7.49395704e+00
  3.19114900e+02] 7.497367708526934
[-3.18836324e+00 -9.21347370e-02  1.18664822e-01  7.08147836e+00
  3.15360256e+02] 7.083071783176872
[-3.11802188e+00 -9.61743939e-02 -3.44276230e-01  7.37444039e+00
  3.16236309e+02] 7.383098716250599
[-3.13084389e+00 -4.89241729e-02 -1.69463951e-01  7.28839540e+00
  3.18721497e+02] 7.290529417282759
[-3.09431200e+00  2.05416520e-01  1.44241356e-01  7.14748879e+00
  3.16282848e+02] 7.151894678967633
[-3.15197086e+00 -1.14604211e-01 -1.06625115e-01  7.35125412e+00
  3.17368326e+02] 7.352920520609592
[-3.08798444e+00  2.64287569e-01  1.15930042e-01  7.21711420e+00
  3.17914641e+02] 7.222882049199972
[-3.07222142e+00 -3.01283981e-02 -2.29015241e-01  7.23992752e+00
  3.18414290e+02] 7.243611402590689
[-3.06626703e+00 -1.11108912e-02 -1.63406007e-01  7.26352269e+00
  3.16859796e+02] 7.265369007285988
[-3.08451468e+00  2.37363630e-01  1.25800346e-01  7.01660489e+00
  3.16860896e+02] 7.021745607651145
[-3.09309501e+00  3.17965633e-01 -9.25073281e-03  7.07642689e+00
  3.15798687e+02] 7.083572913660955
[-3.08700994e+00 -1.74304715e-01 -3.00431402e-01  7.20145684e+00
  3.17218634e+02] 7.209828139741972
[-3.12881039e+00  9.96505893e-02 -1.43650913e-01  7.26213516e+00
  3.19276942e+02] 7.264239322763292
[-3.08105798e+00 -1.75374921e-01 -7.35309836e-02  6.99922856e+00
  3.15477248e+02] 7.001811450630783
[-3.13390150e+00 -1.49067023e-02  2.17391843e-01  7.27428741e+00
  3.17279280e+02] 7.277550327972445
[-3.16322747e+00  4.31629109e-02  7.20016474e-02  7.17465015e+00
  3.17654133e+02] 7.175141253273098
[-3.14210709e+00 -1.60979682e-01 -1.65770640e-01  7.53374323e+00
  3.18613339e+02] 7.537286075115974
[-3.12555858e+00 -3.65613441e-01 -3.91904205e-03  7.23876654e+00
  3.18297124e+02] 7.2479948672171375
[-3.19541892e+00  1.64457516e-01 -2.59894141e-01  7.36604567e+00
  3.17400735e+02] 7.372463630804612
[-3.11639139e+00  1.03737870e-01 -3.36345496e-02  6.79627702e+00
  3.13573023e+02] 6.797151916209365
[-3.12751718e+00  3.10476970e-01  1.76573540e-01  7.26473215e+00
  3.19519915e+02] 7.2735072280032576
[-3.10070434e+00  2.68055903e-01  5.20594422e-02  6.99388896e+00
  3.14662048e+02] 6.999217589885832
[-3.06692424e+00 -1.00660589e-01 -4.36211270e-01  7.43010362e+00
  3.15532048e+02] 7.44357794562832
[-3.14590239e+00  8.53499502e-02  3.13304586e-01  7.37281517e+00
  3.18324872e+02] 7.379962599761922
[-3.16390414e+00 -1.57865331e-01 -2.66110313e-01  7.42062875e+00
  3.17862015e+02] 7.427076623264136
[-3.09911691e+00  2.76290560e-01  1.07292854e-01  7.38603457e+00
  3.17708593e+02] 7.391979094957719
[-3.07644358e+00  9.46946702e-02 -6.53052859e-02  6.66474684e+00
  3.14813415e+02] 6.665739443543426
[-3.15631435e+00 -4.03450326e-01  1.48144204e-01  7.18130346e+00
  3.14121037e+02] 7.194153061957959
[-3.10350334e+00 -1.63874638e-01 -2.48443961e-01  7.08356543e+00
  3.13703049e+02] 7.089815129348308
[-3.11620623e+00  3.11593222e-01  5.65018910e-02  7.32729870e+00
  3.18880421e+02] 7.33413860685806
[-3.13073630e+00 -2.25516606e-01 -4.40083702e-02  7.46572048e+00
  3.20903345e+02] 7.4692554363938655
[-3.17296813e+00 -1.80521900e-01  3.02612767e-02  7.38074248e+00
  3.16676761e+02] 7.383011817663002
