/mnt/stage/douwei/Simulation/5kt_root/2MeV/5kt_+4.40_2.root
[-3.09917626e+00  1.09440492e-01 -2.12709166e-01  4.20564328e+00
  2.96341618e+02] 4.212440839038836
[-3.00293345e+00 -2.29575540e-01 -1.28548444e-01  4.16259035e+00
  2.99066413e+02] 4.1708977483763725
[-3.00160927e+00  8.11505107e-02 -1.52397528e-01  4.28488693e+00
  2.97459892e+02] 4.288364069851189
[-3.00978534e+00 -5.41617762e-02  3.61132665e-01  4.72385039e+00
  3.00815375e+02] 4.737943944322027
[-3.02204245e+00  3.31346421e-01 -1.86248284e-02  4.44461510e+00
  2.99383315e+02] 4.45698785736767
[-3.01784165e+00  1.32023379e-01 -7.90176933e-03  4.64055656e+00
  2.98724282e+02] 4.6424409283504495
[-3.06705466e+00  1.10875011e-01 -9.74946547e-02  4.61732727e+00
  3.00863683e+02] 4.619687176372661
[ -3.06583531  -0.31192131  -0.33506035   4.11321399 296.80060445] 4.138609626702093
[-3.04217514e+00 -3.35126107e-03  6.77873697e-04  4.69970694e+00
  3.01457357e+02] 4.699708179615182
[-2.97925059e+00 -6.76446781e-02  3.60633265e-01  4.29147427e+00
  3.00363059e+02] 4.307131713812217
[-3.10207617e+00 -1.88906149e-01  3.19927918e-02  4.32898775e+00
  2.96963750e+02] 4.333225589271948
[-3.08771988e+00  1.65866481e-01 -2.39612744e-01  5.02419586e+00
  3.04822772e+02] 5.032640458669772
[-2.98483003e+00  2.89296249e-01  2.71075370e-01  4.45931178e+00
  2.99503333e+02] 4.476900241174359
[-2.98721353e+00 -1.88724597e-01 -2.72074801e-02  4.47922708e+00
  2.99239266e+02] 4.4832836642567395
[-3.04377734e+00  7.07272832e-02 -2.70468997e-01  4.72421927e+00
  3.00166229e+02] 4.732483862029999
[-3.03356905e+00  3.89815271e-01  6.74188036e-02  4.40579428e+00
  3.00239762e+02] 4.423519464723963
[-3.02565622e+00  2.70477356e-01 -1.17142845e-01  4.33478251e+00
  3.00122096e+02] 4.344792267907457
[-3.07452648e+00  2.55862783e-01 -3.24060524e-01  4.37097656e+00
  2.99667703e+02] 4.390434726248058
[-3.09575946e+00  1.33921764e-01  2.76849472e-02  4.64765992e+00
  2.98785483e+02] 4.649671406228254
[-3.06892227e+00 -6.37859387e-02  2.98673305e-01  4.87478104e+00
  3.01795671e+02] 4.884338708179555
[-3.11990844e+00  4.23960578e-02 -1.17165203e-01  4.66534079e+00
  3.00310604e+02] 4.667004368738969
[-3.07051582e+00  2.53510556e-01  1.17495812e-01  4.44350320e+00
  2.97722193e+02] 4.452279587996167
[-3.02468857e+00  2.86168854e-02  7.85818441e-04  4.42013467e+00
  2.98315846e+02] 4.420227374647688
[-3.04054289e+00  2.38788245e-01 -5.82926263e-02  4.01319744e+00
  2.97839347e+02] 4.0207177925127064
[-3.05477767e+00 -5.19764034e-02  1.29683878e-01  4.45075986e+00
  2.97668937e+02] 4.4529521450421585
[-3.15429839e+00 -9.75435338e-02  4.80100928e-02  4.42103075e+00
  2.96246233e+02] 4.422367310929156
[-3.06782962e+00 -2.23541413e-01 -1.09661745e-02  4.53525388e+00
  3.01231608e+02] 4.540772931672474
[-3.12846476e+00 -2.01819006e-02 -2.28718563e-01  4.38451110e+00
  2.97345400e+02] 4.390518997382714
[-3.09819452e+00  2.08875899e-02 -1.53519300e-01  4.64993638e+00
  2.99172216e+02] 4.652516826468988
[-3.01511622e+00 -1.43864149e-01 -5.36292611e-02  4.30018327e+00
  2.97273746e+02] 4.302923324545914
[-2.99910535e+00 -5.81490042e-02  7.78438018e-02  4.46781587e+00
  2.97892392e+02] 4.468872301817658
[-2.99682180e+00  1.63763083e-01  5.97927491e-02  4.59644837e+00
  2.99053096e+02] 4.599753379935136
[-3.05027345e+00 -5.17106032e-02 -1.55137016e-01  4.49679422e+00
  2.99463024e+02] 4.499766627741165
[-3.01151820e+00  1.52189023e-01  5.16877197e-02  4.93642522e+00
  3.00958853e+02] 4.939041108251279
[-3.01726545e+00  9.37060809e-02 -2.26485802e-01  4.19540384e+00
  2.97794584e+02] 4.20255755316672
[-3.09532438e+00  2.34187702e-01  1.32840973e-02  4.48715635e+00
  2.98634521e+02] 4.493283036960522
[-2.97632658e+00  1.25034919e-01 -6.14370981e-02  4.60262826e+00
  3.01438445e+02] 4.604736161089004
[-3.03861610e+00  2.62559097e-01 -3.85061077e-02  4.43031462e+00
  2.99471657e+02] 4.438255016945784
[-3.06670826e+00  1.37670228e-01  3.29302639e-01  4.87088499e+00
  3.02082401e+02] 4.883944507455565
[-3.04794846e+00  2.63598729e-01  6.61742572e-02  4.34231482e+00
  2.99543185e+02] 4.350811569026268
[-3.03584418e+00  3.74996506e-01 -1.33878035e-01  4.20788821e+00
  2.97760253e+02] 4.226685335924817
[-3.05148865e+00  1.47842757e-01 -7.83801567e-02  4.56989999e+00
  2.98705859e+02] 4.572962586128839
[-3.12018440e+00 -1.21292157e-01 -1.31853088e-01  4.57009470e+00
  2.99173717e+02] 4.573604991988007
[-3.01953381e+00  1.15627322e-01  3.16162132e-01  4.48338587e+00
  2.99476382e+02] 4.496006791316778
[-3.10900882e+00  1.63817549e-01  1.47392395e-01  4.53109997e+00
  2.98161531e+02] 4.536455400876412
[-3.06888522e+00 -1.40885274e-01  2.44007580e-01  4.55454666e+00
  3.00567975e+02] 4.563253624726447
[-3.05360925e+00  2.28265026e-01  2.43786767e-01  4.55896017e+00
  2.97332750e+02] 4.571176514144876
[-2.99262272e+00  4.29946144e-02  3.40799519e-01  4.35902044e+00
  3.00437702e+02] 4.3725338281791295
[-3.05664925e+00 -1.16036832e-01  2.30122127e-01  4.71952253e+00
  3.02849740e+02] 4.726554100977525
[-3.03725510e+00 -1.07134610e-01  1.12190824e-01  4.54819687e+00
  3.00923010e+02] 4.550841609763592
[-3.07803192e+00 -1.23930818e-01  6.47696067e-02  4.36435893e+00
  3.00144843e+02] 4.36659853983535
[-2.99517638e+00 -1.46454801e-01  3.28297812e-02  4.13630535e+00
  2.99589029e+02] 4.139027511396708
[-2.97789216e+00 -1.72585922e-01  1.06756282e-01  4.31884317e+00
  2.99413741e+02] 4.323608350118243
[-3.00111891e+00 -2.57483027e-03  3.93911010e-02  4.27623091e+00
  2.99128651e+02] 4.276413106751289
[-2.99820343e+00  6.24874989e-02  3.28827861e-01  4.34250469e+00
  2.99660989e+02] 4.355385102889294
[-2.98613839e+00 -1.81319663e-01 -9.30808179e-02  4.71839226e+00
  3.00930194e+02] 4.722792220894155
[-2.97784081e+00 -2.27709010e-01 -6.38331348e-02  4.36258956e+00
  3.00216863e+02] 4.36899459425638
[-3.14647361e+00 -1.12352391e-01  1.59493277e-01  4.40751626e+00
  2.97628340e+02] 4.41183190673597
[-2.98438510e+00 -2.69623588e-01 -7.43397132e-03  4.67925041e+00
  3.00594606e+02] 4.687017874844345
[-3.02663573e+00  1.61079678e-01 -4.92555803e-02  4.36339267e+00
  2.98321185e+02] 4.366642690713176
[-3.02436641e+00 -1.27678767e-01  2.26000481e-01  4.20772127e+00
  2.99668515e+02] 4.215720148960009
[-3.03793413e+00 -1.24460824e-01  3.68651920e-04  4.32349317e+00
  2.96645272e+02] 4.325284246182297
[-3.07205673e+00 -1.54273337e-01  6.24004983e-01  4.63243152e+00
  3.00158179e+02] 4.676815611041151
[-3.04908598e+00  8.95080074e-02  3.14374298e-01  4.60348895e+00
  2.99698157e+02] 4.615078912471714
[-3.07024449e+00  3.64588874e-01  4.11276885e-02  4.38093743e+00
  3.00002521e+02] 4.396274483029606
[-3.05531968e+00 -7.35218899e-02 -8.47449448e-03  4.21149186e+00
  2.96803003e+02] 4.212142088469577
[-3.15726435e+00  2.10231895e-01  2.97129245e-02  4.42773846e+00
  2.98296122e+02] 4.432826209958177
[-2.96241851e+00  3.31194062e-02 -1.52343370e-01  4.47865418e+00
  3.01419560e+02] 4.48136683206106
[-3.04581522e+00 -1.15217326e-01 -1.96036215e-01  4.67905093e+00
  3.02261479e+02] 4.68457285992091
[-3.05168665e+00  7.82333352e-02 -3.42542853e-01  4.31989965e+00
  3.00028698e+02] 4.334165327029319
[-3.01315685e+00  3.67308295e-02 -1.84446273e-01  4.49301857e+00
  2.99489245e+02] 4.496952906909755
[-3.00459365e+00  8.44957965e-02  5.17252549e-02  4.20861944e+00
  2.98614353e+02] 4.209785339527153
[-3.03664821e+00  1.78379365e-01 -1.34611409e-01  4.23947280e+00
  2.95866035e+02] 4.245358533495399
[-3.01843245e+00 -1.80682871e-01  6.34192223e-02  4.42080304e+00
  3.00160436e+02] 4.424948342742831
[-3.12378853e+00 -9.90868098e-03  9.93999295e-02  4.11498061e+00
  2.98458154e+02] 4.116192892950176
[-3.05752027e+00  3.04999630e-01  1.62591453e-01  4.54619380e+00
  2.99066934e+02] 4.559313411784413
[-3.06589624e+00  1.29755337e-01  2.24910608e-02  4.44817374e+00
  3.00400788e+02] 4.450122686203008
[-3.07188610e+00  1.55649076e-01  2.01202962e-01  4.71305820e+00
  2.98525929e+02] 4.719918103178236
[-2.98685566e+00  7.88134771e-02 -3.08727800e-01  4.50894271e+00
  3.00180723e+02] 4.520186812159617
[-2.98977249e+00  3.18403395e-02 -1.19082983e-01  4.35404462e+00
  2.97395545e+02] 4.355789147422523
[-3.08918877e+00  4.49162278e-02  3.30784575e-01  4.44775992e+00
  2.97285283e+02] 4.460269518123585
[-2.94372430e+00  6.30208998e-03 -3.36023545e-01  4.45633631e+00
  2.99358470e+02] 4.4689914781277675
[-3.09970168e+00  3.65698413e-02  1.56991848e-01  4.48417767e+00
  2.97890459e+02] 4.487074005758301
[ -3.04870737  -0.31901081  -0.42082442   4.75895957 302.86140358] 4.788168469243764
[-3.10181740e+00  2.03093980e-01  9.99470967e-02  4.57665566e+00
  2.97924413e+02] 4.582249845157852
[-3.17594875e+00  7.96818805e-04  1.09015927e-01  4.51193771e+00
  2.96904734e+02] 4.5132545878447585
[-3.03934145e+00 -1.64205878e-01 -6.62937137e-03  4.45100345e+00
  3.00604142e+02] 4.454036284543219
[-2.96487634e+00 -1.47805301e-01 -2.60629117e-01  4.25200141e+00
  2.96625798e+02] 4.262545003842489
[-2.91859888e+00 -7.26356116e-02 -2.95529911e-01  4.20531489e+00
  2.98740502e+02] 4.216312038948728
[-3.08805291e+00  3.26939816e-01 -1.67752809e-01  4.80481469e+00
  3.00500813e+02] 4.818845803471992
[-3.03126872e+00 -2.21311331e-02 -1.38569499e-01  4.56012656e+00
  2.99112587e+02] 4.562285126981852
[-3.04252371e+00 -2.80710713e-02  1.36663479e-01  4.70464817e+00
  3.00143719e+02] 4.706716405928965
[-3.16102560e+00  7.91140216e-02  4.59093685e-02  4.29356428e+00
  2.96623361e+02] 4.294538502398871
[-2.99847263e+00  2.44778909e-02 -2.62786274e-01  4.40039635e+00
  2.99211115e+02] 4.408303967326166
[-3.07752608e+00 -3.20530655e-01  4.90735442e-02  4.34304835e+00
  2.98951340e+02] 4.355136860497368
[-3.06211460e+00 -8.62907361e-02  2.13889342e-01  4.65076805e+00
  2.99199525e+02] 4.656483454750078
[-3.06289598e+00  8.54730264e-02 -6.04147982e-02  4.67150266e+00
  3.00126616e+02] 4.672675111907263
[-2.95553449e+00  1.72716972e-01 -3.88224330e-02  4.41631412e+00
  3.00092209e+02] 4.419860719362526
[-2.96244534e+00 -1.16767562e-01 -6.30364638e-02  4.43562257e+00
  2.99570982e+02] 4.437606996368218
[-3.04494959e+00  5.48964674e-02  1.96427609e-01  4.75196379e+00
  3.00932203e+02] 4.756338641009218
[-3.06449018e+00  9.27127836e-02 -3.78720695e-01  4.35166473e+00
  2.98412974e+02] 4.369097269731492
[-3.09285885e+00  2.32183652e-01 -6.48030732e-02  4.81816087e+00
  3.01512526e+02] 4.824187271710275
[-3.02460540e+00 -1.34822474e-01  9.18221925e-02  4.31798969e+00
  2.97199068e+02] 4.321069703624337
[-3.02152175e+00  2.40927651e-01  1.25531339e-01  4.08829167e+00
  2.96887721e+02] 4.09730802316689
[-2.95842036e+00 -9.71368281e-03 -1.18023052e-01  4.25411464e+00
  2.98548766e+02] 4.255762582295469
[-3.01285947e+00 -1.21535690e-01 -4.37952837e-03  4.66944146e+00
  3.01221721e+02] 4.671024905562149
[-3.05167128e+00  2.47991974e-01  6.65654883e-03  4.37698731e+00
  3.00541530e+02] 4.3840121198395465
[-3.08035092e+00  1.88850400e-01 -1.96407535e-01  4.09102015e+00
  2.95778484e+02] 4.10008368954503
[-3.02663997e+00  1.72395939e-01  5.57866962e-02  4.55246101e+00
  2.98741431e+02] 4.556065598401282
[-3.05606051e+00 -3.30812358e-01  7.21786127e-02  4.36905994e+00
  2.98466561e+02] 4.382160574978212
[-3.11118988e+00 -2.35681357e-01 -4.24209735e-02  4.47478369e+00
  2.98098952e+02] 4.481186710890582
[-2.97638711e+00  2.17739426e-01 -1.46220206e-01  4.68336758e+00
  3.00437508e+02] 4.690705987306917
[-3.07422418e+00  1.53670756e-01 -2.99748631e-01  4.61621219e+00
  2.98690674e+02] 4.628485592803413
[-3.05646422e+00  1.39071799e-02  9.22801412e-02  4.43951330e+00
  3.02095466e+02] 4.440494049323712
[-2.92615617e+00 -8.13274324e-02  1.61279098e-01  4.51302072e+00
  3.01192164e+02] 4.516633830482175
[-3.02229875e+00  1.46105972e-01  3.08616611e-01  4.54270985e+00
  2.99089228e+02] 4.555524553562443
[-3.03571559e+00 -4.42588774e-02 -3.21355003e-01  4.64459781e+00
  2.99431243e+02] 4.655912012408594
[-3.16415696e+00  3.30979271e-01  3.47527462e-02  4.40814032e+00
  2.97073022e+02] 4.420685029939629
[-3.10806562e+00  1.44485797e-01 -5.20888021e-02  4.02506008e+00
  2.95957669e+02] 4.027989325610664
[-3.06080592e+00  7.35497691e-02 -4.78802892e-01  4.50863838e+00
  2.99998126e+02] 4.534587283436059
[-3.00477069e+00  2.36936426e-01  2.26596610e-01  4.75287844e+00
  3.00535861e+02] 4.764172373686646
[-2.94113995e+00  1.90002662e-02  2.56346580e-01  4.44874889e+00
  3.01488192e+02] 4.456168897002076
[-3.03107818e+00  1.32805493e-01 -5.02706055e-02  4.50978065e+00
  2.99128379e+02] 4.512015728039159
[-3.07094489e+00 -2.07827604e-02  8.02243805e-02  4.55834873e+00
  2.99794558e+02] 4.559101997185019
[-2.98233697e+00  2.01491318e-01  6.55731986e-03  4.32506456e+00
  2.98961728e+02] 4.329760404818541
[-3.04975299e+00 -3.07254983e-01  2.85227988e-01  4.56381278e+00
  2.99347603e+02] 4.583028225191251
[-2.96893493e+00 -1.74044308e-01  1.62318233e-01  4.30161635e+00
  2.98705216e+02] 4.308194728000792
[-3.09088161e+00  2.87601727e-01 -2.11091722e-01  4.32932565e+00
  2.96613540e+02] 4.343999890010773
[-3.08693526e+00 -1.70729129e-01  7.47459590e-02  4.40684459e+00
  2.98683559e+02] 4.41078390294006
[-3.02330623e+00  9.64053082e-02  4.79930339e-01  4.45728452e+00
  2.99336548e+02] 4.484084345138018
[-3.12465753e+00  9.21729268e-02 -3.13466494e-01  4.40065418e+00
  2.96974262e+02] 4.412767193909889
[-2.97656358e+00  1.63522954e-01 -3.33007864e-01  4.59361541e+00
  3.01026642e+02] 4.608572072825615
[-3.00685320e+00  1.11004590e-01 -2.27577085e-03  4.63267882e+00
  2.97848452e+02] 4.63400908856829
[-3.11528363e+00 -5.31293870e-03  9.15803160e-02  4.61873492e+00
  2.99938444e+02] 4.619645815293798
[-2.99021640e+00  1.50097100e-01 -1.16688597e-01  4.49957269e+00
  2.98124648e+02] 4.503587433683641
[-3.06033615e+00  1.46514125e-01  2.01915294e-02  4.66354750e+00
  3.01090463e+02] 4.665892126439455
[-3.04378163e+00  2.34056232e-01 -3.89020570e-02  4.39990805e+00
  2.98380455e+02] 4.406300781726
[-3.04974718e+00 -3.23527290e-02 -3.75457916e-02  4.13387256e+00
  2.97039683e+02] 4.134169651168639
[-3.00553078e+00 -1.43190177e-01  4.51693177e-02  4.27777158e+00
  2.99473435e+02] 4.280405753403351
[-2.96492515e+00 -8.40414692e-02 -9.69124454e-02  4.11725730e+00
  2.97234372e+02] 4.119255109102206
[-3.07304601e+00  9.52817815e-02  3.17142275e-02  4.50587543e+00
  2.99578537e+02] 4.506994316138131
[-2.94345110e+00  1.38733373e-02 -1.77077856e-01  4.18776705e+00
  2.99642583e+02] 4.191532170609851
[-3.10682992e+00 -1.80638348e-01  8.31562783e-02  4.38185320e+00
  2.99250797e+02] 4.386363259337788
[-3.06223040e+00  1.52192516e-01  4.15189021e-01  4.68400223e+00
  3.00886096e+02] 4.704829580161453
[-3.10249900e+00  5.56229239e-02  1.72677268e-01  4.59325741e+00
  2.96678467e+02] 4.596838588322482
[-3.01444914e+00 -2.47001657e-01 -1.51066383e-01  4.69475861e+00
  3.01583055e+02] 4.703678268990446
[-3.04428237e+00  1.95113385e-01 -1.25873496e-01  4.60126803e+00
  3.00138655e+02] 4.607122841891332
[-2.97907434e+00 -8.94440046e-02 -1.40912929e-01  4.20368724e+00
  2.97853286e+02] 4.206999299134551
[-3.00805113e+00  3.74111646e-01  1.64304268e-01  4.41350591e+00
  2.99451271e+02] 4.43237970587883
[-3.08079561e+00 -7.15155215e-02  1.39283161e-01  4.66846787e+00
  2.99948327e+02] 4.671092650269858
[-3.07276033e+00 -9.70231267e-02 -2.92318880e-01  4.39075335e+00
  3.01046923e+02] 4.401542769818158
[-2.99915124e+00  9.00741602e-03  2.06151157e-01  4.59987653e+00
  3.02091300e+02] 4.604502529863617
[-2.98028019e+00  3.16205822e-02  1.07853126e-01  4.68538324e+00
  3.00782624e+02] 4.686731085902069
[-3.03018659e+00 -2.45228334e-02  6.63942873e-02  4.39665880e+00
  2.98163694e+02] 4.3972284669949095
[-2.96983788e+00  7.72460619e-02 -1.00983740e-02  4.63877214e+00
  2.99266857e+02] 4.639426245353609
[-3.02120921e+00 -1.60589950e-01 -4.10951881e-02  4.24042411e+00
  2.99218854e+02] 4.243662876401551
[-3.05658344e+00 -1.23677669e-01  7.28274846e-02  4.63161590e+00
  2.99423609e+02] 4.633839209209955
[-3.08900707e+00 -3.19164961e-01 -2.05134220e-01  4.49030488e+00
  2.99694377e+02] 4.506304945863197
[-3.08773208e+00  1.60014756e-02 -1.39008873e-01  4.37505161e+00
  2.99205870e+02] 4.3772886664836195
[-3.10990866e+00  7.42732982e-02 -9.48340235e-02  4.34811613e+00
  2.97085039e+02] 4.349784352275284
[-3.06356542e+00  9.87417013e-02 -2.73059512e-02  4.59162802e+00
  2.99091423e+02] 4.592770776719575
[-3.07763122e+00  6.25977261e-02 -4.01868581e-02  4.50758608e+00
  2.98257570e+02] 4.508199836375795
[-3.06342108e+00 -2.98309373e-01 -1.90000240e-01  4.12060262e+00
  2.95453698e+02] 4.1357532026800214
[-3.04694873e+00  6.51483305e-02  2.68542545e-02  4.61707358e+00
  3.00584503e+02] 4.617611279543893
[-3.12169645e+00 -9.74486590e-02 -6.36209904e-02  4.29080360e+00
  2.97157373e+02] 4.292381556958756
[-3.07098695e+00 -3.36607789e-02  2.71026796e-01  4.50354904e+00
  3.00698824e+02] 4.511822527781862
[-3.02914203e+00  1.32897539e-01  6.35488386e-02  4.37052538e+00
  2.99304272e+02] 4.373007235129886
[-3.02390625e+00  1.50367964e-03 -2.60092582e-01  4.75966322e+00
  3.01493248e+02] 4.76676456118993
[-3.02754283e+00 -8.60276931e-02 -2.83107657e-01  4.47311880e+00
  2.99868542e+02] 4.48289443059111
[-3.07920511e+00 -8.24440923e-02 -2.75538186e-01  4.53280308e+00
  2.99516895e+02] 4.541918321314046
[-3.08984076e+00 -1.65242390e-01 -2.32471641e-01  4.25794551e+00
  2.96320424e+02] 4.26748732392747
[-3.01379694e+00  9.11761969e-02  8.86146381e-03  4.73255114e+00
  3.00224761e+02] 4.7334376381010905
[-3.11110606e+00  2.08595777e-01 -1.51754232e-01  4.76746034e+00
  2.99715995e+02] 4.774433955112903
[-3.05046675e+00 -1.79407220e-01 -8.85618143e-02  4.64004119e+00
  3.01654626e+02] 4.644352738039855
[-3.00369015e+00 -2.09421129e-01 -2.75919206e-01  4.32145672e+00
  3.00362521e+02] 4.335317386192098
[-3.07667851e+00 -2.90387927e-01  7.48130048e-02  4.27363786e+00
  2.98227954e+02] 4.284145499040675
[-2.99702047e+00 -3.64597151e-02 -5.12396993e-02  4.37507413e+00
  2.97909821e+02] 4.375526079169798
[-3.02162543e+00 -1.05702000e-01  2.66540806e-02  4.30144523e+00
  2.99232076e+02] 4.302826330614531
[-3.02366389e+00 -1.14993565e-01  1.27689131e-02  4.84602908e+00
  3.00813059e+02] 4.84741007444286
[-3.05895770e+00  2.65032896e-01  2.92521494e-01  4.47745855e+00
  2.97559045e+02] 4.49482439428546
[-3.01124282e+00  2.13399474e-01  2.41504022e-01  4.30062524e+00
  2.98163822e+02] 4.3126837326587095
[-3.06225980e+00  7.72325928e-03 -2.04956455e-01  4.56111912e+00
  2.97931861e+02] 4.5657282445248475
[-3.02935176e+00 -1.38490543e-01 -1.13264808e-01  4.61017761e+00
  3.00004937e+02] 4.613647813230553
[-3.03366676e+00 -5.08991574e-02 -3.64765844e-02  4.56674044e+00
  2.98235007e+02] 4.567169749682147
[-3.06228688e+00 -2.58158323e-01  2.04148124e-01  4.45781376e+00
  2.99323192e+02] 4.469946942424635
[-3.08208896e+00  2.40361186e-01 -4.21744283e-03  4.49948220e+00
  3.00258630e+02] 4.505899616634056
[-2.97216355e+00 -7.18164149e-02  1.46363407e-01  4.59980358e+00
  2.99682236e+02] 4.6026919144696965
[-3.00110876e+00  9.73835019e-03 -2.97316758e-02  4.27745858e+00
  3.00321275e+02] 4.2775729966894245
[-3.04637593e+00  2.99404069e-01 -1.24060403e-02  4.30495634e+00
  2.99415333e+02] 4.315373189259057
[-3.00271495e+00  4.76000239e-02  1.61592659e-01  4.45205555e+00
  2.98667255e+02] 4.455241475089234
[-3.04061970e+00 -2.39978289e-01  7.12074828e-02  4.32843087e+00
  3.00237238e+02] 4.33566302700533
[-3.02028092e+00 -9.01900522e-03  1.08894253e-01  4.36896928e+00
  2.98025013e+02] 4.370335443942932
[-2.99309625e+00  2.08180378e-01  6.31147966e-02  4.56006246e+00
  3.01108787e+02] 4.565248317779432
[-3.04771478e+00 -2.69688382e-01  3.41696593e-02  4.57871994e+00
  2.99937559e+02] 4.586782713732189
[-3.02559854e+00  1.65939404e-02  3.17092891e-01  4.52270239e+00
  2.98467967e+02] 4.5338350437595185
[-3.03701169e+00  1.55631102e-01 -7.68223975e-02  4.35017942e+00
  2.99951990e+02] 4.35364028501656
[-3.06748006e+00 -1.12131845e-01 -7.40436488e-02  4.53143391e+00
  3.00711726e+02] 4.533425774009263
[-3.11205508e+00 -3.79197349e-02  6.99337263e-03  4.49987406e+00
  2.99661386e+02] 4.500039259487638
[-3.00236809e+00 -2.95014456e-02  2.42916605e-01  4.29873929e+00
  3.01072897e+02] 4.305698351823545
[-2.99663518e+00 -1.04010466e-01 -2.43665624e-02  4.41259879e+00
  2.99625411e+02] 4.413891709737703
[-3.02274478e+00 -1.48715648e-01  2.76957578e-01  4.68881207e+00
  3.02104346e+02] 4.699338299185861
[-3.03218722e+00  1.76448890e-01  2.06014894e-01  4.57388874e+00
  3.02841560e+02] 4.5819247667316505
[-2.99989182e+00  1.87613165e-01  2.88318484e-02  4.19545836e+00
  2.96990793e+02] 4.199750091735954
[-3.03552024e+00  5.72838354e-02  3.59982357e-01  4.35417130e+00
  2.98155622e+02] 4.3694023016972645
[-3.02970827e+00 -6.73760772e-02  2.52903929e-01  4.74670086e+00
  3.00847187e+02] 4.753910919060828
[-3.06626916e+00 -2.32465483e-02 -3.35024281e-01  4.49489560e+00
  3.00053314e+02] 4.507423669153603
[-2.97869713e+00  2.24494478e-01 -1.51440611e-01  4.28603812e+00
  2.98363804e+02] 4.294584358948911
[-3.12213937e+00  3.85243144e-01  1.04824951e-01  4.44408374e+00
  2.96546976e+02] 4.461981714578259
[-3.11497675e+00 -2.67130444e-01  1.20951683e-02  4.50466569e+00
  2.99609406e+02] 4.512595480206683
[-3.06808229e+00  2.18324259e-01  2.98608277e-01  4.57901122e+00
  2.98809834e+02] 4.593928177902453
[-2.91098199e+00  1.28532548e-01 -2.52945838e-01  4.30128004e+00
  2.99225187e+02] 4.310627823981223
[-3.08082677e+00  1.71804427e-01  1.71675944e-02  4.32264073e+00
  2.96563319e+02] 4.326087652244386
[-3.02762663e+00  4.67618014e-02 -8.64412386e-02  4.48321898e+00
  2.97221048e+02] 4.484296059918925
[-3.03096902e+00 -4.30487796e-01 -1.75784027e-01  4.29119640e+00
  2.99243835e+02] 4.31631629284422
[-3.05235685e+00  8.79460770e-02  2.87475411e-02  4.54357916e+00
  3.01764821e+02] 4.5445211546396855
[-3.00558768e+00  1.95207194e-01 -9.87711710e-02  4.55755883e+00
  3.01228076e+02] 4.562806600798753
[-2.95359983e+00  8.41277152e-02  1.44654932e-01  4.63418609e+00
  3.02185267e+02] 4.63720640157447
[-3.05753399e+00  2.80716232e-02  1.18695101e-01  4.41326523e+00
  2.98236351e+02] 4.414950338329426
[-3.01213174e+00 -1.73915616e-01  1.24648924e-01  4.90648610e+00
  3.03205718e+02] 4.9111495432575145
[-3.06360250e+00 -1.57182762e-01 -1.06260957e-01  4.39605115e+00
  2.97824157e+02] 4.400143583959118
[-3.04027437e+00 -8.56605867e-02  7.25596707e-02  4.27609641e+00
  2.99048585e+02] 4.277569773673845
[-3.10421100e+00  1.57525542e-01  1.37883648e-01  4.95403869e+00
  3.02163463e+02] 4.958460000683419
[-3.12799747e+00 -2.70717558e-01 -1.93285066e-02  4.87082578e+00
  3.01273069e+02] 4.878381433325376
[-3.06309422e+00  6.26718054e-02 -5.54707559e-02  4.33725149e+00
  2.97295622e+02] 4.338058930872654
[-3.03754649e+00  1.56819478e-01 -2.86489390e-01  4.25321222e+00
  2.99287901e+02] 4.265733550607144
[ -3.02013246   0.31047845  -0.29907796   4.48837626 298.75103086] 4.509031599135703
[-3.15372317e+00 -2.73096328e-02 -1.73619342e-01  4.40599937e+00
  2.97909139e+02] 4.409503362489733
[-2.99773158e+00  1.00091942e-01 -1.04251011e-01  4.61670204e+00
  2.99162070e+02] 4.618963563824613
[-3.02562745e+00 -8.46649982e-02  1.79580090e-02  4.39178524e+00
  2.99875357e+02] 4.392637958214783
[-3.00343808e+00 -2.97173792e-01 -1.25225646e-01  4.22005331e+00
  2.97270944e+02] 4.232356755049851
[-3.01722156e+00  2.20917894e-01  2.13458427e-02  4.53303857e+00
  3.01066313e+02] 4.5384688006709455
[-3.12859404e+00  2.84342887e-01 -1.35967878e-01  4.58930407e+00
  2.98071169e+02] 4.600114132612789
[-2.92621327e+00  1.96091853e-02  3.16266557e-01  4.19732225e+00
  2.99996504e+02] 4.209266339681413
[-2.93599884e+00 -4.65372914e-02  5.22224068e-02  4.15752851e+00
  2.97153196e+02] 4.158116904316352
[-2.92045039e+00  1.00220324e-01 -2.84542295e-02  4.34708045e+00
  3.00223714e+02] 4.348328668574358
[-2.97324878e+00 -6.92502825e-02 -2.17029760e-01  4.35337047e+00
  2.98757030e+02] 4.359327008300984
[-2.99763511e+00 -1.32072173e-01  2.18004150e-01  4.33513935e+00
  2.97515976e+02] 4.342626173521418
[-3.06276383e+00  3.81498733e-01 -2.57259687e-01  4.45677736e+00
  2.98746686e+02] 4.480467412923686
[-3.05275925e+00  2.05499341e-01  2.57716646e-01  4.34591968e+00
  2.98327512e+02] 4.358401733555262
[-2.99138565e+00  2.15582340e-01 -1.26965273e-01  4.47608225e+00
  2.98713669e+02] 4.483069065717764
[-3.05035137e+00 -1.16354839e-01 -1.79924204e-01  4.39908616e+00
  2.97564437e+02] 4.404301327707235
[-3.09687811e+00 -9.05319382e-02 -1.77992102e-01  4.66833841e+00
  2.99124208e+02] 4.672607484215998
[-3.04968166e+00  4.11397415e-01 -2.22618219e-01  4.51021720e+00
  3.00357725e+02] 4.534409105520274
[-3.07433436e+00 -2.87635352e-02 -5.13115445e-02  4.90297668e+00
  3.01358409e+02] 4.903329533977946
[-2.94059437e+00  1.08136644e-01 -1.14548927e-01  4.26228481e+00
  2.98245916e+02] 4.265194812036492
[-3.02635638e+00 -2.51410655e-02 -2.42961706e-02  4.45665569e+00
  2.97643131e+02] 4.45679282598187
[-3.01148254e+00 -3.10119610e-01 -2.08747280e-01  4.39812612e+00
  2.99371301e+02] 4.413984933997252
[-3.02533440e+00  1.66778580e-01 -5.00967174e-02  4.70580764e+00
  3.02184593e+02] 4.709028593634513
[-3.08158406e+00 -1.73175250e-02 -4.40660910e-02  4.23707562e+00
  2.97026461e+02] 4.237340148067762
[-3.06609344e+00  3.34388252e-02  1.84442159e-01  4.14075431e+00
  2.96551663e+02] 4.144994975330445
[-3.11626486e+00  4.48582682e-01 -1.20356187e-01  4.41312735e+00
  2.98542747e+02] 4.4374998618668
[-3.03124147e+00 -1.78997758e-01  8.16604372e-02  4.36785830e+00
  2.98481226e+02] 4.372287128435188
[-3.04525376e+00  1.35902639e-01 -3.53518112e-01  4.70289160e+00
  3.02325000e+02] 4.7181176336606745
[-3.06285772e+00  1.01282235e-01  7.66742063e-02  4.22695252e+00
  2.98324885e+02] 4.2288609139598
[-3.02376130e+00  3.53508555e-01 -5.84222965e-02  4.52649761e+00
  2.98624985e+02] 4.540656567746189
[-3.01977004e+00 -3.06401342e-01  1.32531672e-01  4.71398773e+00
  2.98997522e+02] 4.725793764475475
[-2.96190798e+00  2.79715623e-01  5.87966758e-02  4.50522799e+00
  3.01048654e+02] 4.514285897614901
[-2.98365388e+00 -1.04740101e-01  1.08531880e-01  4.40287147e+00
  2.99185207e+02] 4.405454213239334
[-3.06342471e+00 -1.35321975e-01  2.54652414e-01  4.58098696e+00
  2.98888536e+02] 4.5900546180614485
[-3.09183418e+00 -6.24344150e-02 -1.55497263e-01  4.25647234e+00
  2.98144390e+02] 4.259769265752285
[-2.98875011e+00  1.61587614e-01  3.06382095e-02  4.23348148e+00
  2.96758758e+02] 4.236674953298115
[-3.07266033e+00 -3.18622962e-01 -7.72072484e-02  4.53605066e+00
  2.99474620e+02] 4.547882708815684
[-2.98894246e+00 -3.90472789e-02  3.33692328e-01  4.41688883e+00
  3.00438904e+02] 4.429648086530722
[-3.07393990e+00 -5.41435781e-02 -2.70647617e-02  4.32584733e+00
  2.99465920e+02] 4.326270810513322
[-3.00764291e+00 -4.76106210e-02  1.69403580e-01  4.17655466e+00
  2.98116943e+02] 4.180259944187575
[-2.98556924e+00 -2.75579745e-01 -2.18506734e-01  4.52454152e+00
  3.00061620e+02] 4.538189654324271
[-2.99149586e+00  1.78611933e-01 -3.98542497e-02  4.82736802e+00
  3.02861197e+02] 4.8308355983774165
[-3.06939750e+00 -6.68673514e-02 -2.87621852e-02  4.37710814e+00
  2.99707203e+02] 4.3777133477103805
[-3.03543413e+00  4.21181997e-02  3.63450840e-01  4.30256218e+00
  2.99810357e+02] 4.318091220821918
[-2.97146931e+00 -2.27548420e-01 -1.29351539e-01  4.44844615e+00
  3.00789010e+02] 4.456139945391934
[-2.99518145e+00 -2.06795682e-01  1.89751265e-01  4.55653355e+00
  3.00968858e+02] 4.565168997679902
[-2.98758837e+00 -4.25255516e-02  2.51313473e-01  4.29900146e+00
  3.01320346e+02] 4.3065508724878425
[-3.00391314e+00 -3.11433194e-02 -4.78679906e-01  4.40885631e+00
  2.98561908e+02] 4.434875235981729
[-2.93449945e+00  6.18433715e-02 -2.41692721e-01  4.16273918e+00
  2.99267474e+02] 4.170208324583517
[-3.04027861e+00 -9.68935830e-02  9.81119676e-02  4.42423882e+00
  2.98999757e+02] 4.42638717888208
[-2.98920744e+00  2.69569643e-01  2.63252958e-01  4.32625836e+00
  2.99281586e+02] 4.342635300356271
[-3.05142726e+00  6.81357997e-02 -2.59296703e-01  4.51659859e+00
  2.99370206e+02] 4.5245486023306904
[-3.03400721e+00  1.16674027e-01 -3.24709254e-02  4.33372153e+00
  2.98392801e+02] 4.3354134115489735
[-3.09644123e+00 -1.69775637e-02  4.40516962e-01  4.69044931e+00
  3.00498296e+02] 4.7111206871916815
[-2.97404908e+00 -3.22460060e-01 -2.53633346e-01  4.66667917e+00
  2.99341266e+02] 4.684677667100937
[-3.04035549e+00 -2.96093339e-01  3.23537833e-02  4.21823163e+00
  2.96838851e+02] 4.228734575280866
[-3.09378904e+00 -3.53365396e-01 -2.73347864e-02  4.73738793e+00
  3.00923077e+02] 4.750627189915147
[-3.10769290e+00  1.98897250e-01 -6.75379759e-02  4.65200859e+00
  3.01183090e+02] 4.656748375347417
[-3.01168507e+00  2.72529496e-02  1.50776188e-02  4.41836452e+00
  2.98562060e+02] 4.418474293599511
[-3.07469314e+00  3.15006633e-01 -2.51522677e-01  4.22005306e+00
  2.97140899e+02] 4.2392618065968675
[-3.05240604e+00  2.41073927e-01 -1.32852713e-01  4.63077689e+00
  2.98768835e+02] 4.638950424547348
[-3.07385736e+00  2.11307702e-01  7.20782525e-02  4.26650708e+00
  2.99895435e+02] 4.272344662832884
[-3.17320387e+00  1.41687257e-01  2.61659871e-02  4.50654344e+00
  2.96803573e+02] 4.508846160059407
[-3.04175538e+00  9.79102942e-02  1.10165010e-01  4.82077559e+00
  3.00848139e+02] 4.823028102451253
[-3.02432430e+00 -3.09552035e-02  8.46248665e-02  4.36272480e+00
  2.97466882e+02] 4.363655266020074
[-3.06717826e+00 -2.09789569e-01 -7.14520835e-02  4.61695023e+00
  2.99539003e+02] 4.62226637534027
[-3.08528394e+00  2.80384171e-01 -1.24252718e-01  4.25948243e+00
  2.98260967e+02] 4.270508701953281
[-3.00278191e+00  4.93220704e-02  4.98204095e-02  4.21669199e+00
  2.99178695e+02] 4.217274721945004
[-3.03797050e+00 -1.41682547e-01 -1.62855718e-01  4.60703477e+00
  2.98763542e+02] 4.61208903640397
[-2.99176978e+00  4.05366263e-01  2.68022450e-01  4.22963430e+00
  2.99262044e+02] 4.257459821832709
[-3.03826689e+00  8.80671574e-04  2.86478861e-03  4.47857988e+00
  2.99464350e+02] 4.478580881693445
[-2.99790364e+00 -1.47160867e-01  4.01923431e-02  4.20049595e+00
  2.98865792e+02] 4.203265155139902
[-3.05212250e+00  2.24121375e-02 -1.09354374e-01  4.53836128e+00
  3.00599424e+02] 4.539733885667571
[-3.01547266e+00 -9.85618807e-02  2.28143702e-01  4.35245650e+00
  2.98997725e+02] 4.359546029995115
[-3.01506740e+00 -9.79843469e-03 -2.88524482e-01  4.29202466e+00
  2.98445855e+02] 4.301722687889889
[-3.05050813e+00 -2.79007189e-02  2.27600747e-01  4.14563295e+00
  2.97243128e+02] 4.151969790164085
[-3.12250595e+00  1.06925619e-01 -3.05013469e-01  4.61176204e+00
  2.99791572e+02] 4.623074233900205
[-3.04718505e+00  1.18122789e-02  2.29541531e-01  4.61620150e+00
  3.01248410e+02] 4.621920070026027
[-3.08127571e+00 -2.94037470e-01  1.91153482e-01  4.80602016e+00
  2.99539114e+02] 4.8187993841322285
[-3.03012336e+00  3.89169324e-01  5.82563652e-03  4.52100137e+00
  2.98416986e+02] 4.537724105130389
[-3.00823266e+00 -3.74866462e-01  2.02540058e-02  4.32447762e+00
  2.99000542e+02] 4.340742074146075
[-3.05330766e+00 -1.97045790e-01  6.59152649e-02  4.60733694e+00
  2.99538333e+02] 4.612019683464165
[-3.00683826e+00  2.76688330e-01  2.00469354e-01  4.04411573e+00
  2.97200487e+02] 4.058523923013909
[-3.07966681e+00  1.89598377e-01  3.51731224e-02  4.69061693e+00
  3.00788240e+02] 4.694578986544796
[-3.04313368e+00 -6.21537355e-02 -3.50779444e-02  4.71885567e+00
  3.00731353e+02] 4.719395339186375
[-3.05823840e+00  2.55629947e-02  8.91658768e-02  4.37975241e+00
  2.98037974e+02] 4.380734549159212
[-3.05769269e+00  8.26908200e-02 -3.66936224e-01  4.59510433e+00
  2.98990874e+02] 4.610473269867808
[-3.07106693e+00  7.04260523e-02  4.97741077e-02  4.41357337e+00
  2.98465763e+02] 4.414415837901922
[-2.96624998e+00 -1.48007741e-01  2.13193567e-01  4.14180269e+00
  2.98984411e+02] 4.1499261795391815
[-3.14148704e+00  1.69468923e-02 -8.99135681e-02  4.29954391e+00
  2.99158557e+02] 4.300517352191169
[-3.09460058e+00 -2.80161288e-01  3.02365883e-02  4.20628764e+00
  2.97847953e+02] 4.215715872866628
[-3.04556344e+00  2.57662158e-01  9.18245125e-02  4.57955334e+00
  3.01404188e+02] 4.5877151482899245
[-3.03263787e+00 -2.02307387e-01  1.11730148e-01  4.24772714e+00
  2.98886958e+02] 4.254009612629707
[-2.91739880e+00 -1.37117974e-01  2.15865771e-01  4.48859661e+00
  3.01118550e+02] 4.495875763946094
[-3.01591937e+00 -2.57921004e-01 -6.83505208e-02  4.45631245e+00
  2.99790348e+02] 4.464293414662837
[-3.12804061e+00  9.62130862e-02 -2.99413473e-01  4.52683425e+00
  2.99453793e+02] 4.53774544786289
[-3.02908024e+00 -1.74922866e-01 -1.28326163e-01  4.55682363e+00
  2.99491679e+02] 4.561985003049251
[-2.98220803e+00  8.81624851e-02 -2.40296588e-01  4.45779708e+00
  3.00452209e+02] 4.465139400772659
[-2.98604086e+00 -4.33732201e-02 -2.56163958e-01  4.26328800e+00
  2.98257597e+02] 4.2711972253826715
[ -3.00659772  -0.43461462   0.2972817    4.22268367 296.72483886] 4.255387603935253
[-3.01893869e+00 -4.74472059e-02 -1.57529620e-01  4.52648746e+00
  3.00381344e+02] 4.529476297839036
[-3.00519167e+00  2.32117543e-01 -3.02171486e-01  4.58323323e+00
  2.99708069e+02] 4.5990447879728205
[-3.13228931e+00  2.12418027e-01  2.82288728e-01  4.76197880e+00
  3.00173341e+02] 4.775065491036058
[-3.06006358e+00 -6.13562566e-02  3.37244822e-02  4.51839012e+00
  3.01177364e+02] 4.518932524655083
[-3.12605488e+00 -4.60770992e-01  1.74846872e-01  4.41552595e+00
  2.94941019e+02] 4.442943933171351
[-3.05969383e+00  4.41251725e-02  2.75276374e-02  4.31168163e+00
  2.99763600e+02] 4.311995275803582
[-3.03426532e+00  3.64555250e-02  9.19595825e-02  4.29043047e+00
  2.98040843e+02] 4.291570711971513
[-3.04442754e+00 -1.03185522e-01  5.99602917e-02  4.65493600e+00
  3.00090922e+02] 4.656465577983617
[-3.05356898e+00 -8.40549452e-02  2.56194538e-01  4.31798118e+00
  2.98441745e+02] 4.32639137965937
[-3.02133043e+00 -1.17694938e-01 -1.92492912e-01  4.75207593e+00
  3.01374715e+02] 4.757429059543587
[-3.01909561e+00  4.21472867e-02 -2.16693896e-01  4.28909843e+00
  2.98090068e+02] 4.294775656637646
[-3.01547908e+00 -1.07724450e-01  4.63451337e-03  4.40611263e+00
  2.99398322e+02] 4.407431738800426
[-3.07255998e+00 -1.94628986e-01  2.17908330e-02  4.54169224e+00
  2.97787125e+02] 4.545912857815082
[-2.98546719e+00 -2.11609770e-01  8.06570238e-02  4.20356096e+00
  2.97048188e+02] 4.209656634680341
[-3.08669019e+00  3.42224881e-01 -7.13447859e-02  4.39130243e+00
  2.97960151e+02] 4.405195225446535
[-3.04515698e+00 -3.73468711e-01  2.09508662e-01  4.55927749e+00
  3.01069279e+02] 4.57934317850804
[-3.16439177e+00 -1.66630327e-01 -3.53716290e-01  4.67335767e+00
  2.98584453e+02] 4.68968579230215
[-3.00082308e+00  3.17612464e-02 -1.59079755e-01  4.68045491e+00
  2.99945305e+02] 4.683265236936043
[-3.03725430e+00 -6.98923115e-02  1.92670228e-01  4.30472570e+00
  2.96931553e+02] 4.309602081459406
[-3.03367293e+00  1.37554104e-01 -1.94197538e-01  4.60715909e+00
  2.99896994e+02] 4.613301280419877
[-3.13367340e+00 -1.40159114e-01 -1.98759540e-01  4.84461619e+00
  3.00841019e+02] 4.850717057496954
[-2.97048582e+00 -9.56152480e-02 -9.90655555e-02  4.24692813e+00
  2.99460345e+02] 4.249159305714582
[-3.02539950e+00  1.79062280e-01 -1.53930111e-01  4.87613705e+00
  3.01141068e+02] 4.881851113800027
[-3.10551640e+00  5.97151242e-02 -1.80829256e-01  4.45688636e+00
  2.97560245e+02] 4.46095294017964
[-3.08303915e+00 -4.05928183e-03  1.99399216e-01  4.52190238e+00
  2.99517216e+02] 4.526298445896459
[-2.98680680e+00  1.18749320e-01  5.47613525e-02  4.47321205e+00
  3.00659099e+02] 4.4751230439106875
[-3.08103285e+00  1.52140624e-01 -2.37225070e-01  4.42406788e+00
  3.00549809e+02] 4.433034979487076
[-3.04753468e+00 -2.36731723e-02 -7.78442974e-02  4.08059011e+00
  2.96592469e+02] 4.081401208114981
[-3.04066614e+00 -2.44968940e-01  8.01134814e-02  4.52295473e+00
  2.99329919e+02] 4.530292200443788
[-3.04688201e+00  2.38553850e-02  1.74046240e-01  4.79232170e+00
  3.00853229e+02] 4.795540476875464
[-3.09854345e+00 -2.87201094e-02  8.43460029e-02  4.46104870e+00
  3.00227936e+02] 4.461938433851907
[-3.06296504e+00 -1.06224801e-01  1.81912591e-01  4.52808747e+00
  3.02773627e+02] 4.532984892946007
[-3.05725587e+00  7.82318560e-02  1.09280414e-01  4.30618028e+00
  2.99237817e+02] 4.308277035158104
[-3.06245108e+00  5.31509347e-02  3.70400752e-01  4.50638404e+00
  2.99123096e+02] 4.521893279117108
[-3.05221201e+00  1.14003304e-01 -2.49792812e-01  4.38745506e+00
  2.96538034e+02] 4.396038571880226
[-3.10808507e+00 -9.96518840e-02 -1.14496500e-01  4.35874229e+00
  2.98114828e+02] 4.361384442562709
[-3.00746998e+00  9.55770402e-02  6.71019607e-02  4.27429557e+00
  3.00041889e+02] 4.275890577348124
[-3.00750705e+00  1.68786191e-01  8.57300566e-03  4.55547945e+00
  2.99757467e+02] 4.5586133090777645
[-2.99104571e+00  7.95362983e-02 -1.99598897e-02  4.52126831e+00
  3.00260415e+02] 4.522011893164032
[-3.14399495e+00  2.91433169e-01  2.46252073e-01  4.44887583e+00
  2.99384981e+02] 4.4652065499202065
[-3.03783064e+00 -2.19195475e-01 -7.91839808e-03  4.11153812e+00
  2.95165264e+02] 4.117384489966224
[-2.93228916e+00  1.35508521e-01  1.77975151e-01  4.55849424e+00
  3.01101630e+02] 4.563979346107298
[-3.02756893e+00 -1.16306657e-01 -1.64915868e-01  4.52465987e+00
  3.02268214e+02] 4.5291579128284525
[-3.04180514e+00 -1.33020114e-01 -2.93789895e-01  4.35074453e+00
  3.00951080e+02] 4.3626809176930745
[-3.04433791e+00 -9.19494638e-02  3.48668324e-01  4.14975078e+00
  2.98839669e+02] 4.165387837189515
[-3.00225968e+00 -5.64345253e-02 -2.09161614e-02  4.44486958e+00
  3.00089421e+02] 4.445277035437967
[-3.14319079e+00  8.80175448e-02 -6.02367758e-02  4.33876945e+00
  2.98458675e+02] 4.340080174120958
[-2.98449899e+00 -3.99338249e-02 -8.24406565e-02  4.28298587e+00
  2.97806290e+02] 4.283965347637018
[-3.06746274e+00 -1.51156673e-02 -2.79076211e-03  4.38492443e+00
  2.96706387e+02] 4.384951375771151
[-3.02335328e+00  9.04647586e-03 -1.11656578e-01  4.62183019e+00
  2.99706441e+02] 4.623187574743597
[-3.14156333e+00 -1.21820294e-01 -5.38440522e-02  4.56785461e+00
  2.98972417e+02] 4.569795956481414
[-3.02552474e+00  2.25716143e-02 -2.44976303e-01  4.43158200e+00
  2.97351054e+02] 4.438405331229947
[-3.05961807e+00  4.35612017e-02  1.24012784e-01  4.30855774e+00
  2.98495401e+02] 4.3105622097589595
[-3.00773543e+00  8.00169538e-02  9.95725445e-02  4.65078925e+00
  3.02197864e+02] 4.652543181355507
[-3.07902879e+00 -2.94923046e-01  2.36840337e-01  4.57119704e+00
  2.98974918e+02] 4.586819739733215
[-3.00540733e+00 -3.37681968e-01 -5.52232780e-02  4.50061795e+00
  3.00763985e+02] 4.513606168276875
[-3.06478519e+00  1.39493696e-01 -2.04124468e-01  4.61194680e+00
  2.99776919e+02] 4.618568888326317
[-3.10309943e+00 -9.45138453e-02  6.14171483e-03  4.75211621e+00
  3.00250879e+02] 4.753059972752997
[-2.96783343e+00 -3.18399851e-02  2.16737705e-02  4.46606142e+00
  3.01027779e+02] 4.46622750961082
[-3.03353825e+00 -1.80654459e-01  2.81571660e-01  4.36151298e+00
  2.99696645e+02] 4.374324420356741
[-3.00449624e+00  1.14132782e-01  2.72203929e-01  4.39111515e+00
  3.00781059e+02] 4.401024145598435
[-3.02311654e+00  1.51689324e-01  2.07381568e-01  4.61051690e+00
  2.98098935e+02] 4.617670714619914
[-3.02995021e+00  2.65602405e-01  2.79934372e-01  4.47056443e+00
  3.00586089e+02] 4.4871877808081795
[-3.04933771e+00  4.48493975e-02  8.84035776e-02  4.38069086e+00
  2.98618324e+02] 4.381812303128339
[-3.10984406e+00 -4.16583908e-01  5.06294934e-02  4.27388160e+00
  2.96934704e+02] 4.294434701969207
[-2.95883097e+00  2.91735386e-02  2.22264095e-01  4.52997275e+00
  2.99671573e+02] 4.535516015295083
[-3.06938328e+00  2.91478460e-01  3.49259091e-01  4.45355129e+00
  2.96921661e+02] 4.476724326629154
[-3.04709967e+00 -3.67775908e-01 -5.53249671e-02  4.36552095e+00
  2.99359870e+02] 4.381334629508974
[ -3.07573771  -0.33113812   0.34975994   4.3399344  299.48946613] 4.366579334559224
[-3.09535082e+00  2.56872950e-01 -1.76406731e-01  4.67840924e+00
  3.01183041e+02] 4.6887755396234745
[-3.00378011e+00  4.18171019e-01 -1.66106974e-01  4.40890265e+00
  2.98385193e+02] 4.431803365794848
[-3.04720006e+00 -2.37102384e-01  1.14624597e-01  4.66056410e+00
  2.99278618e+02] 4.667998941143152
[-3.01479156e+00  2.02463939e-01  1.23801301e-01  4.33790746e+00
  2.98760408e+02] 4.344394038573875
[-3.03076542e+00  1.16458441e-01  2.47353465e-01  4.30341215e+00
  2.99113895e+02] 4.312087946958078
[-3.09136402e+00  1.72496255e-02  1.19669947e-01  4.69962289e+00
  3.01340430e+02] 4.70117790841741
[-3.12809990e+00 -1.46424953e-01 -2.23626345e-01  4.68186170e+00
  3.00088923e+02] 4.689485894330881
[-3.23519582e+00  2.54481180e-01  3.00563885e-01  4.18909328e+00
  2.93392694e+02] 4.207564833419444
[-3.04510478e+00  8.88499168e-02  9.60925696e-02  4.62228635e+00
  2.98136200e+02] 4.624138748067002
[-3.01143883e+00 -2.58971033e-02  3.17469505e-01  4.30497953e+00
  2.98326755e+02] 4.3167471876910835
[-3.04765014e+00 -1.09374881e-01 -2.25216537e-01  4.53165988e+00
  2.98903760e+02] 4.538570993860552
[-3.05133776e+00 -3.80164428e-01 -1.14255456e-01  4.91088459e+00
  3.00025721e+02] 4.926902345936732
[-3.03362489e+00  1.64970538e-01 -1.03302628e-01  4.51566008e+00
  2.98865783e+02] 4.519853164204365
[-3.05991759e+00 -5.83629869e-02  2.37324283e-01  4.65062085e+00
  3.00554729e+02] 4.657038040679688
[ -2.98918492  -0.30232672   0.3500218    4.50240836 300.55291448] 4.526101826309226
[-3.12504302e+00  2.68715605e-01 -9.00588571e-02  4.61719087e+00
  3.01372821e+02] 4.625880480891118
[-3.10154985e+00 -3.50530409e-01  8.20941986e-02  4.30581005e+00
  2.96905011e+02] 4.320834550938435
[-3.01780736e+00  2.30188136e-01  4.46367825e-01  4.43039450e+00
  3.01411489e+02] 4.45876959156085
[-3.02319234e+00  1.38273446e-01  1.79271842e-01  4.61411421e+00
  2.99901363e+02] 4.619665340074702
[-3.12028959e+00  1.64848209e-01  1.94871823e-01  4.56856079e+00
  2.98604770e+02] 4.575685482528961
[-3.04339277e+00 -6.10495955e-02 -1.92701977e-01  4.39297125e+00
  2.96448335e+02] 4.397619524689875
[-3.09459004e+00 -8.68960883e-02  1.54684380e-02  4.57556201e+00
  2.96888252e+02] 4.576413213262364
[-3.08757770e+00  7.36928898e-02  2.74578685e-01  4.31230157e+00
  2.99677916e+02] 4.321662751320127
[-3.05263984e+00 -7.94314465e-02 -1.27719131e-01  4.30281332e+00
  2.97941642e+02] 4.305441210101435
[-3.07286082e+00  1.98855301e-01 -1.42155922e-01  4.29468742e+00
  2.97355225e+02] 4.301638262994523
[-3.11695629e+00  1.12104675e-01 -1.27574460e-03  4.50309096e+00
  2.98285715e+02] 4.504486350513096
[-3.01550371e+00  2.58937913e-01  1.78171842e-02  4.63030164e+00
  3.01571844e+02] 4.6375704363281915
[-2.99321626e+00 -2.59210039e-01 -7.36671195e-02  4.33015012e+00
  2.99288711e+02] 4.338527027363846
[-3.00973353e+00  1.04730809e-01  1.98371448e-01  4.12144409e+00
  2.96334416e+02] 4.127544205179826
[-3.01147628e+00  1.89773358e-01  3.97097500e-02  4.31353636e+00
  2.99989594e+02] 4.317891471909372
[-3.00947188e+00 -1.72374927e-02  4.35629467e-01  4.44190398e+00
  3.00013794e+02] 4.463247819365608
[-2.95245667e+00  1.66389521e-01  1.92610900e-01  4.34383126e+00
  2.97655371e+02] 4.351281927458279
[-3.01744071e+00  2.36668375e-01  7.09264265e-02  3.93553736e+00
  2.98866683e+02] 3.9432850240238846
[-3.04818420e+00  2.81714713e-01  1.42982606e-01  4.53892390e+00
  3.00855662e+02] 4.549905209694258
[-2.96537622e+00 -2.21846939e-01 -9.73336351e-02  4.58186957e+00
  3.00312339e+02] 4.588269683416854
[-3.13250903e+00  9.19422906e-02  1.88120282e-01  4.91611295e+00
  2.99946246e+02] 4.920570000505052
[-3.06495265e+00 -1.28167484e-01 -1.50728249e-01  4.52312890e+00
  2.96777069e+02] 4.52745413863513
[-3.06088964e+00 -2.49981310e-01 -2.12462899e-01  4.32682098e+00
  2.96202038e+02] 4.339240825453084
[-2.88681684e+00 -2.32737289e-01 -2.49525003e-02  4.14705612e+00
  2.96337510e+02] 4.153656673591395
[-3.11933172e+00 -1.40393888e-01  2.25463575e-02  4.06490226e+00
  2.95280665e+02] 4.067388489827981
[-2.95313088e+00  2.89778148e-01  3.04508675e-02  4.35652318e+00
  2.98582485e+02] 4.366256158495112
[-3.03424705e+00 -2.13453599e-01 -3.65978281e-01  4.36952658e+00
  2.99157017e+02] 4.390018802609007
[-3.03529793e+00  1.22587869e-01 -1.17536528e-01  4.45843813e+00
  3.00573378e+02] 4.461671567962825
[-3.06202676e+00  4.18057288e-01  1.33408555e-01  4.39272598e+00
  2.99232748e+02] 4.414590726221564
[-3.04551857e+00  7.89502354e-02  6.72904316e-02  4.49132266e+00
  2.98350372e+02] 4.4925204906392295
[-3.01017462e+00 -1.06446486e-01 -1.76538309e-01  4.69855069e+00
  3.01312628e+02] 4.7030708244109
[-2.95868425e+00 -6.59317744e-04  1.02795739e-01  4.30714997e+00
  3.01099842e+02] 4.30837652760655
[-3.01596414e+00  1.70459577e-01  2.98528389e-01  4.30823410e+00
  2.99219726e+02] 4.321927436484638
[-2.96742222e+00  1.91402717e-01  2.06021741e-01  4.35777359e+00
  2.97998011e+02] 4.366837596325297
[-2.95017286e+00 -1.85756278e-01 -2.87742496e-02  4.29553465e+00
  2.99379105e+02] 4.299645482895994
[-3.07211055e+00  1.86614217e-01 -1.93760939e-01  4.47876046e+00
  3.00041625e+02] 4.486832225893809
[-2.97015918e+00  3.02973322e-02  1.58497825e-02  4.24167679e+00
  2.99346188e+02] 4.241814603653717
[-3.06561343e+00 -1.70577011e-01  6.61997857e-02  4.53820870e+00
  2.99255979e+02] 4.5418957612234685
[-2.99783780e+00  7.32099891e-02 -1.44288117e-01  4.83119880e+00
  3.02709833e+02] 4.8339073887410455
[-3.03739873e+00 -4.49932111e-02  2.09435153e-01  4.64069926e+00
  2.99212019e+02] 4.645640653160428
[-3.06128587e+00 -3.14251988e-01  1.25189815e-01  4.38488985e+00
  2.98399627e+02] 4.397918349940167
[-3.07433590e+00  7.43707860e-02  8.82166796e-02  4.38472965e+00
  2.99654002e+02] 4.386247519274604
[-2.94662995e+00  6.81338026e-02 -1.77343345e-01  4.35220864e+00
  2.98377779e+02] 4.356353171483111
[-2.94438252e+00  1.26635121e-02  1.29575342e-01  4.21120652e+00
  2.97308416e+02] 4.213218538808455
[-2.99648206e+00 -6.83180518e-02  1.60686580e-01  4.31307221e+00
  3.00116312e+02] 4.3166050796265125
[-2.99473627e+00  1.77932302e-01 -3.66126141e-01  4.25761995e+00
  2.98424357e+02] 4.27703588157735
[-3.06390352e+00 -3.59574278e-01 -1.64145080e-01  4.33813935e+00
  2.98075942e+02] 4.356109538994075
[-2.95968191e+00 -7.04595140e-02 -2.23261480e-01  4.08620907e+00
  2.98800328e+02] 4.092910310123742
[-3.06998971e+00 -3.60439769e-02  9.59081870e-03  4.53895406e+00
  2.98030486e+02] 4.539107303275258
[-3.06324437e+00 -7.53976810e-02 -1.68618635e-01  4.38827671e+00
  2.97466026e+02] 4.392162288040762
[-3.09108744e+00 -4.56434002e-02  1.50789519e-01  4.39747838e+00
  2.99335656e+02] 4.400299640476331
[-3.02729952e+00 -1.23115384e-01 -1.32328803e-01  4.47337616e+00
  2.98104251e+02] 4.477026088044929
[-3.07191123e+00 -3.65326706e-01  8.59915011e-02  4.36667884e+00
  2.97749098e+02] 4.382777911252907
[-3.04248346e+00 -2.52702759e-01 -3.70206020e-02  4.21800043e+00
  2.98241085e+02] 4.225725599091234
[-3.04114415e+00 -1.15274429e-01  2.53428212e-01  4.75931390e+00
  3.01191090e+02] 4.767450351415426
[-3.03168561e+00  3.67771801e-01  1.09707125e-01  4.31584623e+00
  2.99409634e+02] 4.332876695263468
[-3.02320572e+00  1.80100191e-01 -9.93957397e-02  4.28481565e+00
  3.00592358e+02] 4.289750665130707
[-3.06400342e+00 -2.81776365e-01  9.70000786e-02  4.59280230e+00
  2.98860045e+02] 4.6024601963538565
[-3.04768589e+00  1.34834357e-01 -1.43988163e-01  4.43904721e+00
  2.98684806e+02] 4.443428071743898
[-3.09443652e+00  1.47511435e-01 -2.62060614e-01  4.41251367e+00
  3.00382803e+02] 4.422749405952926
[-3.00287229e+00 -1.58496964e-01 -8.15311569e-02  4.40866158e+00
  3.00517113e+02] 4.412263084788085
[-2.93707166e+00 -5.75612315e-02 -9.37014084e-02  4.36515770e+00
  2.99057032e+02] 4.366542686294317
[-3.07478993e+00 -1.70177966e-01  6.04427637e-02  4.72984773e+00
  3.01306752e+02] 4.733294137397276
[-2.94385781e+00  3.50060125e-01  1.38469809e-01  4.45600587e+00
  2.99888674e+02] 4.471879277746456
[-3.01585838e+00  6.27000496e-02 -3.01751533e-01  4.40491132e+00
  2.98888929e+02] 4.415679900151612
[-2.98126141e+00 -5.72670230e-02 -1.29567980e-02  4.66411180e+00
  3.01041035e+02] 4.664481350707506
[-3.13883434e+00 -1.21939927e-01 -1.00534980e-01  4.50875839e+00
  2.98434463e+02] 4.511527333359193
[-3.07577201e+00 -2.11856025e-01 -1.27668166e-01  4.60674631e+00
  3.01956687e+02] 4.613382019302058
[-3.03488632e+00  1.88730719e-01  5.06763670e-02  4.49586658e+00
  2.98411649e+02] 4.500111516536587
[-3.09193795e+00 -1.75600357e-01  1.35100305e-01  4.51449096e+00
  2.99556430e+02] 4.519924355103652
[-3.01016329e+00  1.32352131e-01 -1.35956054e-02  4.28612362e+00
  2.99887281e+02] 4.288188146820702
[-3.08848404e+00 -4.82418781e-02 -1.14947664e-01  4.73454225e+00
  2.99759512e+02] 4.736183124850912
[-3.03162416e+00  1.29566493e-01  2.68382857e-01  4.41873505e+00
  3.00383812e+02] 4.428773677766183
[-3.15352314e+00 -5.73939215e-01 -5.37361218e-02  4.31195904e+00
  2.97985461e+02] 4.350320051426414
[-3.10682899e+00  4.32626541e-03 -2.82254411e-02  4.43833839e+00
  2.99118032e+02] 4.4384302513458485
[-3.14915801e+00  1.68440876e-01 -2.52800171e-01  4.46076763e+00
  2.98774811e+02] 4.471099207625003
[-3.03686591e+00 -1.24860629e-01 -5.87202261e-03  4.72276629e+00
  3.01867553e+02] 4.724420183155008
[-3.02371464e+00 -5.33083795e-01  6.68042578e-02  4.64406354e+00
  3.00204474e+02] 4.675036607855395
[-3.09980223e+00  1.50469934e-01 -1.05044036e-01  4.68198781e+00
  3.00797354e+02] 4.685582711034612
[-3.10149710e+00  4.35159986e-02  3.36401608e-01  4.61203560e+00
  3.01734671e+02] 4.624492631808155
[-3.16498960e+00 -2.87025777e-01 -1.94696526e-01  4.19839831e+00
  2.98507538e+02] 4.212699713641347
[-3.15493386e+00  6.24774833e-02  4.19591615e-02  4.43599584e+00
  2.98137652e+02] 4.436634208634987
[-3.06846068e+00  7.77993455e-02 -8.89871249e-02  4.25160198e+00
  2.98537480e+02] 4.2532447414891115
[-3.04036960e+00  7.80921285e-02  1.06931044e-01  4.27814931e+00
  2.98711138e+02] 4.280197911165688
[-3.10127177e+00  3.05902709e-01  1.03292832e-01  4.45870739e+00
  2.99939240e+02] 4.4703822507167255
[-3.04637441e+00 -4.97465307e-03 -2.61946318e-03  4.36522585e+00
  2.99994225e+02] 4.36522946629408
[-3.02913056e+00  2.31625862e-01  7.16476236e-02  4.36702027e+00
  2.98318878e+02] 4.373745527934672
[-3.03066950e+00  1.19199727e-01  1.88066308e-01  4.63567344e+00
  3.01212334e+02] 4.64101774621956
[-3.00100100e+00  1.41028195e-01 -1.24237675e-01  4.36664409e+00
  2.99988386e+02] 4.3706869677016815
[-3.04520628e+00 -4.62669178e-02  2.56264232e-01  4.28092799e+00
  2.99581410e+02] 4.288840922482338
[-3.10973039e+00  4.58645596e-02 -2.19257516e-01  4.54617859e+00
  2.96565792e+02] 4.5516938809427145
[-3.02114945e+00  4.75546656e-01  1.85608442e-01  4.31092920e+00
  3.00548110e+02] 4.341048919351581
[-3.01582866e+00 -1.06257583e-02 -2.58486905e-01  4.40749996e+00
  3.00025299e+02] 4.415085988064206
[-3.04340687e+00  2.96659196e-02 -2.12200345e-02  4.63488668e+00
  3.01479048e+02] 4.635030196239815
[-3.04568578e+00  3.40126034e-01  6.04631358e-03  4.38632617e+00
  2.99841271e+02] 4.399497649087283
[-3.13784997e+00 -2.64850668e-03  1.05180781e-01  4.43606262e+00
  2.98750471e+02] 4.43731017267757
[-2.97830417e+00  2.88042843e-01 -2.78115426e-01  4.71321124e+00
  3.00711725e+02] 4.730187850399008
[-3.09781696e+00  1.87665850e-02 -2.65990090e-01  4.53860997e+00
  2.97413530e+02] 4.546436333826782
[ -3.04676943  -0.33879671  -0.31926845   4.58949027 299.14756126] 4.613039834159717
[-2.94812520e+00 -1.67892097e-01 -1.82411006e-01  4.29198891e+00
  3.00507232e+02] 4.299142979974644
[-3.02540669e+00 -2.01816501e-01  1.43211616e-01  4.47592897e+00
  2.99667147e+02] 4.482764724853853
[-3.07596546e+00  2.08700169e-01 -1.38397906e-02  4.46708680e+00
  3.00225642e+02] 4.471980749285933
[-2.96396833e+00 -1.46671987e-01  2.85102372e-01  4.59006660e+00
  3.02058267e+02] 4.601250640642771
[-3.08037369e+00  3.53614687e-01 -1.02538709e-01  4.60009273e+00
  2.97838795e+02] 4.61480342674188
[-3.03991838e+00 -1.47177932e-01 -8.12915222e-02  4.51130031e+00
  2.97401219e+02] 4.5144324311255595
[-3.03996366e+00  2.98194567e-01  2.37232589e-01  4.35581158e+00
  2.98899667e+02] 4.372447115573357
[-3.02683580e+00 -1.14660044e-01 -1.92814018e-01  4.05973301e+00
  2.98622593e+02] 4.06592625375916
[-3.07737408e+00  8.85813212e-02  6.91188566e-02  4.40156522e+00
  3.00110335e+02] 4.402999031498243
[-3.10089049e+00  1.09994874e-01 -4.88740452e-02  4.56155051e+00
  2.97226627e+02] 4.563138244928992
[-3.01348973e+00 -8.78939661e-02 -9.63551188e-02  4.76882622e+00
  3.01336463e+02] 4.770609310685336
[-3.00506976e+00  2.15867648e-01 -1.69414457e-01  4.30983340e+00
  2.98964673e+02] 4.318560407512235
[-3.09277615e+00 -9.12482916e-02 -2.25408459e-01  4.27433511e+00
  2.98904880e+02] 4.281246998169351
[-3.01365609e+00 -1.05656440e-01  3.27326166e-01  4.54062093e+00
  2.99942209e+02] 4.553629773133738
[-2.96961897e+00  2.28991986e-02 -2.15887197e-01  4.58688686e+00
  3.01721849e+02] 4.592021632968963
[-3.08501838e+00  1.91733643e-01  4.22981522e-02  4.46557569e+00
  2.99182752e+02] 4.4698900597854205
[-3.03544457e+00 -5.34309413e-02 -4.06562350e-02  4.00536629e+00
  2.96484990e+02] 4.005928967286962
[-3.05122151e+00  2.10667669e-01 -5.95840396e-02  4.46676032e+00
  2.99540536e+02] 4.472122412872415
[-3.11390821e+00 -8.24616676e-02 -1.46745882e-02  4.63945559e+00
  2.97422437e+02] 4.64021156892457
[-3.08929861e+00  2.55412308e-01  6.67356649e-02  4.45447760e+00
  2.99482502e+02] 4.4622931043486505
[-3.06567908e+00  2.66047879e-01  1.80824868e-01  4.22965669e+00
  2.96663943e+02] 4.24187162097009
[-2.95111077e+00 -2.09587452e-01  8.72560744e-02  4.53710317e+00
  3.00283928e+02] 4.542779508450587
[ -3.16663049  -0.34630567  -0.40749112   4.55027383 299.02656726] 4.581590177615734
[-3.01007384e+00 -1.43102461e-01  1.65787526e-01  4.32900984e+00
  3.00373931e+02] 4.334546117574842
[-3.06204894e+00  1.55495665e-01  1.59607685e-01  4.40957958e+00
  2.96521795e+02] 4.415206174756745
[-3.06374401e+00 -2.15984214e-01  8.96806778e-02  4.34631101e+00
  2.98641735e+02] 4.352598209787681
[-3.01587473e+00  1.80441547e-01 -1.40822596e-01  4.45730582e+00
  3.00185996e+02] 4.463178833875047
[-3.00011322e+00 -2.93772112e-01  3.54753830e-02  4.24377380e+00
  2.98873195e+02] 4.254077641823754
[-2.99734371e+00  2.48101404e-01  1.90498794e-01  4.22739375e+00
  2.96398192e+02] 4.238950582816523
[-3.12737183e+00  2.42793536e-01  2.48763727e-02  4.35910607e+00
  2.97781546e+02] 4.365933261760826
[-3.00379443e+00 -1.23289523e-01  1.59526220e-01  4.38085366e+00
  2.99977194e+02] 4.385490589956027
[-3.08571148e+00  3.31658316e-01  2.89822780e-03  4.85090632e+00
  2.99845826e+02] 4.862231769696555
[-2.98766979e+00  2.44690771e-01 -8.92517793e-02  4.25274039e+00
  2.96970959e+02] 4.26070889859063
[-2.98171364e+00 -6.65212369e-02  6.17200603e-04  4.21926634e+00
  2.98870667e+02] 4.219790740153715
[-3.08496077e+00 -1.07349735e-01 -2.61513997e-01  4.35787020e+00
  2.98752503e+02] 4.367029447320076
[-3.11899856e+00  1.87328702e-01 -3.31326221e-02  4.64412910e+00
  2.99688364e+02] 4.648023761594444
[-2.96785400e+00  1.97280703e-01 -8.71649376e-02  4.41641041e+00
  3.00157353e+02] 4.421673696983202
[-3.01164974e+00 -7.03875195e-02  2.33906126e-01  4.50410404e+00
  2.98650960e+02] 4.5107227416664255
[-3.07348352e+00 -9.83219921e-02  1.00906931e-01  4.56293768e+00
  3.00132957e+02] 4.565112235825846
[-2.99744260e+00  1.75497085e-01 -1.24947636e-01  4.33290810e+00
  2.98050096e+02] 4.338260452042219
[-2.99396661e+00  6.01057486e-02 -3.95878325e-02  4.58297030e+00
  3.02068846e+02] 4.583535392671006
[-3.01123159e+00  1.56159210e-01 -1.16117414e-05  4.26061652e+00
  2.99162247e+02] 4.26347731585072
[-3.00976064e+00  1.16251833e-01  1.82067987e-02  4.64924025e+00
  3.01215278e+02] 4.650729069521539
[-3.02609670e+00  2.03404983e-01 -2.28724102e-01  4.58005859e+00
  3.00257279e+02] 4.590275045881023
[-3.12646276e+00  1.10701600e-01  2.88172451e-01  4.49345125e+00
  2.98766036e+02] 4.5040428869988025
[-3.07867958e+00  7.44666582e-03 -3.19202372e-02  4.48144120e+00
  2.97884770e+02] 4.481561070037687
[-3.06520790e+00 -1.14748204e-01  2.03848703e-01  4.57486763e+00
  3.00565087e+02] 4.5808443880806236
[-3.01411562e+00 -3.90222453e-03 -1.45553338e-01  4.56124539e+00
  2.99396398e+02] 4.563568839626325
[-3.02691091e+00  4.32819321e-02  2.18156082e-01  4.36728106e+00
  2.99612401e+02] 4.3729405717799406
[-2.98874042e+00  6.18968599e-03  7.58388000e-03  4.13768465e+00
  2.99190336e+02] 4.137696225074079
[-3.03707022e+00 -8.72840675e-02 -2.73472571e-01  4.89289086e+00
  3.02020994e+02] 4.901304597762726
[-3.02751490e+00 -2.29756837e-01 -9.74447917e-02  4.17955967e+00
  2.98466859e+02] 4.187004026047988
[-2.98053357e+00 -1.26219419e-01 -3.44600468e-01  4.36727898e+00
  3.01022581e+02] 4.382671159911086
[ -3.04022129   0.3312636    0.38126864   4.72160582 300.68167541] 4.748543232295697
[-3.01184109e+00  8.46053212e-02 -1.45718378e-02  4.77910819e+00
  2.99693483e+02] 4.779879237033043
[-3.13387301e+00  1.07801359e-01  9.72759724e-02  4.45385857e+00
  2.98571475e+02] 4.4562248461187375
[-3.04476620e+00 -6.12048698e-02  2.63201483e-02  4.42750728e+00
  2.99845350e+02] 4.428008524180343
[-2.96542892e+00  1.07892541e-01  9.86145307e-02  4.31972383e+00
  2.98482047e+02] 4.322196150377721
[-3.00543545e+00  1.38795688e-01 -2.03899450e-02  4.51198499e+00
  2.99983341e+02] 4.5141653246807065
[-2.99196620e+00  3.10397884e-02  2.37681238e-01  4.39811229e+00
  2.97813288e+02] 4.404639318638942
[-3.06576585e+00  2.32390588e-01  1.78377136e-01  4.38778980e+00
  3.00130857e+02] 4.397558763546951
[-2.97769613e+00 -5.45700262e-02  2.14856611e-02  4.50162559e+00
  2.99170951e+02] 4.502007608561739
[-3.02489751e+00  6.24488781e-02 -1.11328223e-01  4.17515640e+00
  2.95670014e+02] 4.177107224181986
[-3.03155470e+00 -6.35079045e-02  8.78971071e-02  4.74627242e+00
  3.01248855e+02] 4.747511032901299
[-3.05020178e+00 -2.41887228e-01  8.63898256e-02  4.34355818e+00
  2.98487334e+02] 4.351145860094841
[-3.07955987e+00 -7.12696787e-02 -2.93377229e-01  4.58755577e+00
  3.00328836e+02] 4.59747947706871
[-2.98084015e+00 -2.47292548e-01 -3.39972835e-02  4.51807492e+00
  2.98391178e+02] 4.52496523654897
[-3.06805953e+00  2.03933855e-01 -3.97957203e-02  4.86271344e+00
  3.01619252e+02] 4.8671505770947086
[-3.10393947e+00 -1.02675788e-01  6.76182195e-02  4.31999369e+00
  2.98600465e+02] 4.321742709609953
[-3.08186800e+00 -1.77487967e-01 -2.18334895e-01  4.82245920e+00
  3.02001365e+02] 4.830660907970184
[-3.06814401e+00 -1.27190223e-01 -3.31712778e-02  4.49713056e+00
  2.96983673e+02] 4.499051121955389
[-3.01001918e+00 -1.60882965e-01  1.00673519e-01  4.47157410e+00
  2.97782384e+02] 4.4755997876326035
[-3.06096679e+00 -8.17917682e-02  1.20782106e-01  4.07456558e+00
  2.98095905e+02] 4.077175841949873
[-3.00871391e+00 -1.38580821e-01 -2.00717891e-01  4.34555812e+00
  2.99117770e+02] 4.352397919159795
[-3.02071702e+00  8.16839835e-02 -3.21383351e-01  4.31879283e+00
  2.96961700e+02] 4.331504472983725
[-3.01812815e+00 -2.89644201e-02  1.18264950e-01  4.64657925e+00
  2.99255853e+02] 4.64817429261409
[-3.09052997e+00 -1.60323263e-01 -1.15880215e-01  4.53486591e+00
  2.99511995e+02] 4.539178406614942
[-3.06796741e+00 -3.36700480e-01  9.72955202e-04  4.38321200e+00
  2.98054577e+02] 4.39612506967563
[-3.02339881e+00  2.84659118e-02  1.58818726e-01  4.79678346e+00
  3.00262189e+02] 4.799496351416572
[-3.03467798e+00 -1.05179111e-01 -1.04380351e-01  4.39692128e+00
  3.00408202e+02] 4.399417535742248
[-3.04862503e+00 -2.03191046e-01  3.56248151e-02  4.45924755e+00
  2.99081186e+02] 4.464016621886464
[-3.06650251e+00 -3.60572435e-01  2.16832630e-01  4.72802810e+00
  2.98934078e+02] 4.74671239587217
[-2.98491424e+00 -7.69505645e-02  7.17997099e-02  4.43197299e+00
  2.97941258e+02] 4.433222438122129
[-2.94243781e+00  2.29632784e-01  5.77389783e-02  4.25467245e+00
  2.98489835e+02] 4.261255992955919
[-2.99503765e+00  1.55361025e-01  8.11149872e-02  4.60293313e+00
  2.98946191e+02] 4.606268566233445
[-3.09067347e+00 -2.90125108e-01  2.64271399e-01  4.67037169e+00
  2.98116165e+02] 4.686830880261434
[-2.97039844e+00 -1.31367247e-02  1.90542021e-01  4.51815718e+00
  3.00984964e+02] 4.5221922967624035
[-3.05443702e+00  1.78950256e-01 -6.28206036e-02  4.23955773e+00
  2.99055103e+02] 4.243797754982195
[-3.06825641e+00 -3.47020504e-01  9.57784002e-02  4.53542252e+00
  3.00151545e+02] 4.549687259320172
[-3.02507451e+00  2.55692311e-01  2.63189324e-01  4.41320244e+00
  2.99055195e+02] 4.428431207593987
[-3.08475762e+00 -4.80251094e-02  8.69624843e-02  4.41246089e+00
  2.98705991e+02] 4.413579044780168
[-3.02521854e+00  9.25110265e-02  1.41304383e-01  4.65888973e+00
  3.00803142e+02] 4.6619500953135
[-3.01542944e+00  7.70800771e-02 -1.37299361e-01  4.35540012e+00
  2.98396607e+02] 4.358245363281784
[-3.01665519e+00  5.75061686e-03  5.82881369e-02  4.38617259e+00
  2.99480534e+02] 4.3865636417834954
[-2.98586341e+00 -6.49727258e-02  1.17147436e-01  4.49759630e+00
  2.99555308e+02] 4.499590810626421
[-3.03242083e+00  9.53477852e-02  2.63933151e-01  4.34041835e+00
  2.98364940e+02] 4.349480813545823
[-3.02568924e+00 -2.44673739e-01 -3.74916571e-02  4.08409600e+00
  2.96639946e+02] 4.091590273453113
[-3.14528731e+00  2.77883259e-01 -2.16604399e-01  4.47953913e+00
  2.95326913e+02] 4.4933737250708585
[-2.99798800e+00  1.52555627e-01 -2.44452975e-02  4.25162320e+00
  2.97863102e+02] 4.254429528228493
[-3.05250673e+00  2.60258640e-01  1.21581454e-01  4.58576448e+00
  3.00506618e+02] 4.594752710816701
[-3.04282628e+00  1.50277811e-02  2.23128269e-02  4.43381096e+00
  2.99696634e+02] 4.433892566653661
[-3.03363829e+00  2.10497060e-01  1.18773476e-01  4.41850550e+00
  2.99437722e+02] 4.425110963036351
[-3.06206415e+00 -2.99166399e-02 -5.47665369e-02  4.51322943e+00
  2.97770404e+02] 4.513660852064505
[-3.05960407e+00 -4.82394456e-02 -1.51847366e-01  4.82820250e+00
  3.02295270e+02] 4.83083057395597
[-3.01008198e+00  2.15861566e-01 -2.06742321e-01  4.64760010e+00
  3.00613493e+02] 4.657201446434785
[-3.01056729e+00  2.70682196e-01  2.60397881e-01  4.28083064e+00
  2.98868639e+02] 4.297276685245668
[-3.00322490e+00 -2.69768189e-02  2.94089541e-03  4.51215314e+00
  3.00194446e+02] 4.512234737761853
[-3.04442458e+00 -2.44920601e-01 -3.01442382e-01  4.81766633e+00
  3.00501403e+02] 4.833297267618931
