/mnt/stage/douwei/Simulation/5kt_root/2MeV/5kt_+3.00_2.root
[-3.00024318e+00 -1.89678058e-01  1.56167579e-02  3.28644140e+00
  2.93235377e+02] 3.291947558560152
[-2.94384720e+00  1.68897351e-01 -7.91814127e-02  2.93215797e+00
  2.91927362e+02] 2.9380854989571774
[-3.01518478e+00 -1.03203055e-01  4.28364548e-01  2.87233132e+00
  2.91102890e+02] 2.9059308815252
[-3.04600240e+00  1.84078774e-02 -3.15110497e-01  2.83595134e+00
  2.91215914e+02] 2.853463413437426
[-2.96014175e+00 -4.09654585e-01 -1.58276035e-01  3.09529631e+00
  2.93268221e+02] 3.1262961161403657
[-2.99266012e+00 -3.72314986e-01 -1.03451351e-01  3.23909703e+00
  2.93358149e+02] 3.2620653230090833
[-3.00603952e+00  2.21687584e-01 -1.63018666e-01  3.18455004e+00
  2.93569255e+02] 3.1964166559628246
[-3.04681442e+00 -2.24671063e-01  2.44076558e-01  3.17133307e+00
  2.93976453e+02] 3.188636680354773
[-3.01732817e+00  6.56880254e-02  5.12522390e-02  2.97727156e+00
  2.91067852e+02] 2.9784371150470244
[-3.01666601e+00  1.95186543e-01  4.84842171e-02  2.94884704e+00
  2.90321471e+02] 2.955697442007038
[-3.02577729e+00  2.16381659e-01 -7.08837757e-02  2.78600392e+00
  2.91849300e+02] 2.7952930778528495
[-3.11092189e+00 -1.19794874e-01 -2.33245334e-02  2.83087601e+00
  2.91140884e+02] 2.8335055761551513
[-2.95259701e+00 -2.39872751e-01 -4.19266171e-02  2.93938602e+00
  2.93772005e+02] 2.9494553670882007
[-3.10581696e+00 -1.00700805e-01 -8.34360801e-02  2.91343581e+00
  2.91169784e+02] 2.9163693984566295
[-3.03722965e+00  1.44063985e-01 -1.05521291e-01  2.86724711e+00
  2.90340366e+02] 2.87280266965718
[-3.08760795e+00  1.77922968e-01  3.13949895e-02  3.41671312e+00
  2.94507510e+02] 3.4214866283922336
[-3.00986117e+00 -1.73150776e-01 -1.73236197e-01  2.94592990e+00
  2.90881764e+02] 2.956094543972903
[-3.00199058e+00 -2.34269854e-01 -1.20089391e-01  2.98217561e+00
  2.92479553e+02] 2.9937727375428924
[-3.02633294e+00  1.72708698e-01  5.22506347e-02  3.26208876e+00
  2.89869656e+02] 3.267075373945049
[-2.89403477e+00 -2.29763654e-02 -1.70219688e-01  3.05805271e+00
  2.95268328e+02] 3.062872675398412
[-3.05774262e+00 -1.35893773e-01  3.85694509e-01  3.42313695e+00
  2.92470819e+02] 3.447476465769041
[-2.99580317e+00  3.95128061e-01 -2.85563383e-02  3.12930560e+00
  2.93371174e+02] 3.154282043889062
[-3.10151825e+00 -1.31415645e-01 -1.66722235e-01  2.84540489e+00
  2.90930154e+02] 2.853313049755211
[-3.09730638e+00  1.14599033e-01 -1.07625336e-01  2.69634093e+00
  2.89923178e+02] 2.7009203190657587
[-2.89824354e+00 -2.43074518e-01  1.80489657e-01  3.05412951e+00
  2.94402793e+02] 3.0690990215306986
[-2.99291150e+00 -9.52359325e-02 -3.06720334e-01  3.25309496e+00
  2.93652677e+02] 3.268910227688236
[-3.03530325e+00 -1.41289875e-01  1.19903732e-02  3.25770577e+00
  2.93135354e+02] 3.2607903150572164
[-2.97895062e+00  2.17852248e-01  9.14202731e-02  3.09764174e+00
  2.92886190e+02] 3.1066383153227273
[-3.04540041e+00 -3.60196925e-02  2.34902827e-01  3.13615601e+00
  2.91382796e+02] 3.145147253540612
[-3.03431786e+00  1.19704797e-01  1.87526368e-01  3.22390077e+00
  2.93674657e+02] 3.2315679728415776
[-2.96490048e+00 -2.46101228e-01  8.30851118e-02  3.45369948e+00
  2.93655776e+02] 3.463453345027335
[ -3.02808526  -0.35086396  -0.36820459   2.98982141 292.42794049] 3.032773017332318
[-3.01189839e+00  1.77443244e-01  4.03719808e-01  3.20929766e+00
  2.94761766e+02] 3.2394547819304336
[-3.01585538e+00  1.22174577e-01 -1.94335556e-01  3.28372906e+00
  2.93552932e+02] 3.291742620469419
[-3.03517404e+00  4.17311150e-02 -2.09572144e-01  3.25107094e+00
  2.92224981e+02] 3.2580859744935635
[-3.02705773e+00 -2.46907939e-01  2.46715846e-02  3.13805854e+00
  2.92458344e+02] 3.1478538099118416
[-3.02898302e+00 -1.66467113e-01 -1.24229175e-02  3.13179739e+00
  2.93103895e+02] 3.1362430593846695
[-2.92780119e+00  6.04122923e-02  1.01424714e-01  2.89079254e+00
  2.93655949e+02] 2.893202057576726
[-3.02846310e+00  8.19738652e-02 -9.08510925e-02  3.39642576e+00
  2.94702753e+02] 3.3986293649672787
[-3.02963116e+00 -7.51818974e-02 -1.24790701e-01  2.67692988e+00
  2.90039604e+02] 2.68089138569335
[-3.01860469e+00  2.18036390e-01 -1.47319985e-01  3.36314228e+00
  2.95157234e+02] 3.3734209705870875
[-3.07296589e+00 -1.54186134e-01  4.08313091e-01  3.01171383e+00
  2.93708410e+02] 3.0431748441571465
[-3.01239557e+00 -1.01785417e-01 -3.88824956e-01  2.93783354e+00
  2.90795749e+02] 2.965199995991793
[-3.02975229e+00 -1.18317591e-01 -5.09207549e-02  3.15808765e+00
  2.91260678e+02] 3.160713465066121
[-3.06080452e+00 -4.00832597e-02 -5.20717349e-02  3.33157834e+00
  2.93098772e+02] 3.3322263419245544
[-2.97946861e+00  1.35596309e-01 -2.40986117e-01  2.96647045e+00
  2.93986905e+02] 2.9793300567880654
[-2.99765494e+00  2.14948298e-01 -9.18690084e-02  3.06269710e+00
  2.91426283e+02] 3.0716048253731865
[-2.99120756e+00 -2.45541550e-01 -3.65394353e-01  3.25520175e+00
  2.94269127e+02] 3.28483517138036
[-3.08807733e+00  1.18633844e-01  4.15979588e-01  3.11208305e+00
  2.90473461e+02] 3.14200157795819
[-3.04387497e+00 -6.50168134e-02  2.56091520e-01  2.49368322e+00
  2.90659387e+02] 2.5076415339311593
[-3.00838742e+00 -1.99134838e-01 -1.24962245e-01  3.26127408e+00
  2.92128032e+02] 3.26973682138455
[-3.01745450e+00  1.87178209e-02 -3.31689635e-02  3.34012178e+00
  2.94012921e+02] 3.3403389075436607
[-2.97912148e+00  5.71576402e-02 -4.13314635e-01  2.86409877e+00
  2.91545143e+02] 2.8943319998892076
[-3.03304842e+00 -1.09204279e-01  2.57245426e-02  3.19010016e+00
  2.91562616e+02] 3.192072422381425
[-3.04588299e+00  3.69140522e-02  1.79605394e-01  3.15463631e+00
  2.92580266e+02] 3.15996060031996
[-3.06681601e+00 -1.08568277e-01 -1.26703017e-01  2.99347565e+00
  2.91415867e+02] 2.9981222751714673
[-2.96099238e+00  4.15073076e-01  1.21075141e-01  3.25695713e+00
  2.92678124e+02] 3.285531102540109
[-3.06216771e+00  5.59177362e-02 -8.96916324e-02  2.83671618e+00
  2.90803448e+02] 2.838684563437446
[-2.99268577e+00  1.13268266e-01 -7.97712232e-02  3.05128692e+00
  2.92450231e+02] 3.054430393079462
[-3.04347704e+00  9.89213993e-02 -1.76575455e-01  3.29432655e+00
  2.91059297e+02] 3.300538100314012
[-3.03812632e+00 -2.90382967e-01  1.85307002e-01  3.32960011e+00
  2.94703269e+02] 3.3473717805522227
[-3.14564869e+00  2.20839619e-01  1.29376919e-01  3.05285020e+00
  2.89917725e+02] 3.063560491018292
[-3.09581165e+00  3.59766450e-03  2.84845965e-01  3.06327773e+00
  2.91200095e+02] 3.076494860137507
[-2.95317173e+00 -2.38276118e-01  1.47649087e-02  2.95860491e+00
  2.93122471e+02] 2.9682211081576004
[-3.03446795e+00 -2.44719483e-01  1.38758668e-01  3.29455345e+00
  2.92930547e+02] 3.306542606053241
[-3.00053862e+00  1.16528538e-01 -3.29033653e-01  2.76550569e+00
  2.89560646e+02] 2.7874475381550448
[-3.01281846e+00 -9.16595609e-05 -2.55722426e-01  2.96861954e+00
  2.90769002e+02] 2.9796133910293814
[-2.99463473e+00 -7.48016893e-02 -6.02126079e-02  2.64998124e+00
  2.90921722e+02] 2.6517204693914
[-2.94890475e+00  4.42209586e-01 -7.38294510e-02  2.78349519e+00
  2.91894495e+02] 2.8193697152951716
[-3.05316812e+00 -1.79022451e-01  3.11814313e-01  3.07341264e+00
  2.93694449e+02] 3.0943727118447195
[-2.93884309e+00  7.30766124e-02 -8.73759049e-02  3.18541075e+00
  2.93128609e+02] 3.1874466827721366
[-3.00019139e+00 -6.61317083e-02 -2.35065461e-01  2.99829334e+00
  2.92417837e+02] 3.008220758740615
[-3.09604209e+00  8.69149427e-02  6.40840799e-02  3.16112542e+00
  2.91581262e+02] 3.1629693171787947
[-2.98302854e+00 -1.12825923e-01  8.34488664e-02  3.02274780e+00
  2.91750766e+02] 3.0260035846633633
[-3.05594599e+00 -2.42498262e-01  1.83166721e-01  3.31229643e+00
  2.93398822e+02] 3.326208512471818
[-3.00594630e+00  2.69993915e-02  1.56296745e-01  3.39234380e+00
  2.93768560e+02] 3.396049781894714
[-2.91187676e+00  5.64528113e-04 -5.27556316e-02  2.91332248e+00
  2.93456810e+02] 2.9138001587608366
[-3.06742459e+00 -1.40992285e-01 -1.92741990e-01  3.08733112e+00
  2.92164209e+02] 3.096553206446021
[-2.96340785e+00 -1.52818069e-01 -1.62218143e-01  3.22090927e+00
  2.93410046e+02] 3.228610325424561
[-3.03793826e+00  1.77482189e-01  6.64127737e-02  2.80908686e+00
  2.93147027e+02] 2.8154714615303487
[-3.08666397e+00 -7.73510402e-02 -2.28918715e-01  3.00754683e+00
  2.92666694e+02] 3.017237958906733
[-3.01561042e+00  3.57398652e-02 -2.09825669e-01  3.13773219e+00
  2.93141444e+02] 3.1449431587071013
[-3.12632419e+00  1.30112012e-01  2.80969539e-02  2.83886122e+00
  2.92021284e+02] 2.8419802279158723
[-3.06629017e+00 -1.05903274e-01  1.26998303e-01  3.35045833e+00
  2.94588608e+02] 3.3545364970969866
[-2.97234868e+00 -1.02253605e-01 -1.52912807e-01  2.95494581e+00
  2.91446889e+02] 2.960665946476309
[-2.98703597e+00  1.50738264e-04  9.88419067e-02  2.86088252e+00
  2.90744671e+02] 2.8625894833251015
[-3.04076014e+00  1.34426473e-02  9.78085914e-02  3.35573241e+00
  2.90902312e+02] 3.357184421007843
[-3.06341372e+00 -2.44502817e-01 -8.66504963e-02  3.33013501e+00
  2.94024970e+02] 3.3402229141676396
[-3.03591850e+00 -9.76252942e-02  9.28833989e-02  2.73999918e+00
  2.90180450e+02] 2.743310683121043
[-2.94192769e+00  2.33182562e-02 -4.53172605e-02  2.64249796e+00
  2.91348237e+02] 2.6429893774771243
[-2.99712991e+00 -2.25167897e-01  3.20489932e-03  2.97170554e+00
  2.92270281e+02] 2.9802256116103543
[-3.05135787e+00  2.19535668e-01 -5.44715683e-01  3.05527854e+00
  2.93022228e+02] 3.1112116638127034
[-2.99118019e+00 -1.05435846e-01  1.75157002e-01  2.76588969e+00
  2.90744443e+02] 2.7734351434871183
[-3.03829790e+00  2.75003624e-02  2.37293538e-01  2.81851156e+00
  2.91115167e+02] 2.828616609567767
[-2.94769151e+00  1.42757413e-01 -4.74092137e-01  3.09618089e+00
  2.93209278e+02] 3.135518954199694
[-3.07810101e+00 -5.73144591e-02  4.14386487e-01  2.77456510e+00
  2.90359499e+02] 2.805924550131529
[-3.03495109e+00  1.01746696e-01 -1.57283035e-01  3.02634134e+00
  2.92868050e+02] 3.0321332802632672
[-2.92723064e+00 -3.16400356e-02  5.60509574e-02  2.79866922e+00
  2.91346517e+02] 2.7994092599422684
[-3.00475428e+00 -2.28710157e-03 -4.46922334e-01  3.12425048e+00
  2.93048147e+02] 3.1560554278532806
[-2.98122253e+00 -5.59960988e-02  2.61058761e-01  2.95401465e+00
  2.91538708e+02] 2.9660562669382387
[-3.04635710e+00  1.19121763e-01 -1.21269874e-01  3.24290548e+00
  2.90690402e+02] 3.247357748982746
[-2.96874306e+00  9.05276242e-02 -3.38281725e-01  3.30844831e+00
  2.94548505e+02] 3.3269295157789442
[-3.02155271e+00 -5.57899449e-02 -1.93589878e-02  2.88870291e+00
  2.92312728e+02] 2.8893064591774067
[-2.96468563e+00 -1.47526338e-01 -2.16277448e-01  2.75550007e+00
  2.90055714e+02] 2.76790906842141
[-2.99341894e+00 -2.42865022e-01  6.22983856e-03  3.20869816e+00
  2.94989094e+02] 3.217882235705523
[-3.09928916e+00 -1.42093717e-01  3.64980309e-01  3.00451562e+00
  2.92324107e+02] 3.0299365227795065
[-3.02526797e+00  1.56092345e-01 -2.36099160e-01  3.07732850e+00
  2.92996393e+02] 3.090316870060239
[-2.99482934e+00 -2.10585326e-01  1.05944132e-01  3.04241904e+00
  2.92420936e+02] 3.0515379630438897
[-3.00340375e+00  1.73603937e-01  9.91076684e-02  2.80242171e+00
  2.90307609e+02] 2.809542325606098
[-3.02891183e+00 -9.77406012e-03  3.93138057e-02  2.98379686e+00
  2.90817239e+02] 2.9840718486521265
[-3.05360148e+00 -2.54794752e-01 -1.90007843e-01  3.23977086e+00
  2.92266705e+02] 3.2553246478527633
[-3.08051945e+00 -1.85886287e-01 -5.07841442e-02  2.88514706e+00
  2.91566892e+02] 2.8915750517439722
[-3.03279135e+00  1.98866542e-02  1.67957854e-01  3.38816807e+00
  2.94679614e+02] 3.3923867937227152
[-2.96059673e+00  3.91181100e-02 -9.48608556e-02  3.33594446e+00
  2.94685164e+02] 3.3375221697256268
[-3.02650312e+00 -1.15695030e-02  1.05836923e-01  2.81878741e+00
  2.92297007e+02] 2.82079735948931
[-3.05099878e+00 -1.10563940e-01  1.99940108e-01  3.09173353e+00
  2.92328113e+02] 3.1001639719479495
[-2.99061588e+00  9.55498572e-02 -2.62353765e-02  2.98358494e+00
  2.93333110e+02] 2.9852298333104783
[-2.98407028e+00  4.13205802e-01  2.32892627e-01  3.23283768e+00
  2.94518891e+02] 3.2674481615683044
[-2.98372514e+00  2.64612838e-02 -1.42651867e-02  2.82472820e+00
  2.90724412e+02] 2.8248881610575345
[-2.97014488e+00 -9.79943821e-02 -1.24754223e-01  2.88157924e+00
  2.94192896e+02] 2.8859427309330306
[-3.02322091e+00 -1.79251742e-01 -1.37970670e-01  2.77674579e+00
  2.92131241e+02] 2.7859440518637424
[-3.02781028e+00  1.33563968e-01 -1.39324317e-02  3.37679018e+00
  2.93015706e+02] 3.379459331560055
[-3.01532402e+00  2.17564695e-02  2.36123159e-01  3.05314953e+00
  2.91801463e+02] 3.062343797888984
[-2.99917650e+00 -5.93683638e-02  3.30133103e-02  3.25858663e+00
  2.93022721e+02] 3.2592946048547433
[-3.05230548e+00  1.88996567e-01 -3.27306160e-02  2.90214137e+00
  2.91252146e+02] 2.908473060440267
[-2.98743127e+00  3.79305670e-03  1.37793227e-02  3.36826116e+00
  2.94905104e+02] 3.3682914812448352
[-2.93829903e+00  8.15953664e-02  1.33102474e-01  3.16688001e+00
  2.92216177e+02] 3.170725954543622
[-2.97397043e+00  2.36389015e-01 -2.27674872e-01  2.84807379e+00
  2.91644226e+02] 2.866921678251797
[-3.14305086e+00 -6.13664667e-02 -9.09450268e-02  2.79570188e+00
  2.91385785e+02] 2.7978537916883366
[-3.01429231e+00  1.73295299e-01  1.30237893e-01  2.94496332e+00
  2.92575449e+02] 2.952931110807544
[-3.04629891e+00  1.93227407e-01  5.68914878e-02  2.93737196e+00
  2.93396009e+02] 2.9442702800984666
[-3.06990835e+00  7.46334849e-02  1.36296633e-01  2.93675913e+00
  2.91306682e+02] 2.940867410241483
[-3.06070118e+00  7.76931417e-02  1.46519513e-01  3.02792784e+00
  2.90926753e+02] 3.032466185994731
[-2.96404695e+00  8.74591841e-02 -3.33458800e-03  2.89720606e+00
  2.92437941e+02] 2.8985277607575943
[-2.98263163e+00 -3.68101893e-01 -6.91059361e-02  2.91458790e+00
  2.91944755e+02] 2.9385535979091775
[-3.05003199e+00  6.56766921e-02  2.95585911e-02  3.14296597e+00
  2.92100082e+02] 3.143791062655145
[-2.97048854e+00 -2.39227689e-01  4.83839162e-02  2.64947523e+00
  2.91611118e+02] 2.660693497610126
[-3.05269628e+00 -1.25362349e-01 -6.43991725e-02  3.07565567e+00
  2.93062864e+02] 3.07888304388192
[-3.00346939e+00 -1.13871616e-01 -1.02029404e-01  3.03912476e+00
  2.93789610e+02] 3.042968298877773
[-3.03365031e+00  8.33563174e-03  1.27141451e-01  3.41524483e+00
  2.93744009e+02] 3.4176207624052575
[-3.02230902e+00 -4.79690218e-03  1.01573814e-01  3.21138306e+00
  2.93559446e+02] 3.2129925980251812
[-3.07285699e+00  4.06803889e-02  2.02177506e-01  3.11144137e+00
  2.91752191e+02] 3.118268439987632
[-2.96569393e+00  2.15399807e-02 -2.47605165e-01  2.94494115e+00
  2.91770162e+02] 2.955410400669065
[-3.06753393e+00 -2.48537075e-01 -9.82202807e-02  2.84630386e+00
  2.88882952e+02] 2.858822058249878
[-3.16815315e+00  2.19968214e-01  5.40402419e-02  3.02396305e+00
  2.90317302e+02] 3.0324344868043602
[-3.01614413e+00 -1.39655015e-01 -1.06674220e-01  2.93286686e+00
  2.92623689e+02] 2.938127108069258
[-3.00979704e+00 -1.15107336e-01  3.27673865e-01  3.15513141e+00
  2.92723933e+02] 3.1741887258706845
[-3.05306794e+00 -2.89982261e-01  5.93496407e-02  2.99887323e+00
  2.90779690e+02] 3.013445324733283
[-3.04000399e+00 -1.22157839e-01 -1.47673270e-01  2.96267599e+00
  2.91939405e+02] 2.9688682978688794
[-3.08099756e+00 -2.51566782e-02  2.72399369e-01  2.97711226e+00
  2.90572432e+02] 2.9896541084639474
[-2.99927231e+00 -1.53723074e-02 -5.01619167e-02  2.97677347e+00
  2.91171261e+02] 2.9772357699433485
[-2.96668530e+00  6.19461308e-02 -3.85486012e-01  3.03520233e+00
  2.92018212e+02] 3.060210767786181
[-3.05708217e+00  2.09079611e-01  2.80090065e-01  3.12575061e+00
  2.91301459e+02] 3.145231561711528
[-3.00515374e+00  1.07687574e-01 -1.36900218e-01  2.94418128e+00
  2.91187493e+02] 2.9493290275316597
[-3.10273728e+00 -2.83219533e-02 -2.60667840e-02  2.89574029e+00
  2.89076767e+02] 2.8959961088973882
[-3.00279918e+00  3.52772104e-02 -1.98336734e-02  2.86863749e+00
  2.92488168e+02] 2.8689229523231945
[-3.00169098e+00 -1.80649217e-01 -1.56572082e-01  2.97448560e+00
  2.92455596e+02] 2.984076661974048
[-2.96008838e+00 -4.02983675e-01 -6.32935664e-02  2.88266816e+00
  2.91016028e+02] 2.9113875755214975
[-3.06204248e+00 -1.49633604e-02 -9.84933631e-02  3.15029899e+00
  2.91274273e+02] 3.151873822405928
[-3.03149357e+00  1.29027164e-02 -9.30776306e-02  2.74947388e+00
  2.90861676e+02] 2.7510791554333687
[-2.99228954e+00  2.48765930e-01 -2.90028537e-02  3.17289304e+00
  2.92940302e+02] 3.1827623053888456
[-2.97057678e+00 -2.25504018e-02 -1.22623322e-02  2.90065057e+00
  2.89857388e+02] 2.9007641454826185
[-2.91973950e+00 -2.75940628e-01 -5.97263140e-02  3.15980457e+00
  2.93203595e+02] 3.172392695121804
[-3.01306501e+00 -1.97316699e-01  4.39513385e-02  3.05566952e+00
  2.90975407e+02] 3.0623490726820624
[-2.97298618e+00  9.51609082e-03 -1.99788501e-01  3.11787338e+00
  2.91863054e+02] 3.1242823801358943
[-2.98812433e+00  5.87421843e-02  2.14686645e-02  3.04872135e+00
  2.91737199e+02] 3.0493627870127775
[-3.00475477e+00 -2.73698011e-01  1.83192366e-01  2.83867317e+00
  2.92687509e+02] 2.857715066700181
[-3.05092484e+00 -2.70475208e-01 -6.46175517e-02  2.84826082e+00
  2.91270721e+02] 2.861803966015798
[-3.06876662e+00 -1.59209588e-02  2.26183783e-01  3.05453109e+00
  2.93089496e+02] 3.06293532019313
[-2.97170495e+00 -4.16607530e-01  1.87466247e-01  3.11988917e+00
  2.92955701e+02] 3.153159350008189
[-3.02863965e+00  2.33306133e-01 -7.81501244e-02  2.88565056e+00
  2.89739389e+02] 2.8961212622781765
[-3.01978418e+00  1.40761174e-01  1.83390752e-01  3.12493123e+00
  2.92312471e+02] 3.133471091838743
[-3.02289017e+00  2.86032695e-01 -1.02134209e-01  2.91957788e+00
  2.91583282e+02] 2.9353332187442933
[-3.03155672e+00 -5.71146281e-02  1.03486905e-01  3.42040802e+00
  2.93413687e+02] 3.422449805615883
[-2.99012901e+00 -4.47918395e-01  7.82996196e-02  2.85717150e+00
  2.90402514e+02] 2.8931281810020453
[-3.01144609e+00  2.75247662e-01 -1.52699013e-01  3.27909996e+00
  2.93526648e+02] 3.2941728588811325
[-2.90326201e+00 -1.76851752e-01  3.61668272e-03  2.96211701e+00
  2.92890255e+02] 2.9673939387869943
[-3.02964521e+00 -5.70942840e-02 -7.46463032e-02  3.00695739e+00
  2.91947324e+02] 3.008425599166649
[-3.08673223e+00 -2.13146499e-01  5.58368116e-02  2.92940021e+00
  2.89309866e+02] 2.9376750656308808
[-3.04935050e+00  6.90216348e-02 -1.04568025e-01  3.11970318e+00
  2.92509201e+02] 3.1222181883495934
[-2.95777332e+00 -2.97158006e-01  1.15262017e-01  2.88804779e+00
  2.90443396e+02] 2.9055822524922625
[-3.05600078e+00  2.47805004e-01 -8.02910406e-02  2.94225486e+00
  2.91811639e+02] 2.953763302342522
[-3.10040321e+00  1.64577432e-01  2.66331425e-01  2.88365481e+00
  2.90093143e+02] 2.9006004940578447
[-3.01763088e+00 -2.57824782e-01  2.16509045e-01  2.89170627e+00
  2.91452807e+02] 2.911239419118802
[-3.06531429e+00  7.78300775e-03  2.70147303e-01  3.01567173e+00
  2.92557796e+02] 3.0277576090393
[-3.06769582e+00  9.30142798e-02 -3.28508769e-02  3.10343874e+00
  2.90499551e+02] 3.1050060927241203
[-3.10409445e+00  5.77450225e-02 -3.24543603e-02  2.94182885e+00
  2.92300373e+02] 2.9425745136211323
[-3.13625190e+00  1.96863818e-01 -2.30051104e-01  3.07632823e+00
  2.91382494e+02] 3.091193017624503
[-3.04690782e+00  6.56004270e-02  8.08837263e-05  3.11785542e+00
  2.93770769e+02] 3.1185454726308155
[-3.01497272e+00 -1.19179531e-01  6.35957644e-02  3.04822146e+00
  2.91832923e+02] 3.0512132395263554
[-3.04943311e+00  7.26648678e-02  2.67854163e-01  2.87713414e+00
  2.90545307e+02] 2.890489037184044
[-2.97686512e+00 -6.31859689e-01  1.59190370e-01  3.04040517e+00
  2.93074973e+02] 3.109445584448882
[-2.95443007e+00  2.00734020e-01 -1.70732231e-01  2.99822134e+00
  2.92435969e+02] 3.009779865624133
[-3.04728133e+00  1.52471902e-01 -1.49389849e-01  2.96991754e+00
  2.92440409e+02] 2.9775787508059635
[-3.00718926e+00 -1.01161535e-02 -2.78053330e-01  2.92919831e+00
  2.91342704e+02] 2.942383171835531
[-3.06455494e+00 -2.41017741e-02 -1.20591584e-01  3.07820968e+00
  2.93295009e+02] 3.0806652014079905
[-3.04601084e+00  4.20862542e-01 -1.09812201e-01  2.98085767e+00
  2.92389164e+02] 3.0124236863127165
[-3.16003801e+00 -2.87061519e-02  3.40146260e-01  3.00482103e+00
  2.90643776e+02] 3.0241483029680256
[-3.05282546e+00  4.19487618e-02 -2.97061071e-01  3.42701686e+00
  2.93414240e+02] 3.4401234750767067
[-2.99877959e+00  1.27607100e-01 -1.06575738e-01  2.63318201e+00
  2.90986967e+02] 2.6384255615387224
[-3.01768684e+00  1.35800513e-01 -1.79397626e-01  2.82507973e+00
  2.90296974e+02] 2.834025543838809
[-3.04782339e+00  8.99635485e-02  2.74877182e-01  3.20824389e+00
  2.92636010e+02] 3.221254380427206
[-3.04329279e+00 -3.49630925e-02  9.21016212e-02  3.29400507e+00
  2.93199446e+02] 3.2954778881412667
[-2.99534444e+00 -3.82239211e-02  1.67874550e-01  3.06349955e+00
  2.92767854e+02] 3.068333823021821
[-3.00357008e+00 -4.48302968e-02 -7.53162877e-02  2.97107914e+00
  2.92253790e+02] 2.972371702099631
[-3.08221905e+00  8.92489864e-02  2.52213830e-01  3.01925429e+00
  2.92007858e+02] 3.0310845648238485
[-3.07541646e+00  2.65106715e-01  9.61715758e-02  3.10960527e+00
  2.91983169e+02] 3.1223669666295617
[-2.99508866e+00  1.98525456e-01 -4.10431389e-02  2.90507032e+00
  2.93229292e+02] 2.912135032368373
[-3.05523234e+00  3.66656489e-01  8.84875404e-02  3.21117560e+00
  2.92984602e+02] 3.2332515740387655
[-3.09230103e+00  6.07231542e-02 -2.32251464e-01  3.11215016e+00
  2.92912241e+02] 3.1213949840781616
[-3.02410697e+00  1.68426226e-02 -9.73017226e-02  3.33475634e+00
  2.93809423e+02] 3.3362180943498756
[-2.96795212e+00  1.55939923e-01  1.11869794e-01  3.02480119e+00
  2.92246160e+02] 3.0308834227968124
[-3.04971318e+00 -6.51920613e-02 -2.34146801e-01  3.26981482e+00
  2.92813517e+02] 3.2788357207011316
[-2.93926181e+00  1.73789766e-01 -3.24181056e-01  3.11313305e+00
  2.93437675e+02] 3.1347876535760717
[-3.04871241e+00  1.09349844e-01  1.61772439e-02  2.94420052e+00
  2.92665955e+02] 2.9462749050998007
[-3.00211681e+00  9.79266056e-02  3.99466358e-01  3.32189081e+00
  2.93903900e+02] 3.347255822784235
[-3.01308926e+00  1.86728085e-01 -5.35650920e-02  3.05734380e+00
  2.92680963e+02] 3.0635090484065013
[-2.98036705e+00 -1.55521511e-01 -3.50056594e-02  3.28325820e+00
  2.93565132e+02] 3.2871259097664387
[-3.02552723e+00  7.71030731e-02 -2.86178042e-01  3.15733713e+00
  2.92028634e+02] 3.171217508732901
[-2.96180926e+00  3.38911155e-01  1.64021588e-01  2.87183347e+00
  2.91382342e+02] 2.8964100757165143
[-3.05794985e+00  2.67750893e-01  2.60264780e-01  2.83341832e+00
  2.89195834e+02] 2.857916663216615
[-3.02446661e+00  2.27764275e-03  1.38016555e-01  2.82773825e+00
  2.92551476e+02] 2.831105327001987
[-2.96111692e+00  9.88747488e-02  2.56922734e-01  3.14459874e+00
  2.95403693e+02] 3.1566258476376206
[-2.97786941e+00 -2.04762196e-01 -1.83016346e-01  3.05941278e+00
  2.93611870e+02] 3.071714354356291
[-2.93745719e+00 -2.38114639e-01  2.55098039e-01  3.05680335e+00
  2.93475539e+02] 3.076657327754366
[-3.05576087e+00 -1.15692553e-01 -1.01510664e-01  3.31698980e+00
  2.91959440e+02] 3.320558767248884
[-3.06084088e+00 -1.14836123e-01 -2.73542497e-02  3.40004504e+00
  2.93403968e+02] 3.4020937500301014
[-3.00475643e+00  1.14801680e-01  4.04553070e-02  3.15361733e+00
  2.91403635e+02] 3.1559655140635656
[-3.01958257e+00  4.32034201e-01  1.09322477e-01  2.78427401e+00
  2.89463047e+02] 2.819713942702836
[-2.96857585e+00 -2.98339799e-01 -2.52549124e-01  3.23273384e+00
  2.92639722e+02] 3.25627943732173
[-3.05711648e+00  4.37337056e-01 -2.11021723e-02  3.18893066e+00
  2.93097491e+02] 3.218848822115029
[-3.06208585e+00 -7.22866976e-02 -2.45406223e-01  3.14326314e+00
  2.93500191e+02] 3.1536570454356228
[-2.97692815e+00  3.21506789e-01 -3.23215777e-02  3.02417157e+00
  2.93657942e+02] 3.0413853699117026
[-2.87151967e+00 -3.13156216e-01  7.81186695e-02  2.81946891e+00
  2.91982240e+02] 2.837882002054955
[-3.06786133e+00 -9.55855340e-02  1.24494185e-01  2.86672201e+00
  2.91214933e+02] 2.8710155803137707
[-2.99584654e+00  2.76482329e-01 -1.73072997e-01  3.27620426e+00
  2.93117703e+02] 3.2924020220981665
[-3.03646524e+00 -2.24376607e-01  1.06096095e-01  3.07122419e+00
  2.91463803e+02] 3.081236649766929
[-3.00052718e+00 -4.34750606e-01 -1.00048693e-01  3.13116942e+00
  2.93212728e+02] 3.16278986999535
[-2.93168712e+00  9.95660089e-02  1.14495977e-01  3.34571756e+00
  2.96574482e+02] 3.349156416588066
[-3.03625699e+00  1.09064018e-01 -1.44072197e-01  2.99325573e+00
  2.90864686e+02] 2.9987049876813123
[-3.09990871e+00 -2.08281288e-01  1.65297077e-01  3.11872313e+00
  2.89152136e+02] 3.130038047313148
[-3.03267519e+00  7.19327513e-02 -1.11753920e-01  3.10466740e+00
  2.93457022e+02] 3.1075107251280825
[-3.09024044e+00 -2.18473877e-01  8.35367103e-02  3.12347045e+00
  2.91388739e+02] 3.1322159687209576
[-3.09158639e+00 -4.29434994e-01  1.94357757e-01  3.29144685e+00
  2.94527338e+02] 3.3250280794871894
[-2.89937360e+00 -1.28448209e-01  3.70274458e-02  3.16661703e+00
  2.95423222e+02] 3.16943739351234
[-3.00264327e+00  2.08965855e-01 -8.07935887e-02  2.85374478e+00
  2.92629276e+02] 2.862525741065623
[-3.00036423e+00  2.98053398e-03 -3.71543640e-01  2.83668774e+00
  2.91730353e+02] 2.860917845440986
[ -2.93905512  -0.36383974   0.42419638   2.79202533 292.53415864] 2.847407134407426
[-3.07026140e+00  2.03666879e-01  2.81096856e-01  2.93323474e+00
  2.90682380e+02] 2.9537030437530394
[-2.96390166e+00  2.20219651e-01  1.34145419e-01  2.95602918e+00
  2.92008947e+02] 2.9672546538139
[-3.02908165e+00 -1.70555405e-01  1.11640637e-01  3.34352330e+00
  2.93419001e+02] 3.3497314580115587
[-2.97719949e+00 -3.86964336e-02 -1.98790329e-01  3.37980290e+00
  2.94338311e+02] 3.385865123367633
[-2.94291568e+00 -1.19240081e-01  9.67631257e-02  2.90367144e+00
  2.91151253e+02] 2.907729208848027
[-3.13304667e+00 -9.46331364e-02 -4.66782443e-01  3.19589847e+00
  2.92358528e+02] 3.231193012977461
[-3.01764180e+00 -1.74227814e-01  9.25537783e-02  2.98280109e+00
  2.92680262e+02] 2.9893182955166466
[-3.10285130e+00 -2.20318351e-01 -2.55501938e-01  3.28035327e+00
  2.92032185e+02] 3.2976565889548017
[-3.11831038e+00 -8.86923645e-02  1.11382631e-01  2.91199475e+00
  2.91007122e+02] 2.9154735216395387
[-3.06616218e+00  2.67250288e-01  1.08310887e-01  3.04188613e+00
  2.92334158e+02] 3.0555237201337238
[-3.04731730e+00  1.80279134e-01  2.60327761e-01  2.96184151e+00
  2.89656820e+02] 2.978720570649342
[-3.01120980e+00  9.42753143e-02  1.51314511e-01  2.84082195e+00
  2.91404855e+02] 2.8464105928793066
[-3.00300457e+00 -1.47954987e-01  1.51206217e-02  2.94795784e+00
  2.91587594e+02] 2.9517070916302712
[-2.91648754e+00  2.28093119e-01  2.06985343e-02  3.05950712e+00
  2.91961248e+02] 3.068067589575541
[-3.03046205e+00  1.65192171e-01  4.17424769e-02  3.17740419e+00
  2.91602092e+02] 3.1819692433489903
[-3.06731082e+00 -6.87655124e-02 -1.06636970e-01  2.93156805e+00
  2.90128510e+02] 2.9343127608830253
[-3.05530027e+00 -1.78686828e-01  8.06773172e-02  3.08124375e+00
  2.92419212e+02] 3.0874748323296375
[-3.04021331e+00 -1.33830229e-01  4.77393290e-02  3.19720206e+00
  2.91671013e+02] 3.2003578800591237
[-3.00997865e+00 -2.42419471e-01  7.32639499e-02  3.17063390e+00
  2.92683947e+02] 3.180731700367978
[-3.11125905e+00  9.89484453e-02 -3.21503886e-01  3.15891520e+00
  2.90207897e+02] 3.176775221454852
[-3.00122103e+00  1.06993276e-01 -2.89437723e-01  3.02608092e+00
  2.93329555e+02] 3.041773744490588
[-2.95520316e+00  1.81184677e-01  3.43970368e-01  3.27933901e+00
  2.94763762e+02] 3.302303410078939
[-3.04136637e+00  2.42700024e-02 -9.83264238e-02  3.01228268e+00
  2.92313164e+02] 3.013984748850282
[-3.03465964e+00 -1.45401860e-01 -1.38715836e-01  3.16419565e+00
  2.92070270e+02] 3.170570598319218
[-3.08484980e+00 -2.53544410e-02  1.29377803e-01  2.86969241e+00
  2.90730046e+02] 2.8727192696812787
[-3.03334486e+00  1.30066246e-01  8.45805817e-02  2.81356319e+00
  2.92856896e+02] 2.8178376292608704
[-3.02189106e+00  1.24522015e-01 -1.63421440e-01  3.33173740e+00
  2.92438593e+02] 3.3380662638704917
[-2.99497814e+00  9.17744613e-02 -1.72762148e-01  3.19196063e+00
  2.92667373e+02] 3.197949650846316
[-3.06922178e+00  6.67176766e-02 -3.19525348e-01  2.98108578e+00
  2.91474721e+02] 2.998903152695165
[-2.99091284e+00  5.79049243e-02  8.04121383e-02  3.06666667e+00
  2.94333547e+02] 3.0682671906116217
[-2.98726435e+00 -2.57838295e-01 -4.06099441e-02  3.00974378e+00
  2.92108614e+02] 3.0210407725186648
[-3.03984479e+00  1.17137134e-01  3.31720098e-01  3.09560542e+00
  2.91864765e+02] 3.1155308101298864
[-3.02465404e+00 -7.02053871e-02 -1.44428636e-01  2.91251054e+00
  2.92374114e+02] 2.9169343590380827
[-3.03760663e+00 -8.70666159e-02 -2.83055678e-01  3.17683964e+00
  2.93069604e+02] 3.190612985587887
[-3.08520298e+00  2.42342701e-01  1.49485236e-01  3.03605542e+00
  2.90443769e+02] 3.0493783548906648
[-3.01129869e+00  1.68149688e-01 -1.28463095e-01  3.07132564e+00
  2.91752421e+02] 3.0786065515802714
[-3.02446112e+00  2.45367533e-01  6.67410846e-02  2.89962256e+00
  2.93137560e+02] 2.91075086570463
[-3.14410286e+00 -3.44709984e-01  1.53036790e-02  3.07734716e+00
  2.90657158e+02] 3.096631184930051
[-3.08004212e+00 -1.63156590e-02  2.09905623e-01  3.03142741e+00
  2.92274414e+02] 3.038729786646599
[-3.07433643e+00  2.20381106e-01  1.72987029e-01  2.99636693e+00
  2.91483761e+02] 3.009436344751147
[-2.95302783e+00 -4.98097332e-02 -1.98949367e-01  2.95589150e+00
  2.92480505e+02] 2.962997872126424
[-3.05157116e+00  4.63517316e-02 -1.07026636e-01  2.88133194e+00
  2.91137560e+02] 2.883691542650983
[-3.13323962e+00 -4.32720620e-02 -1.00202606e-01  3.60086035e+00
  2.92000625e+02] 3.6025141661213613
[-3.03851460e+00 -4.30789161e-02 -5.23908023e-02  3.14652259e+00
  2.92724600e+02] 3.1472535650653017
[-3.02344318e+00  1.27509112e-01  1.70434816e-01  3.24091173e+00
  2.94259009e+02] 3.2478940024414387
[-2.95869394e+00 -9.23273390e-02  1.72850526e-01  2.93089615e+00
  2.91474436e+02] 2.9374400212897283
[-3.13282974e+00  1.23279053e-01 -1.15671364e-01  2.60408007e+00
  2.87651727e+02] 2.6095613841060104
[-3.03954529e+00 -5.24066298e-02  8.90750921e-02  3.31923189e+00
  2.93199422e+02] 3.320840434054179
[-2.99766576e+00  1.07414608e-01 -9.14354357e-03  3.21076594e+00
  2.91595070e+02] 3.212575200164483
[-3.03343866e+00 -1.03018422e-01  2.91106618e-01  3.18990920e+00
  2.93927996e+02] 3.2048208268452902
[-3.04280876e+00  5.23469193e-02 -4.07964251e-03  2.98391659e+00
  2.92493758e+02] 2.984378507864824
[-3.02882117e+00  1.44709885e-01  8.39471156e-02  3.05276115e+00
  2.92494731e+02] 3.057341768160697
[-2.93431861e+00  7.24472522e-02 -4.07677145e-02  3.36619298e+00
  2.94037998e+02] 3.3672192973346444
[-3.04547061e+00 -4.67993748e-02 -9.10307017e-02  3.21824471e+00
  2.93248511e+02] 3.2198720174085835
[-2.98489385e+00 -4.15589762e-02 -2.62266603e-01  3.07570557e+00
  2.91735735e+02] 3.087146848295174
[-3.03864668e+00  1.80673999e-01 -1.28946935e-01  2.83219923e+00
  2.91883227e+02] 2.8408841681423853
[-2.96779099e+00 -2.44346944e-02  1.42806052e-03  2.87894746e+00
  2.91004386e+02] 2.879051502152541
[-2.97766437e+00  2.82737047e-01  1.36587518e-02  2.90639728e+00
  2.92890753e+02] 2.920149306261129
[-2.94062850e+00 -2.61778281e-01  1.81161141e-01  2.95578530e+00
  2.92514283e+02] 2.9728797404159852
[-2.99113782e+00  1.49595321e-01 -9.44189931e-02  2.50999553e+00
  2.89913232e+02] 2.516221627061841
[-2.97456909e+00  1.96678717e-02  8.61741389e-03  2.88722640e+00
  2.91519089e+02] 2.8873062486557917
[-2.97016051e+00  5.19109566e-02 -4.39242966e-02  2.56277231e+00
  2.91252826e+02] 2.56367431645887
[-3.00373919e+00  5.39093322e-03  9.09329784e-02  2.97617098e+00
  2.91676919e+02] 2.9775647064096273
[-2.92371512e+00 -2.69672980e-02  1.11488966e-01  2.96412416e+00
  2.91415649e+02] 2.966342707341065
[-2.97115937e+00  3.19634850e-01  1.39947021e-01  2.97219992e+00
  2.92481761e+02] 2.9926115633400947
[-3.05433501e+00 -1.31254319e-01  1.28161842e-01  2.97206068e+00
  2.88125852e+02] 2.9777168803948815
[-3.08509878e+00 -2.19311751e-01 -2.10044484e-01  3.26084485e+00
  2.92547348e+02] 3.2749542730720225
[-3.07320081e+00 -1.16957627e-01  3.98856780e-02  3.27578500e+00
  2.93006647e+02] 3.278114903815091
[-3.02219979e+00  4.26997974e-02 -1.56245055e-01  2.90738831e+00
  2.90952637e+02] 2.911896726643129
[-2.95757398e+00 -3.05877232e-02 -4.31612118e-01  2.94021095e+00
  2.91093516e+02] 2.9718790452235604
[-3.04247768e+00  2.74985010e-02 -3.04195370e-01  2.61996251e+00
  2.89305279e+02] 2.6377062998042695
[-3.00889772e+00  3.94730275e-02  1.04845431e-01  2.84197040e+00
  2.91222353e+02] 2.8441776344434695
[-2.96112377e+00 -1.23977711e-01 -1.56825293e-01  2.62839763e+00
  2.92535232e+02] 2.635989135645564
[-3.02728926e+00  5.45839666e-01  3.59801515e-02  3.03090458e+00
  2.92569623e+02] 3.079873065958445
[-2.98045714e+00 -2.98942248e-01  9.99037355e-02  3.13942934e+00
  2.93327964e+02] 3.155212165699967
[-3.09641452e+00 -4.90115574e-02 -9.98172862e-02  3.24862624e+00
  2.93313510e+02] 3.2505288933783256
[-2.99058273e+00  8.94436237e-02 -4.03951440e-01  3.30625374e+00
  2.90504818e+02] 3.332040026751917
[-2.95884813e+00  2.88321918e-01 -1.76950776e-01  2.92301350e+00
  2.92171311e+02] 2.9425242566725545
[-2.96957930e+00 -1.96125809e-01 -1.47980908e-01  2.85508540e+00
  2.91039150e+02] 2.8656371570238774
[-3.00395965e+00 -8.88055764e-02 -1.57991788e-01  3.05375081e+00
  2.93345941e+02] 3.0591243600359195
[-3.02786582e+00  1.57477107e-02  1.63403074e-03  2.94795025e+00
  2.90522839e+02] 2.9479927641028003
[-2.99685647e+00  9.13873057e-02  3.60028434e-01  2.87117546e+00
  2.90505420e+02] 2.8951028695937895
[-2.95822566e+00 -1.18869011e-01 -1.04649330e-01  3.32662959e+00
  2.95665973e+02] 3.330397236873486
[-3.06658887e+00 -1.82214777e-01 -1.95150605e-01  2.97875170e+00
  2.92303141e+02] 2.9906935111394173
[-3.08364780e+00  3.32872358e-01  7.63981436e-02  3.05846813e+00
  2.92953909e+02] 3.077477532489002
[-3.03883925e+00 -1.24146960e-01 -2.41700398e-01  3.14553694e+00
  2.93142824e+02] 3.1572510531542264
[-3.01129622e+00  1.27683762e-01 -2.44157422e-01  2.75440724e+00
  2.92418467e+02] 2.768153758920044
[-3.02266742e+00 -1.12404957e-01  2.51402232e-01  3.21192997e+00
  2.94301442e+02] 3.2237140224132337
[-2.97525405e+00  2.31474519e-01 -1.53713775e-01  2.82153196e+00
  2.91947031e+02] 2.8351809393834757
[-2.97091727e+00 -8.81139380e-02 -1.44750167e-01  2.98102956e+00
  2.91627593e+02] 2.985842241996687
[-3.05910297e+00 -2.29463663e-01  1.02097126e-01  3.27059384e+00
  2.93005797e+02] 3.280222777462205
[-3.12996592e+00 -5.79846737e-02  6.58080764e-02  3.21250384e+00
  2.92795288e+02] 3.2137009559724183
[-2.99595478e+00  5.63162243e-02  3.07694079e-01  2.84638897e+00
  2.91657686e+02] 2.8635253320923892
[-2.93756068e+00 -6.65143946e-02 -1.73421560e-01  3.07387843e+00
  2.93224364e+02] 3.079484991923327
[-2.99794914e+00  2.52775944e-01 -2.50077689e-01  2.83252109e+00
  2.90819151e+02] 2.854752223647226
[-3.13297490e+00  3.40459171e-02 -2.29644075e-01  2.79602632e+00
  2.90977114e+02] 2.8056476431180415
[-3.01194289e+00 -1.42335717e-01 -1.12910194e-01  3.16637619e+00
  2.93617277e+02] 3.1715841972335004
[-3.08314934e+00  3.29867299e-01  2.65999325e-02  3.19783353e+00
  2.92037360e+02] 3.2149120133886915
[-3.06403752e+00  6.50276465e-02  8.12293680e-02  3.13873751e+00
  2.90998128e+02] 3.140461738473922
[-2.92004607e+00 -1.84649782e-01 -3.08066346e-01  2.88939275e+00
  2.93087153e+02] 2.9116302761096984
[-3.06927160e+00 -8.06284468e-03 -4.65532231e-01  2.96373653e+00
  2.90559550e+02] 3.0000865827256002
[-3.07536771e+00 -7.34477292e-02 -4.96376678e-02  2.96222554e+00
  2.92344173e+02] 2.963551691984343
[-3.06322527e+00  4.67513264e-02 -2.54187166e-01  2.77873442e+00
  2.89479324e+02] 2.79072781933905
[-3.08869396e+00  5.05381670e-01 -1.87448404e-01  3.19192037e+00
  2.89922288e+02] 3.2371134004662068
[-2.98995474e+00 -8.67046884e-02  4.34067798e-03  3.10734904e+00
  2.93677000e+02] 3.1085614985326377
[-2.99074572e+00 -8.83625347e-02 -3.47215223e-01  2.96778043e+00
  2.92009531e+02] 2.989328855905851
[-3.03376833e+00  1.58449728e-03 -1.57085596e-01  3.21062758e+00
  2.94197640e+02] 3.2144685140797904
[-3.00169336e+00  2.66612931e-01  6.28410161e-02  2.89404669e+00
  2.94017390e+02] 2.9069808504016335
[-3.03738365e+00 -3.91745698e-02 -2.43525845e-01  2.69949745e+00
  2.89815610e+02] 2.7107427009916583
[-3.00899432e+00  1.21496936e-01 -1.76730706e-01  3.06939376e+00
  2.91415312e+02] 3.0768771968658184
[-3.00223744e+00 -2.00662059e-01  2.02335332e-01  2.98746165e+00
  2.92517171e+02] 3.0010218198425473
[-2.93927026e+00 -8.52287609e-02 -5.71806953e-01  2.93952412e+00
  2.91508065e+02] 2.9958353074374067
[-3.05686201e+00 -1.46722571e-01  1.41880153e-02  3.05795530e+00
  2.91713990e+02] 3.0615060708662485
[-3.07091528e+00  1.68938843e-01 -8.41021710e-02  2.96942989e+00
  2.92994169e+02] 2.9754205366438686
[-2.94527014e+00 -1.75383640e-01  4.30283504e-03  2.60015747e+00
  2.91675790e+02] 2.606069223032399
[-3.00063059e+00 -2.18727793e-01 -2.02553276e-01  2.85490480e+00
  2.90773047e+02] 2.8704269845549892
[-2.95144328e+00 -1.48602791e-01  1.12830986e-01  3.04599236e+00
  2.92389378e+02] 3.0517016652447877
[-2.99597483e+00  7.16633821e-02  3.38050945e-01  2.99186243e+00
  2.92042710e+02] 3.0117527923056024
[-3.07000461e+00 -3.06078001e-01  3.84025759e-02  3.00905738e+00
  2.91778758e+02] 3.0248280604008504
[-2.98277897e+00  1.20429563e-02  2.38687549e-01  3.08049164e+00
  2.93442800e+02] 3.0897484586556767
[-3.05086800e+00 -1.66010999e-01  6.03517920e-02  2.85278739e+00
  2.90979757e+02] 2.8582508400457205
[-3.01461250e+00 -2.13837676e-01  2.24838248e-02  3.38176056e+00
  2.94247527e+02] 3.388589167275315
[-2.93545744e+00 -3.01678394e-01 -2.79353071e-01  3.05170612e+00
  2.92485488e+02] 3.0792788525070387
[-2.96948477e+00  1.18376123e-01 -1.55262431e-02  2.70250230e+00
  2.91090507e+02] 2.705138189833492
[-3.07600712e+00 -1.82224672e-01  5.58328843e-01  3.30973171e+00
  2.92775537e+02] 3.36143733242988
[-2.97909371e+00 -7.26975797e-02 -4.62594082e-02  3.24707077e+00
  2.93027223e+02] 3.2482138901922486
[-2.99916929e+00  1.30549203e-01 -2.81303168e-01  3.10482457e+00
  2.93803283e+02] 3.1202740536672775
[-2.90540251e+00  2.26743099e-01 -2.69042751e-01  2.88055246e+00
  2.92081530e+02] 2.901961217693867
[-3.07732131e+00  1.01403891e-01  6.60654905e-02  2.94702513e+00
  2.90239081e+02] 2.9495091982871027
[-3.01361886e+00 -2.94660467e-01 -1.81260375e-01  2.74804524e+00
  2.90102921e+02] 2.7697351385300966
[-3.12303752e+00  1.24118717e-01  1.10574474e-01  3.37947600e+00
  2.92440924e+02] 3.383561759989169
[-3.03489613e+00 -1.42478224e-01 -2.65589364e-01  3.37425666e+00
  2.91339492e+02] 3.3876903321340786
[-3.11535621e+00 -3.22737585e-01 -3.11834907e-02  3.05135341e+00
  2.92165053e+02] 3.0685321509415635
[-3.07488790e+00 -1.59571137e-01 -9.26672140e-02  3.10062801e+00
  2.92994505e+02] 3.1061140056577723
[-3.00188488e+00 -1.77099399e-01  3.55345798e-01  2.80752660e+00
  2.90500966e+02] 2.8354612363281526
[-2.99140212e+00 -1.57312991e-01 -3.44915350e-02  3.21961689e+00
  2.94672263e+02] 3.2236423408393358
[-2.94382564e+00  2.39990749e-01 -1.15002562e-01  3.26619426e+00
  2.92585875e+02] 3.277017864805637
[-3.03072215e+00 -4.57518296e-03 -3.53346290e-01  2.78452497e+00
  2.91071388e+02] 2.80685835779905
[-2.99567466e+00 -3.10940994e-01  2.43285646e-01  3.32984918e+00
  2.92625641e+02] 3.353172791007704
[-3.01519255e+00 -3.23904441e-01 -2.92518267e-01  2.79280339e+00
  2.92702742e+02] 2.826699807670784
[-3.03431976e+00 -3.25429646e-01  1.71443431e-01  3.21026140e+00
  2.94269314e+02] 3.231265321768918
[-3.05184286e+00  8.60131846e-02  1.44145904e-01  2.96821520e+00
  2.91287575e+02] 2.972957748779271
[-2.96297702e+00  4.01662147e-01  1.97841832e-01  3.04693700e+00
  2.90657868e+02] 3.0796588988872418
[-3.01167043e+00 -2.28132866e-01 -1.25040108e-01  2.92875881e+00
  2.91555871e+02] 2.940290426598751
[-2.92349663e+00 -6.57106692e-03  4.15948579e-02  3.28816319e+00
  2.94567710e+02] 3.2884328297796
[-3.08222992e+00  3.31938501e-01  1.76205049e-01  2.84131194e+00
  2.90552200e+02] 2.8660573861689365
[-2.99484936e+00 -1.23085263e-01 -3.17801971e-02  3.04914635e+00
  2.93453943e+02] 3.051795110550498
[-3.06518095e+00 -8.55020991e-02 -3.24569378e-01  3.08271605e+00
  2.91905104e+02] 3.1009344012552393
[-3.01277430e+00 -8.36425075e-02 -1.53410028e-02  3.33301883e+00
  2.92269724e+02] 3.334103472780458
[-3.09405527e+00 -5.30924314e-02 -9.23645054e-02  2.84969264e+00
  2.91296784e+02] 2.8516833893232105
[-2.99693459e+00  2.38522567e-02 -1.81806758e-01  3.11448850e+00
  2.91093935e+02] 3.1198816069465356
[-3.03579718e+00 -1.17984851e-01 -1.30041130e-02  3.41122469e+00
  2.95447809e+02] 3.41328923651428
[-3.03973009e+00 -7.07598849e-02  1.25791499e-01  2.52594609e+00
  2.88912878e+02] 2.530066026795301
[-3.05318276e+00  9.89343531e-03  1.20485887e-01  3.16839665e+00
  2.92357524e+02] 3.170702141192111
[-3.02411080e+00 -4.63087977e-02 -6.98509757e-02  3.19714721e+00
  2.93887441e+02] 3.1982454443275157
[-3.03017668e+00  4.19756906e-01 -1.81383009e-01  2.83257333e+00
  2.92510377e+02] 2.8692450758644767
[-2.93393566e+00 -2.72899957e-01 -1.92081253e-01  2.86968019e+00
  2.92344875e+02] 2.8890195552511706
[-3.00243638e+00 -5.53360548e-02 -1.81817310e-01  3.00276185e+00
  2.91053054e+02] 3.0087702363235453
[-2.97816444e+00  1.64992946e-01 -1.00155633e-01  3.00374313e+00
  2.93961078e+02] 3.0099379744635275
[-3.02485672e+00 -2.25862742e-01 -4.19794080e-02  2.91526936e+00
  2.92257605e+02] 2.924307045844733
[-3.00519431e+00  3.38617760e-01 -7.61283628e-02  3.15098894e+00
  2.92827273e+02] 3.1700455550874778
[-3.03636987e+00  2.34918533e-01 -1.42685017e-01  2.82875397e+00
  2.90549764e+02] 2.8420757824902374
[-2.95502364e+00 -1.49591400e-01 -1.16749602e-01  3.22736405e+00
  2.94876443e+02] 3.23293778889385
[-2.97296050e+00  1.31573230e-01 -1.74350771e-01  3.11595527e+00
  2.93864612e+02] 3.12360159848678
[-3.01560047e+00 -1.28185444e-01  2.02399763e-01  3.13510138e+00
  2.90689887e+02] 3.144242013960968
[-3.06011521e+00  2.98937647e-01 -5.02647193e-02  3.07543797e+00
  2.90481798e+02] 3.090341240909485
[-2.97216780e+00  9.20614236e-02  1.55161010e-01  2.94930710e+00
  2.91976272e+02] 2.954820234749984
[-3.03180912e+00 -1.65694637e-01 -2.50654234e-01  2.98878889e+00
  2.90315793e+02] 3.003854409981456
[-3.03447045e+00  1.59488969e-01  2.37561135e-02  3.01192073e+00
  2.91799855e+02] 3.0162340082316095
[-3.01296186e+00  6.51887640e-02  1.53924462e-01  3.05542484e+00
  2.92870589e+02] 3.0599940014188833
[-3.08381670e+00  1.47593020e-01 -5.79867385e-02  3.23198498e+00
  2.94217051e+02] 3.2358728440443794
[-2.96207995e+00  2.76542696e-01  1.45875620e-01  2.96261859e+00
  2.92855511e+02] 2.9790710703049
[-2.95276088e+00 -1.43580044e-01 -1.56908915e-01  3.22153761e+00
  2.95307511e+02] 3.228550793824701
[-3.03212381e+00  1.13002239e-01  2.64372097e-01  3.00057154e+00
  2.91186001e+02] 3.0143144663615287
[-3.04443862e+00  1.07564907e-01  3.04514409e-02  2.87775837e+00
  2.90878907e+02] 2.8799289474996934
[-2.93578446e+00 -3.32273495e-01  7.76294755e-02  3.07136561e+00
  2.93579645e+02] 3.0902619213496476
[-3.02594191e+00  1.23806895e-01 -1.60380544e-01  3.17803990e+00
  2.92146277e+02] 3.1844917446627887
[-3.00199688e+00  1.33246780e-02 -3.53643560e-01  2.97286977e+00
  2.91447507e+02] 2.993859718093456
[-3.01586746e+00 -6.42845241e-02  2.54317364e-01  2.99431951e+00
  2.92530561e+02] 3.0057876108756405
[-3.02018325e+00  3.09983954e-02  2.43307657e-01  3.27759026e+00
  2.94349582e+02] 3.286754843146339
[-2.99718322e+00 -3.90579112e-01 -4.48013734e-02  2.87949806e+00
  2.91451971e+02] 2.9062120153424504
[-3.04463613e+00 -1.93479564e-01 -2.72178793e-01  3.10269998e+00
  2.93011429e+02] 3.120618978396859
[-2.98985170e+00 -1.58925031e-02  9.74045090e-02  3.03236587e+00
  2.92421224e+02] 3.0339714863896234
[-3.09620600e+00  2.35595873e-01  6.52017882e-02  2.91629934e+00
  2.91471087e+02] 2.9265267032106004
[-2.91492563e+00  4.47951028e-02 -3.17883465e-02  2.80452527e+00
  2.92047322e+02] 2.8050631148069014
[-2.95579242e+00 -1.43576393e-02  2.21300764e-01  3.18332431e+00
  2.93042246e+02] 3.1910396135656334
[-2.99767968e+00 -1.03166710e-01  1.18185880e-01  3.06922540e+00
  2.91889642e+02] 3.0732321439027617
[-3.01082719e+00  2.75176996e-01  3.10592589e-01  2.95900126e+00
  2.90618481e+02] 2.9879555858756346
[-3.04694371e+00  4.77544147e-02 -1.04605379e-01  2.80013323e+00
  2.89801079e+02] 2.802493328980434
[-2.97049431e+00  1.12496704e-01  1.62600587e-01  3.24320409e+00
  2.94517535e+02] 3.249225640154429
[-2.97601420e+00  2.24434220e-01 -4.05139942e-02  3.00273051e+00
  2.92594183e+02] 3.0113788613823336
[-3.06574958e+00  2.69191759e-01 -2.82420294e-01  2.93644774e+00
  2.92799325e+02] 2.9622543378640005
[-2.96213095e+00 -2.70586672e-02 -1.84233971e-01  3.11622763e+00
  2.92043023e+02] 3.121786181632027
[-3.05655013e+00  2.80620389e-02  1.29316580e-01  3.34165197e+00
  2.92555767e+02] 3.3442709460651545
[-3.10686979e+00  8.55646853e-02 -2.92075354e-01  2.76051113e+00
  2.89819494e+02] 2.777238024600664
[-2.90310068e+00  6.80545713e-03  1.53848276e-01  2.74277454e+00
  2.92507296e+02] 2.7470944290226784
[-3.09614274e+00 -1.55603331e-01 -6.68007903e-02  3.08280349e+00
  2.91774624e+02] 3.0874507468117285
[-3.02186812e+00 -2.37223756e-01  2.66069645e-02  2.89041085e+00
  2.92840037e+02] 2.900251359804955
[-3.01551504e+00  3.22695970e-01 -1.96677242e-01  2.97006693e+00
  2.92800957e+02] 2.9940127200680924
[-3.15913923e+00  6.99879285e-02 -1.54130667e-01  3.47091680e+00
  2.92871904e+02] 3.4750421616449683
[-3.05280302e+00  1.25129298e-01 -3.27111515e-01  3.06225668e+00
  2.92611429e+02] 3.0822192111096314
[-3.07599194e+00  1.99482561e-01 -2.42695288e-02  3.21037926e+00
  2.92547439e+02] 3.216662447356979
[-3.01500364e+00  3.45818027e-02  1.58813239e-01  2.73223710e+00
  2.88466998e+02] 2.737067250717088
[-2.96593690e+00 -1.10164433e-01 -1.06830796e-01  2.80874298e+00
  2.91939621e+02] 2.8129319493543155
[-2.97851074e+00  3.80642300e-01  1.38374992e-02  2.84698861e+00
  2.93354789e+02] 2.8723551582065427
[-2.97496224e+00 -1.80910500e-02 -1.35101861e-01  2.89828969e+00
  2.90322273e+02] 2.901493221748562
[-2.94700771e+00  6.78184779e-02  4.72258114e-03  2.90222649e+00
  2.91496594e+02] 2.903022605024104
[-3.03522570e+00 -1.25407797e-02  1.61591564e-01  2.95961468e+00
  2.92502522e+02] 2.9640492817651314
[-3.01022814e+00  3.58137295e-02 -2.47930291e-02  2.81102616e+00
  2.91039202e+02] 2.8113636148305914
[-3.05002016e+00 -1.22723403e-01  4.64237834e-01  3.25278813e+00
  2.94701218e+02] 3.2880402110033584
[-3.03142950e+00 -5.46690201e-02 -6.54602292e-02  3.21269219e+00
  2.92581491e+02] 3.213824021912215
[-3.06842890e+00  1.26836449e-01  7.93039713e-02  2.96840678e+00
  2.91357611e+02] 2.972173513942868
[-2.99407135e+00 -1.69174992e-02 -2.87905715e-01  2.93805884e+00
  2.92777908e+02] 2.952179818020396
[-3.10824712e+00 -3.16930312e-02 -1.70192147e-01  3.15532778e+00
  2.93046519e+02] 3.1600732920304355
[-3.07956946e+00 -1.04824859e-01 -1.48100338e-01  3.32140999e+00
  2.92252699e+02] 3.3263623242708347
[-2.95443584e+00  6.15364555e-02  1.55362017e-01  3.00575215e+00
  2.92126419e+02] 3.0103936734777683
[-2.93848854e+00 -3.14146979e-01 -3.02704225e-02  2.88321690e+00
  2.92307175e+02] 2.9004386468614958
[-3.08686862e+00 -2.34063795e-01 -4.09293630e-02  3.09402974e+00
  2.94632400e+02] 3.103140519576184
[-2.97841439e+00 -2.16659919e-02 -5.04271442e-02  3.22526581e+00
  2.93412248e+02] 3.22573276515091
[-2.98631577e+00  2.36912275e-01  1.22505022e-01  3.12136581e+00
  2.91907740e+02] 3.1327399223051455
[-3.04541346e+00  2.91120380e-02  6.27955867e-02  3.21749064e+00
  2.91111262e+02] 3.2182350493129586
[-3.04776012e+00  1.46783197e-01 -8.73212725e-02  3.42338705e+00
  2.94595647e+02] 3.4276448484509787
[-3.01847189e+00  1.31989539e-01 -1.66757861e-01  3.15605786e+00
  2.92750010e+02] 3.1632152342940163
[-3.04991098e+00 -7.73570895e-03 -1.06895392e-01  3.13806400e+00
  2.93400956e+02] 3.139893649312945
[-3.07381322e+00 -8.97884037e-02  1.47981895e-01  3.29075240e+00
  2.92240553e+02] 3.2953014950790003
[-3.12949632e+00 -1.52305792e-01  4.81033614e-02  3.11491813e+00
  2.90970000e+02] 3.1190104104866316
[-3.04226453e+00 -3.28272488e-01  2.73256904e-01  2.77040118e+00
  2.89792970e+02] 2.803133044514772
[-3.04313607e+00  1.32513895e-01 -2.02859535e-01  2.98521789e+00
  2.92339502e+02] 2.99503551723637
[-3.03299821e+00 -2.18793559e-02 -2.30656245e-01  2.71089634e+00
  2.91348828e+02] 2.720779297496138
[-3.11828918e+00  8.30157068e-02  2.60961785e-03  3.16156720e+00
  2.89806942e+02] 3.162657991300311
[-2.96567348e+00 -2.16903938e-01 -1.18054427e-01  2.79315426e+00
  2.91874403e+02] 2.8040497277939944
[-2.93469559e+00 -2.34638377e-02  4.97753348e-03  3.12251125e+00
  2.93147746e+02] 3.1226033752546822
[-3.02663508e+00 -9.48501524e-04  2.36575336e-01  3.26775330e+00
  2.92230485e+02] 3.276305906262912
[-2.99871780e+00 -2.19530685e-01 -2.81137996e-02  2.95069381e+00
  2.91633053e+02] 2.9589826063003217
[-2.97350886e+00 -8.33664591e-02  8.52952584e-02  3.33829952e+00
  2.92586691e+02] 3.340429451789235
[-3.07305892e+00 -2.33137426e-01 -7.41778313e-02  2.95660559e+00
  2.90809738e+02] 2.9667106368448475
[-3.00236003e+00 -7.40316121e-02  8.91610570e-02  3.07740224e+00
  2.92114907e+02] 3.0795835613210447
[-3.03177433e+00  1.90096906e-01  3.74261966e-01  3.40197847e+00
  2.94837486e+02] 3.427778630729379
[-2.96627295e+00 -1.82935327e-01 -1.94745581e-01  2.73435858e+00
  2.91086870e+02] 2.7473820310485446
[-2.99562840e+00  1.64525400e-01  2.28559445e-02  3.00010515e+00
  2.93000393e+02] 3.004699966922555
[-3.05104237e+00  1.24370707e-01 -1.55576059e-01  3.09487686e+00
  2.92709476e+02] 3.1012795316723993
[-2.97724935e+00  7.27371307e-02 -1.90475344e-01  2.74163481e+00
  2.89514335e+02] 2.7492058771141497
[-3.04620977e+00 -9.45724146e-02  6.84931492e-02  3.44718925e+00
  2.93764409e+02] 3.4491664212691258
[-3.02145349e+00  2.06204947e-01  1.70531779e-02  3.31956852e+00
  2.91485570e+02] 3.326010586132293
[-2.96030939e+00 -2.21453824e-01  7.20825452e-02  3.38378314e+00
  2.91927503e+02] 3.3917880278467876
[-2.95472339e+00  1.14395713e-01 -3.27230172e-01  3.13835808e+00
  2.93095875e+02] 3.1574447622860657
[-3.07462014e+00  1.70136419e-01  6.28403337e-02  2.93258645e+00
  2.91231929e+02] 2.938189680898903
[-2.97591112e+00  2.67525229e-01 -2.99488767e-01  3.38755623e+00
  2.93050720e+02] 3.41127549102864
[-3.03695558e+00 -9.57034186e-02 -2.64527936e-01  3.15791447e+00
  2.94375148e+02] 3.170419207631539
[-2.96547364e+00 -2.85643678e-01 -6.26884885e-02  3.00647127e+00
  2.93314015e+02] 3.020660801741688
[-3.03874735e+00  2.24523966e-01  5.83340210e-02  2.83509443e+00
  2.91675635e+02] 2.8445692607891084
[-3.06441926e+00  2.55153421e-02  9.25190169e-02  2.99626814e+00
  2.92146325e+02] 2.997804788778204
[-3.03035931e+00 -3.71298184e-01  1.14923983e-01  3.08243243e+00
  2.94029451e+02] 3.1068407702645158
[-3.09442858e+00  2.40294332e-01 -3.84165900e-01  2.91437071e+00
  2.92387084e+02] 2.94938662098865
[-2.87953828e+00  2.41019809e-01  2.11634447e-01  3.09191586e+00
  2.93749881e+02] 3.1085082183018202
[-2.96871930e+00 -3.56422057e-01 -1.75430489e-02  2.81271626e+00
  2.92588157e+02] 2.8352631606191556
[-2.99950017e+00 -6.07093923e-02  1.54302834e-01  3.05475707e+00
  2.92074998e+02] 3.0592541155277684
[-2.96237979e+00 -2.79826037e-01 -9.83676741e-02  3.11562266e+00
  2.92831509e+02] 3.1297097922275836
[-3.01571677e+00  2.35693379e-02 -1.98533350e-01  2.75531986e+00
  2.90991934e+02] 2.7625637583556135
[-2.97151407e+00 -2.11760924e-02  1.81715730e-02  3.14650842e+00
  2.93776703e+02] 3.146632149458745
[-3.01927461e+00  2.13450954e-01  9.82711493e-02  3.25057449e+00
  2.93334399e+02] 3.259057083274498
[-3.04405076e+00 -3.89494520e-02 -1.73868997e-01  2.94229548e+00
  2.91067215e+02] 2.9476855636024393
[-3.05314425e+00 -1.58529823e-02  4.92447251e-02  2.77018222e+00
  2.90580198e+02] 2.7706652485809764
[-2.99963497e+00 -3.41177210e-01  1.39974740e-01  3.11338369e+00
  2.92284821e+02] 3.1351479724252282
[-3.04147814e+00 -1.44155908e-01 -2.45145199e-01  3.22746088e+00
  2.93689695e+02] 3.2399661752325692
[-3.02231921e+00  2.70077926e-01  7.39927515e-02  2.90194962e+00
  2.91047227e+02] 2.9154294032414105
[-3.00089149e+00  2.85900845e-01 -2.14729935e-01  3.15469011e+00
  2.93116556e+02] 3.17488864872219
[-2.98810379e+00  1.74901049e-01  2.50444304e-01  3.24401839e+00
  2.91771791e+02] 3.2583689197630683
[-3.01100795e+00  3.21764411e-01  1.90698626e-01  2.81416144e+00
  2.91242956e+02] 2.8389087580195747
[-3.05921299e+00  1.48103608e-01 -2.86596612e-01  3.04409471e+00
  2.90978342e+02] 3.061141113562397
[-3.03994665e+00  1.12520153e-01 -8.38947074e-02  3.26048547e+00
  2.91916037e+02] 3.263504959698022
[-3.01347156e+00  3.59902973e-01  1.01290652e-01  3.05293515e+00
  2.92570271e+02] 3.0757442945803337
[-3.05751484e+00  1.41215293e-01  2.75228018e-01  2.98832464e+00
  2.92640561e+02] 3.004292987688861
[-3.02793315e+00  2.36422593e-01 -7.10425730e-02  3.50460041e+00
  2.96105242e+02] 3.5132843247137764
[-2.92296055e+00  1.68043496e-01  2.19146497e-01  3.26056499e+00
  2.93026630e+02] 3.2722389718040326
[-3.09485630e+00 -3.09912818e-01 -1.78420425e-01  3.02435805e+00
  2.90959634e+02] 3.045426310827018
[-2.95099945e+00 -9.42903393e-02  1.20176843e-01  3.23596129e+00
  2.92786545e+02] 3.2395645668525894
[-3.03547654e+00  2.52429248e-01  3.79659390e-01  3.30505532e+00
  2.92953344e+02] 3.3363531641967135
[-3.01679591e+00 -3.28724775e-01 -1.04350182e-01  3.01703560e+00
  2.91878358e+02] 3.036684496132814
[-2.98562856e+00  6.27406877e-02 -1.15351045e-01  2.72892954e+00
  2.92624313e+02] 2.732086879449995
[-2.92395049e+00  2.80560413e-01  2.19998605e-01  3.22051673e+00
  2.93917007e+02] 3.240191590973751
[-3.04410628e+00 -2.61864046e-01 -8.10477972e-02  2.93642273e+00
  2.92189246e+02] 2.9491897193370913
[-2.96336892e+00  2.76696993e-01 -1.59536184e-01  3.21187061e+00
  2.94079068e+02] 3.2277121681909278
[-3.06681269e+00  8.82744489e-02 -2.73583374e-01  3.21445858e+00
  2.91546897e+02] 3.2272874392276423
[-3.01829607e+00  8.14950590e-02 -1.68304917e-01  3.08003554e+00
  2.93886675e+02] 3.085706875692448
[-3.05685725e+00  9.13945357e-02  7.31562760e-02  3.28191402e+00
  2.92371264e+02] 3.2840012884656744
[-3.05994488e+00 -1.68465614e-01 -1.79917971e-02  2.83935164e+00
  2.93960779e+02] 2.8444018835738727
[-3.04234478e+00 -3.20094837e-01  4.06543798e-02  3.25047288e+00
  2.94153317e+02] 3.26644875177323
[-3.04478253e+00 -5.26484363e-02  8.35073642e-02  3.12363850e+00
  2.91863699e+02] 3.1251980461735527
[-2.93473283e+00  1.31495012e-01  2.60670486e-01  3.04194517e+00
  2.92338489e+02] 3.0559238256260257
[-2.98843680e+00  2.00152113e-01  1.53731310e-01  2.82238788e+00
  2.89945905e+02] 2.8336491589594557
[-3.02150994e+00  1.94498152e-01  5.33488986e-02  3.32044551e+00
  2.94479132e+02] 3.3265648945684876
[-3.03476483e+00 -4.16232509e-01 -2.74634687e-01  2.90501309e+00
  2.91476405e+02] 2.9475031414665462
[-2.87866010e+00  1.23124848e-01  8.50165090e-02  2.80666930e+00
  2.91898156e+02] 2.8106547408210125
[-2.93483183e+00  7.01046348e-02  9.93517376e-02  3.25460914e+00
  2.93273261e+02] 3.256879805256631
[-3.16553060e+00  7.85889568e-02 -3.54678562e-04  3.19959306e+00
  2.92097920e+02] 3.200558095870565
[-2.97511879e+00  9.54528565e-02 -4.60456069e-02  3.12172516e+00
  2.94103683e+02] 3.123523562557546
[-2.97829597e+00  3.78132624e-01 -6.24960400e-02  2.67913515e+00
  2.91705280e+02] 2.7064100174827095
[-3.05626325e+00  2.04303150e-01  1.44331707e-01  2.95250104e+00
  2.90155958e+02] 2.9630784336616083
[-3.03710873e+00 -2.63500531e-02  1.11056799e-02  3.31663968e+00
  2.94110798e+02] 3.316762947502363
[-2.93042365e+00  3.76990526e-01  2.06040403e-01  2.80556061e+00
  2.92496231e+02] 2.838264411069735
[-3.05375666e+00 -1.61301902e-01 -1.09515463e-01  2.87028914e+00
  2.91887199e+02] 2.876903142120563
[-3.05734863e+00 -1.29168056e-01  4.66034026e-02  3.15004038e+00
  2.94535852e+02] 3.15303198125827
[-2.99193873e+00  7.12203121e-02  2.20677050e-01  2.79041404e+00
  2.92894280e+02] 2.8000323565450875
[-3.06953119e+00  1.75590788e-01 -2.97289731e-02  2.92284495e+00
  2.92282965e+02] 2.928265452861865
[-3.08107540e+00  1.17775482e-02 -9.68096379e-02  3.22388060e+00
  2.92811050e+02] 3.225355319717917
[-3.08296803e+00  4.24847248e-02  1.85436860e-01  3.42049983e+00
  2.94363438e+02] 3.425786168988679
[-3.00515128e+00 -1.59400096e-01 -1.54018170e-01  2.69998003e+00
  2.89918068e+02] 2.7090629628605627
[-3.06317978e+00  2.34064058e-01 -1.69612668e-01  2.94186987e+00
  2.91332398e+02] 2.956036670251892
[-3.07485938e+00 -2.20046101e-01 -4.13987226e-02  3.32017167e+00
  2.94329548e+02] 3.327713036841065
[-2.89411822e+00  4.65023668e-02 -1.56826068e-01  2.99489492e+00
  2.93234787e+02] 2.9993586799549887
[-2.96550978e+00 -2.82837851e-01  2.61311132e-01  2.84900851e+00
  2.92240854e+02] 2.874913952467909
[-2.98981000e+00 -1.50885930e-01  2.14883784e-01  3.23231088e+00
  2.92567840e+02] 3.2429577905328744
[-3.03119393e+00 -3.15232912e-02  1.75453701e-01  3.12883503e+00
  2.93337603e+02] 3.1339091152911203
[-3.02266247e+00 -1.83917874e-01  1.14447939e-01  3.21657381e+00
  2.92750784e+02] 3.223859668542349
[-3.00414789e+00  7.96431447e-02 -1.80075691e-01  2.98445584e+00
  2.91157100e+02] 2.9909441556377607
[-3.05019391e+00 -4.32859073e-01 -9.00425518e-02  3.04158989e+00
  2.91452699e+02] 3.073555543745682
[-2.96482859e+00 -5.83958947e-02 -5.34053657e-03  3.52153507e+00
  2.96166081e+02] 3.5220232563813627
[-3.02189569e+00  2.35689666e-01  2.24215916e-01  3.45413857e+00
  2.94293358e+02] 3.4694229528793015
[-3.04488737e+00 -1.37169297e-01  1.77760869e-02  2.80993880e+00
  2.89894601e+02] 2.813340978590927
[-3.03207908e+00  4.19367700e-02 -5.13047549e-02  2.77161803e+00
  2.90763048e+02] 2.772410030468725
[-2.96439416e+00  2.26360571e-01 -1.02382078e-01  3.11480705e+00
  2.94195994e+02] 3.124699046170624
[-2.94337741e+00  2.35786779e-01  2.47038296e-01  3.11372692e+00
  2.92780949e+02] 3.132398228977309
[-2.98372417e+00 -2.12917830e-01  3.61753003e-01  3.22936534e+00
  2.93326124e+02] 3.256531858310842
[-3.01049787e+00 -2.77193013e-01 -2.97582226e-02  3.03932545e+00
  2.93272688e+02] 3.0520846536336603
[-2.94368494e+00  6.62752273e-03  5.08701012e-02  2.85994806e+00
  2.90956786e+02] 2.8604081212075854
[-2.99801872e+00  5.99088118e-02  2.21954089e-01  3.14612286e+00
  2.93471751e+02] 3.1545113296425327
[-3.00709943e+00  3.13546981e-02  3.41041650e-01  3.21133483e+00
  2.92653955e+02] 3.229545466031768
[-3.02661123e+00 -1.01949978e-01 -2.55871355e-01  2.97089641e+00
  2.92491667e+02] 2.98363694682536
[-3.00252259e+00  7.71171556e-03  2.96156627e-01  3.28036245e+00
  2.94892562e+02] 3.293713103840365
[-3.01143888e+00  2.16330505e-01  2.07581323e-01  3.06841355e+00
  2.92500461e+02] 3.083026205276265
[-3.04902517e+00  2.42633674e-01  3.15182832e-01  3.00929261e+00
  2.90394559e+02] 3.0354659132319113
[-2.98356713e+00 -1.87438926e-01  6.26983936e-02  2.73057486e+00
  2.91837507e+02] 2.7377186698198317
[-2.96140657e+00  1.04128988e-01 -1.11217800e-01  3.09471700e+00
  2.94672254e+02] 3.0984650295222282
[-3.03374175e+00 -5.17751976e-02 -9.41203891e-02  3.14000812e+00
  2.92634255e+02] 3.141845048695975
[-3.04156757e+00  3.03092462e-01  1.47137799e-01  2.92269542e+00
  2.92103748e+02] 2.9420508352116137
[-3.02131060e+00  3.42907229e-01  1.67050863e-01  2.93477210e+00
  2.91122481e+02] 2.959455803788862
[-3.13026988e+00  2.70423247e-01  1.44723742e-02  3.36424259e+00
  2.91928140e+02] 3.3751246511434916
[-3.01060179e+00  7.50530987e-02 -1.45666863e-01  3.26398954e+00
  2.93992266e+02] 3.268100296227882
[-3.01052240e+00  1.91338295e-01  2.53769682e-01  3.11060106e+00
  2.94020037e+02] 3.12679521683538
[-3.01178306e+00  3.41798752e-01 -2.08884679e-01  3.21100298e+00
  2.91964197e+02] 3.2358923527876855
[-3.05386057e+00  5.22814149e-02  9.97631966e-03  3.19065326e+00
  2.93093853e+02] 3.191097165400692
[-3.05766239e+00  2.23084270e-01  3.73721103e-02  3.15472040e+00
  2.91646556e+02] 3.162819002588637
[-2.96238528e+00 -3.31640046e-01 -1.26059397e-01  3.04068646e+00
  2.90563282e+02] 3.061315114118064
[-3.00466405e+00  2.69914848e-01 -4.07026823e-01  2.73044473e+00
  2.90872311e+02] 2.7737796070772722
[-2.98690731e+00 -1.40943298e-01  6.13408348e-02  2.93035107e+00
  2.91444338e+02] 2.9343798488518136
[-3.01293370e+00  1.23883064e-01  7.69768227e-02  3.05504312e+00
  2.92346917e+02] 3.0585226672471713
[-3.02413273e+00  2.73751148e-01 -2.59419025e-01  3.24670814e+00
  2.92051084e+02] 3.2685396886111833
[-3.08067490e+00 -1.52964924e-01  1.54521534e-01  2.88854031e+00
  2.91948302e+02] 2.896711976949275
[-3.05926063e+00  2.08443891e-01 -2.12313990e-01  3.12458056e+00
  2.91936686e+02] 3.1387146701568374
[-2.95651668e+00  1.66534537e-01  8.58450747e-02  3.20835212e+00
  2.94822999e+02] 3.2138180455477046
[-3.10675659e+00 -1.07440280e-01  2.18018374e-01  2.93838801e+00
  2.89077645e+02] 2.9484232219435396
[-3.09828549e+00 -3.09765067e-01  1.95417027e-03  3.29279515e+00
  2.91871755e+02] 3.307333990929648
[-2.95259613e+00  2.64282838e-01  1.54352392e-01  3.14213389e+00
  2.93402825e+02] 3.1570041877466175
[-3.04323856e+00  8.44647021e-02  1.35450210e-01  2.83361791e+00
  2.90038535e+02] 2.838110555300511
[-2.96685542e+00  1.65221195e-01  8.29960370e-02  2.76222202e+00
  2.92417953e+02] 2.7684033044398735
[-2.97752746e+00  2.63832618e-01  1.28605452e-01  2.89946503e+00
  2.91376490e+02] 2.9142828434164643
[-3.06143897e+00  1.47969085e-01 -1.35527032e-01  3.27387481e+00
  2.91137017e+02] 3.2800180986147223
[-2.98363247e+00 -8.05393907e-02 -1.47357401e-01  3.11321253e+00
  2.91154452e+02] 3.117738454725646
[-3.00738612e+00  1.28808770e-01  1.84259995e-02  2.94536041e+00
  2.93357792e+02] 2.948233224071731
[-3.07329511e+00 -9.05117950e-02 -2.42209144e-01  3.19688395e+00
  2.92767017e+02] 3.207323597278739
[-2.96299873e+00  9.90467408e-03 -5.67806687e-02  2.93696197e+00
  2.93567665e+02] 2.9375274894933385
[-3.04552957e+00 -8.36975433e-02  4.21408654e-02  2.66234507e+00
  2.89026003e+02] 2.6639936956650394
[-3.02155752e+00 -1.75591600e-01  2.12155381e-01  3.10546465e+00
  2.90587326e+02] 3.1176518402951863
[-2.99731319e+00 -2.85438787e-01 -3.56537226e-02  3.11872196e+00
  2.92463268e+02] 3.131959950448101
[-2.96685865e+00  7.48004249e-02 -1.14524404e-01  2.84337007e+00
  2.91626912e+02] 2.846658439239269
[-2.96753265e+00 -7.32140644e-02  3.10536474e-01  2.92727518e+00
  2.91060242e+02] 2.9446108690757695
[-3.05378847e+00  1.46464717e-01 -2.77100331e-01  3.02170338e+00
  2.91792981e+02] 3.037915042699531
[-3.02487654e+00  2.55932453e-01  1.51916703e-01  2.98764111e+00
  2.91727771e+02] 3.0024289346434423
[-3.03634753e+00  1.11630506e-01 -4.08066675e-02  3.14962529e+00
  2.93056873e+02] 3.1518670686984698
[-3.00688107e+00  1.93743014e-01  2.05978459e-01  3.14043536e+00
  2.91260943e+02] 3.153140928299698
[-3.04566214e+00 -8.84663713e-02  8.25069336e-02  3.62558534e+00
  2.97316531e+02] 3.6276028970871903
[-3.04682303e+00  2.17732158e-01  1.40720166e-01  2.86971831e+00
  2.91166315e+02] 2.881404624660045
[-2.99456240e+00  1.31980523e-01 -3.50920381e-01  2.94465014e+00
  2.91487999e+02] 2.968421869635871
[-2.95895921e+00 -1.99462093e-01  2.88781474e-01  3.20426737e+00
  2.93266257e+02] 3.223431280656248
[-3.02225065e+00  3.44128366e-01  2.75346463e-01  3.10766947e+00
  2.92176607e+02] 3.1387656112429427
[-3.04941456e+00  2.60638599e-01  4.02669606e-01  3.16150383e+00
  2.91931670e+02] 3.197683814095631
[-2.94422992e+00 -9.69020679e-02  3.40946606e-01  3.33321192e+00
  2.94184777e+02] 3.3520048191700873
[-2.93647516e+00  2.41634726e-01  3.15715474e-01  3.34507637e+00
  2.94150859e+02] 3.3686198293730585
[-3.08142768e+00  8.04559436e-02  9.06360564e-02  2.91981874e+00
  2.89969371e+02] 2.9223328953219507
[-3.00355679e+00 -2.05500399e-01  2.34535623e-02  3.11139479e+00
  2.92641207e+02] 3.1182620181683802
[-2.97945747e+00 -2.09362536e-01  2.45898999e-01  3.17565561e+00
  2.94855027e+02] 3.1920350130919557
