/mnt/stage/douwei/Simulation/5kt_root/2MeV/5kt_-1.80_1.root
[-3.05360494e+00  3.75284059e-01  1.10264996e-01 -1.80598619e+00
  2.87833185e+02] 1.8478589275862662
[-2.92485557e+00 -1.19278205e-01  1.12363570e-01 -1.86983812e+00
  2.87355112e+02] 1.8770049123516706
[-3.01401281e+00  2.01353512e-01  8.54106615e-02 -1.87546449e+00
  2.88000847e+02] 1.8881751168533938
[-2.99668460e+00  3.50235639e-01  9.28909119e-02 -1.78894304e+00
  2.87472634e+02] 1.8252700959949775
[-3.04219083e+00  1.26547426e-01  7.15274165e-02 -2.00098372e+00
  2.87553185e+02] 2.0062567851291186
[-3.02100058e+00  2.69171191e-01 -2.90500511e-03 -1.86849278e+00
  2.89311248e+02] 1.8877835823129725
[-3.03126689e+00  1.14972909e-01 -2.27941839e-01 -1.64466788e+00
  2.86985024e+02] 1.6643643460132418
[-3.02386267e+00 -7.97818805e-02  8.80430911e-02 -2.03241013e+00
  2.87941085e+02] 2.035880071564584
[-3.01296174e+00 -1.78881803e-01 -1.90778169e-01 -1.93776639e+00
  2.88072698e+02] 1.9553346488355459
[-2.91461302e+00  1.93967516e-01 -2.21974742e-01 -2.18656346e+00
  2.89807956e+02] 2.206344473317942
[-3.03536667e+00 -2.26801312e-01  1.09494830e-03 -1.88564498e+00
  2.87443030e+02] 1.8992359057589896
[-3.04310131e+00 -6.60462989e-02 -2.57733152e-01 -2.03421234e+00
  2.88238998e+02] 2.051538036807308
[-2.94315588e+00  2.96358596e-02  3.81262352e-01 -1.89931346e+00
  2.87347258e+02] 1.9374289352160041
[-2.97767340e+00  3.08212332e-01  1.23996595e-01 -1.45658514e+00
  2.87061286e+02] 1.4939913912273808
[-3.04243789e+00 -1.32167147e-01  2.83130945e-01 -1.86966861e+00
  2.86897772e+02] 1.8955980626071847
[-2.91548442e+00 -4.46273565e-02 -2.87461149e-01 -1.68192106e+00
  2.87387436e+02] 1.7068930783516987
[-2.93750302e+00  3.77565723e-02  3.37359647e-01 -1.83495573e+00
  2.87689853e+02] 1.8660920689125038
[-3.00715149e+00  3.54758660e-01 -6.81479834e-02 -1.58573363e+00
  2.87507127e+02] 1.6263606570153752
[-3.01380445e+00 -2.40802123e-02  1.64461775e-01 -1.73802328e+00
  2.85810151e+02] 1.745953161949462
[-3.02204566e+00 -2.29291944e-01  1.55079270e-01 -2.04334786e+00
  2.87847492e+02] 2.0620123308605227
[-3.09183122e+00  9.21009477e-02 -2.18335019e-01 -1.75978621e+00
  2.86806848e+02] 1.7756689666186583
[-3.08662730e+00 -2.63889393e-01 -3.56995691e-02 -1.59317304e+00
  2.86905215e+02] 1.6152747109965744
[-2.95773981e+00 -5.94667516e-02 -2.24979750e-01 -1.62979506e+00
  2.87069137e+02] 1.6463244321227537
[-3.05166000e+00 -9.71682935e-02 -9.20253974e-03 -1.87097584e+00
  2.89724988e+02] 1.8735199364970139
[-2.95215524e+00  1.55325659e-01  2.06747152e-01 -1.81819680e+00
  2.87829841e+02] 1.8364939509042215
[-2.93324123e+00  6.75306999e-02  2.89316603e-01 -1.72088479e+00
  2.88429274e+02] 1.7463415900696195
[-2.97320701e+00 -1.18133892e-01 -9.48758487e-02 -1.76931152e+00
  2.88679539e+02] 1.7757872283403904
[-3.01166525e+00 -9.97536428e-02 -5.28959391e-02 -1.45768059e+00
  2.85979612e+02] 1.462047014834687
[-3.04009434e+00  6.50086399e-02  1.42820130e-01 -1.89023616e+00
  2.86115832e+02] 1.8967383680391463
[-2.96787503e+00  1.28301114e-01 -1.55080516e-02 -1.72020666e+00
  2.88197275e+02] 1.7250543844256299
[-3.08958809e+00 -2.29726391e-01 -1.49514492e-01 -1.77002114e+00
  2.87458258e+02] 1.791117987587675
[-3.04165661e+00  1.31429442e-01 -4.61670950e-01 -1.78896002e+00
  2.87122668e+02] 1.8522396522974292
[-2.91564980e+00  1.91411404e-01  3.80552348e-02 -1.70496683e+00
  2.87180886e+02] 1.716099765496382
[-2.92213587e+00 -2.21932147e-01 -1.52522631e-01 -2.04684101e+00
  2.90597253e+02] 2.064479385302245
[-2.97662717e+00  1.01804756e-01 -2.49063114e-01 -1.82221218e+00
  2.88954298e+02] 1.8419701057499223
[-2.88908474e+00  7.17078923e-02 -2.79866162e-01 -1.84103990e+00
  2.89000450e+02] 1.8635705005150982
[-2.93271675e+00 -1.25475905e-01 -3.58406955e-01 -1.91661286e+00
  2.89451408e+02] 1.9538691335282115
[-3.05205005e+00  1.37722687e-01 -4.07052060e-02 -1.60656078e+00
  2.86606953e+02] 1.6129668262822907
[-2.98181216e+00 -6.11859753e-03 -3.67195327e-01 -1.84315768e+00
  2.88276010e+02] 1.8793882209144284
[-2.97518368e+00 -2.45089890e-01 -9.87870461e-02 -1.98472724e+00
  2.89403781e+02] 2.002241277835391
[-3.01744716e+00  1.93353832e-01 -1.30161082e-01 -1.66977446e+00
  2.87200208e+02] 1.6859639215793927
[-3.04312325e+00  2.40854783e-01  1.00135293e-01 -1.63900548e+00
  2.88348080e+02] 1.6596316049333826
[-2.94252668e+00  5.84882713e-02  2.44904087e-03 -1.65574316e+00
  2.88832808e+02] 1.6567776811550101
[-2.92156946e+00 -4.00124680e-02 -1.87049927e-01 -1.91881316e+00
  2.88200611e+02] 1.928323784315015
[-2.92074906e+00  9.72303745e-02 -5.42264148e-02 -1.88163866e+00
  2.87964623e+02] 1.884929254072865
[-2.97722279e+00 -1.06714047e-01 -2.04367497e-02 -1.87137950e+00
  2.87490584e+02] 1.8745310805025173
[-2.99569306e+00  1.72644579e-01  2.32161600e-03 -1.75923198e+00
  2.87426493e+02] 1.7676845548351166
[-3.06094045e+00  5.15782538e-01  1.56365828e-01 -1.76967230e+00
  2.86649840e+02] 1.8499248519012763
[-2.95003277e+00  3.36631977e-01 -5.23084621e-02 -1.80805946e+00
  2.87913817e+02] 1.8398739863284501
[-2.96094989e+00 -1.13210600e-01 -1.06524666e-01 -1.56451083e+00
  2.85542460e+02] 1.5722144534112337
[-3.02700736e+00 -1.29707446e-01 -3.16256328e-01 -2.04652948e+00
  2.89683234e+02] 2.0748795145112164
[-2.98987249e+00  2.34066387e-01  3.44419335e-01 -2.12982811e+00
  2.88886383e+02] 2.1701565715676443
[-2.97838397e+00  6.48129085e-03  1.10502930e-01 -1.68065422e+00
  2.86912561e+02] 1.684295549576558
[-3.00123661e+00 -1.97998177e-01  2.28982980e-01 -1.92030766e+00
  2.88252537e+02] 1.9440210862637892
[-3.00240963e+00  7.15559171e-02 -2.85209975e-01 -1.86280473e+00
  2.87579859e+02] 1.8858702097552416
[-2.97633669e+00  5.05718770e-02 -3.22225406e-01 -2.03348682e+00
  2.88030883e+02] 2.05947939136999
[-2.96930758e+00 -6.99576775e-02 -1.18238384e-01 -1.80227430e+00
  2.89024759e+02] 1.8075029841525323
[-3.02093388e+00  1.09265064e-01  2.33738919e-01 -1.86498144e+00
  2.89615643e+02] 1.882744941471072
[-3.13218608e+00  3.04425523e-02 -5.26092215e-02 -1.87748498e+00
  2.87940005e+02] 1.8784686102003139
[-2.91680847e+00 -8.09784751e-02  1.21880961e-01 -1.65151627e+00
  2.88992427e+02] 1.6579862657159923
[-3.05180201e+00  1.71758394e-01  1.44253215e-01 -1.99426455e+00
  2.86981014e+02] 2.006838569341647
[-2.95604202e+00 -9.18272018e-02  2.16286926e-01 -1.79411106e+00
  2.88047369e+02] 1.8094327239104384
[-2.92504998e+00 -1.17598358e-01  1.48707425e-01 -1.87839017e+00
  2.89297629e+02] 1.887933501609899
[-2.89961696e+00  3.15828905e-01  1.82405189e-01 -2.05575097e+00
  2.89909325e+02] 2.087853347337756
[-3.05051093e+00  2.07265991e-01 -2.28297018e-01 -1.91589220e+00
  2.88495998e+02] 1.9405467370138338
[-2.99788711e+00 -2.51257644e-02 -1.49351210e-01 -1.61798884e+00
  2.88151766e+02] 1.6250615343233337
[-3.05927734e+00 -1.19625256e-01  5.22572195e-01 -1.81535139e+00
  2.88199879e+02] 1.8928530267867758
[-2.95446302e+00  1.31141860e-03 -4.09793834e-01 -2.02852597e+00
  2.88645764e+02] 2.0695048526073654
[-2.98717017e+00  8.50792280e-02 -1.11740304e-01 -1.92089098e+00
  2.89357186e+02] 1.9260183050436672
[-3.03004019e+00 -1.34310228e-01 -2.58204651e-01 -1.96992609e+00
  2.88779301e+02] 1.9913105474775608
[-2.98637164e+00 -9.72572437e-02 -3.55247853e-01 -1.71647522e+00
  2.88243447e+02] 1.7555475449852915
[-2.89870638e+00  1.50166552e-01 -1.93202092e-02 -1.69929253e+00
  2.88407026e+02] 1.7060241440256063
[-3.03954135e+00  2.01208976e-01 -1.90272682e-01 -1.97400337e+00
  2.88272341e+02] 1.9933333997717697
[ -3.03436151   0.28831195  -0.32917594  -1.65148097 286.17505777] 1.708470063482947
[-3.01571898e+00 -1.46889369e-01  8.33908938e-02 -1.71373729e+00
  2.88074742e+02] 1.72204123651747
[-2.89792646e+00 -3.72598332e-02  1.59129568e-01 -1.65080193e+00
  2.87242960e+02] 1.6588723652612107
[-2.96230989e+00  1.32815042e-01  1.25182091e-01 -1.90079968e+00
  2.87839763e+02] 1.9095417836906232
[-3.07255724e+00 -6.27283673e-04  6.80115363e-02 -1.66779721e+00
  2.85819352e+02] 1.6691834778980184
[-3.04647873e+00  9.74279307e-02  1.53902720e-01 -1.70771066e+00
  2.86194090e+02] 1.7173974378354238
[-3.02831329e+00  4.97764563e-02  1.90720883e-01 -1.61749435e+00
  2.86612448e+02] 1.6294600667819645
[-2.93404123e+00 -1.96165137e-01  8.17324455e-02 -1.78076815e+00
  2.87044972e+02] 1.7934035128039711
[-2.95859574e+00  1.60330531e-01  1.59413782e-01 -2.25176124e+00
  2.90393037e+02] 2.2630835892996273
[-3.02511453e+00  1.67437172e-01  1.81369669e-01 -1.83914411e+00
  2.87382167e+02] 1.8556349911118604
[-3.13813457e+00  4.25757029e-02 -3.11639167e-02 -1.91478273e+00
  2.85949826e+02] 1.9155095355975695
[-2.98081072e+00 -1.44236912e-01  2.14425317e-01 -1.80683746e+00
  2.88168108e+02] 1.8252243964784283
[-2.99997251e+00 -1.81059719e-01 -1.47741697e-01 -1.98477392e+00
  2.88435262e+02] 1.9984838590314093
[-3.00868224e+00 -1.52319968e-02 -2.49205267e-01 -1.83392051e+00
  2.87826512e+02] 1.8508375729658426
[-2.96085351e+00  1.40116302e-01  9.55600721e-02 -1.82338643e+00
  2.89281227e+02] 1.8312570523448897
[-3.07096827e+00  2.60961392e-01  1.13117432e-02 -1.84373788e+00
  2.87922124e+02] 1.8621488099249974
[-2.99252732e+00 -6.76092265e-02  2.63883895e-01 -1.69435390e+00
  2.87581491e+02] 1.7161121345694117
[-2.99668926e+00 -1.04377360e-01  3.75952054e-01 -2.13541160e+00
  2.88978206e+02] 2.1707642200940604
[-3.11272473e+00 -7.50968007e-02 -3.04100673e-01 -2.17361299e+00
  2.88116994e+02] 2.1960669819436216
[-3.12185831e+00  1.39185105e-02  2.83654079e-01 -1.86147756e+00
  2.86614819e+02] 1.8830167440480619
[ -2.99954942  -0.33200456  -0.2892394   -1.66685723 288.04969238] 1.7240358178464508
[-2.90700640e+00 -2.00313688e-01  1.67117162e-01 -1.91926607e+00
  2.89359804e+02] 1.936914036534934
[-3.01318392e+00  3.06163864e-02 -2.40182049e-01 -1.82700319e+00
  2.88596143e+02] 1.8429773302252943
[-3.03348016e+00  1.30984092e-01 -2.25134987e-01 -1.90750642e+00
  2.88255351e+02] 1.925207353065999
[-2.98359964e+00  1.39931922e-01  3.14450194e-01 -1.94326158e+00
  2.88504751e+02] 1.9735058704289632
[-3.07467456e+00  1.59054131e-01  2.06151857e-01 -1.62664647e+00
  2.86741013e+02] 1.6473541081838374
[-2.94486994e+00  9.95007643e-02  4.26351729e-02 -1.52123510e+00
  2.87515274e+02] 1.5250817619094377
[-2.99388297e+00 -1.93640846e-01  1.53323093e-01 -1.64212702e+00
  2.88093019e+02] 1.6605980525814514
[-3.05712404e+00 -1.98925535e-01  4.42601397e-01 -1.84385304e+00
  2.88609637e+02] 1.906636147323952
[-2.94706609e+00  2.53715580e-01 -2.69201662e-01 -2.09829964e+00
  2.88568878e+02] 2.1306577598321734
[-2.99544342e+00  5.57665981e-02 -1.14120004e-01 -1.60951129e+00
  2.87793156e+02] 1.6145153741751648
[-2.99534243e+00 -2.18304301e-01 -1.42141083e-02 -1.98316953e+00
  2.87519223e+02] 1.9951992857688594
[-3.03314812e+00  1.98549196e-01 -6.10339629e-01 -1.50344355e+00
  2.88259183e+02] 1.6347106009932446
[-3.04822598e+00  5.22743211e-03 -8.06273918e-02 -2.28944018e+00
  2.88608548e+02] 2.2908654317373442
[-2.99108878e+00 -2.65640513e-01  2.26428729e-02 -1.99199357e+00
  2.86367899e+02] 2.0097552008294333
[-2.98587976e+00  1.73078206e-01  1.58073565e-01 -2.07432115e+00
  2.88687950e+02] 2.0875228223653313
[-2.97727085e+00  1.14104633e-01  1.96142531e-01 -1.86334533e+00
  2.88836974e+02] 1.87711149918816
[-3.00701429e+00 -1.07216721e-01  5.14679226e-02 -2.00239085e+00
  2.88568918e+02] 2.005919608818271
[-2.96995811e+00  3.18333444e-01 -1.04248555e-01 -1.93367537e+00
  2.89623047e+02] 1.9624740497452238
[-2.96303444e+00  3.07895710e-01  4.72976273e-02 -2.03597928e+00
  2.88316804e+02] 2.059671933704553
[-2.89265922e+00 -1.86008727e-01 -4.74127653e-02 -1.70561375e+00
  2.88374471e+02] 1.7163815072831965
[-2.98465327e+00 -1.32831184e-02  2.19085458e-01 -1.63771637e+00
  2.87356597e+02] 1.6523588516049794
[-2.94585799e+00  9.40762770e-02 -5.14674548e-01 -1.89407218e+00
  2.88588737e+02] 1.9650062705583549
[-3.09217190e+00 -1.22476207e-01  2.13510395e-01 -1.91872969e+00
  2.88740190e+02] 1.9344535971907386
[ -2.96400625   0.34217925  -0.34606172  -1.81796362 288.16397726] 1.8819769056470532
[-3.07708130e+00 -3.34942687e-02 -1.73758304e-01 -2.04395892e+00
  2.87050646e+02] 2.0516047115537366
[-3.11779037e+00  1.58172448e-01 -7.82349497e-02 -1.46926306e+00
  2.85278831e+02] 1.4798220107126943
[-2.94476036e+00  1.41575106e-01 -2.41557260e-01 -2.00012687e+00
  2.87935715e+02] 2.019628908305719
[-3.06754159e+00 -1.43871458e-01 -2.76779585e-02 -1.93658347e+00
  2.88471198e+02] 1.9421175604000716
[-3.03476014e+00  1.44528007e-01 -2.20036439e-01 -1.71130319e+00
  2.87700326e+02] 1.7314337908860902
[-3.05828543e+00  1.66923451e-01 -2.25460373e-02 -1.68973141e+00
  2.86587745e+02] 1.6981060032266504
[-2.96358710e+00 -2.25733919e-01 -4.15612492e-02 -1.43258851e+00
  2.87461512e+02] 1.4508593887888772
[-3.00585760e+00 -1.38986507e-01 -2.22364174e-01 -1.52060960e+00
  2.86506851e+02] 1.543054319081519
[-3.03958078e+00 -9.25761224e-02 -2.05291763e-01 -2.10057023e+00
  2.87573066e+02] 2.112607470159535
[-3.05368486e+00  7.03414205e-02  2.58401803e-01 -1.83385990e+00
  2.87222039e+02] 1.8533109643902306
[-3.03054648e+00  1.79997426e-01  2.65522684e-01 -1.58866631e+00
  2.87231504e+02] 1.6207288558321606
[-2.97847703e+00 -3.52073547e-02  1.00229187e-01 -1.81730507e+00
  2.88068794e+02] 1.820407415034029
[-2.93806673e+00 -2.94656088e-02  2.17672639e-01 -1.88387936e+00
  2.87921768e+02] 1.8966420442965295
[-3.01875387e+00 -1.36896831e-01  2.05642166e-02 -2.00878583e+00
  2.88806652e+02] 2.013550132136671
[-3.03315564e+00 -1.01143321e-01  1.64548740e-01 -1.89792794e+00
  2.88146467e+02] 1.907730775998834
[-2.96615885e+00 -3.39764793e-01  2.23877313e-01 -2.06527313e+00
  2.89275772e+02] 2.104973693722574
[-3.02870238e+00 -1.04372611e-01  3.84732922e-01 -2.00482736e+00
  2.87987220e+02] 2.0440757808053216
[-2.91641741e+00  3.22565556e-02  2.76715269e-02 -1.49568185e+00
  2.87336374e+02] 1.4962855332216018
[-2.94813864e+00 -1.69299675e-01  2.27525865e-01 -1.70839059e+00
  2.87628113e+02] 1.7317704230132422
[-2.91026622e+00  3.81942178e-01  1.60770597e-01 -1.84113839e+00
  2.87717763e+02] 1.8871983387777207
[-3.00193441e+00 -2.95892600e-01 -1.05136191e-01 -1.95713563e+00
  2.88133474e+02] 1.9821669743506127
[-3.01712762e+00  5.65547031e-02  1.89358410e-02 -1.66402818e+00
  2.87698435e+02] 1.6650966244160894
[-2.99219652e+00  3.14805292e-01  1.37594506e-01 -1.66141801e+00
  2.88173442e+02] 1.6965684252477935
[-2.87351033e+00  1.35161315e-01  2.32602606e-01 -1.88305152e+00
  2.88243891e+02] 1.9021712774887016
[-2.98400581e+00 -8.56101355e-02 -2.26870199e-01 -1.73293309e+00
  2.87471523e+02] 1.7498160710609374
[-2.93322760e+00  1.06289540e-01 -3.38454222e-01 -1.43126330e+00
  2.87499482e+02] 1.4745722656472815
[-2.96517683e+00  2.77428797e-01 -2.27707189e-01 -1.78779062e+00
  2.87070902e+02] 1.8234617116881253
[-3.06111092e+00  2.51678788e-01 -1.55533396e-01 -1.54265187e+00
  2.86412437e+02] 1.5707665788895486
[-2.92486312e+00  1.70035035e-01  1.70030901e-01 -1.61381490e+00
  2.88589233e+02] 1.631631375362793
[-2.92620928e+00 -1.40506642e-01 -9.43793745e-02 -1.82685294e+00
  2.88426278e+02] 1.8346774252506908
[-3.07386063e+00  6.24880097e-02 -1.51287393e-01 -2.00616421e+00
  2.87415918e+02] 2.012830710330789
[-3.09485507e+00  1.10494645e-01  4.89654611e-03 -1.48855588e+00
  2.86366239e+02] 1.492659256008245
[-3.08487150e+00 -4.89830876e-02  2.03042818e-01 -1.93193752e+00
  2.87554077e+02] 1.9431953858976692
[-2.92074668e+00 -1.24009617e-01  1.24850960e-01 -1.87650250e+00
  2.88399076e+02] 1.8847354647264045
[-2.93205509e+00 -2.61242490e-02  3.10946576e-03 -1.67710950e+00
  2.88882127e+02] 1.6773158419351928
[-2.99133921e+00 -2.36705559e-01  3.62513231e-02 -1.89100659e+00
  2.88637312e+02] 1.9061084969425475
[-3.04882091e+00 -4.56593056e-01 -6.18117055e-02 -1.79450296e+00
  2.87713197e+02] 1.8527111961689458
[-2.93785519e+00 -2.87428353e-01 -9.37001381e-02 -1.73902807e+00
  2.87348509e+02] 1.7651100275662688
[-2.98621158e+00  1.50901498e-01 -1.14059512e-01 -1.73741572e+00
  2.87744442e+02] 1.7476825276257155
[-2.97222963e+00 -1.23909905e-01 -2.03257551e-01 -1.95075197e+00
  2.88710031e+02] 1.965222773946364
[-3.01129489e+00  2.19372426e-02 -8.95552628e-02 -1.73371443e+00
  2.88649768e+02] 1.7361644784784478
[-2.94292288e+00  1.93684905e-01  3.93112190e-01 -1.98873306e+00
  2.87409780e+02] 2.0364454866281623
[-2.93232849e+00 -1.23798935e-01 -2.67839476e-01 -1.79372349e+00
  2.88141278e+02] 1.8178306073873371
[-2.96298499e+00 -1.92644806e-01 -1.47661937e-01 -1.68052624e+00
  2.87807038e+02] 1.697964816037257
[-2.97029409e+00  5.00597507e-02 -1.73521246e-02 -1.73598020e+00
  2.89340881e+02] 1.7367885060733044
[-3.05658783e+00  4.46369381e-01 -1.66448998e-02 -1.82396825e+00
  2.88285983e+02] 1.8778665655773596
[-2.91754697e+00 -8.97391476e-02  1.84872589e-01 -1.81395253e+00
  2.88921922e+02] 1.825556020899186
[ -3.09914937  -0.35132847  -0.35362169  -2.09413288 288.5868859 ] 2.152643142056486
[-3.02695082e+00  1.47899139e-01  2.91693444e-01 -1.92854871e+00
  2.88881163e+02] 1.956082653324972
[-2.96038103e+00 -3.51925810e-02 -8.52956318e-02 -1.67278063e+00
  2.88604958e+02] 1.675323522729534
[-3.11938634e+00 -1.36052755e-02  1.25133604e-01 -1.73953510e+00
  2.86293151e+02] 1.7440831070114922
[-3.04429310e+00  1.18850853e-01  1.92345651e-02 -1.57754532e+00
  2.87184002e+02] 1.582132972920293
[-2.98928363e+00  4.96358110e-02  1.25544680e-01 -2.02861296e+00
  2.87712953e+02] 2.0331000237811563
[-2.95651329e+00 -1.65965604e-01 -9.14801527e-02 -1.55990980e+00
  2.87835742e+02] 1.5713789451444542
[-3.00963294e+00  2.80717321e-01  2.18364526e-01 -1.86867944e+00
  2.87469152e+02] 1.9022218916454048
[-2.92495865e+00  1.07970588e-01 -9.63208133e-02 -1.87718796e+00
  2.89007329e+02] 1.8827559516267296
[-2.98740415e+00  1.75300251e-01  3.69033661e-01 -2.01085978e+00
  2.88422389e+02] 2.051943734187235
[-2.97798861e+00  2.23378689e-01 -5.89793862e-02 -1.77785531e+00
  2.89063131e+02] 1.792803982574257
[-2.95188130e+00 -5.38063145e-01 -1.53183921e-01 -1.85615156e+00
  2.87974258e+02] 1.9386273216245922
[-2.98994122e+00  1.19614024e-02 -2.52889865e-01 -1.81121717e+00
  2.87685495e+02] 1.8288258501355585
[-3.08843083e+00 -2.56946791e-01 -2.22965763e-01 -1.83499288e+00
  2.86720626e+02] 1.866262110454452
[-3.04881918e+00  1.15084466e-01  1.88749975e-01 -1.96610261e+00
  2.89299082e+02] 1.9784919704762676
[-2.95581849e+00  2.81306105e-01 -4.88117568e-02 -1.77379147e+00
  2.88262765e+02] 1.7966223558620564
[-3.03652961e+00  2.40403418e-01  1.89151520e-01 -1.51685941e+00
  2.85796298e+02] 1.5473960652935133
[-3.02461050e+00 -1.96756134e-02 -2.18432254e-01 -1.94124402e+00
  2.89372907e+02] 1.9535936471466189
[-3.02921168e+00  2.09092120e-01 -1.37627805e-01 -1.93331930e+00
  2.87568036e+02] 1.9494574727224492
[-3.04475708e+00 -3.22068206e-02 -2.28873950e-01 -2.11948342e+00
  2.90234897e+02] 2.132048435711503
[-2.96177308e+00 -9.55886520e-02  8.39035467e-05 -1.87872929e+00
  2.88367956e+02] 1.8811594631158055
[-2.94536279e+00 -2.73520623e-01  8.88610744e-02 -2.02927267e+00
  2.89952985e+02] 2.0495505379852808
[-2.98593834e+00 -2.17833719e-01  1.84007176e-02 -1.84582443e+00
  2.88851346e+02] 1.8587248145996964
[-2.94822208e+00 -4.25683567e-02 -1.89150941e-01 -1.72577493e+00
  2.87602343e+02] 1.7366315838137267
[-3.02111774e+00 -1.70400197e-01  5.72013727e-02 -1.61183686e+00
  2.88304419e+02] 1.6218280716357063
[-3.02514750e+00 -1.70682876e-01 -1.09954575e-01 -1.84708033e+00
  2.88916582e+02] 1.8582056979410568
[-3.00220496e+00 -1.30389832e-03 -1.52067570e-01 -2.10317872e+00
  2.89844716e+02] 2.108669479541964
[-2.92518247e+00  8.70015830e-02 -7.34551841e-02 -2.20597304e+00
  2.91298725e+02] 2.2089096800705126
[-3.07927701e+00  2.05172025e-01 -3.17507875e-01 -2.00251028e+00
  2.88330067e+02] 2.037879835787059
[-2.99027735e+00 -2.08272332e-01  4.43964694e-02 -1.83769407e+00
  2.87583044e+02] 1.8499913215649009
[-3.05591450e+00 -1.35984962e-02  1.02899230e-03 -1.70251211e+00
  2.87226505e+02] 1.7025667241534688
[-3.11581580e+00 -1.14493620e-01  4.37094231e-02 -1.96935598e+00
  2.87096055e+02] 1.9731655498549716
[-3.00322538e+00 -2.38964827e-02  7.19736263e-01 -1.78922238e+00
  2.88405979e+02] 1.9287063184695783
[-3.00095957e+00 -3.45457026e-01  1.57658611e-01 -1.89335797e+00
  2.88202445e+02] 1.9310621957035994
[-2.96964564e+00  4.59526188e-02  1.53224949e-01 -1.81941096e+00
  2.88565276e+02] 1.8264297860145566
[-3.02830706e+00 -7.45560621e-02  1.02224690e-01 -1.89745283e+00
  2.87348669e+02] 1.9016665648823337
[-2.99857759e+00  1.75650116e-01 -2.07410481e-04 -1.91784317e+00
  2.87608951e+02] 1.925870041873257
[-2.92589912e+00 -1.44405972e-01 -1.47832214e-02 -1.81135176e+00
  2.88251984e+02] 1.8171589965593395
[-3.02466953e+00  1.10220879e-01 -2.25453008e-01 -1.81498189e+00
  2.87133165e+02] 1.8322491556487361
[-2.89883974e+00 -1.06230136e-01  1.65297874e-01 -2.03975402e+00
  2.88175228e+02] 2.0491961083798427
[-3.01889467e+00 -2.86155161e-02 -1.43445725e-01 -1.89432937e+00
  2.87990168e+02] 1.899968230837549
[-3.12289448e+00  3.14609562e-01  1.48246230e-01 -1.60595910e+00
  2.85902623e+02] 1.6431861594028199
[-2.99456658e+00 -8.00193146e-02  5.15877250e-01 -1.75711257e+00
  2.87289763e+02] 1.8330240037378471
[-3.05165016e+00 -1.40569891e-01  4.09210879e-03 -1.73124868e+00
  2.86910550e+02] 1.7369509622232473
[-2.95863867e+00  1.83728311e-01  5.87695749e-02 -1.82077314e+00
  2.88517516e+02] 1.8309627985060684
[-2.99243574e+00 -9.91099824e-02 -8.97403335e-02 -1.70572330e+00
  2.87870801e+02] 1.7109553142157263
[-3.02662733e+00 -1.73716752e-02 -2.20719313e-01 -2.04464485e+00
  2.88275878e+02] 2.0565970305730743
[-2.91019272e+00 -1.43128861e-01  8.15554856e-02 -2.18831602e+00
  2.89567485e+02] 2.194507731174306
[-3.00500254e+00 -1.26936170e-01  4.66872337e-02 -1.89705817e+00
  2.88213845e+02] 1.9018733332911282
[-2.95611680e+00  2.64325974e-01  1.47957864e-01 -1.51508228e+00
  2.86251271e+02] 1.5450676562022656
[-3.00736419e+00 -1.06804748e-01  3.64040041e-01 -1.59246355e+00
  2.87102686e+02] 1.637031629219814
[-2.99901901e+00 -1.48765971e-01 -2.59015091e-02 -1.94338914e+00
  2.86347970e+02] 1.9492469150249903
[-2.95654176e+00  1.59828393e-02  3.18617244e-01 -1.54097639e+00
  2.87490174e+02] 1.5736520031938042
[-2.95810830e+00  2.63472648e-02  3.15689489e-01 -1.77245482e+00
  2.86799807e+02] 1.8005416195036392
[-2.98545395e+00 -1.56527747e-01 -1.49006349e-01 -1.68681441e+00
  2.85860170e+02] 1.7006018567292445
[-3.02114097e+00 -2.88267365e-01  1.23080531e-01 -2.32048552e+00
  2.89313771e+02] 2.3415592928125544
[-3.03559685e+00 -2.33098232e-01  3.16350757e-02 -1.89722668e+00
  2.88290622e+02] 1.9117543383452815
[-3.07903508e+00  5.34950111e-02 -9.51299529e-02 -2.02248089e+00
  2.88811480e+02] 2.0254235003817915
[-2.99690060e+00 -5.84698592e-02 -1.07152388e-01 -2.06932106e+00
  2.89850755e+02] 2.072918237248136
[-3.02195944e+00 -2.64996341e-01 -3.03362547e-01 -1.62510233e+00
  2.86315524e+02] 1.6742787971896698
[-2.99190328e+00 -2.53945524e-01  2.09241791e-01 -2.23947823e+00
  2.88478052e+02] 2.2635222969243314
[-3.01843810e+00 -2.80362748e-01  3.27102476e-01 -1.82463134e+00
  2.87148752e+02] 1.8748010062840392
[-2.96654887e+00  1.37017278e-01  2.73450861e-01 -1.75076095e+00
  2.87053661e+02] 1.7772768522260955
[-2.94538794e+00 -2.65613410e-01  5.82891534e-02 -1.53777009e+00
  2.87595199e+02] 1.5616289407066655
[-3.03094278e+00  6.87701218e-02 -1.72785989e-01 -1.77650538e+00
  2.86119466e+02] 1.7862126709967807
[-3.01703909e+00 -1.10663632e-01  3.24018605e-01 -1.89372453e+00
  2.88657370e+02] 1.9244290255689576
[-2.99418412e+00  2.05832086e-01  8.41506901e-02 -2.03929934e+00
  2.88797943e+02] 2.0513873318256217
[-3.03208358e+00  2.16146191e-02  1.78482159e-02 -1.71454649e+00
  2.86513570e+02] 1.7147756168916037
[-2.97962474e+00 -1.89840058e-01 -8.55352675e-02 -1.74492041e+00
  2.88094123e+02] 1.7572998498120531
[-2.92712923e+00 -1.42321469e-01  3.28373686e-01 -1.72925614e+00
  2.86606392e+02] 1.7659024575670905
[-3.09304765e+00  4.17980785e-04 -1.40632413e-01 -1.83809531e+00
  2.86621817e+02] 1.8434673862009479
[-2.90612230e+00 -6.82001441e-02 -1.43432479e-01 -1.50574790e+00
  2.86608000e+02] 1.514100679566851
[-3.03310148e+00 -2.61167553e-01  2.06627384e-01 -1.99945226e+00
  2.87922542e+02] 2.0269959806156175
[-2.88520648e+00 -2.00270699e-02 -2.58483062e-01 -2.07063336e+00
  2.89527554e+02] 2.086800684626896
[-3.02329795e+00  1.13735560e-01  2.81760641e-01 -2.10034464e+00
  2.88746107e+02] 2.12220933441675
[-3.07607996e+00 -1.52264315e-01  3.96302360e-01 -1.52090702e+00
  2.86560829e+02] 1.579049764362701
[-3.06857567e+00  8.34830186e-02  1.20126142e-01 -1.98920066e+00
  2.88682942e+02] 1.994572381401536
[-3.04316298e+00 -1.17889964e-01  4.75697069e-02 -1.79892846e+00
  2.86661731e+02] 1.8034146797575676
[-2.94049700e+00 -1.59613006e-01 -8.85632342e-02 -2.01441612e+00
  2.88801018e+02] 2.0226695409186317
[-3.03765637e+00  2.43885704e-01 -2.26426290e-01 -1.98946909e+00
  2.86718646e+02] 2.0171108919730893
[-3.06752791e+00  3.31914761e-02  6.61998528e-02 -1.93973209e+00
  2.87893842e+02] 1.9411452002467204
[-3.04208907e+00 -7.77469669e-02  1.85202887e-01 -1.99170963e+00
  2.88419320e+02] 2.001812166788229
[-3.00029206e+00 -2.66443372e-02 -3.09096665e-01 -1.60083612e+00
  2.88414843e+02] 1.6306216475741044
[-2.97347320e+00  8.51611854e-02 -1.00827254e-01 -1.65357352e+00
  2.87325132e+02] 1.6588321085329334
[-2.98982873e+00 -2.25334604e-02 -3.45860887e-01 -1.50846888e+00
  2.88572953e+02] 1.5477744866520775
[-2.94021903e+00 -2.82721501e-01 -5.55745105e-02 -1.75307891e+00
  2.88899988e+02] 1.7765994589770657
[-2.94771567e+00 -1.96716321e-02 -1.01322414e-01 -1.70412330e+00
  2.87809929e+02] 1.7072461559039227
[-3.10288338e+00  1.90793139e-01 -2.62796630e-01 -1.79915371e+00
  2.87945423e+02] 1.8282281488347878
[-2.96095540e+00  1.73401696e-01  1.77029628e-01 -1.69185015e+00
  2.87948729e+02] 1.709901917727048
[-3.01001895e+00 -1.61370470e-01 -5.86165987e-02 -1.65072278e+00
  2.86456319e+02] 1.6596270764962642
[-3.04066375e+00  9.88685113e-03  2.15896684e-01 -1.78494118e+00
  2.87147704e+02] 1.7979777913957378
[-2.97221379e+00  6.52520757e-02  1.65383829e-01 -1.70885302e+00
  2.86134707e+02] 1.7180769153934492
[-3.03399065e+00  1.57118766e-01 -5.40926561e-02 -1.94442525e+00
  2.88988066e+02] 1.9515127161856662
[-3.02676026e+00 -7.65742524e-02  7.22290907e-02 -1.81382530e+00
  2.87779044e+02] 1.8168772313702604
[-2.98807861e+00 -1.27483512e-01  3.93358882e-01 -2.04348927e+00
  2.89204092e+02] 2.084905674706134
[-3.00175617e+00  3.83867501e-01 -2.59182054e-02 -1.93408604e+00
  2.86791477e+02] 1.971982463446412
[-3.11399222e+00 -1.15764111e-01  3.36632300e-01 -1.97794367e+00
  2.87842053e+02] 2.009722321797297
[-3.05424544e+00 -2.34081910e-01  1.73048560e-02 -1.86899507e+00
  2.87436827e+02] 1.8836762930967728
[-2.99990647e+00 -7.87013120e-02 -3.60689123e-01 -1.83868477e+00
  2.88624932e+02] 1.8753805517196873
[-2.99345938e+00  5.48951449e-01 -1.29659422e-01 -1.67854913e+00
  2.86530100e+02] 1.7707869576313506
[-2.93455436e+00  2.17220219e-01 -8.84067420e-02 -1.54513230e+00
  2.88398719e+02] 1.5628289121541536
[-2.96119589e+00  1.02072342e-01 -2.27747140e-01 -1.70558861e+00
  2.87540672e+02] 1.7237517343748585
[-3.03315948e+00  7.86958286e-02 -1.66610436e-02 -1.90566532e+00
  2.88776960e+02] 1.9073623028780382
[-2.97220337e+00  1.68224463e-01 -3.25009398e-02 -2.27500214e+00
  2.88458881e+02] 2.281444832804159
[-2.93730733e+00  1.68000885e-01  3.52457709e-02 -1.96292286e+00
  2.88793951e+02] 1.970414349918986
[-3.01994354e+00  1.62671922e-01 -6.75796989e-02 -1.94739411e+00
  2.87054292e+02] 1.9553447260168746
[-2.99942936e+00  7.17773520e-03  2.36162698e-01 -1.95638264e+00
  2.88223843e+02] 1.9705982308132588
[-3.01960458e+00 -4.37981732e-02 -1.27796294e-01 -1.66854574e+00
  2.87753881e+02] 1.67400569753865
[-3.00628299e+00 -8.94465101e-02 -1.75671332e-02 -1.84354818e+00
  2.87482834e+02] 1.8458004113799698
[-3.08014166e+00 -2.99872369e-02  2.32237732e-02 -2.19733395e+00
  2.87524962e+02] 2.197661271162915
[-3.05448920e+00  1.00920736e-01  7.96861931e-02 -2.01710839e+00
  2.88749440e+02] 2.0212028927158268
[-3.05355962e+00 -5.69410654e-02 -1.54351025e-01 -1.54592715e+00
  2.86440309e+02] 1.554656637947845
[-3.02321152e+00  1.24855236e-01 -2.23623169e-01 -1.86283502e+00
  2.88538876e+02] 1.8803591342386834
[-2.92181237e+00  1.67769548e-01 -4.03210599e-01 -2.00248976e+00
  2.87441719e+02] 2.0495586474364766
[-2.95011451e+00  1.53090688e-01  1.69132492e-02 -1.95482073e+00
  2.88450560e+02] 1.960879111130152
[ -2.99090357  -0.32718561  -0.32814095  -1.6919197  287.05062073] 1.75422894660737
[-3.03005822e+00  3.22563445e-01  2.06633162e-01 -1.54303616e+00
  2.87259651e+02] 1.5898757892578785
[-3.01977204e+00 -3.89036331e-01  9.30023846e-04 -1.63852738e+00
  2.86850686e+02] 1.6840790055810342
[-3.01537157e+00 -2.55748017e-01 -1.06249275e-01 -1.81442804e+00
  2.86622452e+02] 1.835441379325853
[-3.09575464e+00  1.22195989e-01 -3.01567250e-01 -1.82552653e+00
  2.86782552e+02] 1.854298192993357
[-3.07130540e+00  2.32490571e-01  4.13601741e-02 -2.11644629e+00
  2.87986527e+02] 2.1295791627816922
[-3.04989556e+00  9.73076003e-02  1.11529594e-01 -2.14381903e+00
  2.88615940e+02] 2.148922443101403
[-2.97045488e+00  1.06857935e-01 -3.50230247e-01 -1.70672051e+00
  2.87968555e+02] 1.7455585799099838
[-2.98426921e+00 -3.91383743e-02 -2.64892496e-01 -1.87129247e+00
  2.88144048e+02] 1.8903532353165866
[-3.04772900e+00  1.28130866e-01 -5.08308286e-02 -2.03955550e+00
  2.87704860e+02] 2.044208385496976
[-3.01838036e+00  2.12779235e-01  3.52283782e-01 -1.69111137e+00
  2.87904547e+02] 1.7404702019346843
[-2.99049320e+00  3.02820593e-02 -8.16457062e-02 -1.72992211e+00
  2.87538491e+02] 1.7321124449337872
[-3.03193766e+00  1.57723687e-01 -2.17941806e-01 -1.68425947e+00
  2.85684910e+02] 1.7056099648624359
[-2.95904661e+00 -2.98867485e-02  2.35165144e-01 -1.83601916e+00
  2.87955135e+02] 1.8512596349353974
[-2.96803933e+00 -3.15469645e-01 -8.04246748e-02 -1.70404160e+00
  2.88428877e+02] 1.7348622378533822
[-2.95840747e+00 -1.15765685e-01 -2.39798792e-01 -2.03221787e+00
  2.88481051e+02] 2.049588891052603
[-2.94892851e+00  7.93859201e-02  6.12849787e-02 -1.64541527e+00
  2.88385473e+02] 1.6484688024614054
[-2.97119920e+00 -1.06719975e-01  3.51361754e-01 -1.99168990e+00
  2.89080376e+02] 2.025258723848956
[-3.08726665e+00 -1.95830168e-01  4.33644570e-02 -1.47880695e+00
  2.87070216e+02] 1.4923471218453261
[-2.97372995e+00  2.05058634e-01  7.77289321e-02 -1.65974481e+00
  2.88164438e+02] 1.674169541383329
[-3.01256411e+00  4.69571654e-02  1.62037219e-01 -2.04584321e+00
  2.88090977e+02] 2.0527872454598697
[-2.99810192e+00 -2.50468708e-01  7.82661262e-02 -2.11456664e+00
  2.89428233e+02] 2.130786761833664
[-3.02450621e+00  9.31232603e-02  7.22399042e-02 -1.53242502e+00
  2.86195199e+02] 1.5369505519197066
[-3.01160096e+00  6.67522309e-02 -1.64709077e-01 -2.11154463e+00
  2.89536954e+02] 2.119010543992844
[-2.98659658e+00  2.02115276e-01 -1.33621579e-01 -1.99693943e+00
  2.88710133e+02] 2.0115845487569666
[-2.98790711e+00  2.71141515e-01 -6.71963479e-02 -1.68937695e+00
  2.86695556e+02] 1.7123164254313528
[-3.01604384e+00  3.18635969e-01  1.13635452e-01 -1.84193247e+00
  2.88727054e+02] 1.8727405368787073
[-2.97623597e+00 -2.65493108e-01 -1.55537820e-01 -1.79418141e+00
  2.87505770e+02] 1.8203751106754933
[-2.92508633e+00 -1.60030188e-02  5.89228603e-02 -1.99957239e+00
  2.89618425e+02] 2.000504370146283
[-2.96482587e+00 -3.22818280e-01  1.94576693e-01 -1.88778856e+00
  2.89798144e+02] 1.9250499656608275
[-3.04734879e+00  1.80226464e-01  2.02783660e-01 -1.43777221e+00
  2.86523234e+02] 1.4631444654999806
[-2.97961194e+00  1.07379195e-02  2.24014885e-01 -1.74198542e+00
  2.87626065e+02] 1.7563630532336154
[-3.01512563e+00  1.63893026e-01  3.12488265e-02 -2.27416695e+00
  2.89493612e+02] 2.280279094036576
[-3.05399833e+00  2.98496808e-01  1.97994875e-01 -1.96428940e+00
  2.87449352e+02] 1.9966810325873545
[-2.99779234e+00  3.00009719e-02  1.62117079e-01 -1.87742357e+00
  2.89101732e+02] 1.8846488472204814
[-3.04712996e+00 -3.29640801e-02  2.25432986e-02 -1.60816402e+00
  2.86191403e+02] 1.6086597944825374
[-3.02777559e+00  3.50624705e-01 -3.23150402e-03 -1.96486249e+00
  2.87413191e+02] 1.9959039897614148
[-3.02732909e+00 -3.67840760e-01 -1.62455416e-01 -1.80386686e+00
  2.87359126e+02] 1.8481434522162676
[-3.07686897e+00  1.55200177e-02 -6.02442511e-02 -2.04152989e+00
  2.87958138e+02] 2.0424775511204514
[-2.99704362e+00 -3.38650634e-01  1.09753632e-01 -1.67471342e+00
  2.86448682e+02] 1.712131752961886
[-3.01034356e+00 -2.46085850e-01  3.37973612e-02 -1.92395964e+00
  2.87115541e+02] 1.9399281397414703
[-2.92458313e+00  6.31061145e-02 -2.18142999e-01 -1.96231526e+00
  2.88156164e+02] 1.9754113315782431
[-3.04247524e+00 -1.06136458e-01  5.95694622e-02 -2.13345861e+00
  2.88223911e+02] 2.1369274971221115
[-3.01281909e+00 -1.33483139e-01  5.72761287e-02 -1.81706230e+00
  2.88043070e+02] 1.8228586649843288
[-3.10803291e+00 -2.39364950e-01  2.35623314e-01 -1.48135635e+00
  2.85720518e+02] 1.518957064459551
[-2.90854135e+00 -6.70770602e-02 -2.99118177e-01 -1.76541152e+00
  2.89660400e+02] 1.7918283586200223
[-3.06246774e+00 -2.64181237e-01  2.07871189e-01 -2.14669056e+00
  2.88877478e+02] 2.1728512377914426
[-3.00842213e+00 -4.36292184e-01  5.78854685e-02 -1.78268466e+00
  2.88610638e+02] 1.8362097348271869
[-2.98244948e+00 -1.01677749e-01 -2.27979207e-01 -1.49058186e+00
  2.87631340e+02] 1.5113395276559995
[-3.04195229e+00  2.84324489e-01  1.78852445e-01 -1.96506925e+00
  2.89088205e+02] 1.9935711115132468
[-3.06258750e+00 -2.00459377e-01  1.80441846e-01 -2.04423607e+00
  2.89368537e+02] 2.061951587291542
[-3.06034621e+00 -8.24986785e-02 -7.38878678e-02 -1.94575741e+00
  2.87613451e+02] 1.948906706603333
[-2.95089571e+00  2.93252792e-01 -8.17772278e-02 -1.97732569e+00
  2.89479165e+02] 2.0006252977132437
[-3.03878255e+00  2.36681632e-01  4.89815365e-02 -1.80941744e+00
  2.87738176e+02] 1.8254886618902104
[-2.99198748e+00  2.67980242e-01 -4.38497945e-02 -1.92041342e+00
  2.88244849e+02] 1.9395164140791294
[-3.03288549e+00  1.10927560e-01  2.70817244e-01 -1.99450249e+00
  2.86491428e+02] 2.015858896975773
[-2.95461964e+00  7.36348219e-02  1.86135595e-01 -1.95727866e+00
  2.89329338e+02] 1.9674878145051942
[-2.93731299e+00 -9.51697524e-02 -1.45618409e-01 -1.96320693e+00
  2.86454741e+02] 1.9708991472316666
[-3.02466954e+00  1.94088981e-01 -2.88788324e-02 -1.94762296e+00
  2.87197879e+02] 1.9574830089161344
[-2.96689817e+00 -1.64808720e-01  8.49351727e-03 -1.91150107e+00
  2.87485481e+02] 1.9186115820087335
[-2.95229775e+00 -3.11786583e-02  2.37869105e-01 -1.94601508e+00
  2.88234142e+02] 1.9607469317400081
[-3.00941903e+00  1.50927559e-01 -8.58041306e-02 -1.45797574e+00
  2.86196416e+02] 1.4682761052377427
[-2.96395052e+00 -1.68996532e-01 -1.21374138e-01 -1.74297395e+00
  2.87813908e+02] 1.7553488780248747
[-2.97525104e+00  2.17952360e-02  1.41228774e-01 -1.75844389e+00
  2.88156678e+02] 1.7642407705515504
[-2.96917343e+00  9.08117207e-02 -5.07529978e-02 -1.52351109e+00
  2.87356452e+02] 1.5270588306038122
[-3.04323632e+00 -1.93863062e-01 -2.89318700e-01 -1.77253458e+00
  2.87012551e+02] 1.80642382038933
[-3.08546750e+00  3.57497020e-01 -1.25557752e-01 -1.65506054e+00
  2.87661430e+02] 1.697879340598874
[-3.02129602e+00  2.58256070e-01 -1.03088543e-01 -1.60959332e+00
  2.88499793e+02] 1.6334362892542929
[-3.01478941e+00 -4.78045318e-02 -6.91436928e-02 -1.92720564e+00
  2.86935283e+02] 1.9290380242060212
[-3.00908235e+00 -8.36494313e-03  4.40146746e-03 -1.60131289e+00
  2.88244907e+02] 1.601340786245644
[-2.95070247e+00  2.50124081e-01  1.08479194e-01 -1.85724642e+00
  2.88219091e+02] 1.8771505161438269
[-2.99735749e+00  3.05795828e-01  8.33910247e-02 -1.83352135e+00
  2.87115823e+02] 1.8607164506529743
[-2.97724517e+00 -2.13296026e-01  6.67549815e-02 -1.86162137e+00
  2.88759887e+02] 1.8749894811148968
[-3.00120048e+00  2.22581633e-01 -1.27501518e-01 -1.92673396e+00
  2.88106720e+02] 1.943734288968106
[-2.98811439e+00  1.44285806e-01  2.48501960e-01 -1.95308392e+00
  2.88769593e+02] 1.9741095286360004
[-2.93966122e+00  2.12180566e-01  1.05397501e-01 -1.85163249e+00
  2.88813893e+02] 1.86672764754248
[-3.08986032e+00 -1.75495394e-01  8.45482208e-02 -1.64532614e+00
  2.85995558e+02] 1.6568177761975587
[-2.97147962e+00 -3.63052047e-04 -2.43554931e-01 -1.78804363e+00
  2.87158434e+02] 1.8045551113835991
[-3.05333329e+00  1.57697331e-01  2.77781339e-01 -2.05877103e+00
  2.87995780e+02] 2.0834032406756586
[-2.91946240e+00 -3.70744935e-01 -1.30254329e-01 -1.64487515e+00
  2.87877776e+02] 1.6911629938094035
[-3.07255133e+00  2.11624483e-01 -1.76569705e-02 -1.80130481e+00
  2.86830097e+02] 1.8137794011403856
[-2.88754572e+00  5.65222535e-02 -7.23862725e-02 -2.09771656e+00
  2.90798449e+02] 2.099726008792851
[-2.92991712e+00  9.07487961e-02  1.02421810e-01 -1.91296798e+00
  2.88135528e+02] 1.917856109273957
[-2.97779211e+00  1.60579686e-01 -1.15908719e-01 -1.89643168e+00
  2.87628505e+02] 1.906744292203462
[-3.04322230e+00  3.44470799e-01  9.70409832e-02 -1.77111592e+00
  2.87277057e+02] 1.8069113689625187
[-2.99346063e+00 -1.74274836e-01  1.65694521e-01 -1.61577095e+00
  2.87227648e+02] 1.6335673089399732
[-3.01180203e+00 -1.60276168e-01 -1.27622497e-02 -1.88769754e+00
  2.87813996e+02] 1.894532487208097
[-3.02520885e+00 -5.98398513e-02  5.76534289e-02 -1.72561054e+00
  2.87076522e+02] 1.7276100464012958
[-3.05415282e+00 -2.49864745e-02 -1.05724864e-02 -1.74138500e+00
  2.87975745e+02] 1.7415963426320078
[-3.00802309e+00  2.20547757e-01  3.63661114e-02 -1.80060154e+00
  2.88492352e+02] 1.8144226934749665
[-3.00710427e+00  1.75161842e-01  2.77320596e-03 -1.75329670e+00
  2.86770048e+02] 1.7620268683851124
[-2.96391733e+00  3.00498167e-01  6.14531497e-02 -1.59042195e+00
  2.87174730e+02] 1.619727641429332
[-3.05705934e+00 -3.20486427e-01  8.86604054e-02 -1.73724435e+00
  2.86731962e+02] 1.7687821112700561
[-3.08851610e+00  2.08436258e-01  1.35626621e-01 -1.85308731e+00
  2.88262385e+02] 1.8696985891927682
[-2.99230714e+00  3.24690934e-01  2.58698580e-02 -1.67151058e+00
  2.88145175e+02] 1.7029506909277052
[-3.06686028e+00  2.46470633e-01 -2.89941067e-01 -1.86748726e+00
  2.86438657e+02] 1.9058652231855953
[-2.95214778e+00  5.88892036e-02 -1.53839055e-02 -1.70892207e+00
  2.86686452e+02] 1.7100056250540396
[-2.93108154e+00 -2.69180193e-01 -2.72775054e-01 -1.70400626e+00
  2.86856442e+02] 1.746568507614948
[-3.07011305e+00 -2.17624768e-02 -4.44354448e-02 -1.67193763e+00
  2.86889422e+02] 1.6726695871122836
[-2.95836401e+00  1.18327841e-01 -8.33042160e-02 -2.04119357e+00
  2.87590875e+02] 2.046316749909041
[-3.00954485e+00  1.18400321e-02 -2.34881838e-01 -1.88371573e+00
  2.86544413e+02] 1.898339959299133
[-2.91879598e+00  1.85638360e-01 -1.35302311e-01 -2.09486472e+00
  2.89667437e+02] 2.1074217732350533
[-3.03169074e+00  1.47097617e-02  1.10530168e-01 -1.95230983e+00
  2.88583160e+02] 1.955491485602017
[-3.09550475e+00  5.15107210e-02  4.76797852e-02 -1.53447618e+00
  2.86729842e+02] 1.5360806822813962
[-2.98545091e+00 -2.18956282e-01 -8.86937740e-02 -1.81635868e+00
  2.87236943e+02] 1.8316569781975915
[-3.02185097e+00  1.17645430e-01  6.12897533e-02 -1.66278830e+00
  2.86656784e+02] 1.6680712842133827
[-2.95760836e+00  7.27619041e-02 -2.37052752e-01 -1.75556890e+00
  2.87517971e+02] 1.7729947694810857
[-2.95576433e+00 -2.80568612e-01 -2.40775408e-01 -2.20242661e+00
  2.88081515e+02] 2.2332430526961033
[-2.99221281e+00  8.20987874e-02  1.82920502e-01 -1.81636120e+00
  2.87777811e+02] 1.8273938031987156
[-3.05235477e+00 -2.06206358e-02 -2.15647552e-02 -1.91078464e+00
  2.87641582e+02] 1.9110175804206244
[-3.01077835e+00  7.98890111e-02 -8.25103381e-03 -1.96115256e+00
  2.87421019e+02] 1.9627964004255054
[-2.94229726e+00  1.35553688e-01  8.17999755e-02 -1.76453421e+00
  2.87510773e+02] 1.7716227045368969
[-2.91644903e+00  6.67701229e-02 -2.26071723e-02 -1.76126716e+00
  2.87704358e+02] 1.7626773192129006
[-2.96699975e+00  8.11733862e-02  1.88230655e-01 -2.33401951e+00
  2.88951038e+02] 2.343003837587304
[-3.00122495e+00 -2.24921689e-01  2.78574723e-01 -1.78543183e+00
  2.88136875e+02] 1.8209778872996194
[-2.98357718e+00 -1.10532166e-01 -9.60051347e-03 -1.72108289e+00
  2.87823013e+02] 1.7246552826234633
[-2.98096156e+00  2.25592616e-01  3.47030660e-01 -2.13439440e+00
  2.90453217e+02] 2.174157709028843
[-2.92664634e+00  2.06734153e-01 -5.62981677e-02 -1.59347398e+00
  2.88320972e+02] 1.6078146119593049
[-2.99171491e+00 -8.98882544e-02  3.99010167e-02 -1.92265286e+00
  2.88766094e+02] 1.92516648737113
[-2.96011026e+00 -5.06367885e-03 -1.44898228e-01 -1.90474969e+00
  2.88834347e+02] 1.9102598018465942
[-3.00921395e+00 -2.97703407e-01  1.17482984e-01 -1.85226834e+00
  2.88661254e+02] 1.8797147550919369
[-3.01679578e+00 -3.08497396e-01 -1.22929544e-01 -1.61141068e+00
  2.87661199e+02] 1.6452740497671587
[-3.05578445e+00  1.13953662e-01 -6.28587915e-02 -1.95967308e+00
  2.87512555e+02] 1.9639896253683564
[-3.00671256e+00  1.58597387e-01 -2.42589356e-01 -1.96868206e+00
  2.87359894e+02] 1.9899024562438241
[-3.03790406e+00 -3.23466903e-01  1.92231146e-01 -1.73533370e+00
  2.87901741e+02] 1.7756595131001245
[-3.01547452e+00  5.86895940e-02  4.12655135e-02 -1.70568261e+00
  2.86613320e+02] 1.7071908104407718
[-3.02888349e+00 -2.30329769e-01 -3.89936936e-03 -1.78834920e+00
  2.88424379e+02] 1.8031250324874655
[-2.92446557e+00  9.60071357e-02 -8.09525693e-02 -2.07141940e+00
  2.89025987e+02] 2.0752226398863036
[-3.07109645e+00 -3.58060552e-01  3.60456367e-02 -1.96597245e+00
  2.87823136e+02] 1.9986381176818513
[-2.93730735e+00 -2.91528563e-01 -8.03586696e-02 -1.94634256e+00
  2.86794068e+02] 1.9696943384541243
[-2.98934100e+00 -1.46714849e-01 -3.14447838e-01 -1.76138478e+00
  2.86888329e+02] 1.795237878817619
[-2.90231296e+00 -1.14132829e-01 -9.86244464e-02 -1.90357778e+00
  2.89953596e+02] 1.9095448285272256
[-2.94124149e+00 -2.37664854e-01  9.38786845e-02 -1.69072031e+00
  2.87501254e+02] 1.7099219114729531
[-3.01935950e+00 -1.19426342e-01 -1.47984391e-01 -1.91516997e+00
  2.88286396e+02] 1.9245877644877225
[-2.97906900e+00 -2.61236645e-02  3.75639428e-01 -1.81406150e+00
  2.88476086e+02] 1.8527294854548806
[-3.06717097e+00  2.62605555e-01 -1.47522948e-01 -1.76247697e+00
  2.87293292e+02] 1.7880295783634703
[-3.02816807e+00 -1.31656288e-01  5.75622709e-02 -2.12638910e+00
  2.88937012e+02] 2.131238466847639
[-2.95187955e+00 -4.78159385e-01  1.57033595e-01 -1.61803856e+00
  2.87017334e+02] 1.6945042725354083
[-3.04537255e+00  1.03644994e-02  3.20856310e-01 -2.02029039e+00
  2.87363984e+02] 2.0456366875023657
[-2.93582349e+00  1.07397461e-01  2.69308777e-02 -2.10660739e+00
  2.89513646e+02] 2.1095151538504666
[-2.99332073e+00 -1.03406773e-01 -2.13857348e-01 -1.74661851e+00
  2.87990668e+02] 1.7626979776862992
[-2.88837597e+00  1.73870364e-01 -1.40308203e-01 -2.22254157e+00
  2.89812314e+02] 2.2337431207177976
[-2.86585231e+00 -2.52389944e-01  6.94347467e-02 -1.41203545e+00
  2.87040384e+02] 1.4360940006765683
[-2.99910586e+00  1.37084369e-02 -2.90109049e-01 -2.04780699e+00
  2.87407936e+02] 2.068299940026966
[-2.93047356e+00 -2.04768539e-01  1.99912725e-01 -2.03706224e+00
  2.88840914e+02] 2.057065342231898
[-2.95892691e+00  8.65675266e-02  4.12229919e-02 -1.43234735e+00
  2.85976559e+02] 1.4355529264851066
[-3.04076928e+00 -5.90121730e-02 -9.09062977e-02 -1.80002087e+00
  2.87130641e+02] 1.803280768184538
[-3.02704805e+00  4.20032586e-01  4.48658193e-03 -1.78350419e+00
  2.87648364e+02] 1.8323031113400787
[-3.03110740e+00 -2.05953465e-01 -2.08905505e-01 -1.90278200e+00
  2.87584441e+02] 1.925263014424727
[-3.03357310e+00 -5.01057327e-02  1.33454933e-01 -2.15932965e+00
  2.88281732e+02] 2.16402988593468
[-3.01937109e+00 -1.19663310e-01 -2.92403649e-01 -2.02027685e+00
  2.88191038e+02] 2.0448319583680536
[-2.96398226e+00  1.15896053e-01  6.87589651e-02 -1.87644845e+00
  2.88192174e+02] 1.8812810734644556
[-2.97510542e+00 -8.77357018e-02  3.10178153e-01 -2.08325991e+00
  2.89771470e+02] 2.108051208592152
[-2.95130077e+00  6.69681420e-02  2.77465881e-01 -1.76505551e+00
  2.87294880e+02] 1.787985737392592
[-3.05401406e+00 -9.28910651e-02  4.11626033e-02 -1.73059759e+00
  2.88249912e+02] 1.7335775480290536
[-3.06287286e+00 -3.13774504e-01 -1.53103095e-01 -2.04644949e+00
  2.88426671e+02] 2.0760179441444584
[-3.04836329e+00  9.59266534e-02 -1.89961523e-01 -1.94301988e+00
  2.88056367e+02] 1.9546389826556911
[-2.99242121e+00  5.76043804e-03  2.61750938e-01 -1.94315566e+00
  2.87763837e+02] 1.9607143199962223
[-3.03100936e+00 -2.40792631e-01  1.19094093e-02 -2.02615863e+00
  2.87816229e+02] 2.040451353617484
[-2.99809412e+00  2.78695133e-01 -1.66253815e-01 -1.60457704e+00
  2.87602557e+02] 1.6370640742754277
[-3.16321181e+00 -1.45359881e-01 -4.58824319e-02 -2.10268030e+00
  2.88059849e+02] 2.1081980744550237
[-3.01341482e+00 -1.33168949e-01 -8.77722318e-02 -1.84891129e+00
  2.86843800e+02] 1.855777703634945
[-2.97806945e+00 -1.35047531e-01 -1.55601914e-02 -1.91442509e+00
  2.89453699e+02] 1.9192455191005915
[-3.00563285e+00  7.90982188e-02  1.57250746e-02 -1.93240311e+00
  2.87349171e+02] 1.9340852067304863
[-3.00558337e+00 -1.57735588e-01  3.25280540e-01 -1.76997223e+00
  2.88261157e+02] 1.806513114574881
[-2.95636661e+00  1.46411293e-01 -7.35522774e-02 -1.55222198e+00
  2.87349661e+02] 1.5608456939404163
[-3.03473600e+00  4.55922683e-02  2.62298055e-01 -1.70980769e+00
  2.87383503e+02] 1.7304107154752035
[-2.98910457e+00  1.57383808e-01  1.49707440e-01 -2.01248186e+00
  2.87999674e+02] 2.0241702528859444
[-2.96417990e+00  8.52756577e-02  2.35801963e-01 -2.10041653e+00
  2.87303219e+02] 2.1153307330186215
[-2.94501586e+00  1.55590323e-01 -3.52013195e-02 -2.02573810e+00
  2.89418441e+02] 2.032009430164283
[-3.04710760e+00  1.75482218e-01  8.05531413e-02 -1.87806577e+00
  2.88576535e+02] 1.8879655359679746
[-2.96589100e+00  1.83247228e-01  1.29250453e-01 -1.58894359e+00
  2.88424777e+02] 1.6046890545907209
[-3.03583809e+00 -2.44740336e-02 -6.10214495e-01 -1.82463825e+00
  2.88800191e+02] 1.92412719349788
[-3.02579136e+00  2.03242114e-01 -1.71208369e-01 -1.87425393e+00
  2.87492899e+02] 1.8929995925614849
[-3.05222883e+00 -7.11346453e-02 -4.19186815e-03 -1.76941395e+00
  2.86461271e+02] 1.7708482218019104
[-3.04134005e+00  5.59198637e-03  2.76252846e-01 -1.67422075e+00
  2.87574557e+02] 1.6968683036392447
[-3.01174623e+00 -4.02449977e-01 -1.28116659e-01 -1.40588124e+00
  2.87357419e+02] 1.467951610223276
[-3.02811274e+00  8.77184637e-02  5.93000709e-02 -2.01069657e+00
  2.86671026e+02] 2.0134824852074225
[-2.97818831e+00  1.39926037e-01  6.90920720e-02 -1.79541006e+00
  2.88228489e+02] 1.8021793151608325
[-3.11388896e+00 -1.56319433e-01  2.62310706e-01 -1.98224521e+00
  2.86920461e+02] 2.0056267755557955
[-2.98331433e+00  2.61110710e-01  1.04320888e-01 -2.16221619e+00
  2.88728727e+02] 2.1804220914069417
[-3.01617997e+00  3.80589158e-02  1.57427806e-02 -1.87905441e+00
  2.87098911e+02] 1.8795057285975254
[-3.00004596e+00 -1.75095148e-01 -1.94999017e-01 -1.73475830e+00
  2.87022975e+02] 1.7544427259515567
[-2.99318721e+00 -1.50089344e-02 -1.45204389e-01 -1.99430715e+00
  2.86762598e+02] 1.999642612928188
[-2.91569563e+00 -3.80210268e-01  3.64961963e-02 -1.79992848e+00
  2.88434026e+02] 1.8400093330409355
[-3.08904390e+00 -1.06797563e-01 -7.84507046e-02 -1.89404658e+00
  2.87894938e+02] 1.8986765607969063
[-3.09979696e+00 -1.36889287e-03  1.00440337e-01 -1.93162763e+00
  2.86270915e+02] 1.9342376918560338
[-2.98205279e+00 -1.63370779e-01 -2.13516142e-01 -1.87475812e+00
  2.90421388e+02] 1.8939369510989352
[-2.96012122e+00 -1.69912033e-01  2.92085541e-01 -2.10423764e+00
  2.90589569e+02] 2.131196868764934
[-3.09101714e+00 -2.41136475e-01  3.41905147e-01 -1.95759572e+00
  2.85822719e+02] 2.001805919558648
[-3.01262555e+00  4.22382949e-01  1.62277414e-01 -2.11891195e+00
  2.88052329e+02] 2.1666862131499114
[-2.93303113e+00  8.82093625e-02 -3.30939842e-01 -1.82502206e+00
  2.88768660e+02] 1.8568811460194532
[-2.94544980e+00  3.08981838e-02  3.86930681e-01 -1.90438617e+00
  2.89109126e+02] 1.9435423198681299
[-3.00119148e+00  1.43722578e-01  1.28678871e-02 -2.05386480e+00
  2.87980234e+02] 2.058927479311685
[-3.00097994e+00 -2.35590765e-01 -1.35679091e-02 -1.50791268e+00
  2.87051321e+02] 1.5262659476147953
[-3.00896519e+00  3.61286847e-02  3.58893339e-01 -1.83108375e+00
  2.86742538e+02] 1.8662736723058013
[-3.01480755e+00  2.07889773e-01 -1.66516814e-02 -2.15061010e+00
  2.87417697e+02] 2.1606987839855445
[-3.03422704e+00 -2.33473651e-01 -1.30888295e-01 -1.94558901e+00
  2.87503515e+02] 1.963914024856961
[-3.07731981e+00  1.01914885e-01  3.01280189e-01 -1.62676997e+00
  2.87938573e+02] 1.6575695864324618
[-3.02938691e+00 -7.02878637e-02  1.35203585e-01 -2.07137784e+00
  2.89556846e+02] 2.076975338164206
[-2.99613530e+00 -2.16887512e-01 -3.80697526e-01 -1.86720900e+00
  2.86877567e+02] 1.917926031817714
[-3.00439859e+00 -1.75682156e-02  8.54136372e-02 -1.73709145e+00
  2.86696816e+02] 1.7392788295300654
[-2.90984855e+00 -2.10649650e-01 -8.62493580e-02 -1.96261269e+00
  2.88824961e+02] 1.9757684106744218
[-3.09461107e+00  3.13763861e-01  6.34948142e-03 -1.61091943e+00
  2.86418479e+02] 1.6412036692968
[-3.04200811e+00  8.91559835e-02 -5.94671289e-02 -2.11221917e+00
  2.89284589e+02] 2.114936155471229
[-3.10673014e+00  6.94535610e-02 -1.08186676e-01 -2.02640303e+00
  2.87379402e+02] 2.0304771297840767
[-2.99672081e+00  2.10387943e-01 -9.44581922e-03 -1.68034309e+00
  2.85927910e+02] 1.6934890637850637
[-3.02736742e+00  1.09903410e-01 -5.62906575e-01 -1.75910929e+00
  2.86611711e+02] 1.850245406746267
[-3.02774280e+00 -1.03016275e-02 -3.90400491e-02 -1.99499575e+00
  2.86214444e+02] 1.995404293128146
[-3.01156168e+00 -7.06886132e-03 -6.88556254e-02 -1.60918418e+00
  2.85926882e+02] 1.6106721597066462
[-2.97542359e+00 -6.69344098e-02  1.23694665e-01 -1.89265383e+00
  2.88924997e+02] 1.8978722569233701
[-2.92366544e+00  2.95955233e-02  1.13296812e-01 -1.80763581e+00
  2.89328364e+02] 1.8114246518693808
[-2.95324587e+00 -2.29465499e-02  4.88342731e-01 -1.83109973e+00
  2.89722153e+02] 1.8952391408948706
[-2.94713477e+00  3.55575916e-02  2.86864321e-01 -1.77482066e+00
  2.88969097e+02] 1.7982057323112877
[-3.04982686e+00 -1.98120402e-01 -1.56539389e-01 -1.75305925e+00
  2.87985810e+02] 1.7711501960142906
[-3.11089196e+00 -1.12224176e-01  1.41552945e-01 -1.69020235e+00
  2.86639381e+02] 1.6998280716661178
[-3.04587760e+00  3.66123169e-01  4.92805767e-02 -2.03755461e+00
  2.87661253e+02] 2.070773661836185
[-2.97664545e+00 -1.17407918e-01 -1.40920137e-01 -1.83383067e+00
  2.88746198e+02] 1.842980749221551
[-3.02765695e+00 -5.07841839e-02  3.33215014e-01 -1.96178981e+00
  2.89200989e+02] 1.99053523692702
[-2.94328549e+00  1.41302051e-01  5.67223251e-02 -1.69565418e+00
  2.87700771e+02] 1.7024766642351687
[-2.97970959e+00 -1.18742975e-01  1.61395701e-01 -1.87704076e+00
  2.86912461e+02] 1.8877050876527142
[-2.97711580e+00 -1.14334847e-01 -1.08454320e-01 -1.59806843e+00
  2.86962331e+02] 1.6058198862603983
[-3.04282573e+00 -1.78504391e-01  3.23953165e-02 -1.77354158e+00
  2.87313158e+02] 1.7827964000396954
[-2.95253091e+00 -1.59739632e-01  3.12132718e-01 -2.15674265e+00
  2.90319166e+02] 2.185058911199041
[-3.11832938e+00 -3.37714304e-01  4.64093452e-02 -1.93945120e+00
  2.87212720e+02] 1.969181486950777
[-3.02903215e+00 -6.41763447e-02 -2.20497905e-02 -1.93898047e+00
  2.88320810e+02] 1.9401675344619431
[-3.03833534e+00  5.17013542e-02  4.55911338e-02 -1.80001265e+00
  2.87694469e+02] 1.8013320401832156
[-3.04659223e+00 -3.53549104e-01 -1.36117119e-01 -1.82104504e+00
  2.87706799e+02] 1.8600349101718197
[-2.96522263e+00 -1.73288941e-01  5.81488849e-02 -1.93935199e+00
  2.88563667e+02] 1.9479467406337196
[-2.99703403e+00  9.76372977e-02  2.49462467e-01 -1.94645740e+00
  2.87648112e+02] 1.9648055781234166
[-2.96561111e+00  2.00346520e-01 -3.91485447e-01 -2.03075778e+00
  2.87961792e+02] 2.0778298159526774
[ -2.92379283   0.31411017  -0.39207952  -1.74832614 288.66547305] 1.819075546053196
[-3.04819787e+00 -1.67735875e-01 -2.93954604e-01 -1.91664551e+00
  2.87197007e+02] 1.9462976713840574
[-2.93371001e+00  9.97549900e-02  3.11867297e-02 -2.00405127e+00
  2.90532176e+02] 2.006774812906879
[-2.96441267e+00 -2.17821047e-01  3.05665318e-01 -1.60750688e+00
  2.86365379e+02] 1.6507439778488786
[-2.97228029e+00  7.61465438e-02  2.15265802e-01 -1.83519650e+00
  2.88368517e+02] 1.8493468691191348
[-3.00679496e+00  4.46627767e-02  3.08925710e-01 -1.57228977e+00
  2.87465939e+02] 1.6029737952721412
[-2.92186589e+00  6.69947093e-02  1.00679055e-02 -1.94333006e+00
  2.89086810e+02] 1.944510572866732
[-3.01650407e+00 -1.31954733e-01 -2.60043039e-02 -1.76258707e+00
  2.88413543e+02] 1.7677107961496574
[-2.99354457e+00  9.17611350e-02 -2.01433779e-01 -1.88847775e+00
  2.89606012e+02] 1.90140576629305
[-2.97959338e+00  1.11555447e-01  3.10102717e-03 -1.87810995e+00
  2.86666500e+02] 1.881422658482589
[-3.07065891e+00 -1.55453024e-01  3.03200912e-02 -1.96925539e+00
  2.88080086e+02] 1.975614270101204
[-2.95067141e+00 -2.36406871e-02 -3.64447089e-01 -2.16937115e+00
  2.90217665e+02] 2.1998981254693204
[-2.99034314e+00 -1.59250182e-01  6.95271756e-02 -1.71392812e+00
  2.87159001e+02] 1.7227142145620669
[-2.92565404e+00  2.42325457e-02  2.26529026e-04 -1.92082946e+00
  2.88730097e+02] 1.9209823239704433
[-2.94503839e+00 -4.34210926e-02  1.50317231e-01 -1.66990678e+00
  2.87389727e+02] 1.6772207092862372
[-2.97931590e+00  1.86827817e-01 -5.06973460e-02 -1.85589870e+00
  2.87823042e+02] 1.8659675346405915
[-2.99679708e+00 -1.73348927e-01 -5.21397979e-02 -2.17088905e+00
  2.88574342e+02] 2.1784232072574445
[-2.89710731e+00 -1.97665312e-01  1.37746392e-01 -1.71778371e+00
  2.88728701e+02] 1.7345969288119794
[-3.01810801e+00  1.59245156e-01 -1.15730382e-01 -2.19760901e+00
  2.86907028e+02] 2.206408373170214
[-2.96383882e+00  3.44557987e-02  1.37185957e-01 -1.86765006e+00
  2.88701918e+02] 1.872998649280924
[-2.99837759e+00  1.26914879e-01 -2.54743781e-01 -1.89361738e+00
  2.89903332e+02] 1.9148860434129256
[-2.98175219e+00  2.49767692e-01 -2.30598766e-01 -1.71609670e+00
  2.87909848e+02] 1.7494420703285924
[-2.92720731e+00  3.21558699e-01  1.71231514e-01 -1.30246059e+00
  2.86634592e+02] 1.3524510375137937
[-3.02064313e+00  2.09762204e-01  5.38349713e-02 -1.72291082e+00
  2.86961970e+02] 1.7364676980322804
[-2.97357052e+00  1.14497668e-01  1.30917152e-01 -1.65517381e+00
  2.87289803e+02] 1.664286437808357
[-2.99465487e+00  2.29912920e-01 -4.64841354e-01 -1.76314639e+00
  2.88184450e+02] 1.8378309617105397
[-3.04128203e+00  2.18982598e-01 -2.07159340e-02 -1.67915150e+00
  2.87619854e+02] 1.6934970621093675
[-3.05368059e+00  5.82572484e-02 -1.48628228e-01 -1.55472645e+00
  2.85554012e+02] 1.5629007014377625
[-3.04416447e+00 -1.38758371e-01 -1.06108317e-01 -1.71303626e+00
  2.88543234e+02] 1.7219192988113008
[-3.05064080e+00 -1.88080191e-01 -1.83409001e-01 -1.79862172e+00
  2.87632887e+02] 1.8177054504830392
[-2.99634139e+00 -1.22399573e-01  7.16344769e-02 -1.92298036e+00
  2.88117783e+02] 1.9282029549409012
[-3.02136576e+00  1.75111521e-01  7.19563365e-02 -2.01835552e+00
  2.88111863e+02] 2.027215025266302
[-3.02218258e+00  5.58426347e-02  7.05572193e-02 -1.36962475e+00
  2.87353961e+02] 1.3725773835334851
[-2.99805673e+00  1.83109651e-01  1.11287314e-01 -1.88633012e+00
  2.87856812e+02] 1.8984613036211877
[-2.94461697e+00  2.03130919e-01 -2.38585495e-01 -1.87273827e+00
  2.88458717e+02] 1.898771668455199
[-2.99725460e+00  8.85057728e-02  1.67054518e-01 -1.84554068e+00
  2.87032341e+02] 1.8551983388701503
[ -2.97229028  -0.33252599  -0.38174182  -1.90173068 287.80134732] 1.967963397863146
[-2.86539458e+00 -9.99556420e-02  1.77630425e-01 -2.09207087e+00
  2.89952909e+02] 2.1019762693051796
[-2.99182117e+00 -2.54264531e-01 -1.79443894e-01 -1.78006629e+00
  2.87567736e+02] 1.8070657299590913
[-2.98942943e+00  2.58449924e-01 -1.23516905e-01 -1.77798437e+00
  2.88265778e+02] 1.8009112177696849
[-3.03509787e+00 -3.66764567e-01 -2.29207444e-02 -1.56466417e+00
  2.87097479e+02] 1.6072384969312623
[-3.06130744e+00 -1.78821889e-01 -1.92652300e-01 -2.21546168e+00
  2.90214099e+02] 2.231000365688146
[-2.96042719e+00 -6.34784891e-02  3.74722401e-01 -1.63466610e+00
  2.87682810e+02] 1.6782668613333733
[-3.08639920e+00  1.39871230e-01  5.19766502e-02 -1.88662503e+00
  2.86740689e+02] 1.8925167174520374
[-3.02918133e+00 -3.24149996e-01  5.29645789e-02 -1.79044891e+00
  2.87407829e+02] 1.8203257290747765
[-3.08773595e+00  2.93858890e-02  1.27131161e-01 -1.95792858e+00
  2.86639300e+02] 1.9622716884390015
[-2.97850615e+00 -2.29450992e-01  3.19138695e-02 -1.80681129e+00
  2.87905749e+02] 1.8216018488438674
[-2.93309594e+00  2.36462756e-03  2.33761981e-01 -1.72322987e+00
  2.88931317e+02] 1.739014507170027
[-3.00090922e+00  7.52750003e-02 -1.79370482e-02 -2.04392487e+00
  2.87993596e+02] 2.045389190969589
[-2.96947856e+00  5.57234204e-02  2.29761222e-01 -1.52922298e+00
  2.86590348e+02] 1.5473907853177726
[-3.00388673e+00 -8.26932398e-02  2.42549396e-02 -2.18600564e+00
  2.88728808e+02] 2.1877036206239384
[-3.03135690e+00 -5.55275800e-02  3.34663469e-02 -1.80822806e+00
  2.86746201e+02] 1.8093899619388878
[-3.05718968e+00  2.04334579e-01  1.24862483e-01 -1.76120713e+00
  2.87333068e+02] 1.7774121119900084
[-2.99556345e+00 -1.29216018e-01 -4.44635863e-03 -2.11419130e+00
  2.87482717e+02] 2.1181410276990813
[-2.95647558e+00 -1.05705813e-01 -2.78513822e-01 -1.80713103e+00
  2.88012388e+02] 1.8315201931299048
[-3.11774470e+00  9.37857622e-02  1.55203399e-02 -1.79555255e+00
  2.86920530e+02] 1.7980671834896491
[-2.97027917e+00  9.20373147e-03 -1.98807239e-01 -1.72389225e+00
  2.87562968e+02] 1.735342478455025
[-3.01271470e+00 -1.67394779e-01 -8.09671830e-02 -1.93371913e+00
  2.88120294e+02] 1.9426390222640746
[-3.02815439e+00  1.38409527e-01 -3.07560878e-01 -2.21362066e+00
  2.88742248e+02] 2.2391666596065463
[-2.94104630e+00 -1.60449303e-02  2.72912207e-01 -1.92079416e+00
  2.86773622e+02] 1.9401517240315365
[-2.91275290e+00  1.98989357e-01  2.66687051e-01 -2.19186651e+00
  2.89299997e+02] 2.216979371528429
[-3.09904739e+00  3.69429807e-01 -1.22983295e-02 -1.38030379e+00
  2.86220110e+02] 1.4289395349368619
[-2.90000530e+00  1.86868740e-01 -1.75875717e-01 -1.50426793e+00
  2.87080004e+02] 1.5259994050288326
[-2.94886703e+00  7.14454944e-02 -1.92502100e-01 -1.76216553e+00
  2.88619121e+02] 1.7740881849514076
[-3.07097154e+00  2.01170005e-02 -5.01362934e-01 -2.28113674e+00
  2.89222702e+02] 2.335669989051806
[-2.94005891e+00 -2.17354803e-01 -4.35643815e-01 -1.93999249e+00
  2.89276721e+02] 2.0001498679758196
[-3.05064908e+00 -3.82720916e-01  3.45074171e-02 -1.90957416e+00
  2.88543020e+02] 1.947855109387169
[-2.97484264e+00 -1.10957125e-01 -6.78389825e-02 -1.86220033e+00
  2.87300203e+02] 1.8667361017027864
[-3.06071081e+00  1.25308172e-01  2.35108776e-01 -1.81725824e+00
  2.87314178e+02] 1.8366833627394858
[-2.96892533e+00  9.05204302e-02  6.27846683e-02 -1.90487632e+00
  2.88288968e+02] 1.9080591349969684
[-3.06527635e+00 -8.09470538e-02 -2.26866799e-01 -1.80889169e+00
  2.87493028e+02] 1.8248589261603534
[-3.00723285e+00  1.03538159e-01  1.74035665e-01 -1.75805833e+00
  2.87880702e+02] 1.769682926322224
[-2.94806670e+00  3.03529748e-01 -6.26557341e-02 -1.94316926e+00
  2.89047199e+02] 1.9677303751444917
[-3.03779355e+00 -1.15830685e-01  2.40847312e-01 -1.88449991e+00
  2.88597189e+02] 1.9033560020755902
[-3.07015485e+00 -5.58391978e-02 -1.44007385e-01 -1.66748492e+00
  2.87507837e+02] 1.6746229696089203
[-3.01098370e+00 -5.40591253e-02  7.78128846e-02 -1.71542928e+00
  2.87186651e+02] 1.7180439038938353
[-3.01344507e+00  2.55169432e-01 -2.58635686e-01 -1.82181418e+00
  2.88416353e+02] 1.8576896303680333
[-3.01402222e+00 -1.30582104e-02 -2.54559595e-02 -1.61647704e+00
  2.87956722e+02] 1.6167302006722681
[-3.02327324e+00  1.63990259e-01 -2.38364597e-01 -1.86169133e+00
  2.88216836e+02] 1.884039568831527
[-3.06506313e+00  2.04551395e-01 -3.81088459e-02 -1.49283690e+00
  2.87215856e+02] 1.5072675850884616
[-2.95122557e+00  2.79977646e-02 -2.77753503e-01 -1.48691495e+00
  2.87446277e+02] 1.5128935660636014
[-3.03866732e+00 -8.63890685e-02 -7.41850176e-02 -2.06493160e+00
  2.88695903e+02] 2.0680689103168217
[-3.05533836e+00 -8.14163068e-02 -2.64138213e-01 -1.48568005e+00
  2.86907461e+02] 1.5111726676382018
[-3.17545756e+00  6.50507735e-02  2.33707042e-01 -1.88891686e+00
  2.87212894e+02] 1.904431017354506
[-3.10065821e+00  1.35638664e-01  6.65485306e-02 -1.83913449e+00
  2.88084118e+02] 1.8453298419381767
[-3.01678857e+00  9.44875668e-02  8.95698169e-02 -2.02818419e+00
  2.89548953e+02] 2.032358672874806
[-3.03360792e+00 -5.07758770e-02 -1.64083223e-01 -2.15824741e+00
  2.89046057e+02] 2.1650712215268624
[-3.01790117e+00 -2.84352279e-02 -1.02491066e-01 -1.84385131e+00
  2.86598555e+02] 1.846916519540757
[-2.99162257e+00  1.36428676e-01 -2.17078294e-01 -1.64217315e+00
  2.87066093e+02] 1.6620675112251304
[-2.91965496e+00  7.17650343e-02  8.95503477e-02 -1.82138552e+00
  2.87196039e+02] 1.8249971757107366
[-3.07373002e+00 -1.46171795e-03 -3.70088614e-02 -1.73982328e+00
  2.87960395e+02] 1.740217472337772
[-3.07428341e+00 -3.88593608e-02 -1.80183510e-01 -1.61265158e+00
  2.86168156e+02] 1.623151642696466
[-3.14647967e+00  1.60851283e-01 -4.73012781e-02 -1.62596174e+00
  2.85877527e+02] 1.634583167660919
[-3.01007944e+00 -1.45930032e-01  2.25982711e-01 -1.64170215e+00
  2.88503370e+02] 1.66359541459344
[-3.06795783e+00  1.58947785e-01 -3.08977671e-02 -1.82520227e+00
  2.86976228e+02] 1.8323707020111049
[-2.91413909e+00 -1.62237861e-01  1.20399089e-01 -1.97039092e+00
  2.88265080e+02] 1.980721446760709
[-3.01723403e+00  6.31168976e-02 -1.94504932e-01 -1.65931770e+00
  2.86200692e+02] 1.6718705496857231
[-2.98669361e+00 -1.12868433e-01 -2.49985080e-01 -1.46575881e+00
  2.87425456e+02] 1.4912010946940293
[-3.07727327e+00 -8.36494785e-02  9.10825541e-02 -1.48719260e+00
  2.86912983e+02] 1.492325395121203
[-2.98295765e+00 -2.42212024e-02  3.06539441e-01 -1.65953726e+00
  2.88817056e+02] 1.6877846427127434
[-3.04159753e+00  2.22120469e-01 -1.78000172e-02 -2.19566453e+00
  2.88793995e+02] 2.2069429266237375
[-3.01340285e+00 -1.58909090e-01 -7.21105039e-02 -1.71472783e+00
  2.87673552e+02] 1.723584505147127
[-3.06610784e+00 -1.06585505e-01 -6.77613762e-02 -1.99014293e+00
  2.87047763e+02] 1.994146669710936
[-2.89888215e+00  7.28742063e-02 -1.45305828e-01 -2.04532291e+00
  2.89650807e+02] 2.0517724608454837
[-2.96149351e+00  3.14359845e-01 -1.24998079e-02 -1.83911635e+00
  2.89191026e+02] 1.8658315291830174
[-2.96016223e+00 -1.13245730e-01  1.54859369e-01 -1.78153984e+00
  2.88022426e+02] 1.7918399005365564
[-2.97059199e+00 -3.42498410e-01 -1.85174115e-01 -2.06830938e+00
  2.88760274e+02] 2.1046373290728595
[-3.05643549e+00 -2.81852729e-01 -2.16968711e-01 -1.83644654e+00
  2.86818700e+02] 1.8705753828935323
[-2.93272036e+00 -1.29319643e-02 -3.81379334e-01 -1.79948176e+00
  2.89538598e+02] 1.8394977696106658
[-3.02523765e+00 -1.95335437e-01 -1.06186376e-01 -1.84971184e+00
  2.87781904e+02] 1.863025859380554
[-3.07028865e+00 -7.41994780e-03 -1.97777513e-01 -1.94762030e+00
  2.87899257e+02] 1.9576505916750833
[-2.97378864e+00  2.19436581e-01 -2.40320623e-02 -1.91667170e+00
  2.88945838e+02] 1.9293419515850503
[-3.00876302e+00  1.45704746e-01 -5.17804271e-02 -1.97203010e+00
  2.88446862e+02] 1.9780833619261016
[-2.94182091e+00 -2.82026420e-01  1.34373884e-02 -1.58748028e+00
  2.87845687e+02] 1.612393593368743
[-3.01063038e+00  1.54817150e-01 -1.24192818e-01 -1.37456844e+00
  2.87184083e+02] 1.388823459816156
[-3.04090618e+00 -9.65116596e-02 -5.32247595e-02 -2.05827993e+00
  2.88829533e+02] 2.061228673287977
[-2.85022857e+00  3.72746419e-01  7.83827788e-02 -1.55117961e+00
  2.88420693e+02] 1.5972607582103087
[-3.03431307e+00 -1.29342305e-01 -7.29543499e-02 -2.08202387e+00
  2.88478672e+02] 2.087312908225796
[-3.02574406e+00 -1.56878346e-01 -3.08651859e-02 -2.22864454e+00
  2.88878914e+02] 2.234372382394503
[-3.04102650e+00  1.40326651e-01 -3.10583695e-01 -1.48662875e+00
  2.87767537e+02] 1.5251946872449809
[-2.98714044e+00 -2.83970047e-01  6.79982491e-02 -1.77558128e+00
  2.86876922e+02] 1.7994309198625709
[-3.06785340e+00 -1.83934194e-01  1.89743791e-01 -2.18043776e+00
  2.87284407e+02] 2.196393257104638
[-2.93392862e+00 -2.31667181e-01 -4.61577015e-01 -1.95023503e+00
  2.89655883e+02] 2.01745871764535
[-3.05651379e+00  1.25537739e-01 -1.31351308e-01 -1.86559785e+00
  2.86727012e+02] 1.8744247707260626
