/mnt/stage/douwei/Simulation/5kt_root/2MeV/5kt_-4.80_3.root
[-3.12096099e+00 -3.99861532e-02  2.05954789e-01 -4.91969679e+00
  2.99953040e+02] 4.924168228367822
[-3.12523457e+00 -1.18840421e-02  3.90516467e-02 -4.96180366e+00
  2.98967870e+02] 4.961971566069055
[-3.03913234e+00 -4.56606193e-02 -2.19508726e-01 -4.89459860e+00
  3.03206980e+02] 4.899731058452029
[-3.04351464e+00  4.36438069e-02  3.25190076e-01 -4.88993184e+00
  3.01566032e+02] 4.9009271378546195
[-3.13091018e+00 -1.97168685e-01 -1.74985026e-01 -4.97414433e+00
  3.00331003e+02] 4.981125076663038
[-3.09280945e+00  4.96153492e-02 -2.56298380e-01 -4.53112899e+00
  2.99456965e+02] 4.538643023161357
[-3.09583632e+00 -2.57581948e-01  3.99564532e-02 -4.92105146e+00
  2.99760609e+02] 4.927950122529132
[-3.04313255e+00  2.54484471e-02 -2.32580940e-01 -4.75800376e+00
  3.00545632e+02] 4.763752855131241
[-3.16931140e+00  1.81269969e-01 -1.47450691e-02 -4.98007573e+00
  3.01609995e+02] 4.9833954781125325
[-3.10048636e+00 -1.97076842e-01 -3.34805098e-02 -4.97005991e+00
  3.01573687e+02] 4.9740783759269585
[-3.02636414e+00 -6.53424245e-02 -3.78585770e-02 -5.02340389e+00
  3.02743552e+02] 5.023971494133136
[-3.04803694e+00 -1.04891754e-01  1.61961551e-02 -4.81756339e+00
  3.00007083e+02] 4.818732367125594
[-3.04797191e+00  3.20234098e-01  1.24932645e-01 -4.76066671e+00
  3.02686000e+02] 4.773060397014026
[-3.05829057e+00 -1.89382285e-03 -2.16755402e-01 -4.57102840e+00
  2.99627663e+02] 4.576165114618076
[-2.99996899e+00  2.88493440e-01  4.44729149e-02 -4.86736745e+00
  3.01103648e+02] 4.876112404577331
[-3.11399069e+00  2.31706744e-01  8.85126683e-02 -5.30451509e+00
  3.03941580e+02] 5.310310996933343
[-3.04757269e+00 -4.39480459e-02 -6.09846526e-02 -4.53632954e+00
  2.97743328e+02] 4.536952305340929
[-3.09741334e+00 -3.62715944e-01 -2.60863107e-01 -4.51584087e+00
  2.99068895e+02] 4.53788840044173
[-3.06970822e+00  9.56517959e-03  2.09472167e-01 -4.98153514e+00
  3.01831225e+02] 4.985946493983239
[-3.04451186e+00 -2.28154025e-01  2.83222108e-01 -4.45588295e+00
  2.98493191e+02] 4.470700379294679
[-3.19510944e+00 -1.78738850e-01  2.14482969e-01 -4.94891706e+00
  3.01791757e+02] 4.956786321437235
[-3.09405207e+00  6.09759333e-02  1.76238475e-02 -4.75575911e+00
  3.01170980e+02] 4.756182651886143
[-3.06714167e+00  8.87437837e-02  1.18133510e-02 -4.84849488e+00
  2.99639942e+02] 4.849321359366636
[-3.11178287e+00 -4.08375558e-01  3.02440730e-02 -4.52689798e+00
  2.99135652e+02] 4.545381244202007
[-3.01457109e+00 -8.94252243e-02 -1.65594309e-01 -4.83091178e+00
  3.02276197e+02] 4.834576191857754
[-3.00344721e+00  1.44205376e-01  4.93113054e-02 -4.64832941e+00
  2.99783671e+02] 4.650827145344199
[-3.04523736e+00  4.04579935e-01 -1.41992526e-01 -4.83049709e+00
  3.01277299e+02] 4.849489552259098
[-3.09055564e+00  1.13972720e-01 -1.05877726e-01 -4.72903374e+00
  2.99771346e+02] 4.731591697000425
[-3.14109774e+00  1.66279693e-01  1.28039783e-01 -4.99121416e+00
  3.01419456e+02] 4.995624277808113
[-3.08190358e+00  1.78620000e-01  3.89137731e-02 -5.00346859e+00
  2.98610905e+02] 5.006807099666234
[-3.01175491e+00 -2.81893482e-01 -1.64629642e-01 -4.89265341e+00
  3.03111160e+02] 4.903531812366042
[-3.06158692e+00 -1.22919528e-01  1.47576400e-01 -4.99513433e+00
  3.01030456e+02] 4.998825364019423
[-3.00408054e+00 -2.28288166e-01  1.10392774e-01 -4.82751631e+00
  3.01677330e+02] 4.83417167105547
[-3.09448460e+00 -4.18714238e-02 -1.31316602e-01 -4.89953720e+00
  3.02840966e+02] 4.901475497306736
[-3.04752856e+00  1.70442635e-01 -1.31196554e-01 -5.17762076e+00
  3.03252971e+02] 5.182086448552306
[-3.06854547e+00 -9.64400885e-02  9.86088388e-02 -4.91839748e+00
  3.02142671e+02] 4.920331106002726
[-3.10189684e+00  2.74700139e-01 -7.95619088e-02 -5.07974007e+00
  3.02178987e+02] 5.087784336314578
[-3.05990665e+00  3.68841120e-01 -1.44989050e-01 -4.82044826e+00
  2.99817807e+02] 4.8367124161103785
[-3.08388195e+00 -1.52696322e-01 -1.52997553e-01 -4.95459792e+00
  3.01789345e+02] 4.9593109324624916
[-3.08657222e+00 -2.65753279e-01 -9.49921960e-02 -5.21196615e+00
  3.02492181e+02] 5.219601471415453
[-3.05092493e+00 -1.35924820e-01  2.76775242e-01 -4.90922507e+00
  3.03598212e+02] 4.918899357457802
[-3.07562878e+00  1.48921218e-01 -3.23375043e-01 -4.69085199e+00
  3.02196680e+02] 4.7043428215742855
[-3.05230324e+00 -3.38137618e-01  7.57705394e-02 -5.01739787e+00
  3.03071025e+02] 5.029349820698263
[-3.07156512e+00  3.83875341e-02 -2.10643747e-03 -4.80348959e+00
  2.99972386e+02] 4.8036434418731515
[-2.94263846e+00  6.02356806e-02 -3.38734393e-01 -4.60304863e+00
  2.98674684e+02] 4.61588843046407
[-2.97686806e+00  5.59460105e-02  2.35348489e-02 -4.78372778e+00
  3.00338072e+02] 4.784112804230833
[-2.98992009e+00 -1.15459114e-02  1.23194160e-01 -4.54028750e+00
  2.98626182e+02] 4.541973211049594
[-3.10861829e+00  1.97517626e-01  2.65336450e-02 -4.95012355e+00
  3.02913150e+02] 4.954133668392045
[-3.03715166e+00 -1.82098186e-01  1.39105459e-01 -4.54284689e+00
  2.98293633e+02] 4.548622642976369
[-3.14124367e+00  1.02836443e-01  1.69346544e-01 -5.21566290e+00
  3.01488658e+02] 5.2194245877396295
[-2.98011231e+00  2.45602653e-01  8.30091104e-02 -4.84146920e+00
  3.02786668e+02] 4.8484054319566035
[-3.11531045e+00  1.33078644e-01 -1.52070605e-01 -4.71315162e+00
  3.02051246e+02] 4.71748170016874
[-2.98611736e+00 -7.43092438e-03  2.26206453e-01 -4.54552879e+00
  2.98794979e+02] 4.551159918330139
[-2.98937815e+00 -1.74539619e-01  2.15700168e-01 -4.73851008e+00
  2.99512483e+02] 4.746627056519622
[-3.00216189e+00  2.78435072e-02 -1.24930740e-02 -4.75399296e+00
  3.00980470e+02] 4.754090914052225
[-3.04467233e+00 -7.85003430e-02 -6.48661477e-02 -4.92289225e+00
  3.01329951e+02] 4.923945373427676
[-3.06462839e+00  9.51482746e-02  3.38315470e-01 -4.74076750e+00
  3.00810856e+02] 4.753776081421865
[-3.07645984e+00 -2.72135461e-02  3.45405002e-01 -4.84504456e+00
  3.00520026e+02] 4.857417210039716
[-3.12389077e+00 -5.40621876e-02 -1.88382951e-01 -5.19554838e+00
  3.03754067e+02] 5.199243577865104
[-3.06156785e+00  2.37787679e-03 -7.39864254e-02 -4.95565601e+00
  3.01199060e+02] 4.956208844073561
[-3.00606132e+00 -2.29052278e-01 -3.14840369e-02 -4.90917093e+00
  3.02270166e+02] 4.9146124413269545
[-2.99707752e+00  6.30929094e-02 -7.02242469e-02 -5.01953666e+00
  3.02994082e+02] 5.020424330718295
[-2.97256602e+00 -3.84881642e-03  2.41174679e-01 -4.77271827e+00
  3.01538062e+02] 4.77880944398538
[-3.10823741e+00  2.17873191e-02  1.06601319e-01 -4.90077057e+00
  3.02449413e+02] 4.901978245688898
[-2.98117591e+00 -2.82866799e-01 -1.05011495e-01 -5.20564675e+00
  3.03471860e+02] 5.214383863726247
[-2.95827182e+00  4.95913903e-03 -3.02525241e-01 -4.92312405e+00
  3.01849141e+02] 4.932412848538609
[-3.06269825e+00  2.90118921e-03  1.28894080e-01 -4.89062608e+00
  3.01164594e+02] 4.892325165827933
[-2.93817658e+00  8.65597219e-02 -8.33763759e-02 -4.64499056e+00
  3.02035415e+02] 4.646545111600563
[-3.06606604e+00 -3.25997643e-01 -1.57774504e-01 -4.72398951e+00
  2.98072613e+02] 4.73785227023323
[-3.09061475e+00  1.57439737e-01  1.75531389e-01 -4.95298739e+00
  2.99436626e+02] 4.958596838701128
[-3.01912435e+00  4.73657063e-02  1.69940370e-01 -4.87992919e+00
  3.01015476e+02] 4.883117053593754
[-3.08683576e+00  1.43274992e-02  7.63935105e-03 -4.55826119e+00
  2.97899172e+02] 4.558290111657757
[-2.95795490e+00  4.87754977e-02 -1.86481876e-01 -4.92239133e+00
  3.02513241e+02] 4.926163916126216
[-3.06554372e+00 -1.14352567e-01 -3.59757817e-02 -4.67991485e+00
  3.00030169e+02] 4.681449960214058
[-3.05291578e+00  1.46744343e-01 -1.30427386e-02 -5.03899795e+00
  3.02835186e+02] 5.041151093970983
[-3.07342670e+00 -1.16625394e-01  2.76481423e-01 -4.69695318e+00
  3.02126168e+02] 4.706528727844312
[-3.11857091e+00  2.49321019e-01  1.02541893e-01 -4.63118554e+00
  3.00174329e+02] 4.639025257927243
[-3.08578861e+00  1.47334871e-02  1.18061646e-01 -5.32440363e+00
  3.04379808e+02] 5.325732776016402
[-3.05389930e+00 -1.36474794e-01 -1.96913755e-02 -4.97492171e+00
  3.00581821e+02] 4.976832244401018
[-3.12576822e+00 -3.68248794e-02  1.31198344e-01 -4.87887252e+00
  3.00396601e+02] 4.880775155456118
[-3.05192737e+00 -1.09302755e-01  1.46136162e-01 -4.97733346e+00
  3.03533748e+02] 4.980677791013515
[-3.11316042e+00 -3.43831906e-01  6.11797001e-02 -5.02964950e+00
  3.03158418e+02] 5.0417593597804204
[-3.02711170e+00 -7.15593547e-03 -6.51757752e-02 -4.70067807e+00
  3.00443020e+02] 4.701135333506125
[-3.06744986e+00  4.21222610e-02  1.60094821e-01 -5.06599652e+00
  3.02301121e+02] 5.068700564253284
[-3.01879397e+00  5.59649617e-02  2.07681885e-01 -4.61268311e+00
  3.00161038e+02] 4.617695238058783
[-2.98709450e+00  2.90686959e-02 -2.98444277e-02 -4.38902105e+00
  2.98382616e+02] 4.389218770339602
[-3.06601760e+00 -1.41506452e-01 -2.68125486e-01 -4.90497128e+00
  3.01189410e+02] 4.914331956810611
[-3.10573748e+00 -2.83426369e-01 -2.10727785e-01 -4.83946446e+00
  3.02106395e+02] 4.8523347929819325
[-3.09182091e+00  2.71768290e-01  1.54637188e-01 -4.60472014e+00
  2.98378459e+02] 4.615324279108635
[-3.06325674e+00  8.30355686e-03  4.93073550e-01 -4.74556170e+00
  3.00646388e+02] 4.7711158358570795
[-3.14575402e+00  2.83850155e-01 -3.99744445e-02 -5.07616743e+00
  3.01564998e+02] 5.084254576665137
[-3.05641462e+00  2.52302773e-01 -2.37904543e-01 -4.52290969e+00
  2.99589183e+02] 4.536184224810398
[-2.99563745e+00 -4.34315531e-01 -1.90124087e-02 -4.93327277e+00
  3.01374525e+02] 4.952390498023768
[-3.08693066e+00  8.39128653e-02  1.24870780e-01 -5.22444821e+00
  3.04499181e+02] 5.226613931526944
[-3.05890616e+00  9.87465938e-02 -1.13984562e-01 -4.90193792e+00
  2.99662957e+02] 4.904257207101682
[-3.07618970e+00  1.56217077e-01 -3.38412457e-02 -4.98035299e+00
  3.02724788e+02] 4.982917304565545
[-3.17391217e+00  7.17715596e-02 -6.44829434e-02 -4.78243783e+00
  3.01544404e+02] 4.783410997966281
[-3.02979881e+00 -1.37333474e-01 -2.85195155e-01 -5.23505780e+00
  3.02765100e+02] 5.24461885725001
[-3.02607971e+00  5.09020649e-02 -2.54209710e-01 -4.71691722e+00
  3.01969717e+02] 4.724036582355389
[-2.98361538e+00  2.07641776e-01 -2.88595317e-03 -4.83288106e+00
  3.01076443e+02] 4.837340462020456
[-2.96169198e+00 -1.39174934e-01  1.59070472e-01 -4.87772614e+00
  3.01272503e+02] 4.8823032868290825
[-3.06144224e+00  6.63785473e-03  5.75598218e-01 -5.00445133e+00
  2.99766917e+02] 5.037448809879139
[-3.04789953e+00  7.11745731e-02 -6.01889158e-02 -4.63544973e+00
  3.02162677e+02] 4.636386813054324
[-3.03708684e+00  2.04869245e-01 -4.05080555e-02 -4.72452380e+00
  3.03493047e+02] 4.729137069461223
[-3.00562366e+00  1.14269531e-02 -8.34656579e-02 -4.69515881e+00
  3.01833949e+02] 4.6959145331782555
[-3.08565279e+00  1.91135962e-01 -2.06262519e-01 -4.57347689e+00
  2.99448079e+02] 4.582113927922245
[-3.09395064e+00 -3.27526951e-01  1.34682961e-01 -5.00990872e+00
  3.00211098e+02] 5.022409658764405
[-2.98183615e+00 -8.08347830e-02 -1.88818824e-01 -4.99698816e+00
  3.02987341e+02] 5.001207597594989
[-3.02352389e+00 -1.71225263e-01  3.82596497e-03 -4.57822857e+00
  2.99417380e+02] 4.581430956544942
[-3.05727324e+00  1.30992529e-01 -3.00675570e-01 -5.07214648e+00
  3.02657872e+02] 5.0827389009565
[-3.08704765e+00  1.04528619e-01 -9.87309820e-02 -4.97470994e+00
  2.99074167e+02] 4.976787418679017
[-2.96819145e+00 -2.56647505e-01  6.97751963e-02 -4.72352145e+00
  2.99294394e+02] 4.731003217866346
[-3.04021354e+00 -3.15150684e-01  2.91439566e-01 -4.90215070e+00
  3.00365769e+02] 4.920908298595332
[-3.08629649e+00  3.19120200e-01  1.20545016e-01 -5.07905659e+00
  3.02195126e+02] 5.090499445751348
[-3.02901555e+00 -1.45487416e-01  1.63572397e-01 -4.50875640e+00
  2.98148364e+02] 4.5140676498182515
[-3.14202032e+00  4.65235246e-02  8.25625368e-02 -4.82606281e+00
  2.99188451e+02] 4.8269931883035735
[-3.07748624e+00 -1.56324752e-01  2.44091343e-01 -4.68735880e+00
  3.00069239e+02] 4.69631243897185
[-3.01460191e+00 -7.01787885e-02 -2.45887515e-01 -4.82847831e+00
  3.00964543e+02] 4.835244412816415
[-3.08137102e+00  1.98242246e-01 -2.54935436e-01 -4.89934496e+00
  3.01720332e+02] 4.909976894573131
[-3.08793914e+00 -2.12684541e-01 -4.61868015e-01 -4.92421080e+00
  3.02014736e+02] 4.950394814338556
[-3.07865489e+00 -3.33023138e-01 -2.10192429e-01 -4.92847481e+00
  3.01542355e+02] 4.9441833685947945
[-3.07018864e+00  7.81482005e-02  2.53310671e-01 -5.27452405e+00
  3.01211165e+02] 5.281181443887559
[-3.11835860e+00 -1.71082247e-01  2.00910266e-01 -4.86602732e+00
  3.00845720e+02] 4.873177197053036
[-3.02496157e+00  4.69841599e-02  4.64004907e-02 -4.47298098e+00
  3.00818294e+02] 4.473468384063736
[-3.05029280e+00 -1.46522658e-01  3.05049760e-01 -4.85155581e+00
  3.01494485e+02] 4.863344327718085
[-3.04668837e+00 -1.48021594e-01 -8.25297139e-02 -4.78872204e+00
  3.00285893e+02] 4.7917199742623735
[-2.94992290e+00 -1.06638902e-01  3.19189510e-01 -4.98800182e+00
  3.03207646e+02] 4.999341552636461
[-2.97652003e+00 -1.39982907e-01  4.32539280e-02 -4.81548323e+00
  3.01679075e+02] 4.817711573984091
[-3.09874160e+00 -3.58262401e-01  1.47024031e-01 -4.64775867e+00
  2.99255876e+02] 4.663864135075612
[-3.06993057e+00  2.27538594e-01  2.30616101e-01 -4.75987671e+00
  2.99543200e+02] 4.770889210742813
[-3.09319750e+00  1.77737804e-01 -1.88043816e-01 -5.21212287e+00
  3.02408935e+02] 5.218541557227946
[-2.99991587e+00 -1.06992934e-02  2.32009400e-01 -4.91031071e+00
  3.02048434e+02] 4.915800459092171
[-3.05843888e+00  4.46828937e-01  1.62764291e-01 -4.82798009e+00
  3.00333105e+02] 4.851344151159068
[-3.03680765e+00 -1.69343330e-01  8.00685539e-03 -4.80759397e+00
  3.02934851e+02] 4.810582193414614
[-3.00356769e+00  1.79917812e-01  1.95130054e-01 -4.81643482e+00
  3.02610623e+02] 4.823742375104662
[-2.90271167e+00 -2.80404877e-02 -2.53667592e-01 -4.70483818e+00
  3.03678788e+02] 4.711755064932934
[-3.00168044e+00 -2.56126883e-01  1.99168986e-01 -4.73269842e+00
  3.01449886e+02] 4.743806865508942
[-2.97430497e+00  1.96185972e-01  7.82017963e-02 -4.72716930e+00
  3.00730408e+02] 4.731884828577979
[-3.11797688e+00  2.90265596e-01 -3.67012712e-02 -4.81015741e+00
  2.97608340e+02] 4.819047147128849
[-2.98837543e+00 -1.86199657e-02 -6.05461624e-02 -4.50824126e+00
  2.99743491e+02] 4.5086862576242375
[-3.00095120e+00 -5.15365081e-02  1.19728634e-01 -4.64070511e+00
  2.98754083e+02] 4.642535389586466
[-3.12267444e+00  1.49615569e-01  4.58577071e-01 -4.49930452e+00
  3.00266986e+02] 4.525087725290225
[-2.98498638e+00 -1.24991011e-02 -1.58596004e-01 -4.61090918e+00
  3.02075078e+02] 4.61365282751692
[-3.07196743e+00  9.92351600e-02 -2.67573611e-01 -4.89217300e+00
  3.00300585e+02] 4.900489763203431
[-3.03562197e+00 -2.90627687e-02 -1.34808659e-01 -4.69680007e+00
  3.00463471e+02] 4.698824205051805
[-3.02573854e+00 -4.86483864e-02 -6.33023065e-02 -4.71612779e+00
  2.98547938e+02] 4.716803487479066
[-3.00458260e+00  9.20292550e-02 -2.37182614e-02 -4.62969507e+00
  2.99204740e+02] 4.630670402296993
[-3.05099610e+00  1.28737050e-01  7.08848168e-02 -4.83164884e+00
  3.00946092e+02] 4.83388336934443
[-3.12909103e+00 -1.14499006e-01  1.67916887e-01 -5.20598814e+00
  3.02867267e+02] 5.209953799568752
[-3.03259085e+00  8.85002420e-02  1.80170164e-02 -5.10083458e+00
  3.04320841e+02] 5.1016340792055175
[-2.98513286e+00 -2.57499964e-02  3.13149076e-02 -4.48360357e+00
  3.00360367e+02] 4.483786870583388
[-3.06460433e+00 -2.75805097e-01  6.51137430e-02 -4.87798941e+00
  3.00816581e+02] 4.886214167299166
[-3.04335901e+00 -3.33901067e-01  1.58101263e-01 -4.79785212e+00
  3.00015005e+02] 4.8120547438518075
[-3.03424111e+00  2.15355638e-02 -1.20641507e-01 -4.88651731e+00
  3.02125037e+02] 4.888053763747686
[-3.08514768e+00 -1.84704025e-02 -3.51698779e-01 -4.88302957e+00
  3.00641571e+02] 4.895713529974136
[-3.03343190e+00 -6.15683799e-01  1.33745233e-01 -4.87332148e+00
  3.01776710e+02] 4.913879994245295
[-3.01016499e+00 -1.12075865e-01 -6.99170476e-02 -4.70076128e+00
  3.01533415e+02] 4.7026169300319625
[-3.03086325e+00  3.40118011e-01  1.40904049e-01 -4.97449030e+00
  3.03227088e+02] 4.988094619320857
[-2.99975593e+00  1.14827048e-01  2.62711356e-01 -4.94464788e+00
  3.03468633e+02] 4.95295317321062
[-3.00785902e+00  2.15350855e-01 -2.46763017e-01 -5.01884363e+00
  3.00670329e+02] 5.029518803367032
[-3.03674635e+00  5.69512407e-02 -2.23383568e-02 -4.29762013e+00
  2.98691458e+02] 4.298055518896769
[-3.00750715e+00  6.87952717e-02 -1.89242114e-01 -4.89780315e+00
  3.00611461e+02] 4.901940542198498
[-3.02006615e+00  8.85865589e-02 -2.34049488e-01 -4.89534524e+00
  3.02903195e+02] 4.901737623973641
[-2.95005508e+00 -2.43334253e-01  3.20877400e-01 -4.71151630e+00
  3.00773894e+02] 4.7286953451673615
[-3.07391511e+00 -9.04892599e-02 -1.86268735e-02 -4.71451975e+00
  3.00175557e+02] 4.71542487771941
[-2.97603040e+00  1.80677784e-02 -1.72081055e-01 -4.80453785e+00
  3.02948444e+02] 4.807652469560444
[-3.09189835e+00 -6.84282536e-02 -1.43062721e-01 -5.27386466e+00
  3.03762484e+02] 5.2762484589527565
[-3.07719719e+00 -1.54269508e-01  1.09250460e-01 -4.68659034e+00
  3.01643518e+02] 4.690401238919712
[-3.04231967e+00  2.25819729e-01 -4.29672620e-02 -4.87214818e+00
  2.99911520e+02] 4.8775679034918245
[-2.97762319e+00 -1.83435747e-01 -8.89984122e-02 -5.10776724e+00
  3.03739313e+02] 5.111834850105058
[-3.06699872e+00 -8.91556547e-03 -1.05829905e-01 -4.80026027e+00
  3.00117139e+02] 4.801435009600855
[-3.04051107e+00  2.40221655e-01 -2.03845792e-01 -4.87441430e+00
  2.99693304e+02] 4.884585378659124
[-3.12123010e+00  2.06965900e-01  1.50962997e-01 -4.73573432e+00
  2.99372386e+02] 4.742657930007658
[-3.03025443e+00 -2.44166170e-01 -1.06324211e-01 -4.66968846e+00
  2.99208470e+02] 4.67727616421163
[-2.98903194e+00 -9.32979046e-02 -1.14330346e-01 -5.20993954e+00
  3.02348643e+02] 5.212028968457405
[-3.05386263e+00  2.14568637e-01 -9.85531338e-02 -4.97050772e+00
  3.03215478e+02] 4.97611288035822
[-3.16064300e+00 -2.64068645e-02  3.65778346e-01 -5.03612805e+00
  3.01679979e+02] 5.049463028608088
[-3.04157127e+00 -1.11283310e-01 -1.72099733e-01 -4.85776459e+00
  2.99948280e+02] 4.862085879685753
[-3.06588048e+00  1.08901557e-02 -1.28652178e-01 -5.12024450e+00
  3.03485338e+02] 5.1218720916635005
[-3.09471377e+00 -1.38808229e-02 -2.20374136e-01 -5.11772682e+00
  3.01112304e+02] 5.12248819057832
[-3.03110352e+00 -1.11612690e-01 -6.37405694e-02 -4.60299170e+00
  3.01091531e+02] 4.604785865641551
[-2.98332908e+00  2.56502925e-01  6.44373671e-02 -4.86482467e+00
  3.01795743e+02] 4.872008314225603
[-3.00469038e+00 -1.17148820e-01 -3.37255112e-01 -4.91541263e+00
  3.02359870e+02] 4.928361413772664
[-3.07214448e+00 -1.32360905e-01  1.40771687e-01 -4.98660551e+00
  3.02306051e+02] 4.990347743975551
[-3.13734837e+00 -3.12868593e-01 -6.72127857e-02 -4.81842756e+00
  2.98952076e+02] 4.829042190549838
[-3.10211271e+00 -3.65562361e-01  6.31660985e-02 -4.76532405e+00
  3.00707324e+02] 4.779742575982199
