/mnt/stage/douwei/Simulation/5kt_root/2MeV/5kt_-5.20_3.root
[-3.09658017e+00  1.95104750e-01 -2.46012238e-01 -5.35075909e+00
  3.05642097e+02] 5.35996368666439
[-3.06709129e+00  8.28798677e-02 -1.64895302e-02 -5.10275102e+00
  3.02514640e+02] 5.103450689896195
[-3.07624389e+00  2.47179715e-01 -8.36922854e-03 -5.45985966e+00
  3.00807287e+02] 5.465458381354712
[-3.00198751e+00 -1.89135548e-01  2.74555118e-02 -5.07129474e+00
  3.04046682e+02] 5.074894714531814
[-3.03907403e+00 -1.84485485e-01 -6.55813855e-02 -5.44377251e+00
  3.04884654e+02] 5.447292439714579
[-3.01629853e+00  9.55934055e-02  2.31306758e-01 -5.10464683e+00
  3.03091075e+02] 5.110778825974874
[-3.03828649e+00 -9.60829598e-02  2.46828935e-01 -5.60602505e+00
  3.04202058e+02] 5.612278794663181
[-3.06709979e+00  2.69646162e-01  5.99745584e-02 -5.01284614e+00
  3.01510374e+02] 5.020451413360646
[-3.03714965e+00 -8.32275715e-02  2.61507860e-01 -5.10047200e+00
  3.03007540e+02] 5.107849627263541
[-3.10359701e+00 -1.81273915e-02  4.70960153e-02 -5.28896242e+00
  3.03770442e+02] 5.2892031628830685
[-3.06541089e+00  1.03342285e-01  8.19276293e-02 -5.11146001e+00
  3.03085989e+02] 5.113160978820003
[-3.08906972e+00  8.37176109e-02 -1.34012710e-01 -5.42052052e+00
  3.04044526e+02] 5.4228231382921885
[-3.01078715e+00 -4.37075292e-02 -1.20615950e-01 -5.12250314e+00
  3.03404158e+02] 5.124109380535194
[-3.06562946e+00  1.10536502e-01  1.96746052e-02 -5.23624359e+00
  3.04010180e+02] 5.237447123086561
[-3.08544709e+00 -5.25277428e-01  2.79296083e-01 -5.47963894e+00
  3.04967768e+02] 5.511838679879811
[-2.98894090e+00  2.01017275e-01 -1.50380763e-01 -5.09161405e+00
  3.02236727e+02] 5.097799128133631
[-3.11937308e+00  4.79547284e-01  1.61559659e-01 -5.00261087e+00
  3.01827142e+02] 5.028139085723953
[-3.09610569e+00 -8.08422805e-02  1.54985055e-01 -5.01771054e+00
  3.01597088e+02] 5.020754411648332
[-3.09891558e+00 -2.51216553e-01 -5.22611355e-02 -5.06767026e+00
  3.01244105e+02] 5.074162282298761
[-3.00759671e+00  2.93462013e-01  8.90015036e-02 -4.93494081e+00
  3.03230745e+02] 4.944459733763921
[-3.02320762e+00  2.14711053e-02 -1.97199174e-01 -5.04012118e+00
  3.02447570e+02] 5.04402320214902
[-3.02220409e+00 -3.55658048e-01 -6.37268665e-02 -5.05176180e+00
  3.02105405e+02] 5.064666926242299
[-2.97941627e+00  6.17761436e-02 -8.31693381e-02 -5.21814790e+00
  3.03512328e+02] 5.219176270180246
[-3.02871907e+00 -1.48472969e-01 -1.11771595e-01 -5.18317676e+00
  3.03247024e+02] 5.186507346722171
[-2.96786426e+00 -2.92901313e-01 -4.37228433e-02 -5.25253280e+00
  3.05527516e+02] 5.260874804403227
[-3.09709352e+00  1.65260831e-02  9.02736474e-02 -5.24871834e+00
  3.04644933e+02] 5.249520609614444
[-3.01073844e+00  1.74085544e-01  2.00041590e-01 -5.30483010e+00
  3.03646837e+02] 5.311454112023917
[-3.08182567e+00  2.99092433e-01  1.64195918e-01 -5.20247824e+00
  3.01217706e+02] 5.2136548050513944
[-3.10208610e+00  2.73164739e-01  2.25264642e-01 -5.44562616e+00
  3.02788196e+02] 5.457124460212115
[-3.07306211e+00  1.82364060e-01 -1.27890816e-01 -5.08693129e+00
  3.03402063e+02] 5.091805438521407
[-3.02248591e+00  4.44005542e-01 -8.54340787e-02 -5.16731286e+00
  3.03344278e+02] 5.187057171712792
[-3.17064917e+00  8.83838961e-02 -4.59125006e-02 -5.53107130e+00
  3.06780416e+02] 5.531967949956259
[-3.08187984e+00 -3.10590741e-01  1.33636601e-01 -5.32367920e+00
  3.04000482e+02] 5.334405826541951
[-3.02431241e+00  1.24244080e-01  1.80584266e-01 -5.17764420e+00
  3.03138161e+02] 5.182282004031631
[-3.08871228e+00  2.15887131e-01  9.54472845e-02 -5.37240831e+00
  3.02854293e+02] 5.377591324525196
[-3.07031535e+00 -3.44349196e-01 -1.17480915e-01 -5.50004204e+00
  3.05899805e+02] 5.512063183555248
[-3.01399870e+00 -1.15676851e-01  1.79645030e-01 -4.90160745e+00
  3.03034918e+02] 4.906262228129221
[-3.03275312e+00 -1.87189672e-01 -7.40566180e-02 -5.06087665e+00
  3.04099147e+02] 5.064878752746623
[-3.01044285e+00 -9.48518534e-02  1.48282349e-01 -5.15289269e+00
  3.04920964e+02] 5.155898332295314
[-3.04391064e+00  1.02555670e-01  1.60657603e-01 -5.19063893e+00
  3.01339666e+02] 5.194137182995036
[-3.05557925e+00 -1.14520805e-01  2.14287648e-01 -5.16649709e+00
  3.03497211e+02] 5.172207114874314
[-3.01471550e+00 -4.44070186e-02  1.74794108e-01 -4.99839716e+00
  3.02353686e+02] 5.001649642499505
[-3.03487951e+00  2.20413619e-02 -1.74597538e-02 -5.06493241e+00
  3.00767643e+02] 5.065010464003724
[-3.10862589e+00 -3.73379536e-01 -2.57719062e-01 -5.19304040e+00
  2.99995805e+02] 5.212820730499693
[-3.04829917e+00 -8.42454114e-02  1.03092650e-01 -5.15504305e+00
  3.01148708e+02] 5.156761987874199
[-3.04960206e+00 -2.54178828e-01 -7.25776334e-02 -5.29098459e+00
  3.02987971e+02] 5.29758362893644
[-3.10570595e+00 -3.27401741e-01  1.36554937e-01 -4.97401763e+00
  3.01889930e+02] 4.986651231821721
[-3.03604124e+00  1.77031360e-01  1.83773136e-01 -5.27567810e+00
  3.04287886e+02] 5.281845519142261
[-2.99140277e+00  7.90782562e-02  2.59318786e-01 -5.32075392e+00
  3.05070946e+02] 5.32765632106974
[-2.98007900e+00 -2.79116338e-01 -3.24071185e-01 -4.98766252e+00
  3.02943079e+02] 5.00596698283028
[-3.08325657e+00 -4.67054962e-03 -6.99005217e-02 -5.39721823e+00
  3.04127720e+02] 5.397672878347413
[-3.08877251e+00 -5.38844453e-02 -6.03326399e-02 -5.41683890e+00
  3.02969268e+02] 5.417442866048963
[-3.01591130e+00  2.78196837e-01 -1.85118079e-01 -5.46473834e+00
  3.05313698e+02] 5.474945413707423
[-3.05805188e+00 -6.39519248e-02  7.22071198e-02 -5.69866756e+00
  3.07705822e+02] 5.69948380506171
[-3.07813422e+00  2.87473082e-01  2.47611427e-02 -5.25887948e+00
  3.04207029e+02] 5.266789081930857
[-3.05124598e+00  1.37329830e-01 -4.38566332e-02 -4.92329290e+00
  3.02692937e+02] 4.9254031143885255
[-3.06490959e+00  3.19606870e-02 -1.86256689e-01 -5.05872179e+00
  3.01509541e+02] 5.062250404169281
[-3.13180733e+00  1.83500023e-01  1.48536446e-01 -5.29622044e+00
  3.04061229e+02] 5.301479630758431
[-3.04807130e+00 -1.30332740e-01  1.55239908e-01 -4.98569907e+00
  3.01989765e+02] 4.989817754398745
[-3.03740206e+00  3.09781706e-01 -1.18888080e-02 -5.10309808e+00
  3.01875685e+02] 5.112505853289845
[-3.08271175e+00 -6.80158152e-02 -3.13027665e-01 -5.26027797e+00
  3.04588937e+02] 5.270022466466045
[-3.05997343e+00 -1.92393683e-01 -4.37196878e-02 -5.16982971e+00
  3.04265001e+02] 5.173593143659481
[-3.00084526e+00 -3.35369848e-01  2.15932741e-01 -5.03734749e+00
  3.02217915e+02] 5.053114847200586
[-3.01829950e+00 -8.40746544e-02  3.06179279e-01 -5.43612580e+00
  3.06009433e+02] 5.445390530828948
[-3.11413729e+00 -1.10645001e-01 -7.51042996e-02 -5.01456157e+00
  3.00191681e+02] 5.016344360851957
[-3.04400772e+00 -7.69343287e-02  9.04254255e-02 -5.19472345e+00
  3.04146201e+02] 5.1960800015990545
[-3.12091793e+00  2.18060344e-01  6.22966673e-02 -5.50723080e+00
  3.05322767e+02] 5.511898249103147
[-3.05910475e+00  1.46951161e-01 -1.20329819e-01 -5.23364794e+00
  3.02781755e+02] 5.237093152030288
[-3.05524638e+00  4.46769627e-02 -2.30712803e-01 -5.12051649e+00
  3.01115235e+02] 5.1259061197634885
[-3.03318316e+00  7.55592847e-02 -1.30796217e-01 -4.69075001e+00
  2.99790546e+02] 4.693181493792876
[-3.12414875e+00  2.68455621e-01 -8.94031082e-02 -5.23850140e+00
  3.03687290e+02] 5.246137456913978
[ -3.02348366   0.3067906    0.31241687  -5.41069103 306.45690129] 5.428379332224046
[-2.98419274e+00  9.16775381e-02 -3.91548133e-01 -5.39684926e+00
  3.04313425e+02] 5.411810844024605
[-3.13250442e+00 -8.77248679e-02 -2.03394701e-02 -5.22960868e+00
  3.02539763e+02] 5.230383954153158
[-3.04091925e+00  1.94896302e-01 -2.23180140e-01 -5.16960340e+00
  3.03667141e+02] 5.1780877975136015
[-3.06523297e+00  7.41033389e-02  1.02998551e-01 -5.34564600e+00
  3.02270796e+02] 5.347151683085947
[-3.02821095e+00 -3.21907808e-01 -2.30935652e-01 -5.27640699e+00
  3.03805670e+02] 5.291259458897092
[-3.04278974e+00 -2.49858529e-01 -4.72158916e-02 -5.39631313e+00
  3.04377101e+02] 5.402300809579379
[-3.07754441e+00 -1.44255610e-01 -4.25600675e-02 -5.33311473e+00
  3.04475198e+02] 5.335235113837075
[-3.06429780e+00  1.27993997e-01 -1.70155148e-02 -5.21177208e+00
  3.02013155e+02] 5.213371289348189
[-3.06663874e+00  3.12570044e-01 -1.43588900e-01 -5.08330376e+00
  3.03330212e+02] 5.094928349638331
[-3.07031958e+00 -3.42684628e-02 -3.85315870e-02 -5.47462589e+00
  3.06559996e+02] 5.474868729510103
[-3.09039158e+00 -2.78814973e-01 -1.93296681e-01 -5.19718344e+00
  3.02484629e+02] 5.208245107860315
[-3.05247339e+00 -9.56057607e-02  1.39040444e-01 -5.23096584e+00
  3.04209397e+02] 5.233686682932753
[-2.95857496e+00 -7.17620985e-03  7.91230290e-02 -5.44174836e+00
  3.05355612e+02] 5.442328284213714
[-3.03315833e+00  2.68853051e-01  2.43646625e-01 -4.93699950e+00
  3.04039625e+02] 4.950314103655204
[-3.11397407e+00  3.31921785e-02  5.02749959e-02 -5.50817430e+00
  3.05183316e+02] 5.508503732069644
[-3.04345537e+00  1.13712017e-01  3.22791865e-01 -5.13469218e+00
  3.03137316e+02] 5.14608480072599
[-3.01897005e+00 -3.75691670e-01 -2.75907674e-02 -5.26105977e+00
  3.01830536e+02] 5.274528925203845
[-2.94664102e+00  2.94460403e-01  3.77379039e-01 -5.31148133e+00
  3.06631342e+02] 5.333006259736667
[-3.08434593e+00  3.25278835e-02  1.43592877e-01 -5.63925875e+00
  3.06405911e+02] 5.641180396239367
[-2.99088176e+00  1.18582445e-01 -8.16901214e-02 -5.42300605e+00
  3.05847137e+02] 5.42491748050628
[-3.13451646e+00  2.18295314e-01  7.57351860e-02 -5.42651054e+00
  3.04344589e+02] 5.431427560104155
[-3.03400807e+00  6.52413395e-02 -1.19571530e-01 -5.39313203e+00
  3.04456611e+02] 5.3948518814569955
[-3.12275854e+00 -1.42318331e-01 -3.46560737e-01 -5.33176362e+00
  3.03049291e+02] 5.344909929767143
[-2.99004488e+00  3.53622463e-02 -2.48827299e-01 -5.03569202e+00
  3.03473410e+02] 5.041959900116238
[-3.01761125e+00 -1.77603275e-02 -1.31444243e-01 -5.01566599e+00
  3.02445274e+02] 5.0174194925978375
[-3.02053750e+00  1.40086701e-03 -6.59846880e-02 -5.33958650e+00
  3.04222051e+02] 5.339994380497024
[-3.08260810e+00  2.74083974e-01 -2.21166997e-01 -5.00810036e+00
  3.04968204e+02] 5.020468707747868
[-3.04713586e+00 -1.85432043e-02 -1.45709511e-01 -5.01115128e+00
  3.02586268e+02] 5.0133035265431
[-3.17951525e+00  5.29587606e-01  8.13525535e-02 -5.36833394e+00
  3.03976340e+02] 5.395006080647601
[-3.02168592e+00 -1.38254406e-01  3.60550388e-01 -4.95909970e+00
  3.04126246e+02] 4.974111049380197
[-3.10212265e+00 -3.10863088e-02 -1.42157718e-01 -5.53272292e+00
  3.02911574e+02] 5.534636220631252
[-3.09725028e+00 -1.20557263e-01  1.92192900e-01 -5.03829169e+00
  3.03496843e+02] 5.043397197267626
[-3.01992208e+00 -9.15841493e-02  2.13194480e-01 -5.28680167e+00
  3.05317119e+02] 5.2918910991816945
[-3.07818816e+00  2.70811375e-02 -1.21438043e-01 -5.38390569e+00
  3.05335119e+02] 5.385343169676673
[-3.04788036e+00 -1.53899141e-02 -1.69679161e-01 -5.37795183e+00
  3.03143481e+02] 5.380649941785929
[-3.06058236e+00 -7.36066015e-02  2.28935126e-01 -5.44927740e+00
  3.05438952e+02] 5.454580955490996
[-3.01107542e+00 -3.80309825e-01 -1.52896622e-01 -5.33832383e+00
  3.05334824e+02] 5.3540371948808545
[-3.06858522e+00 -2.37525789e-01  8.28961312e-02 -5.12515208e+00
  3.02672359e+02] 5.131322846368055
[-2.99457928e+00  1.98450575e-02 -1.73063163e-01 -4.84836823e+00
  3.01064095e+02] 4.85149658851892
[-3.00331671e+00 -3.96190404e-01 -6.19965817e-02 -5.41680351e+00
  3.06544535e+02] 5.4316268900952345
[-3.11947604e+00  9.94736341e-02  1.23368987e-02 -5.24361151e+00
  3.02232568e+02] 5.244569461643878
[-3.15125358e+00  2.91380283e-01 -3.83186329e-02 -5.47312802e+00
  3.03437923e+02] 5.48101278631013
[-3.11083239e+00  1.42611660e-01  9.60550332e-02 -5.33203952e+00
  3.02413655e+02] 5.334811158036123
[-3.01043106e+00 -1.37202891e-01 -2.36082920e-01 -5.54835865e+00
  3.05023398e+02] 5.555073675050588
[-3.06822112e+00  6.83782936e-02  9.07895747e-02 -5.28356263e+00
  3.04487957e+02] 5.284784991222893
[-3.05990424e+00 -2.32134412e-01  1.65408763e-03 -5.04529233e+00
  3.03037055e+02] 5.050630043919133
[-3.03687890e+00 -1.14645915e-01  2.19775534e-01 -4.84887440e+00
  3.02079507e+02] 4.855206273158365
[-3.01813326e+00 -9.90188008e-02 -1.54234066e-01 -5.33055315e+00
  3.06183691e+02] 5.333703194256418
[-3.10119495e+00  1.14461974e-01  4.03811033e-01 -5.34654571e+00
  3.04879082e+02] 5.36299504803603
[-3.00721743e+00 -4.59853269e-02  2.00157675e-02 -5.05652013e+00
  3.04259421e+02] 5.0567688386083525
[-3.09697993e+00  2.77487849e-01  2.14072417e-01 -5.23551655e+00
  3.00270027e+02] 5.24723356413474
[-3.07477257e+00 -2.84377490e-01 -4.94979816e-03 -5.47012727e+00
  3.04164911e+02] 5.477516537959966
[-3.02208483e+00  1.86191167e-01  7.17610724e-02 -5.43607242e+00
  3.06165416e+02] 5.439733462797147
[-3.02282041e+00 -1.28279916e-02 -1.35909865e-02 -5.38080338e+00
  3.04497580e+02] 5.380835835013667
[-3.03628870e+00 -1.25056616e-01 -2.30945585e-01 -5.24169831e+00
  3.03343616e+02] 5.248273639900453
[-3.10073179e+00 -2.29353492e-01  1.71952405e-01 -4.83528339e+00
  3.00680830e+02] 4.843772924619205
[-3.09540125e+00 -6.02371250e-02  2.71126043e-01 -5.12749602e+00
  3.02648961e+02] 5.135012488953853
[-3.05418907e+00 -3.03988357e-01 -4.20521529e-02 -4.93059091e+00
  3.04647175e+02] 4.940131985090738
[-3.04331087e+00  5.97464943e-02  2.88193838e-01 -5.17440691e+00
  3.03295829e+02] 5.182770708975206
[-3.05163097e+00 -1.13064354e-01 -2.94136712e-02 -4.93147223e+00
  3.01825118e+02] 4.9328558740382
[-3.11311413e+00  5.09757670e-02 -2.01194928e-01 -5.41055051e+00
  3.02708624e+02] 5.414529969914712
[-3.03336728e+00  2.71746936e-01  9.22358362e-02 -5.52062716e+00
  3.05017386e+02] 5.528080870565709
[-3.10121526e+00  8.96662997e-02 -2.53599384e-01 -5.43524622e+00
  3.02456245e+02] 5.441898024765865
[-3.05360130e+00 -3.04129243e-01  1.45518608e-01 -5.50685924e+00
  3.07627403e+02] 5.517170375134436
[-3.00565860e+00 -2.74040644e-01 -5.95551680e-02 -5.43058469e+00
  3.06673114e+02] 5.4378208125925696
[-3.12726310e+00  2.16505837e-01 -1.01743709e-01 -5.61503386e+00
  3.03906216e+02] 5.620127386410295
[ -3.06980045  -0.42567675   0.35076438  -5.12420316 302.76130653] 5.15380387768569
[-3.10797090e+00  1.03312640e-01  4.92403410e-03 -4.98496119e+00
  2.99840066e+02] 4.98603407629628
[-3.03384058e+00  3.67558950e-02 -2.01289016e-02 -5.12502963e+00
  3.02166289e+02] 5.1252009609518625
[-3.03972935e+00  2.08211007e-01  7.73388803e-02 -4.94854268e+00
  3.02718332e+02] 4.953524780311746
[-2.97454374e+00  2.32599023e-01 -1.17550275e-01 -4.89168602e+00
  3.00797872e+02] 4.898623530189624
[-3.05946603e+00  2.27938982e-01  2.60730449e-01 -5.27131474e+00
  3.03443702e+02] 5.282678830158498
[-3.17799754e+00 -1.64821730e-02  1.23711817e-01 -5.28015841e+00
  3.02436281e+02] 5.281633187823278
[-3.04369048e+00 -1.16728623e-01 -2.03406184e-01 -5.30054453e+00
  3.05804467e+02] 5.30573011062907
[-3.04031029e+00 -1.48865844e-01  4.70661096e-02 -5.00318111e+00
  3.02281796e+02] 5.005616595415493
[-3.07646950e+00 -1.12891150e-01 -9.76371424e-02 -5.11235554e+00
  3.02163651e+02] 5.11453385855203
[-3.08988929e+00  1.32017660e-01  2.94738209e-01 -5.22969547e+00
  3.04075457e+02] 5.239657812918038
[-2.95160787e+00 -8.12335117e-02 -2.84202607e-02 -5.28332411e+00
  3.07222885e+02] 5.284025006451065
[-3.14020032e+00  1.97947692e-01  3.12570540e-01 -5.00964144e+00
  3.02985683e+02] 5.023284881289684
[-3.07995571e+00 -2.65496588e-01 -1.04489422e-01 -5.13049500e+00
  3.03291138e+02] 5.138422467847798
[-3.11450047e+00  1.15107936e-01 -9.93704095e-04 -5.39893393e+00
  3.04654997e+02] 5.40016096517582
[-3.07917173e+00 -2.40297567e-01  1.25754627e-01 -5.47193345e+00
  3.05849413e+02] 5.478650642367765
[-3.08954514e+00 -8.53781353e-02 -8.04159659e-02 -5.54378235e+00
  3.04730063e+02] 5.545022895530292
[-3.04581278e+00 -8.88872689e-02 -1.27191679e-01 -5.14807759e+00
  3.03808297e+02] 5.150415666000852
[-3.02390873e+00  1.73179133e-01 -6.55099354e-02 -5.46842286e+00
  3.03601293e+02] 5.4715565558427866
[-3.04129978e+00 -1.27235051e-01 -2.53780463e-02 -5.22241491e+00
  3.02158351e+02] 5.224026248667478
[-3.03309836e+00 -1.62966787e-01  1.44193731e-01 -5.48385908e+00
  3.03873858e+02] 5.488174598010819
[-3.07856225e+00  1.20316847e-01 -1.65636918e-01 -5.19028258e+00
  3.02855677e+02] 5.1943185349068735
[-3.01299745e+00 -7.18059143e-02  2.11976137e-01 -5.27367317e+00
  3.05135436e+02] 5.278420095326892
[-3.03541548e+00 -8.38059028e-02  9.57816301e-02 -4.99204070e+00
  3.01971562e+02] 4.993662772100898
[-3.13216398e+00  2.88605596e-02 -1.33834591e-01 -4.91210838e+00
  3.01332872e+02] 4.914016015735083
[-3.09349048e+00 -1.79728831e-01  2.91348915e-02 -5.13851053e+00
  3.01553227e+02] 5.141735287519947
[-3.07554627e+00 -1.16380309e-01  3.16372993e-01 -5.40481933e+00
  3.03584042e+02] 5.415321618978456
[-3.03472209e+00  5.49061034e-02  1.97996551e-02 -4.93891908e+00
  3.01415742e+02] 4.939263956261486
[-3.06850878e+00 -1.75626405e-01  1.18786496e-01 -5.24657571e+00
  3.02772400e+02] 5.250858168913962
[-3.08164175e+00  1.96960692e-02 -2.22609349e-01 -5.20604285e+00
  3.04858444e+02] 5.210837266056764
[-3.03673601e+00 -5.70352090e-02 -1.03377312e-01 -4.93532382e+00
  3.00464595e+02] 4.936735873975381
[-3.02521366e+00 -2.32734884e-01 -1.53903967e-01 -5.30554206e+00
  3.02335402e+02] 5.312873847033403
[-3.03900557e+00  2.94619274e-01  1.75368966e-01 -5.54337512e+00
  3.05977581e+02] 5.553968175264767
[-3.07072529e+00 -1.59951275e-01  1.81586994e-01 -5.08354349e+00
  3.02404653e+02] 5.089299817636528
[-3.07723819e+00 -7.08534524e-02 -7.08157386e-02 -5.48186356e+00
  3.04795391e+02] 5.482778783730897
[-3.08450470e+00 -1.95076896e-01  5.20114871e-01 -5.06819967e+00
  3.03164175e+02] 5.098551006114175
[-3.07477586e+00 -3.00550345e-01 -1.65503770e-01 -4.89969744e+00
  3.01901700e+02] 4.911695939761408
[-3.07445555e+00 -1.54121251e-01 -4.24388286e-02 -5.35531541e+00
  3.03788997e+02] 5.357700766967348
[-3.04407850e+00  3.82805587e-03 -3.34007210e-01 -5.06665379e+00
  3.03278733e+02] 5.077652615902462
[-3.09472844e+00 -1.80302038e-02  3.94001526e-01 -5.14933522e+00
  3.02533122e+02] 5.164418216638449
[-3.10207204e+00  1.26114858e-01 -1.19120870e-01 -5.49282613e+00
  3.04464986e+02] 5.495564908586357
[-3.04273877e+00  8.93229294e-02 -1.65420565e-01 -5.47170361e+00
  3.06306266e+02] 5.474932236434733
[-3.10557149e+00 -1.21048525e-02 -4.86179312e-02 -5.23959524e+00
  3.01651386e+02] 5.239834782305785
[-3.03626294e+00 -2.42593104e-01 -7.58041559e-02 -5.24158325e+00
  3.05085235e+02] 5.24774166815208
[-3.03815491e+00 -7.70267579e-02 -1.95109877e-01 -5.20096903e+00
  3.02760780e+02] 5.205197383112402
[-3.08383634e+00 -4.36853633e-02 -2.73747282e-01 -5.58893397e+00
  3.05118473e+02] 5.5958045775242455
[-3.12527328e+00  1.59082694e-01 -1.74855728e-01 -5.30307290e+00
  3.02609953e+02] 5.308339098301931
[-3.07945619e+00  2.41029565e-01  1.74446516e-02 -5.47832281e+00
  3.06136862e+02] 5.483650276886473
[-3.12696894e+00 -2.44499376e-01  7.05121522e-02 -5.03362994e+00
  2.99819186e+02] 5.0400577681298895
[-3.08900778e+00  2.31278863e-01 -3.03968443e-01 -5.20938019e+00
  3.02602635e+02] 5.2233637312362955
[ -3.06582649   0.32169658   0.32758622  -5.26052997 303.33788564] 5.280528094770436
