/mnt/stage/douwei/Simulation/5kt_root/2MeV/5kt_-4.40_3.root
[-3.08035494e+00 -1.32956959e-02  2.70682818e-01 -4.50937181e+00
  2.96643407e+02] 4.517508167408497
[-3.09606291e+00 -2.09510585e-01 -1.07326009e-01 -4.60155002e+00
  2.99734380e+02] 4.607567267333668
[-2.94355211e+00 -5.61486885e-03  5.11673561e-01 -4.52213611e+00
  3.01104830e+02] 4.550995090494429
[-2.92069424e+00  4.99115082e-03 -3.96798774e-02 -4.26412983e+00
  3.01843487e+02] 4.264317363036069
[-3.13009656e+00  4.26269399e-01  8.71935408e-02 -4.45737076e+00
  2.97749695e+02] 4.47855583808964
[-3.02518096e+00 -3.35679928e-02  1.29253105e-01 -4.65956627e+00
  3.02081646e+02] 4.66147948783581
[-2.92290290e+00 -4.60248480e-01 -3.18775511e-02 -4.46467754e+00
  3.00360960e+02] 4.488450774352469
[-2.94079697e+00 -5.16582955e-02 -4.68566306e-02 -4.53466090e+00
  3.00002776e+02] 4.5351971980938846
[-2.98525886e+00  4.56374903e-03  2.97859571e-01 -4.38502055e+00
  2.97201696e+02] 4.395127573904679
[-3.06156882e+00 -2.93251435e-01  3.31864281e-02 -4.39504753e+00
  2.96758758e+02] 4.404945006309904
[-2.97956048e+00 -4.91300265e-02  1.60084608e-01 -4.71099999e+00
  3.04083845e+02] 4.713975150174237
[-3.00881565e+00  2.26150023e-01 -8.54452592e-02 -4.34796003e+00
  2.99153475e+02] 4.354675783362245
[-3.08341351e+00  5.93972215e-02 -4.89325016e-02 -4.27944702e+00
  2.97169413e+02] 4.280138926789148
[-3.03154684e+00  4.67971035e-02 -4.06597529e-02 -4.27966331e+00
  2.97306115e+02] 4.280112288694372
[-3.03436782e+00 -2.55727416e-02  1.31038877e-01 -4.75966727e+00
  3.01073332e+02] 4.7615394195257785
[-3.01687747e+00  5.69215980e-02 -4.42508778e-02 -4.39013825e+00
  2.99431838e+02] 4.390730243145622
[-3.09993651e+00  5.52556280e-03 -1.41983362e-01 -4.33508110e+00
  2.98773343e+02] 4.337409127478393
[-3.09428644e+00 -4.07488469e-01 -3.12193022e-02 -4.13317628e+00
  2.95613103e+02] 4.153332117974887
[-3.02476385e+00 -1.35784556e-01  7.04605561e-02 -4.22163259e+00
  2.97771642e+02] 4.224403374981777
[-3.08361114e+00 -1.98889513e-01  1.41311707e-01 -4.43303204e+00
  2.98350510e+02] 4.439740880815256
[-3.05410878e+00 -2.76159126e-01  1.48658485e-01 -4.52352710e+00
  3.00710600e+02] 4.534386462748994
[-3.10991273e+00 -5.85987910e-02 -5.36495690e-02 -4.45368940e+00
  2.97415469e+02] 4.454397979064172
[-3.14091441e+00  4.48328022e-01  3.61023161e-02 -4.53402520e+00
  2.98187438e+02] 4.556279835322426
[-3.01905774e+00 -5.68350781e-03 -2.10279485e-01 -4.52713317e+00
  3.00822782e+02] 4.53201771256174
[-2.98663700e+00  1.45930718e-01 -3.66350797e-01 -4.36143453e+00
  2.99127799e+02] 4.379225937753926
[-3.07173783e+00 -1.10653710e-01  7.92480623e-03 -4.62224147e+00
  3.00898065e+02] 4.6235725624147905
[-2.98253008e+00  2.54937671e-01  1.90560010e-01 -4.12832360e+00
  2.98089497e+02] 4.140575085764385
[-3.08573385e+00 -2.48561692e-01  1.77717916e-01 -4.52480434e+00
  2.98757889e+02] 4.535109795715597
[-3.08968836e+00  9.95639626e-02  1.15858259e-01 -4.71160197e+00
  3.00631297e+02] 4.714077769514102
[-3.02825969e+00 -1.20915176e-01 -7.19800704e-02 -4.25266680e+00
  2.99106165e+02] 4.254994302633014
[-3.05880615e+00 -1.06716746e-01 -4.45262197e-01 -4.56407004e+00
  2.97998655e+02] 4.5869796415167805
[-3.03947916e+00  1.00621972e-01  1.16597388e-01 -4.35634502e+00
  2.98149988e+02] 4.359066605047676
[-3.00535563e+00 -1.20320591e-01 -1.99973326e-01 -4.36694620e+00
  2.97170033e+02] 4.373177964690158
[ -3.01317866  -0.45540661  -0.3937062   -4.16530796 295.70747863] 4.208585289214478
[-3.05599200e+00 -5.87732649e-02  1.71377686e-01 -4.37703285e+00
  3.00425803e+02] 4.380780886428102
[-3.03893633e+00 -5.17936218e-02  1.03852964e-01 -4.44373915e+00
  2.97118698e+02] 4.4452542889945095
[-3.06301501e+00  1.68523290e-01 -4.36039187e-02 -4.67199969e+00
  2.99721595e+02] 4.675241435026859
[-3.11925733e+00  4.10759099e-02 -2.26108495e-01 -4.59878134e+00
  2.98007169e+02] 4.604519743414731
[-3.08028997e+00  1.11199891e-01  3.29453051e-01 -4.83164034e+00
  3.02584206e+02] 4.844135952650734
[-3.09585704e+00  1.72766151e-01  1.26502762e-01 -4.64649000e+00
  2.99441228e+02] 4.651421334460936
[-3.09899033e+00 -3.48733163e-01  1.68708338e-02 -4.50825357e+00
  2.96891997e+02] 4.521752945560452
[-2.97420435e+00 -2.88321396e-01  7.81917267e-02 -4.41569819e+00
  2.99873690e+02] 4.425791872641682
[-2.99113038e+00 -7.28419493e-02 -2.84805272e-01 -4.37599792e+00
  2.98845654e+02] 4.385861120371329
[-3.04065987e+00 -1.18268677e-01 -2.45608223e-01 -4.47447069e+00
  2.99582433e+02] 4.482766872143167
[-3.00546653e+00  3.34864595e-02  2.16147235e-01 -4.46428564e+00
  2.98263512e+02] 4.469640621809557
[-3.04172818e+00 -1.93232067e-01  2.67887063e-02 -4.25611404e+00
  2.98276305e+02] 4.26058246858601
[-2.95849118e+00  3.86297621e-01  5.71369783e-02 -4.33257966e+00
  2.98870685e+02] 4.350142185033678
[-2.97911068e+00  1.65492650e-01  3.87748024e-02 -4.25317234e+00
  2.97465467e+02] 4.2565674237874305
[-3.01250755e+00  8.96640193e-02 -2.17969863e-01 -4.43070749e+00
  2.99017879e+02] 4.436971865140107
[-3.04845202e+00  2.59893337e-01 -1.72747493e-01 -4.49745519e+00
  2.97384118e+02] 4.508269007602742
[-3.01388296e+00  2.29467060e-01 -1.73350941e-01 -4.45695453e+00
  2.98861984e+02] 4.466223164645617
[-2.93553569e+00  1.07769672e-01  2.80631734e-01 -4.62254063e+00
  3.02840224e+02] 4.632305081266958
[-3.02120660e+00  5.81216104e-02  2.48268148e-01 -4.57067043e+00
  2.99479262e+02] 4.577777123966412
[-3.06369608e+00  2.24427941e-02 -3.99479418e-02 -4.40242672e+00
  2.97905811e+02] 4.402665163308172
[-3.02227478e+00 -7.59935963e-02 -1.36788687e-01 -4.45908404e+00
  2.99625980e+02] 4.461828843940253
[-3.03756153e+00 -2.09064126e-01 -6.96033705e-02 -4.45805249e+00
  2.99002230e+02] 4.463494647283415
[-3.05609809e+00 -1.66789932e-01  1.09632071e-01 -4.80069419e+00
  2.99929374e+02] 4.804841600292288
[-2.98043751e+00 -2.56020877e-01 -6.33294907e-03 -4.32639541e+00
  2.98855085e+02] 4.333968622921014
[-2.96043675e+00 -2.52436349e-01  2.39109391e-01 -4.37941912e+00
  3.01096653e+02] 4.393200345072926
[-3.01228815e+00  2.05395392e-01  6.64674203e-02 -4.47341078e+00
  2.99974885e+02] 4.47861688800779
[-3.02479116e+00 -2.64209163e-02  8.01542075e-02 -4.42080854e+00
  3.00024128e+02] 4.4216140580698085
[-3.08034919e+00 -1.42860093e-01 -3.64315588e-01 -4.29746953e+00
  3.00730044e+02] 4.315249616449099
[-2.96751859e+00  1.62625365e-01 -1.18810505e-01 -4.07707942e+00
  2.98568646e+02] 4.082050897276601
[-3.09949747e+00 -1.02235313e-02 -1.78814846e-01 -4.72334243e+00
  2.99951952e+02] 4.726737030310948
[-3.04859928e+00 -5.72457146e-02 -2.16508667e-01 -4.30938190e+00
  2.97410076e+02] 4.315197032748353
[-3.09421162e+00  1.37663217e-01  3.32851820e-02 -4.98262601e+00
  3.00845254e+02] 4.984638505638957
[-3.07520402e+00  4.54296586e-02  3.95750865e-01 -4.38733082e+00
  2.97830138e+02] 4.405377883530452
[-3.04985597e+00  2.07171990e-01 -7.71965046e-02 -4.48527493e+00
  2.99464233e+02] 4.490720517591502
[-3.00770983e+00 -1.89269890e-01 -3.18625011e-01 -4.72403584e+00
  3.00202795e+02] 4.738550367397268
[-3.03842207e+00 -2.56145826e-01 -7.69868093e-02 -4.70435823e+00
  2.99817818e+02] 4.711955433385912
[-3.12330534e+00 -2.90531125e-01  2.83025406e-02 -4.58004399e+00
  3.01920402e+02] 4.589336804849041
[-3.01945464e+00 -1.29705780e-01 -9.55123345e-02 -4.14885322e+00
  2.98179099e+02] 4.151978959168565
[-3.02241152e+00 -2.12456667e-01  4.05227038e-02 -4.41227388e+00
  2.98865797e+02] 4.417571811466035
[-3.04294623e+00 -3.75235298e-01  1.05593070e-02 -4.46879210e+00
  2.97746282e+02] 4.484530725741743
[-3.04706588e+00  2.38596825e-01 -8.73977977e-02 -4.92195396e+00
  3.02343383e+02] 4.928508655763218
[-2.98711607e+00 -1.60207337e-01  8.06433886e-02 -4.43245636e+00
  2.99701580e+02] 4.436083756582563
[-3.15604437e+00 -1.55239379e-01 -8.91566691e-02 -4.66677829e+00
  2.99728012e+02] 4.670210678795197
[-2.93827237e+00  1.82695461e-01  8.64307292e-02 -4.47596694e+00
  3.01298013e+02] 4.4805276421969475
[ -2.98995206  -0.31702331  -0.360054    -4.47215206 298.99655502] 4.4978091052954925
[-3.02713675e+00 -4.47427007e-01  6.19373834e-02 -4.45068665e+00
  2.97700762e+02] 4.473548792024744
[-3.07640717e+00 -8.59534826e-02  2.04464176e-01 -4.52526144e+00
  2.99312779e+02] 4.530693627320799
[-3.07477934e+00  7.14159311e-02  1.25194189e-01 -4.44376088e+00
  2.95048543e+02] 4.446097683478602
[-3.01097418e+00 -2.87286615e-01 -2.09651951e-01 -4.43552859e+00
  3.00108414e+02] 4.449764196478646
[-3.02300357e+00 -1.59843374e-01  1.43989946e-01 -4.61062843e+00
  3.01411796e+02] 4.615644869102749
[-2.98887504e+00 -4.23691344e-01 -9.92879313e-02 -4.45309112e+00
  2.97773012e+02] 4.474303627889907
[-3.07176166e+00 -5.17579579e-02 -2.60052361e-02 -4.71701385e+00
  3.01482817e+02] 4.7173694822555134
[-3.02289713e+00 -1.77030415e-01  1.18516355e-01 -4.37526622e+00
  2.99640285e+02] 4.38044979259398
[-3.04947041e+00  6.45083049e-03  5.63359856e-02 -4.57708212e+00
  3.00163552e+02] 4.5774333473577276
[-2.99186306e+00  5.42696856e-02  2.87561913e-01 -4.10049963e+00
  2.98405232e+02] 4.110928638491938
[-3.17827984e+00 -6.26024370e-03 -1.45251059e-01 -4.50773278e+00
  2.99061183e+02] 4.510076701933213
[-3.02321974e+00  3.63032477e-01  8.00031587e-02 -4.37184671e+00
  2.97886798e+02] 4.387623127244152
[-2.98760031e+00  4.77183879e-02  3.20848375e-02 -4.25807618e+00
  2.99133997e+02] 4.258464422272429
[-3.08037716e+00 -6.61827198e-02  1.90206163e-01 -4.56245293e+00
  3.01413724e+02] 4.566895588279352
[-3.06997344e+00  1.69205970e-01 -4.45403775e-02 -4.63075820e+00
  3.00270758e+02] 4.6340625861708915
[-2.97001421e+00  5.46626675e-03 -4.07315867e-02 -4.28569590e+00
  3.00335326e+02] 4.2858929346303665
[-3.08734011e+00 -2.40999869e-01 -1.83093517e-01 -4.14422961e+00
  2.97957274e+02] 4.155266926911832
[-3.05932461e+00  1.39803662e-01  8.38003205e-02 -4.49952875e+00
  2.99809249e+02] 4.502480043200125
[-3.00503966e+00 -2.04760559e-01 -1.11142843e-01 -4.45364797e+00
  2.99342059e+02] 4.459737644255728
[-3.01895112e+00 -1.23998085e-01  7.32652899e-02 -4.03250364e+00
  2.97719879e+02] 4.035074839425444
[-3.12210041e+00  1.30446856e-01 -1.48528244e-01 -4.40482512e+00
  2.97710452e+02] 4.409258599727738
[-2.97359696e+00  5.46373311e-02  2.74670832e-01 -4.40373383e+00
  3.00968990e+02] 4.412629707154473
[-3.00367631e+00 -1.52593232e-01  2.08037905e-01 -4.60397006e+00
  3.00454762e+02] 4.611193425918716
[-3.00803678e+00  2.18615971e-01  5.39814091e-02 -4.42599080e+00
  2.99279029e+02] 4.431715410543171
[-3.15971924e+00 -1.42810842e-01 -3.86574113e-01 -4.30219124e+00
  2.96778038e+02] 4.321884300665131
[-3.11090622e+00  1.00414556e-01 -1.62714652e-01 -4.52271083e+00
  2.98518304e+02] 4.526750758514724
[-3.09949518e+00 -2.34465362e-02 -1.88694254e-01 -4.42779569e+00
  2.99361247e+02] 4.431876569854225
[-3.01327160e+00  1.69694448e-01  4.42926853e-01 -4.42786032e+00
  3.00019725e+02] 4.453192942862178
[-3.07270277e+00  6.79457478e-02 -2.22158307e-01 -4.29179313e+00
  2.97406549e+02] 4.298076221788404
[-2.95404466e+00 -2.56790573e-01 -2.33388285e-01 -4.54875566e+00
  3.00399023e+02] 4.56197211054939
[-3.05210394e+00 -1.56534432e-01  2.11032647e-01 -4.23363359e+00
  2.97095200e+02] 4.241779243708004
[-3.10237677e+00 -1.72543646e-01 -2.00554144e-01 -4.33149366e+00
  2.99201646e+02] 4.339565714786615
[-3.07199738e+00  7.61414551e-02  2.57724737e-01 -4.37614148e+00
  2.98383678e+02] 4.3843852248722825
[-3.02468722e+00  4.77099140e-03  3.10296521e-01 -4.50370017e+00
  3.00180424e+02] 4.514379456562178
[-3.06118538e+00  3.92400957e-01  2.87429714e-01 -4.61158107e+00
  3.02076637e+02] 4.63716231690616
[-3.12768263e+00 -7.38073758e-03  1.71620607e-01 -4.31545039e+00
  2.98436607e+02] 4.318867925046131
[-2.93721397e+00  2.33106553e-02 -2.20457547e-01 -4.36401656e+00
  2.98851320e+02] 4.369643625413734
[-3.06051252e+00 -4.37207561e-01  2.56762220e-01 -4.68667357e+00
  2.99883272e+02] 4.714020197520049
[-3.03668052e+00 -1.46875337e-01 -2.51430701e-01 -4.62125519e+00
  2.99637718e+02] 4.630419988135845
[-3.01774475e+00  1.24703621e-01  4.61555812e-02 -4.40786196e+00
  2.99895679e+02] 4.409867165082709
[-3.02956767e+00  2.40792349e-01 -1.76409493e-01 -4.22408819e+00
  3.00932994e+02] 4.234621858439459
[-3.02521271e+00 -1.10904216e-01  7.42670401e-02 -4.38155302e+00
  2.99025169e+02] 4.383585547037423
[-3.03913099e+00  1.86696270e-01 -1.38198207e-01 -4.14114461e+00
  2.97573746e+02] 4.1476539025751835
[-2.98791378e+00  1.86746746e-01  1.87103373e-01 -4.25777463e+00
  2.99787452e+02] 4.2659731431399415
[-3.00526915e+00 -1.84247607e-01 -1.39011359e-01 -4.50473429e+00
  3.01394499e+02] 4.510643231611923
[-3.01306542e+00 -1.87774423e-01  9.34131609e-02 -4.39686330e+00
  2.98547472e+02] 4.4018623485375645
[-3.00418699e+00 -6.16730213e-02  5.36157762e-02 -4.62166180e+00
  2.99852326e+02] 4.622384238369135
[-3.01044391e+00  1.22982100e-01  5.90343996e-02 -4.19323761e+00
  2.97700785e+02] 4.195456033488402
[-3.02163022e+00 -2.40954002e-01  2.17920227e-01 -4.29037843e+00
  2.98786651e+02] 4.302661399351039
[-3.05262733e+00 -2.01117317e-01 -2.40135095e-01 -4.63235190e+00
  3.01707729e+02] 4.642929806635503
[-2.98694238e+00 -2.58726004e-01  3.92371628e-03 -4.55979056e+00
  3.00645200e+02] 4.5671264986647175
[-3.05817965e+00  1.52407649e-01 -1.88794720e-01 -4.51981407e+00
  2.99513034e+02] 4.5263219901321925
[-2.96169145e+00  2.78410507e-01 -6.15803842e-02 -4.41229637e+00
  2.98718439e+02] 4.421500175867201
[-3.08866732e+00  2.52221593e-02 -1.79815248e-01 -4.44539482e+00
  2.98956418e+02] 4.449101571081389
[-2.96387593e+00 -3.20048024e-02 -6.62660502e-02 -4.23909940e+00
  2.98450236e+02] 4.239738107190114
[-3.10217777e+00  1.96505671e-01  3.50627492e-01 -4.31614151e+00
  2.99844897e+02] 4.33481621526126
[-3.03095273e+00 -2.85833438e-01  1.45996963e-01 -4.45041178e+00
  2.97604050e+02] 4.461970515896387
[-3.14613386e+00 -9.88241843e-03  8.61800237e-02 -4.45787579e+00
  2.99156019e+02] 4.45871968000505
[-3.08880877e+00 -2.08587068e-01 -1.82170793e-01 -4.28750191e+00
  2.97697501e+02] 4.296436592619903
[-2.99777345e+00  5.92196264e-02 -1.01070792e-02 -4.09879866e+00
  2.97189074e+02] 4.099238905522677
[-2.95433764e+00  7.48686295e-02 -8.67029574e-02 -4.65112158e+00
  3.00043335e+02] 4.652532075193126
[-3.02612709e+00 -1.15301480e-01  7.96706190e-02 -4.54297375e+00
  2.99656166e+02] 4.545135017203562
[-2.91182533e+00  1.79121384e-01  2.76859732e-01 -4.44680479e+00
  3.02142071e+02] 4.459014307596955
[-3.09632225e+00 -3.23953913e-01  2.09958099e-01 -4.87747034e+00
  3.03301784e+02] 4.892723726284948
[-2.97372462e+00  2.21843757e-02 -6.91744454e-02 -4.17922093e+00
  2.99429281e+02] 4.179852246329407
[-3.10663818e+00  5.85751315e-02  3.92404995e-01 -4.46766958e+00
  2.96075847e+02] 4.485251851036524
[-3.09472282e+00  2.02652789e-01  2.88378566e-02 -4.32057307e+00
  2.95783389e+02] 4.325419220356864
[-3.15041774e+00 -2.01682628e-01  1.75338639e-01 -4.32837599e+00
  2.98811603e+02] 4.336618297147799
[-3.11080755e+00  2.64159462e-02  1.57131410e-01 -4.62143658e+00
  2.98716971e+02] 4.624182540317078
[-3.03380377e+00 -2.79135730e-01 -6.33050248e-02 -4.74195698e+00
  3.00800829e+02] 4.750587364127206
[-3.06982368e+00  1.61774497e-01 -1.34057359e-01 -4.27948986e+00
  3.00456719e+02] 4.284644192920429
