/mnt/stage/douwei/Simulation/5kt_root/2MeV/5kt_+9.60_2.root
[-3.21930605e+00  8.02903512e-03 -2.57324316e-01  9.84784916e+00
  3.36250713e+02] 9.85121379586191
[-3.17804117e+00 -2.14455484e-01 -2.58358772e-02  9.68864100e+00
  3.35835929e+02] 9.691048603474394
[-3.15714301e+00  6.63579492e-02  2.52938406e-02  9.60498796e+00
  3.33205741e+02] 9.605250487589352
[-3.25322282e+00  1.13386303e-02  1.58576576e-01  9.66112196e+00
  3.34653545e+02] 9.66242995134853
[-3.15155550e+00 -5.46672473e-02  1.64803607e-01  9.59819478e+00
  3.34703793e+02] 9.599765193796078
[-3.15745576e+00  4.28012701e-02 -1.10294634e-01  9.44241972e+00
  3.33463483e+02] 9.443160860928499
[-3.20768194e+00 -2.09813896e-01  9.68515547e-02  1.00103421e+01
  3.38194872e+02] 10.01300904787719
[-3.12195156e+00 -1.25142883e-01 -1.00636932e-01  9.50552775e+00
  3.34157592e+02] 9.506884154220955
[-3.19996991e+00  3.16093340e-02 -3.35898783e-02  9.37747111e+00
  3.31962921e+02] 9.37758454494398
[-3.19444601e+00  1.30769299e-01 -2.03405945e-01  9.78195989e+00
  3.37078943e+02] 9.78494833500742
[-3.16064966e+00 -2.09436400e-01 -1.99740797e-01  9.35173013e+00
  3.32077126e+02] 9.356207370288496
[-3.24252050e+00 -8.56653669e-02  3.61158782e-02  9.69011156e+00
  3.33773259e+02] 9.690557515597794
[-3.14731644e+00 -2.37034501e-01 -8.45675050e-03  9.54555545e+00
  3.34334713e+02] 9.548501753619302
[-3.21401626e+00  2.86549632e-02  1.72760733e-01  9.67569221e+00
  3.35652660e+02] 9.677276846961577
[-3.16462663e+00 -1.81458251e-02  1.44507917e-01  9.50718941e+00
  3.36121965e+02] 9.508304909493171
[-3.23433769e+00 -1.94384347e-02  3.56479904e-02  9.79211170e+00
  3.34614047e+02] 9.792195880988814
[-3.17119399e+00 -1.99349559e-01  3.34977732e-02  9.43802977e+00
  3.35298317e+02] 9.440194292003655
[-3.18602258e+00 -1.33242982e-01  1.38202422e-01  9.82914140e+00
  3.36586511e+02] 9.831015934032445
[-3.17867440e+00  2.64622155e-01 -1.30220166e-01  1.00742551e+01
  3.38794738e+02] 10.078571277185503
[-3.12063376e+00 -6.72026922e-02  7.21064164e-02  9.47045377e+00
  3.35996760e+02] 9.47096669999198
[-3.10561322e+00 -9.00508401e-02 -2.08209345e-01  9.76182096e+00
  3.36838142e+02] 9.764456399379537
[-3.12542716e+00 -2.47616770e-01 -5.69179794e-02  9.38436974e+00
  3.33970332e+02] 9.387808534932748
[-3.19920088e+00 -3.17716921e-02 -1.74099103e-01  9.38837628e+00
  3.33442366e+02] 9.390044151268722
[-3.13192122e+00  6.60528306e-02  1.87502041e-03  9.82855584e+00
  3.37511721e+02] 9.82877797283502
[-3.24309361e+00  5.81615910e-03  8.28001950e-02  9.65226197e+00
  3.37003140e+02] 9.652618862942667
[-3.26600844e+00 -2.66836477e-02  1.44309517e-01  9.97788801e+00
  3.38293633e+02] 9.978967195963994
[-3.15630498e+00 -1.10240562e-01  2.76868993e-01  9.73486480e+00
  3.34913399e+02] 9.739425138058927
[-3.11279299e+00  1.27257622e-01 -2.34920051e-01  9.31373668e+00
  3.33422883e+02] 9.317567968395249
[-3.25596806e+00  3.17409284e-01  1.01864142e-01  9.55256316e+00
  3.35656197e+02] 9.558377892709164
[-3.16278872e+00  1.84802904e-01  1.19205453e-01  9.62946368e+00
  3.33832275e+02] 9.631974504858192
[-3.19011034e+00  2.19644291e-02 -1.28212751e-01  9.73117142e+00
  3.35398259e+02] 9.732040805354519
[-3.22185316e+00  3.40177287e-02  4.79495636e-02  9.52997725e+00
  3.34588454e+02] 9.530158585197492
[-3.21121114e+00 -2.62715411e-01  2.44701812e-01  9.37352980e+00
  3.30427455e+02] 9.3804029415952
[-3.16735575e+00 -4.29305622e-02 -8.06874194e-02  9.66556880e+00
  3.35379677e+02] 9.666000915859419
[-3.15026281e+00 -7.59719952e-02 -3.65317590e-01  9.63819183e+00
  3.35988594e+02] 9.64541188854558
[-3.15285334e+00  1.14944122e-01 -2.50230638e-01  9.96088439e+00
  3.37996466e+02] 9.964689928438252
[-3.15660575e+00 -2.14543928e-01 -1.55432562e-02  9.53415298e+00
  3.34736420e+02] 9.536579250855384
[-3.20687291e+00  8.43141091e-02  1.13011244e-01  9.65487850e+00
  3.38108930e+02] 9.655908000103357
[-3.21020600e+00 -7.96312581e-02  8.32447409e-02  9.76095676e+00
  3.35453564e+02] 9.761636529198826
[-3.13824006e+00  2.79221645e-02 -2.46637085e-01  9.57868990e+00
  3.35709920e+02] 9.581905323738868
[-3.21262212e+00  3.93591969e-01 -3.10345561e-02  9.76113478e+00
  3.36209346e+02] 9.769116130981345
[-3.22613691e+00 -2.61499070e-04 -4.09815663e-02  9.78072242e+00
  3.38193376e+02] 9.780808282024369
[-3.23185507e+00  4.20428992e-02  9.17762498e-02  9.69480829e+00
  3.35309544e+02] 9.695333842762036
[-3.14755631e+00  5.78557537e-02 -1.29509060e-01  9.55047190e+00
  3.34381933e+02] 9.5515251846174
[-3.10546645e+00  1.07016006e-03  2.09431364e-01  9.83876912e+00
  3.37257141e+02] 9.840997936285733
[-3.19540545e+00  2.47720332e-01  5.00639839e-02  9.77194233e+00
  3.36214416e+02] 9.775209907943887
[-3.11888796e+00  2.84992283e-01  4.94793637e-02  9.66493683e+00
  3.36952969e+02] 9.669264336834193
[-3.11981365e+00  2.16647329e-01 -3.25466911e-02  9.61839015e+00
  3.36094333e+02] 9.620884801172084
[-3.22328590e+00 -2.03734733e-02  2.89829389e-01  9.80770653e+00
  3.36645732e+02] 9.81200915226442
[-3.23363714e+00 -1.99301945e-01  1.24350903e-01  9.84770908e+00
  3.33723315e+02] 9.850510569055007
[-3.21899459e+00 -7.30563058e-02 -3.83330155e-02  9.53958843e+00
  3.34842005e+02] 9.539945185692781
[-3.18486662e+00 -1.64522307e-02 -2.19354827e-01  9.53810678e+00
  3.36082337e+02] 9.54064295916966
[-3.12400245e+00 -1.14970666e-01 -2.49359297e-01  9.50729734e+00
  3.33879239e+02] 9.511261798134452
[-3.22190622e+00  1.16972756e-01  1.54777841e-01  9.70512157e+00
  3.35365369e+02] 9.70706050093332
[-3.22096340e+00  1.87035201e-01 -1.66121544e-02  9.78208046e+00
  3.33821380e+02] 9.78388247806471
[-3.17169173e+00  1.27084120e-01  3.77942022e-02  9.76025384e+00
  3.34814929e+02] 9.76115432458943
[-3.23300885e+00 -3.42938097e-01 -2.99318321e-01  9.69826984e+00
  3.34792720e+02] 9.70894617936437
[-3.23931036e+00  2.96033832e-02 -1.15210969e-01  9.51610054e+00
  3.31835639e+02] 9.516843984605215
[-3.19488980e+00  4.27179470e-01  4.77132221e-02  9.67340903e+00
  3.35261708e+02] 9.682954147490989
[-3.23860588e+00 -1.05294003e-01  1.35255712e-01  9.68637317e+00
  3.33905615e+02] 9.68788966260239
[-3.24584105e+00 -6.12313593e-02  9.93920613e-03  9.73063867e+00
  3.34753385e+02] 9.730836395841822
[-3.09202809e+00 -1.69285465e-01 -3.17523349e-01  9.41775612e+00
  3.33543488e+02] 9.42462778609898
[-3.19524867e+00  1.01670205e-01 -2.51454004e-02  9.60108466e+00
  3.35686545e+02] 9.601655882459665
[-3.12060995e+00 -1.60873245e-01 -1.99932221e-01  9.50732305e+00
  3.35317595e+02] 9.510785703832251
[-3.20736762e+00 -3.01922648e-02 -2.33094888e-02  9.55303581e+00
  3.35722566e+02] 9.55311195958726
[-3.12285268e+00 -6.00979304e-03  1.99866861e-01  9.61565375e+00
  3.37171695e+02] 9.61773257917169
[-3.20480044e+00  1.22554360e-01 -5.46931345e-03  9.78165669e+00
  3.38592857e+02] 9.782425933526305
[-3.22020834e+00 -1.17143858e-01 -3.23359106e-02  9.39906598e+00
  3.31958404e+02] 9.399851568427833
[-3.15187565e+00 -2.60210609e-01 -1.27603657e-02  9.70261465e+00
  3.37063790e+02] 9.706111656606552
[-3.23527077e+00  2.08269848e-01  2.95747389e-01  9.81924200e+00
  3.33643699e+02] 9.825902312889678
[-3.19444900e+00 -3.23543117e-02 -1.90793255e-01  9.82587191e+00
  3.36736227e+02] 9.827777350459172
[-3.27975026e+00  1.86104045e-01  3.88616911e-02  1.00091945e+01
  3.36967460e+02] 10.010999895949231
[-3.20083691e+00 -3.45591165e-02  6.16901253e-02  9.97097805e+00
  3.37123099e+02] 9.971228773522775
[-3.21568431e+00 -1.66730734e-01 -2.56028983e-01  9.86758938e+00
  3.39063785e+02] 9.872318375042349
[-3.17749534e+00  1.04198522e-01 -7.14761190e-02  9.76802593e+00
  3.35152670e+02] 9.76884316446481
[-3.13290890e+00  1.09983810e-01  7.93878985e-02  9.51697047e+00
  3.32983073e+02] 9.517937056463976
[-3.25850871e+00 -1.69717391e-02  3.36851440e-01  9.62893059e+00
  3.35645187e+02] 9.634835818086298
[-3.21946082e+00 -2.24944492e-01  1.91940899e-01  9.78273665e+00
  3.36352640e+02] 9.7872047947821
[-3.14371662e+00  6.63996472e-02 -1.44524033e-01  9.70804042e+00
  3.35164228e+02] 9.70934317405099
[-3.22803842e+00  1.04067084e-01  3.08656393e-01  9.88717775e+00
  3.35742873e+02] 9.892541761902427
[-3.16853317e+00 -1.73854026e-01 -5.16932989e-03  9.95055497e+00
  3.37533911e+02] 9.952074964342458
[-3.20571554e+00 -1.80683274e-01  2.79801723e-01  1.00698409e+01
  3.39597517e+02] 10.07534771772793
[-3.20278355e+00 -3.76659130e-02 -9.63322666e-03  9.73609983e+00
  3.35772107e+02] 9.736177450927993
[-3.24497973e+00 -6.21555928e-02  1.58267303e-01  9.65128683e+00
  3.35657125e+02] 9.652784540023736
[-3.15071410e+00 -9.95976929e-02  4.74816672e-03  9.54781223e+00
  3.35563680e+02] 9.54833286691897
[-3.17982155e+00  2.67481719e-02 -8.49444676e-02  9.60689224e+00
  3.35383248e+02] 9.607305013962598
[-3.20753062e+00 -1.06116527e-01  2.70663675e-02  9.72845104e+00
  3.35975003e+02] 9.72906742130984
[-3.20337504e+00  8.78033186e-03 -3.75329172e-01  9.67104216e+00
  3.36618701e+02] 9.678326590071363
[-3.18236156e+00  4.30159684e-02  1.13324914e-01  9.76427473e+00
  3.37774719e+02] 9.765027081642945
[-3.14543003e+00  2.75290491e-01 -2.73399969e-02  9.50124617e+00
  3.33836558e+02] 9.505272809222244
[-3.20062116e+00  8.17541791e-02 -7.25861051e-02  9.81699961e+00
  3.34293981e+02] 9.817608357167172
[-3.29405049e+00 -2.80140201e-01  1.04639842e-01  9.61723025e+00
  3.34306084e+02] 9.621878494925278
[-3.20783760e+00 -2.26976301e-01 -2.08738879e-02  9.49073098e+00
  3.33654483e+02] 9.493467679391504
[-3.20954091e+00  1.24057557e-01  5.66339148e-02  9.51282501e+00
  3.34716345e+02] 9.51380246860624
[-3.30911084e+00 -5.38078963e-02  1.83013695e-01  9.77976688e+00
  3.33445400e+02] 9.781627144434667
[-3.11675333e+00  1.58902227e-01  1.87047164e-03  9.54286520e+00
  3.35892522e+02] 9.544188260909326
[-3.13947052e+00 -4.31715639e-02 -4.12583624e-02  9.59652836e+00
  3.35387683e+02] 9.596714151722338
[-3.19975467e+00  6.03903236e-02  8.05989469e-02  9.52615670e+00
  3.34509891e+02] 9.526689069704844
[-3.20978142e+00  1.82435109e-01 -4.65754777e-02  9.84164213e+00
  3.35528226e+02] 9.843443083138698
[-3.17113919e+00 -5.05667755e-02 -7.87088401e-02  9.43929847e+00
  3.33420482e+02] 9.439762052448472
[-3.27122565e+00 -1.60149049e-01  1.12343985e-01  9.71815102e+00
  3.35600543e+02] 9.720119763966936
[-3.17626200e+00  7.75479989e-02  4.47206286e-02  9.56388887e+00
  3.32245025e+02] 9.564307809875402
[-3.24890595e+00 -1.32344341e-01  2.46520522e-01  9.65112384e+00
  3.33217076e+02] 9.655178857378374
[-3.17243147e+00 -1.32233043e-01  1.63908022e-01  9.81006220e+00
  3.35871021e+02] 9.812322449144727
[-3.31131128e+00 -1.83270352e-01  3.20081295e-02  9.87899518e+00
  3.37772937e+02] 9.880746851284599
[-3.21074590e+00  1.53578619e-02  2.07482101e-01  9.70060690e+00
  3.36026720e+02] 9.70283767382947
[-3.21168433e+00 -1.88062955e-01  1.81818225e-01  9.77609201e+00
  3.37594654e+02] 9.779591022746546
[-3.11108437e+00  3.57350317e-02  2.46509187e-01  9.57187368e+00
  3.36659818e+02] 9.575114077505775
[-3.19155847e+00 -1.34251144e-01 -1.29193874e-01  9.38353444e+00
  3.33767102e+02] 9.385384006282601
[-3.17840863e+00 -3.56808731e-01 -1.86312621e-01  9.68757606e+00
  3.37941158e+02] 9.6959349654915
[-3.20009453e+00 -2.08552611e-02 -1.16191857e-01  9.76724855e+00
  3.34434912e+02] 9.767961902098607
[-3.20843900e+00  1.34292779e-01  1.57118240e-01  9.71619118e+00
  3.33644189e+02] 9.718389356696953
[-3.21894736e+00  4.61187571e-02 -1.10222509e-01  9.71443229e+00
  3.36328724e+02] 9.715167046017918
[-3.13780142e+00  4.75591276e-02 -8.66519455e-02  9.94079667e+00
  3.37918976e+02] 9.941288085065924
[-3.16162869e+00  1.03418055e-01 -1.26509485e-01  9.82390898e+00
  3.40132697e+02] 9.825267812420504
[-3.16623421e+00  1.64796273e-01  8.06393545e-03  9.46369809e+00
  3.32926098e+02] 9.465136257753455
[-3.19945142e+00 -2.10897374e-01 -2.35982630e-01  9.45279954e+00
  3.33761530e+02] 9.458096252594729
[-3.17479792e+00  2.47011467e-01 -2.74303007e-02  9.69071754e+00
  3.35737206e+02] 9.693903935168633
[-3.08158479e+00 -3.38280122e-02  2.53035929e-01  9.68178862e+00
  3.36968064e+02] 9.685153711642878
[-3.19618913e+00 -2.32610089e-01 -1.94208991e-01  9.37086178e+00
  3.32493632e+02] 9.375759976868695
[-3.12446034e+00  2.16190610e-01  2.26518187e-02  9.53459764e+00
  3.34987701e+02] 9.537075211126334
[-3.10587010e+00 -3.96856868e-01 -2.32673981e-02  9.60246422e+00
  3.35812118e+02] 9.61068966612474
[-3.23274169e+00  1.36475893e-01  8.50983446e-02  9.59324810e+00
  3.34610889e+02] 9.594596210385484
[-3.24954384e+00 -8.81409940e-02 -1.12599805e-01  9.77508123e+00
  3.34572795e+02] 9.776127071291251
[-3.17883599e+00 -9.81298679e-02  1.40941564e-01  9.59377265e+00
  3.36510658e+02] 9.59530966565408
[-3.30135650e+00 -3.94072160e-02 -5.75240494e-02  9.80569588e+00
  3.35856789e+02] 9.805943789254078
[-3.21401486e+00 -2.63605083e-01  3.01676131e-01  9.73429336e+00
  3.36765788e+02] 9.742533725804455
[-3.17725652e+00 -5.84393670e-02  1.40011860e-01  9.53277820e+00
  3.35254736e+02] 9.533985460408037
[-3.20060600e+00 -2.03259764e-01  1.43441454e-01  9.83578417e+00
  3.36240013e+02] 9.838929831972955
[-3.21693731e+00  9.45721936e-02  6.43530490e-02  9.82152176e+00
  3.36199222e+02] 9.822187886144052
[-3.20388688e+00  7.61176527e-02  2.39841093e-01  9.59493442e+00
  3.33825780e+02] 9.598233387154535
[-3.11075832e+00  3.40694676e-01 -1.84469812e-01  9.76055961e+00
  3.37896509e+02] 9.768245790993449
[-3.18106533e+00  1.18708397e-01 -1.49897892e-01  9.66263438e+00
  3.35572702e+02] 9.664526069546875
[-3.16892845e+00  4.34702289e-02  7.34872390e-02  9.60152163e+00
  3.36918770e+02] 9.601901247782315
[-3.22988683e+00 -1.65782742e-01  8.63812953e-02  9.75811740e+00
  3.35440678e+02] 9.759907830981302
[-3.18144552e+00  6.03249935e-02 -7.91421091e-02  9.64754194e+00
  3.35432573e+02] 9.648055142179958
[-3.21808228e+00 -1.42987610e-01 -2.37269200e-01  9.56881973e+00
  3.34884531e+02] 9.572828897399836
[-3.17675020e+00  2.43932056e-01  7.16109654e-02  9.77749750e+00
  3.37709021e+02] 9.780802028248534
[-3.23338403e+00 -7.02266872e-02 -5.80296656e-03  9.37827009e+00
  3.33580179e+02] 9.378534821279935
[-3.19490686e+00  1.99504823e-01 -2.02468358e-01  9.91498039e+00
  3.38960465e+02] 9.919053977111536
[-3.20170572e+00 -2.15679584e-01 -1.51353169e-01  9.48142329e+00
  3.34936466e+02] 9.485083717778481
[-3.14577518e+00 -1.17498748e-01  9.10244292e-02  9.26139405e+00
  3.31928883e+02] 9.262586638394506
[-3.19820367e+00  8.29803253e-02  6.99707953e-02  9.72283256e+00
  3.36113850e+02] 9.723438419378375
[-3.19625979e+00  1.23375737e-01  2.11927666e-01  9.63203220e+00
  3.35377890e+02] 9.635153300257176
[-3.19861448e+00 -2.40848971e-01 -1.34893368e-01  9.76750261e+00
  3.37221997e+02] 9.771402747398609
[-3.22202049e+00 -2.13501474e-01 -3.66468561e-01  9.52240634e+00
  3.34326741e+02] 9.53184685715164
[-3.22016907e+00 -4.51103021e-01 -2.04686957e-02  9.80724833e+00
  3.36984210e+02] 9.81763885635122
[-3.17478669e+00  3.84892276e-03  4.45736408e-02  9.96683508e+00
  3.39143363e+02] 9.966935498308132
[-3.17635979e+00  5.86732479e-02  1.15842253e-01  9.75411450e+00
  3.37713252e+02] 9.754978811245245
[-3.17373251e+00 -1.45185320e-01 -3.26845564e-02  9.78466823e+00
  3.35572436e+02] 9.785799889553036
[-3.12072526e+00 -2.28452306e-02  2.40940600e-01  9.72847324e+00
  3.37291489e+02] 9.731483229694337
[-3.15164503e+00  2.18580592e-01  2.15812164e-01  9.53408956e+00
  3.31795713e+02] 9.539036433635427
[-3.19830492e+00  2.28214051e-01 -1.58881710e-01  9.78523286e+00
  3.36938738e+02] 9.78918317251576
[-3.24381611e+00  2.10002586e-01  1.65367695e-01  9.90516290e+00
  3.36910192e+02] 9.908768820454826
[-3.26990706e+00 -1.42041362e-01 -1.76987763e-01  9.79386608e+00
  3.34913985e+02] 9.796494948121463
[-3.26812499e+00 -1.21667805e-01  2.86671344e-02  1.00738433e+01
  3.36481456e+02] 10.074618746050081
[-3.11578323e+00 -1.27258132e-01 -3.27723559e-01  9.52595866e+00
  3.36726093e+02] 9.53244385053817
[-3.17780824e+00 -2.02627337e-02  9.78468629e-02  1.00040414e+01
  3.37241752e+02] 10.004540380966192
[-3.22749876e+00 -2.78346682e-01  2.41212536e-01  9.50183594e+00
  3.34486184e+02] 9.508971904264143
[-3.14554080e+00 -1.05510423e-01 -2.80130490e-01  9.56331553e+00
  3.35838073e+02] 9.567999237120233
[-3.10253522e+00  1.65259342e-01 -6.61106967e-02  9.50973884e+00
  3.34257663e+02] 9.511404417751985
[-3.21905267e+00 -6.83288317e-02  1.87523488e-01  9.42805688e+00
  3.31406919e+02] 9.43016915770777
[-3.21950458e+00 -1.13846962e-01  1.66133614e-01  9.32259493e+00
  3.33702644e+02] 9.324770117703187
[-3.20193382e+00  2.43975707e-01 -4.51510202e-02  9.65771904e+00
  3.33973944e+02] 9.660905743389955
[-3.17511274e+00 -2.08534710e-06  7.02388419e-02  9.67668378e+00
  3.36084527e+02] 9.676938689245688
[-3.18027142e+00  8.20514314e-02 -1.91266215e-01  9.96959879e+00
  3.37380001e+02] 9.971770914659865
[-3.26829660e+00 -4.28489717e-03 -2.87498469e-01  9.95720538e+00
  3.37891486e+02] 9.961355972023577
[-3.26532245e+00 -3.02327700e-01  1.40284713e-01  9.73472468e+00
  3.34909540e+02] 9.740428455397586
[-3.26111261e+00 -7.24993874e-02  1.62156819e-01  9.61912084e+00
  3.35654066e+02] 9.620760717557193
[-3.19366229e+00  1.51430640e-01 -4.51338895e-02  9.70981238e+00
  3.35920300e+02] 9.711098020166219
[-3.15293889e+00  3.57514555e-02 -1.44417302e-01  9.73859135e+00
  3.37112326e+02] 9.73972771735019
[-3.19793047e+00  2.57058126e-01 -1.00723461e-01  9.95263788e+00
  3.38183258e+02] 9.956466489947255
[-3.19345399e+00  5.01573597e-02  3.08283157e-02  9.57970463e+00
  3.33399317e+02] 9.579885538697123
[-3.20786854e+00 -9.74741320e-02 -8.45137494e-02  9.71056188e+00
  3.36186386e+02] 9.711418840376039
[-3.11612635e+00 -1.82356270e-01 -9.38125031e-03  9.67389434e+00
  3.36022014e+02] 9.675617472840191
[-3.18594082e+00  9.54696559e-02 -3.09481212e-01  9.97334500e+00
  3.37528213e+02] 9.978602281243315
[-3.10145755e+00  3.01258052e-01  4.08706751e-02  9.64997928e+00
  3.36930845e+02] 9.654767057497656
[-3.13201360e+00  1.33305184e-01  1.53739870e-01  9.66617967e+00
  3.35947679e+02] 9.668321241814905
[-3.17626630e+00 -1.16693272e-02  2.66219985e-01  9.91852817e+00
  3.38954302e+02] 9.92210714936489
[-3.19626480e+00  1.68243426e-01 -9.97331075e-02  9.63337551e+00
  3.34862642e+02] 9.635360725498112
[-3.10829680e+00 -2.42618575e-01  7.66822877e-02  9.41960764e+00
  3.34112955e+02] 9.423043673084871
[-3.20740591e+00  4.90382114e-02  1.22142895e-01  9.81346060e+00
  3.36088136e+02] 9.814343204408315
[-3.14233366e+00  2.30174659e-01 -7.44674061e-02  9.75044829e+00
  3.37065312e+02] 9.753449012090593
[-3.19407969e+00  3.32136057e-02  3.69618168e-03  9.65189034e+00
  3.37371662e+02] 9.651948189682493
[-3.18340072e+00 -4.59882229e-02 -8.48604799e-02  9.58620923e+00
  3.35732864e+02] 9.586695138479508
[-3.19290168e+00 -5.30519546e-02  1.19514907e-01  9.82937556e+00
  3.37710176e+02] 9.830245275717628
[-3.15929746e+00  5.48090516e-03  1.58966155e-01  9.46387193e+00
  3.34237265e+02] 9.46520851435286
[-3.15337506e+00 -6.01518017e-03 -2.26782128e-01  9.59845890e+00
  3.36123438e+02] 9.601139491460513
[-3.22262191e+00  2.01327494e-01  2.34857211e-01  9.82126415e+00
  3.34684691e+02] 9.826134552718305
[-3.10903205e+00  3.31997563e-01 -2.81836784e-02  9.68243616e+00
  3.35599507e+02] 9.688167356539411
[-3.22752433e+00 -8.22317962e-02 -1.97097398e-01  9.75109133e+00
  3.36271721e+02] 9.753429729570586
[-3.14231282e+00 -1.40475500e-01 -9.55593108e-02  9.46643284e+00
  3.36139551e+02] 9.467957313650185
[-3.21740236e+00 -2.37827837e-02  1.74294483e-01  9.56312611e+00
  3.32632126e+02] 9.56474386231876
[-3.16994158e+00  6.58262633e-02 -3.01352586e-01  9.46214694e+00
  3.34532729e+02] 9.467173343499685
[-3.14775724e+00  5.71693570e-02  1.00092785e-01  9.55340345e+00
  3.35540902e+02] 9.554098828916354
[-3.23278577e+00 -4.91846346e-02 -4.66297408e-02  9.86202351e+00
  3.37647035e+02] 9.862256395794219
[-3.11967584e+00 -1.78806200e-02 -2.46740509e-01  9.59615497e+00
  3.34862998e+02] 9.599343246261116
[-3.15557963e+00  9.55667477e-02 -1.03577101e-01  9.72987332e+00
  3.34879912e+02] 9.730893900811035
[-3.21617227e+00  1.40058028e-01  2.74852494e-02  9.61455940e+00
  3.34868671e+02] 9.615618756151115
[-3.12185596e+00 -9.87566598e-02  1.75099470e-01  9.64349432e+00
  3.36859370e+02] 9.645589422412247
[-3.12022901e+00 -2.48405390e-02 -1.68241275e-01  9.54465585e+00
  3.35142544e+02] 9.546170828164524
[-3.15035870e+00  4.48008784e-03  8.53081693e-02  9.37871460e+00
  3.34265379e+02] 9.379103640726132
[-3.16546766e+00  1.28584915e-01 -2.02569633e-01  9.80716005e+00
  3.36200803e+02] 9.810094634143008
[-3.20023874e+00  1.59724496e-01  2.22032075e-01  9.44178814e+00
  3.32834862e+02] 9.445748959695313
[-3.20365798e+00 -1.56147385e-01  3.88540967e-02  9.74544957e+00
  3.36128595e+02] 9.746777873532269
[-3.17814738e+00 -3.02401014e-02 -1.30473482e-01  9.52249319e+00
  3.34440879e+02] 9.523435006159202
[-3.11512228e+00 -5.54791254e-02  7.51079611e-02  9.70263087e+00
  3.36471163e+02] 9.703080180606145
[-3.18993509e+00 -1.52668784e-01 -7.51294299e-02  9.51469138e+00
  3.34880241e+02] 9.51621270244343
[-3.19593573e+00 -7.86333739e-02  2.41809626e-01  9.67102369e+00
  3.36769293e+02] 9.674365831737102
[-3.15003775e+00 -5.83923591e-02 -1.68390004e-02  9.86815886e+00
  3.36358305e+02] 9.868345982638626
[-3.23477689e+00  6.25375547e-02  9.48190213e-02  9.75229349e+00
  3.34410005e+02] 9.75295492892389
[-3.20830456e+00 -2.08984565e-01 -2.75223099e-01  9.57974970e+00
  3.33599475e+02] 9.585980732075468
[-3.22926328e+00  2.28778922e-01  1.34805406e-01  9.94857059e+00
  3.39147447e+02] 9.952113801781195
[-3.20508304e+00  5.92952284e-02 -1.08124981e-01  9.74177042e+00
  3.33329516e+02] 9.742550893324974
[-3.19275097e+00  1.54702962e-02  2.32554741e-01  9.48255389e+00
  3.33807691e+02] 9.485417723248855
[-3.28618991e+00 -1.80577799e-01  2.74270444e-02  9.78452220e+00
  3.35709467e+02] 9.78622681211232
[-3.19403000e+00 -1.33323981e-01 -1.28254013e-02  9.69315624e+00
  3.37695695e+02] 9.694081577788063
[-3.11808794e+00  3.03825560e-01  4.19356629e-02  9.85380217e+00
  3.36506549e+02] 9.858574222126716
[-3.12114264e+00 -1.49993913e-01  2.32194441e-01  9.63300719e+00
  3.36333661e+02] 9.636972546736803
[-3.21478004e+00  2.12116092e-01 -1.41509599e-01  9.70474207e+00
  3.36187248e+02] 9.708091308209479
[-3.21234600e+00  6.66842774e-02 -2.06177877e-01  9.85047132e+00
  3.37361752e+02] 9.85285448118678
[-3.20046227e+00  4.55904791e-02  4.96504755e-03  9.70785430e+00
  3.38346989e+02] 9.707962619680671
[-3.19058547e+00 -9.55588193e-02 -9.24059979e-02  9.88515165e+00
  3.35751887e+02] 9.886045389357657
[-3.21453957e+00  7.98235024e-02  1.57758374e-01  9.59434250e+00
  3.33986635e+02] 9.595971424537533
[-3.16613036e+00 -6.67762309e-02  1.44582191e-02  9.65143706e+00
  3.35005208e+02] 9.65167889094379
[-3.12965646e+00  3.25504485e-01 -3.88663186e-02  9.55384727e+00
  3.35793100e+02] 9.559469719926101
[-3.19433956e+00 -1.54563040e-03 -2.21564442e-01  9.78111452e+00
  3.36015483e+02] 9.783623787519591
[-3.21138518e+00 -5.77822431e-03 -1.30135899e-01  9.49140424e+00
  3.34706966e+02] 9.492298097579141
[-3.17522387e+00 -1.15732192e-01  3.79620799e-02  9.92955593e+00
  3.37884318e+02] 9.930302913973867
[-3.23479423e+00 -1.74932456e-01 -2.02182448e-02  9.61805813e+00
  3.35080493e+02] 9.6196700776408
[-3.14186995e+00  3.50975867e-02 -5.75671101e-02  9.40104308e+00
  3.33316962e+02] 9.401284844851018
[-3.16403142e+00  3.61263807e-02 -3.60908473e-01  9.68170930e+00
  3.34981511e+02] 9.688501171232188
[-3.20710473e+00 -9.73436192e-02  5.86261860e-02  9.70137264e+00
  3.34456212e+02] 9.702038133618286
[-3.16523544e+00  1.80398322e-01  7.90029257e-02  9.90932676e+00
  3.36312083e+02] 9.911283565882501
[-3.21812228e+00 -3.41812988e-02  3.93076425e-01  9.85057667e+00
  3.36676985e+02] 9.858475451995472
[-3.13652309e+00  1.54774677e-01  2.28345140e-01  9.63814162e+00
  3.36054121e+02] 9.64208849782435
[-3.27762663e+00  2.59764845e-01 -1.62588321e-01  9.95648101e+00
  3.34706519e+02] 9.961196057888504
[-3.16360200e+00 -6.21455709e-02 -6.53492599e-02  9.59987657e+00
  3.32379446e+02] 9.60030014292381
[-3.10523920e+00 -1.12577337e-01  3.20792348e-01  9.51818301e+00
  3.35528386e+02] 9.524252684485884
[-3.12878289e+00  1.14627362e-01  3.33467700e-02  9.92956725e+00
  3.39006851e+02] 9.930284849868078
[-3.25989677e+00  2.32008019e-01  1.21381406e-01  1.00600173e+01
  3.38901355e+02] 10.063424351342857
[-3.27745189e+00 -5.84191421e-02 -3.40717552e-01  9.81317751e+00
  3.37403393e+02] 9.819264438568851
[-3.26056809e+00 -6.83816150e-03  9.25193000e-02  9.75105952e+00
  3.36915479e+02] 9.75150082180516
[-3.16019969e+00  2.42774163e-02 -1.12060380e-01  9.43362743e+00
  3.34312473e+02] 9.434324218533936
[-3.18424299e+00  3.09446099e-02 -8.78405971e-03  9.46942072e+00
  3.33593201e+02] 9.469475359512991
[-3.22904680e+00 -5.90046412e-02  1.78826139e-02  9.68305995e+00
  3.34290259e+02] 9.683256240497522
[-3.20651089e+00 -2.83462518e-01  1.55844340e-01  9.58078417e+00
  3.33102662e+02] 9.586243469237273
[-3.19900340e+00  2.99469366e-01  5.41084780e-02  9.81457007e+00
  3.37752024e+02] 9.819286901892466
[-3.27775221e+00  1.24329601e-01  1.27697994e-01  9.54192581e+00
  3.36084692e+02] 9.5435901406872
[-3.19048411e+00  3.81649998e-02  1.77423708e-01  9.73489045e+00
  3.38376644e+02] 9.736581941406465
[-3.16530124e+00  1.03214391e-01  1.32919120e-01  9.86902804e+00
  3.37640227e+02] 9.870462760517535
[-3.18255839e+00 -3.89815536e-01  1.66729830e-01  9.58836629e+00
  3.36388550e+02] 9.597735310085024
[-3.25983964e+00 -1.61902260e-01 -1.44828431e-01  9.64826543e+00
  3.31847694e+02] 9.650710513506514
[-3.23719365e+00  1.19864730e-01 -1.00554566e-01  9.49010573e+00
  3.34944630e+02] 9.491395341887365
[-3.29754160e+00 -2.24715520e-01 -2.08112922e-01  9.63592944e+00
  3.34838409e+02] 9.640795832585978
[-3.15465682e+00  7.59386867e-02 -1.20668028e-01  9.47100280e+00
  3.34785361e+02] 9.47207588155551
[-3.14545577e+00  3.48406571e-02  2.07199179e-01  9.58528316e+00
  3.35637988e+02] 9.587585651604996
[-3.28887668e+00 -6.00372850e-02  7.13941797e-02  9.98367196e+00
  3.38051341e+02] 9.98410774337633
[-3.21334340e+00  1.02858257e-01 -4.18475947e-02  9.77769368e+00
  3.36990925e+02] 9.778324225821654
[-3.21974876e+00 -2.31097186e-01 -1.05643116e-01  9.69949710e+00
  3.35765965e+02] 9.702824861589493
[-3.18017313e+00  3.05181939e-02 -1.55044779e-02  9.67503068e+00
  3.34882618e+02] 9.675091234876755
[-3.28756020e+00 -1.91787331e-01  1.95678787e-01  9.49314835e+00
  3.34543424e+02] 9.497101562418097
[-3.19649497e+00 -1.27320205e-01  2.92726997e-02  9.52968364e+00
  3.32927170e+02] 9.530579081154546
[-3.13766985e+00  6.53409751e-03  1.18740994e-01  9.67574681e+00
  3.37171492e+02] 9.676477589129808
[-3.13812666e+00 -1.11462807e-01  1.72127323e-01  9.47673849e+00
  3.35431278e+02] 9.47895691077971
[-3.18016928e+00  9.01253794e-02  1.30997320e-02  9.61103265e+00
  3.35710598e+02] 9.61146413150667
[-3.22382410e+00 -9.27763548e-02  3.10990416e-01  9.76906762e+00
  3.36494719e+02] 9.774456747367543
[-3.17546005e+00  1.85798911e-01  3.42462266e-02  9.67911295e+00
  3.36530688e+02] 9.680956642478813
[-3.18025579e+00 -1.02432311e-01  1.20729464e-01  9.78047826e+00
  3.37115064e+02] 9.78175970657407
[-3.17001390e+00  1.05727867e-01  1.86553485e-01  9.48688701e+00
  3.34617389e+02] 9.489310079725847
[-3.14838159e+00 -1.91523577e-01  2.18919153e-01  9.61845101e+00
  3.35644665e+02] 9.622848158748623
[-3.19791258e+00 -2.02848295e-01  1.53333211e-01  9.28430272e+00
  3.32625781e+02] 9.287784204672402
[-3.19717191e+00  2.27767747e-01 -6.02685246e-02  9.79397803e+00
  3.37956671e+02] 9.796811526273729
[-3.15178468e+00 -9.93612798e-02 -2.20047001e-01  9.64044917e+00
  3.36223047e+02] 9.643472068146052
[-3.12145088e+00  8.96352741e-02 -9.09179850e-02  9.46005359e+00
  3.31951979e+02] 9.460915095074627
[-3.17267158e+00  7.56538624e-02  1.96670306e-02  9.54192092e+00
  3.31890264e+02] 9.542241094569416
[-3.17956992e+00  8.09920354e-02  2.38113317e-01  9.64302747e+00
  3.37679990e+02] 9.646306881887218
[-3.26111440e+00  3.58017888e-02  1.91830403e-01  9.75614336e+00
  3.36024538e+02] 9.758094790867668
[-3.16134133e+00  3.27803548e-01  7.87121808e-02  9.69147302e+00
  3.35714898e+02] 9.697334684737578
[-3.14300163e+00 -2.69516070e-02 -1.51081500e-01  9.63821207e+00
  3.36327391e+02] 9.639433792189536
[-3.22401901e+00  1.12497481e-01  1.38856141e-01  9.92968456e+00
  3.36962593e+02] 9.931292577334897
[-3.11392745e+00  8.16434751e-02  2.49500260e-02  9.45026047e+00
  3.34780497e+02] 9.450646064693837
[-3.18777311e+00  1.73911908e-01  4.91623816e-02  9.65923194e+00
  3.35018027e+02] 9.660922517620474
[-3.21942742e+00  6.47484239e-02  9.35876194e-02  9.58837908e+00
  3.35459917e+02] 9.589054404492156
[-3.18902009e+00 -4.37722924e-02 -8.28862815e-02  9.56919103e+00
  3.35287399e+02] 9.569650102422376
[-3.15678372e+00 -6.25219183e-02  2.79028704e-01  9.74108428e+00
  3.36481023e+02] 9.745280347290294
[-3.21103433e+00  2.71727380e-02  2.65754590e-01  9.41822438e+00
  3.34774031e+02] 9.42201222349844
[-3.19437777e+00  1.28644686e-01 -3.85917428e-02  9.78339692e+00
  3.37002046e+02] 9.784318785365588
[-3.21178092e+00 -5.84373899e-02 -4.80194323e-02  9.78058856e+00
  3.38580097e+02] 9.780881013128118
[-3.19672028e+00  1.64861444e-01  8.97665267e-02  9.93982547e+00
  3.35811694e+02] 9.94159784477818
[-3.18428591e+00 -2.64556914e-01 -2.25454275e-01  9.73972378e+00
  3.34946919e+02] 9.745924241532121
[-3.26705560e+00 -1.69310951e-02  3.63042042e-01  9.77785519e+00
  3.36342786e+02] 9.784607212958063
[-3.20661485e+00 -3.52256754e-02 -1.38273780e-01  9.89029269e+00
  3.38966412e+02] 9.891321957929756
[-3.22258391e+00 -2.47166610e-01 -1.65824143e-02  9.93265390e+00
  3.38876754e+02] 9.935742542577174
[-3.22162016e+00  9.04639718e-02  1.21122591e-01  9.83460819e+00
  3.36791251e+02] 9.83577006319168
[-3.09341412e+00 -8.03445022e-03  1.03113970e-01  9.46032187e+00
  3.33520570e+02] 9.460887212628537
[-3.21127380e+00  5.46526328e-02 -5.40327100e-02  9.70925480e+00
  3.36459538e+02] 9.709558960613494
[-3.17556698e+00 -6.61259359e-02  1.25702352e-01  9.80717428e+00
  3.35999368e+02] 9.80820274750986
[-3.12775164e+00 -3.94075348e-02 -3.06028820e-01  9.37012906e+00
  3.31460738e+02] 9.375208011492726
[-3.13578077e+00  2.54176638e-01 -3.99728452e-02  9.32507421e+00
  3.33297233e+02] 9.328623298627184
[-3.14739399e+00 -2.90893182e-01 -2.16859004e-01  9.37791645e+00
  3.32316320e+02] 9.384932794797228
[-3.23133180e+00 -1.10649752e-02  9.10948993e-02  9.75515352e+00
  3.38273271e+02] 9.755585113582644
[-3.16248338e+00 -1.48483093e-01  8.03437737e-02  9.87606107e+00
  3.37556719e+02] 9.877503969158893
[-3.18554010e+00 -1.30532606e-01 -6.95156783e-02  9.67523496e+00
  3.35535610e+02] 9.676365164431463
[-3.21544086e+00  1.49987985e-01  6.84857499e-02  9.69314147e+00
  3.34367237e+02] 9.694543734155003
[-3.19064624e+00  6.28344421e-02  1.40804174e-01  9.71595877e+00
  3.33536661e+02] 9.717182147044971
[-3.19229930e+00  1.95405528e-01  1.48599712e-01  9.81969724e+00
  3.35799965e+02] 9.82276534803265
[-3.24148837e+00  4.81778534e-02  1.28532203e-01  9.85696348e+00
  3.36143653e+02] 9.857919190292515
[-3.26067647e+00  1.54972409e-01  4.60851429e-02  9.84295321e+00
  3.36519413e+02] 9.844280989146577
[-3.11778643e+00  4.16011946e-03  5.80867613e-02  9.47679776e+00
  3.34834569e+02] 9.476976685689552
[-3.29392068e+00 -1.03459192e-01  9.16844916e-02  9.76191572e+00
  3.35965812e+02] 9.762894468912839
[-3.18273742e+00  1.46098924e-02 -5.34144184e-02  9.70563161e+00
  3.34039564e+02] 9.705789586677017
[-3.20232430e+00 -9.37146742e-02 -4.27708738e-01  1.01530078e+01
  3.37702652e+02] 10.16244479578512
[-3.14196821e+00  2.66145923e-02 -1.94254858e-01  9.74704362e+00
  3.36978675e+02] 9.749015465087378
[-3.17928900e+00  7.52810236e-02  2.14458915e-01  9.91474821e+00
  3.35622862e+02] 9.917353067465337
[-3.09134088e+00  1.56224201e-01  1.64032051e-01  9.62740602e+00
  3.34994009e+02] 9.630070569599365
[-3.22569093e+00 -3.13777544e-01 -5.23117146e-02  9.90270622e+00
  3.35492719e+02] 9.907814253812388
[-3.19255548e+00  2.15063548e-01  1.44159840e-01  9.99379191e+00
  3.39776468e+02] 9.997145151010399
[-3.12568793e+00 -1.68074894e-01  5.89622850e-02  9.69048113e+00
  3.37058947e+02] 9.692117948085116
[-3.22463864e+00  9.63527833e-02 -1.15529330e-01  9.49577384e+00
  3.35027355e+02] 9.496965399332883
[-3.27181323e+00  1.32807311e-01  6.14270847e-02  1.00272608e+01
  3.35764626e+02] 10.02832843203104
[-3.20915380e+00 -2.14297441e-02 -2.74835670e-01  9.70143023e+00
  3.34600547e+02] 9.705346074086917
[-3.17172559e+00 -6.42549136e-02 -2.13262523e-01  9.88453805e+00
  3.35447985e+02] 9.887047185800759
[-3.15198110e+00  2.74675736e-01  2.47594576e-02  9.84730055e+00
  3.37269550e+02] 9.851161759286294
[-3.08603062e+00 -1.14578935e-01  2.72214710e-01  9.67688521e+00
  3.36314662e+02] 9.681391254500078
[-3.17318293e+00 -3.61480597e-02  6.43386671e-02  9.63207791e+00
  3.36197180e+02] 9.632360618349637
[-3.16409995e+00 -1.71449298e-01 -3.27572495e-01  9.64059467e+00
  3.36195506e+02] 9.647681799799074
[-3.07765144e+00  2.03574698e-01  5.36111120e-02  9.50114946e+00
  3.36586154e+02] 9.503481352036964
[-3.13242044e+00 -1.38610689e-01 -2.41985898e-01  9.68948556e+00
  3.35546416e+02] 9.69349785132714
[-3.20193880e+00  8.05607847e-02 -2.52074123e-01  9.44089304e+00
  3.33314677e+02] 9.444601252959066
[-3.12305011e+00 -2.79694080e-02 -3.16208428e-01  9.43452460e+00
  3.34588706e+02] 9.439863582196761
[-3.12672187e+00 -1.69976030e-01  1.97898070e-01  9.80131483e+00
  3.36349589e+02] 9.80478597376809
[-3.15816148e+00  1.98118374e-01 -5.00791019e-02  9.30327437e+00
  3.32860821e+02] 9.305518407496201
[-3.11999921e+00 -3.39306308e-01 -5.61630524e-02  9.41706198e+00
  3.34730844e+02] 9.423340136014373
[-3.15652083e+00  5.46278768e-02 -1.89702483e-01  9.76082336e+00
  3.37251715e+02] 9.762819465836769
[-3.16128665e+00 -8.66869671e-02 -1.36157548e-02  1.00697120e+01
  3.39484128e+02] 10.070094347447785
[-3.15645414e+00 -6.75194348e-02 -1.48532773e-01  9.55427749e+00
  3.33139657e+02] 9.555670528535364
[-3.17466594e+00  2.22774147e-01  1.38023702e-01  9.52038480e+00
  3.32998850e+02] 9.523991049819232
[-3.17218584e+00  7.00647221e-03 -1.18259117e-01  9.43028934e+00
  3.36457806e+02] 9.43103341627252
[-3.26091721e+00 -1.43334357e-01  1.13420129e-01  9.79981034e+00
  3.36076749e+02] 9.801514755245696
[-3.14473541e+00 -4.08903556e-02 -7.34348466e-02  9.63978091e+00
  3.36294499e+02] 9.640147337390536
[-3.23736870e+00  2.59799207e-01  1.36043082e-01  9.89201960e+00
  3.34142444e+02] 9.896365751632912
[-3.19785092e+00  2.35387337e-01  1.47884078e-02  9.54410486e+00
  3.34765834e+02] 9.547018568098093
[-3.17355959e+00  1.56803562e-03  2.77522143e-01  9.71690722e+00
  3.35862662e+02] 9.720869660864796
[-3.25075491e+00  1.93351872e-01  9.92711878e-06  9.60764892e+00
  3.35791710e+02] 9.609594305661043
[-3.21295337e+00 -1.05952937e-01  1.84471354e-01  9.88015223e+00
  3.37105781e+02] 9.882442197921556
[-3.15053344e+00 -8.03427440e-02  1.82935822e-01  9.56488983e+00
  3.35055510e+02] 9.566976426225411
[-3.18753098e+00  1.11176486e-01 -3.82191021e-02  9.89141354e+00
  3.37419776e+02] 9.892112151959644
[-3.19768154e+00  7.75423559e-02 -1.13707473e-02  9.75974260e+00
  3.36275300e+02] 9.7600572630753
[-3.19261619e+00  1.24368364e-02  8.56625069e-03  9.74121272e+00
  3.36587776e+02] 9.74122443034443
[-3.11582078e+00  8.15509352e-02  1.64627029e-01  9.61070814e+00
  3.36007341e+02] 9.612463964916213
[-3.16681155e+00  3.38064608e-01  4.95444650e-02  9.98756586e+00
  3.37705049e+02] 9.993408536138652
[-3.22999620e+00  9.87598282e-02  3.91677485e-02  9.98292624e+00
  3.38011267e+02] 9.983491567663783
[-3.21285365e+00  2.81648063e-01 -1.98126775e-01  9.61306609e+00
  3.33713628e+02] 9.61923174837153
[-3.25271065e+00  4.55213846e-02 -1.32296850e-01  9.72309558e+00
  3.33993851e+02] 9.724102129706747
[-3.22084804e+00 -2.21088646e-01 -1.80221965e-02  9.62578581e+00
  3.34294095e+02] 9.628341363063955
[-3.16325660e+00 -4.72948296e-02 -4.06159197e-02  9.42898254e+00
  3.34459173e+02] 9.429188633390295
[-3.17925871e+00 -4.01079142e-02  1.52816561e-01  9.42988184e+00
  3.33131509e+02] 9.431205277324732
[-3.16564678e+00  1.90733145e-01  1.00997119e-01  9.55986257e+00
  3.33780009e+02] 9.562298465165062
[-3.19106387e+00  2.92080301e-01  1.21460451e-01  9.90938345e+00
  3.37734924e+02] 9.914431092322486
[-3.22795774e+00 -1.96212294e-01 -1.28652097e-01  9.88887531e+00
  3.37367135e+02] 9.89165838333425
[-3.20639962e+00  1.09976748e-02 -2.80864852e-01  9.77625205e+00
  3.37565531e+02] 9.780291927485932
[-3.16199093e+00  5.31854431e-02 -2.63540185e-01  9.99205766e+00
  3.36892786e+02] 9.995673981313818
[-3.14956510e+00 -4.80207225e-02 -1.96464788e-01  9.65565024e+00
  3.36672390e+02] 9.6577681711672
[-3.17666161e+00  1.09861424e-01 -1.75914864e-01  9.58798794e+00
  3.36666960e+02] 9.590230881325317
[-3.18924935e+00  7.86415096e-03  2.16045216e-01  9.54831243e+00
  3.34398756e+02] 9.55075953179239
[-3.19561277e+00  2.11620751e-01  2.32977588e-01  9.55785114e+00
  3.31722136e+02] 9.563031960537495
[-3.17332168e+00  1.42666299e-01 -3.13063010e-02  9.63293196e+00
  3.34975522e+02] 9.634039228781658
[-3.18506382e+00 -1.01835728e-01 -1.22612172e-01  9.71182704e+00
  3.35954626e+02] 9.713134855105968
[-3.19755150e+00  4.92400134e-02  9.55490824e-02  9.75777040e+00
  3.34022733e+02] 9.758362437111609
[-3.21870174e+00  1.65879032e-01 -2.13710983e-01  1.00596915e+01
  3.36908083e+02] 10.06332856204946
[-3.17511152e+00 -5.02215408e-02  2.33500297e-01  9.86288294e+00
  3.37137650e+02] 9.865774402118296
[-3.20872728e+00 -1.78718723e-01  2.11409475e-01  9.86998974e+00
  3.37179688e+02] 9.873871162544335
[-3.14172400e+00  1.30368823e-01  9.18794741e-02  9.56150185e+00
  3.35105881e+02] 9.562831982336178
[-3.29613727e+00  8.35361572e-02  2.91041054e-01  9.95134692e+00
  3.38063823e+02] 9.955952425180424
[-3.18913457e+00 -1.21241140e-01  3.51342768e-02  9.97510869e+00
  3.37486320e+02] 9.975907338145994
[-3.15285239e+00  7.85049203e-02 -1.60387747e-01  9.65482183e+00
  3.35128332e+02] 9.65647305223206
[-3.21983694e+00 -2.93677216e-02 -2.09271712e-01  9.52541064e+00
  3.35509936e+02] 9.527754451626109
[-3.12612754e+00 -1.24027338e-01 -2.33176199e-01  9.57347269e+00
  3.35909272e+02] 9.577115082407358
[-3.19638016e+00 -3.27423406e-02 -2.10504619e-01  9.54838762e+00
  3.31850201e+02] 9.55076386614878
[-3.22405308e+00 -1.19130840e-02 -1.37374183e-01  9.48905452e+00
  3.34840020e+02] 9.490056336283882
[-3.20789821e+00 -1.45786692e-01 -2.44169842e-01  9.90300233e+00
  3.37990852e+02] 9.90708472806949
[-3.12706111e+00 -7.47286355e-02  1.09124039e-01  9.40638952e+00
  3.35206142e+02] 9.407319285410539
[-3.17617699e+00  2.22046994e-01  1.04353841e-01  9.41209496e+00
  3.32969887e+02] 9.415292143782056
[-3.15781499e+00 -1.06813708e-01  4.57669049e-02  9.50906399e+00
  3.35759207e+02] 9.509774007584788
[-3.16087780e+00  1.79063949e-01  2.32178236e-01  9.60439061e+00
  3.35723770e+02] 9.608865154914445
[-3.13380879e+00 -2.10559990e-02  3.16509226e-01  9.84637096e+00
  3.38791931e+02] 9.851479200711648
[-3.20148223e+00  9.78868225e-02 -3.01519254e-02  9.56859250e+00
  3.32255455e+02] 9.569140684163967
[-3.16804943e+00 -4.95059474e-02 -4.53609292e-01  9.68480264e+00
  3.37325885e+02] 9.69554610750148
[-3.19155461e+00  3.26949213e-01 -5.59778313e-02  9.76524443e+00
  3.35653375e+02] 9.770876526036155
[-3.21104120e+00  1.68207730e-01 -2.64424004e-01  9.81029507e+00
  3.33285395e+02] 9.81529944551434
[-3.24522857e+00  2.94592024e-02  8.36606183e-02  9.67776043e+00
  3.36722268e+02] 9.678166865588073
[-3.26966358e+00  2.12442291e-01  1.92707111e-01  9.69685780e+00
  3.35835093e+02] 9.701098851795374
[-3.28996117e+00 -8.29905101e-03 -5.04270915e-02  9.71455886e+00
  3.33614250e+02] 9.714693284667304
[-3.14125360e+00 -7.53715669e-02  4.48583795e-02  9.80103993e+00
  3.36603543e+02] 9.801432390005225
[-3.14173573e+00 -8.18848469e-02  2.58498665e-01  9.51850067e+00
  3.33937522e+02] 9.522362192038754
[-3.18117712e+00  2.38806807e-01 -1.57149929e-02  9.83213833e+00
  3.36792040e+02] 9.835050574772533
[-3.21701605e+00  2.37271640e-02  1.10931920e-01  9.82249215e+00
  3.35511766e+02] 9.823147202522208
[-3.27346020e+00 -1.80744449e-01  9.76904161e-02  9.58272559e+00
  3.31328776e+02] 9.5849278453669
[-3.16575523e+00  2.42726088e-02 -3.48045005e-01  9.80737929e+00
  3.39263659e+02] 9.81358308926142
[-3.18602879e+00  1.30787353e-01  1.28979017e-01  9.33908304e+00
  3.34195782e+02] 9.340889297060269
[-3.26488530e+00 -4.51691327e-02  2.57847874e-01  9.84661946e+00
  3.35613875e+02] 9.85009850246431
[-3.21231833e+00 -2.98488237e-01  5.89529746e-02  9.47655085e+00
  3.33171125e+02] 9.481433792214288
[-3.18864225e+00  2.47754308e-01  2.74075747e-02  9.79606626e+00
  3.37070128e+02] 9.799237089713813
[-3.14041576e+00  1.48523638e-01 -8.43072526e-02  9.54608056e+00
  3.34246714e+02] 9.54760813694911
[-3.10292047e+00 -1.85814394e-01  3.64868743e-01  9.50720836e+00
  3.35740597e+02] 9.51602159296246
[-3.22015377e+00 -3.28217352e-01 -3.34346403e-02  9.59214170e+00
  3.35037645e+02] 9.597813653843275
[-3.22709961e+00 -1.87514324e-01  1.20623102e-01  9.56825976e+00
  3.35295735e+02] 9.570857141739175
[-3.21367689e+00 -6.31254256e-02  2.65588727e-01  9.93126856e+00
  3.38106412e+02] 9.935019753286387
[-3.27617869e+00 -9.32019638e-02 -2.64854374e-01  9.54366292e+00
  3.32173784e+02] 9.54779222424969
[-3.23279890e+00 -1.27924612e-01  2.41682567e-01  9.94774709e+00
  3.35530531e+02] 9.951504774686068
[-3.17389064e+00  2.52520604e-01  1.53583487e-02  9.86852864e+00
  3.37657915e+02] 9.871770870969488
[-3.16947119e+00 -4.82931871e-02  2.02890653e-01  9.60623958e+00
  3.34847061e+02] 9.608503302294784
[-3.26200153e+00 -1.63469803e-01  4.27413926e-02  9.97372989e+00
  3.38125079e+02] 9.975161004957656
[-3.18370577e+00  4.42579772e-02  4.07127843e-02  9.82359432e+00
  3.38386063e+02] 9.82377838078532
[-3.21268434e+00 -5.29213090e-02 -2.29751045e-01  9.54871777e+00
  3.36035195e+02] 9.551627991661102
[-3.18738953e+00  5.21664356e-02  1.24976049e-01  9.78309133e+00
  3.37664377e+02] 9.784028637607479
[-3.14689962e+00 -1.95720719e-01 -6.07110405e-02  9.70511812e+00
  3.31657692e+02] 9.707281292112208
[-3.14765012e+00 -9.31829893e-02 -2.01329202e-01  9.67288991e+00
  3.34623572e+02] 9.675433622196492
[-3.15450604e+00  1.09909260e-01  3.95472357e-02  9.90231597e+00
  3.38864987e+02] 9.903004878951627
[-3.22043448e+00  8.19772568e-02  3.73519437e-02  9.51258935e+00
  3.35761883e+02] 9.513015903502595
[-3.19293941e+00 -3.74066859e-02  1.69453703e-01  9.95751485e+00
  3.38113375e+02] 9.959026852181387
[-3.12800645e+00  1.67184268e-01 -1.33273075e-01  9.45654695e+00
  3.32931675e+02] 9.458963604304039
[-3.17940393e+00  1.47104183e-01  5.66277123e-02  9.62235175e+00
  3.33494881e+02] 9.62364273499442
[-3.21080258e+00  5.69939308e-02 -2.52137419e-01  9.80897896e+00
  3.36008436e+02] 9.812384510183684
[-3.19597922e+00  8.37462065e-02 -2.50195855e-01  1.00151518e+01
  3.38286475e+02] 10.018626483935684
[-3.22322169e+00  1.12088203e-01  4.47156415e-02  9.70033679e+00
  3.35352356e+02] 9.701087413184203
[-3.27400996e+00 -1.88117204e-03  4.80479117e-02  9.82359628e+00
  3.36365679e+02] 9.823713964881831
[-3.15571189e+00  1.11339879e-01  1.91421053e-01  9.79164201e+00
  3.36122751e+02] 9.794145798278835
[-3.24259745e+00 -1.42528572e-01  9.47673742e-02  9.55498946e+00
  3.35467863e+02] 9.55652231560444
[-3.17270240e+00 -1.40628319e-01  1.95883427e-02  9.77236732e+00
  3.34953581e+02] 9.773398744411184
[-3.16888416e+00  8.98728281e-02 -1.22278274e-01  9.62111488e+00
  3.36187508e+02] 9.622311609382571
[-3.20805430e+00  1.37554454e-01  2.54140360e-01  9.62229554e+00
  3.34778095e+02] 9.626633885036627
[-3.15521027e+00  4.49818646e-02  1.68854677e-01  9.80708582e+00
  3.37148900e+02] 9.808642492386626
[-3.15955001e+00  2.48233822e-01  2.11771741e-01  9.71145691e+00
  3.36326493e+02] 9.716936891500147
[-3.17898562e+00 -1.99153386e-01 -2.23727413e-01  9.59244767e+00
  3.35917971e+02] 9.597122915510932
[-3.15881959e+00  4.78820446e-02  2.56452758e-02  9.52177958e+00
  3.35796363e+02] 9.521934510778598
[-3.13810337e+00  1.71413997e-01  3.86653541e-02  9.39569597e+00
  3.34681526e+02] 9.397339011384192
[-3.16370444e+00 -3.96265162e-02  1.92681662e-01  9.66177863e+00
  3.36610531e+02] 9.663780975653708
[-3.28310596e+00  1.53444810e-01  6.27227782e-02  9.63001467e+00
  3.34034398e+02] 9.63144133015341
[-3.25176516e+00 -2.49210224e-02  3.59883263e-02  9.59888342e+00
  3.33277733e+02] 9.598983231017256
[-3.16370284e+00  2.49748126e-01  1.86024802e-01  9.42928734e+00
  3.31605716e+02] 9.434428387703067
[-3.25293086e+00  2.62658947e-01 -8.64921102e-02  9.56335848e+00
  3.32640082e+02] 9.567355748157429
[-3.19187101e+00  6.06971342e-02 -1.18027425e-01  9.58149963e+00
  3.32889528e+02] 9.582418784803297
[-3.19238596e+00  5.25243923e-02  2.51437702e-01  9.92737445e+00
  3.40193702e+02] 9.930697016963569
[-3.15638960e+00  1.14798094e-02  2.55612834e-01  9.36395574e+00
  3.34012320e+02] 9.367450923969997
[-3.13968162e+00  2.08823472e-01  1.18174846e-01  9.59626129e+00
  3.36228861e+02] 9.59926055904467
[-3.16262388e+00 -3.22640834e-01 -1.26995343e-01  9.43608096e+00
  3.31683390e+02] 9.442449296951676
[-3.16322043e+00 -1.18939193e-01  2.03816094e-01  9.40469683e+00
  3.33800987e+02] 9.407656988315372
[-3.26376902e+00 -1.06646438e-01 -5.85968481e-02  9.60594689e+00
  3.34506711e+02] 9.60671758422564
[-3.16669734e+00 -1.53316574e-01 -1.97753124e-02  9.44816152e+00
  3.33538739e+02] 9.449426072805318
[-3.16058717e+00  3.20419164e-02 -3.76773143e-03  9.79177482e+00
  3.36472337e+02] 9.791827968041938
[-3.28750266e+00  9.66673956e-02  2.63481542e-01  9.86914951e+00
  3.34012971e+02] 9.873139277914161
[-3.13885355e+00  3.97702783e-02  2.25645164e-01  9.58660998e+00
  3.35964012e+02] 9.589347644003304
[-3.15300846e+00 -4.18426980e-01 -4.75912105e-02  9.75188945e+00
  3.38534935e+02] 9.760978119022347
[-3.13468945e+00  3.07009991e-01 -1.37092062e-01  9.51289087e+00
  3.33804901e+02] 9.518830916945296
[-3.21101861e+00 -2.63449346e-01  3.66223129e-01  9.67365852e+00
  3.35036436e+02] 9.684172350974258
[-3.24724848e+00  2.63275947e-01  3.44208067e-02  1.00382354e+01
  3.39457142e+02] 10.0417463152579
[-3.19794007e+00  2.15900200e-01 -1.63266518e-01  9.37108924e+00
  3.33533264e+02] 9.37499772663721
[-3.24613786e+00 -1.14967678e-01  1.72957452e-02  9.93677633e+00
  3.38747093e+02] 9.937456443231987
[-3.16353114e+00 -1.25580676e-01  3.59730533e-01  9.77890893e+00
  3.36124275e+02] 9.78632905927443
[-3.22545497e+00  7.64749358e-02 -2.28306614e-01  9.54809251e+00
  3.32396791e+02] 9.551127829601949
[-3.16895352e+00 -3.96454054e-02  1.38428718e-01  9.64288659e+00
  3.35058863e+02] 9.64396163592067
[-3.22564364e+00 -1.28142039e-01  6.09753814e-02  9.95051777e+00
  3.37746198e+02] 9.951529642139095
[-3.22805980e+00  6.55175661e-02 -1.25804799e-01  9.49258920e+00
  3.35463456e+02] 9.493648884382447
[-3.13375156e+00  2.75799951e-01 -1.17596541e-01  1.00277301e+01
  3.37413017e+02] 10.032211399256763
[-3.22984027e+00  1.48455348e-01 -3.19408798e-01  1.00640523e+01
  3.35645193e+02] 10.0702140309513
[-3.15149305e+00 -1.06997866e-01 -2.43391911e-01  9.86212640e+00
  3.36457951e+02] 9.865709571748797
[-3.16743055e+00  1.15426989e-01 -3.22821667e-01  9.80717722e+00
  3.35999786e+02] 9.81316780203779
[-3.27033361e+00 -1.15596042e-02 -1.12590011e-01  9.73174203e+00
  3.36357357e+02] 9.732400173383372
[-3.23282313e+00 -5.18568127e-02 -2.52785681e-01  9.59198257e+00
  3.33493125e+02] 9.595453053334218
[-3.12416550e+00 -1.41564437e-02 -3.05772029e-03  9.59367567e+00
  3.36200052e+02] 9.59368659748129
[-3.16290310e+00 -5.00600188e-02  1.28231710e-01  9.84055618e+00
  3.36048548e+02] 9.841518952926544
[-3.16394580e+00 -1.03679780e-01 -9.80949755e-02  9.81116335e+00
  3.38360415e+02] 9.812201503068897
[-3.24265122e+00  2.90222921e-01 -2.40363058e-01  9.57191919e+00
  3.37679871e+02] 9.579334044757463
[-3.17913680e+00 -3.62264590e-01 -9.60029511e-02  9.73937892e+00
  3.36719814e+02] 9.746586786081275
[-3.10811970e+00 -2.26246936e-01  5.93703904e-03  9.57600101e+00
  3.34632473e+02] 9.578675180150448
[-3.20965115e+00  3.45002191e-02  2.16985509e-01  9.81737202e+00
  3.37642549e+02] 9.819830262224015
[-3.18083886e+00 -3.83329513e-02 -2.37309350e-02  9.64056206e+00
  3.34412975e+02] 9.640667479527485
[-3.17191279e+00  3.22948869e-02 -2.69889492e-01  9.55008551e+00
  3.34157774e+02] 9.553952925234789
[-3.22430368e+00  2.53689624e-01  2.41703396e-01  9.77394670e+00
  3.35985602e+02] 9.780225617567368
[-3.23025444e+00 -2.68680060e-01  7.40626609e-02  9.64934845e+00
  3.34112989e+02] 9.653372455087858
[-3.23077638e+00  1.73121418e-01 -3.14415502e-02  9.83610868e+00
  3.36114302e+02] 9.837682329227649
[-3.21354583e+00 -9.34004215e-02 -3.55655685e-01  9.42326269e+00
  3.31057303e+02] 9.430434468963746
[-3.22482473e+00  2.17751356e-01 -1.24036238e-01  9.62882100e+00
  3.34483966e+02] 9.632081528326891
[-3.15482970e+00 -2.89114982e-01  3.74832398e-01  9.87471760e+00
  3.37066022e+02] 9.886057579412604
[-3.19397699e+00 -1.14883789e-01 -5.26674157e-02  9.45649970e+00
  3.33344916e+02] 9.457344167830533
[-3.22224690e+00  2.44615324e-02  5.33786299e-02  9.71134012e+00
  3.35331805e+02] 9.711517623395904
[-3.18975810e+00  5.19781277e-02 -1.77067572e-01  9.68309401e+00
  3.38130185e+02] 9.684852311257726
[-3.17905946e+00 -3.38765833e-01  2.00332443e-01  9.58979306e+00
  3.34949397e+02] 9.597865717425261
[-3.24875408e+00 -7.23467275e-02  4.86481866e-02  9.42603181e+00
  3.32758519e+02] 9.426434980088999
[-3.22742384e+00  1.24796237e-01 -1.01493839e-01  9.66247693e+00
  3.35708701e+02] 9.663815787387458
[-3.20303054e+00 -1.86799567e-02 -3.51802986e-02  9.84710578e+00
  3.36849813e+02] 9.84718633694829
[-3.12720424e+00 -3.14872935e-01  1.61395209e-01  9.68415868e+00
  3.36309725e+02] 9.690620342756548
[-3.21234269e+00  6.39216744e-02 -1.65188875e-01  9.67686947e+00
  3.33499104e+02] 9.678490379436361
[-3.15232052e+00  4.70173362e-02 -1.21643282e-01  9.79293366e+00
  3.36328174e+02] 9.793801987784622
[-3.20614211e+00 -1.02807361e-01 -4.82837102e-02  9.62470250e+00
  3.35153683e+02] 9.625372658781085
[-3.13080086e+00  5.83206158e-02  8.23270136e-02  9.67341997e+00
  3.35772350e+02] 9.673946087701834
[-3.23348243e+00  1.21634643e-01 -8.64307149e-02  9.84750971e+00
  3.38573770e+02] 9.848640142512595
[-3.22759725e+00 -2.01598037e-01 -4.48150206e-02  9.57464310e+00
  3.32482991e+02] 9.576870087756548
[-3.25915540e+00 -1.64125502e-01 -1.43840913e-01  9.73171092e+00
  3.33791407e+02] 9.734157631873574
[-3.25183583e+00 -1.98887279e-01  9.17707062e-02  9.66521728e+00
  3.37115048e+02] 9.667698952325974
[-3.21626074e+00  1.47794558e-01  3.36220889e-02  9.70349249e+00
  3.32698623e+02] 9.70467620114898
[-3.11502788e+00 -1.20944112e-01  6.28713494e-02  9.58201211e+00
  3.36353288e+02] 9.582981596523698
[-3.12153868e+00  6.17085599e-02 -3.01936769e-02  9.74137266e+00
  3.36235360e+02] 9.741614898555179
[-3.18449368e+00  2.01082645e-01  5.15318630e-02  9.78891994e+00
  3.36636911e+02] 9.791120634101969
[-3.18130414e+00 -7.12923229e-03  1.11184654e-01  9.70913429e+00
  3.35935599e+02] 9.709773504399354
[-3.24486145e+00 -3.06783713e-01  1.03202457e-01  9.71367350e+00
  3.35275833e+02] 9.71906476018584
[-3.16018693e+00 -1.92959392e-01  1.08219077e-01  9.74304536e+00
  3.36176044e+02] 9.74555681393871
[-3.22186920e+00 -1.19034389e-01 -6.68238196e-02  9.50714438e+00
  3.33011998e+02] 9.508124357932454
[-3.19042887e+00 -1.30327699e-01  9.74734217e-02  9.67055982e+00
  3.35555549e+02] 9.67192915458681
[-3.23971614e+00 -1.64455881e-01  5.80959579e-02  9.74464219e+00
  3.34506374e+02] 9.746202970976885
[-3.20113128e+00  6.36287860e-02 -1.57094426e-01  9.82229509e+00
  3.38344283e+02] 9.823757327022426
[-3.12690001e+00  1.64089169e-01  1.02743294e-02  9.32326011e+00
  3.32014153e+02] 9.324709638039051
[-3.21393985e+00  1.84237246e-01  2.11745270e-01  9.69396600e+00
  3.35117676e+02] 9.69802847515331
[-3.13695186e+00 -1.38745539e-01 -6.34481834e-02  9.62611614e+00
  3.35771991e+02] 9.62732506866244
[-3.25364904e+00 -4.21211145e-02  1.69924794e-01  9.43755996e+00
  3.33621781e+02] 9.439183581324867
[-3.17816749e+00  3.17445077e-01 -4.12819020e-02  9.75069919e+00
  3.36218073e+02] 9.755952560260088
