/mnt/stage/douwei/Simulation/5kt_root/2MeV/5kt_+5.20_2.root
[-3.07159927e+00 -1.04228603e-01 -2.67686446e-01  5.41447160e+00
  3.03879118e+02] 5.422086526389143
[-3.02486697e+00  1.78458391e-02  1.26944906e-01  5.22913714e+00
  3.04001752e+02] 5.230708243020448
[-3.13257605e+00 -1.30272135e-01  2.53079405e-01  5.46999049e+00
  3.03011467e+02] 5.477391348593496
[-3.03517122e+00 -3.82236928e-01  7.39742229e-02  5.25161478e+00
  3.02671380e+02] 5.26602649183077
[-3.09694433e+00 -8.80354155e-03  2.98770188e-01  5.39784916e+00
  3.04704413e+02] 5.406118445660607
[-3.03317149e+00  2.15839806e-01 -2.24531149e-02  5.18658922e+00
  3.05299443e+02] 5.1911269197466785
[-3.04372709e+00  2.52625646e-01 -6.09324596e-02  5.06448420e+00
  3.02016764e+02] 5.071147080394492
[-3.10081574e+00 -2.41942676e-01  1.68335080e-02  5.10463322e+00
  3.03624176e+02] 5.110391369681479
[-3.07235391e+00  7.97157330e-03 -2.45525816e-01  5.31420569e+00
  3.04335636e+02] 5.319880501637867
[-3.12888662e+00 -3.01797983e-01  1.14759488e-01  5.02169112e+00
  3.02152244e+02] 5.032060563034173
[-3.10960135e+00  1.88644293e-01 -8.92348984e-02  5.58261359e+00
  3.04641341e+02] 5.586512690465988
[-3.02101696e+00 -8.67207026e-02  7.45105883e-02  5.34700738e+00
  3.06859274e+02] 5.34822963328252
[-2.99406330e+00  7.55262137e-02  2.44324232e-01  5.11152418e+00
  3.02024123e+02] 5.1179173504096
[-3.04742448e+00  2.85824496e-01  1.44339310e-02  5.25042827e+00
  3.04244441e+02] 5.258222232292145
[-3.02286591e+00 -5.16448014e-02  1.10293656e-01  5.07582824e+00
  3.02596147e+02] 5.077289059087675
[-3.09352272e+00  1.31991513e-01  3.87659320e-01  5.20844058e+00
  3.02663940e+02] 5.224514792395011
[-3.06461781e+00 -4.52488014e-02  1.06933709e-01  5.13752525e+00
  3.01191628e+02] 5.138837222479894
[-3.14767529e+00  1.79234665e-01 -1.27780369e-01  5.61389657e+00
  3.04565753e+02] 5.618210359414376
[-3.10491580e+00  1.64402012e-01 -5.23028044e-02  5.54172705e+00
  3.06292320e+02] 5.544411807178485
[-3.10121286e+00  7.27092204e-02  1.91906259e-01  5.02752455e+00
  3.01034884e+02] 5.0317112161590165
[-3.05469725e+00 -8.31938278e-02  1.63385184e-01  5.15259507e+00
  3.03135128e+02] 5.155856079004926
[-3.08870824e+00  2.49258038e-02 -1.26340783e-01  5.33685658e+00
  3.04454369e+02] 5.338410015657486
[-3.07570546e+00  3.66786424e-02 -1.24190737e-01  5.30018571e+00
  3.04195769e+02] 5.301767364945632
[-3.05933728e+00  1.36111333e-01 -9.28524607e-02  4.64201685e+00
  3.00304520e+02] 4.644940080651066
[-3.03008966e+00  3.81821988e-02 -2.81605154e-01  5.31803755e+00
  3.04528784e+02] 5.325625100264288
[-2.94601853e+00 -1.40820991e-01 -9.93653241e-02  5.38729690e+00
  3.05627604e+02] 5.390053057404579
[-2.99849348e+00  1.57593964e-02 -2.36083320e-01  5.34137133e+00
  3.03658061e+02] 5.346609332182087
[-3.00531661e+00 -3.37284761e-01 -6.59932446e-02  5.31269522e+00
  3.04595951e+02] 5.323800019796591
[-3.05252018e+00  1.43303767e-01  1.83448711e-01  5.38270797e+00
  3.02541169e+02] 5.387739271325504
[-3.07324815e+00  8.95492139e-02  3.27534067e-01  5.36394004e+00
  3.03428370e+02] 5.374676770436517
[-2.99251479e+00  4.54735629e-02  2.84874594e-01  5.19407670e+00
  3.05756577e+02] 5.202081714798094
[-3.04620345e+00 -1.70805507e-01  1.05655815e-01  5.27095781e+00
  3.01814085e+02] 5.274782830417191
[-3.07596975e+00  3.20198456e-01  2.55043238e-01  5.25126075e+00
  3.03063103e+02] 5.267192189695302
[-3.05321427e+00 -1.30182143e-01  8.06775682e-02  5.24476935e+00
  3.02095910e+02] 5.247005034787167
[-3.01884322e+00  8.07840807e-02 -5.49729457e-02  5.11854313e+00
  3.03402160e+02] 5.119475736827717
[-3.08618559e+00  2.59526317e-01  1.20136269e-01  5.20465513e+00
  3.03194644e+02] 5.212506269964439
[-3.02149370e+00  3.34820211e-01  1.01074398e-01  4.95779966e+00
  3.04765868e+02] 4.9701205320981305
[-3.10863202e+00 -3.08437729e-01  1.00901394e-01  5.56065405e+00
  3.05388994e+02] 5.570115657905131
[-3.02882199e+00  7.80186454e-02 -3.42212695e-02  4.98908966e+00
  3.04346509e+02] 4.989816998136804
[-3.07650973e+00 -1.50961906e-01 -4.35662043e-02  5.39177665e+00
  3.02802794e+02] 5.394065527461058
[-2.99097786e+00  4.23453940e-02 -1.15987746e-01  5.05825124e+00
  3.03396637e+02] 5.059758083567688
[-3.05338029e+00 -1.43827247e-01  1.41729421e-01  5.43631944e+00
  3.04607709e+02] 5.4400682518701045
[-3.00942449e+00 -1.04142920e-01  5.26275613e-02  5.35992578e+00
  3.04305934e+02] 5.361195737139221
[-3.11684837e+00  3.47638768e-01  1.47589459e-03  5.46934409e+00
  3.04319293e+02] 5.480381339421162
[-3.06721681e+00 -1.83125577e-02  2.29510996e-01  5.26166739e+00
  3.04977597e+02] 5.266702417068951
[-3.02940557e+00  1.83362200e-01 -2.52806543e-02  5.19580957e+00
  3.04498735e+02] 5.199105485276702
[-3.12805273e+00 -2.01476834e-01  2.32505545e-02  5.10057359e+00
  3.02216048e+02] 5.104604242746913
[-3.07107728e+00 -1.56812754e-01 -3.29688046e-02  5.21535745e+00
  3.04787828e+02] 5.2178185548241425
[-3.07048581e+00  3.07069830e-01  6.59589190e-02  5.11629112e+00
  3.02431945e+02] 5.125922093910014
[-3.05951684e+00  1.49834532e-01  1.44602867e-01  5.39449226e+00
  3.06545364e+02] 5.398509711549779
[-3.00637235e+00  1.60296360e-01 -4.17074641e-01  5.09886527e+00
  3.03326912e+02] 5.11840533629505
[-3.06083431e+00 -2.55679927e-01 -1.67300385e-01  5.37518671e+00
  3.02386075e+02] 5.3838642098539315
[-3.10051623e+00 -2.33745387e-01 -1.56034151e-02  5.38539662e+00
  3.02286222e+02] 5.390489504632452
[-2.99565561e+00 -1.31174087e-01  2.19756016e-02  5.57442222e+00
  3.05143473e+02] 5.576008664796433
[-3.10621924e+00 -3.64416915e-01  2.91393953e-02  5.43923248e+00
  3.04170507e+02] 5.451504268634626
[-3.03793112e+00  2.62534377e-01 -2.42184963e-01  5.26635439e+00
  3.02093928e+02] 5.278453031242982
[-2.97896732e+00  2.88838313e-01  7.15681204e-02  5.31122461e+00
  3.05002051e+02] 5.319554158567904
[-3.05845961e+00 -3.08597915e-01 -3.87056971e-02  5.05483027e+00
  3.04728795e+02] 5.0643893849935475
[-3.07693319e+00 -1.96590392e-01  1.92728022e-01  5.31690421e+00
  3.04599565e+02] 5.3240268811177165
[-3.02135597e+00  6.43115327e-02  1.77993972e-02  4.96716249e+00
  3.02579134e+02] 4.967610692238305
[-3.03699282e+00 -2.66033883e-01 -1.14690429e-01  5.25304188e+00
  3.02733043e+02] 5.261024321889565
[-3.06165753e+00  9.23301538e-02  9.48318280e-03  5.16391017e+00
  3.03297293e+02] 5.164744241398271
[-3.04744006e+00  4.25612963e-03 -9.51995350e-02  5.55510465e+00
  3.07646284e+02] 5.555921955428866
[-3.01482121e+00 -9.63901239e-02 -3.24475464e-01  5.30006150e+00
  3.02168365e+02] 5.3108593695782496
[-3.06006659e+00 -4.42756220e-01 -1.31151023e-01  5.23410132e+00
  3.02026223e+02] 5.254431486015156
[-3.15854504e+00 -1.67190143e-01 -2.64597493e-02  5.18706541e+00
  3.04205875e+02] 5.189826611603353
[-3.07462451e+00  4.12902583e-02  4.11878237e-01  5.26562655e+00
  3.04299799e+02] 5.281871971574033
[-3.03785773e+00  7.02762408e-02 -2.76175964e-01  4.99168816e+00
  3.03593946e+02] 4.999816253031825
[-3.03538186e+00  2.04763019e-01 -1.93743812e-01  5.59094456e+00
  3.08511419e+02] 5.598046592714574
[-3.06783360e+00 -2.80283050e-03 -2.64582830e-02  5.43152351e+00
  3.03330351e+02] 5.431588677128786
[-3.18927879e+00  1.41114987e-01  1.78519220e-02  5.56274326e+00
  3.03849888e+02] 5.564561498437174
[-3.15199946e+00 -1.37772148e-01  1.79874372e-01  5.68612193e+00
  3.03744980e+02] 5.690634284042464
[-3.01028034e+00 -4.85994657e-02  6.07760284e-02  5.41140793e+00
  3.04291043e+02] 5.41196742101406
[-3.09801306e+00 -1.29532689e-01 -3.98141284e-03  5.82955591e+00
  3.08575765e+02] 5.830996201314738
[-3.06616048e+00  1.13473367e-01  8.88982539e-02  5.36215740e+00
  3.04856136e+02] 5.364094619556361
[-3.03844103e+00 -9.35127167e-02 -1.03858973e-01  5.04993441e+00
  3.03879727e+02] 5.051867858219501
[-3.11311111e+00 -1.28165962e-01 -1.45598727e-01  5.20814590e+00
  3.03581242e+02] 5.2117568222651265
[-3.00865782e+00 -1.85390160e-01 -3.22088156e-01  5.47707160e+00
  3.05548562e+02] 5.489665161960245
[-3.01082247e+00  3.50576393e-01  2.34430825e-01  5.10711644e+00
  3.03582701e+02] 5.124499973388895
[-3.06723700e+00 -1.99900466e-01 -9.20492104e-02  5.18278097e+00
  3.02505583e+02] 5.187451378499652
[-3.17533627e+00 -2.75981785e-02  1.04155828e-01  5.05076909e+00
  3.01264215e+02] 5.051918298483452
[-3.07220389e+00 -2.24102467e-01 -2.02468163e-01  5.18966015e+00
  3.05388116e+02] 5.198440891219987
[-3.01212506e+00 -8.63176571e-02  1.03351192e-01  4.90907985e+00
  3.00954733e+02] 4.910926309859642
[-3.08002589e+00 -4.07128109e-04 -1.01865152e-01  5.37785827e+00
  3.03730912e+02] 5.378822945709385
[-3.04367056e+00 -1.65165096e-01 -3.91868447e-02  5.22576590e+00
  3.04252759e+02] 5.228522193274153
[-3.08875972e+00 -2.35169897e-01  1.26356260e-01  5.21211827e+00
  3.03808920e+02] 5.218950817593362
[-3.06584443e+00 -1.68766615e-01  1.17906396e-01  5.35459641e+00
  3.03423009e+02] 5.3585526756720006
[-3.01146032e+00  1.75124039e-01 -1.66635079e-01  5.13083837e+00
  3.05060301e+02] 5.136529764374614
[-3.10110208e+00 -7.51090661e-03 -7.99277458e-02  5.19866367e+00
  3.04003563e+02] 5.199283492228207
[-3.12021458e+00 -1.56567473e-01 -3.45131836e-01  5.20228735e+00
  3.05550270e+02] 5.2160735270476
[-3.00529238e+00 -2.42394908e-01  1.73344397e-01  5.16601175e+00
  3.03788701e+02] 5.174599596859907
[-3.01177983e+00 -1.48044825e-01 -2.32884798e-01  5.46669861e+00
  3.04353808e+02] 5.4736593170275585
[-3.04668003e+00 -4.19006880e-02  2.15689022e-01  5.27877252e+00
  3.03705148e+02] 5.2833433341552345
[-3.12470449e+00  1.49749069e-01  1.10967480e-01  5.53508124e+00
  3.04782815e+02] 5.538218383587317
[-3.14723257e+00 -1.84337359e-01  8.75647928e-02  5.10761257e+00
  3.03803265e+02] 5.111687980286111
[-3.11829462e+00 -2.81920335e-01  7.97598615e-02  5.37902917e+00
  3.03770355e+02] 5.387002458959561
[-3.08652481e+00  1.33179529e-01  2.58256029e-01  5.40876278e+00
  3.04094174e+02] 5.416562354148327
[-3.02457964e+00 -2.23782401e-01  5.40887545e-03  5.14365064e+00
  3.03640647e+02] 5.148519175772983
[-3.05127848e+00 -1.79976382e-02  1.71264987e-01  5.24871409e+00
  3.04814836e+02] 5.2515383655352235
[-3.15428397e+00 -1.39680740e-01  3.26237294e-02  5.10857290e+00
  3.02044566e+02] 5.110586280700305
[-3.09919231e+00  1.65125083e-01 -1.13691632e-01  5.28334308e+00
  3.02976908e+02] 5.287145368286995
[-3.02851868e+00  2.72299731e-01  6.05245001e-02  5.28972455e+00
  3.06803633e+02] 5.297074298286963
[-3.04681352e+00  2.33147864e-01  5.49966635e-02  5.50388477e+00
  3.06445305e+02] 5.509095217497853
[-3.00078188e+00  1.61888445e-02 -3.69161216e-01  5.26526002e+00
  3.04232688e+02] 5.278210413457376
[-3.15129892e+00 -2.08091580e-01 -4.93605570e-02  5.31204572e+00
  3.01883009e+02] 5.316349153445893
[-3.14725969e+00 -7.25988115e-02  1.03336902e-01  5.36861128e+00
  3.03525749e+02] 5.370096481891848
[-3.04770895e+00 -1.01896008e-01  2.20823471e-01  5.29605582e+00
  3.03443653e+02] 5.301636828276708
[-3.00982065e+00 -1.11589484e-01  4.31511209e-02  4.78006964e+00
  3.03508232e+02] 4.781566691872759
[-3.03216140e+00 -1.54323741e-01  1.04424902e-01  5.20729614e+00
  3.01657362e+02] 5.210628889727324
[-3.11974187e+00  2.84024865e-01  2.12832354e-01  5.02253449e+00
  3.00312682e+02] 5.035059132130903
[-3.09303652e+00  1.83894921e-01  1.28652508e-01  5.33181416e+00
  3.02862923e+02] 5.336535487930238
[-3.06101112e+00 -1.90598076e-02 -4.36480909e-02  5.34833501e+00
  3.04933238e+02] 5.348547074535944
[-3.09223016e+00 -1.30998646e-01 -3.06947729e-01  5.27108173e+00
  3.00331466e+02] 5.281636127489684
[-3.07302869e+00 -1.64326113e-01 -7.07510930e-02  5.29004976e+00
  3.04678703e+02] 5.293074270965671
[-3.01950156e+00  9.01128097e-02  1.91963262e-02  4.93107649e+00
  3.01144179e+02] 4.931937157585375
[-3.15080218e+00  1.45907688e-02  3.52604997e-01  5.37970069e+00
  3.02569044e+02] 5.391263552227665
[-3.00352377e+00  1.57890001e-01 -3.08279365e-01  5.31655158e+00
  3.03593863e+02] 5.3278218910703945
[-3.09958845e+00  2.44970507e-01 -4.85024975e-02  5.40751454e+00
  3.04369762e+02] 5.413277796118521
[-3.05481219e+00  1.45790682e-01  3.73158413e-01  4.85034992e+00
  3.01534995e+02] 4.866867210462619
[-3.03923459e+00  9.01428381e-02 -1.73394164e-01  4.93988553e+00
  3.02168868e+02] 4.943749619562185
[-3.03807284e+00  2.35105332e-01  7.68103930e-02  4.99770321e+00
  3.02029719e+02] 5.0038197118996095
[-3.14435193e+00  2.28176900e-01  9.59272716e-02  5.00664927e+00
  2.98787362e+02] 5.012764071439378
[-3.06000266e+00 -1.08979913e-01  2.97067224e-01  5.35977782e+00
  3.02672649e+02] 5.369110154439749
[-3.05291858e+00  6.16991694e-03 -4.60420832e-02  4.95766792e+00
  3.02698761e+02] 4.957885556597804
[-3.10149239e+00  2.64002864e-01 -7.65126146e-02  5.02958885e+00
  3.03210083e+02] 5.0370939685468406
[-2.99403458e+00 -9.66144841e-02  6.81326794e-02  5.19149173e+00
  3.02669265e+02] 5.192837642469687
[-3.05464964e+00  1.60444811e-01 -3.28495890e-02  5.07111806e+00
  3.01138709e+02] 5.0737619177914395
[-2.94694600e+00 -2.68019813e-01  2.94092227e-01  5.21926113e+00
  3.04480700e+02] 5.234406514511237
[-3.10906330e+00 -2.66876586e-01  2.01870988e-01  5.33268900e+00
  3.02887030e+02] 5.343177613994251
[-3.03328703e+00  1.54814760e-01 -5.60566534e-02  5.11223819e+00
  3.04459866e+02] 5.114888982683285
[-3.07088625e+00  5.09547919e-01 -4.01230831e-02  5.49798948e+00
  3.04896613e+02] 5.521696958972731
[-2.97150148e+00 -1.03485464e-01 -2.86274651e-01  5.09993272e+00
  3.02203690e+02] 5.109009318007659
[-2.98531126e+00 -1.58917527e-01 -1.97438364e-01  5.06113140e+00
  3.03483010e+02] 5.0674735078346895
[-2.99681701e+00 -4.12158379e-04 -4.55561143e-02  5.09281228e+00
  3.02857486e+02] 5.093016047149561
[-3.01766350e+00 -1.03941775e-01 -6.90950331e-02  5.01651933e+00
  3.02348672e+02] 5.018071758342426
[-3.01728339e+00  1.59831122e-01  6.70699233e-02  5.35228983e+00
  3.04220338e+02] 5.3550957740305565
[-3.12567651e+00 -1.18636274e-01  1.64584537e-01  5.14307950e+00
  3.01379460e+02] 5.147079693663364
[-2.94369009e+00  1.47873553e-01 -4.08892919e-01  4.93533284e+00
  3.02363691e+02] 4.954449536650404
[-3.03489983e+00 -9.49690845e-03 -1.65906046e-01  5.37141447e+00
  3.03589402e+02] 5.373984402900873
[-3.08769958e+00  1.85645403e-01  8.04134209e-02  5.11292142e+00
  3.03054254e+02] 5.116922506678745
[-3.14054522e+00  7.98509322e-02 -1.76286961e-01  5.07137497e+00
  3.02636460e+02] 5.075066244051243
[-3.00448707e+00 -1.30764055e-02 -1.37861202e-01  5.08106177e+00
  3.03625704e+02] 5.082948499630806
[-2.94823751e+00  1.89725826e-01 -7.42337279e-02  4.99993083e+00
  3.02978570e+02] 5.004079817831762
[-3.08903061e+00 -1.25728852e-01 -4.89755745e-01  5.35929311e+00
  3.02415722e+02] 5.383093079679814
[-2.95165033e+00  3.31247884e-02 -1.87699767e-02  5.03219363e+00
  3.03398416e+02] 5.032337652820921
[-3.00940824e+00  9.56943506e-02 -2.01502275e-01  5.31967174e+00
  3.05515005e+02] 5.324346718253296
[-3.09190781e+00 -7.54666646e-03  3.43369614e-01  5.18357289e+00
  3.01452743e+02] 5.194938652077806
[-3.00826109e+00 -1.59552764e-01 -6.34304327e-02  5.11232375e+00
  3.04306528e+02] 5.115206214521349
[-3.12322961e+00  1.55026957e-01  1.67755405e-01  5.22441946e+00
  3.02266630e+02] 5.229410475426668
[-3.00630032e+00 -9.85794433e-02 -3.95763596e-01  5.17718683e+00
  3.01504972e+02] 5.1932273349402704
[-3.08580841e+00  1.43616700e-01 -1.60775051e-01  5.47627910e+00
  3.04940109e+02] 5.480520701231775
[-3.02021855e+00  8.23643197e-02 -1.95642478e-01  5.33001368e+00
  3.03907233e+02] 5.33423900236725
[-2.97552533e+00  1.52251611e-01  2.28651915e-01  5.24987824e+00
  3.05729887e+02] 5.257060373639312
[-3.01149942e+00  5.54800248e-03 -1.03257862e-01  5.43260357e+00
  3.06177996e+02] 5.433587624950605
[-3.10090373e+00  7.50832783e-02  1.60295371e-01  5.43375110e+00
  3.06308367e+02] 5.436633440134491
[-3.09770527e+00 -1.66211335e-01 -3.63844128e-01  5.40445397e+00
  3.05032477e+02] 5.419237170992688
[-3.02505873e+00  2.34198006e-01  1.29260488e-01  5.30290339e+00
  3.07585651e+02] 5.309646067492343
[-2.98937871e+00 -8.74887161e-02  1.82449328e-01  5.13995191e+00
  3.05067916e+02] 5.143933089365632
[-3.01301220e+00 -1.02191461e-01  1.05115211e-01  5.52793333e+00
  3.06080118e+02] 5.529876958985937
[-2.92930081e+00  4.80257484e-02  1.22518078e-01  4.97364605e+00
  3.03621080e+02] 4.975386634818765
[-3.10484771e+00  1.00702387e-01  7.55853793e-02  5.30689587e+00
  3.03312652e+02] 5.308389388610554
[-3.09011201e+00  2.35448878e-01  5.88907398e-03  5.54949234e+00
  3.04828151e+02] 5.554487926624142
[-3.01921237e+00 -1.44777618e-01 -6.37978780e-02  5.27656984e+00
  3.02293252e+02] 5.278941180076808
[-3.15769383e+00  1.08336654e-01  1.78746343e-01  5.29995234e+00
  3.01289230e+02] 5.304072200283769
[-3.15376047e+00 -1.20366112e-01 -5.16830407e-02  5.60234030e+00
  3.06631771e+02] 5.603871521490058
[-3.13163771e+00  1.00837889e-01  2.87919282e-01  5.28957825e+00
  3.03201242e+02] 5.298368035944722
[-3.04893220e+00  7.64882645e-03  6.46717399e-02  5.12817081e+00
  3.03253639e+02] 5.128584288813414
[-3.05851801e+00 -3.27741945e-01 -9.33921143e-02  5.25439475e+00
  3.06066377e+02] 5.265434551521892
[-3.10239206e+00 -7.20444703e-02  5.33179755e-02  5.38345504e+00
  3.05058800e+02] 5.384201089551174
[-3.05979506e+00 -3.07512310e-01  1.09938014e-01  5.39327019e+00
  3.04908894e+02] 5.403148482611873
[-3.03662452e+00 -6.23513136e-02 -8.03126478e-02  5.25336333e+00
  3.02930216e+02] 5.254347157817876
[-3.04832551e+00 -2.14900818e-01  3.90592646e-02  5.23115390e+00
  3.03760461e+02] 5.235711898644537
[-3.11722356e+00 -2.64199373e-01 -1.16361103e-01  5.11017297e+00
  3.01468436e+02] 5.118320915094004
[-3.09693015e+00  1.83774648e-01 -9.67657144e-02  5.24206451e+00
  3.05706297e+02] 5.2461773770463624
[-3.10115795e+00 -2.09034414e-01 -3.30101007e-01  5.38783885e+00
  3.01642590e+02] 5.401987549586996
[-3.06076368e+00  9.11785094e-02 -9.55462665e-02  5.70810237e+00
  3.07101815e+02] 5.709630051916626
[-3.03110226e+00  3.35116581e-01  1.46793062e-01  5.13964717e+00
  3.03688028e+02] 5.1526521710273805
[-3.10857540e+00 -6.84603042e-02  4.00089525e-02  5.16969512e+00
  3.02614075e+02] 5.170303200715165
[-3.08533028e+00  2.26845601e-01 -1.37180429e-01  5.31037509e+00
  3.04730849e+02] 5.316987966153715
[-3.12940919e+00  3.75186525e-01  1.08360823e-02  5.20262676e+00
  3.03439183e+02] 5.216148723734361
[-3.10833735e+00 -3.45081061e-01 -2.83870231e-01  5.22980910e+00
  3.02187979e+02] 5.248863354827653
[-2.99290465e+00  3.15414434e-01 -2.58522215e-01  5.00211915e+00
  3.01645504e+02] 5.018716568740506
[-3.05645388e+00  1.53229101e-01 -1.63582038e-01  5.26223892e+00
  3.02948889e+02] 5.267010219431287
[-2.99663307e+00  1.55582471e-01  2.53552464e-01  5.11913527e+00
  3.04066671e+02] 5.127771509605079
[-3.14917536e+00 -1.81551736e-02 -2.82555511e-01  5.27073270e+00
  3.03683909e+02] 5.278332167579378
[-3.15107113e+00 -8.10293807e-02  1.44668754e-01  5.39400118e+00
  3.00545110e+02] 5.396549228254022
[-3.14192726e+00 -1.34139967e-01  1.78132271e-01  5.26974408e+00
  3.02771366e+02] 5.274459908927342
[-3.19715445e+00 -2.58706839e-01  2.93332030e-01  5.16895295e+00
  3.03854810e+02] 5.183729112602772
[-3.05419326e+00 -1.58444927e-01  7.17952161e-02  5.30063232e+00
  3.05119986e+02] 5.303485864336231
[-3.03294249e+00  1.53857634e-01  3.99909852e-01  5.09028480e+00
  3.02120342e+02] 5.108287321113619
[-3.08611652e+00 -3.26511532e-02  1.34781102e-01  5.36885848e+00
  3.05069814e+02] 5.370649259044844
[-3.00649943e+00  8.71194857e-02 -3.71564004e-01  4.94876781e+00
  3.00807894e+02] 4.963461739093319
[-3.14848354e+00  1.36968768e-01  2.68957367e-02  4.90563240e+00
  3.02062121e+02] 4.907617859153765
[-3.02729894e+00 -8.41680461e-02  2.67418206e-01  4.95240423e+00
  3.02241065e+02] 4.960333092369808
[-3.13029836e+00 -4.10838640e-02  2.99443240e-01  5.30718877e+00
  3.04511509e+02] 5.31578844520337
[-3.08810821e+00  3.45733010e-02  2.59052631e-01  5.15933057e+00
  3.02706172e+02] 5.1659457486079114
[-3.12641544e+00  2.74234457e-01  7.29390802e-02  5.10981651e+00
  3.03300268e+02] 5.117689851143652
[-3.03964781e+00 -1.34130234e-02  2.51174560e-01  4.98677944e+00
  3.02526854e+02] 4.993119038509487
[-3.02066524e+00 -1.47683596e-01 -1.68399698e-01  4.78198117e+00
  3.01139994e+02] 4.787223914954021
[-3.02687083e+00  3.65364333e-01  1.60188124e-01  5.40071932e+00
  3.05814381e+02] 5.4154335452216005
[-3.08892060e+00  4.51480931e-02  4.82649314e-03  4.96925262e+00
  3.02166686e+02] 4.9694600546082315
[-3.07466452e+00 -3.55979527e-02 -1.14949450e-03  5.24359204e+00
  3.03309162e+02] 5.2437129955666295
[-3.04046703e+00  2.92356535e-01 -1.15406528e-01  5.42614943e+00
  3.06981491e+02] 5.4352450435067725
[-3.03410441e+00 -4.21025367e-01 -1.66496528e-01  5.10995568e+00
  3.05514070e+02] 5.129973728426262
[-3.06566993e+00  2.76522111e-01  1.13054152e-01  4.94138612e+00
  3.01922448e+02] 4.950408318734279
[-3.14123754e+00 -1.76460203e-01 -2.00299022e-01  5.08101414e+00
  3.03663626e+02] 5.088021480779728
[-3.03204056e+00  3.30591575e-01 -1.40693211e-01  5.31064622e+00
  3.04731976e+02] 5.322785793062282
[-2.98975394e+00 -6.64182016e-02  2.99131185e-01  5.21621249e+00
  3.03472941e+02] 5.225204649971457
[-3.11702864e+00  3.25475346e-01 -1.78221280e-01  5.05755528e+00
  3.02201622e+02] 5.071150010952515
[-3.10906503e+00  6.60687123e-02 -1.13676298e-01  5.42134994e+00
  3.04861131e+02] 5.422944080932492
[-3.03791275e+00  1.35818035e-02  3.21604567e-01  4.94916244e+00
  3.03172012e+02] 4.959619223572628
[-3.06196787e+00  1.48003430e-01 -1.77768600e-01  5.47369730e+00
  3.05318144e+02] 5.478582741985112
[-3.06407751e+00  1.76417707e-01 -4.18663941e-02  5.58509892e+00
  3.07185900e+02] 5.588041335029216
[-3.02054271e+00 -3.76553411e-02  2.88383266e-01  5.33199589e+00
  3.04901025e+02] 5.339921631772081
[-3.04928257e+00 -2.93286369e-02 -1.23060442e-01  5.17337683e+00
  3.03877952e+02] 5.174923365553065
[-3.12483208e+00 -4.58240823e-02  1.19137752e-01  5.38047624e+00
  3.04037734e+02] 5.381990169484507
[-3.00669154e+00 -3.82630178e-01  2.43902061e-01  5.10429731e+00
  3.00855889e+02] 5.124426316881876
[-3.06530106e+00 -3.93533503e-01 -6.83607083e-03  5.09557557e+00
  3.03099452e+02] 5.110753930720451
[-3.03833199e+00  1.27710341e-01 -8.14637009e-02  5.39555110e+00
  3.03018938e+02] 5.397677082279919
[-3.07015865e+00  2.54618865e-01 -1.62742572e-01  5.19227178e+00
  3.05919405e+02] 5.201057792957126
[-3.06174628e+00  2.89591863e-02  3.48503572e-01  4.98934412e+00
  2.99796689e+02] 5.001584565428418
[-2.99675919e+00  9.95337969e-02 -1.64247281e-01  4.93129436e+00
  3.02195670e+02] 4.935032750214848
[-3.06899697e+00  6.81895028e-02 -1.30296340e-01  5.05455786e+00
  3.02294173e+02] 5.0566967574062955
[-2.99975905e+00  1.21263757e-01 -1.15183872e-01  5.29428422e+00
  3.05323309e+02] 5.296925294958187
[-3.11983433e+00  1.02930045e-01  3.37921158e-02  5.45252445e+00
  3.04955643e+02] 5.453600589395494
[-3.07303090e+00  2.32174022e-01 -2.56246417e-02  5.20857403e+00
  3.03776764e+02] 5.213809053610124
[-3.01347494e+00  9.25207297e-02 -1.33852247e-02  4.89494114e+00
  3.01574254e+02] 4.895833741718311
[-2.99962287e+00  2.88658655e-01  1.69136671e-01  4.85794271e+00
  3.02110957e+02] 4.869449495152772
[-2.99838337e+00 -2.11350355e-01 -1.18699691e-01  5.58328217e+00
  3.05778088e+02] 5.588541707655565
[-3.08331393e+00  1.72127901e-01 -2.77958316e-01  5.19017269e+00
  3.06039430e+02] 5.200459733420809
[-3.09685221e+00 -7.36473092e-02  2.70032481e-01  5.43619071e+00
  3.03584412e+02] 5.4433914895876425
[-3.04080615e+00 -9.43966429e-02  1.45040216e-02  4.88936499e+00
  3.03927108e+02] 4.890297650370735
[-2.99132140e+00 -9.88451399e-02 -9.08599708e-02  5.36033830e+00
  3.02192770e+02] 5.36201944821592
[-3.13116186e+00 -1.40348392e-01  1.28069045e-01  5.20189765e+00
  3.02940073e+02] 5.205366318275453
[-3.07063150e+00  4.76163663e-03  4.50094098e-01  5.42374829e+00
  3.03189802e+02] 5.442394040832366
[-3.04225268e+00 -1.07882137e-02  2.24072394e-01  5.03803590e+00
  3.01445450e+02] 5.043027912551672
[-3.06821092e+00 -1.50080563e-01 -3.37744945e-01  5.50069837e+00
  3.04771554e+02] 5.513100615401579
[-3.11063309e+00 -1.54086109e-02 -1.62827955e-01  4.99051644e+00
  3.02022614e+02] 4.9931958456501775
[-3.03068308e+00  7.94553537e-03  1.34912107e-01  5.44426987e+00
  3.04580879e+02] 5.445947009850575
[-3.03257291e+00 -1.94441225e-01  1.50936141e-01  5.01509734e+00
  3.00655990e+02] 5.021134375835775
[-3.01454434e+00 -6.37727496e-02 -5.29711135e-02  5.34223745e+00
  3.04532603e+02] 5.342880672390547
[-2.99003851e+00  2.63186419e-01  2.79665218e-01  5.32520613e+00
  3.05678853e+02] 5.339035496267419
[-3.04863424e+00 -2.81985386e-01  7.12113724e-02  5.56857484e+00
  3.05992794e+02] 5.576164681131934
[-3.05810965e+00 -9.01945581e-03  3.97118170e-01  5.28193027e+00
  3.05209492e+02] 5.296845434411082
[-3.13012163e+00  5.82934533e-02  2.91627087e-01  5.22063442e+00
  3.00274954e+02] 5.2290982208746755
[-3.06793804e+00 -9.59859717e-02  8.29509700e-02  4.95002961e+00
  3.01774085e+02] 4.951655005630968
[-3.11943867e+00 -3.17841168e-02 -2.19026556e-02  5.32621952e+00
  3.04352381e+02] 5.326359392669109
[-3.12905517e+00  6.84030570e-02 -2.20701912e-01  5.28850296e+00
  3.02424754e+02] 5.293548132706551
[-3.08323340e+00  9.77137409e-02  3.72153742e-02  4.94470220e+00
  3.02759691e+02] 4.945807601752527
[-3.02851620e+00 -1.35138787e-03 -1.03571343e-02  5.29722098e+00
  3.03932851e+02] 5.297231278448774
[-3.02439362e+00 -3.68933583e-01  1.86015724e-03  5.28478993e+00
  3.00706227e+02] 5.297652319259618
[-3.01486725e+00 -1.37931707e-01 -1.60806514e-01  5.19503596e+00
  3.05126630e+02] 5.199354043130491
[-3.18401825e+00  1.22980317e-01 -4.55563761e-02  5.34462364e+00
  3.01252165e+02] 5.346232448162715
[-3.01685298e+00  6.09593974e-02  1.70191428e-01  5.38092652e+00
  3.03273292e+02] 5.383962419815253
[-3.12030518e+00 -2.93094129e-01  1.08401308e-01  5.25043878e+00
  3.00590731e+02] 5.25973025968724
[-2.95735409e+00 -7.82352562e-02  1.31551112e-01  5.31571562e+00
  3.05575797e+02] 5.317918668524596
[-3.14657775e+00 -2.26001820e-01  2.29865832e-01  4.95334111e+00
  3.00190399e+02] 4.963819421556336
[-3.03749215e+00 -7.01499648e-02 -3.05015835e-01  5.51946456e+00
  3.05869445e+02] 5.528331097458125
[-3.06973659e+00  1.01864445e-02 -1.17065645e-01  5.34975083e+00
  3.05640525e+02] 5.3510412172910105
[-3.10256363e+00 -8.52597883e-02  1.17254063e-01  5.46355112e+00
  3.05273069e+02] 5.465474227801592
[-3.09805640e+00 -2.02196185e-01 -6.58893730e-03  4.96728260e+00
  3.00203891e+02] 4.971400523697452
[-3.17443182e+00 -2.68842647e-01 -1.01539120e-01  5.50718252e+00
  3.02751930e+02] 5.514675503891765
[-3.11441708e+00  1.25754250e-01 -1.66659370e-02  5.23427330e+00
  3.03800736e+02] 5.235810236895208
[-3.03413765e+00  5.84547966e-02  3.09483157e-01  5.15984125e+00
  3.02821068e+02] 5.169444704673166
[-2.97051383e+00  1.86005216e-01 -2.00813081e-01  5.04593395e+00
  3.04435039e+02] 5.053352670699084
[-3.00419822e+00 -4.65901432e-01 -1.47934374e-02  5.35592430e+00
  3.04366642e+02] 5.376170394559738
[-3.08445030e+00 -9.70207131e-02 -3.87509899e-02  4.96860718e+00
  3.02009274e+02] 4.96970542408779
[-2.99500459e+00 -9.87274490e-03  2.39564075e-01  5.52578636e+00
  3.03770905e+02] 5.530985743388987
[-3.03728103e+00  7.23663866e-02 -4.86403513e-02  5.26548173e+00
  3.02780691e+02] 5.266203624569102
[-2.96589456e+00 -5.29125951e-02  1.00664442e-01  4.88518186e+00
  3.02932927e+02] 4.886505382412831
[-3.05090442e+00  3.83118349e-02  1.01419688e-01  5.54247840e+00
  3.05349491e+02] 5.543538631599897
[-3.00249546e+00 -8.70076345e-02 -6.31577837e-02  5.41672781e+00
  3.06902166e+02] 5.417794696757186
[-3.14995179e+00 -1.75746768e-01 -1.40893607e-01  5.24475990e+00
  3.02930562e+02] 5.249594686675541
[-3.10198999e+00 -3.71545099e-01 -3.88790055e-02  5.36417818e+00
  3.02202254e+02] 5.377170714026025
[-2.97874863e+00  1.18377661e-01  2.50110328e-03  5.24201074e+00
  3.02782795e+02] 5.243347793589721
[-3.12431198e+00  1.36959184e-02  2.24608343e-01  5.52699509e+00
  3.04208364e+02] 5.531574030614383
[-3.02546816e+00 -7.02782240e-02 -1.49402115e-02  5.35368388e+00
  3.05231205e+02] 5.354165981445834
[-3.07644366e+00 -2.25638830e-01  9.79866592e-02  5.42546974e+00
  3.04677083e+02] 5.431043742848891
[-2.98341463e+00  1.77617355e-01  2.28539489e-01  5.17436984e+00
  3.04999173e+02] 5.1824590174528025
[-3.07121806e+00 -2.52925586e-01  2.17840782e-01  5.40496510e+00
  3.03871546e+02] 5.41526303389121
[-3.02813872e+00  2.81227659e-01 -1.32828469e-01  5.35579687e+00
  3.05110617e+02] 5.364819899608892
[-3.10379351e+00 -1.81585604e-01  1.50025320e-01  4.94402236e+00
  2.99248345e+02] 4.949630089870787
[-2.98894843e+00 -1.24303819e-01  2.49510141e-01  4.89458341e+00
  3.03846191e+02] 4.902515021004983
[-3.08834745e+00  2.15162856e-01  1.66650526e-02  5.36687807e+00
  3.02800868e+02] 5.37121522233458
[-3.04658731e+00  3.53721537e-01  1.61255328e-01  5.06970844e+00
  3.02163385e+02] 5.084591023202462
[-3.00245912e+00 -2.09013485e-01  1.22811101e-01  5.03884757e+00
  3.02040758e+02] 5.044675813553609
[-3.14206212e+00 -7.88167497e-02  8.32263645e-02  5.14659387e+00
  3.03113552e+02] 5.14787015760727
[-3.03815079e+00  9.39454798e-02  3.64032945e-01  5.26830068e+00
  3.04113269e+02] 5.281698378258419
[-3.05646945e+00 -1.55729682e-02  2.32618092e-01  5.10287306e+00
  3.03433046e+02] 5.10819607348991
[-3.10767628e+00 -2.99074900e-01 -1.11565211e-01  5.18559724e+00
  3.02592275e+02] 5.195412526829329
[-3.12502545e+00 -1.61704456e-01  4.16091163e-01  5.36667041e+00
  3.04622855e+02] 5.385204864181881
[-2.97830387e+00 -1.22042832e-01 -8.52342559e-02  5.15980591e+00
  3.05718324e+02] 5.161952761611856
[-3.12765518e+00 -2.94761136e-01 -9.91968323e-02  5.25849169e+00
  3.02319183e+02] 5.267680610157752
[-2.96473690e+00  4.84228070e-02  6.73181103e-02  5.20336449e+00
  3.03461268e+02] 5.204025225973844
[-3.05493790e+00 -3.38655921e-01 -1.03180743e-01  5.18788514e+00
  3.00151832e+02] 5.199950610105783
[-3.08675900e+00 -2.84814956e-02 -1.69570788e-01  5.56921042e+00
  3.05444480e+02] 5.5718641552010935
[-3.02525981e+00 -1.99253778e-01 -1.37898851e-02  5.23421933e+00
  3.03108386e+02] 5.238028658790854
[-3.04357343e+00  1.49374987e-01  2.94094109e-02  4.98369858e+00
  3.02073204e+02] 4.986023401026361
[-3.22912738e+00 -1.34836363e-01 -1.44804737e-01  5.48304418e+00
  3.03573693e+02] 5.486613043965542
[-3.10443784e+00  5.00315479e-02 -8.84950884e-02  5.09184533e+00
  3.02917409e+02] 5.092860044208972
[-3.08302568e+00  9.70840452e-02 -2.14830031e-01  5.34961601e+00
  3.05314226e+02] 5.354807999949291
[-3.06058379e+00 -3.06111218e-03  2.58942034e-01  5.13813161e+00
  3.02138616e+02] 5.14465322623221
[-3.03121728e+00  2.20489471e-01 -1.05861973e-02  5.34094046e+00
  3.03893987e+02] 5.345500224740316
[-3.08121857e+00  1.25038682e-02 -2.90882897e-01  5.50637484e+00
  3.04009488e+02] 5.514066840292731
[-3.07573571e+00 -1.34128547e-01 -3.00620175e-01  5.33153433e+00
  3.04536837e+02] 5.341687113353029
[-3.03152452e+00 -1.18190745e-01 -1.76781743e-01  5.27165497e+00
  3.03385075e+02] 5.275942281421578
[-3.05464911e+00  2.85783900e-02 -3.44999666e-02  5.11451563e+00
  3.01663116e+02] 5.114711834155417
[-3.06968066e+00 -5.45166637e-02  4.76867964e-02  5.23194917e+00
  3.03927409e+02] 5.2324504982800475
[-3.06453373e+00  5.29135627e-02 -3.82425845e-03  5.59535752e+00
  3.06792186e+02] 5.595609012263208
[-3.03735997e+00  4.67793446e-02  1.63111984e-01  5.26508012e+00
  3.03606031e+02] 5.267813821190628
[-2.97568347e+00  3.74542162e-01  7.53503659e-02  5.28170308e+00
  3.05066163e+02] 5.295502522055117
[-3.04014940e+00 -1.21506523e-01 -6.32800873e-02  5.42789623e+00
  3.05911542e+02] 5.429624815410024
[-3.02989531e+00  1.02541300e-01  2.46505452e-01  5.56837272e+00
  3.06070410e+02] 5.574769447160093
[-3.13474334e+00 -1.14111994e-01 -1.90279593e-01  5.30832866e+00
  3.03778520e+02] 5.312963486705746
[-3.02319597e+00 -1.45827930e-01  4.38155869e-02  5.31144649e+00
  3.03930551e+02] 5.313628649762617
[-3.06634282e+00 -2.33428889e-01  5.53152601e-02  4.82698156e+00
  2.98704860e+02] 4.832939039535874
[-3.06717655e+00  2.17107179e-01 -4.65670328e-02  5.41558711e+00
  3.04152712e+02] 5.4201372472848215
[-3.02043220e+00 -9.84256404e-03  1.15712769e-01  5.18647098e+00
  3.02883313e+02] 5.187770965398538
[-3.02330218e+00  7.37286685e-02  9.18457188e-02  5.16218839e+00
  3.05414490e+02] 5.163531792047295
[-3.03437270e+00  1.11933643e-01  1.58930977e-01  5.54237603e+00
  3.05729737e+02] 5.545784007041487
[-3.03953911e+00  1.29507554e-01  8.13780553e-02  4.90411115e+00
  3.01652697e+02] 4.906495768099681
[-3.17467742e+00 -8.25464641e-02 -1.28031127e-01  5.30688861e+00
  3.04044499e+02] 5.309074554977343
[-3.06957791e+00  1.25975521e-01  1.00548228e-01  5.10628652e+00
  3.03234316e+02] 5.108829787623064
[-3.05927995e+00  1.66008341e-01  2.69982364e-01  5.02817859e+00
  3.02079461e+02] 5.038157318019898
[-3.06078969e+00  5.85344189e-02 -1.66887367e-02  5.34472771e+00
  3.02396397e+02] 5.345074277661062
[-3.11749844e+00 -2.24834237e-02 -4.46781192e-01  5.51226746e+00
  3.03823923e+02] 5.530389811379423
[-3.01134440e+00 -1.94392451e-01  3.31449908e-01  5.38091191e+00
  3.04189724e+02] 5.394614022408138
[-3.02395660e+00  6.91109139e-02  1.00631532e-02  5.28961082e+00
  3.04392762e+02] 5.290071849642006
[-3.06655264e+00 -2.49398901e-01 -1.24334265e-01  5.12659654e+00
  3.03705114e+02] 5.134165061295934
[-3.10880055e+00  8.36844145e-02  3.18838262e-01  5.20557505e+00
  3.03629392e+02] 5.216001580481166
[-2.99269844e+00  2.78799702e-01  1.93840669e-02  5.00694134e+00
  3.01817880e+02] 5.014734948917534
[-3.09373053e+00  8.55440907e-02  6.17958838e-02  5.01774588e+00
  3.03610573e+02] 5.018855474293413
[-3.14223008e+00  2.25997973e-01 -4.41358618e-02  5.18868891e+00
  3.01303668e+02] 5.193795880694212
[-3.08224455e+00  1.95299550e-01 -4.69902813e-02  5.29753714e+00
  3.03722749e+02] 5.301344145290849
[-3.08765090e+00  4.32015659e-02  1.86597115e-01  5.19499119e+00
  3.03837001e+02] 5.198520784071018
[-3.14572424e+00  5.37246477e-02  5.32942710e-02  5.54492056e+00
  3.03764741e+02] 5.545436923813177
[-3.06326790e+00 -3.64927077e-01  2.54360697e-02  5.22124872e+00
  3.02765357e+02] 5.234047855914802
[-3.04127956e+00 -2.71866010e-01 -9.20831295e-02  5.17663350e+00
  3.02705654e+02] 5.184585304578777
[-3.07051594e+00 -4.38986009e-01  1.30612028e-02  5.42244170e+00
  3.01696608e+02] 5.440197912827029
[-3.07109382e+00 -4.88255668e-02 -2.95553687e-02  5.37458689e+00
  3.02927321e+02] 5.374889919873279
[-3.06492839e+00  1.23858544e-01 -5.94316986e-02  5.45402391e+00
  3.03362941e+02] 5.455753831861239
[-3.13312257e+00  1.19922609e-01 -2.81270243e-01  5.14715102e+00
  3.02427175e+02] 5.156225174922637
[-3.04233252e+00 -2.52956945e-01 -1.14920734e-01  5.15730587e+00
  3.02239187e+02] 5.164784391965528
[-3.10219010e+00 -2.04135903e-01  6.83891829e-02  4.68215429e+00
  3.00259458e+02] 4.68710116760661
[-2.96603606e+00 -1.19078894e-01  1.56640793e-01  4.96374331e+00
  3.00590956e+02] 4.967641671971249
[-3.10001749e+00  3.62697146e-02 -1.51442456e-01  5.09256476e+00
  2.99629338e+02] 5.094945155370417
[-3.10844183e+00  3.75228108e-02  3.08811395e-01  5.40313874e+00
  3.03778024e+02] 5.412086539516263
[ -3.09973275   0.31295409  -0.42397319   5.46802963 303.02337535] 5.493363411155711
[-3.14539417e+00  9.53426136e-02  1.65276366e-01  5.20611289e+00
  2.99074881e+02] 5.20960822657318
[-3.02660152e+00 -2.00359710e-02 -1.12575340e-01  5.18472318e+00
  3.02447241e+02] 5.185983909761722
[-3.11420275e+00  1.55792254e-01 -1.16236809e-01  5.22810085e+00
  3.02515847e+02] 5.231712984701614
[-3.04769895e+00 -1.86539461e-01  2.11100003e-01  5.21660918e+00
  3.04080266e+02] 5.224210132738132
[-3.06417584e+00 -5.28954878e-02  3.28416748e-02  5.21055589e+00
  3.01738688e+02] 5.21092785809305
[-3.01455727e+00 -2.74759434e-01  4.04201274e-01  5.09346585e+00
  3.02170709e+02] 5.1168609311130115
[-3.00537333e+00 -2.36440627e-01 -2.20900568e-01  5.16614294e+00
  3.03943116e+02] 5.176266420571532
[-2.97555619e+00 -5.81165920e-02 -3.94558026e-01  5.13241253e+00
  3.02431940e+02] 5.1478842160642175
[-2.98578505e+00  1.40674936e-01 -1.59594228e-01  5.14752564e+00
  3.06369587e+02] 5.1519200250557855
[-3.11689181e+00 -1.82384915e-02 -6.09257502e-03  5.23902092e+00
  3.02784210e+02] 5.239056212817333
[-3.04653197e+00  2.18206222e-01 -1.11483456e-01  5.15755469e+00
  3.03154338e+02] 5.163372240017434
[-3.16490607e+00 -4.82641470e-02 -1.64426473e-01  5.17154325e+00
  3.01949347e+02] 5.174381615549428
[-3.06370907e+00 -2.87630607e-02  1.17549366e-01  5.12046355e+00
  3.02743015e+02] 5.12189341763381
[-2.96687647e+00  2.07392596e-01  1.71186442e-01  5.05235616e+00
  3.04253382e+02] 5.059507811821619
[-3.05619870e+00 -1.44435050e-01 -1.84986342e-02  5.37446780e+00
  3.02432001e+02] 5.376440066531936
[-3.03043131e+00  3.00193735e-01  1.38235096e-02  5.17062749e+00
  3.04068772e+02] 5.17935285702623
[-3.07809327e+00  4.80422141e-03 -1.58500098e-01  4.84264531e+00
  3.00179069e+02] 4.845240857315526
[-3.10771940e+00 -2.41906207e-01 -9.73856830e-02  5.10513331e+00
  3.04008047e+02] 5.111789187610613
[-3.05891550e+00  7.23803631e-02 -6.06825434e-02  5.34890525e+00
  3.04665450e+02] 5.349739121053349
[-3.02993898e+00 -2.05331045e-01 -1.94607955e-01  5.23951510e+00
  3.03250316e+02] 5.247146990138694
[-3.00201398e+00 -5.30079376e-02 -2.27472422e-01  5.18466328e+00
  3.02439118e+02] 5.189921659131467
[-3.08703774e+00  7.33559395e-02 -3.09043873e-01  5.41623578e+00
  3.05928329e+02] 5.425541377840719
[-3.24831699e+00 -1.62579285e-03  2.98316884e-01  5.45860699e+00
  3.03558794e+02] 5.46675277653781
[-2.99864516e+00  3.86036649e-01  7.73438890e-02  5.22510638e+00
  3.04598064e+02] 5.239918233608462
[-3.10480582e+00  7.84774171e-02 -1.41721818e-01  5.22337262e+00
  3.02690667e+02] 5.225884161442214
[-2.94663637e+00 -2.11499674e-01 -2.47468621e-01  5.42456319e+00
  3.06182094e+02] 5.434322277821992
[-3.02504457e+00 -2.18493725e-01  9.70069622e-02  4.99262994e+00
  3.01757343e+02] 4.998350085137674
[-3.02003207e+00  1.92997655e-02  2.49884945e-02  5.06279600e+00
  3.02811823e+02] 5.0628944552956625
[ -3.13956113  -0.49223853  -0.32825075   5.15409106 302.65899459] 5.187938126871566
[-3.02244977e+00  3.70991651e-01 -1.93816225e-01  5.16980732e+00
  3.02606732e+02] 5.186724135551302
[-3.04495486e+00  2.15750087e-01  1.46859706e-01  5.08736563e+00
  3.04366073e+02] 5.094055846018107
[-3.09975708e+00 -1.85564478e-01  4.54888921e-02  5.71375743e+00
  3.07267746e+02] 5.716950878418496
[-3.11231688e+00 -4.79309814e-02 -1.63535022e-01  5.77667537e+00
  3.06544693e+02] 5.779188472605159
[-2.99736602e+00 -1.79175996e-01  2.09772634e-01  5.01824059e+00
  3.04669283e+02] 5.02581806676874
[-2.96276879e+00 -3.70590523e-01 -1.94636087e-01  5.25854093e+00
  3.05485052e+02] 5.2751751846792745
[-3.12322717e+00 -1.93639956e-02  2.71407476e-01  5.42703241e+00
  3.03028826e+02] 5.433849255192819
[-3.07282754e+00  2.69459295e-01 -1.03036571e-01  4.95220532e+00
  3.03803045e+02] 4.96060101182752
[-3.11020550e+00 -9.26711889e-02 -3.24530203e-01  5.01776255e+00
  3.03572513e+02] 5.029100197741762
[-3.00486583e+00 -1.26600527e-01  9.94695883e-02  4.96951561e+00
  3.00957694e+02] 4.972123019301601
[-3.00157893e+00 -1.07103141e-02  9.93905486e-02  5.06591520e+00
  3.02656419e+02] 5.066901422077644
[-3.01386164e+00 -3.22958374e-01  1.24570741e-01  5.24517867e+00
  3.04416399e+02] 5.256588173201033
[-3.06016730e+00 -8.35497568e-02  4.20655616e-02  5.44655082e+00
  3.02553757e+02] 5.447354023263295
[-3.15007262e+00 -5.00962929e-02 -5.89849168e-02  5.12076594e+00
  3.03353904e+02] 5.1213506709645955
[-3.11247708e+00  2.42663655e-01  5.34232509e-02  5.23602303e+00
  3.06062683e+02] 5.241915379996299
[-3.00003162e+00 -1.55966313e-01  5.64473775e-02  5.11234823e+00
  3.04282372e+02] 5.115038244037393
[-3.00556690e+00 -1.31452155e-01 -1.40553122e-01  5.17626061e+00
  3.04743187e+02] 5.17983675092844
[-2.97885827e+00  1.02772890e-01  3.12274455e-03  5.35161411e+00
  3.04316003e+02] 5.352601759456615
[-3.03633675e+00  1.60634701e-01 -4.31066602e-01  5.11152866e+00
  3.02737351e+02] 5.132187368515523
[-3.01902758e+00 -7.04435861e-02  2.31088709e-01  5.66118170e+00
  3.08151853e+02] 5.666334138889384
[-3.07580416e+00  1.08104442e-01 -8.94980430e-03  4.97402132e+00
  3.01599703e+02] 4.975203992748443
[-3.11688626e+00 -2.39678730e-01  1.50261312e-02  5.35655657e+00
  3.03137422e+02] 5.361937144127159
[-3.09757439e+00  1.26714217e-01  6.67865827e-02  5.41526530e+00
  3.02872352e+02] 5.417159328961108
[-3.08325714e+00 -5.10072930e-02 -7.46107603e-02  5.03197652e+00
  3.01731088e+02] 5.032788114598865
[-3.09015343e+00  1.26885914e-01  6.33080320e-02  5.20177811e+00
  3.01125804e+02] 5.203710549446185
[-3.07953920e+00  1.59641914e-01  8.00756154e-02  5.36786196e+00
  3.05187530e+02] 5.370832307399459
[-3.09691726e+00  2.65719684e-01 -1.21965706e-01  5.35823032e+00
  3.04525799e+02] 5.366201148817046
[-3.06085599e+00 -6.83654822e-02 -2.10228445e-01  5.26420014e+00
  3.04052258e+02] 5.268839813763001
[-3.06862630e+00 -4.54061258e-02 -5.80184704e-02  5.36954343e+00
  3.04860274e+02] 5.370048838478886
[-3.19299021e+00  8.97245660e-02 -2.46805289e-01  5.05188915e+00
  3.01256830e+02] 5.058710047338327
[-3.06296747e+00  1.43720901e-01  2.39098659e-01  5.29955785e+00
  3.04050110e+02] 5.306895260466451
[-3.03041002e+00  3.32998935e-01  1.55390828e-02  5.46717576e+00
  3.06092346e+02] 5.477329688342876
[-3.07546144e+00 -3.25303694e-02 -1.42943920e-01  5.29558005e+00
  3.04464046e+02] 5.29760882730995
[-3.05365155e+00 -1.01469689e-01 -2.55300188e-01  5.16892807e+00
  3.04036398e+02] 5.176223687294799
[-3.05054192e+00  2.84267176e-03 -1.73161031e-01  5.23461375e+00
  3.04900800e+02] 5.237477824050628
[-3.02797517e+00  9.03410027e-02  1.40460913e-01  5.16987277e+00
  3.04978509e+02] 5.172569497872938
[-3.07785273e+00  4.38382425e-02 -2.63779501e-01  5.29452144e+00
  3.02543217e+02] 5.301269538307157
[-3.10139640e+00 -1.68994817e-01 -8.58741207e-02  5.32359991e+00
  3.03580488e+02] 5.326973773787428
[-3.06874091e+00 -2.11276382e-01  3.95112535e-02  5.28966283e+00
  3.05044173e+02] 5.294027927257757
[-3.07651123e+00 -7.78378138e-02  3.91618446e-03  5.46971865e+00
  3.04245089e+02] 5.470273869108643
[-3.06285667e+00 -4.39718213e-02  2.77167094e-01  5.41214553e+00
  3.05168821e+02] 5.419416423108443
[-3.06271588e+00 -4.89722270e-02 -1.55983476e-01  4.88998235e+00
  3.01153441e+02] 4.89271463209711
[-3.11341822e+00 -9.66736683e-02 -1.59163252e-01  5.37721159e+00
  3.02610662e+02] 5.380435229492948
[-3.03008393e+00  2.81017201e-01 -3.74211242e-01  5.07280836e+00
  3.03215109e+02] 5.0943487719049845
[-3.03953030e+00  1.29893266e-01  2.96805592e-01  5.18115513e+00
  3.04750696e+02] 5.191274820117388
[-3.11496798e+00 -1.87010381e-03  1.03106991e-01  5.20281413e+00
  3.02140809e+02] 5.2038360316153325
[-3.12800146e+00  3.06685629e-01 -1.45081355e-01  5.30550671e+00
  3.04304050e+02] 5.316343299354372
[-3.09002173e+00  4.73157495e-02  1.80675287e-01  5.03050572e+00
  3.03768091e+02] 5.03397160933993
[-3.11893600e+00  1.77325597e-01 -2.75953997e-02  5.18984634e+00
  3.01713053e+02] 5.192948186127713
[-3.02484291e+00  2.41014605e-02 -1.11492039e-01  5.30466923e+00
  3.04555689e+02] 5.305895493607583
[-3.06250266e+00  3.54902303e-01  2.81365040e-01  5.39436212e+00
  3.05051326e+02] 5.41334135762469
[-3.11964609e+00  2.33825637e-01 -9.75031301e-02  4.89154899e+00
  2.98513655e+02] 4.89810502204326
[-3.07945214e+00 -2.89749078e-01 -7.14346206e-02  5.24233205e+00
  3.05934411e+02] 5.2508192451386755
[-3.10916478e+00 -4.40727281e-02  1.45267744e-01  5.17924622e+00
  3.03009078e+02] 5.18147049595323
[-2.99351479e+00  1.89490614e-01 -8.50619307e-02  5.17914483e+00
  3.03800698e+02] 5.183308150569801
[-3.02842912e+00 -2.21631906e-01  2.68833008e-02  5.61489715e+00
  3.08286757e+02] 5.6193338918517775
[-3.02020570e+00 -1.68121897e-01  1.76710892e-01  5.09970733e+00
  3.02667324e+02] 5.105536855735907
[-3.01456403e+00  1.21168864e-01  9.24075416e-02  5.69028148e+00
  3.07956840e+02] 5.69232152912434
[-3.05495367e+00 -1.03019744e-01  9.99852103e-02  5.15848980e+00
  3.04425664e+02] 5.160487101613848
[-3.07856509e+00 -1.61980223e-02  1.54829510e-01  5.27236842e+00
  3.04322367e+02] 5.274666175266926
[-3.06808872e+00  1.20372110e-01  2.50357328e-02  5.16153697e+00
  3.04272851e+02] 5.163001080972916
[-3.03957748e+00  2.25450007e-01 -1.04523497e-01  5.37703321e+00
  3.03446362e+02] 5.382772422752033
[-3.05440329e+00 -1.25161547e-01 -2.20122329e-01  5.22355035e+00
  3.04486731e+02] 5.229684263444233
[-3.02144123e+00  5.84125352e-02 -6.80370352e-02  5.16705219e+00
  3.03914914e+02] 5.167830237948187
[-2.99196510e+00  1.92828370e-01  2.12969459e-01  5.32990981e+00
  3.04419392e+02] 5.337647176891558
[-3.10118511e+00  2.21662699e-01 -2.94446738e-01  5.14588791e+00
  3.04065267e+02] 5.159069259055881
[-3.10911231e+00  2.48557882e-01 -2.86754200e-02  5.45724148e+00
  3.03973618e+02] 5.462974272558623
[-3.11330081e+00  5.75104876e-02  8.06121141e-02  5.04323894e+00
  3.02025038e+02] 5.044211015769616
[-3.02323949e+00  1.88303891e-01  2.36415618e-03  5.15941049e+00
  3.02722239e+02] 5.162846165535873
[-3.05264088e+00 -3.65423512e-02 -1.29287222e-01  5.35052155e+00
  3.05612904e+02] 5.352208087702028
[-3.06383347e+00 -1.53007526e-01  3.42025202e-01  5.27024586e+00
  3.04806737e+02] 5.283548430369567
[-3.03650569e+00 -3.89983397e-01 -1.36623511e-01  5.34923207e+00
  3.04028891e+02] 5.365168852780732
[-3.09535013e+00 -5.40009824e-02  4.39414462e-02  5.45503948e+00
  3.02751215e+02] 5.455483725953338
[-3.10090208e+00 -7.88100942e-02  9.79111037e-02  5.77035430e+00
  3.06947025e+02] 5.771722993411622
[-3.10548909e+00  7.52890646e-02  9.07153619e-02  5.31829078e+00
  3.06336768e+02] 5.319597211830628
[-3.09357977e+00 -7.59091280e-02  3.79227856e-02  5.75791041e+00
  3.08594660e+02] 5.758535629733025
[-3.05521273e+00  2.49803834e-01  3.26366154e-01  5.41936872e+00
  3.04494636e+02] 5.434930921483372
[-3.13801012e+00 -9.40942024e-02  1.37458772e-01  5.28540507e+00
  3.02864158e+02] 5.288029446877722
[-3.07611031e+00  4.00196063e-01  1.01130889e-02  4.87811570e+00
  3.02226544e+02] 4.894514470314595
[-3.00942746e+00 -6.24897508e-02  1.14112432e-01  5.05765060e+00
  3.04534140e+02] 5.0593236869507905
[-3.09491980e+00 -1.42915424e-03  2.18707339e-01  5.40463892e+00
  3.03128519e+02] 5.40906246604198
[-3.17316143e+00  1.21230495e-01  1.76331164e-01  5.00597300e+00
  3.00758734e+02] 5.010544399204549
[-2.96914252e+00 -3.31648568e-02 -4.24863405e-02  5.21211489e+00
  3.04264140e+02] 5.212393559756577
[-3.00842406e+00 -8.70465051e-03  6.89286729e-02  5.26924208e+00
  3.03333445e+02] 5.269700088333753
[-3.04900777e+00 -3.03280980e-01 -1.24199891e-01  5.39026509e+00
  3.04620986e+02] 5.400218766645823
[-3.05248223e+00  3.39246318e-01  2.75390671e-01  5.40675125e+00
  3.04827948e+02] 5.424378964451659
[-2.99940024e+00  4.24575548e-02  2.05138198e-01  5.06011271e+00
  3.02918418e+02] 5.064447156970074
[-3.05225794e+00 -2.57812490e-01 -1.13574150e-01  5.22198457e+00
  3.03573569e+02] 5.229578306505481
[-3.12860105e+00  6.39420038e-02  1.94538239e-01  5.06690992e+00
  3.01315673e+02] 5.071046228014169
[-3.11702400e+00  1.28860576e-01  1.14329094e-01  5.44141613e+00
  3.04162918e+02] 5.444142327497505
[-3.09977900e+00 -7.52119167e-02 -5.75351846e-02  5.41596033e+00
  3.04544765e+02] 5.416788106882682
[-3.12682573e+00 -5.46410903e-02  3.13391016e-02  5.65051936e+00
  3.05668924e+02] 5.650870448379199
[-3.00303455e+00 -3.18761527e-01 -1.69718497e-01  5.19610361e+00
  3.03055798e+02] 5.208637633258843
[-3.09585635e+00  3.18972478e-01  6.63067869e-02  5.53074708e+00
  3.04407420e+02] 5.54033422190499
[-3.12919058e+00  3.20954228e-02 -5.00900128e-02  5.65225401e+00
  3.04170280e+02] 5.652567073083884
[-3.07344982e+00 -2.65116914e-01  6.06929862e-03  5.21497243e+00
  3.03835855e+02] 5.221710569667092
[-3.07128577e+00  2.10918161e-01  1.05133049e-01  5.41138342e+00
  3.03831543e+02] 5.416512710845922
[-3.05678052e+00 -7.25520139e-02 -5.58618089e-02  4.90416631e+00
  3.00259591e+02] 4.90502105415509
[-3.06385886e+00 -4.42093761e-02  1.85649963e-01  5.12097132e+00
  3.02526477e+02] 5.124526089222421
[-3.08175866e+00 -2.07905819e-01  1.83547786e-01  5.20510982e+00
  3.02150302e+02] 5.212492957519668
[-3.08399969e+00  1.11151751e-01 -1.00722252e-02  5.37092977e+00
  3.04930762e+02] 5.372089235980169
[-3.00029059e+00 -2.37964095e-01  1.26719634e-02  5.47906218e+00
  3.06226805e+02] 5.484241954787493
[-3.04320372e+00 -8.85860379e-02  4.03401049e-01  4.96170276e+00
  3.03379775e+02] 4.978862737309444
[-2.97196785e+00 -3.18621621e-01 -7.15603624e-02  5.10773490e+00
  3.03320344e+02] 5.118163380951586
[-3.04942617e+00 -1.07099501e-02 -9.21734094e-02  5.51716563e+00
  3.03280781e+02] 5.5179459273028275
[-3.13772093e+00  1.48170819e-01  6.75181558e-02  5.23765933e+00
  3.04233685e+02] 5.24018974128243
[-3.14037021e+00 -1.31639051e-01  1.13121596e-01  5.24321508e+00
  3.06315922e+02] 5.246087081855196
[-3.01038798e+00 -2.16821278e-01  2.32951825e-01  5.10709579e+00
  3.02401754e+02] 5.117001606312704
[-3.08045923e+00 -3.64322717e-02  2.17254663e-01  5.05969822e+00
  3.02741762e+02] 5.064491380956607
[-3.00219010e+00 -2.16224029e-01  1.21009066e-01  5.07227712e+00
  3.01852812e+02] 5.078325628227608
[-3.00916279e+00 -1.72872815e-01 -1.46977264e-01  5.31475404e+00
  3.04642412e+02] 5.3195956487124
[-3.01459263e+00  1.60850786e-01 -2.58259424e-01  5.44379455e+00
  3.03366807e+02] 5.452290342968279
[-3.11699499e+00 -2.81994860e-02 -1.08265601e-01  5.48165123e+00
  3.05148367e+02] 5.482792796304068
[-2.99472365e+00 -3.29478936e-02  8.28155255e-02  5.20457866e+00
  3.02862439e+02] 5.205341777829924
[-3.01624956e+00 -3.62833335e-01 -1.59517202e-01  5.01543678e+00
  3.02934454e+02] 5.031073431702761
[-3.15477264e+00  2.92875458e-03 -1.13430744e-01  5.41885989e+00
  3.04353831e+02] 5.420047749391955
[-3.08598099e+00  1.29442745e-01  1.26473851e-01  5.32575908e+00
  3.03369889e+02] 5.328832973489376
[-3.01881934e+00  2.64269294e-01  1.89128078e-01  5.14756798e+00
  3.01983317e+02] 5.157815796047712
[-3.11492543e+00  1.59267171e-01 -2.70795134e-01  5.39823596e+00
  3.05762313e+02] 5.407369740083832
[-3.02641531e+00 -1.25872155e-01  1.54672170e-02  5.33250890e+00
  3.05133550e+02] 5.334016704674393
[-2.97719902e+00  2.14826262e-01  1.03723794e-01  5.09836911e+00
  3.03900795e+02] 5.103947150269963
[-3.05721120e+00 -3.29229512e-01 -2.34526562e-02  5.15136379e+00
  3.03295100e+02] 5.161927060842252
[-3.10211361e+00 -1.23735658e-01 -3.70830007e-01  5.16129264e+00
  3.02539244e+02] 5.176076423485621
[-3.09773818e+00  1.23560121e-01  9.06520817e-02  5.53253681e+00
  3.04543521e+02] 5.534658835370086
[-2.96157835e+00 -2.49497248e-01 -3.47841196e-01  5.05305476e+00
  3.02899382e+02] 5.071154186067844
[-3.00330315e+00 -2.48444931e-01  3.06638782e-01  4.71831170e+00
  3.02429151e+02] 4.734788008553681
[-3.08122839e+00  1.16772922e-01 -3.68650702e-01  5.38640551e+00
  3.06644877e+02] 5.400268842889757
[-3.03610136e+00 -5.99888209e-02  9.34073508e-02  5.00591711e+00
  3.00356999e+02] 5.007147865648195
[-2.99607966e+00 -9.08151310e-02 -5.14382660e-03  5.19205570e+00
  3.02091171e+02] 5.19285242062978
[-3.01112620e+00 -1.23477292e-02  1.81508336e-01  4.92918762e+00
  3.01149102e+02] 4.932543798602444
[-3.05508336e+00  9.16225278e-03  6.09350550e-02  4.95723917e+00
  3.02014761e+02] 4.957622136249031
[-3.00782233e+00 -8.91767039e-02 -1.59398722e-02  5.36786538e+00
  3.02452422e+02] 5.368629741034742
[-3.01308694e+00 -1.56598772e-02 -8.51308760e-03  5.01046355e+00
  3.01407240e+02] 5.010495253830708
[-3.07404045e+00  7.77310779e-02  1.63884091e-01  5.18878459e+00
  3.03305371e+02] 5.19195393415748
[-3.04616942e+00  2.74907398e-01 -6.05472265e-02  5.30465112e+00
  3.03424273e+02] 5.31211479202597
[-3.07854335e+00  3.33964429e-01 -8.35450509e-02  5.26268927e+00
  3.02984795e+02] 5.2739368989911775
[-3.02749018e+00  1.70514896e-01  1.49383295e-01  5.70151151e+00
  3.06409438e+02] 5.70601649384825
[-3.02411255e+00 -6.08178750e-02  1.09421453e-01  5.25356526e+00
  3.02960053e+02] 5.255056593822478
[-2.98988514e+00  1.50035119e-01  8.56743836e-02  5.03594111e+00
  3.05224591e+02] 5.038904002470916
[-3.15169113e+00  3.71240514e-01 -5.69387036e-03  5.26794057e+00
  3.03535860e+02] 5.2810084098450565
[-3.10592718e+00  3.72479608e-01  4.80797657e-02  5.06406138e+00
  3.00803180e+02] 5.077969116526398
[-3.11100173e+00 -1.15609155e-01 -2.05507707e-01  5.25100719e+00
  3.03303526e+02] 5.256298645431003
[-3.00901771e+00 -1.09825464e-01 -1.68355492e-01  5.27673501e+00
  3.03624369e+02] 5.280562235028382
[-3.01630811e+00 -1.17008463e-02  3.11471038e-01  5.47287309e+00
  3.05733555e+02] 5.481741598288097
[-3.05590457e+00  8.36197732e-02  8.33257177e-02  5.33278769e+00
  3.05105417e+02] 5.334094106821141
[-3.03993799e+00  2.49288472e-01 -1.45825840e-01  5.34405187e+00
  3.04146804e+02] 5.351850179606514
[-3.10990165e+00  1.28625496e-01  8.93508258e-02  5.31583595e+00
  3.02545658e+02] 5.318142531333899
[-3.10052092e+00  5.30821419e-02  2.66901271e-01  5.42347441e+00
  3.04587574e+02] 5.430297296681629
[-3.06518741e+00  7.00485942e-02 -4.72423947e-01  5.20761909e+00
  3.02913684e+02] 5.229472994444026
[-3.05402414e+00 -1.35633646e-01 -2.50194525e-01  5.21481556e+00
  3.03721552e+02] 5.222575525598418
[-3.00802573e+00  4.63717822e-02  2.58039720e-01  5.29306283e+00
  3.02257874e+02] 5.299551773709347
[-3.07106454e+00 -1.41644157e-01  5.33392666e-02  5.21553195e+00
  3.05568634e+02] 5.217727632033335
[-3.05379594e+00  3.02449816e-01 -7.33569358e-03  5.36430070e+00
  3.04804514e+02] 5.372825299982129
[-3.13357137e+00 -7.55500956e-02 -2.45545391e-02  5.20640906e+00
  3.02599990e+02] 5.207015075242959
[-3.04409959e+00 -1.42193534e-01 -7.88441517e-02  5.42283348e+00
  3.05352624e+02] 5.425270345831448
[-2.96616655e+00 -1.81486222e-01 -3.45132754e-01  5.42551733e+00
  3.05426781e+02] 5.43951212846914
[-3.03852378e+00  3.04704316e-01  1.99028828e-02  5.31776388e+00
  3.06407911e+02] 5.326523587920656
[-3.11510418e+00 -3.04239284e-01 -7.00675490e-03  5.11295046e+00
  3.02219654e+02] 5.121998930655086
[-3.13320173e+00  6.21698808e-02 -4.91117327e-02  5.11329676e+00
  3.04049219e+02] 5.113910519907007
[-3.08863418e+00  2.39576601e-01 -9.87228434e-02  5.52326113e+00
  3.03672613e+02] 5.529336009934454
[-3.10290551e+00 -2.59251569e-01 -8.34637699e-02  5.46457587e+00
  3.03888765e+02] 5.471358794416607
[-3.10923718e+00  4.88359132e-02 -1.25354802e-01  5.34456747e+00
  3.04686982e+02] 5.346260395877399
[-3.02617466e+00  2.44045790e-01 -6.34590480e-02  5.43360251e+00
  3.05907693e+02] 5.439450485954615
[-3.03082067e+00 -2.52663472e-02  1.02500121e-01  5.48347143e+00
  3.05834694e+02] 5.484487541276908
[-3.04430737e+00 -1.65237330e-01  9.61327299e-02  5.31324274e+00
  3.04114633e+02] 5.316680662772354
[-3.08601978e+00 -1.20773277e-01 -1.25494394e-02  5.36745748e+00
  3.05168463e+02] 5.368830738928111
[-2.98795690e+00  2.49916942e-01 -4.10189638e-02  5.14871971e+00
  3.05635848e+02] 5.154944778313617
[-3.08389830e+00 -5.95826227e-02 -1.34598231e-01  5.32905834e+00
  3.04435662e+02] 5.331090844177153
[-3.04715163e+00  3.28300556e-02 -2.59433421e-01  5.00674307e+00
  3.02089249e+02] 5.01356755685328
[-3.01129505e+00  1.51477317e-02 -2.03260486e-01  5.24336213e+00
  3.03373372e+02] 5.2473222385957214
[-3.08615872e+00  1.40789279e-01  9.38463296e-02  5.12726250e+00
  3.03309510e+02] 5.130053559823185
[-3.13545259e+00 -7.10307455e-02 -1.61498901e-01  5.32252391e+00
  3.03527076e+02] 5.325447218630623
[-3.00334848e+00 -1.92546596e-01 -1.44399681e-01  5.49726740e+00
  3.06731819e+02] 5.502533443997913
[-3.07523921e+00 -3.24417426e-02  9.37233745e-02  5.33166919e+00
  3.04745109e+02] 5.332591578214235
[-3.03842026e+00 -6.89660976e-02  1.31237415e-01  5.09009353e+00
  3.03143509e+02] 5.092252131861823
[-3.04967921e+00 -2.78393676e-01 -7.62807366e-02  5.25260259e+00
  3.02677799e+02] 5.260528085169015
[-3.08372541e+00  2.02606272e-01 -2.92302370e-01  5.15472147e+00
  3.02131669e+02] 5.166976229802882
[-3.12660162e+00  1.88381710e-01 -5.01005069e-02  5.36916747e+00
  3.02151789e+02] 5.3727048196865566
[-3.08371615e+00  3.30987666e-01 -1.94169572e-01  5.27419710e+00
  3.01843009e+02] 5.2881385850552975
[-3.06686749e+00 -3.96046532e-01  9.98501468e-02  5.16436709e+00
  3.02904721e+02] 5.180493256089656
[-3.02993931e+00 -1.39704922e-02 -5.94803335e-02  5.13065355e+00
  3.03758688e+02] 5.131017337676404
[-3.12131199e+00 -1.80227750e-01 -1.76809764e-02  5.39713801e+00
  3.01694430e+02] 5.400175305200412
[-3.10081747e+00  1.27829307e-01  2.93103776e-01  5.54078127e+00
  3.03801993e+02] 5.550000649934118
[-3.07697454e+00 -1.84782921e-02  9.15745642e-02  5.58836257e+00
  3.05892621e+02] 5.589143370010923
[-3.07148262e+00 -4.62747272e-02 -4.05937311e-02  5.41967231e+00
  3.05397795e+02] 5.420021873856696
[-3.02642411e+00 -8.38958196e-02  5.74856745e-02  5.06332760e+00
  3.02868619e+02] 5.064348869594073
[-3.06802040e+00  1.82509190e-01  2.46931850e-01  5.15238332e+00
  3.02503327e+02] 5.161524856522031
[-3.07462943e+00 -2.75442211e-01  1.08437452e-01  5.54123929e+00
  3.06082045e+02] 5.549140471218021
[-3.12503759e+00  2.17341829e-01  9.19260239e-02  5.46036571e+00
  3.01504608e+02] 5.465462612546627
[-3.03997759e+00  1.87488101e-01  2.33373151e-02  4.95377696e+00
  2.99915640e+02] 4.957378597592678
[-3.09492454e+00  3.29306001e-01 -1.93350102e-01  5.47319211e+00
  3.05038550e+02] 5.486497840927907
[-3.02921534e+00 -1.82283163e-01  9.44378789e-02  5.11371843e+00
  3.03086152e+02] 5.117837616171715
[-3.01524599e+00  8.96951883e-02  4.73405607e-02  5.20541409e+00
  3.04948492e+02] 5.206402043798322
[-3.05196064e+00  1.10001077e-01 -3.04810633e-01  5.29186476e+00
  3.06393898e+02] 5.301777289024849
[-3.05553971e+00 -2.90976202e-01  2.29491831e-01  5.19783153e+00
  3.03498286e+02] 5.211025457096424
[-3.01982056e+00  1.83123144e-01 -4.21768121e-02  5.36091877e+00
  3.04702980e+02] 5.364211318083292
[-3.12969550e+00 -2.25799370e-02 -2.70101431e-01  5.46056680e+00
  3.04611396e+02] 5.467289492322174
[-3.07585180e+00  9.55323773e-02 -3.95488329e-01  5.36675474e+00
  3.03633471e+02] 5.382155132540954
[-3.03743465e+00  1.98786192e-01 -1.79631165e-01  5.22385928e+00
  3.04297919e+02] 5.2307254825298175
[-3.05546724e+00 -1.39874366e-01  6.07375417e-02  5.39987770e+00
  3.04884699e+02] 5.402030454164639
[-3.07578739e+00  1.77493726e-01 -3.79469284e-02  5.05722433e+00
  3.01028984e+02] 5.060480400741614
[-3.07963007e+00  2.47829695e-01 -1.46174838e-01  5.36428759e+00
  3.05303297e+02] 5.371998508703636
[-3.07557906e+00 -1.38849540e-01 -1.51269428e-01  5.00956321e+00
  3.02545253e+02] 5.0137695550821455
[-3.17244237e+00 -1.86074630e-01  7.50868126e-02  5.39382347e+00
  3.04247142e+02] 5.3975543960404355
[-2.95203148e+00  2.46708249e-01 -4.22812089e-01  4.82329444e+00
  3.01908489e+02] 4.848072224713563
[-3.08061712e+00 -1.29482736e-01  6.36878816e-02  5.46414118e+00
  3.06904989e+02] 5.466046169187402
[-3.02646235e+00 -1.03556224e-01 -5.50220158e-02  4.90120176e+00
  3.04101404e+02] 4.90260441054308
[-3.04863174e+00 -2.90131435e-01 -2.94717646e-01  5.37791477e+00
  3.05568370e+02] 5.3937929185895355
[-3.06840522e+00 -5.44358452e-02 -8.45152134e-02  5.47813633e+00
  3.03335407e+02] 5.4790586576515885
[-3.07453433e+00  1.05681635e-02 -1.03478560e-01  5.07699116e+00
  3.05068211e+02] 5.078056586857563
[-3.05388143e+00  9.83776657e-02 -1.52484647e-01  5.48261231e+00
  3.04651865e+02] 5.485614594260403
[-3.01039868e+00  2.52227527e-01 -2.60323710e-01  5.32956301e+00
  3.02522747e+02] 5.341875045713989
[-3.06569487e+00  4.65136882e-02  8.38540340e-02  5.50544485e+00
  3.03873223e+02] 5.506279870047749
[-3.05993558e+00  9.79719501e-02 -1.65330523e-01  5.32617666e+00
  3.04081847e+02] 5.329642625773897
[-3.07176193e+00  1.43480800e-01 -3.12553356e-02  5.30732596e+00
  3.02797453e+02] 5.309357070004696
[-2.99548590e+00  6.13755158e-02 -7.49336316e-02  5.18119616e+00
  3.03316071e+02] 5.182101466934708
[-2.91311963e+00 -2.96468564e-03  1.78221222e-01  5.59291665e+00
  3.05784902e+02] 5.595756275892352
[-3.03201221e+00  1.62087869e-01 -1.25671834e-01  5.24287458e+00
  3.04104633e+02] 5.246884769165162
[-3.07243730e+00 -1.13821996e-02 -4.84848652e-01  5.13916726e+00
  3.02711214e+02] 5.162000382236724
[-3.01783412e+00 -6.35651093e-02  5.17293470e-02  5.13885020e+00
  3.04310965e+02] 5.139503658267276
[-3.12963833e+00 -1.09660489e-01 -1.83123219e-01  4.85989958e+00
  2.96330612e+02] 4.864584609553116
[-3.03888945e+00  1.86863052e-02  3.80488298e-03  5.10045269e+00
  3.01911525e+02] 5.100488340174358
[-3.05455905e+00 -1.03220504e-01  2.50910516e-01  4.98204334e+00
  3.01150750e+02] 4.989425462385882
[-3.03816654e+00 -7.26413858e-02 -2.06664780e-01  5.27771713e+00
  3.03273057e+02] 5.282261369755211
[-3.04033567e+00  1.11851052e-01 -7.41365220e-02  5.31954609e+00
  3.07264776e+02] 5.321238341790832
[-3.08007096e+00  3.59668395e-01  1.05734861e-01  5.32795720e+00
  3.04088542e+02] 5.341129945330719
