/mnt/stage/douwei/Simulation/5kt_root/2MeV/5kt_-11.00.root
[-3.32238708e+00 -8.81374827e-02 -2.26499027e-01 -1.09266335e+01
  3.46615301e+02] 10.929336162439006
[-3.47249263e+00  8.43799509e-02 -8.71486096e-02 -1.13188947e+01
  3.48129154e+02] 11.319544673942614
[-3.41147705e+00 -5.16980879e-02  9.91688777e-02 -1.14378170e+01
  3.49563305e+02] 11.438363724681722
[ -3.44119571  -0.37662364  -0.51088433 -11.28823953 347.06514793] 11.306069157586746
[-3.33153962e+00 -3.09662473e-01 -3.41117339e-01 -1.10703195e+01
  3.46642453e+02] 11.07990184773071
[-3.28008350e+00  6.28955917e-02  4.73215312e-02 -1.11264625e+01
  3.46843682e+02] 11.126740864569145
[-3.39454326e+00  2.68086531e-01 -3.69674127e-02 -1.11726300e+01
  3.47124460e+02] 11.175907046889764
[-3.32365452e+00 -1.28376786e-01 -1.33336381e-01 -1.14408630e+01
  3.47902452e+02] 11.442360171565566
[-3.33587907e+00 -1.21760067e-01 -5.33866405e-02 -1.14395524e+01
  3.50513316e+02] 11.440324900901429
[-3.35521144e+00  1.36960289e-01 -1.52218087e-01 -1.10233765e+01
  3.47858760e+02] 11.025278183049368
[-3.33973166e+00  2.17034368e-01 -2.55223328e-02 -1.09631569e+01
  3.42736272e+02] 10.965334712603097
[-3.42312350e+00  1.04070477e-01  9.52011238e-02 -1.12477405e+01
  3.46561659e+02] 11.248624855763232
[-3.35653712e+00 -5.07976312e-02 -9.77319182e-02 -1.10945452e+01
  3.48344441e+02] 11.09509189223843
[-3.36206055e+00 -1.57173804e-01 -1.59319964e-01 -1.11950909e+01
  3.47727872e+02] 11.19732768485494
[-3.38154297e+00 -8.14131300e-02  5.85293285e-02 -1.13380896e+01
  3.48913375e+02] 11.338532927215708
[-3.30802347e+00 -2.53361993e-01 -5.77345775e-02 -1.10504241e+01
  3.45316855e+02] 11.053479012297547
[-3.37693822e+00 -4.59781703e-01 -1.37996153e-03 -1.13948160e+01
  3.51815280e+02] 11.404088388898563
[-3.26328602e+00 -4.66266244e-01 -1.14825450e-02 -1.13073225e+01
  3.49459712e+02] 11.316937656239503
[-3.33479887e+00 -6.06055258e-02  5.22994730e-03 -1.10238924e+01
  3.45222885e+02] 11.024060272803954
[-3.29510066e+00  1.66157108e-01 -1.97306070e-01 -1.07275444e+01
  3.43033304e+02] 10.730645176943012
[-3.39557050e+00 -3.58457793e-02  1.01009813e-01 -1.13227607e+01
  3.47932836e+02] 11.323267968278104
[-3.35345441e+00 -1.10453100e-01  2.09049763e-01 -1.09984959e+01
  3.45412995e+02] 11.001036968874141
[-3.36973301e+00 -1.79675260e-01 -4.86990796e-02 -1.11990516e+01
  3.46950399e+02] 11.200598751892443
[-3.35722678e+00 -1.68940504e-01  2.10177907e-01 -1.10754603e+01
  3.45461781e+02] 11.078742521979335
[-3.39310510e+00 -5.27443040e-02 -1.28099914e-02 -1.10224549e+01
  3.42884362e+02] 11.022588554503926
[-3.28987431e+00  1.57894458e-01 -2.23118399e-02 -1.12856546e+01
  3.49640741e+02] 11.286781101254212
[-3.39906783e+00  1.05114672e-01 -1.13071977e-01 -1.11841668e+01
  3.44826040e+02] 11.18523230420043
[-3.37493891e+00 -2.17189293e-01 -5.90567206e-03 -1.10874169e+01
  3.46413762e+02] 11.089545507961425
[-3.37869600e+00 -1.58387314e-02 -2.66493838e-01 -1.13217584e+01
  3.46696601e+02] 11.324905402300166
[-3.35774997e+00  1.68068489e-01 -7.02309779e-02 -1.11102810e+01
  3.45120259e+02] 11.11177409474962
[-3.38853860e+00  1.55597881e-02 -1.38213715e-01 -1.11980781e+01
  3.48015670e+02] 11.198941885785198
[-3.36867773e+00 -1.03950744e-01  4.05789864e-01 -1.12553734e+01
  3.46961630e+02] 11.263165659057742
[-3.35234837e+00 -2.39674161e-01  2.11794305e-02 -1.09574512e+01
  3.44435223e+02] 10.960092537860355
[-3.41101173e+00  4.77014777e-02 -9.15049374e-02 -1.12971966e+01
  3.44807366e+02] 11.297667892093449
[-3.40883477e+00  1.26812982e-01  2.07438756e-02 -1.12124772e+01
  3.47259962e+02] 11.213213444113965
[-3.36964848e+00 -9.71361703e-02 -4.43595163e-02 -1.11205905e+01
  3.48461749e+02] 11.121103211758198
[-3.31732073e+00 -4.87011637e-02 -3.43339810e-01 -1.11272106e+01
  3.46346341e+02] 11.132612869724824
[-3.35592706e+00 -1.17726567e-01  3.14695964e-02 -1.14183542e+01
  3.49788834e+02] 11.419004448015226
[-3.47087932e+00  2.50319158e-01 -1.63896385e-01 -1.13215966e+01
  3.47012466e+02] 11.325549459633482
[-3.35194523e+00  7.80596974e-02  9.83462143e-02 -1.13121925e+01
  3.48329799e+02] 11.31288934984473
[-3.36723450e+00 -4.03325501e-01  4.48573410e-02 -1.12618955e+01
  3.47464754e+02] 11.269204637796637
[-3.31762612e+00 -9.94919564e-02 -1.41833829e-01 -1.11852765e+01
  3.46540093e+02] 11.186618165509108
[-3.35250124e+00  1.84661779e-01 -1.10823615e-01 -1.11400150e+01
  3.46722080e+02] 11.14209654503016
[-3.33283087e+00  1.56428053e-01 -5.54812909e-02 -1.12723544e+01
  3.47720324e+02] 11.273576275356032
[-3.29686744e+00  2.57240116e-02 -3.46996941e-01 -1.11617457e+01
  3.47301827e+02] 11.167167713577857
[-3.34924662e+00 -1.72881217e-01 -7.18928471e-02 -1.13244301e+01
  3.47517131e+02] 11.325977851528922
[-3.34552373e+00 -1.75868420e-01 -4.33632149e-02 -1.12217824e+01
  3.47569390e+02] 11.22324419938525
[-3.32654347e+00  6.53088679e-02 -2.37569689e-02 -1.09608553e+01
  3.45760012e+02] 10.961075579082506
[-3.42734209e+00  6.59229982e-02  3.16013931e-01 -1.13572333e+01
  3.47926782e+02] 11.361820257494989
[-3.41557600e+00 -5.48220581e-02 -1.06837599e-02 -1.14950058e+01
  3.49915701e+02] 11.49514146988266
[-3.40771259e+00  5.45501902e-02  1.37208134e-02 -1.12515875e+01
  3.47304406e+02] 11.251728069925122
[-3.34816434e+00  1.01349573e-01 -3.31619091e-02 -1.10814961e+01
  3.46156179e+02] 11.082009171409345
[-3.40293484e+00  3.40700440e-01  5.64144721e-02 -1.13673437e+01
  3.47824910e+02] 11.372588184526537
[-3.38173912e+00 -3.12573739e-01 -2.32155834e-02 -1.09680707e+01
  3.44564722e+02] 10.972548281178405
[-3.40956773e+00  2.69443095e-01 -9.79259317e-02 -1.12467732e+01
  3.47027321e+02] 11.250426473424824
[-3.38999420e+00 -3.22668913e-01 -1.77160700e-01 -1.10797802e+01
  3.46594924e+02] 11.085893334536019
[-3.42603806e+00  1.90226044e-01 -1.67717529e-01 -1.13411840e+01
  3.48647319e+02] 11.344019073429159
[-3.34047636e+00  2.43676010e-01  9.01423391e-03 -1.11000980e+01
  3.45039577e+02] 11.102775963647522
[-3.26357107e+00  9.12645157e-02  3.55222021e-02 -1.15054316e+01
  3.51282833e+02] 11.505848389885355
[-3.43517875e+00 -2.68502315e-03 -3.42197902e-01 -1.12178164e+01
  3.45969390e+02] 11.223034836595511
[-3.36420997e+00  1.45812046e-01 -3.48043354e-02 -1.09929734e+01
  3.44253668e+02] 10.99399549517688
[-3.30271425e+00 -7.52794039e-02 -2.89623934e-01 -1.12201650e+01
  3.48947125e+02] 11.22415479401128
[-3.36342181e+00 -1.20087479e-01  1.67313992e-01 -1.12919411e+01
  3.49187109e+02] 11.293819040976196
[-3.34307228e+00 -8.61448513e-02  5.76333647e-02 -1.12649414e+01
  3.46574920e+02] 11.265418235174925
[-3.33368851e+00  2.19420055e-01  2.69500967e-01 -1.09279194e+01
  3.43829902e+02] 10.933444015814297
[-3.37694301e+00  1.10363709e-01  1.28518650e-01 -1.11422159e+01
  3.46592906e+02] 11.143503601965218
[-3.44272741e+00 -1.07916667e-01  1.28886582e-01 -1.11315615e+01
  3.45538500e+02] 11.132830709867426
[-3.33636882e+00  1.49630522e-01 -7.11866467e-02 -1.14455551e+01
  3.49588348e+02] 11.446754510305214
[-3.34555888e+00 -1.44567990e-02 -1.33281616e-01 -1.13747421e+01
  3.47937648e+02] 11.375532158180937
[-3.33273772e+00 -3.20870644e-01  1.41056802e-01 -1.12166150e+01
  3.47883790e+02] 11.222090087906441
[-3.33125300e+00  2.20363815e-01  2.68037549e-03 -1.12747827e+01
  3.48244189e+02] 11.276936289911257
[-3.37370882e+00 -6.74754582e-03  1.73631897e-01 -1.11236568e+01
  3.46415509e+02] 11.125013933423125
[-3.41770775e+00  1.80532761e-01 -9.83834189e-02 -1.13887896e+01
  3.47881369e+02] 11.390645323642332
[-3.38607860e+00  3.95632511e-02 -1.67338390e-01 -1.14264226e+01
  3.49098931e+02] 11.427716320595737
[-3.31520327e+00 -1.35564105e-02  5.44857400e-02 -1.10048698e+01
  3.46785971e+02] 11.005012993793796
[-3.28949487e+00  4.58263718e-02 -6.65910874e-02 -1.10650351e+01
  3.48117316e+02] 11.06533037851148
[-3.37693974e+00  7.72432684e-02  1.01993721e-01 -1.11688739e+01
  3.47337486e+02] 11.169606699657908
[-3.34696127e+00  2.44849136e-02 -3.90997409e-02 -1.13951844e+01
  3.47198329e+02] 11.395277765759204
[-3.38398354e+00 -4.22852548e-01 -1.65331324e-01 -1.11789842e+01
  3.47629942e+02] 11.188200363042071
[-3.33478944e+00  3.27792272e-01  1.31588882e-01 -1.08923273e+01
  3.45016008e+02] 10.898052899415173
[-3.37682906e+00  1.49200836e-02  8.57282474e-02 -1.12464160e+01
  3.47017098e+02] 11.246752656239602
[-3.44430492e+00 -1.18129955e-01  1.78253508e-01 -1.14863013e+01
  3.47197439e+02] 11.488291698600575
[-3.35328152e+00  1.46451955e-01  2.57261440e-02 -1.10233769e+01
  3.46998444e+02] 11.024379761698698
[-3.39827442e+00  1.00109662e-01  3.69483584e-02 -1.14396877e+01
  3.48421274e+02] 11.440185347802444
[-3.36824010e+00 -3.27188487e-01 -2.57243571e-01 -1.12495349e+01
  3.48387641e+02] 11.257231574384521
[-3.36199303e+00 -1.84517488e-01 -2.48697569e-01 -1.13465155e+01
  3.48524786e+02] 11.350740549197141
[-3.33250951e+00  4.24669567e-02 -2.21585928e-01 -1.11664378e+01
  3.48407111e+02] 11.168716914829858
[-3.43606124e+00 -1.79333388e-01  1.62725126e-02 -1.13174504e+01
  3.47063378e+02] 11.318882814268584
[-3.32604984e+00  1.24219452e-01 -1.92416790e-01 -1.12017875e+01
  3.48526687e+02] 11.204128654243643
[-3.41478677e+00  2.57740448e-01 -2.08812365e-01 -1.08545853e+01
  3.40724766e+02] 10.859652573382284
[-3.35703104e+00  1.80900217e-02 -1.11776978e-01 -1.10498319e+01
  3.45337034e+02] 11.050412042634422
[-3.31216457e+00  2.02576425e-01  4.72923080e-02 -1.11332519e+01
  3.47034598e+02] 11.135195144161528
[-3.27027042e+00  1.69577584e-01  2.70604355e-01 -1.12931379e+01
  3.50176511e+02] 11.297652250472902
[-3.32720157e+00 -2.81716927e-01 -4.90596402e-02 -1.10414886e+01
  3.46094679e+02] 11.045190877244824
[-3.31934600e+00 -1.98143545e-01 -6.20204063e-02 -1.11587559e+01
  3.47448700e+02] 11.16068726927622
[-3.36148964e+00 -1.87680112e-01  3.78953462e-02 -1.10585046e+01
  3.45895230e+02] 11.06016203149706
[-3.38544568e+00  2.88650597e-01 -1.05719645e-01 -1.13884795e+01
  3.47914671e+02] 11.392627538325778
[-3.34447057e+00 -4.48743649e-02 -3.44129195e-01 -1.12539200e+01
  3.47130236e+02] 11.259269725765837
[-3.40175218e+00  2.81484019e-01 -4.34726279e-02 -1.13257230e+01
  3.48406068e+02] 11.329303831141901
[-3.37342679e+00  2.28706321e-01  3.51909319e-01 -1.10865793e+01
  3.46851009e+02] 11.094520640602843
[-3.41491209e+00  3.65124529e-01 -1.72891628e-01 -1.10724064e+01
  3.46407593e+02] 11.079773986604078
[-3.33959071e+00  1.91450457e-01 -4.04343702e-02 -1.12403966e+01
  3.48732983e+02] 11.242099644059039
[-3.38875557e+00  1.35723857e-01  1.62012688e-01 -1.12528669e+01
  3.48898896e+02] 11.254851487075893
[-3.36646700e+00 -1.88871287e-01  1.31433196e-01 -1.12821284e+01
  3.48043818e+02] 11.284474627692054
[-3.35872585e+00 -5.22051836e-01  1.47881653e-01 -1.10598105e+01
  3.45667673e+02] 11.073112282216302
[-3.32272971e+00  1.45537736e-01  2.03643223e-01 -1.11303157e+01
  3.48496476e+02] 11.133129838796219
[-3.34304783e+00  9.34167100e-04 -2.13911042e-01 -1.10347758e+01
  3.46798059e+02] 11.036848955406835
[-3.40800762e+00  1.68190281e-01  9.29826200e-02 -1.13347417e+01
  3.49911380e+02] 11.336370766066569
[-3.27705741e+00 -6.77696864e-02 -1.10384156e-02 -1.10609821e+01
  3.44881273e+02] 11.061195208656805
[-3.39235753e+00 -2.29679939e-01 -2.71208591e-01 -1.11395940e+01
  3.49489196e+02] 11.145261839145356
[-3.37710919e+00 -6.11146120e-02  1.72863385e-01 -1.13013627e+01
  3.46789323e+02] 11.30284988798012
[-3.44771099e+00 -5.92413660e-02 -2.57127798e-01 -1.11707108e+01
  3.46639417e+02] 11.173826775833492
[-3.38939309e+00 -2.04861093e-01 -5.12652536e-02 -1.09960771e+01
  3.46320457e+02] 10.99810474913217
[-3.41264237e+00 -1.04579106e-01 -8.81207903e-02 -1.15330962e+01
  3.51630577e+02] 11.53390693937786
[-3.38910265e+00 -1.38684741e-01  7.14081651e-03 -1.10199637e+01
  3.45301002e+02] 11.020838593639143
[-3.32830005e+00 -7.29315958e-02  5.15331673e-03 -1.10854858e+01
  3.45112349e+02] 11.085726926868988
[-3.45860995e+00 -1.97309721e-01  2.17858511e-01 -1.10082733e+01
  3.47751616e+02] 11.012196637107966
[-3.44206199e+00  4.01386345e-02  1.33571627e-01 -1.12345009e+01
  3.46618202e+02] 11.235366658236762
[-3.41501537e+00 -1.35360592e-01 -1.89824404e-02 -1.15130657e+01
  3.50046240e+02] 11.513877013623638
[-3.28812288e+00  2.30362373e-01 -9.55077550e-02 -1.10434711e+01
  3.46565346e+02] 11.046286407881784
[-3.23100823e+00  1.21180271e-01  2.47897477e-02 -1.10758485e+01
  3.48779131e+02] 11.07653910653714
[-3.38117488e+00  9.39127906e-02 -1.54835227e-01 -1.12006849e+01
  3.45622018e+02] 11.202148703541482
[-3.24270839e+00 -9.57897580e-02 -9.71668246e-02 -1.10542008e+01
  3.46122281e+02] 11.05504289570839
[-3.35962748e+00  2.73994469e-01  4.51558907e-01 -1.11505345e+01
  3.47488472e+02] 11.16303714164871
[-3.30933189e+00  3.41706925e-01  6.96796650e-02 -1.11639598e+01
  3.47119581e+02] 11.169405417643603
[-3.33158279e+00  3.50158582e-03 -1.74182839e-01 -1.13544026e+01
  3.49574275e+02] 11.355739042015616
[-3.41093141e+00  7.70698376e-02 -5.25277261e-05 -1.09976765e+01
  3.44328342e+02] 10.99794652728128
[-3.36980455e+00  1.61880605e-01 -7.47084463e-02 -1.11740154e+01
  3.46769163e+02] 11.175437672884003
[-3.37071971e+00  2.44890616e-02  2.44351130e-01 -1.13150970e+01
  3.48028392e+02] 11.317761587855927
[-3.35857298e+00 -3.09539637e-01  2.00459062e-02 -1.14767324e+01
  3.50181947e+02] 11.480923461710026
[-3.32707900e+00  5.19820305e-02 -8.34699902e-02 -1.09434435e+01
  3.45105801e+02] 10.943885237145375
[-3.35441946e+00  1.58301725e-01  1.35870801e-03 -1.12952314e+01
  3.47599967e+02] 11.296340683344388
[-3.45880751e+00  3.58951799e-01  9.39222271e-02 -1.13781029e+01
  3.49837985e+02] 11.38415094882495
[-3.36859109e+00  6.27094823e-02 -4.63911546e-02 -1.12619897e+01
  3.48842168e+02] 11.262259794805058
[-3.34894811e+00 -6.69737179e-02 -2.26544374e-01 -1.11666752e+01
  3.48205404e+02] 11.169173756627366
[-3.37422927e+00 -2.90186469e-02 -3.75245416e-02 -1.12889591e+01
  3.48352620e+02] 11.289058781783025
[-3.38211408e+00 -1.36488663e-03 -2.27665054e-01 -1.10545975e+01
  3.43762468e+02] 11.056941719437907
[-3.38845288e+00  1.62325631e-02  2.42668788e-01 -1.13534231e+01
  3.48796223e+02] 11.356027837442165
[-3.41028176e+00 -3.22617986e-01  2.07776606e-01 -1.14680802e+01
  3.49686900e+02] 11.474498543678761
[-3.36671328e+00  9.19906794e-02 -1.08327101e-02 -1.13904477e+01
  3.48515477e+02] 11.390824344393174
[-3.40380108e+00 -3.38485503e-02  2.15012360e-01 -1.11412765e+01
  3.46396893e+02] 11.143402495895593
[-3.47378379e+00  1.95356164e-02 -3.53157618e-01 -1.11589872e+01
  3.47444220e+02] 11.164591264925614
[-3.40286557e+00 -2.15679546e-01  1.13525551e-01 -1.12352592e+01
  3.47389210e+02] 11.23790257625292
[-3.38574077e+00  5.72072474e-02  1.40603779e-01 -1.11063958e+01
  3.47167096e+02] 11.107433134896294
[-3.37345092e+00 -1.23990528e-01 -1.28449683e-01 -1.11983880e+01
  3.48043272e+02] 11.199811028314393
[-3.38235053e+00  1.36828391e-01 -2.77731482e-01 -1.10558163e+01
  3.45316501e+02] 11.060150580192351
[-3.32379389e+00  5.77212650e-02 -2.51725630e-01 -1.10950740e+01
  3.46070335e+02] 11.098079299952852
[-3.34849412e+00 -7.19392576e-02 -1.57079425e-01 -1.15149188e+01
  3.50349228e+02] 11.516214873247014
[-3.36134653e+00  3.72305367e-01 -2.17077845e-02 -1.11034430e+01
  3.47367049e+02] 11.10970425651806
[-3.33255941e+00  2.54969441e-01  1.89939971e-03 -1.10408912e+01
  3.46093153e+02] 11.043834979044908
[-3.38906008e+00  1.93574042e-01 -4.83150621e-02 -1.12574264e+01
  3.48953825e+02] 11.259194234162065
[-3.43373872e+00 -1.62566825e-01  1.83938792e-02 -1.13677648e+01
  3.46405559e+02] 11.368942078742386
[-3.37635103e+00  4.43891803e-02  1.61103354e-02 -1.12139421e+01
  3.49923631e+02] 11.214041527896544
[-3.39428624e+00  1.00762533e-01 -6.28148021e-02 -1.14366917e+01
  3.47734906e+02] 11.437308080168114
[-3.32449611e+00 -2.19005715e-01  5.23223788e-02 -1.10557460e+01
  3.46657293e+02] 11.058038770689596
[-3.34807749e+00  6.03414590e-02  2.31740315e-01 -1.11799286e+01
  3.48376275e+02] 11.182492966598508
[-3.35830859e+00  2.53184620e-01  1.04392577e-02 -1.10651198e+01
  3.45984166e+02] 11.068020973944588
[-3.37556372e+00  1.33335810e-01  5.83928200e-02 -1.13584586e+01
  3.48553946e+02] 11.359391225814303
[-3.43478014e+00 -5.44755128e-02 -8.93838938e-02 -1.14921319e+01
  3.49452633e+02] 11.492608585645568
[-3.37332170e+00 -8.25194774e-02  2.41976089e-02 -1.11455371e+01
  3.46267234e+02] 11.145868885991153
[-3.36357235e+00  1.36714675e-01 -1.55639534e-01 -1.13963397e+01
  3.50395464e+02] 11.398222401407306
[-3.43273906e+00 -3.23328418e-02 -1.82302238e-01 -1.12155904e+01
  3.46957147e+02] 11.217118474464765
[-3.30660317e+00  2.21642113e-01  1.28889022e-01 -1.08349187e+01
  3.45479931e+02] 10.837951825463527
[-3.34999546e+00  3.43768557e-01  4.68687361e-02 -1.09991467e+01
  3.43076100e+02] 11.00461724285233
[-3.46216706e+00 -2.24778002e-01 -3.36448394e-01 -1.15353429e+01
  3.46361947e+02] 11.542437295603964
[-3.36346337e+00  1.76783354e-01 -2.88291342e-01 -1.12633042e+01
  3.46616689e+02] 11.26837988032512
[-3.40090210e+00 -1.10029103e-01  2.37446866e-01 -1.12075829e+01
  3.47056554e+02] 11.210637850246556
[-3.37484244e+00  6.20399371e-02 -2.23553982e-01 -1.11644665e+01
  3.47483717e+02] 11.166876770249836
[-3.35567784e+00 -2.05079445e-01 -1.87898014e-02 -1.11584459e+01
  3.47425366e+02] 11.160346165979888
[-3.33671062e+00  1.38455945e-01 -9.73136004e-02 -1.12007567e+01
  3.48582942e+02] 11.202035090361095
[-3.34486708e+00  2.46746919e-01  8.60831383e-02 -1.12112131e+01
  3.46776844e+02] 11.21425851666207
[-3.30461035e+00 -1.36090705e-01  1.63898987e-01 -1.10776130e+01
  3.47560032e+02] 11.079661217095872
[-3.34629698e+00  2.27223616e-01  6.89203615e-02 -1.12570462e+01
  3.48798405e+02] 11.25955013206656
[-3.40872577e+00  4.42638411e-02  1.75960788e-01 -1.09934613e+01
  3.45587242e+02] 10.994958550080694
[-3.33656263e+00  6.50961566e-02  2.58180349e-02 -1.11746833e+01
  3.46897286e+02] 11.17490270307094
[-3.44182811e+00  1.62988178e-01  2.09002321e-01 -1.12846970e+01
  3.46280798e+02] 11.287809095575279
[-3.33229161e+00 -2.65895955e-01 -4.92646851e-02 -1.12880474e+01
  3.48207467e+02] 11.291286106853548
[-3.35408198e+00  1.56300083e-01  1.70771699e-01 -1.13402310e+01
  3.47430563e+02] 11.342593658287
[-3.34767126e+00  2.62003830e-02 -3.12174660e-02 -1.13797490e+01
  3.48492570e+02] 11.37982201837433
[-3.37185409e+00  2.37641457e-01  2.65822949e-01 -1.13794157e+01
  3.48597838e+02] 11.385000532674157
[-3.35862428e+00 -3.67508808e-02 -1.53042987e-01 -1.10194090e+01
  3.45346530e+02] 11.020532986858262
[-3.32143214e+00  1.02285297e-01  5.10402241e-01 -1.11523647e+01
  3.47455596e+02] 11.164506793647735
[-3.35283076e+00  1.42804126e-01  1.71247972e-01 -1.09905362e+01
  3.43136229e+02] 10.992797825928198
[-3.33988560e+00 -1.22446195e-01  1.55203861e-01 -1.14198769e+01
  3.50509788e+02] 11.421587894843778
[-3.37841364e+00  8.64260217e-02  2.05245706e-02 -1.12164338e+01
  3.46237557e+02] 11.216785506046227
[-3.33810294e+00  2.27730637e-01  1.01876455e-01 -1.11177922e+01
  3.46201546e+02] 11.120590964090974
[-3.38608546e+00 -2.83590096e-02  8.78344814e-02 -1.12702413e+01
  3.46074393e+02] 11.270619203401994
[-3.41070163e+00  6.56288577e-02 -7.31556346e-02 -1.13467463e+01
  3.45181966e+02] 11.347171924964547
[-3.30266988e+00 -1.46401276e-01 -8.22084811e-02 -1.11980472e+01
  3.46746925e+02] 11.19930587363485
[-3.34283590e+00  1.05830742e-01  7.67087414e-02 -1.09821028e+01
  3.44553832e+02] 10.982880619758602
[-3.39599200e+00  1.28959320e-01  2.88850368e-02 -1.11952227e+01
  3.46052558e+02] 11.19600272536594
[-3.40421916e+00  4.90441908e-02 -1.03620725e-01 -1.10676938e+01
  3.44534025e+02] 11.068287520100746
[-3.36957527e+00  4.79793454e-02 -1.14081715e-01 -1.08845019e+01
  3.46945783e+02] 10.885205466998132
[-3.32772552e+00  2.54618777e-01  4.15163073e-01 -1.11913313e+01
  3.48681571e+02] 11.201923382551145
[-3.27097763e+00  9.67735425e-02 -1.51159624e-01 -1.10233816e+01
  3.46626295e+02] 11.024842708904991
[-3.33124783e+00 -2.75836214e-02  1.85999168e-02 -1.13264199e+01
  3.47115875e+02] 11.326468777529453
[-3.36652747e+00  9.71787400e-02  6.92141265e-03 -1.11556394e+01
  3.47373145e+02] 11.15606483013513
[-3.33308253e+00 -2.36828950e-01 -1.48595505e-01 -1.10224297e+01
  3.44988063e+02] 11.025974977030046
[-3.35494566e+00 -5.48885416e-02 -6.37512385e-02 -1.12011602e+01
  3.47813833e+02] 11.201476132553108
[-3.36041813e+00 -6.68296237e-02 -1.99236215e-01 -1.12241897e+01
  3.47593149e+02] 11.226156755021188
[-3.43528208e+00 -1.55460265e-01 -2.07909104e-01 -1.08318236e+01
  3.42293114e+02] 10.8349341220077
[-3.33127690e+00  2.16295535e-01 -2.36979812e-01 -1.12221101e+01
  3.49549965e+02] 11.226695823773557
[-3.37102253e+00 -1.37279768e-02 -1.06947042e-01 -1.13215891e+01
  3.46706623e+02] 11.322102502201178
[-3.37657673e+00 -2.00475288e-01 -7.76270055e-02 -1.12149595e+01
  3.47018959e+02] 11.217019810946658
[-3.36900459e+00 -4.34777195e-01  2.71914949e-01 -1.11255841e+01
  3.47631057e+02] 11.137396010745919
[-3.33425201e+00  2.98595632e-01  2.42333614e-01 -1.11861996e+01
  3.47201500e+02] 11.192807807642408
[-3.30669595e+00  5.14149002e-03  2.21967486e-01 -1.11307960e+01
  3.47588672e+02] 11.13301017102912
[-3.33557264e+00 -1.05036794e-01  4.49473364e-02 -1.09841688e+01
  3.45625950e+02] 10.984762988944034
[-3.34570779e+00  1.70108000e-01 -1.04831368e-02 -1.11232290e+01
  3.47980193e+02] 11.12453462754357
[-3.34528712e+00 -3.15778269e-01  7.51496240e-02 -1.10114631e+01
  3.45959073e+02] 11.01624627519751
[-3.39232427e+00 -5.67499100e-02 -4.05780195e-02 -1.11181554e+01
  3.45420835e+02] 11.118374236230073
[-3.38553233e+00  3.02906924e-02  2.73158217e-01 -1.13116236e+01
  3.47284981e+02] 11.314961876831442
[-3.43991719e+00  2.26364257e-01 -1.26174814e-01 -1.12861861e+01
  3.44628119e+02] 11.289161033825795
[-3.37276477e+00 -1.86988009e-01  1.32301237e-01 -1.13179322e+01
  3.47645649e+02] 11.320249855538124
[-3.34893339e+00 -2.23584778e-01  4.57953583e-02 -1.08855776e+01
  3.44008969e+02] 10.887969800134348
[-3.37694179e+00  5.76313756e-02 -1.97108761e-01 -1.12202955e+01
  3.47875908e+02] 11.222174638758684
[-3.32338870e+00  4.63573477e-02  2.60849416e-01 -1.12880512e+01
  3.48658385e+02] 11.291159891868292
[-3.48293884e+00  4.10637473e-01  1.49935910e-01 -1.12253231e+01
  3.45777094e+02] 11.233832022962694
[-3.35163975e+00  8.41312749e-02 -1.55381805e-01 -1.12816828e+01
  3.48820680e+02] 11.283066474914234
[-3.36400157e+00 -2.26828892e-01  3.01269419e-01 -1.14992752e+01
  3.51723601e+02] 11.505457134418453
[-3.36490158e+00  1.40180684e-01  1.59053829e-01 -1.13379454e+01
  3.48604577e+02] 11.339927417694302
[-3.37197674e+00 -2.33805699e-02  3.36321934e-01 -1.11740432e+01
  3.45870124e+02] 11.179127926645128
[-3.42231974e+00  1.23805223e-01  2.25161860e-01 -1.12070387e+01
  3.47395958e+02] 11.209984025511835
[-3.35326986e+00  2.36668346e-01 -3.59560700e-02 -1.11499277e+01
  3.46538602e+02] 11.152497189196827
[-3.43446403e+00  3.11557050e-01 -7.62768660e-02 -1.12364979e+01
  3.47087966e+02] 11.241075168452475
[-3.37261994e+00  9.29755431e-03 -5.09261374e-02 -1.10313636e+01
  3.44976145e+02] 11.031485019393891
[-3.35228657e+00 -2.07880844e-01  6.86358374e-03 -1.10857258e+01
  3.47539484e+02] 11.087676830283893
[-3.42244746e+00 -1.15230182e-01  7.96688437e-03 -1.12112942e+01
  3.47938237e+02] 11.211889142868197
[-3.36849479e+00  5.48675113e-03  1.08814164e-01 -1.11825902e+01
  3.47395201e+02] 11.183120901604482
[-3.32931619e+00 -3.59748345e-01 -8.20853031e-02 -1.11433158e+01
  3.48617366e+02] 11.149423479061603
[-3.32238669e+00  1.16283800e-01 -1.71232966e-01 -1.12260222e+01
  3.49736783e+02] 11.227930218316915
[-3.36031535e+00 -2.40359663e-01 -2.42372256e-01 -1.13219768e+01
  3.48117822e+02] 11.327121267599392
[-3.38631229e+00 -5.59873952e-02  1.65740771e-01 -1.10073224e+01
  3.45548737e+02] 11.008712478917026
[-3.40531252e+00  1.35490502e-01  1.08214113e-01 -1.11899972e+01
  3.47633046e+02] 11.191340662594579
[-3.37247946e+00  1.68255891e-01  1.36569338e-01 -1.11841780e+01
  3.47908185e+02] 11.186277254902004
[-3.41019722e+00 -5.05299700e-02 -1.57213030e-01 -1.12038480e+01
  3.48092038e+02] 11.205064934815079
[-3.35796415e+00 -1.34885286e-01 -7.03763923e-02 -1.13702016e+01
  3.49301226e+02] 11.371219404950239
[-3.31033260e+00 -2.43423442e-01 -1.31721312e-01 -1.11801009e+01
  3.49312988e+02] 11.183526331021193
[-3.28214789e+00  1.18718705e-01 -1.80414929e-01 -1.10574654e+01
  3.48814989e+02] 11.059574319951771
[-3.33187064e+00 -1.12999050e-02  6.24007854e-02 -1.10845502e+01
  3.46724266e+02] 11.084731559973926
[-3.46925543e+00  2.35569340e-01  9.18012322e-03 -1.10418302e+01
  3.44849186e+02] 11.044346545107063
[-3.35764766e+00  6.93838033e-02  1.06105733e-01 -1.09549638e+01
  3.44982845e+02] 10.9556973818414
[-3.32587755e+00 -2.42205960e-01  1.57521054e-03 -1.11741672e+01
  3.46297245e+02] 11.176792007570862
[-3.46872970e+00  1.79634402e-01  2.00170826e-01 -1.13778824e+01
  3.48294577e+02] 11.381060749847423
[-3.30003225e+00  3.29739432e-02  4.48770297e-02 -1.10168285e+01
  3.48368099e+02] 11.016969257310867
[-3.38428282e+00  5.75585195e-02  2.02319964e-01 -1.10052803e+01
  3.43836087e+02] 11.007290320150277
[-3.36346823e+00 -1.38106707e-01  5.94698231e-02 -1.13703762e+01
  3.47740751e+02] 11.371370460940863
[-3.38773935e+00  1.06606239e-01 -6.62098505e-03 -1.11873587e+01
  3.44907255e+02] 11.18786859590508
[-3.44758838e+00 -7.64747418e-02  1.07142419e-01 -1.12557891e+01
  3.47687066e+02] 11.256558812333182
[-3.31350321e+00 -3.59694972e-02  1.30383628e-02 -1.10799498e+01
  3.46622363e+02] 11.080015837538832
[-3.39308261e+00  6.54687936e-02 -3.37725942e-01 -1.13358009e+01
  3.48593118e+02] 11.34101968251367
[-3.35745634e+00 -2.14317223e-01 -2.50671417e-01 -1.13592363e+01
  3.48253227e+02] 11.364022988043937
[-3.40182346e+00  2.23953470e-02 -3.42641674e-02 -1.09811759e+01
  3.45150930e+02] 10.981252231733926
[-3.35728801e+00  1.50023186e-01 -5.31673700e-02 -1.11556910e+01
  3.46469716e+02] 11.156826417433791
[-3.29022982e+00 -1.70951777e-01 -1.64023094e-01 -1.14082190e+01
  3.51363897e+02] 11.410678716122147
[-3.36186412e+00  1.33517182e-01  2.19867036e-01 -1.12432108e+01
  3.49634962e+02] 11.246152979059465
[-3.37954156e+00  6.56348858e-03 -4.46145618e-02 -1.11532015e+01
  3.46725800e+02] 11.153292675317196
[-3.37802985e+00 -6.45344590e-02  2.74121637e-01 -1.12857935e+01
  3.49129098e+02] 11.289306584820801
[-3.27721098e+00  1.50793736e-01  7.04938847e-02 -1.13466531e+01
  3.49544978e+02] 11.347874031158982
[-3.44275439e+00 -1.57353892e-01  3.79983320e-02 -1.11041109e+01
  3.46073246e+02] 11.105290733337817
[-3.40977031e+00  9.61873310e-02 -2.16350400e-01 -1.11154114e+01
  3.46380554e+02] 11.11793283950442
[-3.44821830e+00 -9.57195327e-02 -8.10072126e-03 -1.14598059e+01
  3.48079573e+02] 11.460208539026334
[-3.32856701e+00  2.20430055e-01  2.30168860e-01 -1.11345722e+01
  3.46620976e+02] 11.139132144616394
[-3.39929365e+00 -2.16458175e-01  2.48312959e-01 -1.11832861e+01
  3.45745860e+02] 11.188136674326351
[-3.25378314e+00  1.98820993e-01  3.35380536e-01 -1.11783936e+01
  3.47692713e+02] 11.185190776412005
[-3.34280159e+00  1.86563244e-01  2.36581476e-01 -1.09783808e+01
  3.46965237e+02] 10.98251437374326
[-3.30588577e+00  2.73051701e-02  8.53129262e-02 -1.11216495e+01
  3.46941842e+02] 11.122010231255745
[-3.38681439e+00  1.95818220e-01  2.27015150e-01 -1.11442715e+01
  3.45700058e+02] 11.148303393581598
[-3.44602691e+00  1.75432755e-01  1.42811216e-01 -1.12323687e+01
  3.46388841e+02] 11.234646292944618
[-3.35619609e+00 -2.60297301e-01 -1.54913863e-01 -1.12143939e+01
  3.46488056e+02] 11.218483979051241
[-3.32359238e+00  4.64816867e-02 -1.28975976e-01 -1.13180090e+01
  3.47928009e+02] 11.318839274645816
[-3.30375358e+00 -2.49459703e-01 -1.25567252e-01 -1.11621057e+01
  3.47689677e+02] 11.16559902106804
[-3.32100359e+00 -9.97964004e-02  6.82076533e-03 -1.12576427e+01
  3.47606996e+02] 11.258087079942491
[-3.37722708e+00  1.17297585e-01 -1.01881567e-01 -1.10675481e+01
  3.46185254e+02] 11.068638561844127
[-3.39975377e+00  1.42581222e-01  1.67972101e-02 -1.12473871e+01
  3.47684406e+02] 11.248303327538343
[-3.35417740e+00  1.16385184e-01 -1.18922079e-01 -1.11893711e+01
  3.46776744e+02] 11.190608278653341
[-3.32273071e+00  1.72948129e-01  7.26577017e-02 -1.13791387e+01
  3.50493233e+02] 11.38068489373397
[-3.37475469e+00 -1.76745543e-02  8.18710701e-02 -1.12957989e+01
  3.48292638e+02] 11.296109380075936
[-3.33486568e+00 -2.82059707e-02  1.73260875e-02 -1.11765344e+01
  3.46267991e+02] 11.176583446588834
[-3.44445629e+00  1.43793038e-01  3.35479621e-01 -1.13463587e+01
  3.46830671e+02] 11.352227934564304
[-3.38897686e+00  1.41461117e-01  1.59620461e-01 -1.14141016e+01
  3.48873039e+02] 11.416094158130715
[-3.36054967e+00  9.97760442e-02 -1.53923711e-01 -1.09422150e+01
  3.45012645e+02] 10.943752403031123
[-3.46206643e+00 -2.51362076e-01  2.18516265e-01 -1.11408556e+01
  3.44450617e+02] 11.14583313722265
[-3.34917528e+00 -3.48611155e-01 -2.13800032e-02 -1.13190136e+01
  3.48301829e+02] 11.324400887197159
[-3.28632281e+00  1.51970015e-02 -2.00370895e-01 -1.13549604e+01
  3.50222104e+02] 11.356738342887663
[-3.32798136e+00  2.19937299e-01 -4.02194309e-01 -1.13701615e+01
  3.48859394e+02] 11.379398246523854
[-3.27908065e+00 -9.27480249e-02 -4.12496777e-01 -1.11284775e+01
  3.48689556e+02] 11.136506067346408
[-3.31644289e+00 -1.94651324e-01 -1.44198337e-01 -1.08703703e+01
  3.44046321e+02] 10.873069123102344
[-3.34153607e+00  7.14961550e-02 -1.28450544e-01 -1.08120522e+01
  3.44465408e+02] 10.813051516974785
[-3.32269463e+00  8.94006305e-02 -2.10691992e-01 -1.14022759e+01
  3.50411221e+02] 11.40457275078753
[-3.32774611e+00  1.31824198e-01 -2.68653304e-02 -1.13510882e+01
  3.49778249e+02] 11.351885403409216
[-3.42319557e+00  7.88788525e-02  7.02321718e-02 -1.12492486e+01
  3.46368849e+02] 11.249744382999777
[-3.34721845e+00  6.85076864e-02  2.42961275e-01 -1.11678671e+01
  3.46525985e+02] 11.170719734485049
[-3.40197383e+00 -2.86312571e-01  9.12174684e-03 -1.12221348e+01
  3.46875066e+02] 11.225790335522747
[-3.24488231e+00 -1.05953616e-01  5.99807205e-02 -1.12224345e+01
  3.49031107e+02] 11.223094958555224
[-3.37973062e+00 -1.46320541e-01  1.75441189e-01 -1.14410423e+01
  3.50759492e+02] 11.443322834414037
[-3.29550009e+00  1.78855304e-01  8.22255932e-03 -1.09528763e+01
  3.44913997e+02] 10.954339630390681
[-3.28082140e+00 -6.17825978e-02  1.55248031e-01 -1.11358523e+01
  3.47281241e+02] 11.13710582849639
[-3.34329425e+00 -5.14058870e-02 -2.95883458e-01 -1.11883644e+01
  3.47581417e+02] 11.192394228114289
[-3.32260013e+00 -2.35737596e-01  1.94640102e-02 -1.14498258e+01
  3.51653268e+02] 11.452268895426242
[-3.37917596e+00 -6.96604339e-02  2.21373659e-01 -1.12245776e+01
  3.46269196e+02] 11.226976534248813
[-3.26070085e+00 -6.92522779e-02  2.43367426e-02 -1.11876129e+01
  3.48225300e+02] 11.187853742806155
[-3.31425557e+00 -9.49884993e-02 -3.11567801e-01 -1.12331846e+01
  3.48544729e+02] 11.237906054244151
[-3.39453497e+00  7.60146456e-02 -2.77433896e-01 -1.12517963e+01
  3.47312847e+02] 11.255472823798437
[-3.28583646e+00  6.17090237e-02 -1.13944560e-01 -1.14434275e+01
  3.48359014e+02] 11.444161099758439
[-3.39476677e+00 -7.21134958e-02 -1.12235963e-02 -1.12853349e+01
  3.48621828e+02] 11.285570849903955
[-3.30291592e+00 -6.35271127e-02  4.82268805e-02 -1.10315663e+01
  3.44189351e+02] 11.031854649146874
[-3.35909505e+00 -7.73138627e-02  9.37304077e-02 -1.12841566e+01
  3.47752309e+02] 11.284810682640176
[-3.31180124e+00  2.27127513e-01  5.51430093e-02 -1.11277369e+01
  3.47667911e+02] 11.130191246811169
[-3.40903999e+00 -1.60202266e-01 -7.83659248e-03 -1.13230848e+01
  3.47898902e+02] 11.32422071777143
[-3.36562273e+00 -5.56870872e-02  1.05576434e-01 -1.12204061e+01
  3.48026802e+02] 11.221040995117567
[-3.40630189e+00  4.83641360e-01  1.36921066e-01 -1.11392290e+01
  3.45140878e+02] 11.150564089340028
[-3.40679735e+00  3.75811984e-02  2.10339941e-02 -1.15057581e+01
  3.51737785e+02] 11.505838662789168
[-3.48595399e+00  1.11392109e-01  2.21817664e-01 -1.14754046e+01
  3.48076640e+02] 11.47808879601927
[-3.35559808e+00 -7.74054319e-02 -1.59839927e-01 -1.11580238e+01
  3.47938434e+02] 11.159437014894008
[-3.41914563e+00  4.96380143e-02 -1.91855160e-02 -1.15444486e+01
  3.47904910e+02] 11.544571234658854
[-3.37181173e+00  7.97000336e-02  1.49379631e-01 -1.14603731e+01
  3.49261179e+02] 11.461623753001025
[-3.37294895e+00 -7.41582585e-02  4.16993844e-02 -1.08784372e+01
  3.43543980e+02] 10.878769910375752
[-3.37942404e+00  1.63617404e-01 -1.56822118e-01 -1.13326750e+01
  3.46417371e+02] 11.334940954745358
[-3.48068115e+00 -2.94918820e-01 -2.76669603e-02 -1.10531311e+01
  3.44818984e+02] 11.057099479418241
[-3.29279317e+00 -2.07805787e-01  9.67926830e-02 -1.11566450e+01
  3.46262500e+02] 11.158999905642851
[-3.26278120e+00  5.76161327e-02 -1.66537014e-01 -1.12856850e+01
  3.49845506e+02] 11.287060734189856
[-3.45749629e+00  1.72030303e-02  6.17465656e-02 -1.15883937e+01
  3.50925614e+02] 11.5885709809771
[-3.36742797e+00  7.03961648e-02  1.21286866e-01 -1.13742500e+01
  3.48410384e+02] 11.375114432237828
[-3.33907339e+00  2.20259038e-02  1.83238755e-02 -1.11592470e+01
  3.48065196e+02] 11.159283830356795
[-3.25517983e+00  1.78760703e-01 -7.53243895e-02 -1.09935459e+01
  3.45801224e+02] 10.99525719634293
[-3.32721958e+00  9.61750177e-02  2.59365819e-01 -1.10419573e+01
  3.45437334e+02] 11.045421738974202
[-3.29285352e+00 -2.73802437e-01  2.13340188e-02 -1.10114128e+01
  3.46162337e+02] 11.01483702782292
[-3.36170076e+00  4.64234808e-02 -3.03886268e-02 -1.14735608e+01
  3.51474716e+02] 11.473694999790368
[-3.39013308e+00 -1.35950276e-01 -3.45890227e-02 -1.13260919e+01
  3.50958007e+02] 11.326960656441646
[-3.33745545e+00 -1.84387618e-01 -2.74136763e-01 -1.10556921e+01
  3.46720303e+02] 11.060627394930165
[-3.36942831e+00 -8.68124631e-03  1.08191226e-01 -1.12994420e+01
  3.48735920e+02] 11.299963325308186
[-3.42673035e+00  8.95029059e-02 -6.35913072e-02 -1.14075933e+01
  3.46586625e+02] 11.408121666033113
[-3.38101999e+00  1.15429292e-01 -1.63153096e-01 -1.12508421e+01
  3.49590312e+02] 11.252617080579748
[-3.40180583e+00  2.08095265e-01  1.03658975e-01 -1.11402418e+01
  3.45727166e+02] 11.142667384287922
[-3.34710772e+00  2.11697559e-01  6.85647639e-02 -1.10906306e+01
  3.46212900e+02] 11.092862792979114
[-3.34611464e+00  1.94563316e-01 -1.51564278e-01 -1.09744049e+01
  3.43976818e+02] 10.977175814017093
[-3.39878521e+00  1.62873961e-01  1.75955640e-01 -1.12321930e+01
  3.46568093e+02] 11.234751801561872
[-3.35590277e+00 -2.06520765e-01 -1.16153340e-01 -1.11093930e+01
  3.46975834e+02] 11.111919512983569
[-3.28552505e+00 -5.93738824e-02 -1.21388109e-01 -1.10339185e+01
  3.47335631e+02] 11.034745921780067
[-3.40346239e+00  1.86924863e-01  2.67420980e-01 -1.09987388e+01
  3.45191387e+02] 11.003577139259303
[-3.38744021e+00  4.71317349e-02 -2.19963830e-01 -1.13659147e+01
  3.50805163e+02] 11.368140698646183
[-3.29901211e+00 -1.37613954e-01  5.69775514e-02 -1.10014603e+01
  3.46721588e+02] 11.002468457288703
[-3.38684601e+00 -2.77673196e-01  1.25453523e-01 -1.14084510e+01
  3.48562744e+02] 11.412519214773768
[-3.42923130e+00 -2.76407703e-01 -4.24070036e-02 -1.11372372e+01
  3.47016831e+02] 11.140747403000224
[-3.36190833e+00  1.24509497e-01 -3.58793083e-01 -1.10592271e+01
  3.46392733e+02] 11.065746220510231
[-3.31870555e+00 -1.19466220e-01  3.27329625e-02 -1.15428669e+01
  3.50517211e+02] 11.543531501310634
[-3.41763713e+00  1.77089078e-01 -1.21894982e-01 -1.12792389e+01
  3.46556208e+02] 11.28128760120273
[-3.39113409e+00 -1.97092228e-01  1.17857453e-01 -1.12331354e+01
  3.46504819e+02] 11.23548253122392
[-3.29931630e+00 -1.96208465e-01 -2.52964381e-02 -1.14644418e+01
  3.50770000e+02] 11.466148570079675
[-3.38508738e+00 -3.97579301e-01  7.53355224e-02 -1.11961502e+01
  3.46409835e+02] 11.20346037949726
[-3.33874743e+00 -2.20565023e-01 -1.26982799e-01 -1.09493872e+01
  3.45251703e+02] 10.952344623324644
[-3.32668639e+00 -3.41645437e-02 -8.29656548e-02 -1.10627538e+01
  3.46241452e+02] 11.063117663986938
[-3.38084407e+00  1.19954118e-01 -1.53096732e-01 -1.13005836e+01
  3.48261217e+02] 11.30225713392268
[-3.44649080e+00 -1.96078463e-01 -9.84608676e-02 -1.12110531e+01
  3.45969753e+02] 11.213199893854885
[-3.24495983e+00  4.21762228e-02  8.40474115e-02 -1.13151716e+01
  3.50466690e+02] 11.315562382994143
[-3.42056017e+00 -3.22161254e-01  2.83169065e-01 -1.12317506e+01
  3.47367851e+02] 11.23993741912402
[-3.41080072e+00  1.08421677e-01 -7.52531354e-02 -1.12939174e+01
  3.49465285e+02] 11.294688516106646
[-3.36321786e+00 -1.51156108e-02 -1.95315213e-01 -1.11082065e+01
  3.46745970e+02] 11.109933774066805
[-3.36257078e+00 -2.44391115e-01  2.48173748e-02 -1.13560543e+01
  3.50123803e+02] 11.358710822229448
[-3.33577580e+00 -8.46482153e-02  2.20324215e-01 -1.12116845e+01
  3.47306073e+02] 11.21416860151629
[-3.40450421e+00 -1.94374990e-01  1.93604459e-01 -1.13645614e+01
  3.51374579e+02] 11.36787227190658
[-3.33641197e+00  1.44704095e-01  1.10824354e-01 -1.11964629e+01
  3.48507871e+02] 11.197946410557192
[-3.38044416e+00  1.48442049e-01 -4.05529654e-01 -1.12096279e+01
  3.47120359e+02] 11.217943040980096
[-3.42035353e+00  8.05264390e-02  3.00000721e-01 -1.11782583e+01
  3.45591183e+02] 11.182573254341865
[-3.35083111e+00 -2.91800684e-02  1.02856956e-02 -1.14488117e+01
  3.50869715e+02] 11.448853549233014
[-3.28941036e+00 -1.25701722e-01 -1.55376376e-01 -1.12306395e+01
  3.46312523e+02] 11.232417646948413
[-3.42318016e+00  2.04406750e-01  1.18829091e-01 -1.12742098e+01
  3.49936987e+02] 11.276688761471764
[-3.40839307e+00 -1.00162505e-01  1.48881861e-01 -1.14737731e+01
  3.47340270e+02] 11.475176099909648
[-3.27273405e+00  2.04094759e-01 -3.32678324e-01 -1.09233832e+01
  3.43192220e+02] 10.93035364503482
[-3.30215552e+00  2.16348465e-01  3.37938301e-01 -1.13545120e+01
  3.49163678e+02] 11.361599878269782
[-3.40968092e+00 -9.59530884e-02 -1.17455445e-01 -1.08982158e+01
  3.44041106e+02] 10.899271060687196
[-3.41820400e+00  2.18627330e-01  3.09403268e-01 -1.12554525e+01
  3.49000962e+02] 11.26182668179134
[-3.40030422e+00  4.66303525e-01 -2.35781410e-02 -1.10847122e+01
  3.46709525e+02] 11.094540981800398
[-3.38193597e+00  1.82592268e-01 -1.24109753e-02 -1.09736070e+01
  3.48082976e+02] 10.97513305151697
[-3.36590229e+00  3.73584831e-02 -2.42115859e-01 -1.12738569e+01
  3.46347425e+02] 11.276518279272574
[-3.35346648e+00 -6.21188422e-02  1.82459740e-01 -1.12047597e+01
  3.45368140e+02] 11.206417395627243
[-3.39821678e+00 -1.60869184e-04  1.94817040e-01 -1.12519361e+01
  3.50282019e+02] 11.253622493402636
[-3.34662676e+00 -1.08411608e-01 -4.66038104e-01 -1.11520224e+01
  3.47805337e+02] 11.162282425061521
[-3.40057552e+00 -1.63737712e-02  6.49265964e-02 -1.11522777e+01
  3.47584374e+02] 11.152478685322613
[-3.37822865e+00 -1.41047988e-01 -3.04840273e-02 -1.13175523e+01
  3.46872656e+02] 11.318472209548347
[-3.38992333e+00  1.25571109e-01 -1.83992414e-01 -1.11627590e+01
  3.45354794e+02] 11.164981383145276
[-3.31969625e+00 -4.48171654e-02 -2.60355490e-01 -1.10383836e+01
  3.47997709e+02] 11.041544570031375
[-3.36907151e+00  1.17455655e-01 -1.97770947e-01 -1.13698414e+01
  3.48488680e+02] 11.372167886087457
[-3.39813648e+00 -1.54968183e-01  1.94896570e-01 -1.09547443e+01
  3.43721722e+02] 10.957573769327317
[-3.32133300e+00 -2.24759014e-02  3.29377811e-01 -1.13070208e+01
  3.48877035e+02] 11.311839538674825
[-3.41962832e+00  2.26303558e-01  1.20562382e-01 -1.14414250e+01
  3.50143228e+02] 11.444297938522883
[-3.42368870e+00  2.32447533e-01  2.87750828e-02 -1.13903305e+01
  3.45568510e+02] 11.392738426737687
[-3.33981586e+00  3.81955892e-01  1.25162238e-01 -1.12377618e+01
  3.47837061e+02] 11.244947593937674
[-3.31161018e+00 -2.41429403e-02  6.89828811e-02 -1.09796704e+01
  3.42403342e+02] 10.979913626544766
[-3.46306325e+00  6.91160523e-02 -6.32262886e-02 -1.11022876e+01
  3.47708173e+02] 11.102682805876098
[-3.29989235e+00 -6.69223742e-02 -1.88226998e-01 -1.09887948e+01
  3.45655952e+02] 10.990610454869394
[-3.39409632e+00  8.86622027e-04  1.11603945e-01 -1.14341094e+01
  3.50121217e+02] 11.434654117291574
[-3.33732791e+00 -1.22650924e-01  1.73521856e-01 -1.10319536e+01
  3.47231425e+02] 11.03399990074182
[-3.32683371e+00 -1.98804830e-01 -1.51475906e-01 -1.13116804e+01
  3.47861612e+02] 11.31444132297829
[-3.30917854e+00 -1.09361660e-01 -1.20634358e-01 -1.09945955e+01
  3.44252884e+02] 10.995801171981917
[-3.42691087e+00 -4.57304748e-02  3.60407278e-02 -1.09707953e+01
  3.44938406e+02] 10.970949845003494
[-3.35907794e+00 -1.58807754e-01  1.65594882e-01 -1.12823026e+01
  3.47025597e+02] 11.284635294056883
[-3.36070722e+00 -3.48301730e-01 -1.76593082e-03 -1.10437162e+01
  3.46450414e+02] 11.049207424110884
[-3.31763357e+00  6.05197323e-02 -1.07861073e-01 -1.09629200e+01
  3.46437984e+02] 10.963617607941373
[-3.32388536e+00  1.06322336e-02  1.22646898e-01 -1.08993981e+01
  3.45632248e+02] 10.900093308448586
[-3.37373560e+00 -3.16370194e-01 -6.92067868e-02 -1.09893426e+01
  3.45876477e+02] 10.994113424257389
[-3.34596182e+00 -1.43630176e-01  9.54345533e-02 -1.10501392e+01
  3.47317032e+02] 11.051484697058614
[-3.39594206e+00 -1.14888956e-01 -1.66014098e-01 -1.13533552e+01
  3.48724395e+02] 11.355150123302055
[-3.29403012e+00  7.28867843e-02 -2.20568160e-03 -1.10794762e+01
  3.47789280e+02] 11.079716170700035
[-3.35766502e+00  8.12064025e-02  8.94356824e-02 -1.09813356e+01
  3.45805329e+02] 10.98200006169272
[-3.34402037e+00  1.16063648e-01 -1.33249297e-01 -1.09724059e+01
  3.44770534e+02] 10.973828791256302
[-3.38300961e+00  1.38931411e-02  1.65895359e-01 -1.09098296e+01
  3.45897741e+02] 10.911099674844408
[-3.38760756e+00  2.44511021e-01  1.29877036e-01 -1.13145193e+01
  3.48539963e+02] 11.3179061983775
[-3.36118119e+00 -2.27470394e-01 -2.15770788e-01 -1.14114322e+01
  3.49541576e+02] 11.415738436648516
[-3.25286381e+00 -7.82044014e-02 -1.52123927e-01 -1.10785310e+01
  3.48401769e+02] 11.079851414459824
[-3.37232495e+00 -3.39973516e-01 -5.88356537e-02 -1.09432044e+01
  3.43183698e+02] 10.948642191982747
[-3.39424531e+00 -5.93745891e-02 -8.96273655e-02 -1.10109655e+01
  3.47222673e+02] 11.011490302693442
[-3.36507695e+00 -5.78740453e-02  1.70361628e-01 -1.12119651e+01
  3.46871740e+02] 11.213408641459615
[-3.31362445e+00  2.11769924e-01 -2.35478935e-01 -1.12738683e+01
  3.49982678e+02] 11.278315625559083
[-3.37128320e+00  8.48274881e-02  1.50311761e-01 -1.11161382e+01
  3.48302628e+02] 11.117477998198071
[-3.26387289e+00  1.54697510e-01 -7.15642820e-02 -1.07619162e+01
  3.43909558e+02] 10.763265895836321
[-3.30787526e+00 -2.73499809e-01 -2.42331681e-01 -1.10943594e+01
  3.46922637e+02] 11.10037559265285
[-3.38205445e+00  6.32850034e-02 -3.97103347e-01 -1.15961353e+01
  3.48723429e+02] 11.60310519431449
[-3.27546636e+00  1.30620755e-01  7.95902084e-02 -1.12042768e+01
  3.46826702e+02] 11.205320880340782
[-3.35687685e+00 -3.50735327e-01 -6.89764080e-02 -1.12994267e+01
  3.47271488e+02] 11.305079197553438
[-3.37696804e+00  6.86617798e-02  2.73380949e-01 -1.09298276e+01
  3.44728368e+02] 10.933461592840711
[-3.35329011e+00  2.19962790e-01  2.52479110e-02 -1.14557831e+01
  3.48414152e+02] 11.457922493146755
[-3.32143442e+00 -1.32361711e-01  1.37334468e-01 -1.11135206e+01
  3.47942560e+02] 11.115157204766222
[-3.36501321e+00  2.41921335e-01 -2.46623905e-01 -1.12845319e+01
  3.49603949e+02] 11.289818832495913
[-3.32306158e+00  7.59275493e-02  9.64809652e-02 -1.11869473e+01
  3.48010034e+02] 11.187620956150717
[-3.38777010e+00  2.92526834e-02 -3.20694202e-01 -1.09178049e+01
  3.45662063e+02] 10.92255297676355
[-3.39438815e+00 -6.39017770e-02 -1.95729904e-01 -1.12516432e+01
  3.46255030e+02] 11.253526891814852
[-3.29915720e+00 -2.69612834e-02 -1.10152113e-01 -1.08825447e+01
  3.42422852e+02] 10.883135538560536
[-3.29298528e+00  8.32806314e-02  1.04812352e-01 -1.09921451e+01
  3.46405450e+02] 10.992960304924889
[-3.32716661e+00  2.16903476e-01  1.21170747e-01 -1.11668896e+01
  3.48756412e+02] 11.169653229259607
[-3.37216782e+00 -5.14443590e-03 -2.27521484e-01 -1.10227702e+01
  3.44495534e+02] 11.025119246156795
[-3.41974838e+00  1.38719290e-01 -3.71181905e-02 -1.13370825e+01
  3.49271388e+02] 11.337991903421136
[-3.26283877e+00  4.63720628e-02  2.06116668e-01 -1.10992306e+01
  3.46715863e+02] 11.101241107413307
[-3.32887209e+00 -2.57140986e-01  1.11988386e-01 -1.10147190e+01
  3.47385243e+02] 11.018289209776537
[-3.35788963e+00 -9.78492127e-02  1.92530718e-01 -1.11888509e+01
  3.47374188e+02] 11.190934996130556
[-3.36360896e+00  1.94781987e-01 -3.56605157e-02 -1.12688019e+01
  3.49241481e+02] 11.270541597831372
[-3.41841300e+00  1.54250435e-01 -2.07782576e-01 -1.12619789e+01
  3.49514424e+02] 11.264951613539775
[-3.47669845e+00  1.69756461e-01  1.98732163e-01 -1.12598151e+01
  3.46558523e+02] 11.262848073825174
[-3.35337769e+00  7.65099994e-02 -9.72210670e-02 -1.12301549e+01
  3.46611868e+02] 11.230836354943
[-3.38546519e+00  1.64272409e-01 -1.30857641e-01 -1.09690218e+01
  3.43895904e+02] 10.971032244918536
[-3.35720682e+00 -1.83148476e-01  8.48049619e-02 -1.13333767e+01
  3.49213104e+02] 11.33517371216231
[-3.35283576e+00 -2.95891293e-01 -2.08816165e-03 -1.09885275e+01
  3.45780278e+02] 10.99251078788786
[-3.34064141e+00  1.50929024e-01 -1.91170581e-01 -1.10262764e+01
  3.48048759e+02] 11.028966234589035
[-3.40864035e+00 -1.19211280e-01  1.50454689e-01 -1.13703289e+01
  3.47573838e+02] 11.37194911404664
[-3.34436674e+00 -1.21023759e-02  2.06497093e-01 -1.09766104e+01
  3.44806204e+02] 10.97855925507716
[-3.35936760e+00  6.49836355e-02  3.76192190e-01 -1.11274401e+01
  3.45782834e+02] 11.13398697305166
[-3.38618423e+00 -5.28416710e-02  3.73729179e-02 -1.12454243e+01
  3.48666385e+02] 11.245610566691681
[-3.30414594e+00 -1.68778792e-01  9.59893101e-02 -1.11940720e+01
  3.50313029e+02] 11.195755795221956
[-3.32926791e+00  2.35424135e-01 -8.55636224e-02 -1.12214955e+01
  3.50256430e+02] 11.224290968145173
[-3.44394058e+00  4.76076338e-01 -9.50652018e-02 -1.11385008e+01
  3.47551995e+02] 11.149075578500398
[-3.33666897e+00 -3.04035144e-02  3.25364903e-02 -1.13518091e+01
  3.48312635e+02] 11.35189642692049
[-3.39554418e+00 -2.38737067e-01 -9.56034396e-02 -1.13728096e+01
  3.46038125e+02] 11.37571685429911
[-3.36232759e+00 -7.07826739e-02 -2.30309665e-02 -1.10198761e+01
  3.44348417e+02] 11.02012752023586
[-3.35010988e+00  4.37717113e-02  1.16646595e-01 -1.10570509e+01
  3.44834852e+02] 11.057752829409589
[-3.35076131e+00  1.65952535e-01  2.74537864e-01 -1.10873923e+01
  3.45395160e+02] 11.092032255541605
[-3.38083956e+00  9.30611789e-02 -3.55267162e-01 -1.10067866e+01
  3.46780606e+02] 11.012911767700947
[-3.38201270e+00  8.77036404e-02  3.98106012e-02 -1.11607608e+01
  3.47392399e+02] 11.161176343381932
[-3.30647930e+00 -2.62644147e-01 -3.05904217e-01 -1.11470217e+01
  3.48889432e+02] 11.154310968918706
[ -3.43981927   0.41541607  -0.40462169 -11.46523669 350.82284122] 11.479892925228633
[-3.39678701e+00 -4.74654763e-02 -8.31050648e-03 -1.12071283e+01
  3.48765515e+02] 11.207231906344871
[-3.37661576e+00 -2.19827672e-01  1.35375109e-01 -1.10833951e+01
  3.45488042e+02] 11.086401479545247
[-3.35536325e+00 -2.25151147e-01  4.77175278e-02 -1.11537635e+01
  3.45460744e+02] 11.156137733115557
[-3.47135928e+00 -2.21373206e-01 -7.03180326e-02 -1.14721709e+01
  3.47689258e+02] 11.474522081821881
[-3.39716757e+00 -2.31471455e-03 -2.15188566e-01 -1.11834787e+01
  3.47399803e+02] 11.1855490027065
[-3.38757888e+00  3.56450314e-01 -2.41191879e-01 -1.12562905e+01
  3.47206882e+02] 11.264515363374363
[-3.38994018e+00  8.94668676e-02  5.49820300e-02 -1.12710876e+01
  3.48486579e+02] 11.271576800402988
[-3.41151102e+00 -6.93692655e-02  2.10749420e-01 -1.09763943e+01
  3.45496622e+02] 10.978636459229831
[-3.31513818e+00  4.18944154e-01  1.32226985e-01 -1.10192708e+01
  3.46032983e+02] 11.02802464137529
[-3.37284754e+00 -7.61679651e-02  3.84338303e-01 -1.11578628e+01
  3.46881467e+02] 11.164740045369797
[-3.35289035e+00 -2.17437249e-01  4.21519391e-01 -1.10602241e+01
  3.45343761e+02] 11.070389064554771
[-3.39593950e+00 -4.47629737e-02 -1.44533368e-01 -1.13538635e+01
  3.49220005e+02] 11.354871592758888
[-3.32381978e+00 -1.03020584e-01 -8.40741562e-02 -1.11475662e+01
  3.48041227e+02] 11.148359253216714
[-3.40465996e+00  1.62778392e-01 -2.04599213e-01 -1.13134464e+01
  3.49115451e+02] 11.31646708807696
[-3.40034194e+00 -8.63483900e-02  7.31969870e-03 -1.13362672e+01
  3.48954588e+02] 11.336598437095406
[-3.36365626e+00 -1.74893825e-01 -2.81292263e-02 -1.12181428e+01
  3.46673496e+02] 11.21954127479704
[-3.32284500e+00  2.01974431e-01 -6.80986003e-02 -1.09584326e+01
  3.45864782e+02] 10.960505285255177
[-3.30529467e+00  1.95562234e-01 -4.22014772e-02 -1.13068913e+01
  3.48777532e+02] 11.308661173583557
[-3.37347496e+00  2.03977125e-01 -1.01301502e-01 -1.13280227e+01
  3.48341009e+02] 11.330311893132029
[-3.40535969e+00 -1.93552871e-01  2.88223616e-02 -1.10823798e+01
  3.46740198e+02] 11.08410738591508
[-3.34914019e+00  1.34235180e-01 -1.06515488e-01 -1.14491837e+01
  3.49281632e+02] 11.45046599525479
[-3.27325291e+00 -3.18585085e-03 -8.25926081e-02 -1.11511434e+01
  3.45848193e+02] 11.1514497218251
[-3.35774632e+00 -2.46024798e-01  1.86959488e-02 -1.13143966e+01
  3.48764690e+02] 11.317086602537458
[-3.42689211e+00 -9.54180629e-02  1.98686222e-01 -1.12441651e+01
  3.48174360e+02] 11.246325191654597
[-3.39194302e+00  8.30419842e-02 -6.09929097e-02 -1.09794569e+01
  3.45658656e+02] 10.97994032552342
[-3.29780495e+00  1.05423954e-01 -1.98704973e-02 -1.11798548e+01
  3.47650008e+02] 11.180369487870523
[-3.37013746e+00 -3.24193954e-01 -1.98924241e-02 -1.13047688e+01
  3.48358075e+02] 11.309433939235642
[-3.26904533e+00 -5.68668795e-02  8.86287445e-02 -1.12100379e+01
  3.48869175e+02] 11.210532508033571
[-3.44615249e+00 -1.13328772e-01 -2.52012024e-01 -1.11204366e+01
  3.46495953e+02] 11.123869119789127
[-3.38741178e+00 -4.64224498e-02 -2.44013877e-02 -1.14722494e+01
  3.48495389e+02] 11.47236928994784
[-3.36507426e+00  1.92924759e-01  9.91903681e-02 -1.10295970e+01
  3.46988644e+02] 11.031730055553037
[-3.40548766e+00 -2.47157140e-01 -1.15723108e-01 -1.11902985e+01
  3.46240299e+02] 11.193625836804358
[-3.41947466e+00 -1.12151067e-01  9.00436680e-02 -1.11969929e+01
  3.46048802e+02] 11.197916580256685
[-3.37316747e+00 -8.40150357e-02  7.31003535e-02 -1.14287662e+01
  3.49206782e+02] 11.429308788704128
[-3.38881864e+00 -3.05968241e-02 -4.20020228e-02 -1.15945862e+01
  3.50436129e+02] 11.594702649532264
[-3.33090365e+00  4.25292218e-03 -3.94926340e-02 -1.13218199e+01
  3.48245270e+02] 11.321889549107484
[-3.30268516e+00 -2.10100651e-01 -1.58511079e-01 -1.14617784e+01
  3.49796989e+02] 11.464799709798434
[-3.37114594e+00  7.77188219e-02 -3.40241877e-01 -1.12401252e+01
  3.47368038e+02] 11.245542160227902
[-3.35949942e+00 -4.43867506e-02 -2.68131583e-01 -1.12870952e+01
  3.49339243e+02] 11.290366786593967
[-3.35096672e+00 -4.37295598e-02 -1.07584695e-01 -1.11714503e+01
  3.46152691e+02] 11.17205386530397
[-3.40391136e+00  2.03230901e-02 -4.99301301e-02 -1.10907474e+01
  3.47487698e+02] 11.090878420250744
[-3.29738920e+00 -1.89147188e-01  5.32915541e-02 -1.13897573e+01
  3.49181657e+02] 11.391452443606786
[-3.44532663e+00 -2.12859493e-01  9.55248526e-02 -1.10254508e+01
  3.45862082e+02] 11.027919086575094
[-3.35279905e+00  1.20861986e-01 -3.77521160e-02 -1.10427876e+01
  3.47880583e+02] 11.043513518215674
[-3.41178749e+00  6.40572181e-02  2.70116935e-01 -1.13049872e+01
  3.48801865e+02] 11.30839522426223
[-3.45657888e+00 -1.54243704e-01  9.33279564e-02 -1.12106997e+01
  3.44150626e+02] 11.212149129666424
[-3.41848122e+00 -5.93447532e-02 -2.10093948e-01 -1.12365379e+01
  3.47400819e+02] 11.238658474145813
[-3.31384452e+00 -7.35060343e-02 -6.43902875e-02 -1.10348509e+01
  3.45139099e+02] 11.035283621166595
[-3.40570322e+00 -3.34887012e-01  2.60034229e-02 -1.09480639e+01
  3.44949663e+02] 10.953215487772534
[-3.36095219e+00  8.31970635e-02 -1.38680118e-01 -1.09483623e+01
  3.44710740e+02] 10.949556638791398
[-3.33465680e+00 -1.78956583e-02 -5.64910241e-02 -1.13236220e+01
  3.49708937e+02] 11.323777030296288
[-3.32585977e+00  3.20458692e-02 -2.81349508e-01 -1.11728546e+01
  3.46395091e+02] 11.176442409209866
[-3.32449619e+00 -1.18536757e-01 -2.05241012e-01 -1.11800300e+01
  3.49208676e+02] 11.182541981065855
[-3.38687114e+00 -2.26037446e-01  6.81370663e-02 -1.14362399e+01
  3.49321195e+02] 11.438676414490581
[-3.51180214e+00  3.11834123e-01  2.07070922e-02 -1.12772448e+01
  3.47277727e+02] 11.28157435055453
[-3.39677456e+00  6.44488601e-02 -1.32129098e-01 -1.12854803e+01
  3.48933840e+02] 11.286437800507464
[-3.39046960e+00 -2.78167631e-01  2.19702158e-01 -1.10603201e+01
  3.44802259e+02] 11.065998726363462
[-3.47645820e+00  5.22322545e-03  1.04781208e-02 -1.12599560e+01
  3.46172287e+02] 11.259962130590084
[-3.34619635e+00  3.00836757e-01 -1.10810460e-02 -1.14803091e+01
  3.50744340e+02] 11.484255469174224
[-3.36870488e+00 -8.34883194e-02  7.88682644e-02 -1.11596964e+01
  3.47396018e+02] 11.160287337402105
[-3.46769183e+00  7.03160496e-03 -4.61156409e-02 -1.12240548e+01
  3.46342241e+02] 11.224151694705991
[-3.38492320e+00  1.50134188e-01 -7.39175541e-02 -1.10680741e+01
  3.46331756e+02] 11.069339140314616
[-3.39046269e+00  9.44342756e-02 -1.29894575e-01 -1.10115092e+01
  3.44940533e+02] 11.012680204016329
[-3.46238554e+00 -1.57548484e-01 -3.17011398e-01 -1.13723836e+01
  3.47126337e+02] 11.377892004276703
[-3.32213359e+00 -2.77063097e-01  1.53905045e-01 -1.12443778e+01
  3.48808745e+02] 11.248843627479584
[-3.40736614e+00 -1.46000185e-01  1.29740822e-01 -1.14061899e+01
  3.50789302e+02] 11.407862053775128
[-3.36274309e+00 -1.30342851e-01 -1.99371292e-02 -1.11288980e+01
  3.47019787e+02] 11.129679083701035
[-3.31922243e+00  7.48931959e-02  7.54957580e-02 -1.10595064e+01
  3.45727384e+02] 11.060017676660342
[-3.41163858e+00 -3.28815935e-01 -1.84063227e-01 -1.11370423e+01
  3.45240537e+02] 11.143415557582978
[-3.39968708e+00 -4.65185223e-02  4.67784933e-01 -1.09683896e+01
  3.44481721e+02] 10.978458759179532
[-3.38673360e+00  1.27920780e-01 -9.05235695e-02 -1.13835451e+01
  3.50447642e+02] 11.384623726060534
[-3.41705865e+00  4.75350934e-02  3.07181492e-01 -1.12959279e+01
  3.47926272e+02] 11.300203879237506
[-3.43876281e+00  5.11446294e-02 -2.05922433e-01 -1.12711158e+01
  3.48331511e+02] 11.273112795907782
[-3.37431705e+00  1.28043151e-01  3.48315696e-02 -1.10277292e+01
  3.47340310e+02] 11.028527495381624
[-3.38029809e+00  2.56974782e-01 -1.96615577e-01 -1.11588463e+01
  3.45455742e+02] 11.163536411240273
[-3.37974725e+00  5.44059442e-02 -1.02232214e-01 -1.11818300e+01
  3.48771429e+02] 11.182429666785007
[-3.42098027e+00 -6.39452223e-02 -4.25378550e-02 -1.14360520e+01
  3.49146568e+02] 11.43630990106147
[-3.39504397e+00  6.29868303e-02 -2.59351254e-01 -1.12062228e+01
  3.46583613e+02] 11.20940046837594
[-3.29200607e+00 -8.42959048e-03  1.17815208e-01 -1.10752252e+01
  3.46756015e+02] 11.075855007229105
[-3.35958249e+00 -1.32602552e-01  2.07694650e-02 -1.13929873e+01
  3.48723407e+02] 11.393777840455304
[-3.35170836e+00 -4.71789481e-02  2.60278228e-01 -1.08971834e+01
  3.43607305e+02] 10.900393402814263
[-3.34077548e+00  1.38424677e-01  1.20740624e-01 -1.11307678e+01
  3.46651327e+02] 11.132283289497614
[-3.36056302e+00 -1.94812803e-01 -9.50552918e-02 -1.12775512e+01
  3.48841972e+02] 11.279634208508634
[-3.39311283e+00 -1.98815960e-01 -3.74319898e-01 -1.10942945e+01
  3.45222169e+02] 11.102387760921953
[-3.40217319e+00  1.20772097e-02  5.35988852e-02 -1.13086784e+01
  3.48147865e+02] 11.30881186859007
[-3.30056068e+00  2.46401500e-02  7.54829345e-02 -1.11211191e+01
  3.46956576e+02] 11.121402564143468
[-3.33570000e+00 -1.17169858e-01  2.89305569e-01 -1.11079048e+01
  3.45926072e+02] 11.11228943296256
[-3.30584824e+00  8.70214700e-02 -4.21233472e-02 -1.10232094e+01
  3.48052634e+02] 11.023633384593039
[-3.40878516e+00 -7.81838665e-03  1.60497524e-01 -1.11029357e+01
  3.46174027e+02] 11.10409840093798
[-3.32802642e+00 -3.35718925e-02 -2.61945157e-01 -1.11536453e+01
  3.47851720e+02] 11.15677130795921
[-3.31928263e+00 -6.43364888e-02 -1.44187408e-01 -1.12082978e+01
  3.49461359e+02] 11.209409848831868
[-3.37290050e+00  3.51664815e-01 -1.97335194e-01 -1.10800219e+01
  3.44259496e+02] 11.087357407779699
[-3.32872815e+00 -7.35152034e-02  1.78890661e-02 -1.09409126e+01
  3.46158616e+02] 10.941174226202113
[-3.37111300e+00 -1.04913100e-01  1.97283234e-01 -1.12432508e+01
  3.47295411e+02] 11.24547088271369
[-3.41464011e+00  2.62220702e-01 -1.64593613e-01 -1.10991331e+01
  3.45658109e+02] 11.10345023741363
[-3.33167575e+00 -1.82350314e-01  5.11475039e-02 -1.13306528e+01
  3.47047419e+02] 11.332235467012916
[-3.32170988e+00 -1.97354294e-02  1.48310737e-01 -1.11181725e+01
  3.47395660e+02] 11.119179177187567
[-3.29291497e+00 -2.39224566e-01  7.77250588e-02 -1.09403968e+01
  3.46419732e+02] 10.943287982214459
[-3.31383028e+00 -1.14710626e-01 -8.64134047e-02 -1.13780506e+01
  3.48986715e+02] 11.378956983228031
[-3.33824147e+00  3.50943315e-01  1.71901428e-02 -1.12679267e+01
  3.46781162e+02] 11.273403622252896
[-3.30504035e+00  2.09706003e-01  1.29917207e-01 -1.12781721e+01
  3.48704584e+02] 11.280869652664904
[-3.34498865e+00 -5.68724890e-02  7.85380461e-03 -1.14922692e+01
  3.49196092e+02] 11.492412655465346
[-3.36333588e+00  2.51302202e-01 -5.93808657e-02 -1.10826119e+01
  3.45294657e+02] 11.085619715230385
[-3.29916754e+00  1.40720988e-01 -2.85545382e-01 -1.10001065e+01
  3.46353038e+02] 11.00471177571867
[-3.36357686e+00 -4.89836678e-02 -3.52268374e-02 -1.11148071e+01
  3.46402979e+02] 11.114970849715466
[-3.32131790e+00 -1.41792418e-01  1.65089366e-01 -1.12851049e+01
  3.48730496e+02] 11.287202998413917
[-3.37333955e+00  2.26469719e-01  3.86847001e-01 -1.12671803e+01
  3.47705463e+02] 11.276093758582281
[-3.38419975e+00 -2.42429897e-01  1.34667358e-01 -1.10823808e+01
  3.45273647e+02] 11.08585007341971
[-3.35827687e+00 -2.13035761e-02 -1.61424762e-01 -1.10405320e+01
  3.45326398e+02] 11.041732628227722
[-3.29302629e+00  2.08241259e-01  3.06325782e-01 -1.12040957e+01
  3.46627673e+02] 11.210216783645723
[-3.33115994e+00 -2.03420607e-01  2.50300889e-01 -1.13451626e+01
  3.49034531e+02] 11.349746509384516
[-3.32041105e+00 -2.34384955e-01 -2.02013286e-01 -1.12455115e+01
  3.48722370e+02] 11.249767744107745
