/mnt/stage/douwei/Simulation/5kt_root/2MeV/5kt_-1.00_2.root
[-3.05744999e+00 -8.79808682e-02  2.27186802e-01 -8.08148506e-01
  2.85280017e+02] 0.844072558114267
[-2.99370907e+00 -1.53576431e-02 -2.47891351e-01 -5.54633841e-01
  2.85336175e+02] 0.6077044316389527
[-2.95166134e+00 -2.04487141e-01  9.16128627e-02 -1.37253695e+00
  2.87311558e+02] 1.3907068612574198
[-2.92529282e+00  6.67556526e-02  8.60178051e-02 -7.35397631e-01
  2.86746895e+02] 0.7434144577428802
[-3.05738311e+00 -5.89729749e-02  1.54785573e-01 -8.19665066e-01
  2.84242249e+02] 0.8362339416622061
[-3.07191723e+00  3.41076846e-01 -1.93451971e-02 -1.23670152e+00
  2.85860155e+02] 1.2830192131285523
[-2.98749969e+00 -3.56798598e-02 -1.62395354e-01 -6.98991787e-01
  2.86845674e+02] 0.7184948310562567
[-2.97220742e+00 -1.67411351e-01 -1.13548173e-02 -1.04351368e+00
  2.85455198e+02] 1.0569183041589079
[-2.93314438e+00  5.69600722e-02 -9.53238125e-02 -6.08331332e-01
  2.85340817e+02] 0.6183834479647077
[-3.01267667e+00  7.80180169e-02  1.95727508e-02 -1.17642980e+00
  2.85783919e+02] 1.1791763980003709
[-2.98668355e+00 -1.65493970e-01 -4.92498203e-02 -8.84444587e-01
  2.86274004e+02] 0.9011415130761342
[-3.04499757e+00 -1.04296246e-01 -2.21015776e-01 -7.79358159e-01
  2.86199190e+02] 0.8167770936460014
[-2.99391848e+00 -2.26006457e-02 -1.99426022e-01 -1.14891716e+00
  2.86549243e+02] 1.166315638214617
[-2.95932873e+00  1.60033389e-01 -3.21809678e-01 -1.05050240e+00
  2.86440893e+02] 1.1102825947821438
[-2.97014547e+00  1.56183730e-01  1.89123593e-01 -1.24536722e+00
  2.87047816e+02] 1.2692913825841146
[-3.01959215e+00  1.64751612e-02 -4.03364907e-02 -9.32993684e-01
  2.86539465e+02] 0.9340105337051576
[-2.98089891e+00  2.95927870e-01 -1.39071932e-02 -9.74068227e-01
  2.86948788e+02] 1.0181235801109654
[-3.02456770e+00 -5.70614782e-02  7.39147680e-02 -9.56453067e-01
  2.86136751e+02] 0.9610004546275129
[-2.98092227e+00  2.65057094e-01  8.85062238e-02 -1.37566353e+00
  2.87115444e+02] 1.4037588009844841
[-3.00948211e+00 -1.34625156e-01  4.97852466e-02 -1.09407421e+00
  2.86637158e+02] 1.103449538750458
[-2.93899798e+00  6.87816189e-02  1.07470664e-01 -1.41610520e+00
  2.87237168e+02] 1.421842042665732
[-2.92592848e+00  3.34728305e-03  1.49575945e-01 -1.24153276e+00
  2.87288356e+02] 1.250514998488289
[-2.92806257e+00 -2.80292743e-02 -4.27622005e-02 -8.17708610e-01
  2.86825035e+02] 0.8193055701683911
[-2.89137076e+00 -6.62243266e-02  1.47775258e-01 -7.32509781e-01
  2.85475426e+02] 0.7501958194225398
[-2.94647618e+00  6.16208763e-02 -1.92149045e-01 -9.12273256e-01
  2.86968666e+02] 0.9343237561798279
[-2.90184735e+00 -2.65870388e-01  3.21816951e-01 -1.11556609e+00
  2.86425013e+02] 1.19110910692128
[-2.93566950e+00 -6.88916929e-02  1.71245075e-01 -9.30886305e-01
  2.86362668e+02] 0.9490101445922823
[-3.02707972e+00  9.34222560e-02 -2.42385797e-01 -9.38494150e-01
  2.86069768e+02] 0.9737812182643321
[-3.01230958e+00  1.06165249e-01 -2.45370831e-01 -8.72800268e-01
  2.85393569e+02] 0.9128297832928913
[-2.95896809e+00  1.90909937e-01 -2.97981217e-01 -7.60044665e-01
  2.85811474e+02] 0.8383956719269239
[-3.06094425e+00  1.83580159e-01 -4.13211657e-02 -9.42343551e-01
  2.86083345e+02] 0.9609476997008165
[-3.02863636e+00 -8.97157624e-02 -2.20061680e-01 -8.48745683e-01
  2.86274508e+02] 0.8813882769027069
[-3.00902440e+00  3.52343087e-01 -1.09347818e-01 -1.21120723e+00
  2.86338371e+02] 1.2661459442912308
[-2.99056743e+00 -2.20556778e-01  1.70568391e-01 -7.70042223e-01
  2.86887659e+02] 0.8189651353865198
[-2.99187027e+00  2.32593783e-01  1.61794677e-01 -1.15361885e+00
  2.86340932e+02] 1.1879031233582171
[-2.90473076e+00  3.93915639e-01  1.19541810e-02 -7.48901138e-01
  2.86537733e+02] 0.8462655300733501
[-3.06755964e+00  2.67618980e-02 -3.33865895e-01 -1.28657483e+00
  2.87009797e+02] 1.3294575659526306
[-3.01352854e+00 -1.67504970e-01  5.84064555e-02 -1.02642608e+00
  2.85743803e+02] 1.0416427977018818
[-3.00558987e+00  1.59393245e-01  1.08666421e-01 -9.31294568e-01
  2.85952498e+02] 0.9510647562628192
[-2.94793101e+00 -1.30039463e-03 -4.15417892e-02 -8.46196653e-01
  2.86508676e+02] 0.8472167300100136
[-3.05890651e+00 -4.62930518e-02 -4.39361261e-03 -1.00424150e+00
  2.85517979e+02] 1.0053175350196197
[-3.02861434e+00  2.01895822e-01 -3.28688558e-01 -1.05500453e+00
  2.85956432e+02] 1.1233132436074513
[-3.02547457e+00 -1.14909030e-01 -4.85353312e-03 -1.04551359e+00
  2.87134881e+02] 1.0518204759382048
[-3.03924986e+00 -4.62993841e-02 -1.89958154e-01 -9.70924645e-01
  2.84921305e+02] 0.9904152660274632
[-2.95113213e+00 -6.01264549e-02 -1.54829919e-02 -1.50494861e+00
  2.87186880e+02] 1.50622881630015
[-2.94547925e+00  1.54288915e-01 -9.59548540e-02 -7.96895193e-01
  2.85943587e+02] 0.8173459196155
[-3.00919993e+00  6.77555262e-02  3.62038973e-02 -8.19488558e-01
  2.85422001e+02] 0.8230814236454571
[-2.95723066e+00  9.95445315e-02  1.65000990e-01 -1.10581525e+00
  2.86423379e+02] 1.1224802060947432
[-2.97173562e+00 -4.07630034e-02  1.93780331e-01 -9.90266888e-01
  2.85961219e+02] 1.009871748870279
[-2.99200042e+00 -1.63149926e-01 -2.10016572e-01 -1.16883845e+00
  2.86758219e+02] 1.198711052462791
[-2.90761629e+00 -3.66434922e-01 -1.98158127e-01 -8.37258464e-01
  2.87227146e+02] 0.9351700004756113
[-3.04121064e+00 -1.05982703e-01 -2.79331399e-02 -6.14702705e-01
  2.85770864e+02] 0.6243973167308529
[-2.97803339e+00 -4.58602092e-02  3.62909034e-01 -5.64852656e-01
  2.85616640e+02] 0.6729521890342569
[-3.07102939e+00 -6.95434800e-02  1.39397088e-01 -9.65637944e-01
  2.84735978e+02] 0.9781229381983548
[-3.05345564e+00  2.84647089e-01 -3.64581941e-01 -1.09175585e+00
  2.84843179e+02] 1.185695909020637
[-2.95627777e+00 -1.53905424e-01 -6.29795133e-02 -1.01842169e+00
  2.87244376e+02] 1.031908931506247
[-2.96378374e+00 -2.26338185e-01 -3.85698286e-02 -8.49371376e-01
  2.86417790e+02] 0.8798569997825464
[-3.09248114e+00 -1.11440920e-02 -2.28857299e-01 -1.08153840e+00
  2.84284346e+02] 1.10554292768707
[-3.03180332e+00  4.37342121e-01  2.49797373e-01 -1.08165018e+00
  2.85265302e+02] 1.1931613344813348
[-3.04023332e+00 -4.94547676e-02 -1.19329397e-01 -8.18643379e-01
  2.85411996e+02] 0.828771537123846
[-2.95631375e+00 -2.80763299e-01  1.57568426e-02 -7.33523429e-01
  2.86599411e+02] 0.7855780859921214
[-3.05318010e+00 -4.14055933e-01  6.67530886e-02 -8.17278222e-01
  2.84874730e+02] 0.9186087212868111
[-2.95642451e+00  7.31479496e-02  2.29440315e-01 -1.22074000e+00
  2.86742602e+02] 1.2442667047336313
[-3.00006110e+00 -4.04079848e-02  2.06855587e-01 -8.22674094e-01
  2.86736780e+02] 0.8492436071291558
[-2.92850829e+00 -2.27783352e-01 -9.75491217e-02 -1.07181992e+00
  2.87818345e+02] 1.1000904617824396
[-2.90830030e+00  2.04398708e-01 -1.59474010e-01 -9.75526083e-01
  2.86978395e+02] 1.0093869079084827
[-2.97538507e+00 -4.54777611e-01  6.75946945e-02 -7.93525311e-01
  2.87154109e+02] 0.9171009421044314
[-2.92665411e+00 -1.83174732e-01  7.90741179e-04 -8.93057855e-01
  2.85868090e+02] 0.9116501191124444
[-2.98744806e+00  7.60941412e-02  2.78074699e-01 -1.16688307e+00
  2.86218280e+02] 1.2019700343506192
[-2.99195607e+00  2.29755787e-01  1.15536270e-01 -9.44168867e-01
  2.85358580e+02] 0.9785658900481753
[-2.99148088e+00  3.77936290e-01  4.72197434e-02 -8.45811450e-01
  2.86579953e+02] 0.9276112071475329
[-2.95938701e+00 -1.30014026e-01  9.36963888e-02 -1.10447011e+00
  2.87605591e+02] 1.116036236715332
[-2.91676605e+00  1.08894903e-02 -6.58758750e-02 -1.00132328e+00
  2.85847820e+02] 1.0035469681724905
[-2.97477468e+00  2.24418401e-01 -2.33607701e-01 -7.81792296e-01
  2.86644952e+02] 0.8462478186894028
[-2.99368704e+00  2.21300806e-02 -2.95377901e-01 -1.10580876e+00
  2.87097534e+02] 1.1447929297850843
[-3.04694246e+00  7.31926756e-02  6.12924590e-02 -7.47978692e-01
  2.84630413e+02] 0.7540464557479404
[-3.01459190e+00  2.19263182e-01  5.16177162e-01 -1.21407587e+00
  2.85665340e+02] 1.3373464112169502
[-3.00423544e+00  1.64544971e-01  3.84086757e-01 -1.18168010e+00
  2.86574906e+02] 1.2533816440484817
[-3.00086737e+00  1.23444102e-01  1.10271777e-01 -1.15533808e+00
  2.85527076e+02] 1.1671351167010193
[-3.00429461e+00  9.50921510e-02  2.67052722e-01 -1.01564785e+00
  2.85982790e+02] 1.0544668006022768
[-2.98292661e+00 -2.53942026e-01 -2.16324368e-01 -9.35377565e-01
  2.85602240e+02] 0.9930830653952836
[-3.00626001e+00  1.67918568e-01 -8.39552973e-02 -1.21535985e+00
  2.85757528e+02] 1.2297742529538795
[-3.02117836e+00  5.11214340e-02  5.62674414e-02 -4.66975131e-01
  2.85430906e+02] 0.47312281555913377
[-3.08191218e+00 -1.27979982e-01  3.57413510e-01 -1.22481828e+00
  2.86912833e+02] 1.2823038260043504
[-2.98118543e+00 -6.69930870e-02  1.85105021e-01 -1.23369218e+00
  2.85169748e+02] 1.2492991422084003
[-2.99946341e+00 -2.02429460e-01  1.00380333e-02 -1.22805235e+00
  2.86311581e+02] 1.2446650284825855
[-3.05002469e+00 -3.05740247e-01  1.01237801e-01 -1.04639494e+00
  2.87318720e+02] 1.0948372351346112
[ -2.91588288  -0.31279968   0.43973193  -0.98188562 286.20506792] 1.1204049203315252
[-2.96393171e+00 -9.04431916e-02  1.98297559e-02 -8.90801017e-01
  2.86990229e+02] 0.8956001575462197
[-3.06010456e+00  5.40897736e-02  2.39396058e-02 -1.11933500e+00
  2.85606555e+02] 1.1208968016452037
[-2.98155910e+00 -1.31452012e-02 -2.14650458e-01 -1.06255468e+00
  2.86385919e+02] 1.0840987352469915
[-3.05194872e+00 -2.96682976e-01 -5.85728007e-02 -7.08555990e-01
  2.85558778e+02] 0.7703915574208097
[-3.05505077e+00  1.32366467e-01  1.20324538e-01 -1.09209984e+00
  2.85897408e+02] 1.1066530335954894
[-2.99974431e+00 -4.86349582e-03 -4.77214206e-02 -1.26754973e+00
  2.87321033e+02] 1.268457059278408
[-3.00273303e+00  1.12333627e-01  3.31256114e-01 -8.17371163e-01
  2.86149622e+02] 0.8890697803657446
[-2.96015948e+00 -6.33695662e-02  4.04857753e-01 -8.83364734e-01
  2.86100723e+02] 0.97378578548431
[-3.00465453e+00  2.55338023e-01 -5.77086937e-02 -1.26048560e+00
  2.85304101e+02] 1.2873817428476468
[-2.98285720e+00 -1.49455169e-01  7.81206608e-02 -1.18791404e+00
  2.85744692e+02] 1.199824755020673
[-3.00744286e+00  1.25804737e-01 -6.64482120e-02 -1.48654934e+00
  2.86942270e+02] 1.493342268631698
[-2.95666795e+00 -1.68935120e-03  5.04347763e-03 -8.30328736e-01
  2.85829375e+02] 0.830345772054895
[-3.03078626e+00  1.13202147e-01  3.41675352e-01 -1.04396606e+00
  2.86239939e+02] 1.1042743776154125
[-3.08675840e+00  1.33802216e-01  2.10259831e-01 -1.01393078e+00
  2.86083138e+02] 1.044111037121604
[-3.00202115e+00  9.92350010e-02  1.31494166e-02 -1.43541670e+00
  2.86437380e+02] 1.4389029103595734
[-3.03052237e+00 -2.56011562e-01  3.71475411e-02 -1.25881311e+00
  2.87545185e+02] 1.2851195699469016
[-3.01038307e+00  9.73464569e-02 -5.21744293e-02 -1.18036885e+00
  2.86607170e+02] 1.185524831605694
[-2.97263051e+00 -5.66411606e-01 -4.54451346e-03 -9.38836698e-01
  2.85783904e+02] 1.0964748538242628
[-3.01736798e+00 -3.33526684e-01 -1.14865190e-01 -8.81333847e-01
  2.85743804e+02] 0.9493068054040715
[-3.00724456e+00  1.66305563e-01  6.05550869e-02 -1.09834764e+00
  2.85578470e+02] 1.1125160660693663
[-3.04863823e+00  1.95569866e-01 -2.55272915e-01 -1.14473502e+00
  2.86029371e+02] 1.189045875150766
[-2.94379609e+00  2.43688304e-01  2.27042687e-01 -1.24830214e+00
  2.86954941e+02] 1.2919715957834836
[ -2.96896616  -0.43963988  -0.37566499  -1.02037293 287.13195788] 1.1728462500523034
[-2.98425328e+00 -3.13249302e-01 -7.36734245e-02 -1.07473155e+00
  2.87138265e+02] 1.1218737892397643
[ -2.98112614  -0.41613376  -0.32603782  -0.89801762 284.97402175] 1.042066994883552
[-2.93264899e+00 -3.69370739e-01 -6.76784258e-03 -7.70373739e-01
  2.86487692e+02] 0.8543747682277103
[-3.03972371e+00 -4.70797805e-02 -1.42357772e-01 -1.02789983e+00
  2.86025341e+02] 1.0387782756596688
[-2.88735889e+00  1.39897953e-01  6.04094770e-02 -7.55060328e-01
  2.87505202e+02] 0.7702836108559212
[-2.99916699e+00  1.84689073e-01 -1.78038816e-01 -9.73837224e-01
  2.85778776e+02] 1.0070584949710528
[-3.02703981e+00 -1.26313733e-02 -1.24884124e-01 -9.62019347e-01
  2.86004640e+02] 0.9701736031168543
[-3.07483421e+00  2.23870202e-01 -7.33336056e-02 -8.09442762e-01
  2.85070090e+02] 0.8430262567156233
[-2.89439659e+00  3.54902533e-02 -2.32072634e-02 -1.08585213e+00
  2.86320017e+02] 1.086679798611351
[-3.05042876e+00  1.92248469e-01 -2.63395514e-01 -1.08469379e+00
  2.86228033e+02] 1.1326505601042094
[-3.02128210e+00 -1.88168026e-01 -2.20239194e-01 -1.06662594e+00
  2.86754112e+02] 1.1052616917020308
[-2.94854437e+00 -1.91002266e-01  1.15896873e-01 -5.82770258e-01
  2.86104625e+02] 0.6241274901115971
[-2.97710007e+00  1.86700750e-01  2.97981567e-02 -1.27282982e+00
  2.87048161e+02] 1.2867947940017275
[-3.06674132e+00 -1.33221792e-03  5.19196016e-01 -9.09390034e-01
  2.86594050e+02] 1.0471659425183437
[-3.01884089e+00 -6.10537799e-02  1.21806895e-01 -1.08915291e+00
  2.86307149e+02] 1.0976422650326607
[-2.93198289e+00 -2.44606946e-02  2.02008882e-01 -1.19672044e+00
  2.87243617e+02] 1.213896921170712
[-2.98641532e+00 -5.97372222e-02  3.47839739e-01 -1.05286315e+00
  2.86650732e+02] 1.1104421771764088
[-3.03708518e+00  1.65494839e-01 -1.00513651e-03 -1.00237889e+00
  2.85135888e+02] 1.0159493074501877
[-3.04424316e+00 -3.46929892e-02  4.93327500e-01 -8.76516364e-01
  2.85701798e+02] 1.0064077511843166
[-2.92204243e+00  1.82555338e-01 -3.27255635e-02 -1.08406848e+00
  2.86046354e+02] 1.099819022631477
[-3.04746993e+00 -5.73491739e-02 -9.51759777e-02 -1.07968125e+00
  2.86469552e+02] 1.0853842668048572
[-2.97819363e+00  3.36166029e-01 -7.74753183e-02 -9.13737000e-01
  2.86068354e+02] 0.9766910097493922
[ -2.99492622   0.28746329  -0.29251846  -1.18200439 286.53470752] 1.2511341143019992
[-2.96383520e+00  9.74257765e-02 -1.90614159e-02 -1.29966715e+00
  2.87738021e+02] 1.3034530347024513
[-3.03263939e+00  3.03843587e-02 -1.85184113e-01 -1.03520243e+00
  2.86318119e+02] 1.0520743528736554
[-3.03446923e+00 -1.36183573e-01 -9.28911010e-02 -1.20595519e+00
  2.86671681e+02] 1.2171699291600984
[-2.94587346e+00  2.04871650e-01  8.94928765e-02 -1.26302716e+00
  2.86763800e+02] 1.282660900898379
[-2.95842213e+00 -2.13680251e-01 -1.56567788e-01 -9.89160975e-01
  2.86090186e+02] 1.0240176538991934
[-2.94537776e+00 -1.19651477e-01  1.91787153e-01 -1.02251995e+00
  2.86874886e+02] 1.0472085958155322
[-2.98831185e+00 -2.55140678e-01  3.01587245e-01 -9.99208614e-01
  2.86238896e+02] 1.074462416780176
[-2.96271539e+00 -4.57714891e-01 -3.31871492e-02 -1.12339605e+00
  2.85736705e+02] 1.2135167847192392
[-3.01240356e+00  3.03905204e-01 -1.23775017e-01 -8.64383450e-01
  2.85066230e+02] 0.9245741595200836
[-2.98172974e+00  3.77288997e-02  8.49026554e-03 -8.60577137e-01
  2.86066851e+02] 0.8614456245553984
[-3.00445593e+00 -3.77455066e-01 -2.44872738e-02 -1.00164367e+00
  2.86233871e+02] 1.0706829556196846
[-2.92502675e+00 -1.63563566e-01 -5.05725506e-02 -6.86411682e-01
  2.86655259e+02] 0.7074401884836266
[-3.03903246e+00  1.28204620e-01  3.18767471e-02 -9.54751419e-01
  2.86469522e+02] 0.9638479251785365
[-3.14977807e+00 -7.71570306e-02  2.61600133e-01 -1.04367644e+00
  2.84869736e+02] 1.078725337095422
[-3.04708185e+00  2.00208266e-01  6.54475012e-02 -1.02557397e+00
  2.85488437e+02] 1.0469807498499288
[-2.98200219e+00 -1.59451876e-01  1.35893334e-01 -1.10025432e+00
  2.85972358e+02] 1.1200229775914705
[-3.01479274e+00  1.05019803e-01 -3.17152766e-01 -8.64987266e-01
  2.85585031e+02] 0.9272637203096099
[-2.94267530e+00 -2.30282854e-01  4.04256831e-02 -9.67386904e-01
  2.86678955e+02] 0.9952395941972859
[-2.95889773e+00 -1.58392087e-01  1.39483580e-01 -1.04925034e+00
  2.86178991e+02] 1.0702663223473254
[-3.06833866e+00  2.86901853e-01 -2.49707536e-01 -1.13214751e+00
  2.84645896e+02] 1.1943301480196025
[ -3.04281062  -0.39755277  -0.32151193  -0.97735295 286.48047586] 1.1030126572398684
[-2.98354717e+00 -1.56424224e-01 -5.75774644e-02 -1.24538264e+00
  2.87977192e+02] 1.2564878077660144
[-2.94426999e+00 -1.81131825e-01  1.19262357e-02 -9.14213739e-01
  2.85711880e+02] 0.9320610135791257
[-3.00372549e+00  4.62992116e-02  1.42508055e-01 -1.20360583e+00
  2.86504637e+02] 1.212897011588283
[-3.02494846e+00 -2.11619581e-01 -3.47391372e-01 -1.14771137e+00
  2.86237891e+02] 1.2176637480698924
[-2.90571965e+00 -1.73812469e-01  3.32726664e-01 -1.10121429e+00
  2.86648210e+02] 1.1634391768548689
[-3.00517034e+00  1.73554970e-01 -4.63429280e-04 -8.84882058e-01
  2.86788456e+02] 0.9017415366400761
[-2.97001131e+00 -3.23935552e-01  5.24111201e-02 -1.21670975e+00
  2.86324092e+02] 1.260184027150191
[-2.95525555e+00  2.70199675e-01 -1.81989319e-01 -1.28676449e+00
  2.86573782e+02] 1.327362353240683
[-3.04216429e+00 -1.53021868e-01  1.61008438e-01 -7.33119654e-01
  2.86195680e+02] 0.7660312240282382
[-3.06188070e+00 -1.11946091e-01 -8.14240731e-02 -1.04719304e+00
  2.86358061e+02] 1.0563025448851373
[-2.97734676e+00 -8.84338371e-02  5.52911961e-02 -1.10918966e+00
  2.85962262e+02] 1.1140822923418356
[-3.03596153e+00  3.44328902e-01 -4.45120047e-02 -8.28473597e-01
  2.86322643e+02] 0.8982829248338124
[-3.11158800e+00  2.21529027e-01  1.60334494e-01 -1.17552524e+00
  2.85759844e+02] 1.2069141882892611
[-3.00169656e+00 -1.14092454e-01  1.20279726e-01 -1.01437692e+00
  2.86468389e+02] 1.0278350252644057
[-3.05151057e+00 -2.36890230e-01 -1.43176857e-01 -6.49629697e-01
  2.85772294e+02] 0.7061411592979844
[-2.97175571e+00 -3.39558201e-01 -1.25287610e-01 -6.60182589e-01
  2.85013642e+02] 0.7528863181888119
[-3.06733921e+00 -1.41404883e-01 -2.01733882e-01 -8.06281827e-01
  2.85227525e+02] 0.8430790496738805
[-3.05108534e+00  1.19274406e-01 -2.08842813e-01 -9.26888540e-01
  2.86029524e+02] 0.9575824094882996
[-3.03304655e+00 -1.07026391e-01  1.49356102e-01 -8.18041623e-01
  2.86143486e+02] 0.838423514962955
[-2.88654913e+00  2.83519588e-02 -3.04030209e-01 -1.08784326e+00
  2.86311698e+02] 1.129885458763343
[-2.93581741e+00  1.27567580e-02 -2.09150752e-01 -9.42141089e-01
  2.86162784e+02] 0.9651614386345286
[-3.07387220e+00 -1.51770806e-01  2.50325481e-01 -9.68394898e-01
  2.85487665e+02] 1.0116748009181769
[-2.95655947e+00  1.06702723e-01  1.41483874e-01 -1.04666761e+00
  2.85729649e+02] 1.0615631097657228
[-3.05029103e+00 -7.47199122e-02 -2.71298693e-01 -1.08351552e+00
  2.86114054e+02] 1.1194605494037817
[-3.05529920e+00 -2.82210707e-01 -5.47969135e-02 -8.31499409e-01
  2.86427316e+02] 0.8797936413762931
[-3.00872610e+00 -6.17797640e-02 -2.45798218e-01 -9.98460554e-01
  2.85740529e+02] 1.030124740631592
[-2.95545422e+00 -2.11258187e-01 -2.48940026e-01 -8.89291977e-01
  2.86047682e+02] 0.9473338263487522
[-2.89613603e+00  1.34429400e-01  1.66729775e-01 -1.03203679e+00
  2.87713715e+02] 1.0540256248542497
[-2.96151618e+00 -3.82293261e-01  1.80471090e-01 -1.22537352e+00
  2.86140036e+02] 1.2962477432283348
[-3.03160024e+00  5.84031958e-02  2.03137093e-01 -9.21284157e-01
  2.86235632e+02] 0.9452196096625941
[-3.03844704e+00 -1.08826118e-01 -3.23807734e-01 -8.35606920e-01
  2.86029087e+02] 0.9027366707639176
[-3.00405594e+00 -2.13353180e-01 -2.59288834e-01 -9.75278073e-01
  2.85843478e+02] 1.0314638132664962
[-3.02518222e+00  2.72261526e-01 -1.79389086e-01 -1.19374702e+00
  2.87458970e+02] 1.2374727183584509
[-3.02550095e+00 -1.89026905e-01  4.91898021e-01 -1.14888489e+00
  2.85261693e+02] 1.2639744156458532
[-2.99657066e+00  3.33473042e-01 -1.23724443e-01 -9.10725908e-01
  2.85956403e+02] 0.9777186134924558
[-3.01971548e+00 -3.30478156e-01  6.71849227e-02 -8.86568821e-01
  2.85646010e+02] 0.9485430401949475
[-2.94708533e+00 -3.54730369e-01 -1.40069851e-01 -6.32078480e-01
  2.86176966e+02] 0.738225171096647
[-2.97604383e+00 -5.91289205e-02 -1.77392528e-01 -1.18472285e+00
  2.86110629e+02] 1.1993884127111634
[-3.02925497e+00 -1.63041674e-01  2.79036950e-01 -1.33199869e+00
  2.86584818e+02] 1.3706439065266434
[-3.02642726e+00  1.49808284e-01  1.10425607e-01 -8.82782427e-01
  2.86116267e+02] 0.9021868713772605
[-3.00761073e+00  1.22669306e-01 -2.86290162e-01 -1.10225401e+00
  2.85587011e+02] 1.1454142092500608
[-2.91191135e+00 -2.17160939e-01 -2.87733790e-01 -8.68399005e-01
  2.86702562e+02] 0.940248073556349
[-2.92917609e+00  2.68937532e-01  1.17048265e-01 -1.12528308e+00
  2.85534283e+02] 1.1628799133479994
[-3.05788731e+00 -2.44935744e-02 -1.01837038e-01 -8.89057104e-01
  2.84919619e+02] 0.8952057039012946
[-3.04094011e+00 -3.63137932e-01  9.28639332e-02 -8.32216161e-01
  2.84689524e+02] 0.912730303304153
[ -3.1416727   -0.29330302   0.33518129  -1.2224095  286.3869198 ] 1.3010219609316622
[-3.06501982e+00  1.83763706e-01 -1.49320895e-01 -8.30922937e-01
  2.86003030e+02] 0.8640015953798112
[-2.95446365e+00  1.47341643e-01  1.16027944e-02 -1.25684291e+00
  2.86092147e+02] 1.2655031761035187
[-2.95730404e+00  1.92817709e-01 -2.14183209e-02 -1.11176475e+00
  2.87943748e+02] 1.1285646982431716
[-3.11190892e+00 -2.60169068e-01  1.98718555e-01 -1.18808913e+00
  2.86278949e+02] 1.2323687718321412
[ -2.9526159   -0.36983923  -0.3495801   -1.19007663 287.87361873] 1.29432209326551
[-2.86906916e+00  1.45613370e-01 -1.92822726e-01 -7.67557299e-01
  2.86311719e+02] 0.8046912855602852
[-2.93022937e+00  8.31237658e-02 -7.32301428e-02 -1.05256760e+00
  2.87137670e+02] 1.0583811966624845
[-3.09570891e+00  2.77105369e-01 -2.40667455e-01 -1.10627732e+00
  2.85373184e+02] 1.1655718412319083
[-3.05152437e+00  1.97900211e-03  1.38389793e-01 -9.93516199e-01
  2.85808312e+02] 1.003110207842159
[-3.03793894e+00 -1.54882548e-01  2.46398372e-01 -1.05862264e+00
  2.85700199e+02] 1.097899202663502
[-2.94617212e+00  7.20075683e-02  1.38018770e-01 -8.84514867e-01
  2.86117943e+02] 0.8981095813465825
[-3.00498054e+00 -2.00985085e-01  3.02886357e-01 -1.05778001e+00
  2.86769469e+02] 1.118496176408595
[-2.96286890e+00 -2.82087219e-03 -1.34999631e-01 -7.52654650e-01
  2.85993312e+02] 0.7646710921606634
[-2.89420402e+00  1.49224574e-01  1.70853475e-01 -8.14751352e-01
  2.86586373e+02] 0.845741478938061
[-2.98205607e+00 -1.73435439e-02 -2.13640160e-02 -1.12776863e+00
  2.86992138e+02] 1.1281042969883963
[-2.97425039e+00  1.33197407e-01  3.29218009e-01 -9.72603427e-01
  2.86236947e+02] 1.035414638419922
[-3.04818349e+00 -3.27795044e-01 -2.30309068e-01 -1.46659813e+00
  2.87032501e+02] 1.5203295484791137
[-2.95687977e+00  3.72880097e-01 -1.99440030e-01 -1.00461500e+00
  2.86089718e+02] 1.0899849454744432
[-3.02788837e+00 -1.72643673e-01  2.26621482e-01 -1.01394951e+00
  2.85358604e+02] 1.053212583316544
[-2.98466936e+00 -3.34619219e-01 -6.14741489e-02 -8.72439775e-01
  2.85332724e+02] 0.9364295240840541
[-2.99054178e+00 -3.36494969e-02  8.07152517e-02 -1.06373838e+00
  2.85447494e+02] 1.067326838248824
[-3.11040401e+00 -2.29645018e-01  7.66421491e-03 -1.07489167e+00
  2.85393564e+02] 1.0991759065193356
[-2.91911561e+00 -2.38660824e-01 -4.55698863e-01 -1.10470095e+00
  2.87238319e+02] 1.218599452001813
[-2.95579514e+00 -5.45338058e-02 -1.18143848e-01 -9.74665927e-01
  2.86318126e+02] 0.983313568126116
[-3.00218040e+00 -1.04695707e-01  1.48316215e-02 -1.27210754e+00
  2.86266440e+02] 1.2764947132446989
[-3.01236735e+00 -2.02798538e-01 -2.63816517e-01 -1.10242991e+00
  2.87157451e+02] 1.1515546485506807
[-3.01858797e+00 -9.01164823e-02 -1.27148081e-02 -1.07004719e+00
  2.86448064e+02] 1.073910443831384
[-2.97913844e+00 -8.09973298e-02  1.08152372e-01 -1.06165071e+00
  2.85794477e+02] 1.0702148025203477
[-2.99132829e+00 -3.47483209e-01  6.42548760e-02 -8.39399188e-01
  2.85718857e+02] 0.9107492886382755
[-2.98728494e+00 -8.63798944e-02  4.50821328e-02 -6.78319449e-01
  2.86251308e+02] 0.6852818106578131
[-3.00917405e+00 -3.02144916e-01 -1.36553182e-02 -1.03055602e+00
  2.86174980e+02] 1.0740222215722275
[-2.91186440e+00  1.93904945e-01  2.28913127e-02 -9.15175387e-01
  2.86294238e+02] 0.9357719425788001
[-3.04912573e+00 -9.92187387e-02 -1.10635148e-02 -1.41382145e+00
  2.85967276e+02] 1.417341821599282
[-3.04161110e+00  7.77245886e-06  1.40645357e-01 -1.19890114e+00
  2.86411253e+02] 1.2071226384978135
[-3.01107130e+00 -5.17982812e-02 -2.23496976e-01 -1.00547664e+00
  2.87287653e+02] 1.0313181972558763
[-3.03519462e+00  5.32851107e-02  3.58514675e-01 -1.00222161e+00
  2.85488163e+02] 1.0657486674783578
[-3.03387483e+00  3.48380189e-01 -8.38594902e-03 -1.11203476e+00
  2.86865523e+02] 1.1653584764218694
[-3.08041920e+00 -3.14547452e-01 -2.22560731e-01 -1.09174073e+00
  2.86079735e+02] 1.1577440177180256
[-2.97495634e+00  1.62257949e-01  2.62225705e-01 -1.05924051e+00
  2.85801328e+02] 1.1032136776408965
[-3.07913019e+00  2.61946497e-01  7.02782921e-02 -9.99058398e-01
  2.85638286e+02] 1.035216252331747
[-2.96643740e+00 -2.39073271e-01  1.60846271e-01 -1.30043884e+00
  2.86882188e+02] 1.3319792506199473
[-2.96616526e+00  2.98506246e-01 -1.40860249e-01 -1.07490805e+00
  2.87226507e+02] 1.1244442631512783
[-3.06506259e+00 -8.37881721e-02  8.49990039e-02 -1.11720609e+00
  2.85373186e+02] 1.1235634132024086
[-2.95942087e+00 -1.81490678e-01 -4.41004472e-02 -8.72940503e-01
  2.85651227e+02] 0.8926975061828986
[-2.97171032e+00  2.76016994e-01  6.67986247e-02 -9.66694289e-01
  2.87263469e+02] 1.0075441850258786
[-2.91717869e+00  1.75895203e-02  5.79951900e-02 -1.04202802e+00
  2.86762473e+02] 1.0437888815789007
[-3.07773477e+00 -1.39742630e-01  9.80384954e-02 -1.12892387e+00
  2.85766998e+02] 1.1417568322349938
[-2.95251556e+00 -7.85403673e-02 -1.06627093e-01 -8.55657617e-01
  2.87228049e+02] 0.8658451849611509
[-2.93320702e+00  6.17488571e-02  1.65267547e-01 -1.11965486e+00
  2.86482714e+02] 1.1334695770424488
[-2.90899691e+00  3.27407905e-01 -1.95494194e-01 -7.59710499e-01
  2.86861783e+02] 0.8500435040379775
[-2.98873505e+00 -1.32713898e-01 -1.61878342e-01 -1.09387833e+00
  2.85823392e+02] 1.1137267917993068
[-2.98327478e+00  2.37864625e-02 -4.84894042e-01 -1.13562510e+00
  2.86543112e+02] 1.2350434794051368
[-3.00077060e+00 -5.05728269e-02 -7.55702142e-03 -1.15914929e+00
  2.86574728e+02] 1.1602766033511318
[-3.01280297e+00  2.22454206e-01  1.50574962e-01 -1.15727184e+00
  2.85609007e+02] 1.1880390559901781
[-3.08153236e+00 -1.94127820e-01 -2.09570880e-01 -9.86688513e-01
  2.85376430e+02] 1.027209708894829
[-2.99899492e+00  1.10428803e-01 -3.84764612e-02 -1.19885938e+00
  2.86670471e+02] 1.2045491959675287
[-2.94234325e+00 -2.50150407e-02 -3.56498203e-02 -6.86968711e-01
  2.86506303e+02] 0.6883477844351311
[-3.03254282e+00 -6.37772863e-02 -1.14169885e-01 -7.60155070e-01
  2.85448910e+02] 0.7713222643811617
[-3.01816526e+00 -1.56008975e-01  1.67863872e-01 -1.00742563e+00
  2.85790262e+02] 1.033161881109877
[-3.14708638e+00  7.19431478e-02 -2.73605733e-01 -1.27531630e+00
  2.85549586e+02] 1.3063183278727464
[-3.02505616e+00 -1.80472662e-01  6.43558167e-02 -7.04439692e-01
  2.84444723e+02] 0.7300324183243492
[-3.02295789e+00  1.60604859e-01 -3.71976675e-02 -7.49820731e-01
  2.86428525e+02] 0.767729584601183
[-3.09794777e+00  1.50664354e-01 -9.18720313e-02 -1.12417938e+00
  2.85882448e+02] 1.1379452994370522
[-3.04143876e+00 -1.31996900e-01  9.56432696e-02 -9.54136839e-01
  2.86108987e+02] 0.9679607035253147
[-3.03436022e+00  2.05366665e-01 -2.83614896e-01 -9.18935947e-01
  2.86112768e+02] 0.9833901314612267
[-3.05102096e+00 -1.23453434e-01  1.20348899e-01 -1.36787696e+00
  2.86275940e+02] 1.378699377792054
[-2.93030166e+00 -9.12718582e-02  1.21551489e-02 -1.25248707e+00
  2.86381871e+02] 1.2558670905696612
[-3.06837667e+00 -1.11886620e-01 -8.07738333e-02 -9.50288167e-01
  2.86031553e+02] 0.9602555013679226
[-2.95408928e+00 -2.09268518e-01 -3.08528074e-01 -9.65514156e-01
  2.86894148e+02] 1.0349881501400742
[-2.93875119e+00 -7.56854451e-02  6.82745287e-02 -1.03650336e+00
  2.86781135e+02] 1.0415031997800386
[-3.09893465e+00 -5.43226874e-02  1.74267561e-01 -6.44269120e-01
  2.85534128e+02] 0.6696288794007063
[-2.91831858e+00  1.48861257e-01  9.37753498e-02 -9.24450035e-01
  2.86496050e+02] 0.9410426964333122
[-3.06076505e+00  6.07960233e-03 -2.24894419e-01 -5.80238736e-01
  2.86195968e+02] 0.6223274477361947
[-2.98654536e+00  8.03120051e-02 -4.05612934e-02 -1.11882175e+00
  2.86375221e+02] 1.122433669412087
[-3.11176392e+00  1.77831013e-01 -2.32405434e-01 -1.18531783e+00
  2.86712153e+02] 1.2209072539964807
[-3.00498343e+00  2.80734007e-02 -9.54266642e-02 -1.11524352e+00
  2.85775473e+02] 1.119670694561463
[-3.04677892e+00  3.35415242e-01 -1.96244144e-01 -9.39470568e-01
  2.86967431e+02] 1.016671085634269
[-3.03204065e+00 -4.81555262e-01 -1.38339588e-02 -8.66530758e-01
  2.85193866e+02] 0.991444604093206
[-3.00216558e+00 -8.21623536e-02  1.11123667e-01 -8.09078774e-01
  2.85999438e+02] 0.8207969205116552
[-2.96560766e+00  1.37065752e-01  2.85993005e-01 -1.02203085e+00
  2.86461891e+02] 1.0701056350258125
[-2.97569159e+00  1.59347289e-02 -8.96043584e-04 -6.61442189e-01
  2.85026379e+02] 0.6616347091140238
[-2.95520881e+00  2.92141202e-02  3.00090861e-02 -9.17391729e-01
  2.86251135e+02] 0.9183472085162505
[-2.96932697e+00  2.24880104e-01  1.74484463e-01 -1.16932381e+00
  2.86931946e+02] 1.2034675113035465
[-2.98272978e+00 -1.02794872e-01  4.18782873e-02 -6.82683942e-01
  2.85478783e+02] 0.6916487124898435
[-2.91876839e+00 -4.63185356e-01  3.25442204e-02 -8.72800313e-01
  2.86129371e+02] 0.9886254025853217
[-3.02829112e+00  5.03059835e-02 -5.56037419e-01 -9.39593855e-01
  2.86203313e+02] 1.0929523852627587
[-3.02246889e+00 -3.20330383e-01 -3.03159733e-02 -9.36614236e-01
  2.85301907e+02] 0.9903417792206878
[-3.01850779e+00 -1.46544251e-01 -2.86409327e-01 -1.01661717e+00
  2.85316427e+02] 1.0663095234408775
[-2.91779321e+00  2.11669163e-01  1.09513703e-01 -1.07859736e+00
  2.86629039e+02] 1.1046127577521296
[-2.96317818e+00  5.33217727e-02  1.38597739e-01 -1.04309964e+00
  2.86947426e+02] 1.0536172985881254
[-3.00810174e+00 -2.33012931e-01  1.60387228e-01 -9.26546876e-01
  2.86398746e+02] 0.9687663298654119
[-3.01046232e+00 -3.87025081e-01  1.05703904e-02 -1.12506868e+00
  2.87201714e+02] 1.189823385760639
[-2.96069669e+00 -2.63260223e-02  1.43045640e-01 -1.39490913e+00
  2.86917368e+02] 1.4024715984814868
[-2.93735832e+00  5.45897936e-02  1.48497619e-01 -8.80067461e-01
  2.86592026e+02] 0.8941757794868868
[-2.98561127e+00 -4.26357961e-03  1.04590228e-01 -1.23960945e+00
  2.87853390e+02] 1.2440212509441286
[-3.01367853e+00 -4.67780661e-03  6.55964295e-02 -1.05597092e+00
  2.86291767e+02] 1.0580167060942072
[-3.00364936e+00 -2.61966003e-01  5.24386304e-02 -9.52658488e-01
  2.86534824e+02] 0.9894110321842241
[-2.91596223e+00  2.73722609e-01 -5.96065814e-02 -1.09493811e+00
  2.86337417e+02] 1.1302063889465248
[-2.97293248e+00 -1.76839099e-02  4.29340288e-01 -1.03782798e+00
  2.85355861e+02] 1.1232687612377776
[-3.07286509e+00 -1.66542836e-01  5.66259542e-02 -1.13751250e+00
  2.86433253e+02] 1.1510333176837593
[-2.93170163e+00 -6.92604676e-02  2.43605306e-01 -9.56085277e-01
  2.86424061e+02] 0.9890599648467739
[-2.97817302e+00 -2.77548344e-02 -1.18370508e-01 -9.65707773e-01
  2.86794108e+02] 0.9733310899510935
[-3.01427020e+00 -5.63361493e-02 -1.48783079e-01 -1.09531643e+00
  2.86415283e+02] 1.106809937996738
[-2.95813336e+00  2.17375776e-01  2.39388610e-02 -6.96933579e-01
  2.86214936e+02] 0.7304393954167485
[-2.89737298e+00 -5.73534433e-02 -3.68253643e-01 -8.92043078e-01
  2.86690718e+02] 0.9667683360011724
[-2.95766793e+00 -2.44246090e-01  5.98254644e-02 -9.11836510e-01
  2.86416482e+02] 0.9458758166598956
[-3.04152511e+00  3.36774271e-01 -2.66474553e-01 -8.76394475e-01
  2.85719445e+02] 0.9759574130530104
[-3.07294209e+00  2.03137914e-01  2.20439924e-01 -8.64515743e-01
  2.84884048e+02] 0.9150116071865828
[-3.01301953e+00 -2.71887155e-01 -3.14931398e-01 -8.97296152e-01
  2.86151196e+02] 0.9890625843106081
[-3.00217846e+00  1.91919640e-01 -2.39076814e-01 -1.02971328e+00
  2.86569615e+02] 1.0743836849629331
[-2.97622146e+00 -2.45978199e-01 -4.16213359e-01 -8.81405943e-01
  2.86624804e+02] 1.0052936240338908
[-2.96340346e+00  6.20436272e-02  8.18022629e-02 -8.26657894e-01
  2.86029774e+02] 0.8330091810942254
[-3.08353295e+00 -4.05336248e-02  7.23068068e-02 -1.20678046e+00
  2.85660463e+02] 1.209624041004884
[-2.94860744e+00  3.07236487e-01  7.33019036e-02 -1.09784162e+00
  2.86908078e+02] 1.1423763197005086
[-2.99226097e+00 -4.53032574e-02  3.56817366e-02 -7.37242179e-01
  2.86398506e+02] 0.739494152703388
[-3.00012870e+00 -4.91154683e-04 -6.94056006e-02 -1.09822336e+00
  2.86950080e+02] 1.100414436884818
[-2.98475288e+00  7.42445853e-02  3.89027183e-01 -1.09580370e+00
  2.85784959e+02] 1.1651781618307206
[-2.98030286e+00 -9.09049988e-02 -6.73141636e-02 -1.17258495e+00
  2.86057071e+02] 1.1780281766215484
[-3.02792360e+00 -3.39988594e-01  3.84674578e-02 -1.22067876e+00
  2.86115754e+02] 1.267725766515462
[-3.04820890e+00 -3.98567915e-01  7.90287231e-02 -1.07799225e+00
  2.86333478e+02] 1.152028306032741
[-3.03751981e+00 -3.39778918e-03 -2.04467182e-01 -1.03923715e+00
  2.85883432e+02] 1.0591658149715675
[-3.00419188e+00  9.50540349e-03 -6.99268488e-03 -7.83323883e-01
  2.86093332e+02] 0.7834127625683557
[-2.98514886e+00 -2.14119609e-01  4.93792405e-02 -9.61696313e-01
  2.86364628e+02] 0.9864812798366351
[-2.97456431e+00 -8.75829251e-02  1.25679307e-01 -1.25490315e+00
  2.86190819e+02] 1.2642183225446837
[-2.96590695e+00 -1.11685030e-01 -1.55508332e-01 -1.08382088e+00
  2.86516642e+02] 1.1006016979880873
[-2.98820262e+00 -1.74739663e-01  1.11665520e-01 -1.04153612e+00
  2.85948460e+02] 1.0619795794840596
[-2.97208847e+00 -1.56024998e-01 -4.21347610e-01 -6.54180616e-01
  2.86652376e+02] 0.7936182252831121
[-3.04603085e+00  5.74891122e-02 -1.13231422e-02 -9.33074525e-01
  2.85782852e+02] 0.9349124454609027
[-3.08006518e+00 -4.69205306e-02  3.12031986e-01 -1.08202015e+00
  2.86157901e+02] 1.1270905435928171
[-3.02081532e+00  5.00870097e-03  4.17814456e-01 -1.19731017e+00
  2.86629087e+02] 1.2681268290080179
[-3.01308974e+00  2.08388828e-01  4.73743273e-02 -6.81713179e-01
  2.85580489e+02] 0.7144250053628384
[-3.01713785e+00  1.36378270e-01  3.80138533e-01 -1.08272747e+00
  2.86949730e+02] 1.1555964314242169
[-2.91597152e+00  1.88066980e-01  1.55477056e-02 -8.99152673e-01
  2.86445379e+02] 0.9187417751181272
[-2.99416937e+00 -1.22981221e-01  5.41440253e-02 -6.69342845e-01
  2.86218748e+02] 0.6826974441337561
[-2.99946821e+00 -1.17327074e-01  2.57014631e-01 -9.97668012e-01
  2.85795189e+02] 1.03690097124781
[-3.02720957e+00 -1.28369990e-01  2.00500020e-01 -9.56355924e-01
  2.85059069e+02] 0.9855433857085423
[-2.95118662e+00  6.36894028e-02  8.88518597e-02 -1.17072550e+00
  2.85526305e+02] 1.175818514090288
[-3.00812985e+00  2.87686357e-01 -2.67112245e-01 -1.12406471e+00
  2.86845926e+02] 1.1906443041607444
[-3.00049019e+00 -9.97662818e-02  1.66303915e-01 -8.78570371e-01
  2.86215832e+02] 0.8997200675369976
[-2.91768174e+00  3.90266185e-01 -2.20018551e-01 -1.19478131e+00
  2.86553475e+02] 1.2760165484538137
[-2.97719374e+00  8.66755416e-02  2.37494996e-02 -1.45912059e+00
  2.86673967e+02] 1.4618856275426748
[-2.93265110e+00  3.39138330e-01  1.68242125e-01 -1.21255855e+00
  2.86775313e+02] 1.270282826347171
[-2.99434106e+00 -5.14515429e-02  7.41014383e-02 -9.83211138e-01
  2.87185893e+02] 0.987341088938905
[-3.01074713e+00 -1.60310997e-01  1.91040373e-02 -9.85085753e-01
  2.86108982e+02] 0.9982276894517235
[-2.96904113e+00 -2.88840770e-02  3.52691511e-01 -1.12452660e+00
  2.85626724e+02] 1.1788917121546347
[-3.03503622e+00 -3.32239792e-01 -1.89057357e-01 -6.82357950e-01
  2.86078431e+02] 0.7821370315247864
[-3.09422311e+00  9.79605908e-02 -3.64613413e-01 -6.24044102e-01
  2.83538194e+02] 0.7293629135494395
[-2.85729247e+00 -1.21061947e-01 -4.40247600e-02 -1.06085515e+00
  2.87149187e+02] 1.0686476624401997
[-3.00363960e+00  2.36300444e-01  3.44170093e-01 -8.95105224e-01
  2.86044372e+02] 0.9876762194170827
[-3.02306708e+00 -2.18132420e-01 -1.63332187e-01 -1.01229053e+00
  2.84857042e+02] 1.048327842588338
[-3.08859198e+00  6.57389263e-02  5.14897330e-02 -9.69250200e-01
  2.85803619e+02] 0.972840556838914
[-2.91351006e+00  3.48700320e-02 -1.23484947e-01 -1.09231509e+00
  2.86150620e+02] 1.0998257577446107
[-2.97280854e+00  2.62262816e-01  3.13092823e-03 -1.08300752e+00
  2.85291440e+02] 1.1143145347158177
[-3.00430921e+00 -1.13746076e-01 -2.60036731e-01 -7.45702436e-01
  2.85781855e+02] 0.7978905906231958
[-2.91534503e+00  6.62498440e-02 -1.65758831e-01 -8.26472608e-01
  2.86630560e+02] 0.8455306046078174
[-3.04833582e+00  7.24085555e-02 -2.71819705e-01 -1.32997217e+00
  2.86742295e+02] 1.3593950560966104
[-2.93087927e+00 -1.03924070e-01 -3.29275378e-02 -8.93382620e-01
  2.85971341e+02] 0.9000094111964297
[-3.00566705e+00  2.67464758e-01 -1.64472886e-01 -1.32932233e+00
  2.87493565e+02] 1.365901382739176
[-2.97425907e+00  1.04782199e-01 -1.81825383e-01 -1.22147766e+00
  2.86952600e+02] 1.2393738132437913
[-2.96322880e+00 -2.24386532e-02  6.36611914e-02 -8.09491339e-01
  2.85631397e+02] 0.8123007254724245
[-3.07203064e+00  7.41510818e-02 -3.10345031e-02 -8.03515926e-01
  2.85783132e+02] 0.8075266974049479
[-3.10721755e+00  3.02697352e-01  2.01025198e-02 -9.97753894e-01
  2.85715994e+02] 1.0428531202074007
[-3.01130421e+00  4.88625459e-02  1.92464607e-01 -7.71857225e-01
  2.85497820e+02] 0.7969904322142435
[-2.99602739e+00 -2.23278537e-01  1.39951491e-01 -1.11810949e+00
  2.86706460e+02] 1.148742166719545
[-3.07213865e+00 -3.67881929e-02  2.22157355e-02 -8.18398865e-01
  2.86173253e+02] 0.8195264566072514
[-3.09282602e+00 -2.56976677e-02  1.32702664e-01 -8.68846098e-01
  2.84116750e+02] 0.8792973952180628
[-2.95907601e+00  5.21503022e-02  1.92786867e-01 -1.06925116e+00
  2.85816119e+02] 1.0877428345469726
[-3.10417073e+00  2.39617837e-01  1.23411010e-01 -9.63727919e-01
  2.84831332e+02] 1.0007089916847145
[-2.94225911e+00  2.70220803e-01 -1.02445532e-01 -1.12670527e+00
  2.86377711e+02] 1.1631763113570017
[-2.98391226e+00  1.57433866e-02  5.45706701e-02 -1.09013816e+00
  2.86052340e+02] 1.0916166992413872
[-2.88380741e+00 -4.55578849e-02  4.32316870e-02 -8.41934824e-01
  2.86877289e+02] 0.8442740950672684
[-3.07418311e+00  1.12284394e-01  2.99514785e-02 -1.03703827e+00
  2.85103418e+02] 1.0435292230652702
[-3.05853190e+00 -1.17589673e-01  3.37651183e-02 -1.19238194e+00
  2.86490607e+02] 1.198641774318032
[-3.04060729e+00 -1.50928212e-01  1.34573739e-01 -1.10229722e+00
  2.85870794e+02] 1.1206911148225616
[-2.96690377e+00  5.42650467e-02  9.19616275e-02 -9.70181709e-01
  2.86369006e+02] 0.9760400525949533
[-3.01733170e+00 -2.30704578e-01 -2.12407945e-01 -1.13190939e+00
  2.86013105e+02] 1.174546979722356
[-3.07189404e+00 -2.43501732e-01  1.93924535e-01 -1.24254053e+00
  2.86700258e+02] 1.280939811128476
[-2.96172101e+00  2.83566437e-01 -1.02742502e-02 -1.08954371e+00
  2.86470630e+02] 1.1258867544141302
[-2.95586548e+00  1.06048340e-01 -1.97123992e-01 -6.89491170e-01
  2.86621441e+02] 0.7249152999029957
[-3.01994519e+00 -1.39724155e-02 -1.74801320e-01 -9.57075582e-01
  2.86333844e+02] 0.9730079137419874
[-3.02963179e+00 -9.25029692e-02  1.68708959e-01 -9.71345595e-01
  2.86456100e+02] 0.9902180456158881
[-3.08636101e+00  9.69335907e-02  5.57637939e-02 -9.97754214e-01
  2.85197943e+02] 1.0040015905354425
[-3.05497267e+00 -4.67183879e-01 -1.90117092e-01 -9.76724200e-01
  2.87736369e+02] 1.0992704160097564
[-3.08490032e+00 -8.32497697e-02  2.19846417e-01 -1.08191393e+00
  2.85667915e+02] 1.1071588539221524
[-2.94990548e+00 -3.17207073e-02 -3.25182986e-01 -7.48088119e-01
  2.85509389e+02] 0.8163246970882136
[-3.01766250e+00  1.56479715e-01  6.24246901e-02 -1.19108005e+00
  2.86959894e+02] 1.2029357535983556
[-2.96804676e+00 -3.39251674e-01 -1.41830546e-01 -7.68956066e-01
  2.85738385e+02] 0.8523502999542675
[-2.98527503e+00  8.72135679e-02  6.99952742e-02 -1.20625362e+00
  2.85837206e+02] 1.2114261631469034
[-2.95414558e+00 -7.46439842e-02  1.37727326e-01 -1.40007433e+00
  2.87518998e+02] 1.4088110837043453
[-2.95559426e+00 -3.61310937e-01 -4.67558095e-02 -8.89883947e-01
  2.86462250e+02] 0.9615743017141435
[-2.95398818e+00 -2.49182026e-01 -2.53824305e-01 -9.61315603e-01
  2.85734051e+02] 1.0250103164217392
[-2.93299650e+00  3.81283380e-01  1.93234031e-01 -1.02808111e+00
  2.86344633e+02] 1.113403421641665
[-2.99347223e+00 -1.00468076e-01 -1.08177955e-01 -1.11660302e+00
  2.87050801e+02] 1.1263208251684718
[-2.96990049e+00 -2.80049832e-01  3.47374482e-03 -7.52106162e-01
  2.86062206e+02] 0.8025606854968362
[-3.03219190e+00  9.89929681e-02  5.41141916e-02 -7.14157030e-01
  2.84961629e+02] 0.7230132895931857
[-2.92312700e+00 -3.45063407e-01 -2.65124176e-01 -8.95447849e-01
  2.85649788e+02] 0.9955834640991255
[-3.07251410e+00  9.46403668e-02 -1.56346055e-01 -8.46129224e-01
  2.85126030e+02] 0.8656416988941361
[-3.03962753e+00 -2.41976621e-01 -2.85282108e-01 -9.58993361e-01
  2.85899387e+02] 1.0293720576859418
[-2.99557435e+00 -2.26229932e-01  3.25411358e-01 -1.03126905e+00
  2.86572510e+02] 1.1048024187909562
[-3.04192781e+00  1.09665890e-01 -1.19706001e-01 -1.00407697e+00
  2.86112699e+02] 1.0171168531253816
[-3.03566048e+00  2.85950494e-01 -8.58215399e-02 -1.06955886e+00
  2.85868917e+02] 1.1104454882149701
[-2.97975786e+00  2.33567886e-01 -3.55660674e-01 -1.04563166e+00
  2.86505828e+02] 1.1288906197841115
[-2.97302885e+00  1.91711434e-01 -1.89310040e-01 -8.65984589e-01
  2.87303963e+02] 0.9069293649037945
[-3.00631950e+00 -1.27273278e-01  1.52299652e-01 -1.21839835e+00
  2.86424255e+02] 1.234458673205254
[-2.95789375e+00  1.58690675e-01 -5.97273629e-02 -6.78189057e-01
  2.85981031e+02] 0.6990640062659371
[-3.05573738e+00 -5.92593560e-02  6.90182834e-02 -1.16561799e+00
  2.86279609e+02] 1.1691623060923095
[-2.97346717e+00  1.68859122e-01 -7.40378201e-02 -1.15756845e+00
  2.85803681e+02] 1.1721602789647572
[-2.98645829e+00  9.82487855e-02  9.80972824e-02 -1.10617689e+00
  2.86083295e+02] 1.1148556865724892
[-2.87900380e+00  8.92075787e-03 -1.49676569e-01 -9.88747012e-01
  2.87380862e+02] 1.0000516533727035
[-2.97833878e+00  1.20414200e-01 -1.71459531e-01 -6.86731143e-01
  2.85204361e+02] 0.7179816240051737
[-3.03909125e+00  1.47410364e-01  2.11142011e-02 -1.55040980e+00
  2.87532361e+02] 1.5575449222569047
[-2.97084560e+00 -2.56952305e-01  5.49879968e-02 -8.75148805e-01
  2.85473719e+02] 0.913747010016365
[-3.00999370e+00 -3.01075454e-01 -2.80004899e-01 -8.19825943e-01
  2.85457070e+02] 0.91714979615724
[-2.89972200e+00  1.34464897e-01 -8.02377184e-02 -7.29018474e-01
  2.85174094e+02] 0.7456452478440727
[ -3.0871316    0.37659216  -0.35794404  -1.18780147 285.49931408] 1.2964636169423096
[-3.05027291e+00  2.35037419e-02  1.31452963e-01 -1.10838479e+00
  2.85014524e+02] 1.1164000841372699
[-2.97245133e+00 -7.75716601e-02 -3.55026367e-02 -1.07786550e+00
  2.86149329e+02] 1.0812362506201505
[-2.95769628e+00  1.56399033e-01 -1.43688033e-03 -6.47188622e-01
  2.86162917e+02] 0.6658196710420976
[-2.93048594e+00  7.74229298e-02  3.09877347e-02 -8.50529120e-01
  2.86158431e+02] 0.8546077076313174
[-3.04373284e+00  4.69615240e-01 -1.37889950e-01 -1.07858243e+00
  2.85896563e+02] 1.184437493439791
[-3.10770583e+00  2.94907971e-02  9.79091168e-02 -1.08558632e+00
  2.84975711e+02] 1.090391471887597
[-2.94806968e+00 -6.86979633e-02  6.49124157e-02 -1.08950031e+00
  2.86131309e+02] 1.0935922289549789
[-2.97113826e+00  1.09046212e-01 -2.69920834e-04 -1.15983919e+00
  2.86153957e+02] 1.164954116247941
[-3.03222975e+00  1.78090162e-01 -1.80989412e-01 -9.77447194e-01
  2.85298672e+02] 1.0098892466202676
[-3.00169809e+00 -5.04605112e-02 -1.62581646e-01 -7.43164621e-01
  2.85312059e+02] 0.762412426899813
[-2.98829128e+00  5.56075223e-02 -3.27151545e-01 -1.01888927e+00
  2.86347490e+02] 1.0715669265030552
[-2.98180911e+00  2.33254101e-01 -2.36462988e-01 -1.05587203e+00
  2.86898637e+02] 1.1068820875433132
[-3.00640953e+00 -3.53180194e-01  2.71425512e-01 -1.34866529e+00
  2.86434485e+02] 1.4203190231218044
[-3.01550928e+00 -1.69638137e-01 -1.75362876e-01 -1.19561803e+00
  2.86530298e+02] 1.2202588738512568
[-2.96114396e+00 -8.15622265e-02 -1.88880724e-01 -1.05203737e+00
  2.87185696e+02] 1.0719659265460204
[-2.93458244e+00 -3.53459553e-02  1.21635412e-01 -1.24530907e+00
  2.85867039e+02] 1.2517344733235256
[-2.97247747e+00  1.41516868e-01  1.29205686e-02 -8.29399170e-01
  2.86115594e+02] 0.8414849662940249
[-3.00747571e+00  1.53099326e-01  1.65294929e-01 -1.11340743e+00
  2.85783222e+02] 1.1359744377754197
[-3.04279289e+00 -6.81490215e-02 -2.20636358e-01 -1.07573579e+00
  2.86516821e+02] 1.1002418715183357
[-3.04355281e+00 -3.18241002e-01  3.23154686e-02 -8.76894576e-01
  2.84181260e+02] 0.933416157124383
[-2.98468837e+00 -1.16357875e-01  5.25098161e-02 -9.29894558e-01
  2.86085682e+02] 0.9386161752992647
[-2.98755702e+00  3.59429284e-02 -1.02404636e-01 -9.93250912e-01
  2.85627793e+02] 0.9991626383520172
[-3.02902357e+00 -1.57876101e-01  4.90100937e-02 -9.09856458e-01
  2.86275714e+02] 0.9247516564883146
[-2.97193354e+00  1.37873534e-01 -1.55860501e-01 -7.44987024e-01
  2.85749747e+02] 0.773503247529306
[-2.95467064e+00  2.05118831e-01  2.39816055e-01 -1.04405764e+00
  2.86763416e+02] 1.0907070325006656
[-2.90197837e+00  1.95182251e-01 -7.48325445e-02 -1.50220555e+00
  2.88777021e+02] 1.5166797755443808
[-3.04641924e+00  2.37557579e-01  5.07651815e-02 -1.18170360e+00
  2.86948442e+02] 1.206413738019653
[-2.99688168e+00  3.33493183e-02  1.30072122e-02 -1.00692441e+00
  2.86355172e+02] 1.0075604832488787
[-2.93875147e+00 -3.36098138e-01  2.12557617e-01 -1.17154091e+00
  2.85575320e+02] 1.2371947323385053
[-3.06366504e+00  1.72486062e-01  9.30983680e-02 -9.67160103e-01
  2.87187790e+02] 0.9868218746028169
[-3.04743983e+00 -1.06252046e-01 -1.79871599e-01 -1.06033040e+00
  2.85568687e+02] 1.080714504513861
[-2.89626503e+00  2.72359564e-01  1.65743002e-01 -1.01855252e+00
  2.86369864e+02] 1.0672861440958425
[-3.06440827e+00 -1.27779180e-02 -1.03803663e-01 -7.76959079e-01
  2.85804939e+02] 0.7839667638216842
[-2.98911252e+00 -6.19815320e-02 -3.09154645e-01 -8.64492763e-01
  2.85311689e+02] 0.9201989146303059
[-2.99921785e+00  5.63468917e-02 -2.38047366e-01 -1.19717501e+00
  2.85473097e+02] 1.221912242768019
[-2.95975590e+00 -1.15432856e-02 -7.67107086e-02 -9.26741467e-01
  2.86744707e+02] 0.9299825407697075
[-3.01197519e+00  1.95447729e-01 -2.36129605e-01 -1.07250846e+00
  2.86027889e+02] 1.1154512114142927
[-2.93771715e+00 -1.66255201e-01  1.85636878e-01 -9.01850771e-01
  2.85943507e+02] 0.9356477201968522
[-3.02124066e+00 -7.97658039e-02  6.09230905e-02 -1.30078656e+00
  2.86666287e+02] 1.304653163409435
[-3.00087078e+00 -2.88620377e-01  2.06556507e-01 -1.30781143e+00
  2.86228029e+02] 1.3551155127862637
[-2.98447873e+00  1.40882920e-03  2.68704467e-01 -1.30356048e+00
  2.86058655e+02] 1.3309673160383697
[-3.00358804e+00 -3.69883306e-02  1.86742118e-03 -1.19975925e+00
  2.86264134e+02] 1.200330739789172
[-2.93765503e+00 -2.20230160e-01  3.33451168e-02 -1.12069395e+00
  2.85590931e+02] 1.1426146100023367
[-2.95174056e+00  1.25144828e-01  4.99826799e-02 -1.21554633e+00
  2.87120369e+02] 1.222993206549965
[-2.95429041e+00 -2.64246329e-01 -2.36134645e-01 -1.37497843e+00
  2.86339099e+02] 1.419912457379376
[-3.01139985e+00 -1.30145427e-01 -2.85384469e-01 -1.22902972e+00
  2.86548340e+02] 1.2684227100276781
[-2.96705644e+00  1.07036399e-01 -1.58292380e-01 -9.73329882e-01
  2.85837354e+02] 0.991909434884215
[-3.03836048e+00 -1.95419568e-01  2.49281950e-01 -1.09141460e+00
  2.85957651e+02] 1.1364489137587186
[-2.98232265e+00  1.25553769e-01 -3.03111526e-01 -8.69151895e-01
  2.85598265e+02] 0.9290131122921811
[-2.98697932e+00 -1.54620577e-02 -2.16228302e-01 -9.13409041e-01
  2.86395167e+02] 0.9387810340237046
[-3.10636429e+00  9.32909909e-03 -9.78973046e-02 -1.19739713e+00
  2.85510149e+02] 1.2014286459470451
[-3.01678369e+00  2.84546188e-02  2.04513508e-01 -8.61045369e-01
  2.85757201e+02] 0.8854572646832232
[-3.08624306e+00  8.15434738e-02  6.28492034e-02 -1.22128199e+00
  2.85529099e+02] 1.2256137518996713
[-2.98523554e+00  1.16006919e-01  1.33720172e-01 -1.19491505e+00
  2.85992050e+02] 1.207957230239394
[-3.06577292e+00  1.93374626e-01 -2.93547356e-01 -1.33615249e+00
  2.86043634e+02] 1.3816176294751212
[-2.96378503e+00 -1.20836868e-01  3.99534377e-01 -1.02833179e+00
  2.85378847e+02] 1.1098177964074394
[-2.93986050e+00 -3.88234614e-01  1.08346927e-01 -1.07143789e+00
  2.86364978e+02] 1.1447464026069911
[-2.97909455e+00 -8.21697017e-02  1.97257685e-01 -1.04535980e+00
  2.86359779e+02] 1.0669768343917718
[-2.97898330e+00 -1.88252175e-01 -3.68986529e-01 -9.70570431e-01
  2.87265159e+02] 1.0552710082207817
[-3.04992962e+00 -1.39709532e-01 -1.60952164e-01 -7.98975767e-01
  2.85627395e+02] 0.8269139182192565
[-2.98112399e+00 -7.76183459e-02 -1.20201888e-01 -1.03213024e+00
  2.85342809e+02] 1.042000925213349
[-3.01935257e+00 -2.71896617e-01  8.89833869e-02 -1.10943871e+00
  2.85992499e+02] 1.1457312368111323
[-3.00486063e+00  8.02184997e-02 -1.43544640e-02 -8.62420930e-01
  2.85525033e+02] 0.8662626153537626
[-3.01524325e+00  4.50200846e-01  1.17776956e-01 -1.10319629e+00
  2.86539297e+02] 1.1973279680273532
[-2.97503446e+00  5.91786609e-02 -3.35684754e-01 -8.07325382e-01
  2.86175522e+02] 0.8763336351976896
[-2.83978100e+00 -6.67647994e-02 -1.03868752e-01 -6.35284704e-01
  2.86901686e+02] 0.6471730145539367
[ -3.06477331   0.37661025   0.31593912  -1.2096559  285.61956583] 1.3057259275897326
[-2.96679688e+00  3.69824380e-03  1.49824818e-02 -9.59997128e-01
  2.85835623e+02] 0.9601211578613106
[-3.02713339e+00  2.91857804e-01 -2.42942682e-01 -9.03987045e-01
  2.85532246e+02] 0.9805073700055741
[-2.97858591e+00 -1.65922819e-01 -8.81916382e-02 -9.98339203e-01
  2.85390047e+02] 1.0158687469694372
[-2.95735483e+00  1.52550909e-01  1.86833377e-01 -1.10616195e+00
  2.86646685e+02] 1.1321540289094867
[-3.07430944e+00 -3.93415217e-03 -2.73319884e-01 -1.24684640e+00
  2.86115574e+02] 1.2764580636092873
[-3.06311827e+00 -1.30176098e-01 -3.73633359e-02 -9.19407626e-01
  2.84573887e+02] 0.9293289071329023
[-3.01566479e+00  1.09825949e-01 -2.84040520e-02 -1.01275738e+00
  2.86006446e+02] 1.0190907939024567
[-3.04077585e+00  1.97838695e-01 -2.48572925e-01 -1.09194515e+00
  2.85476101e+02] 1.1372215501469165
[-3.02122278e+00  1.07523371e-01  1.89615937e-01 -8.22423930e-01
  2.86962616e+02] 0.8508211325531773
[-2.99426473e+00  1.92087458e-01 -3.49675209e-01 -1.12687155e+00
  2.85149018e+02] 1.1954119972326482
[-2.98631263e+00  2.41250927e-01 -8.12303875e-02 -1.27000862e+00
  2.86706942e+02] 1.29526918761607
[-2.98412497e+00  5.66984745e-02  9.02370617e-02 -1.30003462e+00
  2.86372339e+02] 1.3043954344577182
[-3.12042014e+00  4.49751527e-01  5.50717325e-02 -9.60306231e-01
  2.84857271e+02] 1.061836799609461
[-2.93602535e+00  1.17142444e-02 -1.76856655e-01 -1.17711472e+00
  2.87220219e+02] 1.1903842087687635
[-3.00150742e+00  6.04576872e-02  3.27068474e-01 -9.51210718e-01
  2.86268468e+02] 1.0076858378827338
[ -3.00257888  -0.29603407  -0.49919686  -0.65177297 286.46505556] 0.8727208471566217
[-2.95926500e+00  9.59730694e-02  2.77937256e-02 -8.69019748e-01
  2.86890290e+02] 0.8747449023275276
[-2.92872739e+00  2.98550528e-01 -1.49178319e-01 -1.06932393e+00
  2.86496285e+02] 1.1201965256405286
[-2.98505651e+00 -5.68374309e-02  1.25145653e-01 -1.36555386e+00
  2.86067111e+02] 1.3724537373355925
[-3.02327677e+00 -1.80798027e-01 -1.25133874e-01 -1.04560538e+00
  2.87139351e+02] 1.0684741569146885
[-2.95722660e+00 -9.14143763e-03  8.55471774e-02 -1.30616390e+00
  2.86630569e+02] 1.3089942729603166
[-3.01786462e+00 -2.00108492e-01  3.08224599e-03 -9.82851356e-01
  2.86547546e+02] 1.003020287103944
[ -3.01814012   0.33407949   0.28963971  -0.93060925 285.68614992] 1.030307646520909
[-3.00826222e+00 -5.87946045e-01  1.60982789e-01 -1.24269220e+00
  2.86568049e+02] 1.3841531407685346
[-3.02214592e+00  6.45361595e-03  3.22325125e-01 -8.97354736e-01
  2.85426824e+02] 0.9535096531052758
[-2.97038602e+00  4.98031684e-02  1.97220801e-01 -8.36425695e-01
  2.85665588e+02] 0.8608044745899494
[-2.97339126e+00 -3.90577615e-02 -1.84237137e-03 -6.56483935e-01
  2.85150883e+02] 0.6576473671496827
[-3.09626344e+00 -7.45816550e-02 -7.22841627e-02 -6.46673826e-01
  2.84762117e+02] 0.6549614196776569
[-2.94501353e+00  3.98611520e-01  1.53215456e-01 -9.13536020e-01
  2.85699603e+02] 1.008421627531734
[-2.96576884e+00  1.22794901e-02  5.63989143e-02 -1.08620254e+00
  2.85257851e+02] 1.0877350661449257
[-2.94178432e+00 -7.48649731e-02  1.76616354e-01 -8.78845376e-01
  2.86598229e+02] 0.8995372674058725
[-2.96951549e+00  6.46323125e-04 -1.92199119e-02 -7.52100554e-01
  2.85799250e+02] 0.7523463740845626
[-3.02757722e+00 -4.77375577e-02  2.03786754e-01 -1.00258003e+00
  2.86504758e+02] 1.0241946309047152
[-2.93367799e+00  2.11239884e-01  1.95462425e-01 -1.13973575e+00
  2.86598956e+02] 1.175510710714994
[-3.02884083e+00 -1.19589358e-01  3.68952037e-02 -1.13664091e+00
  2.86504975e+02] 1.143510132942055
[-2.93965673e+00  2.42479780e-02 -4.39105781e-02 -1.12433138e+00
  2.85166397e+02] 1.1254497552591245
[-2.95847608e+00 -1.39369198e-01  3.64393085e-02 -1.01932498e+00
  2.85872366e+02] 1.029453739339409
[-2.98160228e+00  8.29679795e-02 -2.58201915e-02 -1.28097547e+00
  2.85562736e+02] 1.2839192060948925
[-3.04894396e+00 -2.03254441e-02  2.07805947e-01 -9.66917311e-01
  2.86274413e+02] 0.9892044895606661
[-2.96232236e+00 -8.97483361e-02 -1.63179605e-01 -1.16399874e+00
  2.86983984e+02] 1.178802535099793
[-3.00551742e+00 -1.41584014e-01 -2.62418639e-01 -1.12794755e+00
  2.86198280e+02] 1.166694151771387
[-2.96486011e+00  3.10670063e-01  3.13540739e-02 -6.61783529e-01
  2.84832168e+02] 0.7317488675172481
[-2.86957098e+00  1.40978662e-01 -4.41302192e-01 -9.74054437e-01
  2.86487200e+02] 1.0786123746726746
[-2.97294216e+00 -6.41558652e-02  3.77880132e-01 -1.25667750e+00
  2.85720023e+02] 1.3138294028309745
[-2.99378662e+00  7.58303593e-02 -4.08022591e-02 -1.15060322e+00
  2.86491661e+02] 1.1538209707757319
[-3.08800806e+00  3.21630812e-01 -3.43321394e-02 -8.50612850e-01
  2.85543237e+02] 0.9100369753558201
[-2.89482880e+00  1.61105079e-01  3.21432859e-01 -1.06577115e+00
  2.85402345e+02] 1.1247853450313186
[-2.95866925e+00 -1.84947164e-01 -1.26188780e-03 -1.03209317e+00
  2.85867758e+02] 1.0485339048526632
[-3.03362792e+00  6.14830510e-02  8.55708960e-02 -9.00101079e-01
  2.84505502e+02] 0.9062474810474379
[-2.96900951e+00 -1.09754301e-01 -5.55538622e-03 -9.55574612e-01
  2.86831628e+02] 0.9618730206505595
[-2.99200641e+00  1.26180558e-01  7.90051321e-03 -1.37524001e+00
  2.86469509e+02] 1.3810391151806047
[-2.98487291e+00 -2.77863081e-01  2.90026072e-01 -1.10565607e+00
  2.86207903e+02] 1.176349590199949
[-3.03110126e+00  6.26844809e-02 -2.86002172e-02 -8.88561391e-01
  2.84284220e+02] 0.8912287371876448
[-3.01849225e+00  1.86163053e-01  1.41164021e-02 -1.04891776e+00
  2.85189418e+02] 1.065403411296803
[-3.02899617e+00 -2.48518614e-02 -2.41454292e-01 -1.13110499e+00
  2.86298589e+02] 1.1568562107236566
[-2.95042551e+00 -1.72775529e-01 -3.48989508e-02 -8.58410034e-01
  2.86069545e+02] 0.8763202077517223
[-2.97029687e+00 -1.50557085e-01  5.79889684e-02 -8.34812994e-01
  2.85356098e+02] 0.8502604846547223
[-3.08003572e+00  2.35677440e-01  2.52535404e-01 -1.06865715e+00
  2.86172085e+02] 1.1230966492075616
[-3.03977362e+00  8.82514351e-02  5.29263396e-02 -7.63434311e-01
  2.85751654e+02] 0.7703385364463755
[-2.95018111e+00 -8.89029784e-02  5.15107218e-02 -8.45497096e-01
  2.86662752e+02] 0.851717343801331
[-2.97361469e+00 -1.19619493e-01  4.52554070e-01 -8.49820117e-01
  2.84901297e+02] 0.9702104106232428
[-3.01331202e+00  2.61223889e-01  4.58294335e-01 -8.72290596e-01
  2.85563659e+02] 1.0193932027262094
[-3.00176113e+00  2.27827479e-01 -3.27825783e-02 -1.22095065e+00
  2.86439164e+02] 1.2424574611603405
[-2.99307648e+00  3.20271229e-02  9.60131324e-02 -8.39407684e-01
  2.85631110e+02] 0.8454877400642755
[-2.98627830e+00 -4.74640052e-01 -1.84635431e-01 -9.72391085e-01
  2.86336451e+02] 1.0976874981569231
[-2.98719641e+00  4.11077742e-01  2.68394261e-01 -1.07139937e+00
  2.86382051e+02] 1.1785232270783659
[-3.04007202e+00 -2.22676705e-01 -2.09736190e-01 -1.02810418e+00
  2.85795063e+02] 1.0726473725680516
[-2.94358360e+00 -2.57754787e-01 -1.60353354e-01 -7.98269351e-01
  2.86081183e+02] 0.8540402130628978
[-3.06798596e+00  8.15129727e-02 -1.55853994e-01 -1.14916999e+00
  2.86341421e+02] 1.162551719677745
[-3.07690281e+00 -2.31674792e-01  2.34059888e-01 -1.23894466e+00
  2.86200406e+02] 1.281967670737513
[-3.00456388e+00 -1.05822823e-02 -4.46918064e-02 -1.07917662e+00
  2.86234804e+02] 1.0801534726597
[-2.96864627e+00 -1.36120452e-01  1.36907182e-01 -1.12810296e+00
  2.86202204e+02] 1.1445036640254358
[-2.96881868e+00  1.05199845e-01  1.90959844e-01 -1.14072224e+00
  2.86358130e+02] 1.1613698393523137
[-2.89873679e+00 -1.01503626e-01 -7.15406550e-02 -8.76283966e-01
  2.86753606e+02] 0.8850393436537712
[-2.99451747e+00  3.70913032e-01 -4.86647711e-02 -1.34648811e+00
  2.86521963e+02] 1.397488803276975
[-3.02372050e+00  2.64221395e-02  3.09659776e-01 -8.06563344e-01
  2.86187383e+02] 0.8643678231710386
[-2.96099961e+00 -4.37187876e-03  2.94154667e-02 -1.05830374e+00
  2.87614355e+02] 1.0587214855871232
[-2.97411809e+00 -2.06657558e-01  1.31164357e-01 -9.92908438e-01
  2.86445432e+02] 1.0226331707472143
[-2.95948499e+00  2.37936403e-01  1.51307713e-01 -1.08887105e+00
  2.86998844e+02] 1.1247879441154773
[-2.99839670e+00  1.07242257e-01  9.07280452e-02 -9.14151057e-01
  2.85051970e+02] 0.924880875957719
[-2.92720740e+00  1.63953953e-01 -4.11138574e-02 -9.57052829e-01
  2.86719809e+02] 0.97186489011674
[-3.00272385e+00  2.75587568e-01  3.41588301e-01 -1.03614333e+00
  2.86342913e+02] 1.1252662266260658
[-3.01547149e+00 -1.15964060e-01  1.20977478e-01 -6.99666922e-01
  2.85612047e+02] 0.7194560554388947
[-3.05131671e+00 -4.05443860e-02 -3.01170848e-01 -1.17070968e+00
  2.85605129e+02] 1.209507704762455
[-2.89433499e+00 -2.74725801e-01  2.35007092e-01 -1.20966223e+00
  2.87089283e+02] 1.2625313138714964
[-2.99198128e+00 -2.80880840e-03  1.32474534e-02 -7.00360582e-01
  2.85827143e+02] 0.700491490966317
[-3.04716398e+00 -1.41755087e-01 -1.94540776e-01 -7.45678677e-01
  2.85314945e+02] 0.783567041142445
[-2.94494540e+00  2.49895997e-01 -3.38158368e-01 -9.08968398e-01
  2.86667397e+02] 1.0015101799725201
[-3.01095363e+00  1.06145443e-02  7.22502833e-02 -1.01640905e+00
  2.84934339e+02] 1.0190290106358884
[-2.94320556e+00 -1.56398158e-01 -5.89165482e-02 -7.88019122e-01
  2.84718790e+02] 0.8055468208467742
[-2.93834240e+00 -1.69170786e-02 -1.31268319e-01 -7.33611891e-01
  2.86017611e+02] 0.7454555427792839
[-2.99265925e+00 -3.77415507e-01 -1.46923161e-01 -9.66599590e-01
  2.86305089e+02] 1.0480189153818087
[-3.02309809e+00 -1.41181900e-01  2.29233702e-01 -1.01703772e+00
  2.86426835e+02] 1.0520675604324534
[-3.16175769e+00 -7.70904958e-02  5.74514142e-04 -9.08785004e-01
  2.85592781e+02] 0.9120490435987562
[-3.02595339e+00 -4.12400441e-02 -2.15707772e-01 -1.28036764e+00
  2.86096684e+02] 1.2990657712906934
[-3.00889042e+00  9.19351605e-02 -4.22528052e-01 -1.36485749e+00
  2.87716195e+02] 1.4317185473314158
[-2.93587569e+00  2.48231119e-01  1.22793519e-02 -1.32946186e+00
  2.85738488e+02] 1.352493366122872
[-2.99441226e+00  3.42587912e-01  1.67038722e-01 -1.14645043e+00
  2.85963532e+02] 1.2081460995084368
[-2.94227742e+00  3.89985860e-01  7.72777168e-02 -1.09602429e+00
  2.87370227e+02] 1.1659031097253745
[-3.00127146e+00 -3.83354005e-01 -1.60338466e-01 -1.12741297e+00
  2.86897178e+02] 1.201552625321913
[-3.05451521e+00  6.18874060e-02  3.94867838e-02 -7.82992379e-01
  2.84252580e+02] 0.7864262982908803
[-2.98126066e+00  2.31785247e-01 -2.39885040e-01 -7.31113729e-01
  2.85402966e+02] 0.8036146579697796
[-2.95377090e+00 -1.66590080e-01  2.47166873e-01 -6.80657830e-01
  2.86395374e+02] 0.7430604276217668
[-3.02624154e+00  2.07125474e-01 -1.23682466e-01 -8.47501010e-01
  2.85959198e+02] 0.8811675639571455
[-3.06310316e+00 -8.09851926e-02 -4.33039182e-02 -1.16463759e+00
  2.86309968e+02] 1.1682527712190134
[-3.04392436e+00 -3.36797148e-02 -2.55920988e-01 -9.37783837e-01
  2.86262757e+02] 0.972660475453472
[-2.96006601e+00  9.76471988e-02 -2.75636460e-01 -1.14166025e+00
  2.87511677e+02] 1.1785154059048286
[-3.03354109e+00 -1.85495083e-01  3.77978709e-02 -1.31965885e+00
  2.86821277e+02] 1.3331678734093637
[-3.05502974e+00  1.29785384e-01  3.93192742e-02 -8.38087416e-01
  2.86239281e+02] 0.8489880852491614
[-2.97581768e+00 -4.33876640e-02 -1.22849446e-01 -9.54322435e-01
  2.86329783e+02] 0.9631748471898287
[-3.04586419e+00  1.41280899e-01  6.66325927e-03 -9.08783483e-01
  2.85060342e+02] 0.9197239317980614
[-2.99810967e+00 -1.16011127e-01  1.11360269e-01 -8.78177601e-01
  2.85813128e+02] 0.8927796987757756
[-2.97594043e+00  1.94612773e-02 -1.11985682e-02 -9.76952431e-01
  2.86236193e+02] 0.9772104179627857
[-2.95329530e+00  2.88157059e-01  1.93940843e-01 -1.11360269e+00
  2.86680645e+02] 1.166515533065537
[-2.98087022e+00  3.79601353e-01  4.60756258e-02 -1.16131712e+00
  2.86139595e+02] 1.2226518775514315
[-2.99651503e+00  2.25104754e-01 -2.12634825e-01 -9.21800134e-01
  2.87039836e+02] 0.9724202821827125
[-2.97421447e+00  2.12162969e-01 -4.22394109e-01 -1.13875927e+00
  2.86864107e+02] 1.2329649587424256
[-2.94041043e+00 -1.16989599e-01 -2.52902042e-01 -6.71622138e-01
  2.86120235e+02] 0.7271329351026042
[-3.04265036e+00  2.11347291e-01  4.11449678e-01 -1.20908618e+00
  2.87083556e+02] 1.2945454431622057
[-3.08980511e+00  4.27713568e-01 -1.59212045e-01 -9.92447725e-01
  2.83464961e+02] 1.092355189199266
[-3.01616203e+00  2.04705803e-01  4.09436056e-01 -9.63826270e-01
  2.85617646e+02] 1.0670067611237857
[-3.00136792e+00  5.54288319e-02  8.86665349e-03 -7.12038230e-01
  2.85999710e+02] 0.7142474460118702
[-2.96677246e+00  3.32928202e-02 -3.51515023e-02 -1.51395012e+00
  2.86790535e+02] 1.5147240710608254
[-2.96448609e+00 -5.05998121e-02 -2.09748496e-01 -6.40498407e-01
  2.86296177e+02] 0.6758646175777906
[-2.97034584e+00 -5.09487473e-02 -2.16360383e-01 -1.26751128e+00
  2.86226398e+02] 1.2868536918132931
[-3.02343030e+00  1.75251856e-02 -8.69560632e-02 -1.46066162e+00
  2.86585961e+02] 1.463352612955408
[-2.97128215e+00 -2.04245158e-02 -1.68844828e-01 -6.60442837e-01
  2.86297554e+02] 0.6819900863219757
[-2.96733791e+00 -6.94057591e-02 -2.19764309e-01 -9.93602743e-01
  2.86642752e+02] 1.019980353993121
[-3.03176282e+00 -3.15577248e-02 -6.54625465e-02 -9.59901322e-01
  2.85467717e+02] 0.9626483169180649
[-2.95982052e+00 -1.40686679e-01  2.50790175e-01 -8.93133362e-01
  2.86711801e+02] 0.9382833556593096
[-2.98116093e+00 -2.71265272e-01  3.59277141e-01 -9.43346219e-01
  2.85298432e+02] 1.0452592979418818
[-2.99836914e+00  6.93219782e-02 -2.15593506e-01 -1.12847033e+00
  2.86429488e+02] 1.1509697598310458
[-3.07060759e+00 -4.11997628e-02 -4.39856768e-01 -8.19350971e-01
  2.85351890e+02] 0.9308637979518686
[-2.96926368e+00 -1.81659392e-01  9.24522338e-02 -1.18081490e+00
  2.85881623e+02] 1.1982785080042377
[-2.96247569e+00  2.86988779e-02 -2.44484994e-01 -9.49926514e-01
  2.86483808e+02] 0.9813036842201284
[-3.01049376e+00 -2.69879301e-01  1.35030953e-01 -9.23446218e-01
  2.85809982e+02] 0.9715045612353851
[-3.00670906e+00  3.97980073e-01 -8.82991072e-02 -9.80321092e-01
  2.85821310e+02] 1.0617034962293224
[-2.97556741e+00 -1.22580688e-01 -1.71516962e-01 -1.13856366e+00
  2.85898625e+02] 1.1579167918556454
[-2.98042144e+00  2.89508756e-02 -1.78540896e-01 -9.53369950e-01
  2.85822070e+02] 0.9703758381170304
[-3.02681665e+00 -1.60269650e-02 -4.98244775e-02 -9.43391115e-01
  2.86059248e+02] 0.9448418587574405
[-3.06656434e+00  2.58675260e-01  3.70683392e-01 -1.16712208e+00
  2.85975534e+02] 1.2515961835422673
[-3.02731602e+00 -4.04453197e-02 -1.91461921e-01 -9.78895472e-01
  2.85570035e+02] 0.9982634101926866
[-2.98267630e+00 -1.81749103e-02  4.89775682e-02 -1.18311613e+00
  2.85324120e+02] 1.1842689348304984
[-3.11929899e+00  2.39591024e-01 -6.96878028e-02 -9.15402104e-01
  2.85280332e+02] 0.9487999051834219
[-2.96441881e+00  1.38828257e-01 -1.41774480e-01 -9.30323082e-01
  2.86965284e+02] 0.9512488235096772
[-3.06945087e+00  4.07336369e-01  3.89343429e-02 -9.87329093e-01
  2.85028970e+02] 1.068764491368769
[-3.03746708e+00 -2.43438098e-01  9.03010334e-02 -7.40819776e-01
  2.86020309e+02] 0.7850033917364627
[-2.99184961e+00  3.69321544e-01  1.48593202e-01 -1.30947297e+00
  2.87534746e+02] 1.368648169860817
[-2.96872199e+00 -8.78861078e-02  3.52230315e-02 -9.26418165e-01
  2.87319823e+02] 0.9312439241246021
[-2.89656288e+00 -9.49822782e-02  1.01203420e-01 -1.08697931e+00
  2.86781394e+02] 1.0958046320669386
[-2.99001553e+00  7.38015695e-02  1.65958147e-01 -7.27130244e-01
  2.86629389e+02] 0.749471260239371
[-2.99316525e+00 -9.13388504e-02  1.28613221e-01 -1.08603486e+00
  2.85457945e+02] 1.0974314833359256
[-2.98404717e+00 -2.03835539e-01 -1.50032566e-01 -1.07279640e+00
  2.87295892e+02] 1.1022480698470765
[-3.00305483e+00  2.48942859e-02  2.63053613e-02 -9.24334431e-01
  2.85801600e+02] 0.9250436955633187
[-2.96221604e+00 -1.32974249e-01  3.42784989e-01 -1.11363699e+00
  2.85622486e+02] 1.1727621450494368
[-3.01643090e+00  5.28288598e-02 -1.19331483e-01 -1.08486425e+00
  2.85981248e+02] 1.0926853759836472
[-3.06415631e+00  2.09376289e-01 -5.75765547e-02 -7.21795091e-01
  2.84954159e+02] 0.7537517122659044
[-3.00724278e+00  3.46784668e-02  1.17480698e-02 -1.30852645e+00
  2.86132714e+02] 1.3090386115102193
