/mnt/stage/douwei/Simulation/5kt_root/2MeV/5kt_-11.80.root
[-3.82251807e+00  1.73802901e-01  4.23279762e-01 -1.21914160e+01
  3.53513041e+02] 12.19999988386264
[-3.75885524e+00 -5.44536276e-02  8.12951294e-02 -1.21996076e+01
  3.54126894e+02] 12.199999992170113
[-3.76415280e+00  9.77189091e-03  5.01751719e-02 -1.21998929e+01
  3.55351697e+02] 12.200000010388132
[-3.78760274e+00 -3.85810970e-01 -2.73594919e-02 -1.21938674e+01
  3.54528269e+02] 12.200000000163199
[-3.67295956e+00  1.52172921e-01 -1.45366320e-01 -1.21981848e+01
  3.56227402e+02] 12.199999992849607
[-3.70407950e+00 -7.69212411e-02 -5.47323084e-02 -1.21996347e+01
  3.56685557e+02] 12.20000000007503
[-3.70290608e+00 -6.67475711e-03 -1.63963584e-01 -1.21988963e+01
  3.56667488e+02] 12.200000001717553
[-3.80088218e+00 -1.50612023e-01 -2.09393422e-02 -1.21990523e+01
  3.53924234e+02] 12.20000000020084
[-3.79287831e+00  2.70066667e-01 -5.21873476e-03 -1.21970093e+01
  3.55592342e+02] 12.199999999855544
[-3.72368974e+00 -6.81813100e-02  9.26337586e-03 -1.21998059e+01
  3.56529541e+02] 12.199999975916349
[-3.70407697e+00 -8.22246458e-03  2.10846939e-03 -1.21999970e+01
  3.55466344e+02] 12.200000001096871
[-3.85044013e+00  1.04857019e-01 -8.26415270e-02 -1.21992694e+01
  3.54140452e+02] 12.19999990173817
[-3.80094708e+00  2.97712663e-01 -1.70273351e-01 -1.21951783e+01
  3.54952064e+02] 12.199999992837483
[-3.79026389e+00 -1.10534261e-01  2.93580260e-01 -1.21959662e+01
  3.54225868e+02] 12.199999991852193
[-3.86147148e+00  1.09018535e-01 -1.89473336e-01 -1.21980414e+01
  3.56621493e+02] 12.200000000282985
[-3.83347609e+00  3.98022535e-01 -2.58691263e-01 -1.21907611e+01
  3.56488713e+02] 12.199999998938397
[-3.78231000e+00  2.73182671e-02 -3.12081985e-01 -1.21959771e+01
  3.54885570e+02] 12.199999992758089
[-3.85881155e+00 -1.97439932e-02 -9.96138749e-02 -1.21995774e+01
  3.56519171e+02] 12.20000002217058
[-3.69443538e+00  4.82203431e-02 -1.88675037e-01 -1.21984457e+01
  3.58011624e+02] 12.200000000960928
[-3.87867836e+00  2.61879412e-01  9.61344795e-02 -1.21968101e+01
  3.53195524e+02] 12.199999974824747
[-3.74118635e+00  2.69675149e-02 -9.16286818e-02 -1.21996261e+01
  3.55062005e+02] 12.199999997638956
[-3.74623170e+00  3.98674794e-02  2.57092522e-01 -1.21972257e+01
  3.56334033e+02] 12.200000000072151
[-3.78495628e+00  1.13017276e-01 -1.75592471e-01 -1.21982128e+01
  3.51124795e+02] 12.199999998440129
[-3.77971162e+00  1.93064069e-01  1.77590722e-01 -1.21971795e+01
  3.58789844e+02] 12.199999994954293
[-3.75643965e+00 -9.80511406e-02  9.52861618e-02 -1.21992338e+01
  3.56017837e+02] 12.19999999698674
[-3.79289137e+00 -2.06525275e-02 -6.50089035e-02 -1.21998093e+01
  3.55670539e+02] 12.199999995321757
[-3.77447413e+00  1.19084135e-01 -1.95585587e-01 -1.21978508e+01
  3.57478052e+02] 12.200000000204726
[-3.71353335e+00 -8.54101347e-02 -8.68303406e-02 -1.21661202e+01
  3.53790263e+02] 12.166729882298418
[-3.84457990e+00  5.59091697e-02  1.61517397e-01 -1.21988026e+01
  3.53861634e+02] 12.199999985681925
[-3.83622704e+00  1.23380777e-01 -9.88168209e-02 -1.21989759e+01
  3.54115452e+02] 12.199999984626698
[-3.74370128e+00 -2.36564567e-01 -1.93787610e-02 -1.21976908e+01
  3.53088368e+02] 12.200000000054343
[-3.76929968e+00 -6.69492847e-02 -3.60136930e-01 -1.21944995e+01
  3.55673341e+02] 12.199999961677205
[-3.68015730e+00 -1.63237209e-01  1.64389346e-01 -1.21978002e+01
  3.53894064e+02] 12.199999986935216
[-3.74114555e+00 -4.43848512e-02  1.23597007e-01 -1.21992931e+01
  3.54036471e+02] 12.199999979482438
[-3.72865534e+00 -8.20407075e-02 -1.45897742e-01 -1.21988517e+01
  3.56759082e+02] 12.19999998678916
[-3.70646780e+00  2.55852102e-01 -8.26143977e-02 -1.21970371e+01
  3.54476451e+02] 12.199999986038238
[-3.83896285e+00  2.23137579e-01  1.61853713e-02 -1.21979485e+01
  3.52482226e+02] 12.199999985567768
[-3.86718351e+00 -9.99380669e-02 -1.96259504e-01 -1.21980119e+01
  3.55197641e+02] 12.200000000009757
[-3.71874477e+00  6.92009982e-02  7.32370436e-02 -1.21995839e+01
  3.56057362e+02] 12.199999999977354
[-3.74816400e+00 -1.96342583e-01 -9.37454315e-02 -1.21980597e+01
  3.55170787e+02] 12.199999945328935
[-3.74117236e+00  2.63689506e-02  2.37957500e-02 -1.21999483e+01
  3.52288354e+02] 12.199999978278361
[-3.75641546e+00 -8.48109512e-02  2.29384129e-01 -1.21975485e+01
  3.55002181e+02] 12.199999994055629
[-3.73618712e+00 -2.37484365e-01  4.12466200e-02 -1.21976186e+01
  3.53860135e+02] 12.199999999783843
[-3.78068772e+00  1.41691844e-01  1.09904799e-01 -1.21475394e+01
  3.55229041e+02] 12.148862890922478
[-3.83624247e+00 -3.11432943e-01 -2.34919145e-02 -1.21960017e+01
  3.53973027e+02] 12.200000000001852
[-3.67718241e+00  2.49816843e-01  4.39113004e-02 -1.21973630e+01
  3.56776465e+02] 12.200000004641415
[-3.71875487e+00  1.87025386e-01 -1.41803052e-02 -1.21985581e+01
  3.55466203e+02] 12.20000000200864
[-3.79552428e+00  8.65882941e-02  1.83122305e-02 -1.21996790e+01
  3.55011779e+02] 12.199999992694913
[-3.76412290e+00 -3.09756920e-02 -3.73297387e-01 -1.21942482e+01
  3.54028831e+02] 12.199999999674608
[-3.81447091e+00 -1.73025923e-01 -2.30788539e-01 -1.21965896e+01
  3.53728494e+02] 12.199999998783362
[-3.85015133e+00  3.28148476e-02 -3.68930884e-01 -1.21943763e+01
  3.55014979e+02] 12.199999979193363
[-3.88156407e+00 -1.10673947e-01  1.35759780e-01 -1.21987425e+01
  3.53778390e+02] 12.19999991831532
[-3.85302883e+00 -4.46995590e-02  2.16012965e-01 -1.21980056e+01
  3.55142627e+02] 12.200000003413393
[-3.70651764e+00 -2.89058665e-03  6.09201693e-02 -1.21998476e+01
  3.56868994e+02] 12.200000001714573
[-3.82796108e+00  9.28202232e-02 -1.52223862e-01 -1.21986972e+01
  3.54557427e+02] 12.199999999949611
[-3.81166393e+00  1.82416735e-01  6.54210194e-02 -1.21984607e+01
  3.52856012e+02] 12.199999995328032
[-3.74371216e+00 -2.04050620e-01  1.40050654e-01 -1.21974895e+01
  3.55026961e+02] 12.19999999842804
[-3.77057757e+00 -1.04648163e-01 -2.45087602e-01 -1.21183720e+01
  3.52786974e+02] 12.121301880062466
[-3.82520361e+00  5.97561312e-02 -7.03430945e-02 -1.21996508e+01
  3.51867365e+02] 12.199999963724192
[-3.81433153e+00 -2.76729242e-01  2.10324537e-01 -1.21950475e+01
  3.55736527e+02] 12.199999995578487
[-3.87193052e+00  2.55602720e-01 -3.00957722e-01 -1.21469641e+01
  3.52491382e+02] 12.153380018007025
[-3.80357028e+00 -2.93761682e-01  7.62420942e-02 -1.21962245e+01
  3.54310248e+02] 12.199999998734581
[-3.76412294e+00  3.27064774e-02  1.38489889e-01 -1.21991701e+01
  3.57164663e+02] 12.200000003907485
[-3.79821817e+00  1.95453035e-01 -5.60701809e-02 -1.21983054e+01
  3.54713867e+02] 12.20000000279137
[-3.82250682e+00 -1.73173812e-01 -9.40556649e-02 -1.21984083e+01
  3.55905037e+02] 12.20000002765025
[-3.81976376e+00  6.49011769e-02 -9.30223570e-02 -1.21994727e+01
  3.54658862e+02] 12.200000000711649
[-3.78231245e+00 -6.74810683e-02  2.30119168e-01 -1.21976429e+01
  3.54680397e+02] 12.199999999439338
[-3.83904761e+00  2.54873015e-01  2.33820038e-01 -1.21950960e+01
  3.54595445e+02] 12.199999900619344
[-3.75382791e+00 -7.01507675e-02 -8.43020083e-02 -1.21995071e+01
  3.57694042e+02] 12.200000016143147
[-3.77459832e+00  7.24996060e-02  7.14595312e-02 -1.21995753e+01
  3.54539892e+02] 12.200000019539209
[-3.74420615e+00 -1.86437776e-01 -3.21284437e-01 -1.21943436e+01
  3.55342504e+02] 12.199999953628929
[-3.81168884e+00 -1.07639964e-02  1.38050863e-01 -1.21992142e+01
  3.55356061e+02] 12.19999999304703
[-3.78759161e+00 -1.37929662e-01  3.06922158e-01 -1.21953587e+01
  3.54101725e+02] 12.200000000393482
[-3.69928458e+00 -7.56820192e-02  3.86480382e-01 -1.21936420e+01
  3.54713876e+02] 12.199999998776867
[-3.81442850e+00 -1.83391775e-01 -7.02544351e-02 -1.21984191e+01
  3.54782566e+02] 12.199999821670028
[-3.76144619e+00  2.34252779e-02  2.23251016e-01 -1.21979346e+01
  3.53853456e+02] 12.199999969666989
[-3.65489677e+00 -1.33242075e-01  3.93640095e-03 -1.21992718e+01
  3.57676425e+02] 12.200000015611758
[-3.79286047e+00 -1.60765939e-01 -3.90584292e-02 -1.21988782e+01
  3.53750044e+02] 12.199999999385774
[-3.68478543e+00 -1.51752336e-02  1.96143038e-03 -1.21999904e+01
  3.56129886e+02] 12.199999995827955
[-3.79820120e+00 -1.57546423e-01  2.56675836e-01 -1.21962821e+01
  3.55388998e+02] 12.200000027002982
[-3.82794382e+00 -1.33566022e-01  1.54060255e-01 -1.21982960e+01
  3.54906063e+02] 12.199999992123205
[-3.83618471e+00  9.73463748e-02  8.46740134e-02 -1.21993178e+01
  3.53750654e+02] 12.19999999956323
[-3.83073056e+00 -5.01119609e-02  3.03223061e-01 -1.21961283e+01
  3.53934600e+02] 12.199999999922081
[-3.70407641e+00  1.28884331e-02  5.99622595e-02 -1.21998458e+01
  3.57650588e+02] 12.199999999605716
[-3.78747040e+00 -6.34640182e-02  1.10714587e-01 -1.21993325e+01
  3.54846752e+02] 12.199999998428066
[-3.68720168e+00 -1.47834298e-02 -1.20877338e-01 -1.21993922e+01
  3.55164961e+02] 12.200000012732243
[-3.71141640e+00 -1.67169271e-01  3.08355265e-02 -1.21988157e+01
  3.54648441e+02] 12.200000001106515
[-3.73614759e+00 -2.74037267e-03  2.28753140e-01 -1.21978549e+01
  3.54051663e+02] 12.199999982466647
[-3.77970915e+00 -1.12439090e-01  1.97621627e-01 -1.21978811e+01
  3.56467922e+02] 12.200000016072647
[-3.71621213e+00  1.27810878e-01 -2.15405199e-01 -1.21974286e+01
  3.55650488e+02] 12.20000000041938
[-3.80889780e+00 -9.94758526e-02  8.04035764e-02 -1.21993295e+01
  3.54285463e+02] 12.199999991287081
[-3.69457623e+00 -8.57340104e-02  1.42604998e-02 -1.21996904e+01
  3.57413432e+02] 12.200000025076333
[-3.72678518e+00 -1.48017922e-02 -9.38276255e-02 -1.21996302e+01
  3.56271627e+02] 12.199999999973405
[-3.78470544e+00  3.71781901e-02  3.18284564e-01 -1.21957905e+01
  3.53389381e+02] 12.19999973654237
[-3.80637465e+00  1.19575698e-02 -2.43820361e-01 -1.21975575e+01
  3.54533834e+02] 12.200000016931808
[-3.67067103e+00 -1.94655851e-02  1.09822954e-01 -1.21994901e+01
  3.56014902e+02] 12.199999982920948
[-3.76612920e+00 -1.55890784e-01 -2.44438844e-01 -1.21965547e+01
  3.55555236e+02] 12.199999967878874
[-3.83627647e+00 -1.59150440e-01 -4.36188219e-01 -1.21911612e+01
  3.55446719e+02] 12.200000000795209
[-3.74591724e+00  3.98924761e-02  3.91592668e-03 -1.21999341e+01
  3.56097206e+02] 12.199999999559257
[-3.74622509e+00 -1.46759908e-01  4.15711595e-02 -1.21990464e+01
  3.56635158e+02] 12.199999994090108
[-3.76153217e+00  2.97006968e-02  1.90311707e-01 -1.21984794e+01
  3.57037434e+02] 12.199999987408368
[-3.90208971e+00 -7.54611475e-02 -2.28167585e-01 -1.21976328e+01
  3.55579184e+02] 12.19999999753344
[-3.85025585e+00  8.07057732e-04 -3.00621245e-02 -1.21999629e+01
  3.54422545e+02] 12.199999981428203
[-3.86704828e+00  1.11603730e-02 -8.65173624e-03 -1.21999919e+01
  3.53927773e+02] 12.200000024484138
[-3.82995220e+00 -2.60793214e-01 -1.33456594e-03 -1.21972122e+01
  3.53456467e+02] 12.20000003897204
[-3.80085628e+00 -2.22168640e-02 -1.63003110e-01 -1.21988908e+01
  3.53247287e+02] 12.20000000047721
[-3.81703042e+00  2.75596357e-03  3.53493405e-01 -1.21948774e+01
  3.54433797e+02] 12.19999999998404
[-3.81432860e+00  2.70422754e-01 -1.73877433e-02 -1.21969902e+01
  3.55232629e+02] 12.200000001995154
[-3.78232117e+00 -2.86435886e-01  6.40615137e-03 -1.21966353e+01
  3.54643663e+02] 12.19999999967208
[-3.74622794e+00  1.70585874e-01 -7.83845913e-03 -1.21988048e+01
  3.53308852e+02] 12.20000000240941
[-3.87006117e+00 -4.69247622e-02  1.49517534e-01 -1.21989933e+01
  3.53429444e+02] 12.199999814641638
[-3.75387927e+00 -1.04074230e-01  1.31406864e-01 -1.21988483e+01
  3.56371541e+02] 12.19999997459263
[-3.79554019e+00  5.89930702e-02  2.44412588e-01 -1.21974088e+01
  3.54911358e+02] 12.20000000018241
[-3.80893842e+00 -1.17580388e-01 -8.73702820e-02 -1.21991205e+01
  3.55251617e+02] 12.20000001770529
[-3.75385720e+00  6.34512827e-02 -1.55251860e-02 -1.21998251e+01
  3.56610283e+02] 12.199999958112576
[-3.77708587e+00  7.55466412e-02  1.85602847e-01 -1.21983542e+01
  3.55214708e+02] 12.199999999753297
[-3.81971138e+00 -8.46340391e-02 -1.86397479e-01 -1.21982824e+01
  3.54849288e+02] 12.19999999746739
[-3.84735830e+00 -1.78583079e-02 -4.39710922e-02 -1.21999077e+01
  3.54247693e+02] 12.200000000094565
[-3.75888325e+00 -2.57254961e-01 -8.44498250e-02 -1.21969950e+01
  3.56141234e+02] 12.19999998649052
[-3.79818260e+00 -5.71380764e-02  3.39082225e-02 -1.21998191e+01
  3.55093853e+02] 12.199999997782225
[-3.75381973e+00  8.15546698e-02 -4.94764745e-02 -1.21996268e+01
  3.55728887e+02] 12.199999683570159
[-3.75899690e+00 -4.08910061e-03 -9.10250807e-02 -1.21996597e+01
  3.57011198e+02] 12.199999992838562
[-3.77149214e+00 -6.39544547e-02  2.66332122e-01 -1.21969248e+01
  3.56747527e+02] 12.199999907449442
[-3.75129505e+00  7.07137190e-02  9.60837906e-02 -1.21994167e+01
  3.56629877e+02] 12.19999998121799
[-3.77708557e+00 -2.37334630e-01 -3.61319932e-02 -1.21976378e+01
  3.55715491e+02] 12.200000000072972
[-3.81971851e+00  2.14120346e-02  1.41617817e-01 -1.21991592e+01
  3.56645512e+02] 12.199999996004829
[-3.74931223e+00  1.39727815e-01  9.17384067e-03 -1.21991962e+01
  3.52874897e+02] 12.199999883499764
[-3.77455315e+00  1.25175894e-01  1.07290480e-01 -1.21988860e+01
  3.54391123e+02] 12.199999990689214
[-3.88442857e+00 -3.24414360e-02 -1.91800542e-01 -1.21984491e+01
  3.55329789e+02] 12.199999999923962
[-3.69916286e+00 -1.26877217e-02  1.13729695e-01 -1.21994633e+01
  3.54924358e+02] 12.199999995884955
[-3.67067556e+00  1.14213979e-01  1.23622249e-01 -1.21988390e+01
  3.54997808e+02] 12.199999999891856
[-3.77929802e+00 -1.17243769e-01  8.48059271e-02 -1.21991416e+01
  3.54296970e+02] 12.199999705383966
[-3.73559356e+00 -1.74966741e-01  4.00634789e-02 -1.21003764e+01
  3.54355719e+02] 12.101707582903032
[-3.80353201e+00 -1.30218679e-01  1.15081057e-01 -1.21987622e+01
  3.57557004e+02] 12.200000023726927
[-3.71627563e+00 -2.94969320e-01  2.22458165e-02 -1.21964133e+01
  3.56016151e+02] 12.199999998091757
[-3.72141471e+00 -2.60371828e-01  3.85183419e-01 -1.21911378e+01
  3.55807132e+02] 12.199999979897255
[-3.77446827e+00  7.76999671e-02  8.31531031e-02 -1.21994692e+01
  3.55586240e+02] 12.200000000390416
[-3.80623101e+00  1.39077987e-01  9.34933191e-02 -1.21988490e+01
  3.55469884e+02] 12.199999993980594
[-3.75135453e+00  1.86448087e-01  8.52746937e-03 -1.21985722e+01
  3.55141098e+02] 12.19999999992655
[-3.89322005e+00  1.08210900e-01  2.32656243e-01 -1.21973014e+01
  3.54721876e+02] 12.200000000861522
[-3.82797986e+00 -1.38634806e-01  1.87349489e-03 -1.21992121e+01
  3.54429533e+02] 12.19999999407871
[-3.72121655e+00 -1.32673179e-03  4.77638878e-02 -1.21999064e+01
  3.57643163e+02] 12.200000000711123
[-3.79243940e+00 -1.57647232e-01 -2.37948161e-01 -1.21913995e+01
  3.52807841e+02] 12.194740371463453
[-3.81971744e+00  6.13717166e-02 -8.16514967e-03 -1.21998428e+01
  3.55389378e+02] 12.199999917298296
[-3.74357937e+00  9.95793743e-02 -2.61956731e-01 -1.21967808e+01
  3.54974097e+02] 12.199999976409982
[-3.79552620e+00  3.57165307e-02  8.74253813e-02 -1.21996345e+01
  3.53961180e+02] 12.19999999839287
[-3.74875793e+00 -9.41503791e-02  2.71547808e-03 -1.21996362e+01
  3.54653337e+02] 12.199999833496383
[-3.80620088e+00  4.72867263e-02  7.02501018e-02 -1.21997061e+01
  3.52559577e+02] 12.200000000385398
[-3.86432409e+00  5.97568378e-02  7.36961605e-03 -1.21998514e+01
  3.53680931e+02] 12.20000000212303
[-3.83621538e+00 -5.46551221e-03 -9.89877526e-02 -1.21995972e+01
  3.53831843e+02] 12.199999996633203
[-3.82519129e+00 -1.51337898e-01 -1.06569108e-01 -1.21985958e+01
  3.54023072e+02] 12.19999999847414
[-3.74874359e+00 -6.21955377e-02  3.91819212e-02 -1.21997785e+01
  3.52916910e+02] 12.19999999728199
[-3.77752045e+00  1.63800026e-01 -1.37080526e-01 -1.21981297e+01
  3.56224398e+02] 12.199999537437925
[-3.75894369e+00  4.88976240e-02 -1.05922150e-01 -1.21994422e+01
  3.56183658e+02] 12.200000007400263
[-3.68968845e+00 -2.86990310e-02  6.64457315e-02 -1.21997853e+01
  3.54942785e+02] 12.200000030269697
[-3.83629371e+00 -2.69726566e-01  4.10335221e-01 -1.21901137e+01
  3.54512787e+02] 12.199999998278356
[-3.73604218e+00  6.68509950e-02 -8.34165961e-02 -1.21995316e+01
  3.54299791e+02] 12.19999996512975
[-3.79284137e+00 -4.38219783e-02  5.39735110e-02 -1.21998019e+01
  3.54169410e+02] 12.199999998741268
[-3.75641125e+00 -8.89540491e-02  1.92862421e-01 -1.21981511e+01
  3.57726635e+02] 12.20000000207313
[-3.74260528e+00 -4.49335048e-02 -1.55566546e-01 -1.21858305e+01
  3.53443389e+02] 12.186906325341596
[-3.71634414e+00 -2.94848825e-01  3.70563962e-01 -1.21908058e+01
  3.54393855e+02] 12.199999999609123
[-3.84078424e+00 -5.87200054e-03  1.54812453e-01 -1.21990163e+01
  3.55086266e+02] 12.200000001074365
[-3.88157183e+00 -1.81565301e-01 -1.46219792e-01 -1.21977725e+01
  3.55582954e+02] 12.19999998711476
[-3.81889040e+00  1.15863325e-01 -3.50431500e-02 -1.20549286e+01
  3.52073507e+02] 12.055536287240741
[-3.87868401e+00 -1.19600216e-01 -2.28674954e-01 -1.21972703e+01
  3.50253108e+02] 12.200000002356035
[-3.70412356e+00  1.34987410e-01  2.73313093e-01 -1.21961911e+01
  3.55082195e+02] 12.199999999742879
[-3.81760265e+00  1.06893851e-01 -9.70269504e-02 -1.21734382e+01
  3.51879661e+02] 12.174294163512398
[-3.65211762e+00  8.19059078e-03  2.23305522e-01 -1.21979534e+01
  3.56011986e+02] 12.199999936999658
[-3.72616571e+00  1.94036327e-02 -7.79008616e-02 -1.21997359e+01
  3.55535800e+02] 12.200000025142513
[-3.82540236e+00 -1.30063562e-01  1.58841565e-01 -1.21982725e+01
  3.54216596e+02] 12.199999986922956
[-3.75128975e+00  6.05592059e-02  7.72545297e-02 -1.21996051e+01
  3.55846545e+02] 12.200000001016038
[-3.74622978e+00  1.95724773e-01 -9.94788438e-02 -1.21980243e+01
  3.55844108e+02] 12.20000000508588
[-3.74658220e+00 -1.77966452e-01 -3.51905804e-02 -1.21986511e+01
  3.56375346e+02] 12.199999951915665
[-3.85576413e+00  1.16139892e-01 -1.23468101e-02 -1.21994409e+01
  3.56969476e+02] 12.199999998104724
[-3.80085317e+00  7.57644542e-02  1.33042748e-01 -1.21990393e+01
  3.54754463e+02] 12.200000000107115
[-3.70653786e+00  2.70988279e-01  1.63161760e-01 -1.21958986e+01
  3.55587863e+02] 12.200000000053754
[-3.78759635e+00  7.41630605e-02 -2.93570103e-01 -1.21962419e+01
  3.53939493e+02] 12.200000002870773
[-3.81974202e+00  9.03653323e-03 -5.29200855e-02 -1.21998819e+01
  3.59495085e+02] 12.200000001143483
[-3.76418653e+00  5.04272700e-01  1.35554995e-01 -1.21888200e+01
  3.56955080e+02] 12.199999976533356
[-3.75397232e+00  3.20320166e-02 -1.81221648e-02 -1.21999445e+01
  3.54639205e+02] 12.199999971276009
[-3.69210620e+00  2.27368301e-01 -6.47968510e-03 -1.21700647e+01
  3.56162402e+02] 12.172190127803338
[-3.74864122e+00 -7.64653986e-02  6.21985801e-02 -1.21996018e+01
  3.57150765e+02] 12.199999988772085
[-3.76095734e+00  1.15539194e-01  2.98719248e-01 -1.21957950e+01
  3.53792274e+02] 12.199999957263552
[-3.76926381e+00 -3.50940547e-02  1.80491706e-01 -1.21986143e+01
  3.55157215e+02] 12.20000000009133
[-3.79550329e+00 -1.63873785e-01  1.50291857e-02 -1.21988901e+01
  3.54474738e+02] 12.199999963400327
[-3.77446104e+00 -6.46255875e-02  3.74280845e-02 -1.21997714e+01
  3.53453142e+02] 12.199999999982959
[-3.87875481e+00 -1.25655160e-02  9.84142485e-02 -1.21995965e+01
  3.52073974e+02] 12.199999952675107
[-3.68485993e+00  1.14635639e-01 -1.17536578e-01 -1.21988952e+01
  3.54428638e+02] 12.199999997307868
[-3.70164712e+00 -6.07055179e-02 -3.54314468e-02 -1.21997975e+01
  3.56873826e+02] 12.199999992542482
[-3.80352842e+00  2.17105653e-03  1.31423283e-01 -1.21992919e+01
  3.55736039e+02] 12.200000000676642
[-3.74118963e+00 -1.67462213e-01 -2.46809244e-01 -1.21963536e+01
  3.54692941e+02] 12.199999998807831
[-3.74508048e+00 -1.27992502e-01 -3.13145923e-01 -1.21201908e+01
  3.53701586e+02] 12.124911028118756
[-3.74119351e+00 -8.86033563e-03 -2.74095683e-01 -1.21969174e+01
  3.58464410e+02] 12.200000000531485
[-3.82247382e+00  4.36211811e-02  6.65641456e-02 -1.21997404e+01
  3.50598816e+02] 12.19999999915967
[-3.68727551e+00 -1.65899595e-02 -2.83305296e-01 -1.21966988e+01
  3.56310377e+02] 12.19999998259514
[-3.76152304e+00 -3.74157100e-02  1.24225734e-02 -1.21999363e+01
  3.56473010e+02] 12.20000000137289
[-3.84179945e+00 -1.62357950e-01  2.23004205e-01 -1.21968811e+01
  3.53792659e+02] 12.199999994178638
[-3.75638682e+00  1.69630896e-01 -1.97864823e-01 -1.21972159e+01
  3.57045898e+02] 12.199999999897015
[-3.74372691e+00 -2.61826571e-01  1.72993903e-01 -1.21959633e+01
  3.55542700e+02] 12.200000010717346
[-3.72369524e+00 -1.16533973e-01  7.25965619e-02 -1.21992274e+01
  3.54454371e+02] 12.200000000094855
[-3.74685121e+00 -3.28375657e-02 -1.60929938e-01 -1.21988944e+01
  3.57327192e+02] 12.20000002265485
[-3.70166209e+00 -9.77255758e-02  2.56322368e-02 -1.21995817e+01
  3.57004737e+02] 12.200000000203334
[-3.68533242e+00 -2.45379122e-01  1.50892029e-01 -1.21965988e+01
  3.54796137e+02] 12.20000003690187
[-3.80091450e+00 -1.21394600e-03  2.96449520e-01 -1.21963976e+01
  3.57008936e+02] 12.199999976017505
[-3.80355078e+00 -1.92166403e-01  1.06281342e-01 -1.21980235e+01
  3.54890006e+02] 12.200000000278852
[-3.77971317e+00  2.87905103e-01 -7.40302878e-02 -1.21963777e+01
  3.55936332e+02] 12.19999999491217
[-3.71874093e+00  4.43339122e-03 -1.03799047e-01 -1.21995576e+01
  3.56778320e+02] 12.199999999953242
[-3.78499365e+00  1.49036799e-01  4.66244341e-02 -1.21990005e+01
  3.55702515e+02] 12.199999973702598
[-3.79020217e+00 -2.53724908e-02  2.20238488e-02 -1.21999537e+01
  3.53947900e+02] 12.199999997460429
[-3.79021729e+00  1.19328978e-02 -2.08036752e-01 -1.21982203e+01
  3.56317416e+02] 12.199999965493328
[-3.70165518e+00 -8.43247465e-02 -1.15436743e-02 -1.21997031e+01
  3.57458902e+02] 12.199999986461423
[-3.75852463e+00 -3.82547415e-01  1.76600378e-01 -1.21558436e+01
  3.54427372e+02] 12.163143663232947
[-3.77448215e+00 -2.91833824e-01 -4.44434492e-02 -1.21964281e+01
  3.55133229e+02] 12.200000000126575
[-3.69442308e+00 -8.23326757e-02  1.51051282e-01 -1.21987870e+01
  3.56817343e+02] 12.200000007830178
[-3.77708373e+00  1.83103173e-01  1.95440253e-01 -1.21970602e+01
  3.55135712e+02] 12.200000000309686
[-3.87573209e+00 -2.10001878e-01  1.28792514e-01 -1.21975125e+01
  3.53459487e+02] 12.200000021192745
[-3.72371805e+00  6.29926751e-02  2.24431723e-01 -1.21977728e+01
  3.55340319e+02] 12.199999992882905
[-3.79039696e+00 -7.16753576e-02  1.48918049e-01 -1.20037256e+01
  3.51150079e+02] 12.004863320244217
[-3.75640780e+00 -2.60216157e-01 -1.19929259e-01 -1.21966350e+01
  3.56855053e+02] 12.200000017494485
[-3.89617392e+00 -1.70037411e-01 -1.41215055e-01 -1.21979976e+01
  3.52241739e+02] 12.199999999713478
[-3.84178324e+00  1.57331580e-02  2.34198231e-01 -1.21977417e+01
  3.54629299e+02] 12.199999981854727
[-3.71104611e+00  7.16115821e-02 -6.09310635e-03 -1.21997883e+01
  3.54576273e+02] 12.199999990210118
[-3.82247365e+00  4.39796506e-02 -2.68376261e-01 -1.21969685e+01
  3.56594748e+02] 12.199999981489565
[-3.71873651e+00  5.33357475e-02  4.19288365e-02 -1.21998114e+01
  3.55092728e+02] 12.200000000015336
[-3.80085078e+00 -1.50086939e-01 -3.81217848e-02 -1.21990172e+01
  3.56378644e+02] 12.199999999978601
[-3.78226703e+00  1.59388247e-01 -2.02909185e-01 -1.21972711e+01
  3.56081752e+02] 12.199999982269484
[-3.72854739e+00  8.45094793e-02 -5.85823871e-02 -1.21995667e+01
  3.55074504e+02] 12.200000014580638
[-3.80895553e+00 -3.16938793e-02 -2.37850674e-01 -1.21976400e+01
  3.57401296e+02] 12.199999989216561
[-3.79028037e+00 -2.52022348e-01  5.61278505e-02 -1.21972675e+01
  3.53744108e+02] 12.199999973286971
[-3.72861008e+00 -2.00238479e-02  3.93282498e-02 -1.21999202e+01
  3.55289021e+02] 12.199999995192854
[-3.79808633e+00 -1.24067603e-01  1.18050269e-01 -1.21987979e+01
  3.54959090e+02] 12.199999954085326
[-3.80891242e+00 -5.58980346e-03  3.12032579e-01 -1.21960077e+01
  3.56172948e+02] 12.199999982653425
[-3.72598782e+00  1.57541742e-01  1.09592497e-02 -1.21989778e+01
  3.53959815e+02] 12.199999990486152
[-3.69439510e+00  8.36500087e-02  3.34841712e-02 -1.21996673e+01
  3.57090613e+02] 12.199999999184561
[-3.75704543e+00 -9.67926927e-02  1.54967585e-01 -1.21986315e+01
  3.54973175e+02] 12.19999977916676
[-3.77708132e+00  8.01504876e-02 -2.17509011e-01 -1.21977976e+01
  3.54337152e+02] 12.199999999609364
[-3.74401925e+00  1.44070706e-02 -1.35861875e-01 -1.21992337e+01
  3.55353982e+02] 12.19999871601174
[-3.79026753e+00  8.82444037e-02 -2.65888878e-01 -1.21967830e+01
  3.54469562e+02] 12.199999989048168
[-3.76417560e+00 -1.32131190e-01 -7.39681800e-02 -1.21990602e+01
  3.54804938e+02] 12.19999999993727
[-3.80354649e+00  3.20762889e-01 -3.00003170e-02 -1.21957456e+01
  3.55203039e+02] 12.199999999975566
[-3.80352657e+00  7.19472374e-02 -1.48943548e-02 -1.21997788e+01
  3.57295089e+02] 12.200000000158052
[-3.78494882e+00 -9.18439729e-02 -1.24309524e-01 -1.21990209e+01
  3.53132688e+02] 12.199999999010315
[-3.79643777e+00 -9.89866023e-02  3.15071434e-02 -1.21465346e+01
  3.55743794e+02] 12.146978748635636
[-3.72866593e+00 -1.59796773e-01 -1.77784584e-01 -1.21976579e+01
  3.55068919e+02] 12.199999999238942
[-3.83350786e+00  2.09835028e-01  2.90609579e-02 -1.21981607e+01
  3.55375442e+02] 12.199999984548818
[-3.73354210e+00 -1.05963980e-01  2.29586154e-02 -1.21995180e+01
  3.52277291e+02] 12.199999763859374
[-3.75640348e+00  9.08818984e-03  1.58464862e-02 -1.21999863e+01
  3.54106198e+02] 12.19999996633495
[-3.74625809e+00 -1.87459143e-01 -1.52965532e-01 -1.21976006e+01
  3.55212973e+02] 12.199999999143364
[-3.81175266e+00  1.07850966e-01 -2.30440716e-01 -1.20665131e+01
  3.51676254e+02] 12.069195222794058
[-3.74370428e+00 -1.39282060e-01 -1.08298791e-01 -1.21987242e+01
  3.55969990e+02] 12.200000036657356
[-3.74117155e+00 -6.90188683e-02 -3.75193083e-02 -1.21997471e+01
  3.56207415e+02] 12.200000000013459
[-3.65428745e+00 -8.81979334e-02 -1.15435922e-01 -1.21991351e+01
  3.56561767e+02] 12.20000001491348
[-3.83068073e+00  6.94528871e-02  2.39013206e-01 -1.21974608e+01
  3.54980945e+02] 12.199999998097871
[-3.71141218e+00 -4.77185145e-03  1.33854552e-01 -1.21992647e+01
  3.56810604e+02] 12.199999994817917
[-3.77450771e+00 -2.02146278e-01 -4.02925108e-02 -1.21982586e+01
  3.52072617e+02] 12.199999993158363
[-3.79287292e+00 -1.40957938e-01 -1.43553443e-02 -1.21991772e+01
  3.56843008e+02] 12.199999995949184
[-3.76406288e+00 -8.21887733e-02 -1.17164559e-01 -1.21991605e+01
  3.54693920e+02] 12.200000009564807
[-3.73366347e+00  1.14749381e-02  2.23803135e-01 -1.21979416e+01
  3.55396996e+02] 12.199999993091533
[-3.85582834e+00 -2.61671445e-02  1.15810625e-01 -1.21994222e+01
  3.54937710e+02] 12.199999993751954
[-3.69440472e+00 -1.38698151e-01 -4.98555153e-02 -1.21991097e+01
  3.56019298e+02] 12.199999989477757
[-3.83069833e+00  9.08685754e-02  1.24348328e-01 -1.21990278e+01
  3.54429949e+02] 12.199999997951874
[-3.78494019e+00 -5.89365775e-02 -6.47248509e-02 -1.21996859e+01
  3.54915984e+02] 12.20000000010284
[-3.79288546e+00 -4.36272807e-02  3.56731837e-01 -1.21947054e+01
  3.53089404e+02] 12.19999998154815
[-3.80689069e+00 -1.92880883e-01 -1.75093689e-01 -1.21972185e+01
  3.55701048e+02] 12.200000035103383
[-3.78492254e+00  8.10484583e-02 -1.32211865e-01 -1.21990143e+01
  3.55267179e+02] 12.199999991297421
[-3.77447690e+00 -3.76534607e-02 -2.60480608e-01 -1.21971608e+01
  3.58228291e+02] 12.199999981195297
[-3.82242408e+00 -2.35900215e-01 -4.32060362e-01 -1.21226537e+01
  3.52139796e+02] 12.132644263225528
[-3.72370125e+00 -1.27680443e-01  9.54258975e-02 -1.21989586e+01
  3.55000511e+02] 12.200000000315908
[-3.81700551e+00 -2.51687068e-01  5.28228499e-03 -1.21974024e+01
  3.53818424e+02] 12.199999998829147
[-3.70168269e+00  2.08501743e-01 -2.64276497e-01 -1.21953551e+01
  3.54895650e+02] 12.199999999353098
[-3.71214609e+00 -2.75706916e-02  2.15066147e-01 -1.21980731e+01
  3.55506545e+02] 12.200000002117926
[-3.71874036e+00 -2.42573377e-01 -3.34449865e-02 -1.21975424e+01
  3.57109978e+02] 12.20000000057472
[-3.86439292e+00  3.88207853e-01 -1.70642440e-01 -1.21926279e+01
  3.56031053e+02] 12.199999924590221
[-3.79819181e+00  1.20551244e-01  1.28803852e-01 -1.21987244e+01
  3.53104038e+02] 12.199999999694839
[-3.76678526e+00  3.40235185e-02 -1.88811279e-01 -1.21984914e+01
  3.56742862e+02] 12.199999998445097
[-3.73478079e+00 -1.64728472e-01 -9.01862966e-02 -1.21517621e+01
  3.53728985e+02] 12.15321323943906
[-3.79037642e+00 -1.99478566e-01 -1.02193437e-01 -1.21979410e+01
  3.52992322e+02] 12.199999996413231
[-3.76153230e+00 -5.28251603e-02 -1.18252807e-01 -1.21993125e+01
  3.53932513e+02] 12.199999944318781
[-3.83347083e+00  1.47443200e-01 -6.79468398e-02 -1.21989198e+01
  3.57655051e+02] 12.200000001089343
[-3.75895382e+00 -2.51236261e-01 -9.14168254e-02 -1.21970703e+01
  3.51962210e+02] 12.199999991820835
[-3.73884894e+00 -5.29953318e-02  3.67077475e-02 -1.21998297e+01
  3.58197793e+02] 12.200000033466528
[-3.81161597e+00  1.16422136e-01 -1.72258290e-01 -1.21982283e+01
  3.54244233e+02] 12.199999999341674
[-3.85863792e+00  2.34941260e-02 -9.72772024e-02 -1.21995893e+01
  3.50550081e+02] 12.199999737191606
[-3.85017158e+00  1.03431396e-02 -1.54877511e-01 -1.21990125e+01
  3.53511020e+02] 12.199999993101772
[-3.72871038e+00  1.27086916e-01  5.30389319e-02 -1.21992227e+01
  3.56717883e+02] 12.199999922170845
[-3.79293204e+00  1.70458624e-01  3.34081696e-03 -1.21988087e+01
  3.57441073e+02] 12.20000003148032
[-3.75894971e+00 -6.10908962e-02  4.09496832e-02 -1.21997783e+01
  3.56452640e+02] 12.20000000150642
[-3.78487300e+00 -1.18291945e-01 -1.40253547e-01 -1.21986201e+01
  3.53605574e+02] 12.199999890747216
[-3.69445545e+00 -6.69278163e-02 -8.37461159e-02 -1.21995290e+01
  3.51987249e+02] 12.199999985845936
[-3.69452856e+00 -1.14934664e-01 -1.16955160e-01 -1.21988980e+01
  3.56611759e+02] 12.199999987786166
[-3.88735277e+00 -1.31259255e-01  6.57936305e-02 -1.21991164e+01
  3.51361119e+02] 12.19999991873928
[-3.71750363e+00  1.99681371e-02 -9.86508224e-02 -1.21995848e+01
  3.54669774e+02] 12.200000005184087
[-3.81708985e+00 -2.83443260e-01  2.02387203e-01 -1.21950276e+01
  3.50950560e+02] 12.19999998147426
[-3.76929077e+00 -2.44003076e-01 -1.11626061e-01 -1.21970489e+01
  3.54759003e+02] 12.199999997626962
[-3.81984313e+00  3.50040828e-01  2.80230394e-01 -1.21917571e+01
  3.55921769e+02] 12.199999994130488
[-3.63602155e+00  2.73598705e-01  4.87174420e-02 -1.21968344e+01
  3.55243103e+02] 12.199999976733954
[-3.73613344e+00 -1.37423336e-02  4.75066826e-02 -1.21998998e+01
  3.56345125e+02] 12.200000010613252
[-3.90508826e+00  3.54101092e-01 -2.45254674e-01 -1.21923936e+01
  3.52666991e+02] 12.199999980694049
[-3.77969051e+00 -1.31816782e-01 -1.21673766e-01 -1.21986811e+01
  3.56725476e+02] 12.199999998369474
[-3.76484131e+00  2.76005026e-02  1.43018304e-02 -1.21780035e+01
  3.53302025e+02] 12.178043221113274
[-3.84180603e+00  1.15016966e-01 -2.47152488e-01 -1.21969540e+01
  3.54380587e+02] 12.1999999990123
[-3.86490381e+00  1.74781402e-02 -2.19004981e-02 -1.21999678e+01
  3.53271502e+02] 12.199999938469253
[-3.78472050e+00 -9.13566684e-03  1.76301226e-01 -1.21987226e+01
  3.55361882e+02] 12.199999906751213
[-3.82257544e+00 -6.71595000e-01 -1.20126357e-01 -1.21809084e+01
  3.50919656e+02] 12.199999994818459
[-3.81432371e+00  1.24987511e-01  1.70631133e-01 -1.21981664e+01
  3.53017924e+02] 12.199999999889942
[-3.77760869e+00  3.32920870e-02  6.07271365e-01 -1.21848313e+01
  3.56293278e+02] 12.199999999719662
[-3.81160313e+00 -6.98746275e-02  1.80158700e-01 -1.21984696e+01
  3.54253523e+02] 12.199999982896976
[-3.71623270e+00 -1.53036186e-02 -1.27964528e-01 -1.21993193e+01
  3.56867496e+02] 12.199999999857983
[-3.80086591e+00 -1.22002232e-01 -8.58651443e-03 -1.21993869e+01
  3.55927456e+02] 12.200000000142186
[-3.84336009e+00 -1.21250987e-01 -1.86863522e-01 -1.21979661e+01
  3.53581252e+02] 12.199999913870696
[-3.73613909e+00  5.44285334e-02 -9.50741112e-03 -1.21998748e+01
  3.56256720e+02] 12.199999966649438
[-3.88155612e+00 -3.29090627e-02 -1.96838504e-03 -1.21999555e+01
  3.55204248e+02] 12.200000000672691
[-3.70895448e+00  1.41629750e-01 -8.96829662e-02 -1.21988482e+01
  3.54130436e+02] 12.200000001026416
[-3.83458457e+00 -2.16376402e-01  1.48773366e-01 -1.21971729e+01
  3.57489993e+02] 12.199999117386426
[-3.72861442e+00 -7.69765458e-03  8.74295698e-02 -1.21996843e+01
  3.57025439e+02] 12.199999991165802
[-3.72616867e+00 -1.31460806e-01  1.70429370e-02 -1.21992798e+01
  3.53752377e+02] 12.199999999649018
[-3.76411744e+00  2.50354915e-01  9.82647112e-03 -1.21974270e+01
  3.54405674e+02] 12.199999996289772
[-3.78231053e+00  9.07161762e-02 -7.48101846e-02 -1.21994333e+01
  3.54614393e+02] 12.19999999999426
[-3.77190046e+00  2.15070955e-01 -3.17693329e-01 -1.21939664e+01
  3.57288063e+02] 12.199999998591721
[-3.72880544e+00  4.66365910e-02  3.65014893e-02 -1.21998562e+01
  3.56606640e+02] 12.199999970261892
[-3.75639699e+00 -1.75822778e-02  2.12547956e-02 -1.21999688e+01
  3.55932063e+02] 12.200000034011829
[-3.89044728e+00 -2.23011556e-01 -2.38261664e-01 -1.21956343e+01
  3.54638027e+02] 12.199999975296365
[-3.74879880e+00 -5.69182105e-03  4.22814500e-01 -1.21926698e+01
  3.55629393e+02] 12.200000007560092
[-3.78751035e+00 -3.93685981e-02  1.84733713e-03 -1.21999363e+01
  3.54213538e+02] 12.199999997350634
[-3.73115049e+00 -1.54692216e-01  1.21176885e-01 -1.21984174e+01
  3.54491077e+02] 12.20000000104596
[-3.85030290e+00  1.39046586e-02 -1.51814098e-01 -1.21990474e+01
  3.54413629e+02] 12.199999948811232
[-3.78228132e+00  5.54923456e-02 -1.12431288e-02 -1.21998686e+01
  3.55048919e+02] 12.199999996182003
[-3.77964826e+00 -6.42333525e-02  8.45583946e-02 -1.21995377e+01
  3.53661744e+02] 12.199999848702232
[-3.67771099e+00  1.71260721e-01 -2.35553827e-01 -1.21965234e+01
  3.53985633e+02] 12.199999996806008
[-3.85583082e+00 -5.90654618e-02 -1.97688974e-01 -1.21982548e+01
  3.52500097e+02] 12.199999546867025
[-3.80620127e+00 -3.78200524e-02  1.39046991e-01 -1.21991489e+01
  3.54787493e+02] 12.19999997088966
[-3.80363534e+00  1.50179640e-01  1.17530477e-01 -1.21985092e+01
  3.53649297e+02] 12.199999804411563
[-3.79021883e+00 -4.23004677e-03  1.76211799e-01 -1.21987266e+01
  3.53466125e+02] 12.20000000002028
[-3.76926247e+00  3.15522797e-02 -6.07051534e-02 -1.21998082e+01
  3.54925533e+02] 12.20000000150508
[-3.77444277e+00 -2.46652230e-01 -5.00206344e-02 -1.21974038e+01
  3.55957229e+02] 12.199999982334592
[-3.73113328e+00 -4.05194013e-02  1.93568270e-01 -1.21983970e+01
  3.55126817e+02] 12.199999994593338
[-3.78493827e+00 -8.14605265e-02  1.56531928e-01 -1.21987237e+01
  3.55273547e+02] 12.199999955730902
[-3.79031114e+00 -1.47084747e-01 -2.53803037e-01 -1.21964729e+01
  3.54376054e+02] 12.199999999877766
[-3.88155812e+00 -6.24766617e-02 -7.12125400e-02 -1.21996322e+01
  3.55446322e+02] 12.200000001533216
[-3.69442295e+00 -1.08173578e-01  1.10653700e-01 -1.21990186e+01
  3.55704877e+02] 12.200000000087051
[-3.73366974e+00 -2.30093549e-01 -2.37554647e-01 -1.21955166e+01
  3.56680884e+02] 12.19999999693179
[-3.76661968e+00  9.44040778e-02  1.12310646e-02 -1.21996296e+01
  3.54720971e+02] 12.199999995235254
[-3.77956809e+00  1.30969026e-01 -4.49547811e-02 -1.21992142e+01
  3.54853425e+02] 12.199999989798707
[-3.75127530e+00  3.29885413e-02 -9.40313032e-02 -1.21995930e+01
  3.55642512e+02] 12.199999995440887
[-3.71137475e+00  7.52969171e-02 -1.41910642e-01 -1.21989422e+01
  3.54256547e+02] 12.200000001145261
[-3.67305835e+00 -1.71515329e-01 -2.76456233e-01 -1.21956613e+01
  3.56076147e+02] 12.19999997258514
[-3.77693129e+00  6.60473437e-02 -1.83314600e-01 -1.21984439e+01
  3.54614715e+02] 12.199999955029591
[-3.90502299e+00  4.73900737e-02  2.16787829e-01 -1.21979817e+01
  3.52940336e+02] 12.199999999803572
[-3.72616883e+00 -2.00203701e-01  2.11979549e-02 -1.21983388e+01
  3.57480077e+02] 12.200000006872271
[-3.71597392e+00 -3.99070976e-02 -5.16917672e-02 -1.21998252e+01
  3.55955853e+02] 12.20000000045702
[-3.68726496e+00  8.41650042e-03 -1.23664149e-01 -1.21993703e+01
  3.55356975e+02] 12.199999995936304
[-3.80612754e+00  3.62965003e-01 -1.70890622e-01 -1.21934019e+01
  3.53210218e+02] 12.199999912750638
[-3.82795611e+00 -1.08590958e-01 -5.66966613e-02 -1.21993850e+01
  3.54613123e+02] 12.19999999642821
[-3.66132525e+00 -1.25715579e-01 -1.16811665e-02 -1.21993467e+01
  3.58112684e+02] 12.20000000215966
[-3.78753691e+00  1.02123774e-01 -2.95514373e-01 -1.21959929e+01
  3.54855622e+02] 12.199999993175425
[-3.78485419e+00 -3.06716585e-02 -1.00512014e-01 -1.20357618e+01
  3.50567634e+02] 12.036220559897588
[-3.77444643e+00  7.36933752e-02 -4.07534194e-02 -1.21997094e+01
  3.56394750e+02] 12.199999996363161
[-3.87003690e+00  6.48726184e-02 -2.36184083e-01 -1.21975411e+01
  3.54253862e+02] 12.199999999701125
[-3.79084053e+00  8.43693091e-02  3.19544386e-01 -1.21955227e+01
  3.53904384e+02] 12.200000006995666
[-3.73363718e+00 -8.85896070e-02 -8.88582883e-02 -1.21993547e+01
  3.57631600e+02] 12.199999999203612
[-3.81163554e+00 -3.82970084e-01 -1.80893782e-01 -1.21926458e+01
  3.53053426e+02] 12.199999995830597
[-3.82796067e+00 -2.20302601e-01 -8.32625074e-02 -1.21977266e+01
  3.54976626e+02] 12.20000000477818
[-3.73614083e+00 -1.77290694e-01 -1.71356769e-02 -1.21986759e+01
  3.55148982e+02] 12.199976176507734
[-3.77706004e+00 -1.58938006e-01 -1.09538894e-01 -1.21984729e+01
  3.55465788e+02] 12.199999999416146
[-3.74877640e+00 -1.78771277e-01 -3.29438150e-01 -1.21942409e+01
  3.54931418e+02] 12.200000011978728
[-3.75384288e+00  1.48436096e-01 -2.85243472e-01 -1.21957617e+01
  3.54772539e+02] 12.199999991531145
[-3.72616826e+00  1.62756279e-01 -1.48873343e-02 -1.21989052e+01
  3.54735632e+02] 12.199999999472498
[-3.82180770e+00 -1.10795435e-01  5.03066316e-02 -1.21993932e+01
  3.56805144e+02] 12.200000024817303
[-3.72833893e+00 -2.29503299e-01 -2.48386849e-01 -1.21953118e+01
  3.56584988e+02] 12.199999949341558
[-3.75636680e+00  7.70176641e-03 -5.56925358e-02 -1.21998705e+01
  3.55230145e+02] 12.199999999664692
[-3.70892949e+00 -1.90611566e-01  2.22196865e-01 -1.21964870e+01
  3.57767707e+02] 12.199999993917139
[-3.79820235e+00 -7.43168669e-02  1.07944214e-01 -1.21992961e+01
  3.53734247e+02] 12.200000000089572
[-3.77707491e+00  3.35053407e-02  2.28278811e-01 -1.21978181e+01
  3.55669872e+02] 12.199999995957475
[-3.80599960e+00  5.41948347e-02  4.13596647e-02 -1.21998094e+01
  3.54704607e+02] 12.19999992454036
[-3.71132866e+00 -2.71915220e-01  2.13043570e-01 -1.21951086e+01
  3.56208123e+02] 12.199999943929864
[-3.83052203e+00  9.65518140e-02  1.55260998e-01 -1.21632850e+01
  3.55144826e+02] 12.164659029475665
[-3.74623161e+00  3.22003686e-01  2.39871878e-01 -1.21933906e+01
  3.57928121e+02] 12.199999954791611
[-3.82520224e+00  2.88794655e-02 -1.11483823e-01 -1.21994564e+01
  3.55645455e+02] 12.199999999889068
[-3.83071160e+00 -7.96582233e-02  5.52888490e-02 -1.21996147e+01
  3.55543877e+02] 12.200000000061953
[-3.70513902e+00 -3.87771913e-01 -5.98857679e-02 -1.21769011e+01
  3.56178019e+02] 12.183220982675067
[-3.76153759e+00  1.32532214e-01  7.10771706e-02 -1.21990730e+01
  3.55852396e+02] 12.19999999470528
[-3.76926180e+00  1.33122361e-01 -4.31752702e-03 -1.21992729e+01
  3.53412460e+02] 12.200000003772281
[-3.73111815e+00  1.60430702e-02  7.18692885e-02 -1.21997778e+01
  3.55589862e+02] 12.200000005104584
[-3.79016621e+00 -5.57878594e-02  1.56373414e-01 -1.21988701e+01
  3.53835229e+02] 12.199999853569242
[-3.73608261e+00 -2.72818212e-01  3.13148616e-02 -1.21969090e+01
  3.53717539e+02] 12.199999995910964
[-3.87016708e+00 -5.14071676e-01  1.20749440e-01 -1.21885664e+01
  3.56052554e+02] 12.199999994194329
[-3.79816296e+00 -1.59289915e-02 -2.49570822e-01 -1.21974365e+01
  3.55644752e+02] 12.199999833036259
[-3.72618835e+00 -2.83771513e-01 -5.02604807e-02 -1.21965957e+01
  3.54992291e+02] 12.19999998968122
[-3.72121587e+00  4.01236986e-02  4.15906125e-02 -1.21998631e+01
  3.56167520e+02] 12.200000016767989
[-3.70399759e+00 -1.58370838e-01  1.16448052e-01 -1.21984162e+01
  3.57082507e+02] 12.199999998517592
[-3.64753422e+00 -1.03041492e-01  2.71633691e-01 -1.21965404e+01
  3.54067630e+02] 12.200000000071835
[-3.68012009e+00  2.91740433e-01 -1.26646251e-01 -1.21958537e+01
  3.54064713e+02] 12.199999999042712
[-3.81430900e+00  4.19072236e-02  6.30894983e-02 -1.21997649e+01
  3.56347763e+02] 12.200000028964787
[-3.68476645e+00  1.07674290e-01  5.92807863e-02 -1.21993808e+01
  3.54228377e+02] 12.200000008367915
[-3.77703026e+00  5.06460706e-02 -1.92885070e-01 -1.21983700e+01
  3.57320763e+02] 12.200000010450072
[-3.69923339e+00  1.55127273e-01 -1.46731797e-01 -1.21979809e+01
  3.53792227e+02] 12.19984965555175
[-3.86722170e+00 -1.13303164e-01 -1.64706624e-02 -1.21994627e+01
  3.53263438e+02] 12.199999995057563
[-3.79549811e+00  9.79411227e-03  1.20070522e-01 -1.21994052e+01
  3.56887874e+02] 12.19999999509855
[-3.68002006e+00 -2.05931179e-02 -6.37908392e-02 -1.21998158e+01
  3.55189813e+02] 12.19999999052299
[-3.75128435e+00  3.27630204e-02 -3.07416005e-02 -1.21999173e+01
  3.57396453e+02] 12.20000000005964
[-3.77708480e+00  2.56204667e-01 -1.91934605e-02 -1.21972944e+01
  3.56224006e+02] 12.199999999820172
[-3.84736974e+00 -1.31788440e-02  1.53323544e-03 -1.21999928e+01
  3.56041868e+02] 12.200000002910848
[-3.69942054e+00  2.48510129e-01 -6.05937291e-02 -1.21973182e+01
  3.56682397e+02] 12.20000000887523
[-3.83344785e+00  4.13457510e-04  1.78968663e-01 -1.21986872e+01
  3.53677677e+02] 12.199999999455187
[-3.79288175e+00 -1.94944381e-01 -1.91444112e-01 -1.21969400e+01
  3.56759943e+02] 12.200000000026218
[-3.66597991e+00  3.43112833e-02 -4.34581340e-03 -1.21999510e+01
  3.55628142e+02] 12.200000005923394
[-3.75385540e+00  2.17235899e-01 -6.53460775e-02 -1.21978907e+01
  3.54445040e+02] 12.199999989861517
[-3.74622124e+00 -1.73682722e-01  1.57536957e-01 -1.21977463e+01
  3.56690294e+02] 12.199999983286755
[-3.80618608e+00 -1.00102533e-01  1.35741674e-01 -1.21988341e+01
  3.56860461e+02] 12.19999998317414
[-3.64293457e+00 -5.01396293e-02  4.27169707e-01 -1.21924162e+01
  3.57130983e+02] 12.199999994943795
[-3.80092470e+00  6.72087327e-02 -7.60607337e-02 -1.21995778e+01
  3.56231879e+02] 12.200000003012194
[-3.70656349e+00  2.71567655e-02  1.17161732e-01 -1.21994072e+01
  3.55637614e+02] 12.199999999181324
[-3.79283228e+00  1.10738327e-01  2.79853988e-02 -1.21994653e+01
  3.56523919e+02] 12.199999999321097
[-3.76418012e+00 -5.62274889e-01 -1.42713830e-01 -1.21862003e+01
  3.54397777e+02] 12.199999958987373
[-3.76147314e+00  2.29769059e-01  6.32142141e-02 -1.21976723e+01
  3.56129421e+02] 12.199999957635802
[-3.79992360e+00  2.51105546e-02 -9.77277888e-02 -1.21235530e+01
  3.51566536e+02] 12.123972900112895
[-3.72613951e+00  6.68710795e-02  2.27752623e-01 -1.21976906e+01
  3.55516410e+02] 12.199999998797857
[-3.73867287e+00  1.11968092e-01  6.08245903e-02 -1.21993346e+01
  3.56014927e+02] 12.200000000860511
[-3.77970786e+00 -3.91790779e-02 -1.27068179e-01 -1.21992753e+01
  3.56958054e+02] 12.200000001849343
[-3.75896504e+00  3.29635935e-02 -4.02752877e-03 -1.21999548e+01
  3.55745429e+02] 12.200000001220472
[-3.69922598e+00 -8.46017286e-02  2.23773149e-01 -1.21976542e+01
  3.53695143e+02] 12.199999999412679
[-3.62705574e+00  1.93481928e-02 -1.45704065e-02 -1.21999760e+01
  3.57653328e+02] 12.199999994360704
[-3.76411178e+00  1.86973928e-01  9.70081494e-02 -1.21981814e+01
  3.58173038e+02] 12.199999998856356
[-3.69925736e+00  3.87675897e-02 -1.44696879e-01 -1.21990803e+01
  3.56551697e+02] 12.199999998191643
[-3.71628716e+00  1.70481338e-01 -1.98110845e-01 -1.21972000e+01
  3.56169582e+02] 12.19999996740884
[-3.67537221e+00  2.41409638e-02 -2.25260151e-01 -1.21978964e+01
  3.56964276e+02] 12.200000012975323
[-3.83355761e+00  3.10761762e-02 -4.72039165e-02 -1.21998691e+01
  3.55417738e+02] 12.199999989192957
[-3.66856702e+00  8.89423579e-02 -1.10250017e-01 -1.21991775e+01
  3.57090637e+02] 12.199999918643678
[-3.80365619e+00  1.30710074e-02 -2.07488497e-02 -1.21999753e+01
  3.53754509e+02] 12.199999948821917
[-3.66132001e+00 -1.72957948e-01  9.95084336e-02 -1.21983681e+01
  3.56471317e+02] 12.20000000366856
[-3.79181792e+00  2.72238699e-02  1.31368815e-01 -1.21992624e+01
  3.55348700e+02] 12.200000034151001
[-3.74861981e+00 -3.27009350e-01  4.75148897e-02 -1.21955240e+01
  3.54217913e+02] 12.199999914582062
[-3.70650970e+00 -4.55349940e-02 -2.24153254e-01 -1.21978556e+01
  3.55394810e+02] 12.200000005814173
[-3.86717013e+00 -6.32608439e-02 -6.66536338e-02 -1.21996539e+01
  3.54856065e+02] 12.20000003786066
[-3.86150817e+00  3.08237470e-01  1.82275151e-01 -1.21947433e+01
  3.53114950e+02] 12.199999988617785
[-3.76670361e+00 -1.15043334e-01 -1.85507940e-01 -1.21980470e+01
  3.55394783e+02] 12.199999947459421
[-3.68968077e+00  8.27208304e-02  1.31127310e-01 -1.21990147e+01
  3.55551264e+02] 12.19999985641567
[-3.77710483e+00 -8.70956550e-02  3.24204594e-01 -1.21953805e+01
  3.54954992e+02] 12.199999999457319
[-3.77187067e+00  1.04489835e-01  9.71630193e-02 -1.21991656e+01
  3.56256455e+02] 12.199999999723923
[-3.82794679e+00  5.57803235e-02  4.14608906e-02 -1.21998020e+01
  3.55141420e+02] 12.199999998848526
[-3.67300608e+00 -3.89985415e-02 -9.66637111e-02 -1.21993556e+01
  3.54669059e+02] 12.199800862811784
[-3.81693139e+00 -2.76359793e-01 -1.71406361e-01 -1.21956650e+01
  3.53783180e+02] 12.199999962805371
[-3.78758575e+00 -4.05983230e-03  1.10246880e-01 -1.21995012e+01
  3.55838798e+02] 12.199999999841049
[-3.74622944e+00  6.07158250e-02  9.84056066e-02 -1.21994520e+01
  3.52044933e+02] 12.200000000166265
[-3.66366873e+00 -1.71129855e-01  7.55677342e-02 -1.21985657e+01
  3.56041504e+02] 12.199999997602875
[-3.77185045e+00  2.26127879e-02  5.15434179e-02 -1.21998702e+01
  3.56151311e+02] 12.200000002467789
[-3.80353418e+00 -8.64017402e-02  1.63842289e-01 -1.21985938e+01
  3.56138935e+02] 12.199999986948107
[-3.82797726e+00 -1.09089643e-01 -1.97703804e-01 -1.21979102e+01
  3.53137133e+02] 12.199999997131703
[-3.74624317e+00  1.88633296e-01  2.19273451e-01 -1.21965707e+01
  3.54094675e+02] 12.199999967115556
[-3.60040020e+00 -1.39831475e-01 -9.87552381e-03 -1.21991946e+01
  3.55062077e+02] 12.200000008784476
[-3.68470402e+00 -2.87335315e-01  7.50121922e-03 -1.21966135e+01
  3.54739484e+02] 12.199999993637622
[-3.72867133e+00 -1.68032636e-01 -2.08015791e-01 -1.21970691e+01
  3.56123658e+02] 12.20000000187975
[-3.74370794e+00 -2.35584562e-01  1.69003116e-01 -1.21965543e+01
  3.56044142e+02] 12.20000000060499
[-3.68486842e+00 -2.68433290e-01 -1.05018213e-01 -1.21965944e+01
  3.59184730e+02] 12.200000001387124
[-3.83348949e+00 -2.93789302e-01  1.83430868e-02 -1.21964483e+01
  3.56800985e+02] 12.200000000185154
[-3.80361069e+00 -3.18168177e-01  2.88246031e-03 -1.21958501e+01
  3.56177737e+02] 12.200000000766057
[-3.77449206e+00 -8.59909697e-02  2.09388879e-02 -1.21996790e+01
  3.54992929e+02] 12.19999998838764
[-3.85298269e+00  1.36458331e-01 -2.40085681e-01 -1.21968300e+01
  3.50405016e+02] 12.199955875901578
[-3.77457501e+00  2.60525750e-01  5.04297314e-02 -1.21971137e+01
  3.54816376e+02] 12.199999964520192
[-3.74671103e+00  2.89202056e-01  1.62389144e-01 -1.21954907e+01
  3.55352201e+02] 12.200000037366566
[-3.77446679e+00 -1.35545116e-01 -1.86533953e-01 -1.21978208e+01
  3.56033510e+02] 12.200000000182321
[-3.79287021e+00 -2.63724730e-01  1.26759812e-01 -1.21964905e+01
  3.54163619e+02] 12.199999990119153
[-3.75633659e+00  1.07209201e-01 -9.54168988e-02 -1.21991558e+01
  3.55884872e+02] 12.19999999938222
[-3.80087800e+00  1.72191854e-01 -1.91698845e-01 -1.21972784e+01
  3.54560607e+02] 12.200000000756836
[-3.80352480e+00  1.70522061e-01  6.71333602e-02 -1.21986235e+01
  3.53589204e+02] 12.199999996731894
[-3.71159590e+00 -2.16624038e-02 -1.56822147e-01 -1.21989728e+01
  3.54559908e+02] 12.199999950228285
[-3.79021816e+00  2.23160221e-01  8.26567867e-02 -1.21976780e+01
  3.53429342e+02] 12.199999239703358
[-3.69202480e+00  1.40001114e-01  5.98576192e-02 -1.21990498e+01
  3.58307240e+02] 12.200000000143005
[-3.78763114e+00  2.25669455e-02 -1.86471919e-01 -1.21985540e+01
  3.57460990e+02] 12.199999990895474
[-3.81760824e+00 -7.66668076e-02  1.94126980e-01 -1.21724859e+01
  3.54054589e+02] 12.174275197496705
[-3.78231422e+00 -2.34239860e-01  1.75971773e-01 -1.21964817e+01
  3.54138690e+02] 12.19999999712237
[-3.91997371e+00  8.53565955e-02 -1.04215037e-01 -1.21992563e+01
  3.52517877e+02] 12.199999997707598
[-3.77970510e+00 -1.06297268e-01  2.51252952e-01 -1.21969493e+01
  3.54261989e+02] 12.200000000075212
[-3.80354149e+00  2.07338246e-01  1.60993828e-01 -1.21971756e+01
  3.54638631e+02] 12.200000000690604
[-3.74116762e+00  5.64178696e-02 -5.85467891e-02 -1.21997291e+01
  3.56145892e+02] 12.20000000542857
[-3.83069172e+00 -1.21468078e-01 -1.00671902e-01 -1.21989799e+01
  3.56694054e+02] 12.199999999300097
[-3.82524238e+00  1.55900604e-01 -3.22454610e-01 -1.21947414e+01
  3.51392369e+02] 12.199999995742507
[-3.67775735e+00 -2.06486386e-01  2.25551775e-01 -1.21961670e+01
  3.55999751e+02] 12.199999983099957
[-3.75729449e+00  1.30676481e-02  7.48212983e-02 -1.21997635e+01
  3.52776716e+02] 12.199999947424539
[-3.79284299e+00  7.37663725e-02 -1.02801863e-02 -1.21997727e+01
  3.55822523e+02] 12.200000000524401
[-3.75639542e+00 -2.08890008e-01 -1.26988525e-02 -1.21982049e+01
  3.55499878e+02] 12.20000000002938
[-3.77446833e+00 -1.36895037e-01 -9.46901433e-02 -1.21988644e+01
  3.55019745e+02] 12.200000000196956
[-3.71874036e+00 -4.89315696e-02  2.00604583e-01 -1.21982525e+01
  3.57142122e+02] 12.199999974313812
[-3.80086918e+00  1.25897532e-01 -2.56532507e-01 -1.21966529e+01
  3.55085432e+02] 12.200000000045815
[-3.73641773e+00  2.09093065e-01  7.20247044e-02 -1.21979954e+01
  3.56655775e+02] 12.200000010518885
[-3.70974772e+00 -2.07137326e-01 -3.06542434e-02 -1.21982029e+01
  3.56853270e+02] 12.200000011466383
[-3.72614519e+00  2.47194323e-02 -2.09288463e-01 -1.21981797e+01
  3.57262710e+02] 12.200000012115732
[-3.76154911e+00  1.61780436e-01  3.94711027e-02 -1.21988634e+01
  3.57012855e+02] 12.199999957491888
[-3.72868344e+00 -3.15398960e-01  1.47441461e-01 -1.21950311e+01
  3.55279895e+02] 12.199999999985625
[-3.79817361e+00  1.10051428e-01  9.63571314e-02 -1.21991230e+01
  3.54809688e+02] 12.199999908030613
[-3.80880733e+00 -6.87055151e-02 -1.21414537e-01 -1.21992023e+01
  3.51639428e+02] 12.19999993998222
[-3.73859416e+00 -1.40941452e-01  2.27721573e-01 -1.21970602e+01
  3.57483984e+02] 12.199999969768276
[-3.73619638e+00  1.79089726e-01 -3.81370432e-01 -1.21927226e+01
  3.51716970e+02] 12.19999998978853
[-3.70894100e+00 -1.40918561e-01  1.68684082e-01 -1.21980198e+01
  3.56320577e+02] 12.199999997907113
[-3.78218659e+00  1.23016168e-02  6.23986369e-02 -1.20023895e+01
  3.53562448e+02] 12.002557972074767
[-3.78764704e+00 -2.98010473e-01 -4.25267670e-03 -1.21963590e+01
  3.55264575e+02] 12.199999999942243
[-3.78776046e+00 -9.57086617e-02 -1.95790400e-01 -1.21980533e+01
  3.55583486e+02] 12.199999937247
[-3.78496551e+00 -3.04427915e-01 -9.02045240e-02 -1.21958676e+01
  3.55854925e+02] 12.199999964414605
[-3.82246835e+00 -1.10880280e-01 -2.38101015e-03 -1.21994959e+01
  3.56855710e+02] 12.200000000666057
[-3.77186679e+00  1.49971621e-01 -5.63782663e-02 -1.21989479e+01
  3.57561124e+02] 12.199999999994173
[-3.73364902e+00  1.83263604e-01  8.53225148e-02 -1.21983251e+01
  3.57017843e+02] 12.199999999908202
[-3.74119515e+00 -8.81372326e-02 -3.41916372e-01 -1.21948893e+01
  3.57726405e+02] 12.200000000170132
[-3.75908286e+00 -3.03874707e-01  5.22156419e-03 -1.21962139e+01
  3.55032744e+02] 12.19999999890041
[-3.83705612e+00  7.09257131e-02  4.46102626e-02 -1.21764208e+01
  3.54425472e+02] 12.17670904768625
[-3.68726416e+00 -2.00872747e-01 -1.61604300e-01 -1.21972756e+01
  3.54880700e+02] 12.19999995801356
[-3.78233705e+00 -2.76930275e-01  1.04237101e-01 -1.21964111e+01
  3.54250215e+02] 12.199999998252714
[-3.76410729e+00  1.79056942e-01 -5.34310895e-02 -1.21985689e+01
  3.57101170e+02] 12.20000000223445
[-3.74621938e+00  3.57886546e-02  3.99707632e-02 -1.21998820e+01
  3.54659206e+02] 12.199999997883811
[-3.76287249e+00  3.49779182e-01 -3.66879477e-02 -1.20528060e+01
  3.53282703e+02] 12.057936171873386
[-3.69854089e+00 -1.69646559e-01  1.91366531e-01 -1.21595645e+01
  3.54644375e+02] 12.162253509996289
[-3.75891376e+00  1.34183324e-01  1.02470498e-01 -1.21988317e+01
  3.56098151e+02] 12.199999999481141
[-3.85302238e+00  1.14263412e-03  3.21703066e-01 -1.21957577e+01
  3.53420574e+02] 12.199999999510213
[-3.73617264e+00  3.26523760e-02 -9.44986521e-02 -1.21995903e+01
  3.56114489e+02] 12.199999984298843
[-3.80568583e+00  2.24338627e-01  1.23747712e-02 -1.21591303e+01
  3.54771477e+02] 12.161206012937216
[-3.68487894e+00 -1.03897846e-01 -2.60011420e-02 -1.21995299e+01
  3.56974531e+02] 12.200000005975847
[-3.75663466e+00  2.85517915e-01 -1.00788887e-01 -1.21962420e+01
  3.54713798e+02] 12.19999986627692
[-3.79551217e+00  1.85305452e-01 -1.47687192e-01 -1.21976986e+01
  3.55388620e+02] 12.200000000031109
[-3.70165481e+00 -1.60996960e-01 -8.08628036e-02 -1.21986696e+01
  3.54753901e+02] 12.19999998181483
[-3.75640692e+00  1.91087039e-01  2.67457202e-02 -1.21984741e+01
  3.52810645e+02] 12.199999997800228
[-3.70161844e+00  1.28412330e-01 -1.82488564e-01 -1.21979592e+01
  3.54865791e+02] 12.19999999786317
[-3.71385447e+00 -3.08512499e-02 -6.98057660e-02 -1.21997613e+01
  3.54084636e+02] 12.200000006894937
[-3.68481960e+00  6.13109774e-02  1.36982087e-01 -1.21990769e+01
  3.57433563e+02] 12.199999999861895
[-3.77460404e+00 -1.78616794e-01  1.77817414e-02 -1.21373032e+01
  3.54741287e+02] 12.138630476393994
[-3.76917580e+00  9.40531702e-03 -4.09495218e-02 -1.21999276e+01
  3.55933305e+02] 12.199999991582342
[-3.74877658e+00  1.14418913e-01  2.98438170e-01 -1.21958125e+01
  3.54225092e+02] 12.199999970025674
[-3.74621192e+00 -2.03624488e-03  1.60113411e-01 -1.21989491e+01
  3.54843254e+02] 12.199999999541548
[-3.82525851e+00 -2.53210749e-01 -1.71586318e-01 -1.21961651e+01
  3.54456779e+02] 12.199999994241411
[-3.73118306e+00 -9.04004562e-02  2.12056699e-01 -1.21978219e+01
  3.55758424e+02] 12.200000001701849
[-3.80351370e+00  9.88737282e-02  4.11420105e-01 -1.21926600e+01
  3.53487715e+02] 12.19999998428255
[-3.73867024e+00  1.52234401e-01 -1.23111998e-02 -1.21990439e+01
  3.52493044e+02] 12.199999994302303
[-3.81156518e+00  4.51183024e-02  7.00022503e-03 -1.21999146e+01
  3.55790384e+02] 12.199999998668567
[-3.76245225e+00  1.50812229e-01 -1.19685219e-02 -1.21793781e+01
  3.56779521e+02] 12.180317706227248
[-3.74901459e+00  2.15663517e-01  9.30002823e-02 -1.21977390e+01
  3.58799411e+02] 12.199999835224538
[-3.68010017e+00 -1.19588018e-02 -3.67784082e-03 -1.21999935e+01
  3.57345692e+02] 12.199999964220956
[-3.73866121e+00 -1.83109928e-01 -1.54499231e-01 -1.21976473e+01
  3.57170900e+02] 12.199999999389322
[-3.73123484e+00  1.83783399e-01 -5.68520338e-02 -1.21984831e+01
  3.54601826e+02] 12.199999908883488
[-3.77186506e+00 -1.09336061e-02  1.52145986e-01 -1.21990464e+01
  3.55732237e+02] 12.20000000001404
[-3.81976398e+00 -4.04823310e-03 -8.71517768e-02 -1.21996880e+01
  3.54593013e+02] 12.199999994185855
[-3.69439347e+00  9.22226859e-02 -1.61882599e-01 -1.21985773e+01
  3.57539479e+02] 12.19999995913719
[-3.71631652e+00 -1.44745661e-01 -3.01983089e-01 -1.21954030e+01
  3.56491423e+02] 12.199999987928154
[-3.80069222e+00  7.65737655e-02  3.74739092e-02 -1.21997020e+01
  3.53882581e+02] 12.199999900160769
[-3.78495666e+00 -8.16766152e-02 -1.04803831e-01 -1.21992764e+01
  3.55803349e+02] 12.199999995711233
[-3.67302072e+00  8.89041746e-02 -1.67883030e-01 -1.21985209e+01
  3.56246459e+02] 12.200000012605964
[-3.72867002e+00 -1.89958666e-01  1.89547249e-01 -1.21970483e+01
  3.54187641e+02] 12.200000000665975
[-3.68248316e+00 -1.80261575e-02  2.36762415e-01 -1.21976891e+01
  3.55031060e+02] 12.199999999498003
[-3.73121879e+00 -2.18078811e-01  9.75949341e-02 -1.21976603e+01
  3.57939748e+02] 12.199999999718452
[-3.86717997e+00 -1.74666710e-01  8.50532587e-02 -1.21984531e+01
  3.53432141e+02] 12.199999981056822
[-3.76152866e+00 -9.52623100e-02 -7.25009764e-02 -1.21994125e+01
  3.56391223e+02] 12.199999841653641
[-3.81435320e+00 -7.01009097e-02 -2.26444121e-01 -1.21976968e+01
  3.53143454e+02] 12.199999887926174
[-3.83901231e+00  1.95346194e-01  1.62254528e-01 -1.21973568e+01
  3.54876877e+02] 12.199999999928831
[-3.75672314e+00 -1.30255342e-01  4.81190354e-02 -1.21992098e+01
  3.54888184e+02] 12.20000002585227
[-3.79290876e+00  2.59263757e-01 -3.34848023e-01 -1.21926477e+01
  3.54621140e+02] 12.19999999993278
[-3.66362855e+00 -5.62979175e-02  2.97475392e-01 -1.21962428e+01
  3.54316613e+02] 12.199999998791792
[-3.85025485e+00 -2.40359935e-01 -1.80229455e-01 -1.21963004e+01
  3.56795876e+02] 12.199999998723726
[-3.85417295e+00  1.75881182e-02  1.75774125e-01 -1.21449565e+01
  3.51144573e+02] 12.146241108997312
[-3.80107380e+00 -1.04643289e-01 -7.58618145e-02 -1.21993153e+01
  3.55304871e+02] 12.19999998105885
[-3.82796231e+00 -1.24102630e-01  1.20982366e-01 -1.21987689e+01
  3.54863544e+02] 12.199999999441571
[-3.80622027e+00 -1.14990045e-01  2.81913841e-02 -1.21994255e+01
  3.54935223e+02] 12.199999999509364
[-3.79557433e+00  2.85423330e-02 -2.22794572e-01 -1.21979321e+01
  3.53333027e+02] 12.19999998063316
[-3.75641569e+00  7.34749485e-02 -1.67269948e-01 -1.21986307e+01
  3.53735515e+02] 12.199998720530637
[-3.86715471e+00 -8.78871197e-02  2.29699419e-02 -1.21996618e+01
  3.54702044e+02] 12.19999999895864
[-3.85299234e+00 -1.46621740e-01  6.14392789e-02 -1.21989642e+01
  3.53034380e+02] 12.199999994760853
[-3.83624055e+00 -1.18690900e-01 -2.43252727e-01 -1.21969972e+01
  3.53860599e+02] 12.20000000007674
[-3.90504049e+00 -3.71069496e-01  2.09347121e-01 -1.21925584e+01
  3.55260742e+02] 12.199999981987743
[-3.77706570e+00 -7.83299856e-02 -2.10893209e-01 -1.21979255e+01
  3.55761328e+02] 12.199999931228213
[-3.78493458e+00 -6.40495040e-02  2.49656463e-02 -1.21998063e+01
  3.55161634e+02] 12.199999997623861
[-3.74620541e+00 -1.61629197e-01 -1.25106750e-01 -1.21982878e+01
  3.54964800e+02] 12.199999997681955
[-3.75384387e+00 -1.87068569e-02 -9.26222707e-02 -1.21996333e+01
  3.55019340e+02] 12.199999215248203
[-3.70165248e+00 -8.86403429e-02  2.79209892e-02 -1.21996460e+01
  3.57791106e+02] 12.199999991946603
[-3.76929484e+00 -8.08187909e-02 -1.70087821e-02 -1.21997205e+01
  3.54668874e+02] 12.20000001453294
[-3.76927646e+00  1.40306612e-01 -9.32049920e-02 -1.21988371e+01
  3.54201909e+02] 12.19999999996463
[-3.75631482e+00  1.37586618e-01 -1.28523677e-01 -1.21985471e+01
  3.54760893e+02] 12.199999999844659
[-3.77996651e+00  6.55085132e-02 -1.80926882e-01 -1.21984825e+01
  3.56093691e+02] 12.200000035652334
[-3.83076814e+00  1.06946213e-01  1.36031516e-01 -1.21987727e+01
  3.53933255e+02] 12.199999907458524
[-3.83073611e+00 -4.14373328e-01 -2.80041502e-01 -1.21897445e+01
  3.55294589e+02] 12.200000003634315
[-3.78238778e+00  5.83639906e-01  1.02935833e-01 -1.21855968e+01
  3.54311260e+02] 12.199999995384216
[-3.63875508e+00 -1.52506325e-01  7.05001058e-02 -1.21988430e+01
  3.59052194e+02] 12.199999996558645
[-3.74623834e+00  3.23466872e-01 -8.77438919e-02 -1.21953954e+01
  3.52869797e+02] 12.199999971781146
[-3.85863919e+00 -6.08947253e-02 -9.00022078e-02 -1.21995160e+01
  3.56394338e+02] 12.199999995776784
[-3.75131543e+00  2.58697669e-01 -5.99733177e-02 -1.21971094e+01
  3.56233963e+02] 12.200000003928269
[-3.73868297e+00 -9.82655747e-02  7.80070514e-02 -1.21993548e+01
  3.55161038e+02] 12.199999989042615
[-3.76979432e+00 -3.95475965e-02  2.15756586e-01 -1.21980279e+01
  3.54696761e+02] 12.199999971348516
[-3.75388677e+00 -2.17146955e-01 -1.85465879e-01 -1.21966574e+01
  3.56095567e+02] 12.200000040662808
[-3.77972052e+00 -3.43152287e-01 -4.27813511e-02 -1.21950980e+01
  3.53591845e+02] 12.19999998790469
[-3.81151882e+00 -3.76097006e-02 -7.05128873e-02 -1.21997383e+01
  3.55445021e+02] 12.20000001595037
[-3.81974832e+00  1.14616496e-01 -3.40176092e-01 -1.21947178e+01
  3.52567414e+02] 12.19999999162756
[-3.69435684e+00  1.70661401e-01 -2.50282466e-02 -1.21987806e+01
  3.58559619e+02] 12.199999995577233
[-3.76875090e+00  4.03406042e-01 -8.18172104e-02 -1.21930539e+01
  3.56671290e+02] 12.199999782124682
[-3.76152404e+00 -2.53077674e-01 -2.31117892e-01 -1.21951846e+01
  3.55737851e+02] 12.199999615805984
[-3.78228634e+00 -2.32774960e-01 -6.12311589e-02 -1.21976254e+01
  3.53169302e+02] 12.19999999549632
[-3.75884417e+00  2.09017662e-01 -2.33189690e-01 -1.21959802e+01
  3.53876265e+02] 12.19999993269328
[-3.74878168e+00  2.78441810e-01  3.15630235e-02 -1.21967813e+01
  3.55238389e+02] 12.199999991068877
[-3.76154235e+00 -3.23687436e-02 -2.17865465e-01 -1.21980116e+01
  3.55603571e+02] 12.200000000080127
[-3.79024422e+00  1.85101640e-01  7.99280527e-02 -1.21983339e+01
  3.57028738e+02] 12.199999995689732
[-3.67067968e+00  1.58113737e-01  8.36141929e-02 -1.21986888e+01
  3.55927031e+02] 12.199999999960337
[-3.80396165e+00  2.74503482e-02  3.20234446e-01 -1.21957655e+01
  3.53204449e+02] 12.199999965504139
[-3.69444880e+00 -2.95637651e-01 -2.12137374e-01 -1.21945724e+01
  3.56157464e+02] 12.19999998909681
[-3.74790584e+00 -2.41000458e-01  2.54934906e-01 -1.20914697e+01
  3.54318609e+02] 12.096557892051187
[-3.87290352e+00 -5.38211671e-02 -9.55358344e-02 -1.21995072e+01
  3.56015944e+02] 12.200000003512402
[-3.80356065e+00  4.15705724e-02  2.15773743e-01 -1.21980209e+01
  3.54513076e+02] 12.199999999994086
[-3.78234879e+00  2.13165598e-01  3.13640320e-01 -1.21941047e+01
  3.53774518e+02] 12.199999991685702
[-3.74369343e+00 -4.34100707e-02  1.84299161e-01 -1.21985306e+01
  3.52227089e+02] 12.200000000130096
[-3.82030844e+00 -1.49151045e-01  1.78261671e-01 -1.21977857e+01
  3.53478220e+02] 12.199999957131743
[-3.74117155e+00  2.07687815e-02 -1.69369749e-01 -1.21988066e+01
  3.58824015e+02] 12.200000002653768
[-3.75381870e+00 -6.71561044e-02 -1.12892909e-02 -1.21998099e+01
  3.54739151e+02] 12.200000000031906
[-3.78492994e+00 -3.81022477e-03 -1.19305743e-01 -1.21994160e+01
  3.54831829e+02] 12.199999999926685
[-3.83919015e+00 -1.67168377e-01 -4.03947017e-01 -1.21921647e+01
  3.53996340e+02] 12.199999989146832
[-3.74618273e+00 -1.83104833e-01 -2.67251737e-01 -1.21956980e+01
  3.56205403e+02] 12.19999998312879
[-3.81972662e+00 -7.75690090e-02 -1.30502006e-02 -1.21997464e+01
  3.55363344e+02] 12.19999999844764
[-3.76842000e+00 -4.29981859e-03 -3.32513720e-01 -1.19908731e+01
  3.52659063e+02] 11.995483414244523
[-3.75399443e+00 -3.71597791e-01 -2.02880830e-02 -1.21943226e+01
  3.55496380e+02] 12.200000032010704
[-3.77911627e+00  1.52760454e-01  1.78555603e-01 -1.21977368e+01
  3.55596131e+02] 12.200000019366712
[-3.83653935e+00  2.11962399e-01  1.69606947e-01 -1.21969793e+01
  3.52954038e+02] 12.199999974890313
[-3.78826167e+00  7.16721263e-02 -1.50287625e-01 -1.21988638e+01
  3.54887828e+02] 12.200000019041456
[-3.77969632e+00 -2.21902809e-01 -7.83398777e-02 -1.21977302e+01
  3.54696131e+02] 12.199999999863536
[-3.78231240e+00  2.08644347e-01 -4.96806788e-02 -1.21981145e+01
  3.51577778e+02] 12.19999995810276
[-3.79812470e+00  1.04431131e-01 -3.06929426e-02 -1.21995144e+01
  3.54543739e+02] 12.199999999781125
[-3.80355656e+00  3.03784411e-01 -4.41751588e-02 -1.21961372e+01
  3.56736216e+02] 12.20000000135275
[-3.74871591e+00  2.26435115e-01  1.22421414e-01 -1.21972841e+01
  3.56160100e+02] 12.199999998717713
[-3.76926916e+00  2.24364061e-01  4.52202654e-02 -1.21978529e+01
  3.53999953e+02] 12.200000002448755
[-3.72368422e+00 -4.20108518e-02  1.81576953e-01 -1.21985763e+01
  3.55951818e+02] 12.199999989691575
[-3.82249744e+00  4.45094622e-02 -4.02060779e-02 -1.21998525e+01
  3.55707805e+02] 12.19999998172728
[-3.74371079e+00 -1.46775216e-01 -1.19263195e-01 -1.21985341e+01
  3.55968878e+02] 12.200000000803351
[-3.74877252e+00 -3.11078847e-03  1.54769822e-01 -1.21990179e+01
  3.54109686e+02] 12.199999999955056
[-3.78759296e+00 -3.76232837e-01  2.18417079e-01 -1.21922411e+01
  3.54787174e+02] 12.199999969564878
[-3.80799873e+00 -3.02234740e-01 -9.91504210e-02 -1.21958527e+01
  3.54702412e+02] 12.200000023517383
[-3.78471887e+00 -2.02290334e-01  5.36556151e-02 -1.21982048e+01
  3.57526973e+02] 12.20000002296747
[-3.84737675e+00  7.28571942e-03 -1.86586474e-01 -1.21985709e+01
  3.55133787e+02] 12.19999999996155
[-3.75385466e+00  2.04452658e-01  8.35348335e-02 -1.21980007e+01
  3.56418306e+02] 12.199999964465169
[-3.74115909e+00  3.26730368e-02  1.04703917e-01 -1.21995069e+01
  3.55930970e+02] 12.199999977269067
[-3.80102640e+00  1.51104226e-01 -1.77144013e-02 -1.21990513e+01
  3.54111948e+02] 12.199999986283032
[-3.72618110e+00 -2.25923680e-01 -1.11326338e-01 -1.21973999e+01
  3.53320814e+02] 12.20000000058794
[-3.70409807e+00  2.30247602e-01 -7.30110716e-02 -1.21976086e+01
  3.53603048e+02] 12.199999999959877
[-3.83097100e+00 -1.09651321e-01 -9.57163110e-03 -1.21995035e+01
  3.53275235e+02] 12.20000001125414
[-3.78231487e+00 -1.33866310e-01 -9.58690889e-02 -1.21988888e+01
  3.54080937e+02] 12.199999998311014
[-3.72547536e+00  3.24796779e-01 -1.67311087e-01 -1.21945281e+01
  3.53883228e+02] 12.200000035746585
[-3.74681272e+00 -1.50219554e-01 -6.62174971e-02 -1.21448793e+01
  3.54508012e+02] 12.145988837440559
[-3.72365534e+00 -1.47224492e-02 -2.33683813e-01 -1.21977528e+01
  3.57170192e+02] 12.199999961059897
[-3.77969043e+00 -1.19464307e-01  1.39253768e-01 -1.21986203e+01
  3.56712147e+02] 12.200000001182827
[-3.72125442e+00  5.37942022e-03  2.41250459e-01 -1.21976133e+01
  3.55824852e+02] 12.199999993423774
[-3.80088125e+00  1.16945017e-01 -5.96782799e-02 -1.21992935e+01
  3.54425091e+02] 12.19999998249463
[-3.75643812e+00  1.02815890e-01  1.96488572e-01 -1.21979843e+01
  3.52823817e+02] 12.199999999182085
[-3.72621230e+00 -1.17143694e-01  3.31550588e-01 -1.21949314e+01
  3.56232425e+02] 12.19999999960512
[-3.70896397e+00 -1.76042998e-01 -1.63781741e-01 -1.21976303e+01
  3.54934623e+02] 12.19999997580742
[-3.80135713e+00 -7.05890818e-03 -3.35636764e-01 -1.21953801e+01
  3.54803898e+02] 12.199999952507516
[-3.66133399e+00  6.36190546e-03  1.32985836e-02 -1.21999911e+01
  3.53207047e+02] 12.199999992259468
[-3.80149624e+00  1.07687722e-01 -3.46371627e-01 -1.21699181e+01
  3.51741507e+02] 12.175322479360666
[-3.85861351e+00  5.96243647e-02 -1.49180101e-03 -1.21998541e+01
  3.53639741e+02] 12.199999898075351
[-3.76413007e+00 -5.75453676e-03 -3.41869486e-01 -1.21952078e+01
  3.55782052e+02] 12.200000012501441
[-3.68009820e+00 -8.85347931e-02  1.35923832e-01 -1.21989215e+01
  3.57978014e+02] 12.200000003932612
[-3.85580448e+00 -1.70874911e-01 -1.19111263e-01 -1.21982217e+01
  3.56863616e+02] 12.199999941745606
[-3.83750072e+00 -2.16519740e-01  1.28695647e-01 -1.21973996e+01
  3.52682477e+02] 12.200000038989128
[-3.73114274e+00  2.56775502e-01 -1.12563293e-02 -1.21972923e+01
  3.53570030e+02] 12.200000004916483
[-3.72151005e+00 -4.03574090e-01 -1.12426072e-01 -1.21360030e+01
  3.52751288e+02] 12.143231869675214
[-3.74371866e+00 -1.53080569e-01  2.09359678e-01 -1.21972429e+01
  3.57193323e+02] 12.199999996790686
[-3.76149581e+00  1.36079995e-01 -2.85615786e-02 -1.21992076e+01
  3.54765143e+02] 12.199999998885566
[-3.82797752e+00  1.59685267e-01 -2.52125462e-01 -1.21963492e+01
  3.51247562e+02] 12.199999997970991
[-3.69924489e+00  4.96540491e-02  1.18097810e-01 -1.21993273e+01
  3.56318171e+02] 12.200000000156066
[-3.77707127e+00 -1.57474619e-01  9.85377933e-02 -1.21985857e+01
  3.54574495e+02] 12.200000003948896
[-3.70412424e+00 -2.87149017e-01  1.01263359e-01 -1.21961998e+01
  3.54202182e+02] 12.199999967096081
[-3.77705426e+00  7.03111412e-02 -2.29053391e-01 -1.21976469e+01
  3.54016315e+02] 12.199999963623467
[-3.81436086e+00  8.35343177e-03 -2.99027291e-02 -1.21999605e+01
  3.52693589e+02] 12.19999998900454
[-3.84588030e+00  3.33534136e-02 -2.40183340e-02 -1.21138702e+01
  3.52939883e+02] 12.113939903254966
[-3.59622157e+00  1.39003019e-01  3.57324878e-01 -1.19490111e+01
  3.52950741e+02] 11.955160791440811
[-3.79552126e+00 -1.79864483e-01  6.74221070e-02 -1.21984877e+01
  3.55551972e+02] 12.19999999652255
[-3.76412909e+00  1.77458223e-01  1.83524321e-01 -1.21973287e+01
  3.53862644e+02] 12.200000013332497
[-3.73617503e+00  1.31128144e-01 -1.53583346e-03 -1.21992952e+01
  3.54318625e+02] 12.199999977340632
[-3.72617442e+00 -1.62563736e-01  6.54055671e-03 -1.21989150e+01
  3.55479851e+02] 12.199999839259139
[-3.75898113e+00 -2.22610747e-01 -8.69420563e-02 -1.21976590e+01
  3.55791457e+02] 12.19999999100101
[-3.76927202e+00 -9.79719971e-02  1.34863457e-01 -1.21988611e+01
  3.54183600e+02] 12.199999905514224
[-3.77977004e+00  6.14442654e-02  2.47317556e-01 -1.21973382e+01
  3.54043263e+02] 12.19999998254479
[-3.85582301e+00 -1.52742415e-01 -1.47597460e-01 -1.21981509e+01
  3.54147370e+02] 12.199999996102644
[-3.82796145e+00  2.04758936e-01 -1.32067054e-01 -1.21975666e+01
  3.54499442e+02] 12.199999981057648
[-3.70650192e+00  1.26227349e-01  1.84561525e-02 -1.21993330e+01
  3.57110065e+02] 12.199999999359946
[-3.73372412e+00 -2.09403590e-02  2.31101553e-01 -1.21977930e+01
  3.57451684e+02] 12.200000034195298
[-3.73884529e+00  9.63993343e-03 -2.86737475e-01 -1.21966261e+01
  3.54293997e+02] 12.20000001274633
[-3.64746250e+00 -1.53385715e-01 -3.05599671e-02 -1.21989974e+01
  3.58162530e+02] 12.199999994168737
[-3.72617117e+00  9.99285450e-02 -8.39451790e-03 -1.21995879e+01
  3.56581205e+02] 12.200000000048679
[-3.86149286e+00  3.19163081e-02 -5.19110569e-02 -1.21998478e+01
  3.52950016e+02] 12.199999974819486
[-3.79023336e+00 -2.53159017e-01  6.72938891e-02 -1.21971875e+01
  3.56510688e+02] 12.200000011644585
[-3.72441582e+00 -4.25670980e-02 -3.45670837e-01 -1.21950276e+01
  3.53242314e+02] 12.199999972002274
[-3.79285385e+00 -9.86763682e-03  1.84208259e-01 -1.21986052e+01
  3.54470401e+02] 12.200000002446156
[-3.78493507e+00 -9.38950934e-02  1.90062019e-01 -1.21981581e+01
  3.56175416e+02] 12.200000000922088
[-3.68204758e+00  2.92621264e-01  4.03855837e-01 -1.20374625e+01
  3.55130629e+02] 12.04778946377245
[-3.75382526e+00 -6.53227148e-02  8.21877885e-02 -1.21995483e+01
  3.57207558e+02] 12.200000028103878
[-3.81704568e+00 -1.76722252e-01  2.54412188e-01 -1.21960667e+01
  3.53971447e+02] 12.199999979971551
[-3.90510396e+00  3.16439314e-01  2.50676849e-01 -1.21933190e+01
  3.52202553e+02] 12.199999998678816
[-3.78502337e+00  1.86922581e-01 -8.12572486e-02 -1.21982973e+01
  3.55405951e+02] 12.199999960042705
[-3.88740879e+00  3.98800880e-01 -3.69868270e-02 -1.21934240e+01
  3.53711074e+02] 12.200000000908886
[-3.84802425e+00  1.15765332e-01  1.29992405e-01 -1.21734325e+01
  3.52598404e+02] 12.174676940875422
[-3.75382918e+00 -3.81842934e-02  7.93589803e-02 -1.21996821e+01
  3.56512599e+02] 12.200000000922277
[-3.73867189e+00 -1.22360050e-01 -2.36484524e-01 -1.21970940e+01
  3.54208753e+02] 12.199999997658901
[-3.78757228e+00  2.84417822e-02 -1.05805106e-01 -1.21995080e+01
  3.54807874e+02] 12.19999999273885
[-3.66139999e+00  3.16742936e-01 -4.35606315e-01 -1.21881042e+01
  3.53327532e+02] 12.199998476508636
[-3.78190807e+00 -7.93587591e-03 -2.41297874e-01 -1.21976104e+01
  3.54839736e+02] 12.199999479373274
[-3.68487781e+00 -2.62364628e-01 -1.70196262e-03 -1.21971784e+01
  3.56875204e+02] 12.199999994154942
[-3.79286432e+00 -3.56559427e-01  2.10405896e-01 -1.21929731e+01
  3.57043771e+02] 12.199999942516625
[-3.83064417e+00 -1.71831821e-01 -1.44523379e-01 -1.21979337e+01
  3.53817592e+02] 12.199999947777211
[-3.79818155e+00  1.52609229e-01 -3.52981792e-02 -1.21989944e+01
  3.54886019e+02] 12.200000006337033
[-3.85862225e+00 -7.68504531e-02  1.44873447e-01 -1.21988977e+01
  3.56322393e+02] 12.20000000258003
[-3.74121385e+00 -3.64714579e-01 -2.38443968e-01 -1.21922159e+01
  3.54339142e+02] 12.199999999066353
[-3.86331986e+00 -1.54648716e-03 -4.01827912e-01 -1.21933807e+01
  3.54347668e+02] 12.200000031360315
[-3.63605937e+00  3.64393004e-02  9.26072654e-02 -1.21995941e+01
  3.55309565e+02] 12.199999999551068
[-3.74599772e+00  1.08243089e-02  3.08298203e-02 -1.21999562e+01
  3.55145363e+02] 12.199999949402653
[-3.72623440e+00  9.08131361e-02  1.39163269e-01 -1.21988682e+01
  3.55417631e+02] 12.199999967494383
[-3.68459426e+00  2.69184657e-01 -2.50035878e-01 -1.21944668e+01
  3.53368707e+02] 12.199999963620566
[-3.70897596e+00 -3.43751365e-01 -8.67176786e-02 -1.21948479e+01
  3.57609913e+02] 12.200000007591322
[-3.80379492e+00  9.55984342e-04 -6.69672790e-02 -1.21998162e+01
  3.54017318e+02] 12.199999991497133
[-3.74010896e+00 -8.33548436e-02 -2.27704647e-01 -1.21975900e+01
  3.54426991e+02] 12.199999993434442
[-3.75903987e+00 -6.20850215e-03 -2.88280527e-01 -1.21965920e+01
  3.52954400e+02] 12.199999989678759
[-3.80359528e+00 -1.04202041e-01  1.30566519e-01 -1.21988563e+01
  3.56593015e+02] 12.199999992926
[-3.77703721e+00  5.63951679e-02  3.90646242e-01 -1.21936136e+01
  3.55325100e+02] 12.1999998926989
[-3.81981531e+00 -2.76897656e-01 -2.29377932e-01 -1.21947002e+01
  3.55987082e+02] 12.19999998309129
[-3.69443878e+00 -2.55960351e-01 -1.72987352e-01 -1.21960879e+01
  3.54416326e+02] 12.199999988388845
[-3.78759247e+00  1.30383227e-01  3.24818690e-02 -1.21992600e+01
  3.55423229e+02] 12.200000006001156
[-3.78756211e+00  1.04857726e-01 -5.33731582e-02 -1.21994326e+01
  3.57102960e+02] 12.200000001072254
[-3.83072599e+00 -3.74792640e-01  1.64864793e-01 -1.21931272e+01
  3.54002308e+02] 12.199999994619537
[-3.80881771e+00 -2.95858108e-02  3.63688967e-02 -1.21999099e+01
  3.54099428e+02] 12.199999970471
[-3.76412044e+00 -2.13389215e-01 -6.21216348e-02 -1.21979755e+01
  3.51919836e+02] 12.199999996158049
[-3.81434121e+00 -1.75405853e-01  2.47952667e-02 -1.21987138e+01
  3.56543348e+02] 12.199999996855775
[-3.80352346e+00  1.32511130e-01 -1.44142102e-01 -1.21984287e+01
  3.55132798e+02] 12.20000000351187
[-3.80901646e+00  1.15012857e-01 -1.39416659e-01 -1.21986612e+01
  3.55083550e+02] 12.199999974865765
[-3.74872402e+00 -5.99156095e-02  7.61495553e-02 -1.21996152e+01
  3.57168803e+02] 12.199999984482014
[-3.82524292e+00 -1.69051613e-01 -1.00597399e-01 -1.21984139e+01
  3.52476372e+02] 12.199999995706849
[-3.75132306e+00 -5.65151607e-02 -3.65018142e-01 -1.21944072e+01
  3.54249711e+02] 12.199999992104006
[-3.73114725e+00 -7.60842658e-02  1.24456038e-01 -1.21991279e+01
  3.55266900e+02] 12.1999999680131
[-3.78493016e+00 -1.28106884e-01 -1.41481575e-01 -1.21985069e+01
  3.55134289e+02] 12.199999981900213
[-3.75895890e+00  1.48443450e-01  9.83770673e-02 -1.21987002e+01
  3.51452640e+02] 12.199999992989081
[-3.79014073e+00  2.60692735e-01  4.28530890e-02 -1.21971391e+01
  3.55103960e+02] 12.200000000260804
[-3.77447732e+00  9.17125687e-02  6.19338732e-02 -1.21994981e+01
  3.56138209e+02] 12.199999999864334
[-3.71871336e+00  1.71944548e-01  1.69685565e-02 -1.21987765e+01
  3.59542005e+02] 12.199999999954326
[-3.75740849e+00 -1.10009179e-01 -1.89364472e-02 -1.21994893e+01
  3.56666823e+02] 12.200000032627418
[-3.80621318e+00 -3.64223262e-01 -5.04938492e-02 -1.21944574e+01
  3.55910256e+02] 12.20000002061278
[-3.83624350e+00 -2.65933621e-02  1.26694339e-01 -1.21993131e+01
  3.54482111e+02] 12.19999999970983
[-3.77186171e+00 -2.48038544e-02  9.64008671e-02 -1.21995939e+01
  3.55323056e+02] 12.199999999874438
[-3.78054478e+00 -2.68639858e-02 -1.60766327e-01 -1.21989112e+01
  3.53702808e+02] 12.200000033797956
[-3.71628220e+00  7.49283676e-02 -6.18447004e-02 -1.21996131e+01
  3.55078433e+02] 12.19999999206808
[-3.82523502e+00 -2.74361956e-01 -7.50780839e-02 -1.21966539e+01
  3.52716701e+02] 12.199970343150609
[-3.85297195e+00 -7.17451605e-02 -3.25648578e-02 -1.21997456e+01
  3.55145875e+02] 12.200000000087009
[-3.85017032e+00  1.80644357e-02 -1.91896918e-01 -1.21984773e+01
  3.55465556e+02] 12.19999999703356
[-3.80891278e+00 -1.87508344e-01 -1.59814072e-01 -1.21975120e+01
  3.51231635e+02] 12.199999972195458
[-3.81693988e+00  9.36035431e-03 -1.79897281e-01 -1.21986699e+01
  3.54642662e+02] 12.199999961886151
[-3.74877020e+00 -1.34272436e-01  2.20971692e-01 -1.21972596e+01
  3.54259032e+02] 12.200000004804664
[-3.75893539e+00  2.83447419e-02 -2.41891802e-01 -1.21975688e+01
  3.56891996e+02] 12.199999983447738
[-3.69202752e+00 -3.23470964e-01 -3.43157277e-02 -1.21956627e+01
  3.56113113e+02] 12.199999999948114
[-3.73642565e+00  1.86621822e-01  7.07588627e-02 -1.21983673e+01
  3.55113709e+02] 12.199999930435345
[-3.72372258e+00  2.74457716e-02  1.75684202e-01 -1.21987041e+01
  3.58964030e+02] 12.200000001319859
[-3.69443170e+00  1.07141591e-01  1.84323068e-01 -1.21981370e+01
  3.55487958e+02] 12.199999998372107
[-3.75892464e+00  1.06951606e-01  4.42426429e-02 -1.21994508e+01
  3.55662722e+02] 12.199999859934437
[-3.73363338e+00  1.53898480e-01  1.94890118e-01 -1.21974724e+01
  3.54670480e+02] 12.199999998225314
[-3.77187689e+00 -2.26059527e-01  1.67843929e-01 -1.21967506e+01
  3.56087164e+02] 12.199999995142186
[-3.76415041e+00 -1.37198688e-02 -2.21642633e-01 -1.21979787e+01
  3.55162261e+02] 12.199999964481178
[-3.71383630e+00 -1.44962191e-01 -5.31035765e-04 -1.21991387e+01
  3.56605495e+02] 12.200000006620465
[-3.70165863e+00 -1.44881081e-01  3.88350536e-03 -1.21991391e+01
  3.53064300e+02] 12.199999988281375
[-3.72121845e+00 -2.87314488e-02  1.46160564e-01 -1.21990906e+01
  3.55938354e+02] 12.199999994510568
[-3.75132120e+00  3.04142925e-01  1.90837053e-01 -1.21947152e+01
  3.53647454e+02] 12.200000000009334
[-3.68960506e+00 -9.01462004e-02  5.04760772e-02 -1.21995625e+01
  3.58005164e+02] 12.200000004341343
[-3.81164890e+00  3.56528906e-01  1.58278121e-01 -1.21937622e+01
  3.54925876e+02] 12.200000030892577
[-3.81441097e+00 -3.13424381e-01 -2.43165657e-01 -1.21935489e+01
  3.56127734e+02] 12.199999997264976
[-3.74635105e+00  4.04441690e-02  1.43465368e-01 -1.21990894e+01
  3.57815666e+02] 12.200000037561415
[-3.75385360e+00 -2.67511423e-01 -9.86505153e-03 -1.21970628e+01
  3.56510679e+02] 12.200000001018
[-3.82529355e+00 -1.63932016e-02 -4.58242670e-02 -1.21999029e+01
  3.54240811e+02] 12.200000000627554
[-3.80355125e+00 -8.83855153e-02  9.84937957e-02 -1.21992822e+01
  3.54911857e+02] 12.19999991935124
[-3.66130470e+00  3.38077037e-02  7.63983242e-02 -1.21997139e+01
  3.59024227e+02] 12.199999993478565
[-3.72615011e+00 -1.59618116e-01 -7.57128862e-02 -1.21987208e+01
  3.55446801e+02] 12.199999999108488
[-3.72132084e+00  1.13707678e-01  8.28309231e-02 -1.21991889e+01
  3.56811695e+02] 12.199999992025631
[-3.72859401e+00 -1.29962699e-02 -7.99125179e-02 -1.21997312e+01
  3.56602361e+02] 12.19999986668931
[-3.76664883e+00 -3.04309464e-01 -3.58335496e-02 -1.21961514e+01
  3.55827442e+02] 12.199999854860934
[-3.94131980e+00  3.84428429e-01 -1.62154166e-01 -1.21928635e+01
  3.55069249e+02] 12.200000000178806
[-3.75128491e+00  6.20929162e-02 -1.98490310e-01 -1.21982272e+01
  3.56938681e+02] 12.199999999935683
[-3.78494467e+00  4.15562589e-02 -1.46734326e-01 -1.21990468e+01
  3.52909706e+02] 12.20000000876638
[-3.78492047e+00 -1.25071050e-01  9.30397874e-02 -1.21990041e+01
  3.55921061e+02] 12.199999987245768
[-3.77184550e+00 -3.11085280e-02  1.88403949e-01 -1.21985055e+01
  3.55878195e+02] 12.199999996966959
[-3.70167345e+00  5.78454255e-02  2.15207164e-01 -1.21979646e+01
  3.53199462e+02] 12.199999998795093
[-3.82522071e+00 -1.88644868e-01 -6.81552890e-02 -1.21983507e+01
  3.51593057e+02] 12.199999701571263
[-3.79021130e+00 -1.36106176e-02  1.31935766e-02 -1.21999853e+01
  3.54559276e+02] 12.199999999805108
[-3.85018177e+00  5.72826775e-02  2.24054810e-01 -1.21978079e+01
  3.53429380e+02] 12.199999997241656
[-3.85579266e+00 -1.22228904e-01  4.03325756e-02 -1.21993210e+01
  3.55113064e+02] 12.199999997000841
[-3.72124362e+00 -6.12186430e-02  3.28069102e-01 -1.21954345e+01
  3.57056277e+02] 12.200000001037917
[-3.83069077e+00 -2.99581924e-02 -1.38789850e-01 -1.21991737e+01
  3.52086170e+02] 12.199999993239127
[-3.70165428e+00  4.67557572e-02  7.07469911e-03 -1.21999084e+01
  3.55441670e+02] 12.200000005672143
[-3.80873258e+00 -4.70247939e-02 -1.78691588e-01 -1.21986006e+01
  3.54487905e+02] 12.199999934678198
[-3.77708730e+00  2.15636533e-01 -1.78048556e-01 -1.21967946e+01
  3.55001541e+02] 12.199999999024575
[-3.71381505e+00 -2.63423710e-02  2.22010003e-02 -1.21999514e+01
  3.55466708e+02] 12.199999997422793
[-3.79830146e+00 -4.54894428e-02 -1.93162033e-02 -1.21998999e+01
  3.53689614e+02] 12.19999998101129
[-3.68724037e+00 -2.18477681e-01  2.19416599e-02 -1.21980239e+01
  3.57647546e+02] 12.200000004517614
[-3.77983924e+00  1.10062968e-02  1.30218249e-01 -1.21993001e+01
  3.56069562e+02] 12.200000028530527
[-3.81964256e+00  5.28247156e-02  9.22669462e-02 -1.21995367e+01
  3.52437791e+02] 12.200000005521128
[-3.91696286e+00 -1.29239866e-02  1.03548171e-01 -1.21995537e+01
  3.55015533e+02] 12.200000000185982
[-3.78492924e+00 -7.66184639e-03  2.16048600e-01 -1.21980845e+01
  3.54155408e+02] 12.200000000430462
[-3.64513655e+00 -1.99358365e-01 -2.46627041e-02 -1.21983455e+01
  3.55520401e+02] 12.199999377201756
[-3.89913000e+00  1.56803991e-01 -1.14334612e-02 -1.21989869e+01
  3.54154725e+02] 12.199999990279597
[-3.87573469e+00 -2.33843428e-01 -2.03487540e-01 -1.21960612e+01
  3.55931367e+02] 12.199999960939776
[-3.81705370e+00 -2.48586291e-01  2.35816306e-01 -1.21951874e+01
  3.54563736e+02] 12.199999977105385
[-3.84180722e+00 -3.04507930e-01 -2.52907598e-01 -1.21935767e+01
  3.54895099e+02] 12.199999998873722
[-3.77707665e+00 -1.40392664e-01 -1.55386810e-01 -1.21982026e+01
  3.55918913e+02] 12.200000037448165
[-3.82251100e+00 -1.60282086e-01  2.89787424e-01 -1.21955046e+01
  3.54572394e+02] 12.20000000242303
[-3.80890204e+00 -7.92084773e-02  8.01730207e-02 -1.21994794e+01
  3.54439455e+02] 12.200000000166407
[-3.78215211e+00 -7.56540392e-02  4.36785094e-02 -1.21996872e+01
  3.53652281e+02] 12.200000000144895
[-3.87580169e+00  1.46444352e-01 -2.37814030e-01 -1.21968028e+01
  3.55302691e+02] 12.200000009028356
[-3.71139321e+00 -5.26618493e-02  1.01923418e-01 -1.21994606e+01
  3.53570827e+02] 12.200000000654397
[-3.83905272e+00 -2.83231054e-01  3.67456991e-01 -1.21911753e+01
  3.55321140e+02] 12.199999998980287
[-3.83074544e+00  3.49349986e-01 -2.13317634e-01 -1.21931312e+01
  3.53665554e+02] 12.19999997187299
[-3.68391505e+00 -1.88129335e-01  1.50441100e-01 -1.20391631e+01
  3.54405757e+02] 12.04157272425014
[-3.74374706e+00  2.40284582e-02 -3.37378345e-01 -1.21953105e+01
  3.56806369e+02] 12.200000026623208
[-3.76668742e+00 -1.62381038e-01 -8.21923473e-02 -1.21986424e+01
  3.55733255e+02] 12.199999993501203
[-3.74621717e+00 -7.16324313e-02  7.40365708e-02 -1.21995650e+01
  3.53511815e+02] 12.199999997000576
[-3.74877230e+00 -3.03075613e-01 -2.22325459e-01 -1.21942083e+01
  3.55592759e+02] 12.199999999596342
[-3.78232651e+00  9.96464514e-02  1.84224242e-01 -1.21982020e+01
  3.52367288e+02] 12.199999999496152
[-3.81162298e+00  7.16230615e-02 -1.84600376e-01 -1.21983930e+01
  3.54822879e+02] 12.199999999767408
[-3.65671556e+00  2.35093543e-01 -3.25481882e-01 -1.21933913e+01
  3.56808703e+02] 12.199999999656702
[-3.76869231e+00 -2.34649283e-02 -2.00399347e-02 -1.21999609e+01
  3.57755719e+02] 12.19999995524151
[-3.68721779e+00 -5.51790734e-02  9.86134950e-02 -1.21994758e+01
  3.56674283e+02] 12.199999110027726
[-3.80621698e+00  8.20491290e-02 -3.24148838e-02 -1.21996810e+01
  3.54562991e+02] 12.1999999998814
[-3.75384175e+00 -5.69597896e-02  2.61722777e-02 -1.21998390e+01
  3.54926711e+02] 12.19999999962521
[-3.78756175e+00 -1.08534155e-01 -5.18436010e-02 -1.21994071e+01
  3.56489403e+02] 12.199999998889469
[-3.89324870e+00 -8.00264726e-02  4.92816092e-01 -1.21897796e+01
  3.49641422e+02] 12.199999986655799
[-3.75130290e+00  5.48139318e-02  1.02243745e-01 -1.21994484e+01
  3.52380903e+02] 12.200000002032949
[-3.68724071e+00  3.11810989e-02  6.92514524e-03 -1.21999582e+01
  3.55847556e+02] 12.19999999970685
[-3.83623833e+00 -6.71702596e-02 -4.49304897e-02 -1.21997323e+01
  3.54705331e+02] 12.19999998833666
[-3.73114431e+00  3.24296423e-02 -9.37908421e-02 -1.21995964e+01
  3.55810665e+02] 12.199999998381998
[-3.70891011e+00 -8.44556823e-02  4.58014091e-02 -1.21996217e+01
  3.57413330e+02] 12.200000021398038
[-3.78229008e+00  5.38743708e-02  1.07441796e-02 -1.21998763e+01
  3.53755710e+02] 12.199999997147058
[-3.73868841e+00 -1.32118561e-01 -1.63232604e-01 -1.21981924e+01
  3.55817248e+02] 12.199999917607974
[-3.69441167e+00  5.16870161e-02  6.36852576e-02 -1.21997243e+01
  3.57767196e+02] 12.200000002690896
[-3.72618658e+00  7.16108041e-02 -1.48850542e-01 -1.21988817e+01
  3.54314403e+02] 12.19999999866027
[-3.78824938e+00  2.74461165e-01  6.04525578e-02 -1.21967625e+01
  3.55931252e+02] 12.199999992200057
[-3.77707066e+00 -2.38627617e-01  8.73722485e-03 -1.21976629e+01
  3.53812193e+02] 12.199999999237402
[-3.63382790e+00 -2.55708322e-01 -2.00316440e-01 -1.21956749e+01
  3.55754441e+02] 12.19999999954042
[-3.68965112e+00 -8.88259803e-02  1.02258785e-02 -1.21996723e+01
  3.57355733e+02] 12.199999993841306
[-3.80359246e+00 -3.29078718e-02 -3.17584035e-01 -1.21958213e+01
  3.54803044e+02] 12.200000011906694
[-3.70659779e+00 -1.78053815e-01  6.41107553e-02 -1.21985322e+01
  3.56935305e+02] 12.200000016205106
[-3.62956893e+00 -3.11033184e-01  7.58033170e-02 -1.21957990e+01
  3.57653923e+02] 12.200000022175894
[-3.70651780e+00  9.59837969e-02 -1.32776219e-01 -1.21988998e+01
  3.55925497e+02] 12.199999992634547
[-3.79292464e+00 -4.33518918e-02 -3.52905605e-02 -1.21998719e+01
  3.54272710e+02] 12.199999995852115
[-3.77447967e+00 -1.99389740e-01 -2.14482822e-01 -1.21964848e+01
  3.53048730e+02] 12.199999986824869
[-3.69927589e+00  1.94472828e-01  6.27398972e-02 -1.21982886e+01
  3.58418219e+02] 12.199999998872016
[-3.73614446e+00 -1.37307165e-01  6.02684845e-02 -1.21990784e+01
  3.52378040e+02] 12.1999999944672
[-3.76153991e+00  1.46350578e-01 -4.48153578e-02 -1.21990398e+01
  3.53251378e+02] 12.199999999846337
[-3.73620489e+00  3.17151091e-03  1.54115845e-01 -1.21990261e+01
  3.55869684e+02] 12.199999995899951
[-3.66829318e+00 -1.51209745e-01  9.24037893e-03 -1.21990594e+01
  3.56010252e+02] 12.199999986552358
[-3.72621734e+00  3.85437697e-02  1.46353213e-01 -1.21990612e+01
  3.54647535e+02] 12.199999999958086
[-3.64288926e+00 -1.54416304e-02 -1.00796469e-01 -1.21995738e+01
  3.58254182e+02] 12.200000006451726
[-3.76667226e+00  7.08825958e-03 -7.74824420e-02 -1.21997519e+01
  3.54271990e+02] 12.19999997889779
[-3.85582174e+00 -1.31531829e-01 -3.40317421e-02 -1.21992435e+01
  3.50250126e+02] 12.199999997346268
[-3.70896843e+00 -1.87678432e-01  2.41764048e-01 -1.21961603e+01
  3.54599385e+02] 12.199999997756478
[-3.75645271e+00 -7.75295734e-02  3.87200744e-01 -1.21936075e+01
  3.56831852e+02] 12.20000000543086
[-3.72369251e+00 -3.19129004e-02 -1.02651112e-01 -1.21995264e+01
  3.56011366e+02] 12.199999995931696
[-3.76664808e+00  1.09490907e-01  2.90727114e-01 -1.21960440e+01
  3.55234164e+02] 12.199999983153402
[-3.63709668e+00 -3.68064953e-02 -5.77326143e-02 -1.21998079e+01
  3.58391063e+02] 12.200000017555743
[-3.71382776e+00 -8.14557676e-02  5.56498241e-02 -1.21996011e+01
  3.56604509e+02] 12.199999986235168
[-3.75129294e+00  2.02949808e-01  1.34207427e-01 -1.21975735e+01
  3.55801268e+02] 12.200000024113047
[-3.73596080e+00  1.32448951e-02  2.25405836e-01 -1.21979103e+01
  3.54422396e+02] 12.1999999189748
[-3.88444765e+00  7.15005806e-02  5.41631860e-02 -1.21996702e+01
  3.55779550e+02] 12.199999974451291
[-3.77185319e+00 -1.52095026e-01  1.16465820e-01 -1.21984959e+01
  3.54470212e+02] 12.199999999484612
[-3.71878603e+00 -3.58875277e-02 -2.21140258e-01 -1.21979428e+01
  3.52703642e+02] 12.199999999997901
[-3.70407524e+00  9.86994297e-02 -9.65035443e-02 -1.21992190e+01
  3.55940873e+02] 12.199999975199194
[-3.74297823e+00 -1.91898344e-01  6.27463294e-02 -1.21897603e+01
  3.54036974e+02] 12.191432199023103
