/mnt/stage/douwei/Simulation/5kt_root/2MeV/5kt_-9.80_2.root
[-3.23891451e+00 -2.09309547e-01  1.16079491e-01 -9.80064772e+00
  3.36969627e+02] 9.803569795933004
[-3.16469297e+00  4.50755696e-02  1.76558536e-02 -9.77997281e+00
  3.35532232e+02] 9.780092625439666
[-3.13890756e+00 -2.27330351e-01  5.91973599e-02 -9.78984608e+00
  3.35838433e+02] 9.792664079163774
[-3.17012083e+00 -2.02375978e-01 -1.77289944e-01 -9.88467537e+00
  3.38726435e+02] 9.888336308131393
[-3.26871939e+00 -2.16524455e-01 -7.03762253e-02 -9.71020168e+00
  3.35791657e+02] 9.712870448208617
[-3.20939658e+00  6.84922742e-02 -5.38808627e-03 -9.75156909e+00
  3.34625755e+02] 9.751811113334341
[-3.17788577e+00  4.35346935e-02 -6.76159744e-02 -9.83652874e+00
  3.37444981e+02] 9.836857469624363
[-3.13593606e+00 -9.56871356e-02 -1.71769945e-01 -9.89601226e+00
  3.39176447e+02] 9.8979654273008
[-3.19345930e+00 -6.96373276e-02 -3.68224375e-03 -9.79407829e+00
  3.36054407e+02] 9.794326542103088
[-3.19810672e+00 -1.13415549e-01  3.31050759e-01 -9.73735448e+00
  3.35060274e+02] 9.743640483692817
[-3.27662238e+00  8.26857435e-02 -1.98943286e-01 -9.96946253e+00
  3.38670463e+02] 9.971790137909434
[-3.12439431e+00  4.92119752e-02 -2.25261516e-01 -9.65389147e+00
  3.35831328e+02] 9.656644612736567
[-3.22844532e+00 -1.21136704e-01 -1.15854518e-01 -9.87425196e+00
  3.37866422e+02] 9.875674569064898
[-3.24468659e+00 -3.71370951e-01 -8.59381907e-02 -9.86729551e+00
  3.36722196e+02] 9.874655564327506
[-3.26208851e+00  5.14645112e-03  7.86615026e-02 -1.00218843e+01
  3.38039081e+02] 10.022194358946036
[-3.15235119e+00 -1.57231080e-01  7.03339274e-02 -1.02451783e+01
  3.41416637e+02] 10.246626078731941
[-3.23978678e+00 -1.67454941e-01  1.20817309e-01 -9.85706041e+00
  3.37466062e+02] 9.859222985909323
[-3.23541983e+00 -5.36874047e-02 -1.76451184e-01 -9.89333274e+00
  3.38339916e+02] 9.895051798908378
[-3.15249482e+00 -1.09105948e-01 -1.93324646e-01 -1.01432915e+01
  3.39448748e+02] 10.145720313754065
[-3.25082391e+00 -1.69527516e-01  1.20852280e-01 -1.00162928e+01
  3.40732843e+02] 10.018456280650238
[-3.15136269e+00 -1.02971271e-01  1.34597685e-01 -9.90378544e+00
  3.38123485e+02] 9.90523526073263
[-3.27532741e+00  1.28878209e-01 -8.41172833e-02 -9.83861288e+00
  3.36161648e+02] 9.839816496489556
[-3.22668518e+00 -2.03567484e-01  9.09546369e-02 -1.00950219e+01
  3.37366757e+02] 10.097483850146055
[-3.19928049e+00  1.54352389e-01 -1.69326937e-01 -9.77715933e+00
  3.37121598e+02] 9.77984359839261
[-3.11617161e+00 -1.46074981e-01 -3.35370615e-01 -9.88720390e+00
  3.37771340e+02] 9.893968484953211
[-3.23383737e+00  7.68091755e-02 -2.86407049e-01 -9.67016200e+00
  3.34981362e+02] 9.674707316510574
[-3.29424946e+00 -1.23734742e-02  5.62799393e-03 -1.02174159e+01
  3.40242238e+02] 10.21742489276118
[-3.16226881e+00  5.44881917e-02 -1.69481463e-01 -9.74863522e+00
  3.36768054e+02] 9.750260594744088
[-3.11897118e+00  1.35135843e-01  1.22641385e-01 -9.68854316e+00
  3.35732148e+02] 9.690261671626214
[-3.19168799e+00  4.67151473e-02 -1.23525046e-01 -9.94258898e+00
  3.38469730e+02] 9.943466014071916
[-3.14905358e+00  9.01887675e-04 -2.01856672e-02 -9.79504328e+00
  3.36348759e+02] 9.795064125797973
[-3.17405152e+00  2.32634884e-01 -1.93555808e-01 -9.84813511e+00
  3.37317502e+02] 9.852783763948718
[-3.23962589e+00 -4.33060928e-02  8.54521333e-02 -1.01484232e+01
  3.39290147e+02] 10.148875355075672
[-3.23052312e+00  1.13499243e-02 -1.24254745e-01 -1.00782030e+01
  3.39001429e+02] 10.078975327846146
[-3.17231370e+00 -1.38654350e-01 -8.36995139e-02 -9.83004086e+00
  3.37217925e+02] 9.831374977581802
[-3.12990190e+00  5.32064988e-02  2.45072982e-01 -9.76027433e+00
  3.34955382e+02] 9.763495622370813
[-3.24076562e+00 -1.70547425e-03  7.46893279e-02 -1.02757050e+01
  3.38935956e+02] 10.275976608462118
[-3.20860649e+00 -2.31949405e-01 -3.93888086e-02 -1.01306233e+01
  3.38663553e+02] 10.133354818673935
[-3.19189178e+00  1.26207038e-01  1.11559198e-01 -9.90190991e+00
  3.35980621e+02] 9.903342538831005
[-3.18981360e+00 -1.10287595e-01  3.78672483e-02 -9.72802463e+00
  3.36690982e+02] 9.728723478330416
[-3.27955451e+00 -8.32991262e-02 -1.36354559e-01 -9.89086717e+00
  3.35319842e+02] 9.892157736712287
[-3.18881367e+00  1.21424608e-01  4.42791862e-02 -9.92826916e+00
  3.37687705e+02] 9.929110391892072
[-3.16102436e+00  6.88082054e-02 -8.27342308e-02 -1.00247347e+01
  3.37885118e+02] 10.025312214285629
[-3.23029427e+00  5.68727087e-02  2.57998378e-01 -9.85040474e+00
  3.36744914e+02] 9.85394698231148
[-3.17969734e+00 -6.43395340e-02 -6.66982608e-02 -9.81659100e+00
  3.37095869e+02] 9.817028425245203
[-3.21059872e+00 -1.82943047e-01 -1.01644203e-01 -9.67708034e+00
  3.33505745e+02] 9.679343134604276
[-3.21633521e+00  2.49799531e-01  2.47851879e-01 -9.74267321e+00
  3.36251348e+02] 9.749026192008053
[-3.13945596e+00 -1.19073233e-01  2.23398234e-03 -9.73796171e+00
  3.35356787e+02] 9.738689932844713
[-3.15085870e+00  7.11458076e-02 -2.35508778e-01 -9.89599330e+00
  3.37366919e+02] 9.899050943270588
[-3.23118036e+00 -1.01942517e-01 -1.75982777e-01 -9.97419415e+00
  3.38230195e+02] 9.976267391965559
[-3.18994651e+00  3.12509573e-02  1.91502156e-01 -1.01551215e+01
  3.41166894e+02] 10.156975071825736
[-3.23206121e+00 -2.90488079e-02  7.52472320e-02 -9.71967237e+00
  3.33534119e+02] 9.720007044363927
[-3.20886751e+00 -2.98258010e-01  1.31076695e-01 -1.00442205e+01
  3.39814131e+02] 10.049502716744419
[-3.21412068e+00 -2.12995399e-01  9.81085070e-02 -9.95963749e+00
  3.38851610e+02] 9.96239786283789
[-3.18155789e+00 -1.82708218e-01  1.38840582e-01 -9.56220499e+00
  3.35773531e+02] 9.564958085848355
[-3.11647374e+00  1.59792015e-01  2.29967313e-01 -9.73540142e+00
  3.35803555e+02] 9.739428075131531
[-3.25877647e+00 -1.23608970e-01  1.02751887e-01 -9.91108830e+00
  3.36261385e+02] 9.912391655252828
[-3.20006955e+00 -1.83164048e-01 -2.02803357e-01 -9.85009052e+00
  3.36017768e+02] 9.853880528186709
[-3.14887229e+00  4.90584903e-01 -3.08292929e-02 -9.80057769e+00
  3.38222433e+02] 9.8128969776765
[-3.27274189e+00  7.67132795e-02  1.36630627e-01 -1.00850448e+01
  3.38762837e+02] 10.086261985559792
[-3.20791980e+00 -3.46903221e-01  3.81460763e-02 -9.90112360e+00
  3.38351592e+02] 9.907272357301398
[-3.22579385e+00 -3.73965862e-01 -1.66210568e-01 -9.70149693e+00
  3.34119094e+02] 9.710124565163497
[-3.10370059e+00  1.98030169e-01  2.03638302e-01 -9.95231914e+00
  3.36745111e+02] 9.9563718672411
[-3.25763330e+00  9.96820601e-02 -2.82594851e-01 -1.00077978e+01
  3.37328358e+02] 10.012283071916876
[-3.22080811e+00  3.50582495e-01 -1.60328507e-03 -9.75345156e+00
  3.35237530e+02] 9.759750409811925
[-3.24990445e+00 -2.46424432e-01 -7.31003706e-02 -1.01172920e+01
  3.39410557e+02] 10.120556562023882
[-3.16379761e+00  4.75501107e-02  2.29229643e-01 -1.00362646e+01
  3.39317807e+02] 10.038994709003571
[-3.13991194e+00  2.26717453e-01  1.23038499e-01 -1.01266706e+01
  3.40412772e+02] 10.129955433645303
[-3.20368270e+00  2.01666297e-02  2.15276442e-01 -1.01124794e+01
  3.39028632e+02] 10.114790644415688
[-3.30601017e+00 -2.05262320e-01  1.71044905e-02 -9.81346993e+00
  3.34385796e+02] 9.815631266593455
[-3.12428360e+00  2.52963191e-01 -6.11146047e-02 -9.97126859e+00
  3.38031097e+02] 9.974664041067662
[-3.18283560e+00  1.43401275e-01 -2.25334517e-01 -1.00849642e+01
  3.41038293e+02] 10.088500533436822
[-3.16750718e+00  1.00268742e-01  2.38422161e-01 -9.76916343e+00
  3.36486701e+02] 9.772586812469404
[-3.19720938e+00 -9.35285616e-03  1.11988819e-01 -9.99007688e+00
  3.37414806e+02] 9.990708931311875
[-3.19762016e+00  1.00901445e-01 -3.34589598e-01 -9.94647988e+00
  3.36071285e+02] 9.952617405221623
[-3.24410640e+00 -5.89578585e-02  1.15078334e-01 -1.00242453e+01
  3.37381145e+02] 10.025079173109527
[-3.17023646e+00 -3.03513657e-01  2.98123558e-02 -9.88493504e+00
  3.37274784e+02] 9.889638516824258
[-3.20877630e+00  3.44426885e-02 -2.62562430e-01 -9.87100597e+00
  3.36527655e+02] 9.874557417045994
[-3.18739203e+00 -1.38891036e-01  6.30216753e-02 -9.78327535e+00
  3.38338163e+02] 9.784464169421298
[-3.20513695e+00 -9.56154047e-02  1.03639023e-01 -1.00672449e+01
  3.38382000e+02] 10.068232364620085
[-3.08248665e+00  5.73970714e-02 -4.88562042e-02 -9.48445951e+00
  3.33906942e+02] 9.4847590186907
[-3.17739469e+00  3.58137631e-01  2.58135360e-01 -9.86294419e+00
  3.37496515e+02] 9.872819485329098
[-3.20277975e+00 -3.52471985e-01 -1.81523813e-01 -9.64136627e+00
  3.36971393e+02] 9.649514544537286
[-3.11799484e+00 -1.06695474e-01 -7.18878737e-02 -9.31864343e+00
  3.34600983e+02] 9.319531483893606
[-3.18689858e+00 -3.57798393e-02  1.27050241e-01 -9.81969736e+00
  3.35812267e+02] 9.820584409561812
[-3.24273149e+00 -3.57650496e-01 -2.71800184e-02 -1.02043393e+01
  3.39364786e+02] 10.210641146670566
[-3.18130794e+00 -5.46771894e-02 -2.41134448e-01 -9.83362481e+00
  3.33925001e+02] 9.83673280372273
[-3.14645772e+00 -1.95635351e-01 -1.59324448e-02 -9.78156835e+00
  3.37705857e+02] 9.78353751750846
[-3.18911182e+00 -1.44917438e-01 -1.42527050e-01 -9.93087390e+00
  3.38274194e+02] 9.932953813728462
[-3.20042261e+00 -1.11871890e-01  1.12866660e-01 -1.00078630e+01
  3.39346658e+02] 10.009124631028888
[-3.22999880e+00  1.39588531e-01 -1.92439479e-01 -9.89190356e+00
  3.36532919e+02] 9.894759920448262
[-3.27266844e+00  1.11087713e-01 -1.71329002e-02 -9.73712896e+00
  3.34500779e+02] 9.737777688955893
[-3.23617938e+00 -8.42318484e-02  5.64078223e-02 -1.00155477e+01
  3.36981729e+02] 10.016060769666652
[-3.24699869e+00 -7.86979836e-02  2.20798502e-01 -9.71969985e+00
  3.33922523e+02] 9.722525937344274
[-3.17950802e+00 -4.08413750e-03  2.28625195e-01 -9.79087859e+00
  3.36698136e+02] 9.79354837291131
[-3.24893616e+00  5.74233696e-03  2.20645982e-03 -9.88189442e+00
  3.37668725e+02] 9.881896334165866
[-3.29756476e+00  4.40895471e-02  1.10353475e-01 -1.00205415e+01
  3.35650382e+02] 10.021246086341113
[-3.16618698e+00 -1.58715732e-01  8.92481560e-02 -9.77576186e+00
  3.37854226e+02] 9.777457535562474
[-3.09618109e+00  8.04969576e-02  2.66282115e-01 -9.80116626e+00
  3.37261724e+02] 9.805113260067593
[-3.24963831e+00 -1.80116435e-01  3.92478241e-03 -9.95674502e+00
  3.38906142e+02] 9.958374806397263
[-3.18585723e+00 -1.07768165e-01 -1.20312666e-01 -9.74276601e+00
  3.36062174e+02] 9.744104810655395
[-3.20557536e+00 -7.55247204e-02 -1.65748360e-02 -9.77002555e+00
  3.35868448e+02] 9.770331521053732
[-3.17833138e+00 -6.91075052e-02 -7.74750130e-02 -9.84203868e+00
  3.35476054e+02] 9.842586230270417
[-3.23265631e+00 -2.03519393e-01  4.56781164e-02 -9.79160570e+00
  3.35250084e+02] 9.793827082098002
[-3.17306180e+00 -2.52803540e-01 -2.81309241e-01 -9.89621186e+00
  3.35522928e+02] 9.903436459643679
[-3.24087660e+00  1.50051977e-01  3.78580421e-02 -9.84892263e+00
  3.35715706e+02] 9.85013835974327
[ -3.24482688  -0.3508562    0.40645356  -9.81627604 338.35470412] 9.830950095184974
[-3.16966902e+00  8.41202188e-03  1.93316832e-01 -1.00689610e+01
  3.35525422e+02] 10.070820107785972
[-3.11661639e+00  1.63799538e-01 -2.21459226e-01 -9.63805347e+00
  3.33772469e+02] 9.641988858414997
[-3.14658943e+00  1.18618203e-01 -1.01249806e-01 -9.90645646e+00
  3.36476651e+02] 9.907683957772095
[-3.28231494e+00  1.00358747e-01  1.24004823e-03 -9.64480296e+00
  3.33391973e+02] 9.645325163068566
[-3.28200094e+00 -8.73215138e-02  3.12291589e-01 -9.86999975e+00
  3.35902356e+02] 9.875325117411844
[-3.15425011e+00  8.44297136e-02 -3.46275389e-01 -9.85206997e+00
  3.34755551e+02] 9.858514980777597
[-3.18249413e+00 -1.28394088e-01  1.96880962e-01 -9.95431705e+00
  3.38456179e+02] 9.957091694106248
[-3.12661668e+00  1.51892533e-02 -2.97332027e-01 -9.81894735e+00
  3.38617329e+02] 9.823459885447633
[-3.18599288e+00 -2.03933262e-01 -8.88558000e-02 -9.95563820e+00
  3.38230520e+02] 9.95812312037749
[-3.22888311e+00 -1.44449495e-01 -7.36806958e-02 -1.01905198e+01
  3.36909184e+02] 10.191809861461977
[-3.21022595e+00 -2.64118119e-02 -5.62973938e-02 -1.01102503e+01
  3.39429068e+02] 10.110441553078028
[-3.16950806e+00 -1.52176362e-01  1.08015635e-02 -1.00677568e+01
  3.39098909e+02] 10.06891257183478
[-3.19022909e+00 -5.90790945e-02 -3.33877361e-01 -1.00261173e+01
  3.39459828e+02] 10.031848889242244
[-3.25991530e+00  1.25283464e-02  2.68519072e-02 -9.37609127e+00
  3.32509688e+02] 9.376138086658619
[-3.17813749e+00 -2.19196544e-01  7.14285378e-02 -9.83724134e+00
  3.37285151e+02] 9.839942396986809
[-3.19845386e+00  1.21202231e-01 -3.07287305e-01 -9.93588216e+00
  3.37606826e+02] 9.94137162229968
[-3.17613205e+00  1.25097179e-01  7.47895184e-02 -9.77231160e+00
  3.35991180e+02] 9.773398426341938
[-3.21655247e+00 -4.39097383e-02  1.59298259e-01 -9.83788928e+00
  3.36598672e+02] 9.839276876702096
[-3.22881283e+00  6.58592707e-02  2.54830420e-01 -9.69912626e+00
  3.34513960e+02] 9.702696852805454
[-3.18292224e+00  8.95834259e-02 -4.38116001e-02 -9.79258463e+00
  3.34041541e+02] 9.793092381429746
[-3.18496328e+00 -6.33655107e-03 -3.20554890e-01 -1.00463286e+01
  3.38839204e+02] 10.05144338293821
[-3.16521705e+00  5.75678519e-02  1.03208435e-01 -9.80647400e+00
  3.36897654e+02] 9.807186054524642
[-3.24224542e+00  2.13324109e-02 -2.72039265e-01 -9.95308986e+00
  3.36657842e+02] 9.956829729973155
[-3.17313828e+00 -2.35976995e-01  1.20193588e-01 -9.79629043e+00
  3.37017721e+02] 9.799869277208508
[-3.21778686e+00 -3.45273257e-02 -1.93634922e-01 -9.78671650e+00
  3.35808975e+02] 9.788692787238947
[-3.12264008e+00 -7.08178980e-02  7.45150595e-02 -9.87353246e+00
  3.34708691e+02] 9.874067599497732
[-3.23509490e+00  3.22756736e-02 -6.93663450e-02 -9.93511997e+00
  3.40108617e+02] 9.93541454528191
[-3.23203837e+00 -5.92642733e-02  6.01552248e-03 -9.80858677e+00
  3.37328708e+02] 9.80876765587446
[-3.17121776e+00 -3.21906192e-03  6.82692181e-02 -9.73434910e+00
  3.35158161e+02] 9.734589020106377
[-3.14610003e+00 -8.59713427e-02 -1.31844127e-01 -9.87999493e+00
  3.35716733e+02] 9.881248591061011
[-3.18367180e+00  1.10873941e-01 -3.74407944e-02 -9.86527614e+00
  3.35597149e+02] 9.865970208222409
[-3.18755905e+00  1.13613361e-01  2.27089218e-02 -9.80674572e+00
  3.35974772e+02] 9.807430111214021
[-3.11124352e+00 -9.90014110e-02  7.41347531e-02 -9.81296474e+00
  3.36474481e+02] 9.813744144994796
[-3.16674972e+00  4.51292769e-02  2.12502179e-01 -1.00319648e+01
  3.38101579e+02] 10.034316705272731
[-3.19452741e+00  1.23519384e-01 -2.35034708e-02 -1.01712023e+01
  3.40478249e+02] 10.171979484278802
[-3.31489769e+00 -2.05086271e-02 -1.81954747e-01 -9.94751520e+00
  3.37559213e+02] 9.949200307869118
[-3.13281185e+00  8.96883111e-02  4.58212773e-02 -1.00604696e+01
  3.37030661e+02] 10.060973755008396
[-3.27711407e+00  9.43218147e-02 -4.30381549e-02 -9.83805185e+00
  3.34983281e+02] 9.83859813002761
[-3.26593634e+00  2.20019354e-02 -3.90086930e-01 -9.97039161e+00
  3.36954276e+02] 9.978043931027841
[-3.19796860e+00 -1.57631321e-02 -1.53641839e-01 -1.02359402e+01
  3.40743407e+02] 10.237105348989598
[-3.23419945e+00  1.16630900e-01 -1.75247330e-01 -1.03470538e+01
  3.39153131e+02] 10.349194960670605
[-3.17073111e+00  3.10475526e-02 -2.27307435e-01 -1.00607985e+01
  3.38288107e+02] 10.063413882198118
[-3.19049527e+00  5.71166625e-02  8.86874832e-02 -9.92825270e+00
  3.36994371e+02] 9.928813090155495
[-3.22429751e+00 -3.05224083e-01 -2.55231696e-02 -9.93016518e+00
  3.37679225e+02] 9.93488770093372
[-3.12802592e+00 -9.28983764e-02 -7.50220792e-02 -9.71984673e+00
  3.37494541e+02] 9.72058017064604
[-3.19097337e+00 -1.75585631e-01 -1.95332655e-01 -1.01237579e+01
  3.40575254e+02] 10.127164429376153
[-3.14355343e+00  1.51672255e-01  4.77657688e-02 -9.80790910e+00
  3.37241181e+02] 9.809198075534246
[-3.22581774e+00  5.71628422e-02  1.39347930e-01 -1.00411058e+01
  3.37870214e+02] 10.042235336636157
[-3.17445131e+00  5.53238098e-02 -1.40024187e-01 -1.01298741e+01
  3.39352016e+02] 10.130992854485468
[-3.17319939e+00 -3.66655593e-02  1.66640083e-01 -9.84092259e+00
  3.36953629e+02] 9.84240167029605
[-3.23580447e+00  8.31023492e-03  1.80466699e-01 -9.83093403e+00
  3.35737004e+02] 9.832593816217141
[-3.16056401e+00 -5.26040163e-02 -8.98926556e-02 -9.74991419e+00
  3.36466228e+02] 9.750470479000542
[-3.17400267e+00 -6.30662378e-02 -3.74056888e-02 -1.00410980e+01
  3.39834890e+02] 10.041365705893684
[-3.18237618e+00  2.14462618e-01 -1.32213804e-01 -9.80434178e+00
  3.36828883e+02] 9.807578321597676
[-3.13974806e+00  2.16751571e-01 -2.01289279e-01 -9.83924259e+00
  3.37556324e+02] 9.84368799954891
[-3.21505801e+00 -1.11611506e-01  7.13526401e-02 -9.64511031e+00
  3.36524594e+02] 9.646019966874203
[-3.18260675e+00  1.58656576e-01  1.79118841e-01 -9.82854340e+00
  3.36367112e+02] 9.831455685118716
[-3.15936978e+00 -1.15528961e-01 -6.94772218e-02 -1.00245125e+01
  3.39721056e+02] 10.025418971126337
[-3.22326101e+00 -2.82297976e-01 -1.46336196e-01 -9.76244811e+00
  3.35412456e+02] 9.767625071091844
[-3.14943224e+00 -5.65733437e-03  1.86154017e-01 -9.85928422e+00
  3.37423379e+02] 9.861043085752726
[-3.17773642e+00 -2.15164764e-01 -5.47789722e-02 -1.00856558e+01
  3.40008696e+02] 10.088099390302895
[-3.20247892e+00 -1.67018589e-01 -1.37286677e-01 -9.81622018e+00
  3.36515967e+02] 9.81860079335008
[-3.09596010e+00 -2.23375074e-01  6.78552950e-02 -9.74133275e+00
  3.35943938e+02] 9.744129747694364
[-3.24093835e+00  4.63476604e-02  4.27326824e-02 -9.91810037e+00
  3.37165059e+02] 9.91830072155291
[-3.19344713e+00  4.91804825e-02  2.23884487e-02 -9.98658504e+00
  3.36503511e+02] 9.986731228572275
[-3.23723320e+00  2.27075831e-01  8.25162482e-02 -9.95891884e+00
  3.38048978e+02] 9.961849063641056
[-3.16538748e+00 -1.81677838e-01 -2.57775664e-01 -9.76250907e+00
  3.36921644e+02] 9.767601465602205
[-3.18482989e+00  9.09957502e-02 -1.79935545e-01 -9.96290503e+00
  3.38913281e+02] 9.964945246234644
[-3.20191818e+00  1.79983272e-01  3.77977666e-02 -1.00693692e+01
  3.39075713e+02] 10.071048544405954
[-3.20961896e+00 -3.13520416e-01 -1.01013307e-01 -1.00316717e+01
  3.39784096e+02] 10.037078042120188
[-3.08938821e+00  7.53868606e-02  2.46567874e-01 -9.69968181e+00
  3.35161361e+02] 9.703108063502151
[-3.22526618e+00  1.25915335e-02  8.77677284e-02 -9.72560425e+00
  3.35176575e+02] 9.726008422615402
[-3.24008342e+00  2.96132405e-03 -1.37497295e-01 -9.86191460e+00
  3.36926659e+02] 9.862873509047317
[-3.23383640e+00 -3.31645705e-02  5.73304641e-02 -9.78601563e+00
  3.35967888e+02] 9.786239758915999
[-3.16445015e+00  1.74375905e-01  1.24470884e-01 -9.77445784e+00
  3.35698191e+02] 9.776805507863816
[-3.23885599e+00 -1.77794056e-01 -2.14518302e-01 -9.91095759e+00
  3.38252318e+02] 9.914873127290466
[-3.20202598e+00  1.36765367e-01 -6.17986269e-02 -1.00929978e+01
  3.38182758e+02] 10.094113505641323
[-3.18056279e+00  1.26904766e-02  8.72278589e-02 -1.01020265e+01
  3.41243164e+02] 10.102411006940459
[-3.12727253e+00  2.68916692e-01  1.48168838e-01 -9.78658390e+00
  3.36282027e+02] 9.79139901306235
[-3.27693414e+00 -4.73179953e-02 -1.32556364e-01 -9.74239104e+00
  3.33174236e+02] 9.743407690706437
[-3.25093425e+00  2.62466649e-01  2.03429342e-01 -9.90077392e+00
  3.35494320e+02] 9.906341221294147
[-3.20953200e+00  1.30671321e-01 -2.90415327e-01 -1.00528441e+01
  3.39569284e+02] 10.057886997710314
[-3.13271123e+00  1.90131757e-01  1.44461536e-01 -9.79499787e+00
  3.38251794e+02] 9.7979080665616
[-3.21390431e+00  2.74791991e-01  1.04242504e-01 -1.02620724e+01
  3.38906389e+02] 10.266280128978046
[-3.10168247e+00  1.63256204e-01  1.01260091e-01 -9.73421520e+00
  3.37181717e+02] 9.73611071138699
[-3.21839542e+00  1.48011251e-01  4.47379588e-02 -1.00804111e+01
  3.40055530e+02] 10.08159689508038
[-3.15574155e+00 -1.23604624e-01 -2.67842665e-02 -9.85565745e+00
  3.37014903e+02] 9.856468905489125
[-3.11141098e+00 -8.99824738e-02  1.43184960e-01 -9.85402985e+00
  3.34615773e+02] 9.855480867463331
[-3.13496358e+00  1.66030536e-01 -2.66678204e-01 -9.67940128e+00
  3.35698987e+02] 9.684497537224939
[-3.13489591e+00  2.55950450e-01  1.16613217e-01 -9.82040586e+00
  3.37412424e+02] 9.824432834149839
[-3.19776118e+00  1.13284359e-02 -9.50308337e-02 -9.97557531e+00
  3.37752448e+02] 9.976034377447844
[-3.23560267e+00  1.34506861e-01 -1.77976053e-01 -9.73804467e+00
  3.34058904e+02] 9.740599649531983
[-3.17170325e+00 -2.57543135e-01  5.71156513e-02 -9.92506210e+00
  3.38074668e+02] 9.928567282708139
[-3.12121024e+00 -2.00112322e-01  4.15432656e-02 -1.00739283e+01
  3.39346356e+02] 10.076001251243285
[-3.15961373e+00  2.20074184e-01 -6.76637502e-02 -9.73589574e+00
  3.35257532e+02] 9.738617815750967
[-3.31270025e+00 -1.79005818e-01 -9.48594724e-02 -9.89588065e+00
  3.36501705e+02] 9.897954089816327
[-3.25217084e+00 -5.44318505e-02 -9.92098276e-02 -9.98921814e+00
  3.37480670e+02] 9.989859085077317
[-3.27107190e+00 -2.91859943e-01  2.62675740e-01 -9.89543144e+00
  3.35248668e+02] 9.903218883323543
[-3.16049692e+00 -8.77762118e-02  2.91566449e-01 -9.80665625e+00
  3.36457733e+02] 9.811382295301632
[-3.12179353e+00 -1.47550260e-01  9.43345602e-02 -9.82270082e+00
  3.39149475e+02] 9.824261884606955
[-3.19993970e+00 -7.89777755e-02  2.82972240e-01 -9.80478947e+00
  3.35228542e+02] 9.809189937865353
[-3.22984091e+00 -3.89849693e-02 -1.61104011e-01 -1.00468223e+01
  3.36302045e+02] 10.04818954085452
[-3.18546344e+00  1.84131831e-01  1.10212311e-02 -1.00773798e+01
  3.39309303e+02] 10.079067871090208
[-3.17299087e+00  1.95669968e-02  2.44865446e-01 -9.96254490e+00
  3.37990443e+02] 9.965572881442496
[-3.14610602e+00  3.29353656e-02  1.04892192e-02 -9.79970671e+00
  3.38178231e+02] 9.799767664022049
[-3.19197960e+00  2.50648030e-01  8.22117685e-02 -9.85809929e+00
  3.37435410e+02] 9.861627903524724
[-3.25470130e+00  9.99105293e-02  3.87557276e-02 -9.95253832e+00
  3.36151323e+02] 9.953115250179021
[-3.23718433e+00 -1.63508313e-01 -9.24980800e-02 -9.98198721e+00
  3.38741142e+02] 9.983754781343775
[-3.28675737e+00 -1.18298996e-01 -3.23537138e-01 -9.99849705e+00
  3.37630755e+02] 10.004429729350084
[-3.13581560e+00 -6.00297050e-03  1.56426183e-01 -9.97609973e+00
  3.37983046e+02] 9.97732785161844
[-3.09266648e+00  1.68719735e-01  6.64829138e-02 -9.60560464e+00
  3.35745520e+02] 9.607316314832667
[-3.18535294e+00  6.39988973e-02 -1.50883099e-01 -9.88526883e+00
  3.36486633e+02] 9.886627401457
[-3.21861102e+00  2.83979264e-01  1.03082952e-02 -9.86079267e+00
  3.38017575e+02] 9.864886339704006
[-3.31278397e+00 -3.08159714e-02 -1.50681830e-01 -9.87362794e+00
  3.35877118e+02] 9.874825738097497
[-3.14764280e+00 -1.77542226e-03  2.02803711e-01 -9.75498748e+00
  3.36783288e+02] 9.757095536098637
[-3.23038619e+00  3.36862197e-01 -2.38869440e-01 -1.00240533e+01
  3.36023831e+02] 10.032555928975421
[-3.25134757e+00  9.16289941e-02  8.18445808e-02 -1.03429513e+01
  3.42611336e+02] 10.343680947309666
[-3.17584136e+00 -4.21102123e-05  3.75072312e-01 -9.78350516e+00
  3.37200736e+02] 9.790692135917093
[-3.16913465e+00  3.17008249e-02 -8.11611319e-02 -9.70859947e+00
  3.35476233e+02] 9.708990455042366
[-3.30051091e+00  1.33783936e-01 -9.77939698e-02 -9.96132354e+00
  3.36743792e+02] 9.962701863150638
[-3.16097314e+00  2.21315411e-02  3.65287768e-01 -9.95562365e+00
  3.37908674e+02] 9.962347474495905
[-3.21166983e+00 -1.66348010e-01 -2.80081813e-01 -9.88314628e+00
  3.38721795e+02] 9.888513427165602
[-3.21620871e+00  1.21043310e-01 -1.16681984e-01 -1.01404192e+01
  3.38197741e+02] 10.141812830761708
[-3.20658511e+00  4.31488331e-02  1.64798215e-01 -1.01064589e+01
  3.38847396e+02] 10.10789455122484
[-3.17767979e+00 -1.39580928e-01 -4.93086463e-02 -9.93866897e+00
  3.36815372e+02] 9.939771376838443
[-3.18933798e+00  1.60907326e-01 -5.46222588e-02 -9.89140623e+00
  3.37799134e+02] 9.892865707116602
[-3.20295335e+00  6.81060048e-03 -6.90543370e-02 -9.99719110e+00
  3.37924014e+02] 9.997431910524549
[-3.13206749e+00  1.66599050e-01 -4.71720194e-02 -9.66769641e+00
  3.34843436e+02] 9.66924682908962
[-3.21414151e+00  2.43088468e-02 -4.97048273e-02 -9.87501978e+00
  3.37503832e+02] 9.87517478768925
[-3.19987748e+00 -2.82050023e-01 -3.68294219e-02 -9.58863807e+00
  3.34720680e+02] 9.592856124892725
[-3.25144695e+00 -3.64419794e-02  2.11493877e-01 -9.93312443e+00
  3.36041515e+02] 9.93544255112284
[-3.15673830e+00  4.47650279e-02  5.06927211e-02 -9.53802477e+00
  3.35449231e+02] 9.538264527406001
[-3.27116820e+00 -2.32155522e-01 -1.92815802e-01 -9.99242508e+00
  3.37696168e+02] 9.99698119488044
[-3.19005628e+00  2.24850652e-02 -1.08928951e-01 -1.01363203e+01
  3.39739791e+02] 10.13693056643448
[-3.20874053e+00 -1.03022517e-01  1.49705679e-01 -9.69858184e+00
  3.34851092e+02] 9.700284280079067
[-3.17855231e+00 -3.57740585e-02  1.88535050e-01 -9.82207482e+00
  3.38684092e+02] 9.823949254597556
[-3.08792932e+00  2.07647940e-01  1.62809452e-01 -9.85500084e+00
  3.39602360e+02] 9.858532657355546
[-3.18555816e+00  2.32028225e-01  1.05216490e-01 -9.82196264e+00
  3.37281338e+02] 9.825266291882489
[-3.20507834e+00  1.75655559e-01  1.26779610e-01 -9.74007594e+00
  3.36208148e+02] 9.74248465406288
[-3.29096143e+00 -4.39202388e-02  2.71113970e-01 -9.81729610e+00
  3.32897035e+02] 9.821137132459238
[-3.15627308e+00  2.21447149e-01  1.12587278e-01 -9.83926065e+00
  3.37405687e+02] 9.842396301492471
[-3.21989085e+00 -1.61837563e-01 -2.32493672e-01 -9.94210731e+00
  3.35237021e+02] 9.946142085405306
[-3.26569424e+00  1.31291409e-02 -2.19225926e-02 -9.86015004e+00
  3.37117120e+02] 9.860183151481154
[-3.23459069e+00  6.01692733e-02  1.95503556e-01 -9.88251970e+00
  3.33751470e+02] 9.884636444539534
[-3.16539820e+00  1.20071852e-01 -1.17637439e-01 -9.99515589e+00
  3.38674402e+02] 9.996569264178031
[-3.12959310e+00 -1.99358542e-01  2.16840521e-01 -9.97634637e+00
  3.37952245e+02] 9.980693891967901
[-3.14001951e+00  1.02432322e-02  3.54617846e-02 -9.96875593e+00
  3.37199662e+02] 9.968824266097974
[-3.23813915e+00 -2.10097970e-01  1.50832116e-01 -9.88021585e+00
  3.36941155e+02] 9.883600388707087
[-3.20238759e+00  1.34124770e-01 -2.07187954e-01 -9.96572879e+00
  3.37437569e+02] 9.968784611620872
[-3.21368479e+00  1.15379782e-01 -5.01896546e-02 -9.80344967e+00
  3.35888085e+02] 9.804257080822081
[-3.19044856e+00  2.06205057e-01  2.48157928e-02 -9.92609874e+00
  3.35972718e+02] 9.928271377917573
[-3.13386888e+00 -3.41924284e-03  4.82818944e-02 -9.71111319e+00
  3.38586493e+02] 9.711233814884768
[-3.23475196e+00  1.53228506e-01  2.06220418e-01 -9.95043171e+00
  3.37835279e+02] 9.953747891402804
[-3.16836901e+00 -1.01917396e-01 -8.68712533e-02 -9.67796046e+00
  3.38066032e+02] 9.67888694402905
[-3.22299819e+00 -1.86734808e-01  4.09332273e-02 -9.71847779e+00
  3.35418333e+02] 9.720357808681714
[-3.16549252e+00 -4.80630831e-02  3.36859317e-02 -9.68548284e+00
  3.32732213e+02] 9.685660674446217
[-3.14419637e+00  2.93571839e-01 -4.30179195e-02 -1.02000859e+01
  3.43232070e+02] 10.204400427256063
[-3.19290745e+00 -3.14244732e-01  1.12294448e-01 -9.99576985e+00
  3.38156973e+02] 10.001338640003048
[-3.20386180e+00 -1.46436668e-01 -2.07176759e-01 -9.72439298e+00
  3.37466230e+02] 9.727701929392762
[-3.22749301e+00 -1.52956264e-01  2.28448893e-01 -9.83798418e+00
  3.37153097e+02] 9.841824888896696
[-3.20028767e+00 -3.15364024e-02 -1.46384917e-01 -9.89863438e+00
  3.35739224e+02] 9.899766949205054
[-3.21540239e+00 -1.63003930e-01  1.78428184e-02 -9.95516195e+00
  3.36334884e+02] 9.956512351019585
[-3.24979221e+00 -1.59526248e-01 -2.01458288e-01 -1.00475816e+01
  3.39825620e+02] 10.050867178347923
[-3.21681898e+00 -1.51942466e-01 -2.39215358e-02 -1.01923367e+01
  3.40065154e+02] 10.193497252958117
[-3.16916744e+00  1.53102563e-01 -1.94096918e-01 -9.81072653e+00
  3.36325157e+02] 9.813840690946272
[-3.16631340e+00  3.04198086e-01 -1.69014386e-01 -9.73087393e+00
  3.36412490e+02] 9.737094520019795
[-3.19218081e+00 -1.24312674e-01 -1.58513471e-01 -9.75521368e+00
  3.37154108e+02] 9.757293381984162
[-3.13632866e+00 -3.09445943e-01  1.00662300e-01 -9.97840635e+00
  3.39472921e+02] 9.983710877600418
[-3.16878343e+00 -8.61982125e-02 -3.09146920e-01 -9.97113634e+00
  3.38288360e+02] 9.9763000116327
[-3.20463337e+00  1.35340668e-01 -1.81037468e-01 -9.69105648e+00
  3.35291840e+02] 9.69369214165601
[-3.18830901e+00  1.36010104e-01 -1.99990667e-01 -1.01545394e+01
  3.39368293e+02] 10.157419212934022
[-3.27361458e+00 -5.16311886e-03  2.43289522e-02 -9.67979454e+00
  3.37422389e+02] 9.679826486240346
[-3.16570684e+00 -1.34853502e-02 -1.07039808e-01 -1.01040480e+01
  3.39263511e+02] 10.104623945991579
[-3.15193396e+00 -2.68742640e-01  1.13258401e-01 -9.99009961e+00
  3.38196046e+02] 9.994355425545002
[-3.19626932e+00  2.60174423e-01  1.08647313e-02 -9.71792076e+00
  3.35745759e+02] 9.721408986669564
[-3.19986352e+00 -3.58703544e-01  2.35051546e-01 -9.90650410e+00
  3.36886719e+02] 9.915782418205193
[-3.18873213e+00  2.44783141e-01 -2.88066689e-02 -9.94647914e+00
  3.36721654e+02] 9.949532443136754
[-3.24013170e+00 -2.72136930e-02  1.83595768e-01 -9.92899363e+00
  3.37609145e+02] 9.9307281914226
[-3.18602588e+00  2.34552949e-01  1.34001344e-01 -9.80611763e+00
  3.36620241e+02] 9.809837630249415
[-3.15509954e+00 -1.73775892e-01  2.15359542e-02 -1.01149380e+01
  3.40633524e+02] 10.116453521359443
[-3.16197810e+00  2.76031846e-01 -1.22908985e-01 -9.86640056e+00
  3.38693314e+02] 9.87102629564652
[-3.15961356e+00  1.69362431e-01  1.82805412e-01 -1.00871161e+01
  3.40688162e+02] 10.090193838055722
[-3.16829325e+00  1.75159199e-02  4.18014941e-01 -9.91927497e+00
  3.38869229e+02] 9.928094443374375
[-3.18253462e+00  2.67151143e-01 -9.98336289e-02 -9.86900090e+00
  3.38065778e+02] 9.87312084653741
[-3.14847426e+00 -6.33867310e-02  1.37688898e-01 -1.00527294e+01
  3.36964467e+02] 10.05387215845497
[-3.29279226e+00 -5.30520600e-02 -1.35164255e-01 -9.84255732e+00
  3.35735018e+02] 9.843628324129778
[-3.25281911e+00 -2.59334153e-01 -1.17855861e-01 -9.60746028e+00
  3.34123989e+02] 9.611682329611519
[-3.26387461e+00 -1.68029063e-01 -1.21186209e-01 -9.69768834e+00
  3.33431375e+02] 9.699900977539603
[-3.20257942e+00 -1.36133815e-01  2.30024467e-01 -9.90289169e+00
  3.36015571e+02] 9.906498245234578
[-3.22177544e+00  5.04656841e-02  2.18428213e-01 -9.52645068e+00
  3.33944948e+02] 9.529088115989401
[-3.23297528e+00  7.35477849e-03  5.11294540e-02 -9.95364683e+00
  3.37865944e+02] 9.953780864796887
[-3.08777787e+00  1.00893806e-01 -4.68292730e-03 -9.72139723e+00
  3.37770927e+02] 9.72192191239092
[-3.18866759e+00 -1.28753999e-01 -5.29430326e-02 -1.02467003e+01
  3.40825921e+02] 10.247645962216462
[-3.20420678e+00  2.33596231e-01  1.20533222e-01 -9.96649213e+00
  3.37328640e+02] 9.969957913752708
[-3.21201569e+00 -1.29643199e-01 -2.82255497e-01 -9.90970460e+00
  3.34678833e+02] 9.914571132764449
[-3.24892747e+00 -4.07984327e-02 -9.22797791e-02 -1.02211522e+01
  3.38278820e+02] 10.221650201292352
[-3.13117197e+00 -1.50002298e-01  1.45598705e-01 -9.61591402e+00
  3.37095655e+02] 9.618186012661758
[-3.27680145e+00 -7.12120375e-02 -8.94921344e-02 -9.88064016e+00
  3.33635947e+02] 9.881302041263227
[-3.13616702e+00  7.16148334e-02  1.34840821e-04 -9.94123427e+00
  3.36336387e+02] 9.941492218491252
[-3.17680836e+00  2.13440477e-01 -1.28467974e-01 -9.71515535e+00
  3.36057707e+02] 9.718348851400732
[-3.22852821e+00  2.81046277e-02 -9.99849138e-02 -9.85394908e+00
  3.35343601e+02] 9.854496405009836
[-3.20743362e+00 -9.90559686e-02  9.99749268e-02 -9.90050695e+00
  3.36851449e+02] 9.901507209497964
[-3.20340508e+00 -4.97768047e-02 -1.04370693e-01 -9.95916876e+00
  3.36903609e+02] 9.95984002765043
[-3.15840458e+00  1.98509662e-01  3.39407825e-02 -9.94900512e+00
  3.38752456e+02] 9.951043209646397
[-3.17246756e+00  7.53212139e-02 -1.79075308e-01 -9.60087008e+00
  3.34051352e+02] 9.602835392241674
[-3.22754695e+00  5.95781535e-02  5.42176260e-02 -9.88609707e+00
  3.36830327e+02] 9.886425261279385
[-3.18800561e+00 -3.95293655e-02 -2.94362958e-01 -1.00427763e+01
  3.39261433e+02] 10.047167192600371
[-3.20182876e+00  3.06483449e-02  2.75087539e-02 -9.61646978e+00
  3.34188876e+02] 9.616557967346576
[-3.17318964e+00  1.99975428e-01 -1.28072358e-01 -9.98623122e+00
  3.37221852e+02] 9.989054343682547
[-3.12302215e+00 -3.92380079e-02  2.40120064e-01 -9.83626946e+00
  3.37592376e+02] 9.839278131926273
[-3.20987569e+00  1.12472697e-01  1.97406795e-01 -9.86389708e+00
  3.35817651e+02] 9.866513324651205
[-3.23022510e+00 -4.65707012e-02  1.75125777e-01 -9.94021873e+00
  3.37242196e+02] 9.941870358398873
[-3.21288324e+00  1.25907479e-02 -2.51148226e-01 -9.83487065e+00
  3.35460839e+02] 9.838084905526326
[-3.23367272e+00  7.99658641e-02  1.84485898e-01 -9.69299564e+00
  3.37192591e+02] 9.695080924812677
[-3.12687960e+00  1.54473486e-01 -1.34972565e-02 -9.96570321e+00
  3.38192503e+02] 9.966909489555553
[-3.19307086e+00 -1.09283124e-01  9.99974888e-02 -9.93825702e+00
  3.37944188e+02] 9.939360891695108
[-3.21111867e+00 -1.83116033e-02  1.54404674e-01 -1.00113097e+01
  3.35813511e+02] 10.012517106335244
[-3.15599815e+00 -2.12526087e-02  1.50595627e-01 -1.01269187e+01
  3.38350902e+02] 10.128060675420286
[-3.17267659e+00 -3.22745662e-01 -2.68402184e-02 -9.80956921e+00
  3.38695773e+02] 9.814913814659661
[-3.21587566e+00 -2.55185301e-01  1.25225905e-01 -9.93633919e+00
  3.37495084e+02] 9.940404290994266
[-3.25047860e+00 -1.96617498e-01 -1.29478843e-01 -9.89804842e+00
  3.37212075e+02] 9.900847726868712
[-3.26611653e+00  2.27377857e-03 -9.01567987e-02 -1.01644604e+01
  3.42172256e+02] 10.164860492680567
[-3.22500676e+00 -7.99110465e-02 -5.61018254e-02 -9.85488340e+00
  3.37039897e+02] 9.855367069225053
[-3.15776953e+00  1.88143182e-01 -1.14812147e-01 -9.79639338e+00
  3.36631009e+02] 9.798872537250578
[-3.20128970e+00 -2.77529618e-01 -8.33483466e-02 -9.80013741e+00
  3.35592385e+02] 9.804420584007907
[-3.18504818e+00 -2.16373107e-01 -1.18493422e-01 -1.01134788e+01
  3.39197709e+02] 10.116487122655922
[-3.24971426e+00 -3.42279842e-02  6.00461927e-03 -9.86902417e+00
  3.34291810e+02] 9.86908534973458
[-3.21851198e+00 -2.16120071e-01 -1.31613257e-01 -9.94809142e+00
  3.37491341e+02] 9.951309102026427
[-3.19947347e+00  2.20195473e-01 -7.29970226e-03 -1.00594812e+01
  3.38357897e+02] 10.061893570877867
[-3.18788984e+00 -9.28747498e-02  2.09663437e-01 -1.00217908e+01
  3.38991166e+02] 10.024413939708342
[-3.17922934e+00 -9.01757492e-02 -2.72536200e-01 -9.51111486e+00
  3.36072818e+02] 9.51544604949463
[-3.30678479e+00  6.92461887e-02 -4.22551092e-02 -9.68097977e+00
  3.36067024e+02] 9.681319633523444
[-3.14429040e+00  1.77544795e-01 -2.70574542e-01 -9.64938766e+00
  3.34746690e+02] 9.654813045145145
[-3.21981281e+00 -9.53894386e-02  1.06218374e-01 -1.00321350e+01
  3.38977135e+02] 10.033150764840709
[-3.19653110e+00  2.19106173e-02  1.08605872e-01 -1.00461682e+01
  3.36942787e+02] 10.046779100905175
[-3.15497094e+00 -2.14014381e-01 -5.46564193e-02 -9.80325347e+00
  3.38759462e+02] 9.805741591474382
[-3.10671549e+00  3.26148454e-01 -5.02086310e-03 -9.89057509e+00
  3.38703764e+02] 9.895952384086648
[-3.27985425e+00  1.75339927e-01  4.89894280e-02 -9.94084643e+00
  3.36066943e+02] 9.942513357088336
[-3.19030094e+00  1.99178943e-01  9.19842460e-02 -9.98811667e+00
  3.35064666e+02] 9.990525914395748
[-3.26302653e+00  4.83040684e-02 -8.13468549e-02 -9.91872296e+00
  3.35896514e+02] 9.91917414754271
[-3.28717542e+00 -4.97283736e-02  1.06836244e-01 -9.82115970e+00
  3.36530966e+02] 9.82186666093209
[-3.20140854e+00 -1.95844024e-01  3.76872238e-01 -9.92579597e+00
  3.37796242e+02] 9.934878619302344
[-3.21269653e+00  8.63905279e-02  8.47302254e-03 -1.01848644e+01
  3.40068758e+02] 10.18523430557306
[-3.19088061e+00  2.43960970e-01  1.36531259e-01 -9.80175120e+00
  3.36581045e+02] 9.805737319409909
[-3.17514228e+00 -2.04921459e-01  2.43466964e-01 -9.56658700e+00
  3.35227640e+02] 9.571878381080694
[-3.21746373e+00  2.63839132e-01 -1.51929614e-01 -9.82385623e+00
  3.38527113e+02] 9.828572880056802
[-3.16575259e+00 -1.60458490e-01  4.20036527e-01 -9.90730224e+00
  3.34441509e+02] 9.917500457000635
[-3.13230973e+00  1.54807176e-01  1.73407380e-01 -9.64909869e+00
  3.35513153e+02] 9.651898309169788
[-3.17084312e+00 -2.52484206e-03  8.39623773e-02 -9.93867045e+00
  3.39027877e+02] 9.939025421197963
[-3.19030028e+00 -1.27357169e-01 -5.39622708e-02 -1.00537253e+01
  3.39221955e+02] 10.054676712303886
[-3.18557361e+00  1.10416978e-01 -2.90026656e-02 -9.88862009e+00
  3.36931836e+02] 9.889279062775516
[-3.13913660e+00  2.48816421e-01 -1.77537282e-01 -9.70972847e+00
  3.36535601e+02] 9.714538389450965
[-3.17313621e+00  3.77660808e-02 -1.55201501e-02 -1.01565307e+01
  3.38228984e+02] 10.156612803994141
[-3.23233427e+00 -1.47122788e-01 -7.56410576e-02 -9.76644229e+00
  3.37253324e+02] 9.767843243054541
[-3.22334317e+00 -2.27659411e-01  2.64116590e-02 -9.78810659e+00
  3.35536320e+02] 9.790789396714187
[-3.22451264e+00 -8.56506322e-02 -2.20287229e-01 -9.86846985e+00
  3.35327370e+02] 9.871299797174338
[-3.21008588e+00 -2.69687070e-01 -2.10217165e-02 -9.88697914e+00
  3.37830511e+02] 9.890678920833942
[-3.22162918e+00 -2.75547699e-01 -1.12610611e-01 -9.78726564e+00
  3.35566914e+02] 9.79179127655923
[-3.21547378e+00  1.78541740e-01 -1.01579325e-02 -9.95587594e+00
  3.37176105e+02] 9.957481918020889
[-3.19688065e+00  5.10105140e-01 -2.53616152e-01 -9.88372170e+00
  3.38399680e+02] 9.90012540093874
[-3.23762021e+00 -1.41413606e-01 -6.13716024e-02 -9.85380933e+00
  3.36753955e+02] 9.855015098488783
[-3.23194382e+00 -9.81059596e-03 -1.90808794e-01 -1.01394303e+01
  3.37379967e+02] 10.141230239651781
[-3.16237945e+00 -3.16298352e-01  1.35303879e-01 -9.95311638e+00
  3.38230036e+02] 9.959060066089588
[-3.16228908e+00  2.62059280e-02 -1.55619488e-01 -9.72853094e+00
  3.35732536e+02] 9.729810814386608
[-3.11489085e+00  1.63506039e-01 -1.72193039e-01 -9.77625252e+00
  3.39111410e+02] 9.779135854830594
[-3.16728222e+00  6.82487231e-02 -7.66762795e-02 -9.79009750e+00
  3.35758498e+02] 9.79063563674907
[-3.17976449e+00 -1.13385415e-01  3.61941725e-02 -9.47874042e+00
  3.31475303e+02] 9.479487651453466
[-3.21235352e+00  2.44302033e-01  1.97677378e-01 -9.78264980e+00
  3.36014469e+02] 9.787696198682173
[-3.22932629e+00 -3.76117926e-01  2.27613715e-01 -9.87655687e+00
  3.36785789e+02] 9.886336440830236
[-3.14196914e+00 -2.79884781e-02 -4.36299495e-02 -9.68799026e+00
  3.38886511e+02] 9.688128931583089
[-3.25270382e+00 -9.27449084e-02 -1.91770449e-01 -9.99416771e+00
  3.38040036e+02] 9.996437651448211
[-3.19086434e+00 -4.80799172e-02 -8.81208247e-03 -9.65573346e+00
  3.36018570e+02] 9.655857187189158
[-3.18574793e+00  1.36075352e-01 -7.11068653e-02 -1.02092910e+01
  3.39410407e+02] 10.210445381326686
[-3.21076186e+00 -4.89699642e-02 -1.93390336e-01 -9.83172670e+00
  3.35569013e+02] 9.8337504394814
[-3.19628771e+00  1.89143256e-02  2.57712225e-01 -9.88997006e+00
  3.35269155e+02] 9.893345290633123
[-3.22783003e+00  1.46905307e-01  5.46028819e-02 -9.88880816e+00
  3.38914670e+02] 9.890050027335164
[-3.18789872e+00  1.09750501e-01 -1.00670826e-01 -1.00872426e+01
  3.37506927e+02] 10.088341922599248
[-3.18711457e+00 -7.32098306e-02  3.26234449e-01 -9.56191818e+00
  3.35463177e+02] 9.567761904195674
[-3.23180804e+00  1.09870879e-01  1.36913182e-01 -9.96013829e+00
  3.37719347e+02] 9.961685178792319
[-3.14126395e+00  2.83826821e-02 -2.80908180e-01 -9.55323180e+00
  3.33562108e+02] 9.557403033723272
[-3.19191949e+00  6.47837469e-02 -2.49898389e-01 -1.00071747e+01
  3.36023007e+02] 10.010504070237717
[-3.18870968e+00  1.34551288e-01  1.97014889e-01 -9.90378039e+00
  3.39064121e+02] 9.906653564620756
[-3.16936844e+00  8.18608790e-02  3.38279394e-01 -9.91449581e+00
  3.38772656e+02] 9.920602873651431
[-3.22558996e+00  4.04000708e-02 -6.39793634e-02 -1.00612476e+01
  3.39108129e+02] 10.061532100358267
[-3.25692526e+00 -1.18250990e-01  1.24104271e-01 -9.81957073e+00
  3.37530222e+02] 9.82106687562252
[-3.24048621e+00 -2.22481960e-01  2.74929239e-02 -9.91013113e+00
  3.36552939e+02] 9.912666292960074
[-3.16048577e+00 -3.19810325e-01 -2.69169108e-02 -9.93042048e+00
  3.37808043e+02] 9.935605368370567
[-3.14441289e+00 -1.89415135e-01  1.97479511e-01 -9.73444140e+00
  3.35030050e+02] 9.73828658782127
[-3.18453987e+00 -4.01666828e-02 -1.31779067e-01 -9.93919880e+00
  3.37671752e+02] 9.940153508636666
[-3.18135338e+00 -6.30749942e-02 -3.45710049e-02 -1.01969832e+01
  3.40633838e+02] 10.19723689354292
[-3.24807405e+00  4.42464037e-02 -1.46703595e-01 -1.00508201e+01
  3.38279062e+02] 10.051988127745584
[-3.13892856e+00 -9.33673138e-02 -3.77077670e-01 -9.70413483e+00
  3.35887845e+02] 9.711907011721197
[-3.13057994e+00 -9.85972574e-02  2.61460855e-01 -9.78771880e+00
  3.36180890e+02] 9.791706819960048
[-3.13895581e+00  9.57585658e-02 -4.22261670e-02 -9.65103385e+00
  3.35262274e+02] 9.651601267869768
[-3.20951500e+00 -2.74219396e-03  1.42520231e-01 -9.73036166e+00
  3.37172981e+02] 9.73140573316449
[-3.25761896e+00 -1.91072867e-01 -5.68109438e-03 -9.85059721e+00
  3.36327816e+02] 9.852451801837448
[-3.23121234e+00 -4.22464460e-02 -1.08690737e-01 -9.77573370e+00
  3.36699539e+02] 9.77642919555949
[-3.22280267e+00 -3.06116130e-01  9.33676273e-02 -9.95519220e+00
  3.39106551e+02] 9.960335152403799
[-3.17784193e+00  1.86315256e-01  2.71862716e-01 -9.64101738e+00
  3.37191723e+02] 9.6466490965674
[-3.18149820e+00  2.02679225e-01 -9.51894308e-02 -9.62494410e+00
  3.35182835e+02] 9.6275484295651
[-3.16621780e+00  1.55221299e-01 -4.65567162e-03 -9.52625257e+00
  3.35724832e+02] 9.527518211958794
[-3.22734976e+00  1.81490377e-02 -3.69794877e-02 -9.83986264e+00
  3.35794021e+02] 9.83994886016735
[-3.20549657e+00 -9.47763661e-02  1.29814372e-01 -9.94121775e+00
  3.37142847e+02] 9.942517014999092
[-3.14329199e+00 -2.24507776e-01  9.79054244e-02 -9.88426941e+00
  3.37294058e+02] 9.887303524961935
[-3.18730861e+00 -3.05456036e-01 -3.37572892e-01 -1.00702123e+01
  3.39461329e+02] 10.08049774543372
[-3.23497083e+00  5.53622734e-03 -2.23700772e-01 -1.01995723e+01
  3.39441601e+02] 10.202026645177165
[-3.23338390e+00 -1.14417602e-01  1.36837391e-01 -9.89043517e+00
  3.37671743e+02] 9.892043453803351
[-3.12815976e+00  1.33429969e-01 -8.06775989e-02 -9.74075174e+00
  3.38419408e+02] 9.74199963398956
[-3.11329793e+00 -1.04538864e-01 -1.83399497e-01 -9.75758441e+00
  3.38420663e+02] 9.759867691827907
[-3.26941890e+00  1.82500695e-01 -8.22782953e-02 -1.01121705e+01
  3.37041923e+02] 10.114151865199736
[-3.12318957e+00 -1.20163172e-01 -1.22081528e-01 -9.78007783e+00
  3.38694893e+02] 9.781577858281672
[-3.21481406e+00  5.93433973e-02 -3.06617823e-02 -9.94894808e+00
  3.39629480e+02] 9.949172314631992
[-3.21785031e+00 -2.72478987e-01  8.48169796e-02 -9.67559927e+00
  3.34291810e+02] 9.679806810313831
[-3.21193768e+00 -1.98425021e-01 -2.66555088e-01 -9.79898379e+00
  3.35462493e+02] 9.804616638314245
[-3.22348055e+00  1.38245834e-01  2.25447514e-01 -1.00979576e+01
  3.39210217e+02] 10.101420027633772
[-3.17545631e+00 -9.11861330e-02 -1.41469781e-01 -9.67951839e+00
  3.36200202e+02] 9.680981607672292
[-3.17522007e+00 -2.94179847e-01 -1.34233266e-01 -9.90412208e+00
  3.38887840e+02] 9.909399298157235
[-3.16304903e+00  4.10028639e-02  9.52455367e-02 -9.86330356e+00
  3.34050547e+02] 9.863848643666474
[-3.15766659e+00 -4.48066886e-03  2.08939827e-01 -9.85699738e+00
  3.35298131e+02] 9.859212607858012
[-3.10662602e+00  7.85559094e-02  2.33354958e-01 -9.96999172e+00
  3.39516177e+02] 9.97303166151283
[-3.20262009e+00  1.09481905e-01 -1.19429328e-01 -9.92733135e+00
  3.36868967e+02] 9.928653348536969
[-3.18392641e+00 -1.35584870e-01  1.61505087e-02 -1.01226233e+01
  3.39916766e+02] 10.123544188064107
[-3.12681529e+00 -1.48310159e-01  1.28874470e-01 -9.82411634e+00
  3.37458827e+02] 9.826080928220785
[-3.17782957e+00 -1.05182366e-01  1.96680822e-01 -9.77046111e+00
  3.35152565e+02] 9.773006550656842
[-3.15604969e+00  8.46281824e-02  6.12284535e-03 -1.01074523e+01
  3.40543059e+02] 10.107808391097217
[-3.17671135e+00  3.86252784e-01  1.19092302e-01 -9.70871886e+00
  3.37083287e+02] 9.717129006533872
[-3.16100592e+00  1.06104566e-02 -7.64307716e-02 -9.67243403e+00
  3.34415829e+02] 9.672741820496189
[-3.19198492e+00 -1.22969537e-01  2.43224664e-01 -9.77253110e+00
  3.35698512e+02] 9.776330798750484
[-3.22472585e+00  5.25824354e-02  1.05046118e-01 -9.78486703e+00
  3.35162317e+02] 9.78557215522737
[-3.15738555e+00 -8.83487916e-02 -1.28813350e-01 -9.81358109e+00
  3.38396852e+02] 9.814824102103575
[-3.16823404e+00 -1.14765661e-01 -1.15595341e-01 -1.01352284e+01
  3.39341202e+02] 10.13653728442027
[-3.15554196e+00  4.81322515e-02  6.55696150e-02 -9.91562574e+00
  3.36892934e+02] 9.915959351527372
[-3.22961576e+00  1.83136342e-02 -3.29411810e-01 -9.92873806e+00
  3.36878236e+02] 9.934217988952838
[-3.25509933e+00 -2.30221230e-02  3.63790043e-01 -9.92853082e+00
  3.37693525e+02] 9.935220053582333
[-3.11011759e+00  1.48247424e-01  2.72790706e-01 -9.95270493e+00
  3.37843442e+02] 9.957546259707193
[-3.19592944e+00 -4.25959482e-03  1.14110400e-01 -1.00171032e+01
  3.35632656e+02] 10.017754052025786
[-3.21665766e+00 -3.09028563e-02 -2.01035392e-01 -9.94802218e+00
  3.37851163e+02] 9.950101280407944
[-3.19399717e+00 -1.68330643e-01 -1.00594548e-01 -9.79889289e+00
  3.38063802e+02] 9.800854881044527
[-3.24393274e+00  1.31021537e-01  2.81079815e-02 -9.95442443e+00
  3.35691771e+02] 9.955326330440053
[-3.18450063e+00  1.55133988e-01 -7.84407747e-02 -9.51344315e+00
  3.32555346e+02] 9.515031269914196
[-3.15968708e+00  3.98187881e-02  1.54897397e-01 -1.00279797e+01
  3.37009695e+02] 10.029254964472308
[-3.22519215e+00 -1.62312140e-01 -2.25521956e-01 -9.78739908e+00
  3.36049078e+02] 9.791342404328375
[-3.15727347e+00 -1.30033027e-01 -1.69388456e-01 -9.62513575e+00
  3.36776188e+02] 9.627504307496094
[-3.19382408e+00  4.53069967e-02  1.93485697e-01 -9.94667987e+00
  3.36550125e+02] 9.94866472818133
[-3.16811186e+00  1.65929065e-01  5.53574657e-02 -1.03014514e+01
  3.41506529e+02] 10.30293640905526
[-3.18765588e+00 -1.98542781e-01  3.25798669e-01 -1.01634165e+01
  3.40074981e+02] 10.170575114527297
[-3.27261736e+00  2.29125218e-01  1.34724384e-01 -1.00117980e+01
  3.38063974e+02] 10.01532565127399
[-3.23857176e+00  9.05143680e-02 -2.11155214e-02 -9.79907319e+00
  3.35589413e+02] 9.799513971817097
[-3.20868589e+00  5.53266873e-02 -2.41187740e-01 -9.95726073e+00
  3.39349672e+02] 9.960335028340014
[-3.23801038e+00 -2.75973455e-02  1.55997071e-01 -1.00377002e+01
  3.38094650e+02] 10.038950225244603
[-3.23638439e+00 -2.28963150e-01 -1.71196537e-01 -1.01265554e+01
  3.39503649e+02] 10.130590152577332
[-3.12636361e+00  1.83602771e-01  1.75853697e-01 -9.73715163e+00
  3.37255571e+02] 9.740470028710092
[-3.22112791e+00 -4.51584804e-02  1.19805368e-01 -9.67495522e+00
  3.35937719e+02] 9.67580234751338
[-3.16389184e+00 -6.95426298e-02  7.98960273e-02 -9.66562408e+00
  3.35487625e+02] 9.666204445559652
[-3.15763090e+00  1.99944788e-01 -6.81307947e-02 -9.91871211e+00
  3.38015089e+02] 9.920961127934186
[-3.15165850e+00  3.34385857e-02  8.74016054e-02 -9.68275885e+00
  3.37970772e+02] 9.683211047321532
[-3.20990185e+00 -1.03790819e-02  1.94403104e-01 -9.82147992e+00
  3.36728902e+02] 9.823409185934453
[-3.21011407e+00 -1.83756618e-01 -1.32293464e-01 -9.91020771e+00
  3.36550759e+02] 9.912794003607456
[-3.19095311e+00 -9.96571158e-02  2.18347627e-01 -1.00597452e+01
  3.37105541e+02] 10.062608041576373
[-3.19732326e+00  9.10408141e-02 -3.04016941e-02 -9.69080473e+00
  3.35978656e+02] 9.69128005070498
[-3.22544527e+00 -1.28430102e-01  1.83948004e-01 -9.81414920e+00
  3.35617932e+02] 9.816713079994555
[-3.25640805e+00 -1.00014041e-01 -8.33604151e-02 -9.63151749e+00
  3.34173511e+02] 9.632397462507944
[-3.20829836e+00  2.16571565e-01  1.63745820e-01 -9.71242518e+00
  3.36592245e+02] 9.716219365687637
[-3.19293515e+00 -1.06528988e-01  6.19531593e-02 -9.72283192e+00
  3.36241933e+02] 9.723612865450786
[-3.31093921e+00 -3.42099617e-01 -2.46159151e-01 -1.00115734e+01
  3.36119917e+02] 10.020440557586655
[-3.19426076e+00 -7.76609445e-02 -6.78516234e-02 -9.91060847e+00
  3.36285933e+02] 9.91114500492353
[-3.25331874e+00  1.40546690e-02 -1.21550260e-01 -1.00035710e+01
  3.38620865e+02] 10.004319333363895
[-3.22508617e+00  2.32927494e-01  2.71693231e-01 -9.67280942e+00
  3.33918022e+02] 9.679427386989731
[-3.20654843e+00  9.19517842e-02 -2.15089520e-01 -1.01481735e+01
  3.37916506e+02] 10.15086908225613
[-3.22164856e+00 -7.27256054e-02  2.34784758e-01 -9.78899225e+00
  3.35769003e+02] 9.792077523114422
[-3.19750814e+00 -1.03813403e-01  1.29674127e-01 -9.82124495e+00
  3.36477111e+02] 9.822649594284192
[-3.10897137e+00 -3.11142652e-01  1.97573854e-01 -9.66078446e+00
  3.37686021e+02] 9.667812659163367
[-3.11754255e+00 -6.29306724e-02 -5.44977303e-02 -9.69257773e+00
  3.35013892e+02] 9.69293522836229
[-3.16393872e+00 -2.50534076e-01 -1.75680535e-01 -9.99470101e+00
  3.37764315e+02] 9.999383944950186
[-3.19376531e+00 -1.08354777e-02 -1.87667144e-01 -9.81765013e+00
  3.37701808e+02] 9.819449598075117
[-3.24484858e+00 -8.53941216e-02  7.19811752e-02 -1.00787202e+01
  3.39801931e+02] 10.079338962018277
[-3.26886455e+00 -1.15395858e-01 -2.38801451e-01 -1.00341538e+01
  3.36553691e+02] 10.037658339426413
[-3.25359696e+00  2.48653986e-02 -6.14305254e-02 -9.96216379e+00
  3.39205462e+02] 9.962384221859855
[-3.19196832e+00 -3.22545374e-02 -9.84894589e-02 -1.00107260e+01
  3.37096994e+02] 10.011262388769808
[-3.12768275e+00 -9.34129779e-03  2.78013840e-01 -9.77250061e+00
  3.36180713e+02] 9.776458819966106
[-3.16194579e+00  1.13209947e-01 -2.50228765e-01 -9.70105821e+00
  3.35841922e+02] 9.704945201720067
[-3.20173994e+00 -1.30788422e-01  2.02009978e-01 -9.93621166e+00
  3.36721082e+02] 9.939125503916742
[-3.24801113e+00  1.74047896e-01  3.06006899e-02 -9.84624980e+00
  3.38860555e+02] 9.847835508870757
[-3.18124208e+00 -2.57520320e-01 -1.11060833e-02 -9.68441037e+00
  3.37225243e+02] 9.687840019149071
[-3.16697191e+00  1.86878618e-01  1.04017885e-02 -9.72242872e+00
  3.35712271e+02] 9.72423015552707
[-3.22829301e+00 -5.49294943e-03  3.06976242e-01 -9.84667610e+00
  3.37200646e+02] 9.85146155923628
[-3.21603372e+00 -8.74322267e-02 -6.74458431e-02 -9.96392656e+00
  3.35781463e+02] 9.964538415197703
[-3.22980967e+00  2.49010499e-01  1.84122909e-01 -9.99848524e+00
  3.38015198e+02] 10.003280189182918
[-3.21949000e+00  3.23507979e-01  6.04745723e-02 -1.00897912e+01
  3.39214666e+02] 10.095157318573872
[-3.15232609e+00 -4.64560695e-02 -1.01096528e-02 -9.56767446e+00
  3.33731949e+02] 9.567792586503492
[-3.19368284e+00  5.61826449e-02  2.98888701e-02 -9.83971873e+00
  3.35900078e+02] 9.839924522963761
[-3.19761494e+00 -9.90638948e-02 -2.36012860e-01 -9.77755502e+00
  3.37573412e+02] 9.780904755313795
[-3.15627817e+00 -1.28343388e-03  8.49386029e-02 -9.82143092e+00
  3.37209785e+02] 9.821798287224274
[-3.11413577e+00 -1.43676121e-01 -3.65083750e-01 -9.56414851e+00
  3.35596033e+02] 9.572192311063809
[-3.17810242e+00  1.10243311e-01  1.04395381e-01 -9.98599869e+00
  3.39260456e+02] 9.987152833763151
[-3.14615909e+00  5.20964545e-02 -1.57931818e-01 -9.92143953e+00
  3.38994062e+02] 9.92283320505311
[-3.20425077e+00 -2.88509028e-01  1.94140450e-01 -9.92115877e+00
  3.37137272e+02] 9.927251343347264
[-3.14610664e+00 -1.52264194e-01 -1.80383810e-01 -9.61299075e+00
  3.34872493e+02] 9.615888618328976
[-3.13215365e+00  6.46210300e-02  2.01353037e-01 -9.74846061e+00
  3.38357722e+02] 9.750753978507833
[-3.17595466e+00 -2.69343508e-01 -1.32950335e-01 -9.59808354e+00
  3.35384819e+02] 9.602782371613408
[-3.18884866e+00  8.46572785e-02 -9.60312040e-02 -9.88624629e+00
  3.35333011e+02] 9.887075128249874
[-3.11896477e+00  1.62146465e-02 -2.11819291e-02 -9.71016295e+00
  3.36105706e+02] 9.710199586741364
[-3.22347667e+00  4.19677074e-02  2.37174747e-02 -9.61581507e+00
  3.34779891e+02] 9.615935900895574
[-3.21429243e+00 -1.83413742e-01 -2.59681639e-01 -9.87201196e+00
  3.36869982e+02] 9.877129911334203
[-3.28228235e+00  4.43835495e-02  2.64401653e-01 -1.00390009e+01
  3.37984907e+02] 10.04258022747736
[-3.17418642e+00 -2.42115610e-01  9.81687242e-03 -9.97764668e+00
  3.38978122e+02] 9.980588637908959
[-3.09915916e+00  8.78677045e-02  1.30682287e-01 -9.54797560e+00
  3.34966466e+02] 9.549274145204873
[-3.20684623e+00  9.48065333e-02  5.77664678e-02 -9.80684481e+00
  3.36072653e+02] 9.807473191366586
