/mnt/stage/douwei/Simulation/5kt_root/2MeV/5kt_+5.60_1.root
[-3.08198107e+00 -8.08302110e-02  3.22156647e-01  5.44180375e+00
  3.04768914e+02] 5.451930529624888
[-3.08483279e+00  1.54064908e-01 -1.26742436e-01  5.64555131e+00
  3.06572018e+02] 5.64907507470911
[-2.98184861e+00 -6.02286343e-02  2.37196104e-01  5.82850912e+00
  3.08726058e+02] 5.83364448992692
[-3.05135388e+00  9.22553243e-02  2.07912144e-01  5.58222795e+00
  3.04828807e+02] 5.586860243642557
[-3.02167351e+00  1.05587652e-01  3.41082975e-01  5.56221300e+00
  3.05461084e+02] 5.573661261746764
[-3.04962444e+00  2.32446981e-01  1.06509760e-01  5.58735110e+00
  3.06668646e+02] 5.593198389591136
[-3.08786562e+00  1.33129893e-02 -1.76490710e-01  5.58755385e+00
  3.03801802e+02] 5.590356362899754
[-3.05416319e+00 -5.72270395e-02 -2.41643184e-01  5.76764787e+00
  3.08596138e+02] 5.77299128039888
[-3.10725168e+00 -1.55576914e-01 -6.23891829e-02  5.65648136e+00
  3.04925515e+02] 5.6589643908440115
[-3.10343475e+00  1.88208572e-01  1.55961628e-01  5.70004491e+00
  3.07267580e+02] 5.705283381191157
[-3.06813418e+00 -1.42328660e-01  4.74091502e-01  5.66999386e+00
  3.05605114e+02] 5.691559590282277
[-3.14717403e+00  2.11820134e-01  8.70435538e-02  5.75785871e+00
  3.07283548e+02] 5.76241106028164
[-3.10353194e+00 -3.17371305e-01 -1.17358742e-01  5.47170271e+00
  3.04065944e+02] 5.4821554292390084
[-3.11150223e+00  2.68771709e-01  9.45337098e-02  5.64890535e+00
  3.05756603e+02] 5.656085792527514
[-3.03960373e+00 -1.29175100e-01 -2.21948332e-02  5.56271613e+00
  3.04830191e+02] 5.564260019083971
[-3.10689760e+00  1.20322759e-01  1.88194261e-01  5.41963433e+00
  3.04018043e+02] 5.424235510991566
[-3.10777562e+00  1.43392553e-01  1.31119332e-01  5.58975240e+00
  3.03627810e+02] 5.593128429709294
[-3.02700032e+00 -7.37574612e-02 -2.00466749e-01  5.76107112e+00
  3.06017718e+02] 5.765029705860119
[-3.11067557e+00 -3.74875677e-02  1.33594446e-01  5.75063707e+00
  3.06138269e+02] 5.752310797865281
[-3.00040550e+00  5.67519416e-02 -8.15044004e-02  5.52011652e+00
  3.05256319e+02] 5.521009886225598
[-3.03050770e+00 -1.73391252e-01 -8.00472676e-02  5.65106558e+00
  3.06951254e+02] 5.654291667031617
[-3.10714749e+00 -4.98032054e-02  1.97489650e-01  5.86957447e+00
  3.07234840e+02] 5.873107096344793
[-3.10363156e+00  2.75343861e-01  1.46424131e-01  5.43623130e+00
  3.03028007e+02] 5.445168962381395
[-3.02046037e+00 -3.05087332e-01 -2.61165237e-01  5.87324086e+00
  3.06899023e+02] 5.886955394236133
[-3.05964708e+00 -1.17924434e-01  1.19653878e-01  5.50973776e+00
  3.04577313e+02] 5.5122983824751985
[-3.06947772e+00 -1.68721560e-01  3.96018596e-01  5.90392902e+00
  3.07340941e+02] 5.919600961912986
[-3.10481522e+00 -1.12629066e-01 -1.71094744e-01  5.93641882e+00
  3.08139164e+02] 5.939951776820007
[-3.10604221e+00  9.36016477e-02 -3.08223132e-01  5.39975732e+00
  3.05198902e+02] 5.409356886165008
[-3.04447176e+00  3.99102171e-02 -1.38389411e-01  5.50259287e+00
  3.06017807e+02] 5.504477517129537
[ -3.07514334   0.38607482  -0.46384408   5.48782222 304.5778761 ] 5.520905527871183
[-3.07069595e+00  3.40640927e-02 -2.72561382e-01  5.72764420e+00
  3.06955176e+02] 5.734226904152353
[-3.05898111e+00 -2.60981372e-01 -1.37284305e-01  5.49268594e+00
  3.05408499e+02] 5.500596068055182
[-3.09009117e+00 -6.62529820e-02  1.87315973e-01  5.83874982e+00
  3.08924888e+02] 5.842129422858105
[-3.11394045e+00 -1.68926058e-01  1.32095311e-01  5.50386487e+00
  3.02186176e+02] 5.508040824401442
[-3.09098857e+00  3.70168814e-02 -3.75506074e-01  5.63076595e+00
  3.06368385e+02] 5.643394390157387
[-2.97585886e+00 -1.16823650e-02  3.63808954e-01  5.91076470e+00
  3.10015345e+02] 5.9219618972809105
[-3.02810844e+00  1.47168276e-01 -2.14215308e-02  5.71437354e+00
  3.08761786e+02] 5.716308453340714
[-3.02640683e+00  3.83923945e-02 -8.84222458e-02  5.61888482e+00
  3.04283620e+02] 5.619711652606667
[-3.11022782e+00  4.28012426e-01  1.06163869e-01  5.87074980e+00
  3.07669873e+02] 5.8872887347945175
[-3.09452642e+00 -2.18655075e-01 -3.61023561e-03  5.27910118e+00
  3.04020228e+02] 5.283628712062324
[-3.07603775e+00 -7.15955328e-02 -2.81639242e-01  5.60221964e+00
  3.05443435e+02] 5.609751464288089
[-3.07462091e+00  6.19297888e-02  2.39809914e-01  5.68834283e+00
  3.03666236e+02] 5.693732361048102
[-3.08106146e+00 -6.24192730e-02 -1.62580836e-01  5.90034361e+00
  3.07902942e+02] 5.902913130070776
[-3.03105776e+00  2.72513113e-01 -6.32360166e-02  5.33538409e+00
  3.04318020e+02] 5.342713315031843
[-3.16815962e+00 -1.18977506e-01  1.29412042e-03  5.64854516e+00
  3.04836250e+02] 5.649798200546202
[-3.03865300e+00 -9.02217840e-02  7.96636157e-02  5.43858777e+00
  3.04146769e+02] 5.439919415057704
[-3.04351897e+00 -9.00478473e-02  1.91156784e-01  5.86416484e+00
  3.08000313e+02] 5.867970581788511
[-3.16405103e+00  1.74723196e-01 -2.91909915e-01  5.56987984e+00
  3.04200980e+02] 5.580259938987917
[-3.02909192e+00 -9.52191289e-02  2.15648868e-01  5.55586994e+00
  3.06326022e+02] 5.560868808157958
[-3.10271648e+00  3.39106220e-02  2.29319230e-01  5.86727118e+00
  3.06722995e+02] 5.871848796501257
[-3.13206606e+00  1.89729481e-01 -1.49967486e-01  5.73265415e+00
  3.03000934e+02] 5.737753147142771
[-3.09659179e+00  2.57233029e-02  3.25632230e-01  5.69117728e+00
  3.06863019e+02] 5.700543563467162
[-3.05323934e+00 -3.17694384e-02 -5.56281602e-03  5.54736104e+00
  3.06681006e+02] 5.547454804037763
[-3.05846075e+00  1.46193300e-02 -2.10599962e-02  5.77511019e+00
  3.08389343e+02] 5.775167091227176
[-3.08607508e+00 -1.58605446e-01  7.13441251e-02  5.44431032e+00
  3.04773430e+02] 5.447087348229248
[-3.07271255e+00  7.73836002e-02  2.36850838e-01  5.89873741e+00
  3.07447222e+02] 5.9039977598193625
[-3.02053806e+00 -1.86557101e-01 -2.44220301e-02  5.85309711e+00
  3.07241925e+02] 5.856120369279647
[-3.13954987e+00 -1.79116197e-01  8.87009969e-03  5.85707036e+00
  3.06264635e+02] 5.859815226744435
[-3.04443468e+00  6.02145517e-03  1.18922636e-01  5.57456397e+00
  3.07406730e+02] 5.57583556805685
[-3.06572634e+00 -2.79008240e-01 -1.31337002e-01  5.42350141e+00
  3.03756402e+02] 5.4322612760375835
[-3.02612640e+00 -2.22295334e-01  5.33397250e-02  5.81232493e+00
  3.09617936e+02] 5.816818838278622
[-3.09124027e+00 -2.00188311e-01  5.42401830e-02  5.49487078e+00
  3.04568357e+02] 5.498783707211136
[-3.03356134e+00 -4.62904973e-02 -1.82768220e-01  5.90090266e+00
  3.07129771e+02] 5.903913888555064
[-3.12622228e+00  6.56253815e-02 -1.74192783e-01  5.78611897e+00
  3.05090595e+02] 5.789112416969668
[-3.14972122e+00 -2.18987177e-01  1.24877376e-01  5.48903699e+00
  3.04189897e+02] 5.494822731094306
[-3.03892781e+00  2.15160006e-02  2.04693567e-02  5.89255931e+00
  3.08203399e+02] 5.892634148117115
[-3.06938502e+00  1.63080698e-01  8.43035057e-02  5.70962288e+00
  3.05858616e+02] 5.712573482921474
[-3.08199391e+00  3.27952650e-01  2.72074065e-02  5.59187411e+00
  3.05505030e+02] 5.6015488213322175
[-3.01922103e+00 -4.52384861e-01  1.37011250e-01  5.54665748e+00
  3.06817770e+02] 5.566761476790552
[-3.00986298e+00  3.16627148e-01 -8.81455349e-02  5.60399814e+00
  3.05169653e+02] 5.613627839853341
[-3.07035971e+00 -7.48687339e-02  7.92660971e-02  5.86534629e+00
  3.06107614e+02] 5.866359647469855
[-2.97958575e+00 -1.27155978e-01 -1.19152310e-01  5.53431109e+00
  3.07756753e+02] 5.537053834849227
[-3.02215969e+00 -1.02734735e-01 -1.31436852e-02  5.68410105e+00
  3.05635114e+02] 5.6850445860429
[-3.14888006e+00 -1.03230103e-01  7.50733883e-02  5.86299540e+00
  3.09060548e+02] 5.8643846640999255
[-3.03288823e+00 -2.77035363e-01 -1.58743765e-02  5.68757775e+00
  3.07435041e+02] 5.694342919029069
[-3.08386820e+00 -3.11515715e-02  3.34122316e-01  5.58618548e+00
  3.05010951e+02] 5.596255561244771
[-3.04669985e+00  1.39138494e-01  8.16602944e-02  5.54084652e+00
  3.08142409e+02] 5.543194752584307
[-3.06738107e+00 -1.46888837e-01 -1.79409212e-01  5.67451754e+00
  3.07782259e+02] 5.679252881381667
[-3.05411783e+00 -4.00820963e-02  2.93017400e-01  5.59039720e+00
  3.06148018e+02] 5.598214595806226
[-3.00866064e+00  1.24151223e-01 -8.30746772e-02  5.48785132e+00
  3.05687004e+02] 5.489884068026401
[-3.20535457e+00 -2.06945447e-01 -2.10408374e-01  5.66460657e+00
  3.04548610e+02] 5.672289277796757
[-3.09074754e+00  1.59296633e-01 -1.44613280e-02  5.44977296e+00
  3.07655339e+02] 5.452119755624467
[-3.10119833e+00 -1.28894957e-02  6.71912280e-02  5.77618463e+00
  3.08196600e+02] 5.776589796632186
[-3.13924948e+00 -9.66527838e-02  3.17461351e-02  5.78086039e+00
  3.06987179e+02] 5.7817554814930325
[-3.13504338e+00  1.49681470e-01 -3.81735418e-02  5.59581311e+00
  3.05894296e+02] 5.597944810776618
[-3.15244290e+00 -1.35904768e-01 -1.18298642e-01  5.65664497e+00
  3.06320215e+02] 5.65951384751521
[-3.09042921e+00 -8.64281025e-02  1.64511874e-01  5.66717361e+00
  3.05648744e+02] 5.670219636125518
[-3.01406480e+00 -1.40201746e-02 -1.11484111e-01  5.74963511e+00
  3.07387999e+02] 5.750732929240561
[-3.08495342e+00 -1.49271531e-01 -1.43957013e-01  5.57411460e+00
  3.06003723e+02] 5.577970880205469
[-3.05609869e+00 -1.31054627e-01 -1.61263797e-02  5.52233516e+00
  3.06223475e+02] 5.523913555697578
[-3.05830564e+00 -1.41017757e-01  2.29170615e-01  5.76658157e+00
  3.07488105e+02] 5.772856151761272
[-3.10940055e+00  5.18822095e-02 -1.00752204e-01  5.54406093e+00
  3.05292988e+02] 5.545219051312923
[-3.07844498e+00  1.08803846e-01  1.99676909e-03  5.46497204e+00
  3.05635613e+02] 5.4660554071095175
[-3.01985735e+00 -2.90030032e-01 -2.52838491e-01  5.73404560e+00
  3.09730726e+02] 5.7469403696580565
[-3.03613336e+00 -1.72715491e-01  2.20097780e-01  5.63853702e+00
  3.07497713e+02] 5.645473712365414
[-3.07649592e+00  2.63659529e-01  2.50446610e-01  5.56899355e+00
  3.05169053e+02] 5.5808537924144925
[-3.04978012e+00  6.98495332e-02 -2.15050949e-01  5.66143986e+00
  3.02313786e+02] 5.6659533309852055
[-2.99795521e+00  5.94382868e-02  1.70593009e-01  5.71148887e+00
  3.07649304e+02] 5.714345105943997
[-3.05699975e+00 -3.99272176e-02 -2.98907306e-01  5.97688109e+00
  3.07062177e+02] 5.9844838845438435
[-3.02972217e+00  2.62031009e-01 -1.80727294e-01  5.76766605e+00
  3.06563944e+02] 5.776443046528864
[-3.03740204e+00 -3.11475743e-02 -5.84354760e-02  5.52607411e+00
  3.04918500e+02] 5.526470835778682
[-3.08276817e+00  6.78052038e-02  3.54569991e-01  5.60272060e+00
  3.06556764e+02] 5.614338385641919
[-3.05799357e+00 -7.96163202e-02  1.05857077e-01  5.55496415e+00
  3.07387751e+02] 5.55654309456624
[-3.04007886e+00 -3.25021522e-02 -1.46888397e-02  5.74518955e+00
  3.06873039e+02] 5.745300266871709
[-3.03197479e+00  1.31640041e-01  1.73677482e-01  5.84199723e+00
  3.10584408e+02] 5.846060604777754
[-3.07759629e+00 -2.41455379e-01 -3.38451813e-02  5.59459886e+00
  3.07137661e+02] 5.599909158127864
[-3.13300743e+00 -1.47414606e-01  1.18241012e-01  6.03629308e+00
  3.08318537e+02] 6.039250463859741
[-3.08615356e+00  1.02755462e-01 -1.24444637e-01  5.91392292e+00
  3.07365799e+02] 5.91612453232546
[-3.08359733e+00 -2.32248043e-01  6.72485775e-02  5.76633248e+00
  3.06886368e+02] 5.771399463586538
[-2.98741878e+00 -2.62261010e-01 -3.36321728e-02  5.24930607e+00
  3.04608475e+02] 5.255961010914835
[-3.06407830e+00 -1.37355632e-01  2.00929607e-01  5.89482203e+00
  3.09413904e+02] 5.899844582767549
[-3.11615038e+00 -1.10367042e-01 -6.17392303e-03  5.76869672e+00
  3.05000941e+02] 5.769755697645706
[-3.15218806e+00 -7.46910841e-03  3.44518157e-02  5.65523134e+00
  3.06041155e+02] 5.655341215870551
[-3.06624450e+00  3.18069876e-02 -1.63183469e-01  5.62222625e+00
  3.06932285e+02] 5.624683860519352
[-3.03873569e+00 -1.83876087e-01 -2.64379584e-02  5.58175197e+00
  3.07827431e+02] 5.584842381038599
[-3.06135067e+00 -2.92243407e-01 -8.15874009e-02  5.60541612e+00
  3.05086170e+02] 5.613622054364142
[-3.13809220e+00  3.08255432e-01  2.08503500e-01  5.67549249e+00
  3.05840403e+02] 5.687680562569626
[-3.07193929e+00 -2.20380986e-01  9.26946853e-02  5.46037476e+00
  3.04206849e+02] 5.4656063392891046
[-3.10814008e+00 -2.43552487e-01 -9.79165992e-02  5.66743592e+00
  3.07279415e+02] 5.673511737669958
[-3.08453931e+00 -2.04190540e-01  3.21905395e-01  5.91213956e+00
  3.06293869e+02] 5.92441651268768
[-3.00507251e+00 -1.74555329e-02  1.60884432e-01  5.63199619e+00
  3.07038937e+02] 5.634320689789799
[-3.09100033e+00  1.97580975e-01  1.11275335e-01  5.56551199e+00
  3.06100498e+02] 5.57012963193394
[-3.09496008e+00 -1.32699516e-01  3.08966495e-01  6.11135228e+00
  3.09775655e+02] 6.120596062353698
[-3.04966079e+00 -1.19631571e-01  3.23162000e-01  5.61832736e+00
  3.05841356e+02] 5.628885126601581
[-3.07986220e+00 -3.68667812e-01  1.67132175e-01  5.86952907e+00
  3.05786554e+02] 5.8834701159996
[-3.03605741e+00  2.90932564e-01 -2.29789038e-01  5.96366745e+00
  3.07616702e+02] 5.975179843512866
[-3.06336918e+00 -3.88990043e-01 -1.14150045e-01  5.37545956e+00
  3.04076794e+02] 5.390724348243162
[-3.02710039e+00 -6.24742488e-02 -1.77647695e-01  5.76346592e+00
  3.08243608e+02] 5.76654152735324
[-3.12222871e+00 -5.37811805e-02  2.61758075e-01  5.82672789e+00
  3.06940884e+02] 5.832852441598204
[-3.04741250e+00 -7.11153896e-02  1.69072254e-01  5.65818153e+00
  3.07457263e+02] 5.661153690186094
[-2.96916059e+00  5.88348535e-02  2.09387905e-01  5.93241721e+00
  3.08239775e+02] 5.936402849746899
[-3.06472432e+00  1.74485224e-01  1.57779918e-02  5.90759110e+00
  3.08313404e+02] 5.910188378332483
[-3.07532622e+00 -5.72264382e-02 -7.00076857e-02  5.44865515e+00
  3.03791931e+02] 5.4494053695135705
[-3.06654178e+00 -1.95995655e-01  8.07302511e-02  5.73160240e+00
  3.07973128e+02] 5.735520707808536
[-2.97806080e+00 -1.65093901e-01  8.78898108e-02  5.83162504e+00
  3.09255352e+02] 5.834623483772896
[-3.07331246e+00  6.85849417e-02 -3.58526396e-03  5.21812620e+00
  3.00964073e+02] 5.218578140322038
[-3.03269270e+00 -1.31744353e-01 -2.91948931e-02  5.62066757e+00
  3.05127264e+02] 5.622287157098145
[-3.01501475e+00  6.24814037e-02  3.33237166e-01  5.78904975e+00
  3.08923321e+02] 5.798969562249245
[-3.13793821e+00  3.67189784e-01 -6.21345460e-02  5.51803890e+00
  3.06219381e+02] 5.53059149702573
[-3.15167785e+00 -1.01603886e-01  3.13490183e-01  5.71410048e+00
  3.06282395e+02] 5.72359535094623
[-3.03447114e+00 -5.85731830e-02  5.15015538e-02  5.58211360e+00
  3.06637387e+02] 5.58265845596208
[-3.01654873e+00  1.43294309e-01 -3.41395205e-02  5.94954436e+00
  3.08224296e+02] 5.951367646150536
[-3.02173924e+00  3.68097440e-02 -1.66636968e-02  5.81060488e+00
  3.08413723e+02] 5.810745369564353
[-3.05407318e+00 -4.22880498e-02 -2.13948560e-02  5.83894201e+00
  3.04878257e+02] 5.839134339079373
[-3.00975003e+00  7.17562432e-02  2.06946294e-01  5.57343746e+00
  3.04738441e+02] 5.577739757224008
[-2.97761536e+00  1.63425881e-01  9.35986496e-02  5.66539935e+00
  3.07705043e+02] 5.66852877891372
[-3.09877017e+00  2.71153253e-01  3.10876024e-03  5.69415758e+00
  3.05933247e+02] 5.700610872259874
[-3.06605434e+00 -2.89953445e-01  1.10793886e-01  5.57675178e+00
  3.07174363e+02] 5.585383490564564
[-3.04306730e+00 -6.26264529e-02 -1.26346363e-01  5.47875854e+00
  3.07456059e+02] 5.4805730188562
[-3.07068289e+00 -8.46757044e-02  1.45065736e-01  5.55266452e+00
  3.05154921e+02] 5.555204524992319
[-2.97892777e+00 -5.30529333e-03 -1.38075892e-01  5.52405477e+00
  3.05644924e+02] 5.525782680941619
[-2.99543310e+00  3.10123686e-02 -5.03942529e-02  5.76961358e+00
  3.07125025e+02] 5.769917006523358
[-3.01140270e+00 -1.27566699e-01 -1.11321201e-01  5.60330463e+00
  3.05792070e+02] 5.60586196965922
[-2.97120699e+00 -2.37663176e-01  1.71486066e-01  5.41786269e+00
  3.03474531e+02] 5.425783575548066
[-3.05896574e+00 -2.17960877e-01  2.36718076e-01  5.70505407e+00
  3.06775315e+02] 5.714121487284811
[-3.07481719e+00 -2.64485754e-02  1.01715698e-01  5.76617867e+00
  3.08862768e+02] 5.767136383916434
[-3.09939487e+00 -1.81710199e-01  3.55040427e-02  5.67154257e+00
  3.07062049e+02] 5.67456379133799
[-3.03717520e+00  1.47836369e-02  1.93350976e-01  5.82850518e+00
  3.09073147e+02] 5.831730090121659
[-3.17534457e+00  1.64492822e-01  1.55116443e-01  5.84072927e+00
  3.04774650e+02] 5.845103713971152
[-3.03178011e+00 -1.37311796e-01 -1.76709429e-01  5.67126322e+00
  3.04750464e+02] 5.675676807634658
[-3.12252060e+00  2.96510149e-01  4.14888034e-02  5.56986819e+00
  3.04281878e+02] 5.577909222564061
[-3.02491501e+00  3.30202679e-01 -9.28817011e-02  5.88447521e+00
  3.07115946e+02] 5.894464291270685
[-3.14830737e+00 -6.11028839e-02  2.57300593e-01  5.42257773e+00
  3.05543021e+02] 5.429022602021441
[-3.05545496e+00  3.02246520e-01 -7.14994039e-02  6.26596085e+00
  3.09527551e+02] 6.273653683178234
[-3.07535321e+00 -2.99266998e-01  3.27126718e-02  5.73302294e+00
  3.06707130e+02] 5.740921781386116
[-3.01412851e+00  2.44944772e-01  6.31281334e-02  5.36601814e+00
  3.05853025e+02] 5.3719767064382244
[-3.03208476e+00  1.05225797e-01 -6.55709862e-02  5.32244025e+00
  3.04352314e+02] 5.323884129500713
[-3.11712426e+00 -1.00173716e-02 -1.09868347e-02  5.36576172e+00
  3.04017392e+02] 5.365782319584024
[-3.08660972e+00  1.86758461e-02  1.92891471e-01  6.02077041e+00
  3.07824819e+02] 6.023888462519547
[-3.06230543e+00 -4.85763544e-03 -1.90234145e-02  5.66520698e+00
  3.05414945e+02] 5.665241006443458
[-3.06494897e+00  1.67545827e-01 -7.62480904e-02  5.70610495e+00
  3.07397958e+02] 5.709073397383622
[-2.96491566e+00  2.74544632e-01 -8.33655233e-02  5.64223141e+00
  3.09743619e+02] 5.649522094557777
[-2.98269645e+00 -2.19693238e-01 -1.43374152e-01  5.55050715e+00
  3.02848951e+02] 5.55670324157598
[-3.03129515e+00  5.34442347e-01 -3.60954145e-02  5.53746189e+00
  3.05518343e+02] 5.563309778151315
[-3.11004297e+00 -6.96425040e-02 -1.72203677e-01  5.73893059e+00
  3.07962292e+02] 5.741935959120018
[-3.03923735e+00 -7.61974481e-02 -2.17589872e-01  5.79408967e+00
  3.06353344e+02] 5.798674545275907
[-2.95301291e+00  1.38356631e-01  1.75956834e-01  5.57294353e+00
  3.07714412e+02] 5.577436954939337
[-3.14319003e+00  8.80348797e-02  1.39594016e-01  5.53944599e+00
  3.04918343e+02] 5.541903868014154
[-3.13963697e+00  6.84101033e-02  2.43199409e-01  5.55404488e+00
  3.04473043e+02] 5.559787808763695
[-3.05611294e+00  3.60368005e-01  2.05140927e-02  5.36367791e+00
  3.02524462e+02] 5.37580939524432
[-3.08174443e+00  2.69357600e-01 -9.63781428e-02  5.73381980e+00
  3.07447258e+02] 5.74095216475039
[-3.10718631e+00 -8.57913475e-02 -3.61446374e-01  5.49439936e+00
  3.04581552e+02] 5.506943616913118
[-3.11478958e+00 -1.73203812e-01  1.19634638e-01  5.66994886e+00
  3.06695516e+02] 5.673855130265797
[-3.07669604e+00 -1.68624662e-01 -3.06835991e-01  5.85600349e+00
  3.07394517e+02] 5.866460562559919
[-3.00304757e+00  1.57346084e-01 -1.83861526e-01  5.66201690e+00
  3.08143004e+02] 5.667186093540337
[-3.10206503e+00  1.31926269e-01  9.94123527e-02  5.78851742e+00
  3.07843878e+02] 5.790873962976314
[-3.09609056e+00  1.55737255e-01  2.52865454e-01  5.75646180e+00
  3.05867027e+02] 5.764117234297941
[-3.10809036e+00 -1.19532344e-01  7.84335859e-02  5.85145093e+00
  3.07850166e+02] 5.853197232415865
[-3.01626619e+00  1.52354919e-01 -1.87494445e-01  5.84670571e+00
  3.06513501e+02] 5.851694957597013
[-3.07773283e+00 -6.66337505e-03  3.00554741e-01  5.87569909e+00
  3.09317879e+02] 5.883384853242381
[-3.05762555e+00  2.20070524e-01 -1.13370047e-01  5.61642328e+00
  3.05958398e+02] 5.6218763967005225
[-3.08686244e+00  5.25801119e-03  4.02919462e-02  5.89335601e+00
  3.08192417e+02] 5.893496092176339
[-3.04881058e+00 -3.83456372e-01  6.55148400e-02  5.87432455e+00
  3.08932672e+02] 5.887191172091182
[-3.10473226e+00  6.18590247e-02 -3.70872978e-01  5.85711008e+00
  3.04764957e+02] 5.869166194998146
[-3.05741252e+00  1.99224818e-02  3.84637942e-02  5.43624388e+00
  3.04141896e+02] 5.436416453604943
[-3.06330189e+00  4.20325875e-02 -3.36750467e-01  5.26290409e+00
  3.05913069e+02] 5.273834193559404
[ -3.1640559   -0.33324052  -0.32227809   5.79433199 305.27478909] 5.8128474614223915
[-3.06441022e+00  6.57703306e-02  2.46998409e-02  5.48360742e+00
  3.06510318e+02] 5.484057449447006
[-3.01375879e+00  1.58873789e-01  1.48337124e-01  5.77438707e+00
  3.06948100e+02] 5.7784765176945125
[-2.99807549e+00 -2.07768190e-01  2.32271422e-01  5.43679492e+00
  3.06532915e+02] 5.445719115491313
[-3.08964152e+00  8.99057670e-02 -1.37388434e-01  5.72693600e+00
  3.08412589e+02] 5.729289186036735
[-3.07613553e+00 -6.23549298e-02 -1.20433289e-01  5.60988981e+00
  3.06947218e+02] 5.611528847150635
[-3.07519779e+00 -1.16115720e-01  3.22456874e-01  5.76319643e+00
  3.07976360e+02] 5.773378073314031
[-2.96478225e+00 -8.39954524e-02  8.09126370e-03  5.86518155e+00
  3.07772152e+02] 5.865788549288848
[-3.02176651e+00  2.29441625e-01 -2.25078331e-02  5.74060562e+00
  3.07161769e+02] 5.745233060285985
[-3.11089968e+00  9.93992286e-02  2.15914200e-01  5.28942093e+00
  3.02793535e+02] 5.294759002476491
[-3.04367703e+00  1.24132788e-01  1.24135621e-01  5.73398617e+00
  3.05270562e+02] 5.736672902721586
[-3.06578918e+00 -1.64137532e-01 -1.97979973e-01  5.42728934e+00
  3.05246067e+02] 5.433378951052952
[-3.05867899e+00  3.80837925e-02  4.29207885e-01  5.96297148e+00
  3.08121343e+02] 5.978519769813143
[-3.08742690e+00  1.05944080e-01 -2.00969044e-01  5.99917410e+00
  3.08411402e+02] 6.003474206868007
[ -3.05040195  -0.40976386  -0.34995722   5.65058138 306.67235871] 5.676217611700182
[-3.03852241e+00 -2.44931062e-01  3.08013506e-01  5.93757952e+00
  3.08708574e+02] 5.9506061981147145
[-3.08244090e+00  7.06234640e-02  1.04987422e-02  5.85615857e+00
  3.08045648e+02] 5.856593814276579
[-3.07467470e+00 -8.92980972e-02  1.88469196e-01  5.58290142e+00
  3.05007941e+02] 5.586795417173259
[-3.05395719e+00 -1.02631044e-01 -1.29065840e-01  5.33461245e+00
  3.05011376e+02] 5.337160402477074
[-2.96907372e+00 -3.87822235e-02 -2.11930264e-02  5.58966607e+00
  3.06238089e+02] 5.589840779118558
[-3.19081264e+00  8.45754554e-02 -3.62383379e-02  5.94197822e+00
  3.04937732e+02] 5.942690580986411
[-3.12637650e+00 -1.56637784e-01 -2.27734786e-02  5.71591245e+00
  3.05497539e+02] 5.718103635423882
[-3.06573316e+00  6.57229253e-02 -9.86048834e-02  5.68586539e+00
  3.04483981e+02] 5.6871001072225145
[-3.07943372e+00  5.97723988e-02 -1.94016246e-01  5.59077937e+00
  3.06173528e+02] 5.594464140679474
[-3.03515161e+00  1.49924051e-01 -2.67919689e-01  5.65504656e+00
  3.06588552e+02] 5.66337441132672
[-3.15298368e+00  1.10751887e-01 -2.24281587e-01  5.62427317e+00
  3.04036669e+02] 5.6298327579438014
[-3.06465765e+00 -8.71400311e-03  7.74587804e-02  5.77336821e+00
  3.05229611e+02] 5.773894373734552
[-2.99500948e+00  1.13625949e-01  2.45558111e-01  5.65903648e+00
  3.05872474e+02] 5.665501171316778
[-3.07433908e+00  1.27835777e-01  9.47200306e-02  5.54204580e+00
  3.05318402e+02] 5.544329131449866
[-3.05556965e+00 -1.50401076e-01  1.45275302e-01  5.43726200e+00
  3.03643898e+02] 5.441281417904593
[-3.02439061e+00  8.33429650e-02 -5.51486124e-02  5.54999164e+00
  3.05204031e+02] 5.550891334237224
[-3.01463734e+00 -1.28792804e-01  6.94787652e-02  5.48621251e+00
  3.06116180e+02] 5.488163866552562
[-3.07301138e+00  1.88514598e-01  6.65356182e-02  5.80388196e+00
  3.06162750e+02] 5.8073238671720295
[-2.95676157e+00  3.31561174e-01  9.50994157e-02  5.96761278e+00
  3.10403252e+02] 5.9775730047424025
[-2.97720854e+00  1.93074723e-02 -1.35468654e-01  6.00211331e+00
  3.10721053e+02] 6.003672940432532
[-3.13024560e+00  2.12480633e-02  3.78388613e-02  5.63187292e+00
  3.05779833e+02] 5.632040118743558
[-3.01730668e+00  1.82546941e-01 -1.74030876e-01  5.79825904e+00
  3.08412027e+02] 5.8037417225732435
[-3.05530929e+00  1.95436851e-01  1.40237181e-01  5.57759754e+00
  3.06829603e+02] 5.582782130011651
[-3.00736339e+00 -2.26597628e-01  2.04401178e-01  5.92299078e+00
  3.08549850e+02] 5.930846992674635
[-3.02321233e+00  7.72914884e-02  4.47555584e-02  5.73564064e+00
  3.06043198e+02] 5.736335994197088
[-3.11740999e+00  1.48014597e-01  9.83243504e-03  5.85958457e+00
  3.09265543e+02] 5.861461958759935
[-3.04359107e+00 -2.82059962e-02  2.37975751e-02  5.70114737e+00
  3.07277347e+02] 5.701266804951639
[-3.10814678e+00 -1.73912490e-01  2.41152763e-01  5.91642150e+00
  3.09967443e+02] 5.92388753883496
[-3.04906086e+00 -8.51098922e-02 -6.10633904e-02  5.82393782e+00
  3.07971333e+02] 5.824879754144816
[-3.07705647e+00  2.46854025e-01 -2.08985994e-01  5.39459524e+00
  3.04495976e+02] 5.40428255092719
[-3.11125739e+00 -2.38405507e-01  1.16239219e-01  5.79181280e+00
  3.03090164e+02] 5.797882736772646
[-3.08928100e+00 -5.64366604e-02  4.78038650e-02  5.72292994e+00
  3.04957545e+02] 5.723407845963913
[-3.04361452e+00 -2.56134283e-01  4.66166666e-02  5.69557470e+00
  3.07966432e+02] 5.701521647055405
[-3.06531007e+00  1.05384874e-01  1.07320792e-01  5.42280831e+00
  3.04050710e+02] 5.424893883458936
[-3.00145755e+00  1.49716242e-02 -5.37239693e-02  6.02239403e+00
  3.09647483e+02] 6.022652262684621
[-3.05636752e+00 -5.85767992e-02 -2.12833328e-01  5.63203367e+00
  3.06287940e+02] 5.636358089876807
[-3.18873454e+00  3.03031383e-01  1.32911915e-01  5.70693393e+00
  3.04703829e+02] 5.716518913624312
[-3.08233854e+00  5.68318200e-02 -3.29165920e-01  5.70545027e+00
  3.05370807e+02] 5.715220276882037
[-3.05318172e+00  8.71595413e-02 -2.38898162e-01  5.64737682e+00
  3.08023222e+02] 5.653099513698994
[-2.91029635e+00  5.36697330e-02 -2.22242787e-01  5.54273687e+00
  3.07246702e+02] 5.547450252298039
[-3.09313814e+00  1.40172597e-01 -2.70454978e-01  5.70718018e+00
  3.04354473e+02] 5.715304002955776
[-3.08695403e+00 -1.18373729e-02  5.83169064e-02  5.89463426e+00
  3.07537919e+02] 5.8949346044921755
[-3.12454851e+00  1.21993360e-02 -1.23218892e-01  5.68633877e+00
  3.06116305e+02] 5.687686730954434
[-3.11723794e+00  1.92942414e-01  7.92053921e-02  5.63616361e+00
  3.06208820e+02] 5.640021325663836
[-3.04799939e+00 -2.13816204e-01 -3.69600429e-01  5.75804446e+00
  3.09284389e+02] 5.773854676300149
[-3.15038549e+00  2.67938580e-01  1.18400167e-01  5.69452298e+00
  3.05024256e+02] 5.702052407171432
[-3.16073798e+00 -4.81194159e-01  1.30802957e-01  5.95974249e+00
  3.06482360e+02] 5.980567509184542
[-3.02504162e+00 -1.93665391e-01 -2.23132525e-01  5.75841281e+00
  3.06450826e+02] 5.765987559634997
[-3.01612578e+00  6.24731418e-02  1.53943293e-01  5.47612574e+00
  3.04316715e+02] 5.4786453161489215
[-3.05894084e+00 -1.50355213e-01  3.28015116e-01  5.73724404e+00
  3.08164451e+02] 5.748579802970593
[-3.05989967e+00 -3.16991453e-01 -1.08761749e-02  5.82398097e+00
  3.07032383e+02] 5.832611438459951
[-3.10772947e+00 -1.00172842e-01  2.71024687e-01  5.94474683e+00
  3.07677740e+02] 5.95176476499744
[-3.07943596e+00 -1.26689539e-01  2.05672862e-02  5.59315087e+00
  3.05030524e+02] 5.594623302717217
[-3.03810596e+00  3.12546532e-02  2.17214806e-01  5.53439733e+00
  3.06886906e+02] 5.538746517043454
[-3.04079242e+00  5.79856354e-02 -6.16369606e-02  5.29080296e+00
  3.03783563e+02] 5.291479701445375
[-3.08302043e+00 -2.46332647e-01 -3.99456623e-02  5.64934474e+00
  3.05907148e+02] 5.654853788621405
[-3.08255521e+00  4.82441752e-02  8.40870895e-02  5.85760255e+00
  3.08024960e+02] 5.858404715878777
[-3.08595398e+00  6.65470256e-02  3.64891201e-02  5.32823170e+00
  3.02767950e+02] 5.328772183817169
[-3.00181561e+00 -3.21542068e-01 -4.83499854e-02  5.60353672e+00
  3.06630213e+02] 5.612962749583738
[-3.05982485e+00 -1.75654673e-01  1.20473594e-01  5.39977273e+00
  3.06081201e+02] 5.403972052772186
[-3.13814561e+00 -6.59967851e-02 -1.72732733e-01  5.64703795e+00
  3.04974852e+02] 5.650064582427762
[-3.14375721e+00 -1.87667716e-01 -2.55366372e-02  5.81505820e+00
  3.05220980e+02] 5.81814173074693
[-3.07107327e+00  3.27614305e-01 -2.52879334e-01  5.43484138e+00
  3.04949409e+02] 5.450576109097805
[-3.10862041e+00 -5.40398678e-01  1.27683781e-01  5.69120390e+00
  3.07579175e+02] 5.718228374443805
[-3.08964203e+00 -1.86033821e-02 -2.59026948e-01  5.72336368e+00
  3.05038510e+02] 5.729252384555603
[-3.11146982e+00 -6.09659563e-02 -1.10013270e-01  5.34441737e+00
  3.03170510e+02] 5.345897193035461
[-3.02849018e+00  1.08924194e-01 -2.43170216e-01  5.64846624e+00
  3.06878038e+02] 5.654747308413555
[-3.07118345e+00 -3.16939116e-02 -2.01868498e-01  5.41078814e+00
  3.02057566e+02] 5.414645299310318
[-2.99176460e+00 -3.82493666e-01 -1.16504577e-01  5.46014517e+00
  3.06079550e+02] 5.474765747560883
[-3.07469146e+00  2.20262415e-01 -3.73366128e-02  5.72586394e+00
  3.04400485e+02] 5.730220537715502
[-2.95869836e+00  2.20213623e-01  4.47465279e-02  5.50653150e+00
  3.07021026e+02] 5.511114721027863
[-3.06841834e+00 -8.17724787e-02  1.91334614e-01  5.62159122e+00
  3.07430222e+02] 5.62544073511881
[-3.09810895e+00 -4.91120130e-02  4.23011357e-02  5.83205497e+00
  3.06684758e+02] 5.8324151530065915
[-3.04839474e+00 -3.20401359e-02 -1.16966423e-01  5.74523081e+00
  3.08782898e+02] 5.746510659925039
[-3.11220547e+00  7.61948383e-02  1.22608006e-01  5.73951354e+00
  3.08224190e+02] 5.741328598321717
[-3.07304067e+00  1.42252281e-01 -1.04542144e-01  5.69968680e+00
  3.07923998e+02] 5.7024200439314745
[-3.10304214e+00 -8.24344724e-02  2.60529357e-01  5.69218500e+00
  3.08475139e+02] 5.698740301274187
[-3.14214628e+00 -1.57916002e-02  8.85872834e-02  5.93658196e+00
  3.07218445e+02] 5.9372638899167365
[-3.04373782e+00  3.14449062e-02  2.51137228e-01  5.83297516e+00
  3.05736154e+02] 5.838463659464714
[-3.07301415e+00  3.01499320e-01 -1.26505259e-01  5.58531505e+00
  3.03645421e+02] 5.594877086343352
[-3.13073092e+00  6.46786030e-02  1.38443040e-01  5.86023884e+00
  3.07553445e+02] 5.86223072737132
[-3.09072535e+00 -2.30698065e-01  2.49828737e-01  5.40242886e+00
  3.04530808e+02] 5.4131205044713555
[-3.07101763e+00  2.48918401e-01  4.06565504e-01  5.68442233e+00
  3.07864382e+02] 5.704376659308185
[-2.99049288e+00  6.87408482e-02  9.91060204e-02  5.58771777e+00
  3.08116907e+02] 5.5890193367334655
[-3.07243334e+00  1.72553105e-01  8.98948802e-02  5.82854999e+00
  3.09868529e+02] 5.831796515058751
[-3.05437668e+00 -2.97831554e-01 -5.22218347e-02  5.55848790e+00
  3.06119219e+02] 5.566706249933345
[-3.10585401e+00  5.62959894e-02 -1.96439826e-01  5.36246664e+00
  3.04839293e+02] 5.36635875867492
[-3.02540499e+00  3.38934004e-02  1.82599632e-02  5.38959883e+00
  3.06761467e+02] 5.389736328519398
[-3.06495082e+00 -1.62394248e-01  4.37638758e-01  5.50996286e+00
  3.05688535e+02] 5.529700737248005
[-3.01298187e+00 -8.06988721e-02  2.77887573e-01  5.52180262e+00
  3.07326833e+02] 5.529379527806475
[-3.03152051e+00 -2.00657003e-01  1.05575211e-01  5.80138188e+00
  3.06811665e+02] 5.805810976424827
[-3.09234284e+00  3.74845850e-01  1.30821391e-01  5.79512608e+00
  3.06909760e+02] 5.808709829390125
[-3.12988929e+00 -3.04372688e-01 -3.33416983e-02  5.34090497e+00
  3.04956778e+02] 5.349674783001902
[-3.06260248e+00 -1.21643251e-01  1.93606864e-01  5.97102364e+00
  3.08710994e+02] 5.975399901476768
[-3.08313897e+00 -2.65086360e-01 -1.44744659e-02  5.82739021e+00
  3.06624866e+02] 5.833434402453113
[-3.08481163e+00 -2.13392889e-01 -1.11534916e-01  5.75081418e+00
  3.07858077e+02] 5.75585270415892
[-3.05892494e+00 -1.40261457e-02  3.08873679e-01  5.34092549e+00
  3.01872125e+02] 5.349867736183767
[-3.09650830e+00  9.94591955e-02  1.13740305e-01  5.39631382e+00
  3.05581684e+02] 5.39842864782129
[-3.12778581e+00  3.08984715e-03 -2.10910486e-01  5.88271793e+00
  3.03975938e+02] 5.886498367193713
[-3.05837779e+00  7.87286321e-02 -1.49533699e-01  5.48754430e+00
  3.05141333e+02] 5.4901458060239365
[-3.07205125e+00  1.39366471e-02  9.66758166e-03  6.12277686e+00
  3.06555937e+02] 6.122800353465619
[-3.06970416e+00  2.07302519e-01 -9.45976476e-02  5.53390844e+00
  3.04739761e+02] 5.538597806617404
[-3.09579162e+00 -4.75180077e-02 -2.50357522e-01  5.64537669e+00
  3.06146211e+02] 5.6511250947296325
[-3.06219179e+00  2.30364645e-01 -1.46816216e-01  5.54904347e+00
  3.06593898e+02] 5.555763341798718
[-2.98652388e+00 -7.52465725e-02  4.07376141e-01  5.40272156e+00
  3.06166133e+02] 5.418580780247758
[-3.03732786e+00 -3.52268077e-01  1.41721876e-01  5.78834013e+00
  3.06189211e+02] 5.800780923714225
[-3.01795864e+00 -2.08463566e-01 -5.13840555e-02  5.54100985e+00
  3.05814477e+02] 5.545167943241076
[-3.03626269e+00 -1.02671193e-01  1.54537997e-01  5.57493829e+00
  3.05749334e+02] 5.578024764203589
[-3.10965902e+00  1.60359730e-01 -1.26911511e-01  5.76811901e+00
  3.07735246e+02] 5.771743124942775
[-3.11971540e+00  8.78712852e-02 -1.19869095e-01  5.60465986e+00
  3.06561285e+02] 5.606630187835212
[-3.04138862e+00  1.56508441e-01 -1.85286485e-01  5.51807328e+00
  3.06472740e+02] 5.523401009790946
[-3.10745712e+00  2.44798790e-02  1.77943581e-01  6.04676131e+00
  3.07711893e+02] 6.049428531294655
[-2.99274595e+00 -1.12824424e-01 -2.97441016e-01  5.44814252e+00
  3.04680645e+02] 5.457422235375781
[-3.01650616e+00  1.80262363e-01  1.29867953e-02  5.91654840e+00
  3.08546886e+02] 5.919308076392629
[-3.13999999e+00  2.54092319e-01 -5.71015193e-01  5.45063814e+00
  3.04703085e+02] 5.486353739420285
[-3.05245569e+00 -1.88083649e-01 -1.05798389e-01  5.49356903e+00
  3.06454698e+02] 5.497805870616242
[-3.08890579e+00 -1.61663196e-01  8.53296228e-02  5.33857441e+00
  3.03903061e+02] 5.341703181172442
[-2.99271044e+00 -3.93329505e-02  1.92255020e-01  5.72175413e+00
  3.08634628e+02] 5.725118290370354
[-3.09183159e+00  9.09896616e-02  2.54456137e-01  5.65093244e+00
  3.05650351e+02] 5.65739025278455
[-3.02963317e+00 -2.41826750e-01  3.25606157e-02  5.80275306e+00
  3.07130710e+02] 5.80788115135433
[-3.12811504e+00 -1.92577539e-01  3.41910652e-02  5.78029989e+00
  3.04385741e+02] 5.783608034691784
[-3.06530498e+00  6.07450220e-02  1.38972546e-01  5.67817824e+00
  3.04682541e+02] 5.6802034645447605
[-3.13941387e+00  2.99018325e-01 -8.78245907e-03  6.02784383e+00
  3.07804038e+02] 6.035262246197956
[-3.11990764e+00  2.26692260e-03  2.38266925e-01  5.60474877e+00
  3.05702052e+02] 5.609811495156375
[-3.18090766e+00  8.36178604e-04 -2.97529168e-01  5.36874276e+00
  3.01559982e+02] 5.376980857946589
[-2.99997668e+00 -2.84358564e-01 -1.66145465e-01  5.57211373e+00
  3.06666350e+02] 5.581838010969221
[-3.09886499e+00 -4.81981473e-02 -1.84560405e-01  5.73493953e+00
  3.06040166e+02] 5.73811092870649
[-3.13047288e+00 -1.55465300e-01  1.82986882e-01  5.85309242e+00
  3.08079599e+02] 5.858015411111974
[-3.03018865e+00  6.44559291e-02 -2.03055749e-02  5.40044499e+00
  3.05218899e+02] 5.400867799195929
[-3.00959536e+00 -2.54805893e-01  8.62905511e-03  5.60347549e+00
  3.05648907e+02] 5.60927250902107
[-2.98035292e+00 -1.60154425e-02  4.91993417e-02  5.77764936e+00
  3.08240409e+02] 5.777881029727803
[-3.06183784e+00 -2.90632284e-01 -5.28043361e-02  5.68474001e+00
  3.07093734e+02] 5.6924093687384145
[-3.09959093e+00  1.60580750e-01  1.14631754e-01  5.48727539e+00
  3.02898120e+02] 5.4908212312130935
[-3.04898780e+00  2.47075147e-01 -1.07829620e-01  5.50383560e+00
  3.04318185e+02] 5.510433708433256
[-3.10147018e+00 -1.08163838e-01 -1.78574032e-02  5.48424421e+00
  3.04491316e+02] 5.485339808804453
[-3.09547214e+00 -8.30003848e-02 -2.06824168e-01  5.82039671e+00
  3.05925985e+02] 5.824661633846572
[-3.04238945e+00  3.57961752e-02 -2.09472732e-01  5.81244917e+00
  3.07507134e+02] 5.816332656995753
[-3.13322475e+00 -8.34208893e-02  4.26268286e-02  5.56648763e+00
  3.04462809e+02] 5.567275874162977
[-3.01082980e+00  8.20243843e-02  4.88489562e-02  5.69641926e+00
  3.07006750e+02] 5.697219200185819
[-3.07667480e+00 -1.56949500e-01  1.78285757e-01  5.65182535e+00
  3.07231091e+02] 5.656814361509213
[-2.95218560e+00 -1.75852516e-01  3.13101655e-01  5.48627608e+00
  3.07357663e+02] 5.498016184477004
[-3.04121517e+00 -8.22016469e-03 -2.51775386e-01  5.72483967e+00
  3.06480746e+02] 5.730379363759659
[-2.99829562e+00  2.19427279e-01  1.27140231e-01  5.90587451e+00
  3.08495254e+02] 5.911316830216721
[-3.16282139e+00 -4.45919574e-02 -2.07420292e-01  5.86397086e+00
  3.08216667e+02] 5.867807589805449
[-2.97727978e+00 -6.39411748e-02  3.00536189e-02  5.42876098e+00
  3.06859978e+02] 5.429220702382788
[-3.06393726e+00 -1.15434473e-01 -3.24382346e-01  5.42754625e+00
  3.03885382e+02] 5.43845633497981
[-2.96453853e+00 -2.03301136e-01 -8.09931906e-02  5.67074958e+00
  3.07552683e+02] 5.674970668203999
[-3.02385939e+00  6.45321923e-02  2.00365513e-02  5.90914676e+00
  3.08152482e+02] 5.909533084994757
[-3.02118026e+00 -3.59045821e-01 -1.55191836e-01  5.51686830e+00
  3.06870876e+02] 5.530717339815294
[-3.06030668e+00  2.09468085e-01 -4.10515867e-02  5.80144998e+00
  3.06116671e+02] 5.8053754392481425
[-3.09733031e+00  2.11234842e-01  1.51189492e-01  5.95230637e+00
  3.07055076e+02] 5.957971932140959
[-3.04435239e+00 -8.79740433e-03 -3.54881388e-01  5.49093813e+00
  3.04133399e+02] 5.50240126666599
[-3.02961797e+00 -2.57287254e-01  1.40464791e-01  5.59707887e+00
  3.06776244e+02] 5.604749677731801
[-3.10782662e+00 -1.99409221e-01  1.76755027e-01  5.35486736e+00
  3.04026027e+02] 5.3614933406965015
[-3.07418271e+00  2.26650562e-01  1.68470787e-01  5.78463024e+00
  3.05563689e+02] 5.791519651855461
[-3.09857292e+00 -5.22800665e-02 -1.26906892e-01  5.97606406e+00
  3.08630959e+02] 5.977640015428091
[-3.02198714e+00  1.38789876e-01  6.06972421e-02  5.47179116e+00
  3.05702452e+02] 5.473887584008595
[-3.14045377e+00 -1.65447746e-02 -9.46175692e-02  6.08542423e+00
  3.08352872e+02] 6.08618223977102
[-3.07372419e+00 -1.89832063e-01 -1.53291917e-01  5.74442894e+00
  3.07876562e+02] 5.749608550448135
[-3.05858436e+00 -5.56405594e-02 -1.08101034e-02  5.67301091e+00
  3.06742667e+02] 5.673294064979394
[-3.11151261e+00 -3.77990806e-01  2.27717760e-01  5.74911531e+00
  3.05821586e+02] 5.7660262991195825
[-3.01291673e+00  1.84508365e-01  1.19984590e-01  5.76044437e+00
  3.07621020e+02] 5.764647340482682
[-3.08439765e+00 -1.36367164e-01 -2.45167294e-02  5.60373473e+00
  3.08551232e+02] 5.605447354833322
[-2.97335010e+00  6.10423723e-02  2.62147754e-01  5.59030603e+00
  3.05563435e+02] 5.596782034695596
[-3.10236921e+00 -6.19201098e-02 -3.01443060e-02  5.38346523e+00
  3.04723627e+02] 5.383905710396714
[-3.02285781e+00 -1.16617775e-01  3.92448466e-02  5.59280112e+00
  3.05360420e+02] 5.594154471390635
[-3.13057730e+00  1.56530272e-01 -2.00421013e-01  5.55515226e+00
  3.05855273e+02] 5.5609699608694525
[-3.06414084e+00  2.38900579e-01  1.60334674e-01  5.89387483e+00
  3.08674324e+02] 5.900893257307424
[-3.05248642e+00  3.65507548e-01  1.64259281e-01  5.44662413e+00
  3.03897782e+02] 5.461345187225324
[-3.08103329e+00  2.67930360e-01  1.47415633e-01  5.50239690e+00
  3.07219566e+02] 5.510888285629347
[-3.05160384e+00 -2.75749860e-02  1.20126409e-02  5.37139395e+00
  3.05700655e+02] 5.371478157525973
[-3.05694406e+00 -6.39708562e-02 -3.44676345e-01  5.84130592e+00
  3.08561739e+02] 5.8518158686146435
[-3.05827284e+00  1.78947890e-01 -8.29363429e-02  5.52180717e+00
  3.05619354e+02] 5.525328514830104
[-3.11099360e+00 -3.08951075e-01 -5.10716516e-03  5.63873398e+00
  3.04761146e+02] 5.64719379376488
[-3.08653099e+00  2.57820872e-02  1.66843379e-01  5.88576689e+00
  3.06831949e+02] 5.888187608735533
[-3.04517197e+00 -3.96168278e-01  2.32089412e-01  5.42464409e+00
  3.06058438e+02] 5.444040624600026
[-3.12145734e+00 -1.89730667e-01  2.40726042e-01  5.70243230e+00
  3.06439117e+02] 5.710663782901645
[-2.97693822e+00  8.08245216e-02 -1.22493162e-01  5.38644138e+00
  3.03406910e+02] 5.388440208296115
[-2.99780985e+00 -2.74563737e-01  2.23509411e-02  5.57200985e+00
  3.05399624e+02] 5.57881516330459
[-3.04382192e+00 -2.22735322e-01 -1.37244177e-01  5.52339792e+00
  3.05093189e+02] 5.52959053980179
[-3.07058898e+00 -3.06400213e-01 -2.77096414e-01  5.71746044e+00
  3.06991820e+02] 5.732365772084333
[-2.96590259e+00  2.74253944e-01 -1.70206495e-01  5.45947927e+00
  3.06232370e+02] 5.4690126471078955
[-3.08380741e+00  6.34957575e-02  2.18350132e-01  5.66360872e+00
  3.05592564e+02] 5.668171860366693
[-3.12868732e+00  1.53100026e-01 -8.42513523e-02  5.67913014e+00
  3.06164317e+02] 5.681818111262374
[-3.08335877e+00 -1.33277687e-01 -1.20054676e-02  5.76592240e+00
  3.07364433e+02] 5.767475029310064
[-3.07277971e+00  2.19734569e-01  1.05165550e-01  5.47483470e+00
  3.05045555e+02] 5.480251642061624
[-3.08249638e+00  1.93471087e-01  8.48918426e-02  5.67817273e+00
  3.06467398e+02] 5.68210200902117
[-3.06566676e+00 -4.22973047e-01  1.51875670e-01  5.84091670e+00
  3.09629000e+02] 5.858180629225439
[-3.01463586e+00 -3.27398036e-02  7.61286341e-03  5.55751800e+00
  3.06207955e+02] 5.557619646321551
[-3.10327658e+00  1.00950081e-03  5.04500289e-02  5.59145380e+00
  3.05408942e+02] 5.591681484263205
[-3.05748579e+00  2.75384012e-01 -1.35186568e-03  5.64817053e+00
  3.06340746e+02] 5.65488006136138
[-3.05258878e+00  3.68774690e-01 -1.10892941e-01  5.80215712e+00
  3.07063528e+02] 5.814922123569778
[-3.02477837e+00  2.44733282e-01 -2.14833606e-01  5.88316145e+00
  3.08453384e+02] 5.892167385213377
[-3.00818071e+00  8.92219700e-02 -2.13173444e-01  5.44135615e+00
  3.04847788e+02] 5.446261128411362
[-3.06703106e+00  6.13899638e-02  2.29511209e-01  5.66858008e+00
  3.06785842e+02] 5.67355657372873
[-3.10150509e+00  2.43257412e-02 -1.80794782e-01  5.36554634e+00
  3.04166148e+02] 5.368646576015359
[-3.05533588e+00 -1.56808057e-01 -2.69602722e-01  5.74980357e+00
  3.04042899e+02] 5.758256289869579
[-3.12591464e+00 -8.45199377e-02  2.79658944e-01  5.84913662e+00
  3.05991676e+02] 5.8564282602851865
[-3.08917887e+00  3.28710697e-01  1.88680745e-01  5.85004036e+00
  3.09241968e+02] 5.86230529019423
[-2.98784604e+00 -3.14888070e-01  6.58171824e-02  5.43184316e+00
  3.05888891e+02] 5.441360725969865
[-3.11285509e+00  8.35868922e-02  1.43613539e-01  5.67630035e+00
  3.04893987e+02] 5.678732015474691
[-3.04036785e+00  1.53865038e-02 -1.41639562e-01  5.50439803e+00
  3.04885536e+02] 5.50624156926909
[-3.03600679e+00 -2.11447984e-01 -2.02560088e-01  5.56587142e+00
  3.06887200e+02] 5.573568470912624
[-3.09029316e+00 -2.77448783e-01 -1.05429384e-01  5.94064563e+00
  3.09093427e+02] 5.948055449744248
[-3.14630459e+00  1.06001780e-01 -1.31242939e-01  5.82033628e+00
  3.07790430e+02] 5.822780730984716
[-3.03845639e+00  2.87588724e-01  1.52184556e-01  5.74318101e+00
  3.08035971e+02] 5.752390419824271
[-3.21211879e+00 -4.41244023e-02 -1.24219628e-01  5.86145762e+00
  3.07058950e+02] 5.8629397842665805
[-2.97992612e+00 -6.18789261e-02 -3.18327079e-01  5.39696585e+00
  3.03337223e+02] 5.406699691237177
[-3.10837864e+00 -1.89470215e-01  9.03451807e-02  5.78296904e+00
  3.06937225e+02] 5.786777351731988
[-3.05714964e+00  1.48386513e-01 -4.86753170e-02  5.46668867e+00
  3.05155989e+02] 5.468918802561616
[-3.06380148e+00  1.68177964e-01 -3.11119688e-01  5.53590209e+00
  3.05518350e+02] 5.547187691889107
[-3.07225456e+00 -1.50556807e-01  2.64197688e-01  5.64581813e+00
  3.05127571e+02] 5.654001253349619
[-3.07521236e+00  8.06579033e-02  6.77715473e-03  5.84202658e+00
  3.08052816e+02] 5.842587290491289
[-3.02357497e+00 -1.49748980e-01  7.63815902e-02  5.42742857e+00
  3.05103479e+02] 5.430031288446298
[-3.08021831e+00 -1.84394277e-02 -6.94299521e-02  5.82020901e+00
  3.05547233e+02] 5.820652322535306
[-3.09768854e+00  1.31081105e-01 -1.97831750e-01  5.49149693e+00
  3.01938906e+02] 5.496622433488672
[-3.16732150e+00 -3.00759328e-01  5.72645593e-02  6.04011618e+00
  3.09783949e+02] 6.047870607313034
[ -3.04337351  -0.33496468   0.32858016   5.53770977 306.36123232] 5.557553034453894
[-3.09875692e+00 -2.83845074e-01 -2.42557304e-01  5.68800467e+00
  3.06673959e+02] 5.7002455349223755
[-3.10762651e+00  5.62564353e-01 -1.29728714e-01  5.78120084e+00
  3.03924758e+02] 5.809956227580039
[-3.13417167e+00 -4.04620412e-01 -1.00443336e-01  5.83065834e+00
  3.05895990e+02] 5.845543880342341
[-3.13161124e+00  2.75903886e-01  3.65518663e-01  5.67429474e+00
  3.05902101e+02] 5.692745176334508
[-3.12752820e+00  5.76804151e-02  1.16168300e-01  5.50703506e+00
  3.06183000e+02] 5.508562179071161
[-3.08178081e+00 -2.22588488e-01 -1.22011335e-01  6.23403790e+00
  3.09361803e+02] 6.239203546080792
[-3.16346569e+00 -1.22705872e-02 -7.17543690e-02  5.98724876e+00
  3.05700171e+02] 5.9876912846488555
[-3.04739269e+00  9.93118077e-03 -7.57497653e-02  5.76345871e+00
  3.06017925e+02] 5.763965039327834
[-3.08657146e+00 -3.95885257e-02 -7.39684355e-02  5.74890195e+00
  3.08007969e+02] 5.749514080250952
[-3.06581883e+00  1.33437265e-03 -1.29869761e-03  5.43420564e+00
  3.04488490e+02] 5.434205958864049
[-3.05445615e+00 -2.71636205e-01  5.67460559e-02  5.87227471e+00
  3.10138333e+02] 5.8788278234390425
[-3.08896697e+00  1.11789387e-01 -2.95280666e-01  5.67312671e+00
  3.06500408e+02] 5.681905864306196
[-3.00250386e+00  2.49928127e-01  3.61344019e-02  5.75119325e+00
  3.07500482e+02] 5.756734623952526
[-3.04431814e+00 -1.07790374e-01 -7.55598689e-02  5.42760195e+00
  3.05780460e+02] 5.429198009588347
[-3.08015906e+00 -1.23786516e-02 -1.83714682e-01  5.78184954e+00
  3.07194697e+02] 5.784780758696663
[-3.03663648e+00  1.59152186e-01  3.76536896e-01  5.84134796e+00
  3.08282392e+02] 5.85563450565902
[-3.06449226e+00 -4.39698845e-03  1.05976537e-02  5.73652491e+00
  3.06833369e+02] 5.736536385341231
[-3.05450106e+00  3.69322250e-02 -2.58086008e-01  5.41631829e+00
  3.01093920e+02] 5.422589437007326
[-2.94499638e+00 -1.25588885e-01 -5.39927709e-02  5.69477471e+00
  3.07581226e+02] 5.696415257090166
[-3.20895399e+00 -2.89204007e-01  4.31653478e-02  6.03432528e+00
  3.06143000e+02] 6.04140578348422
[-3.05342108e+00  3.21114858e-01 -2.85514387e-01  5.60528422e+00
  3.04614095e+02] 5.62172966079498
[-3.00658285e+00  8.10700113e-02 -6.25211217e-02  5.75782353e+00
  3.07374760e+02] 5.758733629929115
[-3.04560720e+00  6.18218091e-02  2.06992796e-01  5.69629174e+00
  3.08819422e+02] 5.700386618258025
[-3.14961371e+00 -2.34406462e-01 -2.25085110e-02  5.64593377e+00
  3.05776574e+02] 5.650842513130017
[-3.12223502e+00  5.48672630e-03  6.84309008e-02  5.25249833e+00
  3.02665379e+02] 5.252946945768612
[-3.06676487e+00  3.56019001e-02 -6.15217512e-02  5.70374239e+00
  3.04551640e+02] 5.704185281049488
[-3.13418345e+00 -2.30315811e-01  1.48494110e-01  5.45914702e+00
  3.04312110e+02] 5.466020678540208
[-3.11435711e+00 -1.62802677e-01  3.62403048e-01  5.53922469e+00
  3.05332790e+02] 5.5534539587038045
[-3.02164675e+00 -2.34017883e-01 -3.02161176e-01  5.41876929e+00
  3.06289271e+02] 5.432230330354922
[-3.08664371e+00 -1.93482305e-01 -4.96473933e-02  5.45309237e+00
  3.06393642e+02] 5.456749641211593
[-3.07590787e+00 -8.95333993e-02 -3.78267676e-02  5.49640029e+00
  3.06589624e+02] 5.497259615802909
[-3.11262324e+00 -7.37105410e-02 -3.81579602e-02  5.52317712e+00
  3.04620484e+02] 5.523800751849778
[-2.99046489e+00  1.46921784e-02 -8.36616851e-02  5.65421580e+00
  3.07384642e+02] 5.654853799516945
[-3.01901583e+00 -1.45251965e-01 -7.60663140e-02  5.38370864e+00
  3.06023037e+02] 5.386204871141313
[-3.16051829e+00 -3.15860117e-01 -3.90174339e-02  5.93270808e+00
  3.07069268e+02] 5.941238521990909
[-3.05251587e+00 -1.20029243e-01 -1.24857715e-01  5.27046546e+00
  3.03834619e+02] 5.273310402289153
[-2.99404994e+00  3.55020533e-02 -1.66015603e-01  5.54604147e+00
  3.04833682e+02] 5.548639250086983
[-3.04033293e+00 -1.85034428e-01  1.36844835e-01  5.50083278e+00
  3.05526699e+02] 5.505644881037563
[-3.09614829e+00  6.22156861e-02 -1.11209719e-01  5.72853891e+00
  3.05393182e+02] 5.7299560617646295
[-3.02620363e+00  1.76907670e-01 -2.89962187e-01  5.50084688e+00
  3.04952761e+02] 5.511323869989277
[-3.12186025e+00 -3.22075905e-02 -5.62598034e-02  5.93294379e+00
  3.07699071e+02] 5.933297944153272
[-3.02810775e+00 -2.81647688e-01  7.84187761e-02  5.60633583e+00
  3.06612895e+02] 5.613953716132823
[-3.06223044e+00 -7.57077454e-03 -1.78741984e-01  5.66102545e+00
  3.05632245e+02] 5.663851618346702
[-3.11410408e+00  5.36906007e-02 -2.10698446e-03  5.80811219e+00
  3.07064755e+02] 5.8083607253318466
[-3.17054189e+00  1.27115304e-01  3.15045528e-01  5.75688807e+00
  3.05108515e+02] 5.766903178955554
[-3.10395503e+00  1.56412411e-01 -1.86454281e-01  5.24567553e+00
  3.05947925e+02] 5.251318105226915
[-3.01446101e+00 -5.16667098e-03  1.16371462e-01  5.68973682e+00
  3.07914010e+02] 5.690929106247943
[-3.05374795e+00  8.77847121e-02 -2.00775594e-01  5.58767560e+00
  3.04481093e+02] 5.591970640977973
[-3.07812568e+00 -1.03358460e-01 -5.26154116e-02  5.57098349e+00
  3.07720236e+02] 5.572190631903262
[-3.02631084e+00  2.94588989e-01 -1.70914284e-01  5.53798567e+00
  3.05735083e+02] 5.548448402311742
[-3.00422477e+00 -9.02961036e-02 -3.87172643e-02  5.44685313e+00
  3.04984805e+02] 5.44773911363326
[-3.07011196e+00 -3.04484605e-02  7.88176207e-02  5.31823151e+00
  3.04979169e+02] 5.318902683716636
[-3.03112996e+00 -1.98330483e-02 -8.53576768e-02  5.62988220e+00
  3.06746532e+02] 5.630564172205422
[-2.99608052e+00 -3.09416807e-01 -7.49137476e-02  5.50601895e+00
  3.07298275e+02] 5.51521491139676
[-3.08468975e+00  2.67709674e-01 -3.76717286e-01  5.83987463e+00
  3.09298586e+02] 5.858132814775187
[-3.05101102e+00  2.51887670e-01 -2.47834465e-01  5.74453505e+00
  3.07379614e+02] 5.755393316570245
[-3.18503482e+00 -2.88126563e-02  3.06045976e-02  5.49111289e+00
  3.02770538e+02] 5.491273770834497
[-3.06275353e+00 -9.56773182e-02  2.81175598e-01  5.62933434e+00
  3.06954862e+02] 5.6371640894810335
[-3.07217049e+00 -7.15754921e-02 -1.64350591e-01  5.85884566e+00
  3.06880601e+02] 5.861587384468506
[-2.99452922e+00 -3.58881216e-02  1.64249215e-01  5.55419365e+00
  3.04618100e+02] 5.556737613790437
[-3.02075581e+00 -3.68378278e-01 -1.20906087e-01  5.40259403e+00
  3.05927619e+02] 5.416488072767427
[-3.02452345e+00  6.79604407e-02  1.35553728e-01  5.55097269e+00
  3.06209834e+02] 5.553043416781455
[-3.08472601e+00  7.69574471e-02 -4.57147932e-02  5.85841397e+00
  3.07166378e+02] 5.859097753174081
[-3.02457237e+00  1.67438140e-01  1.93963798e-02  5.75579086e+00
  3.07929976e+02] 5.758258431287142
[ -3.00038668   0.34614069   0.30672711   5.50099879 305.79593534] 5.520406017396094
[-3.05174859e+00  1.80985155e-02  1.87267952e-01  5.51848148e+00
  3.05083012e+02] 5.521687667437027
[-2.97022071e+00 -1.68981829e-01  1.15021985e-01  5.79688168e+00
  3.07032284e+02] 5.800484647610817
[-3.04790926e+00 -1.30094874e-01  3.27601403e-02  5.37950312e+00
  3.05847291e+02] 5.3811756787978995
[-3.11005752e+00  7.93996459e-03  2.91865861e-01  5.62406192e+00
  3.05058440e+02] 5.631635750787835
[-3.05072117e+00  8.17740303e-02  2.67319894e-01  5.81149231e+00
  3.05944308e+02] 5.818211902640254
[-3.03146109e+00  8.20462094e-02 -7.76939386e-02  5.45844123e+00
  3.05537750e+02] 5.459610663129985
[-3.09845883e+00  3.78444698e-02  1.15164978e-01  5.31274537e+00
  3.02722124e+02] 5.314128197683382
[-3.06271892e+00 -1.52430120e-01  1.65640394e-01  5.77196399e+00
  3.05473169e+02] 5.776351784889908
[-3.05914348e+00 -3.50764990e-02  1.13406158e-01  6.08115334e+00
  3.08379602e+02] 6.082311835688877
[-2.99950055e+00  7.95337863e-02 -3.77333458e-02  5.64036274e+00
  3.06998139e+02] 5.6410496649328135
[-3.09170160e+00 -1.99025243e-01  7.41927322e-02  5.86435140e+00
  3.06378026e+02] 5.868196735163759
[-3.03176452e+00  3.61387337e-01  1.37151295e-01  5.48712788e+00
  3.05106398e+02] 5.5007257365376
[-3.15455951e+00 -9.09995318e-02  4.47098313e-03  5.37379049e+00
  3.05060687e+02] 5.374562788548088
[-3.11219467e+00 -2.37578701e-02 -2.17922447e-02  5.95361155e+00
  3.06007587e+02] 5.953698835238281
[-3.08284950e+00  2.00441996e-01  1.56842267e-01  5.89184565e+00
  3.05582485e+02] 5.8973402198300064
[-3.12891150e+00 -1.07970378e-01  4.13218697e-02  5.79547299e+00
  3.05847904e+02] 5.7966259374201625
[-3.04396022e+00  8.15656616e-02 -1.22187774e-01  5.70568395e+00
  3.06691114e+02] 5.7075749815071335
[-3.05682774e+00 -1.43845029e-01 -8.99537552e-02  5.88101854e+00
  3.06604573e+02] 5.883465149664044
[-3.07615529e+00  7.52583689e-02 -4.86726660e-02  5.61090457e+00
  3.06375340e+02] 5.611620348823306
[-3.15593000e+00  6.39362451e-02  3.33085335e-02  5.83031883e+00
  3.09641068e+02] 5.830764522135093
[-3.04701030e+00  3.97250126e-01 -1.25417631e-01  5.87656440e+00
  3.07257840e+02] 5.891311089405345
[-3.01820368e+00 -2.44997205e-01  5.40098879e-02  5.74737062e+00
  3.06874643e+02] 5.752843618915936
[-3.16900967e+00  6.36664803e-02  2.03796111e-01  5.92611906e+00
  3.05520071e+02] 5.9299640315606075
[-3.05472464e+00  1.12209462e-01  1.73950095e-01  5.53287508e+00
  3.03936378e+02] 5.536745999194466
[-3.10047942e+00 -1.00275633e-01 -2.47610700e-01  5.68679289e+00
  3.05718964e+02] 5.693064171150039
[-3.11769925e+00  3.45765497e-01 -2.19103370e-01  5.59523998e+00
  3.07839506e+02] 5.610193447771478
[-3.12404171e+00  2.13973476e-01 -9.91930493e-02  5.71150862e+00
  3.05174452e+02] 5.716376000637772
[-3.01222901e+00 -4.61211199e-02  3.01964429e-01  5.61147292e+00
  3.07194578e+02] 5.619780959623363
[-3.12125690e+00  6.51511709e-02  4.25540557e-02  5.39879325e+00
  3.04041528e+02] 5.399354040405579
[-3.12055433e+00 -2.36496109e-01 -1.78985535e-01  5.57472768e+00
  3.03445876e+02] 5.582611840530714
[-3.05455055e+00  9.65606254e-02 -1.02505249e-01  5.70876156e+00
  3.05029107e+02] 5.710498215620179
[-3.13146010e+00 -6.47483516e-02 -6.79918129e-02  5.97983929e+00
  3.07764524e+02] 5.980576320851919
[-3.04451346e+00  4.85897661e-02 -1.38161889e-01  5.57502466e+00
  3.04480776e+02] 5.57694806144811
[-2.97371328e+00  7.61635104e-02  1.94184294e-01  5.63180378e+00
  3.05819004e+02] 5.635665196984984
[-2.99131892e+00  2.72950583e-01  1.13956186e-01  5.69421610e+00
  3.06223608e+02] 5.7018931095173855
[-3.07886807e+00  6.47662967e-02 -1.46329605e-01  5.65516761e+00
  3.04730998e+02] 5.65743119913478
[-3.03171607e+00 -2.76766136e-01  5.25977775e-02  5.93197559e+00
  3.09606342e+02] 5.938661498015704
[-3.04275065e+00  2.67009433e-02 -9.55462134e-02  5.40091934e+00
  3.03991354e+02] 5.40183040184303
[-3.14530532e+00  1.02687883e-01 -3.81449045e-02  5.49783811e+00
  3.04576402e+02] 5.498929329172994
[-3.04121623e+00  6.71612232e-02 -5.60864327e-02  5.26044055e+00
  3.03792500e+02] 5.26116822605648
[-3.02904884e+00  1.86509021e-02  3.24597046e-02  5.45358830e+00
  3.03222478e+02] 5.453716795616041
[-3.15752235e+00 -1.66366980e-01 -4.52124773e-02  5.70304280e+00
  3.06366186e+02] 5.705648017158172
[-3.07586343e+00 -2.05037457e-01  1.79643426e-01  5.63634388e+00
  3.05285177e+02] 5.642932260235191
[-3.12476493e+00 -2.69518575e-02  4.20459836e-01  5.82248990e+00
  3.06919628e+02] 5.837713724189117
[-3.01994701e+00 -2.91544864e-02  8.38060593e-02  5.71463320e+00
  3.06091787e+02] 5.715322046857038
[-2.98768860e+00  2.22714108e-01 -5.78614487e-02  5.79823977e+00
  3.07298731e+02] 5.802803969814812
[-3.02526028e+00 -2.30520701e-01  6.16812594e-02  5.59521209e+00
  3.06445275e+02] 5.600298449938254
[-3.05746053e+00 -1.59956647e-01 -1.03853644e-01  5.78978209e+00
  3.09701542e+02] 5.792922262841373
[-3.07272871e+00  6.96354586e-02  2.02385457e-01  5.58582933e+00
  3.05684223e+02] 5.589928289137457
[-3.04296840e+00 -1.54041584e-01  6.68716986e-02  5.68844055e+00
  3.07173011e+02] 5.690918779946444
[-3.07397271e+00 -2.41596016e-01 -1.30152004e-01  5.64046406e+00
  3.05267604e+02] 5.647135819001251
[-3.00939863e+00 -1.51219120e-01  1.12243246e-01  5.60325765e+00
  3.06436784e+02] 5.606421498161296
[-3.13459900e+00  2.51856081e-01 -1.83785844e-02  5.77389422e+00
  3.06844165e+02] 5.779413787666457
[-3.09423683e+00 -4.21224397e-02 -3.43232794e-02  5.94269456e+00
  3.04973635e+02] 5.942942957513074
[-3.09590724e+00  1.67266334e-01  2.18275205e-01  5.82524369e+00
  3.06304920e+02] 5.831730972360691
[-3.13928356e+00 -1.75942714e-01 -3.23435186e-02  5.55085089e+00
  3.04554452e+02] 5.553732757837532
[-3.12324559e+00  4.77156621e-03 -2.32912583e-01  5.50818552e+00
  3.02652427e+02] 5.513109720477555
[-3.09266706e+00  1.80447455e-01  7.89075708e-02  5.81074060e+00
  3.06526778e+02] 5.814077228692788
[-3.06868081e+00 -1.81504225e-01 -1.32846930e-01  5.32684205e+00
  3.03755956e+02] 5.331588725039604
[-2.96449572e+00 -3.26954151e-01 -1.43288808e-01  5.66323639e+00
  3.09400112e+02] 5.674475935421434
[-3.12390873e+00  1.37634076e-01 -2.43962851e-01  5.59445762e+00
  3.03847840e+02] 5.601465615877834
[-3.11316613e+00  9.13474878e-02 -3.61933420e-02  5.57048365e+00
  3.04597196e+02] 5.571350147950629
[-3.09974105e+00 -1.21125982e-01 -1.38075343e-01  5.78578701e+00
  3.05766464e+02] 5.788701724964743
[-3.00063284e+00  2.41739950e-01 -1.69248916e-01  5.44726139e+00
  3.05561634e+02] 5.455248855391663
[-3.06788758e+00  2.08150868e-01 -9.28439806e-02  5.50242870e+00
  3.04765237e+02] 5.5071470261505375
[-3.11824980e+00  1.17469935e-01 -1.86821788e-02  5.58039719e+00
  3.04606487e+02] 5.5816647142915805
[-3.02941715e+00  2.45110975e-01 -1.71682591e-01  5.48781128e+00
  3.05939416e+02] 5.495964608466431
[-3.03573813e+00  1.30115098e-01 -5.27654537e-02  5.80641741e+00
  3.07220851e+02] 5.808114778043003
[-3.05296885e+00 -2.48169247e-01  2.63303015e-02  5.64403118e+00
  3.06247820e+02] 5.649545933191854
[-3.09627562e+00 -2.56411224e-01  1.91417094e-02  5.57922185e+00
  3.03184378e+02] 5.585143649092136
[-3.07383043e+00  1.06566595e-01  2.50628244e-01  5.56554379e+00
  3.07041584e+02] 5.572203213642261
[-3.05620962e+00  8.32289870e-02 -2.77923663e-01  5.76498203e+00
  3.06264460e+02] 5.772277404662432
[-3.14486961e+00 -2.24566389e-02  1.70256120e-01  5.94233314e+00
  3.08360782e+02] 5.944814095383845
[-3.09010527e+00  5.34340738e-02  6.31268431e-03  5.62826762e+00
  3.06008327e+02] 5.628524802103243
[-3.04019545e+00 -3.13503300e-01 -1.51710446e-01  5.66815485e+00
  3.07992621e+02] 5.678844935459597
[-3.02116555e+00 -3.10395443e-02 -2.89258966e-01  5.23102110e+00
  3.05309333e+02] 5.2391044998366985
[-3.02731617e+00 -1.28321582e-02 -2.46009159e-03  5.86843269e+00
  3.07911911e+02] 5.868447232061038
[-3.02612110e+00 -1.26732057e-01  8.40046174e-03  5.40076546e+00
  3.04069294e+02] 5.4022587078661335
[-3.07407279e+00  3.05450547e-01  8.99666308e-03  5.49423700e+00
  3.04688087e+02] 5.502728526845293
[-3.02328874e+00 -1.83107761e-01 -2.24119468e-01  5.59394453e+00
  3.05840290e+02] 5.601426013366859
[-3.09401263e+00 -7.85574043e-02  5.99878009e-02  5.80014854e+00
  3.05579525e+02] 5.800990681752723
[-3.10852962e+00 -2.69223115e-01  6.38101784e-02  5.74656219e+00
  3.05608934e+02] 5.753219086846384
[-3.02916943e+00  7.87771119e-03 -5.24711538e-02  5.45552673e+00
  3.04440735e+02] 5.455784739986712
[-3.01858876e+00 -2.56637716e-01 -1.78925489e-01  5.65024000e+00
  3.08028128e+02] 5.65889470948784
[-3.00277680e+00 -1.40859099e-01 -1.31256970e-02  5.94977059e+00
  3.08950302e+02] 5.951452227519336
[-3.06626194e+00 -1.90065085e-01  1.06389375e-01  5.43731983e+00
  3.04792794e+02] 5.441680843555728
[-3.03446370e+00  6.32253684e-02  4.61698252e-02  5.47534517e+00
  3.05670739e+02] 5.4759048459276185
[-2.98581815e+00  9.71415849e-02  2.47678070e-01  5.60338021e+00
  3.05668925e+02] 5.60969256457637
[-3.03469690e+00  1.73593530e-02  2.58576692e-01  5.64992961e+00
  3.06454677e+02] 5.655870209339389
[-3.05981299e+00  7.25910888e-02  1.50393083e-01  5.72586082e+00
  3.05743815e+02] 5.7282955296131135
[-3.00138762e+00 -1.25275514e-01 -1.42484663e-01  5.46534687e+00
  3.06148752e+02] 5.4686389794995165
[-3.18279083e+00  4.41557036e-01 -1.93692952e-01  5.47304093e+00
  3.06292541e+02] 5.494239398988138
[-3.00065289e+00 -2.71809372e-01 -4.34421453e-01  5.73576489e+00
  3.08420911e+02] 5.75861104762226
[-3.11763782e+00  1.64862327e-03  1.56107770e-01  5.60712899e+00
  3.04556165e+02] 5.60930190227733
[-3.03080458e+00  7.03904340e-02  2.20528169e-01  5.62009222e+00
  3.06642900e+02] 5.624857690790898
[-3.03853985e+00 -1.71033283e-01 -9.22862579e-02  5.85024437e+00
  3.07259100e+02] 5.853471471868327
[-3.04837237e+00 -9.12836894e-02  1.59332952e-01  5.81077289e+00
  3.06344875e+02] 5.813673642609216
[-2.97660594e+00 -1.18168317e-01 -2.66747530e-01  5.51200457e+00
  3.06320940e+02] 5.519720315065238
