/mnt/stage/douwei/Simulation/5kt_root/2MeV/5kt_-5.80_3.root
[-3.03137250e+00  7.36719647e-02 -3.50755121e-02 -5.73610383e+00
  3.06326083e+02] 5.736684149360136
[-3.08041446e+00 -2.02822914e-01  1.04458977e-01 -5.53302364e+00
  3.01953322e+02] 5.53772510978077
[-2.99571398e+00 -4.91830604e-02 -4.38955762e-03 -5.96269483e+00
  3.09927677e+02] 5.962899281319624
[-3.12216129e+00  1.87765568e-01 -3.38151640e-02 -5.90004608e+00
  3.06523751e+02] 5.903129941369006
[-3.04810051e+00  2.66781840e-01 -4.16702669e-01 -5.98509771e+00
  3.09408767e+02] 6.005514821439198
[-3.06971813e+00  3.20709307e-01 -4.54924878e-02 -5.74403554e+00
  3.06183212e+02] 5.753161591032759
[-3.04380435e+00  1.28077410e-01  1.26592759e-01 -5.86943593e+00
  3.08129135e+02] 5.872197860821346
[-3.09488272e+00 -2.09697935e-01  1.32793855e-01 -5.87944334e+00
  3.06371487e+02] 5.884680233645102
[-3.07928424e+00  6.52734230e-02 -2.90006469e-01 -5.86704880e+00
  3.07703262e+02] 5.8745745326788805
[-3.07119136e+00 -1.17439328e-01  7.90086882e-02 -5.52538683e+00
  3.05785311e+02] 5.527199467604476
[-3.04351431e+00  7.79468041e-02 -6.39597971e-02 -5.89990454e+00
  3.08071762e+02] 5.900766067564057
[-2.97249014e+00  2.06913876e-01  3.69861571e-01 -5.72798287e+00
  3.08798781e+02] 5.743639846721018
[-3.12899762e+00 -2.27335756e-01 -1.13186828e-01 -6.14288780e+00
  3.08959961e+02] 6.148134948446705
[-3.07009592e+00  1.30139770e-01 -7.07128299e-02 -6.02581331e+00
  3.09295363e+02] 6.027633257447014
[-3.12602290e+00  1.65872123e-01  3.61950567e-02 -5.67234192e+00
  3.06635195e+02] 5.674882069530745
[-3.07494880e+00  1.79486699e-02  7.84362726e-02 -5.97254808e+00
  3.08021558e+02] 5.973090064880491
[-3.10232959e+00 -1.13720033e-02  2.42588379e-01 -5.89524369e+00
  3.10032106e+02] 5.9002437720856955
[-3.15946894e+00 -1.38674151e-01  5.00970886e-01 -5.86473051e+00
  3.05326262e+02] 5.887721654457281
[-3.04288061e+00  1.66375008e-01  2.78475950e-01 -6.04219557e+00
  3.09485113e+02] 6.050897189085717
[-3.17268038e+00 -1.46422211e-01 -4.13671267e-02 -5.79999948e+00
  3.04717981e+02] 5.801994885466327
[-3.16040253e+00  2.41482588e-01  3.14514796e-01 -6.03379690e+00
  3.08752123e+02] 6.046812256920795
[-3.05270005e+00 -6.51041014e-02 -3.42372141e-01 -5.59891351e+00
  3.05137410e+02] 5.609749521517484
[-3.20293340e+00  2.39185318e-01 -7.13519294e-02 -5.90308632e+00
  3.07049280e+02] 5.908360920061165
[-3.05654535e+00 -2.35295885e-01  2.10885678e-01 -5.93654664e+00
  3.06620735e+02] 5.944949363139222
[-3.03317870e+00 -2.07208694e-01 -9.47625559e-02 -5.86056716e+00
  3.08163889e+02] 5.864994703556043
[-3.09457849e+00  1.50582848e-01  5.50323877e-02 -6.24127381e+00
  3.09759458e+02] 6.243332647645557
[-3.08469781e+00 -3.54069600e-01 -6.04094319e-02 -5.70742442e+00
  3.07713769e+02] 5.718715597521846
[-3.12530836e+00  2.25344049e-01  7.55226652e-02 -6.05170129e+00
  3.07360592e+02] 6.056366244698723
[-3.07094062e+00 -1.15591255e-01  2.76174118e-02 -6.07228682e+00
  3.07516759e+02] 6.073449702229917
[-3.09304243e+00  1.84693968e-01  2.68277300e-01 -5.66855428e+00
  3.06346837e+02] 5.677903855534999
[-3.06140247e+00 -1.18745022e-01  3.12336667e-02 -5.92219144e+00
  3.05983520e+02] 5.923464136686668
[-3.03577419e+00 -2.20074483e-01  2.36625751e-01 -5.73274361e+00
  3.07411906e+02] 5.741844110558898
[-3.09113198e+00 -2.93314597e-01  4.38529118e-02 -6.11954700e+00
  3.10518213e+02] 6.12672931025589
[-3.03832090e+00 -2.14449755e-01  8.73539965e-02 -5.74555396e+00
  3.07191919e+02] 5.750218230056037
[-3.12314363e+00  1.97656359e-01  3.30238607e-02 -6.05357106e+00
  3.09872242e+02] 6.0568870882914085
[-3.09333733e+00  1.64773104e-01  3.14144418e-01 -5.95197066e+00
  3.08492766e+02] 5.962532313222225
[-2.97407865e+00  1.72247855e-01 -1.17473282e-01 -5.73444958e+00
  3.07214412e+02] 5.73823852193386
[-3.09426887e+00 -1.47646754e-02 -2.83788169e-01 -5.86800553e+00
  3.07417463e+02] 5.87488234902443
[-3.02619420e+00 -2.63101300e-01 -3.70033818e-02 -5.90881874e+00
  3.05204823e+02] 5.914789134027515
[-3.04568384e+00  7.63951287e-02 -2.56888859e-02 -5.80292195e+00
  3.07251149e+02] 5.803481649203402
[-2.99914273e+00 -2.69650083e-01  7.37949102e-02 -5.52647633e+00
  3.05652026e+02] 5.533542945922467
[-3.12759534e+00  2.04674216e-01  9.19187764e-02 -5.84332694e+00
  3.08405339e+02] 5.847632878273183
[-3.00306442e+00 -1.33504220e-01  7.91370432e-02 -5.92292328e+00
  3.07676375e+02] 5.924956226377789
[-3.01148361e+00 -9.39003375e-02  2.54887900e-01 -5.70190342e+00
  3.07552209e+02] 5.7083699760091235
[-3.03115686e+00 -9.82639102e-02 -1.03629981e-01 -5.83097118e+00
  3.07636231e+02] 5.832719765042894
[-3.07523689e+00 -1.09875987e-01 -6.29730846e-02 -5.94314760e+00
  3.05992443e+02] 5.944496759770275
[-3.08907558e+00 -1.03487815e-01 -1.50004515e-01 -6.09238946e+00
  3.09684846e+02] 6.095114472151501
[-3.07667630e+00 -9.90087794e-02  1.80532393e-01 -5.99683924e+00
  3.06698543e+02] 6.00037295323811
[-3.11219424e+00  1.33554609e-01 -2.24292987e-01 -5.80731668e+00
  3.07260531e+02] 5.813180814135961
[-3.11311631e+00  2.22767269e-01 -4.63494824e-02 -5.92917204e+00
  3.05650743e+02] 5.933536435235081
[-3.00894084e+00  1.55592964e-01 -1.96096272e-01 -5.62657290e+00
  3.07257006e+02] 5.632138628988535
[-3.07050600e+00 -2.48943985e-02 -7.37316261e-02 -5.76548985e+00
  3.07741585e+02] 5.766015029819065
[-3.02627507e+00  2.29955668e-01  7.36151728e-02 -5.81400151e+00
  3.07619622e+02] 5.819013007634424
[-3.02830181e+00  1.01224081e-01 -3.63512071e-01 -5.99946406e+00
  3.08401692e+02] 6.0113190178938956
[-3.04145969e+00  2.37046847e-01  8.67926238e-02 -5.76245574e+00
  3.06147463e+02] 5.767982347713661
[-3.01806152e+00  3.03608534e-01 -5.71492406e-02 -5.74223520e+00
  3.07291202e+02] 5.750539915077619
[-3.04470820e+00  8.81982734e-02  1.48243041e-01 -5.88474523e+00
  3.08015067e+02] 5.887272832968684
[-3.07957476e+00  7.27710670e-03 -1.91492004e-02 -5.87897265e+00
  3.10389002e+02] 5.879008341871516
[-3.05622616e+00  3.62350653e-02 -2.99663871e-01 -5.89900362e+00
  3.06943966e+02] 5.906721181853192
[-3.09123960e+00 -1.49816213e-01  4.00193477e-01 -5.51993886e+00
  3.05140794e+02] 5.536454163650433
[-3.00175343e+00  9.58270715e-02  2.40646579e-01 -5.89831889e+00
  3.06007137e+02] 5.904003666156199
[-3.20756540e+00 -1.02773205e-01  3.42110432e-01 -5.77781266e+00
  3.05086875e+02] 5.788844532994083
[-3.05779902e+00 -4.28614041e-02 -9.48795387e-02 -5.89820776e+00
  3.07228145e+02] 5.8991265413052325
[ -2.98167116   0.37935964  -0.39854754  -5.92825635 307.46705997] 5.95373640876486
[-3.07277922e+00 -1.50477826e-03 -1.05277291e-01 -5.76814317e+00
  3.07576401e+02] 5.769104020264888
[-3.09224334e+00  1.62416359e-01  1.68402356e-01 -5.65956870e+00
  3.06436911e+02] 5.664402556154455
[-3.14579954e+00 -1.22373273e-01 -1.14588581e-01 -5.88566910e+00
  3.06485850e+02] 5.888056259511721
[-3.11022663e+00 -7.80801536e-02 -2.88592928e-02 -5.85190520e+00
  3.06326444e+02] 5.852497234285043
[-3.13493783e+00  2.35941660e-01  1.22920841e-01 -5.85190683e+00
  3.06822062e+02] 5.857951138611466
[-3.12081438e+00  1.08268483e-01  1.77539377e-01 -6.11865415e+00
  3.08373963e+02] 6.12218677825375
[-3.12030033e+00  1.83685965e-01 -2.06661781e-01 -5.86653912e+00
  3.06030198e+02] 5.873051235487065
[-3.01631787e+00 -1.41381581e-02 -2.67818734e-01 -5.84639262e+00
  3.08076000e+02] 5.852540768760752
[-3.05951296e+00  7.17767556e-02  2.93005379e-01 -5.88555501e+00
  3.08827133e+02] 5.89328107845909
[-3.00368048e+00 -2.69482592e-02 -2.05471339e-02 -5.74351710e+00
  3.07308971e+02] 5.743617075390388
[-3.08627285e+00  2.85638143e-01  1.41725459e-01 -5.97671377e+00
  3.09033802e+02] 5.985213676985792
[-3.04952248e+00 -1.31280678e-01  1.43487370e-02 -5.89745805e+00
  3.08533824e+02] 5.898936511042279
[-3.09892569e+00 -7.28835799e-02  7.78785846e-02 -6.04937495e+00
  3.07149409e+02] 6.050315229049603
[-3.12712226e+00  1.25496363e-01 -1.31908193e-01 -5.97886979e+00
  3.08775698e+02] 5.981641332553167
[-3.06381726e+00 -7.32289361e-02  3.05830490e-01 -5.95365897e+00
  3.08633653e+02] 5.961958559433457
[-3.00785522e+00 -2.20676029e-01 -3.41520006e-01 -5.76536579e+00
  3.08067014e+02] 5.779686538553539
[-3.13630597e+00  1.32261741e-01  3.39599809e-01 -6.11370899e+00
  3.08608139e+02] 6.124561927000539
[-3.08101810e+00  3.77213171e-01  3.11388600e-03 -6.08859456e+00
  3.09118912e+02] 6.100269106800589
[-3.08186546e+00  7.33372271e-02  1.08023484e-01 -5.88022381e+00
  3.07153688e+02] 5.881673185476206
[-3.06034654e+00  1.28983833e-01 -3.21705963e-01 -5.86307716e+00
  3.08278501e+02] 5.873312980205447
[-3.05450784e+00 -2.56546958e-01  4.63773759e-02 -5.77273090e+00
  3.08741435e+02] 5.778614823306077
[-3.10753931e+00  1.89232673e-01 -1.79998440e-01 -5.83857160e+00
  3.08084633e+02] 5.844409873936035
[-3.02936988e+00  1.84638005e-01 -3.25849840e-01 -5.75832004e+00
  3.08326271e+02] 5.770486892778538
[-3.06982319e+00  6.25101082e-02  2.39968422e-02 -5.89108373e+00
  3.06985377e+02] 5.891464240165315
[-3.08835749e+00 -5.71276699e-02  1.56345931e-01 -5.70569760e+00
  3.07647425e+02] 5.708125151824325
[-3.06235889e+00 -1.28054864e-01 -1.45899094e-01 -5.76708992e+00
  3.06593690e+02] 5.7703562037030185
[-3.09356308e+00 -3.04014383e-01 -2.18335368e-01 -5.63774203e+00
  3.08274311e+02] 5.6501531181747495
[-3.09333328e+00  2.90708024e-01  1.39588866e-02 -5.92129321e+00
  3.04617879e+02] 5.928441558190617
[-3.12959780e+00  1.06743269e-01  4.94893119e-02 -5.76995462e+00
  3.06442304e+02] 5.771154097172881
[-2.99725476e+00 -2.71559373e-01  7.58764652e-02 -5.79292023e+00
  3.07214995e+02] 5.7997781418391945
[-3.04488780e+00  1.08230646e-01  4.52572971e-02 -5.82289379e+00
  3.06954966e+02] 5.824075397240821
[-3.04408796e+00  7.05031670e-02  9.78038451e-02 -5.63919438e+00
  3.06575824e+02] 5.640483097582531
[-3.09365262e+00  4.06392410e-03  2.24837408e-02 -5.96756146e+00
  3.07361281e+02] 5.967605201829707
[-3.03245586e+00  3.74752803e-01 -1.61708538e-01 -5.83930658e+00
  3.07943382e+02] 5.8535536740038285
[-3.03980209e+00  3.31342033e-01 -2.46173587e-01 -5.51670042e+00
  3.05335721e+02] 5.5321218763873645
[-3.03624801e+00 -2.65563243e-01  3.06649539e-01 -5.96487874e+00
  3.08912031e+02] 5.978656716658802
[-3.08201478e+00  3.59582251e-02  3.44400169e-01 -5.90764114e+00
  3.07042142e+02] 5.917780695853016
[ -3.0958386    0.42428145  -0.38516829  -5.80239793 307.53849737] 5.830625271950187
[-3.07313778e+00 -2.44878769e-01 -2.10645156e-01 -5.69532577e+00
  3.06126528e+02] 5.704478291994456
[-3.10020624e+00 -4.61621112e-02 -1.61527366e-02 -6.32715222e+00
  3.09592503e+02] 6.327341234527025
[-3.10445024e+00 -2.56403960e-01  6.91651922e-02 -5.96252557e+00
  3.06667483e+02] 5.968436812662939
[-3.11555630e+00  1.23944762e-02  2.18623139e-01 -6.10415435e+00
  3.08167202e+02] 6.108080718586162
[-3.05903435e+00 -9.02009611e-02 -1.05345489e-01 -6.07906239e+00
  3.10021177e+02] 6.08064416041428
[-3.17246336e+00  8.09522451e-03  8.06733334e-03 -6.12769256e+00
  3.06100892e+02] 6.127703217471963
[-3.07473124e+00  4.74363021e-02  2.30148831e-02 -6.00235240e+00
  3.09409549e+02] 6.002583965496534
[-2.99484453e+00  2.49041400e-01  1.39673615e-02 -5.91299342e+00
  3.08729452e+02] 5.918252100692999
[-3.05129995e+00 -1.17167065e-01  1.57217105e-01 -6.11542285e+00
  3.09638120e+02] 6.118565351217907
[-3.05074081e+00  9.94393420e-02 -1.71453454e-01 -5.60841274e+00
  3.05492785e+02] 5.611913929971311
[-3.08184085e+00  1.99751589e-02  1.68933137e-01 -5.87871280e+00
  3.07731476e+02] 5.881173487132737
[-3.11147584e+00  7.77150834e-03 -2.98303301e-01 -5.89974291e+00
  3.09197127e+02] 5.9072846254735785
[-3.15178296e+00  2.99164480e-01 -7.89012755e-02 -5.79236069e+00
  3.07132051e+02] 5.800617827670565
[-3.09951286e+00 -5.20596564e-02  2.41183319e-01 -6.02096839e+00
  3.07770034e+02] 6.026021897585839
[-3.08387301e+00 -6.59684060e-02  7.90825567e-02 -5.84449900e+00
  3.08618279e+02] 5.845406266869165
[-3.09997804e+00 -3.05066813e-01  2.18152742e-01 -6.05493293e+00
  3.09350586e+02] 6.066536832957557
[-3.04046087e+00  1.49405311e-01 -2.40877436e-01 -5.91013321e+00
  3.06971942e+02] 5.916926432662809
[-3.13878642e+00  1.74713295e-01  2.37533229e-01 -5.84053513e+00
  3.06644124e+02] 5.847973778791796
[-2.96552342e+00 -1.56492378e-01  7.52319368e-02 -5.65692298e+00
  3.07962846e+02] 5.659587199826751
[-3.09612537e+00 -1.45439755e-01  1.51735884e-01 -5.93530521e+00
  3.08379978e+02] 5.93902554881363
[-3.05876972e+00 -1.27654348e-01  9.21290140e-02 -6.10616953e+00
  3.06054156e+02] 6.108198563117123
[-3.09309554e+00 -2.30571982e-01  2.41204304e-01 -5.63229338e+00
  3.06259398e+02] 5.642169056280483
[-3.04411197e+00 -1.44046431e-01  1.11016561e-01 -5.97204438e+00
  3.10151377e+02] 5.974812809464324
[-2.99417511e+00 -8.54361982e-02 -1.58256882e-01 -5.93564455e+00
  3.08851366e+02] 5.938368532757459
[-3.05189509e+00  1.68431029e-01 -3.35999570e-02 -5.44850931e+00
  3.03550941e+02] 5.451215617798567
[-3.07804651e+00 -7.64502136e-03 -3.69631930e-02 -6.08642466e+00
  3.06698911e+02] 6.086541702842989
[-3.00063045e+00  4.51245430e-02  6.30741387e-02 -5.97865723e+00
  3.09810250e+02] 5.979160210215898
[-3.10011213e+00  1.43511812e-03 -3.49705786e-02 -6.03537459e+00
  3.08228400e+02] 6.035476070053927
[-3.07587892e+00 -7.45171859e-02 -2.94999583e-02 -5.88696081e+00
  3.06178807e+02] 5.887506318272874
[-3.08871477e+00 -2.44348050e-01 -5.85604802e-02 -6.01850664e+00
  3.09582258e+02] 6.023749455039031
[-3.08934600e+00  8.35910612e-02  2.17456847e-01 -5.99583951e+00
  3.08323280e+02] 6.000363853136302
[-3.04293863e+00 -3.04180675e-01  1.03154832e-01 -5.85029586e+00
  3.06774850e+02] 5.8591064582680366
[-3.08565965e+00 -2.04015359e-02 -1.57727868e-02 -5.69981934e+00
  3.08400300e+02] 5.699877676194924
[-3.07005980e+00 -4.15684976e-02 -5.81642606e-02 -6.12335466e+00
  3.07761007e+02] 6.123771983341557
[-3.08869073e+00  4.33688070e-02  2.64406304e-02 -5.85391633e+00
  3.09978860e+02] 5.854136683568338
[-3.17376177e+00 -4.10540787e-02 -2.47584161e-01 -5.99974081e+00
  3.07217255e+02] 6.00498735762538
[-3.03390477e+00  6.71768732e-02 -2.70676236e-02 -5.57253816e+00
  3.04677283e+02] 5.573008782969972
[-2.98560604e+00  2.86851760e-01 -5.39353568e-02 -5.79319997e+00
  3.07966410e+02] 5.800548155339698
[-3.04436192e+00 -1.46802852e-01 -2.76393947e-01 -5.73953164e+00
  3.06078862e+02] 5.74805777042677
[-3.07963628e+00  8.99526316e-02 -1.09221553e-01 -5.55948166e+00
  3.04123151e+02] 5.561281974721588
[-3.18919535e+00  1.24139712e-01  4.95932528e-02 -5.98986413e+00
  3.07056925e+02] 5.991355644363187
[-3.05996962e+00  6.56404380e-02 -1.92855396e-01 -5.76207847e+00
  3.08293631e+02] 5.7656786429781
[-3.02407825e+00 -7.30565973e-02 -1.57210554e-01 -5.74751647e+00
  3.05010723e+02] 5.750130262469071
[-3.18932665e+00  2.29264795e-01 -6.76927597e-02 -5.68176409e+00
  3.05818953e+02] 5.686790643468532
[-3.12513793e+00  2.03964661e-01  1.84663477e-03 -5.61872798e+00
  3.06368670e+02] 5.622429106919521
[-3.05922007e+00  1.06117415e-01  1.95032034e-01 -5.81729320e+00
  3.07328264e+02] 5.821528889571718
[-3.05657767e+00  1.94502285e-01  4.00022835e-01 -5.96135311e+00
  3.08272770e+02] 5.977924419818398
[-3.07122210e+00 -2.43466576e-01  1.36749432e-01 -5.52063674e+00
  3.04663213e+02] 5.527694492805149
[-2.98601558e+00  1.25766008e-01  1.20948248e-01 -5.64343607e+00
  3.06332057e+02] 5.646132854422071
[-3.08755342e+00 -1.74502617e-01 -1.00481302e-01 -5.83232350e+00
  3.06012052e+02] 5.8357985757560344
[-3.03574726e+00 -9.53282432e-02  4.21073692e-02 -5.96988905e+00
  3.09136893e+02] 5.970798585469626
[-3.14507242e+00  1.85162964e-01  3.51336277e-02 -5.45126310e+00
  3.03530952e+02] 5.454520056474211
[-3.05890156e+00 -1.10154377e-01  5.71893622e-02 -5.71230667e+00
  3.04787812e+02] 5.713654881929093
[-3.16391674e+00  2.22031955e-01 -3.29881343e-01 -5.79661692e+00
  3.07287473e+02] 5.810239889982555
[-3.10725659e+00  2.26013550e-01 -1.46984578e-01 -5.83340225e+00
  3.07563748e+02] 5.8396291318843465
[-3.16452390e+00 -1.02783227e-01 -1.51634269e-01 -6.10812256e+00
  3.08016919e+02] 6.110868882038609
[-3.09950200e+00  2.83858220e-03  4.18640022e-02 -6.18990418e+00
  3.10097491e+02] 6.190046397305486
[-3.09239598e+00 -2.12141749e-01 -2.04641371e-01 -5.94032327e+00
  3.09250553e+02] 5.947631692656793
[-3.04827856e+00 -2.38999415e-01 -1.00141729e-01 -6.03504303e+00
  3.07803785e+02] 6.040603729146451
[-3.11264818e+00 -3.67791471e-01  9.77388516e-02 -6.08461782e+00
  3.09452866e+02] 6.096506984150999
[-3.06867702e+00  1.58106788e-01  1.22465235e-01 -5.80169088e+00
  3.09086415e+02] 5.805136741263565
[-3.11978971e+00  2.70723995e-01 -8.61927286e-02 -5.78595269e+00
  3.06239079e+02] 5.792924061904153
[-3.07337153e+00  7.51213418e-02 -2.53036613e-01 -6.00819060e+00
  3.10520355e+02] 6.0139857854219265
[-3.10406614e+00  9.20481145e-02 -1.73776095e-01 -5.82002952e+00
  3.05556184e+02] 5.8233508012708946
[-3.13680009e+00  1.09601704e-01  1.80094708e-01 -5.84816645e+00
  3.07498031e+02] 5.851965266693077
[-3.11672792e+00 -8.62705880e-02  1.28148745e-01 -6.02284851e+00
  3.06265726e+02] 6.02482936636517
[-3.08990147e+00  3.02087295e-01 -2.41634405e-01 -6.12783311e+00
  3.09380784e+02] 6.140031153803078
[-3.13379719e+00  3.80860543e-01 -8.72357943e-02 -5.89846469e+00
  3.06494071e+02] 5.911391590292155
[-3.07875607e+00 -2.97021203e-02 -6.16341667e-03 -5.86561874e+00
  3.06259406e+02] 5.865697179245336
[-3.05496870e+00  2.84977388e-02 -1.21227800e-01 -5.85236920e+00
  3.08819853e+02] 5.853694006261433
[-3.01521121e+00 -1.11730148e-03  2.31582144e-01 -5.66505922e+00
  3.07158105e+02] 5.669790776749524
[-3.07038804e+00 -4.69569630e-02 -2.41490500e-02 -5.86692782e+00
  3.08560043e+02] 5.867165427909566
[-3.08024317e+00  2.48315705e-01  2.53763228e-01 -6.01269761e+00
  3.07831720e+02] 6.023171005064582
[-3.07125153e+00 -1.51573770e-01  2.09941609e-02 -5.94574524e+00
  3.08240370e+02] 5.947713996997942
[-3.12715634e+00 -2.43969374e-01  3.67806624e-01 -5.82363872e+00
  3.06796865e+02] 5.840339947824085
[-3.05571181e+00 -2.04021679e-01  8.06921403e-02 -6.02500620e+00
  3.08196816e+02] 6.028999571630305
[-3.10466909e+00 -8.74301013e-02 -4.53249826e-02 -5.65188969e+00
  3.06211706e+02] 5.652747600041115
[-3.16145743e+00 -3.16153258e-02 -2.91352282e-01 -5.91226605e+00
  3.06455215e+02] 5.919524939904757
[-3.05581623e+00  5.63884600e-02  2.89938981e-01 -5.89291088e+00
  3.09809222e+02] 5.900308708217971
[-3.00626285e+00 -6.08979031e-03 -1.80678868e-01 -5.58362034e+00
  3.06334447e+02] 5.586546168532825
[-3.04571804e+00 -2.36766930e-02  3.02063538e-01 -5.92846295e+00
  3.09461994e+02] 5.936200459193541
[-3.28188324e+00 -2.80127308e-01 -1.33603046e-01 -5.93066715e+00
  3.06825637e+02] 5.938782189112894
[-3.05845538e+00  1.11613451e-01  3.82460313e-01 -5.89611212e+00
  3.07085312e+02] 5.909557651357211
[-3.08288163e+00 -1.25432651e-01  5.28879192e-02 -5.65102387e+00
  3.07295414e+02] 5.652663196886968
[-3.03759883e+00 -3.60465195e-01 -2.43707365e-01 -5.85500118e+00
  3.08780994e+02] 5.871147012305272
[-3.03630316e+00 -4.20000688e-02 -1.09542317e-01 -6.16469596e+00
  3.08593794e+02] 6.165812176434436
[-3.06858328e+00  1.92318293e-01  1.19680125e-01 -5.65939339e+00
  3.07091649e+02] 5.663924716686178
[-3.08576722e+00  1.98131766e-01  2.86589042e-01 -6.06642652e+00
  3.05404914e+02] 6.076423311053015
[-3.07460492e+00 -1.58029151e-01 -1.22166580e-01 -5.65386202e+00
  3.06415270e+02] 5.657389293502968
[-3.04370801e+00  1.25518280e-01 -3.35572752e-01 -5.98858247e+00
  3.07882928e+02] 5.999290279990834
[-3.10328783e+00 -1.81840027e-01 -3.28885903e-01 -6.00621281e+00
  3.08829078e+02] 6.017958457924342
[-3.06040257e+00  1.45067965e-01 -3.19163017e-01 -5.89719512e+00
  3.08621559e+02] 5.907606958479483
[-3.08357791e+00 -5.86696900e-02 -6.10144759e-02 -5.59076549e+00
  3.07687394e+02] 5.591406235449118
[-3.14866689e+00 -6.15739422e-02 -1.79776388e-01 -5.93073864e+00
  3.09022607e+02] 5.9337822421667115
[-3.03441524e+00  1.22440102e-01 -4.02017374e-01 -5.90259871e+00
  3.07337964e+02] 5.917540116019354
[-3.00513349e+00 -3.42901089e-02 -3.40211674e-01 -5.75733719e+00
  3.07004207e+02] 5.7674822357363364
[-3.21671528e+00  2.00972257e-01  2.63350443e-01 -5.81004251e+00
  3.08088610e+02] 5.819479118876837
[-2.98968147e+00  3.45839388e-02  1.34935274e-01 -5.76999757e+00
  3.07874083e+02] 5.771678743552972
[-3.04100359e+00 -4.75875697e-02  2.55855106e-02 -6.08412593e+00
  3.08219394e+02] 6.0843658285462885
[-3.06021622e+00  3.58773384e-02 -3.24569798e-01 -5.92834237e+00
  3.08944293e+02] 5.937329031597848
[-3.06720307e+00 -1.68757470e-02  1.22677711e-01 -5.98140159e+00
  3.10361632e+02] 5.982683313300084
[-3.01191299e+00 -2.46035893e-01 -9.85503934e-02 -5.50477600e+00
  3.02771120e+02] 5.511152753880572
[-3.05984164e+00 -3.55715657e-02  4.65188524e-02 -5.89836905e+00
  3.08146075e+02] 5.898659743620449
[-3.09523726e+00  7.94125790e-02  4.78451431e-02 -6.22068508e+00
  3.09099503e+02] 6.2213759238752795
[-3.10375635e+00 -8.17022888e-02  2.14642828e-01 -5.95295591e+00
  3.08577473e+02] 5.957384568848011
[-3.03207175e+00  2.87117268e-01 -9.84861455e-02 -5.63801284e+00
  3.07469802e+02] 5.646177875817359
[-3.01377589e+00  2.61043753e-01 -2.73181844e-01 -5.83125436e+00
  3.09040282e+02] 5.843483516254905
[-3.01331150e+00 -4.50624170e-03 -1.82455683e-01 -5.86530512e+00
  3.06771495e+02] 5.868144041316304
[-3.17220505e+00  1.63201649e-02 -2.06237167e-01 -6.12034451e+00
  3.08474413e+02] 6.123840051838789
[-3.02027758e+00  8.00752862e-02 -8.47189150e-02 -6.07101927e+00
  3.07245893e+02] 6.072138362066201
[-3.08732441e+00  6.61668261e-02  3.43168384e-01 -6.05784543e+00
  3.09735828e+02] 6.067918406800362
[-3.06262740e+00 -1.64508297e-02  3.95393779e-01 -5.86307400e+00
  3.06667239e+02] 5.876414177876393
[-3.03818684e+00  6.08512416e-02 -4.55414557e-01 -5.59116029e+00
  3.05302223e+02] 5.610007009099491
[-3.09951460e+00 -1.19057933e-01  3.20432461e-02 -6.09127993e+00
  3.09534116e+02] 6.092527613973722
[-3.10643124e+00  6.54518664e-02  6.26219679e-02 -5.86093071e+00
  3.09251325e+02] 5.861630680687117
[-3.02634679e+00 -3.63401760e-01  2.58376574e-01 -6.02655276e+00
  3.09516453e+02] 6.043025520815524
[-3.14626651e+00 -2.77357127e-01  1.33987616e-01 -5.73985699e+00
  3.05694179e+02] 5.748116029241291
[-3.08551376e+00  9.30271840e-02 -1.04578121e-01 -5.83576997e+00
  3.06807879e+02] 5.837448221813966
[ -3.07193909   0.40792565   0.34854608  -5.93422859 310.80644156] 5.958435758978304
[-3.10439998e+00 -1.18907859e-02 -3.03442895e-01 -5.85502486e+00
  3.11615103e+02] 5.862894772089938
[-3.00080416e+00  2.95234896e-02 -1.91622139e-01 -5.88581915e+00
  3.07612850e+02] 5.889011610255447
[-3.04971943e+00  1.40123339e-01  3.34459679e-01 -6.05185030e+00
  3.09012694e+02] 6.062704835450007
[-3.13626720e+00 -7.95351424e-03  2.42807977e-01 -6.01614254e+00
  3.08724440e+02] 6.02104559623703
[-3.09217961e+00 -7.43219193e-02 -1.83264268e-01 -5.65994921e+00
  3.05194919e+02] 5.663403090641845
[-3.15803346e+00  1.83332163e-01 -7.43006799e-02 -5.89815437e+00
  3.08914084e+02] 5.901470681075181
