/mnt/stage/douwei/Simulation/5kt_root/2MeV/5kt_-9.20_2.root
[-3.20054663e+00  8.44751825e-02  2.87915267e-01 -9.22685797e+00
  3.31024405e+02] 9.231735443145352
[-3.27248065e+00 -2.15192419e-01 -2.04430274e-01 -9.47551141e+00
  3.32574728e+02] 9.480159069619967
[-3.23154223e+00  1.89416637e-01 -1.12326903e-01 -9.05986418e+00
  3.27971231e+02] 9.06254020774028
[-3.20400497e+00 -1.03448748e-01 -7.76934805e-02 -9.59874633e+00
  3.34764459e+02] 9.599618171810505
[-3.24212320e+00  1.10271947e-01 -2.00441326e-01 -9.34440841e+00
  3.31731395e+02] 9.347208412146376
[-3.13706314e+00 -1.28283475e-01  2.43828927e-01 -9.15511606e+00
  3.32642459e+02] 9.159260847884154
[-3.21240434e+00  8.12626813e-02  7.19564286e-02 -9.43813419e+00
  3.34092364e+02] 9.438758300457863
[-3.20896256e+00  1.68585521e-01  7.87311807e-02 -9.28591577e+00
  3.31546508e+02] 9.287779682829878
[-3.18941835e+00 -3.25547890e-02  1.36338940e-01 -9.29414539e+00
  3.32251604e+02] 9.295202346654962
[-3.15299686e+00  2.45543914e-01 -2.35634515e-01 -9.32140158e+00
  3.31751095e+02] 9.327611851852161
[-3.18818800e+00  2.00393678e-01  2.24085841e-01 -8.86067743e+00
  3.28318423e+02] 8.86577558292862
[-3.25506662e+00  1.70324388e-01  3.01334431e-01 -9.28894885e+00
  3.30978834e+02] 9.295395823793122
[-3.18592674e+00 -2.74828795e-01 -2.61367747e-01 -9.33190244e+00
  3.33089051e+02] 9.33960636469157
[-3.18606441e+00  8.39860362e-02  3.33866845e-01 -8.94420028e+00
  3.31198957e+02] 8.950823393764631
[-3.10105624e+00 -1.49404466e-01  2.41242925e-02 -9.21671941e+00
  3.33897823e+02] 9.217961832042077
[-3.24076887e+00 -1.00913419e-01  2.56107758e-02 -9.21679963e+00
  3.30095567e+02] 9.21738763549087
[-3.24868764e+00  5.70127302e-02  1.34581347e-01 -9.14947814e+00
  3.31040448e+02] 9.150645490022447
[-3.19657396e+00 -1.53414529e-01 -1.30239543e-01 -9.42169940e+00
  3.33321675e+02] 9.423848358603625
[-3.14245968e+00  3.44360917e-02 -6.14723309e-02 -9.48997887e+00
  3.33150432e+02] 9.49024044315884
[-3.19766537e+00 -9.16124193e-02  8.74091981e-02 -9.26234443e+00
  3.31504888e+02] 9.263209891549904
[-3.09324472e+00 -6.69331338e-02 -2.03838373e-01 -9.22162341e+00
  3.33774803e+02] 9.224118839416102
[-3.29124571e+00 -6.20871406e-02 -1.96547153e-01 -9.42032061e+00
  3.32224670e+02] 9.422575334584154
[-3.12624004e+00 -1.18787177e-01 -1.98797823e-01 -9.31392372e+00
  3.34422294e+02] 9.316802351548786
[-3.18863278e+00 -1.25455273e-01 -2.22583825e-02 -9.45691944e+00
  3.34648523e+02] 9.457777741852771
[-3.14186964e+00  1.13476013e-01  9.03813800e-02 -9.52283587e+00
  3.31879212e+02] 9.523940817301135
[-3.14592341e+00 -9.79776371e-02 -8.50106421e-02 -9.30495965e+00
  3.33296059e+02] 9.305863772840762
[-3.21046590e+00  1.51996573e-01 -3.18922656e-01 -9.27695240e+00
  3.32629082e+02] 9.283677101693275
[-3.15425475e+00 -4.47124658e-02  1.84998144e-01 -9.42380345e+00
  3.33870906e+02] 9.425725174964171
[-3.20556707e+00  2.72426607e-01  2.38518960e-01 -9.65490537e+00
  3.33260539e+02] 9.661692667426301
[-3.22897367e+00  1.74956839e-01 -1.66519775e-01 -9.27789019e+00
  3.32705827e+02] 9.281033623176302
[-3.18700687e+00  1.84272671e-01 -2.84695063e-02 -9.22125315e+00
  3.32000588e+02] 9.223138110030748
[-3.11652220e+00  1.53621931e-01 -1.27463268e-01 -9.39986890e+00
  3.33976689e+02] 9.401988188569144
[-3.22175879e+00  3.15122103e-01 -2.53157229e-01 -9.23122815e+00
  3.33100654e+02] 9.240073793441386
[-3.24023029e+00  2.26617776e-01 -8.94892225e-02 -9.20772107e+00
  3.30729870e+02] 9.21094410603249
[-3.18368599e+00  2.23818164e-01  1.57938824e-01 -9.20155129e+00
  3.31219975e+02] 9.205627916311526
[-3.21006418e+00 -3.02499630e-01 -1.30713189e-01 -9.38295307e+00
  3.32398758e+02] 9.388737949281866
[-3.17148532e+00 -1.91931404e-02 -1.58776953e-01 -9.44236886e+00
  3.34819985e+02] 9.44372321296652
[-3.16447064e+00 -1.11652692e-01 -2.75382527e-01 -9.14419630e+00
  3.32390527e+02] 9.149023330664505
[-3.15244170e+00 -1.79876107e-01  6.52566261e-02 -9.44342534e+00
  3.34384942e+02] 9.445363725310628
[-3.31173681e+00 -1.37081674e-02  5.99868741e-02 -9.47582195e+00
  3.31856587e+02] 9.476021735765064
[-3.14231508e+00  7.19008436e-02  1.83162293e-01 -9.40454839e+00
  3.34499016e+02] 9.406606641831468
[-3.16007296e+00  1.96242279e-01 -5.27146020e-02 -9.65923231e+00
  3.35151724e+02] 9.661369398497124
[-3.18384252e+00 -2.32306104e-01  7.02762657e-02 -9.31184409e+00
  3.33712875e+02] 9.315006455147294
[-3.16214821e+00 -1.04076802e-01 -1.60959687e-01 -9.24624329e+00
  3.32681230e+02] 9.248229824557688
[-3.18495831e+00 -4.00522926e-01 -1.13656147e-01 -9.10291181e+00
  3.29411133e+02] 9.112427760612192
[-3.11348525e+00 -1.77162816e-01  2.44480373e-02 -9.38392916e+00
  3.33575425e+02] 9.385633217138466
[-3.14080895e+00  6.39714489e-02 -1.64121787e-01 -9.22267041e+00
  3.31342507e+02] 9.224352431568645
[-3.07393711e+00 -1.76471597e-02  1.24550662e-02 -9.28659063e+00
  3.32385368e+02] 9.286615749542511
[-3.19158701e+00  1.96382314e-01  1.44130290e-01 -9.40429281e+00
  3.32285454e+02] 9.40744720209721
[-3.15092812e+00  1.87372839e-01  2.04674573e-01 -9.36112895e+00
  3.32365522e+02] 9.365240812761815
[-3.20139529e+00 -1.81215078e-01 -4.16382036e-01 -9.16452596e+00
  3.30649707e+02] 9.175769667970142
[-3.19822289e+00  9.84018703e-02 -9.19169788e-03 -9.20375111e+00
  3.29087300e+02] 9.204281713433963
[-3.21304998e+00  1.01770131e-01  1.50545444e-01 -9.46684903e+00
  3.31733213e+02] 9.468592907664132
[-3.16003950e+00 -1.74045715e-02 -2.64150230e-01 -9.44969834e+00
  3.35218613e+02] 9.453405577863064
[-3.17524762e+00 -2.04710780e-01 -2.17406187e-02 -9.42310177e+00
  3.34750141e+02] 9.425350181818327
[-3.16721438e+00  7.07542617e-03  8.09111720e-02 -9.41353527e+00
  3.32159557e+02] 9.413885645850709
[-3.13023295e+00  2.87551213e-01  1.46657798e-01 -9.17537181e+00
  3.32225843e+02] 9.181047985704577
[-3.23732825e+00  7.11785976e-02 -4.39841376e-02 -9.24446045e+00
  3.31607581e+02] 9.244839102661318
[-3.18629806e+00 -1.22840607e-01 -6.32621970e-02 -9.04043741e+00
  3.31910756e+02] 9.04149326148188
[-3.11258505e+00  1.00264172e-01  4.64535148e-02 -9.37427981e+00
  3.32540702e+02] 9.37493107785138
[-3.20303851e+00 -8.95595575e-02 -1.61760342e-01 -9.36891012e+00
  3.33491835e+02] 9.370734451898896
[-3.22710662e+00  3.04222289e-01 -7.26783086e-02 -9.09557945e+00
  3.29747170e+02] 9.100955928479049
[-3.16117644e+00 -4.31677990e-02  5.84880709e-02 -9.21545032e+00
  3.34268444e+02] 9.215737020128454
[-3.19214684e+00  3.38230446e-01  5.97009486e-02 -9.29965306e+00
  3.33196864e+02] 9.305993291410964
[-3.22903508e+00  4.74979556e-02 -1.11065457e-01 -9.43780809e+00
  3.33079804e+02] 9.438581096539432
[-3.18354484e+00 -1.74957437e-01 -2.54552783e-01 -9.41316029e+00
  3.35145999e+02] 9.418226680771973
[-3.23523260e+00  2.91210490e-01 -1.58497229e-01 -9.41710215e+00
  3.31032310e+02] 9.422936797414515
[-3.23876762e+00  6.16882425e-02  1.20381627e-01 -9.28357859e+00
  3.33835655e+02] 9.284563994655995
[-3.24390294e+00 -1.93671374e-01  1.25338922e-01 -9.32013876e+00
  3.31214582e+02] 9.322993349983422
[-3.20590275e+00  1.95432548e-01  1.25175520e-03 -9.62047337e+00
  3.37128801e+02] 9.622458273434166
[-3.13653223e+00 -2.84079679e-02  2.10595604e-01 -8.96360175e+00
  3.30945613e+02] 8.966120335297715
[-3.19139222e+00 -4.51814157e-03  1.68373818e-01 -9.33882082e+00
  3.31468857e+02] 9.340339629610089
[-3.20869720e+00 -6.43852589e-02 -4.64272940e-02 -9.37226384e+00
  3.33059839e+02] 9.372599979073453
[-3.21442552e+00 -2.16296920e-01 -3.79588348e-02 -9.32824993e+00
  3.32414577e+02] 9.330834478845182
[-3.10125678e+00 -1.14593336e-01 -2.73313220e-01 -9.13591755e+00
  3.32571007e+02] 9.14072323275662
[-3.14594103e+00 -7.86671814e-02 -4.46312114e-02 -9.01420470e+00
  3.31227720e+02] 9.01465844393005
[-3.25130832e+00 -1.53256664e-01 -6.21688269e-02 -8.90064203e+00
  3.27288049e+02] 8.902178446766998
[-3.20018174e+00 -1.52675787e-01  5.13147612e-02 -9.05007792e+00
  3.29586789e+02] 9.051511114418313
[-3.17729172e+00  2.68876182e-02 -1.95425139e-01 -9.53245147e+00
  3.33556448e+02] 9.534492379996752
[-3.14174034e+00  2.58433383e-01  1.47141052e-01 -9.25108234e+00
  3.33666885e+02] 9.255860991664177
[-3.25988637e+00  2.26970079e-02  2.24813923e-01 -9.28049782e+00
  3.30031700e+02] 9.283248149679078
[-3.28108997e+00 -2.96632610e-03  2.26301262e-01 -9.15628137e+00
  3.30150581e+02] 9.159077986028963
[-3.20458232e+00  2.70917087e-01 -3.08519286e-01 -9.24832898e+00
  3.33817670e+02] 9.25743858562779
[-3.20381785e+00  3.72055805e-03 -1.22573838e-01 -9.61817160e+00
  3.35522257e+02] 9.618953332055293
[-3.17786488e+00  4.67774175e-02  2.72600081e-01 -9.17553625e+00
  3.32193722e+02] 9.179703943740694
[-3.22130712e+00 -2.69254457e-01  1.48714153e-01 -9.11770421e+00
  3.30834314e+02] 9.122891206077938
[-3.22083403e+00 -6.37850239e-02 -2.82530094e-01 -9.33597093e+00
  3.32560186e+02] 9.340462782998099
[-3.20079306e+00  1.46664237e-01  2.80109415e-01 -9.18549932e+00
  3.32984973e+02] 9.190939530284904
[-3.16884489e+00  8.38866752e-02  8.08095202e-02 -9.17907902e+00
  3.31708283e+02] 9.179818011497574
[-3.19655317e+00 -4.28810880e-02  2.73547949e-02 -9.18436804e+00
  3.30876784e+02] 9.184508877741159
[-3.18239906e+00  9.20686239e-02  3.93936090e-03 -9.10355344e+00
  3.31424971e+02] 9.10401985214821
[-3.13360853e+00  9.35869505e-02 -1.21025004e-01 -9.32187847e+00
  3.33076496e+02] 9.323133794190337
[-3.18006426e+00 -7.16123874e-02 -2.17551739e-02 -9.20547868e+00
  3.30755966e+02] 9.20578292935272
[-3.26035289e+00  2.42440039e-02  1.26639674e-02 -9.28897711e+00
  3.31768330e+02] 9.289017381471282
[-3.17272655e+00 -2.00075909e-01  1.60827979e-02 -9.37205314e+00
  3.33043314e+02] 9.374202321665665
[-3.16757559e+00 -8.43570704e-02  3.41683631e-01 -9.32715276e+00
  3.33285753e+02] 9.33379035312117
[-3.19467873e+00 -1.24235294e-01 -1.08822103e-01 -9.37799541e+00
  3.32952859e+02] 9.379449585048915
[-3.15996943e+00 -7.27631001e-02  2.98383940e-03 -9.51477738e+00
  3.31638114e+02] 9.51505607134642
[-3.17208025e+00  3.09210212e-01 -2.25903609e-01 -9.25230665e+00
  3.33962581e+02] 9.260227948648579
[-3.16246547e+00 -4.15195628e-02  1.34169030e-01 -9.56464430e+00
  3.34727597e+02] 9.565675393205284
[-3.21071337e+00 -1.87432075e-01 -2.00338094e-01 -9.67694575e+00
  3.34311133e+02] 9.680833908367722
[-3.21195750e+00  8.77003403e-02  1.77443515e-02 -9.10138710e+00
  3.30932344e+02] 9.101826924403776
[-3.14911697e+00 -1.01927791e-01 -2.72959433e-03 -9.05247948e+00
  3.30325376e+02] 9.053053708298114
[-3.22608302e+00  1.14452583e-01 -3.42584611e-02 -8.97484077e+00
  3.29680267e+02] 8.975635906257862
[-3.17456018e+00  1.53935457e-01  4.73175796e-02 -9.22480567e+00
  3.33116046e+02] 9.226211290560663
[-3.10970199e+00 -1.12501150e-02  2.78635039e-01 -9.03553645e+00
  3.33692318e+02] 9.039838659635402
[-3.22471359e+00  1.02853875e-01 -1.87238568e-01 -9.16057413e+00
  3.30742575e+02] 9.163064751749847
[-3.13956730e+00 -5.56285877e-03  1.95428123e-01 -9.26911018e+00
  3.33912738e+02] 9.271171808591108
[-3.09958586e+00  2.66800764e-01  4.09583751e-02 -8.79441562e+00
  3.29999322e+02] 8.798557055961616
[-3.22323156e+00 -2.86801299e-01 -7.15330008e-03 -9.25311402e+00
  3.31306275e+02] 9.257560433854577
[-3.19223874e+00 -1.34906591e-02 -3.98665956e-02 -9.13334923e+00
  3.32579185e+02] 9.133446198560156
[-3.19915666e+00  6.95372522e-02  1.44755099e-01 -9.25759669e+00
  3.31394558e+02] 9.258989471150908
[-3.19629761e+00  7.07362098e-02  1.99884423e-01 -9.50437610e+00
  3.34503685e+02] 9.506740890054637
[-3.13143274e+00 -2.77738672e-01 -6.85128341e-02 -9.19089948e+00
  3.31986252e+02] 9.195350239798708
[-3.10303781e+00 -5.78740963e-02 -1.41582978e-01 -9.26013071e+00
  3.34648946e+02] 9.261393844107381
[-3.22828043e+00  2.53582312e-02  6.59185294e-03 -9.25036684e+00
  3.33335864e+02] 9.250403942700386
[-3.20092494e+00  4.06956935e-03 -4.15211715e-01 -9.40129274e+00
  3.32794526e+02] 9.41045814823941
[-3.12187724e+00  1.29353694e-01 -1.31763406e-01 -9.12132504e+00
  3.32822302e+02] 9.123193763497794
[-3.21789696e+00  8.34117602e-02  2.49271489e-02 -9.48221272e+00
  3.35384081e+02] 9.482612349010651
[-3.18039891e+00  1.55776364e-01 -2.23360530e-01 -9.37685917e+00
  3.28861089e+02] 9.380812551843333
[-3.15347697e+00  3.89579554e-02  7.94075829e-02 -9.37451779e+00
  3.33451864e+02] 9.37493504232456
[-3.14342079e+00 -2.38215752e-01 -2.97467140e-01 -9.45303111e+00
  3.33246564e+02] 9.460709841454452
[-3.26253549e+00 -3.62780524e-01  1.26189258e-01 -9.37644457e+00
  3.32255861e+02] 9.384308505140382
[-3.11237962e+00 -6.78601605e-02  1.28473359e-01 -9.09082881e+00
  3.31159322e+02] 9.091989816072626
[-3.16461259e+00 -5.41301699e-02  9.88374726e-02 -9.54914928e+00
  3.35411764e+02] 9.549814178802162
[-3.11265981e+00  4.22653950e-02  1.56083915e-02 -8.91205484e+00
  3.29999568e+02] 8.912168724544308
[-3.11898550e+00 -4.14070172e-02  4.36630178e-02 -9.08854679e+00
  3.32795376e+02] 9.088745990312917
[-3.20460926e+00  1.34958098e-01  6.24437438e-02 -9.32248076e+00
  3.31755021e+02] 9.323666687343593
[-3.08967385e+00  4.80748430e-03 -1.98070987e-01 -9.14037851e+00
  3.31761856e+02] 9.142525606467645
[-3.11047464e+00  1.99369331e-01 -2.24462167e-01 -9.08452921e+00
  3.30181617e+02] 9.089488565479277
[-3.13053998e+00 -1.90882567e-01 -2.98527332e-01 -9.54326983e+00
  3.34242536e+02] 9.549845748206597
[-3.13891540e+00 -1.75235794e-01  3.32916487e-02 -9.20000818e+00
  3.31923783e+02] 9.20173713822483
[-3.09270907e+00  1.38694262e-01 -3.31426069e-01 -8.97282050e+00
  3.30577276e+02] 8.980010418217999
[-3.16413530e+00 -3.20003811e-01  5.77870229e-02 -9.16046839e+00
  3.30625681e+02] 9.16623820553339
[-3.15778416e+00  6.09626784e-02 -6.05726132e-02 -9.19621387e+00
  3.31256430e+02] 9.196615414032479
[-3.22405019e+00  5.43694373e-02  5.10038745e-02 -9.37875075e+00
  3.31668419e+02] 9.379047023205354
[-3.19884280e+00  1.88573738e-01  8.20827987e-02 -9.23112858e+00
  3.32424835e+02] 9.233419328820592
[-3.18592437e+00  9.95018278e-02 -1.99317164e-01 -9.14295181e+00
  3.33284741e+02] 9.145665411072741
[-3.23109141e+00 -3.12784687e-02  2.13040181e-01 -9.10021425e+00
  3.29052361e+02] 9.102761330002435
[-3.26808598e+00 -1.74575754e-01  3.45368140e-02 -9.09836902e+00
  3.30296566e+02] 9.100109242169124
[-3.21245141e+00  8.21091514e-02 -1.01764605e-01 -9.23997176e+00
  3.32382590e+02] 9.240896934016906
[-3.15632557e+00  2.42943459e-01 -6.21017721e-02 -9.38469936e+00
  3.32494530e+02] 9.38804879866936
[-3.16936072e+00 -1.84808877e-01 -5.04126779e-02 -9.03402547e+00
  3.29495162e+02] 9.036056218899965
[-3.17965413e+00 -2.58957967e-01  2.00459844e-01 -9.64176199e+00
  3.35438274e+02] 9.647321783948165
[-3.12997887e+00 -1.95082082e-02  8.38576188e-02 -9.32068504e+00
  3.34124403e+02] 9.321082675168412
[-3.15990501e+00 -1.27048193e-01  1.54824325e-01 -9.17736363e+00
  3.30879624e+02] 9.179548733054887
[-3.23995020e+00 -1.08898321e-01  1.94087039e-01 -9.47679630e+00
  3.35613002e+02] 9.479409090479958
[-3.24246399e+00 -1.28521323e-03  3.57088323e-02 -9.57764341e+00
  3.34826151e+02] 9.57771006822844
[-3.18434244e+00 -1.93719844e-01  1.99309950e-02 -9.51117553e+00
  3.34318056e+02] 9.5131690035493
[-3.09119771e+00 -3.44100626e-02 -7.63319859e-02 -8.96175364e+00
  3.32302694e+02] 8.96214477194809
[-3.16652384e+00  1.47787013e-01 -9.92177703e-02 -9.10796265e+00
  3.31865835e+02] 9.109701910143285
[-3.20087994e+00 -2.05688937e-01 -2.88757938e-02 -9.25535117e+00
  3.32102447e+02] 9.257681511623764
[-3.25311712e+00  4.17664739e-02 -2.69525889e-01 -9.31420442e+00
  3.30898994e+02] 9.318196854389798
[-3.29456266e+00  8.40400167e-02  2.74145548e-02 -9.50946155e+00
  3.34382058e+02] 9.509872410839062
[-3.20192168e+00 -4.81907506e-02  2.02055784e-02 -9.26986384e+00
  3.30842477e+02] 9.270011120184787
[-3.12949149e+00  2.69642440e-01  6.91947572e-02 -9.20890103e+00
  3.33070501e+02] 9.213107680797542
[-3.15968748e+00  3.79455810e-01  3.15368989e-01 -9.39440261e+00
  3.34803599e+02] 9.40735057222594
[-3.15648840e+00 -2.96319726e-01 -1.59998672e-01 -9.25887237e+00
  3.31777956e+02] 9.264994467071409
[-3.21251511e+00  8.31691407e-02  3.51090318e-01 -9.32299715e+00
  3.31405441e+02] 9.329976275851797
[-3.26278189e+00  1.30885175e-02  2.11153875e-01 -9.38494199e+00
  3.31828937e+02] 9.387326208543632
[-3.25437120e+00 -1.13593325e-01 -4.58503896e-02 -9.33251030e+00
  3.30213315e+02] 9.333314212604613
[-3.15726951e+00 -1.12420166e-01  8.17000507e-02 -9.20999286e+00
  3.32698437e+02] 9.211041286723171
[-3.21106524e+00  2.41728139e-01 -5.67298964e-02 -9.26539910e+00
  3.33128330e+02] 9.268725439098146
[-3.13186677e+00 -4.57653950e-02 -1.68212849e-01 -9.13746730e+00
  3.28219597e+02] 9.139130080807597
[-3.16530058e+00 -1.23582174e-02  4.76458011e-02 -9.09533327e+00
  3.32497791e+02] 9.095466458162985
[-3.18749787e+00  4.33460251e-03 -4.46351839e-02 -9.42279783e+00
  3.32356733e+02] 9.422904539689986
[-3.11605056e+00 -2.35305067e-01 -9.03117481e-02 -9.15194564e+00
  3.31517088e+02] 9.155415537305288
[-3.19500909e+00  5.80383262e-01  1.76438074e-01 -9.21127047e+00
  3.29424737e+02] 9.231223042138268
[-3.18998173e+00 -2.90047571e-01 -7.68476398e-02 -9.18941605e+00
  3.32501454e+02] 9.194313483076636
[-3.19242884e+00 -3.90166710e-02 -7.29961349e-02 -9.37379726e+00
  3.30099627e+02] 9.374162675825538
[-3.17834465e+00 -5.00474749e-02 -1.85306171e-01 -9.14038489e+00
  3.31693430e+02] 9.14240007620799
[-3.20620751e+00  1.74415224e-01 -1.14322996e-02 -9.20929801e+00
  3.30727479e+02] 9.210956587525144
[-3.20675039e+00 -1.84437400e-01  2.81099610e-01 -9.16716274e+00
  3.30566255e+02] 9.17332582958383
[-3.22416247e+00 -1.86249380e-01 -4.50792249e-02 -9.37833480e+00
  3.32925001e+02] 9.380292346129648
[-3.20707066e+00 -2.03602547e-01 -1.83277727e-01 -9.23944781e+00
  3.31873779e+02] 9.243508020404935
[-3.17423270e+00  6.36725421e-02  3.19256048e-01 -9.13079650e+00
  3.31787444e+02] 9.136598017285623
[-3.20229713e+00 -1.73573182e-01 -1.39106456e-01 -9.02950663e+00
  3.31238410e+02] 9.03224602804005
[-3.20652332e+00  2.72021664e-01  2.14991058e-01 -9.12008072e+00
  3.31853588e+02] 9.126669118922536
[-3.13100659e+00 -2.67441545e-01  3.88156165e-01 -9.05458651e+00
  3.32404100e+02] 9.066847691765638
[-3.19807526e+00  1.02202449e-01 -3.71346096e-01 -9.36859658e+00
  3.33117607e+02] 9.376510288019333
[-3.16037353e+00 -3.24509340e-02 -2.71143784e-02 -9.56100545e+00
  3.36307191e+02] 9.561098969758909
[-3.17317562e+00  1.15882099e-01  2.68036422e-01 -9.41713119e+00
  3.35425976e+02] 9.421657607064356
[-3.13172124e+00  1.09903570e-01  3.00783098e-01 -9.29518680e+00
  3.32668603e+02] 9.300701415709852
[-3.21175690e+00  2.32803345e-02 -5.95716176e-03 -9.29900984e+00
  3.30133278e+02] 9.299040892249563
[-3.15470026e+00 -1.39693634e-01 -4.28756416e-03 -9.24271488e+00
  3.31306882e+02] 9.243771475790748
[-3.20062520e+00  1.66089573e-01 -4.22610070e-03 -9.18738370e+00
  3.30985037e+02] 9.1888858370284
[-3.17582803e+00 -2.92172130e-01 -2.82307762e-01 -9.21053263e+00
  3.30843458e+02] 9.219488787919488
[-3.14166682e+00  3.52847239e-01  6.24232658e-02 -9.45344157e+00
  3.34331138e+02] 9.460230191479502
[-3.06252319e+00  9.26720513e-02 -4.92266559e-02 -9.30321920e+00
  3.32544887e+02] 9.303810985133081
[-3.21118558e+00  1.66679507e-01  8.01891513e-02 -9.11300669e+00
  3.33339450e+02] 9.114883614262338
[-3.06997338e+00 -1.66267997e-01  1.89941498e-01 -9.21688004e+00
  3.33196698e+02] 9.220336241337037
[-3.16478399e+00  2.88177676e-03  2.39792302e-01 -9.06446877e+00
  3.31172914e+02] 9.067640421717064
[-3.17250591e+00 -5.89722891e-02  2.70251714e-01 -9.30385585e+00
  3.33336478e+02] 9.30796687637676
[-3.09131013e+00 -1.03457564e-01  5.98620890e-02 -8.94289538e+00
  3.29277915e+02] 8.943694134365376
[-3.15142975e+00 -1.20799367e-01 -1.10840267e-01 -9.01462214e+00
  3.30789926e+02] 9.01611281866752
[-3.21302432e+00  1.72127368e-02  1.04802617e-01 -9.57710735e+00
  3.33873373e+02] 9.577696233742147
[-3.24944743e+00 -5.64006306e-02  1.33350819e-01 -9.27358691e+00
  3.33153391e+02] 9.274717122665345
[-3.18109452e+00  6.56438683e-02 -3.21486260e-01 -9.31927552e+00
  3.32885501e+02] 9.325050068223648
[-3.17702061e+00 -1.56146274e-01  1.95280059e-01 -9.27306972e+00
  3.33887254e+02] 9.276439939372091
[-3.19202605e+00 -6.00116109e-02 -1.34199125e-01 -9.45479614e+00
  3.33693495e+02] 9.455938920610421
[-3.12427065e+00  2.35994548e-01 -2.32994618e-02 -9.02584049e+00
  3.27856008e+02] 9.02895524501086
[-3.26593246e+00  1.02478843e-01 -3.12997343e-02 -9.49385543e+00
  3.34365673e+02] 9.494460092825289
[-3.16573075e+00 -1.57828650e-02  8.73016861e-02 -9.45844362e+00
  3.34908877e+02] 9.458859677574486
[-3.19428884e+00  5.57547018e-02  7.38553188e-02 -9.33112488e+00
  3.30066162e+02] 9.331583718360449
[-3.17095198e+00 -1.09575228e-01 -1.38766467e-01 -9.22423081e+00
  3.32393459e+02] 9.225925258751316
[-3.20408787e+00 -9.27248709e-02 -3.21306919e-02 -9.68676733e+00
  3.34378969e+02] 9.687264397182243
[-3.21160598e+00 -4.76163500e-02 -3.08390788e-01 -9.20348696e+00
  3.31802167e+02] 9.208775398104939
[-3.13948817e+00 -5.46693196e-02  2.01025469e-01 -8.97775052e+00
  3.28528585e+02] 8.980167277887078
[-3.15904468e+00 -1.06724152e-01 -2.84791471e-01 -9.62337223e+00
  3.35576920e+02] 9.628176842870896
[-3.16400078e+00 -1.71992523e-01 -4.89865371e-02 -9.41558551e+00
  3.33588489e+02] 9.417283661558228
[-3.20752390e+00  1.41200384e-01  3.68859298e-02 -9.18134486e+00
  3.30768282e+02] 9.182504644206887
[-3.19373692e+00 -7.24296528e-02 -4.49740978e-01 -9.05201359e+00
  3.29970204e+02] 9.06346860297115
[-3.24578253e+00 -1.09514559e-02 -1.67783263e-01 -9.18378567e+00
  3.31248221e+02] 9.185324731445801
[-3.11237068e+00  1.68546750e-01 -1.28699276e-01 -9.35010439e+00
  3.32138582e+02] 9.352508948773023
[-3.25237365e+00 -2.28706854e-01  6.95457685e-02 -9.23736777e+00
  3.33084559e+02] 9.240460307165351
[-3.15513698e+00 -1.54024107e-01 -2.18870353e-01 -9.07703178e+00
  3.30534793e+02] 9.080976471868398
[-3.12875225e+00  3.54687211e-01  5.67461187e-02 -9.03300827e+00
  3.30633736e+02] 9.040147208911014
[-3.14583137e+00  8.45177392e-03 -3.67395067e-01 -9.21430477e+00
  3.31527099e+02] 9.221630167636448
[-3.12127468e+00 -1.07037349e-01 -4.50861223e-02 -8.97203096e+00
  3.28966010e+02] 8.972782696373063
[-3.20102967e+00  7.14043725e-02  3.50004005e-02 -9.34636552e+00
  3.33511983e+02] 9.346703801601993
[-3.25453845e+00 -1.46104320e-01  1.64056398e-01 -9.10160937e+00
  3.31463934e+02] 9.10426021290908
[-3.14479486e+00 -7.00695444e-03 -2.47724034e-01 -9.41228935e+00
  3.34617376e+02] 9.41555134599563
[-3.16747493e+00  1.42870103e-01 -6.76623254e-02 -9.18326536e+00
  3.30618849e+02] 9.184625887370727
[-3.11400896e+00 -2.28133646e-01  1.45667317e-02 -9.26918127e+00
  3.31216245e+02] 9.271999708064401
[-3.16653437e+00 -1.09489033e-01 -1.46347351e-01 -9.15046762e+00
  3.31958681e+02] 9.152292773500559
[-3.10319464e+00 -2.83095679e-01  5.22725470e-02 -9.21897574e+00
  3.32771815e+02] 9.22346948640347
[-3.20071078e+00  1.50673830e-01  8.89203114e-02 -9.62296626e+00
  3.35220386e+02] 9.624556569109455
[-3.09145085e+00  1.51782269e-01 -1.89352700e-01 -9.14047412e+00
  3.33056636e+02] 9.143695068885046
[-3.20151281e+00 -2.11851052e-01 -2.62101075e-02 -9.19692916e+00
  3.30896028e+02] 9.199406170342247
[-3.14673866e+00 -8.00912079e-02 -2.74438808e-02 -9.12821497e+00
  3.34278748e+02] 9.128607575965201
[-3.20434361e+00  2.06614164e-01 -1.80996245e-01 -9.14073017e+00
  3.30721744e+02] 9.14485631637306
[-3.20818145e+00 -6.80752698e-02 -1.73129803e-01 -9.18839408e+00
  3.30206910e+02] 9.190277145904222
[-3.16696454e+00 -1.03361000e-01  7.46694888e-02 -8.89929861e+00
  3.29208557e+02] 8.900212063619112
[-3.12878054e+00  3.22292711e-02  5.67973464e-02 -9.32657616e+00
  3.32287032e+02] 9.326804790871552
[-3.32037367e+00 -2.06967738e-01  1.52380103e-01 -9.62502328e+00
  3.32499818e+02] 9.628454107945558
[-3.26773091e+00 -7.98091049e-03 -1.21633915e-01 -9.09506034e+00
  3.30556338e+02] 9.095877143137042
[-3.16291984e+00  7.82887447e-02  2.52660513e-02 -9.31989671e+00
  3.33528944e+02] 9.320259772398028
[-3.17062200e+00  1.25012145e-01  2.68228529e-02 -9.07167594e+00
  3.31928860e+02] 9.072576913475753
[-3.13371223e+00  7.73418677e-02  1.50825150e-01 -9.24123343e+00
  3.32563956e+02] 9.242787740251135
[-3.08730266e+00  1.62884604e-01  5.79801753e-02 -9.17173063e+00
  3.33918101e+02] 9.173360114137633
[-3.17460352e+00  2.04837024e-01 -5.36738070e-02 -9.22416093e+00
  3.32302727e+02] 9.226591132401277
[-3.25738890e+00  7.39548177e-02 -1.56415928e-01 -9.34450740e+00
  3.32539109e+02] 9.34610901915799
[-3.10697516e+00 -1.01576757e-01  1.84475473e-01 -9.46410170e+00
  3.33742764e+02] 9.466444422379029
[-3.18878538e+00 -1.26070281e-01  1.87932920e-01 -9.43552544e+00
  3.33762140e+02] 9.438238859045908
[-3.19088727e+00 -8.34693203e-02 -1.77966241e-01 -9.50422629e+00
  3.34067016e+02] 9.5062588088519
[-3.18603590e+00  6.41515688e-02  2.33056411e-01 -9.10035852e+00
  3.28175009e+02] 9.103568305819998
[-3.15863934e+00 -1.20045914e-01 -3.29340417e-02 -9.20585485e+00
  3.32290949e+02] 9.206696429947282
[-3.25736830e+00  1.53520616e-01  1.04816481e-01 -9.27485313e+00
  3.30369737e+02] 9.276715778392528
[-3.24050909e+00 -2.40757693e-01 -7.56891940e-02 -9.57297338e+00
  3.34364288e+02] 9.576299520808817
[-3.13029306e+00  1.05655942e-02 -6.08192839e-02 -9.42565876e+00
  3.33840055e+02] 9.425860897920254
[-3.23991237e+00  2.70182039e-01 -7.44801562e-02 -8.99644102e+00
  3.29622135e+02] 9.000805337691222
[-3.12856351e+00  3.44053583e-01 -1.74036169e-01 -8.86383782e+00
  3.28983478e+02] 8.872219698901814
[-3.22211103e+00 -4.33201225e-02 -8.32810034e-02 -9.15422397e+00
  3.31307096e+02] 9.154705288431915
[-3.15966212e+00  3.25676978e-01  4.93286676e-02 -9.33871570e+00
  3.35110130e+02] 9.344522977949472
[-3.14650207e+00 -3.83734760e-01  2.65828423e-02 -9.32523207e+00
  3.33150753e+02] 9.333161961034408
[-3.17069680e+00  8.01149631e-02 -3.66346514e-02 -9.47606819e+00
  3.33468127e+02] 9.476477664794835
[-3.14751048e+00 -5.78287835e-02  6.68899056e-02 -9.15810779e+00
  3.32261574e+02] 9.158534637740257
[-3.22822183e+00  1.69092754e-01 -2.40177148e-01 -8.88107921e+00
  3.30285420e+02] 8.885935256999188
[-3.12869569e+00  1.17012833e-01 -2.94765853e-02 -9.18254770e+00
  3.29724278e+02] 9.183340520867848
[-3.10773605e+00  1.04739297e-01 -2.14818518e-01 -9.13446905e+00
  3.30912086e+02] 9.137594986885858
[-3.10744528e+00  3.77380589e-01 -1.12868595e-01 -9.26542468e+00
  3.32366856e+02] 9.273793719826303
[-3.10074837e+00 -2.12925693e-01  1.87066080e-01 -9.15035267e+00
  3.32656676e+02] 9.154741122158743
[-3.14469434e+00 -2.94074665e-02 -1.45697906e-01 -9.37222395e+00
  3.33143997e+02] 9.373402504956521
[-3.18457898e+00 -2.75165000e-01 -6.11266520e-02 -9.42647467e+00
  3.34787506e+02] 9.430688041032973
[-3.26856162e+00  1.70977626e-01  1.67866202e-01 -9.40684842e+00
  3.32386201e+02] 9.409899556499123
[-3.17041929e+00  1.11987194e-01 -9.74955587e-02 -9.53494776e+00
  3.36253603e+02] 9.536103783478605
[-3.17484955e+00  2.20454800e-01 -1.54544605e-01 -9.31072506e+00
  3.30829120e+02] 9.314616766646736
[-3.18203127e+00 -1.86849460e-01 -1.39415947e-01 -9.16166294e+00
  3.31241557e+02] 9.164628598222551
[-3.13183115e+00 -2.88689255e-01  1.81518099e-01 -9.17312353e+00
  3.31689498e+02] 9.179459989105185
[-3.17767029e+00  2.22728774e-02 -1.16130199e-01 -8.91690488e+00
  3.29489479e+02] 8.917688882331872
[-3.14644723e+00  1.45143732e-01  1.90048742e-01 -9.43245799e+00
  3.32789121e+02] 9.43548880045877
[-3.10613431e+00  3.67359416e-02  2.35510164e-01 -9.33459883e+00
  3.34044896e+02] 9.337641554857402
[-3.14675479e+00  1.88355885e-02  2.34174911e-01 -9.27119027e+00
  3.33636561e+02] 9.274166358886173
[-3.13745457e+00 -2.43525124e-01 -7.56214334e-02 -9.20153745e+00
  3.31838874e+02] 9.20507004727688
[-3.15331310e+00  1.35873459e-01 -1.98400934e-01 -9.39061628e+00
  3.31554461e+02] 9.3936946202162
[-3.20623245e+00  6.87486948e-03  1.38654480e-01 -9.21038262e+00
  3.30928906e+02] 9.211428787165994
[-3.19516432e+00 -9.27126122e-02 -4.34877499e-03 -9.12393601e+00
  3.31758464e+02] 9.124408081930994
[-3.19705300e+00  7.02632251e-03  1.11981147e-01 -9.53669479e+00
  3.35395604e+02] 9.537354800918001
[-3.25028520e+00 -3.43203896e-01  1.48467861e-01 -9.32279094e+00
  3.32757095e+02] 9.330287379854227
[-3.08870024e+00  1.27244132e-01  4.07916300e-02 -9.18896048e+00
  3.33276205e+02] 9.189931975344612
[-3.18701886e+00  3.15278093e-02 -1.72839695e-01 -9.50096332e+00
  3.33201373e+02] 9.502587623096588
[-3.16462968e+00  8.31888825e-02 -1.17621705e-01 -9.21339083e+00
  3.32656610e+02] 9.214517123706111
[-3.26493658e+00 -9.46924145e-04 -8.04814515e-02 -9.43583466e+00
  3.34822319e+02] 9.436177932903348
[-3.14735656e+00 -8.03248917e-02  1.40977183e-02 -9.36367369e+00
  3.31782744e+02] 9.364028825424477
[-3.13994140e+00  2.49579470e-02 -8.50642390e-02 -9.17236081e+00
  3.33364220e+02] 9.172789200759725
[-3.17394249e+00 -9.42609069e-02 -1.59012982e-01 -9.32324660e+00
  3.32451682e+02] 9.325078951494094
[-3.15756140e+00  5.91644009e-02 -1.43668640e-01 -9.21360786e+00
  3.30267092e+02] 9.214917841698194
[-3.14603024e+00 -1.52766997e-01 -6.38645587e-02 -9.42908638e+00
  3.34705094e+02] 9.430540092659703
[-3.14997403e+00  1.70901630e-01 -4.75189576e-02 -9.29011772e+00
  3.32579412e+02] 9.291811057223747
[-3.30731579e+00  8.56740792e-02 -3.21728848e-03 -9.37442932e+00
  3.32166610e+02] 9.374821359038126
[-3.20398843e+00  1.72753586e-01  2.10223959e-02 -9.31493400e+00
  3.33794942e+02] 9.3165595122321
[-3.17220297e+00  5.99534655e-02 -4.47037469e-02 -9.38864840e+00
  3.34217488e+02] 9.388946244843064
[-3.13665025e+00  1.38771137e-01  1.45060765e-01 -9.39834119e+00
  3.34694859e+02] 9.400484943191948
[-3.11359427e+00 -2.33025010e-01  2.99978363e-01 -9.33958885e+00
  3.35683679e+02] 9.347310180889071
[-3.16863562e+00  2.53301495e-01 -7.40953715e-02 -9.30049390e+00
  3.31286105e+02] 9.304237671406623
[-3.10429035e+00  3.08136405e-02  6.86762606e-02 -9.47342204e+00
  3.34528756e+02] 9.473721075636806
[-3.17177661e+00 -8.84927750e-02 -3.05292843e-02 -9.04277842e+00
  3.30918416e+02] 9.043262935441284
[-3.20674900e+00  1.55146258e-01  1.69643701e-02 -9.54435770e+00
  3.33338834e+02] 9.545633666116496
[-3.23818432e+00  9.79307100e-02  3.69710334e-01 -9.54052712e+00
  3.34635527e+02] 9.548190080324318
[-3.18151877e+00 -9.57177637e-02 -3.25009928e-02 -9.56350202e+00
  3.36047170e+02] 9.564036232694976
[-3.11953617e+00 -3.06135961e-02  1.14587461e-01 -8.99220647e+00
  3.29867360e+02] 8.992988641287107
[-3.15747954e+00  1.55238682e-02  2.59079340e-01 -9.41920480e+00
  3.34278623e+02] 9.42277996038239
[-3.16759644e+00  7.72107218e-02 -5.53694584e-02 -9.12185351e+00
  3.32818822e+02] 9.122348308434733
[-3.17224319e+00  1.43334099e-02 -2.04689173e-01 -9.23886659e+00
  3.33431368e+02] 9.241144894877818
[-3.25775326e+00  2.27510672e-02 -8.62451132e-02 -9.53381983e+00
  3.34584517e+02] 9.534237064910531
[-3.13328944e+00  3.06195811e-01  1.71791899e-01 -9.37392488e+00
  3.33702429e+02] 9.380497639374386
[-3.11207140e+00 -1.71489574e-01 -8.20692720e-02 -9.36699423e+00
  3.33041332e+02] 9.368923358569278
[-3.18611113e+00  1.69271651e-01  4.96308042e-02 -9.42605444e+00
  3.34137137e+02] 9.427704833107263
[-3.22602490e+00  9.66191943e-02  3.67433055e-02 -9.33512582e+00
  3.32091313e+02] 9.335698118325782
[-3.08256892e+00 -2.46921729e-01  1.62123258e-01 -9.21007936e+00
  3.32601912e+02] 9.214815034242143
[-3.26367880e+00 -4.01968679e-02 -6.29733518e-02 -9.51315680e+00
  3.34823672e+02] 9.513450144320693
[-3.15775377e+00  1.15193409e-01 -2.09877134e-01 -8.96011622e+00
  3.29848656e+02] 8.963314153637944
[-3.27954981e+00  3.32245855e-01 -6.31504023e-02 -9.30048116e+00
  3.29433386e+02] 9.3066280187401
[-3.25025869e+00 -1.49968043e-01 -1.63772799e-02 -9.28288535e+00
  3.31444496e+02] 9.28411110478581
[-3.26015881e+00 -8.87244221e-02 -3.45903041e-02 -9.44783629e+00
  3.34464466e+02] 9.448316202401402
[-3.20073559e+00  2.12068184e-01 -3.10763891e-02 -9.27516869e+00
  3.31634062e+02] 9.277644787809338
[-3.14231993e+00  1.43963091e-02  1.22643822e-03 -9.13874548e+00
  3.30682650e+02] 9.138756899101109
[-3.24746757e+00 -1.02818468e-01 -3.77998186e-02 -9.29629881e+00
  3.31556240e+02] 9.296944230155269
[-3.12279943e+00  1.92824853e-01  1.96091830e-01 -9.15006545e+00
  3.33176310e+02] 9.154197464839184
[-3.18651129e+00  1.03898546e-01  2.37766389e-01 -9.42883438e+00
  3.33626445e+02] 9.43240401316043
[-3.25210936e+00  2.11149643e-01 -8.88045895e-02 -9.21142917e+00
  3.30191530e+02] 9.214276845635059
[-3.10964289e+00 -2.28097385e-01  1.68206033e-01 -9.15567026e+00
  3.32175415e+02] 9.16005565590016
[-3.17705910e+00 -1.20806102e-01 -2.24634425e-01 -9.16661535e+00
  3.31902355e+02] 9.170163121865029
[-3.19269898e+00 -1.57605755e-01  6.91783329e-02 -9.18095756e+00
  3.30983663e+02] 9.182570822457375
[-3.07913584e+00 -1.26293241e-01  3.42636056e-01 -9.22512708e+00
  3.33231808e+02] 9.23235176183626
[-3.09593481e+00 -1.10944641e-01  3.90093829e-02 -9.07717836e+00
  3.30810055e+02] 9.07794015748048
[-3.17507379e+00 -3.06375450e-01  1.54410642e-02 -9.24869757e+00
  3.30902896e+02] 9.253783609077386
[-3.12447345e+00  1.16746792e-01  5.92436969e-02 -9.09185456e+00
  3.31238290e+02] 9.092797094447237
[-3.16132143e+00 -2.41187972e-01 -4.64014470e-02 -9.31917007e+00
  3.32675245e+02] 9.322406099682496
[-3.15756646e+00  2.83799777e-01  1.70748340e-01 -9.37631793e+00
  3.30751473e+02] 9.38216581137899
[-3.11884384e+00  7.67657632e-02 -1.60435787e-01 -9.10578804e+00
  3.31041772e+02] 9.107524826320342
[-3.14511740e+00  4.35701090e-02  2.55053980e-01 -9.37490796e+00
  3.33796235e+02] 9.378478030198492
[-3.24834648e+00 -2.13716252e-02  6.34893132e-02 -9.23848703e+00
  3.31216159e+02] 9.238729906679517
[-3.17258265e+00 -3.37647834e-02  2.50785181e-01 -9.24178174e+00
  3.31386640e+02] 9.245245429971735
[-3.24111494e+00 -5.73906262e-02  2.48497616e-01 -9.37702263e+00
  3.31173126e+02] 9.380490297015212
[-3.15790335e+00 -2.69559069e-01 -1.44668611e-01 -9.12961868e+00
  3.30286264e+02] 9.13474292265928
[-3.08035742e+00 -1.87280480e-01  2.36097502e-01 -9.08615712e+00
  3.30800711e+02] 9.091153241411877
[-3.23362047e+00 -1.20471584e-01 -1.02989856e-01 -9.53691493e+00
  3.34319216e+02] 9.538231848187934
[-3.21120512e+00  1.07225670e-02 -2.44497905e-02 -9.18188994e+00
  3.31893987e+02] 9.181928756567979
[-3.18063926e+00 -7.65079415e-02 -3.00506230e-01 -9.48484175e+00
  3.34690699e+02] 9.489909399150106
[-3.17314776e+00  1.98995593e-01 -4.21250331e-01 -9.21872635e+00
  3.32525798e+02] 9.230491136481088
[-3.21564527e+00  6.32997235e-02 -3.53348668e-01 -9.44868401e+00
  3.29464063e+02] 9.455500607966425
[-3.19837552e+00 -1.39756241e-02  8.17517299e-02 -9.50973047e+00
  3.32771055e+02] 9.510092125595182
[-3.16512586e+00 -1.75195000e-01 -2.58740023e-02 -9.17633485e+00
  3.33222870e+02] 9.178043588061257
[-3.19213313e+00  1.93113845e-01 -8.12177905e-02 -9.21689408e+00
  3.33035481e+02] 9.2192746856834
[-3.08216957e+00 -2.87900426e-01 -1.99932061e-01 -9.08613719e+00
  3.30865494e+02] 9.092895498048781
[-3.12240207e+00  1.75204084e-01  1.13655857e-01 -9.14725569e+00
  3.30803603e+02] 9.149639375348816
[-3.21178571e+00  2.11616605e-02 -5.09418487e-02 -9.40926124e+00
  3.32973443e+02] 9.40942293847753
[-3.16548763e+00 -1.19534443e-01  4.76695851e-02 -9.11771404e+00
  3.31323402e+02] 9.118622166888876
[-3.19621353e+00 -7.60634390e-02 -3.01519679e-03 -9.26735863e+00
  3.31435787e+02] 9.267671268449357
[-3.14166741e+00  9.65709954e-02 -2.06387041e-01 -9.51871411e+00
  3.36303232e+02] 9.521441056410273
[-3.13440315e+00  1.59671515e-01  2.32096248e-01 -9.55203440e+00
  3.34375149e+02] 9.556187774303659
[-3.20729756e+00  1.55890902e-01 -4.45284157e-01 -9.16753091e+00
  3.32901524e+02] 9.179662464576053
[-3.08397555e+00 -1.14260090e-02  6.47346737e-03 -9.27059993e+00
  3.32348754e+02] 9.270609227652733
[-3.18654076e+00 -1.53828697e-01  1.37008046e-01 -9.19397218e+00
  3.32151554e+02] 9.19627961919401
[-3.22320208e+00 -3.80734645e-01  1.00329040e-02 -9.13718142e+00
  3.30751171e+02] 9.145115844084241
[-3.20503871e+00  6.36111885e-02  1.65915290e-01 -9.21750643e+00
  3.32074233e+02] 9.219219003531286
[-3.15352990e+00  1.23147128e-01 -3.71522659e-02 -9.10321318e+00
  3.31329063e+02] 9.104121907752843
[-3.18253587e+00  3.56325988e-01 -1.88835132e-01 -9.26916999e+00
  3.32707308e+02] 9.277938305096175
[-3.18346664e+00  2.22446191e-01  1.27127686e-01 -9.00417914e+00
  3.32252355e+02] 9.00782358191849
[-3.25058413e+00 -9.21247796e-02  1.14967258e-01 -9.56087807e+00
  3.35102312e+02] 9.562013067068436
[-3.24691606e+00  2.55821832e-01  2.94959491e-02 -9.24086443e+00
  3.32189809e+02] 9.244451859289562
[-3.19114562e+00  9.69520975e-02  1.85041542e-01 -9.09622853e+00
  3.29818039e+02] 9.09862701750497
[-3.31736472e+00  1.76275804e-01 -8.77471550e-02 -9.44391213e+00
  3.32159137e+02] 9.445964699198413
[-3.21101604e+00 -8.51243309e-02  8.69436355e-02 -9.31135799e+00
  3.34688070e+02] 9.31215296742747
[-3.23929494e+00  1.24042958e-01  4.41493214e-02 -9.44843540e+00
  3.32711400e+02] 9.449352748091815
[-3.08911531e+00 -2.03989490e-01 -2.55287728e-01 -9.11019946e+00
  3.31990350e+02] 9.11605823809351
[-3.18821432e+00  2.34088502e-02 -2.19312603e-01 -9.27826149e+00
  3.31459733e+02] 9.280882623522725
[-3.11738804e+00  4.95616056e-02  3.95148858e-01 -9.08125671e+00
  3.31135299e+02] 9.089984730422524
[-3.10973452e+00 -8.73958103e-02 -1.51797093e-01 -9.15938927e+00
  3.32139167e+02] 9.161063926173645
[-3.21262691e+00 -6.51882483e-02  9.35889786e-02 -9.10902361e+00
  3.29959698e+02] 9.109737618321681
[-3.20106618e+00 -1.19806090e-01  3.67392772e-01 -9.16385936e+00
  3.31239376e+02] 9.172003557281252
[-3.16403045e+00  1.07867460e-01 -1.99481485e-02 -9.03680613e+00
  3.32773602e+02] 9.037471905260428
[-3.13015728e+00 -7.30118713e-02 -3.38355973e-01 -9.23509823e+00
  3.32012959e+02] 9.241582913096822
[-3.16407458e+00 -1.72029483e-01 -2.33416313e-02 -9.54191334e+00
  3.35064699e+02] 9.543492503211771
[-3.21284799e+00  1.91096352e-01 -1.65112972e-01 -9.04164552e+00
  3.31546244e+02] 9.045171849080308
[-3.16803206e+00 -3.21786922e-01 -7.92503740e-02 -9.52262671e+00
  3.33623816e+02] 9.528391624888213
[-3.10598138e+00 -7.06739934e-02  3.10288589e-01 -9.19122702e+00
  3.31796789e+02] 9.196734638902168
[-3.12583191e+00  2.91195414e-01 -1.63820268e-01 -8.83364747e+00
  3.30384282e+02] 8.839963768402681
[-3.14974125e+00 -1.36920852e-01 -2.38450195e-02 -8.91053534e+00
  3.29958923e+02] 8.911619149447365
[-3.18098050e+00 -1.24931751e-01  9.40795786e-02 -9.19373545e+00
  3.30022194e+02] 9.19506554648345
[-3.15350971e+00  3.31359305e-02 -9.86151283e-02 -9.10330721e+00
  3.32288139e+02] 9.103901641622661
[-3.17447463e+00 -4.55829240e-02  1.24298337e-03 -9.01035215e+00
  3.29832484e+02] 9.010467533280403
[-3.11375037e+00 -1.02987759e-01 -2.07606814e-01 -9.26606805e+00
  3.32813014e+02] 9.26896564513574
[-3.14965238e+00 -3.58956200e-02  5.96853838e-02 -9.37045173e+00
  3.32788061e+02] 9.370710567931711
[-3.23830718e+00 -2.08820458e-01 -9.30257079e-02 -9.63679731e+00
  3.34653455e+02] 9.63950839961927
[-3.21442403e+00  2.12396377e-01  6.16762946e-02 -9.35010169e+00
  3.32162186e+02] 9.352717139530107
[-3.19797633e+00 -1.28976087e-01  1.73183989e-01 -9.32957718e+00
  3.34359352e+02] 9.332075749949095
[-3.17269494e+00  1.92481389e-01  2.12897469e-01 -9.36916994e+00
  3.35271494e+02] 9.373564949392376
[-3.23074189e+00 -3.25719686e-02 -1.34474788e-01 -9.09730966e+00
  3.31636302e+02] 9.098361801898738
[-3.10101865e+00 -2.71765381e-01 -1.54681817e-01 -9.19228625e+00
  3.31830162e+02] 9.197603456245986
[-3.13783234e+00  2.29812101e-01 -2.54916509e-01 -9.46909184e+00
  3.32993667e+02] 9.475309824553271
[-3.16022348e+00  3.45923351e-01  1.22821125e-01 -9.04889962e+00
  3.31705783e+02] 9.05634210638116
[-3.17556569e+00  6.24346696e-02 -2.78812068e-02 -9.40781737e+00
  3.32065644e+02] 9.408065856470767
[-3.20899487e+00 -6.35422114e-02  7.80466182e-03 -9.41989512e+00
  3.33128669e+02] 9.420112664259745
[-3.17728491e+00  7.10560299e-02 -4.63520468e-04 -9.25814090e+00
  3.33176537e+02] 9.25841358701445
[-3.13557115e+00 -9.06581363e-02  6.26865776e-02 -9.20269911e+00
  3.31125589e+02] 9.203359142202851
[-3.25485514e+00  1.36505078e-01  4.56938059e-03 -9.03676149e+00
  3.28971731e+02] 9.037793575406955
[-3.14447708e+00 -3.79114350e-01 -1.36525530e-01 -9.23818460e+00
  3.34568550e+02] 9.246968242714097
[-3.20866118e+00  4.95334981e-02 -1.81643694e-01 -9.67581160e+00
  3.33234040e+02] 9.677643208499102
[-3.11295522e+00  1.05590142e-01  1.28767724e-01 -9.33792430e+00
  3.35360300e+02] 9.339409007027017
[-3.16362370e+00 -3.37503712e-01 -1.42993093e-01 -9.13175474e+00
  3.30731546e+02] 9.13910829481164
[-3.31435449e+00 -1.05674748e-01  1.67672545e-01 -9.38377323e+00
  3.28284020e+02] 9.385866037483401
[-3.13976955e+00 -1.35436664e-02  2.06689895e-01 -9.18882926e+00
  3.31364418e+02] 9.191163545124734
[-3.20916050e+00 -3.58628490e-02 -2.92569533e-01 -9.30744822e+00
  3.31584926e+02] 9.312114444067182
[-3.19652777e+00  7.67289146e-02 -9.98410271e-03 -9.37968452e+00
  3.32040619e+02] 9.380003665191943
[-3.14914748e+00  1.45794864e-01 -4.53842013e-02 -9.25986415e+00
  3.34413941e+02] 9.261123037709126
[-3.18728099e+00 -1.64737725e-01 -1.64470220e-01 -9.41732149e+00
  3.32777190e+02] 9.4201981385194
[-3.19167421e+00 -5.14785919e-02  8.91854223e-02 -9.49373560e+00
  3.33811438e+02] 9.494294065027356
[-3.22611502e+00 -5.72307732e-02  2.45652064e-01 -9.28861529e+00
  3.28260064e+02] 9.292039294310937
[-3.21841707e+00  1.68372997e-01 -1.29408017e-02 -9.33257516e+00
  3.30840160e+02] 9.334102851740518
[-3.09397307e+00  1.37997321e-01  2.41327915e-01 -9.24827495e+00
  3.33325663e+02] 9.252452214168303
[-3.19076404e+00  2.39000847e-01 -9.21850788e-02 -9.11234892e+00
  3.29751310e+02] 9.115948786269241
[-3.12481369e+00 -1.63999924e-01  1.14144103e-01 -9.11473121e+00
  3.32644646e+02] 9.11692107711199
[-3.21412768e+00  1.11591946e-01 -1.55765587e-01 -9.25896106e+00
  3.29842336e+02] 9.260943560351174
[-3.14464358e+00 -3.24525366e-01 -2.59162794e-01 -9.09420892e+00
  3.30423542e+02] 9.103687053360877
[-3.16002959e+00  7.83523207e-02  9.61523554e-02 -9.24335581e+00
  3.32947313e+02] 9.24418796069054
[-3.20742384e+00  5.68696582e-02  7.01132139e-02 -9.37883934e+00
  3.32363007e+02] 9.379273815328354
[-3.19311273e+00 -5.87880140e-02 -5.64399605e-02 -9.31723417e+00
  3.34613254e+02] 9.317590570605734
[-3.17262844e+00  3.70193168e-01  1.07261880e-01 -9.49129807e+00
  3.32105840e+02] 9.499120334470264
[-3.20010552e+00  3.00385950e-01  1.96462162e-01 -9.26319594e+00
  3.31540741e+02] 9.270147142984479
[-3.24893413e+00 -4.20972086e-02 -1.21896939e-01 -9.42762162e+00
  3.33254717e+02] 9.42850361417929
[-3.13401634e+00 -3.18306528e-02  7.11458991e-02 -9.53089833e+00
  3.35297966e+02] 9.5312170202963
[-3.19638348e+00  8.19066125e-02 -3.89085355e-02 -9.33448081e+00
  3.30479945e+02] 9.33492123954454
[-3.23488885e+00 -7.86420010e-02  2.12463784e-01 -9.19039962e+00
  3.30990190e+02] 9.193191539421294
[-3.15482135e+00  1.12280743e-01  1.59053817e-01 -8.92668069e+00
  3.29411983e+02] 8.928803573920963
[-3.28543231e+00 -5.90501765e-03 -2.41108089e-01 -9.23114234e+00
  3.31077852e+02] 9.2342924456819
[-3.32087477e+00  7.55907100e-02  5.57246415e-03 -9.01905896e+00
  3.28871213e+02] 9.019377446179016
[-3.21198148e+00 -1.85856669e-01  1.73114882e-01 -9.14308851e+00
  3.34186781e+02] 9.14661570734565
[-3.18112156e+00  2.07975287e-01 -1.71978985e-01 -9.17101902e+00
  3.32206973e+02] 9.174988850338302
[-3.20106543e+00  1.86001321e-01 -1.95704596e-01 -9.16827000e+00
  3.32139209e+02] 9.172244633689365
[-3.20284310e+00  3.08329554e-01 -1.46884078e-01 -9.18673917e+00
  3.31791373e+02] 9.19308536767941
[-3.17745663e+00 -1.11483964e-01  2.74224038e-01 -9.36239559e+00
  3.32520598e+02] 9.367074180036912
[-3.19892641e+00 -7.57280913e-02  2.28424261e-01 -9.25311562e+00
  3.33218405e+02] 9.256244434865764
[-3.23323408e+00  1.12937373e-01  2.16083530e-01 -9.17027357e+00
  3.31754113e+02] 9.173514278948218
[-3.26692709e+00 -1.10522420e-01 -8.66826562e-02 -9.38943507e+00
  3.31670540e+02] 9.390485608082065
[-3.12873020e+00  6.74359580e-02  7.90607687e-02 -9.22399577e+00
  3.33926899e+02] 9.224581088571997
[-3.12900312e+00 -2.29500343e-01 -1.24378502e-01 -9.24446526e+00
  3.34135954e+02] 9.248149993818112
[-3.16046377e+00 -9.75382008e-02 -2.14900823e-01 -9.14106012e+00
  3.30282374e+02] 9.144106092763797
[-3.11999290e+00 -1.18550258e-01  1.14158577e-01 -9.03808101e+00
  3.30599713e+02] 9.039579339441335
[-3.17447161e+00  5.58040931e-02  2.32224331e-01 -9.15786845e+00
  3.33586811e+02] 9.160982305314871
[-3.19681902e+00 -1.33266919e-02  2.66892337e-02 -9.29661130e+00
  3.32281247e+02] 9.29665916063827
[-3.21566829e+00 -2.38970366e-01 -2.15463508e-01 -8.86956463e+00
  3.26194913e+02] 8.875399042561579
[-3.20016789e+00 -1.15682382e-01 -7.61849606e-02 -9.07264895e+00
  3.32090114e+02] 9.073706275040163
[-3.15765194e+00  2.39352038e-01 -9.95361168e-02 -9.48351697e+00
  3.34130146e+02] 9.48705913055452
[-3.21521533e+00  4.18680120e-02 -1.81100171e-01 -9.49256973e+00
  3.34902081e+02] 9.494389409322407
[-3.22260676e+00 -3.11022433e-03  6.61526341e-02 -9.49487296e+00
  3.33757917e+02] 9.495103913190288
[-3.14716239e+00  1.44002740e-02  6.58665928e-02 -9.19584702e+00
  3.33285184e+02] 9.196094180852178
[-3.16993380e+00 -1.78453536e-01 -1.98515422e-01 -9.06047469e+00
  3.31417412e+02] 9.064405973011443
[-3.18258407e+00  3.54907170e-02 -1.49344105e-02 -9.36422736e+00
  3.33048818e+02] 9.364306520042529
[-3.15610216e+00  1.36456627e-01 -1.11577509e-01 -9.23783538e+00
  3.30507303e+02] 9.239516892231325
[-3.26046751e+00  9.09236275e-02  2.03939266e-02 -9.45158786e+00
  3.31806387e+02] 9.45204719029812
[-3.14332332e+00  4.28676182e-02 -2.24155569e-01 -9.25127292e+00
  3.32629310e+02] 9.254087423575312
[-3.12817467e+00 -1.55388987e-01  1.68579811e-01 -8.90633742e+00
  3.30870913e+02] 8.909287912451004
[-3.09992171e+00 -5.28234245e-03  3.64035416e-01 -9.39461604e+00
  3.31742411e+02] 9.401667952750886
[-3.11231557e+00 -1.39493594e-01  2.45018711e-01 -9.20750024e+00
  3.30398239e+02] 9.211815956162983
[-3.20575582e+00 -1.12917099e-01 -1.47183324e-01 -9.37932459e+00
  3.33380799e+02] 9.381158931195776
[-3.26068866e+00 -5.13352309e-02 -4.85003440e-02 -9.47752801e+00
  3.33067215e+02] 9.477791130792708
[-3.19580561e+00  2.07954692e-01  1.00663775e-01 -9.43326958e+00
  3.31360145e+02] 9.4360984162504
[-3.22069997e+00 -2.10625996e-01 -1.97133498e-01 -9.37892711e+00
  3.33847694e+02] 9.383362860272904
[-3.18199238e+00  2.58244532e-02 -3.87269712e-02 -9.27134161e+00
  3.32578489e+02] 9.271458456891835
[-3.23907592e+00  1.75955698e-01  8.42856246e-03 -9.35421809e+00
  3.31611926e+02] 9.355876632076608
[-3.20486328e+00 -4.68619727e-02  1.15982048e-01 -9.34794574e+00
  3.31539768e+02] 9.34878267280934
[-3.20855829e+00  3.48562058e-01 -3.09150876e-01 -9.24904670e+00
  3.32714585e+02] 9.260773976823685
[-3.23685429e+00  3.05477007e-01 -2.92913875e-01 -9.25205722e+00
  3.31682586e+02] 9.261731881808101
[-3.20874881e+00 -7.99347537e-02  4.20789180e-02 -9.01901125e+00
  3.28646907e+02] 9.019463625920856
[-3.17568049e+00 -2.08826197e-01  2.23116106e-01 -9.12717209e+00
  3.31904305e+02] 9.132286652120328
[-3.24480352e+00 -7.05436279e-02 -2.42880214e-02 -9.51499773e+00
  3.33337839e+02] 9.515290228820172
[-3.12027501e+00  6.52821157e-02 -7.96277319e-02 -9.16436788e+00
  3.31092065e+02] 9.164946311759458
[-3.13606934e+00  1.24170640e-01 -2.58928528e-01 -9.20472179e+00
  3.33020242e+02] 9.209200048085998
[-3.18026558e+00  1.64934809e-02  9.84570259e-02 -9.59088258e+00
  3.34309702e+02] 9.591402113168279
[-3.13380573e+00  6.90709978e-02 -2.84319527e-02 -9.28444902e+00
  3.31746548e+02] 9.284749472491624
[-3.17091352e+00  8.00600292e-02 -8.26860480e-03 -8.98985443e+00
  3.29675116e+02] 8.990214711897698
[-3.25210453e+00  1.33643895e-01  1.79116357e-01 -9.50935402e+00
  3.33995687e+02] 9.511979665020116
[-3.16988059e+00  1.49822719e-01 -9.54380229e-02 -9.27502901e+00
  3.31519344e+02] 9.276729943366197
[-3.19011568e+00 -1.98996052e-01 -1.03338563e-01 -9.36550998e+00
  3.33555503e+02] 9.368193819192136
[-3.11874635e+00 -5.70272863e-02  2.79765621e-02 -9.32823346e+00
  3.34574064e+02] 9.32844972684881
[-3.18457871e+00 -1.00146900e-01  1.29500858e-01 -9.21475324e+00
  3.31077435e+02] 9.21620730976901
[-3.17036706e+00 -1.24253562e-01 -1.61872430e-02 -9.06892483e+00
  3.31075879e+02] 9.069790433285625
[-3.19349701e+00 -1.04285666e-01  1.75345197e-01 -9.29825449e+00
  3.32618862e+02] 9.300492355762978
[-3.19362114e+00  2.41319878e-02  2.25434715e-01 -9.27756358e+00
  3.31104616e+02] 9.280333456250169
[-3.21359618e+00 -1.88477806e-01  3.04951247e-02 -9.38510291e+00
  3.33555232e+02] 9.387044821707509
[-3.15770826e+00 -3.80770673e-01 -2.01917709e-01 -9.12188707e+00
  3.32164590e+02] 9.13206333377366
[-3.12658033e+00 -4.87429476e-02  1.59925001e-01 -9.50081661e+00
  3.35508481e+02] 9.502287524312429
[-3.22202052e+00 -1.06243935e-01  1.10469846e-01 -9.24204790e+00
  3.33831492e+02] 9.243318711189783
[-3.22164533e+00  8.41649207e-02 -1.33867937e-01 -9.17034664e+00
  3.30509404e+02] 9.171709868212888
[-3.13548812e+00  2.90910915e-01 -1.42998471e-02 -9.19769949e+00
  3.32093858e+02] 9.202310015817826
[-3.17770238e+00 -1.67063164e-01 -9.77074295e-02 -9.15414675e+00
  3.31649798e+02] 9.156192420707544
[-3.16164870e+00  1.54156665e-01  4.04752481e-02 -9.61695595e+00
  3.37080673e+02] 9.618276578357172
[-3.16487894e+00 -2.78220177e-01 -4.71928560e-02 -9.38166656e+00
  3.32361524e+02] 9.385909708120241
[-3.29701891e+00 -2.25491864e-01 -4.67052239e-02 -9.60808377e+00
  3.34107707e+02] 9.610842925463459
[-3.11916348e+00  2.42647035e-01  5.89905808e-03 -9.51037708e+00
  3.34636337e+02] 9.513473844884757
[-3.16443522e+00 -6.99064134e-02  4.84985828e-02 -9.27522204e+00
  3.33685810e+02] 9.275612265543952
[-3.10139205e+00 -2.94425249e-01 -2.83565470e-01 -9.15309463e+00
  3.33318788e+02] 9.16221790693017
[-3.24391731e+00 -4.68259582e-02 -2.57056127e-01 -9.27377400e+00
  3.32172789e+02] 9.277454109852853
[-3.15692808e+00 -2.35294796e-01  4.70066942e-02 -9.37126910e+00
  3.33894117e+02] 9.374340392756862
[-3.18636115e+00  1.92989739e-01  8.59813198e-02 -9.14844168e+00
  3.30928308e+02] 9.150880997240764
[-3.12480289e+00 -2.61250693e-03  2.35727214e-01 -9.27651450e+00
  3.32936454e+02] 9.27950944147784
[-3.19960478e+00  1.87304910e-01 -1.48955709e-01 -9.47842626e+00
  3.33426381e+02] 9.481446900810568
[-3.25444616e+00  1.38529693e-01 -2.03087197e-01 -9.30778390e+00
  3.32189067e+02] 9.31102980407544
[-3.24080872e+00  3.75978652e-02 -3.20004824e-02 -9.53479598e+00
  3.31125762e+02] 9.534923808507395
[-3.17474052e+00  1.33487685e-01 -2.20669520e-02 -9.48162070e+00
  3.32656781e+02] 9.482585988207536
[-3.07949996e+00  1.34302881e-01 -1.36585668e-01 -9.17627646e+00
  3.32986683e+02] 9.178275577844964
[-3.06853230e+00  7.90947672e-02  1.35326808e-01 -9.16339062e+00
  3.31153942e+02] 9.164731147992054
[-3.24864813e+00  5.28220742e-02  2.70511080e-01 -9.32975187e+00
  3.32909448e+02] 9.333822169244016
[-3.16838073e+00  4.68711169e-02  1.26155476e-01 -9.19433495e+00
  3.32879636e+02] 9.195319853820816
[-3.17865546e+00  2.15933095e-01 -8.28145953e-02 -9.39968286e+00
  3.33338235e+02] 9.402527491495464
[-3.21137826e+00 -1.88955045e-01 -1.63809870e-01 -9.31310838e+00
  3.32583610e+02] 9.316465285846506
[-3.21179252e+00 -2.91579549e-02  2.55984699e-01 -9.33995970e+00
  3.31632508e+02] 9.343512483008496
[-3.14538506e+00  1.12286058e-01 -2.60566039e-01 -9.33612618e+00
  3.34106305e+02] 9.34043654532797
[-3.17118711e+00  9.33217070e-02 -5.86638579e-02 -9.27046289e+00
  3.32937992e+02] 9.27111819031893
[-3.19198130e+00 -1.46008040e-01 -2.21368949e-01 -9.42964546e+00
  3.32408362e+02] 9.433373522605244
[-3.21606078e+00 -2.06102754e-01  2.81986030e-02 -9.39217314e+00
  3.34469201e+02] 9.39447655368509
[-3.20082742e+00 -1.47113162e-02  4.36577815e-02 -9.60449134e+00
  3.35529617e+02] 9.60460183214492
[-3.19621995e+00  1.49455490e-01 -2.33216345e-01 -9.11059796e+00
  3.29830200e+02] 9.114807843496873
[-3.17632022e+00  1.39176998e-01  4.45205803e-03 -9.33077709e+00
  3.31991198e+02] 9.331816071896412
[-3.17242034e+00  8.20554287e-02  1.92224111e-01 -8.98371864e+00
  3.30520867e+02] 8.98614955345923
[-3.16758285e+00  3.83936237e-02  3.52409186e-02 -9.45992856e+00
  3.33860166e+02] 9.460072108456226
[-3.13920640e+00 -1.05633293e-01  1.09280247e-02 -8.95535958e+00
  3.28371484e+02] 8.95598922842563
[-3.10704336e+00  1.33710579e-01 -9.96883550e-02 -9.22783945e+00
  3.33326374e+02] 9.229346520929024
[-3.20400521e+00  3.16090828e-01  2.13297550e-01 -9.15489763e+00
  3.28736800e+02] 9.16283579504271
[-3.18822271e+00  1.47979306e-01  1.54673179e-01 -9.14843208e+00
  3.30972757e+02] 9.150936079458651
