/mnt/stage/douwei/Simulation/5kt_root/2MeV/5kt_+11.00.root
[-3.40537191e+00  1.40354779e-01 -2.54678848e-01  1.11611060e+01
  3.46793780e+02] 11.16489356292623
[-3.32923110e+00  2.76460922e-01 -6.72756540e-02  1.13191830e+01
  3.50180897e+02] 11.322758489061084
[-3.38124137e+00  1.72186771e-01  8.81754600e-02  1.08582875e+01
  3.46137185e+02] 10.860010598147419
[-3.40804642e+00  3.04207217e-01  1.36368176e-01  1.15964582e+01
  3.49680102e+02] 11.601249148880965
[-3.36479798e+00  1.24835974e-01 -3.42577034e-02  1.14145305e+01
  3.48076674e+02] 11.41526451830614
[-3.37333400e+00  2.75040646e-02 -5.33394767e-02  1.13797788e+01
  3.47780453e+02] 11.37993699807289
[-3.47960543e+00  7.17196390e-02  1.19768533e-01  1.14746214e+01
  3.45778615e+02] 11.47547060193099
[-3.30592348e+00  2.49550923e-01  1.72037765e-01  1.11914305e+01
  3.47661754e+02] 11.19553438827364
[-3.30170773e+00  1.26394311e-01 -1.98483079e-02  1.14268587e+01
  3.49494851e+02] 11.427574904350283
[-3.34106123e+00  6.99637596e-02  3.14958853e-03  1.12623607e+01
  3.47985215e+02] 11.262578415942444
[-3.34533523e+00  1.05012687e-01 -3.27570404e-01  1.11645206e+01
  3.47054493e+02] 11.16981874522699
[-3.25668859e+00  9.31345521e-02  9.26827026e-02  1.11316095e+01
  3.48879187e+02] 11.132384886882727
[-3.35362433e+00 -2.85567912e-02  5.89649894e-02  1.12597699e+01
  3.46748024e+02] 11.259960472781644
[-3.40652265e+00 -8.91298966e-02  2.97192677e-01  1.12846592e+01
  3.46406975e+02] 11.288923831384869
[-3.39654689e+00 -2.31683045e-02  2.02322926e-01  1.13085277e+01
  3.47727290e+02] 11.31036119411409
[-3.25970814e+00  3.05895105e-01 -4.22598992e-01  1.13706205e+01
  3.48320338e+02] 11.382581935635239
[-3.33861171e+00 -2.75521976e-01  1.83313276e-02  1.11998100e+01
  3.47852821e+02] 11.203213451809578
[-3.34698616e+00  2.51076922e-02  1.07457368e-01  1.09883021e+01
  3.44943130e+02] 10.988856167391392
[-3.36708689e+00 -3.43691017e-01 -1.80377651e-01  1.11043796e+01
  3.46907879e+02] 11.111161351456813
[-3.33082345e+00  4.54546119e-02  8.05149410e-02  1.09190338e+01
  3.44837242e+02] 10.919425225312143
[-3.43830927e+00 -1.19238477e-01 -7.44680551e-02  1.12102501e+01
  3.46838496e+02] 11.211131516028887
[-3.37300949e+00  2.22885447e-01 -1.26614363e-01  1.11906141e+01
  3.46108544e+02] 11.193549610140987
[-3.39307952e+00 -9.14389447e-02 -1.21488296e-01  1.13931257e+01
  3.49625215e+02] 11.39414031604361
[-3.38704909e+00  2.50397479e-02  1.21145999e-01  1.14405303e+01
  3.50869309e+02] 11.441199090017033
[-3.37896112e+00 -7.94870849e-02 -7.27208799e-03  1.10926239e+01
  3.46722861e+02] 11.092911044360772
[-3.34172925e+00 -5.41774419e-02 -1.84489674e-01  1.11184734e+01
  3.46280259e+02] 11.120135905032736
[-3.44129984e+00 -5.10549645e-02 -2.38448930e-02  1.13912538e+01
  3.45114415e+02] 11.391393214730112
[-3.33313360e+00  1.22255627e-01  1.12033221e-04  1.10511611e+01
  3.47190808e+02] 11.05183733238796
[-3.38170907e+00 -1.44616652e-01  2.18356932e-01  1.14674007e+01
  3.49556607e+02] 11.470391156056051
[-3.37756037e+00  4.03327372e-02  1.28449704e-01  1.09671468e+01
  3.43510379e+02] 10.967973111042571
[-3.40091882e+00  1.68006723e-01 -9.14734463e-02  1.11287176e+01
  3.44722654e+02] 11.130361543693613
[-3.29510042e+00 -3.59470258e-01  1.46831920e-01  1.12806988e+01
  3.49227377e+02] 11.287379811466652
[-3.40715715e+00  2.34100586e-01 -7.48315749e-02  1.14815603e+01
  3.48976087e+02] 11.484190431258252
[-3.43667256e+00  1.60296892e-01  5.33795788e-02  1.11036225e+01
  3.46088495e+02] 11.104907809820606
[-3.39768611e+00  1.17409343e-01 -5.58539573e-02  1.12989386e+01
  3.46302198e+02] 11.29968664910095
[-3.42729352e+00  9.59999381e-03 -5.31234299e-02  1.11415227e+01
  3.47550911e+02] 11.141653525066966
[-3.38085677e+00 -6.10749904e-03 -6.66859136e-02  1.10923295e+01
  3.49070047e+02] 11.092531614119627
[-3.26560039e+00  1.70572062e-01 -3.12254955e-01  1.15280307e+01
  3.52339860e+02] 11.533520252754089
[-3.37162017e+00 -3.24510542e-01  8.81193856e-02  1.10906513e+01
  3.45060109e+02] 11.09574777983832
[-3.35859561e+00 -6.95085668e-02  1.52893877e-01  1.10188289e+01
  3.45002263e+02] 11.020108771606235
[-3.35169265e+00 -8.71602295e-02 -1.50576878e-02  1.10021507e+01
  3.47551700e+02] 11.002506228378799
[-3.30539577e+00 -8.84471044e-02 -6.06523022e-02  1.12610415e+01
  3.50459748e+02] 11.261552175373655
[-3.34759739e+00  2.82489447e-02 -1.28310121e-01  1.11751920e+01
  3.47587962e+02] 11.175964299490744
[-3.39521953e+00  2.75541468e-01 -5.16296238e-02  1.11815396e+01
  3.46768152e+02] 11.18505331113172
[-3.36470024e+00  4.56306769e-02  1.27859884e-01  1.12330999e+01
  3.47557100e+02] 11.233920218821613
[-3.42281227e+00 -2.40766546e-01  7.83229306e-02  1.10489987e+01
  3.45169640e+02] 11.051899142661764
[-3.38154846e+00  1.57832484e-02  2.00089957e-03  1.14683893e+01
  3.50391422e+02] 11.468400333104427
[-3.34850895e+00  1.36600151e-02 -8.10141525e-02  1.12137745e+01
  3.46096075e+02] 11.214075470792801
[-3.45059448e+00 -6.45375973e-02  1.37218747e-01  1.14920402e+01
  3.47556034e+02] 11.493040593495895
[-3.39846025e+00 -1.89844502e-01  9.77247429e-02  1.13878926e+01
  3.46758620e+02] 11.389894137623118
[-3.46815352e+00 -2.82325256e-01  7.47258085e-02  1.14825080e+01
  3.48632796e+02] 11.486221326142054
[-3.33801938e+00  5.43728422e-02  9.97152887e-02  1.08406665e+01
  3.44930799e+02] 10.841261488764829
[-3.36763206e+00  8.62927977e-02 -2.93663368e-02  1.13260427e+01
  3.49611174e+02] 11.326409498177393
[-3.41371415e+00  2.28568319e-02  1.01102372e-01  1.15218912e+01
  3.50958049e+02] 11.522357469207657
[-3.44405027e+00 -3.79413917e-02 -2.34849401e-01  1.13719109e+01
  3.47640468e+02] 11.374398945577132
[-3.33018093e+00 -6.72468756e-02  1.11730477e-01  1.09100265e+01
  3.44685210e+02] 10.910805864662521
[-3.31915361e+00 -2.21229446e-02  1.76787870e-01  1.09581680e+01
  3.44860035e+02] 10.959616327759132
[-3.37384045e+00 -5.25873821e-02  1.34501937e-02  1.15406136e+01
  3.47040354e+02] 11.540741220867728
[-3.37201686e+00  1.28152010e-01 -7.67660790e-02  1.10743151e+01
  3.44810888e+02] 11.07532259600738
[-3.35732559e+00  3.63035082e-01  2.38258192e-02  1.12027709e+01
  3.47492798e+02] 11.2086768755317
[-3.38495590e+00 -3.60436492e-02 -2.79235649e-02  1.11755411e+01
  3.47890782e+02] 11.175634096554946
[-3.36129648e+00  1.13240057e-01  2.92440405e-02  1.09015303e+01
  3.45891632e+02] 10.902157641733698
[-3.38266278e+00 -3.02291862e-02  5.83133588e-02  1.14059948e+01
  3.49452749e+02] 11.406183965838759
[-3.27741835e+00 -5.86009357e-02 -9.09829202e-02  1.09701699e+01
  3.46172207e+02] 10.970703651543657
[-3.34941652e+00 -5.20775338e-02 -3.20144414e-02  1.11500875e+01
  3.46173866e+02] 11.150255093307827
[-3.23914494e+00  2.74389734e-01 -2.54070439e-01  1.11369188e+01
  3.48940085e+02] 11.143195331426506
[-3.37222408e+00 -1.80187703e-02  2.54760381e-01  1.09966672e+01
  3.46570495e+02] 10.99963254787574
[-3.36763904e+00 -1.05903593e-01  1.40396059e-01  1.10395898e+01
  3.46349670e+02] 11.040990439065878
[-3.35018127e+00  7.49750282e-02  1.47296163e-01  1.10061656e+01
  3.45960395e+02] 11.007406516791873
[-3.35022502e+00 -2.61230532e-01  2.37364384e-01  1.11043642e+01
  3.47005052e+02] 11.109972467834757
[-3.37397245e+00  3.34969816e-01 -1.21028184e-01  1.12533387e+01
  3.47030997e+02] 11.258973543986771
[-3.40203159e+00  2.55598000e-01 -7.13282981e-02  1.10885457e+01
  3.45399530e+02] 11.091720477777127
[-3.46573270e+00  7.05934168e-02  1.66840806e-01  1.11093146e+01
  3.46403712e+02] 11.110791611723343
[-3.48400782e+00 -4.36168826e-02  3.31518538e-01  1.13306635e+01
  3.44546440e+02] 11.335596231182684
[-3.31659644e+00 -2.30950296e-01 -8.66258325e-02  1.11442954e+01
  3.47436329e+02] 11.147024842852002
[-3.44282999e+00 -2.85036049e-01  7.39083627e-02  1.12979108e+01
  3.47123504e+02] 11.301747454691993
[-3.32751684e+00 -1.00581401e-01 -4.68454026e-02  1.08739596e+01
  3.44946508e+02] 10.874525657139984
[-3.33222446e+00  1.14089535e-01 -8.86142525e-02  1.11890674e+01
  3.47109584e+02] 11.18999990173624
[-3.40205330e+00 -1.17364270e-01 -1.41234717e-01  1.10367100e+01
  3.46338062e+02] 11.038237623566717
[-3.35092373e+00 -2.31529649e-01 -1.94257880e-01  1.11413460e+01
  3.46612199e+02] 11.14544449913015
[-3.41277806e+00  1.31681532e-01 -7.97246775e-02  1.13480526e+01
  3.47637063e+02] 11.349096624768222
[-3.32780760e+00  2.67962988e-01 -1.82043920e-01  1.10987649e+01
  3.47031446e+02] 11.103491622765098
[-3.30178015e+00 -8.94567801e-02  9.17576339e-03  1.09917528e+01
  3.44888834e+02] 10.992120619311535
[-3.43050232e+00  8.42113292e-02  1.23324939e-01  1.12678944e+01
  3.47812758e+02] 11.2688838717181
[-3.48899557e+00 -3.54096574e-01 -7.67248066e-02  1.11949557e+01
  3.48753171e+02] 11.200817115991534
[-3.33295576e+00  1.93482452e-01 -1.84414141e-01  1.11213664e+01
  3.47673049e+02] 11.124577923050275
[-3.40976488e+00 -3.59371869e-02 -4.45081328e-02  1.13873884e+01
  3.49198503e+02] 11.387532071280074
[-3.31698509e+00 -1.45083095e-01  1.43234006e-01  1.12494815e+01
  3.49040325e+02] 11.251328799593537
[-3.40210259e+00  4.11769995e-02  4.13922926e-01  1.11385139e+01
  3.45262405e+02] 11.146278302064632
[-3.34648421e+00 -1.10444081e-01 -2.30554885e-01  1.11066851e+01
  3.46725906e+02] 11.109626790053905
[-3.35142386e+00 -1.60353296e-01  3.91919657e-02  1.09719226e+01
  3.44219212e+02] 10.973164267153905
[-3.35220681e+00  1.85790483e-01 -2.40929420e-02  1.09822662e+01
  3.45260147e+02] 10.983864050268664
[-3.39123440e+00  3.10697969e-01 -2.85633032e-02  1.12583231e+01
  3.45900683e+02] 11.262645656292868
[-3.37877019e+00 -9.58876206e-02 -1.52592402e-01  1.12722932e+01
  3.48726914e+02] 11.273733750054317
[-3.37017647e+00  1.21736682e-01 -1.04246086e-01  1.13606580e+01
  3.50135322e+02] 11.36178846153699
[-3.33850404e+00  8.62068846e-02 -3.10058374e-02  1.11511002e+01
  3.47328322e+02] 11.151476482648114
[-3.36602031e+00  1.30949288e-01  2.74458816e-01  1.11444447e+01
  3.45342851e+02] 11.148592841999713
[-3.31118550e+00  4.22388888e-02  2.93257910e-01  1.11421653e+01
  3.47544324e+02] 11.146103886813956
[-3.38711125e+00  1.38762689e-01  8.85770521e-02  1.10717359e+01
  3.46385568e+02] 11.072959682426868
[-3.30982921e+00  1.82736953e-02 -8.55264223e-02  1.10288878e+01
  3.45345696e+02] 11.029234503223467
[-3.31224177e+00  5.58703375e-02  1.82669860e-01  1.10114349e+01
  3.43962563e+02] 11.013091690616994
[-3.44093613e+00  1.10142140e-01 -2.22247279e-01  1.14660220e+01
  3.49101420e+02] 11.468704664071497
[-3.34471728e+00  1.34446497e-01  3.54088465e-01  1.11548451e+01
  3.46325050e+02] 11.161273413395818
[-3.39814563e+00  1.76756323e-01  2.02703153e-01  1.13821226e+01
  3.49410162e+02] 11.38529954354226
[-3.37385405e+00 -1.30725717e-01  7.93289696e-02  1.14632312e+01
  3.50325919e+02] 11.464251026584302
[-3.40657754e+00  1.44270468e-01  1.12940128e-02  1.11268792e+01
  3.44997640e+02] 11.127820227809162
[-3.32709496e+00 -1.09005179e-01  5.77836908e-02  1.12430207e+01
  3.50498665e+02] 11.243697568479613
[-3.33775315e+00  2.31569203e-01  1.54383600e-02  1.11383727e+01
  3.46845704e+02] 11.140790306260318
[-3.39801014e+00  1.80125681e-01 -2.01481281e-02  1.12493172e+01
  3.48819951e+02] 11.250777295312572
[-3.35558663e+00  3.88699282e-02  9.66534756e-02  1.12097719e+01
  3.45794212e+02] 11.210256014327062
[-3.36852197e+00 -8.33656274e-02 -8.39072214e-02  1.09485352e+01
  3.45102604e+02] 10.949174072749654
[-3.32080194e+00 -9.89399998e-02  2.04802340e-01  1.11289114e+01
  3.43635404e+02] 11.131235427675362
[-3.38957300e+00 -8.81424870e-02  2.17735796e-01  1.11042228e+01
  3.45749811e+02] 11.106707059054514
[-3.29938387e+00  1.48204013e-01 -8.50244569e-02  1.09578121e+01
  3.43922899e+02] 10.959144114215345
[-3.35394012e+00 -9.52206672e-03  5.03401492e-01  1.12013033e+01
  3.45334852e+02] 11.212613407676455
[-3.38147662e+00  7.52381961e-02  1.46408435e-01  1.11260981e+01
  3.47260313e+02] 11.127315756149187
[-3.32693763e+00  1.79814910e-01  3.76900019e-02  1.15107828e+01
  3.50068674e+02] 11.512248873771656
[-3.35082402e+00  8.57800803e-02  7.45528570e-02  1.10924765e+01
  3.45555816e+02] 11.093058659651282
[-3.43885385e+00 -6.77419922e-02 -3.30523199e-02  1.12460778e+01
  3.46063677e+02] 11.246330438093345
[-3.42093344e+00  1.34527985e-01 -2.26696214e-02  1.13536212e+01
  3.48379623e+02] 11.354440791139307
[-3.47734437e+00 -5.92598797e-02  3.87836366e-03  1.10982064e+01
  3.45441878e+02] 11.098365332845331
[-3.33966118e+00  4.34348603e-02  8.27845399e-02  1.14679219e+01
  3.50131980e+02] 11.468302907255943
[-3.33524417e+00 -9.69910116e-02  1.01242641e-01  1.14549898e+01
  3.49313278e+02] 11.455847817996524
[-3.43112975e+00  1.37127728e-01 -2.12136737e-01  1.13843481e+01
  3.48145160e+02] 11.387150111986942
[-3.33463988e+00 -8.13795810e-02 -4.15735074e-02  1.12484141e+01
  3.47974503e+02] 11.248785292364634
[-3.37171274e+00  1.18448665e-01 -2.23596164e-04  1.09920303e+01
  3.43294150e+02] 10.992668497979164
[-3.28892537e+00  7.23101357e-02  1.61812608e-01  1.11522504e+01
  3.47344140e+02] 11.153658615925078
[-3.39243856e+00  1.08515712e-01  1.76125095e-02  1.11461349e+01
  3.44813409e+02] 11.146677036387686
[-3.36989675e+00 -1.05925884e-01 -5.90715402e-02  1.13314191e+01
  3.50853233e+02] 11.332068184085536
[-3.30076223e+00 -2.36095093e-01 -1.52622926e-02  1.12913693e+01
  3.48838357e+02] 11.293847675121594
[-3.40855762e+00 -4.01569104e-01 -2.22149336e-01  1.10096104e+01
  3.44246224e+02] 11.019170998776817
[-3.37285843e+00 -1.91597563e-01 -5.82623532e-02  1.10850918e+01
  3.46807241e+02] 11.08690060030531
[-3.35490445e+00  1.26783503e-01 -2.44817755e-02  1.13533121e+01
  3.49302163e+02] 11.354046396371977
[-3.28867292e+00  1.77139548e-01  7.10185353e-02  1.10041368e+01
  3.43519079e+02] 11.005791564146225
[-3.31289377e+00 -1.51606395e-01  2.10388164e-02  1.10952754e+01
  3.46121194e+02] 11.096331080702605
[-3.44068576e+00 -7.97244584e-02 -1.26758360e-01  1.12431223e+01
  3.45238841e+02] 11.24411946334278
[-3.31900068e+00 -1.70149799e-01  7.65112810e-02  1.14007685e+01
  3.49504254e+02] 11.402294804537878
[-3.40923066e+00  3.15282454e-02 -8.23401575e-02  1.11099795e+01
  3.46349697e+02] 11.110329396953075
[-3.38528286e+00 -8.58137237e-02  4.55727799e-02  1.11533394e+01
  3.45981625e+02] 11.153762626680155
[-3.33372138e+00 -2.77636023e-01  1.01365293e-01  1.12818656e+01
  3.48561142e+02] 11.285736498476744
[-3.43548691e+00  3.78761690e-01 -7.54215683e-02  1.10812826e+01
  3.46677455e+02] 11.088010311163591
[-3.41246468e+00 -3.39759372e-01 -2.21883386e-01  1.11478992e+01
  3.45580751e+02] 11.155282389521894
[-3.37146795e+00 -9.47093047e-02  6.65939344e-03  1.13280303e+01
  3.48779883e+02] 11.328428151421292
[-3.40189861e+00 -2.75544648e-01  1.87557442e-01  1.13263807e+01
  3.48310946e+02] 11.331284252415092
[-3.45838970e+00  2.35660257e-01 -1.17537809e-01  1.11205723e+01
  3.44414456e+02] 11.123689953084007
[-3.38115266e+00 -2.30716487e-01  9.63823820e-02  1.12515763e+01
  3.46753812e+02] 11.254354207574304
[-3.39651816e+00  3.31516050e-01 -2.52325676e-02  1.11713718e+01
  3.48722812e+02] 11.176318151239569
[-3.43745651e+00  1.68150388e-01  1.19328956e-01  1.11973675e+01
  3.47872747e+02] 11.199265733567364
[-3.42426022e+00 -2.67109350e-02 -1.50088946e-01  1.13180258e+01
  3.45670630e+02] 11.319052391751157
[-3.32219627e+00  1.71822404e-01  7.43048857e-02  1.12482261e+01
  3.49634503e+02] 11.249783784782252
[-3.32148164e+00  1.06761496e-01  2.19853220e-01  1.10137052e+01
  3.45138945e+02] 11.0164166655219
[-3.45363809e+00  6.42274574e-02  1.42416146e-01  1.14235063e+01
  3.50377762e+02] 11.424574596449373
[-3.53925047e+00 -2.29399373e-01 -1.68815959e-01  1.13274467e+01
  3.45464543e+02] 11.331026986713423
[-3.41359887e+00  6.64345598e-02 -7.75303335e-02  1.10338572e+01
  3.45120313e+02] 11.03432955275962
[-3.34821605e+00  1.17016982e-02  1.52776281e-01  1.13356572e+01
  3.48569588e+02] 11.33669271035491
[-3.47672834e+00  1.32845153e-01 -3.25572497e-03  1.09435877e+01
  3.45078080e+02] 10.944394485072714
[-3.37336817e+00  5.58656797e-02 -3.89677313e-02  1.13804919e+01
  3.50016370e+02] 11.380695749008781
[-3.39771198e+00  1.44504060e-01  5.48331322e-02  1.14574654e+01
  3.50048872e+02] 11.458507829637096
[-3.38319358e+00 -2.91508569e-01 -2.73549340e-02  1.11207741e+01
  3.47107633e+02] 11.12462774428456
[-3.35259030e+00 -3.71684128e-02  1.98314750e-02  1.12965889e+01
  3.47828862e+02] 11.296667407645225
[-3.34027480e+00  2.49857671e-01  8.18105655e-02  1.12233082e+01
  3.47928497e+02] 11.226387205996753
[-3.38298941e+00  3.15005031e-02 -5.27439163e-02  1.13322582e+01
  3.47984729e+02] 11.332424764385236
[-3.45515295e+00 -4.02903834e-03 -2.00913674e-01  1.14437120e+01
  3.49270484e+02] 11.445476289344194
[-3.40005808e+00  5.66296135e-02 -6.77403214e-02  1.16464007e+01
  3.49021122e+02] 11.646735424155695
[-3.36197852e+00  2.40978296e-01 -2.58970222e-01  1.12418465e+01
  3.46460449e+02] 11.247410790590655
[-3.38297049e+00 -2.24007201e-01  3.01805634e-02  1.10928165e+01
  3.45801761e+02] 11.095119095743506
[-3.32510327e+00 -2.07947587e-01  2.13052368e-02  1.11142933e+01
  3.45659182e+02] 11.11625891820779
[-3.28515211e+00  2.15305154e-01  2.24055496e-01  1.10488762e+01
  3.46988280e+02] 11.053244853430728
[-3.32728278e+00  1.89485343e-02  1.75497505e-01  1.12697824e+01
  3.48534259e+02] 11.271164718232303
[-3.28247052e+00 -1.61397317e-01  2.84979471e-01  1.09157440e+01
  3.44959582e+02] 10.92065608756411
[-3.44343675e+00  2.28009777e-02 -1.04192270e-01  1.12256999e+01
  3.45468598e+02] 11.226206560135688
[-3.38635904e+00  9.44561246e-02 -4.02914827e-01  1.10015545e+01
  3.45088834e+02] 11.009335255769106
[-3.35362381e+00  3.59872767e-02  8.19861163e-02  1.13099613e+01
  3.46789146e+02] 11.310315730884142
[-3.38572452e+00  3.70845487e-01 -5.15277861e-03  1.10738810e+01
  3.46793265e+02] 11.080089987209746
[-3.30853023e+00  1.57988826e-01 -3.21201197e-01  1.10051421e+01
  3.45443497e+02] 11.010962006447526
[-3.42055903e+00 -9.93982599e-02 -2.06085276e-01  1.12650490e+01
  3.47263529e+02] 11.267372401485536
[-3.49027546e+00 -2.08181381e-01 -5.36452652e-02  1.12169120e+01
  3.46283336e+02] 11.218971988975714
[-3.31383530e+00 -1.80017684e-02 -1.81376898e-01  1.13045075e+01
  3.48853844e+02] 11.30597676148145
[-3.36598815e+00 -1.63242693e-01  1.16719739e-01  1.14808380e+01
  3.50292530e+02] 11.482591771025376
[-3.29010322e+00  1.47444975e-01  5.68698719e-02  1.12168240e+01
  3.47134314e+02] 11.21793719616887
[-3.42559738e+00 -1.43570923e-03  9.19347651e-02  1.15000366e+01
  3.48961676e+02] 11.500404205467948
[-3.32193543e+00 -1.77753544e-01  1.09794376e-01  1.11201667e+01
  3.48191744e+02] 11.122129243123403
[-3.30092308e+00 -8.44169293e-02 -7.03589127e-02  1.14873288e+01
  3.50346199e+02] 11.487854452269207
[-3.34370593e+00  2.02696614e-02  1.00695500e-01  1.13491841e+01
  3.47751162e+02] 11.349648933146845
[-3.42282926e+00 -6.57940131e-02  1.15778500e-02  1.11069277e+01
  3.45299525e+02] 11.10712863002162
[-3.33818121e+00  2.77084120e-01  5.80694055e-02  1.14438904e+01
  3.49641059e+02] 11.447391595686792
[-3.43589284e+00  1.51261363e-01  7.75314516e-02  1.15066483e+01
  3.48237949e+02] 11.50790360373945
[-3.36530732e+00  1.09782765e-01  2.67829473e-01  1.11089425e+01
  3.47806756e+02] 11.11271292936119
[-3.38103041e+00  4.15278197e-02 -4.06851225e-02  1.12000729e+01
  3.48716537e+02] 11.20022377381395
[-3.44282440e+00 -1.11969079e-01  2.01259636e-01  1.15473176e+01
  3.49835862e+02] 11.549614117742339
[-3.30789542e+00  1.73018187e-01 -1.04058980e-01  1.07800087e+01
  3.44124003e+02] 10.781899190624603
[-3.34457371e+00  3.41072976e-01  5.14109544e-03  1.11793485e+01
  3.46644608e+02] 11.1845514093134
[-3.30131767e+00  1.22105230e-02 -4.02836088e-02  1.12290453e+01
  3.47650499e+02] 11.229124213043384
[-3.30348976e+00  7.87718481e-02 -1.20732963e-01  1.11365406e+01
  3.46808956e+02] 11.137473543999603
[-3.33741721e+00 -5.39775566e-03 -8.21611998e-02  1.11106094e+01
  3.47350226e+02] 11.110914521562497
[-3.34820422e+00  2.08118660e-01 -1.17717656e-02  1.10551741e+01
  3.46725669e+02] 11.057139164812893
[-3.40636881e+00 -8.37227942e-02  1.23541879e-01  1.13927081e+01
  3.47244796e+02] 11.393685575420346
[-3.39764544e+00  1.18623787e-01  2.30501574e-01  1.14283145e+01
  3.51167056e+02] 11.431254329079934
[-3.36084693e+00  1.50369868e-01 -8.67353818e-02  1.12049529e+01
  3.48280576e+02] 11.206297481811962
[-3.42181019e+00 -7.70086417e-02  1.26542324e-01  1.13928014e+01
  3.48073309e+02] 11.393764418955602
[-3.33131468e+00  7.98778419e-02 -2.85305858e-01  1.12484679e+01
  3.48938462e+02] 11.252369039214955
[-3.37139380e+00  4.24996718e-02 -1.94685570e-01  1.10648541e+01
  3.45796474e+02] 11.066648342481985
[-3.31768938e+00  4.58392700e-02  8.73333089e-03  1.09889252e+01
  3.46368807e+02] 10.9890242954255
[-3.33270330e+00 -1.05801235e-02  1.91332901e-01  1.08179338e+01
  3.44889679e+02] 10.819630865589875
[-3.34206293e+00 -7.48957485e-02 -1.82414185e-02  1.12256652e+01
  3.46597708e+02] 11.22592985704392
[-3.37702277e+00 -7.55324265e-02 -5.56158518e-02  1.08813913e+01
  3.46254285e+02] 10.881795541174203
[-3.31394522e+00 -3.18732193e-02  1.08785298e-01  1.12820388e+01
  3.45127814e+02] 11.282608238768521
[-3.39586297e+00 -3.32225695e-03  1.22696170e-01  1.12201819e+01
  3.48034177e+02] 11.220853268213027
[-3.32130380e+00 -1.46430019e-01 -2.46797477e-01  1.11592914e+01
  3.48154823e+02] 11.162980533704078
[-3.36538721e+00  8.24455687e-02  5.77629409e-02  1.13974038e+01
  3.50799656e+02] 11.397848395928525
[-3.35369361e+00 -2.37349184e-01  1.94435288e-01  1.10770357e+01
  3.46546387e+02] 11.081284224411204
[-3.39878412e+00  3.27774861e-01  1.95433318e-01  1.11743166e+01
  3.46982954e+02] 11.180831015744827
[-3.37245082e+00  1.37659080e-01  8.77918855e-02  1.14179011e+01
  3.49810882e+02] 11.419068386040337
[-3.35368566e+00  1.40235837e-01 -1.31869240e-02  1.10033079e+01
  3.44170022e+02] 11.004209435567127
[-3.34361997e+00 -9.60239431e-02  1.81874497e-01  1.11697378e+01
  3.47262997e+02] 11.171631092616744
[-3.43834375e+00 -2.95641226e-02 -1.33887911e-02  1.13505591e+01
  3.48164208e+02] 11.350605519818028
[-3.42734442e+00  6.00731520e-02 -1.82912232e-01  1.11681561e+01
  3.47618542e+02] 11.169815400345257
[-3.29751863e+00  1.39932036e-01 -2.31638395e-01  1.10274054e+01
  3.47357437e+02] 11.030725552971138
[-3.39348935e+00 -1.94865966e-01 -6.41253527e-02  1.12127427e+01
  3.46706011e+02] 11.214619213063992
[-3.42051330e+00 -4.98746750e-02  1.14054955e-01  1.14828054e+01
  3.48097092e+02] 11.483480138508968
[-3.40263819e+00 -1.57565949e-01  1.44820075e-01  1.12327839e+01
  3.48712995e+02] 11.23482237143366
[-3.34587548e+00 -2.87228682e-01 -1.33670280e-01  1.15985250e+01
  3.51761777e+02] 11.602850925261334
[-3.32977815e+00 -1.69949738e-01 -1.12362377e-01  1.12541375e+01
  3.50085998e+02] 11.25598148322572
[-3.34914200e+00 -7.39836773e-02  1.82275142e-01  1.13730490e+01
  3.47754803e+02] 11.374750193565092
[-3.33430738e+00  7.39104213e-03 -2.55098222e-01  1.09138829e+01
  3.44070635e+02] 10.91686626990335
[-3.46872283e+00  5.21518350e-02  3.98090959e-02  1.11233426e+01
  3.45025980e+02] 11.123536085105503
[-3.38723477e+00  2.36400520e-01 -1.53141697e-01  1.12565351e+01
  3.47894229e+02] 11.26005858502011
[-3.35743521e+00  1.09455314e-01 -8.50209067e-02  1.10550261e+01
  3.44189308e+02] 11.05589482966799
[-3.31799644e+00  1.17416545e-01  7.82230086e-02  1.11164443e+01
  3.45231556e+02] 11.11733958195597
[-3.39079869e+00 -2.05416209e-01 -4.29112781e-02  1.12812407e+01
  3.50807108e+02] 11.28319235734291
[-3.40657026e+00 -2.28140758e-03  1.53484407e-01  1.13688070e+01
  3.50337042e+02] 11.36984327391402
[-3.30817183e+00 -1.34643492e-01 -2.56771274e-01  1.13688348e+01
  3.47842792e+02] 11.372531191992632
[-3.27651801e+00  2.79182111e-01 -1.88060336e-01  1.11435300e+01
  3.47899016e+02] 11.148612928817709
[-3.30708791e+00 -2.81714591e-02 -1.53942725e-02  1.10159916e+01
  3.45155800e+02] 11.016038411864061
[-3.43373876e+00 -1.66590393e-02  1.02689590e-01  1.15319603e+01
  3.48672775e+02] 11.532429551673788
[-3.39184107e+00  9.94832040e-02 -1.88855661e-02  1.14026985e+01
  3.48851212e+02] 11.403148062931441
[-3.37150361e+00 -1.69238341e-01 -2.93053394e-01  1.12715228e+01
  3.48636209e+02] 11.276601787736492
[-3.33089695e+00  1.40161606e-01 -1.78584529e-01  1.14426438e+01
  3.48197534e+02] 11.444895533773597
[-3.35422098e+00  2.91168549e-01  1.77031553e-01  1.11858885e+01
  3.47550583e+02] 11.191077771756536
[-3.30934782e+00 -3.64347028e-02 -7.13060872e-02  1.10961031e+01
  3.46611551e+02] 11.096392021389729
[-3.33923474e+00 -7.44550223e-03  4.53523757e-02  1.12370339e+01
  3.47224392e+02] 11.237127896099132
[-3.28618724e+00  6.38944632e-02  5.83051037e-02  1.11634028e+01
  3.46424393e+02] 11.16373786832463
[-3.38528561e+00  4.69920954e-02  3.70713834e-02  1.11801147e+01
  3.45771761e+02] 11.180274952506439
[-3.36606935e+00 -2.10209271e-01  1.22613421e-01  1.11465918e+01
  3.45247198e+02] 11.149247950028746
[-3.22733587e+00 -9.28189173e-02 -1.22000017e-01  1.10472189e+01
  3.47453842e+02] 11.048282422259463
[-3.31041356e+00  7.40115872e-02  2.38070509e-01  1.12797093e+01
  3.47860605e+02] 11.282464114253765
[-3.36471683e+00 -2.82717650e-01  2.24645179e-01  1.10986477e+01
  3.48009712e+02] 11.104520466594234
[-3.39575320e+00 -1.29295835e-01  5.44494934e-02  1.11115218e+01
  3.46575145e+02] 11.112407471475544
[-3.36457046e+00  5.72673178e-02  2.21014587e-01  1.09444710e+01
  3.45649871e+02] 10.946852190384526
[-3.44916519e+00  9.48943177e-02 -3.20784245e-02  1.15003789e+01
  3.49947141e+02] 11.500815117430532
[-3.36575009e+00  1.96014502e-01 -6.90056880e-02  1.11431169e+01
  3.46598239e+02] 11.145054453740553
[-3.37407583e+00 -3.97868586e-01 -1.27882316e-03  1.12532666e+01
  3.47804041e+02] 11.260297916624616
[-3.35157000e+00  2.19781303e-01 -6.32809104e-02  1.09471065e+01
  3.45412540e+02] 10.94949541277277
[-3.29812870e+00 -8.71827363e-02 -1.35370567e-01  1.09893178e+01
  3.46841837e+02] 10.99049733186214
[-3.36307576e+00 -2.52415444e-01 -7.19092811e-02  1.14137951e+01
  3.50013221e+02] 11.416812300497435
[-3.35530656e+00  1.20078093e-01 -1.22736308e-01  1.12050023e+01
  3.47172734e+02] 11.206317874664457
[-3.33229996e+00 -5.82712756e-02 -2.92163808e-02  1.11908323e+01
  3.47895470e+02] 11.191022111595524
[-3.36538457e+00  1.57230460e-02 -3.39781347e-01  1.11605568e+01
  3.45129645e+02] 11.165738970048826
[-3.37301719e+00 -2.45979094e-02  4.90018384e-03  1.09847582e+01
  3.45853891e+02] 10.984786828410673
[-3.39264708e+00  1.20044178e-01  1.79297581e-01  1.14906222e+01
  3.50433369e+02] 11.492647985490391
[-3.29379732e+00 -3.66954735e-02 -2.00296579e-01  1.11227885e+01
  3.47641967e+02] 11.124652333108537
[-3.44249763e+00  1.80756816e-01 -3.31362246e-01  1.11506440e+01
  3.47451265e+02] 11.15703073225086
[-3.41900944e+00 -1.12955080e-02 -3.49216545e-01  1.13761600e+01
  3.45934746e+02] 11.3815243700422
[-3.40314356e+00  5.95110553e-02 -1.95650315e-02  1.12685014e+01
  3.46706314e+02] 11.268675506634645
[-3.34474424e+00 -5.31560723e-02  1.48088701e-01  1.13377770e+01
  3.49278580e+02] 11.338868733307494
[-3.35577032e+00  4.76412398e-02 -8.35116823e-02  1.12380436e+01
  3.45931384e+02] 11.23845486218367
[-3.31239405e+00 -3.58292717e-03 -2.22199415e-01  1.13078952e+01
  3.47615617e+02] 11.310078662060466
[-3.40558659e+00  8.22404775e-02  3.36062442e-01  1.13238796e+01
  3.46995687e+02] 11.329163692239442
[-3.39329514e+00 -1.93967465e-01  1.73506445e-01  1.12352877e+01
  3.46096574e+02] 11.23830137591863
[-3.40288761e+00 -2.12536776e-01  9.72721984e-02  1.11820827e+01
  3.46545908e+02] 11.184525341371552
[-3.33220490e+00 -1.27839178e-01 -1.65186097e-02  1.11387599e+01
  3.47738176e+02] 11.139505678856263
[-3.38616715e+00 -2.35985545e-01  2.58383884e-01  1.12133552e+01
  3.48460851e+02] 11.218813954791917
[-3.30360450e+00 -9.76972939e-02 -3.25733178e-01  1.09381770e+01
  3.45322728e+02] 10.943462070749401
[-3.31477148e+00 -1.11178427e-01  8.79375940e-02  1.12441051e+01
  3.49295355e+02] 11.24499853614694
[-3.38957064e+00 -1.74765776e-01 -3.85811125e-03  1.11586056e+01
  3.45430531e+02] 11.15997477264684
[-3.33190834e+00 -1.22341278e-01 -7.68197220e-04  1.10592912e+01
  3.46635637e+02] 11.059967921435991
[-3.41576509e+00  6.96267016e-02 -1.86102851e-01  1.12806556e+01
  3.50124572e+02] 11.282405469005782
[-3.33625484e+00 -6.59910754e-02  1.57431351e-01  1.13447796e+01
  3.48940972e+02] 11.34606375007499
[-3.38807444e+00  6.49444347e-02 -8.08291040e-03  1.14292209e+01
  3.51638375e+02] 11.42940826237543
[-3.32072696e+00 -9.65039892e-02 -2.92451692e-02  1.09061041e+01
  3.47464905e+02] 10.906570286755835
[-3.31438378e+00  4.31136838e-01  9.81691152e-02  1.14746241e+01
  3.49698399e+02] 11.483140424364048
[-3.42164780e+00 -9.87537565e-02 -1.85579101e-02  1.10351913e+01
  3.45311591e+02] 11.035648730810454
[-3.39664550e+00  9.92158043e-02  1.51991321e-02  1.11778784e+01
  3.46596908e+02] 11.17832907317873
[-3.47792223e+00 -6.27015930e-02  2.32845803e-01  1.12195073e+01
  3.46536546e+02] 11.222098423790163
[-3.40847100e+00 -1.35247498e-01  1.44201577e-02  1.14490385e+01
  3.49751978e+02] 11.44984634258993
[-3.34066161e+00 -1.88273550e-01  2.06947662e-01  1.11775889e+01
  3.47362933e+02] 11.181089777740462
[-3.40156978e+00  3.20773315e-02 -1.36701983e-01  1.14587541e+01
  3.49608038e+02] 11.459614406857536
[-3.31796888e+00  1.02015661e-01 -1.30565474e-02  1.13632916e+01
  3.48941619e+02] 11.363757068127644
[-3.34958309e+00 -1.05586673e-01 -1.29765164e-01  1.11512249e+01
  3.46646141e+02] 11.152479702899472
[-3.32841143e+00  1.68113734e-01 -1.39860623e-01  1.15789455e+01
  3.49277079e+02] 11.581010456149361
[-3.31135188e+00  1.65942221e-01 -1.52066394e-01  1.12445513e+01
  3.49218169e+02] 11.246803746725085
[-3.39737797e+00  8.45000848e-04 -3.08988611e-01  1.11304079e+01
  3.46273955e+02] 11.134695958700586
[-3.28694000e+00  1.60659891e-02 -2.81965580e-02  1.12698317e+01
  3.50857368e+02] 11.269878385354117
[-3.39162167e+00  1.03677622e-01 -1.57677896e-02  1.13207446e+01
  3.46648108e+02] 11.321230292850077
[-3.38689592e+00  1.02074197e-01  2.00406058e-01  1.14367795e+01
  3.49010149e+02] 11.438990689763804
[-3.32235593e+00  1.12132512e-01  1.66357526e-01  1.13488735e+01
  3.49403528e+02] 11.350646629764784
[-3.31966660e+00 -1.94775312e-01  1.17128123e-01  1.13111175e+01
  3.47137138e+02] 11.313400754239685
[-3.48310272e+00 -3.36001028e-02 -1.21628021e-02  1.13231812e+01
  3.48259063e+02] 11.32323762851653
[-3.31142802e+00  2.82412926e-01 -6.97227881e-02  1.09980581e+01
  3.45132727e+02] 11.001904441008652
[-3.30860929e+00 -5.48318029e-03 -2.21150182e-02  1.11840090e+01
  3.48674587e+02] 11.184032203404401
[-3.43316432e+00  3.64425766e-01 -4.08512389e-02  1.09663675e+01
  3.46126181e+02] 10.972497068182822
[-3.38198131e+00  8.09530532e-02 -2.65107007e-01  1.11835211e+01
  3.48930460e+02] 11.18695580723164
[-3.39958206e+00 -1.18635948e-01  1.31965009e-01  1.11103957e+01
  3.47280400e+02] 11.11181268924366
[-3.41514382e+00  1.06686665e-02 -5.71955218e-02  1.12193221e+01
  3.47376145e+02] 11.219472963057408
[-3.41532924e+00  4.69819207e-02 -4.81606682e-02  1.11674521e+01
  3.45102956e+02] 11.167654793679034
[-3.34982733e+00  4.35860654e-02  1.05738043e-01  1.10530612e+01
  3.47902588e+02] 11.053652930189223
[-3.42935484e+00 -7.26613609e-02 -2.17094013e-01  1.12502790e+01
  3.45878785e+02] 11.25260797319045
[-3.48797936e+00 -3.86990560e-02  1.29693930e-01  1.10395399e+01
  3.45013228e+02] 11.040369553906455
[-3.39281304e+00 -4.03302437e-02  5.60583546e-01  1.11903085e+01
  3.47034805e+02] 11.204413641110397
[-3.39861829e+00 -7.47189352e-02 -1.83425048e-01  1.13638714e+01
  3.48048894e+02] 11.365597275219152
[-3.34059215e+00  1.26921187e-01 -1.05896650e-01  1.10270616e+01
  3.45655252e+02] 11.028300426296742
[-3.38938272e+00  1.06574071e-01 -7.05230391e-02  1.12893087e+01
  3.46475325e+02] 11.2900320193501
[-3.43764382e+00  2.33187418e-01 -2.52480758e-02  1.15838186e+01
  3.51159776e+02] 11.586192952517806
[-3.37917865e+00 -3.35604096e-03  5.64351159e-02  1.10165159e+01
  3.44778362e+02] 11.016660946240803
[-3.25268108e+00 -6.42913516e-02 -2.10130219e-01  1.12371707e+01
  3.47876942e+02] 11.239319078330833
[-3.38035176e+00 -3.85226137e-01  7.83390819e-02  1.10517535e+01
  3.45913422e+02] 11.058742745274127
[-3.37078151e+00 -1.09871988e-01 -1.06946776e-01  1.11874900e+01
  3.46788310e+02] 11.188540671219927
[-3.35516317e+00  1.24357217e-01  1.73509896e-01  1.09451937e+01
  3.44432294e+02] 10.947275245953607
[-3.34643722e+00  1.67123930e-01  1.75376133e-01  1.11825980e+01
  3.49709291e+02] 11.185221763379555
[-3.33565505e+00  1.58348244e-02  1.28690332e-01  1.11866259e+01
  3.46636790e+02] 11.18737727612286
[-3.28573931e+00 -3.93027079e-02  3.03133707e-01  1.11770966e+01
  3.47017210e+02] 11.181275532369877
[-3.35236195e+00 -7.43639129e-02 -1.26762035e-01  1.13684725e+01
  3.48399150e+02] 11.369422377041861
[-3.43257787e+00 -1.79385705e-01 -1.67875824e-01  1.13222498e+01
  3.49042037e+02] 11.324915146672403
[-3.36813421e+00 -5.16528525e-02 -1.93485497e-01  1.13833905e+01
  3.49084995e+02] 11.385151931199438
[-3.32389922e+00 -3.59872116e-02 -1.86922915e-01  1.14441514e+01
  3.50271987e+02] 11.445734470844782
[-3.34753481e+00 -1.97841402e-02 -5.31746069e-02  1.12766574e+01
  3.45300085e+02] 11.276800104519655
[-3.38547019e+00 -2.26089983e-01 -1.54262402e-01  1.12847029e+01
  3.46510132e+02] 11.28802169849236
[-3.31365084e+00 -6.40375214e-02 -2.31178930e-02  1.12294763e+01
  3.47049048e+02] 11.229682649844223
[-3.37217007e+00 -2.54006149e-02  8.96694090e-02  1.10770585e+01
  3.44577705e+02] 11.077450564050965
[-3.34241652e+00 -1.53747869e-02  2.05017436e-01  1.11275072e+01
  3.48551547e+02] 11.129406329854856
[-3.34671825e+00 -1.89309249e-01 -1.39723414e-01  1.09573032e+01
  3.42648961e+02] 10.95982913286688
[-3.35931619e+00 -1.70341140e-01  1.39167682e-01  1.08987102e+01
  3.44352380e+02] 10.900929697294906
[-3.36514989e+00 -1.17060164e-01 -8.16790687e-04  1.12138277e+01
  3.46205017e+02] 11.214438667246442
[-3.37127623e+00  3.22926767e-01  1.28651674e-01  1.11900952e+01
  3.47350938e+02] 11.19549298391321
[-3.34211343e+00 -2.21489931e-01 -1.62871533e-02  1.14004568e+01
  3.48752268e+02] 11.402619775612514
[-3.31548173e+00  3.10328761e-01 -1.10233033e-01  1.12990772e+01
  3.47997402e+02] 11.303875488583182
[-3.36079985e+00  2.96647848e-01 -1.11236346e-01  1.11492656e+01
  3.46643029e+02] 11.153766015744859
[-3.39505972e+00  9.57889392e-02 -1.87212505e-01  1.13138147e+01
  3.48419919e+02] 11.315768964056579
[-3.32281502e+00 -2.66671694e-02 -1.00822196e-01  1.10343609e+01
  3.46439700e+02] 11.03485369136271
[-3.36521615e+00  8.89913747e-02  2.58219830e-01  1.11859774e+01
  3.47413773e+02] 11.1893112529171
[-3.40428119e+00 -1.52389624e-02  2.43373142e-02  1.10959926e+01
  3.45681384e+02] 11.096029720948556
[-3.27431595e+00 -1.15099412e-01  1.51963956e-01  1.13291796e+01
  3.47980854e+02] 11.330783337019676
[-3.34793068e+00 -3.93655781e-02  1.17376387e-01  1.11034799e+01
  3.47438560e+02] 11.10417005944673
[-3.30590090e+00 -7.92104082e-03 -1.36950839e-01  1.10726176e+01
  3.46630286e+02] 11.073467324643241
[-3.41061093e+00 -7.97076396e-02  1.03180345e-01  1.12910472e+01
  3.47033299e+02] 11.291799997796938
[-3.38727286e+00 -1.77727568e-01  1.75115189e-01  1.13892378e+01
  3.50623636e+02] 11.391970375663107
[-3.39115139e+00 -1.88813090e-01  3.97655003e-02  1.09937869e+01
  3.45465399e+02] 10.995480116340037
[-3.38362739e+00 -4.43618440e-02  2.00272269e-01  1.09435333e+01
  3.44476945e+02] 10.945455552453902
[-3.39929608e+00  9.35317923e-02 -3.01544343e-02  1.13219225e+01
  3.48828236e+02] 11.322348980170018
[-3.32598283e+00  2.54608172e-01 -1.08346205e-01  1.10998787e+01
  3.45237961e+02] 11.103327036871535
[-3.35426006e+00  2.41917610e-01 -9.69165439e-02  1.13166169e+01
  3.49187811e+02] 11.31961729729542
[-3.36834101e+00  4.84808627e-01  2.39769479e-01  1.11151122e+01
  3.45565584e+02] 11.128263524983453
[-3.45021675e+00 -1.28329361e-02  1.34700064e-01  1.13201259e+01
  3.46125318e+02] 11.320934571589765
[-3.38591151e+00 -2.03810570e-02  3.21777407e-01  1.13159592e+01
  3.47429733e+02] 11.320551595654065
[-3.31148736e+00 -1.39297851e-01  2.39290363e-01  1.08513166e+01
  3.44651255e+02] 10.854848442660119
[-3.33857010e+00  2.33391399e-01 -2.69659529e-01  1.12222515e+01
  3.47313917e+02] 11.227916828814223
[-3.44131955e+00 -1.20517805e-01  2.46518601e-01  1.10255608e+01
  3.43881499e+02] 11.028974921608723
[-3.39750931e+00 -1.84648902e-01 -6.56314702e-02  1.12952030e+01
  3.48504608e+02] 11.296902872390403
[-3.37714598e+00  6.12898192e-02 -1.50986847e-01  1.11188134e+01
  3.45098394e+02] 11.120007365100825
[-3.36766111e+00 -5.48655110e-02  1.91663347e-01  1.15040038e+01
  3.47837028e+02] 11.505731119353687
[-3.35900155e+00 -1.22913744e-01 -8.49046280e-02  1.10764463e+01
  3.47237030e+02] 11.077453647515956
[-3.38075005e+00  1.31961612e-01 -2.80547951e-01  1.11130970e+01
  3.45346379e+02] 11.117420866897909
[-3.37841595e+00 -6.75452598e-02  2.60421443e-01  1.12392645e+01
  3.43116407e+02] 11.24248403695827
[-3.34646760e+00 -1.45000102e-01  3.86576322e-02  1.10826852e+01
  3.45116165e+02] 11.083701106428782
[-3.38535033e+00  5.72698324e-02  1.72801453e-01  1.11531067e+01
  3.46395241e+02] 11.154592304369405
[-3.35441902e+00  1.47084065e-02  1.64771907e-01  1.12184529e+01
  3.48678466e+02] 11.219672563101724
[-3.35175571e+00  8.93700755e-02 -9.21140085e-02  1.12072991e+01
  3.49260002e+02] 11.208033998582767
[-3.41731773e+00  8.65924405e-02  2.30081572e-01  1.13013324e+01
  3.47943425e+02] 11.30400595794195
[-3.43420181e+00  5.01577282e-02  4.51006072e-01  1.12832972e+01
  3.49246545e+02] 11.292418611015156
[-3.44602805e+00  2.20036866e-02 -1.50083221e-01  1.14289010e+01
  3.48479534e+02] 11.429907621152585
[-3.34575490e+00 -4.75967794e-02  2.66257253e-02  1.13782840e+01
  3.48489266e+02] 11.378414753457246
[-3.36146205e+00 -1.27776679e-01  2.38215386e-01  1.11081721e+01
  3.47530651e+02] 11.111460815359013
[-3.33248540e+00  8.50917124e-02  3.14810556e-01  1.10379060e+01
  3.46602186e+02] 11.042722238690123
[-3.31459429e+00 -4.20171225e-02  1.32100867e-02  1.10210557e+01
  3.46561924e+02] 11.021143666447204
[-3.35271151e+00 -1.08561370e-01  1.08414080e-01  1.11949195e+01
  3.45031095e+02] 11.195970750424275
[-3.40595764e+00 -2.25319069e-01 -4.12242790e-02  1.10625580e+01
  3.45975845e+02] 11.064929129779664
[-3.30269801e+00 -1.08622102e-01  1.73832397e-01  1.12463343e+01
  3.48624464e+02] 11.248202125709401
[-3.33776249e+00  3.24048613e-02 -1.17189127e-01  1.11150730e+01
  3.48412570e+02] 11.115738007370645
[-3.39526146e+00 -8.45089998e-02  2.00678640e-01  1.11831088e+01
  3.46976134e+02] 11.185228429300286
[-3.32031273e+00  2.26896740e-01  8.96673846e-02  1.12209082e+01
  3.48469346e+02] 11.22356018330119
[-3.37488424e+00  2.04316219e-02  2.39325675e-01  1.15017051e+01
  3.50823076e+02] 11.504212853821697
[-3.34025137e+00 -5.93162138e-02 -4.25644992e-02  1.13765707e+01
  3.48791051e+02] 11.376804970502516
[-3.34921100e+00 -2.91233579e-01  7.94798253e-02  1.10919669e+01
  3.48122850e+02] 11.096074298811637
[-3.33561892e+00  1.99141372e-01 -1.16202870e-01  1.12095852e+01
  3.48910065e+02] 11.21195614323775
[-3.36431823e+00  3.46652875e-01 -8.81747278e-02  1.11708154e+01
  3.45419253e+02] 11.176540591291117
[-3.36269552e+00  1.24244712e-01  5.45243567e-02  1.10759172e+01
  3.46266484e+02] 11.076748214759395
[-3.29088385e+00  9.02124397e-02 -1.86696861e-01  1.10824027e+01
  3.44655771e+02] 11.084342230434407
[-3.46661250e+00  8.08117650e-02  1.02455781e-02  1.14645663e+01
  3.50293224e+02] 11.464855683713708
[-3.39029568e+00  8.47522368e-04  3.16478241e-01  1.09523664e+01
  3.43425421e+02] 10.956937911129053
[-3.35967494e+00  5.07242261e-01  1.40345091e-01  1.10995954e+01
  3.47918237e+02] 11.112065953277197
[-3.32988535e+00 -3.92502147e-01 -8.00006293e-02  1.11499348e+01
  3.45331270e+02] 11.157127958704468
[-3.42159465e+00  5.50908851e-02 -2.03964603e-01  1.10331604e+01
  3.47741938e+02] 11.035183045605898
[-3.29550966e+00 -2.16898770e-01 -7.39712820e-02  1.10976253e+01
  3.45898161e+02] 11.099991143210431
[-3.32240352e+00 -2.38579004e-01 -8.74770503e-02  1.12497807e+01
  3.47711214e+02] 11.252650266944064
[-3.33596985e+00  1.67252020e-01  1.13203238e-01  1.09879451e+01
  3.46494205e+02] 10.989800996442806
[-3.40062528e+00 -1.70252799e-01 -1.32566280e-01  1.09354108e+01
  3.42254958e+02] 10.93753940555339
[-3.34798696e+00  3.29664867e-02  1.70528884e-01  1.09508191e+01
  3.47016882e+02] 10.952196346981946
[-3.42731900e+00 -1.46221509e-01  1.95136493e-01  1.15481829e+01
  3.50359281e+02] 11.550757021155636
[-3.38685876e+00 -3.66843841e-02 -6.04561383e-02  1.12812221e+01
  3.47369566e+02] 11.281443713387306
[-3.39941410e+00  2.67865080e-01  6.02356325e-02  1.12400758e+01
  3.46818821e+02] 11.243428490031825
[-3.28844001e+00 -1.30053244e-01  2.42031524e-01  1.11193369e+01
  3.46494658e+02] 11.122731100447186
[-3.32777239e+00  5.32690964e-03  4.56760722e-02  1.08527744e+01
  3.46654001e+02] 10.852871783977138
[-3.40703229e+00  1.48873920e-01  1.72658498e-02  1.09704355e+01
  3.44244222e+02] 10.971459187000532
[-3.36675989e+00  7.68264929e-03  9.42135172e-02  1.13653781e+01
  3.49413792e+02] 11.36577115515345
[-3.38370888e+00 -1.62793147e-02  8.09918893e-02  1.10522588e+01
  3.46417633e+02] 11.052567523960034
[-3.36801538e+00  7.11887168e-02 -1.10971078e-01  1.11754822e+01
  3.45550434e+02] 11.176259848883952
[-3.34860976e+00 -4.26116416e-02 -2.43503353e-01  1.11363689e+01
  3.46757523e+02] 11.139112283365078
[-3.40368569e+00 -3.51772131e-02 -1.98500316e-01  1.11128539e+01
  3.45676517e+02] 11.114682274258401
[-3.47268574e+00 -3.41566509e-01  1.63159626e-01  1.13155226e+01
  3.47565124e+02] 11.321852390596925
[-3.38208776e+00  2.06277345e-01 -1.15747315e-01  1.11860847e+01
  3.49941228e+02] 11.188585169093605
[-3.38813129e+00  2.04008355e-01 -2.01694910e-01  1.12422811e+01
  3.45166097e+02] 11.245940757382245
[-3.37375002e+00  5.14147610e-02  7.09256923e-02  1.13338762e+01
  3.48286940e+02] 11.334214727349742
[-3.43187668e+00 -9.97134288e-02  9.08804621e-02  1.13696266e+01
  3.47900397e+02] 11.370427040932652
[-3.39009681e+00 -1.77792665e-01  1.73207513e-01  1.13496487e+01
  3.49382564e+02] 11.352362624888903
[-3.34943910e+00 -2.97732072e-03  2.07810502e-01  1.13769058e+01
  3.48821992e+02] 11.378803949963032
[-3.30568069e+00 -5.65913498e-04 -2.34264325e-02  1.12897662e+01
  3.49137107e+02] 11.289790513894106
[-3.33862741e+00 -1.64756802e-01 -2.64157020e-02  1.09494990e+01
  3.45957832e+02] 10.95077037826074
[-3.30061736e+00 -1.60487055e-01  1.65925281e-01  1.12656902e+01
  3.48669455e+02] 11.268055004981361
[-3.37310456e+00  1.81803980e-01 -8.74265812e-02  1.11410460e+01
  3.47205984e+02] 11.142872239363228
[-3.37383445e+00 -2.19345548e-01  7.03546496e-02  1.13587640e+01
  3.48634082e+02] 11.361099470825092
[-3.38545181e+00  5.39001251e-03  2.92050331e-01  1.15443068e+01
  3.46886173e+02] 11.548001662315901
[-3.42500257e+00 -2.75339700e-01 -1.71941970e-01  1.12699887e+01
  3.47619087e+02] 11.27466275627202
[-3.29837522e+00 -2.42244706e-02 -7.80425323e-03  1.11883386e+01
  3.47528395e+02] 11.188367547999238
[-3.33799856e+00 -1.08105051e-01 -1.99295209e-01  1.10155832e+01
  3.48276867e+02] 11.017916284107697
[-3.37695792e+00  3.37233018e-02  1.81026160e-01  1.14545560e+01
  3.48637797e+02] 11.4560359550511
[-3.36807399e+00 -1.43694192e-01  1.20884926e-01  1.13052264e+01
  3.47623766e+02] 11.306785803594813
[-3.33423354e+00 -4.33271712e-02 -1.28212766e-01  1.14407977e+01
  3.48253597e+02] 11.441598170918615
[-3.36591400e+00 -7.55017379e-02 -3.84181795e-02  1.13795924e+01
  3.50290080e+02] 11.379907685450346
[-3.35293429e+00 -5.98667251e-02 -1.83612595e-01  1.11206041e+01
  3.45490960e+02] 11.122280916342454
[-3.30146929e+00  1.30966391e-02  1.64671040e-02  1.13278744e+01
  3.50216625e+02] 11.327893963430235
[-3.36536335e+00  1.41713534e-01  2.32457066e-01  1.11878463e+01
  3.47712382e+02] 11.19115830405415
[-3.39273615e+00 -8.03034541e-02 -1.38228889e-01  1.13617382e+01
  3.48622745e+02] 11.36286277845966
[-3.38192524e+00 -2.49634133e-01 -1.91555411e-01  1.11818333e+01
  3.47717014e+02] 11.18625974207476
[-3.42468274e+00  1.10285437e-01 -3.83360696e-02  1.14057383e+01
  3.47595930e+02] 11.40633589823554
[-3.40875482e+00 -4.43467376e-02  1.94181490e-01  1.13717562e+01
  3.48089466e+02] 11.373500461952641
[-3.36114128e+00  2.77397863e-01  1.48892060e-01  1.11801100e+01
  3.48217133e+02] 11.184541923273196
[-3.26366830e+00  1.39041918e-01  4.96662086e-02  1.09708481e+01
  3.44693110e+02] 10.971841609422041
[-3.34734078e+00 -3.84484655e-02  1.86802789e-01  1.12978744e+01
  3.47730824e+02] 11.299484027863588
[-3.38415456e+00  2.71920922e-01  8.53636273e-02  1.12922616e+01
  3.45942964e+02] 11.295857696621887
[-3.32443043e+00  3.55819993e-01  6.90463902e-02  1.12005061e+01
  3.47539830e+02] 11.2063692364429
[-3.43604219e+00  6.63356064e-02 -9.79517767e-03  1.10680706e+01
  3.44704663e+02] 11.068273709804084
[-3.37063204e+00  1.75164629e-01  7.03532266e-02  1.11068762e+01
  3.45452697e+02] 11.108480171357828
[-3.38610787e+00 -4.51025622e-02  2.85608906e-01  1.14243467e+01
  3.50084277e+02] 11.428005276293174
[-3.37243991e+00  1.06405669e-01 -3.22919107e-01  1.13104386e+01
  3.47463466e+02] 11.315547770365118
[-3.35566191e+00  1.31545527e-01  2.63568585e-01  1.11043352e+01
  3.46204009e+02] 11.108241664545867
[-3.31701744e+00 -4.24109248e-03  4.55371333e-01  1.12174493e+01
  3.48263411e+02] 11.226689192761926
[-3.38851829e+00  3.21899318e-03  2.52560328e-02  1.14874920e+01
  3.50655446e+02] 11.487520172285542
[-3.35430348e+00 -1.54164651e-01  7.29318456e-02  1.12423456e+01
  3.49460460e+02] 11.24363906597299
[-3.41748191e+00 -7.67946268e-02 -2.83215579e-01  1.11661900e+01
  3.45340118e+02] 11.170045099019541
[-3.44922619e+00  1.77115841e-01 -4.99297746e-03  1.11369146e+01
  3.46753125e+02] 11.13832405401292
[-3.35363262e+00 -8.58453703e-03  2.50764209e-01  1.11033500e+01
  3.48165847e+02] 11.106184643547898
[-3.37311013e+00 -8.88448488e-03 -1.99815368e-02  1.09596869e+01
  3.44472277e+02] 10.95970872123074
[-3.28745590e+00  7.44291619e-02 -2.65548768e-01  1.13448781e+01
  3.49589755e+02] 11.348229633018057
[-3.41299772e+00  1.14497883e-01  2.89772243e-01  1.11852001e+01
  3.44840634e+02] 11.18953880602354
[-3.45057103e+00  2.89515838e-01 -7.36459984e-02  1.11810803e+01
  3.47914776e+02] 11.185070425512727
[-3.30203131e+00  1.77589860e-01 -4.08177902e-02  1.10669050e+01
  3.44813601e+02] 11.06840506544367
[-3.36552578e+00 -9.52497799e-02 -1.07896668e-01  1.10630809e+01
  3.47430062e+02] 11.064017009445141
[-3.46717390e+00 -8.31310669e-02 -1.12548765e-01  1.13870279e+01
  3.48063259e+02] 11.387887552908708
[-3.43199822e+00  8.32987387e-02  1.89212119e-01  1.12047252e+01
  3.47727389e+02] 11.20663223743524
[-3.36284506e+00  2.42139398e-01  2.43006448e-01  1.12543922e+01
  3.44965256e+02] 11.259619283387176
[-3.31065845e+00  3.44325981e-01 -3.29678254e-02  1.12072747e+01
  3.48721830e+02] 11.21261132539601
[-3.43019008e+00  4.27721979e-01  1.26207662e-01  1.12278467e+01
  3.48136969e+02] 11.236699527464854
[-3.27182944e+00 -1.87147140e-01 -1.13311092e-01  1.16175816e+01
  3.52463915e+02] 11.619641368056476
[-3.35195021e+00 -1.05785937e-01 -1.77881462e-01  1.13871607e+01
  3.47970174e+02] 11.389041288756593
[-3.42683432e+00 -4.25851903e-02 -4.39825952e-03  1.10245091e+01
  3.44542327e+02] 11.024592186108066
[-3.45770255e+00  1.96160989e-01  3.12639525e-04  1.13108610e+01
  3.47358189e+02] 11.312561844535217
[-3.37469698e+00  2.83361495e-02  1.94585770e-01  1.11890988e+01
  3.46412850e+02] 11.190826510700262
[-3.40803150e+00 -7.73313877e-02 -1.19845808e-01  1.13625475e+01
  3.49778085e+02] 11.363442632321883
[-3.37723968e+00 -1.13217119e-02 -1.50925269e-01  1.11465897e+01
  3.47461975e+02] 11.147617185908805
[-3.39520622e+00 -3.89098817e-02  1.20610927e-03  1.11851742e+01
  3.45793614e+02] 11.185241915795102
[-3.25614931e+00  3.66176648e-01  1.11305459e-01  1.11879811e+01
  3.49195971e+02] 11.194525238072178
[-3.41269653e+00 -2.05654110e-01  2.39194443e-01  1.09084385e+01
  3.45283331e+02] 10.91299853763251
[-3.36806725e+00 -1.69287391e-01 -1.83170725e-01  1.10445321e+01
  3.46072593e+02] 11.047348104323827
[-3.33707207e+00  1.24107763e-01 -8.51284808e-02  1.11556566e+01
  3.49278317e+02] 11.156671679609271
[-3.33866261e+00  5.34016495e-02 -1.42569815e-01  1.10511962e+01
  3.47056403e+02] 11.052244762071771
[-3.39982137e+00  1.66852938e-01  9.65548428e-02  1.12204387e+01
  3.47974539e+02] 11.222094613566838
[-3.44501300e+00 -4.69119041e-03  2.18378284e-01  1.08528148e+01
  3.45598663e+02] 10.855012699935175
[-3.32162472e+00  3.89900140e-02 -1.89150511e-01  1.12153969e+01
  3.48526866e+02] 11.217059556266435
[-3.36312820e+00  1.44101274e-01 -7.25423106e-02  1.11593370e+01
  3.45271756e+02] 11.160503145364004
[-3.36766685e+00 -1.53157322e-01 -2.86126448e-02  1.13258663e+01
  3.47952719e+02] 11.326937904825735
[-3.40625623e+00  1.13083909e-01  1.32145386e-01  1.12568429e+01
  3.47470265e+02] 11.258186422452455
[-3.34240891e+00  3.95014972e-02  1.39285238e-01  1.12804222e+01
  3.48281353e+02] 11.28135124793204
[-3.32669050e+00  3.21337307e-02 -3.81120975e-01  1.11314117e+01
  3.46557088e+02] 11.13798062581156
[-3.28012708e+00 -1.73945813e-01  1.22421685e-01  1.10538757e+01
  3.46629619e+02] 11.055922027316905
[-3.35837410e+00  2.76161078e-01 -7.53411690e-02  1.11937462e+01
  3.47376443e+02] 11.197405723698385
[-3.41979894e+00 -1.59207060e-01  1.46529200e-01  1.10631350e+01
  3.45059665e+02] 11.065250727700043
[-3.38164240e+00  2.83373534e-02 -9.43937630e-02  1.11029518e+01
  3.47412344e+02] 11.103389169559252
[-3.41529100e+00  1.46356054e-01 -8.41480179e-02  1.14363853e+01
  3.46059706e+02] 11.43763134685535
[-3.39062767e+00  3.32954977e-01  7.97277937e-02  1.13544864e+01
  3.46367709e+02] 11.359646886960535
[-3.33595449e+00 -2.29349971e-01  1.65502089e-02  1.10378252e+01
  3.45212267e+02] 11.040220131440092
[-3.48198624e+00 -1.31970100e-01  3.43024680e-02  1.12778781e+01
  3.45808623e+02] 11.278702324101657
[-3.34757576e+00 -1.88820502e-02  3.29076755e-01  1.12214721e+01
  3.47309125e+02] 11.226312163628261
[-3.36243053e+00 -1.82777761e-01 -1.50432506e-01  1.10962965e+01
  3.46153094e+02] 11.098821276564037
[-3.36027508e+00 -9.27707711e-02 -4.10075828e-02  1.11978212e+01
  3.48618121e+02] 11.198280555051886
[-3.35846888e+00  2.22234735e-02  3.14247588e-02  1.11732066e+01
  3.47323169e+02] 11.17327289617364
[-3.36269733e+00 -3.61660411e-02  9.93104130e-02  1.10763142e+01
  3.45700683e+02] 11.07681846915728
[-3.38640911e+00  1.17375954e-02  6.74934612e-02  1.11427184e+01
  3.44969893e+02] 11.142929027530975
[-3.30011007e+00 -1.25588363e-01  1.16972379e-01  1.11866104e+01
  3.46624488e+02] 11.187926857167126
[-3.35417670e+00  1.60224413e-01 -5.16102169e-02  1.12150692e+01
  3.49063144e+02] 11.216332405152873
[-3.33183790e+00  6.08966135e-02 -1.03860389e-01  1.10832895e+01
  3.45306439e+02] 11.083943420789724
[-3.32228589e+00  9.58432216e-02  6.07675021e-02  1.10269145e+01
  3.44544539e+02] 11.027498461662894
[-3.32878184e+00  3.09476806e-02  1.46423923e-01  1.12162978e+01
  3.46757708e+02] 11.217296249340315
[-3.37950308e+00 -1.30680049e-01  2.53816360e-01  1.13323561e+01
  3.46010511e+02] 11.335951458425656
[-3.42268679e+00 -1.34726990e-01  6.86845209e-02  1.13505968e+01
  3.48992155e+02] 11.351604193706049
[-3.34255967e+00  8.69194305e-02  7.65677160e-02  1.13833539e+01
  3.50091235e+02] 11.383943189141503
[-3.36455303e+00  1.20023735e-01 -2.10750997e-01  1.10997057e+01
  3.46223935e+02] 11.102355113101572
[-3.41028249e+00 -1.73977422e-01  1.07130470e-01  1.12042163e+01
  3.45710725e+02] 11.206079041027616
[-3.33080103e+00  3.06546316e-01  2.00048982e-01  1.12389507e+01
  3.47948470e+02] 11.24491012306444
[-3.38783692e+00  1.24774219e-01 -2.32884838e-01  1.12652306e+01
  3.48883166e+02] 11.268328355666236
[-3.32942889e+00 -3.79992819e-02 -1.36282509e-02  1.13258811e+01
  3.47032859e+02] 11.325953003749733
[-3.38570839e+00 -2.36364950e-02 -7.69189973e-03  1.12388014e+01
  3.46982712e+02] 11.238828908684448
[-3.39800862e+00  8.72867050e-02 -6.67755544e-02  1.09551097e+01
  3.42945486e+02] 10.9556609054367
[-3.42789767e+00  1.10523647e-02  1.52804881e-01  1.13412035e+01
  3.47422774e+02] 11.34223823858211
[-3.37793385e+00 -1.11857362e-01  1.49728124e-01  1.12863534e+01
  3.47493304e+02] 11.287900778985657
[-3.36681200e+00 -1.66554840e-02 -2.53188609e-01  1.10788586e+01
  3.43801049e+02] 11.081763818699821
[-3.32577161e+00  5.49136432e-02  1.64241105e-01  1.10991937e+01
  3.45862603e+02] 11.10054467700967
[-3.39418677e+00  1.96346530e-01 -1.29606563e-01  1.14595078e+01
  3.48896990e+02] 11.46192252072375
[-3.35868410e+00  2.99485484e-02 -4.33932166e-02  1.11246773e+01
  3.47512247e+02] 11.124802199781689
[-3.31324485e+00 -2.53318282e-02 -1.82926133e-01  1.12959880e+01
  3.49476258e+02] 11.297497472795953
[-3.40982056e+00 -3.71949589e-01 -1.08200735e-02  1.13552546e+01
  3.49321230e+02] 11.361349853164178
[-3.33820370e+00  1.87702525e-01 -1.95593544e-01  1.13449846e+01
  3.49184385e+02] 11.348222984670839
[-3.38026856e+00 -1.44113187e-02  3.00673028e-02  1.12682705e+01
  3.48632913e+02] 11.268319803015132
[-3.41953452e+00  1.09901769e-01 -1.84449761e-01  1.14944790e+01
  3.49217913e+02] 11.496484096339904
[-3.35821276e+00  1.27494800e-01 -6.07467946e-02  1.11174290e+01
  3.48207798e+02] 11.118325985583182
[-3.40121336e+00 -8.20223822e-02  4.61901282e-02  1.12681485e+01
  3.49186285e+02] 11.268541665452476
[-3.43310058e+00  2.12300796e-01  8.85121694e-02  1.12749775e+01
  3.45885174e+02] 11.27732340694993
[-3.37239972e+00  1.66315673e-01 -2.02985072e-01  1.10773646e+01
  3.46366189e+02] 11.080472458543237
[-3.37161449e+00 -1.63128810e-01 -1.96870565e-01  1.13273326e+01
  3.46424650e+02] 11.330217642567654
[-3.32745631e+00 -7.55968101e-02  3.15924116e-01  1.11438626e+01
  3.47442395e+02] 11.148596185143209
[-3.35534318e+00  2.14030589e-01  1.07525707e-02  1.11278255e+01
  3.46957382e+02] 11.129888841220763
[-3.31368147e+00  2.29014869e-01  1.67583961e-01  1.11278936e+01
  3.47325578e+02] 11.131511450961824
[-3.36839235e+00  2.45234852e-02  7.82105855e-02  1.13880874e+01
  3.46613207e+02] 11.38838240491983
[-3.39277976e+00 -7.64176056e-02 -1.60647142e-01  1.12562428e+01
  3.47259040e+02] 11.257648423737523
[-3.36084155e+00  1.58016226e-01  3.49742319e-02  1.08688857e+01
  3.42638985e+02] 10.870090527837442
[-3.39495358e+00 -2.54859604e-01 -2.83512197e-02  1.12317846e+01
  3.47643465e+02] 11.234711487378927
[-3.28446776e+00  2.62287878e-02  1.11928892e-01  1.12824839e+01
  3.49231241e+02] 11.283069566641108
[-3.35605525e+00  3.75333304e-02 -4.22106163e-02  1.11140010e+01
  3.47129168e+02] 11.114144561356813
[-3.38768439e+00 -1.13551908e-01  2.41926607e-01  1.15241176e+01
  3.50456198e+02] 11.527216018899312
[-3.36260277e+00 -1.11531823e-01 -1.64191226e-01  1.12547497e+01
  3.49095817e+02] 11.256499846834009
[-3.39561915e+00 -1.08038905e-01  9.10976594e-02  1.11897652e+01
  3.48296306e+02] 11.190657544897002
[-3.29604632e+00  1.67747251e-01 -8.59473933e-02  1.14662359e+01
  3.47666397e+02] 11.467784908845584
[-3.40960346e+00 -2.80911502e-02 -1.07385125e-01  1.11420335e+01
  3.44244741e+02] 11.142586343791793
[-3.32114803e+00  1.14287113e-01 -1.36747413e-01  1.12584552e+01
  3.47229064e+02] 11.259865642955731
[-3.33816617e+00 -1.74230508e-02 -1.37425729e-01  1.12465456e+01
  3.45805766e+02] 11.247398669980312
[-3.32037952e+00  2.09785407e-01 -2.81241030e-01  1.12189410e+01
  3.48672190e+02] 11.22442618622177
[-3.40555226e+00 -1.73164871e-01  7.46155079e-02  1.12200026e+01
  3.45522896e+02] 11.221586860332495
[-3.34282034e+00 -3.79242062e-03 -1.03414748e-01  1.13617790e+01
  3.47986142e+02] 11.362250212970471
[-3.33301729e+00  4.08284619e-03 -3.46867907e-02  1.12760094e+01
  3.48813646e+02] 11.27606349134422
[-3.31436043e+00  1.14823300e-01  7.47069949e-02  1.12632386e+01
  3.47453553e+02] 11.26407160242473
[-3.30737872e+00 -6.32515084e-02 -3.93979312e-02  1.11178352e+01
  3.47464829e+02] 11.118084880757568
[-3.29260418e+00 -5.47658601e-02  3.19594572e-01  1.11514923e+01
  3.47544282e+02] 11.156205517537657
[-3.37267193e+00  3.90361839e-03 -1.24928376e-01  1.13963876e+01
  3.48325833e+02] 11.397072960740886
[-3.39031021e+00  7.57626307e-02  3.57488423e-02  1.12230708e+01
  3.47765102e+02] 11.223383474435643
[-3.40735599e+00  4.93341652e-02 -1.19735318e-01  1.14333704e+01
  3.49532810e+02] 11.434103738539182
[-3.35402295e+00 -2.03998722e-01 -1.03332993e-01  1.11861485e+01
  3.47106637e+02] 11.18848570462262
[-3.36063283e+00 -2.61100851e-01 -4.41603204e-02  1.13033554e+01
  3.49149563e+02] 11.30645691602756
[-3.41632883e+00 -3.57595411e-02 -9.50981266e-02  1.13981181e+01
  3.48246424e+02] 11.398570912641226
[-3.32096916e+00  2.62239250e-01 -1.46286159e-01  1.10049872e+01
  3.46390156e+02] 11.009083215002823
[-3.38704154e+00 -2.19584259e-02 -1.10508879e-01  1.15441656e+01
  3.50440588e+02] 11.54471537752714
[-3.33411215e+00 -9.87936340e-02 -1.11072092e-01  1.09889724e+01
  3.46869399e+02] 10.989977738967646
[-3.33419875e+00  2.30811157e-01 -1.33475896e-01  1.14135884e+01
  3.49692248e+02] 11.41670224314646
[-3.35335996e+00 -1.01432344e-01 -3.78617322e-03  1.13573154e+01
  3.49625620e+02] 11.357769018095532
[-3.42824052e+00  7.28525816e-02 -1.62234530e-01  1.10701229e+01
  3.45675933e+02] 11.071551288126837
[-3.50631863e+00  1.00049107e-01 -5.97810425e-02  1.12648633e+01
  3.47218882e+02] 11.265466176413979
[-3.33891525e+00 -5.13602398e-02  2.75336312e-01  1.11531977e+01
  3.45818560e+02] 11.156714030405567
[-3.38257131e+00  2.36282901e-01 -2.21047333e-03  1.12978749e+01
  3.49704085e+02] 11.300345607109026
[-3.28607323e+00 -1.65731726e-01 -7.74811195e-03  1.14461095e+01
  3.50681269e+02] 11.447311898744951
[-3.29862574e+00  1.74035463e-01 -2.30976305e-01  1.10906307e+01
  3.47795832e+02] 11.09440070153583
[-3.32527927e+00 -4.24651934e-01 -1.67571315e-01  1.11837227e+01
  3.49000361e+02] 11.193036383035665
[-3.39106401e+00 -8.59192260e-02  8.80154216e-02  1.11002472e+01
  3.46132050e+02] 11.100928605673364
[-3.36374671e+00 -1.48282613e-02 -2.27553981e-01  1.14493506e+01
  3.49775832e+02] 11.451621241751972
[-3.38039406e+00 -9.14815656e-02 -1.17766671e-01  1.10058608e+01
  3.45164712e+02] 11.006871060905661
[-3.50748994e+00 -1.14438711e-02  4.86504816e-02  1.13405656e+01
  3.46273919e+02] 11.340675763236
[-3.35191608e+00 -9.86218890e-02 -1.47011645e-01  1.12345666e+01
  3.49873388e+02] 11.235961215779394
[-3.34024803e+00 -6.95291997e-02 -3.11609045e-01  1.11458222e+01
  3.46715821e+02] 11.150394006992085
[-3.33779424e+00 -1.42550454e-01 -1.21231136e-01  1.11651312e+01
  3.49244827e+02] 11.166699221256144
[-3.27792653e+00 -2.67758029e-01  1.84341570e-01  1.09727985e+01
  3.46607601e+02] 10.977612833879878
[-3.32980382e+00 -8.58801906e-02 -2.17635921e-01  1.13781183e+01
  3.49088275e+02] 11.380523589956216
