/mnt/stage/douwei/Simulation/5kt_root/2MeV/5kt_+7.00_1.root
[-3.13172876e+00 -3.15047374e-01  8.69981225e-02  6.88581995e+00
  3.14235167e+02] 6.893572363241345
[-3.13124991e+00 -1.71456957e-02 -1.41868430e-01  6.79964009e+00
  3.13292403e+02] 6.80114152245045
[-3.05279351e+00 -6.21940642e-02  5.56663028e-02  7.06262531e+00
  3.15771008e+02] 7.063118512161588
[-3.10297200e+00 -2.15426501e-01  2.50394425e-01  7.18027375e+00
  3.16345557e+02] 7.187867348193418
[-3.06034046e+00  1.06884862e-01 -9.51069536e-03  6.82583431e+00
  3.14024766e+02] 6.826677727212575
[-3.17546830e+00 -3.21608350e-01 -2.18113614e-02  7.04784005e+00
  3.15966510e+02] 7.055207798285216
[-3.13693650e+00  3.20248699e-01 -2.36409968e-01  6.78077520e+00
  3.12861892e+02] 6.792448834935284
[-3.05359822e+00 -2.47281486e-01  3.25957331e-01  7.08745976e+00
  3.16287431e+02] 7.099259268044474
[-3.12948920e+00 -1.82746052e-01  8.05892531e-02  6.74473743e+00
  3.13383073e+02] 6.747693960753265
[-3.14182527e+00  2.96566750e-01  2.21932006e-01  6.87843802e+00
  3.14447491e+02] 6.8884044079561795
[-3.12980171e+00  1.76473723e-01  7.22141345e-02  7.08746391e+00
  3.16386621e+02] 7.090028383298715
[-3.09873323e+00  6.04932869e-02 -2.75621510e-01  7.17808264e+00
  3.17673196e+02] 7.183627008495495
[-3.13740023e+00 -6.73751463e-03  1.06096030e-01  7.29628369e+00
  3.17989630e+02] 7.297058132021162
[-3.13752448e+00 -3.20536937e-02 -1.76180458e-01  6.73970182e+00
  3.11540299e+02] 6.742080358464583
[-3.13478507e+00 -7.56724201e-02  2.12221059e-01  7.15238928e+00
  3.16218284e+02] 7.155937149634675
[-3.13458033e+00 -1.11027498e-01  6.69762358e-02  6.81681592e+00
  3.14356238e+02] 6.818049000385347
[-3.14848514e+00 -5.50647543e-02 -1.88028765e-01  7.19791132e+00
  3.17664905e+02] 7.200577362226813
[-3.14477117e+00  1.79962080e-01  4.12342177e-02  6.95437378e+00
  3.15510364e+02] 6.956824076966154
[-3.11512582e+00 -2.79447877e-01  4.46520083e-05  7.02471898e+00
  3.15695562e+02] 7.030275087718241
[-3.06719221e+00 -3.91050485e-02  2.55275846e-01  7.32190673e+00
  3.19159167e+02] 7.3264597938226705
[-3.15240845e+00  3.10772013e-01 -4.66728306e-02  7.08049173e+00
  3.15025575e+02] 7.087462219256274
[-3.13397033e+00  2.03362410e-01 -3.73590893e-01  6.76719807e+00
  3.13891452e+02] 6.780552787929509
[-3.08652088e+00  1.11904672e-01  2.36618481e-01  7.06993681e+00
  3.13906788e+02] 7.074780384992099
[-3.05164214e+00  1.14852128e-01 -1.37228625e-01  7.02018906e+00
  3.14869182e+02] 7.022469443277471
[-3.13914858e+00  1.43250722e-01 -8.95727204e-03  6.79257851e+00
  3.12785242e+02] 6.794094780070829
[-3.08115126e+00  1.63375155e-01  1.63477399e-01  6.94610802e+00
  3.14009734e+02] 6.949952004096851
[-3.10982959e+00 -3.13013306e-02 -2.55503771e-01  7.11613813e+00
  3.17182694e+02] 7.12079236488065
[-3.11241443e+00  3.02859417e-01  1.83437537e-01  6.87444605e+00
  3.14006266e+02] 6.883558787909335
[-3.15246375e+00  1.19342237e-01  3.28100617e-03  7.25170048e+00
  3.15744779e+02] 7.252683167852689
[-3.12023185e+00  2.62915519e-02  3.44058415e-02  7.04395635e+00
  3.15309329e+02] 7.044089439875175
[-3.03613067e+00  2.03713767e-01 -1.08784605e-01  6.96280744e+00
  3.15702760e+02] 6.966636262644929
[-3.07589672e+00 -1.18598708e-01 -1.49500763e-02  7.11392057e+00
  3.16942049e+02] 7.114924808301519
[-3.04944191e+00  1.12488485e-01 -9.98502648e-03  6.75545552e+00
  3.14567553e+02] 6.756399388733575
[-3.21266652e+00  1.25538241e-01  8.16081686e-02  7.11221364e+00
  3.12762611e+02] 7.113789604677579
[-3.11250187e+00 -9.21162568e-02 -7.66396731e-03  6.96726307e+00
  3.12413974e+02] 6.967876204729911
[-3.09888675e+00  1.65424105e-01 -1.87728420e-01  6.94289453e+00
  3.14158013e+02] 6.94740178660008
[-3.15498256e+00  7.85928363e-02 -1.12153345e-01  7.20289761e+00
  3.17568189e+02] 7.204199418273459
[-3.11432970e+00 -1.32971624e-01  4.63115279e-02  6.65117777e+00
  3.12416843e+02] 6.652668036307493
[-3.14837131e+00  1.63596194e-02 -1.98431640e-01  7.27699467e+00
  3.16407469e+02] 7.279718006105481
[-3.06455667e+00 -1.60786357e-01 -2.32056855e-01  7.18786385e+00
  3.17008337e+02] 7.193405965842068
[-3.04240664e+00  3.84088635e-02  1.58228838e-01  6.68338925e+00
  3.13406593e+02] 6.685372354607684
[-3.08648994e+00  1.10349892e-01 -1.03392303e-01  7.59458966e+00
  3.21610092e+02] 7.596094995689371
[-3.20463432e+00 -1.26865456e-01 -4.47953031e-03  7.21024793e+00
  3.14554017e+02] 7.211365347339855
[-3.15401326e+00 -2.72042829e-01 -3.68795655e-01  6.92403188e+00
  3.15420379e+02] 6.939181145751783
[-3.09137366e+00  1.95448190e-02  1.03035930e-01  7.00735208e+00
  3.15433320e+02] 7.008136811099334
[-3.19889123e+00  2.83375251e-01 -2.37162976e-01  6.94951526e+00
  3.14407630e+02] 6.9593325953315635
[-3.09649509e+00 -2.27399353e-01 -2.58985788e-02  6.96583697e+00
  3.13704966e+02] 6.9695958157881925
[-3.08372249e+00 -2.18185404e-01 -4.19709763e-03  6.81908664e+00
  3.15545540e+02] 6.822577595868427
[-3.18732384e+00  1.99910888e-01 -3.21350298e-01  7.47631776e+00
  3.19388351e+02] 7.485890567003043
[-3.08006958e+00  3.17666051e-01  2.86009370e-01  7.02804718e+00
  3.16893418e+02] 7.041034037153888
[-3.14219944e+00 -1.79295635e-01  6.04647338e-02  6.97623993e+00
  3.13852804e+02] 6.978805517642535
[-3.19825165e+00 -1.65855686e-01 -3.19130337e-01  6.91084240e+00
  3.16378539e+02] 6.920194717814234
[-3.10950814e+00 -2.69573715e-01  3.24821406e-01  6.94171188e+00
  3.16138126e+02] 6.954533973384704
[-3.12026193e+00  1.17512713e-01  2.59381006e-01  7.17306579e+00
  3.16159239e+02] 7.178715803353969
[-3.11495923e+00  1.36226808e-01  3.66275193e-01  6.87931602e+00
  3.12157578e+02] 6.89040667156081
[-3.04607986e+00  1.62865284e-01  1.09136843e-01  6.76070999e+00
  3.13494716e+02] 6.763551990613044
[-3.14612780e+00 -1.83038060e-02  1.46010567e-01  7.14075286e+00
  3.12725277e+02] 7.1422689301918
[-3.20480357e+00 -1.55260196e-01 -2.08734432e-02  6.97755307e+00
  3.14942484e+02] 6.979311447679823
[-3.11131523e+00  1.95514865e-01 -2.44120422e-01  7.05340241e+00
  3.16052266e+02] 7.060333307438273
[-3.04810046e+00  1.73275384e-01  1.12820977e-01  7.09842900e+00
  3.16852349e+02] 7.101439794976273
[-3.06910524e+00  2.62558914e-02 -5.41781121e-02  6.70242555e+00
  3.12857217e+02] 6.702695937596073
[-3.04838363e+00  1.07245851e-01  2.85945092e-01  7.02303647e+00
  3.17673644e+02] 7.029673362746055
[-3.08306117e+00  7.08437153e-03 -3.11233672e-01  7.02154872e+00
  3.16242783e+02] 7.028446700571481
[-3.03773386e+00  3.86258344e-01 -1.38148822e-01  6.95061696e+00
  3.16304294e+02] 6.962711883350511
[-3.05701711e+00  1.56140055e-01 -2.60283375e-01  6.88074697e+00
  3.14162114e+02] 6.887438276473823
[-3.12142594e+00 -1.42988581e-01 -7.46493020e-02  7.03108867e+00
  3.15891920e+02] 7.032938651793316
[-3.07811465e+00  8.63528294e-02  1.83190775e-01  7.03789584e+00
  3.15465877e+02] 7.040809148927946
[-3.16669330e+00  2.35570964e-01 -3.62081970e-02  6.84505556e+00
  3.15151954e+02] 6.84920362277779
[-3.16690088e+00 -2.46275936e-01 -2.40452631e-01  7.01859415e+00
  3.16194359e+02] 7.027028755811838
[-3.04453770e+00 -3.93552026e-01 -1.95476674e-01  7.14015327e+00
  3.17964148e+02] 7.153662215394394
[-3.18207825e+00 -1.05722193e-01 -2.89145091e-01  7.51923836e+00
  3.18371581e+02] 7.525538361755703
[-3.10695358e+00  1.07559837e-01 -7.98853632e-02  7.00082260e+00
  3.13239369e+02] 7.0021045302319145
[-3.01890500e+00 -1.61386286e-01  3.06246254e-01  6.82544120e+00
  3.17130150e+02] 6.834213920466331
[-3.16433112e+00 -1.49626855e-01  1.62801761e-01  7.10243174e+00
  3.13395452e+02] 7.105872865720464
[-3.24004125e+00  1.59200265e-02 -7.14030158e-03  7.08851039e+00
  3.15617120e+02] 7.088531858828466
[-3.08777944e+00 -1.44060555e-01 -1.57703761e-01  7.11435340e+00
  3.16000899e+02] 7.1175591464808905
[-3.09795196e+00 -1.04151108e-01  3.45271106e-01  7.08627935e+00
  3.15565054e+02] 7.095450275123331
[-3.11093139e+00  9.13894747e-02 -1.42184691e-03  7.00068353e+00
  3.15604558e+02] 7.001280166996487
[-3.18131483e+00  3.57127324e-01  1.32475881e-01  7.29056923e+00
  3.18609227e+02] 7.300512958306892
[-3.13105411e+00 -1.05645315e-01 -4.16820928e-02  7.23999378e+00
  3.17135515e+02] 7.240884489904813
[-3.02911302e+00 -1.88475507e-01 -1.03411451e-01  6.81617605e+00
  3.15636043e+02] 6.819565445560227
[-3.15550295e+00 -2.39199935e-01  2.24289438e-01  7.00870504e+00
  3.14007345e+02] 7.016371477747928
[-3.15421753e+00  7.27295889e-02  9.71418985e-02  7.19283431e+00
  3.16625424e+02] 7.193857902854469
[-3.10273529e+00 -9.40885480e-02 -2.53661332e-01  6.82950014e+00
  3.15936833e+02] 6.834856904817759
[-3.15627830e+00 -3.35642653e-02 -3.69580186e-02  7.16613226e+00
  3.14194655e+02] 7.16630615999705
[-3.15218395e+00 -1.87884227e-01 -1.38430092e-02  6.96967811e+00
  3.15179931e+02] 6.972223823669022
[-3.14931127e+00  6.23005271e-02 -1.31441077e-01  6.98845942e+00
  3.14735592e+02] 6.989973049249447
[-3.09469501e+00  1.47804631e-01  1.75791323e-01  7.04850106e+00
  3.15017283e+02] 7.0522419080429
[-3.13856732e+00 -1.26347387e-01 -2.60986795e-02  6.81381561e+00
  3.14499188e+02] 6.81503690645433
[-3.12582200e+00 -7.98886627e-03  1.89350418e-01  6.81023282e+00
  3.14463577e+02] 6.812869330087387
[-3.08493008e+00 -1.40799615e-01 -1.05113642e-01  6.97199435e+00
  3.17649655e+02] 6.9742080955218375
[-3.12526373e+00 -1.28581946e-01 -8.05846686e-02  6.74552364e+00
  3.13145771e+02] 6.74723027872745
[-3.23602544e+00  2.73148245e-01  8.65817709e-02  7.08982838e+00
  3.15448984e+02] 7.0956164494139236
[-3.01176752e+00  1.73844622e-02  9.18515018e-02  6.96357263e+00
  3.17402024e+02] 6.964200070568334
[-3.11446901e+00  1.32394217e-01  1.76477322e-01  7.01773837e+00
  3.16395286e+02] 7.021205327921494
[-3.08260678e+00  1.62883335e-01  1.09892733e-01  6.96687211e+00
  3.15064603e+02] 6.969642344437515
[-3.12063132e+00  2.21960642e-01 -8.70049596e-02  6.96351059e+00
  3.15096229e+02] 6.967590410246944
[-3.15138983e+00 -8.11584207e-02  8.15434156e-02  7.01692903e+00
  3.14510734e+02] 7.017872120393868
[-3.08898103e+00 -2.34597844e-01  3.87544241e-02  6.99833196e+00
  3.13523824e+02] 7.002370191105386
[-3.15893969e+00  1.13602397e-01 -2.76660565e-01  6.99928244e+00
  3.12718636e+02] 7.005669222344668
[-3.08936938e+00 -2.23167519e-01 -1.94086171e-01  7.15819655e+00
  3.18179122e+02] 7.1643039510053015
[-3.16183913e+00  1.75054781e-01 -1.89661043e-01  7.01125838e+00
  3.15823310e+02] 7.016007375748085
[-3.09361030e+00  1.25943708e-01 -2.00377392e-02  7.06292992e+00
  3.15289742e+02] 7.0640811376032575
[-3.11601018e+00 -7.56267113e-02 -7.95967592e-02  7.09531290e+00
  3.16631750e+02] 7.096162358640788
[-3.14083719e+00  3.18484629e-02  4.45044290e-02  7.15414319e+00
  3.15631165e+02] 7.154352507619822
[-3.16593090e+00 -4.74235940e-02  7.26275240e-02  7.39917548e+00
  3.18152054e+02] 7.3996838850063185
[-3.15117942e+00 -2.24944086e-01 -1.98329307e-01  7.14770431e+00
  3.14963799e+02] 7.153992682410185
[-3.16121576e+00  1.41899205e-01  2.10275770e-01  6.94563493e+00
  3.13929171e+02] 6.950265884109137
[-3.11337566e+00 -7.41850251e-02  1.44927021e-01  7.24420072e+00
  3.16010203e+02] 7.246030043392914
[-3.08694887e+00  2.31023475e-01  1.01478418e-01  7.12824862e+00
  3.17349937e+02] 7.132713239806793
[-3.08114851e+00  8.66348191e-02  2.72593896e-01  7.17850039e+00
  3.18465214e+02] 7.184196610739644
[-3.05433164e+00  3.00116536e-01  1.07597687e-02  6.68204343e+00
  3.13029597e+02] 6.688788392913208
[-3.17946278e+00 -1.24350137e-01  1.01139231e-01  7.51723695e+00
  3.18023601e+02] 7.518945635823752
[-3.06257706e+00  8.24511372e-02 -2.40657296e-01  7.18797137e+00
  3.17185966e+02] 7.192471521868673
[-3.10784794e+00 -1.04049151e-01  1.74429983e-01  7.06486242e+00
  3.15676759e+02] 7.067781336304346
[-3.06381022e+00  2.10411262e-01 -2.16562876e-01  7.30097392e+00
  3.18266795e+02] 7.307215099373367
[-3.16846281e+00  2.04881813e-01  1.55949365e-02  7.40268410e+00
  3.14402671e+02] 7.405535205182301
[-3.03354389e+00  4.93303565e-02  5.99224132e-02  7.20464187e+00
  3.17447400e+02] 7.205059937031529
[-3.10300721e+00 -5.44839660e-02  3.63192016e-01  6.99352929e+00
  3.15096557e+02] 7.00316563391465
[-3.07301471e+00 -1.38911165e-01 -3.62220503e-02  6.89146588e+00
  3.15304164e+02] 6.8929609215941126
[-3.16245625e+00  1.30550797e-03  4.31180988e-01  7.01106636e+00
  3.15838659e+02] 7.024312798375507
[-3.13173391e+00 -2.94244974e-01 -8.21243081e-03  7.13661680e+00
  3.16055276e+02] 7.142684853476587
[-3.02061040e+00 -1.08137680e-01  2.94271247e-01  6.74684204e+00
  3.14902800e+02] 6.754122207637281
[-3.09475549e+00  1.20798521e-01  1.19063747e-02  6.91778137e+00
  3.13949648e+02] 6.9188462326913
[-3.04007351e+00  2.54989960e-01  1.35330432e-01  7.01368030e+00
  3.13410379e+02] 7.01961861777028
[-3.09100192e+00 -1.35720167e-01 -3.90622104e-01  7.06995386e+00
  3.18041771e+02] 7.082037357474029
[-3.07076996e+00 -3.18320203e-01  1.30286567e-01  7.01248755e+00
  3.14398047e+02] 7.020917606205873
[-3.10880262e+00  2.59749007e-02  2.91997219e-01  6.88376596e+00
  3.14230387e+02] 6.890005145507671
[-3.02738310e+00 -2.06313375e-01 -3.09876717e-01  7.16218310e+00
  3.16715547e+02] 7.1718516157720185
[-3.18151867e+00  1.88816817e-01  1.19641904e-02  6.81025361e+00
  3.12557545e+02] 6.812881117669115
[-3.05711312e+00 -1.95558714e-01 -1.11976105e-01  7.06626237e+00
  3.18137180e+02] 7.069854722930583
[-3.09632997e+00 -6.03001491e-02  1.95692561e-01  7.57380695e+00
  3.19975462e+02] 7.576574647872684
[-3.11109280e+00 -7.02805728e-02 -6.32463000e-02  7.00277692e+00
  3.17541849e+02] 7.003415166184441
[-3.10876465e+00  7.63916460e-02 -1.81520145e-01  7.26088474e+00
  3.14515979e+02] 7.2635550813364445
[-3.04606516e+00  1.61787874e-01  2.13148201e-02  7.12219932e+00
  3.16868472e+02] 7.124068557597552
[-3.14984412e+00 -2.27203967e-01 -5.02192108e-02  7.40086880e+00
  3.17513205e+02] 7.404525816080989
[-3.00747064e+00 -7.00788091e-02 -1.39211651e-01  7.05209691e+00
  3.16992064e+02] 7.05381894445453
[-3.10103005e+00  2.04004494e-01 -1.02465360e-01  6.72269193e+00
  3.11696999e+02] 6.72656700815668
[-3.13445471e+00 -7.01267933e-02  1.83721271e-01  6.81348700e+00
  3.10326089e+02] 6.816324258914813
[-3.10816660e+00 -6.69474884e-02  7.47514879e-03  6.93637441e+00
  3.14592966e+02] 6.936701502532133
[-3.14027287e+00  3.93467654e-01 -2.61810496e-01  7.21224294e+00
  3.17037507e+02] 7.227711240943475
[-3.11411121e+00  9.70072374e-02  7.44859113e-02  7.14989118e+00
  3.15045667e+02] 7.15093716779253
[-3.17157547e+00 -1.80484862e-01 -2.46333737e-01  7.05419765e+00
  3.16067182e+02] 7.060804460364863
[-3.08837713e+00 -1.58783849e-01 -1.63559366e-01  6.88263781e+00
  3.13929302e+02] 6.886411780501857
[-3.11514344e+00 -1.97600982e-01  6.86477673e-02  7.18789074e+00
  3.17703969e+02] 7.190934013441762
[-3.12342070e+00  2.88231934e-01  1.47018568e-01  7.23917612e+00
  3.17172293e+02] 7.246403449503652
[-3.11762078e+00  1.16109332e-01  4.45670298e-02  6.84141154e+00
  3.14460971e+02] 6.842541885573421
[-3.15848521e+00  6.68804613e-02 -1.66293903e-01  7.22047360e+00
  3.18514151e+02] 7.222697946956735
[-3.05113823e+00 -3.33068808e-02 -1.93814233e-01  7.23790940e+00
  3.17734660e+02] 7.240580481984388
[-3.11930756e+00 -1.43162620e-01  1.02589290e-01  7.02981988e+00
  3.17053583e+02] 7.032025859419849
[-3.15027147e+00  5.08357017e-02  2.20714630e-01  6.82643868e+00
  3.13965503e+02] 6.830195038993798
[-3.10861854e+00  1.98977458e-01 -2.10982829e-01  7.25584682e+00
  3.16687859e+02] 7.261640234008558
[-3.15895787e+00 -9.87971812e-02  2.30447310e-02  7.17340411e+00
  3.15766364e+02] 7.174121444074218
[-3.03013511e+00 -3.59376315e-01  1.98603906e-01  7.04970793e+00
  3.17209880e+02] 7.061655377810731
[-3.17563032e+00  1.93621963e-01  2.97143213e-02  6.96796724e+00
  3.15530974e+02] 6.970720178175363
[-3.08573482e+00  1.60451117e-01 -6.14464400e-02  7.00927643e+00
  3.14053474e+02] 7.011381914652015
[-3.12007145e+00 -1.13936893e-01  1.65692248e-01  6.92895118e+00
  3.13039420e+02] 6.931868439186998
[-3.18350052e+00  1.75999548e-01 -3.51669370e-01  7.09380406e+00
  3.14900607e+02] 7.1046958603638695
[-3.26368077e+00  3.62694457e-01  1.90313475e-01  7.35541173e+00
  3.18663681e+02] 7.366807189939531
[-3.07869923e+00 -4.08980469e-02  1.07208004e-01  6.91584257e+00
  3.15913366e+02] 6.9167943937879475
[-3.20175227e+00  2.25126532e-01  1.64017726e-01  7.05169063e+00
  3.16411555e+02] 7.057189556799072
[-3.11538300e+00  2.70799854e-01 -1.35719108e-01  6.97255001e+00
  3.15135988e+02] 6.979126444523251
[-3.07603071e+00  1.26129928e-01 -4.08787860e-02  6.95926920e+00
  3.14650423e+02] 6.960532140480483
[-3.16593936e+00 -2.27672941e-01 -1.99763389e-01  7.00729068e+00
  3.15025557e+02] 7.013833687969116
[-3.25782364e+00  4.12418006e-02  1.39823856e-01  6.98347155e+00
  3.12990948e+02] 6.984992943396247
[-3.11256186e+00 -1.15225964e-01 -1.09950508e-01  7.28530839e+00
  3.17989077e+02] 7.287049094056132
[-3.05219711e+00  1.81801239e-01  2.61003891e-01  7.02266857e+00
  3.16509974e+02] 7.029868315389576
[-3.06896511e+00  1.42723861e-01 -1.76183759e-01  7.01915961e+00
  3.17094904e+02] 7.022820837263525
[-3.16125511e+00  1.92074196e-01 -4.63373500e-02  7.25610498e+00
  3.16028649e+02] 7.258794603633768
[-3.11211995e+00  1.26733936e-01 -1.02646656e-01  7.48166683e+00
  3.18632328e+02] 7.483444153293601
[-3.18357170e+00  1.59647228e-02 -2.88996344e-01  6.89495888e+00
  3.13563979e+02] 6.901031210164503
[-3.09944867e+00  1.27890340e-01 -1.94048961e-01  6.86907638e+00
  3.16246935e+02] 6.873006712142272
[-3.05671281e+00 -1.03776661e-01  4.75832308e-02  7.03831993e+00
  3.15068706e+02] 7.03924578350311
[-3.10071642e+00 -1.85815209e-01  6.43487546e-03  6.86028516e+00
  3.14245701e+02] 6.862804181707062
[-3.14058342e+00 -1.05421485e-01 -2.78317316e-01  7.09024689e+00
  3.15667017e+02] 7.09649034689429
[-3.13031975e+00 -5.88997382e-02  2.59873759e-01  7.06462193e+00
  3.14609603e+02] 7.069645434375769
[-3.06451944e+00  3.11440428e-02 -2.67039979e-01  7.23756694e+00
  3.17870601e+02] 7.242558633928881
[-3.16825255e+00  7.24043734e-03  2.53371857e-02  7.24066274e+00
  3.15292152e+02] 7.24071069018835
[-3.16472938e+00  7.04130168e-03  2.38741018e-01  7.35372816e+00
  3.17844005e+02] 7.3576059075349916
[-3.12270510e+00  9.68904277e-02 -1.57653688e-01  6.79591942e+00
  3.12584826e+02] 6.798438291224767
[-3.05835824e+00 -1.78450931e-01  4.40323947e-02  7.03312312e+00
  3.15889029e+02] 7.0355244587747965
[-2.97935173e+00  9.43286879e-02  2.70916218e-01  6.96017265e+00
  3.18382437e+02] 6.966081882623505
[-3.05232790e+00  2.34312230e-02 -2.80833538e-01  7.34689397e+00
  3.21177941e+02] 7.352296755095991
[-3.18841716e+00 -4.33711539e-02  1.47709957e-01  6.90560882e+00
  3.12688766e+02] 6.907324547246101
[-3.12335420e+00 -1.70038497e-01  1.23853776e-01  6.68828709e+00
  3.13765460e+02] 6.691594506221481
[-3.17334228e+00  2.17958775e-01  2.59795420e-01  7.01881576e+00
  3.13342055e+02] 7.027003230972144
[-3.16998798e+00  1.69843979e-02 -6.91008638e-02  6.83444408e+00
  3.12290974e+02] 6.8348145039390475
[-3.07665863e+00 -5.02624134e-02  2.42180730e-01  6.93810474e+00
  3.14429836e+02] 6.94251217195075
[-3.15412838e+00 -5.67610334e-02  4.62450288e-01  7.06686616e+00
  3.13646221e+02] 7.082208650455945
[-3.02271490e+00 -3.11861992e-02  1.39163540e-01  6.88502803e+00
  3.13301680e+02] 6.886504918190603
[-3.10744561e+00  1.09271140e-01  1.73660555e-03  7.27125369e+00
  3.14632995e+02] 7.272074906284402
[-3.12549255e+00 -1.91787754e-02 -1.17724829e-01  6.97646125e+00
  3.14648275e+02] 6.977480815506084
[-3.10369107e+00  5.56639130e-02  1.64020867e-02  7.19714607e+00
  3.17135984e+02] 7.19738001134546
[-3.14977612e+00 -1.93294661e-02  2.66702698e-02  6.76423871e+00
  3.14990889e+02] 6.764318902456746
[-3.08935382e+00  4.75260747e-03 -8.63863852e-02  6.95316527e+00
  3.17242277e+02] 6.953703511068125
[-3.06739016e+00  1.96538518e-01  1.08784507e-01  7.12674751e+00
  3.16236132e+02] 7.130286915249643
[-3.17922002e+00 -2.38061934e-01  8.27486121e-03  7.32434553e+00
  3.15667398e+02] 7.32821802543447
[-3.10711196e+00  3.67838571e-02  1.05678686e-01  7.03033193e+00
  3.13484183e+02] 7.031222374573853
[-3.17537126e+00 -2.07256488e-01  2.54357202e-02  7.19235985e+00
  3.16174214e+02] 7.1953903625184905
[-3.11235339e+00 -2.74584059e-01  3.01683494e-01  6.98132381e+00
  3.14809880e+02] 6.993231831919279
[-3.13492003e+00  3.31807152e-01 -1.06569272e-01  6.98452307e+00
  3.14316691e+02] 6.993212103836942
[-3.03475836e+00 -3.09091932e-01 -1.59144076e-01  7.04016526e+00
  3.16216911e+02] 7.0487439735293655
[-3.05665528e+00  4.70185389e-01 -3.79119825e-02  7.04787548e+00
  3.16501514e+02] 7.063643566020402
[-3.09536020e+00 -1.41403962e-01  1.31734220e-01  7.24020976e+00
  3.13234709e+02] 7.242788574011741
[-3.12120235e+00  1.40414688e-02  7.05814358e-02  7.21714998e+00
  3.16648002e+02] 7.217508764801213
[-3.16608777e+00  1.23936422e-01 -6.31226484e-02  7.37366715e+00
  3.19324051e+02] 7.374978779120063
[-3.14240930e+00 -5.66452557e-03  1.27505026e-01  7.11947182e+00
  3.15861874e+02] 7.120615742545368
[-3.15094896e+00  2.11581493e-01  3.19624402e-01  7.19550407e+00
  3.15486301e+02] 7.205706438715922
[-3.10408812e+00  2.74696197e-01  9.75001276e-02  6.87517451e+00
  3.15520645e+02] 6.881350802597768
[-3.06273561e+00  3.38375091e-01  8.88045928e-02  7.13560631e+00
  3.18435354e+02] 7.144176748468871
[-3.14964879e+00  2.06102609e-01  1.55612699e-01  7.31846808e+00
  3.17560208e+02] 7.323023190386515
[-3.15066455e+00 -2.02102786e-01 -9.22285665e-02  7.33276215e+00
  3.15381763e+02] 7.3361265233785415
[-3.04012115e+00  1.35940500e-01  3.47941624e-01  7.06038574e+00
  3.17491193e+02] 7.0702609582845435
[-3.04646569e+00 -7.73005524e-02 -4.24732919e-02  7.07922726e+00
  3.16914541e+02] 7.079776683603691
[-3.12384111e+00  5.21317557e-02 -2.57383517e-01  7.03298207e+00
  3.14738387e+02] 7.037883259890952
[-3.16126313e+00  1.43171775e-03 -6.50833740e-02  7.31263002e+00
  3.15637719e+02] 7.312919783460659
[-3.12782422e+00  7.62045687e-02 -3.06814531e-01  7.16487690e+00
  3.15852420e+02] 7.1718479699364135
[-3.04454181e+00 -3.47925631e-01  1.50470155e-01  7.19298471e+00
  3.18365623e+02] 7.202966232889764
[-3.12009043e+00  1.61655144e-01  1.39669165e-01  7.09322593e+00
  3.13405156e+02] 7.096442343731019
[-3.18231055e+00  1.53389021e-02  3.81273804e-02  7.00203367e+00
  3.13111461e+02] 7.002154277488319
[-3.08707398e+00  8.46134409e-02  9.49554235e-02  7.13304940e+00
  3.15601277e+02] 7.134183180584809
[-3.12565876e+00  1.24185519e-01  3.96050679e-01  7.10397818e+00
  3.17846316e+02] 7.116093319802888
[-3.11563851e+00 -6.48303568e-02  4.76926591e-02  6.78611784e+00
  3.14564627e+02] 6.786595085733394
[-3.07963947e+00 -6.79517830e-02  1.50152524e-01  6.92775367e+00
  3.14647577e+02] 6.929713852683052
[-3.09026025e+00 -2.79794929e-01 -1.66074685e-01  6.98514171e+00
  3.17744075e+02] 6.992715548435734
[-3.12253706e+00 -3.70297591e-02 -3.80230026e-01  7.27691415e+00
  3.17424451e+02] 7.286935272340782
[-3.18516036e+00 -9.29757903e-02  1.60529851e-01  7.00877925e+00
  3.16513057e+02] 7.011233902535618
[-3.04143718e+00 -1.16468604e-01  1.92144967e-01  6.95812033e+00
  3.12486304e+02] 6.961747132170162
[-3.09121941e+00 -3.95294803e-01 -4.10750798e-02  7.27935775e+00
  3.18589061e+02] 7.290198510685611
[-3.15926479e+00  4.55151842e-02  1.63768370e-01  6.86343222e+00
  3.13516722e+02] 6.865536656770831
[-3.19501091e+00  6.75045872e-02 -9.30810818e-02  6.87567741e+00
  3.14345907e+02] 6.876638776036502
[-3.04272085e+00 -2.13966373e-01 -7.80915847e-02  7.00081212e+00
  3.15163388e+02] 7.004516419808862
[-3.07972816e+00  3.35836827e-02  1.19124005e-01  6.84873418e+00
  3.14327355e+02] 6.849852426179968
[-3.04356255e+00 -1.85913847e-01  1.34065343e-01  6.98662351e+00
  3.15747854e+02] 6.99038235629919
[-3.18865641e+00 -2.75039628e-01  7.21093031e-02  7.13865108e+00
  3.15916947e+02] 7.144311430423644
[-3.07958768e+00 -1.79623992e-02 -1.09436140e-01  7.23888100e+00
  3.18045802e+02] 7.239730454645081
[-3.11770966e+00  2.62460240e-01  1.93019280e-01  6.97541381e+00
  3.15563652e+02] 6.983017945160917
[-3.11160364e+00 -1.64414211e-01  2.79034111e-01  7.11029943e+00
  3.13724471e+02] 7.117671669073116
[-3.13069502e+00 -2.21942500e-01 -1.86312827e-01  6.90186688e+00
  3.13608002e+02] 6.907947409960563
[-3.09428615e+00  9.33566638e-02 -2.07753970e-01  7.01651409e+00
  3.15940304e+02] 7.020209911563039
[-3.05375120e+00  1.73609751e-02  1.15467857e-01  7.32164305e+00
  3.17337107e+02] 7.322574077534553
[-3.10861707e+00  6.81284678e-02  3.13497671e-02  6.80304584e+00
  3.14820901e+02] 6.8034591962049955
[-3.18445157e+00  5.99998469e-02 -1.86455714e-01  7.17152667e+00
  3.15144595e+02] 7.17420104008407
[-3.08990577e+00 -2.41831341e-01 -6.35467517e-02  6.82055215e+00
  3.15527011e+02] 6.8251338645867445
[-3.15294288e+00 -1.84682193e-01  1.08991034e-02  6.97933147e+00
  3.14478315e+02] 6.981783011610193
[-3.22370831e+00 -2.02724603e-01 -7.50608265e-02  7.07916457e+00
  3.16246367e+02] 7.082464433089968
[-3.19238814e+00  2.21478596e-01  1.20845018e-01  7.24545021e+00
  3.15713311e+02] 7.249841720787324
[-3.16582485e+00  2.01916494e-01  2.95459684e-02  6.95168629e+00
  3.14037289e+02] 6.9546808326128104
[-3.14773112e+00 -5.27849263e-02 -1.14985534e-01  6.99591904e+00
  3.17196388e+02] 6.997063037139912
[-3.13268672e+00 -4.80539065e-02  1.28602048e-01  7.15398947e+00
  3.15532947e+02] 7.1553066327094985
[-3.13693537e+00  2.82083943e-01 -1.98958289e-01  7.03927875e+00
  3.17409279e+02] 7.0477373022650065
[-3.10294975e+00  1.58796771e-01  8.11857863e-02  7.38923687e+00
  3.16890243e+02] 7.391388845645446
[-3.11097608e+00 -2.91363449e-01 -2.12475240e-01  7.01962393e+00
  3.16453236e+02] 7.028880317523235
[-3.19572063e+00 -5.62218696e-02  1.53995721e-01  7.31925656e+00
  3.15761308e+02] 7.321092280114343
[-3.09652440e+00 -1.71854370e-01  8.33178065e-02  7.07395450e+00
  3.17467589e+02] 7.076532202056909
[-3.04921124e+00 -1.71839561e-01  1.90388033e-01  6.98523458e+00
  3.15579210e+02] 6.989941240384606
[-3.12208344e+00  2.01235393e-01  1.80690709e-01  6.98162271e+00
  3.15094709e+02] 6.98685913331302
[-3.09309141e+00 -8.74485132e-03  5.82182271e-03  6.89620977e+00
  3.15474324e+02] 6.896217768741146
[-3.05925928e+00 -1.47240017e-01 -2.22110321e-01  7.26782026e+00
  3.18393963e+02] 7.272704029376698
[-3.17961075e+00 -2.71596317e-01 -3.20776759e-02  7.21784332e+00
  3.15771820e+02] 7.223022622011707
[-3.12668655e+00  1.48457480e-01 -1.51951043e-01  6.87800328e+00
  3.15473849e+02] 6.881283154440994
[-3.02086658e+00  1.15352010e-01  1.66031338e-01  7.18006639e+00
  3.17422781e+02] 7.18291207545031
[-3.14112903e+00  1.25215425e-01  1.08892352e-01  6.76053302e+00
  3.13747386e+02] 6.762569267511959
[-3.14909407e+00 -2.90927726e-01 -1.86432564e-01  7.28100678e+00
  3.15712368e+02] 7.2892013116306105
[-3.13393143e+00  5.34834912e-02  3.44766833e-01  7.21705596e+00
  3.15219260e+02] 7.225484166315614
[-3.00943031e+00  4.32595896e-02 -7.20273380e-02  6.88240592e+00
  3.14900758e+02] 6.882918753071085
[-3.07697127e+00  2.72186463e-01 -1.07035548e-01  7.44611774e+00
  3.18071289e+02] 7.451859600599273
[-3.10524265e+00 -7.63444851e-02 -3.73994485e-03  6.92377075e+00
  3.13526442e+02] 6.924192648150841
[-3.15226862e+00 -2.65032463e-01  1.37921224e-01  6.88020229e+00
  3.14935325e+02] 6.886686285267963
[-3.18154021e+00  4.39895800e-01 -1.90655193e-01  6.94585790e+00
  3.14891754e+02] 6.962384625761849
[-3.12199101e+00  6.20691618e-02 -9.09681736e-03  6.73049925e+00
  3.12692572e+02] 6.730791590970559
[-3.13169443e+00  3.04902220e-02 -1.47146732e-01  6.91994501e+00
  3.14183102e+02] 6.92157646951468
[-3.15935230e+00 -3.94175442e-01  1.65695901e-01  7.24853861e+00
  3.18080627e+02] 7.261139121787885
[-3.10506937e+00 -5.30821177e-01 -3.65368962e-02  7.19547854e+00
  3.17282387e+02] 7.215124214955498
[-3.02181849e+00 -3.34699121e-01  4.56447349e-02  6.96700300e+00
  3.13737478e+02] 6.975187286104158
[-3.11320919e+00  1.62492905e-01  1.94700260e-01  7.29104386e+00
  3.15885096e+02] 7.295452883130458
[-3.12326141e+00 -1.64028862e-01  3.40900833e-01  7.04741700e+00
  3.16955008e+02] 7.057563688091758
[-3.09308364e+00 -6.89267985e-02  7.69878126e-02  7.26324318e+00
  3.15800102e+02] 7.263978218916185
[-3.10638145e+00 -2.62184113e-01  6.01868309e-03  7.12332713e+00
  3.18044618e+02] 7.128153063117222
[-3.14542202e+00 -1.01839105e-01  1.70918476e-01  7.07517357e+00
  3.13686594e+02] 7.077970423782557
[ -3.19012733   0.37738138   0.41538131   7.14158481 315.40298177] 7.163601879527721
[-3.12712657e+00 -2.39362716e-01 -1.99501778e-01  7.07462137e+00
  3.14442248e+02] 7.081480283572384
[-3.20888183e+00  2.28824121e-01  2.79389401e-02  7.08937704e+00
  3.13394335e+02] 7.093123983292325
[-3.11403220e+00  2.14239623e-01 -3.42914385e-01  7.32084504e+00
  3.19383273e+02] 7.332002520347827
[-3.03894118e+00 -1.52846015e-01 -3.52532732e-02  7.00257029e+00
  3.16439348e+02] 7.004326906143252
[-3.14215349e+00  1.65937912e-02 -2.70409898e-01  6.97307950e+00
  3.15448724e+02] 6.978340385496084
[-3.10209931e+00 -5.64720308e-02  8.62911620e-02  7.12339159e+00
  3.16194204e+02] 7.12413804872562
[-3.15647881e+00  1.19334559e-01  2.08878354e-01  7.13729918e+00
  3.15713765e+02] 7.141352146130513
[-3.10396201e+00  3.13049886e-01  2.02169169e-01  7.19122603e+00
  3.17604022e+02] 7.200875255794654
[-3.11590101e+00  2.00202478e-01 -1.75185713e-01  7.16942383e+00
  3.15889322e+02] 7.174357751332122
[-3.07516969e+00  2.15140970e-02  2.80595661e-01  7.37505048e+00
  3.17128241e+02] 7.380417761562694
[-3.12287338e+00  1.56600132e-04 -3.55278127e-01  7.20417722e+00
  3.16120815e+02] 7.212932278388297
[-3.01314303e+00  1.20304165e-01  2.06219443e-01  6.90399591e+00
  3.14718406e+02] 6.908122689791726
[-3.09312488e+00  1.56740018e-01  2.76675790e-02  6.83984349e+00
  3.15789941e+02] 6.841695106306945
[-3.10074649e+00 -1.95393228e-02  1.08500832e-02  7.18449151e+00
  3.15393416e+02] 7.184526272562033
[-3.08088007e+00  8.31074970e-02  3.64899824e-02  6.78299025e+00
  3.14432476e+02] 6.78359750917389
[-3.10103882e+00  4.33574600e-02 -1.19957327e-01  7.00251339e+00
  3.13974496e+02] 7.003674994797105
[-3.11786388e+00  2.73978840e-01 -1.10662477e-01  7.14102430e+00
  3.15382952e+02] 7.147134997215696
[-3.15128924e+00  3.18739114e-01  2.32330726e-01  7.17206214e+00
  3.16195713e+02] 7.182899656114849
[-3.15384639e+00  8.21764846e-02 -3.20756116e-01  7.01458554e+00
  3.14127812e+02] 7.0223961559019035
[-3.16851631e+00  2.12848022e-01 -5.35277559e-02  6.87062437e+00
  3.14591692e+02] 6.874128940234354
[-3.09949726e+00 -4.51191203e-03 -1.99752705e-01  6.75911286e+00
  3.11167363e+02] 6.7620653789033955
[-3.11095237e+00  2.27543416e-01 -4.56271511e-02  6.94301229e+00
  3.13966397e+02] 6.946889770209874
[-3.08126766e+00  1.21609557e-01 -1.52968502e-01  7.30879727e+00
  3.16925497e+02] 7.311409288008346
[-3.13613623e+00 -3.41814608e-02  3.74281563e-02  7.03689058e+00
  3.15797038e+02] 7.037073135663164
[-3.03019107e+00  2.12036141e-01 -1.66377010e-01  7.17964325e+00
  3.18152587e+02] 7.184700257482135
[-3.12142044e+00  2.28927599e-02 -3.97848572e-02  7.47681835e+00
  3.19304679e+02] 7.4769592481838245
[-3.08029982e+00  2.47546409e-01 -3.31653764e-01  7.00551900e+00
  3.15709816e+02] 7.017732533042957
[-3.15393557e+00 -4.69008505e-02  1.05717037e-01  7.29763159e+00
  3.15609760e+02] 7.29854798274773
[-3.04343194e+00 -2.61914266e-03 -1.79672012e-02  7.06455234e+00
  3.18291285e+02] 7.064575675171005
[-3.11021648e+00  6.51553104e-02  8.24397234e-02  7.04500012e+00
  3.16743865e+02] 7.045783714512325
[-3.14471672e+00 -7.32750566e-02 -2.39586171e-02  7.36466711e+00
  3.19725498e+02] 7.365070598843409
[-3.22361597e+00 -5.07422963e-02 -1.01306346e-01  7.01996021e+00
  3.14571861e+02] 7.020874526944628
[-3.07751847e+00 -1.11265108e-01 -1.62563619e-01  6.81662198e+00
  3.13109190e+02] 6.819467870908116
[-3.06686294e+00 -8.11799774e-02  2.08921584e-01  7.01673761e+00
  3.15551866e+02] 7.020316596931502
[-3.17979211e+00  3.11950664e-01 -3.68107701e-02  7.07722215e+00
  3.15398980e+02] 7.0841895569387
[-3.01164981e+00 -2.28446846e-01  1.01288562e-01  6.95812203e+00
  3.18382633e+02] 6.962607950395258
[-3.08663672e+00 -1.31040789e-01 -2.31398487e-02  7.04859203e+00
  3.14348597e+02] 7.049847992137727
[-3.06126529e+00 -1.98305186e-01 -1.47053737e-01  7.04434050e+00
  3.15160125e+02] 7.048665321948297
[-3.13520131e+00  1.51045429e-01  6.02345815e-02  7.07802540e+00
  3.16645608e+02] 7.079893112511969
[-3.14951023e+00 -1.48533928e-01  1.28614080e-01  7.07410517e+00
  3.15160593e+02] 7.0768331778320155
[-3.13578019e+00  8.22625139e-03 -2.44469622e-01  7.02803808e+00
  3.13934513e+02] 7.032293531555159
[-3.10581936e+00  7.21847870e-02 -1.48005364e-01  7.03858006e+00
  3.13601223e+02] 7.040506055666562
[-3.10074841e+00  1.37582041e-01 -2.76344816e-01  7.25525034e+00
  3.17477826e+02] 7.261814704388085
[-3.12268376e+00  1.24014300e-01  4.67970819e-02  7.46634889e+00
  3.18191823e+02] 7.467525380627295
[-3.11740649e+00  1.82059497e-01  5.07277978e-02  6.92113088e+00
  3.13841324e+02] 6.923710823238886
[-3.03474683e+00  1.87952401e-01 -1.88877917e-02  7.04624619e+00
  3.15266372e+02] 7.048777777793628
[-3.09124923e+00  1.05118597e-01  2.07631806e-01  6.72806709e+00
  3.14367709e+02] 6.732090882288084
[-3.07024081e+00  1.23514818e-01 -2.44391766e-02  6.96029778e+00
  3.16370194e+02] 6.96143651232581
[-3.15447738e+00  6.94143513e-02  2.05378898e-02  7.25143897e+00
  3.15560122e+02] 7.251800275308172
[-3.15360738e+00 -1.25252711e-01  4.06709048e-02  7.31991155e+00
  3.14480322e+02] 7.321096056849633
[-3.14338385e+00 -1.25133165e-01 -5.92525355e-02  7.39857112e+00
  3.17193676e+02] 7.399866468684694
[-3.08842778e+00  1.19497207e-01  1.76340782e-01  6.85645725e+00
  3.15785477e+02] 6.859765427813922
[-3.10007646e+00  3.73071703e-01 -2.53315351e-02  7.31965119e+00
  3.16422952e+02] 7.329196256357104
[-3.12572216e+00 -3.05809500e-03 -1.31699676e-02  7.30247321e+00
  3.17735383e+02] 7.302485723475478
[-3.17503615e+00  1.84237693e-01  5.82545690e-02  7.16056894e+00
  3.15672030e+02] 7.163175601690319
[-3.11335079e+00 -8.79745637e-02  3.16091695e-01  6.99910262e+00
  3.13440244e+02] 7.006788921717247
[-3.08900138e+00  1.12173545e-01  5.15651054e-02  6.89391652e+00
  3.13253909e+02] 6.895021893923052
[-3.03966798e+00 -1.67947019e-02  3.01261059e-03  7.06438035e+00
  3.19326767e+02] 7.064400951504777
[-3.03277692e+00 -2.11721533e-01  1.46268150e-01  7.16569472e+00
  3.18857651e+02] 7.170313884723876
[-3.07845958e+00 -4.98597146e-02 -3.04524677e-01  6.68691057e+00
  3.13618261e+02] 6.69402675685542
[-3.09833142e+00  2.01892404e-01  1.07641406e-01  7.32838945e+00
  3.17401980e+02] 7.331960111378722
[-3.12224996e+00  8.62411328e-02  8.49391200e-02  7.20387183e+00
  3.16486096e+02] 7.204888723574309
[-3.08037702e+00  6.68660845e-02  2.99566921e-02  7.17382775e+00
  3.16542772e+02] 7.174201910509132
[-3.14539082e+00 -9.52959442e-02 -7.06731439e-02  7.18620503e+00
  3.16408361e+02] 7.187184340805844
[-3.13015532e+00  1.60283247e-01 -7.90380887e-02  7.20045639e+00
  3.15747053e+02] 7.202673801524592
[-3.11939329e+00  1.01821643e-01 -2.82646513e-01  6.91592747e+00
  3.15015151e+02] 6.922449676640126
[-3.20815420e+00  1.37941863e-01 -1.40867452e-02  7.16975136e+00
  3.13711940e+02] 7.171092037312322
[-3.13901084e+00  8.27734519e-02  4.12222911e-01  7.30532379e+00
  3.16714846e+02] 7.317413121300747
[-3.18587810e+00  5.85301371e-02 -8.57638574e-03  6.84230579e+00
  3.14102882e+02] 6.842561501656078
[-3.11040760e+00 -3.38516305e-02 -1.34569123e-01  6.85482284e+00
  3.13464017e+02] 6.856227168459023
[-3.16581889e+00  4.95344835e-02  3.33578238e-03  6.89623481e+00
  3.17919680e+02] 6.896413516707247
[-3.05840597e+00 -7.55580438e-02  1.95247901e-01  7.00732805e+00
  3.15480978e+02] 7.010454847963816
[-3.15929147e+00 -2.23800115e-01 -1.56892979e-02  7.31071280e+00
  3.19339069e+02] 7.31415437742188
[-3.10138605e+00  8.41908442e-02  1.46419933e-01  7.00621198e+00
  3.15242236e+02] 7.0082475177170656
[-3.10087688e+00 -1.10392754e-01 -2.01748129e-01  7.18257125e+00
  3.14669962e+02] 7.186252058803987
[-3.12150118e+00  7.26505466e-02 -5.14698309e-02  7.16804789e+00
  3.17696969e+02] 7.168600825401755
[-3.18120832e+00  6.31536316e-02 -2.64430605e-01  7.06909663e+00
  3.14411854e+02] 7.074322522353175
[-3.13022533e+00  6.74221979e-02 -6.78086119e-02  7.17598681e+00
  3.15398998e+02] 7.176623885716275
[-3.16489841e+00  2.58941965e-01  1.72281083e-02  6.99504493e+00
  3.15153282e+02] 6.999857237683376
[-3.14259242e+00  1.37980883e-01  6.54491462e-02  7.30959492e+00
  3.15961583e+02] 7.3111900706422
[-3.10235721e+00  5.11524983e-02  3.01547822e-02  6.93975238e+00
  3.14682642e+02] 6.940006407194597
[-3.09899508e+00 -2.49461564e-01  2.47543818e-01  6.99423435e+00
  3.14962560e+02] 7.003058123915017
[-3.15107276e+00  1.36449838e-01  4.28992688e-01  7.13843469e+00
  3.17421200e+02] 7.152615119530941
[-3.12891023e+00 -1.67212470e-02  1.06182734e-02  7.02342978e+00
  3.16143830e+02] 7.023457711355603
[-3.08567617e+00 -1.42306797e-01 -2.16291301e-01  7.11048928e+00
  3.15459677e+02] 7.115201397368082
[-3.03965199e+00 -4.05050565e-02  2.06693701e-01  6.90859341e+00
  3.15710856e+02] 6.911803374326394
[-3.12209156e+00  2.42029751e-01 -2.36494520e-01  7.08796518e+00
  3.13990818e+02] 7.096038226661792
[-3.09977609e+00  1.91952870e-01  1.33043969e-01  7.16810189e+00
  3.16103862e+02] 7.171905699663854
[-3.21303957e+00  1.79384280e-01  3.46712099e-01  7.04884480e+00
  3.16703463e+02] 7.059645959265661
[-3.14815063e+00 -2.34015262e-01  2.82573147e-01  7.10466313e+00
  3.17399128e+02] 7.1141302265285375
[-3.09583226e+00 -1.35323861e-01 -6.93617350e-02  7.01263770e+00
  3.14887295e+02] 7.014286214926641
[-3.07969524e+00 -7.11916707e-03  7.71125281e-03  6.98324700e+00
  3.14659043e+02] 6.983254890179815
[-3.26346518e+00  2.71041011e-01 -1.88588632e-01  7.38613928e+00
  3.16888689e+02] 7.393516237537939
[-3.20687363e+00 -1.68678570e-01  5.07979797e-02  7.35142156e+00
  3.16028808e+02] 7.353531933284379
[-3.04737979e+00  4.32462625e-01  2.32041543e-01  7.09999276e+00
  3.15767974e+02] 7.116935038711846
[-3.17861106e+00  7.34988043e-02 -2.10817501e-01  6.88957753e+00
  3.15795776e+02] 6.8931940853251925
[-3.06619771e+00 -2.62707720e-01  3.04431047e-01  6.84152993e+00
  3.14374720e+02] 6.8533368057710815
[-3.13977634e+00 -1.14257766e-01 -3.34968657e-01  6.90876167e+00
  3.14989006e+02] 6.917820950024868
[-3.07699045e+00  6.44999698e-02 -2.61527797e-01  6.91495412e+00
  3.15595813e+02] 6.920198520281827
[-3.15381515e+00 -1.46751861e-02  3.70354216e-01  6.89775689e+00
  3.12706304e+02] 6.907707846672423
[-3.07709339e+00  5.41980509e-02  2.30503335e-01  6.83679326e+00
  3.15284338e+02] 6.840892575434693
[-3.10951854e+00 -1.52747191e-01  1.96011459e-01  7.13872077e+00
  3.16694458e+02] 7.143044622788643
[-3.19529440e+00  1.84402091e-02  1.61767824e-01  7.31356990e+00
  3.16013910e+02] 7.315381983364144
[-3.11374006e+00 -3.75283231e-01  1.81702655e-01  6.94444427e+00
  3.13342040e+02] 6.956950446161455
[-3.16858553e+00 -2.00456745e-01 -1.60731913e-02  7.26957490e+00
  3.16765593e+02] 7.272355910335765
[-3.25654028e+00  9.36162939e-02  1.88728593e-01  7.02743532e+00
  3.13397270e+02] 7.030592409532307
[-3.14522795e+00  8.09591575e-02  6.71120800e-02  7.23824062e+00
  3.19114706e+02] 7.2390044661514645
[-3.08233056e+00  4.84100734e-02  2.03249277e-02  6.77572673e+00
  3.15169032e+02] 6.775930145811843
[-3.14587073e+00  1.26024911e-01  8.92902774e-02  6.88432241e+00
  3.15632671e+02] 6.8860547518599695
[-3.07342932e+00  1.33412873e-01  1.59230339e-01  7.02749559e+00
  3.15047296e+02] 7.0305652382763
[-3.12890994e+00  3.80464188e-01  4.19320490e-02  6.87294522e+00
  3.16324379e+02] 6.883595518627684
[-3.07295262e+00 -1.88173081e-01 -4.78969381e-02  7.04750770e+00
  3.16866193e+02] 7.050182130711588
[-3.05841433e+00 -1.16049462e-01 -1.84838442e-01  7.18426001e+00
  3.14743537e+02] 7.187574322777166
[-3.07031828e+00  1.29619040e-01  1.67589652e-01  7.26558603e+00
  3.17549840e+02] 7.268674414674728
[-3.05483821e+00  2.08209098e-01 -2.49037080e-03  6.95935156e+00
  3.17604384e+02] 6.962465894575477
[-3.15808773e+00 -7.03306394e-02 -1.53063424e-01  7.10528212e+00
  3.14114104e+02] 7.107278582237466
[-3.11438846e+00 -8.08174725e-02 -2.61350347e-01  6.73520480e+00
  3.13755024e+02] 6.740758059944647
[-3.06045838e+00  6.59625462e-02 -5.82714435e-02  7.26300604e+00
  3.18814481e+02] 7.263539314720596
[-3.12729765e+00 -1.82901061e-01 -8.99394601e-02  6.88695003e+00
  3.15042432e+02] 6.889965359899208
[-3.12435410e+00 -3.29046439e-02  1.79902259e-01  7.12360677e+00
  3.15968372e+02] 7.125954034462938
[-3.08719341e+00  3.51102384e-01  1.06047433e-01  6.94160070e+00
  3.16631488e+02] 6.951283278890438
[-3.23898501e+00  1.96435744e-01 -2.42086180e-01  7.44872384e+00
  3.17714879e+02] 7.455245101971075
[-3.02930549e+00 -3.13401600e-01  1.15032843e-01  7.16547642e+00
  3.19187378e+02] 7.173249297914824
[-3.12770758e+00  1.51416515e-02 -3.83574272e-01  7.05140382e+00
  3.17202910e+02] 7.061844963225464
[-3.10123968e+00 -2.12740030e-01  3.55007025e-02  6.89428047e+00
  3.15636323e+02] 6.897653352289932
[-3.11911661e+00  2.44090202e-01 -1.32076172e-02  6.88664620e+00
  3.13635953e+02] 6.8909832652307
[-3.11571962e+00  2.45221472e-02 -4.48446531e-02  6.90048807e+00
  3.16871073e+02] 6.9006773570927775
[-3.18647968e+00  1.37358675e-01  3.32213345e-01  6.78018707e+00
  3.14018175e+02] 6.789710584002416
[-3.01411084e+00  5.09057804e-03 -5.21865784e-02  6.66307228e+00
  3.14722686e+02] 6.663278590963337
[-3.11003221e+00 -2.39018987e-01 -1.78641643e-02  6.84684810e+00
  3.13674921e+02] 6.85104211527748
[-3.11801570e+00  4.87509817e-02 -1.51375596e-01  7.20054686e+00
  3.16025718e+02] 7.202302851990132
[-3.10734356e+00  3.95817654e-02  4.61699606e-02  6.84197402e+00
  3.14527504e+02] 6.842244281962966
[-3.11026455e+00  7.26733557e-02  8.60083830e-02  7.07239684e+00
  3.15948746e+02] 7.073293148378373
[-3.09660452e+00 -1.04059435e-01 -2.51639651e-01  7.30457447e+00
  3.18127394e+02] 7.309648355949327
[-3.11154145e+00  3.03493751e-01 -2.51232032e-02  7.16338973e+00
  3.16601265e+02] 7.169859970883547
[-3.12496066e+00  1.66189873e-01  1.90731904e-01  6.93790685e+00
  3.16881679e+02] 6.9425174932676645
[-3.14004034e+00  1.41071709e-01  4.52244589e-02  7.16950299e+00
  3.14564816e+02] 7.171033368903456
[-3.02522613e+00  1.34860219e-01 -2.25714339e-01  7.11458104e+00
  3.19385102e+02] 7.119438013650774
[-3.16967517e+00  5.26472869e-02  2.64896101e-02  6.88976837e+00
  3.14671670e+02] 6.890020439930789
[-3.18422021e+00 -4.79109525e-04 -1.41528175e-01  6.96805078e+00
  3.13129938e+02] 6.969487941551422
[-3.12028515e+00  1.97884889e-01 -7.23477354e-02  6.79042223e+00
  3.11600492e+02] 6.793690214128335
[-3.07550496e+00  4.96331479e-02  1.37798687e-01  6.92527475e+00
  3.15641568e+02] 6.92682338605384
[-3.09906462e+00 -7.15229394e-02  1.42098707e-01  6.81046220e+00
  3.15279616e+02] 6.812319943186927
[-3.18181429e+00  7.47928047e-02 -2.15378982e-01  7.13585715e+00
  3.17214652e+02] 7.139498533321721
[-3.05879632e+00 -2.62468186e-01 -1.45322444e-01  6.98350190e+00
  3.16722246e+02] 6.989943276487705
[-3.16799732e+00 -1.93613173e-02 -1.43633485e-01  7.03983252e+00
  3.13307814e+02] 7.041324260408254
[-3.13977710e+00 -1.27595034e-01 -3.74766813e-02  6.91663514e+00
  3.14182335e+02] 6.917913460528869
[-3.09356412e+00  4.72328962e-02  1.78971023e-01  7.00806755e+00
  3.14611798e+02] 7.010511557527947
[-3.14461994e+00 -4.63067949e-02 -1.74330613e-02  6.92645638e+00
  3.12775372e+02] 6.926633109563498
[-3.13681219e+00 -2.68773044e-01  2.62888604e-01  7.27935804e+00
  3.16592467e+02] 7.289060486460415
[-3.12192043e+00  2.06358358e-01  2.58753139e-01  7.08607320e+00
  3.18131269e+02] 7.093798020625684
[-2.98565435e+00 -4.10380993e-01  1.31188950e-02  6.94242911e+00
  3.17697375e+02] 6.954560135368327
[-3.14601101e+00 -6.13972446e-02 -1.55946232e-01  7.68466593e+00
  3.22280754e+02] 7.686493299724858
[-3.09026019e+00  2.34188320e-01  2.64519831e-01  7.06323121e+00
  3.17529994e+02] 7.072061230702765
[-3.14647946e+00  3.74024970e-02 -1.92752592e-01  7.27931175e+00
  3.17771366e+02] 7.2819593574976755
[-3.08610821e+00 -1.72752083e-01  1.26981627e-01  6.82469793e+00
  3.12839400e+02] 6.828064840542238
[-3.06922348e+00  2.31858146e-02  1.34568047e-01  6.75819515e+00
  3.14736774e+02] 6.759574532434368
[-3.13116861e+00  2.09146620e-02  6.83608882e-02  6.97018801e+00
  3.14739000e+02] 6.970554602240971
[-3.05978954e+00 -4.49021387e-02  4.68359687e-02  6.73739806e+00
  3.15067908e+02] 6.737710477750607
[-3.12887318e+00 -1.62677709e-01 -6.75975457e-02  7.28917008e+00
  3.15816059e+02] 7.291298502404385
[-3.02088326e+00  1.34967070e-01 -2.49221293e-01  7.27238312e+00
  3.17317070e+02] 7.277903794080906
[ -3.03323862  -0.34957686  -0.31780841   6.88525785 313.14610372] 6.901447807675557
[-3.11049220e+00  9.11591345e-02 -3.31819670e-01  7.27800842e+00
  3.17726122e+02] 7.286138956312396
[-3.06529560e+00 -9.55254023e-02 -9.98646628e-02  6.83967917e+00
  3.14806591e+02] 6.841075154473649
[-3.07475401e+00 -9.85514605e-02  8.07622245e-02  6.96898370e+00
  3.17471083e+02] 6.970148405806242
[-3.13832324e+00 -9.63688525e-02  7.01228278e-02  7.06548903e+00
  3.13955076e+02] 7.066494137085309
[-3.03321280e+00  2.12148636e-01 -8.78459597e-04  7.09953736e+00
  3.15452130e+02] 7.102706424579421
[-3.09795556e+00  9.50614467e-02  2.10446632e-01  7.17015857e+00
  3.18545447e+02] 7.173876110369217
[-3.12428826e+00  3.77429406e-02 -2.07189669e-01  6.84553776e+00
  3.15679020e+02] 6.848776486131206
[-3.13655370e+00  2.48808814e-01  1.50966939e-01  7.22658234e+00
  3.14056403e+02] 7.2324400518265355
[-3.08891567e+00  8.33692542e-02 -4.72027076e-02  6.97393916e+00
  3.15568174e+02] 6.974597189581016
[-3.15285716e+00 -8.45080768e-02  1.05352924e-01  6.74607645e+00
  3.11485449e+02] 6.747428275339243
[-3.09859044e+00 -1.19272713e-01  8.37745115e-02  7.12879428e+00
  3.17154071e+02] 7.13028414370272
[-3.04341875e+00  2.64716872e-01  1.92230962e-01  6.95548613e+00
  3.14501140e+02] 6.9631756496170745
[-3.06857122e+00 -1.82831775e-01  5.49675505e-02  6.85650717e+00
  3.15733352e+02] 6.859164633678137
[-3.23558251e+00 -1.60048358e-01  4.29194488e-02  6.99618177e+00
  3.14428126e+02] 6.998143819672607
[-3.18826460e+00  1.40050516e-01 -1.02057962e-01  7.33300533e+00
  3.16289574e+02] 7.33505263371751
[-3.13320987e+00 -9.75846416e-03 -2.11719074e-01  7.21272954e+00
  3.17484125e+02] 7.215842825413241
[-3.09483921e+00  7.78089398e-02 -1.06417926e-01  6.94590000e+00
  3.13371978e+02] 6.94715091674409
[-3.11232563e+00 -1.23006008e-01  2.14788955e-01  7.01558531e+00
  3.15248710e+02] 7.0199502894309544
[-3.11087622e+00 -2.28954078e-01  1.39751468e-02  7.23571562e+00
  3.17062732e+02] 7.239350514884652
[-3.18302602e+00 -8.16676259e-02  1.84625973e-01  7.15289448e+00
  3.16365198e+02] 7.155742853583391
[-3.20359861e+00 -2.54421805e-01 -7.53080612e-02  7.01775074e+00
  3.14580105e+02] 7.022764921333728
[-3.08401623e+00 -4.65092517e-02  1.66726163e-01  6.87883597e+00
  3.13849090e+02] 6.881013373875516
[-3.12427739e+00  3.48549610e-01  1.84003177e-01  7.14062453e+00
  3.15143022e+02] 7.15149373502124
[-3.17712835e+00  2.84508262e-02  9.37963683e-02  7.13363253e+00
  3.17187756e+02] 7.134305876412449
[-3.05589145e+00 -2.13716976e-01  4.72409804e-02  6.94728296e+00
  3.15850639e+02] 6.950729969870012
[-3.05346588e+00 -1.03707924e-01  2.06886541e-01  6.86173073e+00
  3.15877673e+02] 6.8656322364464275
[-3.05055982e+00 -1.08931019e-01 -9.41863514e-02  7.08220900e+00
  3.16946996e+02] 7.083672868168636
[-3.06279294e+00 -6.38418740e-03 -8.06074095e-03  7.06913859e+00
  3.15259843e+02] 7.069146066131161
[-3.15229106e+00 -7.92486375e-02  1.20851289e-01  7.22202242e+00
  3.16525047e+02] 7.2234682291690895
[-3.15798634e+00 -1.98338591e-02 -2.41027963e-01  7.01716424e+00
  3.12361569e+02] 7.021330491726327
[-2.99338952e+00 -2.62826294e-03  2.18314498e-01  7.12623038e+00
  3.17946578e+02] 7.129574150619274
[-3.04318701e+00 -2.26029000e-01 -2.99362948e-02  7.23038765e+00
  3.16129882e+02] 7.233981678023047
[-3.08375260e+00  1.43292421e-01  1.22686198e-01  6.95591790e+00
  3.18094098e+02] 6.9584752918555335
[-3.10294487e+00 -8.78184427e-02 -1.10797956e-01  7.02786569e+00
  3.17573937e+02] 7.029287620319228
[-3.21961758e+00  1.87806909e-01  2.89809870e-01  7.16781944e+00
  3.15117512e+02] 7.176133830585775
[-3.04247468e+00  1.81970600e-01 -8.91097494e-02  6.86960623e+00
  3.14376317e+02] 6.87259365502223
[-3.13229176e+00  2.46266477e-02  9.89960912e-02  7.25600608e+00
  3.17198435e+02] 7.256723156935278
[-3.09383399e+00  1.43878530e-01 -1.12974708e-02  7.24695672e+00
  3.16223643e+02] 7.248393636030032
[-3.11587736e+00  2.22711516e-01 -5.57447514e-02  6.98211745e+00
  3.12658608e+02] 6.985890924889929
[-3.08196285e+00  3.87753121e-01 -1.18112899e-01  6.94906905e+00
  3.15992570e+02] 6.960880963918048
[-3.09013987e+00  2.32029682e-01  2.01285934e-01  6.95754378e+00
  3.16809263e+02] 6.9643211647168926
[-3.12549374e+00  9.13431502e-02  3.28167528e-02  7.22027295e+00
  3.13847433e+02] 7.220925286116082
[-3.15040976e+00 -2.91513169e-01  1.14699279e-01  7.16456156e+00
  3.16179935e+02] 7.171406993104009
[-3.12504456e+00  1.46538225e-03  2.14810444e-01  7.05082122e+00
  3.16234491e+02] 7.054092818297264
[-3.07326953e+00  5.00031414e-02 -1.40320486e-01  6.78709072e+00
  3.14164736e+02] 6.78872525327931
[-3.09241872e+00  1.71029639e-01  2.59747870e-01  6.68438562e+00
  3.12904513e+02] 6.691616485516383
[-3.22628455e+00 -1.96267784e-01  3.74366831e-01  7.10389069e+00
  3.15856597e+02] 7.116455195118432
[-3.07920471e+00 -3.07000766e-02 -6.61569719e-02  7.28457208e+00
  3.18343399e+02] 7.284937174986993
[-2.99701062e+00 -3.35435434e-02  8.97479032e-02  6.98594752e+00
  3.16946913e+02] 6.98660451094694
[-3.12855055e+00 -2.76742360e-02  1.27051699e-01  6.82028707e+00
  3.14142945e+02] 6.821526491650076
[-3.16546993e+00 -5.97874879e-03  1.14223987e-01  7.06373465e+00
  3.14555499e+02] 7.0646606525743545
[-3.12846738e+00 -1.88760373e-01 -2.71125508e-01  6.81238050e+00
  3.11989027e+02] 6.820386175307541
[-3.02695496e+00 -3.44720225e-02  7.95074030e-03  6.84176053e+00
  3.15577053e+02] 6.841851997142005
[-3.08004843e+00 -1.70526492e-01 -1.96590560e-01  7.08809875e+00
  3.15659718e+02] 7.092874661997042
[-3.08290583e+00  1.14944737e-01 -4.23644395e-02  7.02555516e+00
  3.16600008e+02] 7.026623110290488
[-3.09169617e+00 -1.32784946e-01 -2.97461641e-01  6.81435532e+00
  3.14361427e+02] 6.822137037739497
[-3.06372298e+00  2.60107749e-01  1.78297192e-01  7.12526082e+00
  3.16732609e+02] 7.132235810191015
[-3.14186031e+00  6.31517281e-02  4.96692187e-01  7.23148990e+00
  3.16380867e+02] 7.248802485232276
[-3.04123591e+00  2.71665193e-02 -1.55546652e-01  6.72095495e+00
  3.14243962e+02] 6.722809552891532
[-3.17796680e+00  4.36815047e-02  1.97257505e-01  7.17072354e+00
  3.15554917e+02] 7.17356917693354
[-3.10396407e+00 -3.09174282e-01  4.78154344e-02  7.03579993e+00
  3.16829099e+02] 7.0427520017823655
[-3.11746494e+00  1.44880839e-01 -2.07672263e-01  7.13743089e+00
  3.15087839e+02] 7.141921166205057
[-3.09354299e+00 -7.40036027e-02  2.24076946e-01  7.11180622e+00
  3.17115569e+02] 7.115720258121204
[-3.06180574e+00 -1.20222385e-01 -1.32566687e-01  7.05367144e+00
  3.17219691e+02] 7.0559413340731005
[-3.17504890e+00 -2.62678875e-01  1.09911713e-01  6.95691426e+00
  3.14948603e+02] 6.9627391743867
[-3.20607896e+00  1.28370422e-01 -1.20977569e-01  7.31291876e+00
  3.16696941e+02] 7.315045814636065
[-3.13315166e+00  3.01673635e-01  6.88248415e-02  7.10044832e+00
  3.15280050e+02] 7.107187222440493
[-3.05303391e+00  1.09183337e-01  9.87830200e-02  7.16511303e+00
  3.17091402e+02] 7.166625689111944
[-3.09327723e+00  2.43636022e-01  1.21224327e-01  6.94763983e+00
  3.15580327e+02] 6.952967215228488
[-3.02018262e+00  3.46782236e-01 -3.66169414e-02  7.06860546e+00
  3.16160787e+02] 7.077201559136824
[-3.17124144e+00 -2.35856361e-01  9.60765512e-02  7.22017182e+00
  3.14072194e+02] 7.224661934518208
[-3.09117357e+00 -8.26196358e-02  1.95234516e-01  7.18488915e+00
  3.15515646e+02] 7.188016042836803
[-3.14036785e+00 -5.36647425e-02 -9.22429450e-02  6.95350433e+00
  3.13333780e+02] 6.954323199289969
[-3.16631312e+00 -5.49487869e-02  5.64312606e-02  7.13151795e+00
  3.16270596e+02] 7.131952892607181
[-3.05072026e+00  5.90742905e-02 -2.84312826e-01  7.05459785e+00
  3.15059725e+02] 7.060571812705417
[-3.20064545e+00 -2.64676460e-01  1.59520705e-01  7.20961285e+00
  3.16609728e+02] 7.216232948938176
[-3.08683375e+00  1.86110495e-01  3.86075701e-01  6.82442483e+00
  3.14586450e+02] 6.837869982036065
[ -3.13872625  -0.39948911   0.33354371   7.1615806  314.63486847] 7.180465137040283
[-3.11598252e+00 -5.36258036e-02  1.31998201e-01  7.22659508e+00
  3.16793397e+02] 7.227999425773873
[-3.18417282e+00  1.06851473e-01  1.43599316e-01  7.02491952e+00
  3.16444233e+02] 7.027199457770241
[-3.05176127e+00  2.41431103e-01  1.56952682e-01  7.14403839e+00
  3.16593816e+02] 7.149839693633844
[-3.04011821e+00 -9.79299214e-02  2.44684326e-04  6.89144224e+00
  3.15755473e+02] 6.8921380150374505
[-3.18997883e+00  1.33046029e-01 -1.01110406e-01  7.15990198e+00
  3.17097306e+02] 7.1618517812154225
[-3.10165754e+00  9.90498522e-02 -1.17200050e-01  7.03697982e+00
  3.15385383e+02] 7.0386526878905356
[-3.14251607e+00  1.51427744e-01 -1.27852785e-01  7.25442787e+00
  3.16289772e+02] 7.257134451409509
[-3.10184831e+00  2.38927715e-02 -7.33688166e-02  6.98712941e+00
  3.16402392e+02] 6.987555458493377
[-3.18326026e+00 -5.29305747e-02  3.03172100e-01  7.34635117e+00
  3.14844837e+02] 7.352794734616832
[-3.09914403e+00 -4.69381272e-02 -2.33592880e-01  7.15964590e+00
  3.15806911e+02] 7.16360930606942
[-3.04463325e+00  1.28408069e-01  1.32946800e-02  6.95268764e+00
  3.15274778e+02] 6.9538860214138065
[-3.09300996e+00  1.40134596e-01  1.22606606e-01  6.97375648e+00
  3.16213980e+02] 6.976241789097288
[-2.99374774e+00 -1.92866115e-02  1.10184573e-01  7.06251742e+00
  3.16979827e+02] 7.063403213321807
[-3.09283377e+00  2.10449827e-02 -1.80491686e-01  7.25827306e+00
  3.14262178e+02] 7.2605473608017235
[-3.08358303e+00  7.76836362e-02  1.96126750e-02  6.87459427e+00
  3.14850560e+02] 6.875061147339024
[-3.11511371e+00 -1.37763670e-01  1.13540466e-01  7.24047334e+00
  3.16770641e+02] 7.2426738481888675
[-2.96710536e+00  2.62362153e-01  2.19970012e-01  7.05348893e+00
  3.17678492e+02] 7.061793454737372
[-3.16004349e+00  3.36028851e-01 -2.47249134e-01  7.06476312e+00
  3.16208533e+02] 7.077070401486523
[-3.13251464e+00  5.80172773e-02 -4.22549048e-03  6.73083886e+00
  3.11417257e+02] 6.731090224856111
[-3.04468980e+00 -5.54853868e-02 -1.52004507e-02  6.79754541e+00
  3.14016484e+02] 6.797788851607713
[-3.04543951e+00  8.44333879e-02  3.38516572e-02  7.01491756e+00
  3.15819811e+02] 7.015507348808484
[-3.18522257e+00  3.88741643e-02 -2.88812573e-01  7.31772157e+00
  3.16948279e+02] 7.323521894738699
[-3.12206686e+00  1.71821973e-01 -9.64780230e-02  6.69995058e+00
  3.10916051e+02] 6.702847800474694
[-3.12435401e+00 -5.36492970e-02  1.93064660e-01  6.95922724e+00
  3.14894368e+02] 6.962111462033504
[-3.10657938e+00  2.99020238e-01  8.45161019e-03  7.15065021e+00
  3.17360847e+02] 7.156904564352372
[-3.11351596e+00  2.12272051e-01  3.21852787e-01  7.07915791e+00
  3.14650683e+02] 7.089649171455631
[-3.15891646e+00  1.79125261e-01 -8.99238474e-02  7.27963748e+00
  3.16645916e+02] 7.282396174245756
[-3.19190503e+00  1.02816802e-01  1.73355059e-01  6.89177014e+00
  3.14789731e+02] 6.894716737032511
[-3.03525314e+00  8.63421975e-02 -6.24175034e-02  6.95401824e+00
  3.17373147e+02] 6.9548343347443975
[-3.11126588e+00  5.24465447e-02  3.57419200e-02  6.83979112e+00
  3.14763886e+02] 6.840085579967748
[-3.06475339e+00  6.57715607e-02  2.56087273e-01  7.06467964e+00
  3.13874761e+02] 7.06962552252306
[-3.10288345e+00 -3.26676075e-01  9.74469206e-02  6.77210959e+00
  3.13299006e+02] 6.780684442299275
[-3.12337118e+00 -1.54544412e-01 -1.43118036e-01  7.00097326e+00
  3.14939789e+02] 7.004141154351468
[-3.07173025e+00 -5.59024446e-02  6.21177192e-02  6.82099588e+00
  3.15064027e+02] 6.821507782546831
[-3.09926416e+00 -9.30547890e-02 -6.38210323e-02  6.84183055e+00
  3.13660883e+02] 6.842760967086605
[-3.08294230e+00 -1.33290037e-03  1.93211033e-01  6.89065440e+00
  3.14920733e+02] 6.8933627793211985
[-3.11622745e+00 -2.80356993e-01 -1.72934523e-01  7.24965839e+00
  3.17357922e+02] 7.257138087499009
[-3.10658973e+00  5.12217811e-01 -2.13262363e-01  6.83721902e+00
  3.15061550e+02] 6.8596947339651555
[-3.06854813e+00  1.63474708e-01 -1.65612849e-01  6.90828670e+00
  3.14774903e+02] 6.912204914459684
[-3.18557698e+00  1.36006651e-01 -1.53905628e-01  7.29771032e+00
  3.12977119e+02] 7.300600019697139
[-3.21828291e+00  5.01495948e-02 -1.25729827e-01  6.76057322e+00
  3.10578333e+02] 6.761928213792319
[-3.12337033e+00 -1.20938639e-01 -1.40927244e-01  7.11062755e+00
  3.15439251e+02] 7.113052142875938
[-3.07687956e+00  2.40478933e-01 -7.04549335e-02  6.88754167e+00
  3.14374207e+02] 6.892098682880932
[-3.15153567e+00 -1.17960002e-02 -1.01169027e-01  6.84698327e+00
  3.12743092e+02] 6.847740808015953
[-3.16916850e+00 -5.11864235e-02 -4.05862620e-01  6.65893892e+00
  3.12505392e+02] 6.671492494480452
[-3.17705892e+00 -6.28645694e-02  1.17125179e-01  7.13220419e+00
  3.12863977e+02] 7.133442850895938
[-3.07514241e+00  4.47366038e-02  2.70790055e-01  7.25164587e+00
  3.16345123e+02] 7.256837907322461
[-3.09390789e+00  8.50089599e-03  1.79948694e-02  6.68406700e+00
  3.13294283e+02] 6.6840966239748445
[-3.09422838e+00 -2.54769853e-01  4.16502243e-02  7.12010650e+00
  3.17870540e+02] 7.124784837161065
[-3.15442980e+00 -2.95518486e-01 -1.24035883e-02  7.10806857e+00
  3.15207768e+02] 7.114219829548646
[-3.21821080e+00  1.59266126e-01  2.39016889e-01  7.15192175e+00
  3.15227476e+02] 7.157686738054243
[-3.10287540e+00  1.61814111e-01  1.49650190e-01  7.33689905e+00
  3.17901077e+02] 7.340208892770932
[-3.15758993e+00 -4.06338320e-02 -1.16227466e-01  7.45018955e+00
  3.15615438e+02] 7.451206904476198
[-3.07117311e+00  2.81784506e-01 -2.17065758e-01  7.14561080e+00
  3.18581393e+02] 7.154458318033636
