/mnt/stage/douwei/Simulation/5kt_root/2MeV/5kt_+1.20_1.root
[-3.00658257e+00  1.88299391e-02 -1.28878281e-01  1.04166583e+00
  2.85657974e+02] 1.049777058935374
[-2.94961437e+00 -1.04327657e-01  1.48655038e-01  1.21594656e+00
  2.87178519e+02] 1.2294342668079872
[-3.00931353e+00 -2.21427293e-01  4.23743957e-01  1.19589864e+00
  2.86666468e+02] 1.2879295534555082
[-2.92667570e+00  1.03494473e-01 -3.94308789e-02  1.30614675e+00
  2.87828275e+02] 1.3108337933792429
[-2.98339117e+00  3.31120667e-01 -9.80907529e-02  1.37588384e+00
  2.86722625e+02] 1.4185623105249545
[-2.92260047e+00  2.37214386e-02  4.21254112e-01  1.25774654e+00
  2.86835137e+02] 1.3266288479501145
[-3.04368148e+00 -2.60700723e-01 -4.46786193e-01  1.06271397e+00
  2.85622400e+02] 1.1819237535554183
[-2.95935288e+00  3.75110940e-01 -1.61446982e-01  1.23500032e+00
  2.86719297e+02] 1.300768672215759
[-2.99719502e+00 -3.68105427e-02  1.58968998e-01  1.57160767e+00
  2.87237781e+02] 1.5800559521274564
[-2.98534974e+00 -2.42971949e-01  2.03840354e-01  1.51944027e+00
  2.87447350e+02] 1.5521871620537326
[-2.96861153e+00  5.06691557e-02 -1.64293018e-01  1.31683820e+00
  2.87291097e+02] 1.3280144606885091
[-2.93302728e+00 -1.83900812e-01  9.02302149e-02  1.09824801e+00
  2.86801878e+02] 1.117188293407139
[-2.98047841e+00  5.26873710e-03  4.95082409e-02  1.18947490e+00
  2.86471146e+02] 1.1905164315244925
[-3.05052538e+00  1.10642649e-02  3.20426942e-01  1.09425006e+00
  2.85354591e+02] 1.140253937085789
[-2.91713590e+00 -8.58078364e-02  9.71318171e-02  1.03176438e+00
  2.86068581e+02] 1.0398727384573536
[-3.08415542e+00  1.41360149e-01  2.09734076e-01  1.23509959e+00
  2.86185537e+02] 1.2607307718844134
[-2.98517900e+00  4.10905107e-02  1.05758613e-01  1.19787101e+00
  2.86387252e+02] 1.2032324279180475
[-3.00081713e+00  2.24625657e-01  2.64098170e-01  1.10925243e+00
  2.85924882e+02] 1.1621727384424816
[-3.00945667e+00  1.98888205e-01  1.40425171e-01  1.27635513e+00
  2.86529434e+02] 1.2993683691719524
[-3.00047817e+00 -1.42135071e-01 -5.61710572e-02  8.84494760e-01
  2.85853929e+02] 0.8976015517345763
[-2.96040432e+00 -1.25916440e-01  1.83723435e-01  1.36357357e+00
  2.87167220e+02] 1.3816447212144165
[-3.06877897e+00 -3.51647480e-01 -2.71603447e-01  1.14553512e+00
  2.85725631e+02] 1.22868836201535
[-3.08795877e+00  4.70918651e-03 -5.40345707e-02  1.36001303e+00
  2.86241933e+02] 1.361094175474889
[-2.91004234e+00 -1.53965815e-01  4.20833904e-02  9.55907037e-01
  2.87071852e+02] 0.9691412416814215
[-2.96054561e+00  1.26424324e-03  1.37512275e-01  1.00481423e+00
  2.87263059e+02] 1.0141808778910102
[-2.96551446e+00 -4.42156675e-03  3.66413827e-01  1.37973590e+00
  2.87169483e+02] 1.4275677865114473
[-2.98546015e+00 -4.10220131e-02  1.37746258e-01  1.00846692e+00
  2.87125294e+02] 1.01865713479898
[-3.08216318e+00  5.20093744e-02  1.43678419e-01  1.29056953e+00
  2.86407475e+02] 1.299583848100361
[-3.02238727e+00  1.12287467e-01 -1.61328396e-01  9.62779128e-01
  2.85626171e+02] 0.9826387822309793
[-2.99776241e+00  4.41860616e-02 -1.79905974e-01  1.27937118e+00
  2.86508481e+02] 1.292713886810949
[-2.88450135e+00 -6.19453457e-02  1.28868209e-01  1.44945036e+00
  2.87394738e+02] 1.4564856991612987
[-3.01194332e+00  1.50552427e-02  2.84334980e-01  1.27985099e+00
  2.85811839e+02] 1.3111413333053028
[-2.84774748e+00  1.48741222e-02 -1.86005930e-01  8.88440077e-01
  2.87101416e+02] 0.9078244407694606
[-2.99868557e+00 -1.23352430e-01 -6.71875322e-03  9.46454159e-01
  2.85886704e+02] 0.9544822885087313
[-2.99495526e+00 -1.00710011e-01  3.16390512e-01  1.20833740e+00
  2.87018966e+02] 1.2531259869819242
[-2.94937725e+00 -2.35603837e-01 -2.28794063e-01  9.53217633e-01
  2.86350691e+02] 1.008206202821669
[-3.00664761e+00 -7.11347033e-02  3.57061964e-01  9.86924365e-01
  2.85821540e+02] 1.0519377807856782
[-2.95883836e+00  2.87527227e-01  2.71575353e-01  1.19601636e+00
  2.87447072e+02] 1.2597143371014383
[-2.89841741e+00 -2.67040058e-01 -1.70767750e-01  1.38034780e+00
  2.88221113e+02] 1.4162740061013204
[-2.93019445e+00  1.45837953e-01  1.26128744e-01  1.23086318e+00
  2.86286330e+02] 1.245873722446404
[-3.01482039e+00  2.99415641e-02  4.37617970e-03  1.35165822e+00
  2.86039100e+02] 1.3519968910769098
[-2.99224264e+00  3.37915183e-01  1.98516182e-01  1.34424724e+00
  2.85600897e+02] 1.4002128339620392
[-3.11634182e+00 -6.58301329e-02 -3.17157943e-01  1.33764389e+00
  2.85943645e+02] 1.3763044542829992
[-3.02795726e+00  1.83892882e-01  2.70330644e-01  1.00967492e+00
  2.86214766e+02] 1.0612910476216237
[-3.04315057e+00 -2.74441039e-01  3.96851558e-01  1.02518291e+00
  2.85414446e+02] 1.1330529782741554
[-2.93223184e+00 -3.43405599e-01  8.96419015e-02  9.79550411e-01
  2.85824397e+02] 1.0418647140395734
[-2.96627022e+00 -1.22923107e-01  3.68807892e-01  1.26026667e+00
  2.87210921e+02] 1.3188636925560213
[-3.01607818e+00 -7.51866899e-02  2.09692650e-01  1.03621600e+00
  2.86129559e+02] 1.0598903925511736
[-2.99879762e+00 -6.89269648e-02  1.88829044e-01  9.50281644e-01
  2.86029635e+02] 0.9713097024213012
[-3.02043570e+00 -2.70685812e-02  8.44869220e-02  1.01976485e+00
  2.84985673e+02] 1.0236166706995178
[-2.99995414e+00 -7.32840798e-02 -2.77854023e-02  1.08068555e+00
  2.86460664e+02] 1.0835238032030041
[-2.99621856e+00  1.07830210e-01  2.56869238e-01  8.97496720e-01
  2.85121852e+02] 0.9397390716105712
[-3.07788296e+00  4.29732795e-01  1.15701464e-01  1.46851458e+00
  2.86237539e+02] 1.5344680471392376
[-2.97592957e+00 -3.19296653e-02  8.67843839e-02  9.71633345e-01
  2.86042674e+02] 0.9760237653234932
[-2.89246377e+00 -3.76799933e-01  7.90486348e-02  1.03379477e+00
  2.86232708e+02] 1.1031584201003934
[-3.01872589e+00 -1.75147130e-01 -9.63692959e-02  1.27622042e+00
  2.86313908e+02] 1.2917825346404255
[-3.01779728e+00  2.66500257e-01 -2.53172040e-01  1.34967083e+00
  2.86177884e+02] 1.3988315869348236
[-2.97941180e+00 -1.35574775e-01  7.23146098e-02  1.08456848e+00
  2.85298183e+02] 1.0953988773480703
[-3.03957703e+00 -1.61526616e-01 -2.27059824e-01  1.56270971e+00
  2.85743998e+02] 1.5873590131180655
[-3.05985998e+00  2.37609541e-01  8.24021033e-03  1.07224730e+00
  2.85923472e+02] 1.0982897946509944
[-2.93889010e+00  2.02965400e-01 -2.20296151e-01  1.21234351e+00
  2.86105752e+02] 1.2488002792386013
[-2.97568698e+00 -3.03273969e-01  8.47133651e-03  9.01271389e-01
  2.86303315e+02] 0.9509663400723415
[-2.91425373e+00 -7.47254054e-02  1.34024409e-01  1.33244132e+00
  2.86417139e+02] 1.3412480379660954
[-3.05249933e+00 -5.16572759e-01 -2.59122250e-01  1.36642931e+00
  2.87503533e+02] 1.4836174730436176
[-3.05246065e+00  2.16414063e-01 -1.25183572e-01  1.27839710e+00
  2.86165950e+02] 1.3026147237132875
[-2.98434622e+00 -3.83910799e-01 -5.58432013e-02  1.26203637e+00
  2.87709305e+02] 1.3203188072716348
[-3.01549517e+00  4.96079810e-02  1.85798897e-01  1.20349651e+00
  2.85905925e+02] 1.2187641369069413
[-2.99116940e+00 -4.96033295e-01  1.28204504e-01  1.21254341e+00
  2.86877898e+02] 1.316338458005268
[-2.94334464e+00 -2.03920258e-01 -1.97374953e-01  1.39122102e+00
  2.86890262e+02] 1.4198719242596307
[-3.01621384e+00  4.40189053e-02 -3.21120278e-01  1.41663384e+00
  2.86908437e+02] 1.4532402849041282
[-2.94056264e+00  2.15987294e-01 -1.40073646e-01  1.50892893e+00
  2.87937753e+02] 1.5307310883818135
[-2.92506145e+00 -1.65131429e-02 -2.86316787e-01  1.31995996e+00
  2.87284658e+02] 1.3507569250072484
[-3.06191151e+00 -1.15847996e-01 -5.10323901e-02  1.26869711e+00
  2.83990707e+02] 1.274997027159519
[-2.94089546e+00  1.28221795e-01 -2.34891031e-01  1.20694769e+00
  2.86786760e+02] 1.2362594217698781
[-2.97704232e+00  1.38005882e-01 -3.14412038e-02  1.44478327e+00
  2.85913664e+02] 1.451699994002554
[-3.04678594e+00  5.87844796e-02  2.38400555e-01  1.40221386e+00
  2.85773826e+02] 1.4235498434049614
[-2.98221085e+00  1.15264804e-01  7.78731567e-02  1.13411209e+00
  2.87230870e+02] 1.1426112385162754
[-2.95004226e+00 -2.42441097e-02 -9.60143943e-02  1.42770134e+00
  2.85638851e+02] 1.4311316050873348
[-3.01124415e+00 -6.21974046e-02 -2.56198924e-01  1.01590438e+00
  2.86380174e+02] 1.049556154676832
[-2.97790289e+00 -3.08684091e-01 -5.44813218e-02  8.92083940e-01
  2.85645004e+02] 0.9455516050260795
[-3.03454562e+00  6.51164788e-02  3.24534009e-01  1.17716471e+00
  2.85687771e+02] 1.222816108220646
[-3.06832164e+00 -3.36545784e-01  1.47104643e-01  1.13241629e+00
  2.86101862e+02] 1.1904912799779557
[-3.06678901e+00  3.00854437e-01  2.11837323e-01  1.40714263e+00
  2.85069649e+02] 1.4544548173736158
[-2.97289847e+00 -2.45894918e-01  9.49356348e-02  1.08984125e+00
  2.86195761e+02] 1.1212631416623964
[-2.99323320e+00  6.15820663e-02 -9.81177694e-02  1.29413411e+00
  2.86229510e+02] 1.2993084817506382
[-3.09527619e+00 -1.31971332e-01  2.78191195e-01  1.08504961e+00
  2.85696212e+02] 1.1278915876809879
[-2.99380150e+00 -8.19848239e-02 -2.58986759e-01  1.12280920e+00
  2.87163720e+02] 1.1552039439523054
[-3.05101671e+00  1.12607663e-01 -1.99818330e-01  1.16156087e+00
  2.87999977e+02] 1.1839896576203195
[-3.02063754e+00  2.16929715e-01 -6.19687265e-02  1.01899368e+00
  2.86130404e+02] 1.0436698436220362
[-2.96989004e+00  1.04904843e-01  2.87891424e-01  1.21161776e+00
  2.87101540e+02] 1.249761611529157
[-2.95349904e+00 -5.11528672e-04  2.98237240e-01  9.28820576e-01
  2.86279813e+02] 0.9755272295269619
[-3.00689247e+00  2.10300347e-01  3.13707859e-01  1.22390432e+00
  2.87273572e+02] 1.2808515266271032
[-3.02619259e+00  2.00368722e-01  2.50773940e-01  1.27957215e+00
  2.85377423e+02] 1.3192194981404075
[-2.97124737e+00  3.36122998e-02 -5.66794212e-02  1.17264226e+00
  2.86298360e+02] 1.1744923241775858
[-3.10392865e+00 -3.94985511e-02 -7.55792600e-02  1.40908849e+00
  2.87610619e+02] 1.411666646631306
[-3.00318972e+00  1.59256650e-01  1.61587202e-01  1.14220691e+00
  2.86267598e+02] 1.1645212413035284
[-2.99858282e+00  3.79076983e-01 -1.03730265e-01  1.10270594e+00
  2.86517753e+02] 1.1706492717387824
[-3.04579654e+00  6.26552921e-02  1.26158181e-01  9.01172627e-01
  2.85613394e+02] 0.9121149469177647
[-3.02253916e+00 -5.70269751e-02  1.48273037e-01  1.39088402e+00
  2.86510688e+02] 1.3999269042160023
[-2.98070197e+00  2.83019256e-01  1.44998171e-01  1.16695559e+00
  2.86202923e+02] 1.2095080450165758
[-3.00663182e+00 -2.67911465e-01 -2.01503374e-01  1.00057030e+00
  2.86602898e+02] 1.0552350897119656
[-2.99819286e+00  8.19587159e-02 -3.23030712e-02  1.32388218e+00
  2.86504144e+02] 1.3268099847904653
[-3.08080781e+00  2.10606415e-01 -1.98637543e-01  1.15554013e+00
  2.86003999e+02] 1.191253508169996
[-2.93127139e+00 -1.33713655e-01 -3.54604360e-01  1.58172620e+00
  2.87242097e+02] 1.626493579703271
[-3.02386978e+00 -2.63337298e-02 -4.33987016e-02  1.12332264e+00
  2.86839253e+02] 1.1244690555817096
[-2.95892328e+00 -1.04503547e-02  2.29010685e-01  1.41630538e+00
  2.86857134e+02] 1.4347390144537975
[-3.02731342e+00 -5.94698129e-02 -1.43649810e-02  9.94398548e-01
  2.86507952e+02] 0.996278818310254
[-2.99666948e+00 -2.52845699e-01  4.72672804e-02  1.52406440e+00
  2.87432747e+02] 1.545618789600147
[-2.99363924e+00 -1.90824164e-01 -2.66063634e-01  1.28960279e+00
  2.85547302e+02] 1.3305183452243698
[-3.05128032e+00  8.93822451e-02 -3.04629995e-02  9.74055860e-01
  2.85457592e+02] 0.9786225009243215
[-2.89281380e+00 -7.50026746e-02  3.01836865e-01  1.09065576e+00
  2.86887829e+02] 1.1341344172369594
[-2.98219327e+00  2.54099435e-01 -1.73758044e-01  1.46163191e+00
  2.87062479e+02] 1.4936954933394884
[-3.10127784e+00  2.24289735e-01 -6.33264379e-02  1.18014303e+00
  2.86246265e+02] 1.2029354523152451
[-2.89086568e+00 -2.47678030e-01 -1.73683462e-01  1.28214894e+00
  2.87181179e+02] 1.3173519815665051
[-2.95887833e+00 -2.18918390e-01  3.12403533e-01  1.20420018e+00
  2.86860511e+02] 1.263178255899117
[-2.92553190e+00  7.17129902e-02  1.40822061e-01  1.20522208e+00
  2.87273583e+02] 1.2155385047238716
[-2.96802354e+00 -2.52356950e-01 -3.70210827e-02  1.05825392e+00
  2.85571524e+02] 1.0885568187871635
[-2.97249995e+00 -7.85824859e-02 -2.86487947e-01  1.41596192e+00
  2.86527373e+02] 1.4467891076424495
[-2.96381849e+00 -5.92082946e-02 -7.02106895e-03  1.30171057e+00
  2.87193612e+02] 1.3030753339111913
[-2.96546487e+00  2.19233391e-01  9.74315350e-02  1.40489796e+00
  2.87063960e+02] 1.4252348792778728
[-2.96590099e+00  4.95609494e-02  5.51253029e-02  8.62213292e-01
  2.85163912e+02] 0.8653940416994732
[-3.02863267e+00 -1.75276216e-01  1.18636763e-01  1.30697614e+00
  2.86518384e+02] 1.3240026681476382
[-2.94535084e+00  7.51377787e-02 -2.94922597e-01  1.20286509e+00
  2.85919192e+02] 1.2407697027065216
[-2.94884332e+00 -2.40993840e-01  7.10621648e-02  1.31953097e+00
  2.86564570e+02] 1.3432385606068218
[-2.96561215e+00  2.98229657e-01  2.45909690e-01  1.20590589e+00
  2.86700283e+02] 1.2663417905477903
[-2.94979892e+00 -1.84385000e-01 -5.19558549e-02  1.03073324e+00
  2.86282733e+02] 1.048383640491493
[-3.00428499e+00  1.35587125e-01 -1.67043209e-01  1.02609474e+00
  2.86320673e+02] 1.0484072294188524
[-2.98794061e+00  2.27897550e-02  5.64868308e-02  1.03588879e+00
  2.86121428e+02] 1.037678039066112
[-2.99085358e+00  1.99008451e-01 -1.02698900e-01  1.27360664e+00
  2.84181981e+02] 1.2931455067905941
[-2.95673032e+00  6.11662194e-02  8.97841493e-02  1.26520798e+00
  2.86355711e+02] 1.269863668878633
[ -3.05457532  -0.35154343  -0.33010863   1.37617344 286.33998696] 1.458220772009148
[-2.97744815e+00 -2.30055440e-01  1.70323411e-01  1.08667205e+00
  2.86742881e+02] 1.1237400606345964
[-2.93891657e+00  5.63618967e-02 -2.35082268e-01  1.22690721e+00
  2.86458413e+02] 1.2504965532272418
[-3.01971269e+00  5.86875626e-02  6.94735274e-02  1.36354975e+00
  2.86393922e+02] 1.3665792003214032
[-3.00027705e+00  2.77752221e-01 -1.67511435e-01  1.26828599e+00
  2.87591278e+02] 1.3091049310537808
[-2.98205790e+00 -1.90558273e-01  3.44231159e-01  1.25753254e+00
  2.88006415e+02] 1.3176477624227867
[-2.99980253e+00  3.70802505e-02 -8.80051878e-02  1.26732202e+00
  2.86960830e+02] 1.270915009763515
[-3.01630594e+00  2.29875368e-02  1.84280485e-01  1.27135845e+00
  2.86521162e+02] 1.284850194086896
[-2.99594344e+00  1.52856020e-01  2.12622857e-01  1.30265059e+00
  2.86391763e+02] 1.328710651491918
[-3.00855320e+00  1.28458718e-03 -1.70038875e-01  1.39631857e+00
  2.87011125e+02] 1.4066344314282055
[-3.00104313e+00  3.53032901e-03 -3.29392989e-01  1.13532074e+00
  2.85686407e+02] 1.1821444063566555
[-3.00815635e+00  5.42940398e-02  9.54882075e-02  1.53684813e+00
  2.86360077e+02] 1.5407686455671263
[-2.93915547e+00 -2.83383310e-01  2.31349357e-01  1.38631667e+00
  2.87957282e+02] 1.4337721382734245
[-2.96299290e+00 -1.63681176e-01  1.78435620e-02  1.02111469e+00
  2.86710279e+02] 1.034304172424013
[-3.06066632e+00  3.49119149e-02  1.12350921e-01  1.36374120e+00
  2.86348062e+02] 1.3688066459988604
[-3.04977145e+00 -2.76299392e-02 -1.82710987e-01  1.45056692e+00
  2.86958812e+02] 1.4622896821096343
[-2.90982282e+00  5.80379616e-02 -1.65306098e-01  1.31350788e+00
  2.87790163e+02] 1.3251405399745753
[-3.04369360e+00 -7.81138381e-02  8.52462016e-02  9.40303622e-01
  2.86047530e+02] 0.9473856597719811
[-2.94001183e+00 -8.28856344e-02 -2.66236122e-03  1.33103210e+00
  2.86739947e+02] 1.3336129766887905
[-3.03549717e+00 -1.41669413e-01 -6.15490650e-02  1.08406227e+00
  2.87365885e+02] 1.0950111905755937
[-3.03692339e+00  4.65355778e-02  1.97182912e-01  1.20436497e+00
  2.85207635e+02] 1.2212868821972738
[-3.01189036e+00  5.03365808e-02 -3.64293495e-01  1.25408938e+00
  2.86836007e+02] 1.306898506850582
[-2.90708022e+00  1.26937203e-01 -1.08368750e-01  1.26497222e+00
  2.87301488e+02] 1.275935563981523
[-3.09571875e+00 -3.32176860e-01  6.24478076e-02  1.51200802e+00
  2.86081319e+02] 1.5493254861337247
[-3.04339901e+00  3.85428954e-03  1.93493970e-01  1.13924922e+00
  2.86391806e+02] 1.1555706636914196
[-3.06080168e+00 -2.72116489e-02 -4.93495037e-02  1.17988311e+00
  2.86829823e+02] 1.1812281789584718
[-3.05832245e+00 -1.71296708e-01 -3.06532900e-01  1.33112994e+00
  2.86425239e+02] 1.376666948794583
[-3.02432254e+00 -2.40023339e-02 -6.00508255e-02  1.52353820e+00
  2.86851017e+02] 1.5249101147138013
[-3.02797617e+00 -3.79071537e-02 -1.78871158e-01  1.25839248e+00
  2.87091665e+02] 1.2716066489855202
[-2.97842298e+00  3.40264112e-02 -2.85080078e-01  1.35787996e+00
  2.86730790e+02] 1.3879000067967011
[-2.96174481e+00 -2.13846150e-01  1.78088167e-01  1.45087473e+00
  2.86405706e+02] 1.4773229395837928
[-2.98094411e+00 -9.09889623e-02 -2.95838735e-01  9.77367428e-01
  2.86618773e+02] 1.0252056561174556
[-3.00835757e+00  5.49722933e-02 -4.47300963e-02  7.05092845e-01
  2.85472903e+02] 0.7086456478029783
[-3.09768306e+00 -2.72626300e-02  1.00819035e-01  1.10898722e+00
  2.84102027e+02] 1.1138942462747585
[-2.92453259e+00  3.79165441e-02  3.62847907e-02  1.46751799e+00
  2.87722236e+02] 1.4684560968370284
[-3.00206161e+00 -1.77263454e-01  4.73852264e-01  9.35704451e-01
  2.85627110e+02] 1.0637204140556555
[-2.98878467e+00  1.52069859e-01 -2.18905438e-01  1.45389167e+00
  2.87827655e+02] 1.4781224015024776
[-3.00541581e+00 -1.25170668e-01 -1.37509112e-01  1.33417041e+00
  2.86799735e+02] 1.3470661243315813
[-3.03438116e+00  3.20112448e-01 -3.41007072e-02  1.52658216e+00
  2.87342828e+02] 1.5601563804776497
[-3.08509892e+00  1.41868318e-01  8.48399713e-02  1.32410994e+00
  2.86827314e+02] 1.334388087238597
[-3.02636048e+00  4.48517628e-01 -8.36414042e-02  1.24944222e+00
  2.85799791e+02] 1.3301390158384447
[-3.10937365e+00  1.09100345e-01 -2.04933510e-01  1.41412336e+00
  2.87150422e+02] 1.4330546100749368
[-2.98985573e+00  2.46120700e-01  4.54831604e-02  1.18561377e+00
  2.86131447e+02] 1.211744249014542
[-2.97631785e+00 -2.26474064e-01 -2.51103758e-01  1.35673826e+00
  2.86335470e+02] 1.398242579431832
[-3.04421315e+00 -5.85751724e-02 -7.56302447e-02  1.57459548e+00
  2.86008267e+02] 1.5774986258338175
[-3.03128374e+00  2.78707659e-02  2.10080839e-02  1.14837085e+00
  2.86097245e+02] 1.1489010995580329
[-3.04296632e+00 -2.26276750e-01 -2.47471531e-01  1.27393804e+00
  2.85570967e+02] 1.317331188830266
[-2.99844276e+00  6.77557669e-02  1.96094190e-02  1.15601559e+00
  2.86348375e+02] 1.1581655436388933
[-2.99340501e+00 -7.80175268e-02  1.58219087e-01  1.46972298e+00
  2.86415468e+02] 1.480272157150008
[-2.98773290e+00 -1.18698883e-01  2.70060972e-01  1.18814472e+00
  2.85344688e+02] 1.224218211731365
[-2.99314144e+00 -1.11812042e-01  1.32828765e-01  1.28098843e+00
  2.86867579e+02] 1.2927013497657796
[-2.95588243e+00  2.51406646e-01  1.14800341e-01  1.34685069e+00
  2.87380779e+02] 1.3749149768092916
[-3.01794563e+00  4.21103267e-01  1.88395363e-01  1.33141489e+00
  2.86531844e+02] 1.409072885354593
[-2.95172261e+00  7.19993776e-02  1.82827272e-01  1.37968411e+00
  2.87658853e+02] 1.393606100101115
[-3.01689319e+00  2.19083061e-03  1.30522988e-01  1.12984333e+00
  2.86875537e+02] 1.1373596650375442
[-2.98971943e+00  5.48609684e-01  1.12447044e-01  1.26044184e+00
  2.87337720e+02] 1.3792499952579975
[-2.94350993e+00  1.07634549e-01 -1.89109742e-01  8.19585398e-01
  2.86777755e+02] 0.847978723536583
[-2.97335727e+00  3.82200248e-01 -7.67681947e-02  1.09622928e+00
  2.86061030e+02] 1.163481422163676
[-2.98462424e+00 -1.28766386e-01 -1.66539182e-01  1.63744871e+00
  2.87101617e+02] 1.6509253084750553
[-3.04428530e+00  5.99984842e-02  5.27645200e-01  1.31431457e+00
  2.88561208e+02] 1.4175443777164707
[-3.05477004e+00 -1.18413042e-01 -3.16433190e-02  1.28680387e+00
  2.86563457e+02] 1.2926280039066775
[-3.00090606e+00 -1.13615145e-01  1.16307045e-02  9.40819624e-01
  2.85163440e+02] 0.947726352611372
[-3.05933569e+00  1.81547355e-01 -6.90120946e-02  1.43665924e+00
  2.86368315e+02] 1.4497282101474933
[-3.00379714e+00  2.93482580e-02  2.09778420e-01  1.20024499e+00
  2.86335532e+02] 1.2187929889499634
[-3.00040535e+00  2.23369719e-01  9.71093153e-02  1.09859058e+00
  2.85975836e+02] 1.125266859393249
[-2.95737731e+00 -6.92099546e-02 -1.15373245e-01  1.47553942e+00
  2.87847655e+02] 1.4816604133976214
[-3.02870101e+00  3.81525627e-01  1.60924158e-01  1.26247748e+00
  2.86111527e+02] 1.3286488506333
[-2.97673895e+00 -7.70023008e-02  5.81059843e-02  1.05312368e+00
  2.87021545e+02] 1.057532573111534
[-3.03902442e+00 -1.33774420e-02 -1.18928708e-01  1.18950438e+00
  2.85802540e+02] 1.1955097950617994
[-3.00480929e+00 -3.04940999e-02  2.02628256e-01  1.08377978e+00
  2.86335830e+02] 1.102980831440131
[-2.96644179e+00  2.45602268e-01  6.33056501e-02  8.91791585e-01
  2.85313599e+02] 0.927157111757183
[-3.00589099e+00  2.56369234e-01  1.06284379e-01  1.16637145e+00
  2.86809939e+02] 1.198934495337197
[-2.98308184e+00 -1.44775874e-01 -8.08977757e-02  1.20769647e+00
  2.86692517e+02] 1.219030460873362
[-2.98116604e+00  1.26202621e-01 -4.02347375e-01  1.17362379e+00
  2.86869631e+02] 1.2470779066090367
[-3.04233289e+00 -2.82050317e-01  2.38227033e-02  1.01768446e+00
  2.87054989e+02] 1.0563150832026187
[-2.91805575e+00  3.50805288e-02  9.26248767e-03  9.11206374e-01
  2.86414653e+02] 0.911928447368254
[-3.07030387e+00  3.39166972e-01  2.16470939e-01  1.07327795e+00
  2.84723061e+02] 1.1462196415304833
[-3.01097685e+00  7.33545268e-03 -2.04359430e-01  9.99750888e-01
  2.86147358e+02] 1.0204501079402586
[-2.99379128e+00 -3.42077376e-01  1.48035567e-01  1.09347070e+00
  2.86507357e+02] 1.1552530633534916
[-3.01843952e+00  2.52611417e-01  1.28194873e-01  1.23516237e+00
  2.86787199e+02] 1.2672302615348114
[-3.04078565e+00 -2.75611200e-01 -2.32531005e-01  1.07908836e+00
  2.85953392e+02] 1.1377450859557048
[-3.01848047e+00  9.90609627e-02  6.20938096e-02  1.05881155e+00
  2.86166638e+02] 1.0652467341840177
[-3.04673634e+00  1.81825104e-01  5.03224128e-01  1.31538723e+00
  2.87177823e+02] 1.4200487485852364
[-2.91593169e+00  1.87654604e-02  9.04728815e-02  1.30325664e+00
  2.86311631e+02] 1.3065279756774033
[-2.95913038e+00 -1.69045042e-02  2.47495392e-01  1.06331421e+00
  2.86991153e+02] 1.091868509024679
[-3.10189930e+00  1.17398156e-01 -2.37908553e-01  1.22786379e+00
  2.85150538e+02] 1.2561975497634308
[-3.05137798e+00 -2.08442192e-01 -9.85353072e-02  1.19284074e+00
  2.85465377e+02] 1.2149182602437807
[-3.07909599e+00 -8.22040406e-03 -9.18425700e-02  1.44358675e+00
  2.85988844e+02] 1.4465287245656648
[-3.04412242e+00  7.99296220e-02  5.89899681e-02  1.21412637e+00
  2.86005630e+02] 1.218183646364006
[-3.08709812e+00 -1.75545711e-01  3.59882778e-01  1.23013521e+00
  2.86057329e+02] 1.2936632300466704
[-2.91173294e+00  2.43954219e-01  1.36890512e-01  1.09784000e+00
  2.86357394e+02] 1.1329189495874894
[-2.96274450e+00 -1.17727958e-01  2.12886197e-01  9.80104358e-01
  2.86590897e+02] 1.009844026479653
[-2.98295074e+00 -7.12012021e-02 -3.56091131e-01  1.33805355e+00
  2.86644371e+02] 1.386455118501414
[-2.97647178e+00 -2.45155803e-01 -2.73862545e-01  1.36034448e+00
  2.86076774e+02] 1.4091270898368113
[-3.03175247e+00 -1.03640306e-01 -3.10441583e-01  9.03094974e-01
  2.86320598e+02] 0.9605705708556794
[-3.00051462e+00 -4.34093986e-01 -7.21256701e-02  1.04493746e+00
  2.86359454e+02] 1.1338139200545247
[-3.07270181e+00  4.69911853e-02  2.98525149e-01  1.09877077e+00
  2.86740084e+02] 1.139571252541275
[-2.88814029e+00  1.88174486e-01 -2.02410829e-01  1.23416144e+00
  2.87276247e+02] 1.2647269411253819
[-2.98376798e+00 -1.80454793e-01  1.39083282e-01  1.25398110e+00
  2.86872470e+02] 1.274510377182167
[-3.03300503e+00  6.14874259e-02  9.38026073e-02  1.28783194e+00
  2.85974183e+02] 1.292706750785934
[-2.98460414e+00  5.09248797e-02  5.42481083e-02  9.23906292e-01
  2.86132829e+02] 0.9268975329670005
[-2.99533176e+00  6.37830456e-02  1.08246803e-01  1.27731256e+00
  2.85922124e+02] 1.283476925302811
[-2.95591714e+00  8.98092169e-02 -1.30046069e-02  1.52884854e+00
  2.86646401e+02] 1.5315393184513655
[-2.93324868e+00  2.66042157e-01 -2.46045954e-02  1.45132098e+00
  2.87040471e+02] 1.475708778401987
[-2.93878606e+00 -3.67365857e-01  1.58521517e-01  1.34798442e+00
  2.87404376e+02] 1.4061112108924263
[-3.02879368e+00 -7.29706338e-02  4.11368799e-02  1.13613113e+00
  2.86151595e+02] 1.1392150420868052
[-2.99247845e+00 -9.65345689e-02 -7.92382340e-02  1.23327407e+00
  2.86575841e+02] 1.2395815991525165
[-3.01860051e+00  1.00494180e-01 -6.69834287e-02  1.06890571e+00
  2.85262970e+02] 1.0757068767102853
[-3.02524174e+00 -1.54607901e-01  2.12017468e-01  1.56314191e+00
  2.86451713e+02] 1.5850134509508171
[-3.02744409e+00  1.02727470e-01 -1.84303401e-01  9.87934137e-01
  2.84871188e+02] 1.0102150942504482
[-3.01510762e+00 -5.45513407e-01  6.95096089e-02  1.25811815e+00
  2.85362682e+02] 1.3730541627338566
[-2.93365619e+00 -4.51838327e-02  5.86229466e-02  1.50194451e+00
  2.87569311e+02] 1.50376711716397
[-2.99864949e+00  1.29878121e-02 -1.77712398e-01  1.16304854e+00
  2.85996644e+02] 1.1766190106771621
[-2.95106778e+00 -1.73413409e-02 -5.69423887e-02  1.34286698e+00
  2.87785178e+02] 1.3441855886303313
[-2.95676928e+00 -5.86306834e-02  1.91396466e-01  1.25652654e+00
  2.86748980e+02] 1.272371449098796
[-2.93968121e+00  2.87970403e-01  3.51302747e-02  1.09207924e+00
  2.86669094e+02] 1.1299549386888845
[-3.04515678e+00  1.12872599e-01  2.30080182e-02  1.29784372e+00
  2.86683941e+02] 1.302945860394488
[-3.03937524e+00  9.24653337e-02 -1.24473203e-01  1.40264429e+00
  2.86672004e+02] 1.4111890063788919
[-2.94188971e+00  1.98471834e-01  1.02887531e-01  1.10870334e+00
  2.86357432e+02] 1.1310172479673883
[-3.00575095e+00 -1.36989481e-01  4.82763887e-01  1.27498549e+00
  2.88024252e+02] 1.3701879770364385
[-2.93839177e+00 -1.29732170e-03  2.15959928e-01  1.36189148e+00
  2.86478923e+02] 1.3789085458766879
[-2.99146075e+00 -1.51364417e-01 -1.95202818e-01  1.12493111e+00
  2.85985604e+02] 1.151731447935829
[-3.10056925e+00 -3.42830074e-01  2.08078047e-01  1.29143143e+00
  2.86217000e+02] 1.3522662699808758
[-2.98440815e+00  8.82920397e-02  2.38479094e-02  1.32220414e+00
  2.87026507e+02] 1.3253633491813754
[-3.02501770e+00  2.03626766e-01 -2.28645512e-01  1.37590970e+00
  2.86805707e+02] 1.4095638139230495
[-3.03214340e+00 -6.53545249e-03 -8.82166932e-02  1.21928967e+00
  2.86665370e+02] 1.2224942496535198
[-2.97434737e+00 -6.90627974e-02 -1.78060312e-01  1.40599514e+00
  2.87388271e+02] 1.418907141271277
[-3.03981845e+00  6.69073112e-02  5.14472278e-02  1.25838638e+00
  2.87541803e+02] 1.2612135816080747
[-2.96681051e+00  3.06504034e-01  7.72163186e-02  1.13676379e+00
  2.86414358e+02] 1.179889396472336
[-3.01202563e+00  2.64953982e-01 -9.96410591e-03  1.46341679e+00
  2.86792784e+02] 1.4872419421079186
[-3.02483868e+00 -3.02825704e-01 -3.74175608e-02  1.36145483e+00
  2.86710465e+02] 1.3952285628763792
[ -3.06558727   0.2944602    0.33580181   1.07933269 286.71765475] 1.1680876363521735
[-3.03784831e+00 -1.06537649e-01  3.25322255e-02  8.25613990e-01
  2.85369766e+02] 0.8330948782251111
[-3.04867078e+00 -1.35909192e-02  4.16313450e-01  1.11460099e+00
  2.85447457e+02] 1.1898894770287096
[-2.93281947e+00 -1.69050393e-01 -7.48151575e-02  1.08079821e+00
  2.85766552e+02] 1.0964944624355026
[-3.00985740e+00 -1.98442089e-01 -8.90951506e-02  1.11604278e+00
  2.86373041e+02] 1.1370438447192754
[-3.04667843e+00  1.47377575e-01  6.25164978e-03  9.94611287e-01
  2.85929086e+02] 1.0054903500421908
[-3.03857209e+00  3.01399316e-02  3.65771577e-01  1.09602320e+00
  2.87226678e+02] 1.155839141329839
[-3.00919777e+00 -3.18285078e-01 -1.00318825e-01  1.23469660e+00
  2.85858149e+02] 1.279001547398066
[-2.99356529e+00  1.87535195e-02  2.93145225e-02  1.49115121e+00
  2.86543071e+02] 1.4915572271694204
[-3.04599129e+00 -1.93247001e-01  2.87111666e-02  1.52168813e+00
  2.87046696e+02] 1.5341784418036633
[-2.92422962e+00 -3.18140443e-01  2.38694269e-01  1.02875758e+00
  2.86579951e+02] 1.1029643917917407
[-2.91036062e+00 -4.79726565e-02 -4.31017041e-02  9.98553322e-01
  2.86458411e+02] 1.0006337341927731
[-2.95543941e+00  5.61342230e-02 -2.70336566e-01  1.31316312e+00
  2.86821332e+02] 1.3418756626922272
[-3.01890083e+00  1.66508932e-01  1.95072485e-01  1.27902410e+00
  2.87266788e+02] 1.3044850116467517
[-2.92135331e+00  1.38395965e-02 -1.41866021e-01  1.38617966e+00
  2.85999306e+02] 1.3934889846712404
[-2.98022648e+00 -1.09381912e-01  9.40082430e-02  1.34420945e+00
  2.86962223e+02] 1.3519249277857586
[-2.96429669e+00  2.97017529e-01  3.66756631e-02  8.87415623e-01
  2.86976674e+02] 0.936520691233906
[-3.03377456e+00  1.19775351e-01  3.09820137e-01  8.58073521e-01
  2.85031984e+02] 0.9201221760531205
[-3.09729390e+00  1.59655758e-01  2.42170664e-01  1.45771615e+00
  2.87357265e+02] 1.4862950489394329
[-3.02811104e+00 -1.50860915e-01 -8.85789087e-02  1.44752858e+00
  2.87296191e+02] 1.4580618005767678
[-2.99628939e+00  1.31136258e-01  2.69053910e-03  9.40006351e-01
  2.86211693e+02] 0.9491132160828311
[-3.05308342e+00 -1.67245088e-01  5.98974008e-01  9.68567029e-01
  2.83667101e+02] 1.1510268771735706
[-3.02340013e+00 -1.30806788e-01 -3.04264099e-01  1.24227542e+00
  2.86002612e+02] 1.2856653067057016
[-3.02588812e+00 -1.92350738e-01  2.46873537e-01  1.04299402e+00
  2.85679551e+02] 1.0889361239787139
[-2.95936299e+00  5.88942933e-02  6.17458426e-04  1.11224911e+00
  2.86736822e+02] 1.113807436484487
[-2.99752653e+00  1.04098903e-01 -4.65508699e-02  1.44337912e+00
  2.86962665e+02] 1.4478766672253323
[-2.98557778e+00  1.88780108e-01 -9.76367110e-02  1.39618663e+00
  2.87706001e+02] 1.412270500530274
[-2.99253350e+00 -1.68653477e-01  2.85830060e-01  1.37979315e+00
  2.87336146e+02] 1.4191448015358337
[-2.89038840e+00  3.16742977e-01  1.52682326e-01  1.39196463e+00
  2.87112241e+02] 1.4356892216267676
[-3.02398700e+00  1.21353438e-01 -9.59579530e-02  1.12526049e+00
  2.85964123e+02] 1.135845830013216
[-3.05737495e+00  2.99283017e-02  1.24293382e-01  1.29829327e+00
  2.85848542e+02] 1.3045727095725175
[-2.97319405e+00  3.81152719e-01  5.69678926e-03  1.27803559e+00
  2.86497492e+02] 1.3336734308325027
[-3.05034867e+00 -2.11512431e-01 -2.51767432e-01  1.28610747e+00
  2.85316943e+02] 1.3274775960022538
[-2.95788362e+00 -1.13013534e-01 -9.26282450e-02  1.50911171e+00
  2.87244613e+02] 1.5161695798081407
[-3.00850666e+00 -2.30230088e-01  5.39494600e-02  1.19965697e+00
  2.86058432e+02] 1.222740072913033
[-3.07766172e+00  3.29349872e-02  8.02294070e-04  1.13588738e+00
  2.86330297e+02] 1.1363650342819718
[-2.98189440e+00  1.75038650e-01  2.99876446e-01  1.05856191e+00
  2.86560755e+02] 1.1140546351952294
[-2.97948141e+00  1.86208927e-01  2.12474881e-01  1.26363637e+00
  2.86319812e+02] 1.2948344363139885
[-3.01254960e+00 -2.14263088e-01 -1.95190153e-01  1.13070584e+00
  2.86060249e+02] 1.167263282258443
[-2.98085817e+00 -1.24744317e-01  9.84115750e-02  1.00260639e+00
  2.85591696e+02] 1.0151184962415825
[-2.92542036e+00 -5.17534863e-02  1.97562216e-01  1.36288995e+00
  2.87504380e+02] 1.3781067740294366
[-3.10405569e+00 -6.02372366e-02  3.21511549e-01  1.17760971e+00
  2.87053324e+02] 1.2221959060909786
[-3.03507838e+00  1.54320435e-02 -1.92515669e-02  1.05490546e+00
  2.85821283e+02] 1.0551939662181937
[-3.01826550e+00  1.48608320e-01  3.07944198e-01  1.20506698e+00
  2.85991305e+02] 1.252637411351275
[-3.06561688e+00 -5.30186459e-03 -1.05860591e-02  1.17252869e+00
  2.86693133e+02] 1.1725884619197577
[-2.94913773e+00  1.39807139e-01 -2.38665437e-02  1.51515436e+00
  2.86805438e+02] 1.5217780289329046
[-2.98312144e+00  1.33214931e-01  4.42531935e-01  1.13112869e+00
  2.86363981e+02] 1.221897231938764
[-3.05830693e+00 -3.02880532e-01  1.39960888e-01  1.50944482e+00
  2.86554161e+02] 1.5458814087369828
[-2.91119333e+00  7.13988173e-02 -1.09000672e-01  1.26282468e+00
  2.86796626e+02] 1.2695294857193806
[-3.07235413e+00  1.89005594e-02 -2.74127294e-01  1.28836978e+00
  2.85738669e+02] 1.3173457039452598
[-3.04246872e+00  1.15805262e-01 -1.82311068e-01  1.04803117e+00
  2.85010352e+02] 1.070054910725238
[-2.92673070e+00 -2.40374723e-01  2.36617114e-01  1.08502118e+00
  2.86831085e+02] 1.1362388094469626
[-3.01462587e+00 -1.51844376e-01 -1.75080598e-01  1.31704186e+00
  2.86076339e+02] 1.3372767806354626
[-2.93802865e+00  1.47287800e-01 -3.31536449e-01  1.11834090e+00
  2.85942629e+02] 1.1757110490070741
[ -2.97528876   0.39197233   0.37503451   1.20448973 286.02877816] 1.3210180532856128
[-3.00772056e+00  9.45816217e-02  2.32783296e-01  8.87839454e-01
  2.85304487e+02] 0.9227094028765402
[-3.01041309e+00  9.44852321e-02  8.25751985e-02  1.36710510e+00
  2.86492760e+02] 1.372851948546939
[-2.98487053e+00  1.57401912e-01  6.02237221e-02  1.34877052e+00
  2.86693401e+02] 1.359258687830566
[-3.02318595e+00 -2.59019024e-01 -2.98373431e-01  1.20576791e+00
  2.86515308e+02] 1.2688553144265395
[-3.09588419e+00 -2.40314822e-01 -1.87969062e-02  9.02944045e-01
  2.85347845e+02] 0.9345653991801037
[-3.03851487e+00 -5.35948808e-02  1.14290647e-01  1.34168781e+00
  2.86394088e+02] 1.3476130573935534
[-3.03392667e+00  2.41793242e-01  2.59310175e-02  1.34134229e+00
  2.86744683e+02] 1.3632078102809573
[-2.94871011e+00  5.24263456e-02  1.15042789e-01  1.76069612e+00
  2.87182693e+02] 1.7652292156483016
[-3.02007333e+00  2.05889191e-01 -1.50519791e-01  1.18184469e+00
  2.86001937e+02] 1.2090506366394616
[-2.95794421e+00 -3.66928433e-01 -9.59790313e-02  1.12283822e+00
  2.87490819e+02] 1.1851641770781476
[-2.98433133e+00 -1.93952726e-01 -2.77848603e-02  1.11231831e+00
  2.86437047e+02] 1.129443080712715
[-3.01903768e+00  8.17000609e-02 -7.56882088e-02  1.10988569e+00
  2.86933175e+02] 1.1154594805864009
[-2.92556489e+00 -2.63196401e-01 -1.47659606e-01  1.64566287e+00
  2.86098771e+02] 1.6731054876432125
[-2.99498797e+00 -3.31007074e-01 -8.54825642e-02  9.94676883e-01
  2.86057426e+02] 1.0517866011581924
[-2.87534387e+00 -5.89347639e-02  3.46066868e-02  1.22528467e+00
  2.87744591e+02] 1.2271892527608528
[-3.03534690e+00 -4.27486300e-02 -2.21229395e-01  1.44792501e+00
  2.85970284e+02] 1.4653520788414134
[-2.95559280e+00 -1.64423317e-01 -7.50571824e-02  9.44561267e-01
  2.86563061e+02] 0.9616988065864026
[-3.03016661e+00 -8.10567779e-02 -7.22295621e-02  1.25171411e+00
  2.86894461e+02] 1.2564137566933584
[-2.96879024e+00  2.18510934e-01  2.20704757e-03  1.13498612e+00
  2.85778161e+02] 1.155831038330818
[-2.93237683e+00  1.94007140e-01  1.72818791e-01  1.39038840e+00
  2.86861846e+02] 1.4144557327544878
[-2.97545450e+00  3.66421971e-01  9.39554893e-02  1.27907492e+00
  2.86602658e+02] 1.333838571706846
[-3.06481089e+00 -4.17451376e-02  1.27508980e-01  8.26696577e-01
  2.84502907e+02] 0.8375132394381951
[-2.96260238e+00  2.35506516e-01 -4.90084930e-01  1.07228530e+00
  2.86428434e+02] 1.2022654990283395
[-3.04059837e+00 -1.57366358e-01  2.43151083e-01  1.29048575e+00
  2.86883610e+02] 1.322588407857448
[-3.14018518e+00 -2.78382071e-01  1.95632883e-01  1.12929400e+00
  2.85409156e+02] 1.1794378914853323
[-2.96598150e+00 -9.99904303e-02  1.77954668e-01  1.08690064e+00
  2.86045765e+02] 1.105901875072608
[-3.00585309e+00  2.71817228e-01 -2.39589244e-01  1.14451169e+00
  2.86512913e+02] 1.2004976580389857
[-3.05396022e+00 -4.53264650e-01 -4.17134801e-02  1.13820343e+00
  2.86470383e+02] 1.2258449802166076
[-3.01953757e+00  7.71399988e-02 -2.12670196e-02  1.51755968e+00
  2.85797360e+02] 1.5196678116222107
[-3.03238279e+00 -1.06522241e-01  2.99824662e-03  1.42083000e+00
  2.86672011e+02] 1.4248206445189062
[-2.97463250e+00  7.55366123e-02 -1.93668014e-01  1.05298047e+00
  2.85964994e+02] 1.0733037526714082
[-2.95040780e+00 -2.35518519e-01 -1.34058336e-02  1.27301602e+00
  2.86088726e+02] 1.2946885586947645
[-2.91769627e+00  4.10444179e-01 -3.47112050e-03  1.20890643e+00
  2.86827096e+02] 1.2766875978971968
[-2.95843851e+00 -2.24521142e-01 -2.42954841e-01  1.35778960e+00
  2.86732702e+02] 1.397508276581042
[-2.98277699e+00 -1.40500281e-01 -6.57101646e-02  9.65493170e-01
  2.86971906e+02] 0.9778728013758269
[-3.03711388e+00 -1.64481572e-01 -6.58671168e-02  1.41006883e+00
  2.87553166e+02] 1.421156845668508
[-2.92728352e+00 -1.60778909e-01  1.36407645e-01  1.34005463e+00
  2.86362504e+02] 1.3565409397734811
[-3.00077445e+00  1.49804200e-01  5.20266106e-02  1.14798510e+00
  2.86378790e+02] 1.1588864691976462
[ -3.03076791   0.38706337  -0.3078288    0.98233916 287.03686604] 1.0998031000543969
[-3.10829797e+00 -5.38930389e-02  2.35443597e-01  1.11886270e+00
  2.85005946e+02] 1.1446361376822078
[-2.97861372e+00 -1.25429379e-01  1.79518106e-01  1.20387212e+00
  2.86388638e+02] 1.2236287708906808
[-2.91159573e+00  1.74567827e-01  2.22162941e-01  1.42834069e+00
  2.86657964e+02] 1.4560176637926885
[-2.98437621e+00  1.22902717e-01  1.78309635e-02  8.94196401e-01
  2.85238446e+02] 0.9027791676202322
[-3.07774917e+00  6.14356718e-02  1.44960831e-01  1.33879396e+00
  2.86793685e+02] 1.348019747969419
[-2.99970744e+00  1.42123575e-01 -1.57698961e-02  1.05046237e+00
  2.86982215e+02] 1.0601504586438177
[-2.93283528e+00 -5.99420639e-02 -7.46187272e-02  1.58979159e+00
  2.88965301e+02] 1.5926701832588779
[-2.92118501e+00 -3.19888666e-02  3.61879484e-02  1.21215649e+00
  2.87114655e+02] 1.213118386473792
[-2.94458701e+00  5.37405379e-02  5.69459422e-02  1.17401199e+00
  2.86209433e+02] 1.1766201763978006
[-3.00017158e+00 -3.14995323e-02  1.01873589e-01  1.46725849e+00
  2.87313838e+02] 1.4711281142865509
[-3.07864802e+00  9.69783039e-02  2.74694422e-01  1.38312703e+00
  2.85950505e+02] 1.4134716821451243
[-2.95510737e+00  1.74461203e-01  1.66855756e-02  1.46654142e+00
  2.86646877e+02] 1.476976256984793
[-3.04519574e+00  4.09814700e-01  9.89388892e-02  1.23466045e+00
  2.86097900e+02] 1.3046545245025252
[-2.98679452e+00 -2.91916603e-02 -1.83983526e-02  9.17600308e-01
  2.85911404e+02] 0.9182488646905534
[-2.97507396e+00 -2.13668917e-01  2.64386256e-01  1.06065489e+00
  2.86741092e+02] 1.1137967962154336
[-3.06422425e+00 -1.48575777e-01  2.36586216e-01  1.23079845e+00
  2.86060953e+02] 1.2621064217146047
[-3.02369166e+00  8.18137629e-03  2.05839469e-01  1.29304877e+00
  2.85764697e+02] 1.3093555420547738
[-3.03445775e+00  3.41516353e-01 -2.21931399e-01  1.34142007e+00
  2.87113076e+02] 1.401889714265711
[-2.94842955e+00  1.32787290e-01  1.87692422e-01  1.10123931e+00
  2.86767250e+02] 1.124983970179688
[-2.96760372e+00 -1.79454998e-01  9.15332042e-02  7.72324777e-01
  2.86171229e+02] 0.7981653871240313
[-2.99111073e+00 -3.04624408e-01 -4.15179398e-02  1.27704362e+00
  2.85837330e+02] 1.3135296614452618
[-2.97623944e+00  2.65001740e-01 -2.72527974e-01  1.15293243e+00
  2.86726428e+02] 1.213981301805634
[-2.98169960e+00 -2.58466961e-02  2.54297004e-01  1.43719207e+00
  2.86265986e+02] 1.4597452016029473
[-2.93626981e+00 -2.12275541e-01 -4.27375501e-02  1.19233499e+00
  2.86439605e+02] 1.211837501190351
[-3.03678530e+00 -4.98268210e-02  7.64027294e-02  9.80236667e-01
  2.85409139e+02] 0.9844714378874004
[-2.94165370e+00  1.64561589e-01  1.14285291e-02  1.28457130e+00
  2.86751884e+02] 1.2951195085468
[-3.09798787e+00 -7.05545683e-02  1.45413560e-01  1.52283790e+00
  2.86707789e+02] 1.5313909740255267
[-3.05600885e+00  2.97680545e-01  2.20761682e-01  1.51014452e+00
  2.87444901e+02] 1.554955269842077
[-2.94517590e+00 -3.16996756e-01  1.74163256e-01  1.50547958e+00
  2.86735401e+02] 1.5483179715438433
[-3.07862920e+00  4.58208986e-02 -2.89042568e-01  9.43014714e-01
  2.86331967e+02] 0.9873813404382963
[-3.03400050e+00 -4.73954163e-02  5.60687211e-02  1.17428042e+00
  2.86363772e+02] 1.176573218366087
[-3.00925322e+00 -6.51126272e-02  1.89962115e-01  1.26717047e+00
  2.86476583e+02] 1.2829833446428565
[-3.05156547e+00  1.05336279e-01  2.32857080e-01  1.20481808e+00
  2.87144435e+02] 1.2316268694132628
[-2.98506251e+00 -4.01729180e-03 -1.88367833e-01  1.17868071e+00
  2.86719169e+02] 1.1936443383387894
[-2.96393391e+00 -1.17112197e-01 -2.68326734e-01  8.49068198e-01
  2.85253628e+02] 0.8981265542061788
[-2.96670747e+00 -2.09001254e-01 -5.65169760e-02  9.30588845e-01
  2.85557377e+02] 0.9554429819692086
[-2.97425437e+00 -2.32286386e-01  4.24649606e-02  1.00848912e+00
  2.86776215e+02] 1.0357656839174074
[-3.07724868e+00  1.91121307e-01 -1.66802747e-01  1.46991906e+00
  2.85444779e+02] 1.4916475948879155
[-2.98319169e+00  5.56134862e-02  2.03634699e-02  1.22624206e+00
  2.87043814e+02] 1.2276714235107669
[-2.92631034e+00  2.99122886e-02 -4.80418853e-03  1.09491814e+00
  2.86591026e+02] 1.095337184874264
[-3.02811316e+00 -7.16706119e-02  2.33271889e-02  1.07356402e+00
  2.85666753e+02] 1.076206554326112
[-2.91632023e+00 -2.07280238e-01 -6.58301741e-02  9.30997202e-01
  2.85365582e+02] 0.9560619746950534
[-2.98251604e+00 -1.72748215e-01  1.44976020e-01  1.33469065e+00
  2.85426169e+02] 1.3536096614612576
[-2.91731302e+00 -2.55511995e-01  2.00994016e-01  1.01349529e+00
  2.86550634e+02] 1.0643578700859195
[-2.96340399e+00 -1.68091214e-01 -1.42053806e-01  1.41956740e+00
  2.87487865e+02] 1.4365255119671319
[-2.97873795e+00 -1.59992660e-01  6.91106873e-03  1.01519826e+00
  2.84874697e+02] 1.0277513908502094
[-2.98228150e+00 -4.48893302e-01 -1.91026339e-01  1.24426709e+00
  2.86307811e+02] 1.3364867592440777
[-2.97171510e+00  1.18439298e-01  3.26271014e-01  1.34727798e+00
  2.86628277e+02] 1.3912722936642714
[-2.98741474e+00 -1.70192634e-01  9.82597513e-02  1.18089848e+00
  2.86983329e+02] 1.1971389821527358
[-2.94180949e+00  1.44580178e-01 -1.96032746e-01  1.28397515e+00
  2.86751745e+02] 1.3068758366188917
[-2.93798146e+00  4.85556912e-02  1.20861855e-01  1.34258605e+00
  2.86214168e+02] 1.3488893793699135
[-3.03733504e+00  2.13388715e-01 -3.70952008e-01  9.48661859e-01
  2.85722408e+02] 1.0407206438797099
[-2.98909007e+00 -6.51712433e-02  3.28404144e-02  1.14179482e+00
  2.87761440e+02] 1.1441246368096423
[-3.13956005e+00  2.49186027e-02  1.89117571e-01  1.10697002e+00
  2.86066692e+02] 1.123284921338526
[-2.94928752e+00  1.16411556e-01  6.30057734e-02  1.19504337e+00
  2.85446508e+02] 1.2023518724492643
[-2.94970165e+00 -6.03295196e-02 -1.88838256e-01  1.22088511e+00
  2.86636479e+02] 1.236875089279421
[-3.00246474e+00  4.08733856e-02 -2.44698268e-01  1.44868793e+00
  2.85857916e+02] 1.4697770564254973
[-2.95425157e+00  1.07821704e-01 -1.01287490e-01  1.40945529e+00
  2.86766115e+02] 1.4171975515024338
[-2.98276669e+00 -1.59331470e-02  8.99511479e-03  1.19148412e+00
  2.86494937e+02] 1.1916246004781892
[-2.99451683e+00 -1.24172188e-01  9.51076739e-02  9.92717608e-01
  2.86036010e+02] 1.0049639058282733
[-3.09458580e+00  9.29065638e-02 -2.67545014e-01  1.44561789e+00
  2.87042016e+02] 1.4730998091541352
[-3.13651189e+00  2.17116856e-02  9.25504137e-02  1.50175787e+00
  2.85399990e+02] 1.5047636587690267
[-3.01679914e+00  9.88479869e-02  3.38318158e-01  1.07093032e+00
  2.85672163e+02] 1.1274403942082662
[-2.99932461e+00  1.23657850e-01  2.15502196e-01  1.38951129e+00
  2.86851133e+02] 1.4115502410447311
[-2.95728808e+00 -6.30156489e-02 -6.53944155e-02  1.30874820e+00
  2.86125464e+02] 1.3118952934583934
[-2.95691342e+00  4.05081571e-01 -1.44206125e-01  1.38397784e+00
  2.85810005e+02] 1.4492346812527082
[-2.98291265e+00 -8.67949408e-02  2.29756185e-01  1.17858064e+00
  2.85888867e+02] 1.203899327742884
[-3.04395312e+00 -5.25811411e-02  4.00013506e-01  1.13378867e+00
  2.87025838e+02] 1.2034335588378602
[-3.00812754e+00  2.14366313e-01  1.16798981e-01  1.16481436e+00
  2.85983871e+02] 1.1901207568511942
[-3.13545413e+00 -2.61409534e-01 -1.62977758e-01  1.18754022e+00
  2.84904086e+02] 1.2268449273243214
[-3.07709130e+00  6.89559738e-02 -4.81492389e-01  1.20155993e+00
  2.86263785e+02] 1.2962777871813267
[-2.96055854e+00  1.95552384e-01  2.14720469e-01  1.36231639e+00
  2.86131383e+02] 1.3929291320575545
[-2.99742185e+00  1.78901581e-01  5.52121916e-03  1.04976982e+00
  2.86925053e+02] 1.064919210175183
[-2.91919749e+00 -1.08252522e-01  9.13923251e-02  1.02252941e+00
  2.86610168e+02] 1.0322972266130137
[-3.04964551e+00 -2.51455947e-01  2.16171838e-01  1.22887818e+00
  2.86585192e+02] 1.2728322548681195
[-3.07774512e+00 -6.96796951e-02  1.11048961e-01  1.13520383e+00
  2.86344959e+02] 1.1427488207418466
[-3.03881049e+00 -1.09000740e-01  3.88798485e-01  1.30893034e+00
  2.87780065e+02] 1.3697970884212327
[-3.02861667e+00  2.81373849e-01 -9.52132695e-02  1.08365387e+00
  2.86039274e+02] 1.1236291751262497
[-3.08932026e+00 -8.29183771e-02 -3.13233531e-02  1.04230537e+00
  2.85583595e+02] 1.046067438200813
[-2.97614093e+00  6.00987987e-02  2.72085287e-02  1.20632036e+00
  2.85380404e+02] 1.2081229163217062
[-2.99458002e+00  6.20527162e-03  8.56593796e-02  1.39962099e+00
  2.85557650e+02] 1.4022535230497506
[-3.01142433e+00 -4.38685452e-02  1.19161397e-01  1.05713565e+00
  2.85845624e+02] 1.0647345540490447
[-3.01949933e+00 -1.51856717e-01 -2.66216452e-02  1.34148538e+00
  2.87672216e+02] 1.3503155952818693
[-3.07596011e+00  8.67531612e-02 -7.00663843e-01  1.20641160e+00
  2.85105930e+02] 1.3978143257908042
[-3.00182847e+00 -1.18177013e-01 -5.57781056e-03  1.42029773e+00
  2.86817579e+02] 1.4252166736414027
[-3.09591171e+00 -2.26121628e-01 -1.21313106e-01  1.36197431e+00
  2.85341025e+02] 1.3859371888799543
[-3.05525648e+00 -3.87209684e-01 -1.10012300e-01  1.26672861e+00
  2.86640806e+02] 1.3291483758341234
[-2.97775814e+00  1.07070402e-01 -1.85173953e-01  1.32135356e+00
  2.86166862e+02] 1.3385547056647165
[-3.01060181e+00  1.10204243e-01  1.49858680e-01  1.18717425e+00
  2.86041640e+02] 1.201659395558469
[-3.05786715e+00  1.79448922e-01  1.70215488e-01  1.10959539e+00
  2.85163204e+02] 1.1368276735843108
[-2.96031971e+00  1.63044981e-01  2.46021233e-02  1.36369263e+00
  2.87170332e+02] 1.3736253224267296
[-2.97123526e+00  1.65468439e-03 -2.97076251e-01  1.13692198e+00
  2.86558534e+02] 1.1750951589498053
[-2.96432472e+00  2.50449783e-02  2.94522723e-01  1.30664951e+00
  2.86883762e+02] 1.3396655666043913
[-2.96124080e+00  3.70483586e-02  3.47018609e-01  1.39862480e+00
  2.87266857e+02] 1.4415081732049868
[-3.05869681e+00  1.86689692e-01  1.58729710e-01  1.55262235e+00
  2.86029527e+02] 1.5718410622141112
[-2.95757231e+00  1.32858017e-01  1.42326281e-01  9.14496884e-01
  2.85635232e+02] 0.9349933548864618
[-3.02264678e+00  1.80041421e-01  2.76520055e-01  1.17643523e+00
  2.85672250e+02] 1.2218339116938601
[-3.05205087e+00  3.65603052e-01  2.06349104e-01  1.39046542e+00
  2.87214612e+02] 1.4524598497229626
[-3.01341150e+00 -3.76501445e-02 -1.05342953e-02  1.02868925e+00
  2.85896098e+02] 1.0294319229805986
[-2.96593072e+00  4.21825176e-03  2.92359953e-01  1.06109696e+00
  2.86117052e+02] 1.1006447624352462
[-2.99933012e+00  1.66560168e-01 -5.68413678e-02  1.21996638e+00
  2.86751454e+02] 1.2325953101576506
[-3.00218455e+00 -1.11126509e-01 -4.61833414e-02  1.06772280e+00
  2.86669014e+02] 1.074483124353741
[-2.93357999e+00  1.85493691e-01  2.62161714e-01  1.12167658e+00
  2.85927000e+02] 1.1667454793499574
[-2.92966343e+00 -5.26414481e-02 -2.00301778e-01  9.82045497e-01
  2.86690325e+02] 1.0036459947807435
[-3.01792153e+00  1.80553658e-01 -9.11831518e-02  9.86608758e-01
  2.85691843e+02] 1.0071299979286172
[-3.01019530e+00 -1.21920944e-01 -2.50102577e-01  1.32814342e+00
  2.85868646e+02] 1.3569749294536322
[-3.02407391e+00  3.65146847e-02 -3.08383261e-01  1.63006164e+00
  2.86560699e+02] 1.6593777461462775
[-2.98559380e+00 -3.00673623e-02 -1.19941993e-01  1.02442504e+00
  2.86011181e+02] 1.0318608394779747
[-2.99070945e+00  1.82823789e-01  8.21927452e-02  1.26483187e+00
  2.87037817e+02] 1.2806169762517698
[-2.97635187e+00 -4.20773313e-01 -2.26068478e-03  1.15075521e+00
  2.86297214e+02] 1.2252725609873247
[-3.01854924e+00 -1.65978366e-01 -1.95167005e-02  1.44265240e+00
  2.86586188e+02] 1.452300129346743
[-3.02074667e+00  2.50018699e-01  1.03446017e-01  1.23231560e+00
  2.86407608e+02] 1.2616703914509584
[-2.96952594e+00  1.09152921e-01  4.03377646e-02  1.00937997e+00
  2.86450071e+02] 1.0160656607485545
[-2.92167302e+00  1.06625150e-02  5.99803845e-02  1.06279051e+00
  2.87503801e+02] 1.0645351160674583
[-3.10183219e+00 -2.87832576e-01 -2.49588514e-02  1.41609314e+00
  2.86156665e+02] 1.4452647879705736
[-2.96968795e+00  2.57587454e-01 -1.85300308e-01  1.36920644e+00
  2.86111851e+02] 1.4054941399182332
[-3.00552009e+00  2.91983089e-01 -1.28463652e-01  1.12249104e+00
  2.87295479e+02] 1.166937516121466
[-2.98325485e+00  1.03546613e-01 -1.21277233e-01  1.22231464e+00
  2.85922797e+02] 1.2326731705977145
[-2.93233888e+00 -2.19270667e-01 -9.54821914e-02  1.02421926e+00
  2.86964193e+02] 1.0517706782700609
[-2.98346467e+00 -1.15470979e-01  1.09129702e-01  1.41503068e+00
  2.86676865e+02] 1.4239222841059354
[-2.97766811e+00  1.14761111e-01 -2.89850994e-02  1.13766779e+00
  2.87416354e+02] 1.1438086621730505
[-2.94435234e+00  7.92285492e-02 -4.97804319e-02  9.36425132e-01
  2.86913072e+02] 0.9410883495153987
[-3.01847581e+00 -1.69392706e-01 -9.52021028e-02  1.25504792e+00
  2.88091293e+02] 1.2700010286743735
[-3.02940965e+00 -1.82702180e-01 -3.37392440e-01  1.49939903e+00
  2.86591704e+02] 1.5477116030089295
[-3.06740624e+00  2.46993552e-01  1.10674372e-02  1.08240071e+00
  2.85727117e+02] 1.110279067282741
[-3.00290891e+00 -1.68655490e-01 -2.62647183e-01  1.09993108e+00
  2.85295447e+02] 1.1433619704719256
[-3.02033117e+00  3.77828237e-01 -1.81509632e-01  9.22274142e-01
  2.85936318e+02] 1.0130594832150734
[-2.95944775e+00 -1.67277703e-01 -1.50343961e-01  1.09831389e+00
  2.86336551e+02] 1.1211059418905174
[-2.93726117e+00 -3.14936051e-02 -3.70004638e-02  1.29198335e+00
  2.87251264e+02] 1.2928966932900785
[-3.09423062e+00  2.48546202e-01 -3.35929443e-01  1.18490886e+00
  2.86526541e+02] 1.2564365514057783
[-3.03814244e+00 -4.50151517e-02  1.20708752e-01  1.11038224e+00
  2.86690278e+02] 1.1178307946165276
[-2.97435158e+00  1.68639734e-01 -1.61041424e-02  1.03270630e+00
  2.86723271e+02] 1.0465089563065406
[-3.01583135e+00 -6.91006189e-02 -5.07577905e-02  1.24272430e+00
  2.85878149e+02] 1.2456784990462422
[-3.03497420e+00 -5.94858889e-02 -7.77419077e-02  1.25449400e+00
  2.85534726e+02] 1.258307424301869
[-2.95424319e+00 -8.35290117e-02 -2.48020353e-01  1.39251901e+00
  2.86384717e+02] 1.4168981525424467
[-3.03996387e+00 -2.16757603e-01  5.10491354e-02  1.59675336e+00
  2.88032498e+02] 1.6122069258881842
[-3.09561021e+00 -2.45691200e-01 -1.08570971e-01  1.12600202e+00
  2.85324355e+02] 1.1575976725802688
[-2.96136506e+00  2.06998633e-01  6.46335430e-02  1.43486989e+00
  2.85369224e+02] 1.4511642011513304
[-2.95014797e+00  9.69727273e-02  1.70682896e-01  1.25779272e+00
  2.86951703e+02] 1.2730195935628883
[ -2.98403246   0.38392966   0.31737612   1.37612529 285.44367598] 1.4635061976543875
[-3.03676168e+00 -5.43864124e-02  1.03862865e-01  1.39084765e+00
  2.86832319e+02] 1.3957802679143565
[-2.98638749e+00  3.78631994e-01 -9.40691217e-02  1.24174805e+00
  2.85728981e+02] 1.3015949436766738
[-2.98917358e+00 -6.21141029e-02 -5.60523774e-02  1.14939555e+00
  2.86146141e+02] 1.1524366240371233
[-2.98584182e+00 -2.37616079e-02  5.89519812e-02  1.43001305e+00
  2.85371528e+02] 1.4314249122369003
[-3.03954509e+00  1.34272450e-01 -1.87570648e-01  1.21615853e+00
  2.86343795e+02] 1.2378422431030736
[-2.98574868e+00  6.29024898e-02 -2.11964993e-02  1.24897267e+00
  2.85430317e+02] 1.2507352864970205
[-2.99809289e+00  1.32272135e-01  4.09962320e-01  1.24711104e+00
  2.87046575e+02] 1.319413118201775
[-3.02697405e+00 -4.22169398e-01 -1.78317525e-01  1.29942927e+00
  2.86317843e+02] 1.3778753796176604
[-2.94284200e+00  1.19421134e-01  1.14977664e-02  1.20732639e+00
  2.86208389e+02] 1.2132726915951528
[-3.05263106e+00  2.29866796e-01  2.35685385e-01  1.27281615e+00
  2.85648573e+02] 1.3147042605991548
[-2.97742793e+00 -8.44697229e-02 -1.74667087e-01  1.29769662e+00
  2.85319258e+02] 1.3121205100215618
[-2.97309889e+00 -1.12839309e-01 -9.58716062e-02  1.48197869e+00
  2.87011723e+02] 1.4893572116143088
[-2.97482551e+00 -1.71579699e-02  1.85950373e-01  1.44012321e+00
  2.86387601e+02] 1.4521800200703554
[-2.93034722e+00 -9.46630925e-02 -2.48875089e-01  1.23104529e+00
  2.86887907e+02] 1.259512772949788
[-3.04453195e+00 -2.58777833e-02  8.47195155e-02  1.43247374e+00
  2.87050132e+02] 1.435210115801683
[-3.03750634e+00  2.49481980e-01  6.18217294e-02  1.42361541e+00
  2.87318332e+02] 1.4466319619884702
[-2.94821186e+00  9.27024201e-02 -1.83136641e-01  1.27838701e+00
  2.88212767e+02] 1.2947610289692588
[-2.99272369e+00 -4.41420824e-02  3.35640068e-01  1.21340217e+00
  2.86263580e+02] 1.259741089331089
[-2.91866675e+00  1.91873098e-01  1.69800791e-01  1.15227331e+00
  2.86766389e+02] 1.180415766177661
[-2.95107094e+00  1.10394632e-02  1.02679639e-01  9.46643096e-01
  2.87065984e+02] 0.9522594862748552
[-3.01485594e+00  1.25156905e-01 -2.23153042e-01  1.13555914e+00
  2.86135648e+02] 1.1640258117317455
[-3.00784464e+00 -3.03996193e-01 -9.46399210e-02  1.31616982e+00
  2.85552043e+02] 1.3541319729939338
[-3.05866977e+00 -6.47280529e-02  5.26570279e-02  1.20832797e+00
  2.85582738e+02] 1.2112055858179605
[-3.02621159e+00  3.46452771e-01 -3.74860952e-02  8.05186358e-01
  2.86620735e+02] 0.8773595623035839
[-3.03052283e+00  3.36621134e-01  1.37054584e-01  1.23312332e+00
  2.86357089e+02] 1.2855702543650693
[-3.04958618e+00  2.01006109e-01  6.86079136e-03  1.25179042e+00
  2.86587757e+02] 1.2678445395104818
[-2.90787498e+00 -2.33894793e-01 -1.91416581e-01  1.45930055e+00
  2.87142897e+02] 1.490270170857534
[-2.99363174e+00  7.89629144e-02  1.10339305e-01  1.13194131e+00
  2.85935998e+02] 1.1400443072430515
[-2.94155926e+00 -8.50290022e-02 -1.29480441e-02  1.44788242e+00
  2.86784019e+02] 1.4504347923703365
[-2.97282775e+00 -5.38644101e-02  7.16406950e-02  8.80305295e-01
  2.85787248e+02] 0.8848565854015634
[-3.09357455e+00 -5.71182314e-03 -2.45483852e-01  1.17395863e+00
  2.85615215e+02] 1.199363917636862
[-2.94160082e+00 -2.75723511e-01 -8.46075367e-02  1.25739236e+00
  2.86411487e+02] 1.2900455199341114
[-2.94573599e+00 -9.04602852e-04 -9.87977674e-02  1.58107314e+00
  2.87472775e+02] 1.5841572222859024
[-3.04337550e+00 -3.21487029e-01  3.58605458e-02  1.48691352e+00
  2.86429356e+02] 1.521693698880942
[-3.10824664e+00 -1.91136209e-01 -1.08998780e-01  1.51883816e+00
  2.86408999e+02] 1.5346931769922203
[-3.03322555e+00 -6.49643416e-03 -7.27664870e-02  1.30796560e+00
  2.85623181e+02] 1.3100042699856287
[-2.97567908e+00 -2.41154324e-02 -3.14015289e-01  1.12392366e+00
  2.85565241e+02] 1.1672152944579024
[-2.97326627e+00  3.64955194e-02  3.15250532e-01  1.46714184e+00
  2.88273062e+02] 1.5010729536014598
[-3.03103623e+00 -1.44021701e-01  1.42586110e-01  1.30926945e+00
  2.85265637e+02] 1.3248620821371637
[-2.94750380e+00 -7.96691489e-02 -6.30229268e-03  1.55578340e+00
  2.87094652e+02] 1.5578346798207299
[-2.97893166e+00 -1.01380478e-01  1.56611258e-02  1.04485143e+00
  2.87269121e+02] 1.049875126452086
[-3.01192697e+00  1.47643924e-01 -1.60187444e-01  1.09050524e+00
  2.86902856e+02] 1.1120523450230562
[-2.96224086e+00  3.38494103e-01  1.48925335e-01  1.30071772e+00
  2.87308109e+02] 1.3522660968908407
[-2.99660691e+00 -3.84163836e-02  1.72400919e-01  9.65898210e-01
  2.85349394e+02] 0.9819150917658649
[-2.98115715e+00 -9.31673204e-02 -2.87552544e-01  1.21043372e+00
  2.86839325e+02] 1.2476042620022978
[-3.06672280e+00  1.16022824e-01 -1.97480063e-01  1.24385996e+00
  2.85721041e+02] 1.264771631724211
[-3.07442250e+00 -1.53857049e-01  8.95699509e-02  1.05216064e+00
  2.86674117e+02] 1.0671161001079597
[-3.08449848e+00 -2.69111907e-01  4.91082332e-02  1.25820612e+00
  2.86316297e+02] 1.2876006626892105
[-3.04657171e+00 -1.11960470e-01 -1.08447346e-01  9.83357448e-01
  2.86800509e+02] 0.9956343924568136
[-3.00738887e+00  4.50542335e-02 -4.11865139e-01  1.25308762e+00
  2.86379675e+02] 1.3198073191106454
[-2.98399145e+00 -1.02593571e-02  1.29969635e-01  1.45528024e+00
  2.85672812e+02] 1.4611084604470475
[-3.02069160e+00  2.36563447e-02  3.63741812e-01  9.83317286e-01
  2.85844400e+02] 1.0487042543956155
[-3.05794731e+00 -2.37360856e-01 -3.61153839e-01  1.06294486e+00
  2.85157876e+02] 1.1474423966887803
[-3.07726739e+00 -4.45314310e-02 -3.76443377e-02  1.09797567e+00
  2.85374461e+02] 1.0995229462638962
[-3.00713346e+00 -1.48764669e-01 -1.33734412e-01  1.28532157e+00
  2.86470941e+02] 1.3007948965778315
[-2.98970710e+00  5.15386401e-02 -1.21590422e-01  1.67901274e+00
  2.87530966e+02] 1.684198395922908
[-2.90708229e+00  8.19408168e-03  2.60400987e-02  1.27749046e+00
  2.86492479e+02] 1.2777821040437671
[-2.87248553e+00 -1.67393205e-01 -1.01925038e-01  1.14281800e+00
  2.87257901e+02] 1.1595008344639666
[-3.00590914e+00 -2.40311504e-01  9.45268259e-02  1.17082042e+00
  2.86141823e+02] 1.198960128037385
[-3.02180719e+00  1.04443469e-01  7.38845247e-02  1.33957002e+00
  2.86773550e+02] 1.3456653343916871
[-2.96806733e+00 -3.53806951e-02 -1.45389900e-01  8.41927042e-01
  2.86443331e+02] 0.8551205531053773
[-3.05394024e+00  2.45872664e-01  1.15282273e-02  1.19968857e+00
  2.86371166e+02] 1.2246791167729036
[-2.97309971e+00 -1.89435886e-02  2.76734812e-01  1.10534038e+00
  2.86172088e+02] 1.1396132536957777
[-3.05333646e+00 -9.40425120e-02  2.20445878e-01  9.04367780e-01
  2.84749380e+02] 0.9355861590237431
[-2.99382735e+00 -1.81152719e-01 -3.37684512e-01  1.29017169e+00
  2.86495986e+02] 1.3458789448124748
[-3.00752377e+00 -1.58936294e-01 -1.66449685e-01  1.11678547e+00
  2.87185072e+02] 1.1402526156164747
[-3.00752846e+00 -1.29213539e-01 -1.92281612e-01  1.31065014e+00
  2.86202173e+02] 1.330966622821232
[-2.89417124e+00 -7.84966324e-02  3.65763354e-01  1.19277550e+00
  2.87237886e+02] 1.250063181047502
[-2.93218125e+00  1.17266957e-01  1.54178652e-02  7.86408536e-01
  2.85646027e+02] 0.7952531898777759
[-2.96902581e+00 -1.06812106e-01  1.25700370e-01  1.16737191e+00
  2.86956952e+02] 1.1789684430045424
[-3.00390048e+00 -1.31881276e-01 -1.12779188e-01  1.00006617e+00
  2.86195381e+02] 1.0150094420924303
[-2.98025704e+00 -1.68105193e-01  7.94812717e-02  1.15654543e+00
  2.86729419e+02] 1.1713982900959363
[-3.08650672e+00 -2.76391153e-01  2.15472979e-01  9.56635720e-01
  2.86510732e+02] 1.0188093908667577
[-3.02590810e+00 -2.51201511e-01 -2.35458354e-01  1.03739954e+00
  2.86531867e+02] 1.0930419227915305
[-3.03244508e+00  4.44710073e-02  2.35098440e-01  1.00414306e+00
  2.86059731e+02] 1.0322558954172123
[-2.99504266e+00 -4.68233536e-02  1.22815687e-01  1.25328810e+00
  2.87467297e+02] 1.2601615732736164
[-3.02601749e+00  3.52761971e-02  4.15825653e-03  1.30522167e+00
  2.85675360e+02] 1.3057049065258353
[-3.07495792e+00  4.26330063e-01 -6.86770559e-02  1.03006639e+00
  2.85835268e+02] 1.1169201492559078
[-3.04804573e+00 -1.38963849e-01 -3.72273616e-03  1.50427676e+00
  2.86073292e+02] 1.5106863958095214
[-2.94584442e+00 -1.13695607e-01  1.51443716e-01  1.43090889e+00
  2.88063663e+02] 1.4433856488741874
[-2.97103091e+00  7.47180785e-02 -7.89319574e-02  1.49743907e+00
  2.86324426e+02] 1.5013783028713523
[-2.94329224e+00 -3.19490820e-02  2.77379250e-02  1.25079198e+00
  2.85833495e+02] 1.2515073735510864
[-3.02754423e+00  1.30588543e-02  1.31858575e-01  1.22984868e+00
  2.86183878e+02] 1.236966046967915
[-2.98197180e+00  1.67506190e-02 -8.45617056e-02  1.30966208e+00
  2.85684274e+02] 1.3124961051252046
[-3.08141448e+00 -2.26610880e-02 -1.85868645e-01  1.42116473e+00
  2.85617006e+02] 1.4334468534183389
[-2.96707919e+00  1.98823299e-02  1.23860067e-01  1.19540965e+00
  2.87187427e+02] 1.2019737299884112
[-3.03634188e+00  2.89740992e-01 -9.67896896e-02  1.13022817e+00
  2.86640047e+02] 1.1707834106637633
[-3.02200383e+00  2.25943556e-01 -1.07036000e-01  1.14257623e+00
  2.86664010e+02] 1.169610035111995
[-3.02599861e+00 -9.83212205e-03  4.12731520e-02  1.47667479e+00
  2.87628148e+02] 1.4772841859223975
[-2.97455562e+00  1.48852265e-02  4.03455388e-01  1.19704883e+00
  2.86004453e+02] 1.2632987496461554
[-2.99905232e+00 -1.12555506e-01 -1.44605164e-02  9.89206908e-01
  2.85986043e+02] 0.995694810351403
[-3.00573328e+00 -6.48203178e-02  1.22792708e-01  6.58084862e-01
  2.85185648e+02] 0.6725737200641968
[-2.97773716e+00 -3.20843922e-02  2.10816103e-01  1.13096312e+00
  2.86399530e+02] 1.150891139832613
[-2.97403187e+00 -1.07954496e-01  2.65450344e-01  1.36671613e+00
  2.86304021e+02] 1.3964351206009529
[-2.98065435e+00  1.92794063e-01  2.18354610e-01  9.50791991e-01
  2.85906813e+02] 0.9944112311105278
[-2.97026096e+00  4.09636985e-01 -2.60715767e-02  1.00548010e+00
  2.86004156e+02] 1.0860351865377718
[-2.93574101e+00  9.51670962e-02 -7.81467837e-02  9.48376892e-01
  2.86174646e+02] 0.9563380283139663
[-2.99577273e+00  2.73762864e-01  2.73936586e-01  1.43379977e+00
  2.86790302e+02] 1.4851832001258434
[-2.97353692e+00  1.38915950e-01  3.90508372e-02  1.35144719e+00
  2.86809688e+02] 1.359129179344742
[-2.98469532e+00 -1.96904143e-02  4.30142427e-02  9.39408201e-01
  2.85103824e+02] 0.9405985890499952
[-2.95241060e+00  3.77263060e-01 -8.60464682e-02  1.01527554e+00
  2.86359315e+02] 1.0865154551999705
[-3.02393936e+00 -4.63688925e-02 -1.75516820e-01  1.48769281e+00
  2.87501015e+02] 1.498728171446213
[-3.00317028e+00 -2.66523490e-01 -1.98601939e-01  1.11657060e+00
  2.85972657e+02] 1.1649924473963302
[-3.01281621e+00 -8.50376297e-02  3.00239290e-02  9.64306510e-01
  2.85689300e+02] 0.9685142637676691
[-3.00138503e+00 -2.11941910e-01  7.58476075e-02  1.19066513e+00
  2.86264427e+02] 1.2117572754488801
[-3.00962694e+00 -3.99355834e-01  2.44699782e-01  1.22548293e+00
  2.86403469e+02] 1.3119342536110634
[-2.98484595e+00  1.14001214e-01  3.72716546e-01  1.30128555e+00
  2.86672118e+02] 1.358402735746954
[-2.96990356e+00  2.61108292e-01  3.03205106e-01  1.18613285e+00
  2.86430849e+02] 1.2518075007016554
[-3.00014053e+00  4.91118766e-02  4.79691454e-02  1.46650450e+00
  2.86204381e+02] 1.4681105099539329
[-3.01526229e+00 -3.99432442e-02  6.50150996e-02  1.69317188e+00
  2.86637643e+02] 1.694890389038634
[-2.97911536e+00 -8.13699526e-02  1.25717024e-01  1.25718614e+00
  2.86455130e+02] 1.2660737837997158
[-3.03204883e+00 -2.36032324e-01  1.52512206e-01  1.37265574e+00
  2.86362497e+02] 1.4011263337088486
[-2.95613229e+00 -1.73997826e-01  1.83575383e-01  1.36782286e+00
  2.87354351e+02] 1.3910120543757079
[-2.97995825e+00 -1.41081116e-01  3.13536224e-01  1.28861198e+00
  2.86955473e+02] 1.3336902524850187
[-3.07159160e+00 -9.94632932e-04 -2.10983591e-02  1.44453542e+00
  2.86094688e+02] 1.4446898305086937
[-3.03413113e+00 -2.59159297e-01 -2.30698029e-01  1.13542181e+00
  2.86379688e+02] 1.1872522134091963
[-3.02429234e+00  3.97988300e-01 -1.20315924e-01  1.28877086e+00
  2.86478718e+02] 1.3541790615665052
[-2.94185794e+00  1.29149187e-01  1.56937756e-01  8.84493094e-01
  2.85957753e+02] 0.907544491607888
[-2.93892734e+00 -7.97836008e-02  1.03821916e-01  1.41008343e+00
  2.87314970e+02] 1.4161496040930588
[-2.95473518e+00  2.55815940e-01  6.40455370e-02  1.25868983e+00
  2.86421158e+02] 1.2860185467051215
[-2.95038497e+00 -2.68769948e-01  2.09776869e-03  1.26337037e+00
  2.87620516e+02] 1.291644830161733
[-3.05001534e+00 -2.04255506e-01 -1.13015302e-01  1.06919468e+00
  2.86827681e+02] 1.0943811159052723
[-3.02475054e+00  8.21775323e-02 -2.01228592e-01  9.54452263e-01
  2.85902616e+02] 0.9788897874018132
[-3.01415758e+00  2.14718003e-01  2.37492060e-01  1.05489748e+00
  2.85415030e+02] 1.1024132571120047
[ -2.99713817   0.2902266    0.38768655   1.33460445 287.26863519] 1.419753987089109
[-2.99498763e+00  3.14664734e-01 -1.99169498e-01  1.19904974e+00
  2.85758585e+02] 1.2555487529394027
[-2.88249784e+00  1.28159139e-01 -2.52454348e-01  1.43326646e+00
  2.88356461e+02] 1.460962258205687
[-3.02268983e+00 -2.52374887e-01  2.72532903e-02  1.20165895e+00
  2.86290223e+02] 1.2281775396095027
[-3.03197154e+00  7.23208755e-02  1.04240763e-02  1.20454963e+00
  2.85441366e+02] 1.2067637647932623
[-3.08856051e+00 -1.48976397e-01  4.55756511e-02  9.57522324e-01
  2.84043623e+02] 0.9701134511184225
[-3.01092250e+00  4.39368381e-04 -8.72744052e-02  1.40794683e+00
  2.86757284e+02] 1.4106492480894033
[-2.98006815e+00 -3.70117437e-02 -2.73726344e-01  1.12352193e+00
  2.85488592e+02] 1.1569777423679073
[-2.93822647e+00  1.90826615e-01  1.03540757e-01  1.34983739e+00
  2.86654005e+02] 1.367185597621598
[-3.00551684e+00  2.89163432e-01 -1.92348255e-01  1.30951852e+00
  2.87320085e+02] 1.3547885801950978
[-3.04052057e+00  7.73949749e-02 -9.74202141e-02  1.10803321e+00
  2.85813405e+02] 1.114996981371429
[-3.04576123e+00  3.49892013e-01 -1.91846935e-01  1.28786343e+00
  2.86648832e+02] 1.3482662531877707
[-2.98068559e+00 -2.09696528e-01 -3.83302666e-01  1.31867984e+00
  2.86352201e+02] 1.3891760435302498
[-3.05546259e+00  2.72033907e-01 -4.42475235e-02  1.11027639e+00
  2.85593071e+02] 1.143972885658171
[-3.01554439e+00 -9.64982234e-02 -1.62058873e-01  1.20824639e+00
  2.86511811e+02] 1.2228795206969172
[-2.96839314e+00  2.98062608e-01 -8.36500472e-02  1.07799568e+00
  2.85236813e+02] 1.1215673586900612
[-3.06193279e+00 -3.17387125e-03  2.16901006e-01  1.03851624e+00
  2.85393002e+02] 1.0609298328743266
[-3.02445212e+00 -2.58290447e-01  1.32417471e-01  9.02493063e-01
  2.85339867e+02] 0.9480200792320044
[-3.04602157e+00 -9.62771841e-02 -2.02491145e-01  1.34995644e+00
  2.86387428e+02] 1.3684496203213927
[-3.02520390e+00 -2.49363049e-01 -1.00399069e-01  1.55963484e+00
  2.88448935e+02] 1.5826315816935677
[-3.02620543e+00  3.01463199e-02  4.29327806e-01  1.03483992e+00
  2.87101029e+02] 1.120769743604968
[-3.03573084e+00  7.27702125e-02 -2.95430866e-01  1.07420109e+00
  2.86821473e+02] 1.116459976093997
