/mnt/stage/douwei/Simulation/5kt_root/2MeV/5kt_-0.20_2.root
[-3.02046700e+00 -9.53688771e-02  5.78010013e-02 -2.56753867e-01
  2.85357256e+02] 0.2799262880281788
[-2.99087643e+00  3.10090035e-01  1.06945463e-01 -3.97736894e-01
  2.85298366e+02] 0.5155461174072786
[-3.02083066e+00  7.10431265e-02 -3.98537366e-02 -3.78034683e-01
  2.85262686e+02] 0.38671134970962423
[-3.13085939e+00  1.24011679e-01 -6.46849869e-02 -6.19057673e-02
  2.85334769e+02] 0.15295544441432682
[-2.94449105e+00 -6.06606024e-02  6.71515642e-02 -2.27694013e-02
  2.85037304e+02] 0.09331391581234617
[-3.08673643e+00 -1.82216591e-01  5.54140098e-02 -6.81761587e-02
  2.85953855e+02] 0.20229084799156416
[-2.96522406e+00  5.53171883e-02  1.18570136e-01 -3.59638496e-01
  2.84878121e+02] 0.38269925029272556
[-3.04758953e+00 -1.31059761e-01 -8.31786896e-02 -4.19207578e-01
  2.85390046e+02] 0.44702387895358137
[-3.03995074e+00 -2.10868602e-01 -2.74956708e-01 -1.06585064e-01
  2.85888118e+02] 0.3625288051919156
[-2.94683372e+00  1.39989675e-01 -1.14925986e-01  6.57039482e-02
  2.85957025e+02] 0.19267096339121323
[-3.00639621e+00 -1.09115750e-01  1.31462956e-01 -2.73515345e-01
  2.85649417e+02] 0.3224893793939648
[-3.03749457e+00 -1.37001864e-01  1.43907816e-01 -2.81166909e-01
  2.84863727e+02] 0.3442873820663445
[-3.01159545e+00 -2.42175470e-01  2.10480846e-01 -3.21007636e-01
  2.85215673e+02] 0.45386897594085046
[-2.95346893e+00  3.00379293e-02 -1.34981670e-01 -1.44043483e-01
  2.85921197e+02] 0.19967687244214716
[-3.03976069e+00 -6.24545095e-02  2.81956462e-02 -2.96271976e-01
  2.85399414e+02] 0.304093150224219
[-2.89083214e+00 -6.46239991e-02  3.12131273e-02 -1.25269561e-01
  2.86245008e+02] 0.14437099282774526
[-3.04238826e+00 -1.64684346e-02  9.93474332e-02 -3.47527404e-01
  2.83828772e+02] 0.3618237392169258
[-3.12315800e+00  1.20223735e-01  6.16444695e-02 -2.43710524e-01
  2.85121533e+02] 0.27865499530065113
[-2.98056701e+00 -6.86390829e-02 -8.42359490e-02 -1.48206791e-01
  2.86091863e+02] 0.18377233652165234
[-2.88055043e+00 -1.28542183e-01 -1.05859407e-01 -1.44932977e-01
  2.86188872e+02] 0.2207597670578868
[-3.07665734e+00 -6.07817272e-02  1.51935457e-01 -1.62457731e-01
  2.85340331e+02] 0.23058906201389198
[-3.02976214e+00 -9.20361073e-02  2.75085924e-02  8.61103663e-02
  2.86011408e+02] 0.12900528243699844
[-2.96806106e+00 -1.76917354e-01 -1.19520269e-01 -4.71646363e-01
  2.85426499e+02] 0.5177210991440192
[-2.87485984e+00 -1.48974715e-01  1.07150238e-01 -3.43191366e-01
  2.86166922e+02] 0.38917213807576206
[-2.93848646e+00  2.61977321e-01 -1.74100679e-02 -2.55974972e-01
  2.85804019e+02] 0.36668571542964057
[-3.00067052e+00  1.41496618e-01 -3.12081576e-01 -5.01896173e-01
  2.86448590e+02] 0.6077137249931247
[-3.02154166e+00  1.96943684e-01 -5.59799935e-02 -5.08470734e-01
  2.85817519e+02] 0.5481451099650102
[-2.95145511e+00  2.09437491e-02 -2.13734549e-01 -1.72733726e-01
  2.86807158e+02] 0.27560485869768575
[-2.98576395e+00 -8.59214531e-02 -2.99952923e-01 -2.48716711e-01
  2.85331774e+02] 0.39901660868657257
[-3.00253869e+00 -3.22105225e-01  3.76512654e-01 -1.62645716e-01
  2.85271403e+02] 0.5215047297798909
[-2.98197223e+00 -3.84201709e-02 -6.48758079e-02 -5.69089501e-01
  2.84789684e+02] 0.5740625746433484
[-3.08967762e+00  9.27291569e-02 -1.36736539e-01 -3.12038211e-01
  2.84297818e+02] 0.35307707800273946
[-2.97235609e+00 -3.45909069e-01 -1.68418655e-01 -2.66494337e-01
  2.86649410e+02] 0.4680140583856454
[-3.05775599e+00 -1.05579980e-01  4.86943859e-01 -1.41852234e-01
  2.86258972e+02] 0.5180574388514484
[-2.96702595e+00 -1.85565182e-01 -5.00494773e-03  1.40739208e-01
  2.84981235e+02] 0.2329528084498581
[-3.01075890e+00 -1.65463382e-01 -1.04496143e-02 -6.55196165e-02
  2.85600768e+02] 0.17826986666821856
[-2.94078025e+00 -1.62803073e-01  2.31558252e-01 -2.72831856e-01
  2.85135915e+02] 0.3931428318861106
[-3.06968792e+00  1.37647631e-01  2.88931244e-01  2.55833022e-01
  2.84998476e+02] 0.4097299956220452
[-3.03007403e+00 -2.31272203e-03  2.37579329e-01 -1.80737845e-01
  2.84708332e+02] 0.298522117496268
[-2.92214773e+00 -1.10421926e-01  1.39991509e-01 -5.63623614e-01
  2.86194682e+02] 0.5911532815941895
[-2.97260798e+00 -5.16660071e-01 -5.00426413e-02 -3.81129219e-02
  2.85210646e+02] 0.5204752541533948
[-2.90808533e+00  2.24918773e-01  1.16011235e-01 -1.91322402e-01
  2.86573508e+02] 0.31725592611168796
[-2.97448447e+00 -1.58985756e-01 -2.75379530e-02 -4.05893333e-01
  2.86081171e+02] 0.4367885159910772
[-2.99448980e+00 -9.67173801e-02  1.16403768e-01 -1.78308795e-01
  2.86331228e+02] 0.23387628151761103
[-2.92345332e+00  3.59117538e-01 -1.55825934e-01  1.45509071e-01
  2.85230318e+02] 0.4176362261112968
[-3.00851805e+00 -4.26485421e-03  2.07231491e-01  1.11406606e-01
  2.84543240e+02] 0.2353178951251876
[-2.95785356e+00 -1.32814385e-02  1.10396056e-01  6.03805663e-02
  2.85101587e+02] 0.12652864724863988
[-2.99194532e+00 -7.12000903e-02  9.22068104e-03  6.86993008e-03
  2.85361500e+02] 0.07212260229015914
[-2.98411170e+00  4.51298516e-01  2.50479257e-01 -1.55961792e-01
  2.85912499e+02] 0.5391978200884584
[-2.97434201e+00 -1.78206054e-01 -3.33709233e-01 -1.31669399e-01
  2.86059413e+02] 0.40056969495602524
[-3.07649566e+00 -1.25533336e-01 -2.99312997e-02  4.53460963e-02
  2.85474792e+02] 0.1367873150406852
[-3.08167202e+00  1.63460017e-01  2.02240001e-02 -1.42700719e-01
  2.85574382e+02] 0.21792586542640005
[-2.98862384e+00  3.07056137e-01  1.30530712e-01 -4.05049380e-01
  2.85969859e+02] 0.5247730351132086
[-2.95130761e+00  1.88036504e-01 -7.40652898e-02 -6.65171360e-02
  2.85648384e+02] 0.2127625990238235
[-3.00852273e+00 -9.02925372e-02  9.52328599e-03  2.11812036e-01
  2.85149856e+02] 0.23045123980230076
[-3.01086495e+00  7.99648059e-04  4.50622101e-02 -2.31812133e-01
  2.84935997e+02] 0.23615271996925213
[-3.04764055e+00  2.83208409e-01 -8.00512847e-02 -3.43651016e-01
  2.84560197e+02] 0.45245025317467746
[-3.05159258e+00 -9.32740049e-02 -2.43205387e-02 -7.91624329e-02
  2.85213603e+02] 0.12473259145808586
[-2.96540067e+00 -2.69777956e-01 -3.26162671e-02 -3.30705979e-01
  2.85379463e+02] 0.42803085271988356
[-2.99672675e+00 -1.53832751e-01  1.06202123e-01  1.54202053e-02
  2.85600051e+02] 0.18756649184918564
[-3.03223649e+00 -7.21578053e-02  1.23115920e-01 -1.33617883e-01
  2.85772831e+02] 0.1954942896799514
[-3.02039217e+00 -2.44161176e-01 -7.00309692e-02 -1.50664766e-02
  2.86192317e+02] 0.2544523832908414
[-2.93664982e+00 -3.68690796e-01 -2.34858273e-01 -1.26444785e-01
  2.85211654e+02] 0.45505999054352186
[-2.96012294e+00  2.84955631e-02  1.36453089e-01  2.29763953e-02
  2.85125209e+02] 0.141277589473894
[-2.87323268e+00  2.36927803e-01  4.70895659e-02 -4.26717206e-01
  2.85996473e+02] 0.4903465965724963
[-2.91458048e+00  1.41380309e-01 -3.07079447e-01  6.31060429e-02
  2.85986113e+02] 0.34390194969385074
[-2.98962965e+00  2.70248350e-04  2.23452649e-02 -7.64706808e-02
  2.85731808e+02] 0.07966899599970795
[-3.09540205e+00 -3.44135772e-01 -4.46421135e-02 -3.56756738e-01
  2.85185701e+02] 0.4976923927748628
[-2.99719495e+00  2.60543923e-01  8.69545518e-02 -2.42426261e-01
  2.85481672e+02] 0.3663532745034682
[-3.01779775e+00 -1.07071715e-01 -3.33713434e-02 -7.71963645e-02
  2.85815206e+02] 0.1361516707810537
[-2.98757176e+00  2.26296463e-01 -7.09159516e-02 -9.34291577e-03
  2.85032804e+02] 0.23733194380244446
[-2.97177243e+00 -7.93714982e-02 -5.19204157e-02 -3.02706953e-01
  2.85851197e+02] 0.3172176916857445
[-2.96525153e+00  1.25853568e-01 -5.63271164e-02 -3.65425202e-01
  2.85315893e+02] 0.3905732235012465
[-3.00391468e+00 -1.29414638e-01  1.42560918e-01 -1.94296920e-01
  2.85035917e+02] 0.2735380359681821
[-2.96927437e+00  6.06640778e-02  2.16020972e-01  3.12322856e-03
  2.85135975e+02] 0.22439907602956186
[-3.06932213e+00  1.32879502e-01  2.04476839e-01 -1.85762595e-01
  2.85016873e+02] 0.3065542067441808
[-2.97886804e+00 -2.23075123e-02 -2.77734561e-01 -2.80205753e-01
  2.85755671e+02] 0.39515740587984693
[-2.99860651e+00  3.74444508e-01 -4.76379392e-01 -2.34013514e-01
  2.85780597e+02] 0.6495447171124918
[-3.00622120e+00 -1.38759236e-02  2.40254731e-01 -8.33577333e-02
  2.85093777e+02] 0.25468291799342063
[-3.06666798e+00 -1.56913151e-01  1.90497588e-01 -5.30990524e-03
  2.84746278e+02] 0.2468587912524536
[-3.02967062e+00  1.29715235e-02  3.56664492e-02 -6.00406913e-02
  2.86358019e+02] 0.07102985733679618
[-2.96255724e+00  1.71932214e-01 -1.68784973e-01 -4.02788254e-02
  2.85181707e+02] 0.24427737767456997
[-3.03712216e+00  2.20622405e-02 -2.17078010e-01  4.43237238e-03
  2.85302569e+02] 0.21824126712501213
[-2.98749562e+00  1.27056497e-01  1.27416310e-01  1.00154515e-01
  2.85721521e+02] 0.2059349322076242
[-2.99697791e+00 -7.46049462e-02 -1.94274845e-01 -2.06595500e-01
  2.86008543e+02] 0.293241051171626
[-2.95781536e+00 -3.48388208e-03 -6.21868877e-02 -6.59286415e-02
  2.85415379e+02] 0.09069692502602525
[-2.94045976e+00 -2.70804808e-02 -2.75828715e-01 -1.01888793e-01
  2.85706649e+02] 0.29528995660180163
[-2.96299498e+00  1.49944659e-01  2.40449771e-01 -2.71358588e-01
  2.85433472e+02] 0.3923454814253702
[-2.93567575e+00  4.94907991e-02  4.76684258e-02  9.22198880e-03
  2.86366358e+02] 0.06933010236459387
[-2.90833524e+00  1.27725287e-01  1.84643559e-01 -3.18347472e-01
  2.85363150e+02] 0.38955372668397326
[-3.04918736e+00  8.41206557e-02  1.08278598e-01 -7.45871225e-02
  2.84764210e+02] 0.15608900745911428
[-3.10490503e+00 -8.37402528e-02 -1.60480770e-01 -2.28372306e-01
  2.84496318e+02] 0.29141108015833994
[-3.00856248e+00  2.10030008e-01  8.05155400e-02 -1.31011428e-01
  2.85916163e+02] 0.2603062634640427
[-3.06748493e+00  3.67032018e-01  5.21736199e-02 -3.05828943e-01
  2.85744446e+02] 0.48058915048827355
[-2.96120409e+00 -2.81070251e-01  1.39073012e-01 -3.84056899e-01
  2.86055083e+02] 0.4958240513732494
[-2.93137435e+00 -8.91776158e-02 -9.09840550e-02  6.76232051e-02
  2.85189619e+02] 0.14423468131516523
[-2.93790589e+00 -2.40169020e-01 -4.81479956e-02 -6.29680963e-01
  2.85399426e+02] 0.6756459892472857
[-3.02213456e+00 -1.47245654e-01  4.12337325e-01 -4.79629457e-01
  2.85326049e+02] 0.6494211023311662
[-2.96771055e+00  2.57953628e-01  1.39604155e-01 -3.30658637e-01
  2.85942508e+02] 0.44200059784676693
[-3.07927147e+00 -4.28626195e-02 -1.30669627e-01 -2.29454328e-01
  2.85027424e+02] 0.2675089603724867
[-2.97162819e+00  2.28658914e-01  6.48870470e-02 -1.13190762e-01
  2.84788550e+02] 0.2632629415974748
[-3.01026506e+00 -2.98777949e-01  8.28152958e-02 -5.64566955e-01
  2.85128130e+02] 0.6440981930631534
[-3.00866512e+00  2.14191892e-01 -1.19312847e-01  1.64586746e-01
  2.85305054e+02] 0.2953007264022434
[-2.99463394e+00 -2.51143620e-01 -3.58965786e-02 -1.43297926e-01
  2.86160490e+02] 0.2913691435805934
[-2.98550383e+00 -1.41598248e-01 -1.33783922e-01 -2.64877238e-01
  2.85352171e+02] 0.3287980431098719
[-3.03787819e+00 -1.03080352e-01  1.50267238e-01 -4.13350075e-01
  2.85575060e+02] 0.451734531118954
[-3.02973336e+00  2.27573468e-02 -1.77314986e-02  1.30149938e-01
  2.85076064e+02] 0.13330907453101323
[-2.95155259e+00  2.97555244e-02  2.36989359e-01 -2.05505956e-01
  2.85514752e+02] 0.3150905354291937
[-3.08440427e+00 -4.68940881e-02 -1.69488421e-01 -2.37468596e-01
  2.85042752e+02] 0.29549401768720623
[-3.00613257e+00 -8.36589516e-02 -1.76502701e-01  1.04512837e-01
  2.85719197e+02] 0.2215286816562588
[-3.02388867e+00 -6.20845975e-02 -9.64241811e-02 -5.29291687e-01
  2.85744287e+02] 0.5415734578843244
[-3.07118670e+00  4.28030553e-01  5.07118797e-01 -1.83138003e-01
  2.84604338e+02] 0.6884178648093012
[-2.92071231e+00 -1.72446556e-01  2.23592637e-02 -1.70412244e-01
  2.86267058e+02] 0.24347091015949643
[-3.09993138e+00  2.79552561e-01  1.74709272e-01 -1.14679065e-01
  2.85218292e+02] 0.3490333109811415
[-2.99455069e+00  1.19191282e-01 -6.90589757e-02 -2.17042593e-01
  2.85368447e+02] 0.2570665109482263
[-2.93624341e+00  6.73099229e-02 -1.05865576e-01 -3.23027632e-01
  2.85933448e+02] 0.3465328226644542
[-3.02091323e+00 -2.79987785e-01 -3.05262542e-02 -3.03779547e-01
  2.85875543e+02] 0.414254782792491
[-3.03539891e+00  2.64696844e-01  6.80135649e-02 -3.41932173e-01
  2.85134072e+02] 0.43773036806668997
[-3.04514326e+00 -1.43740231e-01 -1.18604742e-01 -4.06444452e-01
  2.85592579e+02] 0.4471302174826612
[-3.00263602e+00 -1.59843531e-02  1.19460444e-02 -5.41073367e-01
  2.85419472e+02] 0.5414412208862228
[-2.94950398e+00 -3.04766747e-01 -1.48830083e-01 -1.28526228e-01
  2.86035311e+02] 0.36270119256530514
[-3.02747475e+00  7.07579544e-02 -1.03120534e-01 -1.78094353e-01
  2.85161778e+02] 0.21761923419807958
[-2.96382315e+00  5.48888677e-01  7.01019800e-02 -1.14709662e-01
  2.86143564e+02] 0.5651118239374373
[-2.99238791e+00  1.54532170e-01  2.52376448e-01  1.09498675e-01
  2.85370336e+02] 0.31553767248035663
[-3.00596033e+00 -7.24065363e-02 -5.88166617e-02 -3.91621381e-02
  2.85727366e+02] 0.10117202795996959
[-3.08921398e+00 -1.26996420e-01  2.79878595e-02 -1.09196500e-01
  2.85623191e+02] 0.16980955966755587
[-3.00177523e+00  3.20747407e-01 -4.55906474e-02 -9.91935802e-02
  2.85519896e+02] 0.33881672446168537
[-3.02025965e+00  1.29041409e-01  1.31700371e-01 -5.04249054e-02
  2.85023610e+02] 0.1911526722653966
[-2.92122910e+00  1.41180562e-02 -1.46078042e-01 -3.71792774e-01
  2.85992292e+02] 0.39970987022365934
[-3.02514278e+00 -9.52162278e-02  9.92348027e-02 -2.09314892e-01
  2.85782488e+02] 0.2504523906815981
[-2.91567933e+00  4.03848825e-01  9.37432096e-02 -4.12900024e-01
  2.86394031e+02] 0.585122288919887
[-2.91710146e+00  3.03014715e-01  3.06608222e-01 -9.46724498e-02
  2.86146388e+02] 0.44134951228378816
[-3.00193382e+00 -5.63770424e-02  1.99722156e-01 -3.28280894e-01
  2.84353893e+02] 0.3883756628133939
[-3.01731467e+00  1.30450640e-01 -2.68027663e-01 -5.62517332e-01
  2.85112273e+02] 0.6366175829645172
[-2.97145926e+00 -1.71446497e-01  1.70206172e-02  6.48276788e-02
  2.86116789e+02] 0.18408212981685326
[-2.91413960e+00  1.13301679e-01  5.55875746e-02  1.13038189e-01
  2.84439230e+02] 0.1694251486567803
[-3.01826086e+00  2.37522588e-03  1.17131779e-01 -3.21966824e-01
  2.84691438e+02] 0.34261951379483435
[-2.97875592e+00  1.78194803e-01  9.23431829e-02 -3.07236870e-01
  2.86028812e+02] 0.36698112407004096
[-3.09702583e+00  1.32830596e-01  2.80183402e-02 -1.95553477e-01
  2.85094330e+02] 0.23805494556024703
[-3.02763658e+00  1.55926316e-01 -2.21722811e-01 -6.33394081e-02
  2.85233916e+02] 0.2783628954790937
[-3.04423907e+00 -1.37383068e-02  1.07301194e-01 -5.30953186e-02
  2.85493130e+02] 0.1205047719772163
[-2.99666628e+00  2.48207013e-02 -1.00278070e-01 -1.09615663e-01
  2.86366033e+02] 0.15062321183308658
[-3.01573050e+00  1.46412449e-01  1.11385773e-01 -2.25376693e-01
  2.85673700e+02] 0.29092619261603286
[-2.82459419e+00 -1.89618144e-01 -1.60217968e-01 -2.61144454e-01
  2.85842831e+02] 0.3603071795660243
[-3.05915535e+00  4.35447261e-02 -2.64130753e-02 -2.13033618e-01
  2.84662619e+02] 0.21903679190228853
[-2.96530897e+00 -1.69401129e-01  1.83755054e-01 -3.17686602e-01
  2.86141203e+02] 0.4042121213173296
[-2.91430281e+00 -4.86271962e-02 -2.39648957e-01 -1.73357421e-02
  2.85794275e+02] 0.2451463943734119
[-3.06716621e+00 -1.18250757e-01 -3.76739704e-01 -7.29537444e-02
  2.85561488e+02] 0.4015448848365595
[-2.98136166e+00 -1.54235267e-01 -2.85169145e-01 -3.05710964e-01
  2.84906366e+02] 0.4456109878063312
[-3.05434968e+00  8.81169374e-02  1.41121102e-01 -2.22148772e-01
  2.84684589e+02] 0.27754249638295125
[-3.04543399e+00 -2.95943791e-01 -6.14794436e-02 -4.09690492e-01
  2.85467727e+02] 0.5091254738946519
[-2.96286199e+00  1.45140870e-01 -2.10486479e-01 -2.41983814e-01
  2.86224518e+02] 0.35203209487365966
[-2.90574327e+00  6.19118611e-02  6.35540768e-02 -2.18129515e-01
  2.85966780e+02] 0.23548393658943495
[-3.05724116e+00 -3.31355278e-01  2.11504392e-01 -3.33511128e-02
  2.85301620e+02] 0.39451581052763873
[-3.02304913e+00 -1.41562823e-01  2.72934248e-01 -1.67528661e-01
  2.86123112e+02] 0.3501413842012239
[-3.01374304e+00  1.31790210e-01 -2.96561374e-01 -2.34092564e-01
  2.85336326e+02] 0.4001457691926352
[-3.05243612e+00 -3.51254455e-01 -1.36114785e-01 -2.12171128e-01
  2.85743435e+02] 0.43234652129311985
[-2.94942470e+00  2.54625835e-02 -2.40939781e-01 -2.43812100e-01
  2.86069079e+02] 0.34372177866245845
[-2.99425791e+00  5.15656127e-02 -4.31788114e-02  4.46896816e-02
  2.85863609e+02] 0.08075016907846817
[-2.93236783e+00 -3.65447334e-02  1.31598200e-01 -4.56623222e-01
  2.85565476e+02] 0.47661134151903184
[-3.02086856e+00  2.00533499e-01  2.05328315e-02 -3.50580713e-01
  2.85096506e+02] 0.4044034096693968
[-3.04184135e+00 -4.97066669e-02  1.27784868e-02 -1.45827721e-01
  2.85194307e+02] 0.15459549402987766
[-2.99035149e+00  1.25368305e-01  4.42877080e-02 -3.67805674e-01
  2.85512159e+02] 0.3911005324524565
[-3.01788083e+00 -1.75713530e-02 -1.73955144e-01  5.11374462e-02
  2.85908781e+02] 0.18216526244645162
[-2.98341010e+00 -4.32371313e-02  2.31109845e-01 -3.07797177e-01
  2.86228333e+02] 0.3873245561775261
[-3.01431697e+00  2.15324975e-01  3.26857341e-01 -3.56357250e-01
  2.85675000e+02] 0.5293307627156594
[-2.95590259e+00  2.32537840e-01 -6.27852971e-02 -1.29331563e-01
  2.85453194e+02] 0.2733907344595322
[-2.99401470e+00  8.42729783e-02  1.99610145e-01 -6.22479674e-01
  2.85638582e+02] 0.6591108319251558
[-3.03015095e+00 -1.70259596e-01 -2.01701550e-01 -1.85158439e-01
  2.86000416e+02] 0.3224212975689206
[-3.00832817e+00  7.63612708e-03  2.56058409e-02  1.27805481e-01
  2.85193209e+02] 0.13056879559322296
[-3.03490644e+00 -3.32359841e-02 -2.92006085e-01  3.12664311e-02
  2.85620244e+02] 0.29554995150965246
[-3.02407466e+00  3.30563103e-02 -4.15962629e-02 -5.68722603e-01
  2.85905440e+02] 0.5711990617459668
[-3.09456036e+00  2.20938735e-01  1.56501330e-01 -5.54401128e-02
  2.85476607e+02] 0.2763696739336217
[-3.02298873e+00  5.20673079e-02  1.65208397e-02 -3.18514673e-01
  2.85256446e+02] 0.32316488017440875
[-3.00376592e+00  5.62613630e-02  1.87807163e-01  8.01306688e-02
  2.85399573e+02] 0.21179658999945086
[-3.01356597e+00 -5.48739048e-02  2.99425236e-01 -1.69817965e-01
  2.85813102e+02] 0.3485753269086769
[-2.96266008e+00 -9.90915292e-02 -8.04521770e-02  2.54248727e-01
  2.86751199e+02] 0.2844891897930581
[-3.04254928e+00 -2.65460244e-01  6.48137667e-02 -3.04301319e-01
  2.85486272e+02] 0.4089856454890905
[-2.96037054e+00  1.57418850e-01  4.46091953e-02 -2.17028507e-01
  2.85221779e+02] 0.27179412728441427
[-3.07947254e+00 -1.05643874e-01  1.65564399e-01 -2.75238777e-01
  2.84098856e+02] 0.3381250991985939
[-2.97933498e+00  2.26016880e-01 -9.95387918e-02 -4.35008389e-01
  2.84763111e+02] 0.5002238497650321
[-2.89304678e+00 -4.52732589e-02  9.57227565e-03  2.11529603e-01
  2.86083926e+02] 0.2165319133096308
[-2.97020796e+00  3.96586890e-01  1.60704380e-01 -2.43844980e-01
  2.85138130e+02] 0.4925113531652277
[-2.91653784e+00 -2.71495210e-01 -6.78181849e-02  3.18643391e-02
  2.85319933e+02] 0.2816456842765938
[-3.01799426e+00 -1.53216146e-01 -3.43923216e-02 -1.92230965e-01
  2.85309609e+02] 0.24821515516478973
[-3.00891968e+00  2.10756553e-01 -9.14544847e-02 -2.93251816e-01
  2.84445301e+02] 0.3725303678344091
[-2.97827402e+00  3.23296928e-02  5.36939572e-02  1.73902532e-01
  2.85474692e+02] 0.18485221274391594
[-3.06975046e+00 -3.85929532e-01 -1.97749809e-02 -1.80276593e-01
  2.85902348e+02] 0.42641799192532376
[ -2.92705086  -0.32700674   0.3684615   -0.47628618 285.79277596] 0.6852341267178377
[-3.01795944e+00 -2.13773250e-01 -5.69906356e-02 -6.51748186e-02
  2.85742828e+02] 0.2306397446694056
[-2.93792690e+00 -1.29307697e-01  1.85228723e-02 -3.98888418e-02
  2.86033717e+02] 0.13658219844046743
[-2.98744836e+00  7.68462056e-02  9.00149739e-03 -1.61814562e-01
  2.85454247e+02] 0.17936086164940215
[-2.90048857e+00  2.80108969e-01 -3.97067307e-01 -2.09388323e-01
  2.85861448e+02] 0.5291190328595871
[-3.03300304e+00 -9.09130568e-02 -4.10759132e-01 -1.33198313e-01
  2.85773051e+02] 0.4412822666046115
[-2.99694980e+00 -2.79303247e-01 -1.88481130e-02 -5.07119277e-02
  2.85199547e+02] 0.28449473602776504
[-3.01801988e+00 -1.08777443e-02  2.41917806e-01 -7.41026064e-02
  2.84947607e+02] 0.25324641442538326
[-2.98409281e+00  1.39155635e-01 -1.88163794e-01 -4.83747832e-01
  2.84736462e+02] 0.5373842842973028
[-3.02504650e+00 -3.55806207e-02  1.20275629e-01 -1.53120501e-01
  2.84853866e+02] 0.19793457305845114
[-2.98525373e+00 -1.05243824e-01 -1.81873580e-01 -9.96330609e-02
  2.85389713e+02] 0.2325532379484946
[-2.98542090e+00 -2.64932884e-01 -6.45289274e-02 -1.23291790e-01
  2.85576119e+02] 0.2992562132478338
[-2.96099046e+00 -5.64739174e-02  7.00908473e-02 -4.38764481e-01
  2.85709238e+02] 0.44790211003101926
[-2.99708543e+00  2.32953044e-05  1.08632946e-01 -3.21107224e-01
  2.85358561e+02] 0.3389852017315882
[-2.99475192e+00 -1.62899191e-01 -5.00393939e-02 -2.82508033e-01
  2.86123629e+02] 0.32992556097474274
[-2.98322768e+00  2.19669068e-01  2.04906592e-01 -1.42418851e-01
  2.86097745e+02] 0.3324520118888656
[-3.04668410e+00 -3.83176384e-02  5.97436838e-02 -9.67445668e-02
  2.85922551e+02] 0.11998775091836272
[-2.91258563e+00 -2.01675615e-01 -1.88348864e-01 -2.72112701e-01
  2.86410134e+02] 0.38754828138094277
[-2.92538873e+00  4.67716870e-02  3.51824593e-01 -6.27821387e-02
  2.85957591e+02] 0.3604299263820023
[-3.05391233e+00 -1.60434548e-01  3.32562088e-01 -5.96763355e-01
  2.85766576e+02] 0.7017572862692812
[-2.90805349e+00  2.35509413e-01 -5.21979911e-02 -1.80559964e-01
  2.85777233e+02] 0.3013158054502676
[-3.06397922e+00 -1.36030772e-01  4.00064212e-02 -1.20030907e-02
  2.85158807e+02] 0.1422988362145686
[-3.02274230e+00  6.42648859e-02 -2.29555163e-01  1.96850928e-02
  2.85594884e+02] 0.23919249854946295
[-2.98380454e+00 -2.73105093e-01 -1.42737526e-01 -3.67027281e-01
  2.85715933e+02] 0.4792383728942075
[-2.98282336e+00  6.94012547e-02  1.38043146e-01 -8.97810968e-02
  2.86154834e+02] 0.17869832037137123
[-3.08308488e+00 -6.02754121e-02 -2.71398922e-01 -5.06245148e-01
  2.85360548e+02] 0.5775592180467981
[-2.96119287e+00 -1.61157552e-01  3.02890625e-01 -3.50870788e-01
  2.85847240e+02] 0.4907390319869353
[-2.91197969e+00 -1.54200914e-04  1.46960920e-01  2.54255607e-02
  2.85848729e+02] 0.1491442085378501
[-3.01653637e+00  1.56186806e-01 -9.97418811e-02 -4.61344616e-01
  2.85264606e+02] 0.49717362733692316
[-3.02062961e+00  9.54670307e-02  3.10844947e-01  8.58088163e-02
  2.85456407e+02] 0.33630594361019056
[-3.11282552e+00  1.45594921e-01 -2.39657584e-01 -1.81148316e-01
  2.84920311e+02] 0.33383880935754073
[-2.99311179e+00 -1.39980825e-01  2.26787163e-01 -4.22679436e-01
  2.85735782e+02] 0.49968485509957117
[-2.91938352e+00 -5.10763658e-02  2.96884147e-01 -3.68095494e-01
  2.85969322e+02] 0.4756503805219076
[-2.96921579e+00 -1.87534843e-01 -9.66175956e-03 -4.14810515e-02
  2.85731147e+02] 0.19231054235495418
[-2.87289919e+00 -3.17058591e-02 -7.87313837e-02 -4.04171437e-01
  2.86454675e+02] 0.41298721854535986
[-2.98301382e+00  3.10851972e-01  1.19923630e-01 -6.54778957e-01
  2.85304200e+02] 0.734674150766546
[-2.99912255e+00  2.59247108e-02 -2.04079346e-01 -9.94579858e-02
  2.86093108e+02] 0.22850024265620222
[-3.06440554e+00  3.10909740e-01  3.79763223e-02  1.03768472e-01
  2.84453346e+02] 0.329962063260615
[-3.08791248e+00  1.11575740e-01  3.84488347e-01 -3.63322499e-01
  2.83952631e+02] 0.5406326602364029
[-2.98510607e+00  9.61200719e-02 -3.70065374e-02  1.24342908e-01
  2.86207260e+02] 0.16146117459685222
[-3.05472689e+00 -2.11379680e-01 -1.21730557e-01 -3.07876117e-01
  2.86037036e+02] 0.39279434982344386
[-2.94932377e+00 -5.44897913e-02  2.61010199e-01 -1.55791064e-01
  2.85266791e+02] 0.30881437266943895
[-2.93845088e+00 -6.14955985e-02  6.60795684e-02 -3.45144335e-01
  2.85446445e+02] 0.3567531778205734
[-2.97892642e+00  1.29383249e-01 -3.72159482e-01 -1.17161861e-01
  2.85638933e+02] 0.4110591277631118
[-2.97985564e+00  4.39608840e-01  3.20579509e-01 -2.41295869e-01
  2.86617844e+02] 0.595189760391849
[-2.91266826e+00 -1.43576158e-01  1.45055578e-01 -3.51556448e-01
  2.84836288e+02] 0.4065060512388662
[-2.99937962e+00  2.63215234e-01 -8.41965412e-02 -1.69727175e-01
  2.84787375e+02] 0.3243125515829927
[-2.92497576e+00 -8.79331817e-02  1.53460506e-01  9.34344538e-02
  2.86568674e+02] 0.20003091911083945
[-2.98592694e+00  1.23565508e-01  2.65097211e-01 -3.33025509e-01
  2.86472719e+02] 0.443227882178022
[-3.01062759e+00 -3.77036205e-02 -4.71715997e-02 -1.73848338e-02
  2.85194220e+02] 0.06284071341825763
[-3.01378469e+00  2.78024672e-01  1.18924408e-01 -2.80301276e-01
  2.85988602e+02] 0.41232212921800343
[-3.07371133e+00 -8.29211496e-02  3.08445523e-02 -6.87599479e-01
  2.85529701e+02] 0.6932678752604936
[-3.02066308e+00 -1.48534235e-02  1.68407867e-01 -2.98505851e-01
  2.85709618e+02] 0.34305622967322286
[-2.96297122e+00  4.48920555e-02 -1.81171573e-01 -3.35335928e-01
  2.85755639e+02] 0.38378199558040665
[-3.11400278e+00  8.25237034e-02  5.60914637e-01 -1.67017921e-01
  2.84980178e+02] 0.59104177339558
[-2.97973584e+00 -1.83934382e-01  5.05367368e-02 -5.47079252e-01
  2.86158702e+02] 0.5793802955903781
[-3.04468730e+00 -3.99934500e-02  2.82054116e-01 -1.54514721e-01
  2.86107913e+02] 0.3240814702144597
[-3.00845067e+00 -1.60863795e-01  5.48738438e-02  1.23562780e-01
  2.84488260e+02] 0.21013343350392075
[-3.03981321e+00 -1.02069886e-01  8.51350787e-02 -2.91776025e-01
  2.84761283e+02] 0.3206235988250061
[-2.92599224e+00 -1.32029408e-01  4.07125869e-01 -2.64433471e-01
  2.87123135e+02] 0.5030986963932098
[-2.93405388e+00 -2.73805233e-01  2.09945239e-01  4.98098041e-02
  2.85868257e+02] 0.34860769569237954
[-2.93578925e+00 -1.57180592e-01 -1.49418712e-02 -5.59805133e-02
  2.85877761e+02] 0.16751959886050094
[-2.97876046e+00 -1.04144873e-01  3.05599260e-01  1.73125517e-01
  2.85351704e+02] 0.36634615722930497
[-2.94491147e+00 -8.06397519e-02  2.88624435e-01 -7.91442619e-02
  2.84979682e+02] 0.309952655110712
[-3.02045420e+00 -1.49191806e-01 -2.24680537e-01  5.79225943e-02
  2.85255364e+02] 0.27585243457777836
[-2.98067636e+00 -8.69881816e-02  5.64195392e-02 -2.08146203e-01
  2.86212958e+02] 0.23254021143782322
[-3.00398628e+00  1.23779953e-02  2.87020909e-01  7.59753227e-02
  2.86432831e+02] 0.2971640402143807
[-2.91518603e+00 -2.67669166e-01  6.01923414e-02 -4.10690161e-01
  2.86681403e+02] 0.4938990872294195
[-2.98778364e+00 -1.25799275e-01  2.65640529e-01 -1.16164269e-01
  2.85382601e+02] 0.3160450690934151
[-2.93457591e+00  2.65474126e-01  2.80102119e-01 -2.80997359e-01
  2.85696824e+02] 0.4773816337665493
[-2.93597498e+00 -5.41279631e-02  2.21528198e-01 -1.34757568e-01
  2.84196988e+02] 0.26488522266631986
[-2.97902200e+00  2.03001934e-01 -4.18482653e-03 -3.83928283e-01
  2.85960831e+02] 0.4343135091994757
[-2.90639802e+00  1.53401919e-01 -4.46510302e-02 -4.04807867e-01
  2.85622358e+02] 0.43519567151536764
[-2.98055523e+00 -1.94834305e-03 -1.35892994e-01 -1.36709755e-01
  2.85666798e+02] 0.19276996411149977
[-3.02998718e+00 -1.82856598e-01 -1.83290658e-01 -3.59039757e-02
  2.85375017e+02] 0.26138304473236423
[-2.94099505e+00 -2.78265458e-02 -9.79607331e-03 -4.40959245e-01
  2.86152147e+02] 0.44194494643366095
[-3.00872240e+00 -2.70667382e-01  1.31616876e-01 -8.01761298e-02
  2.85582661e+02] 0.3114675673521201
[-2.94251639e+00  2.56432708e-01  3.16336083e-01 -5.86313870e-01
  2.85408773e+02] 0.7138558713106178
[-3.01559802e+00 -3.95598804e-02  1.79023751e-01 -1.55653822e-01
  2.85957305e+02] 0.2405048851295632
[-2.91645313e+00 -2.01632860e-01 -3.66055650e-02 -1.55263722e-01
  2.86136704e+02] 0.25710426092198824
[-2.98561089e+00  1.71924463e-01  8.64630064e-02 -3.02433360e-01
  2.86007185e+02] 0.3584687013951638
[-2.95817282e+00  6.25045800e-02  6.00108611e-02 -2.76045248e-01
  2.85568631e+02] 0.28932525788991714
[-2.95868448e+00 -1.33898178e-01  3.73832737e-01 -1.70852607e-01
  2.85640361e+02] 0.4322849180826853
[-2.97357724e+00 -1.23505370e-02 -4.57280071e-02 -6.49645657e-02
  2.85061097e+02] 0.08039888803026388
[-2.89156840e+00 -2.95185439e-02 -2.88525509e-01  3.04213567e-01
  2.86583948e+02] 0.4203144158061942
[-3.00497861e+00  3.65083671e-01 -1.22261227e-01 -3.87942579e-01
  2.86072365e+02] 0.5465650366554249
[-2.96274892e+00 -3.00207215e-01  3.20179558e-02 -9.73996932e-02
  2.86000327e+02] 0.31723212601921424
[-2.97867640e+00  1.06066293e-01 -3.20941931e-01 -1.82787831e-02
  2.86189552e+02] 0.3385083394021415
[-3.03226647e+00  9.38039149e-03 -1.67438252e-01 -1.31001303e-01
  2.85227063e+02] 0.212802493931757
[-3.03209464e+00 -8.40646517e-02 -2.25471081e-01 -6.67057125e-01
  2.85847161e+02] 0.7091327672509729
[-2.99938995e+00 -2.54612622e-01  1.54420986e-01 -1.31742092e-01
  2.86165336e+02] 0.3256215700792052
[ -3.14576863  -0.29670205   0.30569906  -0.39322774 284.60562077] 0.5797517398827579
[-3.03076243e+00  1.51417005e-01 -1.09453503e-01 -4.40497761e-01
  2.85539406e+02] 0.47848245152166463
[-2.96968961e+00  2.60891638e-01  2.31174152e-01 -1.06549424e-01
  2.85765833e+02] 0.3644978938138756
[-2.97406770e+00 -3.06820456e-02 -1.14711500e-01 -3.02004171e-01
  2.85627260e+02] 0.32450983845187636
[-2.88777469e+00 -3.54102842e-02  2.74096206e-01 -4.23854807e-01
  2.85441376e+02] 0.5059995213010424
[-2.96067747e+00 -3.34718076e-02 -3.65309053e-01 -1.71662850e-02
  2.85785750e+02] 0.3672407209881158
[-2.93818084e+00 -2.14388210e-01 -9.04347601e-02 -1.22508093e-01
  2.86121941e+02] 0.2629619430870431
[-3.00128327e+00 -4.64911492e-02  1.03311355e-01 -3.50123606e-02
  2.85360087e+02] 0.11857709925312522
[-3.11305920e+00 -2.10258010e-01 -1.62755098e-01 -2.95038807e-01
  2.85746460e+02] 0.3971719403321226
[-2.96775508e+00  1.55701863e-01  2.17511511e-01 -3.56116214e-01
  2.85146497e+02] 0.4453909356844979
[-2.96544890e+00  1.30123580e-01  8.57802924e-02 -4.11823604e-01
  2.85712269e+02] 0.44032838355360715
[-3.00175615e+00 -6.26370753e-02 -2.24000464e-01 -2.43670199e-01
  2.85878371e+02] 0.33686017388024564
[-2.98126642e+00  2.21776688e-01 -2.85140164e-01 -2.08474978e-01
  2.85401917e+02] 0.4170750883623671
[-2.94134999e+00  1.02209149e-02 -2.89517927e-01 -4.32367129e-01
  2.85648474e+02] 0.5204482986578356
[-3.03711329e+00  1.84763943e-03  3.94057797e-02  2.18003296e-01
  2.85699546e+02] 0.22154382484009427
[-2.93177524e+00 -1.08869007e-01  1.14150370e-01 -2.75182654e-01
  2.85072878e+02] 0.3171880521517094
[-3.00050796e+00  2.41002214e-01 -9.84987870e-02 -5.17730534e-01
  2.85410447e+02] 0.5795075361830445
[-2.95693033e+00 -3.07382147e-02 -1.42097065e-01 -5.13571947e-01
  2.85559974e+02] 0.5337532755057508
[-2.90147785e+00  2.01583756e-01 -2.80139139e-02  9.19046318e-02
  2.86757565e+02] 0.22330976596546345
[-2.95338815e+00  1.13502992e-02 -1.13913509e-01  5.51112926e-02
  2.86711439e+02] 0.127052631955353
[-3.01814068e+00  2.10182405e-01  1.04522069e-01 -1.90230796e-01
  2.84535103e+02] 0.3021411289264129
[-3.03047222e+00  1.32488483e-01  9.16397614e-02 -3.81114480e-01
  2.85244283e+02] 0.41376236046076853
[-2.88545920e+00  4.80786938e-02 -2.11860769e-01 -3.89611754e-01
  2.86148113e+02] 0.44608728429376604
[-2.98387063e+00 -1.68800696e-02  2.86642178e-01 -4.03025500e-01
  2.85582798e+02] 0.4948517238173904
[-3.01561230e+00  1.39670133e-01  1.56756250e-01 -1.32257851e-01
  2.86031389e+02] 0.2481378791870651
[-2.90145306e+00 -4.01003096e-02 -1.57548298e-01 -1.07679337e-01
  2.85549348e+02] 0.19499830886560768
[-3.00138564e+00  1.19420942e-01 -4.72827244e-02  1.41376166e-01
  2.84987128e+02] 0.19100847590824338
[-3.01581252e+00  7.53934364e-02  2.90773927e-01  5.71008873e-02
  2.85250196e+02] 0.30576814475680003
[-2.87724218e+00  8.62934996e-02 -2.07508409e-02 -4.57257731e-01
  2.85935468e+02] 0.46579158178879837
[-2.93366189e+00 -9.06136453e-02  1.34506031e-01 -1.22851695e-01
  2.85870632e+02] 0.2034582118416086
[-2.94817261e+00  2.55424774e-01  7.84758505e-02 -4.91408872e-01
  2.85431491e+02] 0.5593594136695436
[-3.00121604e+00 -1.11046845e-02 -1.81296133e-02 -9.97563619e-03
  2.85275043e+02] 0.023484254549634008
[-2.96058694e+00  2.72682283e-01  2.00489664e-01  1.48776985e-02
  2.86016689e+02] 0.33878175646255504
[-3.03342246e+00 -5.48429036e-02 -4.53400580e-02 -5.25991492e-01
  2.85906441e+02] 0.5307829261992674
[-3.06477848e+00 -4.13813332e-01  9.34897119e-02 -5.71796637e-02
  2.86295647e+02] 0.428078630656016
[-2.99464194e+00  2.43231994e-01 -9.34511245e-02 -1.35347852e-01
  2.85119533e+02] 0.2936221329413387
[-3.02983823e+00  3.33102565e-02  5.76111409e-02 -1.84012908e-01
  2.85682425e+02] 0.19567669008793834
[-2.95122678e+00  6.05043029e-02  1.01849101e-01  1.30961737e-01
  2.86549621e+02] 0.17659271396721637
[-3.03518372e+00  1.90283992e-01  2.71927299e-01 -1.92804284e-01
  2.84698897e+02] 0.38383062055502226
[-2.95189957e+00  6.06998957e-02  6.63399073e-03 -4.03838893e-01
  2.86356745e+02] 0.40842911117293185
[-3.08666495e+00 -4.51937696e-02 -1.43918980e-01 -2.78283968e-02
  2.85930013e+02] 0.15339351094082568
[-2.91636927e+00 -1.45870592e-01  1.00519959e-01 -1.26920896e-01
  2.86087527e+02] 0.21792522885401264
[-3.04186473e+00 -9.02837273e-02 -1.28461592e-01  6.01506981e-03
  2.84748666e+02] 0.1571296058398034
[-2.96689042e+00  1.45753438e-01 -1.19109399e-02 -5.32149797e-02
  2.86532733e+02] 0.15562059371574766
[-2.98993426e+00 -2.01032133e-01 -5.21422136e-02 -1.56560167e-01
  2.85640736e+02] 0.2600842458841791
[-3.04434274e+00  3.10125051e-02  1.22280902e-01  1.31418263e-01
  2.84650272e+02] 0.1821679287901505
[-2.99956350e+00 -1.87372960e-01  1.32959116e-01 -2.96042085e-01
  2.85919284e+02] 0.3747367996006602
[-2.99925443e+00 -4.99461027e-02  2.34038972e-01 -1.48950256e-01
  2.85227090e+02] 0.2818776909006808
[-3.01409101e+00  2.98875797e-01  7.47177004e-02 -3.76605040e-01
  2.85768777e+02] 0.48656020507156367
[-3.06465850e+00 -1.49025003e-01 -1.59324444e-01 -3.34644097e-01
  2.85356657e+02] 0.3994739057007013
[ -3.03835668  -0.29679416  -0.2914692   -0.35979664 286.23760241] 0.5499951695286345
[-2.94257936e+00 -1.68142737e-01  1.03877532e-01 -1.90260862e-01
  2.86355583e+02] 0.2743386912607827
[-3.01162373e+00 -1.78835307e-01  1.33071534e-01 -4.01896407e-01
  2.85051705e+02] 0.4595767857453399
[-3.05176165e+00  1.53901614e-01 -1.01154470e-01  1.29007118e-01
  2.84853597e+02] 0.2248572216039489
[-2.98748037e+00  1.82673482e-01  2.83684629e-02 -7.01481496e-02
  2.85897006e+02] 0.19772489378412447
[-2.93674129e+00 -1.45242211e-01 -3.65393301e-01 -2.65797003e-01
  2.87000837e+02] 0.4746110103862351
[-3.01064983e+00  4.65408137e-02  2.28873395e-04  5.77141345e-02
  2.85758028e+02] 0.07414189804386644
[-2.96619932e+00  2.07456320e-01 -3.61106210e-01 -4.14468137e-01
  2.86159818e+02] 0.5875539605824321
[-2.98542056e+00  6.51915763e-02 -1.49314052e-01 -2.49512700e-01
  2.86267513e+02] 0.2979953279876791
[-3.02486637e+00  4.27416276e-02 -8.25499654e-03  1.54629460e-02
  2.85258400e+02] 0.04619625952439678
[-2.98866622e+00 -1.50808124e-01  3.11967249e-02 -5.11171746e-01
  2.85382751e+02] 0.5338659750375612
[-3.07194676e+00  9.54030620e-03 -1.79523180e-01 -2.92378394e-01
  2.85484331e+02] 0.343226914877498
[-3.03447677e+00 -3.57907341e-02  3.01869857e-02  3.81282184e-02
  2.85852534e+02] 0.06038204859737374
[-2.88616549e+00 -1.44381695e-01  5.24168818e-01 -2.28220674e-01
  2.86859223e+02] 0.5896470977709167
[-2.92079098e+00 -8.59043264e-02  1.77738546e-01  1.80057895e-01
  2.86395343e+02] 0.2671916722625979
[-2.98967799e+00 -1.09689770e-01  1.12244415e-03 -7.01538625e-02
  2.85789588e+02] 0.13021009889741056
[-3.07658584e+00 -7.83313667e-02  1.22492691e-01 -1.59361313e-01
  2.84835134e+02] 0.21572271670720888
[-2.95160003e+00 -2.32213832e-01  1.52797495e-01 -1.80898673e-01
  2.86223728e+02] 0.3316544411149017
[-3.00131598e+00  9.50545791e-03 -1.29808251e-01 -2.47294491e-02
  2.85166189e+02] 0.13248426821523906
[-3.04266584e+00  1.46134666e-01 -2.23813062e-01 -3.41445060e-01
  2.85965267e+02] 0.43362697827606217
[-2.94093777e+00 -6.29460099e-02  3.05035833e-01 -2.99034262e-01
  2.86153482e+02] 0.431776041341015
[-2.99268718e+00 -1.44310846e-01 -2.81252346e-01  2.45605948e-01
  2.85089132e+02] 0.40031335715853306
[-2.95384710e+00 -1.16702255e-01  1.02238935e-01 -2.95905525e-01
  2.85675092e+02] 0.3341141954838106
[-2.92072580e+00  2.03449001e-01 -9.69138545e-03 -1.27265552e-01
  2.86559239e+02] 0.24017064701761348
[-2.97855732e+00 -2.63752716e-01  6.30048039e-02 -1.22459990e-01
  2.84925121e+02] 0.2975425177793985
[-2.95364624e+00 -6.53849661e-02  2.25190835e-01 -1.18581835e-01
  2.86216204e+02] 0.2627694002085159
[-2.93008846e+00 -2.87874740e-03  3.30141163e-01 -3.05974124e-01
  2.85891045e+02] 0.4501351338511303
[-2.99595677e+00  9.27613760e-02 -1.93139861e-01 -5.56566559e-01
  2.86045132e+02] 0.596384116008817
[-2.98775531e+00 -8.36536536e-02  2.90371085e-01 -1.79207845e-02
  2.85432639e+02] 0.3027118352099952
[-2.96682007e+00 -7.48988958e-02  3.77974327e-02 -6.92979833e-02
  2.85064799e+02] 0.1088149852146113
[-2.96770245e+00  5.77061954e-02  3.24472805e-01 -2.93177102e-01
  2.85834061e+02] 0.4410957029302273
[-3.05028017e+00 -3.61572255e-01 -1.62961702e-01 -3.04543524e-01
  2.85539187e+02] 0.5000377684670847
[ -2.94381703   0.37446113  -0.3051082   -0.30318443 286.40998252] 0.570291986351338
[-2.95416947e+00  1.69981635e-01 -1.65139247e-01 -3.48201103e-01
  2.85698331e+02] 0.4211991632571079
[-3.06718550e+00 -3.41798653e-01  1.90293134e-01 -1.19474258e-01
  2.85329306e+02] 0.4090377666389845
[-2.91530557e+00 -2.10616370e-01  2.82151307e-02 -4.72822207e-01
  2.86330716e+02] 0.5183784218305428
[-2.97639670e+00  2.40994470e-01 -4.10203473e-02 -2.39162239e-01
  2.85423733e+02] 0.34199353745924993
[-3.05476663e+00 -1.66459553e-01 -3.64941266e-01  2.25466042e-03
  2.85224902e+02] 0.4011184286718187
[-3.00599275e+00  1.10635543e-01 -6.98323845e-02 -5.20692649e-02
  2.85195241e+02] 0.1408119087983144
[-3.04466424e+00 -1.65727045e-01 -1.73635867e-01 -2.01646587e-01
  2.85466766e+02] 0.31349037283007686
[-2.99701280e+00  1.95769336e-02 -2.09876377e-01 -2.20915812e-01
  2.85616557e+02] 0.3053443071347519
[-3.02493416e+00  2.47702038e-02  4.61372340e-02 -1.44230420e-01
  2.85400833e+02] 0.1534425667985102
[-2.91636969e+00 -1.90908745e-01 -6.80879523e-02  6.09859998e-02
  2.85973957e+02] 0.21166343657140488
[-2.94740108e+00  2.06274303e-01 -3.04795258e-01 -1.27985180e-01
  2.84799290e+02] 0.3896529779441301
[-3.04248436e+00  2.38857521e-01 -2.45974957e-01 -1.87467287e-01
  2.85697131e+02] 0.39076921423017863
[-2.99666397e+00 -3.78619008e-02 -8.57265601e-03 -1.52805405e-01
  2.85092633e+02] 0.15765946147129556
[-2.93582829e+00 -3.03486281e-02 -1.81496608e-01 -6.90646639e-02
  2.86241719e+02] 0.1965502114843099
[-2.99485386e+00 -1.98403901e-01  2.44669063e-01 -1.78989823e-01
  2.86045817e+02] 0.36230431309110056
[-3.00264576e+00  1.35162311e-01 -6.47781635e-02 -5.23222080e-01
  2.85687133e+02] 0.5442668514689118
[-2.94230759e+00  1.19531705e-01 -9.14934456e-03  1.63330883e-02
  2.85219999e+02] 0.12098887825500511
[-2.96026515e+00  3.56641703e-02  6.83305282e-02 -2.10864435e-01
  2.85885089e+02] 0.22451014287856438
[-3.04833313e+00 -4.18340482e-01 -3.07939967e-01 -2.82095747e-01
  2.86476710e+02] 0.5911123343289242
[-2.94499750e+00  1.91919796e-02  2.06079312e-01 -2.67751286e-01
  2.85849828e+02] 0.3384195118764679
[-2.89504737e+00 -1.21077552e-02  8.51315256e-02 -1.43931726e-01
  2.85341015e+02] 0.167661313478695
[-2.99236887e+00  1.43225261e-01  5.44349998e-03 -2.70021423e-01
  2.85955372e+02] 0.3057035752491304
[-3.04475999e+00  3.07383441e-01  3.42324636e-02 -1.52730384e-01
  2.85262627e+02] 0.3449391419652076
[ -3.03514686  -0.30563919  -0.5962771   -0.42970491 285.20072684] 0.7959949791555241
[-2.98387054e+00  1.08240649e-01 -1.38331296e-01 -4.64041594e-01
  2.86083315e+02] 0.496171528964266
[-2.88955398e+00  4.15482334e-02  1.72409188e-02 -4.35062499e-01
  2.86476128e+02] 0.4373818502265116
[-2.96109724e+00  3.92364892e-01  1.42088670e-01 -2.20124969e-01
  2.86811644e+02] 0.4717991098863883
[-2.93095261e+00 -2.79365519e-02  3.75139280e-03 -6.16909140e-01
  2.86191387e+02] 0.6175527593944543
[-3.04217136e+00  3.61779431e-02  1.15850089e-02 -2.99833878e-01
  2.85138307e+02] 0.3022307240281418
[-2.97974070e+00 -3.37894568e-01  1.02681636e-01 -4.61794985e-01
  2.85159259e+02] 0.5813526167153773
[-3.01128180e+00 -2.68513966e-01  7.77078217e-02 -2.49183997e-01
  2.85759196e+02] 0.37447419108061597
[-3.03031382e+00  8.82685674e-02 -3.55538477e-01 -4.04238515e-02
  2.85609787e+02] 0.3685553370720812
[-2.89337112e+00 -1.00495017e-01 -3.08182895e-01  8.19052001e-02
  2.86340205e+02] 0.3343417518373929
[-3.04918149e+00  3.63577736e-02  1.39483796e-01  4.95265946e-02
  2.86034006e+02] 0.15241555198684523
[-2.91935484e+00  1.68036454e-01  3.05172479e-01 -3.12010895e-01
  2.85677935e+02] 0.4676722039339112
[-3.04433386e+00  1.41565013e-01 -5.18553920e-04 -1.18926292e-01
  2.85042028e+02] 0.18489019644301402
[-3.03019325e+00  2.52151762e-02 -1.07827862e-01 -3.23255784e-01
  2.84980688e+02] 0.34169716776203674
[-2.94532116e+00 -1.86588671e-01  5.65095356e-02 -3.78957072e-01
  2.86154094e+02] 0.4261656039264052
[-2.97669138e+00 -1.40046484e-01 -3.80436742e-01  1.15347741e-01
  2.85699155e+02] 0.4214857458098814
[-2.92076096e+00 -2.37119705e-01  5.58321068e-02 -6.68082547e-02
  2.86165056e+02] 0.2525991319049797
[-2.94245920e+00  1.20637593e-01 -5.74941277e-02  1.80586043e-01
  2.85549344e+02] 0.22465600894320548
[-2.94727531e+00  8.37289857e-04 -5.77614665e-02 -7.61464088e-01
  2.87524343e+02] 0.7636521758221646
[-3.05936294e+00  1.07034202e-01  6.79478713e-02 -2.75449448e-01
  2.85097795e+02] 0.3032253814336434
[-3.00990872e+00 -5.57743426e-02  4.16239348e-01 -4.02616479e-01
  2.85852541e+02] 0.581778309272807
[-2.91652235e+00  1.92963821e-01 -1.88466652e-01 -5.63489186e-02
  2.85255966e+02] 0.275553834736462
[-2.94761156e+00 -2.27296364e-01  3.47143927e-01 -1.58503338e-01
  2.85205075e+02] 0.44417997603500553
[-2.99742317e+00 -3.65382117e-02 -2.43403143e-01 -3.44609042e-01
  2.86467269e+02] 0.42348025063014344
[-3.00626011e+00  5.87090901e-02  2.05420551e-01 -1.78128156e-01
  2.85591738e+02] 0.27816182333932493
[-3.04323477e+00  1.03074104e-02  1.10710650e-01 -5.40974804e-01
  2.85443911e+02] 0.5522832870307
[-3.03467639e+00  1.82016634e-01  8.56782470e-02  4.36843678e-02
  2.85597341e+02] 0.20586194633662497
[-2.91259747e+00 -1.13539482e-01  9.11822608e-02 -3.65713629e-01
  2.85766886e+02] 0.3936392727863915
[-2.94790973e+00 -1.16745455e-01  1.21408200e-01 -4.79863198e-01
  2.86033138e+02] 0.5085647855342129
[-3.09423677e+00 -9.57210939e-02  4.04426361e-02 -1.17589881e-02
  2.85483557e+02] 0.10457728448521449
[-2.98381406e+00  1.40240659e-01  2.15228125e-01 -4.03245736e-01
  2.85557748e+02] 0.47811893035650294
[-2.99932014e+00 -5.14375860e-02  4.09816465e-02 -2.94803411e-01
  2.85361327e+02] 0.3020502802954235
[-3.07766962e+00  2.50015960e-01  3.61643247e-01 -2.57731999e-01
  2.85737573e+02] 0.5096269239462087
[-2.96763907e+00  4.07185550e-01 -2.76824256e-02 -1.06207956e-01
  2.85891650e+02] 0.42171853052898206
[-2.94292146e+00  1.79281843e-01  3.10372927e-01  1.04069750e-01
  2.86280476e+02] 0.3732343047647023
[-3.00422398e+00 -1.65250554e-01  2.47581951e-01  2.30948231e-01
  2.85320913e+02] 0.3767514481779089
[-3.11488689e+00 -1.45124346e-01  1.45683387e-01 -7.03478692e-01
  2.83927723e+02] 0.7329167726096083
[-2.90979709e+00 -3.35214581e-02  1.00302609e-01  4.66901818e-02
  2.85959512e+02] 0.11560395566749247
[-2.94015458e+00 -4.96501693e-03  1.37226846e-01  2.98360480e-03
  2.86483589e+02] 0.13734904593629577
[-3.06394269e+00 -9.61217643e-02 -4.93404624e-02 -2.27213369e-02
  2.85446253e+02] 0.11040893969268377
[-3.00179075e+00 -1.44020058e-02  2.77459421e-01 -2.06108372e-01
  2.85801690e+02] 0.34593613465824
[-3.07580527e+00  3.30018620e-01  1.47723296e-01 -5.14710387e-01
  2.85867688e+02] 0.6290160921805046
[-3.01166286e+00  4.29455783e-01 -1.06603082e-01  1.49355138e-01
  2.85849180e+02] 0.46701546395838633
[-2.99249415e+00 -7.66236972e-02  3.04817163e-01 -1.46190487e-01
  2.85583446e+02] 0.3466357628460003
[-3.06319744e+00  1.02146241e-01  2.51712479e-01 -5.44723320e-01
  2.86184358e+02] 0.6087006836675376
[-3.02447922e+00  2.08599981e-01  1.18210326e-01 -5.96023781e-01
  2.84143208e+02] 0.6424422002645485
[-3.08794623e+00  3.13812157e-02 -3.90702861e-01 -3.73585062e-01
  2.85061871e+02] 0.5414788131475682
[-3.04392698e+00  8.57145198e-02  2.67288671e-01 -6.08727096e-01
  2.85645363e+02] 0.670327449431964
[-3.01140970e+00 -1.70643859e-01  5.11797731e-03 -3.71538994e-01
  2.85020475e+02] 0.4088847567271858
[-2.98519971e+00 -2.21127934e-03 -8.13128601e-02  1.91337231e-01
  2.86135986e+02] 0.2079100936193412
[-2.91070485e+00  1.59077442e-01 -1.71924019e-01 -3.82385206e-01
  2.85628076e+02] 0.4484216171241445
[-2.88469458e+00  1.73702589e-01  6.54674076e-02 -1.13014627e-01
  2.86043467e+02] 0.21732665920177216
[-2.94917026e+00 -8.48129981e-02 -2.02160846e-01 -9.13675274e-02
  2.86205484e+02] 0.2375084786861961
[-2.94316640e+00 -2.51180104e-01 -3.76155798e-02 -3.56587238e-01
  2.86215491e+02] 0.4377908571621256
[-2.94922601e+00  1.04126077e-01 -6.45431885e-03 -2.45382333e-01
  2.84601132e+02] 0.26663905877519806
[-3.00592962e+00  7.04050302e-02  1.36594600e-02  3.42747782e-03
  2.84923807e+02] 0.07179969869962469
[-3.01444158e+00  3.52455595e-01  2.31877686e-01 -3.58172209e-01
  2.86411949e+02] 0.5534252783748465
[-2.99996575e+00  2.92689682e-01 -1.84954219e-01 -3.22252254e-01
  2.85728762e+02] 0.47299241845870543
[-3.00395120e+00 -2.24421960e-02 -2.54636379e-01 -1.42652671e-01
  2.85932820e+02] 0.2927338757351127
[-2.91640618e+00  3.03402076e-02  1.78066568e-01 -1.36902469e-01
  2.85015775e+02] 0.2266506494828877
[-2.99263413e+00 -1.10331651e-01 -1.83804504e-01 -3.19970150e-01
  2.86173703e+02] 0.3851468104479123
[-2.92195918e+00 -3.76378434e-02  3.07220650e-01 -4.63512075e-01
  2.85512319e+02] 0.5573549847280562
[-2.98298074e+00 -2.32052452e-01 -6.56937906e-02 -2.77556701e-02
  2.85992592e+02] 0.24276406612575577
[-3.02867620e+00  2.68505295e-02  1.36650153e-01 -5.22479654e-01
  2.85235471e+02] 0.5407210041911445
[-2.99204448e+00 -1.51749278e-01  4.61059622e-03  6.60058641e-02
  2.85497975e+02] 0.16554719871648332
[-2.90402265e+00 -1.61104999e-01 -7.77295260e-03 -3.34513120e-01
  2.86066795e+02] 0.3713681011612097
[-2.98308090e+00 -1.10423563e-01 -1.18663235e-01 -2.45359615e-01
  2.85971849e+02] 0.29406745292333286
[-2.99299370e+00  5.60878469e-02  3.11414044e-01 -3.52234007e-01
  2.85700908e+02] 0.4734906004244519
[-2.89937722e+00 -2.24093574e-01  1.70185738e-02  4.57677604e-03
  2.84602775e+02] 0.22478547240037694
[-2.97612102e+00 -4.41265382e-02  9.89358995e-02 -2.16968327e-01
  2.85636778e+02] 0.24250921355769048
[-3.02812680e+00  4.18430261e-02 -3.12681200e-01 -2.85963805e-01
  2.85651913e+02] 0.4257882918016894
[-3.00454855e+00  2.16431290e-01 -2.91684382e-01 -2.74076442e-01
  2.85442144e+02] 0.45501667864715384
[-3.01726472e+00  6.15377341e-01 -5.56880919e-02  1.18073236e-01
  2.85751081e+02] 0.6290721140031222
[-2.93372501e+00  2.24738016e-01 -2.56166747e-02 -4.79186553e-02
  2.85510792e+02] 0.23121329382675343
[-2.99929162e+00  3.92693882e-02  2.57826654e-01 -1.32985018e-01
  2.85532879e+02] 0.29274849856861945
[-3.10573391e+00  1.71939439e-01  6.90686477e-02 -4.70000583e-01
  2.85610867e+02] 0.5052070834801755
[-2.94843533e+00  5.41166190e-01 -2.73704594e-01 -1.71390411e-02
  2.86164755e+02] 0.6066867367795624
[-2.96684998e+00  1.78173495e-02  9.26560577e-02 -1.11161437e-01
  2.86180463e+02] 0.14580626883980835
[-3.01805768e+00 -1.16563602e-01  9.47483461e-03 -2.44588997e-01
  2.85210648e+02] 0.27110998382687834
[-2.95234628e+00 -6.62960987e-02  1.82048806e-01 -4.70255203e-01
  2.86671358e+02] 0.5086028868740716
[-2.98983900e+00 -4.08801938e-03  1.41609020e-01 -1.81351974e-01
  2.85692542e+02] 0.23012684531112723
[-3.08931726e+00  4.58194398e-02  8.15333906e-02 -2.06777914e-01
  2.85568340e+02] 0.22694541298054355
[-2.91191778e+00  5.81345767e-02 -8.02742064e-02  5.14785016e-02
  2.86351366e+02] 0.1116853318016433
[-2.92753582e+00  1.72196942e-01  2.25234247e-01 -2.09944903e-01
  2.86145161e+02] 0.35278763535739394
[-2.95818947e+00  1.96496122e-01 -1.80746092e-02 -2.12694187e-01
  2.86010554e+02] 0.2901314096816253
[-2.98783075e+00 -1.61789363e-01  2.76090297e-01 -9.71717084e-02
  2.85614602e+02] 0.33443084623416464
[-3.00852925e+00  2.28311769e-01 -5.92779333e-02 -4.90489848e-02
  2.84826514e+02] 0.24092725045016014
[-3.00424382e+00  2.25183398e-01  1.25073084e-01 -2.76434875e-01
  2.86061248e+02] 0.3778453107587696
[-2.94246959e+00 -4.08578133e-02 -1.39582044e-01  1.67967383e-01
  2.85357531e+02] 0.2221835942357007
[-3.03690230e+00  4.20650689e-02 -2.28291359e-02 -1.91804585e-02
  2.85555000e+02] 0.051560929528635835
[-3.03219803e+00 -4.64253041e-02 -1.68651119e-01  4.38921074e-02
  2.85313444e+02] 0.18034695956929347
[-2.98305842e+00 -2.40188688e-01  9.91484437e-02  9.20625497e-02
  2.85622210e+02] 0.275674686255173
[-3.04050662e+00 -3.69387992e-01 -1.47866474e-01 -3.04265086e-01
  2.85236884e+02] 0.5008884356896723
[-2.93357364e+00 -1.35812598e-01  3.21278350e-02 -5.54430257e-02
  2.86114146e+02] 0.15017053162735475
[-2.95815387e+00  3.86385996e-02  2.66839501e-01 -6.37083618e-02
  2.86062628e+02] 0.27704695654883843
[-2.86393969e+00  4.62457296e-02  7.72087694e-02  1.26124315e-03
  2.85649837e+02] 0.09000806803344608
[-2.95900148e+00  2.98280213e-01  4.49309667e-02 -4.02431348e-01
  2.86393276e+02] 0.5029322689320996
[-3.03531902e+00 -5.21936917e-03  8.32857250e-02 -4.09983579e-01
  2.85457237e+02] 0.4183901151939829
[-2.96048508e+00 -8.49884177e-02  1.26644357e-01 -2.70517774e-01
  2.84851434e+02] 0.3105506248094723
[-2.98520670e+00  3.37379432e-03 -1.39444439e-01 -1.58481308e-01
  2.85723030e+02] 0.2111219050398178
[-3.00879390e+00  1.71683964e-01  1.48964401e-01 -2.49388425e-01
  2.85417410e+02] 0.33743201192508626
[-3.03523885e+00 -3.96368358e-02  1.43230136e-01  3.69990381e-01
  2.85908145e+02] 0.39872149789696626
[-2.88077521e+00  6.89883106e-02 -2.31344230e-01 -1.90223126e-01
  2.85427270e+02] 0.30735057707181823
[-3.10994871e+00  3.17755712e-02  7.59750180e-02 -2.13139635e-01
  2.85317266e+02] 0.22849593978068944
[-3.03691466e+00 -4.83859389e-02  3.36924356e-02 -5.17993302e-03
  2.85645132e+02] 0.059187929581081544
[-2.99235106e+00 -2.54954654e-01 -4.60817431e-02 -1.55233014e-01
  2.86028780e+02] 0.30203094411490405
[-3.03495293e+00  1.63235769e-01  2.30507500e-01 -1.45431649e-01
  2.85850191e+02] 0.31769480328257127
[-2.96690268e+00  1.33884746e-01  9.10957947e-02 -3.64999328e-02
  2.85334823e+02] 0.16599944035799324
[-3.02305132e+00  2.87464809e-01  8.64118937e-02 -1.81495569e-01
  2.85554220e+02] 0.3507758165578802
[-2.93430581e+00 -2.97706017e-01 -2.80537926e-01 -6.39022163e-02
  2.86070892e+02] 0.4140216099453924
[-3.03279144e+00 -2.83800933e-01 -1.73152433e-01 -2.07680758e-01
  2.86126613e+02] 0.3919898363597722
[-3.06390172e+00  1.91936506e-02  4.69996869e-02 -2.80661966e-02
  2.84865851e+02] 0.05800929390557381
[-3.04219581e+00  1.13861029e-01 -1.49378637e-01 -2.45588631e-01
  2.85415005e+02] 0.3091796996784257
[-2.99948916e+00  1.53206219e-01 -9.89988191e-02 -3.02523242e-01
  2.85176316e+02] 0.3532608437235718
[-3.00157750e+00 -1.49943732e-01  9.13155519e-02 -2.16212451e-01
  2.86444284e+02] 0.2785129744596818
[-2.97836732e+00  1.38915942e-01  1.23970543e-01 -1.31149143e-01
  2.85382044e+02] 0.22774202955134645
[-3.01818782e+00  2.47190957e-01 -1.78453469e-01 -8.38441159e-02
  2.85965154e+02] 0.316194316530056
[-2.93439118e+00 -5.93519391e-02 -1.76077251e-01 -3.98527003e-01
  2.86088613e+02] 0.43971538830048595
[-3.03782060e+00 -1.18178639e-01 -2.25263082e-01 -3.55263457e-01
  2.85489581e+02] 0.4369459580768989
[-2.96304645e+00 -2.35500687e-01 -2.21776110e-01 -2.40335575e-01
  2.85502028e+02] 0.40299678088779817
[-3.00147948e+00 -5.36653650e-02 -8.93830176e-02 -2.13376418e-01
  2.84936854e+02] 0.2374842965611723
[-2.92692630e+00  2.96421189e-02 -2.37387566e-02 -2.78900713e-02
  2.86061880e+02] 0.04711729890160549
[-2.97013497e+00 -6.44011117e-02  2.12005299e-02 -4.73234312e-01
  2.85989344e+02] 0.47806660554297775
[-2.94817488e+00 -2.74367833e-01  8.88117799e-02 -4.80947409e-01
  2.85812640e+02] 0.5607812850379369
[-2.98547973e+00  1.56814588e-02  2.08287601e-01 -2.43017620e-01
  2.86304366e+02] 0.3204484302082474
[-2.95784750e+00  4.57487247e-02 -1.05444618e-01 -4.41251001e-03
  2.85322442e+02] 0.1150260125169059
[-2.99487511e+00 -2.50759914e-01 -6.94409858e-02 -2.72780367e-01
  2.85696800e+02] 0.37697707325288815
[-3.06900264e+00  1.61447033e-01 -1.03658956e-02 -2.22682693e-02
  2.85029376e+02] 0.16330484405581416
[-3.07292956e+00  2.78125130e-01  4.55076465e-01 -1.82662972e-01
  2.84665676e+02] 0.5637498896590881
[-3.05189946e+00 -2.56037809e-01  6.63391072e-02 -5.02783165e-02
  2.85459082e+02] 0.26922879837427377
[-3.03720117e+00  1.93518802e-01 -1.61557311e-01  2.14649592e-02
  2.84819646e+02] 0.2530040235211708
[-3.05799177e+00  4.33925029e-01 -2.55726234e-01  2.53252253e-01
  2.85805627e+02] 0.5637584067063746
[-3.00595924e+00  1.23091910e-03  1.14709284e-01 -2.57277115e-02
  2.84873427e+02] 0.11756551461277037
[-2.98699469e+00 -2.14628816e-02 -1.68517471e-01 -6.19917575e-01
  2.85219296e+02] 0.6427725826272243
[-2.93052018e+00  2.08716271e-01  1.89496004e-01 -4.54899260e-01
  2.86128561e+02] 0.535167781067505
[-3.02057077e+00  1.93376226e-01 -9.03498753e-02 -2.37598388e-01
  2.85034700e+02] 0.3193907616296135
[-2.98101702e+00 -5.35090073e-01 -2.10378271e-01 -5.19422201e-01
  2.86752821e+02] 0.7748418066226246
[-3.06211734e+00 -2.99258324e-02 -3.45089584e-01  1.66084063e-01
  2.85459131e+02] 0.384143583194129
[-3.07416548e+00 -1.38645389e-01  1.77185902e-01 -8.00242286e-02
  2.84956124e+02] 0.2387912577608656
[-2.99233428e+00 -2.39453880e-02  1.74018679e-01 -2.39972357e-01
  2.85579798e+02] 0.29739302991990463
[-2.98998675e+00  2.13713960e-01  1.58235519e-01 -9.85736990e-02
  2.84885556e+02] 0.283599912076537
[-2.98588352e+00 -3.01764128e-01  1.20902732e-01 -2.81718371e-01
  2.85563714e+02] 0.43016775840717975
[-3.11437451e+00 -4.67136990e-01 -2.08669760e-01 -4.05078741e-01
  2.85333320e+02] 0.6525709332912145
[-2.99980655e+00 -1.29387395e-01  3.92518358e-01 -1.43536017e-01
  2.85040787e+02] 0.4375092535606371
[-3.01658209e+00  2.21483127e-01  3.59700963e-01 -2.84720961e-01
  2.85415643e+02] 0.509416905847168
[-3.04555428e+00  1.25698911e-01  1.94635406e-01 -4.80520995e-01
  2.85016924e+02] 0.5334637613447485
[-2.96905310e+00  3.28163125e-02  3.92370434e-01 -5.62853974e-01
  2.86631752e+02] 0.6869032421022911
[-2.97627012e+00  6.73753655e-02 -1.47539475e-01 -2.52753370e-01
  2.85523129e+02] 0.300319168252599
[-2.99693302e+00  2.45507208e-02 -1.72817101e-01 -2.27984721e-01
  2.85940172e+02] 0.2871332814706435
[-2.98419909e+00 -1.86493600e-01 -1.82811006e-01 -4.92227483e-01
  2.86254974e+02] 0.5572141612761989
[-3.02757503e+00 -6.16029467e-03 -9.13049613e-02 -2.44235581e-01
  2.85707598e+02] 0.26081710829659827
[-3.07681347e+00 -1.88153039e-01  2.18750802e-01  4.49232632e-02
  2.85042157e+02] 0.2920129774429514
[-2.98295373e+00 -8.29251958e-02  2.95735873e-02 -2.13463204e-01
  2.85599448e+02] 0.23090631149102964
[-3.00660788e+00 -1.37074395e-01 -3.34483505e-01  1.28575330e-01
  2.84996393e+02] 0.38366680915210655
[-2.98773250e+00 -2.80917751e-01 -1.90522893e-02 -1.07605689e-01
  2.86360094e+02] 0.3014245455288738
[-2.99953385e+00  2.65818396e-01 -1.98866503e-01 -1.51363185e-01
  2.85506081e+02] 0.3648535592279517
[-2.94444929e+00  1.05624355e-02 -2.71890230e-03  1.81750262e-02
  2.85817779e+02] 0.021196439527638767
[-3.00006714e+00  1.72264933e-01 -1.43205493e-01 -4.42434734e-01
  2.85408688e+02] 0.4959148252643022
[-2.94910456e+00 -6.55003762e-03 -2.04910429e-01  1.03265573e-01
  2.85909460e+02] 0.22955383981269664
[-2.95841380e+00  2.50104924e-01  2.31603544e-01 -1.38027451e-01
  2.85215764e+02] 0.36775569607412245
[-3.01406139e+00  2.46285869e-01 -1.13601636e-01 -3.90057235e-01
  2.86143846e+02] 0.47508599969494186
[-3.06445302e+00 -8.59161841e-02 -1.41161388e-01 -2.96997682e-01
  2.85309153e+02] 0.3398760819775134
[-3.04925414e+00  1.86022671e-02  2.67504278e-03  1.90792110e-01
  2.85232910e+02] 0.1917154906629844
[-3.04002272e+00 -2.73176882e-02 -2.87855074e-01 -2.45202684e-01
  2.86151276e+02] 0.379118921227486
[-2.97442688e+00 -3.20925355e-01 -2.43742247e-01 -1.15803479e-01
  2.85241967e+02] 0.41930157622395364
[-3.08799730e+00  4.18718218e-01  2.00712678e-01 -2.93726061e-01
  2.85279816e+02] 0.5494411011502537
[-2.98893777e+00 -2.56702075e-01  1.15320397e-02 -5.22932210e-01
  2.85219168e+02] 0.5826551629398491
[-2.97830612e+00  4.93394919e-02 -1.34901176e-01 -1.38929933e-01
  2.85739482e+02] 0.19983552991719214
[-2.97151335e+00 -8.57733147e-02 -1.21310228e-01  1.60552209e-01
  2.85922714e+02] 0.2187469884370819
[-2.94501022e+00 -3.27513818e-01 -9.37150128e-02 -3.05153506e-02
  2.85653532e+02] 0.34202191615042726
[-3.01364307e+00  1.15635150e-01  2.23087677e-01 -2.79763611e-01
  2.85685927e+02] 0.37604159014588534
[-2.99467371e+00  2.22027882e-01  1.53883433e-01  1.38062295e-01
  2.85132139e+02] 0.3033771396297297
[-3.07255466e+00  2.85092921e-02 -4.82952162e-01 -8.46972077e-02
  2.85528436e+02] 0.4911508802515797
[-3.07394309e+00 -6.29299329e-02  7.53019422e-02 -3.04161348e-02
  2.84793513e+02] 0.10274093735386786
[-3.02733999e+00 -2.54459189e-02 -7.16895359e-02 -1.15555384e-01
  2.86121017e+02] 0.13834713994301384
[-2.94701026e+00 -1.14201613e-01 -9.24559601e-02 -2.28930668e-01
  2.86266332e+02] 0.2720282403468708
[-2.98144852e+00 -1.81202190e-01  1.71925395e-01 -3.93468729e-01
  2.85459049e+02] 0.46605816820322576
[-3.03097723e+00  4.46099157e-01  2.35317806e-01 -1.32651221e-01
  2.84933570e+02] 0.5215124874385177
[-2.90976681e+00 -1.20318178e-01  4.38358457e-01 -4.87212669e-01
  2.86139049e+02] 0.6663413432510965
[-2.92293692e+00 -1.14065894e-01  3.57960406e-02 -2.30938854e-01
  2.86391301e+02] 0.26004834006794997
[-2.94327809e+00 -2.99102355e-01 -2.71383698e-01 -2.27105466e-01
  2.86101509e+02] 0.4633446046380069
[-3.04732983e+00 -1.41271162e-01  2.51971423e-01 -2.54841939e-01
  2.85939906e+02] 0.3852162418783024
[-2.97370672e+00 -3.89814204e-02 -1.28664816e-01 -1.09882775e-01
  2.86541060e+02] 0.17363297605841738
[-3.02411865e+00  6.04409530e-02  7.87486767e-02 -5.74499204e-01
  2.86390104e+02] 0.5830126909102088
[-3.02491477e+00  5.26828632e-02 -5.17686080e-02 -9.05265562e-02
  2.85465457e+02] 0.11683548361076411
[-2.96983375e+00 -2.89469026e-01 -2.71668252e-01 -5.36949722e-02
  2.85927350e+02] 0.40059843474574003
[-2.95594425e+00 -2.10224501e-01  1.64162437e-01 -1.01584182e-01
  2.86439888e+02] 0.28541722539869036
[-2.99435276e+00 -9.44680914e-03 -1.26485547e-01 -1.03433787e-01
  2.86733902e+02] 0.16366546352901437
[-3.07655084e+00  5.79703896e-02 -1.61405678e-01 -2.39700493e-02
  2.85148492e+02] 0.17316732448722222
[-2.96275732e+00 -3.77975913e-02 -2.91018972e-01 -1.39831918e-01
  2.86215250e+02] 0.32507486118024886
[-2.98789137e+00  2.79952434e-01  2.01691138e-01 -6.40640949e-02
  2.84948002e+02] 0.350937157681949
[-2.99967899e+00 -1.33588987e-01 -2.12482393e-01 -3.19055943e-01
  2.86387859e+02] 0.40594516778330353
[-3.04719432e+00 -3.32572464e-01 -7.12919371e-02  3.93706437e-02
  2.85829845e+02] 0.342398936874841
[-2.93010268e+00  1.36574527e-01 -9.55933789e-02 -4.22158893e-01
  2.85346855e+02] 0.45388195161632944
[-3.02086570e+00  2.02866206e-01 -2.53647703e-01 -2.45220439e-01
  2.85415172e+02] 0.406970415151008
[-2.95625331e+00  2.90960278e-01 -1.85519582e-01  1.65566307e-01
  2.85335549e+02] 0.38273698677753176
[-3.02793015e+00  3.59173559e-01  9.74663303e-02 -2.13448176e-02
  2.85123095e+02] 0.3727746403025888
[-3.00183027e+00 -1.13496651e-01  1.31372480e-01 -3.13761455e-01
  2.85462116e+02] 0.3585895551001311
[-3.05437671e+00 -9.10201457e-02 -5.43209469e-02 -2.60253488e-01
  2.85057808e+02] 0.28101122816150115
[-3.00853111e+00  1.91698807e-01  7.92692844e-02 -1.27657968e-01
  2.86005456e+02] 0.2435746476023039
[-2.96036972e+00  1.65639951e-01 -1.74585290e-01 -1.17619100e-01
  2.84894530e+02] 0.2678635273942595
[-2.99268736e+00 -1.07395129e-01 -1.85769295e-01 -3.35264781e-01
  2.85651531e+02] 0.39805328586402106
[-3.04210850e+00 -2.43137359e-03 -2.12745731e-01 -1.71882812e-01
  2.85580054e+02] 0.2735148232135225
[-3.03723613e+00  9.66895729e-02  3.24561303e-02 -2.52805471e-01
  2.85901362e+02] 0.27260388854023404
[-2.96292129e+00  1.06001455e-02 -2.49512564e-01 -2.70887377e-01
  2.85693454e+02] 0.36844111349235414
[-3.01094396e+00  2.38431645e-01  6.55400377e-03  1.22373682e-01
  2.85385692e+02] 0.2680819318952648
[-2.95590323e+00 -8.92881753e-02 -1.50986655e-01 -2.14874587e-01
  2.84980469e+02] 0.2773813916777932
[-2.99041900e+00  7.25221668e-03  1.51083399e-01 -3.85462966e-01
  2.85516264e+02] 0.414077874988394
[-2.96564462e+00  7.57937645e-02  4.05521064e-01 -2.51234458e-01
  2.85580316e+02] 0.4830225470097746
[-2.99697630e+00 -8.91972030e-02 -7.67696458e-02 -2.76044210e-01
  2.85927197e+02] 0.30008353037391916
[-3.02174738e+00 -2.21680519e-01  3.50538164e-01 -4.16090804e-01
  2.85185816e+02] 0.587495373631831
[-3.02501493e+00 -1.50417551e-01  2.90880180e-02 -1.04770325e-01
  2.86578977e+02] 0.18560272983396017
[-2.97238727e+00 -7.89270717e-02  2.38066909e-02 -4.68051176e-01
  2.86012088e+02] 0.4752558729363845
[-2.94896587e+00  3.44671134e-02  1.05040286e-01 -9.90649689e-02
  2.84932840e+02] 0.1484429578615913
[-2.92767220e+00  1.19802537e-01  1.31598360e-02 -3.68776847e-01
  2.86214250e+02] 0.38797189556916806
[-2.95863788e+00  2.39547062e-01  2.47453464e-01 -2.41222465e-01
  2.85522501e+02] 0.4204810213977066
[-2.95604168e+00 -1.53234289e-01 -2.76177010e-01 -4.59159627e-02
  2.85342978e+02] 0.31915946467010753
[-2.98390138e+00 -4.43208303e-02  4.68093066e-01 -1.61629909e-01
  2.85614608e+02] 0.4971917959490264
[-2.95211045e+00 -1.49345174e-01 -4.25549751e-01 -7.62679412e-02
  2.85991374e+02] 0.4573984808867583
[-2.91717852e+00  2.10553162e-01 -2.00563215e-01 -3.58789012e-01
  2.86177973e+02] 0.4618309134857198
[-3.01773072e+00  2.95398655e-02  3.41167170e-02 -6.00639687e-02
  2.85061754e+02] 0.07512811970063608
[-2.96909881e+00  8.48151469e-02 -7.99753053e-02 -2.49155132e-02
  2.84935949e+02] 0.11920755592343497
[-2.99894708e+00 -1.50907327e-02 -9.41520449e-02 -6.57241594e-02
  2.86223829e+02] 0.11581020205928168
[-2.94159972e+00  3.18373923e-01  2.10409171e-02 -4.72355086e-01
  2.85984782e+02] 0.570021054388869
[-2.96006275e+00  2.85368219e-02 -1.43714144e-02 -8.76003788e-02
  2.86335200e+02] 0.09324545095236583
[-2.99698465e+00  1.91203537e-01  7.36003503e-02 -2.21263264e-01
  2.85122500e+02] 0.30155138226495465
[-3.02337736e+00 -4.29841942e-02 -1.04551178e-01 -4.22082306e-01
  2.85178921e+02] 0.4369577354105188
[-3.06411356e+00  2.00823011e-01 -1.43222682e-02 -8.48219942e-02
  2.84669273e+02] 0.21847146179244603
[-2.95816387e+00  2.14367179e-01 -3.03602385e-02 -1.78943390e-01
  2.86014960e+02] 0.2808839051775121
[-2.94467118e+00 -1.71572386e-01 -9.01451917e-02 -9.31829087e-02
  2.85345416e+02] 0.2150495143454021
[-2.94903910e+00  1.76053190e-01 -5.46908411e-02 -2.21167364e-02
  2.85639041e+02] 0.1856743484753175
[-3.02078711e+00 -1.21870189e-02 -9.86590316e-02 -3.69717464e-01
  2.86476225e+02] 0.38284870573625207
[-2.97957130e+00 -2.17726822e-01  4.63772763e-01 -1.84019088e-01
  2.85576472e+02] 0.5443832929402074
[-3.08660006e+00  6.21502689e-02  1.03171513e-01  4.64341194e-03
  2.85424095e+02] 0.12053455240633477
[-2.94151064e+00 -5.01340055e-01 -4.25031806e-02 -2.21301701e-01
  2.86158874e+02] 0.549656997135293
[-2.98842246e+00 -1.57427948e-02  3.59114237e-01 -3.25474053e-01
  2.85669683e+02] 0.4849167248521848
[-2.96483470e+00  3.57001886e-02 -4.34113471e-03 -2.58279061e-01
  2.85520707e+02] 0.26077082311944
[-3.01378807e+00  1.19945972e-01 -5.82425451e-02 -3.88299595e-01
  2.85005810e+02] 0.41055548466003555
[-2.95397885e+00  3.08377650e-01  1.69227156e-01 -1.22124711e-01
  2.86323351e+02] 0.37235608002159426
[-3.02279287e+00 -6.70865234e-02  1.99511519e-01 -1.54235943e-01
  2.85787405e+02] 0.26094860436230055
[-2.97636751e+00  1.05401432e-02 -2.77023588e-02 -3.28676171e-01
  2.84499815e+02] 0.330009909722246
[-2.95615348e+00  2.02246423e-01 -7.10598194e-02 -2.86734031e-01
  2.84951773e+02] 0.3580077065397527
[-2.95393557e+00  3.18223086e-01 -1.02705895e-01 -1.10084401e-01
  2.85650449e+02] 0.35204120287082885
[-2.98281370e+00  5.64139167e-02 -8.04405757e-02 -1.33723927e-01
  2.86202094e+02] 0.1659376534839106
[-2.99067508e+00  1.76704232e-01 -2.90909229e-01 -3.24855683e-01
  2.85426306e+02] 0.47051437771447036
[-2.91834816e+00 -6.11080090e-02  6.75557357e-02 -2.19379991e-02
  2.85353822e+02] 0.09369760932176428
[-3.00801224e+00  1.07377790e-01  3.15439421e-01 -5.69086367e-01
  2.85644555e+02] 0.6594628961625837
[-2.90989938e+00  1.25070444e-01 -3.39066737e-02  1.31254921e-01
  2.85732773e+02] 0.18444547417868157
[-3.01643765e+00  4.63134619e-02 -1.14414997e-01 -4.59234538e-01
  2.85579270e+02] 0.47553347881592267
[-2.98492911e+00 -4.68055129e-01 -1.74489728e-01 -4.59548798e-01
  2.85955781e+02] 0.6787542755843842
[-2.96678559e+00 -4.56310378e-04  9.22647486e-03 -5.89136647e-02
  2.85785315e+02] 0.059633513637670096
[-2.92953569e+00  1.85522106e-01 -1.63578335e-01 -1.64942632e-01
  2.86456637e+02] 0.29729176771318827
[-2.96173458e+00 -1.37193354e-01  1.87536630e-01 -5.47768226e-01
  2.85823155e+02] 0.5950143133206212
[-3.02966401e+00 -4.82538316e-03 -4.78998677e-02 -7.64243304e-02
  2.85862328e+02] 0.09032363989737575
[-2.97176576e+00  1.31891219e-01  1.82969205e-01 -2.19825938e-01
  2.85567289e+02] 0.3149547060781747
[-2.97931934e+00  3.64207298e-01 -1.75571595e-01 -2.87538638e-01
  2.85274398e+02] 0.49613587802278997
[-3.00161702e+00 -8.28219082e-02 -1.58691157e-01 -2.23193412e-01
  2.84906442e+02] 0.2861077616019888
[-2.99380487e+00  1.59873852e-01 -4.97871742e-02 -6.00875427e-01
  2.86081038e+02] 0.6237705428761136
[-3.01319380e+00 -1.72067370e-01 -6.43940988e-02  1.18773169e-01
  2.85572071e+02] 0.21877121694916932
