/mnt/stage/douwei/Simulation/5kt_root/2MeV/5kt_-4.80_1.root
[-3.00265546e+00 -2.02526875e-01 -1.16932221e-01 -4.96379670e+00
  3.01715198e+02] 4.969302560448905
[-3.06398509e+00  5.08040193e-02 -2.11568379e-02 -4.60181680e+00
  2.99488060e+02] 4.602145863320065
[-3.07215404e+00  3.37081226e-01  2.36328270e-01 -5.05799296e+00
  3.03565119e+02] 5.074718470990334
[-3.00980210e+00  6.51192978e-02  2.39281564e-02 -4.73852241e+00
  3.00853941e+02] 4.739030251347019
[-3.10300644e+00  9.43770850e-02  9.93229173e-02 -4.84183466e+00
  3.00355972e+02] 4.8437727976312726
[-3.09138589e+00  4.22604011e-02 -3.21351439e-01 -5.00626341e+00
  3.04471907e+02] 5.016744563743774
[-2.97440382e+00  1.43934344e-01  1.79692498e-01 -5.04598647e+00
  3.02356644e+02] 5.0512360799617095
[-3.05839857e+00  3.13855334e-02 -2.83145236e-01 -4.56969326e+00
  3.00382498e+02] 4.578564490326264
[ -3.11795768  -0.31733995  -0.40636332  -4.44475625 297.02094954] 4.474560750474258
[-3.03896533e+00 -2.11814209e-02  1.94033583e-01 -4.93484534e+00
  3.02281192e+02] 4.938703898270867
[-3.08307493e+00 -1.87822572e-01 -2.71560557e-01 -4.93208728e+00
  3.01842049e+02] 4.943127291670819
[-3.02849840e+00 -1.09175471e-01  2.47794304e-01 -5.21382820e+00
  3.00460611e+02] 5.220854888311119
[-3.11664072e+00  1.88380816e-04 -2.86083546e-01 -4.83034064e+00
  3.01435311e+02] 4.8388050718628435
[-3.04762891e+00 -1.66907719e-02  4.04774619e-02 -5.18371497e+00
  3.03482303e+02] 5.183899876449397
[-3.00439920e+00  3.48321845e-02  9.02854117e-02 -4.71285960e+00
  3.01796109e+02] 4.713853025774294
[-3.08237472e+00  2.64203168e-01  1.48090881e-02 -5.00902277e+00
  3.00884060e+02] 5.016007545613838
[-3.14945622e+00 -1.72918006e-01 -2.07946864e-01 -5.10222484e+00
  3.03510681e+02] 5.109387524323541
[-3.03411137e+00  1.79380682e-01 -2.30372184e-02 -4.70848010e+00
  3.00412462e+02] 4.711952147607992
[-3.10253137e+00  8.92147479e-02  1.43034566e-01 -4.64312868e+00
  2.97894743e+02] 4.646187912682704
[-2.96000506e+00  2.54430672e-01 -8.65037035e-02 -4.92011649e+00
  3.03168136e+02] 4.927450063428827
[-2.98243715e+00 -6.07527528e-02 -8.48693991e-02 -4.51376644e+00
  2.99847394e+02] 4.514972998707127
[-3.06432380e+00  9.08416734e-02  1.54299627e-02 -4.74683061e+00
  3.02440971e+02] 4.747724837240606
[-2.97053881e+00 -2.23213202e-01  3.46555902e-01 -4.84159268e+00
  3.02398168e+02] 4.859109469018574
[-3.02710475e+00 -2.84958396e-01  2.09018892e-02 -4.86502085e+00
  3.00721369e+02] 4.873403951534068
[-3.03724713e+00  2.16833501e-01  3.47971907e-01 -4.80235396e+00
  2.99400395e+02] 4.819824143022144
[-3.06389940e+00 -1.33531684e-01  2.32856084e-01 -5.19908574e+00
  3.04258537e+02] 5.206010488653378
[-2.99831589e+00  2.30209619e-01 -2.44104759e-01 -4.99319387e+00
  3.03684455e+02] 5.004454874693971
[-3.02325908e+00 -4.44258643e-01  1.13500522e-02 -4.86093230e+00
  3.02645507e+02] 4.881204499375393
[-2.98629449e+00 -1.24530858e-01 -5.83974902e-02 -4.46163417e+00
  2.99231801e+02] 4.463753761307323
[-3.07193716e+00 -8.93434413e-02  8.47965508e-02 -4.89803742e+00
  3.02069507e+02] 4.899586028351966
[-3.14804297e+00  1.07321527e-01 -2.28423235e-01 -4.84472761e+00
  3.00239799e+02] 4.851296804413538
[-3.03153639e+00 -4.17320571e-03  2.15651278e-01 -4.99657415e+00
  3.03159599e+02] 5.001227464791508
[-3.10335471e+00  2.27165366e-01  6.01436852e-02 -4.35516403e+00
  2.96801106e+02] 4.361499179619149
[-3.05516806e+00  1.43000727e-01  2.97604856e-01 -4.98996419e+00
  3.01766808e+02] 5.0008759755402465
[-3.02547015e+00  1.98876044e-01 -4.89375426e-02 -5.00250443e+00
  3.03108149e+02] 5.006695233484879
[-3.00529811e+00 -1.73886206e-01  2.33465236e-02 -4.93716794e+00
  3.00936308e+02] 4.940284278016116
[-3.05936344e+00 -1.59892788e-01 -1.04398218e-02 -4.91081938e+00
  2.99604584e+02] 4.913432780934535
[-3.10953854e+00 -2.93644201e-01 -1.29882741e-01 -4.77885795e+00
  3.01543400e+02] 4.789632528725688
[-3.05105541e+00 -8.35715770e-02  5.69660230e-02 -5.08674863e+00
  3.02299285e+02] 5.087754018145393
[-2.95091246e+00 -2.53831458e-01 -2.10196484e-01 -4.96973008e+00
  3.04934802e+02] 4.980645545999645
[-3.08024100e+00  1.29848071e-01  8.77217034e-02 -5.26295258e+00
  3.02159620e+02] 5.265284938310217
[-2.98058355e+00  5.32332098e-02 -2.66053145e-01 -4.76875116e+00
  3.03278069e+02] 4.77646371704015
[-3.04444335e+00 -8.14168370e-02  9.74495147e-02 -4.87504404e+00
  3.02256870e+02] 4.876697599883532
[-3.04636066e+00 -7.14385074e-02  2.95422567e-01 -4.98967780e+00
  3.02179248e+02] 4.998926137025058
[-3.05494790e+00  4.00659531e-02 -3.85086269e-01 -4.93963352e+00
  3.00839956e+02] 4.954783150556117
[-3.01676434e+00 -1.49271285e-01  5.12069840e-03 -4.61697427e+00
  3.00216373e+02] 4.619389520572197
[-3.03225270e+00 -3.17409596e-01  1.59661241e-01 -4.61534125e+00
  3.01184176e+02] 4.6289972366873835
[-3.12264171e+00 -2.44112294e-01 -9.48908312e-02 -5.03940882e+00
  3.02491141e+02] 5.046210100500436
[-3.06535196e+00 -7.86497718e-02 -3.40506093e-01 -4.88864461e+00
  2.99389261e+02] 4.901119904113358
[-2.98495325e+00  2.01100547e-01 -9.30031958e-02 -4.69313039e+00
  3.00461206e+02] 4.69835757554343
[-3.04407567e+00 -1.88685560e-01  1.67727953e-01 -4.94778136e+00
  3.02367840e+02] 4.954217931120181
[-3.09086656e+00 -2.60793938e-01 -3.62401034e-01 -4.66923159e+00
  3.01576127e+02] 4.690529998299426
[-3.15299603e+00  3.17230821e-01  1.85551321e-01 -4.88745928e+00
  3.03072061e+02] 4.901257278956168
[-2.98701063e+00 -2.89906592e-01 -5.77493431e-02 -4.51446339e+00
  2.98434701e+02] 4.524130911672416
[-3.05913835e+00  3.10041835e-02  1.06393911e-01 -4.59288648e+00
  3.00805999e+02] 4.594223237269203
[-3.12261977e+00 -1.36732375e-01  1.33877580e-01 -4.99775335e+00
  3.01546925e+02] 5.001415544277504
[-3.11153933e+00 -5.17270486e-01  2.63070451e-01 -4.50278564e+00
  3.00312501e+02] 4.540027899158956
[-3.05155691e+00 -3.04250998e-01 -1.05568072e-01 -4.65610788e+00
  2.99868958e+02] 4.667231925960333
[-3.06136616e+00 -1.67431315e-01  8.64060993e-02 -4.90575752e+00
  3.02923113e+02] 4.909374305774501
[-3.05663532e+00 -1.69592450e-01  1.08794224e-01 -4.89855602e+00
  2.97591132e+02] 4.902698117971963
[-3.01761604e+00 -3.84587896e-02  1.95960744e-01 -4.80703698e+00
  3.00544495e+02] 4.811183248248327
[-3.07674990e+00 -3.19094551e-02 -1.83200877e-01 -4.90354997e+00
  2.99416164e+02] 4.907074803218557
[-3.05047082e+00  6.03538863e-02  2.32649117e-01 -4.72919141e+00
  3.01199755e+02] 4.73529508913682
[-2.99175508e+00  2.14262764e-01  1.44603662e-01 -4.70395673e+00
  3.02756448e+02] 4.711053776164106
[-3.07492384e+00 -9.54074625e-02  2.44877353e-01 -4.99430188e+00
  3.00555296e+02] 5.001211732774618
[-3.04641809e+00  2.45264923e-01 -7.43715098e-02 -4.77931835e+00
  3.02051764e+02] 4.786185322586211
[-3.02958452e+00  2.22803120e-01 -7.46184252e-02 -4.65743441e+00
  2.99305049e+02] 4.663357633095475
[-3.04764219e+00  1.68610871e-01 -8.64900712e-02 -4.85076212e+00
  3.02804867e+02] 4.854462208707437
[-3.02274075e+00  4.54449263e-03  1.88311950e-01 -5.03156842e+00
  3.01434083e+02] 5.035093127074053
[-2.97872052e+00  2.10608185e-01  7.90178790e-02 -4.69142717e+00
  3.00110651e+02] 4.696816847137815
[-3.08123000e+00  5.88131840e-02 -3.04617416e-01 -4.98431426e+00
  3.01167436e+02] 4.993960293920689
[-3.04397848e+00  1.77943895e-01 -1.41313707e-01 -4.94714286e+00
  3.01549643e+02] 4.95235864193518
[-2.99330395e+00  1.52517991e-01  4.16316971e-02 -5.02402850e+00
  3.01206204e+02] 5.0265154205692815
[-3.10831395e+00  6.03863286e-02 -2.73230734e-02 -4.94797880e+00
  3.01835978e+02] 4.948422706725407
[-3.06282248e+00  1.01616965e-01  3.59896638e-03 -5.22479337e+00
  3.04096864e+02] 5.2257826929274
[-2.98331206e+00 -1.89083712e-01  6.20041979e-02 -4.57365768e+00
  2.99739588e+02] 4.577984467870773
[-3.02770580e+00 -3.20675057e-01  1.27004665e-01 -4.74459995e+00
  3.00161486e+02] 4.757120067833835
[-3.07423043e+00  3.27341219e-01  5.32752804e-02 -5.01932870e+00
  3.00889736e+02] 5.030273467239438
[-3.08183252e+00 -1.39663823e-01 -6.84099690e-02 -4.69037298e+00
  3.02019041e+02] 4.69295052396805
[-3.06871001e+00 -4.42392938e-01  1.53271115e-01 -4.76859473e+00
  3.03432651e+02] 4.791523687525929
[-3.04199239e+00 -2.63118252e-01  2.03467448e-01 -5.18720077e+00
  3.07087435e+02] 5.197853598051993
[-3.12925716e+00 -9.34107423e-02 -2.67730218e-01 -5.11931394e+00
  3.01669880e+02] 5.12716102965218
[-3.11235557e+00  3.30540580e-02  2.78442167e-01 -5.01811759e+00
  3.02086810e+02] 5.02594536095646
[-3.04541262e+00  1.15125641e-01 -5.50836185e-03 -4.85175590e+00
  3.00546053e+02] 4.853124718794006
[-3.03455705e+00  1.49886256e-01  1.02887568e-01 -4.76235809e+00
  3.00236661e+02] 4.765826928474425
[-2.98505737e+00  2.04485182e-01 -7.29704447e-02 -4.47769665e+00
  2.99537183e+02] 4.482957300993268
[-3.03232855e+00 -1.56382048e-01 -1.69671918e-01 -4.71439187e+00
  3.02308998e+02] 4.720035443591432
[-3.14694717e+00 -2.28241249e-01  4.66722626e-02 -5.44185951e+00
  3.02061411e+02] 5.44684379152042
[-3.09523774e+00  1.71814288e-01 -2.23515932e-01 -5.16596474e+00
  3.04104505e+02] 5.173651630576936
[-3.05667892e+00 -7.51049068e-02 -1.38573324e-01 -5.22955869e+00
  3.01473410e+02] 5.231933427656472
[-3.02404983e+00  7.66199968e-02  3.58634761e-02 -4.89624953e+00
  2.99750949e+02] 4.896980323440801
[-3.04206745e+00  3.76849630e-02  5.14426988e-02 -4.65187822e+00
  3.00433425e+02] 4.652315281341413
[-3.05591865e+00 -4.82655731e-01  7.94779668e-03 -4.68738917e+00
  3.01969851e+02] 4.712179639693412
[-3.04980843e+00  2.23436870e-02 -3.53795765e-03 -4.58449919e+00
  2.99388958e+02] 4.584555000459599
[-3.04565653e+00 -2.57932144e-01 -1.13878788e-01 -5.01817021e+00
  3.02735102e+02] 5.026084922272072
[-3.09404656e+00  3.16621355e-02 -1.26637114e-01 -4.75423058e+00
  2.99578186e+02] 4.756022270414735
[-3.08309800e+00 -5.43610876e-03  2.22449291e-01 -4.57090164e+00
  2.99067108e+02] 4.576314566293291
[-3.08339404e+00 -1.89224013e-01 -1.65753179e-01 -4.89896903e+00
  3.03080521e+02] 4.905423267897392
[-3.02744078e+00  5.33234851e-02  3.32139188e-01 -4.65109414e+00
  2.99953356e+02] 4.663243134803075
[-3.01441410e+00 -1.04277888e-01 -3.45481430e-01 -4.73238382e+00
  3.02124242e+02] 4.746123459952045
[-3.12236467e+00 -3.68507813e-03 -2.22436662e-01 -5.12341810e+00
  3.01470609e+02] 5.128245770997678
[-3.02768805e+00 -4.17613414e-02  1.61260557e-01 -4.88171493e+00
  3.00991655e+02] 4.884556234821881
[-3.02419402e+00 -3.34049307e-01 -6.34614121e-02 -5.24545400e+00
  3.04830372e+02] 5.256463066843262
[-3.09034106e+00 -6.08855543e-03  8.56246211e-02 -4.67941468e+00
  3.00344706e+02] 4.680201961773744
[-3.02364523e+00  3.48784652e-01 -8.04540365e-02 -4.70433278e+00
  3.01464994e+02] 4.717930742106069
[-2.95795854e+00  5.15065462e-02  1.20608933e-01 -5.14946325e+00
  3.04540783e+02] 5.151133004287064
[-3.07154472e+00  7.24869208e-03  1.41827843e-01 -4.80165856e+00
  3.00225566e+02] 4.803758172132508
[-2.95016674e+00  4.97555872e-02 -4.00350963e-02 -4.68940513e+00
  3.00044709e+02] 4.689839961477911
[-3.04283077e+00 -5.33595561e-02  7.97576886e-02 -4.84369005e+00
  3.01757990e+02] 4.844640530344616
[-2.97848402e+00 -2.58176375e-01 -1.46772477e-01 -4.96652471e+00
  3.02263789e+02] 4.975395956320883
[-3.09995151e+00  2.80261253e-01  5.66651978e-02 -4.58325906e+00
  2.98142452e+02] 4.59216952218119
[-2.95831079e+00  3.28816834e-01 -1.18173735e-01 -4.72114105e+00
  3.01985212e+02] 4.734053059740152
[-3.17705059e+00  5.66851909e-02 -2.51646867e-02 -4.89469626e+00
  3.01150324e+02] 4.895089168609568
[-3.08477159e+00  5.80487537e-02  1.55656485e-01 -4.92981532e+00
  3.02564260e+02] 4.93261367889066
[-3.11495282e+00  6.67743310e-02 -1.39380115e-01 -4.84926998e+00
  3.02527663e+02] 4.851732163229467
[-3.00116051e+00  1.78998943e-01 -1.04394187e-01 -4.93597728e+00
  3.03409710e+02] 4.940324937283551
[-3.02519636e+00  1.42979286e-01 -7.26833995e-02 -4.83259781e+00
  3.01088754e+02] 4.835258783449316
[-3.08906068e+00 -1.13350082e-01 -1.67263081e-01 -4.69605007e+00
  3.00493545e+02] 4.700394819605899
[-3.05618511e+00 -1.70533924e-01  9.75058926e-02 -4.75813646e+00
  3.01302917e+02] 4.762189808917635
[-3.11271631e+00 -3.44541818e-02  7.43533369e-02 -4.75944827e+00
  3.02138837e+02] 4.760153706209674
[-3.12479345e+00 -2.51289690e-01 -7.47105556e-02 -4.75961986e+00
  3.00007630e+02] 4.766834311551246
[-3.01765679e+00 -1.49384594e-01 -4.65446079e-02 -4.63558094e+00
  3.00295549e+02] 4.6382208705036465
[-3.02832042e+00  1.75941078e-01 -2.94718305e-01 -5.00883689e+00
  3.02268403e+02] 5.020583741054671
[-3.02536957e+00 -2.44679266e-01  1.95546362e-01 -4.78606291e+00
  3.00291109e+02] 4.796301126824827
[-3.04113253e+00 -1.69471299e-01  2.87952257e-01 -4.79896199e+00
  3.01384495e+02] 4.8105793005779125
[-3.04290324e+00 -8.56829216e-02 -2.27858131e-01 -4.96733319e+00
  3.03074466e+02] 4.973294674954822
[-3.02575356e+00 -1.22899367e-01 -2.07005840e-02 -4.44150266e+00
  2.97978886e+02] 4.443250907117509
[-3.02986729e+00  2.72637640e-03  9.28690994e-02 -4.66885140e+00
  2.99827631e+02] 4.669775739201174
[-3.09101150e+00  1.76752633e-01  4.72257523e-02 -4.54643335e+00
  2.99562316e+02] 4.55011296680213
[-3.00793716e+00  1.45867004e-01 -3.01832508e-02 -5.02889145e+00
  3.03975398e+02] 5.031097038477435
[-3.14462137e+00  1.85764644e-02 -1.27450253e-01 -4.82942189e+00
  2.99580375e+02] 4.8311390383305
[-2.99195687e+00  2.36660537e-01 -5.84396654e-02 -4.99472230e+00
  3.04031321e+02] 5.000667378155964
[-3.14220035e+00 -7.29051291e-02 -3.70232472e-02 -5.10598910e+00
  3.00477640e+02] 5.106643768972633
[-3.05124617e+00  1.44464953e-01  9.40892792e-02 -4.70315750e+00
  3.01724768e+02] 4.706316330978122
[-3.14333607e+00 -4.35070691e-02  1.75231457e-01 -4.94374135e+00
  3.00592155e+02] 4.947037240819089
[-3.06220533e+00 -6.85662124e-02  2.92859798e-01 -5.00167150e+00
  3.02343167e+02] 5.010707135951116
[-3.01679480e+00 -1.38524937e-01  1.00078223e-01 -4.87571656e+00
  3.01665310e+02] 4.878710564494896
[-3.12073857e+00 -1.82344846e-01  1.31377288e-01 -5.09272040e+00
  3.03622609e+02] 5.097676990167254
[-2.94211417e+00  4.30190315e-03  1.80066132e-02 -4.64652863e+00
  3.00056493e+02] 4.646565507051086
[-2.98670903e+00  2.60846599e-01  4.11980923e-02 -4.68464183e+00
  3.02569335e+02] 4.692079213909801
[-3.04597158e+00 -2.14011917e-01  5.75628196e-02 -5.10828189e+00
  3.02802799e+02] 5.113086975202223
[-2.97890939e+00  1.19194721e-01  1.31383347e-01 -4.65489331e+00
  3.00599911e+02] 4.658272282055304
[-3.15500876e+00 -1.19398623e-01 -4.65749089e-02 -5.07767776e+00
  3.01822056e+02] 5.079294896315171
[-3.01353528e+00 -1.05611607e-01  2.75591802e-01 -4.97015390e+00
  3.02605457e+02] 4.978908957764678
[-3.02434096e+00 -1.50324628e-01 -1.95030806e-01 -4.40573601e+00
  2.99846459e+02] 4.4126119559784724
[-2.98946620e+00  1.21535000e-01  1.30132915e-01 -5.02772604e+00
  3.02324092e+02] 5.030878102562868
[-3.03530483e+00  6.84881446e-02  1.73299746e-01 -4.90517728e+00
  3.00206247e+02] 4.908715467925431
[-3.03718010e+00  1.13185820e-02 -7.56362342e-02 -4.59474824e+00
  3.00282756e+02] 4.595384681697328
[-3.01606617e+00 -4.02917059e-02  1.45750540e-01 -4.94451950e+00
  3.02167310e+02] 4.946831281170938
[-3.00615055e+00 -1.43448280e-01  1.23941116e-01 -4.99318588e+00
  3.03944170e+02] 4.996783373129743
[-3.04499612e+00  2.94326099e-01 -3.85174797e-02 -4.87856799e+00
  3.01824397e+02] 4.887590111363688
[-3.04165656e+00  6.03054158e-02 -1.42407212e-02 -4.90649149e+00
  3.02126835e+02] 4.906882747956667
[-3.08560826e+00 -2.73720681e-01 -6.84929192e-02 -4.94084046e+00
  3.03650575e+02] 4.948890659864737
[-2.97656188e+00 -1.40078350e-01 -1.09867405e-01 -4.85585692e+00
  3.02993981e+02] 4.859119186286865
[-2.93017889e+00  1.49171598e-01  1.17473914e-01 -4.51480810e+00
  3.00244239e+02] 4.518799011065291
[-3.01287919e+00 -9.04078111e-02 -3.10069179e-01 -4.91494953e+00
  3.02776714e+02] 4.925550254279848
[-3.03987405e+00  2.73397140e-01 -3.04918453e-01 -4.81151911e+00
  3.00311830e+02] 4.828916790485749
[-3.09557862e+00 -9.15571935e-02  2.79944982e-01 -4.95824956e+00
  3.04002187e+02] 4.966990093737162
[-3.07377233e+00  1.31181293e-02 -6.01634252e-02 -4.61866296e+00
  3.01696661e+02] 4.619073425191497
[-3.04863852e+00 -3.11252592e-01 -1.31685218e-01 -4.81903024e+00
  3.02424619e+02] 4.830866551385836
[-3.18706094e+00 -3.27173714e-01  6.80899373e-02 -4.73502656e+00
  3.00574962e+02] 4.746804758010253
[-3.01842197e+00 -1.28170813e-01  1.37504095e-01 -4.60564541e+00
  3.00432210e+02] 4.609479877259875
[-2.90826330e+00  8.10796426e-02 -2.72097072e-01 -4.81580984e+00
  3.04801575e+02] 4.824171959271553
[-3.06984476e+00  2.12105786e-01 -2.90960318e-02 -4.80924274e+00
  3.00347104e+02] 4.814005732141557
[-3.04598079e+00  1.88827738e-01 -1.59318166e-01 -5.02648367e+00
  3.03895525e+02] 5.032551664779974
[-3.10274216e+00 -1.64522932e-01  8.20729445e-02 -4.88093964e+00
  2.99358024e+02] 4.884401248350976
[-3.06184299e+00 -2.20930502e-03 -3.12464712e-01 -4.73203067e+00
  3.02041970e+02] 4.742336269841515
[-3.04144608e+00  7.26408332e-02 -7.58240628e-02 -4.68353376e+00
  2.98763460e+02] 4.684710713760564
[-3.08298682e+00 -1.38422650e-01  3.29019693e-01 -4.60830314e+00
  2.99550088e+02] 4.622106941198407
[-3.07485999e+00 -1.01898718e-01 -3.05983929e-02 -5.08316717e+00
  3.02167097e+02] 5.084280493345635
[-3.02056988e+00  2.83941706e-01 -9.26727030e-02 -4.73278724e+00
  2.99266259e+02] 4.742202670055952
[-2.96794917e+00 -2.33855188e-01  1.03184405e-01 -5.07342033e+00
  3.04293469e+02] 5.079855224292586
[-3.14094830e+00 -1.30572617e-01 -2.32546303e-03 -4.89856189e+00
  2.99491079e+02] 4.900302357618197
[-3.12045334e+00  7.35567899e-02 -1.28094831e-01 -4.81985871e+00
  2.99007509e+02] 4.8221216172843615
[-3.07187493e+00  3.43718013e-02 -1.79748647e-01 -4.85099452e+00
  3.00761890e+02] 4.8544452652772
[-3.07188724e+00 -1.64389921e-01 -4.70233684e-01 -5.08681321e+00
  3.04317915e+02] 5.111145902128095
[-3.02770734e+00 -2.68474476e-02  6.10328569e-02 -5.04919444e+00
  3.02833695e+02] 5.049634666187775
[-3.03946779e+00 -4.56750471e-02  1.99002494e-01 -4.90204972e+00
  3.00962095e+02] 4.906299995333084
[-3.09415465e+00  1.87870453e-01  9.74004970e-03 -4.97982577e+00
  2.99599320e+02] 4.983377858320064
[-3.08086636e+00  2.51550041e-01 -9.16107521e-02 -4.84827467e+00
  3.01115290e+02] 4.855660333391058
[-3.08049425e+00 -1.24524746e-01 -2.65558092e-01 -4.79432063e+00
  3.01524620e+02] 4.8032840647278165
[-2.97896240e+00  1.24081194e-01 -1.99443000e-01 -5.16882774e+00
  3.02948750e+02] 5.17416213634838
[-3.13389324e+00 -1.09460550e-01 -5.53932520e-02 -5.08133982e+00
  3.00936856e+02] 5.082820514986713
[-3.06289472e+00 -7.05594379e-02  1.44556336e-01 -4.97931039e+00
  3.00952801e+02] 4.981907979029042
[-3.00822642e+00  3.41148022e-01 -2.42752615e-01 -4.77303204e+00
  3.02234600e+02] 4.791361562828861
[-3.07492425e+00  2.13039383e-01  3.03185445e-01 -5.27437910e+00
  3.04601772e+02] 5.287379506449701
[-2.96436856e+00  5.54483579e-02  8.37886400e-02 -4.69287067e+00
  3.02331848e+02] 4.693946119147735
[-3.08156284e+00  1.86355402e-01  5.66558489e-02 -5.12333359e+00
  3.02469672e+02] 5.127034744331289
[-2.99993671e+00  2.01710538e-01 -2.67730944e-01 -4.73867926e+00
  2.99863940e+02] 4.7505208270267945
[-3.07100120e+00  2.97652614e-01 -6.29832405e-02 -5.16743800e+00
  3.01939852e+02] 5.1763867181759435
[-3.02287386e+00 -8.50435172e-02  3.71893510e-01 -4.85881889e+00
  3.03285099e+02] 4.873772475711825
[-2.98544782e+00 -1.45167627e-01  8.11306224e-02 -4.66298414e+00
  3.01400508e+02] 4.665948659995968
[-3.07449750e+00 -1.99731687e-02 -2.17244617e-01 -4.72223066e+00
  2.99676913e+02] 4.727267346955701
[-2.98388394e+00  1.46864606e-01 -2.53500771e-01 -4.62421566e+00
  2.98938737e+02] 4.6334870537841715
[-2.99953688e+00  2.17386986e-01  2.94414835e-02 -5.02354783e+00
  3.02865237e+02] 5.028335381202968
[-3.06481090e+00  3.01967894e-01  1.24522643e-01 -4.79135965e+00
  3.03347332e+02] 4.802480384276739
[-3.02354106e+00  2.36121641e-01  2.35523369e-01 -4.83315265e+00
  3.00911923e+02] 4.84464542055056
[-3.08395713e+00  2.10897710e-01  2.41760289e-01 -4.90613586e+00
  3.00690191e+02] 4.9166141768974105
[-3.05040614e+00  9.04934924e-02  2.71822720e-01 -4.85743376e+00
  3.01948103e+02] 4.865874983354193
[-3.08089788e+00  3.41506974e-01  6.04388598e-02 -5.14402387e+00
  3.00992978e+02] 5.155701835203236
[-3.11927911e+00 -2.17409954e-01 -1.02092466e-01 -5.15097748e+00
  3.03355306e+02] 5.156574338509426
[-3.12001383e+00 -2.81987464e-01 -1.92716905e-01 -4.98428850e+00
  3.01254248e+02] 4.9959772403424685
[-3.09502759e+00 -4.69922638e-02 -1.27774529e-01 -4.63229002e+00
  2.99486289e+02] 4.634290177802788
[-2.95960603e+00 -3.16138599e-02 -1.07959859e-01 -4.71869127e+00
  3.01267115e+02] 4.720031996661866
[-3.00442392e+00 -1.49031932e-02  4.86299681e-03 -4.67093168e+00
  3.00451315e+02] 4.670957990499483
[-2.95809371e+00 -1.08478093e-01  1.07488716e-01 -4.64492739e+00
  3.01958329e+02] 4.647437121828912
[-3.10626877e+00 -1.53040087e-02  2.17385505e-01 -4.62219417e+00
  2.98975312e+02] 4.6273285658329755
[-3.04839712e+00 -1.10119598e-01 -1.25595871e-01 -4.82303466e+00
  2.99988073e+02] 4.825926228179105
[-3.13748295e+00  5.96173073e-02  4.84479891e-02 -4.68601025e+00
  2.98018979e+02] 4.686639894046395
[-3.06099703e+00 -4.92936297e-03  3.81167649e-02 -4.94516313e+00
  3.01990113e+02] 4.945312484141475
[-3.05677001e+00 -9.68690867e-02 -7.33121575e-02 -5.03013626e+00
  3.02523209e+02] 5.031603029123624
[-3.02654449e+00 -2.23091358e-02  3.70184684e-02 -5.02733950e+00
  3.04136963e+02] 5.027525284525952
[-3.07178426e+00 -2.87145429e-01 -2.12227820e-01 -5.09660900e+00
  3.02410222e+02] 5.1091013360419835
[-2.99723570e+00  1.97506281e-02 -5.57578485e-02 -4.73787700e+00
  3.02393783e+02] 4.7382462444391225
[-3.12597827e+00 -5.25935206e-01  1.40123732e-01 -4.90082852e+00
  2.99496069e+02] 4.9309596065450085
[-2.99523046e+00  5.16229047e-02 -5.67949853e-02 -4.42924821e+00
  2.97456527e+02] 4.429913126056231
[-2.96952642e+00  3.83822400e-02 -2.19792933e-03 -4.75858712e+00
  3.02964469e+02] 4.758742415214605
[-3.10713647e+00  1.89363071e-01 -7.08601424e-02 -4.96591487e+00
  3.02033310e+02] 4.970029173427569
[-3.02177158e+00 -1.38877694e-01  5.71677927e-01 -5.02183505e+00
  3.04149235e+02] 5.056177401357124
[-2.98147770e+00 -2.02038512e-01  1.02978495e-01 -4.57661546e+00
  3.01334210e+02] 4.582230153926267
[-3.06075479e+00 -2.45846043e-01 -5.06482489e-02 -4.93393785e+00
  3.00658593e+02] 4.940318640384926
[-3.16960477e+00 -5.16515562e-03 -1.59450751e-01 -4.89128263e+00
  2.99870742e+02] 4.893883628368931
[-2.97388213e+00 -2.11657100e-01  2.80257576e-02 -4.80129283e+00
  3.00258066e+02] 4.806037556751806
[-3.01732495e+00  1.01966277e-01  1.19003083e-01 -5.00897240e+00
  3.02840868e+02] 5.01142328395574
[-3.05180363e+00  2.19440917e-01  2.72173993e-01 -4.65920830e+00
  2.99200671e+02] 4.672307241561422
[-3.14368681e+00  1.69539962e-01 -1.54641372e-01 -4.70933420e+00
  3.01282027e+02] 4.714921674823676
[-2.99331922e+00 -2.29210479e-01 -2.44547725e-01 -4.93654483e+00
  3.01964822e+02] 4.947910256773135
[-3.04730187e+00 -2.04124223e-01 -1.36601200e-02 -4.79956980e+00
  3.00410246e+02] 4.803927926463391
[-3.12451004e+00  1.46564378e-01  1.46225082e-01 -4.94355907e+00
  3.01060822e+02] 4.947892401619656
[-3.03673668e+00 -4.70697180e-02 -2.94112959e-02 -4.63174084e+00
  3.00903278e+02] 4.632073377707882
[-3.07408419e+00  4.81840673e-02  4.58510604e-02 -4.80910479e+00
  3.00721372e+02] 4.809564735098389
[-3.08649493e+00 -6.32975974e-02 -1.68165165e-01 -5.17428630e+00
  3.02181484e+02] 5.177405217890269
[-3.07797845e+00 -1.75026689e-01 -6.47313354e-02 -4.56072839e+00
  2.99445307e+02] 4.564544655623384
[-3.11371274e+00  5.79705670e-03  8.08215029e-02 -5.05150600e+00
  3.01919167e+02] 5.052155830812833
[-3.07453798e+00  3.25704658e-02 -1.05153147e-01 -4.90618713e+00
  3.00530248e+02] 4.907421950577482
[-3.04334588e+00 -2.41576318e-01  2.16861776e-01 -4.57576625e+00
  2.99741257e+02] 4.587267692069497
[-3.04331491e+00  1.40425327e-01 -9.89624300e-02 -5.01951566e+00
  3.01664187e+02] 5.022454607392671
[-3.04848291e+00  1.44563824e-02 -2.01173672e-01 -4.90971005e+00
  2.99472639e+02] 4.913851098126181
[-3.01118204e+00 -1.30789376e-01  2.63557664e-01 -4.92437396e+00
  3.02178951e+02] 4.933155924329929
[-3.18056009e+00  1.27543042e-01  4.43966283e-02 -5.05622450e+00
  3.03521697e+02] 5.058027725062678
[-3.02793289e+00 -2.47972679e-01 -9.69398862e-02 -4.66608784e+00
  3.00170338e+02] 4.673677732191332
[-3.03318266e+00 -2.16930351e-01  6.44491022e-02 -4.94545291e+00
  3.01475125e+02] 4.950627933516879
[-3.10258038e+00  8.66907075e-02 -1.03910869e-01 -4.96851962e+00
  2.97402037e+02] 4.970362158284602
[-3.09329918e+00 -4.83612394e-02  1.62190175e-01 -4.96406388e+00
  3.01221781e+02] 4.966948229549452
[-3.11744812e+00 -1.21988050e-01  9.54160217e-02 -5.03317368e+00
  3.01722953e+02] 5.035555838952021
[-3.15074883e+00 -2.39895922e-01  1.46280383e-01 -4.89672010e+00
  3.00153617e+02] 4.904774791854105
[-3.01760020e+00  2.32570027e-01  3.33246922e-03 -4.84749195e+00
  3.02750536e+02] 4.853068943225775
[-3.02791934e+00  2.50469031e-01 -3.49288602e-01 -4.46982850e+00
  2.99502081e+02] 4.490445869119356
[-3.09339238e+00  1.76702871e-01 -1.96550549e-01 -4.91731227e+00
  3.02791737e+02] 4.924410215904468
[-3.11143971e+00  2.14078372e-01 -1.27484701e-01 -4.67920473e+00
  2.97776433e+02] 4.685833847266361
[-3.06129382e+00  2.76259163e-01  6.71273246e-02 -4.72235500e+00
  3.00703363e+02] 4.730904979303122
[-2.98907133e+00  1.34647903e-01 -7.30579274e-02 -4.94250843e+00
  3.02534384e+02] 4.944881913437086
[-3.08756056e+00  2.78307293e-01  4.61622970e-02 -5.18895337e+00
  3.03024600e+02] 5.196616497641571
[-3.07966454e+00 -1.62043553e-01 -4.27068286e-01 -5.15333909e+00
  3.03635231e+02] 5.173543199387689
[-2.98114573e+00 -7.44460578e-02  1.81846493e-01 -4.70051597e+00
  2.98461613e+02] 4.704621211967461
[-3.09230309e+00  2.10965711e-01  5.01601870e-01 -4.68896710e+00
  2.99769919e+02] 4.720436783507502
[-3.04191069e+00  1.38701466e-01 -1.88914519e-01 -4.73316819e+00
  3.01345338e+02] 4.738966963219949
[ -2.98404101   0.35860218  -0.4303523   -4.68826443 300.945973  ] 4.7216122194073
[-3.05792232e+00  4.45564756e-01  1.53045092e-01 -4.94786255e+00
  3.01748248e+02] 4.970240895487557
[-3.01555027e+00  1.12492984e-01  2.41087552e-01 -4.67529869e+00
  3.00459449e+02] 4.682861915371817
[-3.10959866e+00  2.79951461e-03 -1.91294824e-01 -5.05748112e+00
  3.01915824e+02] 5.061098385763735
[-3.04993774e+00  5.03988130e-02 -2.86381361e-01 -4.97583618e+00
  3.02970131e+02] 4.984325428256817
[-3.10277841e+00  3.39793816e-01  1.59153522e-01 -4.58746890e+00
  2.99515438e+02] 4.6027883461301915
[-3.07442583e+00 -4.71439640e-02 -1.02405659e-01 -4.94728619e+00
  3.01871038e+02] 4.948570512106154
[-2.97311283e+00  1.05426504e-01  3.72433198e-02 -4.86932213e+00
  3.00576735e+02] 4.870605688370964
[-2.95687249e+00  1.79521850e-01 -2.25743834e-01 -4.77754302e+00
  3.02302181e+02] 4.786241285002367
[-3.05954988e+00  2.56000950e-02  1.24289789e-01 -4.50578651e+00
  2.99571062e+02] 4.507573110616224
[-2.98874949e+00  5.18856095e-03  8.51976849e-02 -4.60470642e+00
  3.00772816e+02] 4.605497450141513
[-3.05593559e+00  6.98711490e-02 -9.50491750e-02 -5.25629689e+00
  3.04506651e+02] 5.257620499610524
[-3.03981127e+00 -1.22052826e-02  9.70423025e-02 -4.78329526e+00
  2.99329850e+02] 4.784295110132593
[-3.08883313e+00 -2.29482759e-01  5.79082677e-02 -4.87393464e+00
  2.98861368e+02] 4.879677714385972
[-2.96241615e+00 -7.30535597e-02  3.93934096e-02 -5.04923455e+00
  3.04296130e+02] 5.049916654576572
[-3.04957173e+00  3.08875785e-03 -7.85873782e-02 -4.57874619e+00
  2.99412745e+02] 4.579421601970952
[-3.10199917e+00 -5.66426038e-02 -9.91394189e-02 -4.95798605e+00
  3.01194909e+02] 4.95930062339998
[-3.09223904e+00  1.02960490e-01 -1.10721122e-01 -4.47395948e+00
  2.99182129e+02] 4.476513541394506
[-3.02551228e+00 -7.06157481e-02  4.39556261e-01 -4.98747456e+00
  3.04016981e+02] 5.007304538924516
[-3.07667412e+00 -1.44866190e-01 -4.43282325e-01 -5.25927820e+00
  3.05000600e+02] 5.279914071639262
[-3.13379618e+00 -1.02076533e-01  7.59291662e-02 -4.60758706e+00
  2.99935141e+02] 4.609343053566823
[-2.89509542e+00  1.36569774e-01 -1.05241699e-01 -4.89453906e+00
  3.04289275e+02] 4.897574883893358
[-3.02710604e+00 -2.39033227e-01  1.17017836e-01 -4.82367808e+00
  2.98788288e+02] 4.8310144141841285
[-3.03011275e+00  2.17728198e-02 -5.06531920e-04 -4.80573334e+00
  3.01316178e+02] 4.805782690835779
[-2.95825389e+00 -7.46072044e-02 -9.08324120e-02 -5.04447721e+00
  3.04291949e+02] 5.045846520826501
[-3.05700871e+00 -5.79877725e-02 -3.06243795e-02 -5.07729338e+00
  3.01771917e+02] 5.077716864070203
[-3.09553382e+00 -2.67516319e-01 -4.74318096e-02 -4.68439078e+00
  2.99971800e+02] 4.692262969634027
[-2.97175584e+00 -3.62382581e-01  2.99474759e-01 -4.90031630e+00
  3.00131245e+02] 4.9228148536833585
[-3.07935468e+00 -3.25020013e-01  1.24150715e-01 -4.94498379e+00
  3.01463302e+02] 4.957208500880356
[-2.98873969e+00  2.91525482e-01  1.74235947e-01 -4.84578585e+00
  3.00740143e+02] 4.857672873050811
[-3.10046910e+00 -2.04069831e-01 -2.22526567e-02 -4.92520243e+00
  3.02064531e+02] 4.929478538764982
[-3.06921403e+00  3.43703685e-03  5.96463617e-02 -4.71063511e+00
  3.00709316e+02] 4.711013967315732
[-3.07370802e+00  3.22777289e-01  1.41451924e-01 -5.05000438e+00
  3.03969634e+02] 5.062285853950899
[-3.04517111e+00 -2.95211436e-01  2.39557689e-01 -4.83343160e+00
  2.99409131e+02] 4.848360415644351
[-2.98687277e+00  1.27785357e-01  7.29470655e-02 -4.65045329e+00
  3.01867662e+02] 4.652780477912014
[-3.00055462e+00 -2.40103196e-01 -2.21454340e-01 -4.66637637e+00
  3.00093616e+02] 4.677794353519196
[-3.05380517e+00  2.06689572e-01  6.85458521e-02 -4.92776827e+00
  3.02048938e+02] 4.932577339067364
[-3.00983123e+00  2.38234731e-01  2.05085832e-03 -4.81789929e+00
  3.01884940e+02] 4.823786223508542
[-3.13175670e+00  9.00768306e-02  2.73816018e-01 -5.03418740e+00
  3.01876737e+02] 5.0424331269303675
[-3.01071531e+00 -2.73786973e-01  9.19193606e-02 -4.70497357e+00
  3.02537290e+02] 4.713829096024991
[-2.97329021e+00  1.85495013e-01 -3.10781187e-01 -4.77949600e+00
  3.02763938e+02] 4.793180085758593
[-3.07390253e+00  1.61915576e-01 -1.93341620e-01 -4.79945304e+00
  3.02194787e+02] 4.806073980837591
[-3.02966499e+00 -1.19191471e-02  1.09257894e-01 -4.75231832e+00
  3.00127785e+02] 4.753589044122893
[-3.08034894e+00  1.75794299e-01  1.07911284e-01 -5.05771090e+00
  3.02136457e+02] 5.061915448569105
[-3.11331592e+00 -1.49778861e-01  3.42032721e-01 -4.85080810e+00
  2.99621546e+02] 4.865157687761758
[-3.11240288e+00 -2.58344685e-01 -4.44000314e-02 -4.79297478e+00
  3.02323918e+02] 4.8001375634866035
[-3.06507952e+00  3.90436052e-01  1.52674250e-01 -5.00605259e+00
  3.01434431e+02] 5.023575641542427
[-2.96877976e+00  2.75164599e-02  3.35300984e-01 -4.81256918e+00
  3.02442640e+02] 4.824314045552286
[-3.06805149e+00  3.44819284e-02  4.41792967e-02 -5.12126100e+00
  3.03860234e+02] 5.121567631427893
[-2.96784223e+00 -2.53572446e-01 -4.81119518e-02 -4.79864911e+00
  3.02138987e+02] 4.8055849777617174
[-3.04650123e+00 -9.29840862e-02 -2.55534890e-01 -4.64528863e+00
  3.02805258e+02] 4.653240870668021
[-3.06375974e+00 -7.27596361e-02 -6.50738054e-02 -4.54880396e+00
  2.97388440e+02] 4.549851206685113
[-3.05990510e+00 -9.96917608e-02 -1.56809415e-01 -4.87680233e+00
  3.01253717e+02] 4.88034103098446
[-2.97552703e+00 -1.00780725e-01 -4.12312918e-01 -4.61068515e+00
  3.00062493e+02] 4.630181019875687
[-3.10041618e+00  3.05707112e-01  1.60135476e-01 -5.25747363e+00
  3.03909699e+02] 5.268788203813985
[-3.05383955e+00 -1.72295593e-01 -3.23167628e-02 -5.05576632e+00
  3.02093188e+02] 5.058804527616009
[-3.00553989e+00 -5.34869285e-02  1.68675116e-01 -5.09978909e+00
  3.03588964e+02] 5.10285811223171
[-3.01489140e+00  3.53533274e-02 -2.90319744e-02 -4.62463947e+00
  3.01856986e+02] 4.624865722179508
[-3.07010619e+00 -6.71900427e-02 -1.48115987e-01 -5.11625326e+00
  3.01887038e+02] 5.11883778843593
[-3.04971041e+00 -1.65909135e-01 -2.75221035e-01 -4.88462574e+00
  3.01060950e+02] 4.895185500535798
[-2.98039221e+00  1.07776345e-01 -2.86973481e-01 -5.04141610e+00
  3.02323154e+02] 5.050727253970252
[-3.05934439e+00  2.19570361e-01 -4.98656870e-02 -4.95029290e+00
  3.00939656e+02] 4.955410929463349
[-3.01950193e+00 -1.76127147e-01  1.95209881e-01 -4.92497489e+00
  3.02488073e+02] 4.931987971007854
[-3.03768916e+00  8.60842007e-02 -1.14166982e-01 -4.95330637e+00
  3.02341751e+02] 4.955369668992717
[-3.02975944e+00  7.93894226e-02 -1.09619264e-01 -4.83948965e+00
  3.02865266e+02] 4.841381941904119
[-3.08618018e+00 -1.36181097e-01  1.07433636e-01 -4.91325311e+00
  3.00491855e+02] 4.9163140075408265
[-3.08130569e+00 -5.26355903e-02 -1.45323295e-01 -4.81738996e+00
  3.01012518e+02] 4.81986881630607
[-3.00606926e+00 -2.73737427e-01 -1.18340931e-01 -4.82309322e+00
  3.01397476e+02] 4.832304311414839
[-3.07055570e+00 -7.51886916e-03 -8.74982382e-02 -5.04353828e+00
  3.03398980e+02] 5.044302809011046
[-3.05912988e+00  4.43586248e-02 -2.01012685e-01 -4.86100974e+00
  3.00978244e+02] 4.865366329742704
[-3.05786263e+00 -4.16637083e-02 -2.63806143e-01 -5.08675824e+00
  3.01504406e+02] 5.093764709412166
[-3.09239771e+00 -2.54980601e-02  4.27419852e-02 -5.07859446e+00
  3.00879684e+02] 5.07883831877712
[-3.00316873e+00 -4.35625495e-01  3.02431501e-02 -4.83750587e+00
  3.00781416e+02] 4.857174820970414
[-3.06192068e+00 -1.42893394e-01  2.21881969e-01 -4.64496665e+00
  3.00036561e+02] 4.652457985846084
[-3.07413301e+00 -6.41115590e-03 -1.29374816e-01 -5.06839825e+00
  3.04188837e+02] 5.0700532269990966
[-3.08417954e+00  9.61479354e-02  2.65350847e-01 -5.04258802e+00
  3.02335617e+02] 5.050480115081526
[-3.10964846e+00  5.86635636e-03  1.41596716e-02 -5.31331741e+00
  3.03007437e+02] 5.313339520123859
[-3.14607989e+00 -1.20583879e-01  1.70659990e-01 -4.94960032e+00
  3.00887992e+02] 4.954009348665554
[-3.09432895e+00 -1.42930367e-01  2.34238677e-01 -4.75368533e+00
  2.99810421e+02] 4.761598583209026
[-3.03485478e+00 -1.25564125e-01  3.43035494e-01 -4.92817665e+00
  3.03025815e+02] 4.941696549049427
[-3.08793486e+00  4.24105622e-02 -1.79932422e-01 -4.99025870e+00
  3.02956488e+02] 4.993681629566157
[-3.08041881e+00  1.30134309e-01 -6.39981292e-01 -4.66439053e+00
  3.00157409e+02] 4.709888535466851
[-3.02736058e+00  8.86924094e-02 -1.70333397e-02 -4.91962711e+00
  3.01424233e+02] 4.9204560088005405
[-3.06523974e+00 -1.07454363e-01  2.50669759e-01 -4.80342851e+00
  3.00906421e+02] 4.811164847283927
[-3.03898877e+00  6.80371059e-02 -1.15127015e-01 -4.89488899e+00
  3.01322053e+02] 4.8967153746823495
[-3.00343824e+00 -6.77387475e-03 -1.75233195e-01 -4.51385944e+00
  2.99990071e+02] 4.517264611365631
[-3.02260000e+00  1.48280227e-01 -1.27554176e-01 -4.73630608e+00
  3.01645870e+02] 4.74034306904686
[-3.05506473e+00  2.04337822e-01  2.12458208e-01 -4.49754798e+00
  2.97512819e+02] 4.507197605518
[-3.12248122e+00 -7.70601074e-02  1.60634994e-01 -4.90521765e+00
  3.01193753e+02] 4.908452102638392
[-3.07944146e+00  2.93888189e-01  1.22898715e-01 -4.86151963e+00
  3.01553294e+02] 4.8719449357524285
[-3.06506909e+00 -2.49789330e-01  1.72875127e-01 -4.56753605e+00
  2.99338518e+02] 4.577626690422448
[-3.02794932e+00 -1.32127775e-01  2.00391312e-01 -4.96722189e+00
  3.04242428e+02] 4.973017966559602
[-3.07843281e+00 -1.53528615e-01  2.82072758e-01 -4.97270163e+00
  3.02435883e+02] 4.983061060968467
[-3.07026020e+00 -2.37828240e-01 -3.24152715e-02 -4.58548831e+00
  3.00190069e+02] 4.591766120555435
[-3.05213164e+00  4.61998240e-02  5.82417820e-02 -4.89941329e+00
  3.04860605e+02] 4.899977257885561
[-3.03930207e+00 -4.13330211e-02  1.02096357e-01 -5.02655695e+00
  3.03111282e+02] 5.027763606178538
[-3.00526711e+00  1.70681319e-01  3.36365081e-02 -4.93669588e+00
  3.02405982e+02] 4.939760086730981
[-3.09620436e+00 -7.96497267e-02  7.45008981e-02 -5.10707342e+00
  3.02623557e+02] 5.108237796255978
[-3.14991417e+00  3.34826100e-02  2.92955012e-02 -5.02786039e+00
  3.00793353e+02] 5.028057217756796
[-3.01756647e+00  9.44752448e-02 -5.68136904e-02 -4.93412321e+00
  3.01454112e+02] 4.935354616872772
[-3.09913227e+00  1.03969350e-03  4.51345466e-02 -4.62307948e+00
  2.99768921e+02] 4.623299916311099
[-2.95905742e+00 -2.92512338e-02  2.58227458e-01 -4.97893432e+00
  3.02157445e+02] 4.98571199074136
[-3.09425502e+00 -1.65411960e-01 -1.63749174e-01 -4.97959929e+00
  3.00630059e+02] 4.985036007615232
[-3.08475942e+00  4.62727211e-03 -9.96375496e-02 -4.46322350e+00
  2.99892162e+02] 4.464337917713147
[-3.13608712e+00 -2.60043792e-01 -4.95579920e-01 -4.72233554e+00
  2.99248435e+02] 4.755383814840598
[-2.99617642e+00  9.03412606e-02  3.62515907e-02 -4.75769680e+00
  3.01069119e+02] 4.758692526618742
[-3.10917231e+00  2.64409860e-02  1.77905441e-01 -4.87168718e+00
  3.01126913e+02] 4.875006201949119
[-3.13069765e+00  5.97243205e-02 -1.41338485e-01 -4.92898814e+00
  3.00614983e+02] 4.9313758344911935
[-3.04712894e+00 -1.23836825e-01  2.03772987e-01 -4.92394426e+00
  3.04307329e+02] 4.929714603376198
[-3.01304307e+00 -1.97254455e-01  2.35803082e-01 -4.62065089e+00
  2.98650236e+02] 4.630866772584632
[-3.10150321e+00 -2.43905790e-01  1.03640259e-01 -4.80656314e+00
  3.01293317e+02] 4.813863374063808
[-3.04875765e+00  1.16820292e-02  4.57573403e-01 -5.18440061e+00
  3.03883223e+02] 5.2045671848124515
[-2.98590078e+00 -1.37476194e-01  6.44344300e-03 -5.03853471e+00
  3.04364664e+02] 5.040413996882395
[-3.03518386e+00  1.46788293e-01 -2.59451503e-01 -4.76876350e+00
  3.00871291e+02] 4.778071489721678
[-3.02792318e+00  1.12886557e-01 -3.95407345e-01 -4.99617019e+00
  3.04562989e+02] 5.013063629977829
[-3.07353979e+00 -1.09470571e-01  4.97714507e-02 -5.33987161e+00
  3.03808641e+02] 5.341225500502482
[-3.01307060e+00  5.05406492e-02  2.37818750e-01 -5.04429542e+00
  3.03193374e+02] 5.050151328362081
[-3.10763498e+00 -2.88383125e-01 -2.42432146e-01 -4.92050040e+00
  3.00658705e+02] 4.9349024712944365
[-2.99368293e+00 -4.92659072e-02 -1.09226822e-01 -4.57617303e+00
  3.01805780e+02] 4.57774149589062
[-3.13643158e+00 -2.73222417e-01 -2.45213354e-01 -5.02844464e+00
  3.03348766e+02] 5.041828599033238
[-3.06895963e+00  1.62785625e-01  5.52921311e-02 -4.88203301e+00
  3.01109071e+02] 4.885059125467878
[-3.07756511e+00 -7.92725468e-02  2.28774802e-01 -4.96029837e+00
  3.02499405e+02] 4.966203977576931
[-3.07779032e+00  1.92751508e-02  1.09280445e-02 -4.60798129e+00
  2.99269366e+02] 4.608034562341824
[-3.13406516e+00  2.54371702e-01  1.49615904e-01 -4.65535385e+00
  2.99399294e+02] 4.664698209274553
[-3.01634472e+00 -1.27636358e-01 -1.03415270e-01 -4.74000609e+00
  3.01325255e+02] 4.742851833018333
[-3.07014459e+00  2.68559583e-02 -3.99890139e-02 -4.99415148e+00
  3.01069135e+02] 4.9943837812255865
[-3.09721740e+00  1.89715364e-01 -1.48644334e-01 -4.72111218e+00
  2.99204644e+02] 4.727260020648701
[-3.05814567e+00  2.78713106e-01  2.25108488e-01 -4.91918677e+00
  3.00912242e+02] 4.932215858233237
[-3.05690791e+00  1.58885122e-01  3.79016123e-01 -4.62222505e+00
  3.01279371e+02] 4.640459259615494
[-3.06965176e+00 -1.02715139e-01  2.30776183e-01 -5.02085789e+00
  3.01853792e+02] 5.027208175465152
[-3.04987691e+00  1.91468237e-01 -4.22031997e-01 -4.83313417e+00
  3.02218649e+02] 4.855301948419701
[-3.00310651e+00  2.28396381e-01 -2.07185916e-01 -4.80460824e+00
  3.02068458e+02] 4.814493870775226
[-3.07335889e+00 -1.20374717e-01  4.34007399e-01 -4.58811153e+00
  2.99328321e+02] 4.610164847684761
[-2.92061969e+00  1.21398602e-01  9.35518693e-02 -4.80198626e+00
  3.01656482e+02] 4.804431455049076
[-3.04237745e+00  4.53703859e-02 -9.55781074e-02 -4.70261026e+00
  3.00399555e+02] 4.703800258763631
[-3.10280480e+00 -9.91765019e-02  3.81218567e-01 -4.82346359e+00
  2.98913637e+02] 4.839521112278269
[-3.04777322e+00  6.13052959e-02 -2.48295860e-02 -5.26465027e+00
  3.04250053e+02] 5.265065747079214
[-3.10717824e+00  6.51021865e-02  1.84080686e-01 -4.83132452e+00
  2.97990262e+02] 4.8352684162465245
[-2.97451771e+00  9.10134231e-02  3.51816156e-01 -4.84468843e+00
  3.03077206e+02] 4.858298473318309
[-3.05247781e+00  5.97611379e-01  3.32284211e-02 -5.03827395e+00
  3.01299400e+02] 5.07370159901957
[-3.02307469e+00 -1.42170831e-01 -1.57985920e-02 -4.79110458e+00
  3.02093708e+02] 4.793239538697253
[-3.00988042e+00 -2.85826744e-01  7.85473079e-02 -4.85748010e+00
  3.00939762e+02] 4.8665161564846935
[-3.03533436e+00 -2.82993934e-01  4.19006602e-01 -4.79769497e+00
  3.01780026e+02] 4.824264619423977
[-3.02476508e+00 -2.66443816e-03 -2.52619081e-01 -4.82028977e+00
  3.02972099e+02] 4.826905528735968
[-3.00816945e+00 -1.19633716e-02 -1.39074272e-01 -4.65955420e+00
  3.01219078e+02] 4.661644573290277
[-3.03837056e+00  8.33121450e-02 -2.08923748e-01 -4.92160031e+00
  3.02214795e+02] 4.926737224866331
[-3.09236018e+00 -2.16216134e-01  1.15492035e-01 -5.02944984e+00
  3.01135161e+02] 5.035419897272074
[-3.00766461e+00  1.06670281e-01 -3.34352625e-01 -4.72467723e+00
  3.02295593e+02] 4.737694074838978
[-3.06736179e+00 -1.87122639e-01 -3.83725543e-02 -4.52692289e+00
  2.99408520e+02] 4.530951132805684
[-3.02795652e+00 -6.47438351e-02  8.29093330e-03 -4.71828077e+00
  3.00619927e+02] 4.718732241106804
[-3.06328523e+00  1.53401795e-01 -3.13176867e-01 -5.14271617e+00
  3.02866712e+02] 5.154526309864129
[-3.04766729e+00  2.04892034e-01 -1.59358933e-01 -4.97513467e+00
  3.01545781e+02] 4.981901340381249
[-3.07554415e+00  5.50219193e-02 -5.39832739e-02 -4.88282848e+00
  3.02265458e+02] 4.883436860247694
[-3.07421467e+00  1.46090652e-01 -3.50769401e-02 -5.02792867e+00
  3.02282118e+02] 5.030172913528016
[-3.09354747e+00  2.51136339e-01  5.95291353e-02 -4.64415888e+00
  2.99406380e+02] 4.651325064722106
[-3.06026405e+00 -1.11905885e-01 -1.65219795e-01 -4.83996879e+00
  2.99820247e+02] 4.844080763486421
[-3.03117421e+00 -1.93706442e-01  5.61876665e-02 -4.69208353e+00
  3.00321064e+02] 4.696416410832516
[-3.02479170e+00 -7.86345691e-02 -1.11248222e-01 -4.60611525e+00
  3.00719719e+02] 4.608129470624783
[-3.14149754e+00 -8.34418674e-02  2.22411361e-01 -4.99779724e+00
  3.04038688e+02] 5.003439476879388
[-3.11562733e+00 -2.45661678e-01  8.44476132e-02 -5.12494038e+00
  3.03707475e+02] 5.131519755307953
[-3.08201066e+00 -1.40067761e-01 -1.63917039e-02 -4.96407442e+00
  3.03114025e+02] 4.966077177109977
[-3.08417988e+00 -1.34150902e-01 -1.56650637e-01 -5.00358908e+00
  3.02591795e+02] 5.0078378168974975
[-3.05113616e+00 -1.53606534e-01 -1.96207690e-01 -4.87361189e+00
  3.02396391e+02] 4.879978002853457
[-2.99250346e+00  1.99719764e-01  9.33751695e-02 -5.19702101e+00
  3.05786035e+02] 5.201695332392885
[-3.03890321e+00 -5.66150871e-02  1.09059530e-02 -4.97857206e+00
  3.03302120e+02] 4.9789058955413
[-3.02269546e+00  2.26479066e-01 -3.05080873e-02 -4.64854222e+00
  2.99811859e+02] 4.654156019377851
[-2.98887447e+00 -7.78112894e-02  2.80811611e-01 -4.85178150e+00
  3.00278348e+02] 4.860523994007522
[-3.05415572e+00  2.20821229e-01 -5.55914736e-02 -4.93428359e+00
  3.00819269e+02] 4.939535099951458
[-3.00753159e+00 -7.54407876e-02 -1.41065306e-01 -4.73233604e+00
  3.02799891e+02] 4.735039089069266
[-3.06631458e+00 -1.76505029e-01  7.30880147e-03 -4.82946865e+00
  3.00807759e+02] 4.832698512446114
[-3.09565654e+00 -4.69973335e-01  2.11461759e-01 -4.80665855e+00
  3.01099955e+02] 4.834207012340838
[-2.95481702e+00  5.37542498e-02  1.72702518e-02 -4.66218613e+00
  3.00491787e+02] 4.662527998001399
[-3.09111451e+00  1.39458170e-01 -1.67599439e-02 -4.78733223e+00
  3.01609336e+02] 4.789392380511336
[-3.10889555e+00 -1.18960815e-01  2.34849735e-01 -4.62569022e+00
  3.00441604e+02] 4.633175596019965
[-3.00807919e+00  6.94200242e-02 -1.37883985e-01 -5.10955676e+00
  3.02608604e+02] 5.111888245925995
[-3.03717030e+00  1.09853433e-01  1.04717470e-01 -4.90103030e+00
  3.03626189e+02] 4.903379602275647
[-3.05798349e+00 -2.00770174e-01 -1.01243204e-01 -5.21164856e+00
  3.02356356e+02] 5.216496864827333
[-2.99151197e+00 -2.03212822e-01  2.27761659e-01 -5.09892919e+00
  3.02684747e+02] 5.10805732896283
[-3.03241366e+00 -5.14532719e-02  1.71348045e-01 -5.13486195e+00
  3.02885395e+02] 5.137977694720185
[-3.02790484e+00  2.64625038e-01 -5.03263266e-02 -4.83919268e+00
  3.00337007e+02] 4.846683913237588
[-3.12552669e+00  2.44542776e-01 -1.06125983e-01 -5.04991307e+00
  3.00523794e+02] 5.056944324343092
[-3.03785882e+00  6.06364368e-02  3.15949920e-01 -4.86393761e+00
  3.01084866e+02] 4.874565638816114
[-3.07017438e+00  2.24382050e-02 -1.51837234e-01 -5.11805988e+00
  3.03896551e+02] 5.12036081846205
[-3.06711489e+00  6.12368117e-02  1.15989316e-01 -4.71200761e+00
  2.99782580e+02] 4.713832746478934
[-3.08387935e+00 -1.11191509e-01 -1.49957157e-01 -5.04131022e+00
  3.01303513e+02] 5.044765546183664
[-3.09818262e+00 -4.56769151e-01  2.08842060e-01 -4.62464737e+00
  2.99004621e+02] 4.651840101827431
[-3.05624737e+00 -1.61370722e-01 -2.65071560e-01 -5.21522333e+00
  3.03216501e+02] 5.224448085798484
[-2.98854925e+00  2.84569999e-02  1.78801241e-01 -4.76819676e+00
  3.00445283e+02] 4.7716328422497805
[ -3.06929701   0.33645022  -0.34843386  -4.82347954 300.826776  ] 4.8477375916878485
[-3.04835443e+00  1.36775145e-01 -2.31389656e-01 -4.49798618e+00
  2.98693424e+02] 4.506010241060151
[-3.07943642e+00  2.13856071e-01  1.04233276e-01 -4.86578048e+00
  3.00335231e+02] 4.871593033795675
[-3.08939764e+00  3.88677603e-02  1.09126583e-01 -5.06337205e+00
  3.00854360e+02] 5.064697016164443
[-3.04662535e+00  7.60189171e-02 -2.03630978e-01 -4.99877610e+00
  3.01479883e+02] 5.003499466839436
[-3.04844035e+00 -2.21999915e-01  5.13656628e-02 -4.54946650e+00
  2.98333995e+02] 4.555169356406895
[-2.97063242e+00  6.55754165e-02 -1.63673539e-02 -4.43734657e+00
  3.00019585e+02] 4.437861264530721
[-3.10097117e+00  8.78793459e-02 -2.00041750e-01 -4.79810440e+00
  3.01428171e+02] 4.803076651556932
[-2.99103063e+00  1.24400460e-01 -1.94502421e-01 -4.93780727e+00
  3.02355235e+02] 4.943202132421341
[-3.08569401e+00  1.94831495e-01  4.92092842e-02 -4.67426858e+00
  2.99609910e+02] 4.67858606993716
[-3.11944993e+00  2.26961129e-01  1.53806064e-01 -4.97753787e+00
  3.01505453e+02] 4.98508283396202
[-3.01973698e+00 -1.42462833e-01  3.96899485e-01 -4.83497816e+00
  3.01308819e+02] 4.853332736860759
[-3.13955835e+00 -6.58621953e-02  1.13907858e-01 -4.82378575e+00
  3.02567158e+02] 4.825579939073867
[-3.03707234e+00 -1.81879210e-01 -1.60713783e-01 -4.63264396e+00
  3.00112243e+02] 4.638997632604603
[-3.01139514e+00  2.95797003e-01  2.35369585e-01 -5.04326506e+00
  3.03376189e+02] 5.057412107047746
[-3.01962676e+00 -1.11461220e-01 -3.06213091e-02 -4.63347831e+00
  3.00365575e+02] 4.634919907383035
[-3.15403380e+00 -7.65514112e-02 -1.33627300e-01 -5.05852632e+00
  3.02273093e+02] 5.060869974538512
[-3.04577143e+00 -4.53610447e-02  8.19653828e-02 -4.98617038e+00
  3.01365886e+02] 4.987050330138469
[-3.12616378e+00  8.33869064e-02  3.25858801e-01 -5.14526919e+00
  3.00307350e+02] 5.156251777401172
[-3.02168025e+00 -3.27879042e-01 -2.43567119e-01 -4.79041083e+00
  3.00986714e+02] 4.807792166640935
[-3.06776755e+00  2.03269010e-01 -5.33604714e-02 -4.98653965e+00
  3.01937044e+02] 4.9909661669713765
[-2.99183287e+00  9.86631379e-02  3.55276523e-02 -5.07480711e+00
  3.03272081e+02] 5.075890451485683
[-2.96495848e+00  2.47449862e-01 -2.49563010e-01 -4.65158046e+00
  3.01225462e+02] 4.664838036920184
[-3.04727798e+00 -3.02005796e-01  5.72090853e-02 -4.79354048e+00
  3.01602339e+02] 4.803385337124153
[-3.03183631e+00 -3.65994050e-02  3.06727004e-01 -4.74377000e+00
  3.01456636e+02] 4.753816866887099
[-3.00242822e+00 -1.99740598e-01  2.33750874e-02 -4.92041782e+00
  3.02455382e+02] 4.9245257891305565
[-2.99510254e+00 -2.36053369e-01  3.74013581e-01 -5.11804780e+00
  3.03673061e+02] 5.137121819182267
[-3.09724372e+00  4.51396880e-02  1.64261129e-01 -4.81749435e+00
  3.00055686e+02] 4.8205052731734375
[-2.98071220e+00 -2.46348450e-01 -3.19486714e-02 -4.93417146e+00
  3.03976330e+02] 4.940420654244093
[-2.98514616e+00  1.59769996e-01  1.85330030e-01 -4.56669557e+00
  3.00301032e+02] 4.573246337960035
[-3.06093519e+00  2.24179472e-01 -1.58774414e-01 -4.89317098e+00
  3.02032620e+02] 4.900876243874391
[-3.02810283e+00 -1.37782044e-01  1.26375435e-01 -4.58332713e+00
  3.00593710e+02] 4.5871387792617515
[-2.98234429e+00 -4.90800781e-03 -6.48095819e-03 -4.77077030e+00
  3.01422728e+02] 4.7707772219777205
[-2.96692861e+00 -8.93106826e-02 -6.64953127e-02 -4.70396259e+00
  3.00807324e+02] 4.705280236941883
[-2.99064992e+00  1.76902789e-01 -1.25657081e-01 -5.20021623e+00
  3.05063207e+02] 5.204741407554339
[-3.05080217e+00 -7.51281394e-02  2.74744207e-01 -5.03385056e+00
  3.02925924e+02] 5.041902428862038
[-3.00762681e+00  2.07057354e-01  1.18616379e-01 -4.85744486e+00
  3.03113466e+02] 4.86330269881158
[-3.02611137e+00  2.85865614e-02  3.11412200e-01 -4.84336959e+00
  2.98940058e+02] 4.853454825731064
[-2.98395361e+00  1.41623219e-01 -1.52155271e-01 -4.92009219e+00
  3.01524238e+02] 4.924481248690524
[-3.10507762e+00 -7.62726034e-04 -2.65884692e-01 -5.01116435e+00
  3.04763819e+02] 5.018213166954221
[-3.00637288e+00  1.02756980e-01  2.11672479e-01 -4.66191680e+00
  2.99718616e+02] 4.667850949039647
[-3.11960678e+00 -6.52220589e-02  3.66384884e-01 -5.10617593e+00
  3.03451027e+02] 5.119719171580791
[-3.04798129e+00  2.57199605e-01 -9.12517353e-02 -5.10356181e+00
  3.03018778e+02] 5.110853319245292
[-3.03593505e+00  1.54505666e-01 -2.94326839e-01 -4.51023077e+00
  3.00506341e+02] 4.522464141293036
[-3.06549820e+00 -5.87371481e-02  1.19302522e-01 -4.98802541e+00
  3.04144355e+02] 4.989797653884579
[-3.08122987e+00 -5.65069454e-02 -4.03632931e-02 -4.72616996e+00
  3.01685935e+02] 4.726680093438076
[-3.05482254e+00 -6.17195379e-02  2.50084222e-02 -4.95218205e+00
  3.03549358e+02] 4.952629784725446
[-3.02211745e+00 -3.47722032e-02  3.16568506e-01 -5.17057591e+00
  3.03561922e+02] 5.18037449912127
[-3.07109300e+00 -1.00625532e-01  2.10524632e-01 -4.83364778e+00
  2.99413859e+02] 4.83927648942461
[-3.03877273e+00  1.58856457e-01  1.74578676e-02 -4.84757910e+00
  3.01442359e+02] 4.850212703727645
[-3.04185668e+00 -1.32895185e-01  1.28490007e-01 -4.68931901e+00
  3.00402438e+02] 4.692961069883435
[-3.11074347e+00 -1.82049254e-01  1.56903461e-01 -4.76115384e+00
  2.99055385e+02] 4.7672158045841995
[-3.07493130e+00  1.83373611e-01 -6.81204149e-03 -4.59245258e+00
  2.99448756e+02] 4.5961171654167785
[-2.98855045e+00 -7.46210022e-02 -1.29851553e-01 -4.89240115e+00
  3.01477517e+02] 4.894692918189423
[-3.05524034e+00 -1.25663320e-01  1.82345176e-01 -4.73773159e+00
  3.00451568e+02] 4.74290434861686
[-3.08439044e+00 -3.91172905e-03 -2.32645626e-01 -5.09128203e+00
  3.02783899e+02] 5.096596115927306
[-3.04127045e+00  5.53963623e-02 -2.60772340e-01 -4.53532121e+00
  2.98886532e+02] 4.543149722727873
[-2.99078519e+00 -2.31166808e-02 -2.45590159e-01 -5.01116777e+00
  3.04431506e+02] 5.017235429812454
[-3.13829794e+00  1.23485324e-01  1.52191356e-01 -4.84366577e+00
  3.00662684e+02] 4.847629202378485
[-3.03095868e+00  1.89930346e-01 -3.19259831e-01 -4.72148437e+00
  3.02816941e+02] 4.7360759149462135
[-2.98609416e+00 -6.72169927e-02  1.31193100e-01 -4.71869326e+00
  3.01347580e+02] 4.720995220508809
[-3.02851747e+00 -2.84110463e-01  7.42672454e-02 -5.17440491e+00
  3.04398767e+02] 5.1827309921953475
[-2.96845746e+00  2.99454118e-01 -4.08745764e-02 -4.76770666e+00
  3.00531910e+02] 4.777276455898903
[-3.00859587e+00 -3.35821623e-01  2.38690818e-02 -4.91195593e+00
  3.02809947e+02] 4.9234801640464365
[-3.06497604e+00  1.36648464e-01 -1.89813957e-01 -5.01669430e+00
  3.02011041e+02] 5.022143349599425
[-2.93262787e+00  4.09134561e-02 -8.14436833e-02 -4.73324029e+00
  3.01318534e+02] 4.734117721266654
[-3.02679382e+00  1.46551785e-01  7.65003375e-02 -4.94763731e+00
  3.02570109e+02] 4.950398433184692
[-2.96308179e+00 -2.57418089e-01  7.25436641e-02 -5.09298857e+00
  3.01338065e+02] 5.100005809315511
[-3.02309631e+00  7.99683866e-02  4.68516559e-01 -4.97897472e+00
  3.03108744e+02] 5.001608936208037
[-3.03504940e+00  4.90852047e-02  7.18928568e-02 -4.68607853e+00
  2.99750306e+02] 4.686887018827186
[-3.01053761e+00  3.03994115e-01  2.21183592e-01 -4.78095950e+00
  3.02735971e+02] 4.795717709888884
[-3.01630253e+00  2.55848834e-01  1.21214064e-01 -4.98402846e+00
  3.03766051e+02] 4.9920628143232735
[-3.00468956e+00  4.46067462e-02 -1.07814151e-01 -4.58712677e+00
  2.99815546e+02] 4.588610427589032
[-3.09789060e+00 -3.41152169e-01  3.75490667e-02 -4.91155894e+00
  2.98905209e+02] 4.923535923854755
[-3.04001873e+00  1.43675773e-02  2.12565035e-01 -4.91242419e+00
  3.01638279e+02] 4.917041967806713
[-3.02872078e+00 -2.27073735e-01  2.25177900e-01 -4.97756986e+00
  3.02008905e+02] 4.987832117513842
[-2.97192379e+00  2.18711091e-01 -2.56101666e-01 -4.71229149e+00
  3.01981691e+02] 4.7243109221843556
[-3.09932533e+00  1.66847308e-01 -3.80869665e-01 -5.14960748e+00
  3.01839557e+02] 5.166367863220778
[-2.99596866e+00 -6.83551829e-02 -6.02305323e-02 -4.87793552e+00
  2.98557545e+02] 4.878786227628908
[-3.07086938e+00 -3.39024114e-02  3.21894946e-02 -4.65238857e+00
  2.99102747e+02] 4.652623445835382
[-3.05020563e+00 -2.17403198e-01 -1.45777097e-01 -5.02389411e+00
  3.01300828e+02] 5.03070841360152
[-2.94955806e+00 -4.41675117e-02  1.69930382e-01 -4.98908074e+00
  3.03490062e+02] 4.992169236716468
[-3.09431484e+00  5.38717260e-02  1.51846769e-01 -5.02735568e+00
  3.02801722e+02] 5.029936850815891
[-3.02969446e+00  1.30182842e-01  1.15534085e-01 -5.20154904e+00
  3.02407390e+02] 5.2044604064836815
[-2.95312411e+00  9.69538456e-02  2.26450160e-01 -5.12785355e+00
  3.03054223e+02] 5.133766820037129
[-3.07489044e+00 -2.03206950e-01  7.02272305e-02 -4.90954630e+00
  3.02224637e+02] 4.914251700652249
[-3.10964244e+00 -1.08543304e-01  2.11225251e-01 -4.96847246e+00
  3.02624181e+02] 4.974144783280404
[-3.00785353e+00  9.31797016e-02  1.98487132e-01 -4.77905681e+00
  3.01464981e+02] 4.784084400455793
[-3.09228765e+00  1.24786793e-01  2.60084183e-02 -5.11762271e+00
  3.03133917e+02] 5.119209933882886
[-3.00655960e+00 -1.29088609e-01  2.16275596e-02 -4.96299333e+00
  3.03171480e+02] 4.964718970802426
[-2.96124852e+00  1.68734991e-01 -7.14143980e-02 -4.94817054e+00
  3.01707611e+02] 4.951561692088366
[-3.16593678e+00  3.86890825e-01  1.99867589e-01 -4.94594112e+00
  3.00542175e+02] 4.965074530084357
[-2.98785933e+00  6.05767401e-02 -9.99608970e-02 -5.03745222e+00
  3.02075039e+02] 5.038808049664966
[-3.00516463e+00  5.66284142e-02  4.44547480e-02 -4.93719772e+00
  3.01583275e+02] 4.937722590057688
[-3.03073301e+00 -3.14318021e-01 -1.93451119e-01 -4.67210161e+00
  3.00270541e+02] 4.686656866604137
[-3.03862101e+00  3.58838841e-02  3.73832444e-01 -4.70095915e+00
  2.97606286e+02] 4.71593631109767
[-2.96943218e+00 -2.25048491e-01  1.90544113e-02 -5.10292668e+00
  3.02887506e+02] 5.10792233868365
[-2.98939626e+00 -2.33238752e-01  8.98558368e-02 -4.90486422e+00
  3.00049050e+02] 4.911228706110958
[-2.91163348e+00  1.49298724e-01 -4.43446542e-01 -4.86848293e+00
  3.03306826e+02] 4.890916171298049
[-3.00456525e+00 -4.74354550e-02 -1.43006215e-01 -4.71493959e+00
  3.02581228e+02] 4.717346311620894
[-3.09741483e+00 -1.70827462e-01  2.37688358e-01 -4.90547335e+00
  3.01333815e+02] 4.914198466075051
[-3.03702824e+00  1.42070140e-02  1.32739587e-01 -4.98272832e+00
  3.03810292e+02] 4.984516341939057
[-3.03809088e+00  4.26538248e-02  2.75358289e-03 -5.08528142e+00
  3.03427554e+02] 5.085461041235919
[-3.05569079e+00 -9.51115327e-02  1.94820686e-01 -4.92229868e+00
  3.01716855e+02] 4.927070688295558
[-3.03691063e+00  3.65207300e-02 -1.12322975e-01 -4.72402640e+00
  3.02753283e+02] 4.725502685695751
[-3.04302747e+00 -2.31757054e-01 -6.23224116e-02 -4.75591600e+00
  2.99382979e+02] 4.761967284815138
[-2.99669488e+00  9.27705232e-02  5.35501759e-01 -4.82247217e+00
  3.02904494e+02] 4.852999727014785
[-3.01280037e+00  1.49192887e-01  2.62760466e-01 -4.95536058e+00
  3.01882618e+02] 4.964564438827635
[-3.00784644e+00  4.44656377e-01  1.37822472e-02 -4.96980888e+00
  3.04437234e+02] 4.989680307186676
[-3.11294547e+00  2.44608718e-01  7.16583605e-02 -4.98682280e+00
  3.03918102e+02] 4.993332553354215
[-3.00010956e+00 -5.33718219e-02 -1.04573359e-01 -4.75300904e+00
  2.98876614e+02] 4.754458859395375
[-2.99597870e+00  9.86645931e-02 -1.64621175e-01 -4.53355497e+00
  3.00850557e+02] 4.53761562178412
[-3.04604243e+00  4.10417561e-01  1.01383856e-01 -4.97426944e+00
  3.02116136e+02] 4.992201691784954
[-2.99754732e+00  1.06917298e-01 -2.09065150e-01 -4.78084325e+00
  3.00623237e+02] 4.7866064950451035
[-3.00461224e+00 -2.73605584e-01 -1.53618713e-02 -4.66693868e+00
  3.00720338e+02] 4.674977286479713
[-3.02490228e+00  2.84102413e-01 -1.75761457e-01 -4.73219772e+00
  3.02108660e+02] 4.743975292227042
[-3.10237961e+00  2.03114905e-01 -4.52909775e-01 -4.85152000e+00
  3.00633598e+02] 4.876846238685644
[-3.06721405e+00  8.53333175e-02 -4.77856996e-02 -4.62204268e+00
  2.99358350e+02] 4.623077302883249
[-3.00896488e+00 -2.36485151e-01  3.85266102e-01 -4.65645840e+00
  2.99899721e+02] 4.678350138884443
[-3.10573035e+00  1.38632946e-01 -2.55476396e-01 -4.88928381e+00
  2.99913980e+02] 4.89791623774811
[-2.97924123e+00  2.22468498e-01  1.15615089e-01 -4.82483331e+00
  3.01069238e+02] 4.831343037002143
[-3.08084171e+00  4.03253690e-01 -2.47675892e-01 -4.96399303e+00
  3.02236626e+02] 4.986500141645606
[-3.03446272e+00  5.35684304e-02  2.58673543e-02 -4.97529730e+00
  3.02845631e+02] 4.9756529142676404
[-3.07339530e+00 -8.29796126e-02 -2.84626974e-03 -4.75020325e+00
  2.98772341e+02] 4.750928813134059
[-3.04891424e+00  2.87633611e-02 -1.19482484e-01 -4.92056475e+00
  3.03081098e+02] 4.92209923352929
[-3.11107251e+00 -2.41048499e-01  3.07097917e-02 -5.03966419e+00
  3.03068034e+02] 5.04551906324988
[-3.06746767e+00  1.32101756e-02 -7.29387995e-02 -4.85515827e+00
  3.02073911e+02] 4.855724091464515
[-3.11268659e+00 -2.64284386e-01 -1.97192061e-01 -5.06540365e+00
  3.03486612e+02] 5.076125004655744
[-3.03377139e+00  1.99462480e-01  8.55149354e-02 -4.61017933e+00
  3.00066046e+02] 4.61528455260278
[-3.04495111e+00 -3.96123336e-01  3.95213521e-02 -4.69490504e+00
  3.00102489e+02] 4.711752217212437
[-3.11897631e+00 -2.17155524e-01  8.60834860e-02 -4.69074721e+00
  2.97602788e+02] 4.696560051233256
[-3.10183746e+00  4.32835240e-01  2.73531643e-01 -4.74657448e+00
  3.00905371e+02] 4.774110928252838
[-3.04426515e+00 -6.24717746e-02  7.05721526e-02 -4.74170029e+00
  3.00447827e+02] 4.742636899847572
[-2.95565247e+00  3.92680108e-01  2.44119891e-01 -4.65673713e+00
  3.02168449e+02] 4.6796359782147015
[-3.10668141e+00 -3.80522290e-02  3.25223438e-01 -4.86023212e+00
  3.00956001e+02] 4.871249790654509
[-3.04089531e+00  4.06139338e-01 -2.87369748e-01 -4.99241889e+00
  3.02278462e+02] 5.017148282911215
[-3.02091299e+00 -1.86266540e-01  1.26552788e-01 -4.70000408e+00
  3.00269439e+02] 4.705395748401373
[-3.07689891e+00  2.92534687e-01 -5.23113196e-02 -4.67478117e+00
  3.00806290e+02] 4.684217333781866
[-3.01600324e+00  1.27330991e-01  1.02616892e-01 -4.73284308e+00
  3.01196978e+02] 4.735667539145869
[-3.03861530e+00 -5.19659721e-02 -1.16083151e-01 -4.88759428e+00
  3.02574252e+02] 4.889248772419308
[-3.08301667e+00 -1.96952492e-01 -8.17695406e-02 -4.93820039e+00
  3.02875383e+02] 4.942802815713464
[-3.06127937e+00 -3.42753309e-01  2.01334846e-01 -4.75925760e+00
  2.98791626e+02] 4.775829610040539
[-3.14980092e+00  1.65515997e-01 -3.63910771e-01 -5.09977062e+00
  3.02157056e+02] 5.115416597792057
[-3.00208514e+00 -3.92064210e-01  1.77448796e-01 -5.05833483e+00
  3.03745255e+02] 5.0766084781005105
[-3.00332687e+00  1.33984294e-01 -2.67179424e-01 -4.68224573e+00
  2.99758010e+02] 4.691775966233395
[-3.03790835e+00 -1.27242973e-01  1.82461656e-03 -5.16006349e+00
  3.04198268e+02] 5.1616324255253945
[-3.12027696e+00 -3.03800711e-02  8.12353980e-02 -4.95542916e+00
  3.00686115e+02] 4.956188080301981
[-3.10905954e+00 -1.00091993e-01 -2.47904641e-03 -4.58625682e+00
  2.99380157e+02] 4.587349577509377
[-3.06894765e+00 -1.96208516e-01 -1.53682188e-01 -4.92197727e+00
  3.02729157e+02] 4.928283297134473
[-2.91330839e+00 -1.40213620e-01  1.12683731e-02 -4.61258714e+00
  3.00925367e+02] 4.614731517449181
[-3.07874707e+00 -2.37895666e-01  2.59235011e-01 -5.30569429e+00
  3.04329737e+02] 5.3173479301231685
[-3.08485503e+00  2.20647973e-01 -2.53723556e-02 -4.70258589e+00
  3.00953107e+02] 4.707827878623406
[-3.05201096e+00  6.56591098e-02  7.50870628e-02 -4.89626452e+00
  3.01445530e+02] 4.897280415780919
[-3.05141553e+00  2.74350141e-02 -1.39561557e-01 -4.75226659e+00
  3.01782760e+02] 4.7543945811430905
[-2.94944663e+00  6.37591042e-02 -3.18521260e-01 -4.94178117e+00
  3.01733363e+02] 4.95244607297999
[-3.05517851e+00  9.03867795e-02  1.16766780e-01 -4.87164592e+00
  3.01778499e+02] 4.873883274683303
[-3.02161555e+00 -1.18463106e-01 -1.76787423e-01 -5.20515359e+00
  3.02836380e+02] 5.209502013974321
[-3.08438139e+00 -1.05996244e-01 -5.85517744e-02 -4.78940366e+00
  3.00668596e+02] 4.790934247683476
[-3.06817595e+00 -1.00597121e-01  1.04723048e-01 -4.86735689e+00
  3.03013050e+02] 4.8695225429304845
