/mnt/stage/douwei/Simulation/5kt_root/2MeV/5kt_-7.20_2.root
[-3.08707578e+00  1.99010411e-01  1.15080564e-01 -7.62346811e+00
  3.20241497e+02] 7.626933509729931
[-3.12093923e+00 -1.35399363e-01 -1.80981458e-01 -7.21062179e+00
  3.18426790e+02] 7.214163416867032
[-3.18360988e+00 -1.97753343e-01  2.72180439e-01 -7.32236799e+00
  3.16489950e+02] 7.330092870716621
[-3.11428481e+00  9.52630971e-02  2.93952604e-01 -7.17280290e+00
  3.14929375e+02] 7.179455729693426
[-3.12228220e+00  1.01954886e-01  1.81813760e-01 -7.28042944e+00
  3.15934993e+02] 7.28341292700246
[-3.11180226e+00  1.44061729e-01 -2.60433338e-01 -7.08744723e+00
  3.16077949e+02] 7.093693507318404
[-3.04034743e+00  2.32059118e-01  3.09973603e-04 -7.16859261e+00
  3.16007301e+02] 7.172347703222686
[-3.14560237e+00 -5.28242828e-02 -2.83666202e-02 -7.24363780e+00
  3.16738073e+02] 7.243885947715905
[-3.09850104e+00  6.86529516e-02  3.72868102e-02 -7.18086452e+00
  3.18043406e+02] 7.181289490234716
[-3.12433553e+00 -1.09383479e-01  3.57253814e-02 -7.23115360e+00
  3.14896334e+02] 7.232069093875514
[-3.08557512e+00 -2.10700576e-01 -1.00129856e-01 -7.05844902e+00
  3.17085304e+02] 7.062302974566068
[-3.16139319e+00 -1.11095606e-01  5.40892624e-02 -6.92271342e+00
  3.14203806e+02] 6.9238160697661435
[-3.08044131e+00  2.51332539e-02  1.85742246e-01 -7.12134224e+00
  3.15903209e+02] 7.123808470791578
[-3.10396052e+00  1.57408311e-01 -1.73156750e-01 -7.32518345e+00
  3.16308910e+02] 7.328920330643021
[-3.18482189e+00  1.14033906e-01  1.70298564e-01 -7.50447617e+00
  3.17050548e+02] 7.507274335844665
[-3.12817351e+00 -1.10636818e-01  2.68262759e-01 -6.89572855e+00
  3.14753791e+02] 6.90183147256521
[-3.17494832e+00  1.22972662e-01  5.98037618e-02 -7.01826921e+00
  3.14130225e+02] 7.019601237181971
[-3.13215680e+00  4.99704237e-02 -2.37676658e-01 -7.53380446e+00
  3.20306634e+02] 7.5377182844492605
[-3.09675274e+00  1.00304966e-01 -1.83163343e-01 -6.94277245e+00
  3.14604933e+02] 6.945912405861926
[-3.12516359e+00  2.12551446e-01  7.19844986e-03 -7.42068512e+00
  3.19413833e+02] 7.423732053360917
[-3.08325590e+00  3.26099391e-01  1.14829805e-01 -7.15255802e+00
  3.17417334e+02] 7.160908665104055
[-3.07959820e+00 -1.72879404e-01 -2.13248147e-01 -7.33439079e+00
  3.14085171e+02] 7.339526572214893
[-3.14878119e+00  1.95846052e-02 -1.60919010e-02 -7.20499568e+00
  3.15874436e+02] 7.205040263916024
[-3.12394412e+00  1.96560441e-02  7.75087260e-02 -7.38213366e+00
  3.17479515e+02] 7.382566717299401
[-3.09468882e+00  5.30960283e-02  9.70460391e-02 -7.45807186e+00
  3.20138339e+02] 7.458892207914118
[-3.04060732e+00  1.85075690e-01  2.20300830e-01 -7.19432568e+00
  3.16611221e+02] 7.200076902237623
[-3.18544315e+00  3.33795649e-02 -2.28432691e-01 -7.56454763e+00
  3.17730799e+02] 7.568069538873621
[-3.17264637e+00  7.39519536e-02  1.80719272e-01 -7.40315374e+00
  3.15019920e+02] 7.405728433066539
[-3.12798724e+00 -4.98134571e-03 -3.59915057e-02 -7.17392307e+00
  3.19064941e+02] 7.174015084121736
[-3.19536049e+00 -2.16835937e-01  2.18565561e-01 -7.30986421e+00
  3.14447857e+02] 7.316344956774362
[-3.14124547e+00 -7.60295647e-02  7.89539445e-02 -6.99347101e+00
  3.15366414e+02] 6.9943299139899215
[-3.12117508e+00  9.22092688e-02 -2.87910019e-01 -7.44251175e+00
  3.18546779e+02] 7.44864926643953
[-3.10734098e+00 -3.05296207e-01  2.09439121e-01 -7.10460730e+00
  3.15198519e+02] 7.1142473579566206
[-3.09054897e+00  2.31481256e-01 -2.49756607e-01 -7.14599911e+00
  3.16414403e+02] 7.154108274927111
[-3.06395364e+00 -1.57172008e-01 -3.18920850e-04 -6.79379231e+00
  3.14748471e+02] 6.795610132870914
[-3.06233232e+00 -9.29662871e-02 -7.95177281e-03 -6.93307818e+00
  3.16691894e+02] 6.933706010713731
[-3.15683847e+00  2.53206992e-02 -2.65757509e-02 -7.06253770e+00
  3.15788701e+02] 7.062633087939361
[-3.19360978e+00 -5.33335798e-02 -4.23269527e-02 -6.94734820e+00
  3.14393085e+02] 6.947681845788542
[-3.10378674e+00 -2.01503525e-01 -8.15788073e-02 -7.49786801e+00
  3.19049371e+02] 7.501018826790603
[-3.07696415e+00 -3.07549116e-01  1.47806798e-01 -7.04351162e+00
  3.15965889e+02] 7.051772067984984
[-3.13905360e+00  1.30920496e-01 -7.32662892e-03 -7.64811082e+00
  3.17883376e+02] 7.649234792478782
[-3.11977928e+00  1.69684426e-01  2.63960069e-01 -7.27055303e+00
  3.17471519e+02] 7.2773215562729705
[-3.07936381e+00  1.81577562e-01  5.90895792e-02 -7.25922853e+00
  3.19895714e+02] 7.261739516558439
[-3.02099574e+00  6.48933025e-02  1.85263529e-02 -7.06317883e+00
  3.17716764e+02] 7.063501226373051
[-3.18249316e+00 -5.77248664e-02  1.66464735e-02 -7.50428721e+00
  3.19210963e+02] 7.5045276864202
[-3.13292421e+00 -6.42918816e-02 -1.29964495e-01 -7.28971861e+00
  3.17862460e+02] 7.2911605098675265
[-3.09725386e+00 -7.71666033e-02  1.31991302e-01 -7.18895177e+00
  3.17544865e+02] 7.190577437654336
[-3.23482754e+00  7.24219487e-02  2.55009830e-01 -7.80905990e+00
  3.18506051e+02] 7.813558179764463
[-3.13997942e+00  1.81926020e-02  3.24615050e-01 -7.18996752e+00
  3.16907217e+02] 7.197314692520495
[-3.19082623e+00 -7.75312139e-02 -3.90597845e-01 -7.38478413e+00
  3.15550923e+02] 7.395513129505163
[-3.16428911e+00 -7.61036419e-02  1.37415464e-02 -7.10500971e+00
  3.15097662e+02] 7.105430565957378
[-3.12701467e+00  7.68380787e-02 -6.80738548e-02 -7.13360568e+00
  3.15957037e+02] 7.134344272538121
[-3.05128116e+00  8.64562783e-02  1.76618188e-01 -7.23961335e+00
  3.17447420e+02] 7.242283486520307
[-3.13081813e+00 -2.16880278e-01  1.58640914e-02 -7.15425432e+00
  3.15242080e+02] 7.157558490928895
[-3.06102441e+00  1.69016535e-01  2.17854786e-01 -7.19178784e+00
  3.16962100e+02] 7.1970716014548595
[-3.12122321e+00 -6.43245053e-02  1.21944405e-01 -7.32066343e+00
  3.15906393e+02] 7.321961559355896
[-3.07516468e+00  1.03415724e-02 -2.28535874e-01 -7.05002928e+00
  3.18386185e+02] 7.053740030671342
[-3.12845695e+00  1.90836340e-01 -1.88930086e-01 -7.28080460e+00
  3.18453968e+02] 7.285755187458147
[-3.12552865e+00  1.32136082e-01  2.99121612e-01 -7.21391608e+00
  3.17453807e+02] 7.2213239026962555
[-3.06537629e+00 -2.22811383e-02 -3.55936952e-01 -7.36727994e+00
  3.18550854e+02] 7.375906807387666
[-3.18714007e+00 -4.44870995e-01  5.45238025e-02 -7.30693078e+00
  3.17699112e+02] 7.320663938614913
[-2.97721981e+00 -6.86738475e-02  2.08956168e-01 -7.34983809e+00
  3.19909400e+02] 7.35312849467
[-3.08664914e+00  1.53674676e-01  9.88973384e-02 -7.47619540e+00
  3.19437212e+02] 7.478428598619842
[-3.17996404e+00 -1.49169306e-01 -4.08190924e-02 -7.33619133e+00
  3.14696145e+02] 7.337821268785984
[-3.05659791e+00 -7.26832300e-02  1.52204827e-01 -6.98424622e+00
  3.17456561e+02] 6.986282591206828
[-3.02174126e+00 -1.13093599e-01 -1.16150748e-01 -7.16851016e+00
  3.17605431e+02] 7.170343024795014
[-3.11058694e+00  2.40020665e-01  5.47320889e-02 -7.25729720e+00
  3.16590988e+02] 7.2614714884899625
[-3.12083593e+00 -1.19665884e-01 -2.08865751e-01 -7.33868661e+00
  3.18179738e+02] 7.342633455029748
[-3.04889989e+00  1.18499882e-01  1.83268472e-01 -7.13369704e+00
  3.16301202e+02] 7.137034608352943
[-3.06449477e+00 -9.63957379e-02  7.25675370e-02 -7.38773260e+00
  3.18514427e+02] 7.388717833277043
[-3.16875478e+00 -1.89800907e-01  2.25496159e-01 -7.15816343e+00
  3.16465125e+02] 7.164228959482527
[-3.14656297e+00 -9.17979134e-03 -7.42864382e-02 -7.12056130e+00
  3.15886818e+02] 7.12095470774635
[-3.22178393e+00  4.73527917e-01 -9.50009619e-02 -7.38897748e+00
  3.17399988e+02] 7.40474456539469
[-3.20496543e+00 -9.18574982e-02 -5.26431623e-02 -7.27177824e+00
  3.13584836e+02] 7.272548929307743
[-3.13315193e+00 -1.70615623e-01 -3.70298685e-01 -7.22990475e+00
  3.16251978e+02] 7.241391680493916
[-3.12409329e+00  3.85527505e-01 -3.86402302e-02 -7.13880499e+00
  3.14573487e+02] 7.149311935183414
[-3.12417805e+00  4.93277336e-02 -2.89462553e-01 -7.37970103e+00
  3.15166020e+02] 7.385540539619351
[-3.10160962e+00  5.74494108e-02  1.92533507e-02 -7.52213375e+00
  3.18896767e+02] 7.522377772537897
[-3.17268069e+00  4.32292990e-02 -2.22034552e-01 -7.32177509e+00
  3.14389106e+02] 7.325268497661691
[-3.20373420e+00 -8.29821587e-02  6.63176378e-02 -7.25570715e+00
  3.17058561e+02] 7.256484712378161
[-3.19785643e+00  2.48635009e-01  2.23396759e-02 -7.66714737e+00
  3.17216839e+02] 7.671210281414861
[-3.10024779e+00 -3.75665522e-01  1.58229778e-01 -7.24386093e+00
  3.18303336e+02] 7.2553209767800295
[-3.07079795e+00  1.64308922e-01  4.53274215e-02 -7.12224097e+00
  3.17619513e+02] 7.124280207457153
[-3.13554255e+00 -1.67367526e-01 -1.79795455e-01 -7.34709946e+00
  3.18045473e+02] 7.3512045777885175
[-3.15239188e+00  3.03326377e-01  2.57762772e-01 -7.10394415e+00
  3.15392479e+02] 7.115087563154981
[-3.05042597e+00  7.92917953e-02 -2.97241211e-01 -7.22443294e+00
  3.18133451e+02] 7.230979932261675
[-3.11132758e+00  1.38066693e-01  4.65942786e-02 -7.05911398e+00
  3.14719866e+02] 7.060617790941978
[-3.16184432e+00  1.73797683e-02 -1.02242916e-01 -7.47849199e+00
  3.18268586e+02] 7.479211059506876
[-3.10031272e+00  5.82419205e-02  1.55081150e-01 -6.96479015e+00
  3.14743796e+02] 6.966759944604683
[-3.16159161e+00  3.84258444e-02  3.36955636e-01 -7.14525022e+00
  3.17155385e+02] 7.1532940934502545
[-3.12478192e+00 -1.99035736e-01 -1.30014007e-01 -7.23406642e+00
  3.17317193e+02] 7.237971799679539
[-3.08181334e+00  8.13142988e-02 -5.16483421e-02 -7.16691010e+00
  3.17402390e+02] 7.167557455397655
[-3.12703786e+00 -1.91949489e-01  1.01718132e-01 -7.26411807e+00
  3.16774903e+02] 7.267365587731437
[-3.07743565e+00  3.53910701e-01 -4.72196293e-02 -7.10074486e+00
  3.16378274e+02] 7.109715886331068
[-3.06706031e+00 -8.92668524e-02 -8.68773893e-02 -7.02211133e+00
  3.15923516e+02] 7.023216058212856
[-3.12383668e+00  4.11659965e-02  1.42029945e-01 -7.35420199e+00
  3.15548471e+02] 7.35568855023386
[-3.16286992e+00  1.67631700e-01 -8.10949922e-02 -7.19557742e+00
  3.14380708e+02] 7.197986605053977
[-3.20395596e+00 -1.49985085e-01 -1.90189149e-01 -7.55846231e+00
  3.20071734e+02] 7.562342228590352
[-3.15893133e+00  2.04935283e-01 -1.59887027e-02 -7.43928408e+00
  3.19525962e+02] 7.4421234656635225
[-3.11791106e+00 -6.92407552e-02  1.73884944e-01 -7.35380618e+00
  3.18951170e+02] 7.356187573939394
[-3.14966827e+00  1.32875118e-02 -2.21517207e-01 -7.04751148e+00
  3.13993567e+02] 7.051004507021454
[-3.08154563e+00 -1.65363419e-01 -1.73989380e-01 -7.00438289e+00
  3.16298357e+02] 7.008494633016612
[-3.10658976e+00  2.55758573e-01 -1.18796349e-01 -7.33208737e+00
  3.17788795e+02] 7.33750844916561
[-3.08846031e+00  2.12082125e-01 -2.33374173e-01 -7.24781124e+00
  3.16292401e+02] 7.2546681575162815
[-3.08878471e+00 -2.55966935e-01  1.89906742e-01 -7.20084980e+00
  3.15568860e+02] 7.207899938339646
[-3.08312014e+00  1.08001015e-01  8.30485995e-02 -7.43233387e+00
  3.19758721e+02] 7.433582450970774
[-3.09694547e+00 -7.47341057e-02  1.00556503e-01 -7.21116930e+00
  3.16472378e+02] 7.212257580679893
[-3.09184246e+00 -2.81480632e-01  1.98582627e-01 -7.29032577e+00
  3.17704464e+02] 7.29845985393183
[-3.04396160e+00  1.73271147e-01 -8.71391476e-02 -6.96759030e+00
  3.14981741e+02] 6.970289139008331
[-3.07071622e+00 -4.35147759e-02  9.15052200e-02 -7.04559655e+00
  3.15049243e+02] 7.04632510279789
[-3.17539937e+00 -2.42275670e-02  2.25104573e-01 -6.99311536e+00
  3.13165940e+02] 6.99677936478728
[-3.10566336e+00 -2.44145448e-01  2.52598140e-01 -7.13617974e+00
  3.16098510e+02] 7.144821491019625
[-3.08951653e+00 -2.63642944e-01  2.55026933e-02 -7.21266548e+00
  3.17779563e+02] 7.217527368367195
[-3.11392709e+00  2.47358883e-01  1.63318571e-01 -7.08899168e+00
  3.16342135e+02] 7.095185865936133
[-3.11081692e+00  8.83822966e-02  1.76821799e-01 -7.05113105e+00
  3.14876257e+02] 7.053901506571641
[-3.26612836e+00 -2.39823335e-01 -6.43760079e-02 -7.59607803e+00
  3.16169197e+02] 7.600135582722408
[-3.14245487e+00 -2.97563561e-02 -5.68971644e-03 -7.36181906e+00
  3.16724984e+02] 7.3618814007810895
[-3.08890253e+00 -1.74856707e-01  1.65940825e-01 -7.07625935e+00
  3.17088208e+02] 7.08036422873498
[-3.12555764e+00 -8.19006929e-02 -2.00408643e-02 -7.22133250e+00
  3.18767812e+02] 7.2218247309985335
[-3.11495788e+00 -3.13907459e-01  6.84694528e-02 -7.51245025e+00
  3.20675142e+02] 7.519317437904593
[-3.11400550e+00  6.38907651e-02 -1.94090473e-01 -7.17295265e+00
  3.16144712e+02] 7.175862511909787
[-3.11160155e+00 -5.56253411e-02 -3.40980140e-01 -7.31767130e+00
  3.17792295e+02] 7.325822468147358
[-3.16058014e+00 -1.47206372e-02 -1.65998362e-01 -7.35578428e+00
  3.16784036e+02] 7.357671818661845
[-3.07860518e+00 -2.40066802e-01  7.23685022e-02 -7.24791687e+00
  3.16569137e+02] 7.25225263559344
[-3.08961719e+00 -7.54764736e-02 -1.79987309e-02 -7.11590629e+00
  3.17273590e+02] 7.11632931954688
[-3.13252087e+00  1.15032550e-01 -2.93070894e-01 -7.43463549e+00
  3.16538325e+02] 7.441298803845938
[-3.10534548e+00  1.22163211e-01 -1.31184178e-01 -7.44475231e+00
  3.16820771e+02] 7.446910102350338
[-3.01661687e+00 -1.55003132e-01  1.56524590e-01 -7.14755393e+00
  3.17069962e+02] 7.150947711378461
[-3.05486316e+00  1.81913208e-01  1.20552007e-01 -7.59219997e+00
  3.18970702e+02] 7.595335779338782
[-3.20134567e+00  1.37121750e-02 -2.74058484e-02 -7.25352189e+00
  3.17762141e+02] 7.253586625909984
[-3.21574241e+00  5.24647807e-02 -3.00261015e-02 -7.41124931e+00
  3.15717256e+02] 7.411495829556447
[-3.08331735e+00 -9.29696214e-04  2.57656033e-01 -7.15711489e+00
  3.15997638e+02] 7.1617512530538505
[-3.10694508e+00 -5.10413607e-02 -2.08907754e-01 -6.88913610e+00
  3.13440336e+02] 6.892491848814187
[-3.14363649e+00 -4.08680639e-01  5.70695554e-02 -7.23313492e+00
  3.16431083e+02] 7.244895968998599
[-3.12184667e+00  3.28491513e-01  5.21329756e-02 -7.29652293e+00
  3.18137055e+02] 7.30409962615764
[-2.98275648e+00  8.63929299e-02  3.55515802e-01 -7.37075425e+00
  3.18480823e+02] 7.3798288237451075
[-3.07694332e+00  3.12302275e-01 -9.00417038e-02 -7.27305388e+00
  3.17816416e+02] 7.280312696151264
[-3.09592143e+00 -9.36805717e-02 -4.79103566e-02 -7.17235756e+00
  3.14709295e+02] 7.173129336928313
[-3.10712349e+00 -1.25957482e-01  1.52034171e-02 -7.08386827e+00
  3.15507243e+02] 7.085004316413042
[-3.11279015e+00  2.94065714e-01  1.12549772e-01 -7.07306064e+00
  3.18247348e+02] 7.080065602643739
[-3.04975195e+00  1.05829469e-01 -7.54974494e-02 -6.91847534e+00
  3.14655318e+02] 6.919696583984826
[-3.11644714e+00  1.03910992e-01 -1.64675859e-01 -7.23159965e+00
  3.17276179e+02] 7.234220699733287
[-3.04728032e+00  1.86553257e-01 -2.29364465e-01 -7.18357503e+00
  3.16431485e+02] 7.1896564865091275
[-3.09138260e+00 -3.18714577e-01 -1.11520595e-01 -7.25932785e+00
  3.17747702e+02] 7.267176662861988
[-3.10424091e+00 -2.09607822e-01 -2.31348445e-01 -7.14557633e+00
  3.14441524e+02] 7.1523925148153955
[-3.16178602e+00  1.45860455e-01  1.01248305e-01 -7.09802060e+00
  3.15950144e+02] 7.100241045398001
[-3.13257354e+00  2.47013278e-02  1.29718316e-01 -7.15261996e+00
  3.17208886e+02] 7.153838778341294
[-3.09046583e+00  3.41633379e-01  8.82039289e-02 -7.24677072e+00
  3.17643553e+02] 7.2553552061273505
[-3.26920543e+00  6.47618596e-02 -1.42827383e-02 -7.25890549e+00
  3.16632342e+02] 7.259208427604077
[-3.05352650e+00  4.33515623e-03  1.31506513e-01 -7.55440571e+00
  3.22183148e+02] 7.5555514900613945
[-3.15890261e+00 -2.68654995e-01 -3.49820834e-01 -7.40227709e+00
  3.17628782e+02] 7.415406676083551
[-2.96170796e+00  3.18949700e-02  4.18983416e-02 -6.94225734e+00
  3.17269816e+02] 6.942457039105135
[-3.12368905e+00  1.27385283e-01  6.11312858e-02 -7.57885041e+00
  3.18184874e+02] 7.580167383664661
[-3.07360401e+00  2.07210072e-01  4.67445445e-02 -6.92429698e+00
  3.15345894e+02] 6.927554384399022
[-3.14575746e+00  1.71683841e-01  2.26572941e-01 -7.39884047e+00
  3.18670214e+02] 7.4042994902553305
[-3.05540611e+00 -6.20414888e-02 -7.84148814e-02 -7.27074969e+00
  3.17871207e+02] 7.271437205915093
[-3.09834462e+00  1.70952809e-01 -2.31255104e-01 -7.45053911e+00
  3.18638799e+02] 7.456087229193968
[-3.09176625e+00 -8.37600926e-02 -1.38147623e-01 -7.16832334e+00
  3.15753121e+02] 7.170143657365023
[-3.13281930e+00 -1.00649635e-01  3.87256873e-02 -7.52018570e+00
  3.20031426e+02] 7.520958915707417
[-3.08604950e+00  4.04804832e-01  2.39973282e-01 -7.40707793e+00
  3.19836983e+02] 7.422011691532843
[-3.02127415e+00  1.92211053e-01 -4.92566957e-02 -7.13698537e+00
  3.17746824e+02] 7.139743099544633
[-3.03757870e+00  1.80844021e-01  9.13128841e-02 -7.23028582e+00
  3.15975556e+02] 7.23312350598432
[-3.12412833e+00 -1.21613066e-01 -9.74044314e-02 -7.04025126e+00
  3.15064392e+02] 7.04197523200817
[-3.11977004e+00  1.10212858e-01 -3.33938489e-01 -7.02943970e+00
  3.15462855e+02] 7.038230197152528
[-3.05559929e+00  3.38305237e-02  4.04632726e-03 -7.22489012e+00
  3.17350585e+02] 7.224970461599101
[-3.14921791e+00 -4.59654515e-02  5.86110175e-02 -7.23691866e+00
  3.16390575e+02] 7.237301970160583
[-3.07227604e+00 -2.70619938e-01  1.85815606e-02 -7.36288253e+00
  3.18022672e+02] 7.367877552817643
[-3.08354626e+00  3.75349840e-01  5.89147222e-02 -7.30606979e+00
  3.17638792e+02] 7.315942470189049
[-3.15159632e+00 -6.65097441e-02  1.37317753e-01 -7.52859415e+00
  3.19042406e+02] 7.530140076584073
[-3.11099094e+00  2.32676185e-01 -1.46016514e-01 -7.18355048e+00
  3.17913762e+02] 7.1888007709306345
[-3.04897917e+00 -1.27627311e-01 -1.68488239e-01 -6.98353100e+00
  3.15161393e+02] 6.986729004981781
[-3.16365129e+00  2.16640198e-01  1.43765332e-01 -7.33914288e+00
  3.16167713e+02] 7.343746978148128
[-3.09330416e+00 -2.17936175e-01  5.40721782e-02 -7.26338237e+00
  3.17612856e+02] 7.266852374118467
[-3.19269470e+00 -6.43085052e-02  1.24210115e-01 -7.13909362e+00
  3.14939874e+02] 7.140463670466472
[-3.07408920e+00 -1.36830138e-01  2.27081295e-02 -7.76517103e+00
  3.21442380e+02] 7.766409678939479
[-3.10166169e+00 -1.34176363e-01 -6.07638957e-03 -7.34886994e+00
  3.18928988e+02] 7.35009724940699
[-3.08834519e+00  3.15349216e-02  1.96441851e-01 -7.14821269e+00
  3.15648640e+02] 7.150980948169084
[-3.09540650e+00  3.52977045e-02 -9.41412430e-03 -7.16627478e+00
  3.14958914e+02] 7.16636789150636
[-3.07522979e+00  2.02451354e-01  2.09643251e-01 -6.97003575e+00
  3.15985029e+02] 6.976126092008236
[-3.10972522e+00  9.56319894e-02 -5.60522439e-03 -7.42734492e+00
  3.19442872e+02] 7.427962672800349
[-3.14640335e+00  9.55238995e-02 -2.10992983e-03 -7.11800584e+00
  3.15951190e+02] 7.118647092767838
[-3.11120689e+00  4.26062442e-02  8.60244294e-02 -7.19099515e+00
  3.17535410e+02] 7.191635884062081
[-3.11594364e+00 -6.41800540e-02 -9.39016595e-02 -7.17408821e+00
  3.16420708e+02] 7.174989775185615
[-3.11853085e+00 -7.32758718e-02  8.40250836e-03 -7.41466034e+00
  3.18529426e+02] 7.415027165865613
[-3.18518197e+00 -3.53518145e-02  2.24539554e-01 -7.48193729e+00
  3.18953030e+02] 7.485389325559269
[-3.12809659e+00 -3.50178645e-03 -2.49826938e-01 -7.40608131e+00
  3.17998091e+02] 7.410294601312278
[-3.12702212e+00  2.52319952e-01 -9.35302206e-03 -7.04851295e+00
  3.13104192e+02] 7.053033928129916
[-3.16827324e+00 -4.98697647e-02  3.44493936e-02 -7.34928515e+00
  3.15427773e+02] 7.349535080844478
[-3.08324869e+00 -3.20805087e-02 -6.35559495e-02 -7.26198098e+00
  3.18955779e+02] 7.2623299513672075
[-3.10814034e+00  9.29010202e-02 -3.71028003e-01 -7.19336441e+00
  3.18615879e+02] 7.203525802214275
[-3.11431674e+00  7.62688177e-02  1.15823460e-01 -7.28276151e+00
  3.18245809e+02] 7.284081770355098
[-3.12473256e+00  1.66540023e-01 -7.24178694e-02 -7.39051293e+00
  3.16493605e+02] 7.392743829323377
[-3.15655736e+00  1.78261908e-02 -1.32359573e-01 -7.08557391e+00
  3.17603754e+02] 7.08683247422657
[-3.13015868e+00  1.13885184e-01 -2.12828657e-01 -7.11775706e+00
  3.14985192e+02] 7.121848878033356
[-3.09639937e+00  2.21881839e-01  3.83480173e-01 -7.13943465e+00
  3.17746422e+02] 7.153168230240019
[-3.13170303e+00 -3.75654057e-01 -2.46152645e-01 -7.04648930e+00
  3.17078011e+02] 7.060787388956899
[-3.13818866e+00 -4.67904256e-02  1.55314272e-01 -7.17208474e+00
  3.14461780e+02] 7.173918830822583
[-3.14656234e+00  1.24159408e-01  1.60574774e-01 -7.30687748e+00
  3.15286587e+02] 7.309696188055424
[-3.06128489e+00  2.57394065e-01  9.91429269e-02 -7.26921310e+00
  3.18220240e+02] 7.274444318399088
[-3.13850679e+00 -2.05521461e-01  1.48660337e-01 -7.22727236e+00
  3.17464453e+02] 7.231722112327432
[-3.16984058e+00 -8.56033764e-02  2.66451073e-01 -6.97426568e+00
  3.12742174e+02] 6.979878640827604
[-3.08082627e+00 -6.57114359e-02 -7.91455812e-02 -7.12854732e+00
  3.18129411e+02] 7.129289510821193
[-3.15620607e+00  1.13295669e-01  1.61445217e-01 -7.32532462e+00
  3.17694481e+02] 7.327979339786186
[-3.18111246e+00 -2.47143661e-01 -5.38351649e-02 -7.53554686e+00
  3.18836413e+02] 7.539790757626529
[-3.09345042e+00 -2.50708558e-01  4.76821843e-02 -7.13598558e+00
  3.16548262e+02] 7.140547500728263
[-3.22583931e+00  1.03204934e-01 -1.45471345e-01 -7.25512566e+00
  3.17299794e+02] 7.257317794045988
[-3.06071710e+00 -2.84773699e-01 -3.06510612e-02 -7.13712129e+00
  3.14612376e+02] 7.142866085196387
[-3.08351660e+00 -1.41469511e-01  1.25080553e-01 -7.48453419e+00
  3.18114352e+02] 7.486915972002122
[-3.14634460e+00 -2.92257075e-03  2.05687015e-01 -7.27757429e+00
  3.18786196e+02] 7.28048097556965
[-3.10969845e+00  1.87969120e-01 -1.16726513e-01 -7.27214421e+00
  3.17346256e+02] 7.275509529777449
[-3.08027650e+00  2.18674765e-01  2.27369239e-01 -7.43900583e+00
  3.16054824e+02] 7.44569158854976
[-3.06343143e+00  2.06956355e-01  7.78243938e-02 -7.07422323e+00
  3.15349762e+02] 7.077677720896668
[-3.20247244e+00  2.41391376e-02  1.04546323e-01 -7.54281742e+00
  3.18450089e+02] 7.543580528724491
[-3.18271357e+00  3.61341279e-01  2.16968396e-01 -7.38806201e+00
  3.18491352e+02] 7.4000745313366245
[-3.08647464e+00 -7.43698974e-02 -8.57128848e-02 -7.40227157e+00
  3.16277703e+02] 7.403141361860676
[-3.10590869e+00  1.83149985e-01  2.46250282e-01 -7.08895254e+00
  3.14469204e+02] 7.0955923760990185
[-3.16116052e+00 -2.95739478e-01  9.20274354e-02 -7.43785884e+00
  3.17711528e+02] 7.444304873195419
[-3.14340572e+00  2.28955462e-03  2.91839539e-02 -7.42625903e+00
  3.18905753e+02] 7.426316728967591
[-3.04040008e+00 -1.31014444e-01 -2.43181505e-01 -7.43032753e+00
  3.19248573e+02] 7.435460258123332
[-3.09354431e+00 -1.89048220e-02  1.39429996e-01 -7.19202473e+00
  3.18835936e+02] 7.193400990545999
[-3.14324156e+00 -9.08157608e-02  1.64746563e-01 -7.36969773e+00
  3.19131059e+02] 7.372098310871526
[-3.13801658e+00 -1.04561307e-01 -3.51651117e-01 -7.37375797e+00
  3.17064016e+02] 7.382878723287678
[-3.07462676e+00 -1.73227201e-02 -1.32830979e-01 -7.19885058e+00
  3.15133484e+02] 7.2000967932695605
[-3.08357551e+00 -1.19787286e-01  2.07400804e-01 -7.03143836e+00
  3.13425643e+02] 7.035516290065209
[-3.07397452e+00 -1.56411004e-01  3.35035210e-02 -7.03609644e+00
  3.13637518e+02] 7.0379144589908975
[-3.11391106e+00 -1.12542237e-01  2.19537386e-01 -7.22280879e+00
  3.18369141e+02] 7.22702077610105
[-3.06386511e+00 -1.09204965e-01  8.54894153e-02 -7.10754573e+00
  3.16347313e+02] 7.108898678471734
[-3.17870819e+00  3.08959662e-01  1.61987135e-01 -7.23056554e+00
  3.16810618e+02] 7.238976029701323
[-3.13076313e+00 -1.84239301e-02 -9.49947145e-02 -7.51951147e+00
  3.18794047e+02] 7.520134055052935
[-3.06715638e+00 -1.25029794e-01  6.79355053e-02 -7.20130139e+00
  3.15343324e+02] 7.202707085134765
[-3.16317911e+00  1.39464186e-01  7.95846939e-02 -7.22785028e+00
  3.16607010e+02] 7.229633717114667
[-3.12129122e+00 -8.74243988e-02 -5.84606159e-02 -7.16491815e+00
  3.16330245e+02] 7.165689973308747
[-3.09214239e+00 -8.50734574e-02 -8.94998298e-02 -7.14832791e+00
  3.17563959e+02] 7.149394357297486
[-3.09830267e+00 -4.24193205e-02 -1.90083347e-01 -6.88240782e+00
  3.14745853e+02] 6.885162927587766
[-3.17615394e+00  3.41056103e-01  4.47645675e-02 -7.49547727e+00
  3.15732142e+02] 7.5033660847011046
[-3.14107956e+00  4.83346979e-03 -1.50075852e-01 -6.99046214e+00
  3.14413896e+02] 6.992074586278463
[-3.20441875e+00 -3.04528961e-01  1.33228817e-01 -7.61388414e+00
  3.17989305e+02] 7.6211363613337175
[-3.04987096e+00  4.53736244e-02 -1.73790870e-02 -7.04926731e+00
  3.14430529e+02] 7.0494347583715
[-3.10000855e+00 -2.36454685e-01  4.87728412e-02 -7.24818782e+00
  3.15510376e+02] 7.252207683396576
[-3.05260396e+00  5.26341997e-02  3.58090164e-01 -7.12684160e+00
  3.15512988e+02] 7.1360262151135245
[-3.17889314e+00 -4.88922669e-02  2.96596904e-02 -7.45853803e+00
  3.18606061e+02] 7.458757251343978
[-3.00194087e+00  6.73826775e-02  1.19554049e-01 -6.87949605e+00
  3.16161444e+02] 6.8808647360494275
[-3.10164662e+00  1.22031027e-01 -1.29369308e-01 -7.47163712e+00
  3.18216992e+02] 7.473753352440203
[-3.04330029e+00  2.72159181e-01  8.14620152e-02 -7.13181210e+00
  3.17393749e+02] 7.137468070326854
[-3.12658389e+00 -1.33961075e-01  1.04251478e-01 -7.49034014e+00
  3.16133473e+02] 7.492263295136853
[-3.18927439e+00 -2.32052037e-02 -3.42908000e-01 -7.34025929e+00
  3.18833285e+02] 7.348301223067397
[-3.12128636e+00  1.45540456e-01  1.16676034e-01 -7.29453816e+00
  3.16729720e+02] 7.296922791829639
[-3.17210421e+00 -9.03809510e-02  4.46446081e-02 -7.23532541e+00
  3.18186799e+02] 7.236027611027307
[-3.15723901e+00  4.60164232e-02 -1.54072681e-01 -7.00956874e+00
  3.14729399e+02] 7.0114128229778485
[-3.11357977e+00  1.46156803e-02  3.44316355e-01 -7.36892814e+00
  3.16906372e+02] 7.37698240002613
[-3.21722930e+00  2.05141654e-01  1.77397155e-01 -7.19813247e+00
  3.15541835e+02] 7.2032398249130205
[-3.11548746e+00  3.77366753e-01 -1.41847373e-01 -7.31378528e+00
  3.19524301e+02] 7.324887809925643
[-3.12296795e+00  7.00993035e-02  5.07884421e-02 -7.08027404e+00
  3.16905742e+02] 7.080803188861587
[-3.04913158e+00 -2.11828690e-02  1.09641170e-01 -6.98755259e+00
  3.15392192e+02] 6.988444830754473
[-3.01769040e+00  1.80096175e-02  9.87160497e-02 -7.30614352e+00
  3.19732319e+02] 7.306832575593922
[-3.11459673e+00 -1.07573529e-01  2.35977731e-02 -7.18281630e+00
  3.16726847e+02] 7.183660555464463
[-3.08156802e+00 -1.79497965e-02 -1.88109681e-01 -7.41137619e+00
  3.18147359e+02] 7.413784756181479
[-3.04847763e+00  5.25735527e-02 -9.98656788e-02 -7.05518124e+00
  3.17265128e+02] 7.056083858218209
[-3.10128440e+00  7.47905029e-02  8.73142272e-02 -7.29343526e+00
  3.18111383e+02] 7.2943413214905455
[-3.12598435e+00  2.44710883e-01  1.20294513e-03 -7.06251108e+00
  3.16178641e+02] 7.066749435231799
[-3.13406871e+00  1.13041117e-02  2.50628347e-01 -7.32795040e+00
  3.14245775e+02] 7.332243816095972
[-3.09504315e+00 -4.74491646e-02 -1.20844295e-01 -7.16038956e+00
  3.18853352e+02] 7.161566407070165
[-3.14231619e+00  1.08732118e-01 -2.85701220e-03 -7.25360472e+00
  3.14999246e+02] 7.254420191224147
[-3.14992190e+00 -2.51888659e-01  5.08273968e-02 -7.29533646e+00
  3.16760859e+02] 7.2998606446941
[-3.08158240e+00 -1.62348347e-01 -1.89162220e-01 -7.21109361e+00
  3.16136596e+02] 7.215400911847881
[-3.17329189e+00  1.60022483e-01  1.15849203e-01 -7.46446518e+00
  3.17176196e+02] 7.467078990856072
[-3.14307192e+00  1.19890261e-01  1.60807337e-01 -7.23489249e+00
  3.14881076e+02] 7.2376724219509585
[-3.15848539e+00 -9.44054897e-02  1.12920340e-01 -7.16608620e+00
  3.14850383e+02] 7.1675975622572725
[-3.22751834e+00 -1.81416874e-01  1.23047224e-01 -7.39049814e+00
  3.16255721e+02] 7.393748404101852
[-3.11592417e+00  1.08351113e-01  1.00043804e-01 -7.09361055e+00
  3.15228255e+02] 7.09514336332542
[-3.13196120e+00 -1.64155961e-01  1.47731621e-01 -7.48168455e+00
  3.18928333e+02] 7.484943258523078
[-3.17556068e+00  1.34237182e-01 -1.58413974e-01 -7.16705667e+00
  3.16293390e+02] 7.170063867946421
[-3.15366985e+00  2.08795331e-01  7.63796144e-02 -7.29169943e+00
  3.16515508e+02] 7.2950880641399385
[-3.18073434e+00 -9.21432351e-02  2.96726373e-01 -7.17500704e+00
  3.17450653e+02] 7.181731193672378
[-3.15818661e+00 -7.09618176e-02  8.04779399e-03 -7.53595917e+00
  3.19797941e+02] 7.536297567314775
[-3.09707186e+00  1.44245886e-02  3.12884498e-01 -7.15544316e+00
  3.20346221e+02] 7.162295130900304
[-3.16021835e+00  2.61294751e-01 -8.89073312e-02 -7.40090440e+00
  3.16938936e+02] 7.4060492393025035
[-3.11113129e+00 -1.26180371e-01 -2.13366349e-01 -7.31556225e+00
  3.19037674e+02] 7.319760768880004
[-3.11006526e+00  1.86768828e-01  3.75499176e-02 -7.32919707e+00
  3.17933627e+02] 7.331672539366081
[-3.16629766e+00  1.46390938e-01  1.69870883e-01 -7.34798122e+00
  3.17479704e+02] 7.351402212454952
[-3.20424732e+00 -4.01236334e-02 -8.43319405e-02 -7.69796268e+00
  3.21684277e+02] 7.698529163502104
[-3.15575524e+00 -9.56993307e-04 -6.03265969e-02 -6.72761165e+00
  3.11437847e+02] 6.727882187466091
[-3.13648500e+00  7.06298637e-04 -1.84995734e-01 -7.28271083e+00
  3.16895640e+02] 7.285060115545111
[-3.23771274e+00  4.38290365e-01  3.93996248e-02 -7.33993494e+00
  3.13920706e+02] 7.353114692843728
[-3.03354708e+00  1.14343323e-01  1.61415994e-01 -7.34488617e+00
  3.16722518e+02] 7.347549412817117
[-3.16293715e+00 -8.96064320e-02  2.82825551e-02 -7.44012701e+00
  3.18559944e+02] 7.440720336272787
[-3.14240166e+00  2.75251539e-02  2.59384760e-01 -7.25105822e+00
  3.16481813e+02] 7.255748301991685
[-3.13104123e+00  1.00772991e-01  2.76132052e-01 -7.07316873e+00
  3.15107398e+02] 7.079273976441095
[-3.10341211e+00  8.28842623e-02  1.78040227e-02 -6.89924144e+00
  3.15203351e+02] 6.899762262591312
[-3.10525322e+00 -1.69259305e-01  2.28727445e-01 -7.21215141e+00
  3.18134126e+02] 7.217762323974142
[-3.08809248e+00  1.96761116e-01  3.33806354e-02 -7.34721758e+00
  3.16855606e+02] 7.349927580305983
[-3.06227916e+00 -2.54629158e-02  1.92129278e-01 -7.13586348e+00
  3.16429755e+02] 7.138494910903862
[-3.09544948e+00  7.73810866e-02 -9.87941413e-02 -7.21725790e+00
  3.16103587e+02] 7.218348825774591
[-3.06695289e+00 -2.49669823e-01  3.04220939e-01 -7.13871280e+00
  3.17134560e+02] 7.149552844778759
[-3.12835014e+00  2.32068845e-01  1.55517122e-02 -7.35845157e+00
  3.16125041e+02] 7.362126552594074
[-3.06565149e+00  2.32480115e-02 -2.25842188e-01 -7.07789390e+00
  3.16890437e+02] 7.0815342460945745
[-3.12330239e+00 -1.39726855e-02 -1.77565345e-01 -6.86142637e+00
  3.14176777e+02] 6.863737796740098
[-3.11449902e+00 -3.88526237e-02  2.41670310e-01 -7.33363499e+00
  3.17928154e+02] 7.337718738142454
[-3.16602655e+00 -1.10018753e-01 -7.09038357e-02 -7.50493897e+00
  3.19522192e+02] 7.506080231748492
[-3.18759024e+00  1.54082443e-02 -2.23113859e-01 -7.48592295e+00
  3.20011349e+02] 7.489262953481764
[-3.12397690e+00  1.16100436e-01  5.10485072e-02 -7.30478629e+00
  3.16069006e+02] 7.305887213905389
[-3.13335109e+00  7.08441338e-02  4.83409653e-02 -7.08221935e+00
  3.15241592e+02] 7.082738639298483
[-3.07155795e+00 -2.47950590e-01  1.56105134e-01 -7.35249329e+00
  3.18672862e+02] 7.358329016696057
[-3.11913370e+00  1.42856087e-01 -7.38712499e-02 -7.42095419e+00
  3.16858869e+02] 7.422696676930635
[-3.10904588e+00 -1.14543892e-01 -8.44827561e-02 -7.18809672e+00
  3.18067517e+02] 7.189505690357865
[-3.15510212e+00  4.75719383e-02  2.24040532e-01 -7.31007643e+00
  3.17834377e+02] 7.313663563962353
[-3.19919298e+00  4.31131098e-02  1.71017324e-01 -7.39118381e+00
  3.17882607e+02] 7.393287750669585
[-3.06578766e+00  2.38530048e-01 -1.36220814e-01 -7.25391570e+00
  3.17328869e+02] 7.259114658292313
[-3.08836372e+00 -2.56453111e-01 -5.27185843e-02 -7.22312564e+00
  3.17670692e+02] 7.227869080707753
[-3.14895208e+00  1.76631323e-02 -7.39170165e-02 -7.49628461e+00
  3.17713963e+02] 7.496669835914046
[-3.16087109e+00  6.34215645e-02 -1.40955253e-01 -7.38632366e+00
  3.17686061e+02] 7.38794070925157
[-3.05406640e+00 -3.71556014e-01 -1.73242416e-01 -7.21784722e+00
  3.17263704e+02] 7.229480287854456
[-3.12064882e+00  4.63144979e-03 -8.83319817e-02 -7.13035105e+00
  3.16238683e+02] 7.130899664820201
[-3.08071022e+00  2.09554428e-01  1.45550629e-01 -7.19953076e+00
  3.14905463e+02] 7.204050329166
[-3.05513085e+00  2.76719466e-01  2.42486706e-01 -6.90456294e+00
  3.15540330e+02] 6.914359177785906
[-3.11679139e+00 -1.53774831e-02  2.40275131e-01 -7.23455621e+00
  3.15488334e+02] 7.2385614718430356
[-3.15613051e+00 -7.52394413e-02 -4.46068786e-02 -7.05259571e+00
  3.15830918e+02] 7.05313809151535
[-3.08435034e+00 -7.12325640e-02 -4.04633840e-01 -7.38894628e+00
  3.17746876e+02] 7.4003601091097355
[-3.16362756e+00 -2.45729387e-01  3.50312781e-01 -7.27659464e+00
  3.15549700e+02] 7.289165349608258
[-3.13347798e+00 -1.06394119e-01 -1.10284763e-01 -7.42608400e+00
  3.18042442e+02] 7.427664909989016
[-3.18536051e+00 -1.80174754e-02 -1.19264132e-03 -7.21442725e+00
  3.15968795e+02] 7.214449848098193
[-3.15218842e+00  2.99452199e-02 -1.88247116e-01 -7.32675942e+00
  3.15069946e+02] 7.329238515798497
[-3.12335180e+00 -1.46583172e-01 -1.32692273e-01 -7.16367779e+00
  3.17041645e+02] 7.1664058885341895
[-3.05133928e+00 -1.49687376e-01  9.88938304e-02 -7.14203779e+00
  3.15840598e+02] 7.14429073141527
[-3.20522734e+00  6.79508849e-02  1.29984186e-01 -7.35898294e+00
  3.18362723e+02] 7.360444489132061
[-3.20843599e+00  6.50203110e-02  1.36130570e-01 -7.25936290e+00
  3.15697789e+02] 7.26093030528021
[-3.03881143e+00  1.12334013e-01  3.02148256e-01 -7.04578979e+00
  3.18044770e+02] 7.0531600192964765
[-3.17238619e+00  1.37834413e-01 -2.29265712e-01 -7.26211494e+00
  3.16375510e+02] 7.267040287371133
[-3.18503032e+00  2.23018766e-01  1.68103349e-01 -7.42464987e+00
  3.18090750e+02] 7.42990052245938
[-3.13130915e+00  1.61735227e-01 -9.97982799e-02 -7.37198841e+00
  3.16934678e+02] 7.374437676266528
[-3.07356085e+00 -1.86687873e-01 -1.39975812e-01 -6.97610904e+00
  3.17233926e+02] 6.980010240349024
[-3.10306614e+00 -2.17572208e-01  1.04841304e-01 -7.18511553e+00
  3.16540334e+02] 7.189173422758867
[-3.16033769e+00 -1.42014872e-01 -4.35382223e-02 -7.61325371e+00
  3.17820153e+02] 7.614702609093152
[-3.08517100e+00  1.83680309e-01  1.48166078e-01 -6.92013774e+00
  3.16190737e+02] 6.924160452393139
[-3.13156818e+00  3.01884266e-01  2.44529972e-01 -7.39320265e+00
  3.18313346e+02] 7.403402896987883
[-3.11676762e+00 -2.33714261e-02 -1.53589313e-02 -7.34148891e+00
  3.17545007e+02] 7.3415421772232605
[-3.06054650e+00  1.60071079e-01 -6.79922918e-02 -7.11347470e+00
  3.18478343e+02] 7.115600324706023
[-3.17535656e+00 -3.21670915e-03  2.79321514e-01 -7.64418912e+00
  3.20233728e+02] 7.6492913514933445
[-3.09062110e+00 -1.54157698e-01 -4.15934527e-01 -7.03660902e+00
  3.16763100e+02] 7.0505767580778365
[-3.11497307e+00  4.92268120e-02  3.73108885e-02 -7.31808699e+00
  3.15689441e+02] 7.318347670512758
[-3.14223363e+00  1.87914635e-01 -3.92407342e-03 -7.43460821e+00
  3.18103742e+02] 7.436983703462148
[-3.13213247e+00  2.76127161e-01  9.51742537e-02 -7.37921703e+00
  3.16344126e+02] 7.384994808944481
[-3.08352601e+00 -1.37093019e-01 -1.34583769e-01 -7.18748881e+00
  3.16613829e+02] 7.190055823992135
[-3.04869558e+00 -2.34542620e-01 -8.56041806e-02 -7.20400466e+00
  3.17597961e+02] 7.2083300083063175
[-3.02522283e+00  2.09943480e-02  2.40860762e-01 -7.09094834e+00
  3.17710327e+02] 7.0950689200276145
[-3.04164883e+00 -3.74841119e-02  2.78665029e-02 -7.40460257e+00
  3.19464399e+02] 7.404749882460014
[-3.14764408e+00 -1.97747492e-01  3.28437686e-01 -7.01341126e+00
  3.15037554e+02] 7.02388160719175
[-3.07888932e+00 -1.62681867e-01  1.06835831e-01 -7.17748929e+00
  3.17719832e+02] 7.180127561742113
[-3.08592722e+00  1.94801111e-01  1.14703363e-01 -6.95756977e+00
  3.18545664e+02] 6.961241371317465
[-3.18891707e+00 -1.94058528e-01 -7.60907512e-02 -7.44940363e+00
  3.18775586e+02] 7.452319302106422
[-3.07111617e+00 -5.00530745e-02 -1.25519132e-01 -7.59014380e+00
  3.18126295e+02] 7.5913466083319365
[-3.07616093e+00 -1.64953864e-02  4.15773317e-01 -7.13186560e+00
  3.16290344e+02] 7.143993732266201
[-3.07354671e+00  1.62537568e-01  1.40628059e-01 -7.52474706e+00
  3.20474441e+02] 7.527815957623414
[-3.15844672e+00 -1.54663466e-01  3.45249963e-01 -7.01735950e+00
  3.14085188e+02] 7.027549545765324
[-3.09772643e+00 -2.74449582e-01  3.00866572e-01 -6.94705606e+00
  3.11569434e+02] 6.9589820496174895
[-3.17522780e+00 -1.03508973e-01  4.89509974e-02 -7.51713828e+00
  3.17897971e+02] 7.518010260295865
[-3.14618479e+00 -1.96412243e-02  4.41148822e-03 -7.33128642e+00
  3.16446653e+02] 7.331314059327178
[-3.11798473e+00  2.84740406e-01 -9.20944331e-02 -7.32544294e+00
  3.18607331e+02] 7.331553233843704
[-3.15817333e+00  9.04224290e-02  5.41693418e-02 -7.29908955e+00
  3.17632549e+02] 7.299850597470436
[-3.21741230e+00  6.63719718e-02 -3.76211921e-02 -7.08763056e+00
  3.14659567e+02] 7.088041159644273
[-3.10440186e+00 -1.27111064e-01 -2.34076633e-01 -6.98981032e+00
  3.16555063e+02] 6.994883662033718
[-3.09084220e+00  1.03570419e-01  6.20013468e-03 -7.20868694e+00
  3.15097284e+02] 7.209433585179615
[-3.23363721e+00  3.32609931e-01 -8.13856710e-02 -7.35052316e+00
  3.17052549e+02] 7.358494666493077
[-3.10574366e+00  1.49510556e-01 -1.93750375e-01 -7.34788826e+00
  3.18808434e+02] 7.351962626615598
[-3.14244036e+00 -3.97574415e-01 -2.40490608e-01 -6.90974397e+00
  3.16131333e+02] 6.925349297411032
[-3.13921189e+00 -1.36714286e-01 -1.11258664e-01 -7.18535969e+00
  3.15206175e+02] 7.187521349901648
[-3.13758326e+00 -3.18464288e-01  1.33323653e-01 -7.31691341e+00
  3.19478046e+02] 7.325054031554319
[-3.08284849e+00  1.40784261e-01 -3.62822620e-01 -7.14488197e+00
  3.16278151e+02] 7.155473349325874
[-3.05960072e+00  9.22001444e-02  1.84333087e-01 -7.15048275e+00
  3.17287024e+02] 7.15345252767711
[-3.10569369e+00 -1.64383680e-02 -9.38104535e-02 -7.19677835e+00
  3.15087949e+02] 7.197408505438087
[-3.11690390e+00  2.69484307e-01  2.95241055e-02 -7.33797321e+00
  3.18436400e+02] 7.342979255011563
[-2.98141067e+00 -2.37504861e-01 -1.57660386e-01 -6.92003156e+00
  3.16424825e+02] 6.925900821526102
[-3.15797566e+00 -2.97192490e-01  2.71163586e-01 -7.33961306e+00
  3.18425071e+02] 7.3506307868427
[-3.15567479e+00 -1.27683752e-01 -1.98497622e-01 -7.42300862e+00
  3.20780878e+02] 7.426759814671431
[-3.08873097e+00  3.85217998e-02 -1.84558235e-02 -7.35797343e+00
  3.16863572e+02] 7.358097408977996
[-3.14749824e+00 -5.35880613e-02 -2.64267365e-01 -7.36945527e+00
  3.17986286e+02] 7.374386750956253
[-3.06919701e+00 -1.97453186e-01 -1.91184835e-01 -7.17391701e+00
  3.17816528e+02] 7.179179944426706
[-3.07156623e+00  3.28828936e-01  7.36274428e-03 -7.17752561e+00
  3.18435725e+02] 7.185057865832254
[-3.06751504e+00  2.29481114e-02  1.73330319e-01 -7.00118777e+00
  3.16749312e+02] 7.003370632471622
[-3.06575225e+00 -2.33364996e-01  1.27586730e-01 -7.15409019e+00
  3.18943067e+02] 7.159032344621746
[-3.11267497e+00 -3.41503051e-01 -1.41359930e-01 -7.25332259e+00
  3.18295995e+02] 7.262733335138916
[-3.16599234e+00 -2.70787181e-01 -7.33663256e-02 -7.31492838e+00
  3.18021399e+02] 7.320306382053329
[-3.09694163e+00  2.00547386e-01 -2.09314306e-01 -7.35847933e+00
  3.19051542e+02] 7.364186973372034
[-3.11201033e+00  1.14072993e-01  1.59249425e-01 -7.04017766e+00
  3.15657731e+02] 7.0429024227957955
[-3.12497699e+00  2.39577222e-01 -3.36375321e-01 -7.35823709e+00
  3.17357677e+02] 7.369816729218402
[-3.13764793e+00  8.77271129e-02  2.09091647e-01 -7.05376349e+00
  3.15673525e+02] 7.057407081788173
[-3.09272913e+00 -5.79613277e-02  1.16627964e-01 -7.50596230e+00
  3.18738471e+02] 7.507092094795635
[-3.14463971e+00 -9.30350336e-02 -1.32376182e-01 -7.14840295e+00
  3.15631733e+02] 7.150233821030796
[-3.11159726e+00  1.33031523e-01  8.55308420e-02 -7.16855749e+00
  3.16062412e+02] 7.1703019083613215
[-3.08999019e+00  1.88296830e-01  1.98242230e-01 -7.39379360e+00
  3.16134922e+02] 7.398847167502613
[-3.24054231e+00  1.33099049e-01 -2.18044461e-01 -7.49893154e+00
  3.18420034e+02] 7.503281484301481
[-3.15136778e+00 -2.96060169e-01  1.70778018e-01 -7.23018731e+00
  3.14707234e+02] 7.238261208372057
[-3.15470060e+00 -5.38925747e-02 -7.80847737e-02 -7.11732710e+00
  3.16333537e+02] 7.117959444546705
[-3.12360707e+00  8.43651947e-02 -2.13717938e-02 -7.52928253e+00
  3.21035415e+02] 7.529785496891692
[-3.11875513e+00 -1.49033266e-01  1.51661272e-01 -7.18230952e+00
  3.16152392e+02] 7.185456289860713
[-3.18889006e+00  2.73479831e-01 -2.86006893e-01 -6.99147454e+00
  3.13579457e+02] 7.00266430878372
[-3.20836865e+00  3.10775134e-02  3.73469394e-02 -7.20266156e+00
  3.15370177e+02] 7.202825432425896
[-3.09006838e+00  3.03296403e-02  1.30628568e-02 -6.93652438e+00
  3.13093302e+02] 6.936602982410195
[-3.07947823e+00 -3.04115995e-01 -1.23472876e-01 -7.12916140e+00
  3.17728044e+02] 7.136713134869946
[-3.04355096e+00  1.22203561e-01 -4.32435419e-03 -7.06516389e+00
  3.15731037e+02] 7.0662219942106566
[-3.08730852e+00 -3.31508247e-02 -2.69963254e-02 -7.23930605e+00
  3.18187490e+02] 7.239432293425761
[-3.11443852e+00 -1.95345973e-01  2.56621123e-01 -7.25269730e+00
  3.17117284e+02] 7.259864503312747
[-3.15369288e+00 -1.21362792e-01  1.69614030e-01 -7.34569053e+00
  3.18216069e+02] 7.348650707061666
[-3.17209490e+00 -8.49890757e-02 -1.63520783e-01 -7.31554463e+00
  3.16559481e+02] 7.317865497658713
[-3.07609667e+00 -9.13532751e-03  1.38016699e-01 -7.21796200e+00
  3.17738864e+02] 7.219287185547595
[-3.04209900e+00  1.18551163e-01 -3.44431820e-02 -7.12051767e+00
  3.14914800e+02] 7.121587784920719
[-3.04609485e+00 -4.28122989e-02 -7.05482662e-02 -7.19838465e+00
  3.17998721e+02] 7.1988576543081235
[-3.10013539e+00 -6.64337195e-02  2.21512259e-01 -7.42612420e+00
  3.18824956e+02] 7.429724209228735
[-3.15945283e+00 -1.51803252e-01 -5.13891024e-02 -7.49910319e+00
  3.19884495e+02] 7.500815533651024
[-3.09008753e+00  3.54600434e-02  5.45020760e-03 -7.25016993e+00
  3.17210645e+02] 7.250258689464922
[-3.14699135e+00 -5.06811077e-02  3.90512019e-02 -6.78472705e+00
  3.14038232e+02] 6.785028722366942
[-3.09406977e+00 -3.15635216e-02  7.39329034e-02 -7.49942206e+00
  3.19039213e+02] 7.499852898663214
[-3.13340467e+00  4.94901347e-02 -4.02000876e-02 -7.05574662e+00
  3.15709658e+02] 7.056034700792945
[-3.18544355e+00 -2.04961682e-01  1.31741702e-01 -7.15482084e+00
  3.16823511e+02] 7.158968254813025
[-3.06968377e+00  2.42607624e-01 -1.44480985e-01 -7.30424880e+00
  3.19209488e+02] 7.309704760182639
[-3.08002298e+00  2.83147379e-02  2.28962126e-01 -7.11457591e+00
  3.17156530e+02] 7.118315510651076
[-3.09143433e+00 -1.53879619e-01 -5.79208943e-03 -7.58530697e+00
  3.20033974e+02] 7.586869862077942
[-3.06644620e+00 -1.99606693e-01  7.05292788e-02 -7.45844281e+00
  3.17903691e+02] 7.461446664169534
[-3.18876082e+00  6.66870521e-02 -2.00663849e-01 -7.47448103e+00
  3.17167323e+02] 7.4774714832737885
[-3.04610487e+00  1.14539546e-01 -1.97188135e-02 -6.94689009e+00
  3.16102289e+02] 6.947862263818781
[-3.04346156e+00  9.29838135e-02 -4.40467272e-02 -7.40383464e+00
  3.17080779e+02] 7.404549509190526
[-3.13020023e+00 -2.95684766e-02  2.33745189e-01 -7.38228848e+00
  3.19440765e+02] 7.386047274577697
[-3.04360358e+00  1.69824589e-01  1.72496793e-01 -7.30750301e+00
  3.19351507e+02] 7.311511187153245
[-3.08420882e+00  1.60589044e-01  6.94282474e-02 -7.22227092e+00
  3.16508149e+02] 7.22438968875004
[-3.10012834e+00 -1.00379740e-01  2.86295799e-01 -7.37376539e+00
  3.17837687e+02] 7.380003891889569
[-3.11170890e+00  1.37317733e-01 -9.54901377e-02 -7.40142147e+00
  3.19256551e+02] 7.403311037076044
[-3.07733974e+00  7.01275639e-02  7.53526368e-02 -7.05588537e+00
  3.17680881e+02] 7.056636183214779
[-3.11758249e+00 -1.80337716e-01  7.92966094e-02 -7.45044514e+00
  3.17996985e+02] 7.453049208319119
[-3.10031199e+00  1.26058637e-01 -8.27314530e-02 -7.07244984e+00
  3.15594821e+02] 7.074056966863912
[-3.15918439e+00  1.94272022e-01  1.14221135e-01 -7.38940788e+00
  3.18720262e+02] 7.392843625880101
[-3.25321325e+00  1.84010529e-01  1.49152873e-01 -7.60332563e+00
  3.19150239e+02] 7.607014334901
[-3.04970624e+00 -8.89973185e-02 -1.22541495e-01 -7.29312564e+00
  3.18565682e+02] 7.29469797517812
[-3.14649123e+00 -2.20300772e-01 -3.98014704e-03 -7.06108714e+00
  3.17157804e+02] 7.064524032336581
[-3.11676595e+00  1.22804779e-01  2.39004891e-01 -7.41246877e+00
  3.19092834e+02] 7.417337637575193
[-3.20345880e+00  2.84623308e-01 -1.83693301e-02 -7.55067610e+00
  3.17318334e+02] 7.556060969355988
[-3.11721067e+00  2.19292663e-01  7.69080280e-02 -7.36927253e+00
  3.18628843e+02] 7.372935761814641
[-3.17844728e+00 -8.35778157e-02 -2.43491296e-01 -7.42206063e+00
  3.15523088e+02] 7.426523905095414
[-3.14733875e+00  1.24364719e-01 -1.70979914e-01 -6.98855783e+00
  3.15795088e+02] 6.9917552309933795
[-3.20312653e+00  9.87273373e-02 -7.96588911e-02 -7.33199601e+00
  3.17319299e+02] 7.3330933561546505
[-3.09519307e+00 -8.16090564e-02  2.04235102e-01 -7.21167870e+00
  3.15656507e+02] 7.215031649212637
[-3.18541749e+00 -1.05196997e-01 -1.72754844e-01 -7.21222208e+00
  3.14545825e+02] 7.215057722211382
[-3.07463189e+00 -3.85664138e-02 -2.23873709e-01 -7.37004471e+00
  3.15982980e+02] 7.373545001779395
[-3.10565181e+00 -1.31459867e-01  2.27084466e-01 -7.54441761e+00
  3.17483415e+02] 7.548979149431457
[-3.10767966e+00 -8.56221669e-04 -5.38402138e-02 -7.14507341e+00
  3.16977612e+02] 7.145276310470444
[-3.14637025e+00 -8.11768181e-02 -1.66397126e-01 -7.35754486e+00
  3.18138649e+02] 7.359873915434884
[-3.09596274e+00 -2.78468221e-01 -1.39802468e-02 -7.27072189e+00
  3.18562355e+02] 7.276066027108818
[-3.11850897e+00 -2.16146058e-01 -1.26728355e-02 -7.12588162e+00
  3.15823322e+02] 7.129170259703766
[-3.13680295e+00 -5.76653165e-03 -5.14947100e-02 -7.31507599e+00
  3.19427613e+02] 7.315259510275989
[-3.18275330e+00 -2.45852499e-01 -9.80017920e-02 -7.31404308e+00
  3.17389378e+02] 7.318830093397648
[-3.10752885e+00  1.35167116e-01  8.18673635e-02 -7.00813507e+00
  3.12766309e+02] 7.009916513922442
[-3.08858662e+00 -1.19273696e-01 -1.83565601e-01 -7.07272221e+00
  3.17323530e+02] 7.076109239527561
[-3.13219001e+00  2.44568402e-02  3.62184949e-01 -7.42838133e+00
  3.19666155e+02] 7.437245811207795
[-3.17824794e+00 -1.02532878e-01 -1.07140308e-01 -7.42236267e+00
  3.17490401e+02] 7.4238439974327495
[-3.18284674e+00  1.71804596e-01 -6.58394371e-02 -7.20745856e+00
  3.16652730e+02] 7.209806557442314
[-3.12703399e+00  8.62100947e-03  1.61577808e-02 -7.26718922e+00
  3.18537420e+02] 7.2672122988551315
[-3.12310612e+00 -9.69262142e-02 -1.75819350e-01 -7.13323760e+00
  3.15514382e+02] 7.1360623404053705
[-3.22455477e+00  6.56453778e-02  2.11060233e-01 -7.46477369e+00
  3.16954677e+02] 7.468045393498763
[-3.03936932e+00 -3.51279104e-01 -1.03421512e-01 -7.02577495e+00
  3.16169587e+02] 7.035311416292925
[-3.09768416e+00 -5.54804456e-02  1.37653679e-01 -7.44658989e+00
  3.18694356e+02] 7.448068714184626
[-3.10081689e+00 -3.19276279e-02  4.46605467e-02 -7.15938648e+00
  3.16417187e+02] 7.159596965395757
[-3.16675744e+00  3.99337875e-03  1.08730424e-01 -7.22031721e+00
  3.14808432e+02] 7.221136953753574
[-3.20720784e+00  2.07989411e-02  7.74058787e-02 -7.24434314e+00
  3.14797893e+02] 7.244786523132778
[-3.12461030e+00 -2.22449367e-01  7.26211841e-02 -6.98934931e+00
  3.15218332e+02] 6.993265422197526
[-3.09154066e+00  2.41223709e-02 -1.96740026e-01 -7.19012811e+00
  3.15487654e+02] 7.192859703478834
[-3.10657035e+00  9.19341406e-02  1.19833232e-01 -7.04926115e+00
  3.14594516e+02] 7.050878996698199
[-3.19486815e+00 -2.07620048e-01 -8.79640275e-02 -7.33436873e+00
  3.16216075e+02] 7.337834039580757
[ -3.02340522  -0.32275505   0.34150842  -7.05514584 319.11074371] 7.070776592896133
[-3.11628573e+00 -8.26633401e-02 -1.26097159e-01 -7.09814749e+00
  3.17248906e+02] 7.099748688581007
[-3.05253410e+00  3.36962469e-02  1.07945771e-01 -6.93038994e+00
  3.14738254e+02] 6.931312464898195
[-3.12115736e+00 -2.19438619e-01 -4.76330128e-02 -7.08013810e+00
  3.15203801e+02] 7.083698027491486
[-3.17134534e+00 -1.33996065e-01 -4.43353059e-02 -7.49379314e+00
  3.22148641e+02] 7.49512215529538
[-3.20464816e+00  3.84637139e-02  2.74066125e-01 -7.06093216e+00
  3.15112073e+02] 7.066353702428894
[-3.16501517e+00 -3.30355863e-01 -4.19164342e-03 -7.30007392e+00
  3.18636296e+02] 7.307546224341648
[-3.09406561e+00  3.52330412e-01  5.70298057e-02 -7.00813610e+00
  3.16064866e+02] 7.017218876351355
[-3.05691896e+00 -7.94641094e-02  6.64122223e-02 -7.09203067e+00
  3.17726426e+02] 7.092786772794566
[-3.11696512e+00  1.52834162e-02 -1.71316894e-01 -7.26516064e+00
  3.17809726e+02] 7.2671963067403045
[-3.16854371e+00 -2.33117083e-01  1.08522760e-01 -7.24000913e+00
  3.13947963e+02] 7.244574034499343
[-3.09075021e+00  1.19671276e-01 -9.66218910e-02 -6.97111384e+00
  3.15689997e+02] 6.9728104232446535
[-3.08719098e+00 -2.19484772e-01 -1.94509362e-01 -7.28253766e+00
  3.19260730e+02] 7.288440316693902
[-3.14978762e+00 -6.46640936e-02 -5.19085879e-02 -7.58330489e+00
  3.18683727e+02] 7.583758238480378
[-3.16430923e+00 -6.22457824e-02 -3.76615310e-03 -7.18891427e+00
  3.15522499e+02] 7.189184734990515
[-3.08961165e+00 -8.47007728e-03 -9.54885770e-02 -6.87545123e+00
  3.14324698e+02] 6.876119505179444
[-3.10372899e+00 -8.57664808e-02  1.54245070e-01 -7.34911544e+00
  3.18023587e+02] 7.3512342650412
[-3.07696453e+00 -1.52973178e-01  1.64654884e-01 -7.32664253e+00
  3.20193057e+02] 7.330088861723281
[-3.10688462e+00  3.73285381e-02 -1.24430050e-01 -7.49008848e+00
  3.18322042e+02] 7.491214970265261
[-3.22754814e+00 -2.65008754e-01 -1.07699367e-02 -7.38940897e+00
  3.17167488e+02] 7.3941673310420795
[-3.06900361e+00 -1.14532812e-01 -1.74816153e-02 -7.25069770e+00
  3.18019401e+02] 7.25162330111132
[-3.08720450e+00 -2.47952621e-01 -1.03681503e-02 -7.28438155e+00
  3.19780362e+02] 7.288607728720673
[-3.06547077e+00  8.72488582e-02  2.35106416e-01 -6.99788432e+00
  3.15911463e+02] 7.002376196475576
[-3.15607417e+00  1.06157067e-01 -1.39971402e-01 -7.27048295e+00
  3.18165960e+02] 7.272605013699915
[-3.25998363e+00  6.78020215e-02 -8.32020882e-02 -7.25900689e+00
  3.14717556e+02] 7.259800318580888
[-3.09790810e+00 -1.13114351e-01 -1.00388478e-01 -7.37508649e+00
  3.17804545e+02] 7.376637005078647
[-3.08375265e+00  2.81134513e-02  3.57864095e-01 -7.00238045e+00
  3.14260220e+02] 7.011575361491988
[-3.14042161e+00  3.22019268e-02  1.84331309e-01 -7.33333843e+00
  3.18166402e+02] 7.335725424230706
[-3.05805902e+00 -9.94686489e-02  9.43662184e-02 -7.03031903e+00
  3.14145379e+02] 7.031655893467357
[-3.14558721e+00  1.76657284e-01 -1.14049506e-01 -7.39913183e+00
  3.15736457e+02] 7.402119079845071
[-3.12977640e+00 -7.71565537e-02 -1.91834248e-02 -7.30239190e+00
  3.15978270e+02] 7.302824700831309
[-3.10725112e+00 -8.08671934e-02 -1.10754626e-01 -7.31967257e+00
  3.16908439e+02] 7.320957081491135
[-3.11286952e+00 -7.00845868e-02 -2.01692436e-01 -6.88656867e+00
  3.15641620e+02] 6.889878061550144
[-3.18830972e+00 -6.78816348e-02 -2.46404674e-01 -7.33187807e+00
  3.18856545e+02] 7.3363314515054405
[-3.26106790e+00  4.42699086e-01 -2.46240695e-01 -7.34498935e+00
  3.14871795e+02] 7.362437470585124
[-2.98666152e+00 -2.09699647e-01  9.93945720e-02 -7.47022686e+00
  3.21014861e+02] 7.473830515987227
[-3.06112269e+00 -1.16387803e-01  5.10056152e-02 -7.51086234e+00
  3.20659776e+02] 7.511937217207494
[-3.10838245e+00  9.62351495e-02 -4.26640145e-02 -7.23170722e+00
  3.16828213e+02] 7.232473349317036
[-3.06509876e+00 -5.99655586e-02  1.76700247e-02 -7.09963511e+00
  3.16912248e+02] 7.099910332288644
[-3.13862623e+00 -1.74631603e-02  1.05836789e-01 -7.06985275e+00
  3.18347161e+02] 7.070666469172826
[-3.10536847e+00 -4.98207022e-02 -2.48024369e-02 -7.49637540e+00
  3.19989029e+02] 7.49658198229109
[-3.09732631e+00 -5.35331403e-03  5.46659104e-02 -7.13950204e+00
  3.16914877e+02] 7.1397133251073335
[-3.11374856e+00 -6.24424330e-02  8.09276476e-02 -7.14540451e+00
  3.16048116e+02] 7.146135597933588
[-3.22242041e+00 -2.14494664e-01 -1.11832531e-01 -7.54756016e+00
  3.17219931e+02] 7.551435552991455
[-3.13640255e+00  2.72350883e-01 -2.17938683e-02 -7.56128333e+00
  3.17433306e+02] 7.5662180521179145
[-3.06990121e+00  1.18582649e-02  3.42289147e-01 -7.18025073e+00
  3.19084084e+02] 7.188414500124029
[-3.06974198e+00  2.02077379e-01 -9.38142933e-02 -6.97751727e+00
  3.16015015e+02] 6.981073245669596
[-3.17294342e+00  1.22642003e-01 -4.24823058e-02 -6.99156224e+00
  3.12970175e+02] 6.992766858913154
[-3.17833871e+00  4.15404607e-01  1.28907423e-02 -7.30499836e+00
  3.16682291e+02] 7.316811344494253
[-3.15887445e+00  6.85620495e-02 -3.00683857e-01 -7.19389172e+00
  3.16821911e+02] 7.200499260175184
[-3.11738773e+00  9.48738257e-02 -1.25088765e-01 -7.19242380e+00
  3.17683041e+02] 7.1941370851258135
[-3.15759692e+00 -1.07691450e-01 -3.86161358e-02 -7.52813558e+00
  3.19535291e+02] 7.529004842539222
[-3.09455564e+00 -2.15948173e-01  8.91577441e-02 -7.04641480e+00
  3.16115694e+02] 7.050286824490402
[-3.13291798e+00 -2.25593165e-01 -1.88726287e-01 -7.41499948e+00
  3.18316883e+02] 7.4208306291255335
[-3.06318214e+00  2.30191687e-01  5.18611254e-02 -7.39210942e+00
  3.16528404e+02] 7.395874492723468
[-3.10372413e+00 -1.57414158e-01 -1.15338770e-01 -7.32329818e+00
  3.19186753e+02] 7.325897794458888
[-3.13413753e+00  6.09264583e-02  2.61080691e-01 -7.16935557e+00
  3.15810693e+02] 7.174366485571305
[-3.06831873e+00 -8.44169166e-02  1.23492787e-02 -7.60218061e+00
  3.22401268e+02] 7.602659323485909
[-3.13559974e+00 -7.56229123e-02 -1.48639969e-01 -7.16491321e+00
  3.14674116e+02] 7.166853838203444
[-3.09745336e+00 -2.90847972e-01  1.52810375e-01 -7.58378003e+00
  3.20928598e+02] 7.590893434945737
[-3.08683639e+00 -2.38102730e-01  5.87625061e-02 -7.40359715e+00
  3.19178762e+02] 7.407657979230606
[-3.11309938e+00 -6.14954905e-02  1.00088837e-01 -7.10998160e+00
  3.16694418e+02] 7.11095196072137
[-3.10276625e+00 -2.14883919e-01 -1.99155486e-01 -7.25654498e+00
  3.18669088e+02] 7.2624570968947655
[-3.12283574e+00  7.87957327e-02  1.95324072e-02 -7.31693425e+00
  3.17637915e+02] 7.317384575961485
[-3.13513211e+00 -2.24206464e-01  1.64149683e-01 -7.39246783e+00
  3.17654572e+02] 7.397688441641574
[-3.18582496e+00  1.71129531e-01  1.98444072e-01 -7.24372766e+00
  3.13341357e+02] 7.248465751000916
[-3.06422434e+00  2.30280500e-01  1.54134697e-01 -7.18383887e+00
  3.15297470e+02] 7.18918127849812
[-3.16443154e+00 -1.38888331e-02  1.58406048e-02 -7.35378478e+00
  3.16268605e+02] 7.353814960499867
[-3.17634809e+00 -7.89946261e-02  2.18190334e-01 -7.28740853e+00
  3.18950647e+02] 7.291102124028666
[-3.13994532e+00  8.07123266e-02 -2.64866272e-01 -7.11010235e+00
  3.14591058e+02] 7.115491838884034
[-3.03096230e+00 -1.57722324e-01  2.40927685e-02 -6.92007107e+00
  3.17698564e+02] 6.921910170731583
[-3.10511287e+00 -4.34703337e-02  2.75921714e-03 -7.13747293e+00
  3.16985926e+02] 7.137605839830026
[-3.03100102e+00  7.20709889e-02 -1.02681635e-02 -7.04826051e+00
  3.15492549e+02] 7.048636452073856
[-3.23451382e+00  1.59800695e-02 -1.86641810e-01 -7.28076401e+00
  3.16377993e+02] 7.283173418026447
[-3.19442687e+00  2.59181646e-03  1.16997367e-01 -7.65355340e+00
  3.20527963e+02] 7.65444803611379
[-3.12305446e+00  1.09879647e-02  2.51258838e-01 -7.26352850e+00
  3.15406237e+02] 7.267881260654625
[-3.11031328e+00 -4.42371504e-02 -9.19968035e-02 -7.33405410e+00
  3.18280292e+02] 7.334764475347347
[-3.15068473e+00  5.96457263e-02  2.59101790e-01 -7.14293629e+00
  3.13522570e+02] 7.147882915079107
[-3.18561397e+00 -1.01232976e-03 -2.35751132e-01 -7.79843741e+00
  3.21051131e+02] 7.802000104774204
[-3.07179337e+00  2.20301200e-01 -6.33227615e-02 -7.18463001e+00
  3.15605056e+02] 7.18828565880099
[-3.17133266e+00 -3.70097462e-03 -2.07058853e-01 -7.54419001e+00
  3.19295831e+02] 7.54703186714245
[-3.12765483e+00 -1.20092390e-01  1.74788705e-01 -7.19313456e+00
  3.15947192e+02] 7.196260010069805
[-3.09854809e+00  2.75758058e-01 -7.10464035e-02 -7.12397764e+00
  3.14356656e+02] 7.129666723026768
[-3.03906325e+00 -1.91789766e-01  2.91182110e-01 -7.29213716e+00
  3.18099086e+02] 7.300468116471758
[-3.15806771e+00  1.10508433e-02  6.76549141e-02 -7.07838690e+00
  3.15428742e+02] 7.0787188364462175
[-3.14106287e+00 -1.43203011e-01  1.53143598e-01 -7.12724052e+00
  3.15410610e+02] 7.130323803376152
[-3.05927221e+00 -2.80594503e-02  1.01392651e-01 -7.12321037e+00
  3.14354495e+02] 7.123987206793168
[-3.18091609e+00  4.97224586e-03 -8.40307262e-02 -7.34960494e+00
  3.18475581e+02] 7.350086980418795
[-3.19691785e+00 -3.33917574e-02 -7.28067052e-02 -7.58004492e+00
  3.18224183e+02] 7.580468115800742
[-3.05048170e+00  1.31803330e-01 -3.56266673e-02 -7.44595964e+00
  3.19805889e+02] 7.447211308758722
[-3.13110972e+00  2.82231445e-02 -2.12443378e-01 -7.23817915e+00
  3.17499519e+02] 7.241351126956605
[-3.11436251e+00  2.75448465e-02 -3.39053857e-01 -7.27662031e+00
  3.17406863e+02] 7.284567210228798
[-3.11946690e+00  2.41319683e-01 -7.96630572e-02 -7.13723063e+00
  3.15989942e+02] 7.141753459291052
[-3.11069966e+00 -1.58753974e-01 -1.93602404e-01 -7.46122568e+00
  3.20924496e+02] 7.465425194562135
[-3.05506530e+00  3.97674102e-01 -1.11117804e-02 -7.10730670e+00
  3.16064607e+02] 7.118432178001638
[-3.16394181e+00 -2.38661635e-01 -3.50651166e-02 -7.12468827e+00
  3.16506847e+02] 7.128770715441046
[-3.15068390e+00 -1.94454888e-02  2.46878038e-01 -7.46303495e+00
  3.18263762e+02] 7.467142532543142
[-3.16998934e+00 -3.30318116e-01  1.47986931e-01 -7.33581845e+00
  3.17109257e+02] 7.344742512299852
