/mnt/stage/douwei/Simulation/5kt_root/2MeV/5kt_+6.40.root
[-3.10148238e+00 -1.59224534e-02  2.22164832e-01  6.37330230e+00
  3.13041824e+02] 6.377193189818455
[-3.08272500e+00  6.01835822e-02 -6.07243482e-02  6.22143866e+00
  3.10827405e+02] 6.222026080850761
[-3.14265777e+00 -1.40734504e-02  4.84091648e-01  6.43033389e+00
  3.09338950e+02] 6.448545320375921
[-3.09951318e+00  5.93338355e-03 -2.12184837e-01  6.37542027e+00
  3.10326785e+02] 6.378952992407829
[-3.12986988e+00 -6.18770271e-02  5.64669030e-02  6.35611827e+00
  3.10385183e+02] 6.356670260466778
[-3.09914319e+00  1.05837491e-01 -1.38515986e-02  6.31054798e+00
  3.09300515e+02] 6.311450646399979
[-3.05272348e+00 -6.08751018e-02  2.24014856e-02  6.41094470e+00
  3.12371375e+02] 6.4112728498935105
[-3.03208498e+00 -3.10194071e-02  1.27180336e-01  6.28016952e+00
  3.09506730e+02] 6.281533747527028
[-3.06148869e+00  2.40993165e-02 -7.12633727e-02  6.50916045e+00
  3.11638459e+02] 6.509595152753973
[-3.05370336e+00  1.17698014e-01 -2.95841892e-03  6.30656483e+00
  3.11129544e+02] 6.307663717768859
[-3.06643237e+00  8.98575388e-02 -4.59479255e-02  6.43515265e+00
  3.12800901e+02] 6.435944003810313
[-3.11265712e+00 -1.73638145e-01  6.68290951e-02  6.35242151e+00
  3.10663976e+02] 6.355145577733248
[-3.10641453e+00 -2.48153460e-02 -1.22524361e-01  6.22917492e+00
  3.10675836e+02] 6.230429212980551
[-3.02991497e+00  1.38649725e-01 -1.78355163e-01  6.53171353e+00
  3.13402816e+02] 6.535619020648918
[-3.12887846e+00 -2.37123710e-01 -2.84523545e-01  6.33091018e+00
  3.09245893e+02] 6.341735176681115
[-3.05069582e+00 -1.10871448e-01 -7.33668061e-02  6.43842876e+00
  3.12632518e+02] 6.4398012396314
[-3.12491707e+00 -1.52312048e-01  2.87380666e-02  6.40834387e+00
  3.08965068e+02] 6.4102180964018745
[-3.10709944e+00  1.23179560e-01  1.28772844e-01  6.30222618e+00
  3.10030347e+02] 6.3047450799979785
[-3.03230543e+00  1.70602564e-01 -1.59036418e-02  6.56753247e+00
  3.11673164e+02] 6.569767184838718
[-3.12291771e+00  2.76598432e-01 -1.55455896e-01  6.01085540e+00
  3.09426713e+02] 6.019223857597221
[-3.00771509e+00 -2.69872207e-02  6.04499643e-02  6.59905545e+00
  3.11429573e+02] 6.59938749917352
[-3.08491706e+00 -2.01571930e-01 -2.69900844e-01  6.33869781e+00
  3.12895581e+02] 6.347642681242342
[-3.14602689e+00 -3.01649161e-01  1.47329342e-01  6.42541317e+00
  3.15295779e+02] 6.434176909481589
[-3.10055795e+00 -8.64005068e-02  3.25554832e-01  6.29216555e+00
  3.10801239e+02] 6.301174361822541
[-3.02698567e+00 -2.61458187e-01 -2.44841086e-02  6.43180841e+00
  3.11448059e+02] 6.437167022137221
[-3.06014161e+00 -2.06637357e-02  2.53268569e-01  6.27816802e+00
  3.10904523e+02] 6.283308497334224
[-3.08408778e+00 -1.99434241e-01 -2.10619445e-02  6.20764871e+00
  3.10359239e+02] 6.210887226499641
[-3.07364705e+00  1.32360395e-01  6.13656309e-02  6.48039896e+00
  3.13665679e+02] 6.482041010047517
[-3.06566669e+00 -3.92264929e-01  1.63922428e-01  6.22972968e+00
  3.06956180e+02] 6.244219268224917
[-3.16002631e+00  8.36305735e-02  4.40174560e-02  6.41311373e+00
  3.09436540e+02] 6.413810049775073
[-3.13298516e+00  3.49130724e-01 -1.37635083e-01  6.51636375e+00
  3.08735237e+02] 6.527161109058477
[-3.13671816e+00 -4.71369506e-02 -3.17927053e-01  6.28866817e+00
  3.10027891e+02] 6.2968759618876975
[-3.07172740e+00 -1.24214404e-01 -1.89406521e-01  6.56640672e+00
  3.12787396e+02] 6.570312112823568
[-3.13491081e+00 -3.18625327e-01 -1.16048596e-01  6.63719639e+00
  3.12964836e+02] 6.6458532413083775
[-3.18469502e+00  5.80550605e-02 -4.05159043e-02  6.31193280e+00
  3.08566500e+02] 6.312329810425083
[-3.11669055e+00 -2.80028087e-03  1.64626535e-01  6.71294879e+00
  3.14235665e+02] 6.714967695741945
[-3.16548080e+00  5.43439539e-03 -3.32124535e-01  6.54831907e+00
  3.12575795e+02] 6.55673843777259
[-3.07765704e+00 -3.41749894e-01 -1.47245033e-01  6.55815015e+00
  3.13420032e+02] 6.5686990700085355
[-3.09108410e+00 -2.67126160e-01 -8.75428641e-02  6.40218209e+00
  3.14771432e+02] 6.408350465448941
[-3.10876926e+00  1.58307119e-02  4.67854998e-02  6.77720929e+00
  3.13635162e+02] 6.77738926940411
[-3.09282197e+00 -2.35073719e-01 -1.80706890e-01  6.80336812e+00
  3.14881145e+02] 6.809826161155103
[-3.03667049e+00  7.67891191e-02 -2.68246827e-01  6.19505480e+00
  3.10538775e+02] 6.201335086244803
[-3.07304781e+00 -1.15084279e-01  9.32667629e-02  6.23038520e+00
  3.09639033e+02] 6.232145929055754
[-3.06137319e+00 -1.57237382e-02 -6.57508289e-02  6.33149157e+00
  3.10079548e+02] 6.3318524834214145
[-3.02137504e+00 -3.26134529e-02 -2.03394055e-01  6.52011587e+00
  3.12236473e+02] 6.523369052730857
[-3.07115043e+00 -1.96133337e-01 -2.22330695e-01  6.52665399e+00
  3.11862466e+02] 6.533384382318945
[-3.08245514e+00 -5.48307247e-02  1.22138950e-01  6.27872657e+00
  3.11146077e+02] 6.280153794464423
[-3.17631165e+00 -2.75036329e-02  9.09919461e-03  6.18636632e+00
  3.08720267e+02] 6.1864341469292485
[-3.04460027e+00 -2.16593409e-01 -2.27668993e-01  6.31300006e+00
  3.09671179e+02] 6.3208160589677576
[-3.09084633e+00 -7.06442213e-02  6.06597526e-02  6.69770419e+00
  3.14590505e+02] 6.698351412912868
[-3.05778731e+00  1.67721065e-01  1.61885006e-01  6.36386652e+00
  3.08950009e+02] 6.368134280450912
[-3.07031890e+00  9.77299368e-03  1.47616418e-01  6.46142731e+00
  3.12178383e+02] 6.463120681081562
[-3.08679069e+00  2.53996791e-01 -2.19161258e-01  6.21128325e+00
  3.10709031e+02] 6.220336455147674
[-3.02924671e+00  1.60946362e-01  8.84053667e-02  6.29534852e+00
  3.10643837e+02] 6.298026057469366
[-3.18505523e+00 -3.48219852e-01 -2.28898540e-01  6.33796204e+00
  3.08950531e+02] 6.351646589602194
[ -3.08645809  -0.37564728   0.46287297   6.31165903 309.63414162] 6.339747786914617
[-3.01322135e+00  1.51067969e-01 -6.08284680e-02  6.37449433e+00
  3.12702594e+02] 6.3765742853580765
[-3.06753615e+00  5.51659181e-02 -1.66405252e-01  6.23931978e+00
  3.11460266e+02] 6.241782220780954
[-3.11974654e+00 -2.41924364e-02 -1.26476474e-01  6.84220875e+00
  3.11870341e+02] 6.84342035324257
[-3.06984980e+00  3.30966765e-02  1.01002985e-01  6.62849682e+00
  3.11869885e+02] 6.62934891567952
[-3.11214257e+00  8.36427377e-02 -1.38715029e-02  6.59152057e+00
  3.13248493e+02] 6.592065838033915
[-3.09561713e+00 -3.80969305e-02  1.83466491e-01  6.56052595e+00
  3.12192092e+02] 6.563201355577487
[-3.11808495e+00  1.64451512e-02 -7.54765529e-02  6.55673001e+00
  3.13326883e+02] 6.557185035031056
[-3.12378909e+00 -1.20300244e-01  1.16275312e-01  6.72459775e+00
  3.13941742e+02] 6.726678749512325
[-3.08066091e+00 -1.92598381e-01  1.64282394e-01  6.31004879e+00
  3.09355976e+02] 6.315124584375335
[-3.10976197e+00 -7.87044064e-03 -2.45023673e-01  6.33902959e+00
  3.10505316e+02] 6.343768174303398
[-3.08807920e+00 -2.22209472e-01 -2.00444803e-01  6.59480367e+00
  3.13488223e+02] 6.6015900092241955
[-3.21073340e+00 -3.09645591e-01 -2.27820745e-01  6.44639288e+00
  3.10457604e+02] 6.45784514115033
[-3.09711255e+00 -6.69360232e-02 -2.50976423e-01  6.52038494e+00
  3.11741216e+02] 6.5255566295389436
[-3.11121553e+00 -5.06325793e-01  1.30565795e-01  6.34376193e+00
  3.09836259e+02] 6.365275218219216
[ -3.08859364   0.34890996  -0.45320415   6.52650849 311.92326505] 6.551522357913271
[-3.11707491e+00 -8.73597993e-02 -1.28642427e-01  6.66010455e+00
  3.11455656e+02] 6.661919635448461
[-3.10024769e+00  1.41557764e-01  7.46290655e-02  6.29471760e+00
  3.11034646e+02] 6.296751367269794
[-3.10936884e+00 -6.29793966e-02  1.89879841e-01  6.54937884e+00
  3.10814855e+02] 6.552433441526317
[-3.13858562e+00 -3.18270124e-01 -2.06135758e-01  6.28062706e+00
  3.11807169e+02] 6.292063578736607
[-3.10547189e+00  1.80533948e-01  2.23440015e-01  6.48993356e+00
  3.10902747e+02] 6.496287830306346
[-3.05345183e+00  2.24709837e-01 -2.25852638e-01  6.64133566e+00
  3.14481572e+02] 6.648973096578625
[-3.08555602e+00 -1.78608396e-01  2.80461660e-01  6.31795981e+00
  3.10224713e+02] 6.3267033973508395
[-3.15166665e+00  1.90423339e-02  1.96335742e-01  6.54455475e+00
  3.11886658e+02] 6.547526802942185
[-3.08789598e+00 -1.06264460e-01 -7.03290686e-02  6.59785544e+00
  3.13339968e+02] 6.599085905174123
[-3.13944627e+00 -4.08336134e-02  5.38256481e-02  6.61917764e+00
  3.12550856e+02] 6.619522434707846
[-3.14466325e+00  2.38291200e-01  1.50459612e-01  6.62634028e+00
  3.11435368e+02] 6.632330385670644
[-3.17336155e+00  2.26477741e-01  6.74010480e-02  6.57022072e+00
  3.12167139e+02] 6.574468444160598
[-3.14061250e+00  6.89652638e-02  3.15165405e-01  6.56685784e+00
  3.14002146e+02] 6.574778120196885
[-3.17032434e+00  1.99440339e-01 -1.67440046e-01  6.65185239e+00
  3.11338833e+02] 6.656947713374869
[-3.08291557e+00 -5.34950274e-02 -2.60955072e-01  6.25043619e+00
  3.08430794e+02] 6.256109960491475
[-3.12702324e+00  7.13838585e-02  4.26183762e-01  6.54948923e+00
  3.09191633e+02] 6.563728923167832
[-3.04517363e+00  2.86965144e-01  1.61134451e-01  6.13967246e+00
  3.09764152e+02] 6.148486907632737
[-3.09629971e+00 -3.71794591e-01  2.10371581e-02  6.28922865e+00
  3.09110004e+02] 6.300243708914928
[-3.14668168e+00  1.03451729e-01 -7.47135745e-02  6.83820728e+00
  3.13109996e+02] 6.839397871723413
[-3.02546091e+00  5.96426737e-02 -2.29742844e-01  6.08621162e+00
  3.10528098e+02] 6.090838276846709
[-3.08177260e+00  6.90757978e-02 -2.29832021e-01  6.62254524e+00
  3.13199658e+02] 6.626892153547132
[-3.04594105e+00 -2.34055996e-01  2.12424763e-01  6.30324894e+00
  3.10855676e+02] 6.31116895914301
[-3.17978517e+00  6.69955697e-02  2.62450520e-02  6.66513942e+00
  3.10319816e+02] 6.665527792150327
[-2.99984330e+00  2.87184870e-02  2.13194485e-01  6.14322637e+00
  3.09099515e+02] 6.146991690991432
[-3.05338914e+00 -1.96814015e-01 -1.82977545e-02  6.44710909e+00
  3.11727943e+02] 6.450138457461344
[-3.10887273e+00  3.55836628e-01  1.67150656e-01  6.56314374e+00
  3.11923364e+02] 6.5749079733571065
[-3.10648998e+00  2.12695654e-01  1.57595135e-01  6.47544758e+00
  3.13278638e+02] 6.48085619977167
[-3.04702608e+00 -7.68881222e-02 -2.99798287e-01  6.19954755e+00
  3.09463911e+02] 6.207268367248433
[-3.08350720e+00 -7.84850940e-04 -1.24485083e-01  6.38653304e+00
  3.09947913e+02] 6.3877461900457755
[-3.02325226e+00 -1.44922845e-01  2.50362395e-02  6.29448058e+00
  3.10724375e+02] 6.296198471485788
[-3.04673546e+00  1.79849721e-02 -1.57945792e-01  6.46644030e+00
  3.09457281e+02] 6.46839396872145
[-3.05394479e+00 -3.33268828e-01  9.22998202e-02  6.21106468e+00
  3.10532857e+02] 6.220684189933206
[-3.06729773e+00  1.73855232e-01  2.84250005e-02  5.98130358e+00
  3.08591965e+02] 5.983897236540474
[-3.05559323e+00  8.95214023e-03 -5.50951541e-02  6.30601822e+00
  3.10030519e+02] 6.306265251198355
[-3.08736842e+00 -5.36354476e-02  1.57897576e-01  6.19557046e+00
  3.10740254e+02] 6.197814267702574
[-3.09217925e+00 -1.93061392e-03 -2.06846982e-01  6.23512679e+00
  3.09386002e+02] 6.238557168175818
[-3.04456178e+00  8.11225456e-02  3.29110889e-01  6.39905219e+00
  3.09202351e+02] 6.408023387359085
[-3.06887331e+00  4.10750770e-02 -6.95455517e-02  6.38224916e+00
  3.11431110e+02] 6.382760228093887
[-3.12615195e+00  1.51532071e-03 -1.80717912e-03  6.45935899e+00
  3.11466159e+02] 6.459359417759976
[-3.06951524e+00 -1.42011416e-01  2.30346108e-01  6.67507385e+00
  3.12079295e+02] 6.68055667339021
[-3.09924542e+00  1.91937886e-01 -8.03098410e-02  6.49330767e+00
  3.11396977e+02] 6.4966402319755145
[-3.00430708e+00 -1.82617824e-01 -2.03009832e-01  6.29547762e+00
  3.12915365e+02] 6.301396729164059
[-3.10550528e+00 -4.48708538e-02 -7.25591158e-02  6.61534858e+00
  3.13210649e+02] 6.615898657149687
[-3.07342467e+00 -1.84520162e-01 -2.66160049e-02  6.23478182e+00
  3.10359367e+02] 6.23756847556319
[-3.07559816e+00 -3.17541259e-01  2.02037816e-01  6.28969163e+00
  3.10858233e+02] 6.300942194885705
[-3.04953086e+00 -5.99101776e-02  8.26227629e-02  6.45083487e+00
  3.12902950e+02] 6.451642137076039
[-3.08202609e+00  3.31023454e-01 -2.71506432e-01  6.29010200e+00
  3.10473864e+02] 6.304655061475875
[-3.14706361e+00  1.09918172e-01  4.03500083e-02  6.51177156e+00
  3.11273508e+02] 6.512824189902362
[-3.20092278e+00 -9.47400009e-02 -1.87414179e-01  6.47989628e+00
  3.07430763e+02] 6.483298196507234
[-3.05297960e+00  9.23457730e-02  6.40100873e-02  6.64144442e+00
  3.15536760e+02] 6.642394824308735
[-3.06098879e+00 -2.74347738e-02  1.52454604e-01  6.61440706e+00
  3.11898185e+02] 6.616220655585951
[-3.00951696e+00  3.81923869e-01 -3.40699034e-02  6.56034181e+00
  3.15300989e+02] 6.571537970460625
[-3.06682128e+00  7.28304859e-02 -2.95677995e-02  6.52859952e+00
  3.12200001e+02] 6.529072693741693
[-3.06531225e+00  2.83334161e-01 -3.28649462e-01  6.55013426e+00
  3.13331294e+02] 6.564491416813431
[-3.16372245e+00 -2.48071994e-02  9.01289861e-02  6.83753002e+00
  3.13375410e+02] 6.83816901136077
[-3.08346636e+00 -1.66618854e-01  3.15882818e-02  6.44503263e+00
  3.08847294e+02] 6.447263392624485
[-3.10602690e+00 -1.99845547e-01 -9.70817028e-02  6.44007107e+00
  3.10681286e+02] 6.443902428770193
[-3.10237460e+00 -2.68916433e-01 -1.77478747e-01  6.56336483e+00
  3.11000121e+02] 6.571268719353763
[-3.12500515e+00 -2.44974077e-01  5.08620018e-02  6.70975592e+00
  3.13306273e+02] 6.71441909719057
[-3.07021604e+00  1.01200035e-01 -8.30889758e-02  6.21894258e+00
  3.10130235e+02] 6.220320896265368
[-3.05298021e+00  5.92016415e-02 -2.82876885e-01  6.55211622e+00
  3.08765352e+02] 6.558486954237902
[-3.11432617e+00  1.59620399e-02 -7.27139020e-02  6.41050248e+00
  3.11551715e+02] 6.410934730194364
[-3.06367631e+00 -1.29367631e-01 -3.59780496e-01  6.44287765e+00
  3.12261953e+02] 6.4542118390730865
[-3.07043727e+00  5.70184037e-02 -1.57621207e-01  6.49202355e+00
  3.10291358e+02] 6.494187038539172
[-3.01383613e+00 -8.85300348e-02 -9.18814021e-02  6.52353980e+00
  3.12399906e+02] 6.524787448929145
[-3.06873775e+00 -8.75558500e-02  3.22989110e-01  6.46066692e+00
  3.13093604e+02] 6.469328020284723
[-3.01041119e+00  1.03626037e-01  1.98967361e-01  6.60710504e+00
  3.10986360e+02] 6.610912442409461
[-3.09588614e+00 -1.06632731e-01 -2.94913652e-02  6.32444912e+00
  3.10416349e+02] 6.325416745716336
[-3.07108433e+00  4.45609245e-02  2.11853181e-01  6.35172314e+00
  3.10916381e+02] 6.355411417726154
[-3.09960512e+00  1.39825109e-01 -2.35925103e-01  6.49606349e+00
  3.11161596e+02] 6.501849934052865
[-3.14466239e+00 -4.13122532e-03 -3.99155842e-02  6.38217025e+00
  3.10799710e+02] 6.382296408408578
[-3.14742288e+00  1.72283909e-01  1.57807996e-01  6.15447309e+00
  3.12039688e+02] 6.158906083165593
[-3.06953215e+00 -1.89586732e-01  5.49360796e-02  6.78828683e+00
  3.13247039e+02] 6.791155950648038
[-3.14059903e+00 -5.07756027e-02  1.07953908e-01  6.60426591e+00
  3.12239867e+02] 6.605343322600696
[-3.13596786e+00  3.06262575e-02  5.97318899e-02  6.74954071e+00
  3.15396957e+02] 6.7498744926588765
[-3.10729885e+00 -5.03621803e-02  1.71647840e-01  6.69699363e+00
  3.13931470e+02] 6.699382281247436
[-3.04876155e+00  3.48030128e-02 -1.42340476e-01  6.35135258e+00
  3.08865087e+02] 6.35304270396491
[-3.07141224e+00 -1.76531552e-01 -3.57771741e-01  6.06751114e+00
  3.08214360e+02] 6.080613080355786
[-3.02467121e+00  1.03202719e-01  2.37043749e-01  6.25345568e+00
  3.11443870e+02] 6.258797685150387
[-3.09358504e+00  2.58268729e-02  3.93259498e-01  6.61023489e+00
  3.11764566e+02] 6.621972922715161
[-3.13111164e+00  1.61542884e-01 -8.25514643e-02  6.24298248e+00
  3.09414625e+02] 6.245617747161343
[-3.11448393e+00  2.06348402e-02 -1.09897872e-01  6.56480781e+00
  3.12171254e+02] 6.565760036465204
[-3.07293617e+00 -9.88710781e-02 -1.03765990e-01  6.47007678e+00
  3.12714708e+02] 6.471664113690706
[-3.11729245e+00 -2.44834262e-01  1.14865798e-01  6.41758594e+00
  3.09449796e+02] 6.4232816634110295
[-3.09362256e+00 -1.65492312e-01  4.58425412e-02  6.79095797e+00
  3.12839512e+02] 6.793128835474952
[-3.11313557e+00  2.26870920e-01  3.76310681e-02  6.86172559e+00
  3.14832932e+02] 6.865578237164455
[-3.09079187e+00 -6.18728664e-02 -2.19758391e-01  6.39965017e+00
  3.12181711e+02] 6.403721129050555
[-3.02802648e+00 -1.74974294e-01  1.30497748e-01  6.27637501e+00
  3.11914128e+02] 6.280169497038029
[-3.03260291e+00  3.67159722e-01  1.22729020e-01  6.67158038e+00
  3.12633177e+02] 6.682802809815631
[-3.13381821e+00  4.49135958e-01 -1.54986851e-01  6.79078757e+00
  3.13341057e+02] 6.807388624531788
[-3.03866563e+00  4.95351395e-02 -8.20825519e-02  6.43627537e+00
  3.10939422e+02] 6.436989349661209
[-3.17398344e+00 -1.69674564e-01 -3.56432424e-02  6.48498878e+00
  3.12667033e+02] 6.487306017666693
[-3.08188601e+00 -1.74165037e-01  9.48897542e-03  6.04638157e+00
  3.09716604e+02] 6.0488968925720865
[-3.00283592e+00 -1.01573336e-01 -2.44829117e-01  6.38690743e+00
  3.11829912e+02] 6.39240525390285
[-3.08148550e+00 -2.10052507e-01  4.77454960e-02  6.38465374e+00
  3.08758168e+02] 6.388286551712183
[-3.07703273e+00  1.24850382e-01  3.31586350e-01  6.60784091e+00
  3.12534235e+02] 6.617333196714406
[-3.11247385e+00  3.85841669e-02 -1.51471213e-01  6.62447584e+00
  3.12707373e+02] 6.626319674144349
[-3.17246088e+00  2.99897873e-02  5.72214391e-02  6.59266372e+00
  3.12885459e+02] 6.5929802539030264
[-3.04586916e+00 -1.78152276e-02  2.36460710e-01  6.33525102e+00
  3.11615117e+02] 6.339687418007376
[-3.11286599e+00 -7.93540659e-02 -2.49319477e-01  6.65601137e+00
  3.11945056e+02] 6.661151897453181
[-3.07262225e+00 -2.43049181e-01  1.37627889e-01  6.37191343e+00
  3.10863587e+02] 6.378032228109812
[-3.12425527e+00 -9.24433089e-02  1.68871773e-01  6.10491418e+00
  3.07834050e+02] 6.107948963837642
[-3.19386189e+00  1.81654450e-02  1.00704905e-01  6.64222240e+00
  3.11831091e+02] 6.643010606629815
[-2.99835621e+00  6.52638276e-02 -2.34161238e-02  6.62539695e+00
  3.12667768e+02] 6.625759766627175
[-3.19359568e+00  1.89906631e-01 -3.74219039e-02  6.79326129e+00
  3.11699373e+02] 6.79601823950354
[-3.13230688e+00 -1.56107249e-01  1.41941316e-01  6.69553178e+00
  3.13938083e+02] 6.6988553208478745
[-3.07352053e+00  7.63903016e-02  1.67580584e-01  6.26737445e+00
  3.10458906e+02] 6.2700798413045185
[-3.08673412e+00 -2.64965722e-01  5.47214278e-02  6.60600491e+00
  3.12434370e+02] 6.611543093659428
[-3.12149535e+00 -3.12769783e-01 -1.91920439e-02  6.25606606e+00
  3.07700201e+02] 6.2639089896345
[-3.07005625e+00 -6.42657042e-02 -3.19626522e-01  6.27096985e+00
  3.07408757e+02] 6.2794389951188325
[-3.07754399e+00 -3.64785923e-02  8.22203974e-02  6.50851239e+00
  3.12308155e+02] 6.509133921569977
[-3.10081559e+00 -3.82459445e-02 -2.24783069e-01  6.54504964e+00
  3.13225829e+02] 6.549020156443647
[-3.06213427e+00 -1.84513103e-01  1.08284456e-01  6.65694867e+00
  3.12477882e+02] 6.660385590716608
[-2.99320732e+00 -2.78424559e-01  9.13258372e-02  6.57244642e+00
  3.11481450e+02] 6.578975045506606
[-3.20626335e+00 -1.19232401e-01 -9.90707269e-02  6.62365389e+00
  3.11726399e+02] 6.625467697670079
[-3.06980292e+00  1.89026515e-01 -1.34492215e-01  6.53870706e+00
  3.12574292e+02] 6.54282119574214
[-3.08845701e+00 -1.74600619e-01  9.33347293e-02  6.27376745e+00
  3.10733765e+02] 6.276890530010219
[-3.11325070e+00  5.72307347e-02  2.18781363e-01  6.60394726e+00
  3.12377473e+02] 6.607818100004199
[-2.99472374e+00 -2.63076136e-01  1.65873589e-01  6.43179400e+00
  3.12855440e+02] 6.439308745081997
[-3.06277921e+00 -8.70934906e-02  1.79281319e-01  6.25877739e+00
  3.09555226e+02] 6.261950289783427
[-3.16803400e+00  1.70374846e-02 -7.89607528e-02  6.36714688e+00
  3.09963013e+02] 6.3676592658148286
[-3.12714933e+00  7.41487785e-02 -9.37510741e-02  6.34711114e+00
  3.08892649e+02] 6.348236540822888
[-3.17077711e+00 -2.47705260e-01  2.60438558e-01  6.49543972e+00
  3.11384258e+02] 6.505376495316668
[-3.16670862e+00 -1.25033927e-01  2.86091303e-02  6.66669219e+00
  3.11932895e+02] 6.667925966504968
[-3.02337828e+00 -4.42721206e-02  5.06328383e-03  6.55185240e+00
  3.12949834e+02] 6.55200392999172
[-3.11485563e+00 -4.12654168e-01 -2.25608025e-02  6.67635623e+00
  3.14676374e+02] 6.689134848600877
[-3.02309857e+00 -6.37189199e-02  6.52438629e-02  6.17505940e+00
  3.07816777e+02] 6.175732786092348
[-3.11463988e+00 -1.12559932e-01  2.46202600e-02  6.82882493e+00
  3.13544924e+02] 6.829796905335663
[-3.10996835e+00 -1.04395253e-01  3.02625584e-01  6.40110658e+00
  3.12926698e+02] 6.409106497971794
[-3.07494979e+00 -9.07541697e-02 -2.56945643e-02  6.75569944e+00
  3.14987129e+02] 6.7563578537226
[-3.07562083e+00 -8.59206375e-02  1.27287769e-01  6.62394534e+00
  3.10574715e+02] 6.625725352617215
[-3.20547195e+00 -3.26857900e-01 -1.07345019e-01  6.43948590e+00
  3.12143290e+02] 6.448669455031029
[-3.19806865e+00  6.95470505e-02 -2.14089629e-01  6.66654641e+00
  3.13801248e+02] 6.670345731714724
[ -3.08118117  -0.33690597  -0.37238528   6.76886334 312.59170385] 6.787465460313273
[-3.05742066e+00  4.06030772e-01  2.35092209e-02  6.43794150e+00
  3.11665036e+02] 6.450775485948643
[-3.12458431e+00  4.83832012e-02 -1.52209275e-01  6.30790841e+00
  3.10843981e+02] 6.3099300366306155
[-3.01516488e+00  2.71939272e-01  2.80985774e-01  6.36495891e+00
  3.13379271e+02] 6.376958981452074
[-3.09044079e+00  2.76665720e-01  2.56685981e-01  6.68165973e+00
  3.12057502e+02] 6.692309647390434
[-2.99301050e+00  6.44741266e-02  3.37809577e-01  6.37745150e+00
  3.11963672e+02] 6.386717456782566
[-3.06292481e+00 -4.81438446e-02 -2.76647442e-01  6.43730518e+00
  3.10894147e+02] 6.443426849318166
[-3.06654728e+00  6.04818432e-02  3.91127758e-02  6.31786888e+00
  3.09676329e+02] 6.318279438385784
[-3.07852878e+00  9.28779796e-02  1.74018109e-01  6.43187546e+00
  3.11201009e+02] 6.434899417346941
[-3.06598334e+00  5.29157833e-02  2.17004890e-01  6.24486305e+00
  3.08627480e+02] 6.248856357281805
[-3.09007854e+00  3.07493131e-02 -2.81018661e-01  6.44752576e+00
  3.10711753e+02] 6.453720277980079
[-3.09150153e+00 -1.57145123e-01 -4.14280879e-01  6.66403522e+00
  3.12370984e+02] 6.678749032885242
[-3.18600195e+00 -2.34572254e-01 -6.67942122e-02  6.83980670e+00
  3.13340750e+02] 6.844153806196426
[-2.99843120e+00 -1.70082974e-01 -1.72973899e-01  6.35064741e+00
  3.12740220e+02] 6.355278967938677
[-3.12927452e+00  4.78227125e-02 -5.29948175e-02  6.59585092e+00
  3.11165360e+02] 6.596237169618992
[-3.09353411e+00  1.36099475e-01  1.36262728e-01  6.53061829e+00
  3.13339002e+02] 6.533457419361808
[-3.01730081e+00  1.89519541e-01  1.95966346e-01  6.17093929e+00
  3.10846819e+02] 6.176958169506125
[-3.12853463e+00  8.11626069e-02 -2.44806834e-02  6.52406102e+00
  3.14112322e+02] 6.5246117768744885
[-3.01621283e+00  2.09249587e-01  3.21440302e-02  6.44527516e+00
  3.11560760e+02] 6.448751077617868
[-3.05828195e+00  1.15801789e-02  1.97348389e-02  6.43422797e+00
  3.11937750e+02] 6.4342686568811
[-3.10164281e+00  2.27937928e-01  1.15953681e-01  6.40518419e+00
  3.09757494e+02] 6.410287468019964
[-3.07258979e+00 -1.71064415e-01  1.30815352e-01  6.55055105e+00
  3.13126816e+02] 6.554089924978112
[-3.15225816e+00  1.18413918e-01 -1.87097124e-02  6.58564609e+00
  3.10815539e+02] 6.586737150878102
[-3.06419580e+00  2.14051244e-02 -2.05315466e-01  6.34027569e+00
  3.12804605e+02] 6.343635270777917
[-3.12747411e+00 -2.44196849e-02 -2.03700660e-01  6.25294331e+00
  3.09966901e+02] 6.256308039190217
[-3.15594436e+00  1.42655908e-01 -1.97380471e-01  6.31617482e+00
  3.10754585e+02] 6.320868145678811
[-3.09212919e+00 -1.25865629e-02  2.31537963e-01  6.53870625e+00
  3.11397827e+02] 6.542816493040094
[-3.14918812e+00  2.65708140e-01  1.69702011e-01  6.44080549e+00
  3.10747414e+02] 6.448517272016346
[-3.08608917e+00  9.01596675e-03  7.03087323e-02  6.42512776e+00
  3.12445342e+02] 6.425518758954314
[-3.05970268e+00 -1.93670346e-02 -3.19175137e-01  6.23803361e+00
  3.11018831e+02] 6.246223752133174
[-3.05463864e+00  1.92252152e-02 -7.74219970e-02  6.46777494e+00
  3.10679704e+02] 6.468266878886772
[-3.05139648e+00 -1.27046186e-01  4.40070256e-02  6.36106570e+00
  3.11664478e+02] 6.362486481212555
[-3.03062703e+00 -1.15283603e-01 -2.75775119e-01  6.67529592e+00
  3.14741621e+02] 6.681984574165013
[-3.10538634e+00  8.23294105e-02 -8.11263537e-02  6.72921335e+00
  3.14334038e+02] 6.730205931157357
[-3.09763092e+00 -2.06103696e-01  7.93621587e-02  6.37845875e+00
  3.09914618e+02] 6.382281181932516
[-3.06979912e+00  9.54476056e-02 -2.21988657e-01  6.23820326e+00
  3.08607021e+02] 6.2428814759851035
[-3.04553873e+00 -2.83742554e-01 -2.25776073e-02  6.23884082e+00
  3.09483533e+02] 6.245330607534102
[-3.05361886e+00 -2.89366840e-03  1.98111219e-01  6.42129423e+00
  3.11940013e+02] 6.424350237516812
[-3.11948138e+00 -2.59748398e-01 -3.76328433e-02  6.89106899e+00
  3.14003029e+02] 6.896065343469783
[ -2.98934522  -0.3566966   -0.47242236   6.5763327  314.58380636] 6.602921101940661
[-3.09511869e+00  2.77191395e-01 -2.65121628e-01  6.39491617e+00
  3.11025785e+02] 6.40640908679674
[-3.04175683e+00 -1.71690530e-01  3.58135970e-02  6.80795975e+00
  3.14547123e+02] 6.810218514521915
[-3.17113069e+00  1.22050348e-01 -3.28714036e-02  6.34605198e+00
  3.12888912e+02] 6.3473106572192775
[-3.11468340e+00  2.05817408e-01  1.69164025e-02  6.25507037e+00
  3.11646519e+02] 6.258478430653437
[-3.06682381e+00  3.35113701e-01  8.35848629e-02  6.66175797e+00
  3.13975057e+02] 6.670705125874751
[-3.18466464e+00 -1.55171042e-01  1.17778148e-02  6.41121598e+00
  3.07482359e+02] 6.413104327784296
[-3.04130459e+00 -2.59469019e-01  7.27467318e-02  6.49807932e+00
  3.11839486e+02] 6.503664438847609
[-3.05092721e+00 -1.37801820e-01  1.35151733e-02  6.55590522e+00
  3.13244561e+02] 6.557367251134076
[-3.05917621e+00 -1.97258046e-01 -3.21316572e-01  6.25754288e+00
  3.09213076e+02] 6.268891290973396
[-3.10782321e+00 -1.57601025e-01 -4.05329121e-02  6.64673102e+00
  3.13228699e+02] 6.648722750486827
[-3.13331334e+00 -2.10819288e-02  1.94535293e-01  6.59017800e+00
  3.13707446e+02] 6.593082325397009
[-3.10006231e+00 -1.50211695e-01 -1.60503512e-01  6.44448531e+00
  3.11502622e+02] 6.448233546352624
[-3.13503244e+00 -4.58915988e-03 -2.99202801e-02  6.03617736e+00
  3.06992096e+02] 6.036253254456981
[-3.15211858e+00  1.01100773e-01  3.31998275e-01  6.45004158e+00
  3.11949021e+02] 6.4593715363353175
[-3.14739847e+00  1.90307172e-01  1.05306230e-01  6.12071971e+00
  3.08219868e+02] 6.124582923905973
[-3.02678284e+00 -2.13543519e-01 -2.29828354e-01  6.28267929e+00
  3.13496030e+02] 6.290507210146569
[-3.06550954e+00 -1.89751379e-01 -3.01097228e-01  6.47114086e+00
  3.11960481e+02] 6.480920398621331
[-3.10888175e+00 -1.10285086e-01  1.49588620e-02  6.23523897e+00
  3.11354819e+02] 6.236232160305645
[-3.08178244e+00 -1.14071142e-01 -2.70970415e-01  6.76188264e+00
  3.13441116e+02] 6.7682711270013
[-3.11093539e+00 -5.11004971e-02  2.19575531e-01  6.45006031e+00
  3.12413720e+02] 6.453998972604594
[-3.03895529e+00 -1.52148158e-01 -1.40509418e-01  6.55071476e+00
  3.14435133e+02] 6.553987776258923
[-3.13822580e+00  1.57215983e-01  9.51110474e-02  6.28408472e+00
  3.10256673e+02] 6.286770535862649
[-3.04403487e+00 -2.31562222e-01 -3.99588480e-02  6.33758957e+00
  3.09058902e+02] 6.341944448854842
[-3.08687648e+00 -2.81534082e-02 -2.90118833e-01  6.40040753e+00
  3.13455514e+02] 6.407041294236619
[-3.07701053e+00  3.88671111e-01 -4.60716111e-02  6.46009926e+00
  3.11875547e+02] 6.471944856445337
[-3.07599938e+00 -1.54945349e-01 -1.07304948e-01  6.33451825e+00
  3.11550174e+02] 6.337321505316041
[-3.05845912e+00 -1.85236214e-02 -2.15246638e-01  6.31506062e+00
  3.09381763e+02] 6.3187550146277465
[-3.13917535e+00 -9.88226043e-02 -8.37207777e-03  6.79376247e+00
  3.12544241e+02] 6.79448633457545
[-3.07220305e+00 -5.84248900e-03  1.18711064e-01  6.40082144e+00
  3.13596244e+02] 6.40192483395051
[-3.10285508e+00  2.17454729e-01 -1.96637771e-01  6.65933530e+00
  3.12030554e+02] 6.665785746932342
[-3.13730674e+00  1.49895084e-01 -1.14994675e-01  6.61682165e+00
  3.11420330e+02] 6.619518193847976
[-3.13532370e+00 -2.08400240e-02 -5.73481989e-03  6.46779696e+00
  3.09846697e+02] 6.467833079214626
[-3.09368201e+00 -5.93715615e-02  2.36984550e-01  6.41131775e+00
  3.12869574e+02] 6.415970850289488
[-3.17487926e+00 -2.87715242e-02 -9.88571177e-02  6.36833217e+00
  3.07729852e+02] 6.369164399236317
[-3.03261256e+00 -1.50480496e-01  1.74404955e-01  6.42998497e+00
  3.12265282e+02] 6.434109743586876
[-3.09947613e+00  7.26385013e-02  6.85606180e-02  6.67547501e+00
  3.12822234e+02] 6.6762222476004345
[-3.05052114e+00 -1.85203633e-01  6.43812733e-02  6.43447138e+00
  3.10372152e+02] 6.437458141748666
[-3.09862748e+00  8.21792810e-02  2.91283447e-02  6.30303509e+00
  3.12202609e+02] 6.303638095536694
[-3.01409670e+00 -3.06518685e-01  5.34219445e-02  6.26786173e+00
  3.11956568e+02] 6.275579521624348
[-3.10316462e+00 -4.41571803e-03 -1.22104766e-01  6.52208113e+00
  3.11337345e+02] 6.523225536181345
[-3.09617387e+00 -4.94346127e-02 -2.68359873e-01  6.38553108e+00
  3.10651575e+02] 6.391358849654067
[-3.18350737e+00 -5.03534317e-02 -8.63227365e-02  6.15509798e+00
  3.09067128e+02] 6.155909207562348
[-3.11524267e+00  1.88126866e-02 -2.24837260e-01  6.71991379e+00
  3.14112066e+02] 6.7237004024986735
[-3.09028330e+00  1.20722367e-01  1.26825893e-02  6.51505501e+00
  3.10856744e+02] 6.516185731181775
[-3.00529411e+00  2.23242277e-01 -1.24008299e-01  6.47834777e+00
  3.11882112e+02] 6.4833791384069475
[-3.06441573e+00  3.13868746e-01 -1.24383704e-01  6.51447888e+00
  3.13504043e+02] 6.523221590279729
[-3.03094622e+00  1.38527341e-02 -3.38829280e-02  6.35220085e+00
  3.13048901e+02] 6.352306317372823
[-3.08517738e+00 -3.10917189e-02 -9.81001164e-02  6.13128980e+00
  3.08682323e+02] 6.132153368295906
[-3.07326944e+00 -1.69907227e-01 -2.36124347e-01  6.19727997e+00
  3.11526579e+02] 6.204103655801526
[-3.14340206e+00  6.84891800e-02 -1.20256675e-02  6.73493846e+00
  3.11521437e+02] 6.7352974285578435
[-3.18401191e+00  7.43389206e-02  1.14116231e-01  6.81548947e+00
  3.14974215e+02] 6.816850111838976
[-3.12952926e+00 -1.07303475e-01 -1.31148340e-01  6.59744011e+00
  3.13574051e+02] 6.599615893041953
[-3.08559986e+00  3.54161322e-02 -7.90521533e-02  6.13810439e+00
  3.10455146e+02] 6.138715590678923
[-3.06770885e+00 -1.52193009e-01  5.09781576e-02  6.59631667e+00
  3.11655695e+02] 6.598269100351793
[-2.94369772e+00 -1.97716303e-01 -9.43479243e-02  6.25261688e+00
  3.11035023e+02] 6.256453560671187
[-3.11081013e+00 -2.27410484e-01  1.05659424e-01  6.85710052e+00
  3.13975748e+02] 6.861683971475439
[-3.07361546e+00  8.87438229e-02  8.01243517e-02  6.76453935e+00
  3.12784779e+02] 6.765595911867538
[-3.05471420e+00 -1.55496792e-01  8.18845501e-02  6.04272737e+00
  3.09400592e+02] 6.04528232725314
[-2.99802438e+00 -1.06603370e-01  2.55184238e-02  5.96768007e+00
  3.08577754e+02] 5.968686695966267
[-3.06164623e+00  3.80430285e-02 -1.63378305e-01  6.18128364e+00
  3.10092394e+02] 6.1835594301512895
[-3.06342313e+00 -2.43355362e-01 -1.05472669e-01  6.50313299e+00
  3.12492738e+02] 6.508539390099585
[-3.06375591e+00 -1.92217924e-01 -2.33816110e-01  6.81313630e+00
  3.14529584e+02] 6.819856596184183
[-3.17403253e+00  1.82229960e-01  9.52620122e-02  6.35319700e+00
  3.10716782e+02] 6.356523796010338
[-3.14549199e+00  1.13904261e-03  8.28443101e-02  6.45771121e+00
  3.11671759e+02] 6.458242687205468
[-3.05720827e+00  1.85751531e-01  1.94512833e-01  6.38342201e+00
  3.12091077e+02] 6.389085647901218
[-3.07750096e+00 -1.00801548e-01 -3.87874544e-01  6.43690902e+00
  3.10954547e+02] 6.449372473874103
[-3.08956266e+00  3.07107384e-02  8.37012723e-03  6.53490253e+00
  3.09371266e+02] 6.53498005251873
[-3.09195306e+00 -3.41727631e-02 -1.74055660e-01  6.10435235e+00
  3.11849846e+02] 6.106928910480994
[-3.11720465e+00  1.13623331e-02 -1.16101069e-01  6.60349985e+00
  3.10346685e+02] 6.604530170085012
[-2.99682684e+00  1.20789239e-01 -2.07360731e-01  6.41075073e+00
  3.12158579e+02] 6.415240711486948
[-3.13343172e+00  1.42534156e-01 -2.72556761e-02  6.40715225e+00
  3.11837610e+02] 6.4087954268940495
[-3.21232403e+00 -3.30158722e-01 -7.60553359e-02  6.73419364e+00
  3.12046320e+02] 6.742711113282738
[-3.10849445e+00  8.29399931e-02  1.66925259e-01  6.50715728e+00
  3.08796832e+02] 6.509826335649601
[-3.09226884e+00 -8.68456447e-02  3.28421245e-01  6.56512547e+00
  3.12682463e+02] 6.573908664716295
[-3.06659437e+00 -3.56336394e-02 -6.19173945e-02  6.55422438e+00
  3.09840436e+02] 6.554613695099449
[-3.15677675e+00 -1.35614469e-01 -3.33438681e-01  6.38850226e+00
  3.11350241e+02] 6.398635299862264
[-3.08280985e+00 -3.26671183e-01  1.32983342e-01  6.54596322e+00
  3.13461238e+02] 6.555458263577795
[-3.08003226e+00  2.45646857e-01 -2.49814337e-01  6.62192769e+00
  3.12780685e+02] 6.631189627433659
[-3.08584654e+00 -6.15152562e-02  2.93036183e-01  6.29311131e+00
  3.10770900e+02] 6.300230494201958
[-3.05060561e+00 -1.27435493e-01  2.27611820e-01  6.54722359e+00
  3.13106749e+02] 6.552418154609317
[-3.11157126e+00  1.22771695e-01 -3.76288521e-01  6.23119802e+00
  3.10619639e+02] 6.24375645612622
[-3.06949612e+00  1.61597770e-02  6.21219328e-02  6.33157870e+00
  3.10531996e+02] 6.331904071097109
[-3.02358796e+00  2.57835687e-01 -9.13219570e-02  6.54937527e+00
  3.13827482e+02] 6.55508469373823
[-3.07576583e+00 -4.08342728e-02  1.35273098e-01  6.27127794e+00
  3.11503768e+02] 6.272869623001931
[-3.01644983e+00  1.24940989e-01  3.83425069e-01  6.81415430e+00
  3.15760288e+02] 6.826076755251896
[-3.06867255e+00  2.67828726e-02 -3.55766477e-01  6.48775109e+00
  3.12368209e+02] 6.4975534830941095
[-3.09071149e+00  5.49041467e-02 -2.21664473e-01  6.42848497e+00
  3.12014187e+02] 6.432539823494193
[-3.18387798e+00 -8.36683799e-02  4.50123521e-02  6.19601705e+00
  3.07682478e+02] 6.196745418968401
[-3.01388189e+00  2.38254775e-05 -6.53933752e-02  6.57936430e+00
  3.13785364e+02] 6.579689265892671
[-3.07569781e+00  4.99691785e-02  1.68752034e-01  6.36098149e+00
  3.09428569e+02] 6.363415729500797
[-3.12852646e+00  3.38504157e-01 -1.11160205e-01  6.39021466e+00
  3.09814715e+02] 6.400139454171423
[-3.09795245e+00 -2.66756024e-01 -1.34073872e-01  6.67683073e+00
  3.10578487e+02] 6.683502312473123
[-3.18363862e+00  7.11578001e-02 -5.23875884e-01  6.57216681e+00
  3.13845188e+02] 6.593397148701955
[-3.06745118e+00 -2.71682335e-01  1.14527140e-01  6.38486895e+00
  3.11939265e+02] 6.391672652236648
[-3.08810700e+00 -2.30512529e-01  7.69778293e-02  6.71232579e+00
  3.13527812e+02] 6.716723838236431
[-3.05716339e+00  7.45017211e-02 -3.21973223e-02  6.17657122e+00
  3.09721724e+02] 6.177104436887308
[-3.16042052e+00 -7.11176424e-02  1.52573789e-01  6.44969871e+00
  3.12367663e+02] 6.451895069386701
[-3.11219080e+00 -3.08020828e-01 -2.46288899e-02  6.37196000e+00
  3.11018253e+02] 6.379448070994391
[-3.10977432e+00 -1.21708506e-01  9.80081426e-02  6.43529349e+00
  3.10248024e+02] 6.437190451342786
[-3.12626221e+00 -5.92291878e-02  6.80185345e-02  6.78956711e+00
  3.15460550e+02] 6.790166138423585
[-3.10960471e+00  3.42235021e-01  1.16083458e-01  6.36242707e+00
  3.12775616e+02] 6.372682198257763
[-3.15840347e+00 -2.93115434e-01  1.24787293e-01  6.57327218e+00
  3.13795636e+02] 6.580987441400745
[-2.98330736e+00  1.80874594e-01  1.11303073e-01  6.21038097e+00
  3.11648830e+02] 6.214011248818025
[-3.12081452e+00  1.51539182e-01  5.47830519e-02  6.41066600e+00
  3.13861550e+02] 6.4126908432697585
[-3.02444424e+00 -2.90033247e-02  2.45713024e-02  6.42818984e+00
  3.11822321e+02] 6.428302233254685
[-3.12510512e+00  2.20526393e-02 -2.54475573e-02  6.34988815e+00
  3.12088787e+02] 6.349977429553935
[-3.18941319e+00 -3.89699514e-02 -2.09745182e-01  6.73427265e+00
  3.11653962e+02] 6.737650914556853
[-3.08393697e+00  1.32964672e-01 -2.46106289e-01  6.47765750e+00
  3.11431906e+02] 6.483694512753972
[-3.09621929e+00 -4.45700848e-02  4.02508256e-01  6.58868600e+00
  3.13412485e+02] 6.601119796343559
[-3.04145027e+00  1.49377366e-01  1.71284481e-02  6.38968110e+00
  3.12077768e+02] 6.391449874984632
[-3.11875571e+00 -5.71919863e-02 -7.22177275e-02  6.34990627e+00
  3.10027820e+02] 6.3505744578423045
[-3.07953466e+00 -4.89595782e-01  2.11333001e-01  6.30633440e+00
  3.12167859e+02] 6.328840273682248
[-3.12603662e+00 -2.40925514e-02 -5.37367209e-02  6.64004582e+00
  3.13518638e+02] 6.640306960996832
[-3.16008924e+00 -8.05551846e-02  2.89659950e-01  6.44001071e+00
  3.12357694e+02] 6.447024897115867
[-3.01486559e+00  9.87599463e-02  1.81196283e-01  6.36939198e+00
  3.11829385e+02] 6.372734093194509
[-3.09967812e+00  8.53102735e-02 -5.07950216e-02  6.06113188e+00
  3.11712643e+02] 6.061945033768955
[-3.06346845e+00 -8.81606244e-02  1.12636138e-01  6.27082462e+00
  3.10573266e+02] 6.2724557073739255
[-3.02792726e+00  1.28491665e-01 -3.66294419e-02  6.53337103e+00
  3.13523751e+02] 6.5347370912914
[-3.02493805e+00  8.94425411e-02 -1.64598975e-01  6.43282556e+00
  3.13668288e+02] 6.435552612586484
[-3.09048546e+00  1.44105312e-02  5.98584315e-02  6.42954104e+00
  3.12328835e+02] 6.429835824280417
[-2.98146765e+00 -2.09658597e-01  1.92413743e-01  6.29274560e+00
  3.13046316e+02] 6.2991766910041695
[-2.98220764e+00 -2.09965194e-01  2.31219490e-01  6.33022954e+00
  3.12161468e+02] 6.337929774756243
[-3.03700920e+00  2.34455716e-01 -1.73714031e-02  6.49382175e+00
  3.08471731e+02] 6.498076033145612
[-3.16195638e+00  3.75485665e-01  1.37434418e-01  6.39708805e+00
  3.09962264e+02] 6.409571999855763
[-3.09749644e+00 -2.16231379e-02 -3.79611763e-02  6.50114505e+00
  3.11112768e+02] 6.501291843573545
[-3.17259024e+00 -5.22074432e-02  6.25558477e-02  6.36799500e+00
  3.10031819e+02] 6.368516241462627
[-3.05783271e+00 -5.17649408e-02  1.52017660e-01  6.33710191e+00
  3.12540345e+02] 6.33913634748179
[-3.09846725e+00 -3.00729560e-01 -6.64131677e-02  6.41745651e+00
  3.10184510e+02] 6.424842181492269
[-3.10759588e+00  1.98101217e-01 -4.04048153e-02  6.61306386e+00
  3.12133850e+02] 6.61615374026404
[-3.13963047e+00  4.01568192e-01  1.21173497e-01  6.51690836e+00
  3.11198648e+02] 6.530393142845771
[-3.14891051e+00  1.33606972e-01 -1.05086032e-01  6.24683739e+00
  3.09716324e+02] 6.249149639948758
[-3.11651147e+00  2.24293578e-02  2.92611152e-03  6.71240119e+00
  3.14283269e+02] 6.712439303520289
[-3.02662960e+00 -1.99670888e-01 -3.04111254e-02  6.45689996e+00
  3.12412336e+02] 6.460058075534373
[-3.09528814e+00  1.80015853e-01  2.24408622e-01  6.37191334e+00
  3.11465765e+02] 6.378404544287019
[-3.04586984e+00  2.67810644e-01 -7.99168515e-03  6.33398663e+00
  3.12813945e+02] 6.3396508584939335
[-3.07023268e+00  4.80951636e-02 -1.15850492e-01  6.54795703e+00
  3.12725362e+02] 6.549158404267552
[-3.10964811e+00  1.09366523e-01 -1.14845884e-01  6.55450919e+00
  3.13635719e+02] 6.556427480253324
[-3.09056864e+00  1.15417024e-01 -4.08806040e-02  6.39919439e+00
  3.10764032e+02] 6.400365705113433
[-3.07201945e+00 -2.39053288e-01  1.77793440e-01  6.48091335e+00
  3.13432474e+02] 6.487757304530504
[-3.10384426e+00  1.05533905e-01  3.73214667e-01  6.72613651e+00
  3.11509337e+02] 6.737309474095331
[-3.10471664e+00 -1.27844329e-01 -2.36221825e-01  6.35722139e+00
  3.11581526e+02] 6.362893112322504
[-3.06178123e+00 -1.48424714e-01  4.85458795e-01  6.43581966e+00
  3.11790718e+02] 6.4558093906091605
[-3.15469648e+00  2.98679485e-01  1.91827160e-01  6.54979425e+00
  3.13064721e+02] 6.559406365348454
[-3.02558984e+00  2.58880904e-01 -2.24550824e-01  6.23367978e+00
  3.08668135e+02] 6.243092662260649
[-3.11805130e+00 -1.58844412e-01 -8.55795276e-02  6.78912987e+00
  3.13322050e+02] 6.7915270562509065
[-3.07333868e+00  1.42995486e-01 -2.55592814e-01  6.50031098e+00
  3.11205318e+02] 6.50690542527748
[-3.09953770e+00 -2.07453284e-01 -2.38880437e-01  6.49307775e+00
  3.11965795e+02] 6.500781443711531
[-3.11760586e+00  5.16797403e-02  5.23101021e-02  6.45843509e+00
  3.12898295e+02] 6.458853687136296
[-3.06952564e+00 -4.45807113e-01  2.10603088e-02  6.06703009e+00
  3.08308913e+02] 6.083423510323587
[-3.14686387e+00  2.80260865e-01  6.71844041e-02  6.50334525e+00
  3.12055888e+02] 6.509728049506931
[-3.06589278e+00  2.03374496e-01 -6.64641964e-02  6.62592451e+00
  3.13759964e+02] 6.6293781210606335
[-3.09132579e+00  1.67495635e-01 -1.49198326e-01  6.75752970e+00
  3.14160795e+02] 6.761251551040121
[-3.19987432e+00  1.07101602e-01 -2.24768175e-01  6.52957322e+00
  3.11032092e+02] 6.534318478245991
[-3.01122634e+00  1.55169899e-01 -7.86943600e-02  6.42943222e+00
  3.11909466e+02] 6.431785849620948
[-3.02348993e+00 -1.09070334e-01  2.07073110e-02  6.58009375e+00
  3.11843102e+02] 6.5810302257072975
[-3.08022370e+00 -9.71328190e-02 -6.66401079e-02  6.30760699e+00
  3.08724301e+02] 6.30870681229049
[-3.23387215e+00  3.46664785e-01  1.85078595e-01  6.54290565e+00
  3.12343998e+02] 6.5546963992990985
[-3.12045694e+00 -2.35561090e-01  9.53214082e-02  6.58602384e+00
  3.11137396e+02] 6.5909244544145915
[-3.09573920e+00 -4.92011003e-02 -1.36377699e-01  6.38354789e+00
  3.10669458e+02] 6.385194073119017
[-3.12049843e+00 -1.96829125e-01  9.14050931e-02  6.24522486e+00
  3.12159477e+02] 6.248994334788136
[-3.02910019e+00 -1.22679519e-01  1.18898237e-01  6.02171849e+00
  3.09663870e+02] 6.024141485313439
[-3.10918047e+00  2.85322443e-01 -1.21343805e-01  6.63136909e+00
  3.11291451e+02] 6.638613502212685
[-3.11545377e+00  3.30680461e-02 -1.28885542e-01  6.54828618e+00
  3.11624463e+02] 6.549637914989218
[-3.11808346e+00  5.65105970e-02  7.12525725e-02  6.58676468e+00
  3.11443684e+02] 6.587392450350605
[-3.11726107e+00  2.78341968e-03 -4.94800369e-01  6.49616358e+00
  3.11395465e+02] 6.514980925098155
[-3.08492123e+00  1.90071878e-01  8.65428423e-02  6.52399433e+00
  3.11550598e+02] 6.527336282023982
[-3.20223340e+00 -2.50949844e-02  4.52701202e-02  6.63280782e+00
  3.12231107e+02] 6.63300977723729
[-3.15171042e+00  7.29120971e-02 -7.56480781e-02  6.32301022e+00
  3.08707227e+02] 6.323883064382313
[-3.01653754e+00  9.47077483e-02  7.84947032e-02  6.16438242e+00
  3.11005580e+02] 6.165609591628644
[-3.09604226e+00 -2.36747383e-01  4.17217792e-02  6.41529145e+00
  3.09792252e+02] 6.4197939556673695
[-3.06580866e+00 -4.59046184e-02  9.64670357e-02  6.48442774e+00
  3.12284392e+02] 6.4853077172000555
[-3.08765084e+00 -2.85786182e-02 -2.06469495e-01  6.50448124e+00
  3.12104291e+02] 6.507820111715057
[-3.08617580e+00  1.47145798e-01 -4.83244125e-02  6.33349604e+00
  3.09146922e+02] 6.335389430585472
[-3.08239531e+00  2.13242698e-02 -1.99913650e-01  6.39841468e+00
  3.11909897e+02] 6.401572513116957
[-3.16418843e+00  1.28484912e-01  3.04558866e-01  6.33532053e+00
  3.07495605e+02] 6.343938110957743
[-3.04671282e+00 -1.74635033e-01 -3.12172954e-02  6.63413234e+00
  3.12431318e+02] 6.636503886495307
[-3.10974119e+00  3.59028184e-01  6.04475563e-03  6.69506122e+00
  3.12478708e+02] 6.7046836267814
[-3.16319224e+00 -3.08960309e-01  1.77232444e-02  6.61085638e+00
  3.13005437e+02] 6.618095845654487
[-3.06193683e+00 -1.53997888e-01 -2.11343898e-01  6.53945217e+00
  3.12711239e+02] 6.544678466574489
[-3.11681490e+00  2.74825826e-01  5.18707108e-02  6.50290339e+00
  3.11621010e+02] 6.508914837030251
[-3.08150832e+00 -6.86919187e-03 -9.58773761e-02  6.38783061e+00
  3.11161916e+02] 6.388553794996707
[-3.06987409e+00 -2.60648010e-01 -1.78861153e-01  6.65012469e+00
  3.12548704e+02] 6.657633741310353
[-3.05328330e+00  2.94774860e-01  6.46029060e-02  6.55589768e+00
  3.13951690e+02] 6.562839335860506
[-3.09823022e+00 -1.93854783e-01  2.75157020e-01  6.38207757e+00
  3.10720950e+02] 6.390947122960396
[-3.10137893e+00 -1.02916497e-01 -1.24365348e-01  6.46525072e+00
  3.10493757e+02] 6.467265683268281
[-3.15795343e+00 -2.60258516e-01 -2.31471654e-01  6.27472034e+00
  3.09361229e+02] 6.2843797605938345
[-3.08718961e+00 -8.15319650e-02 -3.18360021e-01  6.28071395e+00
  3.09428674e+02] 6.289305867213105
[-3.00526165e+00  1.44929153e-01  2.17786848e-02  6.50866564e+00
  3.10705129e+02] 6.510315444319848
[-3.05460670e+00  1.60026650e-01  8.43161421e-02  6.63529680e+00
  3.12215106e+02] 6.637761770610885
[-3.11067567e+00 -3.26402256e-03 -3.18230569e-01  6.50327190e+00
  3.10133007e+02] 6.511054194521856
[ -2.9988542    0.3267623    0.46417752   6.16412188 310.13337623] 6.190204599517573
[-3.09736695e+00 -1.12652909e-01 -9.78563715e-02  6.61581222e+00
  3.11413277e+02] 6.61749483144372
[-3.12615941e+00 -5.97625722e-02  8.52050720e-03  6.61191655e+00
  3.11302343e+02] 6.612192115273081
[-3.14875617e+00  2.23707857e-01 -8.47390854e-02  6.17520995e+00
  3.09667643e+02] 6.179841733584848
[-3.10900531e+00  7.73834112e-02  7.00708015e-02  6.66460801e+00
  3.10606937e+02] 6.665425571120719
[-3.07502682e+00 -2.05296536e-01 -1.50578946e-01  6.52610119e+00
  3.10538031e+02] 6.531065569119284
[-3.07477702e+00  1.43870673e-01  1.76848566e-01  6.12830864e+00
  3.09494234e+02] 6.132547675233844
[-3.07644044e+00  1.23050965e-01  3.32357099e-02  6.63615633e+00
  3.10551428e+02] 6.637380280417141
[-3.11608281e+00 -4.27582881e-02  3.23169664e-02  6.34283595e+00
  3.11266260e+02] 6.343062390630863
[-3.07930994e+00 -6.73822360e-02  3.41061056e-02  6.87084006e+00
  3.14941966e+02] 6.871255104981324
[-3.09957711e+00  2.62243881e-01 -1.11248077e-01  6.75712536e+00
  3.13527400e+02] 6.763127314597191
[-3.06239899e+00 -3.01628483e-01 -3.97386035e-03  6.30983066e+00
  3.10835521e+02] 6.317037157539569
[-3.15384356e+00  4.43082937e-02 -5.06219381e-02  6.57821131e+00
  3.12329288e+02] 6.578555301912546
[-3.04750486e+00  3.68834006e-02 -1.79605521e-01  6.30202353e+00
  3.11402040e+02] 6.304690243856498
[-3.13766622e+00  2.91978530e-01 -6.78913133e-03  6.46404259e+00
  3.10579931e+02] 6.470637076658379
[-3.18719517e+00  9.55729465e-02  1.75277870e-01  6.60931372e+00
  3.13610174e+02] 6.612328215430598
[-2.99026653e+00 -1.93028011e-01  1.09637077e-01  6.47947016e+00
  3.12572041e+02] 6.483271834941752
[-3.05897144e+00  2.58195855e-01 -7.30614173e-02  6.43853881e+00
  3.12433200e+02] 6.444127954600397
[-3.01283871e+00  2.27223244e-01  5.36507105e-02  6.25229138e+00
  3.10620404e+02] 6.256648967102583
[-3.10426755e+00 -1.47081355e-01  1.26181078e-01  6.44570423e+00
  3.09132825e+02] 6.448616719348833
[-3.07099084e+00  2.26813024e-01  2.39622922e-01  6.66519442e+00
  3.11437811e+02] 6.673355974273548
[-3.11448852e+00 -2.65971974e-01  2.89997865e-02  6.18484545e+00
  3.09653407e+02] 6.1906296426891645
[-3.04820857e+00  3.45565901e-03  2.85618907e-01  6.65166291e+00
  3.11023318e+02] 6.657793146032817
[ -3.0456552   -0.36883381  -0.3223079    6.28798717 310.9836266 ] 6.307036020140277
[-3.09857982e+00  1.72540981e-01 -1.77819154e-01  6.36051125e+00
  3.11921402e+02] 6.365335296444742
[-3.09558436e+00  1.39375752e-02 -2.80381691e-01  6.12372598e+00
  3.10176276e+02] 6.130157255692353
[-3.06985899e+00  2.09586096e-02 -1.48460065e-01  6.68374124e+00
  3.13772028e+02] 6.685422698747422
[-3.06552172e+00 -1.87161113e-01  1.63751271e-01  6.50538523e+00
  3.11582756e+02] 6.510136771284893
[-3.11434885e+00  1.40240861e-01 -8.75607843e-03  6.59222250e+00
  3.11861581e+02] 6.593719862400711
[-3.06433090e+00  4.02228567e-01 -1.90133257e-01  6.20800892e+00
  3.07078370e+02] 6.223930692540965
[-3.05427944e+00 -1.18218173e-01 -1.35560179e-01  6.71314106e+00
  3.15080883e+02] 6.715550241611799
[-3.07326952e+00  1.36058490e-01  1.03056673e-01  6.17054731e+00
  3.09058990e+02] 6.17290747896466
[-3.12334636e+00 -1.59653176e-01 -1.70952264e-01  6.44539789e+00
  3.10514276e+02] 6.449640905841609
[-3.07407004e+00  8.89433822e-02  4.60973490e-01  6.35167388e+00
  3.09903702e+02] 6.369000598545387
[-3.08206998e+00  2.48791369e-01  1.41094140e-01  6.62543669e+00
  3.13476015e+02] 6.631607352291414
[-3.11407648e+00  2.77686560e-02  7.38262523e-02  6.43786663e+00
  3.12885152e+02] 6.438349804295512
[-3.03452252e+00  2.87167981e-01  5.90368897e-02  6.67636835e+00
  3.15685786e+02] 6.682802195535092
[-3.07427907e+00 -1.39777288e-01  4.09668543e-02  6.34074280e+00
  3.10440354e+02] 6.342415564843709
[-3.08931931e+00  4.14309933e-02 -2.00005733e-01  6.40935316e+00
  3.13747745e+02] 6.412606861466821
[-3.14255736e+00  2.43122907e-02  1.53548976e-01  6.69159815e+00
  3.11519840e+02] 6.693403781166689
[-3.09403691e+00  1.85943932e-01  6.45424318e-02  6.41796948e+00
  3.08632224e+02] 6.420986925832854
[-3.10308666e+00 -8.78438611e-02 -2.77445178e-01  6.36320926e+00
  3.12058041e+02] 6.369860627345924
[-3.22302056e+00 -1.68336060e-01 -1.57008562e-01  6.35861349e+00
  3.09500903e+02] 6.362778818519524
[-3.08746732e+00  4.41355331e-02 -1.62326652e-01  6.70529733e+00
  3.13080030e+02] 6.707407110635246
[-3.10684755e+00 -1.94541825e-01  7.90196702e-02  6.60206863e+00
  3.10455764e+02] 6.60540694211002
[-3.13892555e+00  3.40807179e-01  6.23536114e-02  6.51073325e+00
  3.11424393e+02] 6.519945160505234
[-3.09697113e+00 -2.43942471e-01 -7.23490688e-02  6.42843836e+00
  3.08538163e+02] 6.433472011793945
[-3.07434142e+00 -1.63396009e-02 -2.21797196e-01  6.48833280e+00
  3.12264992e+02] 6.4921432096218386
[-3.03171129e+00 -1.16653031e-01 -7.20625009e-02  6.53217511e+00
  3.12105655e+02] 6.5336140543871215
[-3.09082288e+00 -2.14262870e-01 -2.61797742e-01  6.60300560e+00
  3.12401896e+02] 6.611666171403452
[-3.05086262e+00  2.39627554e-01 -1.16349900e-01  5.97901535e+00
  3.09351709e+02] 5.984946384750896
[-2.99709139e+00  7.47706168e-02 -1.18088600e-01  6.38989278e+00
  3.13751675e+02] 6.391421224835253
[-3.06646553e+00 -1.23447953e-01 -2.08524093e-01  5.89967121e+00
  3.07130211e+02] 5.9046458054419535
[-3.14667394e+00 -3.59366224e-01  7.68549690e-04  6.36949900e+00
  3.09207128e+02] 6.379628689090904
[-3.09292615e+00 -2.04947512e-01  1.36535442e-01  6.60805814e+00
  3.15307748e+02] 6.612645295147284
[-3.13330189e+00 -3.54880793e-01  1.31208989e-01  6.55117233e+00
  3.12186171e+02] 6.562089233780998
[-3.05928284e+00  7.98646163e-02 -6.41986071e-02  6.41873868e+00
  3.12043371e+02] 6.419556529766867
[-3.04698376e+00  5.07552896e-02 -1.80562032e-01  6.29426339e+00
  3.11317988e+02] 6.29705727390125
[-3.13668296e+00 -1.62037250e-01  1.18429785e-01  6.35809187e+00
  3.09324350e+02] 6.361258828329586
[-3.01720246e+00  1.00566357e-01  1.06773477e-01  6.65228666e+00
  3.12275062e+02] 6.653903515886118
[-3.04011545e+00  3.47275726e-03 -3.62387581e-02  6.45798385e+00
  3.12178473e+02] 6.45808646103587
[-3.05153677e+00  1.26466441e-03 -9.89239397e-02  6.50853912e+00
  3.12824415e+02] 6.509290980395006
[-3.07174305e+00 -6.89177239e-02  1.36529451e-01  6.24131962e+00
  3.11882809e+02] 6.243193134811777
[-3.15174696e+00  8.57810198e-02 -1.21459534e-01  6.70030758e+00
  3.13456894e+02] 6.701957357482679
[-3.02931094e+00  3.17083146e-01  7.82512390e-02  6.54635283e+00
  3.11594415e+02] 6.554494672658704
[-3.15146744e+00 -8.93867601e-02  6.37573685e-03  6.38492583e+00
  3.12598406e+02] 6.385554678596134
[-3.04141773e+00  1.59683336e-01  3.43964789e-02  6.50304864e+00
  3.13963074e+02] 6.505099810859333
[-3.00816762e+00 -1.26535223e-01 -8.33847302e-02  6.41304690e+00
  3.13869110e+02] 6.41483707858116
[-3.05168946e+00  3.94782541e-01 -2.56204367e-01  6.40804991e+00
  3.10184870e+02] 6.425309140410021
[-3.09685678e+00  6.38772309e-02 -7.53334543e-02  6.05053860e+00
  3.06486322e+02] 6.051344705293443
[-3.02965532e+00  4.27755816e-01 -2.53102917e-01  6.13517352e+00
  3.08131599e+02] 6.155273373771888
[-3.16704054e+00 -4.51504115e-02 -2.52448271e-01  6.47850683e+00
  3.11138041e+02] 6.483580756885773
[-3.15544014e+00  2.41606816e-01 -2.47207022e-01  6.52965834e+00
  3.12518201e+02] 6.538801358100107
[-3.04557839e+00  2.87590125e-01 -6.57745897e-02  6.32845553e+00
  3.10758215e+02] 6.335328224649052
[-3.07867205e+00  1.03793312e-01 -2.41871025e-01  6.31077053e+00
  3.12829615e+02] 6.316256747627256
[-3.11382241e+00 -4.82195703e-02 -2.14795336e-01  6.46163266e+00
  3.10403140e+02] 6.465381566455465
[-3.11384190e+00 -3.47091295e-01  9.72394908e-02  6.97637467e+00
  3.13924211e+02] 6.985680451846515
[-3.09529775e+00  4.02324122e-01  1.35023783e-02  6.27217515e+00
  3.10699486e+02] 6.285079806228918
[-3.05252188e+00  5.80102319e-02  7.51926380e-02  6.43687931e+00
  3.12178204e+02] 6.437579853076584
[-3.03970810e+00  4.77251544e-02 -6.30598447e-02  6.64693867e+00
  3.11815081e+02] 6.6474091083811695
[-3.10299253e+00  5.09102393e-02  1.77411084e-01  6.69416190e+00
  3.13231706e+02] 6.696705918145627
[-3.09372734e+00  5.04557501e-02  1.14224370e-02  6.26159142e+00
  3.10318468e+02] 6.261805125057458
[-3.09589559e+00  1.21729904e-01 -2.92934380e-02  6.59539545e+00
  3.12614454e+02] 6.5965837690750995
[-3.06875251e+00  3.37241030e-02  1.49545050e-01  6.66807633e+00
  3.11026533e+02] 6.669838306385368
[-3.10462288e+00  5.50394487e-02 -7.41028214e-02  6.57314216e+00
  3.12379033e+02] 6.573790267499476
[-3.11797771e+00  2.79295590e-02 -1.07549773e-01  6.64422451e+00
  3.12870815e+02] 6.645153601478947
[-3.08690292e+00  1.25106320e-01  1.52283526e-01  6.55283845e+00
  3.12022581e+02] 6.555801524304298
[-3.09371487e+00 -2.16479071e-01 -1.06169037e-01  6.59029216e+00
  3.10415617e+02] 6.594701339781904
[-3.10585860e+00 -1.12924834e-02 -1.09349280e-01  6.34776785e+00
  3.12409427e+02] 6.3487196734201365
[-3.15599834e+00  1.67057522e-01 -3.46402633e-02  6.28623742e+00
  3.11724232e+02] 6.288552222411771
[-3.07206777e+00 -5.94969789e-02 -2.74548680e-01  6.30302984e+00
  3.11461344e+02] 6.309286965143033
[-3.00067184e+00  1.86115819e-01  1.90974589e-01  6.46579062e+00
  3.11275069e+02] 6.471287259353265
[-2.99166188e+00 -2.17192183e-01  3.49298786e-01  6.62306260e+00
  3.15722138e+02] 6.635822504280625
[-3.08652845e+00 -1.67686674e-01  1.26406336e-01  6.69119988e+00
  3.11194873e+02] 6.6944942439865835
[-3.04212931e+00  7.03962702e-02 -1.22530591e-01  6.22257187e+00
  3.10771490e+02] 6.224176257173944
[-3.07723028e+00  1.23033621e-01 -6.39416965e-02  6.70333681e+00
  3.13898276e+02] 6.704770702581644
[-3.09222180e+00 -1.27693392e-01  2.45454010e-01  6.03906349e+00
  3.09204774e+02] 6.0453983411480845
[-3.07528226e+00  8.80690140e-03  1.49325251e-01  6.47458996e+00
  3.11355783e+02] 6.476317688012586
[-3.10920234e+00 -1.11879840e-01  1.43599384e-02  6.45802188e+00
  3.11608647e+02] 6.459006885865941
[-3.03879909e+00  1.53222385e-01  2.31049098e-01  6.40416478e+00
  3.10212998e+02] 6.410162818694869
[-3.13349373e+00 -2.76440840e-01  2.93918085e-01  6.55274271e+00
  3.09825326e+02] 6.56515379645773
[-3.06181035e+00 -1.87553797e-01  1.33968203e-01  6.21256731e+00
  3.11401520e+02] 6.216841363085547
[-3.09658011e+00 -4.58181139e-02  1.43687660e-01  6.36481694e+00
  3.10114172e+02] 6.366603503727388
[-3.08821657e+00 -7.38625132e-03  1.65464543e-01  6.85496064e+00
  3.15325534e+02] 6.8569613132688545
[-3.07634967e+00 -1.94788327e-01 -8.30959385e-02  6.71715503e+00
  3.16155927e+02] 6.720492473264957
[-2.95596926e+00  4.86646857e-03  1.95963832e-01  6.58998680e+00
  3.12187907e+02] 6.592901605724345
[-3.15107378e+00 -8.53651080e-02  7.23799942e-02  6.78128456e+00
  3.12180304e+02] 6.782208069129128
[-3.08613348e+00 -4.48852795e-01 -2.32064184e-02  6.47027464e+00
  3.13126569e+02] 6.485866272453629
[-3.08152374e+00  6.44500323e-02 -2.53438117e-02  6.90112755e+00
  3.15762097e+02] 6.901475027728063
[-3.01323586e+00 -4.63943285e-02 -8.33360391e-02  6.17373936e+00
  3.12296746e+02] 6.17447609641771
[-3.10477521e+00  1.64382743e-01  5.54622442e-02  6.66178483e+00
  3.11623221e+02] 6.664043434995316
[-3.02205512e+00  1.95346768e-01  2.14926124e-01  6.47107870e+00
  3.13588053e+02] 6.477593155367211
[-3.01470091e+00  1.04274912e-01  1.62880665e-01  6.58855559e+00
  3.11686588e+02] 6.591393489074936
[-3.11262617e+00  6.99979145e-02  4.79605231e-02  6.50847423e+00
  3.09471216e+02] 6.5090273217051395
[-3.05294100e+00 -1.84161920e-01 -5.28067118e-02  6.77539178e+00
  3.12845742e+02] 6.778099873716851
[-3.05651022e+00  1.04776730e-01  2.94316661e-01  6.40064656e+00
  3.12563516e+02] 6.408266292734617
[-3.13246430e+00  1.28006756e-01  1.81227678e-01  6.45391758e+00
  3.12194412e+02] 6.457730351830506
[-3.06566634e+00 -5.61760808e-02  3.50525056e-01  6.20290968e+00
  3.10274296e+02] 6.213059795489866
[-3.13558294e+00  1.54809036e-01  4.64162823e-03  6.68380004e+00
  3.11349139e+02] 6.685594245605952
[-3.11679181e+00  3.91309952e-01 -1.32463309e-01  6.37156227e+00
  3.12783307e+02] 6.384941331482965
[-3.11174256e+00 -1.56862381e-01 -1.65908857e-02  6.61407335e+00
  3.11585217e+02] 6.615954001747203
[-3.15503630e+00  1.03824506e-01  1.45965662e-01  6.65460851e+00
  3.10549172e+02] 6.657018850892699
[-3.06933687e+00 -1.29277506e-01 -6.42762856e-02  6.73196130e+00
  3.13061037e+02] 6.733509268048589
[-3.01666137e+00 -1.33997844e-01  1.82591816e-01  6.64091894e+00
  3.14552611e+02] 6.644779874980228
[-3.07705315e+00  1.84018557e-01  8.85650707e-02  6.52792073e+00
  3.10475186e+02] 6.53111442993722
[-2.98008590e+00  2.38558136e-01  2.68115572e-01  6.32382131e+00
  3.11524215e+02] 6.333996515857661
[-3.08472140e+00  3.58828612e-02 -1.27273091e-01  6.40428865e+00
  3.10201332e+02] 6.40565368370557
[-3.12694069e+00  2.32488371e-01  1.19104037e-01  6.24282023e+00
  3.08733480e+02] 6.248283047380036
[-3.16681818e+00  2.08352166e-01 -2.05465872e-01  6.50581833e+00
  3.09459467e+02] 6.512395796740548
[-3.01427137e+00 -1.03764955e-01  1.73861829e-01  6.09715082e+00
  3.08533256e+02] 6.100511715154126
[-3.09424929e+00  1.17828555e-01 -8.68920936e-02  6.57127114e+00
  3.11972893e+02] 6.5729018113963065
[-3.08357884e+00 -7.78632530e-02  3.66702746e-02  6.20287046e+00
  3.10569676e+02] 6.203467528362736
[-3.11719656e+00 -2.22097212e-01  6.05144753e-02  6.35540698e+00
  3.10562822e+02] 6.359574439650656
[-3.17370825e+00  2.25736745e-01 -1.49821631e-01  6.31240898e+00
  3.09250986e+02] 6.318220532437677
[-3.04432135e+00  9.78628567e-02 -1.89217273e-01  6.25351646e+00
  3.10210876e+02] 6.257143795861944
[-3.03720407e+00 -2.11090108e-01 -2.35597323e-01  6.34986996e+00
  3.09263323e+02] 6.357744387079013
[-3.02119560e+00  2.01038030e-01 -2.05867069e-01  6.37432490e+00
  3.11395680e+02] 6.380816204421978
[-3.12353187e+00  1.37434541e-01  2.74430774e-01  6.68672943e+00
  3.11735034e+02] 6.693769561562856
[-3.05538894e+00 -1.97783246e-02  2.74066810e-01  6.55883150e+00
  3.13120901e+02] 6.564584863262776
[-3.03416516e+00 -1.14896453e-01 -3.90176890e-01  6.15036721e+00
  3.10191021e+02] 6.163802076057854
[-3.08816694e+00 -1.92391396e-01 -2.40265012e-02  6.57104545e+00
  3.14094870e+02] 6.5739052349235605
[-3.04027920e+00  1.86648287e-01 -1.55869336e-01  6.78544858e+00
  3.14655411e+02] 6.78980450606167
[-3.17920772e+00  4.88722606e-01  8.82168292e-02  6.51118513e+00
  3.11459019e+02] 6.530096766172148
[-3.14216117e+00 -1.09119543e-01 -4.97222482e-02  6.21269605e+00
  3.11407434e+02] 6.213853199410059
[-2.98386725e+00  1.56177452e-01 -1.13307684e-01  6.30408539e+00
  3.10781778e+02] 6.307037552432193
[-3.08447860e+00  2.18616129e-01 -9.47876263e-02  6.48691764e+00
  3.12353330e+02] 6.491292484710931
[-3.08096472e+00  2.63249108e-01 -2.71078771e-01  6.21527998e+00
  3.09904124e+02] 6.22675590136486
[-3.05685640e+00  1.00722115e-02  1.76630781e-01  6.52645030e+00
  3.13008724e+02] 6.528847780361648
[-3.04017916e+00 -2.68534772e-01 -2.61271511e-02  6.48171128e+00
  3.10417233e+02] 6.487324151693747
[-3.10051654e+00 -3.49317683e-02  6.47845181e-02  6.26888599e+00
  3.10284960e+02] 6.269318054821246
[-3.05229357e+00 -3.06508009e-01 -8.75080142e-02  6.54077900e+00
  3.12405454e+02] 6.5485414212279816
