/mnt/stage/douwei/Simulation/5kt_root/2MeV/5kt_+9.80_3.root
[-3.26029187e+00  5.04750489e-03 -1.27450698e-01  1.00446815e+01
  3.40012395e+02] 10.045491314891942
[-3.23534287e+00  3.97445646e-02 -1.44024422e-01  9.75888453e+00
  3.35983799e+02] 9.760028173466498
[-3.25810701e+00 -1.55909102e-02 -3.37650204e-01  9.94383534e+00
  3.36859246e+02] 9.949578481215653
[-3.14109119e+00  2.99928917e-01  6.04603082e-02  9.61145615e+00
  3.34442646e+02] 9.616324770585976
[-3.32957821e+00 -2.05035578e-02 -1.69648845e-01  9.86124655e+00
  3.34724706e+02] 9.862727043132555
[-3.22971712e+00  2.16125072e-01  9.75605271e-02  9.91071803e+00
  3.37369756e+02] 9.91355435452196
[-3.20515499e+00  1.33112056e-01  2.42258374e-02  9.78585818e+00
  3.37313146e+02] 9.786793447381921
[-3.20743481e+00  7.54046805e-02 -2.88360228e-01  9.94035557e+00
  3.37570802e+02] 9.944823087923115
[-3.15614692e+00  2.93411644e-01  4.16971172e-02  9.89797212e+00
  3.37938909e+02] 9.902407850001818
[-3.22284569e+00  2.10837269e-02 -1.31111000e-01  9.96010089e+00
  3.36717361e+02] 9.960986117441328
[-3.18352313e+00 -2.79427894e-01 -1.95083057e-02  9.71155494e+00
  3.33603788e+02] 9.715593640563025
[-3.20352984e+00  1.22205166e-01  2.44792583e-01  9.84938878e+00
  3.37557033e+02] 9.853188154121355
[-3.20493480e+00 -1.66061781e-01 -1.21765627e-01  9.84695612e+00
  3.36583966e+02] 9.849109006963669
[-3.15195289e+00  3.16715071e-01 -1.12363993e-01  9.74232695e+00
  3.36334804e+02] 9.74812128073164
[-3.14726625e+00  1.63738605e-02  2.03222830e-02  9.62951781e+00
  3.32477477e+02] 9.629553177566564
[-3.28448239e+00  9.07367995e-02 -2.71485528e-01  1.01366083e+01
  3.39274981e+02] 10.140649136029625
[-3.20478902e+00 -8.19408467e-02 -1.76688885e-01  9.71534758e+00
  3.35082841e+02] 9.717299615590852
[-3.20586062e+00  7.33773910e-02  1.28706019e-01  9.70751398e+00
  3.37013354e+02] 9.708644457613973
[-3.23955522e+00  3.05317295e-01 -2.67708773e-01  9.84785518e+00
  3.37261301e+02] 9.856223329982189
[-3.22168199e+00  3.00813357e-01  2.90006296e-04  1.00300519e+01
  3.38148664e+02] 10.034561773503547
[-3.23328376e+00  2.95732529e-02  1.15483424e-01  9.91236968e+00
  3.34615884e+02] 9.913086485954933
[-3.23586703e+00  3.73556082e-02 -4.45826387e-02  9.58736819e+00
  3.35737054e+02] 9.58754462327173
[-3.16423018e+00  2.68121346e-01 -6.48687132e-03  9.93703251e+00
  3.38947677e+02] 9.940651200827977
[-3.23479305e+00 -1.25142490e-02  2.36189816e-01  9.63864716e+00
  3.35565331e+02] 9.641548695592896
[-3.20480278e+00  9.60388485e-02 -2.04131857e-03  9.78191320e+00
  3.37173872e+02] 9.78238485678329
[-3.18682499e+00 -8.08288533e-02 -2.41252887e-01  9.66744723e+00
  3.33864814e+02] 9.670794809242263
[-3.17315234e+00  2.11905368e-01 -1.37447246e-02  9.94427649e+00
  3.38591003e+02] 9.946543509948164
[-3.18993494e+00 -6.73873635e-02 -1.01508730e-01  1.00064559e+01
  3.39749469e+02] 10.007197640007291
[-3.25009876e+00  1.05455828e-01 -8.83437225e-02  9.73662173e+00
  3.36779351e+02] 9.737593551637046
[-3.25501489e+00  1.23671566e-01 -1.71834598e-01  9.72701344e+00
  3.35892694e+02] 9.729317156292264
[-3.19213958e+00 -2.16347505e-01 -1.68756877e-01  1.00736387e+01
  3.38478580e+02] 10.077374791265136
[-3.21437960e+00 -9.09538020e-03 -2.95290458e-01  9.98303129e+00
  3.38749036e+02] 9.987401705118419
[-3.12570307e+00  2.33186694e-01 -4.75167045e-03  9.96951205e+00
  3.38116664e+02] 9.97223992526614
[-3.19991853e+00 -3.55798510e-02 -2.77343752e-01  9.74030526e+00
  3.38135629e+02] 9.744317939744011
[-3.24011336e+00 -1.34513033e-01 -4.03429963e-01  9.71923494e+00
  3.36180597e+02] 9.728534185126934
[-3.21456980e+00  2.01810998e-02 -8.87788364e-02  1.00114482e+01
  3.38399971e+02] 10.011862183022771
[-3.10921776e+00 -3.91221979e-02 -9.08240820e-02  9.88687482e+00
  3.35677033e+02] 9.887369377157444
[-3.22405317e+00 -1.16134453e-01  1.12031622e-01  9.93058465e+00
  3.38064553e+02] 9.931895581203673
[-3.20306938e+00  1.20286275e-01 -3.18267525e-01  9.66871394e+00
  3.34750205e+02] 9.67469856549187
[-3.21226569e+00  6.88384773e-02  7.96782076e-02  9.74267850e+00
  3.37238514e+02] 9.74324748791977
[-3.14643557e+00  1.07860171e-01  1.10330990e-01  9.65938805e+00
  3.35655128e+02] 9.660620284817886
[-3.22996167e+00  5.18142939e-02 -2.50031273e-01  1.01575919e+01
  3.38795421e+02] 10.160800877035292
[-3.19060811e+00  1.04135914e-01  8.45260008e-02  9.86521394e+00
  3.37892302e+02] 9.866125633666712
[-3.14238796e+00 -1.75875441e-01  6.37670282e-02  9.95575395e+00
  3.38732058e+02] 9.957511491686938
[-3.18938718e+00  3.02464603e-01 -1.13518488e-01  9.99496077e+00
  3.38563816e+02] 10.00018060111734
[-3.20933890e+00 -8.80077385e-02 -2.23868712e-02  9.90281643e+00
  3.35279720e+02] 9.903232792743287
[-3.19896386e+00 -1.83097080e-01  2.42403036e-02  1.00753383e+01
  3.41019737e+02] 10.077031032893402
[-3.22270091e+00 -7.72875861e-02 -2.47024041e-01  9.99998326e+00
  3.39107673e+02] 10.00333241629854
[-3.14923225e+00 -2.22005285e-02 -2.01672379e-01  9.81516533e+00
  3.38657111e+02] 9.817262096052838
[-3.15465730e+00 -2.35260235e-01  8.40973361e-02  9.90168928e+00
  3.36948248e+02] 9.904840753103903
[-3.14580708e+00  1.36561119e-01 -2.13232034e-01  9.56786438e+00
  3.33774938e+02] 9.571214429506968
[-3.26565096e+00 -2.15234789e-01  1.18747554e-01  9.85637476e+00
  3.37771475e+02] 9.85943966180719
[-3.25802286e+00 -1.18774744e-01 -8.93721756e-02  1.01534163e+01
  3.38252563e+02] 10.154504289982796
[-3.07212671e+00 -1.35051979e-01  1.82757001e-01  9.85249216e+00
  3.36214392e+02] 9.855112423424904
[-3.17825750e+00  1.57343854e-01  2.66214553e-02  9.79811972e+00
  3.36531837e+02] 9.799419162641854
[-3.18432903e+00 -4.60373967e-02  2.28219336e-01  9.93469107e+00
  3.37815580e+02] 9.937418688758
[-3.11960510e+00  2.43268389e-01 -5.50734121e-02  9.45556318e+00
  3.35872592e+02] 9.458852338113154
[-3.25066067e+00 -1.81040122e-01  2.07362108e-01  9.64955995e+00
  3.35116248e+02] 9.653485471395868
[-3.33359557e+00 -1.31157460e-01  1.53541189e-01  1.03300816e+01
  3.37923051e+02] 10.332055169255502
[-3.24002030e+00  9.17657204e-02  1.04993033e-01  1.03333473e+01
  3.39803216e+02] 10.334288094842304
[-3.22153365e+00  5.21367353e-02 -1.81432088e-01  9.61259250e+00
  3.33785833e+02] 9.614445919573246
[-3.25688167e+00  7.34592571e-02 -1.28160899e-01  9.95608631e+00
  3.38252829e+02] 9.957182138014957
[-3.14555403e+00 -1.15589083e-01  6.32474601e-02  9.79196641e+00
  3.35968366e+02] 9.792852864989248
[-3.16079034e+00 -1.49053364e-01 -2.69410911e-02  9.62738909e+00
  3.36160156e+02] 9.628580551391185
[-3.19689684e+00 -2.33319467e-01  4.67354545e-02  1.01125817e+01
  3.37325306e+02] 10.115380952962466
[-3.08724633e+00  5.05884715e-02  1.38381487e-01  9.52141046e+00
  3.34486749e+02] 9.522550384844445
[-3.19720244e+00 -1.27786275e-01 -8.93096905e-02  9.88188806e+00
  3.36727920e+02] 9.883117783142294
[-3.19307780e+00  6.89955313e-03  8.06635950e-02  9.83207195e+00
  3.37626428e+02] 9.8324052568305
[-3.20845144e+00 -6.60321207e-02  2.52578987e-01  9.88890309e+00
  3.36408495e+02] 9.892348595602424
[-3.15112000e+00  1.94701653e-01  1.28743507e-01  9.75587260e+00
  3.37061655e+02] 9.758664554660276
[-3.17820374e+00  2.78369804e-01  4.62019986e-02  9.68898314e+00
  3.35664857e+02] 9.693091283721495
[-3.22350764e+00  2.20685024e-01 -8.55005334e-02  9.67969853e+00
  3.35538579e+02] 9.682591380571496
[-3.22639989e+00 -9.53988161e-02 -8.18829349e-02  1.00708347e+01
  3.39202926e+02] 10.07161939347424
[-3.20081836e+00  1.32935191e-01  5.87430088e-02  9.81911956e+00
  3.37498099e+02] 9.820195080359571
[-3.19309342e+00 -1.17614305e-02  1.93192082e-01  9.63788736e+00
  3.37099465e+02] 9.639830618736978
[-3.21869042e+00 -4.72941233e-02 -1.38876837e-01  9.99624410e+00
  3.39232527e+02] 9.997320623124303
[-3.20590532e+00  9.42435089e-02  3.67024087e-01  1.00921512e+01
  3.39259032e+02] 10.099262575011723
[-3.06567434e+00 -5.92016940e-02  1.20820907e-02  9.77584921e+00
  3.38128594e+02] 9.776035937405846
[-3.17990165e+00 -2.16271521e-01 -4.75280695e-03  1.01341202e+01
  3.39880884e+02] 10.136428791818968
[-3.23439611e+00  5.93115597e-02 -8.56940463e-02  9.70330551e+00
  3.37733887e+02] 9.703865168864967
[-3.10615375e+00 -3.77835516e-01  1.05847301e-01  1.00771858e+01
  3.39454967e+02] 10.08482214237057
[-3.25574025e+00  9.61517653e-02 -1.12031413e-01  9.87378246e+00
  3.37336006e+02] 9.874886140031453
[-3.14505982e+00  6.58226288e-02  3.32938175e-03  9.56215586e+00
  3.33349009e+02] 9.562382985695923
[-3.09762019e+00  1.44766712e-01  3.15030530e-02  9.80210738e+00
  3.37245723e+02] 9.803226961178806
[-3.13341917e+00 -2.59927033e-01 -2.59252741e-02  9.82303330e+00
  3.36980702e+02] 9.826505859212254
[-3.28106515e+00  1.46541553e-01  1.38793619e-02  9.72255367e+00
  3.36974084e+02] 9.723667876788577
[-3.17940735e+00  1.38915297e-01  4.16501997e-02  9.79123722e+00
  3.36959900e+02] 9.792311191820545
[-3.22265311e+00 -1.77102525e-01  2.46996453e-01  9.73338218e+00
  3.34308640e+02] 9.738126160637629
[-3.17295722e+00  1.18747125e-01 -1.93039200e-01  9.83669597e+00
  3.35785352e+02] 9.839306512558327
[-3.20017587e+00  8.66888784e-02  1.68588725e-02  9.87644582e+00
  3.35560581e+02] 9.876840648029525
[-3.16987092e+00 -2.34932809e-01 -2.94729246e-01  9.79412456e+00
  3.35820113e+02] 9.801374116213813
[-3.24895882e+00 -2.73615295e-01  7.08133292e-04  9.83280707e+00
  3.37219706e+02] 9.83661327762001
[-3.18462065e+00  4.61952217e-02 -1.06090172e-01  9.81323929e+00
  3.37325263e+02] 9.813921462793347
[-3.12979605e+00  4.69335919e-02 -9.94745727e-02  9.78163792e+00
  3.36302997e+02] 9.782256296787228
[-3.20079054e+00 -6.18425817e-02  7.67881952e-02  9.62507488e+00
  3.35667186e+02] 9.62557984908921
[-3.17978724e+00 -1.21749492e-01  1.06252790e-01  9.75343267e+00
  3.35849031e+02] 9.754771218631092
[-3.24676182e+00  2.95878223e-01  4.48195529e-02  1.00310233e+01
  3.38741220e+02] 10.035486127201345
[-3.27759085e+00 -1.23525664e-01 -1.08504307e-01  9.88953056e+00
  3.36544742e+02] 9.890897153965268
[-3.17386109e+00  2.08828331e-01  1.71831638e-01  1.00776582e+01
  3.40012432e+02] 10.08128609120787
[-3.16704232e+00  2.29626677e-04 -5.64044514e-02  9.82927284e+00
  3.37574762e+02] 9.8294346808126
[-3.23523214e+00  1.42706732e-01 -4.07575444e-02  1.00474949e+01
  3.39112598e+02] 10.048590916438958
[-3.24577716e+00  2.89125868e-02 -2.97413278e-02  9.57201550e+00
  3.34648080e+02] 9.57210537091214
[-3.23706702e+00  1.04148483e-01  3.36731183e-02  1.01383956e+01
  3.41199866e+02] 10.138986444426068
[-3.23313567e+00 -3.30104521e-01 -6.80712480e-02  9.94993577e+00
  3.36162599e+02] 9.955642847351792
[-3.24198229e+00 -1.02885048e-01 -2.50268675e-03  9.84074176e+00
  3.36497091e+02] 9.841279893606504
[-3.21633596e+00  7.65588862e-04  4.84639474e-03  9.94617285e+00
  3.38680382e+02] 9.946174063208286
[-3.23436806e+00 -2.78482136e-01  6.51758227e-02  1.00112379e+01
  3.39713083e+02] 10.01532246393092
[-3.21404339e+00 -5.69786904e-02 -2.35062650e-02  9.80834782e+00
  3.36581934e+02] 9.808541488887935
[-3.22152084e+00 -2.90592563e-01  1.77685154e-01  1.00487593e+01
  3.38271913e+02] 10.054530255792686
[-3.18505925e+00 -1.75186094e-01  6.67872942e-02  1.00720777e+01
  3.35749019e+02] 10.073822504215084
[-3.21156572e+00  1.55464238e-01 -2.19470694e-01  9.73086951e+00
  3.37172401e+02] 9.734585656865388
[-3.16150981e+00 -1.83575330e-01  1.22072593e-01  9.75932029e+00
  3.36075183e+02] 9.761809979852842
[-3.17492078e+00  4.34009578e-01  3.43668105e-02  1.00853760e+01
  3.40276044e+02] 10.094768656887805
[-3.24315041e+00  1.42265314e-01  3.55162974e-01  9.84804631e+00
  3.34303719e+02] 9.855475449651323
[-3.21731046e+00 -6.39298157e-02  1.23337152e-01  1.01109123e+01
  3.39619978e+02] 10.111866649117676
[-3.15578692e+00 -6.36977689e-02  1.85140417e-01  9.91669301e+00
  3.37032547e+02] 9.918625638162686
[-3.26822692e+00  1.14054134e-01  1.99198334e-02  9.63693078e+00
  3.32927337e+02] 9.637626261931342
[-3.20782736e+00 -2.65600447e-02 -2.97951871e-02  1.03197440e+01
  3.39985837e+02] 10.31982115873454
[-3.22198745e+00 -2.50555992e-01  1.59317257e-02  9.74889331e+00
  3.34711707e+02] 9.752125553040335
[-3.12412054e+00 -4.26403322e-02 -9.24897352e-02  9.55253877e+00
  3.35791347e+02] 9.553081680376142
[-3.18231452e+00 -7.52534968e-02 -1.30023438e-01  1.00808413e+01
  3.38343832e+02] 10.081960605402019
[-3.22297148e+00 -8.48478611e-04  1.60138152e-01  9.96113988e+00
  3.36436248e+02] 9.96242704484301
[-3.12953935e+00  9.82299974e-02 -8.40828878e-02  9.67781642e+00
  3.35282254e+02] 9.678680164872237
[-3.25792611e+00 -4.95253052e-02 -2.82872982e-01  9.85191322e+00
  3.35792353e+02] 9.856097808452885
[-3.18599698e+00 -2.79191614e-01  7.52095965e-02  9.89015088e+00
  3.36405981e+02] 9.894376625049986
[-3.22307987e+00 -1.24006203e-01  2.43428827e-02  9.89695396e+00
  3.38194204e+02] 9.897760742177953
[-3.14142498e+00 -1.39625790e-01 -1.00642915e-02  9.98524645e+00
  3.39203713e+02] 9.986227683913514
[-3.11405334e+00  7.31004228e-02 -7.87795620e-03  9.78871114e+00
  3.37871731e+02] 9.788987257604793
[-3.16030135e+00  1.08351038e-01  1.25069608e-01  9.49662194e+00
  3.34353406e+02] 9.49806352046015
[-3.19799525e+00  5.04521555e-02  1.75480408e-01  9.56844931e+00
  3.34229318e+02] 9.570191274352773
[-3.16367992e+00 -6.10500280e-02 -8.44379768e-02  9.74621642e+00
  3.37145222e+02] 9.746773383250833
[-3.21048243e+00  1.28209980e-01 -1.52205354e-01  9.80651822e+00
  3.34454523e+02] 9.808537298517177
[-3.20810370e+00 -5.47550382e-02 -1.44044826e-02  9.82270039e+00
  3.35550413e+02] 9.822863563354819
[-3.26982248e+00  1.86703325e-01 -2.25970024e-01  9.97594458e+00
  3.38804322e+02] 9.980250034950856
[-3.22568082e+00  2.58881138e-01 -3.80419459e-02  9.94860352e+00
  3.39335780e+02] 9.952043946842211
[-3.18753208e+00 -1.19595318e-01 -2.02356467e-02  9.84880549e+00
  3.37899489e+02] 9.849552379712803
[-3.14327175e+00  1.36364605e-02  2.40883696e-01  9.88405060e+00
  3.38723723e+02] 9.886994852233466
[-3.20087062e+00  1.29033071e-01 -7.75412957e-02  1.00567894e+01
  3.37082529e+02] 10.057916014950695
[-3.13611225e+00  1.45827807e-01 -9.68211226e-03  9.93946401e+00
  3.37943035e+02] 9.94053843014335
[-3.27169075e+00 -1.68640552e-01 -1.18921584e-01  1.00479041e+01
  3.37232911e+02] 10.050022838013014
[-3.16622049e+00  1.56523395e-02  1.87948438e-01  9.98413340e+00
  3.37958398e+02] 9.985914550904388
[-3.24933471e+00  3.41675137e-01 -4.77759757e-02  9.76735525e+00
  3.33823451e+02] 9.773446323838629
[-3.13729770e+00  1.43658370e-01 -8.25213376e-02  9.69079741e+00
  3.34673653e+02] 9.692213472356713
[-3.14724483e+00  2.41166519e-01 -2.22913170e-01  1.00127576e+01
  3.39077751e+02] 10.01814185104446
[-3.21706033e+00  1.19424776e-01  7.56255449e-02  9.88835182e+00
  3.35785262e+02] 9.889362124321734
[-3.22312945e+00 -8.10578101e-02  5.51992307e-02  1.01185404e+01
  3.39335787e+02] 10.119015633751417
[-3.22081612e+00  1.14730109e-01  4.94700472e-02  9.93494688e+00
  3.38943043e+02] 9.935732472755136
[-3.21774939e+00 -2.97479471e-02  1.93818675e-01  9.78616988e+00
  3.35397890e+02] 9.788134222284013
[-3.20915915e+00  1.55531516e-01 -2.08888953e-01  9.89743302e+00
  3.38353049e+02] 9.900858805049252
[-3.12355843e+00  3.52981301e-02  6.71794453e-02  9.62602668e+00
  3.34470335e+02] 9.626325818322773
[-3.26508016e+00 -1.22339918e-02 -2.15034392e-01  9.68924330e+00
  3.31920216e+02] 9.691636864216447
[-3.17082265e+00 -1.62691442e-01 -1.05808635e-01  9.93690944e+00
  3.35151573e+02] 9.93880441680789
[-3.15459969e+00 -2.32091226e-03  1.74732827e-01  9.98505138e+00
  3.37976436e+02] 9.986580395231233
[-3.22035912e+00 -5.59773856e-02  2.26479982e-02  1.00618379e+01
  3.37961631e+02] 10.062019097836897
[-3.16543170e+00 -1.72311928e-02  3.30540684e-02  9.72654553e+00
  3.37354259e+02] 9.726616954315439
[-3.19951790e+00  2.36598095e-01  1.59008205e-01  9.75685409e+00
  3.37774540e+02] 9.761017568424712
[-3.27006719e+00 -2.25331185e-02  5.40848523e-03  9.98328269e+00
  3.37904382e+02] 9.983309587670474
[-3.22116504e+00 -1.16344174e-01  7.39628232e-02  9.69724426e+00
  3.38417214e+02] 9.698224203761075
[-3.11892567e+00  8.44436856e-03 -6.53873569e-03  9.98771005e+00
  3.37498368e+02] 9.987715762685854
[-3.24345033e+00 -8.01706993e-03  3.83535427e-02  9.94924662e+00
  3.36883889e+02] 9.949323777102034
[-3.24429298e+00  9.12085777e-02 -2.46127866e-01  9.84369703e+00
  3.36966964e+02] 9.847196003909787
[-3.18265026e+00  3.64362712e-02 -8.96829660e-02  1.00010126e+01
  3.36474259e+02] 10.001481121773269
[-3.20984362e+00 -4.59656594e-02 -5.57643438e-02  1.00833573e+01
  3.36947229e+02] 10.083616246852412
[-3.18059712e+00  1.57007062e-01 -7.26830951e-02  9.84756066e+00
  3.36663217e+02] 9.849080416521204
[-3.21428685e+00 -1.22513585e-01  2.01250389e-01  1.00490367e+01
  3.38992231e+02] 10.051798312558484
[-3.20212883e+00  2.34814907e-01 -7.94128545e-02  9.74653332e+00
  3.37305477e+02] 9.749684924830383
[-3.24718300e+00  3.66533843e-02  1.00435321e-01  9.81447388e+00
  3.34080022e+02] 9.815056198651298
[-3.18696128e+00 -1.04160674e-01 -3.17322669e-02  1.01399995e+01
  3.37768286e+02] 10.14058414372148
[-3.22712592e+00 -2.87232993e-02 -7.83369016e-02  9.94749934e+00
  3.36174359e+02] 9.947849251241102
[-3.18639862e+00  5.30865508e-02 -4.40757904e-02  9.96290936e+00
  3.39085924e+02] 9.963148284519548
[-3.24680360e+00 -1.70476927e-01 -2.12339309e-01  1.01458666e+01
  3.38631107e+02] 10.149520117990306
[-3.19845408e+00 -8.53613716e-02  5.17695736e-02  1.01566576e+01
  3.40105407e+02] 10.157148225201654
[-3.20457392e+00  3.39174535e-03 -1.15350617e-01  9.75732717e+00
  3.34142109e+02] 9.758009567465066
[-3.24760860e+00  1.38258438e-01  1.22404875e-01  1.02936766e+01
  3.38970459e+02] 10.295332708699313
[-3.16708968e+00 -2.01978757e-01  6.09015769e-02  9.91109449e+00
  3.37592593e+02] 9.913339416327277
[-3.21366774e+00 -1.00907059e-01 -1.20410176e-01  9.95556951e+00
  3.36488271e+02] 9.956808986299675
[-3.17019597e+00  1.00179089e-01 -1.18883381e-01  9.88795101e+00
  3.36388066e+02] 9.889173081453176
[-3.22439787e+00  1.26590236e-02 -1.59900837e-01  1.00452660e+01
  3.38388669e+02] 10.046546512163912
[-3.19535329e+00 -4.51339777e-01  2.35969092e-03  9.78532973e+00
  3.36823094e+02] 9.7957333102619
[-3.19478504e+00  4.90850015e-02  1.61299454e-01  1.01527194e+01
  3.40385572e+02] 10.154119222022528
[-3.18249425e+00 -3.92996477e-02  1.09453426e-01  9.49035966e+00
  3.34039615e+02] 9.491072172678859
[-3.17615164e+00 -8.56092683e-02  6.15470451e-02  1.01307855e+01
  3.38237881e+02] 10.131334123030692
[-3.19666132e+00 -1.28113442e-01 -1.56603801e-01  9.85289652e+00
  3.37781768e+02] 9.854973749471359
[-3.25017225e+00 -2.38848706e-01  3.36358341e-02  9.89404119e+00
  3.38082009e+02] 9.896980914806154
[-3.16932000e+00  2.26894346e-01 -1.96686134e-02  9.98014488e+00
  3.37801390e+02] 9.982743100332515
[-3.13936866e+00 -9.49563089e-02  1.78246571e-01  1.00193752e+01
  3.39173206e+02] 10.021410498128622
[-3.22272946e+00  2.38873625e-01 -4.88329867e-02  9.97863474e+00
  3.39051070e+02] 9.98161292602685
[-3.18506581e+00 -2.40847042e-02 -1.23923954e-01  9.54228082e+00
  3.35685030e+02] 9.543115872840328
[-3.18872543e+00 -1.82720826e-01  6.47682125e-02  9.86234494e+00
  3.37298799e+02] 9.864250076036608
[-3.22899849e+00  3.45396016e-02 -2.63982237e-02  1.01262344e+01
  3.39251545e+02] 10.12632771114085
[-3.21280716e+00 -1.12488286e-02 -3.30692723e-02  9.77127883e+00
  3.38266528e+02] 9.77134126654088
[-3.21649014e+00  6.86544542e-02  8.68359037e-02  9.61885696e+00
  3.35586645e+02] 9.619493909417216
[-3.18691131e+00 -4.10586731e-01 -5.88338490e-02  1.00029975e+01
  3.36096933e+02] 10.011593410935715
[-3.15463690e+00 -2.68133629e-01  2.61333495e-01  9.81489607e+00
  3.36876702e+02] 9.822035208466124
[-3.10584206e+00 -2.26716854e-01  1.40685757e-01  9.52820911e+00
  3.34843274e+02] 9.531944285926972
[-3.19176977e+00 -1.29390392e-02  3.56743286e-01  1.00235351e+01
  3.38442242e+02] 10.029889780594667
[-3.16471917e+00  2.90582321e-02 -1.56987241e-01  9.71641133e+00
  3.37345723e+02] 9.717722907372524
[-3.14544022e+00  2.19848201e-01 -1.47237495e-01  9.86955548e+00
  3.36736873e+02] 9.873101715998406
[-3.15729083e+00 -1.43660305e-01 -8.15594634e-02  9.83276601e+00
  3.37991811e+02] 9.83415362802313
[-3.16395807e+00 -5.42970125e-02  1.44883595e-01  1.00605648e+01
  3.40046741e+02] 10.06175451642211
[-3.18061823e+00 -9.74697217e-02 -2.29204967e-01  9.69815242e+00
  3.34780380e+02] 9.701350193913532
[-3.28411007e+00  2.32598837e-01 -2.51075903e-02  9.89855117e+00
  3.35164253e+02] 9.901315464958305
[-3.20441951e+00 -1.39340869e-01  1.55252792e-02  9.62518485e+00
  3.37042911e+02] 9.626205916037287
[-3.21248335e+00 -3.66501158e-02 -3.61993377e-02  9.76746055e+00
  3.34676136e+02] 9.767596392674795
[-3.20412023e+00  1.83744870e-01 -2.02207999e-01  9.66196913e+00
  3.34177938e+02] 9.665831457731898
[-3.16763351e+00 -9.05027862e-02 -4.07111600e-02  9.48110717e+00
  3.34396745e+02] 9.48162650793907
[-3.17482186e+00  1.70455563e-01  2.52980015e-01  9.85737143e+00
  3.37368759e+02] 9.862090318957618
[-3.21325236e+00 -7.58886014e-02  6.84529575e-02  9.66733059e+00
  3.36110815e+02] 9.667870794662239
[-3.19499972e+00  2.30100936e-01 -1.38606822e-01  1.01957198e+01
  3.39841995e+02] 10.199257879340381
[-3.17738604e+00 -3.02745938e-01 -3.73003343e-02  9.78401074e+00
  3.36323284e+02] 9.788764606299441
[-3.18799447e+00 -2.09337855e-01 -1.46671190e-01  9.80974011e+00
  3.38349062e+02] 9.813069640747287
[-3.25697896e+00 -8.30815750e-03  3.38271901e-02  1.02558106e+01
  3.38487757e+02] 10.255869776182413
[-3.21029526e+00  2.36746778e-02  1.33365411e-01  9.91409942e+00
  3.36140861e+02] 9.915024666806902
[-3.19817524e+00 -3.42395677e-02 -2.11660055e-01  1.03240967e+01
  3.41795409e+02] 10.326322925472414
[-3.18727822e+00 -2.17959874e-02 -1.82326889e-01  1.00149783e+01
  3.38969629e+02] 10.016661501071056
[-3.19296577e+00  2.95663476e-03 -6.80968890e-04  9.76675116e+00
  3.36922612e+02] 9.76675163181795
[-3.15772532e+00 -1.82055838e-01  2.21064339e-01  9.85589181e+00
  3.36170310e+02] 9.86005157753991
[-3.25134487e+00 -1.04201383e-01 -6.39390080e-02  9.82002005e+00
  3.35341025e+02] 9.820781024780361
[-3.23076462e+00 -3.21433963e-02 -1.82027347e-01  1.01471974e+01
  3.39183778e+02] 10.148880789102698
[-3.30765028e+00 -1.31280114e-01  1.94858524e-01  9.85661507e+00
  3.36012723e+02] 9.8594150366247
[-3.21394318e+00  1.77989925e-01 -2.19073709e-01  9.93432040e+00
  3.37790133e+02] 9.938329618731903
[-3.13984111e+00  1.60323485e-01  3.06821710e-02  9.68113314e+00
  3.36087089e+02] 9.682509173874381
[-3.17534480e+00 -5.90090552e-02  1.09316208e-01  9.86782788e+00
  3.38943962e+02] 9.868609784658133
[-3.19678244e+00  5.99739804e-04 -1.43771685e-01  9.68350744e+00
  3.34151987e+02] 9.684574695290886
[-3.26283602e+00  9.25589102e-02 -9.25764479e-02  9.93895397e+00
  3.38917163e+02] 9.93981607202808
[-3.20054091e+00 -4.25508802e-02  5.89475953e-02  9.79505008e+00
  3.37935487e+02] 9.795319872849893
[-3.19042004e+00 -3.08393146e-02 -7.44539922e-02  9.92736373e+00
  3.39290693e+02] 9.927690820312023
[-3.14520888e+00 -8.22561524e-02  1.02057485e-01  9.80818500e+00
  3.37099341e+02] 9.809060852271582
[-3.16890945e+00  2.22019145e-02  2.22222010e-01  9.89158368e+00
  3.37464598e+02] 9.89410447243077
[-3.20713991e+00 -2.91890304e-01  9.45574709e-02  9.91473389e+00
  3.37925668e+02] 9.919480286781518
[-3.17034459e+00  9.69318469e-02  2.17447463e-01  9.63697391e+00
  3.33957762e+02] 9.63991417185803
[-3.22303452e+00  9.24950158e-02 -1.26505926e-01  1.00502716e+01
  3.37260373e+02] 10.051493335269413
[-3.18065029e+00  6.59332246e-02  3.78554680e-01  9.99011380e+00
  3.37676246e+02] 9.997500914290342
[-3.15618120e+00 -1.03472389e-01  1.16481142e-01  9.77780706e+00
  3.37882891e+02] 9.779048280514795
[-3.26176801e+00 -1.28071696e-02  3.80284357e-01  1.00566721e+01
  3.40541178e+02] 10.063867774658858
[-3.24797613e+00  2.55591309e-02 -2.15912615e-01  9.89004626e+00
  3.35375328e+02] 9.89243582117573
[-3.15954188e+00 -1.04141028e-01 -1.28217032e-01  1.00052967e+01
  3.35297879e+02] 10.006660130285224
[-3.23371835e+00 -6.83490848e-02  1.96263538e-01  9.84936284e+00
  3.39484947e+02] 9.851555177224636
[-3.28496699e+00 -1.56124845e-01  8.09599329e-02  1.00749301e+01
  3.37911553e+02] 10.076464963268856
[-3.19196171e+00  3.77241884e-01  1.51024685e-01  9.66056188e+00
  3.34215877e+02] 9.669104186089337
[-3.18052185e+00  7.95466408e-02  1.78061549e-01  9.88848924e+00
  3.35933899e+02] 9.890412181968333
[-3.24748045e+00  4.31873153e-02  1.03991181e-02  9.97661139e+00
  3.35138474e+02] 9.976710285845341
[-3.18910078e+00 -1.41022377e-01  2.11147957e-02  1.00385865e+01
  3.39092095e+02] 10.039599204386985
[-3.21494747e+00 -2.03006634e-02 -8.53977549e-02  1.00160916e+01
  3.39508097e+02] 10.016476256969264
[-3.17959615e+00 -5.17994583e-02 -1.48773243e-01  9.91999891e+00
  3.34862367e+02] 9.92124967019491
[-3.16178071e+00  5.41778710e-02 -3.30822649e-02  9.66128785e+00
  3.37515262e+02] 9.661496390614243
[-3.21854459e+00 -2.25601472e-01 -2.27560098e-01  9.68291960e+00
  3.35731081e+02] 9.688220252436668
[-3.20768961e+00 -1.18853879e-01 -4.29277255e-01  1.00247078e+01
  3.38177213e+02] 10.034598718165954
[-3.10251988e+00  1.30988930e-01  2.87418372e-01  9.81914505e+00
  3.36899570e+02] 9.824223984289933
[-3.19733076e+00  9.87539445e-02 -6.48948306e-02  9.84103641e+00
  3.35886982e+02] 9.841745843663672
[-3.22667239e+00  5.18955461e-02 -1.40225049e-01  9.98524756e+00
  3.37928166e+02] 9.986366959200412
[-3.21424370e+00 -9.12067655e-02  3.69761948e-03  9.74503950e+00
  3.36066880e+02] 9.745467008280007
[-3.22219226e+00  1.85315848e-02 -1.40046289e-01  9.79774441e+00
  3.35463640e+02] 9.798762772012116
[-3.16976789e+00 -1.29464240e-02 -1.99888020e-01  9.60989495e+00
  3.37097140e+02] 9.611982305501865
[-3.19734933e+00  1.55775098e-02  1.05603283e-01  1.01425804e+01
  3.39407359e+02] 10.14314206618861
[-3.18206182e+00  2.96635417e-01  2.54414111e-02  9.98962565e+00
  3.38959903e+02] 9.994061258194652
[-3.06674441e+00  7.50532307e-02 -1.88965035e-01  9.78711150e+00
  3.37670703e+02] 9.789223276531835
[-3.19404743e+00 -1.65252743e-01  2.96962324e-01  1.00097232e+01
  3.38909164e+02] 10.01549069210433
[-3.23397236e+00  1.30516733e-01 -1.46159192e-01  9.65207745e+00
  3.34463394e+02] 9.654066308371126
[-3.22949338e+00 -4.21188790e-02  6.95610950e-02  9.77719806e+00
  3.39586158e+02] 9.777536224394066
[-3.15599829e+00 -1.12865945e-01  2.46787412e-01  9.79401914e+00
  3.36582700e+02] 9.797777994456588
[-3.24800691e+00  3.05228438e-02 -1.36166144e-01  9.95966742e+00
  3.36966081e+02] 9.960644961425471
[-3.20179410e+00 -1.05810536e-01  1.80654113e-01  9.87303220e+00
  3.36990717e+02] 9.875251720871695
[-3.26083077e+00 -1.08794019e-01 -3.78305203e-02  9.70812244e+00
  3.34009836e+02] 9.708805719619624
[-3.24629500e+00 -8.38804766e-02  1.03782885e-01  9.91594961e+00
  3.37398752e+02] 9.916847460029613
[-3.20325844e+00  9.84628346e-03 -1.66962162e-01  9.67583609e+00
  3.37770022e+02] 9.677281509751579
[-3.20109572e+00  8.84648136e-02  9.76164567e-02  9.65002339e+00
  3.35045526e+02] 9.650922571370385
[-3.22615013e+00  7.64327797e-03 -1.04265281e-01  9.84664829e+00
  3.35396350e+02] 9.847203268209821
[-3.20842418e+00  2.05129257e-01  1.63086748e-01  9.75806070e+00
  3.35518043e+02] 9.761578963392651
[-3.29900979e+00  5.94847208e-02  1.18223971e-01  1.01100298e+01
  3.39133363e+02] 10.110895969244657
[-3.24602105e+00  9.80188065e-02  7.88874125e-02  9.89019022e+00
  3.37230553e+02] 9.890990526497376
[-3.19384640e+00  7.00278947e-03 -6.01408953e-02  9.84165386e+00
  3.36419308e+02] 9.841840105242788
[-3.17271207e+00  1.66281392e-01 -7.29860761e-02  9.83477890e+00
  3.38687146e+02] 9.83645528267718
[-3.19393501e+00  1.89559065e-01 -2.36303703e-01  1.00952571e+01
  3.40365502e+02] 10.099801416827118
[-3.21772096e+00 -9.38416500e-03 -2.63173532e-01  9.91593519e+00
  3.38109364e+02] 9.919431389442614
[-3.14106334e+00 -5.53576373e-02 -1.09040005e-01  9.73712866e+00
  3.35792396e+02] 9.737896522083465
[-3.13681142e+00 -1.25185188e-01  1.08048711e-01  1.00492266e+01
  3.38935008e+02] 10.050587079631375
[-3.14511165e+00 -4.59386075e-02  1.49149482e-01  9.99033884e+00
  3.39017710e+02] 9.991557738251123
[-3.26825586e+00 -1.43242386e-01 -5.32484620e-02  9.82131318e+00
  3.35699366e+02] 9.822502046380734
[-3.17646801e+00  1.50082589e-01  1.28036905e-02  9.56598747e+00
  3.36077418e+02] 9.567173298586356
[-3.14675140e+00 -2.70119791e-01 -1.69563342e-01  9.90478658e+00
  3.38921752e+02] 9.909919957853585
[-3.17343768e+00 -3.40862521e-01  2.60825449e-01  9.87762766e+00
  3.39336585e+02] 9.886948229008109
[-3.25206689e+00 -2.30483167e-01  5.59092171e-02  9.82677716e+00
  3.35996589e+02] 9.829638738219815
[-3.21342281e+00  1.48609722e-01 -6.30769770e-02  9.84357504e+00
  3.35741846e+02] 9.844898833475716
[-3.23839866e+00  1.80903209e-01  3.08667050e-02  1.00643492e+01
  3.37360043e+02] 10.066022279597362
[-3.19578802e+00 -5.76303856e-02 -8.20862232e-02  9.75799728e+00
  3.37211423e+02] 9.758512708683563
[-3.18137896e+00 -1.00708154e-01 -2.36652565e-01  9.70729417e+00
  3.36879396e+02] 9.710700629125354
[-3.17508464e+00 -4.16848430e-01  1.26246504e-01  9.66673133e+00
  3.35974756e+02] 9.676538399325587
[-3.23663031e+00 -7.72115741e-02 -1.14434441e-01  1.02446835e+01
  3.38211772e+02] 10.245613537849058
[-3.26058710e+00 -3.46573210e-01  6.12523641e-02  9.90541367e+00
  3.36139816e+02] 9.911664081028311
[-3.18284314e+00  9.63774243e-02  4.62775801e-02  9.83384022e+00
  3.34480586e+02] 9.834421369709602
[-3.23212219e+00  3.85286441e-02 -7.55750368e-02  9.96506253e+00
  3.37740049e+02] 9.965423590116787
[-3.17324425e+00 -9.11245173e-02 -2.17222045e-01  9.77740551e+00
  3.35681409e+02] 9.780242713062224
[-3.20372042e+00 -1.16406297e-01 -1.00282614e-01  1.00273307e+01
  3.39108010e+02] 10.02850773351128
[-3.19979296e+00 -1.46475663e-02  1.09573077e-01  9.82837168e+00
  3.35391742e+02] 9.828993366864406
[-3.28104577e+00  1.50936333e-03 -3.05634214e-01  9.99891526e+00
  3.36665820e+02] 10.003585402550643
[-3.22933488e+00  4.69130789e-02  1.28326568e-01  1.02632139e+01
  3.40641060e+02] 10.26412335618878
[-3.18803913e+00 -2.18779975e-01 -1.95421674e-01  9.93659886e+00
  3.35169169e+02] 9.940928088890349
[-3.16603300e+00  1.28248640e-02  1.76435682e-01  9.98229923e+00
  3.37912152e+02] 9.983866584440628
[-3.21698850e+00 -1.11922448e-01 -6.97348936e-02  9.90907515e+00
  3.37045720e+02] 9.909952572629045
[-3.23844852e+00  1.08889372e-01  6.09307942e-03  1.00661583e+01
  3.37427780e+02] 10.066749085358921
[-3.19825182e+00  3.01080142e-02  2.30598120e-01  9.74263283e+00
  3.35011980e+02] 9.745407963791191
[-3.19705227e+00  4.04197490e-02 -3.08553461e-01  9.76899693e+00
  3.38147410e+02] 9.773952117711637
[-3.16096166e+00  3.92110271e-03  6.26211858e-02  9.58887053e+00
  3.35389979e+02] 9.589075810688227
[-3.08987386e+00  1.14764533e-02  6.01581465e-02  9.80509681e+00
  3.36332088e+02] 9.805288072590338
[-3.23965910e+00  2.40687132e-01  1.96503435e-01  9.91987009e+00
  3.37427203e+02] 9.924735079652686
[-3.22214574e+00 -3.18193587e-01  3.60810444e-02  1.01899369e+01
  3.38888749e+02] 10.194967562765797
[-3.19415902e+00  1.77568086e-01 -1.56566304e-02  9.67262724e+00
  3.35185179e+02] 9.674269654577962
[-3.28155452e+00 -4.67596022e-02 -5.58944175e-02  9.98634668e+00
  3.38620390e+02] 9.986612568464432
[-3.25462557e+00  3.14552145e-03 -1.22833744e-01  1.02478392e+01
  3.40823236e+02] 10.248575811458593
[-3.22287866e+00  1.89677227e-02  5.07392634e-02  9.93923905e+00
  3.36114728e+02] 9.939386658294065
[-3.18858427e+00  1.90247314e-01  4.41133971e-02  9.64752634e+00
  3.35623700e+02] 9.649502816604171
[-3.21861629e+00  2.67189244e-01  8.35874960e-02  9.72889018e+00
  3.37614526e+02] 9.732917395218198
[-3.22892257e+00 -1.81244051e-01 -2.89158910e-01  9.85325644e+00
  3.36554600e+02] 9.859164507291231
[-3.24532721e+00 -6.86802497e-02 -1.78854392e-01  9.99328176e+00
  3.38696477e+02] 9.995118117460592
[-3.18212824e+00  2.62747678e-01  7.44003326e-02  9.67360691e+00
  3.36314388e+02] 9.677460537792795
[-3.14992280e+00  3.26754229e-01  1.65246789e-01  9.88060073e+00
  3.37051923e+02] 9.887383152638737
[-3.19454531e+00  1.60366854e-01  8.91472801e-02  9.74152419e+00
  3.35716169e+02] 9.743251933741421
[-3.17985200e+00  8.75197349e-02  1.52951862e-01  1.00918587e+01
  3.38585718e+02] 10.093397135079
[-3.11857876e+00 -1.63685149e-02  2.32175436e-01  1.01595289e+01
  3.39296877e+02] 10.162194680433474
[-3.15795084e+00  4.09627520e-02  1.03882599e-01  9.90358314e+00
  3.38184898e+02] 9.904212671556547
[-3.24076016e+00 -7.07913513e-02  5.94049735e-03  9.80361958e+00
  3.33222686e+02] 9.803876965224012
[-3.24384497e+00  1.45160753e-01  1.56127391e-01  9.77164708e+00
  3.35282194e+02] 9.773972273409207
[-3.18710785e+00  5.22238349e-03 -3.55890147e-01  1.00081578e+01
  3.37519105e+02] 10.014484937196356
[-3.20734471e+00  5.54804576e-02  3.41684438e-01  9.89422743e+00
  3.38166290e+02] 9.900280939746791
[-3.21762825e+00  3.61909653e-01 -1.43394767e-01  9.91045561e+00
  3.36678406e+02] 9.918098159187698
[-3.21318798e+00 -1.32344964e-02  5.89023995e-02  1.00162095e+01
  3.35065546e+02] 10.016391417703888
[-3.23713507e+00 -6.06764530e-02 -4.52950855e-02  1.00276085e+01
  3.37972633e+02] 10.027894321541995
[-3.16456069e+00 -8.31980853e-02  6.88571476e-02  1.00480636e+01
  3.39237439e+02] 10.048643951031947
[-3.22023562e+00 -4.03293286e-02 -9.97440441e-02  9.48789123e+00
  3.33213505e+02] 9.488501214372246
[-3.19148334e+00 -1.73425822e-01  4.87685374e-02  9.91777667e+00
  3.37312671e+02] 9.919412732791367
[-3.15322129e+00  7.12838251e-02 -2.56107020e-01  9.69835496e+00
  3.35981310e+02] 9.70199779062484
[-3.20218362e+00  1.37317208e-01  2.67210274e-01  9.72408250e+00
  3.34211655e+02] 9.728722313339784
[-3.16661000e+00 -9.37951410e-02  3.52162113e-02  9.94861634e+00
  3.37968079e+02] 9.949120806127066
[-3.21772946e+00  4.47343862e-02 -2.18147606e-02  9.98530886e+00
  3.38860799e+02] 9.9854328929191
[-3.21253535e+00  1.57405161e-02 -1.36778211e-01  9.83273260e+00
  3.36367142e+02] 9.833696482885083
[-3.18858541e+00  1.21534597e-01  1.66119053e-01  9.79651520e+00
  3.36195115e+02] 9.798677268961637
[-3.14282863e+00 -1.29587395e-02 -2.23407163e-01  9.59399766e+00
  3.35977550e+02] 9.596607199158678
[-3.13040628e+00 -6.21302335e-02  8.95296458e-03  9.70915574e+00
  3.35426187e+02] 9.709358654301294
[-3.17282874e+00 -8.11198894e-02  8.89621644e-02  9.75329011e+00
  3.35452571e+02] 9.754033146294628
[-3.19777211e+00 -1.35052719e-01  5.64486263e-03  9.71723560e+00
  3.35787883e+02] 9.718175695575226
[-3.18873549e+00 -1.58971304e-01  2.46390119e-02  9.86314989e+00
  3.35902373e+02] 9.864461706211767
[-3.21779243e+00 -1.24337866e-01 -1.36741779e-01  9.69933252e+00
  3.34971147e+02] 9.70109321685903
[-3.21513017e+00 -1.37279772e-01  1.53942166e-02  9.88678984e+00
  3.36424236e+02] 9.887754851017277
[-3.25407705e+00  2.30434365e-01 -1.00158931e-01  9.78272120e+00
  3.37013357e+02] 9.785947364627953
[-3.19568295e+00 -1.43771810e-01 -3.10272417e-01  9.77237575e+00
  3.36617094e+02] 9.77835707962861
[-3.30051482e+00 -4.40356285e-02 -1.68078370e-01  9.96123315e+00
  3.36088347e+02] 9.962748384338454
[-3.17173188e+00 -1.23695083e-01 -1.45259123e-01  9.76001757e+00
  3.35196345e+02] 9.761882172998215
[-3.26394579e+00 -1.90009188e-01  2.88254009e-01  9.83240141e+00
  3.36754567e+02] 9.838460820585244
[-3.13019262e+00 -7.86825298e-02 -8.37266460e-02  9.74638566e+00
  3.35644342e+02] 9.747062866623716
[-3.14765382e+00  1.66286338e-02 -9.92408171e-02  1.00020604e+01
  3.39694052e+02] 10.002566574314255
[-3.13090148e+00 -2.91016869e-01  2.14573951e-01  9.86938279e+00
  3.36032865e+02] 9.876003723635726
[-3.24168934e+00  1.55726785e-01 -1.01967279e-01  9.94830736e+00
  3.38177514e+02] 9.950048622106895
[-3.23609208e+00 -3.41674027e-01 -2.37884295e-01  9.98395067e+00
  3.38991162e+02] 9.992627338400412
[-3.10249527e+00 -1.64561250e-01  7.32619717e-03  9.62723453e+00
  3.37439659e+02] 9.628643659446283
[-3.16431288e+00 -6.84410774e-02 -2.19729274e-01  9.58507306e+00
  3.36802592e+02] 9.587835559361853
[-3.10548301e+00  1.34240031e-01  9.22318796e-02  9.76164873e+00
  3.36216537e+02] 9.763007374747227
[-3.15470989e+00 -2.33299368e-01 -1.45390507e-01  9.73680803e+00
  3.35157328e+02] 9.740687733842623
[-3.20592647e+00 -1.42679988e-01 -3.08412744e-02  9.77340903e+00
  3.36400745e+02] 9.774499104569381
[-3.19036844e+00  5.27932844e-02  1.96725884e-01  1.01604007e+01
  3.37747025e+02] 10.16244218556052
[-3.19229623e+00  2.06530362e-01 -1.18322172e-01  9.77711974e+00
  3.34112472e+02] 9.78001663732021
[-3.13744105e+00  1.12610795e-01  1.30586677e-01  9.79355596e+00
  3.37712594e+02] 9.795073889328847
[-3.20560534e+00  2.86152532e-01 -1.85432218e-01  9.80784561e+00
  3.36298629e+02] 9.813771139623992
[-3.18926472e+00 -5.71122846e-02  7.43015828e-02  1.01477260e+01
  3.38362590e+02] 10.148158715701536
[-3.20620659e+00  1.21866290e-01 -8.03837452e-02  9.97188055e+00
  3.36579032e+02] 9.972949144565957
[-3.18899185e+00 -1.38512835e-01 -1.57105043e-01  9.75876087e+00
  3.37263906e+02] 9.76100822426953
[-3.20097220e+00  6.21879228e-02  2.03384730e-01  9.75491836e+00
  3.35083663e+02] 9.757236540381182
[-3.24583897e+00 -1.82204491e-01  1.33018204e-01  1.01344977e+01
  3.40023928e+02] 10.137008248535617
[-3.20532230e+00  1.29587715e-01  1.28686530e-01  1.00036463e+01
  3.38737288e+02] 10.005313189555682
[-3.11870144e+00  1.92210442e-01 -2.54442326e-02  9.96303420e+00
  3.39433112e+02] 9.964920603817788
[-3.22904796e+00  1.21644251e-01  3.33619961e-01  9.78756756e+00
  3.37389566e+02] 9.794007263473757
[-3.24969299e+00 -3.36093300e-01 -7.06964048e-02  9.97586867e+00
  3.37316179e+02] 9.981779016214945
[-3.19053722e+00  3.10513686e-01  1.69382419e-02  9.73215976e+00
  3.35444399e+02] 9.73712685021767
[-3.20273930e+00 -2.85099666e-01  1.04697636e-01  9.83923804e+00
  3.37272272e+02] 9.843924449599639
[-3.16729016e+00 -1.05909993e-02 -5.29430851e-02  9.81137242e+00
  3.36739391e+02] 9.811520974636466
[-3.13466969e+00 -7.18273438e-02  9.10874385e-02  9.72019742e+00
  3.35459718e+02] 9.72088957074809
[-3.20183409e+00 -1.55176058e-01 -3.89048059e-02  9.70167579e+00
  3.37074514e+02] 9.702994706339688
[-3.22956643e+00  2.99305088e-02 -3.40653734e-02  9.84486693e+00
  3.37995783e+02] 9.84497136596882
[-3.18772836e+00 -3.11183059e-01  1.21288866e-02  1.01027356e+01
  3.38003266e+02] 10.107534203102102
[-3.23644568e+00 -2.56613143e-01  1.13858107e-02  1.01053560e+01
  3.36568383e+02] 10.108620112344818
[-3.18007158e+00  8.74821124e-02 -1.44309121e-01  9.60874537e+00
  3.33494444e+02] 9.610227152067187
[-3.19224880e+00 -2.53829872e-01 -1.00103735e-01  1.01180906e+01
  3.38855080e+02] 10.121768992501652
[-3.25320791e+00  1.70577502e-01 -2.47206948e-01  9.95268881e+00
  3.35246809e+02] 9.95721961481363
[-3.21957083e+00  8.14217518e-02 -2.33196507e-01  9.96126293e+00
  3.35814177e+02] 9.9643248319048
[-3.16904375e+00 -7.36574934e-02 -7.19653241e-02  9.66552168e+00
  3.37089370e+02] 9.666070232631883
[-3.26032116e+00 -8.96110599e-02  1.37862442e-02  1.00913456e+01
  3.38374222e+02] 10.091752891999445
[-3.20169143e+00 -8.85310414e-02  8.59676534e-02  9.91634603e+00
  3.35938904e+02] 9.917113829398847
[-3.17957575e+00  2.10793684e-01 -3.01769179e-01  9.61821511e+00
  3.32845613e+02] 9.625256390794402
[-3.18130937e+00  7.89906189e-02 -1.46121695e-01  9.98319270e+00
  3.38484537e+02] 9.984574478905444
[-3.19431637e+00 -2.07341281e-01  1.32617789e-01  9.78027870e+00
  3.35827407e+02] 9.783375151286053
[-3.15294429e+00 -1.36866980e-01 -2.02838454e-01  1.00451247e+01
  3.38169463e+02] 10.048104576224752
[-3.23318798e+00 -3.77059437e-02  2.25638087e-01  9.79781989e+00
  3.36051098e+02] 9.800490240059698
[-3.23166164e+00 -8.27032404e-02 -1.72774001e-01  9.82436469e+00
  3.36611197e+02] 9.826231847702655
[-3.17545166e+00  8.51374657e-02 -5.01984386e-02  9.93266728e+00
  3.36838896e+02] 9.933158991736354
[-3.31876035e+00  3.23110602e-01 -1.15901482e-02  9.91900937e+00
  3.35269455e+02] 9.924277388706768
[-3.14706527e+00 -5.97324708e-02 -8.88423010e-02  1.00766018e+01
  3.41239064e+02] 10.077170473841896
[-3.15228987e+00  4.63317735e-02 -8.95558705e-02  9.87509983e+00
  3.37710775e+02] 9.87561459224785
[-3.17837349e+00 -5.59169341e-02  3.41822321e-02  9.80050143e+00
  3.37564405e+02] 9.80072055557756
[-3.15197701e+00  2.09404923e-01 -2.52746264e-01  9.70178790e+00
  3.35866816e+02] 9.707338442675448
[-3.24894503e+00 -2.36052363e-02  8.18268030e-02  9.63263721e+00
  3.34013609e+02] 9.63301367468402
[-3.24456502e+00 -7.47785171e-02  1.33491120e-01  9.96197002e+00
  3.36527566e+02] 9.963145003793928
[-3.16507948e+00 -1.66073524e-01  2.55461334e-01  1.02588649e+01
  3.40733351e+02] 10.263388799184234
[-3.15449245e+00 -2.56593913e-01 -5.40768298e-02  9.85803332e+00
  3.37702410e+02] 9.861520453345943
[-3.09503722e+00 -1.31096015e-01  1.20751525e-01  9.71210601e+00
  3.36924392e+02] 9.713741311058596
[-3.18516427e+00 -1.87929012e-01  2.34574804e-01  1.00707548e+01
  3.40151942e+02] 10.075239202919963
[-3.20516368e+00 -1.41892591e-01 -3.16378727e-01  9.69391763e+00
  3.34393604e+02] 9.700116910424258
[-3.19523781e+00  3.08583375e-01 -7.99815612e-02  9.87523030e+00
  3.37811184e+02] 9.880374191849217
[-3.06901684e+00  1.03648469e-01 -1.92516646e-01  9.83384954e+00
  3.38210413e+02] 9.83627990589829
[-3.18976438e+00  8.22313521e-02  2.74460098e-01  1.00221368e+01
  3.38040134e+02] 10.026231449361662
[-3.18080279e+00  3.12250598e-01 -2.74216729e-01  9.88500930e+00
  3.38609976e+02] 9.893740656142983
[-3.27726139e+00 -2.74616517e-01 -2.98875747e-01  9.76195709e+00
  3.35629786e+02] 9.770391347706932
[-3.21381702e+00 -8.62579149e-02 -4.01268214e-01  9.79700839e+00
  3.36079339e+02] 9.805601971443425
[-3.20159534e+00 -1.51425371e-01 -1.00275345e-01  9.87097654e+00
  3.39378173e+02] 9.872647199570642
[-3.17014409e+00  3.20754662e-02  3.09727464e-01  9.96745956e+00
  3.37985293e+02] 9.972322197892732
[-3.17843499e+00  6.91891473e-04  1.43387607e-02  9.75915582e+00
  3.36582063e+02] 9.759166379055182
[-3.20015429e+00  2.13875005e-02 -1.82934121e-01  9.85320985e+00
  3.38888229e+02] 9.854931083411921
[-3.16999873e+00 -1.07476480e-02  2.57670995e-01  9.77874783e+00
  3.37119205e+02] 9.782147978514724
[-3.17944795e+00  8.02731500e-03 -3.58676459e-01  1.00395291e+01
  3.37726011e+02] 10.04593738375925
[-3.17605680e+00 -2.99866425e-02  4.94116721e-02  9.79325193e+00
  3.34681622e+02] 9.793422488591451
[-3.18331328e+00 -1.24742871e-01 -2.54926933e-01  9.75124111e+00
  3.36672322e+02] 9.755370405075702
[-3.23901968e+00  1.70985912e-01  1.96242323e-01  9.98047113e+00
  3.38297386e+02] 9.983864543450482
[-3.19733504e+00  2.03721301e-01 -1.87051858e-01  9.98856541e+00
  3.38235579e+02] 9.99239358860388
[-3.13383872e+00 -3.86137151e-02 -3.60291524e-01  9.82482842e+00
  3.38024134e+02] 9.831508251196894
[-3.18976007e+00 -1.75274113e-01 -4.45540046e-02  9.83267821e+00
  3.37987406e+02] 9.834341198145689
[-3.23683344e+00 -4.94216916e-02  7.44225425e-02  1.02028705e+01
  3.39981581e+02] 10.203261637689485
[-3.14347102e+00  2.58201763e-01  4.33956091e-03  9.88623299e+00
  3.37385949e+02] 9.889605135289742
[-3.23923220e+00  8.07946004e-02  1.16698017e-01  9.89607493e+00
  3.35765926e+02] 9.897092768341135
[-3.26553764e+00  5.40089881e-02  8.54069187e-02  1.00646831e+01
  3.39712507e+02] 10.065190387923398
[-3.22101813e+00 -2.85608459e-01  1.73228336e-01  9.69037343e+00
  3.33752774e+02] 9.696128998338938
[-3.15235175e+00 -4.12758330e-02  2.27247694e-01  9.97633130e+00
  3.36130404e+02] 9.979004525633327
[-3.17496674e+00  3.44771273e-02  6.38539198e-03  9.65387294e+00
  3.35213644e+02] 9.653936615784975
[-3.16593294e+00  2.17950697e-01 -7.65381989e-02  9.95890549e+00
  3.38448299e+02] 9.961584173274787
[-3.17057856e+00  2.08489461e-01  1.31901336e-01  9.70240177e+00
  3.36780737e+02] 9.70553789711031
[-3.20715879e+00 -4.71851819e-02  5.37082279e-02  9.87611199e+00
  3.36325971e+02] 9.876370743169646
[-3.17507197e+00  8.86209655e-02 -1.21008693e-01  9.61205112e+00
  3.35608760e+02] 9.613221291283137
[-3.09050075e+00 -2.60696880e-01 -7.15973856e-02  9.94425546e+00
  3.38826634e+02] 9.947929721895187
[-3.18189277e+00 -8.20973562e-02  2.12699488e-01  9.84114448e+00
  3.36675594e+02] 9.843785133213185
[-3.28039323e+00 -1.30328422e-02  1.02842375e-01  1.00886154e+01
  3.36903864e+02] 10.089148019111356
[-3.17013140e+00  2.64387346e-02  7.42487054e-02  9.72077679e+00
  3.35706538e+02] 9.721096301334128
[-3.29277507e+00 -2.79040671e-02 -5.60636233e-02  9.93780405e+00
  3.35367441e+02] 9.938001361641634
[-3.23393352e+00 -1.71397111e-02  6.53753486e-04  1.02785078e+01
  3.40578290e+02] 10.278522068178686
[-3.27827346e+00  1.83832802e-02 -1.05636057e-01  9.94542570e+00
  3.36375161e+02] 9.946003679145559
[-3.21226250e+00 -7.54499460e-02  5.54310699e-02  9.74278632e+00
  3.37047560e+02] 9.743236144992022
[-3.25014010e+00 -1.74363906e-01 -2.23482642e-01  1.00059096e+01
  3.38782605e+02] 10.009923796859171
[-3.21880926e+00 -2.61542553e-01  3.07946377e-02  9.99536287e+00
  3.38002816e+02] 9.998831519255267
[-3.16385029e+00  9.30702505e-02 -7.99786699e-02  9.85190125e+00
  3.37126848e+02] 9.852665471254674
[-3.17583794e+00  1.22613898e-02  2.72218432e-01  9.85005745e+00
  3.37664111e+02] 9.853825909602037
[-3.26730448e+00 -2.55580504e-01 -7.66654847e-02  9.92216724e+00
  3.36830151e+02] 9.92575446985886
[-3.23194500e+00 -2.29928966e-02 -4.84611149e-03  9.74097779e+00
  3.37753007e+02] 9.741006128874755
[-3.27101319e+00 -2.01350527e-01  3.85483430e-02  1.00393009e+01
  3.38956956e+02] 10.041393901891654
[-3.13259861e+00 -6.50459530e-03 -1.46580005e-01  9.61398853e+00
  3.36904960e+02] 9.615108084553263
[-3.19017624e+00  7.28870692e-02 -1.91357515e-01  1.00504887e+01
  3.39103675e+02] 10.052574500628745
[-3.22636181e+00  3.23459166e-01 -5.43353427e-02  9.91064565e+00
  3.36919668e+02] 9.916071564357225
[-3.18080658e+00 -1.64058473e-01  2.05626008e-01  9.99630632e+00
  3.37786133e+02] 9.999766865764004
[-3.21568570e+00 -7.74254142e-02  1.35888884e-01  9.84939893e+00
  3.36556059e+02] 9.850640575878629
