/mnt/stage/douwei/Simulation/5kt_root/2MeV/5kt_+4.40_1.root
[-3.01501732e+00 -1.15518867e-01  7.43594819e-02  4.29829641e+00
  2.97103891e+02] 4.300491359560564
[-2.91510571e+00 -3.03252686e-02 -2.01556102e-01  4.12953705e+00
  2.98067911e+02] 4.134564155472629
[-3.02604223e+00  4.74541826e-02 -7.43071458e-02  4.15114610e+00
  2.97669201e+02] 4.15208230010382
[-3.02299768e+00 -1.26826378e-01  2.68374213e-01  4.46793507e+00
  3.00323875e+02] 4.477784430260256
[-3.01840889e+00  1.98809032e-01 -2.08376887e-01  4.41519255e+00
  3.00264300e+02] 4.424575819848912
[-2.97201147e+00  9.87668510e-02 -5.42314604e-02  4.42184075e+00
  2.99993491e+02] 4.423276107821425
[-3.03307152e+00 -2.67502120e-01 -2.86230002e-01  4.44329912e+00
  2.99344898e+02] 4.4605371963038145
[-3.06971931e+00  1.11559849e-01  4.90926808e-02  4.62628102e+00
  2.99153910e+02] 4.627886321631902
[-2.99081808e+00 -1.71964032e-01  5.31861845e-02  4.32818541e+00
  3.01178400e+02] 4.33192675031649
[-2.96731351e+00  2.51204180e-02 -1.72785597e-01  4.31459693e+00
  2.99237049e+02] 4.318128360623582
[-3.20321922e+00  1.71229303e-01 -5.51638752e-01  4.40330109e+00
  2.97151220e+02] 4.441022999165966
[-3.03145756e+00  7.59793021e-02 -2.76236992e-01  4.46376926e+00
  2.99674578e+02] 4.472953807810599
[-3.00444416e+00 -6.05451341e-02 -1.87050310e-01  4.75351845e+00
  3.02341590e+02] 4.757582489337194
[-3.05947661e+00  6.38409831e-03  7.35883567e-02  4.50531028e+00
  2.98766267e+02] 4.505915748605034
[-3.12332432e+00 -1.13547501e-01  1.72684091e-01  4.58515606e+00
  2.97944685e+02] 4.589811425583418
[-3.00690546e+00 -3.27386515e-01  2.05485304e-01  4.19544977e+00
  2.97424807e+02] 4.213217879674411
[-3.00657103e+00 -1.99766437e-01  4.69440662e-02  4.62359212e+00
  3.03338338e+02] 4.628143743306152
[-2.96622945e+00  2.94532251e-01 -3.03202782e-01  4.45571671e+00
  2.99906063e+02] 4.475722572073925
[-2.95405126e+00 -2.94246384e-02 -9.69507433e-02  4.20088889e+00
  3.01153936e+02] 4.202110503766737
[-2.99347927e+00 -1.29179983e-01 -1.47775444e-01  4.19480460e+00
  2.99902854e+02] 4.199394089192993
[-2.98096752e+00 -2.61977107e-01  1.50763173e-01  4.60545215e+00
  2.99809959e+02] 4.615360338799156
[-3.07687643e+00 -3.68784822e-02 -9.64556868e-02  4.44114246e+00
  2.97412747e+02] 4.442342855443864
[-3.01559396e+00 -1.42392159e-01 -2.34480549e-01  4.63142744e+00
  3.01425359e+02] 4.639544887362401
[-2.99436847e+00  6.02509004e-02 -3.84904398e-01  4.44001094e+00
  2.98374082e+02] 4.457070644367403
[-3.02275428e+00  4.97057510e-03 -3.32169120e-01  4.21591612e+00
  2.98985380e+02] 4.228984479997387
[-2.96680145e+00  1.92158129e-01  3.83470086e-03  4.43922564e+00
  3.00294120e+02] 4.443384268860383
[-2.89801627e+00  5.80712142e-02 -8.88420476e-02  4.45066864e+00
  2.99592625e+02] 4.451934022301788
[-3.07408048e+00  1.46192755e-01 -6.87497728e-02  4.32638121e+00
  2.99219691e+02] 4.3293964012145345
[-3.21347860e+00  1.33023902e-01  5.34166966e-02  4.54854326e+00
  2.98493120e+02] 4.550801519925333
[-2.99019098e+00 -1.61891780e-01 -1.62088721e-01  4.31133684e+00
  2.99329042e+02] 4.317419025959115
[ -3.03153125   0.36997028  -0.31981093   4.39972827 298.88878703] 4.426823453088121
[-2.97467959e+00 -2.59131689e-02  2.24381762e-01  4.38557398e+00
  2.98599244e+02] 4.39138677282533
[-2.98417283e+00 -2.11075305e-01  4.21696474e-02  4.36568893e+00
  2.98613316e+02] 4.370991975991858
[-3.06779012e+00 -1.37937842e-01  6.84462307e-02  4.58530287e+00
  3.00600915e+02] 4.587887764568816
[-3.04833053e+00 -1.81694795e-01 -5.96333923e-02  4.40454734e+00
  2.98297283e+02] 4.408696675226437
[-3.04092907e+00 -1.10835870e-01 -2.76772864e-01  4.38189559e+00
  2.97185204e+02] 4.392026503907277
[-3.09499831e+00 -2.37477056e-01  1.82760409e-01  4.62385093e+00
  2.99136714e+02] 4.633550917095076
[-3.09452540e+00  4.14099755e-02 -2.47290076e-01  4.51947152e+00
  3.00163006e+02] 4.526421325700459
[-2.97359885e+00  7.57253013e-02 -1.32077812e-01  4.71479639e+00
  3.01965456e+02] 4.717253851797711
[-3.07171754e+00  4.89938481e-02  1.12418011e-01  4.62133946e+00
  3.00368744e+02] 4.622966211610769
[-2.95376845e+00  3.67044294e-01 -2.80360257e-01  4.57527170e+00
  3.01343820e+02] 4.598525251241228
[-3.01530956e+00  1.20965727e-01  1.50152138e-01  4.15241781e+00
  2.98290867e+02] 4.156892117653865
[-2.95068886e+00  2.95791269e-03 -2.94474575e-01  4.39193626e+00
  3.01060277e+02] 4.40179828021883
[-2.99986637e+00  1.61054510e-01 -7.37338605e-02  4.70329008e+00
  2.98118107e+02] 4.706624358431199
[-2.94742927e+00  2.48475499e-01  2.27660156e-01  4.53653947e+00
  2.99727754e+02] 4.549039410607787
[-3.05537748e+00  1.06015403e-02  2.76433601e-01  4.35812619e+00
  2.98909696e+02] 4.366897271827629
[-3.03627658e+00 -2.12204756e-01 -2.44274328e-01  4.74584210e+00
  2.99465929e+02] 4.756860100042592
[-3.01593880e+00  2.13069574e-01 -1.34780630e-01  4.31414937e+00
  2.97466147e+02] 4.321510066279709
[-3.01769410e+00  1.66192330e-01 -1.51917192e-01  4.15575735e+00
  2.96350890e+02] 4.1618527019047
[-3.05472276e+00 -1.65587854e-01 -7.46683900e-03  4.54463161e+00
  2.97921403e+02] 4.54765341474384
[-3.10375204e+00  1.70907621e-02 -6.43492622e-02  4.31684665e+00
  2.98109175e+02] 4.317360064073858
[-3.01171059e+00 -2.24946582e-02 -1.18808760e-01  4.60118704e+00
  3.01387051e+02] 4.6027756481804225
[-3.07621231e+00 -5.87380731e-02 -1.75819505e-01  4.47379111e+00
  2.96065579e+02] 4.4776299010373775
[-3.01867561e+00  2.05273074e-01  3.09018896e-02  4.69890084e+00
  3.02612508e+02] 4.703483927767926
[-3.06654419e+00  6.68754109e-01  1.08533620e-01  4.69870149e+00
  2.99342377e+02] 4.747294737984543
[-2.91161123e+00 -3.61472897e-02 -6.34459583e-03  4.45434468e+00
  2.99685323e+02] 4.454495868471901
[-3.07297568e+00 -1.49919419e-01  4.89157723e-01  4.62108309e+00
  2.99879559e+02] 4.649318237199092
[-3.02456165e+00 -1.16890468e-01  1.38368906e-01  4.46080515e+00
  3.00843049e+02] 4.464481148589747
[-3.08773862e+00  1.09991282e-01  8.14709866e-03  4.52733268e+00
  2.98470501e+02] 4.528675925789039
[-3.13759264e+00  2.51991482e-01 -3.87934518e-02  4.42490287e+00
  2.97045327e+02] 4.432242097346429
[-3.04706125e+00 -2.58878285e-01  1.41977269e-01  4.60986890e+00
  3.00650796e+02] 4.619314539141101
[-3.00763514e+00  2.28380975e-02 -1.18330741e-01  4.37445474e+00
  2.99524167e+02] 4.376114493267949
[-2.97048066e+00 -8.10703951e-03 -1.56270432e-02  4.10302012e+00
  3.00520477e+02] 4.1030578841833
[-3.00634252e+00 -3.12998283e-02 -5.53350283e-02  4.14906206e+00
  2.98791563e+02] 4.149549088890088
[-3.07911047e+00  1.89738228e-01  2.52115928e-01  4.22233515e+00
  2.97179017e+02] 4.234108781785744
[-2.99555857e+00 -1.53008306e-01  1.62944745e-01  4.78294153e+00
  3.03074959e+02] 4.788161668878425
[-3.05521905e+00  1.77123868e-01 -3.21414137e-02  4.25827565e+00
  2.98158411e+02] 4.262079006470298
[-3.01718005e+00 -2.67757002e-01  2.82382501e-02  4.29247934e+00
  2.97212532e+02] 4.300915032469632
[-3.00052186e+00  1.36389874e-01 -1.28003653e-01  4.30816150e+00
  3.00197144e+02] 4.312220148411546
[-3.01062707e+00 -3.09756023e-02  2.33054804e-01  4.57374370e+00
  2.98808758e+02] 4.579782254230031
[-2.94811009e+00 -3.03087002e-01 -1.18244935e-01  4.28643803e+00
  2.97947393e+02] 4.2987666316420565
[-3.06173452e+00 -3.25470678e-01  1.11795258e-01  4.63596358e+00
  2.99543391e+02] 4.648718928136383
[-2.98076450e+00  3.04595709e-01  1.72562406e-01  4.46534860e+00
  3.00518109e+02] 4.479050620061542
[-3.02797993e+00 -4.75570796e-01 -4.46757111e-02  4.51317873e+00
  3.00048741e+02] 4.538385813556518
[-3.02516762e+00 -1.54207805e-01 -5.52848215e-02  4.37923746e+00
  2.99293178e+02] 4.382300444310131
[-2.99065198e+00 -3.87365229e-01  1.56302357e-01  4.44806680e+00
  2.98344366e+02] 4.467637010914075
[-2.99841397e+00 -2.63465986e-01 -9.43175413e-02  4.35121501e+00
  2.99722302e+02] 4.360204374601371
[-3.03389931e+00 -2.98679628e-01  6.75581561e-02  4.37157611e+00
  2.99876052e+02] 4.382288360710214
[-2.99806060e+00 -2.52975592e-01 -1.78344970e-01  4.43509337e+00
  2.99954432e+02] 4.445880876284829
[-3.02877251e+00  1.68220063e-01  7.27258851e-02  4.45873492e+00
  2.99149690e+02] 4.462499762077923
[-3.00535639e+00  4.92362754e-02  3.02720847e-01  4.50205467e+00
  2.97792245e+02] 4.512489373682031
[-3.11590468e+00 -9.81752045e-02 -4.40990957e-02  4.42880742e+00
  2.97553090e+02] 4.430114925150116
[-2.96649572e+00  2.76333737e-01  8.95678858e-02  4.47209096e+00
  2.99406255e+02] 4.481515397321392
[-2.99361267e+00 -5.77072100e-03 -6.10046989e-02  4.39421294e+00
  2.98571536e+02] 4.394640174341685
[-3.05631247e+00 -9.13555451e-02 -1.21178593e-01  4.28403807e+00
  2.98110322e+02] 4.2867251243734685
[-3.08206165e+00 -2.32878560e-01 -2.56012574e-01  4.39109738e+00
  2.99642830e+02] 4.404714643907852
[-3.00689641e+00 -6.61861468e-02  2.19626898e-01  4.53981796e+00
  2.99439875e+02] 4.5456092778517725
[-3.05267539e+00 -7.06122839e-02 -3.39919417e-01  4.44195999e+00
  2.99660405e+02] 4.455506691231757
[-3.01948497e+00  1.57184335e-01 -7.80826508e-02  4.20006859e+00
  2.99607352e+02] 4.203734048061822
[-3.04839712e+00 -3.38859238e-03  8.32194166e-02  4.64612244e+00
  2.99946105e+02] 4.646868906989293
[-3.00583234e+00 -2.13792773e-03  8.12766531e-02  4.23730152e+00
  2.99816053e+02] 4.238081480514524
[-3.04091828e+00 -9.12013279e-03  4.41826997e-01  4.46647353e+00
  2.98626581e+02] 4.488282530297498
[-2.99555479e+00  2.62828616e-01 -2.47964555e-02  4.52034359e+00
  3.01383701e+02] 4.528045924337532
[-3.04410094e+00  1.94657240e-02 -9.69894791e-02  4.50848784e+00
  2.99672729e+02] 4.5095729799325435
[-2.96189004e+00  4.96408260e-02 -4.08442442e-01  4.31490280e+00
  2.98630797e+02] 4.334475242273329
[-2.97856633e+00  2.06570840e-01  4.84688801e-02  4.60330537e+00
  2.99910778e+02] 4.608192821607915
[-3.06831333e+00 -2.65415332e-01  1.49416692e-01  4.39333970e+00
  2.99389279e+02] 4.40388514237891
[-3.11327054e+00  1.27783369e-01 -2.21419309e-01  4.76430632e+00
  2.97809159e+02] 4.7711602122047765
[-3.09764022e+00  3.04598497e-01  8.70973996e-02  4.37916974e+00
  2.98227946e+02] 4.390614289551964
[-3.00674581e+00 -2.00847299e-01 -9.85487437e-02  4.25355149e+00
  2.99640787e+02] 4.2594309212263175
[-3.03097088e+00  2.08585921e-01 -6.11907801e-02  4.73122754e+00
  3.00807917e+02] 4.73621857900186
[-3.03029204e+00  2.22520871e-01 -6.27756214e-02  4.48945311e+00
  3.02010672e+02] 4.495402709084565
[-3.01556383e+00  1.23780488e-01 -1.07362565e-01  4.15962551e+00
  2.99352128e+02] 4.162851514834834
[-3.04145796e+00 -2.19245834e-01  5.69000934e-02  4.29928740e+00
  2.97310276e+02] 4.305250114281389
[-2.99490644e+00  1.50167105e-01  1.31871888e-01  4.32434667e+00
  2.96529195e+02] 4.328962282485832
[-2.97537846e+00 -2.03329066e-01  1.56371504e-01  4.30603210e+00
  3.00568851e+02] 4.313665171200659
[-3.02783616e+00  2.04194817e-02  7.28905374e-02  4.71542020e+00
  2.99387212e+02] 4.716027743686117
[-3.07132017e+00 -1.37089432e-01 -4.37749161e-02  4.51677836e+00
  2.98946736e+02] 4.519070316700765
[-3.04234031e+00 -9.34087955e-02  2.60157398e-01  4.91263173e+00
  3.02044121e+02] 4.920402178718345
[-3.04203570e+00 -3.16344720e-01  7.75251458e-02  4.40440600e+00
  2.97142516e+02] 4.416432531212682
[-3.07679858e+00 -2.85819335e-01  2.65700691e-01  4.57064905e+00
  2.99861123e+02] 4.5872783102534305
[-2.96729378e+00  2.08597985e-01 -1.37446744e-01  4.40246953e+00
  3.00023262e+02] 4.409551303644072
[-3.01683870e+00  1.78653581e-02  7.54466977e-02  4.34102095e+00
  2.97828967e+02] 4.3417132875735875
[-3.07833792e+00 -3.37406598e-01 -1.98513525e-01  4.50620918e+00
  3.00283325e+02] 4.523181626427724
[-3.05947163e+00 -1.34039092e-01  1.81702296e-01  4.59544375e+00
  2.99201745e+02] 4.600987439846575
[-3.08311198e+00 -2.15220536e-01 -1.97588253e-01  4.46866873e+00
  3.00098770e+02] 4.478209596548853
[-2.96418049e+00  4.10411533e-01 -2.06743005e-01  4.49513924e+00
  2.98966974e+02] 4.518568033271988
[-3.15704197e+00  6.96601349e-02 -4.63762307e-01  4.23480032e+00
  2.96370403e+02] 4.260687942609261
[-3.03149416e+00  1.18430784e-01  8.12091610e-02  4.47121473e+00
  2.99459836e+02] 4.473520085458378
[-3.00114679e+00  1.96602564e-01 -1.52047813e-01  4.55142595e+00
  3.00763615e+02] 4.558206803296406
[-3.07399034e+00  1.12560177e-01  1.55400068e-02  4.71536187e+00
  3.01751859e+02] 4.716730741026557
[-3.03370755e+00  1.26186063e-01  2.45769493e-01  4.51317669e+00
  3.00763066e+02] 4.521624640060435
[-3.06606624e+00 -1.50339951e-02 -3.17999603e-02  4.30328190e+00
  2.98273550e+02] 4.303425654356186
[-3.07756553e+00 -2.05202117e-01 -3.99632053e-02  4.13882074e+00
  2.97785080e+02] 4.144097253618313
[-2.95483431e+00 -3.95043232e-01 -8.30555301e-02  4.29411361e+00
  2.99818117e+02] 4.313046375594569
[-3.14391766e+00  8.62014240e-02  4.29830692e-03  4.56774159e+00
  2.97656158e+02] 4.568556928580544
[-3.01753756e+00 -1.46733430e-01  4.05203340e-01  4.83252575e+00
  3.02479299e+02] 4.851703368673279
[-3.05421173e+00  1.73783513e-01  1.41132959e-01  4.80576109e+00
  3.02080509e+02] 4.810972757637885
[-3.01935634e+00  3.10220023e-02  5.23256136e-02  4.44471518e+00
  2.98721551e+02] 4.445131424990791
[-3.02114288e+00  4.15296702e-02 -1.27229267e-01  4.43490154e+00
  3.00877016e+02] 4.436920521218806
[-3.04103210e+00 -7.52386344e-02 -5.88275564e-02  4.67537527e+00
  2.98064543e+02] 4.676350655949653
[-3.07312232e+00  5.46673112e-02  1.06104297e-01  4.65117501e+00
  2.98465217e+02] 4.652706267212267
[-2.99757399e+00 -1.38411691e-01 -3.00952980e-01  4.60362858e+00
  2.99969937e+02] 4.615531020739674
[-2.99776085e+00  1.56596305e-01  1.17785848e-01  4.24438366e+00
  2.99056018e+02] 4.248904397062217
[-3.10551841e+00 -7.16268854e-02  3.29187280e-01  4.49909169e+00
  2.98114409e+02] 4.511687129509802
[-2.99729411e+00 -5.96810960e-02  5.93159893e-02  4.23755914e+00
  2.97844033e+02] 4.23839447368105
[-3.06517124e+00 -3.56106723e-02  3.48173843e-01  4.37031109e+00
  2.97524003e+02] 4.384302928863937
[-3.06660713e+00  3.68815852e-01  6.54778150e-02  4.24657983e+00
  2.95847023e+02] 4.263068459200857
[-2.97192941e+00 -1.08272767e-01 -1.39878490e-01  4.67942190e+00
  3.01789584e+02] 4.6827639643496894
[-3.08058729e+00 -1.51914100e-01  1.27434558e-01  4.46885871e+00
  2.98627438e+02] 4.473255600050218
[-3.04889494e+00 -9.54107274e-02 -1.16332105e-01  4.36903975e+00
  2.99483676e+02] 4.371629527569276
[-3.01840834e+00  2.26980318e-01 -1.11641357e-01  4.69104443e+00
  2.99253456e+02] 4.697859269866753
[-2.99781881e+00 -7.45111752e-03 -2.49358464e-01  4.19355714e+00
  2.97292328e+02] 4.200970913903717
[-2.98236656e+00 -1.09561440e-01 -3.03886711e-02  4.28108149e+00
  2.98349487e+02] 4.282591023856056
[-3.09660381e+00 -1.19609155e-01  2.40602316e-01  4.41126625e+00
  3.00756329e+02] 4.419441792842328
[-2.99834805e+00 -4.95910330e-02  4.98536066e-02  4.80233108e+00
  3.01411874e+02] 4.802845871363747
[-3.07981192e+00  4.91076309e-01 -3.86820719e-02  4.47882939e+00
  2.97102817e+02] 4.505836768142282
[-2.99339279e+00  2.46718567e-01 -1.41250760e-02  4.60903319e+00
  2.98053797e+02] 4.615653425637286
[-3.06551887e+00 -3.38345828e-02 -1.97240270e-01  4.62988982e+00
  3.02149408e+02] 4.6342127935534485
[-2.90934065e+00  9.92373884e-02 -2.06593888e-01  4.26742172e+00
  2.97647376e+02] 4.27357194770702
[-3.00601320e+00  3.16697794e-01 -1.83785167e-01  4.46577161e+00
  3.00260949e+02] 4.480757810807754
[-3.00889004e+00 -2.18617630e-01  7.16148881e-02  4.15261990e+00
  2.99219829e+02] 4.158987181170798
[-2.99564865e+00 -2.22357454e-01  6.86323872e-02  4.24317983e+00
  2.99868232e+02] 4.2495562517302625
[-2.99025909e+00 -2.25852203e-01 -1.41755605e-01  4.26295983e+00
  2.99025877e+02] 4.271291423414987
[-2.93526105e+00 -2.43967998e-01 -4.14771711e-01  4.38801929e+00
  3.00321745e+02] 4.414325455354113
[-3.12157104e+00  1.59456409e-01  2.34801947e-01  4.59394132e+00
  3.00347961e+02] 4.602700855793733
[-3.03590152e+00 -1.38450266e-01 -1.38702992e-01  4.17176812e+00
  2.98176964e+02] 4.176368791277683
[-2.91297065e+00  1.17091953e-01  6.41689852e-03  4.68611774e+00
  3.01942247e+02] 4.687584791065923
[-3.03883535e+00  1.14212408e-01  3.34918451e-01  4.57071923e+00
  3.00282097e+02] 4.5843962617615155
[-2.95439958e+00 -3.32446014e-02  2.32630875e-01  4.20375541e+00
  2.96329218e+02] 4.210318497097166
[-3.08065877e+00  7.82174416e-03 -1.19046117e-02  4.62090388e+00
  2.98044605e+02] 4.620925835566685
[-3.03859382e+00  1.96082930e-01  1.46935424e-01  4.23207415e+00
  2.98535987e+02] 4.239161488887309
[-3.13101825e+00  2.63640075e-01 -1.43335736e-01  4.38319343e+00
  2.96615699e+02] 4.393453752859894
[-3.03705726e+00  7.72588732e-02  1.02525158e-01  4.59114614e+00
  2.99591101e+02] 4.592940588964658
[-3.08739874e+00  1.62758851e-01  3.02577253e-01  4.35628760e+00
  2.98919103e+02] 4.3698152228702
[-3.05089278e+00  1.94353871e-01 -1.67486591e-01  4.25792403e+00
  2.96440186e+02] 4.26564675740633
[-3.05177638e+00 -1.04411117e-01  8.73460573e-02  4.33496317e+00
  2.98655505e+02] 4.3371000364935
[-2.99082514e+00  4.91036727e-02 -6.04584734e-02  4.33139142e+00
  3.00152398e+02] 4.332091646637173
[-3.07837291e+00 -3.39605794e-02  8.47289903e-03  4.89488755e+00
  3.02390169e+02] 4.895012689797222
[-3.05987672e+00  1.69863736e-01  7.69441319e-02  4.55869140e+00
  2.98412101e+02] 4.562503847514572
[-3.04256330e+00  2.34232531e-01  3.04560332e-01  4.69165513e+00
  3.00051533e+02] 4.707361226990555
[-2.99005461e+00  1.66573675e-01  1.67609310e-01  4.16181626e+00
  2.98264575e+02] 4.168519432356167
[-2.98640502e+00 -4.29678151e-01 -5.90127861e-02  4.39899781e+00
  2.97606877e+02] 4.4203266379394694
[-2.98286186e+00  4.95884642e-01 -2.14646596e-01  4.40090397e+00
  2.98917993e+02] 4.433952019021129
[-3.09618301e+00  3.82894548e-02  1.89650471e-01  4.65433922e+00
  2.99023060e+02] 4.658358830660476
[-3.04694600e+00  3.07145026e-01  1.56345585e-01  4.21214766e+00
  2.97922253e+02] 4.226224071513528
[-2.99193360e+00 -5.34790581e-02 -1.80125755e-01  4.35304932e+00
  3.00029657e+02] 4.357102671507834
[-2.99453257e+00  9.96077214e-02  2.53962014e-01  4.80132813e+00
  3.01182825e+02] 4.809071656681384
[-3.07791781e+00 -1.82716976e-01 -2.05920797e-02  4.35980001e+00
  2.99117643e+02] 4.363675706375819
[-3.08380265e+00  2.54580849e-02 -1.28653944e-01  4.39053708e+00
  2.98924153e+02] 4.392495399383642
[-3.11700827e+00  3.50346613e-02  2.66617349e-01  4.49808157e+00
  3.00877988e+02] 4.506112522008888
[-3.02500848e+00  6.48310284e-03 -7.75166427e-02  4.32984293e+00
  2.97704464e+02] 4.330541613079098
[-2.95548555e+00 -3.57786659e-01  9.97874303e-02  4.53400522e+00
  3.00548691e+02] 4.549194675608988
[-3.03171206e+00  1.38268678e-02  3.84196749e-02  4.57167038e+00
  3.01974436e+02] 4.571852717785744
[-3.03831372e+00  1.42411063e-01 -2.37870305e-02  4.42951779e+00
  2.98534624e+02] 4.431870323779825
[-3.04828546e+00 -1.59092035e-01  4.01913500e-01  4.62480430e+00
  2.99698141e+02] 4.644960658884963
[-3.00853608e+00 -8.04601000e-02  4.16143711e-04  4.48886273e+00
  3.00680321e+02] 4.489583793246575
[-3.04584442e+00 -1.16702171e-01  4.75345551e-01  4.83675154e+00
  3.01964326e+02] 4.861454339712472
[-3.05552041e+00 -2.21270527e-02 -6.37140795e-01  4.37357816e+00
  3.00089810e+02] 4.41979908000425
[-2.98614857e+00 -1.36329362e-01  3.83224516e-01  4.25429590e+00
  2.99163100e+02] 4.273696332067398
[-3.06446521e+00 -3.00017396e-02 -4.25227644e-01  4.39825406e+00
  2.99118787e+02] 4.418863820185988
[-3.02299907e+00  2.62900623e-01  3.83625092e-01  4.30887779e+00
  3.00255510e+02] 4.333902720610869
[-2.99720961e+00 -4.60831907e-02  1.18133792e-01  4.37872211e+00
  2.99365456e+02] 4.380557792218317
[-3.01056320e+00 -1.24401300e-01 -7.48722295e-02  4.43792563e+00
  2.99965666e+02] 4.440300152322883
[-3.06151475e+00  2.80684657e-01  1.04473869e-01  4.58752762e+00
  3.00827262e+02] 4.597293582929055
[-3.07514662e+00 -2.33742079e-01 -1.79622846e-01  4.63831923e+00
  2.98961393e+02] 4.647677376980983
[-3.14532352e+00 -3.15533168e-01  9.23931170e-02  4.42870144e+00
  2.98438420e+02] 4.44088888877475
[-3.00906960e+00  3.05338484e-01 -1.41307996e-01  4.48851453e+00
  2.99249694e+02] 4.501106782302493
[-3.00433150e+00  9.10072401e-02 -4.00247306e-01  4.42539820e+00
  3.00490237e+02] 4.4443930341962545
[-2.97607060e+00 -4.20974601e-02  8.96454143e-02  4.46572722e+00
  2.99749193e+02] 4.4668252784312825
[-3.02880540e+00  1.85716398e-02  2.13367639e-01  4.90224323e+00
  3.02194143e+02] 4.906919539082802
[-3.12381499e+00 -9.43469795e-02 -8.21780923e-02  4.64813869e+00
  2.99850056e+02] 4.649822351764868
[-3.06229286e+00  7.77947503e-02  3.65179697e-02  4.05320179e+00
  2.97626573e+02] 4.054112768229782
[-3.05423034e+00 -3.59540287e-02  3.05041406e-01  4.75716062e+00
  2.99117673e+02] 4.767066197714285
[-3.03870968e+00  1.85117639e-01 -1.57858239e-01  4.62131225e+00
  2.99832040e+02] 4.6277116031098355
[-2.99059688e+00  2.77455785e-01  2.81830147e-01  4.58338157e+00
  3.02174141e+02] 4.600412646594853
[-3.08171135e+00  1.61082597e-01 -1.77350306e-01  4.63671811e+00
  2.99326189e+02] 4.642903783739715
[-2.99553909e+00 -1.08640945e-01  1.14907072e-01  4.38747884e+00
  2.98385203e+02] 4.390327673758678
[-2.95436859e+00 -2.85574704e-02 -1.34373927e-01  4.11073781e+00
  2.98033491e+02] 4.113032605540378
[-3.04426276e+00 -3.52428956e-01 -1.25969374e-02  4.59296018e+00
  3.00702690e+02] 4.606478925000972
[-3.04578106e+00  1.41866955e-01 -1.72826391e-01  4.54022543e+00
  2.99378926e+02] 4.545727899840528
[-3.13612028e+00  1.11960473e-01 -5.21299848e-02  4.55500154e+00
  2.96307367e+02] 4.556675509330655
[-3.10026323e+00 -1.28017066e-01  2.82425504e-01  4.58844036e+00
  2.99703196e+02] 4.598906113143959
[-3.08191148e+00  2.36874661e-02  9.83359994e-02  4.34911956e+00
  2.98052777e+02] 4.350295627003763
[-3.04747215e+00  2.09921561e-02 -2.03290975e-01  4.43366320e+00
  2.99737806e+02] 4.438371010731247
[ -3.09145943   0.32034147   0.35063024   4.43395937 298.78966271] 4.459322358232412
[-3.00716160e+00  3.64996577e-02  6.25106467e-02  4.81191415e+00
  3.02966416e+02] 4.812458576648476
[-2.99763301e+00  8.64303002e-02  3.30448042e-01  4.02945728e+00
  2.98466785e+02] 4.043908023253237
[-3.08001560e+00 -1.91614638e-01 -1.93867432e-02  4.25061682e+00
  2.97659867e+02] 4.254977717403575
[-3.06019431e+00 -8.21184270e-02  2.54700517e-01  4.51367485e+00
  2.99948449e+02] 4.52160109202049
[-3.06761091e+00 -7.05741047e-03  1.36309567e-01  4.67617231e+00
  3.00549525e+02] 4.678163906142164
[-3.02050157e+00  1.93354388e-01 -1.59997580e-01  4.31938979e+00
  2.98264736e+02] 4.326674621651928
[-3.16315243e+00 -5.26663039e-02  3.07261983e-01  4.70453326e+00
  2.99519766e+02] 4.714850675833254
[-3.00017322e+00  2.01937833e-01  3.52525508e-01  4.42727001e+00
  2.99583963e+02] 4.44587143960178
[-3.05546214e+00  1.26930586e-01 -4.27640695e-02  4.79029237e+00
  3.02918373e+02] 4.792164552428077
[-3.14005130e+00  1.39030527e-01  4.81422888e-01  4.18150450e+00
  2.97467753e+02] 4.211422245687465
[-3.08495714e+00 -4.65770151e-02 -1.36433240e-01  4.15188774e+00
  2.97936976e+02] 4.154389880781668
[-3.08224887e+00 -1.25127624e-01 -1.51909545e-01  4.30160277e+00
  2.97058393e+02] 4.306102625804197
[-3.02013904e+00  2.43063362e-01 -6.29923294e-02  4.16050141e+00
  2.97474065e+02] 4.168071469921591
[-2.98412976e+00 -1.29847448e-01 -5.12524201e-02  4.45986629e+00
  2.96569042e+02] 4.462050476694627
[-3.06414058e+00  1.24485401e-01  2.92042325e-01  4.29884485e+00
  2.99001542e+02] 4.31055128670726
[-3.04528073e+00  1.54962724e-02 -2.86518054e-02  4.23935541e+00
  2.98983057e+02] 4.239480553187351
[-3.01957801e+00  4.02936420e-02  1.64305690e-01  4.80543292e+00
  3.01805445e+02] 4.808409874209842
[-3.06405816e+00 -1.55366032e-01  7.95967923e-02  4.35633469e+00
  2.99246869e+02] 4.359830980382396
[-3.03881293e+00  2.45095369e-01 -1.63806938e-01  4.43269467e+00
  2.97379977e+02] 4.442486517902483
[-3.00790351e+00  1.26061018e-01  2.24289890e-01  4.42169344e+00
  2.99840225e+02] 4.42917263301212
[-3.08701212e+00  1.15216476e-01 -1.54551847e-01  4.50886967e+00
  2.98976079e+02] 4.512988682237889
[-3.04440390e+00  3.65885882e-01  1.77074396e-01  4.25130457e+00
  2.98715602e+02] 4.270692960350935
[-3.04803532e+00  1.74010429e-03 -1.40437005e-01  4.77269433e+00
  3.02059630e+02] 4.774760389467717
[-3.02661538e+00 -1.83659860e-01 -1.31579988e-01  4.64081765e+00
  3.00104731e+02] 4.646313881930076
[-3.06403916e+00 -2.34694708e-03 -2.05246739e-01  4.35426725e+00
  2.99773372e+02] 4.359102548700983
[-3.11484574e+00 -1.55165980e-01 -3.04296183e-01  4.74331333e+00
  2.99626780e+02] 4.755596076415523
[-2.94263618e+00 -1.01582194e-01  2.23469044e-01  4.48204895e+00
  3.01588799e+02] 4.4887659898428005
[-3.04856139e+00  1.29388709e-01  2.15912067e-01  4.30708871e+00
  2.98583121e+02] 4.3144376984783674
[-3.05206554e+00  1.15797196e-01 -9.98050499e-02  4.34031740e+00
  2.98040137e+02] 4.343008774350159
[-3.00629186e+00 -1.13767823e-01  1.29351478e-02  4.91783776e+00
  3.02893838e+02] 4.919170526286316
[-3.03146222e+00  8.17857169e-02  2.92334154e-01  4.26719751e+00
  2.97130063e+02] 4.277981149455233
[-3.13910290e+00 -3.94361072e-01  1.23306696e-02  4.39363967e+00
  2.97815127e+02] 4.411319789150092
[-3.09674871e+00 -3.38049376e-01  1.86766463e-01  4.35368458e+00
  2.99556066e+02] 4.370781223193277
[-3.10577132e+00 -7.01097144e-02  8.61039033e-02  4.36134182e+00
  2.97254987e+02] 4.362755058548412
[-2.97636727e+00  2.69031424e-01  1.61017850e-01  4.32418611e+00
  3.00053145e+02] 4.335538049296387
[-3.13846589e+00  1.39473846e-02 -8.46811768e-02  4.60575368e+00
  2.97717297e+02] 4.60655319878677
[-3.01483301e+00  2.33351102e-01  5.31381074e-02  4.95757348e+00
  3.01528512e+02] 4.963346774017046
[-2.97740124e+00  3.26667813e-02  7.33717765e-02  4.31146488e+00
  2.97524349e+02] 4.312212880052461
[-3.03260964e+00  1.25205740e-01 -1.68570498e-01  4.09311077e+00
  2.96562000e+02] 4.098493415268602
[-3.07682078e+00 -2.45264300e-01 -4.94500728e-02  4.17345723e+00
  2.98107951e+02] 4.180950267796659
[-3.06158613e+00  2.54227826e-01 -1.37282922e-01  4.58946768e+00
  2.98692981e+02] 4.5985532482397184
[-3.07619188e+00  1.13032291e-01 -1.41854264e-01  4.42358667e+00
  3.00879353e+02] 4.427303692370896
[-3.06217608e+00 -5.20133700e-01 -3.06760602e-02  4.53381445e+00
  2.98562633e+02] 4.563655724418675
[-3.00855719e+00  1.80998175e-01 -2.40626561e-01  4.19094994e+00
  2.98885031e+02] 4.201752358721328
[-2.96915055e+00  1.50534936e-01  1.13669944e-01  4.90729606e+00
  3.01929134e+02] 4.91092010405041
[-3.06791756e+00 -6.41611997e-02  2.19565507e-01  4.72438867e+00
  3.01079143e+02] 4.729923256716007
[-3.04006640e+00 -1.97518370e-01 -2.10061489e-01  4.41192325e+00
  2.99115768e+02] 4.4213353319658015
[-3.04120653e+00 -1.73876914e-01  1.13953723e-01  4.39321890e+00
  3.00130834e+02] 4.398134936863146
[-3.03382099e+00 -2.51156183e-01  2.86771788e-02  4.27395202e+00
  2.97118258e+02] 4.281421220732838
[-3.06813001e+00  2.93119605e-01 -1.55550306e-01  4.76820548e+00
  2.99079283e+02] 4.779738325702154
[-2.99217018e+00 -1.11406430e-01  1.05073406e-03  3.96149486e+00
  2.97473337e+02] 3.9630611939684366
[-3.06966851e+00  4.78939406e-02 -3.69234739e-01  4.56506909e+00
  2.98672171e+02] 4.5802274959826725
[-3.00115962e+00 -6.95590362e-02  2.09823687e-02  4.68975854e+00
  3.00625633e+02] 4.69032130026184
[-2.92116776e+00 -2.11449620e-01  9.98077433e-02  4.13120790e+00
  2.97710129e+02] 4.13781961956621
[-2.93183214e+00 -3.00182440e-02  5.80945843e-02  4.46887943e+00
  2.98581126e+02] 4.46935783015852
[-3.02381442e+00 -2.46468737e-01 -1.95501599e-01  4.53132917e+00
  2.99542519e+02] 4.542236426934772
[ -3.09128578   0.30063747   0.34120519   4.43217477 297.52963748] 4.455443532212394
[-2.95490539e+00 -7.50805515e-02 -1.00480987e-01  4.49245883e+00
  2.98893923e+02] 4.4942095933349275
[-3.03768699e+00 -1.37037547e-01 -2.50792391e-01  4.50416439e+00
  2.98976755e+02] 4.513222016119402
[-2.99813203e+00  8.96205486e-02 -4.10369424e-02  4.49239067e+00
  2.99732150e+02] 4.493471914887947
[-2.99867107e+00  5.17203495e-02  1.37036813e-01  4.76507811e+00
  3.01803450e+02] 4.767328760705327
[-3.08087946e+00  1.12420647e-02 -4.46369437e-02  4.71942006e+00
  2.99114527e+02] 4.719644540615466
[-3.02514039e+00  2.36199116e-02  2.05544230e-02  4.87658061e+00
  3.01246687e+02] 4.8766811282985065
[-3.01852532e+00 -1.77855740e-01 -1.01656165e-01  4.56172789e+00
  2.96890647e+02] 4.566325437359657
[-3.08570128e+00  1.39945043e-02 -4.08947690e-01  4.25929974e+00
  2.99145248e+02] 4.278909711513846
[-3.01213711e+00 -2.34326554e-02 -3.33612367e-02  4.13311442e+00
  2.98211702e+02] 4.133315486130145
[-2.99778385e+00 -2.47043110e-02 -9.29697182e-02  4.48482857e+00
  2.99934071e+02] 4.485860112338596
[-3.00833712e+00  1.55295731e-01  4.24557308e-01  4.22156952e+00
  2.98338213e+02] 4.2457054605492335
[-3.07658274e+00 -1.58769352e-03  6.85049843e-02  4.67668429e+00
  2.99619745e+02] 4.67718627048552
[-3.15134114e+00  2.48788765e-01 -4.92433801e-02  4.51147206e+00
  2.98613576e+02] 4.518595011264225
[-3.17429678e+00  1.63625840e-01  3.01941025e-02  4.36411050e+00
  2.95559283e+02] 4.367281255414054
[-2.98495582e+00  2.67497124e-01  9.65277556e-02  4.51578784e+00
  2.98294529e+02] 4.524733373525899
[-3.04366144e+00  6.73974163e-02  1.50094335e-01  4.54436842e+00
  3.00841879e+02] 4.547345940351836
[-3.05994286e+00 -3.60640028e-02  2.16195808e-01  4.65237021e+00
  2.99131603e+02] 4.657530439884122
[-3.08535957e+00 -1.25528863e-01  1.65650557e-01  4.52209013e+00
  2.99574662e+02] 4.5268638986080925
[ -2.98863975   0.31945329  -0.31007689   4.58136414 300.07705616] 4.602944215257894
[-3.03619176e+00  3.52658091e-01  1.50804975e-01  4.55841425e+00
  2.99487543e+02] 4.574521867531654
[-3.04017111e+00 -2.81977582e-01 -1.15212207e-01  4.64786516e+00
  2.99245816e+02] 4.657835952005567
[-2.97829120e+00 -2.12449311e-01 -1.32937611e-01  4.41770908e+00
  3.01749604e+02] 4.4248119332039915
[-3.02086349e+00 -1.86694334e-01 -6.18307305e-02  4.52041355e+00
  2.99416210e+02] 4.524689653157873
[-3.12505453e+00  8.27875258e-02  3.31513273e-01  4.56300939e+00
  3.02040429e+02] 4.575785122819971
[-3.03367151e+00  1.94815573e-01 -2.36571755e-01  4.46295708e+00
  2.97699382e+02] 4.473466801712657
[-2.98712477e+00  5.37034462e-02  3.09314569e-02  4.43586245e+00
  2.98610512e+02] 4.43629535910998
[-3.02046702e+00  3.31814717e-01 -2.36283622e-01  4.54329398e+00
  2.99939254e+02] 4.561518513971622
[-3.08482765e+00 -1.93627465e-01  4.77017682e-03  4.51124301e+00
  2.99468474e+02] 4.5153989702545365
[-3.03340130e+00 -1.65926029e-01 -2.07225843e-01  4.16132808e+00
  2.97303652e+02] 4.1697872116243175
[-2.98148705e+00  3.03505980e-01 -8.16862694e-02  4.48346602e+00
  2.99493034e+02] 4.494469494986855
[-3.02022176e+00 -1.58368665e-01  4.22225728e-03  4.46137740e+00
  2.98231852e+02] 4.46418937051485
[-2.96355895e+00 -3.10098632e-01  7.13123391e-02  4.36038343e+00
  3.00956550e+02] 4.3719778423625995
[-3.04779052e+00 -4.80984789e-02  9.45173231e-02  4.63339064e+00
  2.98942357e+02] 4.6346041705302365
[-3.14804090e+00  1.46403996e-02 -2.02875157e-01  4.22020369e+00
  2.97868826e+02] 4.2251025838249
[-3.01098307e+00 -4.35343435e-01  1.24974025e-01  4.28219600e+00
  2.98712994e+02] 4.3060823240812764
[-3.06945609e+00  7.09866656e-02  3.61141884e-01  4.31213802e+00
  2.96322184e+02] 4.327816641720921
[-3.06256228e+00 -2.28002282e-02 -1.91789955e-01  4.16476631e+00
  2.96510610e+02] 4.169242339045946
[-3.14861813e+00  1.10872350e-01  3.71043616e-01  4.54813589e+00
  2.99465013e+02] 4.564592652819039
[-3.00053744e+00  1.03645689e-01  5.85241851e-02  4.49808588e+00
  3.00227190e+02] 4.499660444820144
[-3.04650738e+00  5.23876889e-02 -1.79854342e-01  4.21203490e+00
  2.96958103e+02] 4.216198527646335
[-3.06566171e+00 -2.06789747e-01 -1.04674282e-01  4.48828698e+00
  2.98501341e+02] 4.494267316051288
[-2.99876806e+00 -4.11435872e-02  2.33748702e-03  4.22248725e+00
  2.98350062e+02] 4.222688337176189
[-2.94601179e+00 -5.56606486e-02  1.85126864e-01  4.51440844e+00
  3.00212781e+02] 4.518545525240669
[-3.05230715e+00  3.02614241e-02 -1.33926052e-01  4.54134475e+00
  3.01332466e+02] 4.5434198666124805
[-2.96574679e+00  4.34254399e-01 -2.51479795e-02  4.30725585e+00
  2.99362429e+02] 4.329164156975986
[-3.05477726e+00 -2.11823475e-01 -4.19903047e-03  4.54345449e+00
  2.99181515e+02] 4.548391535519153
[-3.02662991e+00 -4.80316191e-02  2.87651223e-02  4.69087120e+00
  3.00392980e+02] 4.691205289797178
[-2.96745408e+00  3.10049006e-02 -1.85545245e-01  4.17469987e+00
  2.99365332e+02] 4.178936154111849
[-3.04711963e+00 -2.81422918e-01 -6.21784504e-02  4.42151501e+00
  2.99328112e+02] 4.430898330346092
[-3.06242594e+00  3.23928067e-01  2.71374343e-01  4.54943266e+00
  2.99830028e+02] 4.569016410967123
[-3.00104360e+00  3.27469074e-02  3.08525081e-02  4.27540197e+00
  2.97846316e+02] 4.275638692478476
[-3.00192917e+00 -3.75085326e-02 -3.22295166e-01  4.65143890e+00
  2.99248556e+02] 4.662742213513176
[-3.06301139e+00 -1.03149392e-01 -4.16377958e-02  4.48379554e+00
  3.00552332e+02] 4.48517513007542
[-3.06564783e+00  4.71977150e-02 -2.10304291e-01  4.43982402e+00
  2.98014397e+02] 4.445052622806921
[-3.00026406e+00 -2.42379203e-01  2.42531260e-03  4.44125872e+00
  2.98932663e+02] 4.447868313960987
[-3.03462627e+00 -2.35353200e-01  2.52999541e-01  4.33611037e+00
  2.99328148e+02] 4.349856670808516
[-3.08542596e+00 -3.66866667e-01 -2.18328630e-01  4.50798001e+00
  2.98571002e+02] 4.528149983083966
[-3.11665779e+00  2.91278952e-01 -1.21854063e-01  4.58816600e+00
  2.99199923e+02] 4.599017188830443
[-2.97890140e+00  1.42507293e-01  3.28030226e-01  4.85180835e+00
  3.02849170e+02] 4.864972399540379
[-2.99739682e+00 -1.40461365e-01  3.52965174e-01  4.55152106e+00
  2.98387983e+02] 4.567346903262417
[-3.05510444e+00  1.02452006e-01  4.78474990e-02  4.73866535e+00
  3.00474559e+02] 4.7400142462894514
[-3.02070521e+00 -2.47769082e-01 -2.46097992e-01  4.31718234e+00
  3.00255116e+02] 4.331283535791214
[-2.99144132e+00  2.77307075e-01 -7.07698250e-03  4.56580830e+00
  3.01702474e+02] 4.574227227825852
[-3.07462553e+00 -2.24964044e-01 -3.74167251e-01  4.80065841e+00
  2.99280913e+02] 4.820470010627562
[-2.98453059e+00 -1.65656049e-02  3.15298628e-02  4.68983294e+00
  3.01416966e+02] 4.68996818661973
[-3.03109520e+00  1.72077671e-01  8.05653800e-02  4.41288961e+00
  2.97894752e+02] 4.416978180002572
[-3.00202269e+00 -7.81155812e-02 -1.86012020e-01  4.43551306e+00
  2.99076784e+02] 4.440098943659769
[-3.03054858e+00 -9.83115668e-02  2.07321490e-02  4.54596621e+00
  2.97696023e+02] 4.547076398432842
[-3.07477825e+00  1.80086331e-01 -1.71128319e-01  4.17988330e+00
  2.97973105e+02] 4.187259293370255
[-3.02983353e+00 -1.77184433e-01 -2.37640741e-01  4.74744070e+00
  2.98723767e+02] 4.756685890346062
[-3.01283981e+00  3.64211077e-01  1.35646571e-01  4.60983659e+00
  3.00999021e+02] 4.626190990065437
[-3.08752279e+00  4.71496065e-01  1.06928333e-01  4.39719292e+00
  2.97633259e+02] 4.423691641794647
[-3.09038764e+00  2.23515692e-01 -1.29969160e-01  4.21852210e+00
  2.98261249e+02] 4.22643821478537
[-3.05423656e+00  3.11404276e-02 -1.73628743e-01  4.48590819e+00
  2.99767968e+02] 4.48937511708524
[-3.09842270e+00  1.96106362e-01  2.83237480e-01  4.23563491e+00
  3.00682854e+02] 4.249621659776849
[-3.08483897e+00 -7.93537248e-02 -1.74245482e-01  4.41136554e+00
  2.98668972e+02] 4.415518586314507
[-2.98380097e+00 -2.46976320e-01 -1.20275921e-01  4.58002961e+00
  3.03749053e+02] 4.5882605403883465
[-3.02843791e+00 -9.63737806e-02 -4.42211020e-01  4.47894039e+00
  2.97350821e+02] 4.50174915957664
[-2.98953183e+00  1.31798112e-01 -3.09891638e-01  4.60938666e+00
  3.00020145e+02] 4.621671666582924
[-3.03566432e+00 -2.08829810e-01  4.42509707e-02  4.16548738e+00
  2.96524422e+02] 4.170953502780902
[-3.04692696e+00 -4.08708271e-03  4.68254728e-01  4.77321721e+00
  2.99189457e+02] 4.796131953467072
[-3.01594826e+00 -1.44288365e-01 -3.17627275e-01  4.67799503e+00
  3.03525838e+02] 4.69098536559095
[-2.99621100e+00 -2.48158423e-02  5.49973266e-03  4.31074710e+00
  2.98499587e+02] 4.310822038842506
[-3.06900268e+00 -2.30209132e-01  6.84875762e-02  4.25935266e+00
  2.97991909e+02] 4.266119060295607
[-2.99472905e+00  2.32958151e-01  1.25647230e-01  4.50278626e+00
  2.99726914e+02] 4.51055881986877
[-3.01103564e+00 -1.58851728e-01  1.65704323e-01  4.44507861e+00
  2.99803997e+02] 4.451001649929176
[-3.07046305e+00  1.87508064e-01  1.94041988e-01  4.81900041e+00
  3.00159598e+02] 4.8265491315427065
[-2.93630593e+00 -9.25379482e-02 -2.37534813e-01  4.38620398e+00
  2.98098687e+02] 4.3936057462902465
[-2.95998940e+00 -2.34958622e-01  4.23840215e-02  4.09319791e+00
  2.97891595e+02] 4.100155012586533
[-3.04959425e+00 -3.31696744e-02  2.55225314e-01  4.61913029e+00
  3.00387768e+02] 4.626294934606896
[-3.00284440e+00 -2.32028377e-01  1.62175250e-02  4.26171185e+00
  2.98134905e+02] 4.268054363683357
[-3.05324927e+00 -1.31800989e-01 -2.48498757e-02  4.65461654e+00
  3.02679082e+02] 4.656548524341844
[-3.02979309e+00  1.27463408e-01 -2.26678933e-01  4.18045440e+00
  2.97237639e+02] 4.188535452882022
[-2.97328884e+00 -3.96741130e-02 -8.01997825e-02  4.40488929e+00
  2.99530340e+02] 4.405797963822997
[-2.98888186e+00  8.09312441e-03  8.23996116e-03  4.23978624e+00
  2.98133969e+02] 4.239801975433978
[-3.09726355e+00  2.25729564e-01 -8.59302532e-02  4.67456180e+00
  2.97894437e+02] 4.68079756641414
[-3.01423336e+00 -1.65374154e-01 -9.76779752e-03  4.56300506e+00
  2.99716569e+02] 4.566011299372081
[-3.12313832e+00 -2.91309046e-02  2.04040737e-02  4.43174043e+00
  2.97658113e+02] 4.431883137090614
[-3.05231089e+00 -1.18969252e-02  4.29483133e-01  4.17216099e+00
  2.96446728e+02] 4.194225150707616
[-3.02514742e+00 -1.28185303e-01  1.33366789e-01  4.28005707e+00
  2.97620025e+02] 4.284052600188812
[-2.91497820e+00 -1.10807999e-01 -1.50686583e-01  4.60495109e+00
  3.02582540e+02] 4.608748137015829
[-3.00712145e+00  1.33688071e-01  2.52998474e-02  4.50272066e+00
  3.01158441e+02] 4.504775901742853
[-3.01164243e+00 -1.89848703e-01  6.73784815e-02  4.50599989e+00
  2.99185795e+02] 4.510500792678477
[-3.06093268e+00 -2.09893911e-01 -2.46818841e-01  4.52547724e+00
  3.00896226e+02] 4.537060638000208
[-3.07706065e+00 -2.60551994e-02 -1.73777332e-01  4.07269842e+00
  2.95263519e+02] 4.076487436816913
[-3.07873283e+00 -2.00099782e-01 -3.15649794e-01  4.61298272e+00
  2.99619760e+02] 4.628097260151944
[-3.05191708e+00  7.85385864e-02  1.02860012e-01  4.53322524e+00
  3.00120401e+02] 4.5350721678560655
[-3.09530061e+00 -1.34659169e-01  1.04809925e-01  4.28195550e+00
  2.97343278e+02] 4.28535425557155
[-3.03148623e+00 -2.24416931e-02  4.82356039e-02  4.32812255e+00
  2.96152578e+02] 4.328449500348179
[-3.20059509e+00  1.10727528e-01  1.78762645e-02  4.43925386e+00
  2.97711756e+02] 4.440670557664121
[-3.12125542e+00  2.96619041e-02 -1.51103152e-01  4.33382144e+00
  2.99664674e+02] 4.33655627073284
[-3.00336446e+00 -1.52547577e-01 -9.45156038e-04  4.32539386e+00
  2.99462075e+02] 4.328083142371445
[-3.07595662e+00  1.23431914e-01 -1.37558016e-01  4.15664140e+00
  2.97914888e+02] 4.16074817144664
[-3.11516962e+00 -1.17940947e-01  1.14650660e-01  4.71176733e+00
  2.99044729e+02] 4.714637444370133
[-2.96142377e+00 -1.44908962e-01 -1.30900635e-01  4.36589958e+00
  3.01198938e+02] 4.370264605592954
[-3.02854448e+00 -1.36242203e-01 -1.44454866e-01  4.54598364e+00
  3.01241650e+02] 4.550318269825886
[-3.00720552e+00  8.58854670e-02  4.07052526e-02  4.76998740e+00
  3.00054684e+02] 4.77093419033789
[-3.06174126e+00 -1.62084963e-01 -2.30071880e-01  4.39949907e+00
  2.99489133e+02] 4.40849142741819
[-3.09211536e+00  5.09977813e-02  3.65718571e-02  4.31854224e+00
  2.97570138e+02] 4.31899818963642
[-2.97757789e+00 -2.62848072e-02 -3.97982073e-02  4.45424973e+00
  2.99466236e+02] 4.454505072001184
[-3.01889516e+00 -1.12523610e-01 -2.57412622e-01  4.78606419e+00
  3.00682734e+02] 4.794302164679816
[-3.07877164e+00  9.75864200e-02  1.81862513e-03  4.48279206e+00
  3.01177899e+02] 4.483854492561944
[-2.97602791e+00 -1.21858217e-01 -2.66344274e-02  4.27929344e+00
  3.00158340e+02] 4.281110976306376
[-3.03220810e+00 -1.75051307e-01  5.34508667e-02  4.48560588e+00
  3.00364637e+02] 4.4893384897375785
[-3.01953276e+00 -2.01114854e-01  2.63881505e-01  4.53009034e+00
  3.00906581e+02] 4.542224023719246
[ -3.07586911  -0.38619398  -0.5650733    4.31506659 298.52270502] 4.369010559184378
[-3.00792826e+00 -5.07861360e-03 -3.77046392e-01  4.26956508e+00
  2.97738846e+02] 4.286184288713718
[-3.04223111e+00 -9.86727919e-03  3.18098219e-01  4.31058859e+00
  2.99392295e+02] 4.322320882148142
[-3.04874753e+00  2.82991870e-02 -9.95119265e-02  4.46541934e+00
  2.98369618e+02] 4.466617667169065
[-2.99157442e+00  1.13861609e-01 -8.30726608e-02  4.20173819e+00
  2.98485657e+02] 4.204101487480094
[-3.01867055e+00 -1.29068819e-01 -3.85849568e-02  4.83036840e+00
  3.02617054e+02] 4.832246522277763
[-3.01859941e+00 -1.44133680e-01 -1.44935373e-01  4.17807288e+00
  2.99287739e+02] 4.183069896131276
[-3.07033627e+00  1.40810169e-01  3.97561447e-01  4.80549148e+00
  3.01561695e+02] 4.8239642367956055
[-3.05966019e+00  2.13592460e-01  4.40103501e-01  4.62599364e+00
  2.99305253e+02] 4.651787822870159
[-3.08304840e+00  1.83060024e-01  1.88956929e-01  4.46917722e+00
  2.97408900e+02] 4.476914195903028
[-3.02001210e+00 -8.77756983e-02 -2.08418428e-01  4.20989934e+00
  2.99750037e+02] 4.215969073976729
[-3.05790246e+00 -1.26147423e-01 -8.59482189e-02  4.51791704e+00
  3.01313277e+02] 4.520494955936314
[-3.04016716e+00  1.31514222e-01  9.85224103e-03  4.42198821e+00
  2.98694261e+02] 4.4239544259451735
[-2.92381895e+00 -1.32112270e-01  3.04459402e-02  4.42109864e+00
  2.99419871e+02] 4.423176891596233
[-2.97455263e+00  1.18763509e-01 -1.61500930e-02  4.38640449e+00
  3.00456970e+02] 4.388041700498866
[-3.07151380e+00  1.51041133e-01  1.29811368e-01  4.56693170e+00
  2.99288607e+02] 4.571272205950442
[ -3.00666585  -0.33740297  -0.30657209   4.56192337 301.14446531] 4.584645242529547
[-3.02772587e+00 -2.24821820e-01 -3.40700691e-02  4.88002275e+00
  3.00879489e+02] 4.8853175553252255
[-3.08991807e+00  1.09342456e-01  2.59682487e-01  4.56639799e+00
  2.99376802e+02] 4.57508265827058
[-3.10331842e+00  8.38510534e-02 -1.35334820e-01  4.40983155e+00
  2.97465924e+02] 4.4127044804023825
[-3.01006978e+00 -2.85794596e-01  3.27070062e-02  4.69169914e+00
  3.01295034e+02] 4.700509450449464
[-3.06040091e+00  1.58242789e-01 -7.90011120e-02  4.57026260e+00
  3.01195474e+02] 4.573683655338118
[-2.93573468e+00 -1.88959945e-01  2.68802293e-01  4.45619349e+00
  2.99727114e+02] 4.468290607787795
[-3.07820107e+00 -1.37858421e-01 -2.33790178e-01  4.74951522e+00
  3.00632493e+02] 4.757263670555997
[-2.99160507e+00 -2.07529801e-01  3.55301897e-01  4.51452269e+00
  3.00747277e+02] 4.533235396203427
[-3.09637720e+00 -8.11514998e-02  2.69482371e-01  4.60566519e+00
  3.01245579e+02] 4.6142559711639155
[-3.00432106e+00  4.80444892e-02 -1.37292291e-01  4.39488779e+00
  2.98771687e+02] 4.397294187651494
[-3.03138340e+00  4.71966611e-03  8.70689931e-02  4.51761195e+00
  2.99836438e+02] 4.518453386574217
[-3.03754438e+00  1.09870992e-01  6.02406685e-03  4.36419490e+00
  2.98812812e+02] 4.36558187312278
[-3.00464122e+00 -3.76832734e-02  5.35120066e-02  4.40386510e+00
  2.99225890e+02] 4.404351418906101
[-3.12107361e+00 -1.98226072e-01  2.84590741e-01  4.72736006e+00
  2.98803489e+02] 4.740065252628211
[-3.07334259e+00  3.08493343e-03 -2.08617798e-01  4.55746640e+00
  2.99995276e+02] 4.562239682291881
[-2.96011742e+00  2.39409506e-01 -6.52721270e-02  4.46862235e+00
  2.98894405e+02] 4.475507019963259
[-3.02850700e+00  6.95777487e-02 -1.31992693e-01  4.72696580e+00
  3.00438315e+02] 4.729320123531385
[-3.07387318e+00 -1.45238579e-01  3.01303947e-02  4.57103660e+00
  2.99654139e+02] 4.573442652899976
[-3.14278503e+00 -2.03342872e-03 -2.02617501e-01  4.59115126e+00
  2.99447136e+02] 4.595620515596681
[-2.94701405e+00  2.01762502e-01 -1.42773787e-01  4.49036187e+00
  2.98753791e+02] 4.497159345264793
[-2.96068071e+00  1.06485912e-01  1.53779749e-01  4.30328326e+00
  2.99220510e+02] 4.30734654786743
[-2.98421874e+00 -2.96833778e-03  9.41423362e-02  4.32425661e+00
  2.98783095e+02] 4.325282280413659
[-2.96921375e+00  1.62343074e-01 -1.62679017e-01  4.49006768e+00
  2.98802069e+02] 4.495945676740756
[-2.96444470e+00  1.52828680e-02 -1.91155449e-01  4.34198948e+00
  2.98042436e+02] 4.346222107496906
[-3.11043562e+00 -2.71808481e-01 -6.97731627e-02  4.55827776e+00
  3.00856482e+02] 4.5669075193596065
[-3.02436778e+00 -2.86606334e-01  1.97204352e-01  4.14979059e+00
  2.95055407e+02] 4.16434805233571
[-3.01666305e+00  2.53173004e-01  1.83448219e-01  4.17694929e+00
  2.97526709e+02] 4.188634044532714
[-3.03860605e+00  4.90794769e-02 -1.40639559e-01  4.66856895e+00
  3.00392049e+02] 4.670944694884891
[-3.07795356e+00  8.32021805e-02  1.80415887e-01  4.25621074e+00
  2.97259424e+02] 4.260845259326247
[-3.04754775e+00  1.81798106e-01  4.32784897e-02  4.62579453e+00
  2.99958068e+02] 4.629567868256429
[-3.05947054e+00  2.02460912e-01 -1.68733496e-01  4.64048750e+00
  3.00202155e+02] 4.647965757523075
[-3.02841428e+00  1.90248863e-01 -7.37623795e-02  4.40154444e+00
  2.99386119e+02] 4.406271546149972
[-3.15685666e+00 -2.56732912e-01 -8.05310668e-02  4.36003734e+00
  2.99045758e+02] 4.368331788368476
[-3.06681387e+00  8.76446240e-02 -1.33960895e-01  4.31645669e+00
  2.98346707e+02] 4.319424206319325
[-3.00073408e+00 -4.35466297e-01 -1.79257077e-01  4.33894873e+00
  2.97878397e+02] 4.3644289526609805
[-3.10352829e+00  7.38321185e-03 -3.33901120e-01  4.70300171e+00
  2.98174126e+02] 4.714845655335063
[-3.08802350e+00 -4.17445301e-01  2.71989682e-01  4.83762171e+00
  2.99812048e+02] 4.863211158917203
[-3.05466866e+00 -1.23998925e-01  2.99026072e-01  4.53473930e+00
  2.99559397e+02] 4.546279009127242
[-2.97184321e+00  6.32708650e-02  2.39607972e-01  4.83881540e+00
  3.01258651e+02] 4.8451573443435505
[-3.00890442e+00 -1.09985877e-02 -2.21950854e-01  4.25290013e+00
  2.99169419e+02] 4.258701993241778
[-3.11278594e+00  1.87407047e-01 -2.81251391e-01  4.70160357e+00
  2.99858048e+02] 4.713735238228569
[-3.00559392e+00  2.66430670e-01  1.15237742e-01  3.96374448e+00
  2.97713692e+02] 3.9743597441517924
[-3.01474694e+00  2.39739191e-01 -2.17039306e-02  4.70382571e+00
  2.99847344e+02] 4.70998112666923
[-2.93822199e+00  4.34462878e-02  1.60027871e-01  4.38885803e+00
  2.98637306e+02] 4.391989451891038
[-3.04686516e+00  2.90635296e-01  1.31058717e-01  4.31461277e+00
  2.96649967e+02] 4.32637592566149
[-3.07092752e+00  1.59896120e-01 -1.13255729e-02  4.40860005e+00
  2.99197152e+02] 4.411513283906005
[-2.99139973e+00  1.40041781e-03  4.88374582e-02  4.34505221e+00
  2.99969953e+02] 4.3453268838402455
[-2.97231911e+00  1.10180781e-01  9.20210462e-02  4.38184639e+00
  2.98121850e+02] 4.384197241930398
[-2.95988467e+00 -1.14514351e-01  3.44886154e-02  4.64151065e+00
  3.00927612e+02] 4.643051166994557
[-2.95932847e+00  2.44650534e-01 -1.14677479e-01  4.36055503e+00
  2.97747310e+02] 4.368918059936272
[-3.01326918e+00 -3.34932337e-02 -1.59081593e-01  4.49655310e+00
  2.99235531e+02] 4.499490917826341
[-3.13666599e+00 -1.72814979e-01 -1.59608772e-01  4.51100984e+00
  3.00100829e+02] 4.517139552549449
[-3.07604835e+00 -9.01261404e-03  8.94089099e-02  4.66559183e+00
  3.01432454e+02] 4.666457149158573
[-3.05650171e+00 -3.01633033e-01 -5.63016761e-02  4.33075419e+00
  2.98284003e+02] 4.341610786356916
[-3.07599805e+00 -2.43203374e-01  2.97597052e-02  4.36548305e+00
  2.98431981e+02] 4.372353578007665
[-3.01555490e+00 -1.08003669e-01  2.98388654e-02  4.50144358e+00
  2.99083939e+02] 4.502837934696019
[-2.94928496e+00 -2.59819055e-01 -7.22971140e-02  4.36280509e+00
  3.00869611e+02] 4.371132694026086
[-3.11020872e+00 -1.13733335e-01  1.00758765e-01  4.60905283e+00
  3.00612888e+02] 4.61155674629765
[-2.98195598e+00  3.43270130e-01 -9.60965740e-03  4.44779153e+00
  3.00842498e+02] 4.461028607836171
[-3.12562770e+00  1.18533277e-02 -2.22121469e-01  4.73083731e+00
  2.99720981e+02] 4.736063781015554
[-3.09081594e+00 -1.67733865e-01  3.82375167e-02  4.28683619e+00
  2.96047709e+02] 4.2902868475740465
[-3.11319795e+00  8.23503853e-02  1.18412380e-01  4.52310425e+00
  2.97942989e+02] 4.525403313456781
[-3.10217943e+00  1.77080001e-01  5.19328589e-02  4.27751764e+00
  2.96208903e+02] 4.281496414929774
[-3.08759527e+00 -3.35182818e-01  2.53592186e-01  4.40534641e+00
  2.99817088e+02] 4.425351229031472
[-3.03223030e+00  2.93409963e-02  4.31443209e-02  4.29529346e+00
  2.98620079e+02] 4.295610345586676
[-2.98460292e+00  1.95896641e-01 -1.71907291e-01  4.55396268e+00
  3.00749310e+02] 4.561414663583175
[-3.04040423e+00 -1.49313886e-01 -1.57014119e-02  4.27776134e+00
  2.97764179e+02] 4.280395225596177
[-2.93306384e+00 -2.51600218e-01 -1.08500604e-01  4.17452594e+00
  2.98566141e+02] 4.183508316465659
[-2.99944380e+00 -3.89334622e-02 -1.97917340e-01  4.28291073e+00
  2.97474110e+02] 4.2876580334131
[-3.12830571e+00 -7.15786281e-02  1.41038754e-01  4.33001746e+00
  2.97561111e+02] 4.332905106927616
[-3.03755921e+00  1.65916124e-01  2.63975997e-01  4.49974467e+00
  2.97509782e+02] 4.510533627448066
[-3.01118136e+00 -3.61967688e-02 -9.69679163e-02  4.40615653e+00
  2.97904749e+02] 4.407372050733005
[-3.04269559e+00 -3.17987918e-02  8.16768896e-02  4.43003589e+00
  2.98725765e+02] 4.4309028691536465
[-3.03907016e+00  2.75027622e-01  1.32588957e-01  4.48533464e+00
  2.98484681e+02] 4.495714273071306
[-3.04527668e+00 -1.42284581e-01 -2.26654492e-01  4.28196245e+00
  2.97901633e+02] 4.290316957575638
[-3.05305725e+00 -1.52145458e-02 -1.95206471e-01  4.60218010e+00
  2.98019191e+02] 4.606343308739409
[-3.09306765e+00 -1.36746684e-01  1.46953814e-01  4.43939260e+00
  2.98634356e+02] 4.443928639363602
[-3.04560116e+00 -8.98411571e-02  2.28522613e-01  4.76327805e+00
  3.02579682e+02] 4.76960289449263
[-3.01426857e+00  4.11202747e-02 -1.07210314e-02  4.47489955e+00
  2.97380795e+02] 4.475101315942587
[-3.00240076e+00  3.23117569e-01  1.32328362e-01  4.52615194e+00
  2.98547110e+02] 4.539599890305366
[-3.08545258e+00 -1.70339892e-01  6.68126875e-02  4.85386016e+00
  3.00122038e+02] 4.857307692384857
[-3.10012627e+00 -2.54840795e-01 -1.50162213e-03  4.68521944e+00
  3.00266324e+02] 4.692145278889995
[-2.98032129e+00  1.33239455e-01 -3.08918723e-01  4.41105863e+00
  3.00425665e+02] 4.423869545788635
[-2.99063531e+00  9.92750133e-02  1.58692823e-01  4.46335577e+00
  2.99960193e+02] 4.46727922867497
[-2.97518166e+00  7.94668986e-02 -3.41963194e-02  4.70713169e+00
  3.03160378e+02] 4.70792662800694
[-2.96259182e+00  1.15343360e-01 -5.39843438e-02  4.48356324e+00
  3.01010149e+02] 4.485371526984904
[-3.11991089e+00  7.59336416e-02 -1.69864998e-01  4.61400878e+00
  2.99439437e+02] 4.617758879274844
[-3.05138119e+00  3.45810083e-02 -1.55346321e-01  4.56809314e+00
  2.99380576e+02] 4.570864604806494
[-3.14287153e+00 -7.48487405e-02 -9.55108228e-02  4.43852663e+00
  3.00720606e+02] 4.4401850526122795
[-3.11695183e+00 -7.88719488e-02 -6.37864891e-02  4.23710863e+00
  2.95114702e+02] 4.238322668149646
[-3.06659305e+00 -1.86515745e-01 -1.64338609e-01  4.40896918e+00
  2.99865419e+02] 4.4159715254631
[-2.97161155e+00  1.61973631e-01  2.48313653e-01  4.21703825e+00
  2.97475680e+02] 4.227446831164324
[-3.12035429e+00  1.14107294e-01  1.49227210e-02  4.81835009e+00
  2.99087524e+02] 4.819724140435789
[-3.01838924e+00 -1.48414287e-01 -3.24698469e-01  4.59532843e+00
  3.01966804e+02] 4.609175550310271
[-2.92601368e+00  5.93396403e-02 -8.62041089e-02  4.15782621e+00
  2.97245709e+02] 4.159143079461527
[-3.05260205e+00 -6.89573558e-02 -1.52238585e-01  4.49857920e+00
  3.00717651e+02] 4.501682628738116
[-3.08414409e+00  5.51822902e-02 -2.09745781e-01  4.59359168e+00
  3.00295600e+02] 4.598708833216143
[-2.96491610e+00 -1.62347182e-01  1.39367554e-01  4.21062333e+00
  2.96572726e+02] 4.216056064049603
[-3.01592019e+00 -3.41667524e-01 -1.36049624e-01  4.35384106e+00
  3.00186515e+02] 4.36934528069471
[-3.06329593e+00  1.02881637e-01  1.72913356e-01  4.81207956e+00
  2.99868803e+02] 4.816284183003302
[-3.03907113e+00  2.33523617e-01  3.27340244e-01  4.61759556e+00
  2.99730408e+02] 4.635069971054192
[-3.05157738e+00  1.71720224e-01 -1.90248401e-01  4.37464812e+00
  2.98058764e+02] 4.3821488433440425
[-3.00006212e+00 -3.69725307e-03 -1.88509158e-01  4.70716121e+00
  3.03011992e+02] 4.710935792904797
[-3.06731474e+00  2.26696587e-02 -3.06925376e-01  4.42107206e+00
  2.99136924e+02] 4.431771119803871
[-3.07620323e+00 -5.15503466e-02  1.77803900e-01  4.42360791e+00
  2.99776887e+02] 4.4274799390651385
[-3.11945445e+00 -5.64735803e-02 -2.06051743e-02  4.29515557e+00
  2.96624467e+02] 4.295576238804487
[-3.00986269e+00 -2.78335385e-01 -1.55839441e-01  4.11826234e+00
  2.97293759e+02] 4.130598164586662
[-3.03942636e+00 -2.53427770e-02  1.54082993e-01  4.30584117e+00
  2.98540047e+02] 4.308671717600457
[-3.02789941e+00 -8.43668945e-02 -3.48024409e-01  4.79100457e+00
  3.01686405e+02] 4.804369215993556
[-2.92517158e+00  1.78927675e-01 -1.33102090e-01  4.27112204e+00
  2.98168606e+02] 4.2769398783534225
[-3.02308249e+00 -7.31733827e-02  2.72136940e-01  4.27764006e+00
  2.96877932e+02] 4.2869123284615
[-2.94866998e+00  8.23134311e-02 -2.20353068e-01  4.43978094e+00
  2.98882601e+02] 4.44600784838924
[-3.07429381e+00  7.24462570e-02 -1.52532805e-01  4.22603769e+00
  2.99451421e+02] 4.229410043514948
[-3.05948219e+00  4.51372399e-02  6.55071798e-02  4.50548351e+00
  2.99888360e+02] 4.506185770156085
[-3.04769105e+00 -1.63527691e-01 -2.62931856e-01  4.71299812e+00
  2.98757135e+02] 4.723158453845203
[-3.04393911e+00  1.56658112e-01  1.92662461e-01  4.81741242e+00
  3.02088925e+02] 4.823807940113851
[-3.03877255e+00  2.65138593e-01 -1.76784907e-01  4.38154349e+00
  2.97621741e+02] 4.393116747968252
[-3.05910482e+00  5.64555219e-02  1.03435026e-01  4.29692778e+00
  2.97903591e+02] 4.298543285530836
[-3.05865550e+00 -3.12355501e-01 -1.26760731e-01  4.75550970e+00
  3.01079778e+02] 4.767442368585538
[-2.99143868e+00  1.05583737e-01  3.03779105e-02  4.09950651e+00
  2.97845741e+02] 4.1009784640597
[-3.04911294e+00  6.77654890e-02  8.31727330e-02  4.66092735e+00
  2.99124427e+02] 4.662161901233219
[-3.02287405e+00  1.12419288e-01 -4.76797669e-01  4.30350560e+00
  2.97762642e+02] 4.331297103610713
[-2.98721573e+00 -2.81466719e-01  2.74646154e-02  4.33630538e+00
  2.97713768e+02] 4.345517482812818
[-3.07996998e+00  2.37698038e-01  5.23169929e-02  4.45321937e+00
  2.99360533e+02] 4.459865485613375
[-3.08080551e+00  2.15792472e-01  3.02357860e-01  4.36135657e+00
  2.97197906e+02] 4.377147218101385
[-2.96223232e+00 -3.15188409e-01 -1.58097259e-01  4.32789908e+00
  3.00077077e+02] 4.342240080490872
[-3.05299552e+00  5.35641732e-02 -2.77773291e-01  4.25284018e+00
  2.96300188e+02] 4.262238460468267
[-3.00400149e+00  8.29037318e-02 -2.20929728e-01  4.33620142e+00
  2.99811829e+02] 4.342617385519905
[-3.04495689e+00  2.00966358e-02 -2.54783376e-02  4.28301200e+00
  2.98071749e+02] 4.283134926624061
[-3.05580166e+00  9.49676421e-02  6.53446381e-02  4.84140600e+00
  3.00072914e+02] 4.842778219098973
[-3.10869621e+00  2.33119789e-01 -1.73381920e-01  4.20275303e+00
  2.96581096e+02] 4.21278282359985
[-2.99602824e+00  2.89850993e-01  4.68131817e-02  4.24805643e+00
  3.00858681e+02] 4.258190755692033
[-3.14407022e+00  2.56067786e-01 -1.36582086e-02  4.45944598e+00
  2.98452229e+02] 4.466812703104553
[-3.09456395e+00 -1.30889166e-01  2.59893168e-01  4.51720399e+00
  2.98614848e+02] 4.526566951078125
[-3.01312580e+00 -8.90501604e-02  3.59911161e-01  4.70556906e+00
  3.01696001e+02] 4.720153194629906
[-3.10265743e+00 -1.02068272e-01 -5.46338800e-02  4.54928255e+00
  2.98096253e+02] 4.550755373467175
[-3.04210185e+00  5.22117934e-02 -2.01246281e-01  4.60250889e+00
  2.98151103e+02] 4.607202426219583
[-3.04157469e+00  1.87145428e-01 -1.21648187e-01  4.44914369e+00
  2.98406554e+02] 4.454739187870591
[-3.04320602e+00 -6.29046344e-02 -1.28615103e-01  4.44000344e+00
  2.98941674e+02] 4.442311262477394
[-3.02344753e+00  1.41991137e-01 -2.29890997e-01  4.47910684e+00
  2.97129896e+02] 4.487249652473797
[-3.00206959e+00  2.23710261e-01  1.92265503e-03  4.66040213e+00
  3.00484863e+02] 4.665768748501882
[-3.14797440e+00  2.12550653e-01 -1.46128671e-02  4.93987079e+00
  3.02540870e+02] 4.9444630348289715
[-3.00488408e+00 -2.03278519e-01 -8.01251454e-02  4.58741454e+00
  3.01204660e+02] 4.592615198982093
[-2.98387613e+00  3.46180323e-01  1.60545773e-01  4.39407155e+00
  2.99607144e+02] 4.410609996787294
[-3.00634854e+00  6.38591527e-02 -3.87724084e-02  4.14902211e+00
  2.97293526e+02] 4.14969466051504
[-3.00702305e+00 -2.16533400e-01  2.82432316e-01  4.53422813e+00
  2.97572058e+02] 4.5481731973962
[-3.04424927e+00  9.54430381e-02  5.82490891e-02  4.16211378e+00
  2.95653497e+02] 4.163615425381808
[-2.98720716e+00  2.41347784e-01 -2.33593194e-01  4.23638628e+00
  2.97908391e+02] 4.249680374088255
[-2.94915866e+00 -3.03093513e-01  2.49872288e-03  4.44620594e+00
  3.00723992e+02] 4.456525462429582
[-3.07647430e+00  2.97189732e-02  2.46414922e-01  4.37568248e+00
  2.98064711e+02] 4.382716134919271
[-2.95276421e+00  1.51893945e-01 -1.08002209e-02  4.35553799e+00
  3.00434495e+02] 4.358199120774499
[-3.03987725e+00 -9.98533235e-02  2.87783451e-02  4.36702517e+00
  2.97917938e+02] 4.368261410565584
[-3.17513524e+00 -2.43050126e-01  2.13567109e-02  4.48972798e+00
  2.97263712e+02] 4.496352609530991
[-3.09786469e+00 -2.62106520e-01 -3.77537682e-01  4.62232422e+00
  2.97958647e+02] 4.645117408030281
[-3.03089519e+00  9.36643177e-02 -2.87537159e-01  4.30486896e+00
  2.99881219e+02] 4.315477650189981
[-3.00816545e+00  2.51631331e-01  3.45624396e-01  4.41273112e+00
  2.98101403e+02] 4.43339265674824
[-3.07846404e+00 -1.33216185e-01 -3.43574537e-01  4.46139974e+00
  2.99500982e+02] 4.476592191370005
[-3.01914617e+00  4.61719728e-03  1.73796798e-01  4.03586869e+00
  2.98462535e+02] 4.039611700658145
[-3.05307138e+00  2.06499748e-01 -1.09575098e-01  4.40890127e+00
  2.99723825e+02] 4.415094482702846
[-3.07755107e+00  2.28784953e-01  1.43412835e-01  4.78155007e+00
  3.02921554e+02] 4.789168077082314
[-3.12607734e+00 -3.11895530e-01 -3.25572531e-02  4.63696731e+00
  2.99232229e+02] 4.647559001810016
[-3.09307968e+00 -3.18882866e-01  1.05736670e-01  4.48210452e+00
  2.97607099e+02] 4.4946776810996285
[-3.13075052e+00  9.83139411e-02 -4.12434104e-01  4.52487611e+00
  2.98842112e+02] 4.5446970531304824
[-3.05875587e+00 -2.39247533e-01  5.11963217e-02  4.57931298e+00
  3.02996095e+02] 4.585844281663929
[-2.96914579e+00 -2.70308787e-01 -1.30897859e-01  4.30262690e+00
  2.96864303e+02] 4.3130962552628205
[-3.08242024e+00  3.63059841e-02  7.23624439e-02  4.36105539e+00
  2.96372290e+02] 4.361806796936187
[-3.01957158e+00  1.63220521e-01 -6.07340125e-02  4.54054557e+00
  2.99603026e+02] 4.543884201121538
[-3.01729761e+00  1.06547354e-01 -3.73645484e-02  4.25263686e+00
  2.98411301e+02] 4.254135485871157
[-2.98591093e+00 -2.80787515e-02 -3.53333724e-01  4.39511757e+00
  2.99920371e+02] 4.409386759239633
[-2.97344201e+00 -3.77765275e-01 -1.13997801e-01  4.25159212e+00
  2.99488847e+02] 4.2698638922898065
[-3.03430048e+00  3.74128326e-01 -2.09940809e-01  4.69670145e+00
  3.00681010e+02] 4.7162539817819855
[-3.02674438e+00 -9.57348073e-02 -1.89802910e-01  4.64426983e+00
  2.99865942e+02] 4.649132456124475
[-3.06709405e+00  3.25047421e-01  2.97102020e-02  4.74753927e+00
  3.00244767e+02] 4.758746432085385
[-3.10187923e+00 -2.79849846e-01  9.66339632e-03  4.31910518e+00
  2.98944902e+02] 4.3281726929006465
[-3.01227383e+00 -1.64276267e-01 -1.28553168e-01  4.42652238e+00
  2.98686513e+02] 4.431434637421071
[-3.08397100e+00  3.35868532e-01  5.49038953e-02  4.63001055e+00
  2.99654346e+02] 4.642501462103476
[-3.08814217e+00 -2.27066007e-01  1.44407209e-01  4.52933306e+00
  2.97831876e+02] 4.537319739242924
[-3.13255822e+00 -1.41549788e-01 -1.72705523e-01  4.57773585e+00
  2.97193385e+02] 4.583178919489137
[-3.06996658e+00  1.18351777e-02 -2.47749380e-01  4.53124802e+00
  2.98355943e+02] 4.5380313442442235
[-3.13032347e+00 -1.14493517e-01 -2.81682770e-01  4.02725413e+00
  2.98467089e+02] 4.038716356044284
[-3.01145692e+00  3.29171160e-02 -3.34297332e-02  4.16818929e+00
  2.97641343e+02] 4.168453317343013
[-3.18960393e+00 -1.19426888e-01 -2.11556107e-02  4.25027317e+00
  2.96421604e+02] 4.252003333004671
[-3.01310486e+00 -2.67009680e-01 -2.28342671e-01  4.34071755e+00
  2.97891719e+02] 4.354912557302352
[-3.08295927e+00  1.80793801e-01 -1.00184914e-01  4.47045167e+00
  3.00424123e+02] 4.4752275450217285
[-2.97969383e+00  1.46718249e-01 -1.03894578e-01  4.11882289e+00
  2.97167604e+02] 4.122744512776825
[-3.05093698e+00  9.64084763e-02  6.26867347e-02  4.69830346e+00
  3.00273959e+02] 4.699710589603685
[-3.05366757e+00  6.27855941e-02 -3.02488332e-01  4.41746028e+00
  2.97996695e+02] 4.428249831625858
[-3.15607640e+00 -9.71185751e-02 -1.09924842e-01  3.99730987e+00
  2.94230788e+02] 4.000000213062166
[-3.05455807e+00 -3.61491067e-01 -2.70340590e-04  4.43306677e+00
  2.99949420e+02] 4.447781120083719
[-3.08597737e+00 -1.53363345e-01  4.15850699e-02  4.63413775e+00
  2.99086138e+02] 4.6368612586909475
[-2.92200720e+00  1.91065123e-01  1.93842361e-01  4.28602137e+00
  2.99192783e+02] 4.294654811725274
[-3.14123567e+00 -1.10321580e-01  2.01131006e-01  4.65867980e+00
  2.99079227e+02] 4.664324388465646
[-3.06402189e+00  1.78764158e-01 -2.85217241e-02  4.50375267e+00
  3.00029592e+02] 4.507389290389292
[-3.03587893e+00 -3.48741568e-03 -2.81864575e-01  4.21813545e+00
  2.98834416e+02] 4.227543782802024
[-3.05009229e+00  4.62222449e-02  1.18607412e-02  4.77169647e+00
  3.00756622e+02] 4.771935080644591
[-3.09739687e+00  9.07843727e-02 -2.19708691e-01  4.53134154e+00
  2.99723161e+02] 4.537573129254331
[-3.03716974e+00  1.95574044e-02  7.46837409e-02  4.40576251e+00
  2.98017721e+02] 4.406438865405085
[-2.97649944e+00 -7.08364113e-02 -1.88070674e-01  4.33404039e+00
  2.97954284e+02] 4.3386973255742225
[-3.09797859e+00  8.57836771e-02  1.24063782e-01  4.78691786e+00
  3.02252331e+02] 4.789293604704519
[-3.04616393e+00 -5.56357601e-02  1.06250580e-01  4.30890942e+00
  2.98176940e+02] 4.310578260637516
[-2.96358146e+00  3.31272898e-02  1.48317151e-01  4.45995486e+00
  3.01265869e+02] 4.462543305075597
[-3.02788660e+00  1.28922912e-01 -2.13005711e-01  4.43578477e+00
  2.99224093e+02] 4.44276705285317
[-3.03219471e+00  2.49149280e-01  1.53848071e-01  4.52639768e+00
  3.00048151e+02] 4.535859406978033
