/mnt/stage/douwei/Simulation/5kt_root/2MeV/5kt_+7.80.root
[-2.99906778e+00 -2.59752578e-01  5.22865412e-02  7.45025329e+00
  3.19317561e+02] 7.454963400018782
[-3.19655874e+00  2.83233576e-01  1.99963855e-01  8.05246173e+00
  3.21317989e+02] 8.059922253200718
[-3.06105845e+00 -2.17552496e-02 -5.98866809e-02  7.67265095e+00
  3.20948500e+02] 7.672915505372756
[-3.08424548e+00 -6.15125600e-02 -4.79788173e-02  7.93569003e+00
  3.22033318e+02] 7.936073465967034
[-3.25058576e+00 -3.08595385e-02  1.79013515e-01  7.95161321e+00
  3.21403912e+02] 7.9536878749583115
[-3.09107948e+00 -1.58068263e-01  1.02135576e-02  7.50873057e+00
  3.19045576e+02] 7.5104010944636785
[-3.15093711e+00 -1.75313497e-01 -1.83037160e-01  7.79238207e+00
  3.22222912e+02] 7.796502785556833
[-3.12355852e+00  1.81846112e-01  1.31370342e-01  7.74534402e+00
  3.20478933e+02] 7.748592144907575
[-3.20041909e+00  6.58924190e-02  7.12110405e-02  7.75444340e+00
  3.18723102e+02] 7.755050307169434
[-3.15866811e+00  1.60378342e-01 -7.20514310e-02  7.81610748e+00
  3.21474449e+02] 7.81808472593148
[-3.13882713e+00 -1.19762374e-01 -6.18362105e-02  7.98204983e+00
  3.22363553e+02] 7.983187727047495
[-3.12784783e+00  1.67238125e-01 -1.14583240e-01  7.55547898e+00
  3.20169555e+02] 7.558198236117883
[-3.12799313e+00 -4.63735791e-02  3.35200030e-01  7.79588447e+00
  3.22586270e+02] 7.80322524246613
[-3.05514138e+00  2.66491125e-03  1.97168065e-01  7.55014213e+00
  3.20689153e+02] 7.552716629746797
[-3.22013245e+00  1.52836465e-03  1.53759751e-01  7.86688495e+00
  3.22458448e+02] 7.8683875828219465
[-3.23828243e+00 -1.05675783e-01  3.88105454e-01  7.97639563e+00
  3.21539810e+02] 7.986531187415168
[-3.16040248e+00 -1.51551929e-01  3.82069973e-02  7.73958424e+00
  3.21806789e+02] 7.74116218365983
[-3.10057385e+00  2.24581693e-01  5.96221519e-02  7.88341787e+00
  3.22194118e+02] 7.886841510294895
[-3.15413177e+00  2.19018057e-01 -2.96261691e-01  8.29763999e+00
  3.25204397e+02] 8.305815387222738
[-3.06934018e+00 -2.68486225e-01  2.10573337e-02  7.97136761e+00
  3.21779974e+02] 7.975915610811634
[-3.18793433e+00  1.55752283e-02  4.05695525e-01  8.04291745e+00
  3.22668962e+02] 8.05315792559019
[-3.12351885e+00  2.01910327e-01 -1.22272514e-01  8.11643872e+00
  3.23908437e+02] 8.119870432277516
[-3.06518781e+00 -1.59092125e-02 -2.59882445e-03  7.81420533e+00
  3.22731177e+02] 7.814221954524643
[-3.19525607e+00  3.63588828e-02  1.02527362e-01  8.21335133e+00
  3.22839073e+02] 8.214071701613282
[-3.04560234e+00  1.77427276e-01 -1.53619817e-01  8.07067596e+00
  3.23616461e+02] 8.074087564534072
[-3.14855065e+00 -1.67146988e-01 -1.16139494e-01  7.86169376e+00
  3.21448299e+02] 7.864328024067473
[-3.19840787e+00  2.17075881e-01  2.67465732e-02  7.90555751e+00
  3.21879642e+02] 7.908582480912171
[-3.22615319e+00  9.69642007e-02  8.44234823e-02  8.24293235e+00
  3.19946665e+02] 8.24393492571556
[-3.09592459e+00  2.69746552e-02  4.18585019e-02  8.20923895e+00
  3.23696353e+02] 8.20938998095056
[-3.21933199e+00 -3.10350879e-01 -9.00503796e-02  7.61420141e+00
  3.17994699e+02] 7.621055689856896
[-3.17918580e+00  5.53469765e-02  7.55415173e-02  7.74732983e+00
  3.19159655e+02] 7.74789580078889
[-3.13544601e+00  2.61306754e-01 -4.59393506e-02  7.81887138e+00
  3.18475189e+02] 7.823371481103036
[-3.22782123e+00  1.96263559e-01 -7.40989687e-03  7.83031916e+00
  3.18743284e+02] 7.832781910050415
[-3.14885501e+00  1.80165465e-01  3.57324356e-01  7.63660685e+00
  3.18801118e+02] 7.647084703547411
[-3.13963928e+00  1.95633871e-01 -4.75774839e-02  7.96716336e+00
  3.20975397e+02] 7.969706909865201
[-3.21011924e+00  1.32996000e-01  2.33749483e-01  7.86960756e+00
  3.21592527e+02] 7.874201544617864
[-3.07283718e+00 -5.11813633e-02 -3.34912306e-02  7.72777413e+00
  3.22926271e+02] 7.728016186571576
[-3.11903370e+00 -1.78492151e-01 -4.38917495e-01  7.86741432e+00
  3.19169275e+02] 7.8816696308781395
[-3.11268233e+00  8.58422167e-02  2.13070132e-01  7.84711348e+00
  3.21851575e+02] 7.850475003285903
[-3.21492118e+00  1.74477751e-01 -1.41149212e-01  8.08107338e+00
  3.21923042e+02] 8.084189043279606
[-3.14384576e+00 -5.35496026e-02  1.72624444e-01  7.70675346e+00
  3.20205828e+02] 7.708872522950045
[-3.12100835e+00  3.58557638e-02  3.97642177e-02  7.95228024e+00
  3.21212811e+02] 7.952460492767029
[-3.13331939e+00 -7.79481502e-02  7.52739705e-02  7.91531140e+00
  3.19901662e+02] 7.916053097978024
[-3.15178692e+00  2.65363417e-01  8.44881489e-02  7.87495150e+00
  3.22099378e+02] 7.879874181426364
[-3.20512743e+00  3.77601947e-01  2.07950825e-01  7.80108493e+00
  3.21602865e+02] 7.8129861688130555
[-3.19676089e+00 -6.55525990e-02 -3.49725673e-01  7.75308261e+00
  3.21651174e+02] 7.761243143931634
[-3.11028711e+00  2.66885991e-01 -6.21789601e-02  8.04580029e+00
  3.23808608e+02] 8.050465619340516
[-3.18642682e+00 -1.39026298e-01  3.64066531e-02  8.17878140e+00
  3.23380977e+02] 8.180043944456063
[-3.11547155e+00 -2.60428260e-02 -1.50854136e-01  7.99843311e+00
  3.22470713e+02] 7.999897965078226
[-3.23173233e+00 -1.90629856e-01  2.45572041e-02  8.15961049e+00
  3.24107473e+02] 8.161873934406648
[-3.12872021e+00 -5.18209726e-02 -4.42398933e-01  8.07950332e+00
  3.23741119e+02] 8.09177212098096
[-3.10958573e+00 -3.69081239e-01  7.86645398e-02  7.80331817e+00
  3.19597129e+02] 7.8124377493213775
[-3.09735677e+00  2.63765788e-01 -1.10933651e-01  7.53579269e+00
  3.19597735e+02] 7.541223389146592
[-3.17529907e+00  1.19527048e-01 -2.56757772e-01  7.79530086e+00
  3.21966133e+02] 7.800444014089287
[-3.17401624e+00  9.58177800e-02  1.23035144e-01  7.78309748e+00
  3.21090025e+02] 7.784659598550788
[-3.19406357e+00  6.74931350e-02 -4.70040382e-02  8.07841689e+00
  3.21994328e+02] 8.078835565141235
[-3.12515701e+00  1.66780862e-01 -1.60883140e-01  7.90648056e+00
  3.20726400e+02] 7.909875729874183
[-3.21127730e+00 -5.01874190e-03  3.27084950e-01  8.30303543e+00
  3.24947031e+02] 8.309476943370251
[-3.07705512e+00  6.47236801e-02 -6.82101919e-02  7.82495226e+00
  3.23910787e+02] 7.825517214740058
[-3.16443714e+00 -1.12199001e-01 -2.41347303e-01  7.66116826e+00
  3.19306922e+02] 7.665789992136389
[-3.19498493e+00  2.87320220e-02  4.79177291e-02  7.71319968e+00
  3.17383698e+02] 7.713402035176269
[-3.10123655e+00  1.60632926e-01 -4.65321001e-02  7.84725864e+00
  3.22135605e+02] 7.8490404725688805
[-3.05960675e+00 -7.52795386e-02 -1.66257135e-02  7.81207254e+00
  3.24193690e+02] 7.812452928758437
[-3.16882713e+00  3.51930377e-01  1.09604237e-01  7.93434205e+00
  3.22105978e+02] 7.942899462667553
[-3.16617761e+00 -1.78309366e-02  1.14436385e-01  7.93404671e+00
  3.19128368e+02] 7.934891987887827
[-3.03336712e+00 -2.16452350e-01 -2.91307114e-02  7.45943108e+00
  3.18495010e+02] 7.462627706607359
[-3.09015089e+00  7.60067426e-02 -2.03955628e-01  8.22377845e+00
  3.24635729e+02] 8.226658309528185
[-3.30732937e+00  7.14922379e-02  5.70004683e-02  8.29377848e+00
  3.19642917e+02] 8.294282465740336
[-3.11972517e+00  8.86678817e-02 -2.51073663e-01  7.93241395e+00
  3.20844168e+02] 7.936881694485733
[-3.17708819e+00 -3.03686177e-01  8.93127894e-03  7.86632530e+00
  3.20618450e+02] 7.87219021269764
[-3.27591531e+00 -2.68423845e-02  4.68938320e-03  7.80558785e+00
  3.19527512e+02] 7.80563541670794
[-3.13851936e+00 -1.44713675e-02  3.90540762e-02  8.23226750e+00
  3.23345001e+02] 8.232372852730874
[-3.11790407e+00  1.90327246e-01 -6.18376462e-02  7.74766934e+00
  3.24212752e+02] 7.7502534512847685
[-3.20399250e+00 -1.20116586e-01 -5.47185385e-02  7.64129614e+00
  3.18910780e+02] 7.642436047972933
[-3.12637243e+00  3.03622834e-01  2.38518463e-02  7.94229521e+00
  3.21697992e+02] 7.948132416834849
[-3.12408745e+00  6.52291735e-02 -7.65552681e-02  8.05813965e+00
  3.23115910e+02] 8.058767290461942
[-3.09495810e+00  3.66374338e-02 -2.60412545e-01  7.57861661e+00
  3.20411013e+02] 7.583177874193272
[-3.14357864e+00 -3.45268966e-02  4.03727861e-01  7.64542528e+00
  3.21197916e+02] 7.6561554278831085
[-3.19894342e+00  1.48001325e-01  3.55406758e-02  8.08731905e+00
  3.23424421e+02] 8.088751264532446
[-3.15157907e+00  1.58078221e-01  6.91441601e-02  7.94739798e+00
  3.19854669e+02] 7.949270681566939
[-3.14245576e+00 -1.15336311e-01  1.56103972e-02  7.81266767e+00
  3.20999172e+02] 7.813534559654733
[-3.21139988e+00 -2.45207849e-02  2.04539228e-01  7.98876239e+00
  3.22272572e+02] 7.991418026330372
[-3.16467611e+00  1.19447012e-01  1.57483584e-01  7.53841656e+00
  3.19342850e+02] 7.541007421021062
[-3.14751365e+00 -9.82867288e-02  4.05110351e-01  7.66896322e+00
  3.19778967e+02] 7.68028460327689
[-3.12790474e+00 -1.05521496e-01  2.27432610e-01  7.84547949e+00
  3.20014692e+02] 7.849484616924245
[-3.15167702e+00  1.33182604e-01 -2.56564988e-01  7.94516959e+00
  3.22589901e+02] 7.95042659009409
[-3.10897016e+00 -1.80902435e-01 -4.68968302e-02  8.03223503e+00
  3.23531075e+02] 8.034408789642805
[-3.10864873e+00 -5.02952905e-02  1.12120557e-01  7.75306211e+00
  3.22797032e+02] 7.754035897826856
[-3.12966937e+00  1.42163070e-01  2.36769579e-01  7.98353296e+00
  3.20500530e+02] 7.988308248257111
[-3.11325728e+00 -8.57490140e-02  1.25859492e-01  7.92570280e+00
  3.21851677e+02] 7.9271658527715685
[-3.20825996e+00 -3.30020795e-03 -3.56782603e-01  8.09511997e+00
  3.21904814e+02] 8.102979211000019
[-3.10362604e+00 -1.74398470e-02 -4.01260763e-02  7.94689558e+00
  3.21319309e+02] 7.947016014676171
[-3.08776871e+00 -3.04508818e-02  3.42250343e-02  7.49245410e+00
  3.19763500e+02] 7.492594145211859
[-3.16255128e+00  3.76981506e-01 -1.32327852e-01  7.92885880e+00
  3.21610598e+02] 7.938918538992046
[-3.20560093e+00  6.88735353e-02  4.66216150e-01  7.85594610e+00
  3.20175407e+02] 7.870069261131183
[-3.18615119e+00  1.33223637e-01 -2.70547040e-01  7.72655300e+00
  3.19423055e+02] 7.732435931789764
[-3.09115508e+00 -3.66830716e-01  8.59074041e-02  7.50166594e+00
  3.18588655e+02] 7.511120872634683
[-3.12448396e+00  1.71804867e-01 -1.18984405e-01  7.92240000e+00
  3.22884483e+02] 7.925155897311434
[-3.05246988e+00 -1.59611768e-01 -1.52340045e-01  7.76557428e+00
  3.20442762e+02] 7.768708217960738
[-3.11264562e+00 -3.77707209e-02 -8.45444713e-02  8.03338119e+00
  3.24060771e+02] 8.033914847102903
[-3.11237219e+00  2.81084267e-01 -2.29193190e-02  7.77134761e+00
  3.21945959e+02] 7.776463032844187
[-3.07913555e+00  2.09008740e-01  1.37166752e-02  7.73456662e+00
  3.21954400e+02] 7.737402255899924
[-3.13835338e+00 -1.39401291e-01  8.55368658e-02  7.80945548e+00
  3.21765363e+02] 7.811167917076939
[-3.09823119e+00  1.30563254e-01  1.04891657e-01  7.87924794e+00
  3.23431985e+02] 7.8810276740638265
[-3.10800987e+00 -2.30286913e-01 -2.00498519e-01  7.76367430e+00
  3.19741009e+02] 7.769676338855039
[-3.16517366e+00 -1.23214102e-01  5.49731444e-02  7.59745159e+00
  3.18848562e+02] 7.5986495125730205
[-3.08484757e+00  1.52988512e-01 -3.87657021e-01  7.84217803e+00
  3.22295990e+02] 7.853243895859241
[-3.12487157e+00 -1.00293510e-02 -2.39323584e-01  7.99585006e+00
  3.22729045e+02] 7.9994371374768924
[-3.26987993e+00  2.04193319e-01 -2.11518488e-01  8.28473292e+00
  3.22212064e+02] 8.28994780410794
[-3.12438664e+00 -1.84610025e-01  1.40651280e-01  7.89715446e+00
  3.21597089e+02] 7.900564042721929
[-3.11973013e+00  2.09381975e-01  2.48133653e-02  7.50239310e+00
  3.18861623e+02] 7.505355337496106
[-3.22669144e+00 -4.31542488e-02 -2.35672178e-01  7.97071671e+00
  3.24093111e+02] 7.974316808767058
[-3.13940875e+00  1.58070026e-01 -2.35630043e-01  8.17009947e+00
  3.24300805e+02] 8.175024951633096
[-3.21676810e+00 -2.77863484e-01 -1.05495340e-01  8.00060293e+00
  3.22201389e+02] 8.006121700954266
[-3.14092227e+00 -2.87891972e-01  9.99915647e-02  8.02605711e+00
  3.24255991e+02] 8.031841184507407
[-3.12811221e+00 -2.97995664e-02  3.44603124e-01  7.89193249e+00
  3.23630282e+02] 7.899508698794967
[-3.20189757e+00 -4.41810063e-03  3.01419682e-02  7.95115053e+00
  3.17514636e+02] 7.951208893079177
[-3.19775787e+00 -4.19917635e-01 -1.14821564e-01  8.03769675e+00
  3.24034407e+02] 8.049477240618902
[-3.15645954e+00  1.44851467e-01 -1.90454833e-01  7.90931585e+00
  3.21475463e+02] 7.912934488820844
[-3.14238069e+00 -1.47011214e-01  5.74940157e-02  7.83511701e+00
  3.19718046e+02] 7.836706990178501
[-3.19176181e+00 -3.24147276e-01  2.64146526e-01  7.94121429e+00
  3.23231059e+02] 7.952215363092715
[-3.11215847e+00  2.20842571e-01 -3.45547012e-02  7.74718676e+00
  3.20861319e+02] 7.750410835116306
[-3.17177263e+00  2.05366915e-01  1.19113784e-01  7.82823778e+00
  3.20868965e+02] 7.831836971484779
[-3.03925517e+00  3.31686224e-01 -6.95024935e-02  7.94777185e+00
  3.20012279e+02] 7.954993631671824
[-3.06494780e+00 -2.67060371e-02 -2.76312500e-01  7.76138999e+00
  3.21002261e+02] 7.766352839593083
[-3.12275418e+00  3.16335338e-01 -6.61495570e-02  7.82693863e+00
  3.20166012e+02] 7.8336078593600345
[-3.14468744e+00 -3.98800852e-01  9.73320474e-03  8.27388936e+00
  3.23988725e+02] 8.283500593167142
[-3.20259252e+00  2.59299367e-01 -1.62379635e-01  7.74989409e+00
  3.20028780e+02] 7.755930747153075
[-3.16252906e+00 -2.87109363e-01  1.08871122e-01  7.81054016e+00
  3.20545432e+02] 7.816573562171121
[-3.11343708e+00  1.34459505e-01 -2.67485839e-01  8.23878942e+00
  3.24946509e+02] 8.244227020636705
[-3.07511775e+00 -4.40745859e-02 -1.19514240e-02  7.64110949e+00
  3.20669561e+02] 7.641245945027618
[-3.18931168e+00  2.15369416e-01 -8.65171267e-02  8.23507408e+00
  3.22960557e+02] 8.238344152592333
[-3.11570055e+00  1.66069046e-01  2.80490464e-01  7.71590837e+00
  3.19932231e+02] 7.722790676015717
[-3.16559016e+00  7.76715840e-02  1.60433567e-01  7.75346364e+00
  3.21274205e+02] 7.7555122480161005
[-3.14763568e+00 -2.90314650e-01 -1.70118539e-01  7.94157489e+00
  3.23613002e+02] 7.948700183260398
[-3.10442380e+00  8.34318700e-03  1.26036418e-01  7.81796033e+00
  3.22831127e+02] 7.818980658273438
[-3.09391963e+00 -1.48705313e-01 -1.07548812e-01  8.00699473e+00
  3.21797425e+02] 8.009097612301286
[-3.13397312e+00 -1.27555077e-01  8.60399818e-02  7.77993110e+00
  3.21435062e+02] 7.781452375134975
[-3.20265830e+00  3.61964204e-01 -2.76577144e-01  7.76911153e+00
  3.18003157e+02] 7.782455071342484
[-3.15113793e+00  1.60459438e-01  2.63451721e-01  7.91394329e+00
  3.22364311e+02] 7.919952804234531
[-3.08862799e+00 -1.37750051e-01 -2.46490832e-01  8.09482453e+00
  3.24496045e+02] 8.099747956202794
[-3.13155260e+00  2.73284596e-01 -1.16258620e-01  7.91238397e+00
  3.22976155e+02] 7.917955583359323
[-3.13420324e+00 -2.05302195e-01  2.07531898e-01  7.65694483e+00
  3.19711525e+02] 7.662507593758055
[-3.12972998e+00 -3.68329514e-02  2.47005147e-01  7.86844125e+00
  3.23332829e+02] 7.872403440440348
[-3.09380894e+00  5.03208318e-02 -9.21530277e-02  8.18331300e+00
  3.26207832e+02] 8.1839865623205
[-3.18820725e+00  6.89991123e-02  1.05272984e-02  7.70624442e+00
  3.19293125e+02] 7.706560499533361
[-3.11035650e+00 -2.78930374e-01 -1.29089023e-01  7.97744917e+00
  3.22238923e+02] 7.983367795007591
[-3.15572154e+00 -1.15869865e-01 -6.65726238e-02  8.06970979e+00
  3.23220650e+02] 8.070816184339957
[-3.08846731e+00  9.64201110e-02  6.75131775e-02  7.64349422e+00
  3.20529975e+02] 7.6444004810183275
[-3.11560240e+00 -9.74033711e-02  1.30359741e-01  7.90792294e+00
  3.22286016e+02] 7.909597102322761
[-3.08417494e+00 -8.11660168e-02 -1.63806773e-01  7.63564465e+00
  3.19133944e+02] 7.637832792152251
[-3.20877942e+00 -7.32934054e-02  7.71002921e-02  8.15763928e+00
  3.24729165e+02] 8.158332857323405
[-3.12911073e+00 -2.54932743e-01  2.33469347e-01  8.17985363e+00
  3.24395764e+02] 8.187154821662732
[-3.09937985e+00 -4.16141682e-02 -8.34307185e-02  7.96271260e+00
  3.23452159e+02] 7.963258398603828
[-3.05277457e+00  1.46441545e-01 -2.62503478e-02  7.70421121e+00
  3.19341875e+02] 7.705647581106567
[-3.11273312e+00  1.29019837e-01 -7.20625697e-02  7.80303628e+00
  3.21396273e+02] 7.8044355577842675
[-3.20480584e+00  1.65955395e-01 -2.10881899e-01  7.93200437e+00
  3.21844347e+02] 7.93654242235611
[-3.02744710e+00 -5.87219603e-02 -7.00211689e-02  7.67892644e+00
  3.21017125e+02] 7.6794701933783385
[-3.02154989e+00  3.70174490e-01 -2.38246569e-03  7.68475091e+00
  3.22451200e+02] 7.693661768783863
[-3.14454136e+00  5.75440557e-02  7.80678388e-02  8.14462556e+00
  3.24456023e+02] 8.145202966386044
[-3.08737856e+00 -3.75477038e-01 -5.00065751e-02  7.98739152e+00
  3.23560841e+02] 7.996368364498462
[-3.15628118e+00 -5.79915271e-02  3.51550870e-02  7.86205276e+00
  3.19455219e+02] 7.8623452338510695
[-3.03493012e+00  1.15198988e-01  2.44301138e-01  7.91863532e+00
  3.22474417e+02] 7.923240445154881
[-3.19319772e+00 -2.29520979e-01  4.43640675e-02  8.16191420e+00
  3.24282205e+02] 8.165261263342568
[-3.06437609e+00  1.24312518e-01 -1.45876279e-01  7.73477960e+00
  3.20578435e+02] 7.737153804939272
[-3.14990618e+00  1.34182950e-01  3.11960128e-01  7.87351082e+00
  3.20484919e+02] 7.880830968413116
[-3.16811146e+00  2.17075682e-01  7.50656989e-02  7.83283669e+00
  3.19899421e+02] 7.8362036274304785
[-3.12624025e+00 -1.13699150e-01  4.72602174e-04  7.78089322e+00
  3.22229321e+02] 7.781723907958776
[-3.13942029e+00 -3.88495006e-02  9.75783103e-02  7.84761225e+00
  3.22710414e+02] 7.8483150336203025
[-3.12854107e+00 -7.85666629e-02  1.21879122e-01  7.61480155e+00
  3.18384949e+02] 7.616182108523932
[-3.10607274e+00 -9.17075229e-03  4.24989329e-03  7.79282046e+00
  3.21571811e+02] 7.792827013736704
[-3.03275641e+00 -7.32294917e-02 -1.58726250e-01  7.89470499e+00
  3.19314752e+02] 7.896640007396122
[-3.21303768e+00  4.77848176e-02  4.84344536e-01  7.86926783e+00
  3.21623487e+02] 7.884303977308948
[-3.14633635e+00  5.13256034e-02 -1.97590695e-01  7.71245421e+00
  3.19245129e+02] 7.715155630591109
[-3.10201554e+00  1.79248234e-01  1.69220356e-01  7.52341106e+00
  3.17331950e+02] 7.527448402568358
[-3.13414864e+00  1.18769817e-01  1.66060582e-01  8.15477425e+00
  3.22387015e+02] 8.157329550030152
[-3.14494361e+00  1.67199807e-01  6.30022124e-03  7.84235748e+00
  3.22501934e+02] 7.8441421654731345
[-3.12728730e+00  1.58187640e-02  1.80248961e-01  7.81627737e+00
  3.21501170e+02] 7.818371436681748
[-3.13833257e+00  1.30774463e-01 -1.04010643e-02  7.95240709e+00
  3.21741504e+02] 7.953489092291575
[-3.12929823e+00  1.79068597e-01 -1.75986328e-01  7.49709609e+00
  3.20606215e+02] 7.501298993124707
[-3.04735215e+00 -6.23551254e-02 -9.25309662e-02  8.13641258e+00
  3.24190542e+02] 8.137177632174112
[-3.11464336e+00  2.12052759e-02 -2.28598723e-01  8.12238772e+00
  3.23669785e+02] 8.125631630163864
[-3.18786419e+00  1.05481261e-01 -2.90329851e-01  8.19150156e+00
  3.24461179e+02] 8.197323678533671
[-3.18510752e+00  1.45338492e-02 -1.89558264e-02  7.92080724e+00
  3.18887159e+02] 7.920843257369869
[ -3.13789957  -0.32932514  -0.3252633    7.81575356 320.68216585] 7.829447937147614
[-3.07130936e+00 -5.64777592e-02  1.13013945e-01  7.73087236e+00
  3.21151796e+02] 7.7319046401579925
[-3.14478156e+00  1.28794376e-01  2.05606115e-01  7.71665471e+00
  3.20039113e+02] 7.7204677220981965
[-3.05161537e+00 -5.42705693e-02 -1.89990484e-01  7.68855230e+00
  3.20200878e+02] 7.691090825686239
[-3.12956317e+00 -4.27436361e-04 -2.67204321e-02  7.86999645e+00
  3.21507363e+02] 7.870041824707391
[-3.10681952e+00  2.55062976e-01 -5.66555567e-02  8.18262673e+00
  3.24176308e+02] 8.186797122971956
[-3.16813741e+00 -1.07373917e-01  1.37464229e-01  7.83480208e+00
  3.20476973e+02] 7.83674353262521
[-3.15475666e+00  1.93330248e-01 -4.95136027e-02  7.79218407e+00
  3.20874303e+02] 7.794739302188476
[-3.16462464e+00 -2.25608961e-01 -9.28848929e-02  7.96062678e+00
  3.21762248e+02] 7.9643647427591056
[-3.13374673e+00 -1.21847189e-01 -2.46095006e-01  8.03314465e+00
  3.21782253e+02] 8.037836921751119
[-3.09510049e+00  1.40364931e-01 -7.67577948e-02  7.88658139e+00
  3.22640365e+02] 7.88820385497579
[-3.12323220e+00  1.73512599e-01  6.48436552e-02  7.71828595e+00
  3.20596105e+02] 7.7205083605083225
[-3.06897085e+00 -4.40169786e-01 -1.53054977e-01  7.95728559e+00
  3.20077191e+02] 7.970920221268874
[-3.08580980e+00 -1.66268060e-01  1.09045171e-01  8.15059407e+00
  3.25522743e+02] 8.15301904478683
[-3.17059454e+00  1.40944497e-01 -1.19932057e-01  7.63875022e+00
  3.19246808e+02] 7.6409916835519285
[-3.19652881e+00  1.38138320e-01  5.56204322e-02  7.70532329e+00
  3.20284400e+02] 7.706762148275041
[-3.10875874e+00 -2.25754250e-01 -1.48279893e-01  7.63152783e+00
  3.20262307e+02] 7.6363059727385005
[-3.11245637e+00  3.34253159e-02  1.58358736e-01  7.72856183e+00
  3.21238043e+02] 7.730256311771081
[-3.12435988e+00 -8.40809332e-02  1.93320951e-01  7.65913003e+00
  3.19449959e+02] 7.662030765065552
[-3.14649747e+00 -8.79423454e-03 -9.49402080e-02  8.28204713e+00
  3.23184635e+02] 8.28259594374304
[-3.18739548e+00  2.59621062e-01 -1.56873205e-01  7.69044069e+00
  3.18316148e+02] 7.696420615016961
[-3.19147985e+00 -1.89363607e-01 -4.31857112e-02  7.89670237e+00
  3.22532032e+02] 7.899090577001683
[-3.12061334e+00 -1.87220166e-02 -1.45327236e-01  7.63806168e+00
  3.22654382e+02] 7.639467042641065
[-3.20053713e+00  8.94410075e-02  2.93328098e-01  8.00353526e+00
  3.20380764e+02] 8.009408072543835
[-3.15760758e+00  3.26743228e-01 -1.26835750e-01  7.62296697e+00
  3.19364460e+02] 7.6310204958940915
[-3.15982242e+00 -2.28860601e-01  7.04621645e-02  8.27889104e+00
  3.25701740e+02] 8.2823534623841
[-3.25444740e+00 -2.30069573e-01 -1.59850393e-01  7.99576424e+00
  3.22005017e+02] 8.000670592579779
[-3.14180534e+00 -2.18486351e-01 -6.15202355e-02  7.72902379e+00
  3.20291863e+02] 7.732356027968824
[-3.18616479e+00 -2.13746514e-01  2.00084379e-01  7.77786993e+00
  3.20777234e+02] 7.783378573858139
[-3.21130391e+00 -1.21091504e-01  3.17334564e-01  7.72580243e+00
  3.19236217e+02] 7.733265003192132
[-3.19494400e+00  3.48913551e-02  2.75843038e-01  8.03546671e+00
  3.21579667e+02] 8.040275617863179
[-3.08207423e+00 -1.20045008e-01 -2.43447401e-01  7.65349873e+00
  3.21315006e+02] 7.658310530922692
[-3.13844774e+00 -2.05915623e-01  2.13740817e-01  7.80660223e+00
  3.19399858e+02] 7.8122419770633424
[-3.24963910e+00  1.99448846e-01 -1.16511604e-04  8.24864868e+00
  3.23118189e+02] 8.251059619165357
[-3.15202379e+00  1.49567211e-01 -2.12644834e-01  8.11530727e+00
  3.22095694e+02] 8.119470439247404
[-3.20133352e+00  2.10926898e-01  2.19005079e-01  7.73447190e+00
  3.19461972e+02] 7.7404463050681205
[-3.12098502e+00  1.28719061e-01  1.38580925e-02  7.56964159e+00
  3.21417643e+02] 7.5707486078183
[-3.17146718e+00  2.50323059e-01  4.58473040e-01  7.58240176e+00
  3.19956939e+02] 7.60037338911071
[-3.13359974e+00  1.41981538e-01  2.07894989e-01  8.05518342e+00
  3.24883441e+02] 8.059116514350867
[-3.14912626e+00 -2.76659257e-02 -7.36458639e-02  7.77394084e+00
  3.19541281e+02] 7.774338902530833
[-3.18425060e+00  6.91471257e-02 -2.31132954e-01  7.75602427e+00
  3.19222240e+02] 7.759775532146275
[-3.10598627e+00 -1.97100045e-01 -1.64262917e-01  8.08400542e+00
  3.23866802e+02] 8.088076059419837
[-3.16095859e+00 -1.26073378e-01  2.10826895e-01  7.64372839e+00
  3.19582570e+02] 7.647674555065829
[-3.11844559e+00 -2.54971377e-02  2.05860411e-01  7.80153079e+00
  3.20989910e+02] 7.804288008293076
[-3.06037764e+00  3.92091445e-01 -7.45739657e-02  7.60804037e+00
  3.19952172e+02] 7.618502168974377
[-3.05573812e+00 -6.43958369e-02  2.63493938e-01  8.14956967e+00
  3.26843567e+02] 8.154082512861784
[-3.18176777e+00 -1.43582220e-01  9.20255223e-02  7.97676232e+00
  3.22270613e+02] 7.978585195780213
[-3.19091566e+00  1.62345266e-01 -7.66589180e-02  7.83996690e+00
  3.20749912e+02] 7.842022292568353
[-3.07698219e+00 -2.14716012e-02  3.17711463e-02  7.71064047e+00
  3.23135925e+02] 7.710735822978918
[-3.12088505e+00 -2.33101679e-01 -2.16097138e-01  7.78048037e+00
  3.21954445e+02] 7.7869704716477575
[-3.18301988e+00  5.44983644e-01  5.63744811e-02  8.02361204e+00
  3.23275294e+02] 8.042296649918358
[-3.12916980e+00  9.01735887e-02  1.71333212e-01  7.93336799e+00
  3.24311469e+02] 7.935730209247154
[-3.10154257e+00 -4.54812721e-02  2.53736165e-01  7.70869914e+00
  3.20710807e+02] 7.713008043111067
[-3.12011108e+00 -2.29796034e-02 -1.43789375e-01  7.96323431e+00
  3.24930571e+02] 7.964565532528286
[-3.21871488e+00  9.06364191e-02  1.58562140e-01  8.10304395e+00
  3.23364989e+02] 8.105101988611194
[-3.17966369e+00  9.69504689e-03 -7.68813444e-02  7.75376430e+00
  3.19361674e+02] 7.754151506119886
[-3.13151667e+00  1.52799378e-01  8.64664076e-02  7.84494993e+00
  3.23288359e+02] 7.846914263284229
[-3.11991301e+00 -2.31002833e-01 -1.38748583e-01  7.50285816e+00
  3.18395925e+02] 7.507695656024784
[-3.09331796e+00 -1.29874363e-01 -1.14411884e-01  7.95513554e+00
  3.20430306e+02] 7.957018214022364
[-3.11023214e+00 -1.79258489e-01 -2.21046381e-02  7.91104150e+00
  3.23901562e+02] 7.913103046771039
[-3.11000112e+00 -1.91066320e-01 -1.10905889e-01  7.72024558e+00
  3.19152368e+02] 7.723405870308977
[-3.24836068e+00 -1.51163751e-01  1.05045453e-01  7.95110826e+00
  3.18741616e+02] 7.953238815985612
[-3.12228915e+00 -1.65882760e-01 -1.36616189e-01  7.75376039e+00
  3.20312416e+02] 7.7567377939877575
[-3.09936189e+00 -4.82183922e-02  2.13525191e-01  7.63542358e+00
  3.21249640e+02] 7.6385608140626955
[ -3.16983815  -0.36416023  -0.46565961   7.76034623 321.96845888] 7.782828861857111
[-3.18542294e+00  6.16328094e-02  4.89830851e-02  7.99803606e+00
  3.21298120e+02] 7.99842351397469
[-3.14790566e+00  2.84191104e-02  1.61064880e-01  7.90269003e+00
  3.20405203e+02] 7.904382276488706
[-3.12228993e+00 -2.48708509e-01 -9.01961812e-02  7.77609231e+00
  3.20037412e+02] 7.780591423136068
[-3.07686259e+00  1.75600277e-01 -6.54559680e-02  7.77556050e+00
  3.22317640e+02] 7.777818527751868
[-3.09245659e+00 -1.14441499e-02  1.80357741e-01  7.50147402e+00
  3.20529519e+02] 7.503650603402513
[-3.19797130e+00  2.24190736e-02 -7.70955813e-03  7.85270415e+00
  3.19085679e+02] 7.852739933050851
[-3.11727634e+00  1.56147475e-01 -1.43563216e-02  7.85874764e+00
  3.23042652e+02] 7.860311863751648
[-3.04246527e+00 -2.22176686e-01  1.11997711e-01  7.57252593e+00
  3.20639805e+02] 7.576612369299887
[-3.18369711e+00 -3.35600796e-01  2.95821980e-01  7.76542388e+00
  3.18885548e+02] 7.778299727321843
[-3.20799313e+00 -1.58568917e-01  2.47171235e-01  7.99477484e+00
  3.22272249e+02] 8.000166400003593
[-3.13718642e+00  2.62090178e-01 -2.02535777e-01  8.00295763e+00
  3.25559438e+02] 8.009809162720336
[-3.13787392e+00  1.14111861e-01 -4.23808934e-01  7.86492290e+00
  3.19511116e+02] 7.877159883330058
[-3.18273933e+00 -3.73435594e-02  4.41459000e-01  8.17113598e+00
  3.20712971e+02] 8.183137770480235
[-3.16794965e+00 -6.19054387e-02 -1.21809653e-01  7.70838265e+00
  3.20319366e+02] 7.709593564346072
[-3.16532436e+00 -1.86383993e-01  2.33639779e-01  7.91874557e+00
  3.23994320e+02] 7.924383760193416
[-3.15732019e+00  4.19575543e-03  5.93335703e-03  7.65260177e+00
  3.20246190e+02] 7.652605216937874
[-3.13627989e+00 -2.37376204e-02  6.61621001e-02  7.85732933e+00
  3.19960570e+02] 7.857643735041277
[-3.22205834e+00 -1.28598637e-01 -7.68111115e-02  7.70730388e+00
  3.19479342e+02] 7.708759343056704
[-3.20752891e+00  1.52554897e-02  6.24459311e-02  8.11836374e+00
  3.22276935e+02] 8.118618230631487
[-3.04730372e+00 -1.40842267e-01  9.00337226e-02  7.45161816e+00
  3.18310116e+02] 7.453492855468226
[-3.21339104e+00  2.26170747e-01  1.27607276e-01  7.78119671e+00
  3.19093755e+02] 7.785528819556962
[-3.12500467e+00 -1.06527916e-01 -1.97797913e-02  7.64487045e+00
  3.20912494e+02] 7.645638211186793
[-3.04851386e+00  2.40738526e-01 -3.08715913e-01  7.97234901e+00
  3.23032983e+02] 7.981955228220247
[-3.15693064e+00 -2.39538641e-01  1.02971957e-01  8.19750987e+00
  3.24367703e+02] 8.201655323202935
[-3.17618738e+00 -7.13770030e-02  3.75470381e-02  8.05603722e+00
  3.23264639e+02] 8.056440909003596
[-3.11027942e+00  1.18037493e-01 -3.44956781e-01  7.83589536e+00
  3.21246805e+02] 7.844372772729505
[-3.13400503e+00 -1.95448312e-01  1.83246190e-01  7.94335223e+00
  3.23437142e+02] 7.947869142105152
[-3.06645227e+00 -1.53612832e-01 -4.39817974e-02  7.87266534e+00
  3.23384718e+02] 7.874286690878243
[-3.19740207e+00  9.20320090e-02 -3.39384852e-02  7.92085217e+00
  3.22298456e+02] 7.921459515083961
[-3.13925751e+00 -3.97813301e-02 -3.89021489e-02  7.62679353e+00
  3.22043882e+02] 7.626996493171731
[-3.10305005e+00 -5.22512481e-04 -8.30387385e-02  8.20727348e+00
  3.23978672e+02] 8.2076935639647
[-3.16034497e+00 -2.25969175e-02 -1.16056930e-01  7.86262222e+00
  3.23794030e+02] 7.863511176724873
[-3.11126183e+00  3.07269004e-01  1.61799770e-01  7.43947909e+00
  3.18130931e+02] 7.447579640908755
[-3.09137686e+00  1.15037645e-01  7.55206039e-02  7.65592914e+00
  3.21930403e+02] 7.657165800272395
[-3.19649636e+00 -6.68349577e-02  1.34550621e-01  8.05781968e+00
  3.22700815e+02] 8.059220110622942
[-3.18482033e+00  4.94219900e-02  2.66456281e-01  7.93725301e+00
  3.22086872e+02] 7.941878044015366
[-3.18569307e+00  4.17405657e-01 -5.21748730e-03  7.63791758e+00
  3.19191969e+02] 7.649316283228506
[-3.09438022e+00  2.34913148e-01  1.07459364e-01  7.69039074e+00
  3.19969326e+02] 7.6947281599156945
[-3.03513611e+00 -2.50683577e-01  3.73253765e-02  7.79247607e+00
  3.22415113e+02] 7.796596615805204
[-3.12892848e+00  1.56601166e-01 -6.47911683e-02  7.90726270e+00
  3.20120218e+02] 7.909078661636155
[-3.09533020e+00  1.19054558e-01  6.13161653e-02  7.63458379e+00
  3.22014006e+02] 7.635758201360065
[-3.10098711e+00  8.94798588e-02 -2.25398500e-01  7.86533738e+00
  3.21097575e+02] 7.86907511879406
[-3.16489008e+00  5.92396859e-02 -1.50423560e-01  7.46349124e+00
  3.18101457e+02] 7.4652419945021835
[-3.02660039e+00 -2.48731929e-03 -3.33852415e-02  7.53517069e+00
  3.19686294e+02] 7.535245054681149
[-3.11302895e+00  1.14178559e-01 -1.86869015e-01  7.87511630e+00
  3.21410852e+02] 7.878160542547419
[-3.21458427e+00 -1.44020601e-01 -2.32145567e-01  8.05017760e+00
  3.22586115e+02] 8.054811781545332
[-3.16695975e+00  7.30401429e-03  1.60351080e-01  7.86962520e+00
  3.20003463e+02] 7.871262068485054
[-3.14426409e+00  2.66932783e-01 -1.25448397e-02  8.27420882e+00
  3.25145362e+02] 8.278522938738023
[-3.11464598e+00  3.71416605e-01 -1.84388903e-01  7.76980987e+00
  3.20574801e+02] 7.780867242984389
[-3.16982737e+00  2.13504128e-01  1.09125877e-01  7.75427734e+00
  3.20697476e+02] 7.757983597632194
[-3.12683104e+00 -1.78661328e-01 -2.01538698e-02  7.99821611e+00
  3.23971095e+02] 8.000236685945668
[-3.11663704e+00 -1.10431730e-01  2.63335562e-01  8.00895631e+00
  3.23348721e+02] 8.014045293826431
[-3.15342384e+00  2.09971087e-01  2.82188662e-02  8.03981119e+00
  3.24415222e+02] 8.042602070527153
[-3.11187783e+00  3.11871031e-03 -6.76309814e-02  8.37788549e+00
  3.25007141e+02] 8.378159044518968
[-3.16380771e+00  1.25586212e-01  7.03514522e-03  7.23646848e+00
  3.16397710e+02] 7.237561569984663
[-3.14194825e+00  9.45505896e-02 -4.53892023e-02  7.75812189e+00
  3.18683327e+02] 7.758830795956248
[-3.09075784e+00 -2.90263723e-01  1.51579530e-01  7.71271097e+00
  3.22042787e+02] 7.719659308948166
[-3.16904235e+00  1.00098490e-01  1.66735783e-01  7.96735688e+00
  3.23319912e+02] 7.969729990696168
[-3.15490297e+00  1.05384998e-01 -4.89292694e-02  7.62162884e+00
  3.18502329e+02] 7.622514432757468
[-3.18747342e+00  1.29538799e-01 -3.51164816e-03  7.89886792e+00
  3.22876767e+02] 7.899930828374796
[-3.12989051e+00 -1.47298901e-01 -1.95341285e-02  7.80136069e+00
  3.18777250e+02] 7.802775602155672
[-3.13225010e+00 -1.35022694e-01 -1.08830585e-02  7.85446148e+00
  3.21866587e+02] 7.855629495373181
[-3.14255056e+00  1.75848094e-01  4.15359370e-03  8.00316518e+00
  3.22425093e+02] 8.005097917282274
[-3.12271011e+00 -7.55718493e-02  1.46906386e-01  7.73623392e+00
  3.21290197e+02] 7.737997667659172
[-3.06222967e+00 -3.53419133e-02 -1.93951011e-01  7.61621921e+00
  3.22747505e+02] 7.618770311929543
[-3.16834813e+00  1.50065793e-01  2.67799006e-02  8.33675420e+00
  3.24754221e+02] 8.3381477275333
[-3.13375675e+00 -4.10498682e-01 -2.02402951e-01  8.00168902e+00
  3.22996383e+02] 8.014767826082606
[-3.12354891e+00 -2.09760199e-01  2.32568811e-01  7.76599117e+00
  3.20906088e+02] 7.772303806041536
[-3.13795534e+00 -2.48433179e-01 -1.74548174e-01  7.99012240e+00
  3.21535161e+02] 7.995889074005657
[-3.08267680e+00 -1.46608722e-01 -2.64384297e-01  7.82086177e+00
  3.19212588e+02] 7.82670249837185
[-3.08693022e+00 -1.10862916e-01 -1.38997333e-01  7.62312134e+00
  3.20702995e+02] 7.625194415293313
[-3.04768392e+00 -2.01138760e-01  3.63741860e-02  7.86135929e+00
  3.22423371e+02] 7.864016131217303
[-3.13803482e+00  6.40183845e-02 -4.09245450e-01  7.65000401e+00
  3.21361853e+02] 7.661210188181309
[-3.11989814e+00  1.05847688e-01  1.38418937e-01  7.77281970e+00
  3.20687277e+02] 7.7747726435840905
[-3.15068711e+00 -1.81778594e-02  5.35086282e-02  8.05639535e+00
  3.24900457e+02] 8.056593550010852
[-3.04099200e+00  1.06692866e-01 -1.85199344e-01  7.77850694e+00
  3.20552467e+02] 7.7814428175663775
[-3.19811089e+00 -1.75460713e-03  6.61111981e-04  8.07875801e+00
  3.24358082e+02] 8.078758227671786
[-3.17470800e+00 -1.12159316e-01  1.31571229e-01  7.74100153e+00
  3.19237581e+02] 7.742931966732607
[-3.20623807e+00  1.15675410e-01 -8.89935294e-02  7.74777915e+00
  3.18086772e+02] 7.749153662200437
[-3.09809561e+00  2.21950090e-01 -4.35156569e-01  7.93227856e+00
  3.20403879e+02] 7.947305595592562
[-3.15305065e+00 -1.53682052e-01  2.54057478e-01  7.86550957e+00
  3.19001137e+02] 7.871111999726938
[-3.11867101e+00 -3.44727401e-03 -1.04668720e-01  7.73517480e+00
  3.21452934e+02] 7.735883701095829
[-3.22600710e+00 -1.97535315e-01  3.63742559e-01  7.98075057e+00
  3.21066151e+02] 7.991477242100382
[-3.18824525e+00 -1.43001372e-01 -5.10586445e-02  7.80769100e+00
  3.20878022e+02] 7.809167377777915
[-3.13687848e+00  3.03379205e-02 -2.27719392e-01  7.31269159e+00
  3.17284480e+02] 7.316299259588706
[-3.13843391e+00 -6.26196855e-02 -3.56669318e-02  7.85994289e+00
  3.19405187e+02] 7.860273247644921
[-3.13068701e+00 -1.10793215e-01 -1.86220409e-02  7.71568344e+00
  3.20795494e+02] 7.716501335167107
[-3.07494363e+00  2.86260478e-02 -1.39935263e-01  7.30257205e+00
  3.18035603e+02] 7.303968775398795
[-3.08734497e+00 -2.70531398e-01 -1.91663221e-01  7.57596068e+00
  3.19892501e+02] 7.58321186562007
[-3.15602436e+00 -1.10164554e-02 -2.63905986e-01  7.83033354e+00
  3.22095310e+02] 7.8347872421802816
[-3.13067868e+00 -2.45409807e-01  1.02212968e-03  7.76070298e+00
  3.19594956e+02] 7.764582268042842
[-3.06419852e+00 -5.30895132e-02  4.21960527e-03  7.57391558e+00
  3.20978488e+02] 7.574102814824047
[-3.07339630e+00  5.27847837e-01  7.45010728e-02  7.82966380e+00
  3.22688794e+02] 7.847790067141039
[-3.19661380e+00 -7.02671574e-02 -9.31415639e-03  7.70766677e+00
  3.19188004e+02] 7.707992683400392
[-3.13751969e+00  9.30802884e-02  1.44458507e-01  8.08146739e+00
  3.20810827e+02] 8.083294339571115
[-3.10079144e+00 -8.14424550e-02 -1.05543295e-01  7.72606592e+00
  3.18731657e+02] 7.727215987044311
[-3.15025430e+00 -1.53215280e-01 -4.64168682e-02  7.95520395e+00
  3.22304457e+02] 7.956814647516803
[-3.09612838e+00  1.53358199e-01  3.32562877e-02  7.98967810e+00
  3.21930961e+02] 7.991218987840192
[-3.24413310e+00 -1.76844150e-01  1.04910383e-01  7.95110365e+00
  3.23033612e+02] 7.953761955994587
[-3.13457986e+00  6.17768822e-02  2.70256060e-01  7.99678864e+00
  3.23521064e+02] 8.001592550773143
[-3.12721504e+00  3.30597008e-01 -1.03861276e-01  7.97404413e+00
  3.23839908e+02] 7.981570107071357
[-3.19555024e+00  2.52217673e-01 -1.56310757e-01  7.91830715e+00
  3.19532201e+02] 7.923864903178689
[-3.12029789e+00  9.85838227e-02  1.21867770e-01  8.01122557e+00
  3.20251472e+02] 8.012758926031132
[-3.17068485e+00  1.80581459e-01 -2.29303874e-01  7.78795523e+00
  3.21742502e+02] 7.793422653061133
[-3.13964850e+00  3.80732481e-01  2.07920620e-01  8.09743833e+00
  3.23296936e+02] 8.109050235806857
[-3.14957196e+00  2.82307938e-01  9.07841872e-02  7.94298234e+00
  3.22706905e+02] 7.948516088679459
[-3.13423547e+00 -1.04204315e-01 -6.17127073e-02  7.63738661e+00
  3.20768478e+02] 7.638346762136141
[-3.12921020e+00  2.76773848e-02 -1.34152598e-01  7.76921538e+00
  3.22093362e+02] 7.7704228024359905
[-3.18559030e+00 -4.83899646e-02 -1.53925158e-01  7.94973801e+00
  3.19566653e+02] 7.951375289280728
[-3.08413645e+00 -5.80094182e-02 -7.73604461e-02  8.15394900e+00
  3.25854946e+02] 8.154522304625123
[-3.22584053e+00  4.23972269e-02  1.49259208e-01  8.11447931e+00
  3.21315975e+02] 8.115962683120568
[-3.15301071e+00 -2.08212459e-01 -2.09404265e-02  7.86802303e+00
  3.18207694e+02] 7.870805378446562
[-3.26458700e+00  1.00770896e-01 -7.02706888e-02  8.04382221e+00
  3.22068519e+02] 8.044760314974784
[-3.12099075e+00 -1.69858762e-02  1.24408620e-01  7.92790406e+00
  3.19721752e+02] 7.928898337782338
[-3.14827236e+00  2.71720852e-02 -1.19554462e-02  8.14385434e+00
  3.24331707e+02] 8.143908448464849
[-3.17234977e+00  3.00674110e-01  1.74851339e-01  8.07436028e+00
  3.23954186e+02] 8.081848297353153
[-3.10174453e+00 -5.09112223e-02 -2.06383897e-01  7.78315137e+00
  3.20899572e+02] 7.786053651416801
[-3.13619781e+00 -1.29719133e-01  6.67175325e-02  7.83134085e+00
  3.21369521e+02] 7.83269926396054
[-3.13283787e+00  4.89391944e-01  7.24857757e-02  7.96482149e+00
  3.22182860e+02] 7.980171680664192
[-3.18436540e+00 -3.73865144e-01  8.97402831e-02  8.04935555e+00
  3.23007122e+02] 8.058532947425126
[-3.16267303e+00 -2.60713635e-02  1.18556725e-01  7.76819878e+00
  3.21337951e+02] 7.7691471618962735
[-3.03560128e+00  2.27852630e-01 -6.06877827e-03  7.88529278e+00
  3.20444139e+02] 7.888586433578589
[-3.10057267e+00 -6.88021639e-02 -9.35959290e-02  7.79375204e+00
  3.23669340e+02] 7.794617684819829
[-3.13434865e+00  5.39502053e-02  2.38437242e-02  7.56519215e+00
  3.21493106e+02] 7.565422093602976
[-3.19320623e+00  2.74118502e-01  3.14900561e-03  7.94020487e+00
  3.20711238e+02] 7.944935765637664
[-3.17644460e+00 -2.82672507e-01 -7.24472873e-02  7.70826467e+00
  3.18226970e+02] 7.713786141221577
[-3.11122612e+00 -2.35392158e-01 -1.12237255e-02  7.85246394e+00
  3.22709854e+02] 7.855999321547191
[-3.15312673e+00 -7.08759831e-02  1.32322191e-01  7.94282062e+00
  3.21490871e+02] 7.9442389138888805
[-3.18866914e+00  6.58374394e-02  3.55423026e-02  7.93913807e+00
  3.22075958e+02] 7.939490606535514
[-3.06874868e+00 -1.94902065e-01 -2.40057842e-01  7.62472883e+00
  3.21661570e+02] 7.630996284343186
[-3.15490283e+00 -3.27881252e-02 -1.48472181e-01  8.15283188e+00
  3.21973606e+02] 8.154249605746823
[-3.15026088e+00  1.77284831e-02  2.10472791e-01  8.00174857e+00
  3.19604099e+02] 8.004535792034906
[-3.16283323e+00  5.34980210e-02 -4.67957929e-02  8.10910385e+00
  3.24193449e+02] 8.109415336616772
[-3.04841420e+00  2.94716218e-01  2.25766054e-01  7.88573008e+00
  3.21921711e+02] 7.894464315995182
[-3.12845594e+00 -1.08039091e-01  1.56259970e-01  7.56314990e+00
  3.20552794e+02] 7.565535409709986
[-3.02324776e+00 -4.07933780e-01 -5.19282072e-02  8.12555540e+00
  3.24319327e+02] 8.135954593413164
[-3.07670296e+00  1.04329756e-02  1.81888381e-02  7.91082239e+00
  3.22397517e+02] 7.910850179532421
[-3.13904250e+00  7.52256317e-02  1.53309211e-02  7.86722754e+00
  3.20859853e+02] 7.867602123054181
[-3.16198168e+00  1.89819870e-01  9.43534099e-02  7.97745781e+00
  3.23357776e+02] 7.980273629395863
[-3.18203313e+00 -6.55093387e-02 -1.76094526e-01  7.90577137e+00
  3.21699458e+02] 7.908003650466561
[-3.14886301e+00  2.78873954e-02  4.56744727e-02  7.77088234e+00
  3.20152709e+02] 7.7710666063789
[-3.18463716e+00  2.65631802e-01 -2.17479150e-01  7.75699532e+00
  3.20533673e+02] 7.764588454446385
[-3.15618165e+00 -2.59880690e-02 -1.51109451e-01  7.78624688e+00
  3.22989393e+02] 7.78775641210612
[-3.09256984e+00 -1.47617034e-01  1.68265236e-01  7.89964622e+00
  3.20770726e+02] 7.902816867670715
[-3.16727861e+00  2.35673595e-01 -1.50362432e-01  7.74650683e+00
  3.19024144e+02] 7.751549454219624
[-3.10477514e+00  1.09184289e-01 -7.69763752e-02  7.84521430e+00
  3.22468596e+02] 7.846351639054836
[-3.21889441e+00 -1.28988241e-01  3.40068326e-02  8.05602500e+00
  3.21777531e+02] 8.057129338583675
[-3.17222376e+00  1.26696274e-01 -1.34512167e-01  7.93340983e+00
  3.21664869e+02] 7.935561545668875
[-3.10146192e+00 -1.84460258e-01 -3.54136541e-01  7.81851836e+00
  3.21219399e+02] 7.828707916176987
[-3.15049312e+00  2.61167626e-01 -1.28097090e-02  7.97950585e+00
  3.23160621e+02] 7.983788960437968
[-3.10051620e+00  1.60762361e-01  1.48001609e-01  7.74420516e+00
  3.21526352e+02] 7.747287437983364
[-3.07306432e+00 -7.04647607e-02  6.16086989e-02  7.97659254e+00
  3.22192211e+02] 7.977141683403956
[-3.10539748e+00  2.51539103e-02  5.64824139e-02  7.64232933e+00
  3.18953983e+02] 7.642579439922697
[-3.11217566e+00  1.84911672e-01  2.46640238e-01  7.99954257e+00
  3.23546670e+02] 8.005479691134026
[-3.08119201e+00 -6.48755094e-02  2.72780804e-01  7.75758257e+00
  3.20603593e+02] 7.762648098768211
[-3.13573952e+00  6.55886306e-02 -1.59164317e-01  7.67979166e+00
  3.19380596e+02] 7.681720846273712
[-3.17057770e+00 -8.81942840e-02  2.47314560e-01  8.05624012e+00
  3.23186891e+02] 8.060517828197415
[-3.15431041e+00  3.51024088e-03  1.35704840e-01  8.05254000e+00
  3.23432363e+02] 8.053684165337906
[-3.18493168e+00 -1.25089459e-01 -4.55467424e-01  7.92921213e+00
  3.20690536e+02] 7.943267775290676
[-3.20058434e+00  6.68862243e-03 -2.16358794e-01  7.62331966e+00
  3.20140539e+02] 7.626392231779375
[-3.09049518e+00 -2.33908360e-01 -4.12338265e-02  8.07497976e+00
  3.23102108e+02] 8.078472102425033
[-3.12890213e+00 -9.44700345e-02 -5.97847698e-02  7.41970613e+00
  3.17229222e+02] 7.420548357771454
[-3.10776705e+00 -1.27601457e-01  1.65703301e-01  7.71676297e+00
  3.19211319e+02] 7.719596521134501
[-3.06357900e+00 -1.76176286e-03 -1.88881338e-02  8.07869753e+00
  3.21820610e+02] 8.078719802793406
[-3.03079450e+00  6.89979979e-02  5.12184669e-02  7.67659384e+00
  3.22123561e+02] 7.677074773653566
[-3.08780409e+00 -1.23734707e-01 -3.67710662e-01  8.03636804e+00
  3.23792973e+02] 8.045727606820728
[-3.26921850e+00 -1.90648847e-01  2.64422876e-02  8.30527212e+00
  3.26690059e+02] 8.307502103361632
[-3.16031799e+00  1.15757398e-02  9.74270744e-02  7.95925171e+00
  3.23572411e+02] 7.959856391706439
[-3.20904357e+00  7.34693025e-03 -1.18032525e-01  7.62532776e+00
  3.17706717e+02] 7.626244756793851
[-3.15334852e+00 -1.10456749e-01  4.54225782e-01  7.76297996e+00
  3.23753985e+02] 7.777041832484526
[-3.09581278e+00 -1.47007622e-02  1.86793141e-01  7.82618607e+00
  3.20917979e+02] 7.828428721839726
[-3.09719170e+00  1.00295906e-01 -2.96022978e-01  7.76961788e+00
  3.19504930e+02] 7.7759019331697035
[-3.18818085e+00  6.21209695e-02  1.29595682e-01  7.46864444e+00
  3.16846756e+02] 7.470027032284458
[-3.11304158e+00 -8.05254168e-02 -8.64213487e-02  7.71278894e+00
  3.22915278e+02] 7.713693418921696
[-3.14706151e+00  1.77907293e-01  5.65336372e-03  8.05753866e+00
  3.22917528e+02] 8.059504463793804
[-3.13312739e+00  3.48750840e-03  8.33125075e-02  7.81840176e+00
  3.20961507e+02] 7.81884641273066
[-3.12451203e+00 -4.83980690e-02  1.08548593e-01  7.90129609e+00
  3.21181071e+02] 7.902189887512122
[-3.15921412e+00 -5.12661034e-02  3.97774473e-01  8.00811925e+00
  3.23662348e+02] 8.018156065608943
[-3.19506378e+00 -2.82677654e-01  1.73651878e-01  7.70721130e+00
  3.20566146e+02] 7.714348165375343
[-3.07606567e+00 -2.65103123e-01 -1.59226488e-01  8.11617266e+00
  3.22135742e+02] 8.122062020155079
[-3.10165676e+00 -2.00010518e-02  3.21488619e-01  7.80129338e+00
  3.22110865e+02] 7.807940402695265
[-3.07794413e+00 -6.96845850e-02  1.02408378e-01  7.67563474e+00
  3.22107372e+02] 7.676634165018322
[-3.09617063e+00 -2.75674214e-01 -5.39040935e-02  7.71170577e+00
  3.21735158e+02] 7.716819796817505
[-3.13223416e+00  1.13866743e-01 -1.35901806e-01  7.85335548e+00
  3.21524334e+02] 7.855356596289074
[-3.08124423e+00 -3.00026680e-01  3.82464551e-02  7.82595731e+00
  3.21447688e+02] 7.83179970859768
[-3.15747267e+00 -2.65419189e-02  1.49016019e-01  7.87574696e+00
  3.21313122e+02] 7.87720131060439
[-3.05258588e+00 -4.00742450e-02 -2.19925359e-01  7.65467846e+00
  3.18624721e+02] 7.657941988483589
[-3.12260486e+00 -3.28294386e-01  2.80395896e-01  8.09752272e+00
  3.21788590e+02] 8.109024186426518
[-3.10889032e+00 -1.20270455e-01  2.33391097e-01  7.82270706e+00
  3.21825852e+02] 7.827111991979752
[-3.08025649e+00  4.68850453e-02 -2.76919325e-01  7.85978788e+00
  3.24785164e+02] 7.864804385562475
[-3.11841850e+00  2.03416632e-01 -1.37445438e-01  7.87056001e+00
  3.21789843e+02] 7.874387878201336
[-3.06039617e+00 -1.16615285e-02 -3.20815147e-01  7.79302945e+00
  3.22419969e+02] 7.799638864810763
[-3.19199620e+00  1.27422648e-01 -1.79774727e-01  7.90249085e+00
  3.21656091e+02] 7.9055624193407015
[-3.20243820e+00  3.89888685e-02 -2.57341310e-01  8.05302440e+00
  3.23190311e+02] 8.057229470000523
[-3.17694605e+00  1.31363641e-01 -1.61085126e-01  7.74254906e+00
  3.20019125e+02] 7.745338646224286
[-3.08929683e+00 -3.93305897e-02  2.94672539e-01  7.74230753e+00
  3.21332855e+02] 7.748012950049785
[-3.16768592e+00  3.51438794e-01  6.51694570e-02  8.13614120e+00
  3.21694538e+02] 8.143988574459362
[-3.10806097e+00 -5.83736969e-02 -3.98915029e-01  7.68865016e+00
  3.19516627e+02] 7.69921307033816
[-3.24988165e+00 -1.93650887e-02  1.08605019e-01  7.83810394e+00
  3.21091725e+02] 7.838880241735986
[-3.14915124e+00  1.45978246e-01  7.87379818e-02  7.98925060e+00
  3.23335834e+02] 7.9909720629662395
[-3.15356917e+00 -1.91722286e-01  1.73725126e-02  7.87550271e+00
  3.21327674e+02] 7.877855176709781
[-3.11674781e+00 -1.73318952e-01 -8.47449151e-02  7.96735134e+00
  3.21800026e+02] 7.9696868512970145
[-3.05307034e+00  4.77440546e-01  2.09633314e-01  7.53176667e+00
  3.18770793e+02] 7.549795010296661
[-3.17345054e+00 -7.66981769e-02 -1.27935708e-01  7.87566058e+00
  3.20389273e+02] 7.877073040454624
[-3.19997307e+00 -3.31598503e-02 -1.66819995e-01  7.87543736e+00
  3.19995208e+02] 7.877273776110152
[-3.03678107e+00  3.76983419e-02  3.98950047e-02  7.38902557e+00
  3.17885877e+02] 7.389229431326737
[-3.06236188e+00 -3.21947902e-01  1.30772344e-01  7.81646748e+00
  3.22654259e+02] 7.8241878676065
[-3.08363438e+00  1.47591955e-01 -1.65042145e-01  7.67445066e+00
  3.21889715e+02] 7.6776438546450905
[-3.04674601e+00 -1.10659844e-01 -3.78217442e-02  7.60670364e+00
  3.19846526e+02] 7.607602536455162
[-3.07311953e+00  4.85377589e-02  2.56508413e-02  8.25721637e+00
  3.25611112e+02] 8.257398872486904
[-3.06332298e+00 -1.92411800e-01  1.81704653e-02  8.11621321e+00
  3.25914639e+02] 8.118513985232319
[-3.17396895e+00  2.33687677e-01 -1.53397386e-02  8.12191486e+00
  3.23700671e+02] 8.125290530487439
[-3.16619845e+00  1.26813669e-01  1.63423422e-01  8.05266012e+00
  3.21819308e+02] 8.055316504111927
[-3.18213859e+00 -4.24148162e-01  1.55509580e-01  7.74574307e+00
  3.20660786e+02] 7.758905886688091
[-3.12946805e+00 -3.90064322e-02 -2.51381864e-01  7.91189155e+00
  3.22764605e+02] 7.915980177778757
[-3.16124871e+00 -1.89120969e-01 -5.97518461e-02  8.04055892e+00
  3.22209731e+02] 8.043004708618152
[-3.16469868e+00 -6.84196687e-02 -1.00867864e-01  7.86708707e+00
  3.21588402e+02] 7.868031172507823
[-3.11192250e+00  3.97320766e-01  3.87877414e-02  7.71326520e+00
  3.20171692e+02] 7.723589085208736
[-3.15007764e+00 -6.86384655e-02 -1.85621924e-01  7.88051402e+00
  3.19975060e+02] 7.882998661486556
[-3.12129912e+00  2.18057447e-01  8.31796848e-02  7.47163500e+00
  3.19739599e+02] 7.4752790872979595
[-3.07241712e+00  4.52648106e-01  1.83192373e-02  7.35530617e+00
  3.17973972e+02] 7.36924383773885
[-3.09831699e+00  1.69650714e-01 -1.44013161e-01  7.62219165e+00
  3.19847155e+02] 7.625439444869129
[-3.22730642e+00 -1.57374469e-01 -1.60246071e-01  8.20524548e+00
  3.20482893e+02] 8.208318880763683
[-3.13995114e+00 -1.13049633e-01 -5.32709056e-02  7.70856687e+00
  3.22531072e+02] 7.70957982896196
[-3.20932133e+00  1.63480826e-01  4.37123135e-02  8.06443249e+00
  3.21763262e+02] 8.066207796249422
[-3.12314864e+00 -6.56502579e-02 -3.14459227e-01  8.15423797e+00
  3.24174295e+02] 8.160563178179775
[-3.20256784e+00 -2.29120905e-01 -7.13974903e-02  7.82899398e+00
  3.21842207e+02] 7.832671368165621
[-3.17273844e+00 -1.82069208e-01  5.23226339e-02  8.08442527e+00
  3.23244113e+02] 8.08664447413113
[-3.24974213e+00  6.91073615e-03  1.23507389e-01  8.14981471e+00
  3.22807850e+02] 8.150753436335906
[-3.14680936e+00 -2.73497023e-02 -6.18635595e-02  7.98593605e+00
  3.22687272e+02] 7.986222490480031
[-3.16094811e+00  2.65429638e-02  8.45530920e-02  7.84592433e+00
  3.21289657e+02] 7.8464248096475755
[-3.14792841e+00 -6.08434871e-02 -3.10901026e-02  7.88045705e+00
  3.20878079e+02] 7.880753250232868
[-3.19635688e+00 -3.04800815e-02  4.86921608e-02  7.88331168e+00
  3.21570467e+02] 7.883520981921974
[-3.15099181e+00  2.62261552e-01 -1.06915563e-01  7.76715596e+00
  3.21299832e+02] 7.772317788325062
[-3.18132698e+00  1.58258382e-01  3.32692359e-01  7.89063335e+00
  3.22049611e+02] 7.899229362922944
[-3.18516641e+00  4.46652152e-02  2.24513115e-01  7.89330480e+00
  3.20189429e+02] 7.896623447028272
[-3.13082255e+00 -3.27917318e-01  1.03158285e-01  8.10991711e+00
  3.24081394e+02] 8.117199452189636
[-3.06851238e+00  1.20822036e-01 -3.59902730e-01  7.40677395e+00
  3.16137431e+02] 7.416497031659936
[-3.06395821e+00 -7.28632507e-02  1.11593104e-01  7.52294946e+00
  3.19268548e+02] 7.524129897379608
[-3.15167278e+00 -1.04546745e-02 -1.10900253e-02  7.80573179e+00
  3.19132828e+02] 7.805746669793768
[-3.10659086e+00  1.96556351e-01 -1.20835158e-01  7.72495466e+00
  3.22198405e+02] 7.728399573405647
[-3.14886788e+00 -1.61572582e-01  1.01934233e-01  7.96158518e+00
  3.21806280e+02] 7.963876873096333
[-3.08826651e+00  1.42003791e-02 -5.86621498e-02  7.84985086e+00
  3.21900361e+02] 7.850082895540323
[-3.11852118e+00 -2.86397005e-01  3.31380186e-03  7.63230818e+00
  3.19067373e+02] 7.6376804308002395
[-3.10793748e+00  8.23998443e-02  2.46342740e-01  7.99518259e+00
  3.22333848e+02] 7.9994011761703145
[-3.23365873e+00  6.31909499e-02  3.69688478e-01  8.22636236e+00
  3.23752693e+02] 8.234907425116514
[-3.11673852e+00  1.62070223e-01  1.02109431e-01  7.94425852e+00
  3.22844958e+02] 7.946567593314113
[-3.10827774e+00  2.90581833e-01  2.02602229e-01  7.66997512e+00
  3.21127709e+02] 7.678151068060238
[-3.09899381e+00  3.09162257e-01 -7.45190739e-02  7.76850573e+00
  3.19716384e+02] 7.775012264023526
[-3.18583398e+00 -1.06016407e-01  1.23999034e-01  7.82824641e+00
  3.22154992e+02] 7.82994617569655
[-3.18708820e+00 -1.69966738e-01  9.52716769e-02  7.74160202e+00
  3.20458843e+02] 7.744053664094029
[-3.06778666e+00  1.20549799e-01 -1.68866801e-01  7.99771202e+00
  3.22503424e+02] 8.0004028556302
[-3.12391206e+00  7.57962278e-02  3.64092358e-02  7.68019223e+00
  3.21984603e+02] 7.680652541280297
[-3.18747530e+00 -1.78508235e-01  1.50437690e-01  7.87161107e+00
  3.22782398e+02] 7.875071909374673
[-3.12066779e+00  1.43119212e-01  7.38759181e-02  8.03845098e+00
  3.22645326e+02] 8.04006435765457
[-3.13177883e+00  1.77581839e-01  2.02263335e-01  8.03257852e+00
  3.23472041e+02] 8.03708674994369
[-3.11719066e+00 -2.35609140e-02  6.30357783e-02  7.85907721e+00
  3.22892290e+02] 7.859365318938881
[-3.13505368e+00 -1.10352751e-02  2.98167704e-01  8.09404903e+00
  3.21524264e+02] 8.099546615955393
[-3.15116015e+00 -5.96246747e-02  1.03646973e-01  7.70011796e+00
  3.20882813e+02] 7.70104632060216
[-3.14698585e+00  1.12898776e-01  2.45524980e-01  7.98364672e+00
  3.21083070e+02] 7.988219053480802
[-3.08350717e+00  1.44849088e-01 -2.08221523e-01  7.71850750e+00
  3.20114471e+02] 7.722674116923041
[-3.14698781e+00  1.82742811e-01 -1.05456674e-02  7.86710663e+00
  3.23666475e+02] 7.869235854203587
[-3.12081281e+00 -2.85121065e-01  1.80126913e-01  7.87266859e+00
  3.22096885e+02] 7.87988898642418
[-3.17619263e+00  2.90487154e-01  1.39741428e-02  7.92981634e+00
  3.23292299e+02] 7.935147467333663
[-3.16942843e+00  4.74925947e-02  5.24167791e-02  8.09404782e+00
  3.19895551e+02] 8.094356867789921
[-3.10515273e+00  1.08913763e-02 -3.45662505e-02  7.87403395e+00
  3.21333564e+02] 7.874117354042777
[-3.02545932e+00  3.53058015e-01  1.07882109e-01  7.96815602e+00
  3.22815315e+02] 7.976703505512864
[-3.14227693e+00 -1.98606007e-01 -6.99395849e-02  7.85663023e+00
  3.18525795e+02] 7.85945128492899
[-3.17135412e+00 -1.65807750e-01 -8.26504886e-02  8.06780751e+00
  3.20907654e+02] 8.069934409599561
[-3.14764614e+00 -2.92866964e-01  1.83287393e-01  7.96530256e+00
  3.22291147e+02] 7.97279187066256
[-3.16531719e+00  1.22717608e-01 -1.97071456e-02  7.75102194e+00
  3.20641116e+02] 7.752018384955947
[-3.14323401e+00 -2.09609815e-01 -3.10183913e-01  7.66702164e+00
  3.18630027e+02] 7.676156010314988
[-3.16810730e+00 -9.15428599e-02 -3.75981322e-02  7.58368512e+00
  3.20249811e+02] 7.584330800514406
[-3.15501482e+00  2.34439412e-01 -1.99390479e-02  7.69552171e+00
  3.20133224e+02] 7.699117730179412
[-3.11483327e+00 -2.31706802e-03 -2.72119177e-02  7.92332184e+00
  3.20104790e+02] 7.923368904426822
[-3.16053817e+00 -2.19101606e-01  2.39579153e-01  7.88354296e+00
  3.20314769e+02] 7.89022517436636
[-3.10793609e+00 -7.92022584e-03  4.20254521e-02  7.93092763e+00
  3.22299230e+02] 7.931042925139633
[-3.14909010e+00  8.50986914e-02 -1.13042357e-02  8.17631011e+00
  3.23495025e+02] 8.17676076448768
[-3.10618512e+00 -2.71740651e-01 -1.65595424e-01  8.03967687e+00
  3.21187956e+02] 8.045972223753168
[-3.12821767e+00 -5.05929969e-02  1.77167260e-01  7.99179806e+00
  3.21063254e+02] 7.993921695433105
[-3.16570353e+00 -1.43047661e-01 -7.33543084e-02  8.02385659e+00
  3.20133181e+02] 8.025466846826488
[-3.25079837e+00 -8.46563914e-02 -2.36196689e-01  8.00479248e+00
  3.20299268e+02] 8.008723883148257
[-3.19465733e+00  1.09653018e-01 -4.55300222e-02  8.03631614e+00
  3.20321155e+02] 8.037193155647568
[-3.12646845e+00 -1.12330093e-01 -1.99467876e-02  7.73582953e+00
  3.21934567e+02] 7.73667076116733
[-3.16632287e+00 -3.63856777e-02 -2.22350539e-02  7.98481023e+00
  3.21143334e+02] 7.9849240906878745
[-3.19557762e+00  7.96753063e-03  8.15980244e-02  7.64242402e+00
  3.16040281e+02] 7.642863766227265
[-3.13181544e+00  2.80198352e-02 -2.11283308e-01  7.89475717e+00
  3.21630581e+02] 7.897633602453435
[-3.16942009e+00 -8.46868611e-02 -1.90645010e-01  8.01965038e+00
  3.21304155e+02] 8.02236309616391
[-3.11332055e+00  1.84104578e-01 -1.55973850e-01  7.87795163e+00
  3.20774724e+02] 7.881646031872591
[-3.13049293e+00  1.94928975e-01  1.94539057e-01  7.66032297e+00
  3.20521257e+02] 7.665271729115215
[-3.11328916e+00 -2.18939637e-01  3.04330356e-01  8.10049435e+00
  3.23638958e+02] 8.109165198281115
[-3.21485846e+00  7.49862083e-03 -8.33388001e-02  7.90623613e+00
  3.23880567e+02] 7.9066789100794885
[-3.14970895e+00  4.97995792e-02 -2.78482523e-01  7.96897859e+00
  3.21766948e+02] 7.973998512151784
[-3.09426255e+00  4.35304702e-02  1.07386689e-01  8.03465038e+00
  3.23206833e+02] 8.035485897611258
[-3.09396135e+00 -2.55365122e-01  8.76490535e-02  7.93790566e+00
  3.20319324e+02] 7.942495831506151
[-3.07687887e+00  9.09336439e-02 -5.12596476e-03  7.86763047e+00
  3.20714685e+02] 7.8681576232921255
[-3.11844203e+00 -2.54382543e-01 -1.12562886e-01  7.98536537e+00
  3.23318276e+02] 7.990209065067092
[-3.12112829e+00 -5.38370167e-02  8.85560341e-02  7.47256184e+00
  3.20361846e+02] 7.473280478816783
[-3.07924479e+00 -2.53964539e-01  1.99099118e-01  8.11085399e+00
  3.24240334e+02] 8.117271146953625
[-3.11012085e+00  1.47454765e-01  2.06963447e-01  8.13415675e+00
  3.23223040e+02] 8.138125259374217
[-3.09634435e+00  1.31037125e-01  7.78681472e-02  7.62307905e+00
  3.20375102e+02] 7.6246028329797415
[-3.08472384e+00 -8.85245889e-02  2.97814856e-01  7.80022605e+00
  3.22376767e+02] 7.806411252675281
[-3.11781490e+00  1.93279805e-01  3.79936472e-02  7.69870911e+00
  3.21496773e+02] 7.701228640452402
