/mnt/stage/douwei/Simulation/5kt_root/2MeV/5kt_-1.20_2.root
[-2.94372201e+00  1.62496086e-01  1.94269622e-01 -8.32041720e-01
  2.85462458e+02] 0.8697350674312888
[-3.07201241e+00  4.62548916e-02 -7.97971869e-02 -1.28606384e+00
  2.86350268e+02] 1.2893670136907358
[-3.02895794e+00  9.26045722e-02 -2.02546559e-01 -1.13207786e+00
  2.86746239e+02] 1.15377684239949
[-2.96420692e+00  7.90443216e-02  2.64494383e-01 -1.11480542e+00
  2.87357194e+02] 1.1484756852681357
[-3.05138178e+00  3.06296378e-01  9.35772168e-02 -9.34241427e-01
  2.84308604e+02] 0.987613897459482
[-3.04870950e+00 -1.33682740e-01 -1.07360323e-01 -1.18305847e+00
  2.85507325e+02] 1.1954181956008623
[-3.02406506e+00  1.55082417e-01 -3.33046708e-02 -1.49888235e+00
  2.87342081e+02] 1.5072518212277286
[-2.96230344e+00  2.23123063e-01  2.09405587e-01 -1.13683475e+00
  2.87017221e+02] 1.1772968415032266
[-2.98870421e+00  5.45888002e-02 -7.65867833e-02 -1.10623258e+00
  2.86729527e+02] 1.1102233980111587
[-2.93652902e+00 -6.40813767e-02 -1.02379880e-01 -1.22855484e+00
  2.85969880e+02] 1.2344776422272972
[-2.96597321e+00  2.01301799e-01  7.30573575e-02 -8.47815279e-01
  2.86889733e+02] 0.8744429877866833
[-2.99420034e+00  1.56624812e-01 -3.26311872e-01 -9.00986989e-01
  2.85750434e+02] 0.9709728751995271
[-3.01137714e+00 -4.40297308e-03  3.11448712e-02 -1.26540327e+00
  2.87356411e+02] 1.2657941493216882
[-2.99545918e+00 -2.13619083e-01 -4.03176442e-01 -1.38942374e+00
  2.88380109e+02] 1.4624235628575897
[-2.98202276e+00  3.28411868e-01 -1.73169515e-01 -1.58654000e+00
  2.87934471e+02] 1.629402101809921
[-3.09246533e+00  3.71553769e-02  3.02435956e-01 -7.76937260e-01
  2.84820091e+02] 0.8345534949442192
[-2.90056939e+00 -3.12854395e-01 -9.53464392e-02 -1.21713107e+00
  2.87635019e+02] 1.260308242330748
[-3.01436439e+00  2.91295054e-01 -1.92279395e-01 -1.26962405e+00
  2.86922995e+02] 1.3167267793076933
[-3.08496490e+00 -9.66048132e-02 -4.99025288e-01 -1.22346991e+00
  2.85086820e+02] 1.3248537075409648
[-3.10892396e+00 -1.73771417e-02  2.34989309e-01 -9.24065177e-01
  2.84490674e+02] 0.9536343072699535
[-3.01344694e+00  1.24915021e-01  3.45113372e-02 -1.57671247e+00
  2.85870802e+02] 1.5820293998574908
[-3.03310124e+00 -4.24219845e-01  1.36413326e-01 -1.22200762e+00
  2.85288411e+02] 1.300720452161642
[-2.97404133e+00  2.29161424e-02  1.96221561e-01 -9.95183464e-01
  2.85700971e+02] 1.0146024726577723
[-2.97315479e+00 -6.92858581e-02  1.49439557e-01 -1.13208311e+00
  2.86874496e+02] 1.1440038761492237
[-2.98323938e+00  7.76308783e-02 -2.55735471e-01 -1.20202225e+00
  2.86048110e+02] 1.2313751155309216
[-2.98404470e+00 -4.00680464e-01  1.27279064e-01 -1.22748325e+00
  2.86273357e+02] 1.2974821501702827
[-2.99523875e+00 -6.22195240e-02 -2.38127562e-01 -1.42699262e+00
  2.87036818e+02] 1.4480621372227458
[-3.00598867e+00 -1.16477175e-01  6.87216137e-02 -1.38331027e+00
  2.84912124e+02] 1.389905353395932
[-3.01596611e+00  4.40630820e-02 -2.66980258e-01 -1.41198113e+00
  2.86544489e+02] 1.4376754601911466
[-3.07967673e+00 -9.59017980e-02 -2.99908626e-02 -1.08379384e+00
  2.86159734e+02] 1.0884418664455204
[-2.98208063e+00  3.57991735e-01  4.62408628e-02 -1.27169215e+00
  2.87490123e+02] 1.3219293541488375
[-2.98040192e+00  2.63961645e-01 -1.99722718e-01 -1.49064251e+00
  2.86043966e+02] 1.5269512112427388
[-2.98279542e+00  8.51589279e-02 -1.39854052e-02 -1.53212962e+00
  2.86706753e+02] 1.534558183470555
[-3.03955057e+00  7.71740830e-02  2.30135581e-04 -7.35723415e-01
  2.85967349e+02] 0.7397599847512074
[-3.05947997e+00 -1.72546359e-01  9.50022881e-02 -1.60945274e+00
  2.86391071e+02] 1.621461010702203
[-3.08457886e+00 -6.56507643e-03 -3.75235375e-01 -1.23850152e+00
  2.86301807e+02] 1.2941138680891422
[-2.93841220e+00  2.47242880e-01 -1.90661211e-01 -9.57835460e-01
  2.86473270e+02] 1.007437098799644
[-3.01916803e+00 -4.42999036e-01  2.14004135e-01 -1.22758940e+00
  2.85722095e+02] 1.3225058204389346
[-2.93836590e+00  2.35569097e-01  2.97321423e-01 -1.14340407e+00
  2.86169329e+02] 1.2046848926299736
[-3.03672578e+00  8.43087746e-02  1.61155283e-01 -1.19046763e+00
  2.85997960e+02] 1.204280768220886
[-3.00269844e+00 -2.80303935e-01  3.29642501e-02 -1.28643436e+00
  2.85542118e+02] 1.3170308672445388
[-3.03474932e+00  1.44826648e-01  3.17392243e-02 -1.23091530e+00
  2.87420824e+02] 1.2398123341912484
[-2.98186817e+00 -2.32065230e-02  1.08337413e-01 -1.30019692e+00
  2.87299085e+02] 1.3049090220329536
[-2.95396877e+00 -3.51225401e-01  2.79571147e-03 -1.17297589e+00
  2.85846423e+02] 1.224434376903771
[-2.92020153e+00  2.46479303e-02 -2.39793348e-01 -1.28401043e+00
  2.86485315e+02] 1.3064421782400872
[-2.97652743e+00  3.37888431e-01 -7.91701795e-03 -1.19229849e+00
  2.86020956e+02] 1.239276791431815
[-3.02859741e+00 -1.10409874e-01  1.02154541e-01 -8.64124163e-01
  2.85572979e+02] 0.877118270470971
[-3.01135041e+00  3.04863523e-01  4.45361193e-02 -1.22554524e+00
  2.85842907e+02] 1.2636796912006716
[-2.96164084e+00  2.24156222e-01 -1.57239421e-02 -1.09640393e+00
  2.86252924e+02] 1.1191938310909766
[-2.96746595e+00  7.11272545e-02  3.66907180e-01 -1.17729669e+00
  2.87957661e+02] 1.235195317151239
[-3.08714501e+00  1.09720912e-01  2.97874394e-01 -1.03282506e+00
  2.85327107e+02] 1.0805070282084142
[-3.00731571e+00  2.46311390e-01 -1.31186342e-01 -1.08439959e+00
  2.86202182e+02] 1.1197328364212817
[-3.02864042e+00  9.12527116e-02 -3.10097517e-01 -1.07808104e+00
  2.86673888e+02] 1.1254982262707338
[-2.94489514e+00 -2.27719477e-01 -9.49948269e-02 -1.17683544e+00
  2.86241796e+02] 1.202423318607675
[-3.04975748e+00  2.78359674e-01  1.16557930e-01 -1.02517762e+00
  2.85997405e+02] 1.0686716139359322
[-3.02743726e+00 -4.20229087e-02 -1.49131877e-01 -1.40300966e+00
  2.87167072e+02] 1.4115389983885904
[-3.00049290e+00  1.07426009e-01  1.84698949e-02 -1.48923908e+00
  2.86809615e+02] 1.4932228635628082
[-2.98587092e+00  2.41021929e-02  2.96527014e-01 -1.22357614e+00
  2.86308116e+02] 1.2592250639342142
[-3.08411663e+00 -4.14090868e-02  1.25988299e-01 -1.02448570e+00
  2.85326461e+02] 1.0330337396398377
[-2.94656719e+00 -3.25865433e-01 -6.32940920e-02 -1.10916342e+00
  2.86810174e+02] 1.1577728237953517
[-2.96484406e+00  1.97665226e-01 -1.95091819e-01 -9.55641828e-01
  2.86779890e+02] 0.9951802160509292
[-2.93385275e+00  8.85424378e-02  1.12950163e-01 -9.75434681e-01
  2.86395440e+02] 0.9859362650545198
[-2.94145141e+00  4.47484542e-02 -2.74198587e-01 -1.25000690e+00
  2.87279205e+02] 1.280509485740452
[-3.08714472e+00  3.66921149e-02  6.01437340e-02 -1.48135283e+00
  2.85742908e+02] 1.4830272423405682
[-2.95700631e+00  4.35756218e-02  1.37686229e-01 -1.09237625e+00
  2.86663750e+02] 1.1018812153980893
[-2.96476345e+00 -4.43269454e-02 -2.15925071e-01 -1.51439381e+00
  2.87845241e+02] 1.5303519566617725
[-3.03687629e+00 -4.96137058e-02  1.00171557e-01 -1.21204451e+00
  2.85463406e+02] 1.2171884654809806
[-2.99454066e+00  1.50013153e-01 -2.45646309e-01 -9.65742636e-01
  2.87032366e+02] 1.0077226275196915
[-3.01728527e+00 -6.43693147e-02  1.42731890e-01 -1.35152494e+00
  2.87110630e+02] 1.3605643904395601
[-2.98070729e+00  1.11621951e-01  1.94082872e-01 -1.18946189e+00
  2.86332914e+02] 1.2103500401610015
[-2.98412460e+00 -1.41794946e-01  3.28449737e-01 -1.05234173e+00
  2.85928922e+02] 1.1114891567689422
[ -2.98830839   0.3985821    0.52611285  -1.28424654 286.85988069] 1.4439361442750926
[-2.98192862e+00 -2.86297417e-01  3.85624662e-01 -1.39523373e+00
  2.87754307e+02] 1.4755845492490223
[-2.94596469e+00  1.49299502e-01 -6.76436278e-02 -1.59043654e+00
  2.87654536e+02] 1.598860344055104
[-3.00632324e+00  2.94807504e-02  1.58681901e-01 -1.56483841e+00
  2.86217408e+02] 1.573139631017956
[-3.01668028e+00 -3.70424808e-02  9.74800200e-02 -1.31021989e+00
  2.86680016e+02] 1.314363214879254
[-2.98085729e+00  1.14174026e-01  4.45135459e-01 -1.13316425e+00
  2.85486519e+02] 1.2228010892690873
[-2.99596174e+00 -5.46648958e-02 -4.31348498e-02 -1.32983156e+00
  2.85470528e+02] 1.3316534208478454
[-2.95793659e+00 -1.78394124e-01  5.37124050e-02 -1.35125724e+00
  2.86585634e+02] 1.364040180456662
[-3.01307112e+00 -2.05158433e-01 -3.32243758e-01 -1.34026242e+00
  2.86498366e+02] 1.3959868402102358
[-2.91277214e+00 -2.03175623e-01  2.74188031e-01 -1.17419938e+00
  2.86339030e+02] 1.222785175437833
[-2.93965511e+00  1.31466829e-01  8.39909381e-02 -1.46019106e+00
  2.86648250e+02] 1.4685012596907172
[-2.98572602e+00 -2.87400585e-01  7.36962235e-02 -1.00076903e+00
  2.86831273e+02] 1.0438241578633871
[-2.99499241e+00  6.88058101e-02 -1.06221378e-01 -1.04402528e+00
  2.86429576e+02] 1.0516681983347247
[-2.97377420e+00 -2.33537624e-03 -3.78934892e-01 -1.48655023e+00
  2.87239986e+02] 1.5340888822769743
[-2.89639407e+00 -1.97735923e-01  1.90092014e-01 -1.39297625e+00
  2.86469660e+02] 1.4197243765258967
[-3.06315121e+00  1.73983165e-01  1.43293777e-02 -9.15821940e-01
  2.84194640e+02] 0.9323118036947684
[-3.03989771e+00  1.06237048e-01  1.72428283e-01 -1.25131143e+00
  2.87132611e+02] 1.267595405348425
[-2.98156397e+00  1.47753523e-02  6.81765778e-02 -1.59944573e+00
  2.87200893e+02] 1.6009662658899302
[-3.02187222e+00 -7.52607805e-02  4.60494031e-02 -9.20898030e-01
  2.85027047e+02] 0.9251150820442211
[-2.91963144e+00 -7.44950940e-02 -1.71429849e-01 -1.41095432e+00
  2.88253818e+02] 1.423281349309617
[-2.99833970e+00 -1.70014067e-01 -2.23158486e-01 -1.11455551e+00
  2.86616314e+02] 1.1493208741181051
[-3.00287247e+00  1.53741991e-01 -3.60705295e-01 -1.06870030e+00
  2.86756486e+02] 1.1383607699942142
[-2.99119873e+00 -2.34058385e-01  5.38301724e-02 -1.46715438e+00
  2.85627528e+02] 1.486681876860039
[-3.00679292e+00 -2.63978198e-01 -2.14891144e-01 -1.22731391e+00
  2.86637513e+02] 1.2736412858619608
[-2.98114495e+00 -1.14611416e-01  1.26020198e-01 -1.23344812e+00
  2.87349133e+02] 1.2451550645052984
[-2.93922702e+00 -4.56984316e-02  1.09497608e-02 -1.84216147e+00
  2.88821571e+02] 1.842760731122024
[-2.96741662e+00 -1.50422168e-02 -3.42399150e-01 -9.69939276e-01
  2.85453489e+02] 1.0287106715626544
[-3.02136717e+00 -4.24331298e-02  1.68605521e-03 -8.66869359e-01
  2.85855299e+02] 0.8679089228644461
[-3.01946297e+00  1.28155742e-01  7.49086373e-02 -9.06488960e-01
  2.86511711e+02] 0.9185626991908967
[-3.01548102e+00  9.82279071e-02 -4.47515689e-01 -1.32357191e+00
  2.87030699e+02] 1.4006290028324215
[-2.97213024e+00  4.25482376e-01 -2.85109718e-01 -1.13944701e+00
  2.86610132e+02] 1.2492646978435022
[-2.94839055e+00 -4.54063901e-02  7.15063185e-02 -1.30507031e+00
  2.86042092e+02] 1.307816275438187
[-2.97246070e+00  4.05289762e-01  7.83672740e-02 -1.38462285e+00
  2.86884367e+02] 1.4448465867880025
[-3.04667787e+00  1.25130323e-01 -3.06866323e-01 -1.18444452e+00
  2.84988019e+02] 1.229932262275481
[-3.08608043e+00 -4.20837239e-01  1.24831520e-01 -1.33821404e+00
  2.85737393e+02] 1.4083691640586251
[-3.12470777e+00 -1.42115388e-03 -7.26098637e-02 -1.21006604e+00
  2.85213348e+02] 1.2122433887627835
[-3.01922798e+00  2.83243155e-01  8.26455197e-03 -1.47199551e+00
  2.86497198e+02] 1.4990216017484157
[-3.03954594e+00  6.17208741e-02  1.96440444e-01 -1.22175207e+00
  2.85477362e+02] 1.2389820145945898
[-3.00689580e+00 -1.49523587e-01  7.51424906e-02 -1.06857294e+00
  2.86060191e+02] 1.081596888253865
[-3.01656546e+00 -9.42933235e-02  4.10955970e-01 -1.23287665e+00
  2.86461210e+02] 1.3029815334160102
[-2.94914524e+00  1.36364071e-01 -4.65471737e-02 -1.35807856e+00
  2.86121437e+02] 1.3657009801862745
[-2.95131327e+00 -1.82564675e-01 -9.65886577e-02 -1.16872926e+00
  2.86542713e+02] 1.186839210215739
[-3.04083793e+00 -1.65171894e-01 -2.34510085e-02 -8.85597312e-01
  2.85403559e+02] 0.9011738477470738
[-2.98511132e+00 -4.55061821e-02 -3.55835413e-01 -1.14233057e+00
  2.86245329e+02] 1.197334036193333
[-2.96627532e+00  2.14125437e-01  4.87720279e-03 -1.30192218e+00
  2.87457537e+02] 1.3194221698239865
[-2.94064354e+00 -2.19925521e-01  3.35601557e-02 -1.52064058e+00
  2.87957470e+02] 1.5368283259319986
[-3.05240477e+00  2.72849197e-01 -2.24900154e-02 -1.05570081e+00
  2.85180453e+02] 1.090622152200139
[-3.07845310e+00  7.42171757e-02 -2.57166778e-01 -9.32954865e-01
  2.85382604e+02] 0.9705914279931641
[-3.02790631e+00  2.17620919e-02 -2.03020091e-01 -1.25053620e+00
  2.86502777e+02] 1.2670957107020746
[-2.94160502e+00 -6.71000931e-02  1.67469079e-01 -1.44322734e+00
  2.86657273e+02] 1.454459850321514
[-2.97623891e+00  2.19891814e-01 -5.79121886e-02 -1.53297768e+00
  2.87955729e+02] 1.549750556842284
[-3.03256353e+00  1.76228210e-01  3.12387294e-01 -1.39222670e+00
  2.87056057e+02] 1.4376847354819444
[-3.01135029e+00 -1.19635444e-01  1.01792491e-01 -1.25396712e+00
  2.86629084e+02] 1.2637673402039107
[-2.99219500e+00  2.34439581e-01 -3.32311574e-01 -1.33310224e+00
  2.85617140e+02] 1.3937555356465174
[-2.94796048e+00 -2.45599924e-01 -2.09636013e-01 -1.23241380e+00
  2.87075378e+02] 1.274013485298219
[-2.96839480e+00  1.40980013e-01 -1.07610832e-01 -1.10854644e+00
  2.86076569e+02] 1.1226444943751472
[-3.07357350e+00  2.24755150e-01  1.85653949e-01 -1.54996063e+00
  2.85102276e+02] 1.5771367171127906
[-2.88536024e+00  4.67323997e-01  9.08098217e-02 -1.43910635e+00
  2.87272668e+02] 1.5158051418653247
[-2.96209028e+00 -1.61374777e-01  2.01914483e-02 -1.33173974e+00
  2.86468884e+02] 1.3416334237520735
[-3.02170142e+00  1.41920113e-01  1.99527875e-01 -1.11645233e+00
  2.85512378e+02] 1.1429866532045578
[-3.10159317e+00 -7.67656557e-03 -2.32953813e-01 -1.21205213e+00
  2.85615368e+02] 1.2342596018317182
[-3.06550672e+00  3.77546527e-01  2.02956939e-01 -1.29258085e+00
  2.87060004e+02] 1.3617996025911638
[-3.02649299e+00 -2.17360645e-01 -6.39187358e-02 -1.49465737e+00
  2.86499802e+02] 1.511731430109571
[-3.01418164e+00 -5.25068351e-02  1.29073664e-01 -1.09423339e+00
  2.86727715e+02] 1.1030701194503774
[-3.02248248e+00  3.62253885e-02  1.32406379e-01 -9.81104095e-01
  2.85232366e+02] 0.990660876571478
[-3.05783868e+00  1.43495895e-01  1.52161545e-03 -1.33301003e+00
  2.84260768e+02] 1.340712174031399
[-3.06934477e+00  1.44519069e-01  4.57916506e-02 -1.26581135e+00
  2.84810248e+02] 1.2748572544436172
[-2.95284963e+00  1.95198048e-01 -5.55068480e-02 -1.10918412e+00
  2.86146517e+02] 1.127595985299342
[-3.05515955e+00 -7.28303906e-02 -3.33967538e-01 -1.06409165e+00
  2.86412059e+02] 1.117644671786448
[ -3.09480744  -0.4893666    0.32781081  -1.36648954 286.18364847] 1.488029994432229
[-3.01946841e+00 -7.57423527e-02  1.55980469e-02 -1.15210938e+00
  2.85242921e+02] 1.154701793860748
[-2.91580524e+00  2.01011100e-01  3.77691712e-01 -1.22348466e+00
  2.85528561e+02] 1.2961370292232197
[-3.08354695e+00  2.98357937e-01  1.38051384e-01 -1.16488613e+00
  2.85779428e+02] 1.2103864420353785
[-3.04388447e+00 -1.63308309e-01 -8.25476532e-02 -9.51363374e-01
  2.86004886e+02] 0.9688013152754275
[-2.99776191e+00 -1.82050823e-01 -1.83779790e-01 -1.44082920e+00
  2.86646142e+02] 1.4638669013519068
[-2.98647951e+00  3.01912414e-02  1.62306894e-01 -1.61701980e+00
  2.87004591e+02] 1.625425500965448
[ -3.09497774  -0.31855103   0.33529712  -1.23396434 286.99144917] 1.317788645665665
[-3.01410127e+00 -1.97971405e-01 -1.03014985e-01 -1.27714872e+00
  2.86572366e+02] 1.296500526402954
[-3.01216348e+00 -3.32371116e-01 -5.92791833e-02 -1.07995303e+00
  2.86859962e+02] 1.1314959641491746
[-3.02357448e+00 -1.83768768e-01  1.50595016e-01 -1.27767160e+00
  2.86104057e+02] 1.2995747490490976
[-2.98668377e+00 -2.85987844e-01 -2.43132074e-01 -1.27035884e+00
  2.86530898e+02] 1.3246561170535278
[-2.99647937e+00 -4.75662927e-01  1.18550180e-01 -1.08131974e+00
  2.87365135e+02] 1.1872496528128669
[-2.94304097e+00 -1.19632237e-01 -1.22430630e-01 -1.21800846e+00
  2.87943739e+02] 1.2299779389627323
[-3.07221850e+00 -1.24598592e-01  5.27904419e-02 -1.08673169e+00
  2.85412161e+02] 1.0951243802395312
[-3.00861005e+00 -2.39735564e-02  1.38234962e-01 -1.00938858e+00
  2.86853004e+02] 1.0190922101342228
[-2.97680422e+00 -2.58447113e-02 -2.08975203e-01 -1.04378364e+00
  2.86250002e+02] 1.064811187223801
[-2.93342182e+00  2.61363105e-01 -7.74009045e-02 -1.30284695e+00
  2.87755070e+02] 1.331056629431518
[-2.94740897e+00 -1.88842502e-02  3.54617664e-01 -9.66109952e-01
  2.86323146e+02] 1.0293098377993224
[-3.04705953e+00 -7.85133546e-02  2.14839803e-01 -1.23936519e+00
  2.85769685e+02] 1.260296222549697
[-2.95234377e+00 -2.68928212e-01  2.22260902e-01 -1.22333760e+00
  2.86600683e+02] 1.2721152359572883
[-2.96527607e+00 -4.32029550e-03 -1.14488521e-01 -1.23451464e+00
  2.87807831e+02] 1.2398196151333776
[-3.01111860e+00 -8.73213355e-02  4.62528682e-02 -1.24101896e+00
  2.86021474e+02] 1.2449467477851566
[-2.91658874e+00 -2.87829727e-02  1.42619339e-01 -1.17678243e+00
  2.87585464e+02] 1.1857426413611634
[-3.01638250e+00 -4.22509705e-01 -1.00522368e-01 -9.98625548e-01
  2.86188491e+02] 1.0889775858803061
[-3.02703281e+00 -3.85927643e-02 -4.46442811e-02 -1.38225707e+00
  2.87138560e+02] 1.3835162154133795
[-2.89928329e+00  6.28743645e-02  1.09368274e-01 -1.31806070e+00
  2.86790583e+02] 1.3240840636945643
[-2.92509838e+00  2.03999961e-01 -6.85237953e-02 -1.49116702e+00
  2.86950245e+02] 1.5066156057529372
[-2.99894805e+00  1.34632260e-01 -1.50476436e-01 -9.63138147e-01
  2.85032036e+02] 0.9840752478695591
[-2.97394945e+00  1.88224887e-01  2.32895398e-02 -1.67606751e+00
  2.87474666e+02] 1.686764154077679
[-2.98590156e+00  3.36444832e-01 -1.94806798e-01 -1.20174438e+00
  2.86646336e+02] 1.2630654640848475
[-3.00335966e+00 -4.14694939e-04 -3.44989865e-01 -1.32256804e+00
  2.85786237e+02] 1.3668227366165906
[-3.11490505e+00  9.44202714e-02  1.40686706e-01 -1.62144784e+00
  2.86126933e+02] 1.630276367085497
[-2.98567246e+00 -2.68941329e-01 -1.57068809e-01 -1.20707657e+00
  2.87676094e+02] 1.2466089582959152
[-2.95918529e+00  1.62964065e-02 -3.65359489e-02 -1.09595333e+00
  2.86161518e+02] 1.0966832479006656
[-2.95612482e+00 -3.84590227e-02  6.17625702e-02 -1.21856104e+00
  2.87470187e+02] 1.2207312263290908
[-2.91930874e+00  1.91639190e-01 -2.83897226e-01 -1.18694318e+00
  2.87148770e+02] 1.2353773981999843
[-3.00606058e+00 -3.29344355e-01  9.11148605e-04 -1.35708664e+00
  2.85826333e+02] 1.3964786709638743
[-2.96229753e+00  1.25744991e-01  8.91123479e-02 -9.50987749e-01
  2.86072604e+02] 0.9633953040575318
[-3.01199945e+00 -2.12525584e-01 -9.39949082e-02 -1.09449427e+00
  2.86214103e+02] 1.1188922552479421
[-2.94221378e+00 -1.78011379e-01 -2.44321606e-02 -1.14762902e+00
  2.87649239e+02] 1.1616098116186835
[-3.01381484e+00  2.47078399e-01  1.77646532e-02 -1.24912309e+00
  2.87030110e+02] 1.2734487874235156
[-2.96390557e+00 -1.76895216e-01  1.41542891e-02 -1.29675960e+00
  2.86768427e+02] 1.3088459465429785
[-2.94282742e+00 -5.46246303e-02 -3.10844692e-01 -1.34869997e+00
  2.86639858e+02] 1.3851353333089194
[-2.97051295e+00  2.61674848e-02 -1.51191030e-01 -1.09730301e+00
  2.86497817e+02] 1.107978950722749
[-2.99680947e+00  1.03848514e-01 -1.27641513e-01 -1.38676989e+00
  2.87524995e+02] 1.396498332805759
[-2.96627498e+00 -1.52018892e-01 -5.38480002e-02 -8.93701370e-01
  2.87020060e+02] 0.9081362722132342
[-3.00643484e+00  1.55797030e-01  9.29182515e-03 -1.57253901e+00
  2.85745199e+02] 1.5802651650744903
[-3.02662566e+00  1.08225024e-01 -2.19663702e-01 -1.33005986e+00
  2.87597844e+02] 1.3524141472799471
[-2.94063478e+00 -6.35627980e-02 -1.72651003e-01 -1.19844073e+00
  2.86305066e+02] 1.2124804223996632
[-2.94923620e+00  2.11099268e-01  3.22532488e-01 -1.13433518e+00
  2.87080248e+02] 1.1980427389157589
[-2.95560767e+00 -1.17771535e-01  9.30939991e-02 -1.64429762e+00
  2.86549129e+02] 1.651136359809655
[-3.00719550e+00  5.40876353e-02 -7.42376398e-03 -1.10594073e+00
  2.86194205e+02] 1.1072874482354225
[-3.01886386e+00 -3.26620186e-02 -7.92709388e-02 -1.29798230e+00
  2.85710842e+02] 1.3008107978490944
[-3.00683869e+00  5.05670508e-01  1.36834183e-01 -1.35286438e+00
  2.87499546e+02] 1.4507474901504687
[-2.97031919e+00  4.78901378e-03  1.03397847e-01 -1.28029120e+00
  2.87155725e+02] 1.2844686059365824
[-3.07789996e+00 -1.97806517e-02  2.98846534e-01 -1.32658118e+00
  2.86705905e+02] 1.3599699063361428
[-2.92116716e+00 -5.84799661e-02  1.42688245e-01 -1.37090527e+00
  2.87303252e+02] 1.3795510479295927
[-2.96643451e+00 -1.89300854e-01  1.24240534e-01 -1.12246076e+00
  2.85337843e+02] 1.1450714772230521
[-3.00082194e+00 -1.94994482e-01  1.13694350e-02 -1.33606563e+00
  2.88391062e+02] 1.3502679249592215
[-2.95894025e+00 -6.00505081e-02 -7.65197780e-03 -1.26830583e+00
  2.87502001e+02] 1.2697496931524554
[-3.10824239e+00  9.30116978e-02 -2.37107738e-01 -1.32706503e+00
  2.85347132e+02] 1.351285626124034
[-3.03049960e+00 -1.73266954e-01  1.70787197e-01 -1.26041590e+00
  2.86422916e+02] 1.2836814017311482
[-2.96712664e+00 -1.99711897e-01  1.93182019e-01 -1.17520638e+00
  2.86736159e+02] 1.2076067923770533
[-3.02449089e+00 -2.12484627e-02  3.43857841e-01 -1.12798105e+00
  2.85110987e+02] 1.1794197544796763
[-2.97613880e+00  6.57745839e-03 -3.70065633e-02 -1.20657539e+00
  2.85889644e+02] 1.207160684414075
[-2.94365488e+00  1.44216000e-01 -5.50703883e-02 -1.08113061e+00
  2.86897973e+02] 1.092096331042338
[-3.04663120e+00 -2.41633247e-02  2.02765505e-01 -1.20809969e+00
  2.86109109e+02] 1.2252357271404193
[-2.99170738e+00 -1.72025519e-01 -4.59527719e-02 -1.16186070e+00
  2.86175140e+02] 1.1754253401871453
[-3.05421529e+00 -2.83044075e-01  1.89486477e-01 -1.39256276e+00
  2.87627534e+02] 1.4336143496598532
[-2.96434975e+00 -3.58689863e-02  9.34061383e-02 -1.33912147e+00
  2.87042713e+02] 1.3428542761143465
[-3.06165905e+00  2.67932621e-01 -1.19497737e-01 -1.21940521e+00
  2.85987456e+02] 1.2541996140337512
[-2.96229101e+00 -1.42143325e-02  4.55316217e-01 -1.27770867e+00
  2.85926300e+02] 1.3564860273939108
[-3.00114139e+00 -4.16092525e-02  5.87091546e-02 -9.68169979e-01
  2.85684573e+02] 0.9708404620389605
[-2.95309983e+00  2.20774023e-01 -2.42365246e-01 -1.29060973e+00
  2.87150415e+02] 1.3315988740898648
[-3.03743232e+00 -1.61099892e-01 -2.00697163e-01 -1.23662406e+00
  2.86935706e+02] 1.2631197840977846
[-3.12110979e+00 -7.18753790e-02  3.70158833e-02 -1.34140972e+00
  2.86757951e+02] 1.3438438463585105
[-3.04295693e+00 -1.62215101e-01  1.89902613e-01 -1.29471298e+00
  2.85957915e+02] 1.3185819784389665
[-2.99410686e+00  3.38466548e-01  1.40224090e-01 -1.12360143e+00
  2.86898886e+02] 1.181821713839752
[-2.93324266e+00 -1.41839946e-01  1.28476648e-01 -9.01209837e-01
  2.85356221e+02] 0.9213055895275839
[-2.95938560e+00  1.95635631e-01  7.30061210e-02 -1.28578156e+00
  2.86766782e+02] 1.3026271184918026
[-2.93626560e+00  1.12198007e-01  5.01957747e-03 -1.37718056e+00
  2.86276494e+02] 1.3817524636236918
[-2.92606225e+00  2.35999617e-01 -3.06300981e-01 -1.37064872e+00
  2.87097812e+02] 1.4241467722666266
[-3.00368113e+00  6.92521637e-02  1.92592668e-01 -1.19162855e+00
  2.86749580e+02] 1.2090766730363431
[ -3.01628661  -0.32326581   0.30872558  -0.69595204 285.36398703] 0.827140561748074
[-2.94415009e+00 -3.53145180e-01  9.86374762e-02 -1.26672760e+00
  2.87336885e+02] 1.3187265336944989
[-2.96529141e+00  8.26932144e-02  5.62757802e-02 -1.23735302e+00
  2.87049262e+02] 1.241389392772485
[-2.94540823e+00  2.18121337e-02  1.20365921e-01 -1.55812702e+00
  2.87093430e+02] 1.562921475087462
[-2.98021305e+00  2.04851438e-01 -7.11494796e-02 -9.23026272e-01
  2.86385519e+02] 0.948158139801441
[-3.06916357e+00 -1.08681743e-01  8.05220220e-02 -1.02991318e+00
  2.85839290e+02] 1.0387572771487263
[-3.03160707e+00  2.10268384e-01  3.02808610e-01 -1.11765253e+00
  2.85769963e+02] 1.1768827532493753
[-2.94091986e+00 -1.82640907e-01 -2.35432564e-01 -1.37236028e+00
  2.86845137e+02] 1.4043357570924895
[-3.04924663e+00 -1.69192843e-01 -3.32048635e-02 -1.41560094e+00
  2.86164655e+02] 1.426062696447098
[-2.98958268e+00  2.44253616e-01  3.78155300e-01 -1.46450675e+00
  2.87290314e+02] 1.5321361785294432
[-2.95002149e+00  1.79694676e-01  1.54909558e-01 -1.24030709e+00
  2.85504839e+02] 1.2627940573637852
[-3.06310688e+00  1.41474589e-01 -5.98112382e-02 -1.15870455e+00
  2.86130809e+02] 1.16884073902596
[-2.95443369e+00  2.53695934e-01 -1.78136377e-01 -1.22254899e+00
  2.85977362e+02] 1.2612375736636154
[-2.97357032e+00  2.33890291e-01 -5.52380634e-03 -1.34231145e+00
  2.87056941e+02] 1.3625473201393172
[-2.96925080e+00  1.43598513e-01  3.45087314e-02 -9.75543028e-01
  2.85916252e+02] 0.9866587990500224
[-2.98376689e+00 -2.79173499e-01  1.68183152e-01 -1.40835241e+00
  2.85439070e+02] 1.445572529449335
[-3.02571468e+00 -9.61830830e-02 -3.16900988e-01 -1.23765113e+00
  2.85260322e+02] 1.2811938737956756
[-3.07176689e+00 -1.81035632e-01 -8.13005792e-02 -1.44281462e+00
  2.85794904e+02] 1.456398883686998
[-3.05079944e+00  3.05121284e-01 -2.52748014e-01 -1.09543566e+00
  2.85200734e+02] 1.1648861904185912
[-3.00735733e+00 -5.76578357e-03 -2.63406016e-01 -1.29104023e+00
  2.86602872e+02] 1.3176497489103458
[-3.00068120e+00  1.84181332e-01 -4.04365532e-02 -1.49408140e+00
  2.87456317e+02] 1.5059339632478181
[-3.06467056e+00  1.49112332e-02  8.23354307e-02 -1.29638289e+00
  2.85789597e+02] 1.2990804689777764
[-2.88534833e+00  6.90353728e-02  4.48664983e-01 -1.29212971e+00
  2.86544347e+02] 1.36954932001962
[-3.02654183e+00  4.98766904e-02  1.88147097e-01 -1.13535091e+00
  2.86593758e+02] 1.1519152338442271
[-2.97040124e+00  1.84320387e-01  1.52957482e-01 -1.07059371e+00
  2.86254156e+02] 1.09706011577524
[-3.03266410e+00 -1.82501037e-01 -1.04128807e-01 -1.03322955e+00
  2.85357320e+02] 1.0543778955991736
[-2.95164827e+00  2.01661230e-01  2.25917561e-01 -1.35468312e+00
  2.87294563e+02] 1.3881182764251818
[-2.89973546e+00 -1.11771541e-04  1.35730687e-01 -1.63517802e+00
  2.87985145e+02] 1.640801628501408
[-2.96022591e+00 -2.21829591e-01  2.49134474e-01 -1.32614210e+00
  2.87026461e+02] 1.3674535510124852
[-3.06265871e+00  9.19624500e-03 -7.35561722e-02 -1.12688412e+00
  2.85401129e+02] 1.1293196585549168
[-2.96973551e+00 -5.67983102e-02 -4.05104441e-01 -1.51005212e+00
  2.87370230e+02] 1.5644785268533066
[-2.93294237e+00  1.49195683e-01  2.02231152e-01 -1.26950097e+00
  2.86983463e+02] 1.294136589537604
[-2.99139634e+00 -1.06427263e-01 -3.12164423e-02 -1.33053402e+00
  2.86087370e+02] 1.3351486804950188
[-3.00812760e+00  2.74419433e-01  3.49464524e-01 -1.30396659e+00
  2.86235801e+02] 1.3775922317441196
[-2.97680056e+00  1.50958706e-01 -1.75102550e-01 -1.24163764e+00
  2.88012336e+02] 1.2629780137244646
[-2.97158725e+00 -1.95245751e-01 -7.84814170e-02 -1.52357351e+00
  2.87211377e+02] 1.5380365680360197
[-2.92085266e+00 -2.44512986e-02 -1.27461782e-02 -1.18459179e+00
  2.86541338e+02] 1.1849126680060256
[-3.01235094e+00 -7.11384169e-02  9.16483209e-02 -1.33636393e+00
  2.87250647e+02] 1.3413905585658012
[-2.99463791e+00 -3.54055412e-02 -3.59083984e-01 -1.35851315e+00
  2.87521815e+02] 1.405614758902174
[-2.93635211e+00 -7.69760246e-03  3.77290740e-02 -1.67572024e+00
  2.88196045e+02] 1.6761626021223948
[-2.88332380e+00  2.28832537e-01  2.35378484e-01 -1.16427427e+00
  2.87310416e+02] 1.209670176095913
[-2.94331623e+00  1.29201029e-01 -1.40458471e-01 -1.55709297e+00
  2.88656974e+02] 1.56874472086426
[-3.04455000e+00  2.04996945e-02  3.39880765e-01 -1.20634260e+00
  2.84833716e+02] 1.2534758192245405
[-3.01361761e+00 -2.60146131e-01 -5.81942227e-02 -1.22837638e+00
  2.86312191e+02] 1.256969018034804
[-3.00566715e+00  2.76184177e-01 -1.46329875e-01 -1.32893414e+00
  2.86823626e+02] 1.3651945238214027
[-3.02123168e+00 -5.57836685e-02 -1.64042824e-01 -1.08761382e+00
  2.85865042e+02] 1.1013290555753856
[-2.93726225e+00  2.33925646e-02 -2.33990321e-01 -1.08200495e+00
  2.85519854e+02] 1.107263920192932
[-3.02715358e+00 -8.68194612e-02  1.87259886e-01 -1.18558593e+00
  2.87594567e+02] 1.2034192486406587
[-2.99101172e+00 -1.90293442e-01 -1.36787969e-01 -1.28454052e+00
  2.88389532e+02] 1.3057438048354848
[-3.04461103e+00  1.21689597e-01 -2.16014182e-01 -1.58247044e+00
  2.87080547e+02] 1.601775011529333
[-2.99586213e+00  1.87149204e-01 -1.33953485e-01 -1.10976456e+00
  2.86156182e+02] 1.1333780166445602
[-2.97994447e+00 -1.75213861e-01  1.46960959e-01 -1.31201161e+00
  2.84797649e+02] 1.331792733064782
[-2.95616245e+00 -6.96167204e-02  3.08472177e-02 -1.68535020e+00
  2.88678338e+02] 1.6870694512794717
[-2.96947290e+00 -1.29235256e-01 -5.34378097e-02 -1.20776300e+00
  2.86733538e+02] 1.2158325592864823
[-3.04116057e+00  2.07975290e-01 -7.36696651e-02 -1.15044787e+00
  2.85111239e+02] 1.1714142045411966
[-3.12066904e+00  2.10505325e-01 -1.98471382e-01 -1.27802364e+00
  2.87221320e+02] 1.310361704200605
[-2.94457119e+00  1.00701446e-01  1.60360674e-01 -1.33842697e+00
  2.87027223e+02] 1.3517555550485343
[-2.91470406e+00 -2.06019029e-01  2.05567272e-01 -1.34394980e+00
  2.88233126e+02] 1.3751010198654687
[-3.00152026e+00 -3.78212183e-03  1.73510435e-01 -1.39207184e+00
  2.86693495e+02] 1.4028485929007068
[-2.93595493e+00  1.95522249e-01 -2.86935244e-02 -1.16718801e+00
  2.86347977e+02] 1.1837990189790324
[-3.04773165e+00 -2.70786223e-01 -2.90881920e-01 -1.25154591e+00
  2.86697397e+02] 1.313127807383831
[-2.91411876e+00 -1.18974308e-02  1.96040805e-01 -1.13868657e+00
  2.86708137e+02] 1.1555001692454108
[-3.00164383e+00  9.50229694e-02 -7.12167346e-02 -1.40637513e+00
  2.86845119e+02] 1.4113795383719052
[-2.99893338e+00  2.79318767e-01  7.13062335e-02 -1.35234834e+00
  2.86201847e+02] 1.382732651389921
[-3.01892734e+00  2.22141229e-01 -1.20345618e-01 -1.28113254e+00
  2.86245824e+02] 1.3058064045665738
[-3.00931298e+00  8.29964233e-02 -2.60842660e-01 -1.05513420e+00
  2.86058299e+02] 1.0900621447683785
[-2.98859247e+00 -8.99013906e-02 -6.19206280e-02 -1.29097946e+00
  2.86460621e+02] 1.295586508690596
[-2.95561385e+00  2.86280739e-01  2.60051654e-01 -1.29789903e+00
  2.86950308e+02] 1.3542988664541513
[-2.99828458e+00  1.55909438e-01 -4.81948387e-02 -1.13167373e+00
  2.86186908e+02] 1.1433791713736035
[-2.97488535e+00 -6.39181730e-02 -1.46749413e-02 -1.60543790e+00
  2.85560417e+02] 1.6067768142679508
[-2.96993329e+00  1.81234024e-01 -3.87693767e-01 -9.63953194e-01
  2.86813590e+02] 1.0546838336541369
[-3.04687016e+00 -4.88938738e-03  2.13324773e-01 -1.00313533e+00
  2.86115483e+02] 1.0255787920928083
[-3.04996512e+00  1.54658273e-01  1.95316708e-01 -1.45555926e+00
  2.85032000e+02] 1.4767262969494956
[-3.00305645e+00 -2.96974401e-01  1.51871478e-01 -1.30172264e+00
  2.87049814e+02] 1.3437784718634165
[-2.97908549e+00  5.63235398e-02 -6.73223233e-02 -1.58525150e+00
  2.87326365e+02] 1.587679737984856
[-2.97675392e+00  3.73805735e-01  1.68065187e-01 -1.18936257e+00
  2.86106517e+02] 1.2579983932406646
[-3.03201181e+00  1.06782800e-01  5.52406559e-02 -1.20545371e+00
  2.85683452e+02] 1.2114341634650474
[-2.98119227e+00 -4.13941871e-01  7.79066044e-02 -1.36012390e+00
  2.87382908e+02] 1.4238519371333684
[-2.98730311e+00  4.22649403e-01  2.79975129e-01 -1.27421349e+00
  2.87274498e+02] 1.3713637799372353
[-3.01546942e+00  1.30635944e-01  2.50783416e-01 -1.18099573e+00
  2.87307492e+02] 1.214375963802116
[-2.99631149e+00  9.36895398e-02 -1.65883287e-01 -1.34580637e+00
  2.87628817e+02] 1.3592239608972514
[-2.99157042e+00  1.93198401e-01  2.06877216e-01 -1.12680833e+00
  2.87659045e+02] 1.161817891668909
[-3.02058899e+00  9.82245816e-02 -7.71055660e-02 -1.24393381e+00
  2.86065451e+02] 1.250185852193515
[-2.97207282e+00 -6.52598396e-02  2.11437893e-01 -1.01981358e+00
  2.86461080e+02] 1.0435442310671386
[-3.01916704e+00  2.25323532e-01  1.43050958e-01 -1.09753507e+00
  2.86580144e+02] 1.1295209205196348
[-2.86400625e+00  7.44619318e-02  5.30285661e-03 -1.29604185e+00
  2.87501488e+02] 1.2981899581866831
[-3.06700613e+00 -2.03970746e-01  4.04799369e-02 -1.05306917e+00
  2.86089197e+02] 1.0734045666252792
[-3.04892308e+00  1.97232495e-01 -8.10501998e-02 -9.64246548e-01
  2.87068280e+02] 0.9875430100607936
[-3.01789198e+00 -8.67452291e-02  1.70469839e-02 -1.21880955e+00
  2.87311657e+02] 1.2220114739782664
[-2.99053219e+00  1.49355395e-01  1.21873001e-01 -1.04960225e+00
  2.86293783e+02] 1.0671574112443656
[-2.95514324e+00 -3.12314722e-02 -8.58908876e-02 -1.13155630e+00
  2.87062714e+02] 1.135241081616422
[-2.96133338e+00  2.69728423e-02 -3.74561562e-02 -8.53627152e-01
  2.86639839e+02] 0.8548741503146878
[-2.98993912e+00  1.70728544e-01  1.50533706e-02 -1.20702182e+00
  2.86001166e+02] 1.2191294104983172
[-3.08464170e+00  8.36975677e-02 -2.35697136e-01 -1.05581847e+00
  2.85853734e+02] 1.0850396646164076
[-2.86717416e+00  3.14289216e-02 -1.44000310e-01 -1.03422768e+00
  2.87014747e+02] 1.0446773481892306
[-3.03096305e+00 -2.15459130e-01  1.04933304e-02 -1.09871952e+00
  2.86657028e+02] 1.119695197895402
[-3.01431043e+00  3.71682510e-01 -1.73924968e-01 -1.03709891e+00
  2.85181753e+02] 1.1153348943729335
[-2.98489713e+00  2.78770373e-01  3.56075321e-03 -1.33250254e+00
  2.85365177e+02] 1.361355437103688
[-2.99471151e+00 -2.35773443e-01 -2.79682194e-01 -1.17705514e+00
  2.86441351e+02] 1.2325867296003272
[-3.07661143e+00  4.27030083e-02 -9.41002771e-02 -1.44352924e+00
  2.87252418e+02] 1.4472232264429248
[-2.97253861e+00 -1.73044774e-01  4.83348984e-02 -1.26993082e+00
  2.86948378e+02] 1.2825774965126067
[-3.01744844e+00  5.89092043e-02 -5.24587575e-02 -1.37167699e+00
  2.87855830e+02] 1.3739432235953049
[-3.01743604e+00  2.36901570e-01 -1.61081766e-01 -1.14862475e+00
  2.86109440e+02] 1.1838110140399556
[-2.94046668e+00  1.84552513e-01  1.43824417e-01 -9.66147216e-01
  2.87305766e+02] 0.9940752163674745
[-2.92545141e+00 -9.59941940e-02  1.28119554e-02 -1.01238276e+00
  2.87042077e+02] 1.0170043642669895
[-3.01822229e+00 -1.63180318e-01 -6.99088538e-03 -1.23887970e+00
  2.86758321e+02] 1.2495997776681316
[-2.97349997e+00  4.21736160e-02 -2.53718729e-01 -1.33270592e+00
  2.85624698e+02] 1.3572976341611747
[-3.00027945e+00 -2.25818051e-02  1.13398988e-01 -1.30359760e+00
  2.87421678e+02] 1.3087153885309604
[-2.96406071e+00  1.13346992e-01  1.30756069e-01 -1.30808592e+00
  2.86220748e+02] 1.3194822680113314
[-3.03861387e+00 -2.11574709e-01  8.95638821e-02 -1.50613606e+00
  2.87231317e+02] 1.523558791411577
[-3.05099211e+00  2.99875559e-03 -3.69645150e-02 -1.37594534e+00
  2.86654645e+02] 1.3764450388699139
[-2.94277886e+00 -1.40489463e-02  5.29154228e-02 -1.53219732e+00
  2.87687761e+02] 1.5331751522654975
[-2.91216891e+00  1.79593897e-01 -7.61003474e-03 -1.62360659e+00
  2.88443736e+02] 1.633526934921499
[-2.96607630e+00  3.76891929e-01  2.80488251e-02 -1.24777754e+00
  2.86035641e+02] 1.3037572787979448
[-2.97960313e+00 -1.71648833e-01  2.27762161e-02 -1.09950547e+00
  2.87332325e+02] 1.1130563168246383
[-2.97183493e+00 -1.32207589e-01 -4.11642025e-01 -1.14646242e+00
  2.86766056e+02] 1.2252771478720192
[-2.99053826e+00  7.47574501e-02 -2.42441836e-01 -1.24388606e+00
  2.86940475e+02] 1.2694956630137342
[-2.97084030e+00  6.25345623e-02 -7.23801680e-02 -9.09857202e-01
  2.86816439e+02] 0.9148713509077906
[-3.00870252e+00 -1.35620581e-01  3.23411990e-01 -1.37423279e+00
  2.86275631e+02] 1.418275012336599
[-3.02360959e+00 -4.47979021e-01  2.25425761e-01 -1.20204841e+00
  2.86375864e+02] 1.302467795809542
[-2.94360729e+00  2.71428175e-01 -2.31031413e-01 -1.02736783e+00
  2.86511590e+02] 1.087443524310777
[-2.97452267e+00 -1.41973546e-01 -2.74613591e-01 -1.22235352e+00
  2.86512513e+02] 1.2608398985595812
[-2.91808092e+00  4.24216972e-02  2.61723886e-01 -1.28065822e+00
  2.86757055e+02] 1.3078166833198694
[-3.02453609e+00  2.15287459e-01 -2.19588201e-01 -1.14412833e+00
  2.85740950e+02] 1.1847351240270954
[-3.04336625e+00 -3.70858788e-02 -2.08677399e-01 -1.13167222e+00
  2.86268139e+02] 1.1513486174895347
[-2.93356392e+00  1.52388196e-01 -1.30481764e-01 -9.35257523e-01
  2.85208630e+02] 0.9565324288313516
[-2.92991050e+00 -5.76995042e-02 -3.50749572e-02 -1.67578505e+00
  2.86241096e+02] 1.677144898203365
[-3.03008901e+00 -1.53825883e-01 -1.27256029e-01 -1.41736392e+00
  2.86074415e+02] 1.4313549476367715
[-2.95473770e+00  1.05886842e-01  3.04054274e-01 -1.56634966e+00
  2.88314519e+02] 1.5990973369810484
[-2.99418711e+00 -2.21619879e-01  8.70168513e-02 -9.40972029e-01
  2.85392701e+02] 0.9706264279927108
[-2.95438765e+00  1.65451846e-01 -1.18066463e-01 -1.56315095e+00
  2.87717056e+02] 1.5763105337742038
[-3.02705320e+00 -2.91967341e-02 -3.40778776e-01 -1.51028992e+00
  2.87543741e+02] 1.5485342352407203
[-3.04332179e+00  1.97068031e-01  1.52519646e-01 -8.72791167e-01
  2.86740744e+02] 0.9076687022992992
[-3.07489162e+00  1.42480826e-01 -1.04475856e-02 -8.38035796e-01
  2.84809827e+02] 0.8501258336346699
[-3.03298174e+00 -7.71715985e-02 -2.28130656e-01 -1.05608144e+00
  2.86976216e+02] 1.083192995366986
[-2.99992877e+00  1.82913422e-01  1.37567556e-01 -1.05740286e+00
  2.86872295e+02] 1.081888606666795
[-2.99171293e+00 -6.66850825e-02 -4.95908441e-02 -1.35682105e+00
  2.86434666e+02] 1.3593636470879782
[-2.97985236e+00  1.49982996e-01  3.69430392e-01 -1.72709685e+00
  2.86960690e+02] 1.7725228517114662
[-3.03358456e+00  1.30148977e-01  1.62987846e-01 -1.49409888e+00
  2.86918774e+02] 1.5085871682541574
[-3.07299288e+00 -9.12443300e-02  1.42827244e-01 -1.15133236e+00
  2.85125492e+02] 1.163740243084927
[-2.96475915e+00  1.91724347e-01 -7.44662550e-02 -1.17889442e+00
  2.87505357e+02] 1.1967019290976952
[-3.05059139e+00 -1.74080397e-01 -2.60732385e-01 -1.30901998e+00
  2.86604123e+02] 1.3460381412860356
[-2.97536868e+00 -1.30189378e-02 -4.51778794e-01 -1.42056153e+00
  2.85990908e+02] 1.4907275473443022
[-2.95180533e+00 -2.47751143e-02  3.08554289e-01 -9.80397318e-01
  2.86304482e+02] 1.0281043027511054
[-2.94135199e+00  2.19816028e-02 -6.90400645e-02 -1.07943466e+00
  2.85301048e+02] 1.0818636231643266
[-3.02526174e+00 -3.45151894e-02 -2.20695031e-01 -1.22343056e+00
  2.85943626e+02] 1.243655874666196
[-2.96499437e+00 -9.33570885e-02  2.59409625e-01 -1.36478805e+00
  2.87736519e+02] 1.3923560349635626
[-2.99270917e+00 -1.57979117e-01  6.01159600e-02 -1.24465081e+00
  2.86415345e+02] 1.2560760166878795
[-2.98477370e+00 -9.19685774e-02  4.68981084e-02 -1.16337680e+00
  2.86894326e+02] 1.1679482990050243
[-2.94798093e+00 -2.65430349e-01 -4.40953289e-02 -1.05165028e+00
  2.86578543e+02] 1.0855256650142195
[-2.98371834e+00 -1.12738961e-01  6.10076387e-02 -1.43634424e+00
  2.85948534e+02] 1.442052976052903
[-3.01036933e+00  9.67316540e-02  1.08719406e-01 -1.36138332e+00
  2.86451282e+02] 1.3691389525635418
[-3.04396628e+00  1.06326556e-01  4.15627571e-02 -6.67253746e-01
  2.85676171e+02] 0.6769493044587859
[-2.93475139e+00  5.19840566e-02  2.52946354e-01 -1.04470599e+00
  2.85545743e+02] 1.0761481318012682
[-3.09321701e+00 -2.07583582e-01 -3.98502339e-02 -1.35821214e+00
  2.86482008e+02] 1.3745614559460297
[-2.99220164e+00  2.97552893e-02  3.94501259e-01 -1.14829086e+00
  2.85684456e+02] 1.2145322273912262
[-2.95884526e+00 -8.67500431e-03 -1.89623636e-01 -1.41702176e+00
  2.87308538e+02] 1.429679350305851
[-2.91134532e+00 -2.22114966e-01 -1.40748182e-01 -1.25210632e+00
  2.87239353e+02] 1.2794199240130146
[-2.90983779e+00 -1.51332935e-01  1.96150669e-01 -1.12736733e+00
  2.86419066e+02] 1.1542676611921938
[-2.99898767e+00 -1.69126522e-01  7.23412358e-04 -9.73495954e-01
  2.86288223e+02] 0.9880782740552444
[-3.00893463e+00  5.84116601e-02  1.45567997e-01 -1.04276258e+00
  2.86911175e+02] 1.0544931284534673
[-3.09754092e+00 -5.36050751e-03 -1.41268228e-01 -1.49478683e+00
  2.85312725e+02] 1.50145700156177
[-2.89246680e+00 -1.80485359e-01  8.23666880e-02 -1.08406764e+00
  2.86301237e+02] 1.1020716340508612
[-3.05828739e+00  9.08478144e-04  7.15446273e-02 -1.17776597e+00
  2.85704840e+02] 1.1799373420936514
[-3.00930368e+00  5.50888416e-02  1.65908694e-01 -1.07247045e+00
  2.87078753e+02] 1.0866247454748075
[-2.99573657e+00 -3.81635716e-01 -9.55541791e-02 -1.25439652e+00
  2.87006822e+02] 1.314643317430632
[-3.09876966e+00  5.94515706e-02  1.37788136e-01 -1.20039927e+00
  2.87434360e+02] 1.2097431457809218
[-2.90552596e+00 -4.03065854e-01  2.57046635e-01 -1.04056397e+00
  2.87335913e+02] 1.1451237641094356
[-2.96556889e+00 -2.83960935e-01 -1.10379309e-01 -1.02317504e+00
  2.86667869e+02] 1.0675694658869452
[-3.05032308e+00 -1.55981760e-01 -6.26034983e-02 -1.31559746e+00
  2.85899014e+02] 1.3262903811129163
[-3.03505916e+00  4.64331020e-02 -3.96336965e-02 -1.05127466e+00
  2.86110250e+02] 1.0530457122509307
[-2.98072793e+00  8.86437669e-02 -1.01525613e-02 -1.20849370e+00
  2.86199097e+02] 1.2117829119562453
[-2.92990928e+00  2.13155422e-01  2.59522615e-01 -1.17413486e+00
  2.86502415e+02] 1.2212206562327164
[-2.95404968e+00 -1.46155925e-02  1.88179295e-02 -1.40198636e+00
  2.85859955e+02] 1.4021888221410803
[-2.91175032e+00  9.59514772e-02 -1.71229479e-01 -9.01770798e-01
  2.86806830e+02] 0.9228850377589329
[-3.04030845e+00 -1.28656057e-01 -1.86132023e-01 -1.45922812e+00
  2.86997519e+02] 1.476666588598279
[-3.09501721e+00 -8.73067604e-03 -2.31430129e-01 -1.07908623e+00
  2.85204422e+02] 1.1036590158197337
[-2.99957828e+00 -2.00059338e-01  6.16552745e-02 -1.02645886e+00
  2.84829175e+02] 1.04758909550526
[-2.95711915e+00 -9.86849371e-02  4.86738155e-02 -1.29525357e+00
  2.87510301e+02] 1.2999190987666296
[-2.98535985e+00 -2.60183110e-01 -2.48922903e-01 -1.16186178e+00
  2.85650839e+02] 1.2163801415550917
[-2.94963475e+00 -2.69925686e-01 -2.37996281e-01 -1.17748145e+00
  2.85578579e+02] 1.2312451728098397
[-2.97182262e+00  7.86297420e-02 -6.29963727e-02 -1.39528687e+00
  2.85172952e+02] 1.3989198062036894
[-2.91710957e+00 -9.10691775e-02 -1.52963829e-01 -1.53368621e+00
  2.87054929e+02] 1.5439834537947155
[-3.03018008e+00 -3.35110235e-01  1.87144197e-01 -9.73084596e-01
  2.85926717e+02] 1.0460475375288316
[-3.05834370e+00  3.88005487e-02  4.35777474e-01 -1.30582623e+00
  2.86424045e+02] 1.3771672452139907
[-2.90544423e+00  2.25715279e-01 -6.96292643e-02 -1.44921526e+00
  2.87785474e+02] 1.4683393644619487
[-2.98982551e+00  1.05960592e-01 -2.11291010e-01 -9.68477287e-01
  2.86279517e+02] 0.996905107549841
[-2.98884832e+00 -1.61130648e-01 -1.61769258e-01 -1.29487882e+00
  2.85390118e+02] 1.3148549536165666
[-3.01027204e+00  1.42916473e-01  7.98157265e-02 -1.51796091e+00
  2.87800691e+02] 1.5267616050454749
[-2.98879832e+00 -1.07627592e-01  3.49237883e-02 -1.30658071e+00
  2.87089210e+02] 1.3114711266358874
[-2.99469090e+00 -2.43248777e-01  6.83967096e-02 -1.38645749e+00
  2.86132254e+02] 1.409295020215059
[-2.98358473e+00  3.56140887e-02  1.24694218e-01 -7.96895555e-01
  2.85478620e+02] 0.8073781870225092
[-3.02003227e+00  4.46361304e-03  1.96925624e-01 -1.18950067e+00
  2.86267759e+02] 1.2056995725192718
[-2.93686189e+00 -1.46495124e-01 -1.37999803e-02 -1.41901189e+00
  2.87263664e+02] 1.4266204849235777
[-2.95642257e+00  1.16030521e-01 -2.41110525e-02 -1.23927241e+00
  2.86490310e+02] 1.244925918456834
[-2.99241743e+00 -2.46438545e-01  3.89978182e-01 -1.14264126e+00
  2.86702791e+02] 1.232251591346822
[ -3.04729701   0.31071323   0.35568688  -1.18805781 285.52382065] 1.2784902095908754
[-3.03689929e+00  4.97952228e-02  3.86435409e-01 -1.15445094e+00
  2.86008398e+02] 1.2184288517247996
[-3.03261833e+00  1.00657854e-01  4.13391391e-02 -7.73551997e-01
  2.85018573e+02] 0.7811681123886511
[-3.03504227e+00  1.72630199e-01 -1.24172898e-01 -1.42869354e+00
  2.87583827e+02] 1.4444325231342023
[-2.90698611e+00  3.32382584e-02 -2.65927673e-01 -1.55051109e+00
  2.88138570e+02] 1.5735014924667439
[-2.99386728e+00  2.27503837e-01  1.43475000e-01 -1.32110175e+00
  2.87374424e+02] 1.3482035855093877
[-2.97493279e+00  1.46455008e-01 -1.15281188e-01 -1.08440758e+00
  2.86082188e+02] 1.1003084176968299
[-2.93999015e+00 -3.81419526e-01 -5.02102253e-02 -1.09056530e+00
  2.85503109e+02] 1.1564318417257606
[-3.00155666e+00 -3.96112368e-02 -1.28909563e-01 -1.21832753e+00
  2.85546045e+02] 1.2257686117718651
[-2.95034337e+00 -1.58408841e-01  3.17083783e-02 -1.08793542e+00
  2.85742801e+02] 1.0998646523860358
[-2.98512308e+00 -2.10844724e-02 -3.20178285e-02 -1.19796695e+00
  2.86755142e+02] 1.1985802054961574
[-3.00949232e+00  3.21512495e-01  5.96321459e-02 -1.26136321e+00
  2.86116441e+02] 1.303059251860116
[-2.96218745e+00  2.65290207e-01  2.98723817e-01 -1.09732736e+00
  2.86163907e+02] 1.167793709738738
[-3.03856202e+00  1.73742705e-01 -1.98623756e-01 -1.12434728e+00
  2.85705648e+02] 1.1549003105513342
[-2.91080485e+00  3.56381705e-01  7.66756477e-02 -9.79715783e-01
  2.86277683e+02] 1.0453373095099072
[-3.07764962e+00  1.32827429e-01 -2.29682323e-01 -1.49510062e+00
  2.86363887e+02] 1.5184607223992383
[-3.00903580e+00 -2.20587068e-01 -1.55494220e-01 -1.02558419e+00
  2.86130630e+02] 1.0604998987504461
[-2.98419034e+00  1.92963793e-01  9.00643248e-02 -1.09498359e+00
  2.86419176e+02] 1.1154979521899608
[-2.99107838e+00 -1.71651755e-01  4.64822654e-02 -1.46704017e+00
  2.86262703e+02] 1.4777793411784004
[-2.93834447e+00  1.06811666e-01  3.67283587e-02 -7.35088421e-01
  2.85984304e+02] 0.7437154632277125
[-2.87052485e+00 -1.78455635e-01  1.19554206e-01 -1.14519897e+00
  2.87095349e+02] 1.1651696420616504
[-3.05460316e+00 -2.80646504e-01 -2.72856148e-01 -1.40755166e+00
  2.86725650e+02] 1.460963591664007
[-2.97281683e+00 -6.51371144e-02  2.23813593e-01 -1.28387440e+00
  2.86741680e+02] 1.304863537599252
[-3.07057524e+00 -2.27101627e-01 -1.33392739e-01 -1.34528610e+00
  2.86571522e+02] 1.3708258297849043
[-2.94423746e+00  2.88442338e-01 -8.20679955e-02 -8.79703404e-01
  2.85290616e+02] 0.9294149863160325
[-2.97607808e+00 -1.63978513e-01  2.05618662e-01 -1.17347591e+00
  2.85517248e+02] 1.202586257968268
[-3.04904169e+00 -5.73065072e-02  1.71538159e-01 -1.21011411e+00
  2.86052672e+02] 1.223554464582417
[-3.02334115e+00  1.32633252e-01  2.09103907e-01 -1.04749000e+00
  2.84176861e+02] 1.076360222384676
[-3.05050000e+00 -3.12056893e-01  2.70605720e-02 -1.09461761e+00
  2.85575973e+02] 1.138551488294893
[-2.93917681e+00 -2.74273726e-01  1.70311266e-01 -1.03311946e+00
  2.85089252e+02] 1.0823898641639609
[-2.98409743e+00  1.01088185e-01 -3.30586812e-02 -1.29702087e+00
  2.86247698e+02] 1.301374209303866
[-2.96690676e+00  2.05238161e-01 -5.71806084e-02 -1.35162113e+00
  2.87844915e+02] 1.368309909988197
[-3.01795996e+00  2.22093976e-01 -2.11004660e-01 -9.64745163e-01
  2.84859533e+02] 1.012216345145877
[-3.00038900e+00  1.76211786e-01  4.83592001e-02 -1.10893883e+00
  2.85868063e+02] 1.123892580513716
[-2.94277249e+00  1.03227568e-02 -3.34404630e-02 -1.20807540e+00
  2.85982654e+02] 1.2085822273391715
[-3.02002628e+00 -1.17668898e-01  1.74445131e-01 -1.18463512e+00
  2.86121590e+02] 1.2031780621601167
[-2.94353933e+00 -2.32669208e-02  1.61811365e-01 -1.26072242e+00
  2.85934741e+02] 1.2712770263842996
[-3.07075150e+00  7.53064808e-02 -5.13609717e-02 -1.55364012e+00
  2.87158234e+02] 1.5563118703748526
[-2.99424463e+00 -3.07977651e-02  3.77560463e-01 -1.13177437e+00
  2.86959251e+02] 1.1934880058204347
[-2.98213600e+00 -2.82492735e-01 -2.18530997e-02 -1.29472303e+00
  2.87326129e+02] 1.3253631349906807
[-3.02612323e+00 -3.41024711e-01  4.51731257e-02 -1.05883880e+00
  2.85486252e+02] 1.1133184910234166
[-3.01453125e+00  3.11506567e-01  1.05269675e-01 -8.35762085e-01
  2.85737818e+02] 0.8981182040169639
[-3.00909553e+00  2.47345001e-02  1.43990935e-01 -1.26185024e+00
  2.86387565e+02] 1.2702799696490643
[-3.09007418e+00  1.92706209e-01  1.95832510e-01 -1.48574714e+00
  2.86057554e+02] 1.5109369999609819
[-2.93744391e+00  1.99277180e-01  1.03816304e-01 -1.09917304e+00
  2.86097711e+02] 1.1219048892256496
[-3.05439408e+00  4.86842132e-01  1.76952536e-01 -1.15082642e+00
  2.85356997e+02] 1.2620336379049055
[-3.01025151e+00  2.66602446e-01  1.79804221e-01 -1.12690286e+00
  2.87194816e+02] 1.1718858668728322
[-2.98885030e+00  1.90857458e-01 -4.13685960e-02 -8.68324857e-01
  2.86022385e+02] 0.8900145998881961
[-2.96192463e+00 -2.05094229e-01 -4.33921772e-02 -1.31131749e+00
  2.86697549e+02] 1.3279684088710548
[-2.97561535e+00 -1.81815025e-01 -3.23121470e-01 -1.29431616e+00
  2.87183793e+02] 1.3463723538836827
[-2.98496489e+00  5.21405547e-02 -8.78402397e-02 -1.36356139e+00
  2.86302495e+02] 1.3673822458842342
[-3.05750396e+00 -5.13527462e-02  8.73709505e-02 -1.48911555e+00
  2.87220273e+02] 1.4925601839820442
[-3.09601676e+00 -1.04402577e-01  1.70136834e-01 -9.28214442e-01
  2.85399481e+02] 0.9494358803818166
[-2.97749092e+00  1.42871512e-01 -1.68046742e-01 -1.10593838e+00
  2.86372572e+02] 1.1277196789990034
[-3.02271492e+00 -1.91732006e-01  5.17363608e-02 -1.56146128e+00
  2.86363639e+02] 1.5740391189164418
[-2.99734540e+00 -1.51223308e-01 -1.98839440e-02 -1.04417009e+00
  2.85644946e+02] 1.0552511692231448
[-3.06179621e+00 -1.47276029e-02  1.70400613e-01 -1.25380004e+00
  2.85401431e+02] 1.2654121112221346
[-2.98249204e+00 -2.78180567e-01  1.27192886e-01 -8.96836589e-01
  2.86826648e+02] 0.9475644177065158
[-3.05050112e+00 -2.88477917e-01 -1.69287898e-01 -1.08865948e+00
  2.86051392e+02] 1.1388842589275938
[-3.02703337e+00 -1.86158181e-01 -2.50855468e-02 -1.17971557e+00
  2.86336652e+02] 1.1945764820354816
[-2.94889891e+00 -2.62603190e-01  3.89715444e-01 -1.07044108e+00
  2.86700597e+02] 1.169052042735991
[-3.03344202e+00 -6.78088262e-02  1.36160401e-01 -1.31834317e+00
  2.86796420e+02] 1.3270894531850115
[-2.89152422e+00 -5.33137206e-02  2.15794798e-01 -1.49802646e+00
  2.87381512e+02] 1.514428283009726
[-3.02187436e+00  1.35037751e-01 -1.60706241e-01 -1.13930021e+00
  2.87312849e+02] 1.1584760092907975
[-2.92083194e+00  2.17972429e-01 -6.75521177e-02 -1.33628130e+00
  2.86259445e+02] 1.355626413441773
[-2.99394206e+00  1.40901548e-02 -6.69155656e-02 -9.41616499e-01
  2.85929500e+02] 0.9440963179158098
[-3.03267983e+00 -4.79178410e-02  5.41583586e-03 -1.60481577e+00
  2.86509624e+02] 1.6055401259012698
[-2.96592300e+00 -1.42715101e-01  3.88682522e-01 -7.63517311e-01
  2.86257488e+02] 0.8685622530201983
[-2.93093935e+00  2.53797748e-01 -7.44648461e-02 -1.27971689e+00
  2.87638161e+02] 1.3067645661541396
[-2.98861436e+00 -1.85251832e-01 -4.49903868e-03 -1.28530961e+00
  2.86767564e+02] 1.2985989692258426
[-3.07333858e+00 -6.42044099e-02  2.89377485e-01 -1.15631773e+00
  2.86116351e+02] 1.1937052506755435
[-2.95769157e+00  9.88439848e-03 -1.06091731e-01 -1.33978760e+00
  2.87616894e+02] 1.3440178494167705
[-3.03128924e+00  1.61216982e-01  3.10159328e-02 -1.13766651e+00
  2.85999803e+02] 1.1494511677614019
[-2.96675307e+00 -2.20915640e-01  1.96964145e-01 -1.32345202e+00
  2.87832281e+02] 1.3561430058433317
[ -3.04410511   0.29931916  -0.31429455  -1.33558801 285.99875254] 1.4043391152062117
[-2.96822309e+00  2.37615979e-01 -1.96550840e-01 -1.06231199e+00
  2.87400562e+02] 1.1061647019455152
[-2.97843141e+00  2.36848000e-01  1.27217997e-01 -1.17855886e+00
  2.86566260e+02] 1.2088351361380751
[-3.02441638e+00  2.56004039e-01 -2.66721926e-01 -1.48554412e+00
  2.86933689e+02] 1.530855961497446
[-3.05620418e+00 -1.10608737e-01 -3.13689090e-02 -1.39626021e+00
  2.85283555e+02] 1.4009856776646639
[-3.08919248e+00  1.40467597e-01 -1.49117699e-01 -1.24286666e+00
  2.86147466e+02] 1.25963676222991
[-2.96258435e+00  3.97355446e-02 -2.15116292e-01 -1.36185191e+00
  2.86484984e+02] 1.3793094524785858
[-2.93274001e+00  2.30410100e-01 -1.80083441e-01 -1.40973581e+00
  2.87797850e+02] 1.4397478670533042
[-2.98100145e+00 -2.40822681e-01 -1.04888510e-01 -9.93324337e-01
  2.86496578e+02] 1.0274679566461598
[-2.99816580e+00 -1.54290157e-01 -2.80514497e-01 -1.45837482e+00
  2.85408664e+02] 1.493101115185117
[-2.94162618e+00  1.32936280e-01  2.58100181e-02 -1.09963287e+00
  2.85869516e+02] 1.1079398287541569
[-2.98154869e+00  1.52791184e-01  4.16924480e-03 -8.25717050e-01
  2.86324845e+02] 0.8397447082500147
[-2.96559017e+00  9.52016098e-02 -5.66443231e-02 -1.26001441e+00
  2.86558867e+02] 1.2648747934879259
[-2.95715300e+00 -5.40551914e-02  2.84257123e-01 -1.27019448e+00
  2.86929503e+02] 1.3027348476596126
[-3.04622384e+00  2.16998971e-02  2.50821307e-01 -1.16341776e+00
  2.86098069e+02] 1.190345785317423
[-3.05099566e+00  1.45578517e-01  1.76549787e-01 -1.15702898e+00
  2.85872714e+02] 1.179440113563612
[-3.05388296e+00  2.48185836e-03  1.59132289e-01 -1.21021444e+00
  2.86256949e+02] 1.2206343530444914
[-3.08990152e+00  2.23485770e-02  2.73567085e-01 -1.06742951e+00
  2.85433684e+02] 1.1021543284341708
[-2.90873491e+00  6.13727063e-02  1.51501926e-01 -1.39221156e+00
  2.87727909e+02] 1.4017747540004821
[-3.08470698e+00  2.81816491e-01  8.64692006e-02 -1.45882888e+00
  2.87985750e+02] 1.4883141984959551
[-2.91162945e+00 -1.41871763e-01 -1.48687975e-01 -8.85093308e-01
  2.86588426e+02] 0.9086395737198681
[-3.01061213e+00  2.41540401e-01  2.15733100e-01 -1.15935051e+00
  2.85992059e+02] 1.2037342498529744
[-3.02788842e+00 -8.48911410e-02 -3.33987771e-01 -1.56516781e+00
  2.87700001e+02] 1.6026554860293534
[-2.97839083e+00 -1.33676547e-01  2.69364517e-01 -1.16793333e+00
  2.85841488e+02] 1.2060244296834968
[-2.98351903e+00  5.64387967e-02 -9.08941741e-02 -1.57825823e+00
  2.87392801e+02] 1.5818805664431055
[-2.93003007e+00 -1.78607967e-01  3.29422337e-01 -1.17536346e+00
  2.86515677e+02] 1.2336527657271263
[-2.98417382e+00  1.79766727e-01 -3.75182843e-03 -1.29461325e+00
  2.86376539e+02] 1.3070400180023787
[-3.01806512e+00 -1.09881237e-01 -7.46956075e-02 -1.57217550e+00
  2.86641878e+02] 1.5777798032556436
[-3.05664001e+00  6.48781819e-02 -1.02162152e-01 -1.01755396e+00
  2.86648947e+02] 1.024725501063331
[-2.86206538e+00  1.03973247e-01 -1.97555168e-01 -1.11365846e+00
  2.87040301e+02] 1.1358140915214467
[-3.02735557e+00  5.49941817e-01 -6.35827388e-03 -1.08999109e+00
  2.85858528e+02] 1.2208836989360505
[-3.04803960e+00  5.44272054e-02  8.73203258e-02 -1.13223772e+00
  2.86457811e+02] 1.136903428278903
[-3.00056629e+00 -7.93724427e-02  2.82839568e-01 -1.46957004e+00
  2.86248297e+02] 1.4986441576233602
[-2.93789379e+00  3.45021558e-01  7.49031611e-02 -1.10886386e+00
  2.87406514e+02] 1.163713629018043
[-3.01395848e+00 -1.82593791e-01  1.57717570e-02 -1.44833108e+00
  2.86440578e+02] 1.4598808705040975
[-2.98351101e+00 -2.64513229e-02 -1.51143985e-01 -1.41915742e+00
  2.86503328e+02] 1.427428440493371
[-2.98946042e+00 -2.59768095e-01 -2.42617156e-01 -1.48136589e+00
  2.86735246e+02] 1.5234130882788175
[-3.06522324e+00 -1.87162262e-01 -1.60280711e-01 -1.49694077e+00
  2.86342397e+02] 1.5170864472362253
[-2.98248119e+00 -9.37478872e-02 -1.97526530e-01 -1.33383503e+00
  2.87165925e+02] 1.351636520861787
[-3.05330156e+00 -2.86470610e-01  3.71221676e-01 -1.28446810e+00
  2.87344247e+02] 1.3673804266995442
[-3.02581811e+00  1.79332017e-01 -3.25285314e-01 -1.41880267e+00
  2.86948621e+02] 1.4666190781368906
[-3.01935092e+00 -3.88203715e-01 -2.48416260e-01 -1.43338799e+00
  2.87129046e+02] 1.5056606160965698
[-2.98731035e+00  1.33037423e-01 -4.49238944e-02 -9.63473521e-01
  2.86211495e+02] 0.9736520616258395
[-2.98494088e+00 -4.49115930e-02 -7.17123194e-02 -9.62079911e-01
  2.86642697e+02] 0.9657936954847344
[-2.96269762e+00  1.27803144e-01  2.41951383e-01 -9.68089903e-01
  2.86656347e+02] 1.0060179802097884
[-3.05499291e+00 -6.59587455e-02  9.08141429e-02 -1.64237131e+00
  2.86560439e+02] 1.6462020755345446
[-2.94039026e+00 -1.40939570e-01 -1.48258863e-02 -1.18049429e+00
  2.87164550e+02] 1.1889703645943661
[-2.96572396e+00  4.48103144e-02 -6.69865160e-02 -1.44159810e+00
  2.85908162e+02] 1.44384910483832
[-3.01488700e+00  1.53751252e-01 -3.28248214e-01 -1.30721940e+00
  2.85963695e+02] 1.3565429963336537
[-3.02857360e+00 -9.18162944e-02  2.54330302e-01 -1.29110783e+00
  2.86400726e+02] 1.3191184816651644
[-3.03574584e+00  5.83553062e-02 -1.59665865e-01 -1.10570382e+00
  2.85255397e+02] 1.11869543300005
[-3.01677565e+00  1.43739017e-01 -6.48077504e-03 -1.31368153e+00
  2.85205342e+02] 1.3215377619388748
[-3.10670122e+00 -2.24571567e-01 -1.77476876e-01 -1.39635848e+00
  2.84876903e+02] 1.4253937804405878
[-3.02126928e+00  2.61738409e-01 -2.12228524e-01 -1.25996172e+00
  2.87352072e+02] 1.3042436399929913
[-2.98740163e+00  1.19988436e-01  3.62067657e-01 -1.13522220e+00
  2.86123192e+02] 1.1975891025357355
[-3.05064232e+00 -3.51227461e-01 -8.57269064e-02 -1.30091833e+00
  2.86240098e+02] 1.3502215909312898
[-2.96092517e+00 -1.50100748e-01  2.44373846e-01 -1.01099111e+00
  2.85787211e+02] 1.050881456747194
[-2.98144708e+00  2.02079057e-01 -2.26370070e-02 -1.25566831e+00
  2.86348642e+02] 1.2720264459673438
[-3.02270575e+00 -2.45137607e-01  1.71596340e-01 -9.67662076e-01
  2.86104683e+02] 1.012870990203937
[-2.93507424e+00  5.49250829e-03 -1.23874553e-01 -1.59178698e+00
  2.88303535e+02] 1.5966091756625098
[-2.99784680e+00  1.03501835e-01 -1.85216338e-01 -1.28317988e+00
  2.87015163e+02] 1.3006030619823745
[-2.93378139e+00  3.29825390e-02 -4.11691115e-01 -1.45503125e+00
  2.88058300e+02] 1.5125122632610046
[-2.95221611e+00  1.92935603e-01  2.16423740e-01 -1.41069788e+00
  2.86403222e+02] 1.4401846746054663
[-2.92956940e+00 -8.36029725e-02 -1.26292755e-01 -1.18504520e+00
  2.86759406e+02] 1.1946846666306765
[-2.97886066e+00  2.88579745e-03 -2.41682311e-01 -1.55202958e+00
  2.86927739e+02] 1.5707369211436462
[-3.07655809e+00  1.44739611e-01  3.43364530e-03 -1.43773429e+00
  2.86890713e+02] 1.4450056220796446
[-3.06869930e+00 -9.83571161e-02  9.59331482e-02 -1.40747323e+00
  2.85926622e+02] 1.4141634251233834
[-2.99835211e+00 -1.38529926e-01 -7.58085334e-02 -1.32962231e+00
  2.86256476e+02] 1.3389671297739012
[-2.85868986e+00  1.32439605e-01  2.08012423e-01 -9.75185937e-01
  2.86089468e+02] 1.0058812204297425
[-2.97070260e+00 -1.74984933e-01 -2.25780848e-01 -1.45110395e+00
  2.87691789e+02] 1.4789521301908555
[-2.97615720e+00 -1.03016241e-01 -3.65871974e-01 -1.14762205e+00
  2.85999384e+02] 1.2089296943530077
[-3.01570136e+00 -1.53535997e-01 -2.25474628e-01 -1.20594296e+00
  2.86688992e+02] 1.2364103378796376
[-3.06360534e+00  1.05972244e-01 -2.08448620e-01 -1.38376602e+00
  2.87478707e+02] 1.403384960390536
[-2.90992970e+00  8.08877901e-02  2.08329901e-01 -1.31581917e+00
  2.86902870e+02] 1.3346626071733727
[-2.95759717e+00 -2.19749007e-01 -3.99298274e-01 -1.06124482e+00
  2.86139647e+02] 1.154975888666585
[-3.01156938e+00 -2.63243484e-01  1.56826109e-02 -1.25413835e+00
  2.86733957e+02] 1.2815639170821023
[-3.00907628e+00  1.81159826e-01 -1.03306071e-01 -1.04356420e+00
  2.86524285e+02] 1.064197945444636
[-3.11864407e+00 -1.91399723e-01 -2.59601880e-01 -1.66997861e+00
  2.86190065e+02] 1.700839661475083
[-2.97903299e+00  2.87885023e-01 -3.50059985e-02 -1.01620742e+00
  2.86240299e+02] 1.0567784647845062
[-2.92706653e+00 -2.00109649e-02 -1.21134592e-01 -1.33490941e+00
  2.86389955e+02] 1.3405436043232328
[-3.01808071e+00 -7.71044690e-02 -2.97029023e-01 -9.76362046e-01
  2.86607507e+02] 1.0234520919439385
[-2.93888955e+00  2.88114606e-02 -2.67951019e-01 -1.02016347e+00
  2.86139171e+02] 1.055159400043901
[-3.00061829e+00  1.40250108e-01  7.69225598e-02 -1.31698952e+00
  2.85833463e+02] 1.3266682238919305
[-2.97943303e+00  1.06338486e-01 -2.05131674e-01 -1.27036202e+00
  2.86540636e+02] 1.2912035199894403
[-2.98682163e+00  3.21114273e-01 -2.03577989e-02 -1.29532449e+00
  2.86839288e+02] 1.3346888543751543
[-2.91619330e+00 -1.41377847e-01  3.51061474e-01 -1.27159258e+00
  2.86241763e+02] 1.3267175867109149
[-2.97265369e+00 -2.49538458e-02  3.00652856e-01 -1.57970227e+00
  2.88594760e+02] 1.6082518722777128
[-3.03551314e+00  3.69356705e-01  1.97577429e-01 -1.57844889e+00
  2.86471746e+02] 1.6330836183142647
[-2.92061329e+00  3.08931762e-01  1.35070308e-01 -1.45339797e+00
  2.88021961e+02] 1.4919948025038154
[-3.08603149e+00 -1.63311515e-01  2.25472709e-01 -1.55298206e+00
  2.85352935e+02] 1.5777394777016593
[-2.95558877e+00  2.44280238e-01 -2.38784421e-01 -1.30852586e+00
  2.85899542e+02] 1.3523796661576508
[-3.06025528e+00  3.17115924e-01 -1.23585353e-01 -1.08223078e+00
  2.86491353e+02] 1.1344863605756133
[-3.04076391e+00  7.03536170e-02 -1.55619925e-01 -1.12270976e+00
  2.85817750e+02] 1.1356251092816487
[-2.96264165e+00 -3.97028137e-02  2.90582470e-01 -1.35257911e+00
  2.86206785e+02] 1.384010383289902
[-3.02151272e+00  1.00757344e-01  1.00698819e-01 -1.31562552e+00
  2.86292646e+02] 1.323315082685716
[ -2.95765109  -0.38773262  -0.5268694   -1.17026222 285.52327544] 1.340686991520188
[-3.13958948e+00  1.28080414e-01 -1.08847567e-01 -1.11330777e+00
  2.86190585e+02] 1.1259247662904388
[-2.98057305e+00 -1.24915249e-01 -6.29197102e-02 -1.19039791e+00
  2.86367361e+02] 1.198586625880785
[-2.98600437e+00 -1.29061244e-01  4.39264211e-02 -1.26471124e+00
  2.87271884e+02] 1.2720380719358004
[-3.00615159e+00  1.30419661e-01  7.80828105e-02 -1.21078888e+00
  2.85160370e+02] 1.2202933730148644
[-3.16137871e+00 -2.04104130e-02 -1.16144050e-01 -1.13993039e+00
  2.84154494e+02] 1.1460136607369125
[-2.99066549e+00  1.52532826e-01  2.24655154e-02 -8.17706669e-01
  2.85473518e+02] 0.8321148708463296
[-2.98539611e+00  9.39622731e-02 -1.52802418e-01 -1.20837411e+00
  2.86592904e+02] 1.2216159315577726
[-2.95379404e+00  4.65368568e-02  1.81579743e-01 -1.19553686e+00
  2.86695388e+02] 1.2101426657397658
[-2.93034430e+00  7.51300868e-02  6.73354155e-02 -1.25515597e+00
  2.87288715e+02] 1.259204149316043
[ -3.00190774  -0.31865244   0.34049985  -1.3522992  286.03034925] 1.4304519078957725
[-2.99714302e+00  7.27436246e-02 -3.73245739e-01 -1.18409822e+00
  2.86548618e+02] 1.2436609705682284
[-2.89612084e+00 -1.41289111e-01 -1.10105750e-01 -1.22574923e+00
  2.87496827e+02] 1.2387683657849493
[-3.00977881e+00 -1.19868138e-01  1.86915696e-01 -1.47574116e+00
  2.85505833e+02] 1.4923531166970943
[-3.07021931e+00 -2.18859501e-01 -1.94482493e-02 -1.50446107e+00
  2.87870720e+02] 1.5204212658000669
[-2.96344775e+00  1.51645572e-02 -1.44752762e-02 -1.07828922e+00
  2.86933097e+02] 1.078492992222599
[-2.98065001e+00  3.87640639e-01 -1.60104107e-01 -1.12996223e+00
  2.86604211e+02] 1.2052855350423846
[-2.98901167e+00  5.71969241e-01 -1.08719809e-01 -1.37470392e+00
  2.86083372e+02] 1.4929098047702016
[-2.99577731e+00  3.11406060e-01 -5.45801700e-02 -1.60525881e+00
  2.86623493e+02] 1.6360955310915957
[-2.94587255e+00  2.56407852e-02  2.06159245e-01 -1.07416933e+00
  2.86058115e+02] 1.0940744200013612
[-2.95007218e+00 -3.64929705e-02  2.35443086e-01 -1.04666921e+00
  2.86482473e+02] 1.0734438081528854
[-3.00513343e+00 -1.73129845e-01 -2.12085826e-01 -1.09829466e+00
  2.86837307e+02] 1.131903484549653
[-2.98065558e+00 -2.56919126e-02 -1.66074760e-01 -1.53388975e+00
  2.89145065e+02] 1.5430679425242935
[-2.99039470e+00  3.25083268e-01 -2.54670140e-01 -9.68526414e-01
  2.86595006e+02] 1.0528909848212908
[-2.95718083e+00 -5.18842063e-02  2.44618334e-01 -1.27910414e+00
  2.87017333e+02] 1.3033178821606433
[-3.01716132e+00 -1.22716481e-02 -1.42980291e-01 -1.15232637e+00
  2.87506950e+02] 1.1612278047805544
[-2.94863796e+00 -2.17554629e-01 -3.82119573e-01 -1.25184109e+00
  2.87465796e+02] 1.3268200665694692
[-3.04703176e+00 -6.38073895e-02  5.00900393e-02 -1.25556556e+00
  2.86074911e+02] 1.258183323958141
[-2.95563495e+00  1.11189803e-01  3.22114682e-01 -1.31045052e+00
  2.87427910e+02] 1.3540316126207295
[-2.97285550e+00  1.79912624e-01 -6.54088741e-02 -1.29354786e+00
  2.86552949e+02] 1.3076363896949728
[-3.01576167e+00  1.12143572e-01 -1.26021700e-01 -1.41016151e+00
  2.86735503e+02] 1.4202158728515692
[-2.96206174e+00 -7.73442194e-02 -1.69260667e-01 -1.48663983e+00
  2.86542286e+02] 1.498242070056924
[-3.02969457e+00 -1.77341920e-01 -3.95933850e-01 -1.50503277e+00
  2.87326095e+02] 1.566313320999087
[-2.95432011e+00 -4.53795161e-02  2.59573517e-01 -1.02307338e+00
  2.86147580e+02] 1.0564643155928775
[-3.12064428e+00  1.64672193e-02 -8.50055937e-02 -1.07955031e+00
  2.84513526e+02] 1.083017081952418
[-2.99555678e+00  1.12671207e-01  4.28665252e-03 -8.58151789e-01
  2.87006533e+02] 0.8655273935033
[-3.03630101e+00 -1.32242249e-01 -1.79719794e-02 -1.35629591e+00
  2.86842539e+02] 1.3628461375491314
[-2.94069078e+00  1.13600828e-02 -2.42046996e-01 -1.19256494e+00
  2.87400291e+02] 1.2169334107325904
[-3.04093687e+00 -2.06531048e-01  7.77580449e-02 -1.33031893e+00
  2.86409987e+02] 1.3484991083126958
[-2.89434069e+00 -1.47067397e-01  2.49370634e-01 -1.04195274e+00
  2.87013170e+02] 1.08142500683871
[-3.05213282e+00  2.33649769e-01  1.46413623e-01 -1.43163837e+00
  2.87444920e+02] 1.4579497931796526
[-2.95923327e+00  1.99662711e-01 -1.12130415e-01 -1.58784066e+00
  2.86926152e+02] 1.6042681808963302
[-2.92564375e+00 -2.09761992e-01 -2.64312368e-01 -1.50567118e+00
  2.87232986e+02] 1.5430187344638622
[-2.99103135e+00  7.46197295e-02  2.13669687e-01 -1.60912488e+00
  2.86987139e+02] 1.6249632955559878
[-3.04264334e+00  1.29375377e-01  1.21349007e-01 -1.07224268e+00
  2.85324889e+02] 1.086815500350918
