/mnt/stage/douwei/Simulation/5kt_root/2MeV/5kt_+6.20.root
[-3.11640602e+00 -2.56028457e-01  2.51189920e-01  5.87009935e+00
  3.05216876e+02] 5.881046958247284
[-3.00606887e+00  1.75718334e-01  4.76178661e-02  6.23897349e+00
  3.08938353e+02] 6.24162916359775
[-3.15752520e+00  4.91678041e-02  9.56858278e-02  6.07188134e+00
  3.06263963e+02] 6.072834285180381
[-3.04004798e+00  1.83809737e-01 -2.84040808e-02  6.25006820e+00
  3.10734025e+02] 6.252834986987552
[-3.08717265e+00  2.95982005e-01 -1.82650072e-01  6.43231360e+00
  3.11883055e+02] 6.44170976208573
[-3.13831412e+00  1.23619875e-01  1.24452911e-01  6.18634142e+00
  3.08960961e+02] 6.18882788540202
[-3.12284621e+00 -1.66337318e-01  1.02375722e-01  6.43953241e+00
  3.10501370e+02] 6.44249381238936
[-3.08854658e+00 -1.20528007e-01 -8.98312197e-02  6.21353701e+00
  3.07850388e+02] 6.215355086637026
[-3.11914236e+00 -1.22331414e-01 -3.99552354e-01  6.37431927e+00
  3.09887796e+02] 6.38800071749847
[-3.11750134e+00  2.68078724e-01  4.40107053e-03  6.16497184e+00
  3.07546388e+02] 6.1707992453888085
[-3.10682011e+00  2.35699194e-01  1.09071436e-02  6.26377393e+00
  3.10798505e+02] 6.268216405916292
[-3.21324210e+00 -1.65195138e-01  1.57780672e-01  6.28352965e+00
  3.08646999e+02] 6.2876807352487365
[-3.08680963e+00 -8.02750974e-02 -3.37983166e-01  6.27369043e+00
  3.12568605e+02] 6.28330074977369
[-3.13071959e+00  5.12171535e-02 -1.30381411e-01  6.49309606e+00
  3.11177647e+02] 6.494606909529339
[-3.07191904e+00  1.10942601e-01  1.25512199e-01  6.27460288e+00
  3.09190496e+02] 6.276838608890103
[-3.09778582e+00  1.58875678e-01 -3.29044914e-01  6.46527688e+00
  3.13757264e+02] 6.475593964739748
[-3.01397985e+00 -1.59383210e-01 -1.43725594e-02  6.06361712e+00
  3.10418190e+02] 6.065728496678906
[-3.08428197e+00 -1.46234601e-01  1.25975123e-01  6.01745878e+00
  3.08692942e+02] 6.020553496404495
[-2.95272358e+00  2.87877542e-01 -3.01359080e-02  6.13778834e+00
  3.11286586e+02] 6.144609619039217
[-3.11532447e+00  4.24094185e-01 -2.18565699e-02  6.15570184e+00
  3.08406645e+02] 6.17033214275977
[-3.03033774e+00 -5.57742774e-02  8.28902825e-02  6.28424785e+00
  3.11896936e+02] 6.285041968988978
[-3.09881887e+00 -2.74404713e-01 -1.41752515e-01  6.33025442e+00
  3.11103325e+02] 6.337784532789335
[-3.04025808e+00  7.58994468e-02  1.66874171e-01  6.34190432e+00
  3.12136801e+02] 6.344553425728869
[-3.13175447e+00  3.17355511e-01  3.43854771e-02  6.40767895e+00
  3.09392437e+02] 6.415625178489572
[-3.03927792e+00 -1.96689222e-01 -3.72493118e-02  6.20794840e+00
  3.11646267e+02] 6.211175208350184
[-3.05039851e+00 -2.24928666e-01  1.99389742e-01  6.12840937e+00
  3.10200991e+02] 6.135776282645007
[-3.06509607e+00  1.38174562e-01  2.26778484e-01  5.97606661e+00
  3.07620684e+02] 5.981963961061703
[-2.97045530e+00 -1.20813962e-01  7.95170312e-03  5.98544162e+00
  3.07319805e+02] 5.986666070209234
[-3.09765330e+00 -2.76385828e-01 -8.35181377e-02  6.46712298e+00
  3.12498983e+02] 6.473565020596161
[-3.13462600e+00 -9.65875741e-02  5.49574380e-02  6.23187010e+00
  3.08894932e+02] 6.2328608526234595
[-3.02024225e+00  6.72126357e-02 -1.44731383e-01  6.30704964e+00
  3.11536698e+02] 6.309068071094332
[-3.10011323e+00  2.17601739e-01  2.78700764e-01  6.43934907e+00
  3.12574433e+02] 6.449049630416727
[-3.22799676e+00 -1.05409213e-01  1.67951361e-01  6.18406820e+00
  3.07372743e+02] 6.187246424328738
[-3.05382502e+00 -7.26925092e-02  6.11521949e-02  6.39756044e+00
  3.08990381e+02] 6.398265651128169
[-3.08666269e+00 -1.47640999e-01  6.46740056e-02  6.49184802e+00
  3.08245043e+02] 6.493848732904378
[-3.05913351e+00 -6.54852892e-02 -2.60466218e-01  5.97976552e+00
  3.09727884e+02] 5.985793732207959
[-3.07281131e+00  5.29748027e-02  1.80055791e-02  6.58574058e+00
  3.13419670e+02] 6.58597825148024
[-3.15913793e+00 -1.74073639e-02  7.19467184e-02  6.30170264e+00
  3.08502920e+02] 6.302137372496344
[-3.05450596e+00  2.12998537e-01 -4.46924663e-02  6.10142422e+00
  3.08172675e+02] 6.105304526347907
[-3.17545562e+00  3.77389946e-02 -2.27967992e-01  6.40656289e+00
  3.11332933e+02] 6.410728641590494
[-3.02262624e+00  3.01014667e-01  9.63071766e-04  6.16130309e+00
  3.10115880e+02] 6.16865192173222
[-3.13406500e+00  1.28800620e-01 -3.48627343e-02  5.91420131e+00
  3.06534893e+02] 5.9157063922480715
[-3.14808579e+00  1.32441783e-01 -5.97109037e-02  6.23487863e+00
  3.07665600e+02] 6.236570993858022
[-3.10596791e+00 -2.88474878e-01  1.25641962e-01  6.43483913e+00
  3.08867485e+02] 6.442527325159556
[-3.07146475e+00  1.13023992e-01 -1.48592821e-01  6.38838044e+00
  3.10778604e+02] 6.391107798967126
[-2.96837692e+00 -1.69302211e-01  1.88419080e-01  6.26490700e+00
  3.13029262e+02] 6.2700258945519725
[-3.06711577e+00 -5.73887044e-02 -2.33992534e-02  6.47492093e+00
  3.13625166e+02] 6.475217527805903
[-3.06549969e+00 -1.08777707e-01 -3.01058167e-01  6.10839700e+00
  3.10653835e+02] 6.116778766072969
[-3.01940192e+00 -1.61183793e-01  2.70788027e-01  6.28873974e+00
  3.10825331e+02] 6.29663035892061
[-3.05364510e+00 -1.44471419e-01 -2.78838735e-02  6.12169459e+00
  3.09450145e+02] 6.123462600022688
[-3.02888415e+00 -7.52665280e-02 -1.36904633e-01  6.37765002e+00
  3.11802222e+02] 6.379563287694916
[-2.97976650e+00 -1.68418061e-01  1.20691882e-01  6.12787132e+00
  3.09916956e+02] 6.131373267653929
[-3.02831768e+00 -2.15704523e-02 -4.65896850e-02  6.13478629e+00
  3.09723575e+02] 6.135001117195206
[-3.00939497e+00 -7.37490153e-02 -1.08479576e-02  6.29116732e+00
  3.10379702e+02] 6.291608920626538
[-3.06909042e+00  1.08807169e-04  1.40050224e-01  6.20146661e+00
  3.09670575e+02] 6.2030478139418745
[-3.06875392e+00 -1.97444716e-01 -7.79450666e-03  6.34827333e+00
  3.10642172e+02] 6.35134784010582
[-3.02169626e+00  3.35950542e-01  3.02537197e-01  6.31455476e+00
  3.11151338e+02] 6.330718231821568
[-3.01444725e+00  8.96191389e-02  1.48462682e-01  6.30705246e+00
  3.09331130e+02] 6.309436072242107
[-3.07593377e+00 -1.74841638e-01 -6.98927940e-02  6.30307389e+00
  3.10715249e+02] 6.305885750775406
[-3.04021684e+00  1.81476028e-01 -2.08196692e-01  6.36719477e+00
  3.11044172e+02] 6.373181992070335
[-3.13493345e+00  1.43358809e-01  8.49936375e-02  6.30068169e+00
  3.09406002e+02] 6.3028854835960315
[-3.15258226e+00 -2.28042941e-02  1.78776378e-01  6.13270941e+00
  3.05132603e+02] 6.135357013765251
[-3.15242194e+00  6.56377620e-02 -4.42168697e-02  6.06300187e+00
  3.09842586e+02] 6.063518380393611
[-3.10199827e+00  1.66872892e-01  1.87603467e-01  5.95849254e+00
  3.06216493e+02] 5.963780262360749
[-3.07854223e+00 -1.20941918e-01  8.68721893e-02  6.40345463e+00
  3.09501763e+02] 6.405185780185793
[-3.05942526e+00  6.02090305e-02  3.11798597e-01  6.23410826e+00
  3.10956541e+02] 6.242191062908029
[-3.03083352e+00  1.40143228e-01 -9.37835794e-02  6.26062784e+00
  3.11142873e+02] 6.26289840113792
[-3.07652260e+00  2.10674029e-01 -9.81509777e-02  6.18648952e+00
  3.08719556e+02] 6.190853716817456
[-3.19628784e+00  4.78459947e-02 -2.63448488e-01  6.34239490e+00
  3.08703664e+02] 6.348044378016571
[-3.05902693e+00 -3.24400806e-02 -6.35187616e-02  6.04819604e+00
  3.09774180e+02] 6.048616560600312
[-3.12627719e+00  7.49597661e-02  2.85470123e-02  6.46075617e+00
  3.13303047e+02] 6.461254067889015
[-3.09748742e+00  1.88141390e-02 -1.55467131e-01  6.22149663e+00
  3.07736356e+02] 6.223467227049396
[-3.19289195e+00  3.58516124e-02  2.38875187e-01  6.49508525e+00
  3.10553743e+02] 6.499575298756066
[-3.03982234e+00 -3.84462120e-01  1.76463216e-01  6.08252391e+00
  3.09969883e+02] 6.0972163715409105
[-3.01031100e+00 -1.26965013e-01 -2.00254607e-01  6.27198160e+00
  3.11669459e+02] 6.276461995390739
[-3.10386928e+00 -4.46446453e-02  3.21731406e-01  6.46494146e+00
  3.11674415e+02] 6.473096034223319
[-3.18673598e+00  2.24457766e-02  8.09865983e-02  6.30820432e+00
  3.09534357e+02] 6.308764097115246
[-3.07692353e+00 -1.03241802e-01 -9.03238630e-03  5.93687282e+00
  3.08869496e+02] 5.93777730383403
[-3.13907498e+00 -2.04711980e-01  4.17343706e-02  6.23023413e+00
  3.10018246e+02] 6.233736122652448
[-3.06342071e+00 -2.46040661e-01 -1.24046515e-01  5.98192425e+00
  3.09548924e+02] 5.988266964879796
[-3.06859821e+00 -1.47749581e-01 -3.26854671e-01  6.27815164e+00
  3.10356226e+02] 6.288390244500886
[-3.10085532e+00 -2.72920644e-02  1.39202940e-01  6.07876254e+00
  3.07950284e+02] 6.080417450783419
[-3.02752328e+00  1.16376125e-01 -1.15145855e-01  6.21102003e+00
  3.09600495e+02] 6.213177274176171
[ -3.08225502  -0.43578116   0.39756386   6.34162481 310.91694528] 6.369000505080215
[-3.04460892e+00  2.29963904e-01 -3.31061791e-01  6.27776692e+00
  3.09083197e+02] 6.290694943147309
[-3.05108063e+00 -1.65236047e-01  1.86345600e-01  6.32332977e+00
  3.11647476e+02] 6.328232535308442
[-3.15909108e+00 -2.21713168e-01 -4.95457792e-01  6.21035340e+00
  3.08012706e+02] 6.234029551817733
[-3.05837619e+00 -1.51114098e-01  1.31334503e-01  6.31415828e+00
  3.11539229e+02] 6.3173316393847445
[-3.03237684e+00  1.40351558e-01  4.57909536e-01  6.08677548e+00
  3.10253084e+02] 6.105588873707425
[-3.12702618e+00  4.53882207e-01 -1.11890426e-01  6.16602999e+00
  3.07202323e+02] 6.183724953649517
[-3.13077747e+00  9.77650162e-02  1.27340923e-01  6.33594351e+00
  3.09251467e+02] 6.337977113705306
[-3.11820761e+00  2.80310262e-01 -5.88654677e-02  6.17501407e+00
  3.09558031e+02] 6.181653318313497
[-3.10492000e+00  1.25590223e-01  2.32366773e-02  6.00832811e+00
  3.10174685e+02] 6.009685474755929
[-3.04554797e+00 -9.01123942e-02  2.51669573e-02  6.42177389e+00
  3.10519492e+02] 6.422455408264522
[-3.04460349e+00 -2.17696141e-01  1.39077958e-01  6.13439560e+00
  3.11391370e+02] 6.139832545224493
[-3.07374664e+00  1.10333034e-01 -5.07439919e-02  6.24151241e+00
  3.12347875e+02] 6.242693766017179
[-3.02699296e+00  2.34862941e-01 -7.41813647e-02  6.28878824e+00
  3.11666348e+02] 6.2936095412041935
[-3.11347398e+00 -7.92193829e-02 -1.63297629e-01  6.20519224e+00
  3.07389389e+02] 6.207846051096766
[-3.04258928e+00 -3.44496059e-01 -4.48492814e-02  6.39864195e+00
  3.11096941e+02] 6.408065835270423
[-3.08014736e+00 -3.09397474e-01  3.05403378e-01  6.00576751e+00
  3.10115826e+02] 6.0214816596054455
[-3.00541385e+00  1.37528738e-01  2.41735440e-01  6.34009670e+00
  3.11047729e+02] 6.346193846863636
[-3.09931078e+00  1.09167615e-02  1.02108546e-02  6.21919317e+00
  3.10790689e+02] 6.219211130940279
[-3.03818751e+00 -2.85540933e-01 -2.52615675e-01  5.93264221e+00
  3.06835534e+02] 5.944879464478712
[-3.14991178e+00  1.50163393e-01 -7.95430780e-02  6.26154186e+00
  3.09001732e+02] 6.263847267322466
[-3.08858547e+00  3.28753056e-01 -1.77254271e-02  6.01217940e+00
  3.07838229e+02] 6.021187083856499
[-3.07504508e+00  2.83093154e-01 -2.60288493e-01  6.37219072e+00
  3.10218197e+02] 6.383784645468163
[-3.15640028e+00 -1.94921494e-01 -9.37300975e-02  6.29090546e+00
  3.10951710e+02] 6.294622410315837
[-3.05620283e+00  1.56387429e-01 -1.32007338e-01  6.19001129e+00
  3.12163515e+02] 6.193393470907141
[-3.01357994e+00 -4.08453845e-02  1.56471048e-01  6.02687110e+00
  3.07234250e+02] 6.029040292038133
[-3.01788944e+00 -3.65749160e-01  1.70126856e-01  6.51595327e+00
  3.13025986e+02] 6.528427269645243
[-3.07484434e+00 -2.25910041e-01 -3.40687758e-01  6.65875524e+00
  3.11040036e+02] 6.6712910900329865
[-3.03116308e+00 -2.79508450e-02 -1.79691222e-01  6.20588511e+00
  3.11262918e+02] 6.208548958184162
[-3.07036280e+00  1.31763277e-01  2.06940932e-01  6.37004884e+00
  3.09342479e+02] 6.374771233218684
[-3.05051269e+00  5.69965133e-03 -1.63061481e-01  6.13544138e+00
  3.08695407e+02] 6.137610487989013
[-3.08467348e+00 -2.48854413e-01 -1.47041660e-01  6.36807779e+00
  3.11870234e+02] 6.3746344641842505
[-3.05115580e+00  2.48824312e-02  2.17837427e-01  6.23518888e+00
  3.09809020e+02] 6.239042604514966
[-3.08657698e+00 -2.08846439e-01  3.85090233e-01  6.26448432e+00
  3.09577878e+02] 6.2797830483413986
[-3.01702190e+00  1.25394587e-01 -1.95497709e-03  6.62328337e+00
  3.13275198e+02] 6.624470564631477
[-3.04001260e+00 -4.18572486e-02  1.58986016e-01  6.09813367e+00
  3.08842885e+02] 6.100349401692051
[-3.06654019e+00 -1.01755896e-01  5.28166326e-03  6.13200168e+00
  3.07320831e+02] 6.1328481808849675
[-3.05188887e+00 -4.66920027e-02 -2.19730720e-01  5.99678304e+00
  3.08660131e+02] 6.000988960810913
[-3.05466195e+00  3.20328234e-02 -2.58889112e-02  6.23139740e+00
  3.11155706e+02] 6.231533508575253
[-3.10079280e+00 -3.74546623e-02  9.29756569e-03  6.11203649e+00
  3.09485687e+02] 6.112158320984798
[-3.02268597e+00  3.25161464e-01  1.38181119e-01  6.03744688e+00
  3.10489206e+02] 6.047775523024388
[-3.09487088e+00  5.62861286e-02 -9.75763088e-02  5.91785927e+00
  3.09378427e+02] 5.9189312929612985
[-3.11166637e+00 -2.60996737e-02 -1.86759166e-02  6.30901092e+00
  3.10652794e+02] 6.309092547595668
[-3.02951809e+00  8.02191415e-02  8.78681897e-02  5.73873117e+00
  3.06288318e+02] 5.739964408011056
[-2.99596502e+00  2.26055059e-01 -2.89136742e-03  6.45357482e+00
  3.12810604e+02] 6.457533370410124
[-3.08761332e+00  1.98374913e-01 -8.32903023e-03  6.41459876e+00
  3.11892751e+02] 6.417670858177926
[-3.19195873e+00  1.60774212e-02 -1.65264262e-01  6.17642446e+00
  3.07419925e+02] 6.178655991915604
[-3.06898783e+00  2.78216442e-01 -1.16117173e-01  6.16309799e+00
  3.10310752e+02] 6.170467119125654
[-3.01859446e+00  2.16662630e-01 -6.91943932e-02  6.42326543e+00
  3.11488346e+02] 6.427290976638538
[-3.10245349e+00  2.42371932e-01 -1.86899236e-01  6.03066592e+00
  3.06337553e+02] 6.038427520239406
[-3.08629587e+00  3.25602053e-02 -4.97653931e-01  6.25574513e+00
  3.08863724e+02] 6.275592935671668
[-3.04831283e+00 -2.87847759e-01  1.87324048e-02  6.18930640e+00
  3.10236727e+02] 6.196024610366585
[-3.09429026e+00  3.46767779e-02 -3.16379543e-01  6.19897320e+00
  3.11178901e+02] 6.207138404848421
[-3.06432986e+00 -2.20588561e-01 -4.17011899e-02  6.25081975e+00
  3.10625129e+02] 6.254849787959548
[-3.09591660e+00  1.41601520e-01  3.67648873e-01  6.52608586e+00
  3.11670453e+02] 6.537967065279971
[-3.11486422e+00  1.47964036e-01 -2.80464623e-01  6.25313238e+00
  3.10669612e+02] 6.2611674861754825
[-3.08105197e+00  1.29621753e-01 -2.65489635e-01  6.09369205e+00
  3.08795908e+02] 6.100849886142279
[-3.19952483e+00  9.80468546e-02 -2.76811336e-02  6.04143923e+00
  3.06732796e+02] 6.042298187194608
[-3.14481364e+00  2.25109270e-02  1.50033632e-01  6.21861819e+00
  3.10083475e+02] 6.220468550062557
[-3.19229927e+00  2.12845326e-01 -2.09651952e-01  6.64594571e+00
  3.13578411e+02] 6.65265746840003
[-3.04243020e+00 -3.98431076e-03 -2.33691369e-01  6.19416565e+00
  3.10765889e+02] 6.198573676306566
[-3.11102449e+00  6.56120608e-02  1.29137649e-01  5.93329647e+00
  3.09056478e+02] 5.935064316884558
[-3.09648602e+00 -3.56574287e-01 -1.31058245e-01  6.25991503e+00
  3.10916044e+02] 6.2714318690107405
[-3.02688104e+00 -1.55700058e-01  7.36230990e-02  6.28950900e+00
  3.12093987e+02] 6.291866683411507
[-3.05911759e+00  2.05627740e-01 -5.11991618e-02  6.44289720e+00
  3.11696484e+02] 6.446381038058175
[-3.09281892e+00 -4.52882692e-02  1.46596446e-01  6.30912252e+00
  3.09318874e+02] 6.310987923192581
[-3.02772601e+00  3.22888455e-02  2.57759298e-01  6.15063628e+00
  3.11678678e+02] 6.15611964120916
[-3.07295278e+00 -4.81414494e-02  1.62516636e-01  6.46982672e+00
  3.12462733e+02] 6.472046584868536
[-3.01151000e+00 -2.71947953e-01  2.32280583e-01  6.07756003e+00
  3.10461610e+02] 6.088074073106318
[-3.16027698e+00  2.30087312e-01  3.78628972e-01  6.09882093e+00
  3.08232629e+02] 6.114893035364353
[-3.06377202e+00  7.71005602e-02 -4.16694297e-02  6.24625552e+00
  3.10432593e+02] 6.2468703270621475
[-3.16194481e+00 -2.47889838e-01  1.51658619e-01  6.16836049e+00
  3.09513998e+02] 6.175202084714976
[-2.99625612e+00 -1.24480404e-01 -1.01661333e-01  6.59385038e+00
  3.12287164e+02] 6.5958087671951295
[-3.02330335e+00  1.20178958e-01  1.58419101e-01  6.23513275e+00
  3.11047893e+02] 6.238302649856706
[-3.00239274e+00 -1.30713869e-01 -1.15381986e-02  6.32841350e+00
  3.14448717e+02] 6.329773821931631
[-3.19205806e+00  4.23326488e-02 -1.49934091e-01  6.58336612e+00
  3.12670986e+02] 6.5852093204285005
[-3.01503720e+00  1.01886944e-02  1.20984032e-01  5.95765769e+00
  3.06859016e+02] 5.958894703141379
[-3.10846864e+00 -1.24472443e-01 -6.23717328e-02  6.22761165e+00
  3.10204062e+02] 6.229167721981658
[-3.08224724e+00  1.98036930e-01  1.96705232e-01  6.17686062e+00
  3.10885400e+02] 6.183164133922942
[-3.10800492e+00  2.27076732e-01  1.57601403e-01  6.24800906e+00
  3.10060987e+02] 6.25412018448692
[-3.00321075e+00 -8.35477069e-02 -1.34808950e-01  6.39599601e+00
  3.11597945e+02] 6.397962072521903
[-3.03154829e+00  2.37417342e-02  1.95921945e-01  5.96432261e+00
  3.08148596e+02] 5.9675868936384715
[-3.14179817e+00  9.02343101e-03  1.56474182e-01  6.46594919e+00
  3.11289276e+02] 6.467848519785793
[-3.10999133e+00  1.60981122e-01  2.71109632e-01  6.30787547e+00
  3.09147063e+02] 6.315750813223627
[-3.13321420e+00 -4.58311896e-02 -1.81269322e-02  6.14453934e+00
  3.10088450e+02] 6.144737002409978
[-3.05855862e+00 -6.16334217e-02 -1.59420337e-01  5.87517522e+00
  3.07285888e+02] 5.877660877091954
[-3.10608867e+00 -8.55312551e-02  2.31076078e-02  6.35154330e+00
  3.09035574e+02] 6.352161191557184
[-3.01558851e+00  1.64114688e-01 -1.15824931e-01  6.46430745e+00
  3.12661142e+02] 6.467427602907926
[-3.12884660e+00  2.45636179e-03 -4.46475059e-01  6.09485970e+00
  3.07183493e+02] 6.111191441191554
[-3.06934750e+00  3.02678665e-02  1.02509083e-01  6.04762454e+00
  3.08650611e+02] 6.048568986259091
[-2.95447708e+00  2.96677288e-03 -1.24495103e-02  6.25455032e+00
  3.11739555e+02] 6.2545634152788985
[-3.09473685e+00  1.44051672e-01 -4.92420945e-02  6.45959553e+00
  3.11780334e+02] 6.4613891751073345
[-3.07642764e+00  2.43582213e-01  2.21918362e-02  6.39970219e+00
  3.09814814e+02] 6.404374512955775
[-3.01218870e+00 -1.36610749e-01  4.91561208e-01  6.42534494e+00
  3.11988575e+02] 6.445568437417449
[-3.08954573e+00 -1.52963022e-01 -7.40301056e-02  6.44371354e+00
  3.12560564e+02] 6.445953955121979
[-3.08214981e+00  7.81111897e-02 -9.06949650e-03  6.27508210e+00
  3.10545964e+02] 6.275574788424627
[-3.09831617e+00 -5.07578570e-02  3.88420633e-01  6.25541570e+00
  3.11393589e+02] 6.267668827996191
[-3.11735779e+00 -1.85677002e-01  1.00856759e-01  6.32678978e+00
  3.08720778e+02] 6.330317287891103
[-3.02592245e+00  1.47744701e-01 -2.69219671e-01  6.09034890e+00
  3.09926450e+02] 6.098086378013248
[-3.14874019e+00  1.43253341e-01  3.20092927e-01  6.23646560e+00
  3.09438988e+02] 6.246317653769069
[-3.06996596e+00  1.55330346e-01  4.18809929e-02  6.18329632e+00
  3.08641597e+02] 6.1853888286165635
[-3.07731358e+00  1.93243634e-01 -1.08903762e-01  6.41338022e+00
  3.10384590e+02] 6.4172150511992445
[-3.07495212e+00 -2.33468109e-01 -1.88106587e-03  6.09880505e+00
  3.09822329e+02] 6.103272391979579
[-3.05346652e+00 -4.45910773e-02  2.92546479e-01  6.11319835e+00
  3.10546307e+02] 6.120356682800547
[-3.12439543e+00  1.89574765e-01 -2.12392615e-01  6.39624308e+00
  3.13754029e+02] 6.402575634797144
[-3.05268272e+00  4.85948011e-02 -1.78989688e-01  6.34912481e+00
  3.08565042e+02] 6.351833165675724
[-3.07757336e+00 -2.44979342e-01 -3.45110599e-02  6.07427198e+00
  3.08874913e+02] 6.0793080165458555
[-3.08175653e+00 -3.08495285e-01 -1.06311738e-01  6.19874486e+00
  3.11311833e+02] 6.207327067298875
[-3.02110107e+00  1.64625606e-01  1.21014851e-01  6.28977443e+00
  3.12582418e+02] 6.293092128893231
[-3.14772831e+00 -1.71229452e-02 -1.52516305e-01  6.29564865e+00
  3.09476060e+02] 6.297519062882161
[-3.12955641e+00  1.27838599e-01  1.67949494e-01  6.47439993e+00
  3.09596105e+02] 6.477839472524179
[-3.01565110e+00  5.99666442e-02 -1.80900582e-01  6.11890095e+00
  3.09827177e+02] 6.121868170231218
[-3.03826703e+00  1.36478288e-01 -9.15732664e-02  6.03970973e+00
  3.09922271e+02] 6.041945518968673
[-3.05094329e+00  1.01272322e-01  1.34719283e-01  6.49865338e+00
  3.12179674e+02] 6.500838496900755
[-3.20523622e+00  3.16540480e-02  2.36962452e-01  6.16234782e+00
  3.06372557e+02] 6.166983370732648
[-3.04822615e+00  9.25544309e-02  4.27961263e-01  6.27036566e+00
  3.10018781e+02] 6.285634630214517
[-3.08197401e+00 -1.40351107e-01 -2.88812474e-01  6.38729406e+00
  3.09464043e+02] 6.395360540029872
[-3.09428655e+00  2.22618353e-01 -1.09141341e-01  6.53924884e+00
  3.12696374e+02] 6.543947294215477
[-3.18243311e+00  1.70978766e-01  2.55035565e-01  6.20233963e+00
  3.07406914e+02] 6.209935081930401
[-3.10681659e+00 -1.14415865e-01  1.21952487e-01  6.60298811e+00
  3.12534075e+02] 6.605105254491101
[-3.05479416e+00  3.18710919e-01 -1.90440699e-01  6.06686062e+00
  3.07470248e+02] 6.078210434253885
[-3.19388098e+00  8.54793319e-02 -1.73277217e-01  6.27540749e+00
  3.09230105e+02] 6.278381230719041
[-3.13081276e+00  4.40180621e-02  1.62039860e-01  6.49418029e+00
  3.12298557e+02] 6.49635067704002
[-3.12572776e+00  1.12191504e-01 -1.19186231e-02  6.12972132e+00
  3.07332898e+02] 6.130759528202048
[-3.03703044e+00  2.56946928e-01  1.34207946e-01  6.04689727e+00
  3.09684929e+02] 6.053841767727463
[-3.09360910e+00  1.99674989e-01  2.48077017e-01  6.52638649e+00
  3.12208301e+02] 6.534151278028248
[-3.10191679e+00  1.32195643e-01  6.10234049e-02  6.06186950e+00
  3.06972889e+02] 6.06361784974908
[-3.09870896e+00  3.48973391e-01 -2.22262017e-01  6.22810748e+00
  3.10739346e+02] 6.241835110998128
[-3.03071197e+00  1.25510565e-01  5.69758842e-02  6.37625354e+00
  3.11971194e+02] 6.377743201190934
[-3.10152166e+00  9.24554801e-02 -5.63077325e-03  6.21990830e+00
  3.11904782e+02] 6.220597962435152
[-3.10242110e+00 -2.60824568e-01  2.24694571e-01  6.12764691e+00
  3.06466996e+02] 6.137309974373617
[-3.07549771e+00  1.58795083e-01  2.48908857e-01  6.13627205e+00
  3.10798671e+02] 6.1433709112024255
[-3.15025341e+00 -1.59005842e-01 -5.16221924e-01  6.00520836e+00
  3.08332713e+02] 6.029452330728258
[-3.00300059e+00  4.08157385e-02 -2.57611966e-01  6.33337854e+00
  3.11429421e+02] 6.338747006044697
[-3.10044906e+00  2.07162197e-01  3.13167534e-01  6.44266574e+00
  3.12662479e+02] 6.453598372518787
[-3.05004985e+00  8.67502980e-02 -1.66776329e-01  6.33965497e+00
  3.10033955e+02] 6.342441570158893
[-3.04810317e+00  2.25914427e-02 -2.23391966e-01  6.54121554e+00
  3.12210190e+02] 6.545067996450732
[-3.03954074e+00  2.41528069e-01 -2.22001830e-02  6.02542952e+00
  3.10667416e+02] 6.030309246720832
[-3.13465932e+00  2.17776058e-01 -1.08447380e-01  6.12811167e+00
  3.08521953e+02] 6.132938927757973
[-3.05921102e+00  8.23946662e-02  4.00915394e-01  6.28626828e+00
  3.11436224e+02] 6.299578626525467
[-3.03280097e+00 -3.27329403e-01 -2.57531850e-01  6.03604948e+00
  3.08860608e+02] 6.050401686242163
[-3.11273379e+00 -5.73504373e-02  6.07181850e-02  6.32450859e+00
  3.10288370e+02] 6.32506005280922
[-3.05006871e+00 -2.51730606e-01  2.12050641e-01  6.15287222e+00
  3.10599164e+02] 6.1616694421729505
[-3.20067887e+00 -2.51148512e-01 -1.35410580e-01  6.33805813e+00
  3.10497277e+02] 6.344477321874377
[-3.08739094e+00 -7.25861762e-02 -1.85169442e-01  6.35065323e+00
  3.09247781e+02] 6.353766834028994
[-3.11628597e+00 -2.72750888e-02 -2.54951166e-01  6.46540151e+00
  3.12141102e+02] 6.470483804045728
[-3.00578854e+00 -3.58054736e-01 -4.02214901e-02  6.22687946e+00
  3.11652006e+02] 6.237294989957805
[-3.02511439e+00 -2.35470141e-01  1.76905992e-01  5.85844765e+00
  3.06268543e+02] 5.865846125422322
[-3.07686225e+00  4.62032113e-02  7.35177959e-03  6.38016101e+00
  3.08874106e+02] 6.380332534928178
[-3.17753841e+00 -1.94014218e-01 -1.97439439e-01  6.12860902e+00
  3.09563565e+02] 6.134857160484103
[ -3.14579308   0.54633757   0.36368063   6.09854104 310.31027779] 6.133755061246369
[-3.17661206e+00  1.13378947e-01 -2.18597253e-02  6.42677411e+00
  3.10580243e+02] 6.42781129740401
[-3.04232913e+00 -3.46854929e-01 -4.65318313e-02  5.87138422e+00
  3.10190261e+02] 5.881804670530841
[-3.10540023e+00 -4.16723061e-04 -6.64731970e-02  6.18257603e+00
  3.09472456e+02] 6.182933379882343
[-3.20539805e+00 -1.86194810e-01 -2.11512842e-01  6.09034494e+00
  3.09540368e+02] 6.096860479470567
[-2.97127449e+00 -1.12929227e-01 -5.95564678e-02  6.08616725e+00
  3.09254844e+02] 6.0875062048823105
[-3.12587667e+00  2.24185646e-01 -2.49017315e-01  6.38390647e+00
  3.11123561e+02] 6.392693534806222
[-3.14763183e+00  8.56966624e-02 -1.14908274e-01  6.22746076e+00
  3.09401226e+02] 6.229110312801723
[-3.03660823e+00  2.07543462e-02 -6.92993692e-02  6.37750645e+00
  3.13419092e+02] 6.377916723070607
[-3.01885046e+00  7.37576546e-02  1.53116311e-02  6.14066479e+00
  3.08553221e+02] 6.141126825404287
[-3.03599032e+00  1.85916759e-01  1.29652745e-01  6.33580946e+00
  3.10193655e+02] 6.339862484883357
[-3.09868923e+00 -3.80363963e-02  1.10330582e-01  5.84046994e+00
  3.05828316e+02] 5.841635787321831
[-3.11833917e+00  7.45878041e-02  1.06695330e-01  6.46827343e+00
  3.09995999e+02] 6.469583326311228
[-3.18100053e+00  6.56375683e-02 -1.61863525e-01  6.52158200e+00
  3.10905352e+02] 6.523920586421134
[-3.07306934e+00 -1.60550131e-01  4.53999715e-02  6.50090679e+00
  3.11769564e+02] 6.503047487489239
[-2.99625506e+00  2.92641505e-01 -3.67279313e-02  5.99448375e+00
  3.06618015e+02] 6.001735035030271
[-3.06590591e+00 -1.74948031e-01  8.05313023e-02  6.15179648e+00
  3.11868812e+02] 6.1548104817596325
[-3.09951202e+00 -9.44915571e-03 -5.24293112e-02  6.15756251e+00
  3.09827519e+02] 6.157792959920367
[-3.17243349e+00 -4.00421321e-02 -1.45408938e-01  6.52757911e+00
  3.09996967e+02] 6.529321262554006
[-3.04270556e+00 -2.52657402e-01 -2.63851695e-01  6.03719221e+00
  3.08789874e+02] 6.048234725511449
[-3.06339032e+00 -2.21713074e-01  6.64192228e-02  5.88421036e+00
  3.08423981e+02] 5.888760460738499
[-3.05045230e+00  8.86472584e-02  1.70856085e-01  6.37508730e+00
  3.13039464e+02] 6.377992495226342
[-3.12169739e+00 -1.54251192e-01  2.31598798e-01  6.06205726e+00
  3.07586614e+02] 6.068440463260753
[-3.08592892e+00 -4.95017257e-02  1.11848483e-01  6.56964962e+00
  3.12881117e+02] 6.570788130412491
[-3.01754514e+00 -1.37438154e-01  2.13533878e-01  6.14553791e+00
  3.11177383e+02] 6.1507822395572145
[-3.05148291e+00 -1.35660200e-01 -2.48344222e-02  6.39157166e+00
  3.09225484e+02] 6.393059417626749
[-2.97396099e+00  5.61099818e-02 -1.97347520e-01  5.97858102e+00
  3.10316811e+02] 5.98210041663924
[-3.07468355e+00 -3.94506015e-03 -2.56333785e-02  6.52619597e+00
  3.12972560e+02] 6.526247506752659
[-3.09213076e+00 -5.51347605e-02  4.02320292e-02  6.10900805e+00
  3.08194053e+02] 6.109389312735042
[-3.09766429e+00  1.49223671e-01 -1.35278289e-01  6.25463921e+00
  3.10458974e+02] 6.257881394485851
[-3.08965074e+00 -3.56206861e-01 -8.33561248e-03  6.31673389e+00
  3.10815009e+02] 6.3267748358941915
[-3.07463764e+00  3.46360225e-01  2.83909023e-01  6.20863808e+00
  3.11162103e+02] 6.2247695962731635
[-3.07272931e+00 -8.98984073e-03  2.43476472e-01  6.31503493e+00
  3.10851719e+02] 6.319733200731072
[-3.08518545e+00  6.19635890e-02  3.80414977e-02  6.38196272e+00
  3.10109003e+02] 6.3823768967555194
[-2.97773044e+00 -3.25794690e-01  2.74179750e-02  6.17777753e+00
  3.10666920e+02] 6.186422968692267
[-3.10508575e+00 -1.95642530e-01  2.20344028e-01  6.20319011e+00
  3.10723970e+02] 6.210184786601765
[ -3.14766338  -0.31189657   0.33417605   6.21325989 310.35472317] 6.230052294448996
[-3.12604759e+00  1.46828925e-01  2.86247261e-01  6.22624496e+00
  3.09330263e+02] 6.234550707497736
[-3.02999911e+00  4.54360369e-02 -9.28978996e-02  6.45184857e+00
  3.12888111e+02] 6.452677302307538
[-3.02335954e+00  1.41869121e-01 -2.94735138e-01  6.20086739e+00
  3.10247284e+02] 6.209488874982538
[-2.98024941e+00 -1.11586260e-01  2.21266086e-01  6.33163528e+00
  3.11540076e+02] 6.336482891677267
[-3.07542377e+00 -1.75219876e-01 -5.49088808e-02  6.26503761e+00
  3.09251782e+02] 6.267727920678312
[-3.14485184e+00 -4.62704523e-01  2.75694833e-01  6.48956195e+00
  3.10714821e+02] 6.5118751113911
[-3.07850705e+00  1.32122056e-01 -2.06209080e-01  6.48908228e+00
  3.10978452e+02] 6.493702119102115
[-2.98409447e+00 -1.36804434e-02  5.06092788e-02  6.25401797e+00
  3.12614376e+02] 6.254237703437004
[-3.18343364e+00 -9.49824437e-02  1.93881283e-01  6.22106250e+00
  3.08333984e+02] 6.224807646674779
[-3.12020774e+00  4.66694457e-02 -7.27075794e-02  6.27599793e+00
  3.10764644e+02] 6.276592581443549
[-3.08856938e+00  4.92620173e-02  2.76240905e-01  6.01518776e+00
  3.07200509e+02] 6.021728953449362
[-3.17018923e+00 -5.75040918e-03  3.02983674e-02  5.94856567e+00
  3.04632716e+02] 5.948645610404429
[-3.08212740e+00 -3.13046074e-01 -5.54406005e-02  5.80844017e+00
  3.08248257e+02] 5.81713406005136
[-3.11177515e+00 -1.76529304e-01 -5.49487248e-02  6.01302719e+00
  3.08796626e+02] 6.0158688446383115
[-3.05677523e+00 -1.71322029e-01  2.45650846e-01  6.16393341e+00
  3.10598401e+02] 6.171204963818556
[-3.02545496e+00  1.89496995e-02  9.67660329e-02  6.12070769e+00
  3.07650616e+02] 6.121501890990118
[-3.09707451e+00  1.47420256e-01 -2.67057329e-01  6.20989681e+00
  3.09376918e+02] 6.217384553450857
[-3.04048174e+00 -8.20388007e-02 -1.27078458e-02  6.31812939e+00
  3.10507534e+02] 6.318674773489917
[-3.05358426e+00  2.19102906e-02  2.04538880e-02  6.02762728e+00
  3.08936132e+02] 6.027701800517048
[-3.01604133e+00 -2.13806849e-01  1.77847730e-01  6.21070269e+00
  3.10829853e+02] 6.216926173067743
[-3.15095160e+00  7.33277569e-02  4.85442717e-02  6.72060696e+00
  3.12226357e+02] 6.721182296144677
[-3.14441770e+00  1.68147703e-01  1.58559349e-01  6.50155700e+00
  3.10276163e+02] 6.505663538713035
[-3.14965964e+00  2.56319881e-03  2.56378732e-01  6.01499767e+00
  3.07253773e+02] 6.020459580727633
[-3.00534753e+00 -2.09277214e-01  1.25334179e-01  5.89325776e+00
  3.09966999e+02] 5.898304218151967
[-3.09894643e+00 -2.73309449e-01  5.17619265e-02  6.33350598e+00
  3.13347887e+02] 6.339611605352567
[-3.14858177e+00  1.12843936e-01 -1.41279583e-01  6.30755018e+00
  3.10058629e+02] 6.3101412802884225
[-3.08334015e+00 -6.39764858e-02 -3.57257921e-02  6.23095229e+00
  3.09028480e+02] 6.231383130674574
[-3.08154544e+00 -9.62610328e-02  4.28016648e-02  6.07515640e+00
  3.07712867e+02] 6.07606973724912
[-3.03290372e+00  9.48395170e-02  1.63620276e-01  6.63047464e+00
  3.15070145e+02] 6.633171196363792
[-3.09424386e+00  1.84227910e-01  2.41808408e-01  6.13456578e+00
  3.08876682e+02] 6.142093170048306
[-3.04068262e+00  2.69596281e-01 -1.21149376e-01  6.19544874e+00
  3.13025254e+02] 6.20249501297689
[-3.13748173e+00 -7.96672954e-03 -5.05922795e-02  6.56081817e+00
  3.11854433e+02] 6.561018071980621
[-3.05181483e+00 -3.30004860e-01  1.26959764e-01  5.95720977e+00
  3.06091194e+02] 5.967693876149293
[-3.15546720e+00  1.49913211e-01  1.57805939e-01  6.47260038e+00
  3.10149850e+02] 6.4762591285618925
[-3.12296184e+00  1.51320208e-01 -2.61482607e-01  6.46790930e+00
  3.12089951e+02] 6.474961135103404
[-3.06794754e+00 -4.46191242e-02  5.12978930e-02  5.96107787e+00
  3.09082801e+02] 5.961465564255657
[-3.17086794e+00 -2.47188118e-01 -1.33495485e-01  6.09670820e+00
  3.07616765e+02] 6.103177358103648
[-3.10664368e+00 -1.56371599e-01  2.84155893e-01  5.82070917e+00
  3.06947074e+02] 5.829738580457051
[-2.97059108e+00 -4.26285763e-02  8.85099095e-02  6.41120253e+00
  3.12572692e+02] 6.411955165861451
[-3.07335081e+00 -6.57114095e-02 -8.08262562e-02  6.01276611e+00
  3.09359958e+02] 6.013668364287145
[-3.15990212e+00 -7.55294355e-02 -4.19147355e-01  6.23179462e+00
  3.10514084e+02] 6.2463311943015745
[-3.09339455e+00  1.87919772e-02  1.36053145e-01  6.34874369e+00
  3.10850553e+02] 6.350229130755693
[-3.06879349e+00 -6.16588932e-02 -1.09982447e-01  5.63030648e+00
  3.06341021e+02] 5.631718119788413
[-2.88891618e+00 -9.74551174e-02 -1.26439647e-01  6.17143459e+00
  3.13612249e+02] 6.1734989605349355
[-3.12196215e+00 -8.72331946e-02  3.91781209e-01  6.32188493e+00
  3.10374232e+02] 6.334613741089237
[-3.08536431e+00 -1.57407927e-01 -1.25731688e-01  6.13158633e+00
  3.09172696e+02] 6.134894993135118
[-3.17450735e+00 -4.56601391e-02 -3.34759529e-01  6.45349096e+00
  3.11049073e+02] 6.4623288685784
[-3.09100252e+00 -5.93564197e-02 -1.75274238e-01  6.31215774e+00
  3.09976194e+02] 6.314869716920936
[-3.09038990e+00 -2.48072489e-02 -1.18688101e-01  6.17862293e+00
  3.09266400e+02] 6.179812584148909
[-3.12913146e+00  5.80499613e-03 -3.06671723e-02  6.37763651e+00
  3.09663245e+02] 6.377712885836039
[-3.10816091e+00  1.07977667e-01 -8.30424062e-02  6.47337059e+00
  3.12115449e+02] 6.474803624739759
[-3.11425995e+00  7.23999346e-02  1.70034612e-01  6.28151088e+00
  3.07479428e+02] 6.28422886665929
[-3.12100282e+00  4.33911511e-02 -1.24522886e-01  6.68675008e+00
  3.14893302e+02] 6.6880501944823285
[-3.06833419e+00  6.67495469e-02  1.92951509e-01  6.34155925e+00
  3.11508584e+02] 6.344845115265135
[-3.10447440e+00  2.69068611e-01  2.96494476e-02  6.22697806e+00
  3.09350809e+02] 6.232859111995056
[-3.18735323e+00  2.03281080e-01  3.81195894e-01  6.47060760e+00
  3.12411063e+02] 6.485013201044546
[-3.00745414e+00 -2.49150555e-01 -2.52026851e-01  6.13511384e+00
  3.10480148e+02] 6.145340950863945
[-3.06575135e+00 -4.44640443e-01  2.30939898e-01  6.43578199e+00
  3.12151791e+02] 6.455255858130422
[-3.08277129e+00  8.88561409e-02  1.88392127e-01  6.18758900e+00
  3.09544203e+02] 6.191093980470993
[-3.20185275e+00  4.58907614e-02 -9.69602220e-02  6.29195112e+00
  3.10288709e+02] 6.292865495638414
[-3.14522888e+00  1.84202120e-02  3.44819302e-01  6.25047287e+00
  3.08081033e+02] 6.260004054698894
[-3.06369491e+00 -4.16796111e-03  1.17277369e-01  6.36522470e+00
  3.12990248e+02] 6.366306375981964
[-3.09945254e+00 -1.93365574e-01 -1.15698937e-01  6.43528408e+00
  3.12871980e+02] 6.439228030728106
[-3.17695852e+00 -9.50050211e-02 -1.56038713e-01  6.33019252e+00
  3.10334312e+02] 6.332828068630574
[-3.08356821e+00  7.85916336e-02  1.30454137e-01  6.10556786e+00
  3.09970419e+02] 6.107467057195699
[-2.98910116e+00  3.24065718e-03  2.51152570e-01  6.32393747e+00
  3.09164218e+02] 6.328923548063575
[-3.21439824e+00 -1.23691729e-01  1.51218656e-01  6.01091848e+00
  3.03654843e+02] 6.014092421222445
[-3.05750547e+00  1.16175002e-01  2.63664208e-01  6.01778877e+00
  3.09729837e+02] 6.024682328954617
[-3.12527951e+00  5.06468564e-02  2.10704151e-01  6.21934729e+00
  3.10744018e+02] 6.223121571697896
[-2.96736949e+00 -8.82391276e-02 -2.72428502e-01  6.43901628e+00
  3.10698935e+02] 6.445380829496976
[-3.10880403e+00  7.09580512e-02  3.74835342e-02  6.57355005e+00
  3.12298504e+02] 6.574039878439374
[-3.06465598e+00  1.55870789e-01 -2.60199559e-01  6.46140040e+00
  3.10722163e+02] 6.468515640005873
[-3.09058023e+00 -1.40918918e-01  3.51807605e-01  6.00726227e+00
  3.07552896e+02] 6.019204821415481
[-3.06151172e+00 -5.55418295e-03  6.69834782e-02  6.08696401e+00
  3.09404673e+02] 6.08733509165647
[-3.03093896e+00  2.75944170e-01 -1.51893450e-01  6.10616189e+00
  3.09611644e+02] 6.114280806727746
[-3.07521911e+00 -1.04164867e-01  1.26060679e-01  6.44385754e+00
  3.10813158e+02] 6.445932172872156
[-3.08577525e+00 -1.80554139e-01  8.84324354e-02  6.32648573e+00
  3.11959663e+02] 6.329679438916697
[-3.07389266e+00 -4.29379490e-02  1.59405252e-01  6.30415012e+00
  3.11141978e+02] 6.30631131872156
[-3.06743949e+00 -1.35006798e-01 -5.75865689e-02  6.38989967e+00
  3.09701535e+02] 6.391585159128971
[-3.15310942e+00 -8.18423421e-02 -3.65421640e-01  6.33354546e+00
  3.10149627e+02] 6.344606310312498
[-3.09686809e+00 -1.27784517e-01 -3.84499877e-01  6.62696903e+00
  3.11076112e+02] 6.63934391072217
[-3.04373197e+00 -1.81166090e-01 -9.85250125e-02  5.96537410e+00
  3.08920101e+02] 5.968937635316709
[-3.02522613e+00  1.69711909e-01 -3.20400262e-01  5.92009532e+00
  3.06422819e+02] 5.931187662089897
[-3.07540743e+00 -1.72772419e-01  2.07908059e-01  6.13634365e+00
  3.10051481e+02] 6.142295131998142
[-3.14651712e+00 -2.90050628e-01 -3.33702119e-01  6.29666882e+00
  3.07992158e+02] 6.312172744319591
[-3.10208599e+00  2.11738054e-01 -1.07567065e-02  5.78734194e+00
  3.06542757e+02] 5.7912239993882615
[-3.12654447e+00  3.20091096e-03 -7.13655958e-02  6.24195755e+00
  3.09488936e+02] 6.242366327687175
[-3.05276170e+00  2.38679256e-01  1.60881364e-01  6.16501413e+00
  3.10820281e+02] 6.171729892056528
[-3.11313490e+00  2.68617570e-01 -3.38496311e-02  6.29328144e+00
  3.10147801e+02] 6.299102509924557
[-3.11846130e+00  4.07468601e-01 -7.42973788e-02  5.93448925e+00
  3.08535957e+02] 5.9489253991329445
[-3.07173689e+00  2.43585805e-01  8.42032099e-02  6.04793760e+00
  3.07423882e+02] 6.053426582207436
[-3.14152016e+00  1.23000159e-01  1.21088418e-01  6.33366591e+00
  3.09175433e+02] 6.336017310756567
[-3.04272164e+00  1.52659272e-01 -1.80930185e-01  5.94824291e+00
  3.08346807e+02] 5.9529517299600725
[-3.11211349e+00  1.68303982e-01 -6.18237153e-03  6.31349418e+00
  3.11395414e+02] 6.3157401118619205
[-3.05587968e+00 -1.61602131e-01  7.46949589e-02  6.21673889e+00
  3.09585934e+02] 6.219287496936339
[-3.12066286e+00 -1.81935025e-01  4.99903056e-02  6.34474694e+00
  3.10686760e+02] 6.3475517402149855
[-3.05379340e+00 -2.10683479e-01  1.91248459e-01  5.86106262e+00
  3.07913520e+02] 5.867965450709368
[-3.07274282e+00 -4.96697349e-02 -1.17737297e-01  6.46772459e+00
  3.12221890e+02] 6.468986818748626
[-3.06395349e+00 -1.66916621e-01 -2.00138625e-01  6.21310108e+00
  3.10591519e+02] 6.218564275802325
[-3.10740847e+00 -7.19688391e-02  2.05852974e-01  6.39895342e+00
  3.11975900e+02] 6.402668180077569
[-3.04648913e+00  1.34708654e-01  2.52542000e-01  6.31272214e+00
  3.11058986e+02] 6.319207602074877
[-3.06298680e+00  1.20480426e-01 -1.94205519e-02  6.44307107e+00
  3.14710882e+02] 6.4442266752718425
[-2.98927963e+00  1.02393486e-01 -1.52313653e-02  6.04235151e+00
  3.10801320e+02] 6.043238216363888
[-3.08678123e+00 -1.75575104e-01  1.27975034e-01  6.57973935e+00
  3.12137764e+02] 6.583325462167637
[-2.94941574e+00 -2.36883962e-01  2.28646368e-01  6.22458947e+00
  3.10183944e+02] 6.2332902453069545
[-3.02489198e+00 -1.06429811e-01 -5.48170798e-02  6.05022021e+00
  3.10511032e+02] 6.0514045317122465
[-3.10234874e+00  9.56708517e-02  2.58255217e-01  6.25894602e+00
  3.10232048e+02] 6.265002310996746
[-3.05617193e+00  1.42457725e-01  8.70385815e-02  6.03374840e+00
  3.09943083e+02] 6.036057465773778
[-3.09285612e+00 -3.72581689e-02  2.01610719e-03  6.12055870e+00
  3.07580394e+02] 6.120672437501474
[-3.08484916e+00  9.12939313e-02  1.48182137e-01  6.18851282e+00
  3.08488440e+02] 6.190959817582608
[-3.02021054e+00  2.06714917e-01 -7.42875617e-02  6.00523317e+00
  3.09420939e+02] 6.00924913175756
[-3.11858467e+00 -3.93974984e-02  2.35125921e-01  6.31233930e+00
  3.10463001e+02] 6.316839695705709
[-3.04215773e+00  1.62829533e-01  9.07372448e-02  6.19150636e+00
  3.08759197e+02] 6.194311720405646
[-3.15529561e+00 -1.16806815e-01  1.75104145e-02  6.03692556e+00
  3.08490851e+02] 6.038080878644978
[-3.09176066e+00 -1.13965700e-01  2.23873349e-01  6.19545276e+00
  3.08579205e+02] 6.200543713037785
[-2.98372347e+00 -2.03442565e-01  7.46800199e-02  6.46540732e+00
  3.13560960e+02] 6.4690383982223985
[-3.17354145e+00  6.26464381e-02 -6.51720562e-04  6.34859186e+00
  3.08391722e+02] 6.348900973052264
[-3.03870740e+00 -1.03545852e-01  2.33072245e-01  6.28706954e+00
  3.10625567e+02] 6.29224028949655
[-3.09761292e+00 -2.56747968e-02 -3.00867762e-01  6.12120763e+00
  3.07843919e+02] 6.128651031842624
[-3.04264616e+00 -2.96513994e-01  1.17405777e-02  6.43098659e+00
  3.09676725e+02] 6.437829364934697
[-3.05647273e+00 -8.73338322e-02  1.25898477e-01  6.03889234e+00
  3.10091186e+02] 6.0408358976170184
[-3.07658566e+00 -1.51543647e-02 -4.03105236e-02  6.31559352e+00
  3.11015640e+02] 6.315740344132471
[-3.14227708e+00  1.33852726e-01 -2.05656949e-01  6.37455254e+00
  3.10762603e+02] 6.379273582495676
[-3.08903438e+00  8.66857727e-02 -4.68155912e-02  6.22218389e+00
  3.08290153e+02] 6.22296380003481
[-3.09061853e+00 -1.84659845e-01  1.47217120e-01  6.08164109e+00
  3.08755594e+02] 6.086224647378821
[-3.04306069e+00 -3.31068724e-01 -2.24383353e-01  6.13420389e+00
  3.08390527e+02] 6.147227969204367
[-3.05745621e+00 -8.09531988e-02  2.39005892e-01  6.14551273e+00
  3.09749827e+02] 6.150691340715307
[-3.07573451e+00  7.77273137e-02 -2.51025291e-01  6.23586561e+00
  3.10227992e+02] 6.241400099202703
[-3.09561337e+00 -6.95229689e-02  1.06925531e-01  6.38199821e+00
  3.10346817e+02] 6.3832724840930855
[-3.06051851e+00  1.21597279e-01 -1.18923813e-01  6.16390137e+00
  3.07903761e+02] 6.166247555448584
[-3.12354837e+00 -1.21994414e-01  1.92922645e-01  6.22566804e+00
  3.11404305e+02] 6.22985106368265
[-3.08519362e+00  2.02055241e-02  3.13304339e-02  6.35179379e+00
  3.10290849e+02] 6.351903196383968
[-3.06355509e+00 -2.13009332e-01  1.66833726e-01  6.23764497e+00
  3.08936959e+02] 6.243510326345628
[-3.15928232e+00  1.07188247e-01 -4.57773229e-02  6.40193787e+00
  3.10033728e+02] 6.402998781961453
[-3.19978566e+00  1.40976227e-01  4.01864185e-01  6.31705452e+00
  3.09292202e+02] 6.331393756812495
[-3.08912384e+00 -4.04721241e-03  3.24830548e-02  6.16050528e+00
  3.08955568e+02] 6.16059224327438
[-3.09262415e+00 -7.26800981e-02  2.70428760e-02  6.27627898e+00
  3.12260460e+02] 6.276758044478682
[-3.05792511e+00  1.56521163e-01  1.94461313e-01  6.42414181e+00
  3.11044420e+02] 6.4289899738251925
[-3.08963002e+00 -1.44957605e-01 -1.71956922e-01  6.41306229e+00
  3.11122009e+02] 6.417004735086511
[-3.07212830e+00 -2.65837410e-01  8.19611823e-02  6.39480958e+00
  3.12363336e+02] 6.400857495395036
[-3.13451072e+00  1.30567634e-02  7.99870025e-02  6.29603896e+00
  3.09248445e+02] 6.296560570852251
[-3.06754177e+00 -6.63902619e-02  5.42591553e-02  5.82008252e+00
  3.07741022e+02] 5.820714072004401
[-3.02827123e+00 -2.26570164e-01  3.13267815e-02  6.59056743e+00
  3.11176748e+02] 6.594535196238828
[-3.17135549e+00 -8.24300285e-02 -6.31101315e-02  6.51298628e+00
  3.11395688e+02] 6.513813617143479
[-3.13146225e+00  1.48664481e-01 -1.15284251e-01  6.31292642e+00
  3.09766404e+02] 6.315728903892194
[-3.16825843e+00 -1.69625164e-02 -1.20334709e-01  6.20109999e+00
  3.11124338e+02] 6.2022906453711695
[-3.08474436e+00  5.89075244e-02  4.53538488e-02  6.02731467e+00
  3.07796846e+02] 6.027773154645519
[-3.12001586e+00 -1.70019024e-01 -2.20960981e-01  5.96710979e+00
  3.06718781e+02] 5.97361946014895
[-3.18043800e+00  1.58251851e-01 -3.57526082e-03  6.17739914e+00
  3.08280730e+02] 6.179426881178945
[-3.11527220e+00  2.10447344e-02  2.15695509e-01  6.57342883e+00
  3.12231922e+02] 6.577000382179442
[-3.09374006e+00  4.62495463e-02  2.01491708e-01  6.13081963e+00
  3.10665749e+02] 6.134304138829356
[-3.04057254e+00 -4.67209429e-01  2.36983536e-02  6.24312644e+00
  3.12136133e+02] 6.260628885701243
[-3.07898634e+00 -9.70691803e-02  2.03960984e-01  6.46718978e+00
  3.13629244e+02] 6.471133298256828
[-3.18153593e+00 -1.97288656e-01 -1.24069682e-01  6.12109799e+00
  3.09471284e+02] 6.125533179076378
[-3.11978386e+00  9.02141494e-02 -1.32437994e-01  6.26852117e+00
  3.09490380e+02] 6.270569036062982
[-3.04428925e+00 -4.67877771e-03  2.52262606e-02  6.46156238e+00
  3.14382331e+02] 6.461613314558853
[-2.98814988e+00  1.16036634e-01  1.31566604e-01  6.17053876e+00
  3.10568026e+02] 6.173031904573855
[-3.05259072e+00  1.39088756e-01  1.47401474e-01  6.22740406e+00
  3.10280725e+02] 6.230700939088663
[-3.12643400e+00  2.06310462e-01 -2.85936432e-01  6.29554944e+00
  3.08844390e+02] 6.305415637309245
[-2.99025056e+00 -5.43393412e-02 -1.77449560e-01  5.90374077e+00
  3.07424505e+02] 5.906656940146771
[-3.14743566e+00  1.71363193e-01  1.87805553e-02  6.38857665e+00
  3.10177112e+02] 6.390902101401027
[-3.09699688e+00  2.41119120e-01  6.71099496e-02  6.27432703e+00
  3.10711813e+02] 6.279316991271928
[-3.11755328e+00  9.65974673e-02  2.60082469e-02  6.10461331e+00
  3.08206637e+02] 6.1054329223879
[-3.08991952e+00  7.07392908e-02  2.96405200e-01  6.32231770e+00
  3.12189996e+02] 6.329657273829714
[-3.16377272e+00  2.31950762e-02  2.80851851e-01  5.94982240e+00
  3.05825570e+02] 5.956492453699241
[-3.04545402e+00  5.58772135e-02  8.17883894e-02  6.02711633e+00
  3.10090375e+02] 6.0279302287318295
[-3.13372215e+00 -1.90408872e-01  2.36647950e-01  6.07709844e+00
  3.07868467e+02] 6.084684321779031
[-3.08013191e+00 -1.19061246e-01 -4.60180111e-02  6.36674202e+00
  3.10878635e+02] 6.368021447158784
[-3.05357329e+00 -1.98399587e-02 -8.16395893e-02  6.15300738e+00
  3.08624954e+02] 6.153580949416893
[-3.05993244e+00  1.61503449e-01  6.45110194e-02  6.24756731e+00
  3.11332473e+02] 6.249987384026668
[-3.03321377e+00 -1.78033558e-01  1.24487633e-01  5.89403190e+00
  3.08493555e+02] 5.898034010396338
[-3.09195096e+00  1.91551178e-01 -1.40058052e-01  6.13475857e+00
  3.09013046e+02] 6.139346124241587
[-3.07862267e+00  8.45419544e-02 -2.96663341e-02  6.28420260e+00
  3.11342435e+02] 6.2848412667618
[-3.12595347e+00 -4.04551858e-02 -1.32469002e-01  6.72622240e+00
  3.16162647e+02] 6.72764835481486
[-3.06963694e+00 -1.60760911e-01  3.68966662e-02  6.27106843e+00
  3.10049527e+02] 6.273237177505483
[-3.11761968e+00  1.20705659e-01  3.76220134e-01  5.92247016e+00
  3.07271531e+02] 5.9356351121313695
[-3.06144087e+00  1.96670204e-01 -1.14479405e-01  6.64670754e+00
  3.12970265e+02] 6.650601910792887
[-3.05154919e+00 -6.37545212e-02  2.44908584e-01  6.38904424e+00
  3.10111381e+02] 6.394054359347619
[-3.10730739e+00  1.36529669e-02  2.54725778e-01  6.45754330e+00
  3.10337945e+02] 6.462579756791975
[-3.06324463e+00  1.80595775e-01 -2.87602734e-02  6.11112433e+00
  3.12185848e+02] 6.113859870244435
[-3.01565264e+00 -3.13866255e-01 -2.70089295e-02  6.14368295e+00
  3.08861936e+02] 6.151754359786472
[-3.11051854e+00  3.49149505e-02  1.51151526e-01  5.95961186e+00
  3.08402399e+02] 5.961630595113913
[-3.03969058e+00  1.33233148e-01  2.10341099e-02  6.12465105e+00
  3.10424860e+02] 6.126136139586833
[-3.09308737e+00  2.06260170e-01 -1.61594935e-02  5.95504855e+00
  3.08231751e+02] 5.958641420822076
[-3.08717610e+00 -1.96200697e-01  6.78394219e-04  6.37801087e+00
  3.09810625e+02] 6.381027959781266
[-3.05716495e+00 -1.15489909e-01  3.26668712e-01  6.28970739e+00
  3.07993426e+02] 6.2992435607795585
[-3.22539768e+00  2.94106441e-02  2.49014306e-01  6.69551883e+00
  3.12691662e+02] 6.7002123458905665
[-3.08490857e+00 -1.10039453e-01 -1.67177224e-01  6.34444247e+00
  3.11189289e+02] 6.347598538799615
[-3.01836261e+00  2.65822524e-01  1.64227586e-01  6.27335524e+00
  3.09923609e+02] 6.281131929514741
[-3.06730464e+00 -1.44675608e-01  2.51802975e-02  6.26718723e+00
  3.09908066e+02] 6.268907464529433
[-3.06353357e+00  2.93337650e-01 -3.19960696e-01  6.37863870e+00
  3.11072194e+02] 6.393391392509284
[-3.05213382e+00 -1.17581782e-01  1.40750409e-01  6.09755326e+00
  3.06681269e+02] 6.100310800295479
[-3.02520350e+00 -1.41260004e-01 -7.35104771e-02  6.14553032e+00
  3.10573723e+02] 6.147593116034347
[-3.05436021e+00 -1.76459427e-01  2.05823587e-01  6.03372640e+00
  3.10093573e+02] 6.039814199562492
[-3.13008518e+00  7.17536285e-02  2.49129162e-01  6.15840411e+00
  3.09518243e+02] 6.163858788550711
[-3.07914548e+00 -1.68200744e-01 -2.83415434e-01  6.43497042e+00
  3.12258277e+02] 6.443404386136902
[-3.01131590e+00  1.75307429e-01 -2.65149288e-02  6.59451539e+00
  3.11154422e+02] 6.596898432059981
[-3.04933091e+00 -4.36308311e-02 -6.17030127e-01  6.21116395e+00
  3.11632310e+02] 6.241889736770914
[-3.14692360e+00  5.59189550e-02  5.72198764e-02  6.31783781e+00
  3.10953267e+02] 6.318344379444457
[-3.09816757e+00  1.97506224e-01 -1.35066077e-01  6.13283596e+00
  3.10393182e+02] 6.137501812917402
[-3.10318849e+00 -8.89710032e-03  1.07630753e-02  6.21370568e+00
  3.10718625e+02] 6.213721371690404
[-3.07529833e+00 -1.84475843e-01 -1.74164941e-01  6.41243437e+00
  3.09346510e+02] 6.417451156521852
[-3.12385553e+00  1.35072117e-01 -2.46462552e-01  6.41962997e+00
  3.11748758e+02] 6.425779112759132
[-2.98077042e+00  1.67795285e-01  2.20510860e-01  6.36572939e+00
  3.11094356e+02] 6.371757289856497
[-3.14962194e+00 -3.42466195e-02 -8.66982754e-02  6.61055687e+00
  3.13500168e+02] 6.611214079775258
[-3.13385679e+00  1.72988786e-01 -3.06270774e-02  6.04994996e+00
  3.07558266e+02] 6.052500120517096
[-3.14240765e+00  1.05021891e-01  5.87152615e-02  6.14899518e+00
  3.08460723e+02] 6.150172262716367
[-3.12663721e+00  1.12285022e-01 -9.73618323e-02  6.33841811e+00
  3.09156292e+02] 6.340160206648283
[-3.07023332e+00  7.42690076e-02  7.53601827e-03  6.40232302e+00
  3.13115161e+02] 6.402758217258882
[-3.15795603e+00 -9.71618255e-02 -7.99364531e-02  6.51065410e+00
  3.09712763e+02] 6.511869709838748
[-3.08009711e+00 -1.93534794e-02  2.05164882e-01  6.21026323e+00
  3.09697218e+02] 6.213681403923307
[-3.19833585e+00 -1.37451687e-01 -6.53242976e-02  6.27323457e+00
  3.10172271e+02] 6.275080257926901
[-3.08728453e+00  9.69126762e-02 -1.07715927e-01  6.31979649e+00
  3.09624456e+02] 6.321457308997307
[-3.01334239e+00  5.18129928e-04 -5.72417175e-02  6.17575993e+00
  3.10090865e+02] 6.176025229459079
[-3.07247174e+00  2.49017143e-02 -3.10079657e-02  6.69406843e+00
  3.12391923e+02] 6.6941865664025135
[-3.13857845e+00  2.01694464e-02 -2.52564357e-02  6.15929538e+00
  3.08102064e+02] 6.159380190109169
[-3.07570166e+00  8.99750485e-03 -2.03982167e-01  6.07926052e+00
  3.10101798e+02] 6.082688401593998
[-3.10834228e+00  2.29887677e-01  7.34954786e-03  6.05898364e+00
  3.08556934e+02] 6.06334767878685
[-2.99954736e+00 -1.75359461e-01 -1.58508810e-01  5.98847136e+00
  3.09952037e+02] 5.993134835481838
[-3.04341380e+00 -1.63027076e-01  2.64036282e-02  6.30099139e+00
  3.12427757e+02] 6.30315535895619
[-3.00472269e+00  4.76699518e-02 -2.05405075e-01  6.03959040e+00
  3.09778142e+02] 6.043270299183784
[-3.05232324e+00 -5.72349876e-02  2.98322101e-01  6.62627744e+00
  3.10813139e+02] 6.633236362090446
[-3.01004603e+00 -1.72047250e-01 -1.91588374e-01  6.35299156e+00
  3.13540340e+02] 6.3582079349964555
[-3.08204805e+00 -2.02614577e-01 -4.55391543e-02  6.27075695e+00
  3.07972428e+02] 6.274194706590835
[-3.06150761e+00  1.72069633e-01 -9.23552683e-02  5.98736707e+00
  3.09255263e+02] 5.990551051415037
[-3.09758281e+00  3.11096468e-01  5.09478315e-02  6.21702989e+00
  3.08925961e+02] 6.225017051197048
[-3.18878361e+00  7.36078265e-02 -7.28245112e-02  6.26988362e+00
  3.10240720e+02] 6.270738565078459
[-3.19673791e+00 -2.11041834e-01  3.41500806e-01  6.34186697e+00
  3.08081068e+02] 6.354560416767777
[-3.14479335e+00 -1.35146492e-01 -9.84174309e-02  6.66267466e+00
  3.11831805e+02] 6.664771882229539
[-3.07178847e+00  9.10540950e-02  1.10704985e-01  6.24259824e+00
  3.09132058e+02] 6.2442436917024375
[-3.09091694e+00  2.07787933e-01  2.63784107e-01  6.33561541e+00
  3.10595368e+02] 6.344507904835922
[-3.12642148e+00  9.36919177e-02 -2.38560599e-02  6.49342436e+00
  3.11396817e+02] 6.494144074770074
[-3.12413789e+00 -1.90436955e-01 -6.36974967e-02  6.10288448e+00
  3.06845689e+02] 6.10618723589636
[-3.16776174e+00 -1.01353004e-01 -3.34536134e-01  6.58007210e+00
  3.12138456e+02] 6.589350177257287
[-3.04219234e+00 -4.25496574e-02 -4.92881092e-02  6.03984920e+00
  3.09060806e+02] 6.040200169910197
[-3.08345131e+00 -2.85420091e-01 -2.14548999e-01  6.34643801e+00
  3.10249505e+02] 6.356474752771783
[-3.06976104e+00  5.69145055e-02 -6.94803572e-02  6.11830278e+00
  3.10903251e+02] 6.118961974523384
[-3.00888371e+00 -2.46487527e-02  7.82069482e-02  6.22546420e+00
  3.11054790e+02] 6.226004203789369
[-3.06332907e+00  1.62203392e-01 -1.67710577e-01  6.17307026e+00
  3.10146127e+02] 6.177477896932767
[-3.03323345e+00 -1.42470684e-01  1.87308144e-01  6.52335133e+00
  3.12166280e+02] 6.527594869364261
[-3.14375493e+00 -1.08277323e-01  1.89688555e-02  6.40017758e+00
  3.09587798e+02] 6.40112153021946
[-3.06436952e+00 -7.61031844e-02  9.75652149e-02  6.28463250e+00
  3.07775593e+02] 6.2858504816473575
[-3.04351703e+00 -2.43660694e-01 -1.24672230e-01  6.52981892e+00
  3.10136144e+02] 6.535552679053085
[-3.05940768e+00 -2.38083856e-01 -1.31147534e-01  6.50286467e+00
  3.11439211e+02] 6.508543042384623
[-3.04920680e+00  5.72464327e-02  1.05677589e-01  5.98976230e+00
  3.10201712e+02] 5.990967982329257
[-3.10591901e+00 -1.74870913e-01  8.80339812e-02  6.05464950e+00
  3.06200370e+02] 6.057813996986062
[-3.15629630e+00  7.27584791e-02  1.93587369e-01  6.11976752e+00
  3.08870528e+02] 6.123260930191102
[-3.12335040e+00 -6.07748949e-02 -3.79613336e-02  6.25892369e+00
  3.09423103e+02] 6.25933385854999
[-3.15550040e+00 -2.89969241e-01  2.82222399e-01  6.16629980e+00
  3.08974238e+02] 6.179561865588173
[-3.07135868e+00 -4.56809771e-01  3.00596390e-02  6.22039525e+00
  3.09356984e+02] 6.237218598866091
[-3.02635832e+00  9.69306015e-02  6.58133778e-02  6.22425941e+00
  3.10586884e+02] 6.225362004922552
[-3.15927948e+00 -4.03609356e-02 -1.44702736e-01  6.30261009e+00
  3.09331535e+02] 6.304400196971714
[-3.05559300e+00  2.70987396e-02  4.27440580e-02  6.21480969e+00
  3.10049651e+02] 6.2150157550345835
[-3.08987980e+00  3.04400661e-01  3.82693996e-02  6.16451700e+00
  3.07909297e+02] 6.172146639653509
[-3.13980882e+00 -2.94777911e-01 -1.62810111e-01  6.46179341e+00
  3.10183348e+02] 6.470562200777032
[-3.16468034e+00 -1.35202911e-01  2.92807133e-03  6.34973392e+00
  3.10945428e+02] 6.351173853048185
[-3.11498996e+00 -2.01693747e-01  9.83067515e-03  6.02847143e+00
  3.08648613e+02] 6.031852521079931
[-3.08554120e+00  1.75515881e-01  2.68085892e-01  6.22480297e+00
  3.09531664e+02] 6.233044836302229
[-3.10366311e+00 -1.52617113e-02 -9.92256054e-02  6.15564171e+00
  3.11112012e+02] 6.156460302867549
[-3.09658769e+00  2.37918379e-02  9.64406513e-02  6.33500375e+00
  3.11350727e+02] 6.335782457335016
[-3.07338321e+00  1.62033929e-01  2.09873796e-01  6.26240930e+00
  3.08791037e+02] 6.268019806259558
[-3.05322332e+00  3.98841928e-02  8.45899574e-02  6.44717272e+00
  3.11605841e+02] 6.447850980219558
[-3.13097297e+00  1.98980288e-01  4.18778989e-01  6.05844450e+00
  3.09659804e+02] 6.076159865655552
[-3.11310144e+00 -5.65774215e-02  1.74295369e-01  5.96531396e+00
  3.08325109e+02] 5.968127886592168
[-3.10482067e+00  1.53524386e-02  2.97700817e-01  6.19900870e+00
  3.09351799e+02] 6.206171954296879
[-3.07670934e+00  1.14945586e-01  3.73749432e-01  6.30545679e+00
  3.10903143e+02] 6.31756966268329
[-3.10759712e+00  3.05029224e-01 -1.80542486e-01  6.20561338e+00
  3.08522205e+02] 6.215728102529358
[-3.05805242e+00 -1.56221409e-01 -2.47730095e-02  6.18873233e+00
  3.11095466e+02] 6.190753324733412
[-3.03355775e+00 -2.24273740e-01 -1.86753675e-01  6.14748281e+00
  3.10806609e+02] 6.154406593322863
[-3.08154209e+00  2.91940104e-01  1.05714640e-01  6.00264838e+00
  3.09441176e+02] 6.010673185677108
[ -3.10311144   0.33639363  -0.33352883   6.32119601 309.68414304] 6.338921130418165
[-3.09842162e+00  2.44279875e-01 -1.33948662e-01  6.35684293e+00
  3.10849017e+02] 6.362944827264621
[-3.06187663e+00  9.15021654e-02 -1.55141828e-01  6.45489428e+00
  3.11179226e+02] 6.457406743118746
[-3.10707684e+00  7.36807338e-02 -2.73298538e-01  5.93459782e+00
  3.05704622e+02] 5.941344307194336
[-3.06789484e+00  7.40702446e-02  2.33767094e-01  6.33359543e+00
  3.09691645e+02] 6.338340833934798
[-3.06672517e+00  1.98830227e-01 -2.20711411e-02  6.52437300e+00
  3.12457653e+02] 6.527439285913378
[-3.06392482e+00  1.53355455e-01 -2.19513505e-01  6.39366163e+00
  3.12425503e+02] 6.3992666123302495
[-3.15617739e+00 -8.42868508e-02  8.47751485e-02  6.18942447e+00
  3.08918409e+02] 6.190578843684329
[-3.06993139e+00  1.60633001e-01 -1.81839008e-01  6.27298202e+00
  3.10757882e+02] 6.277672479592725
[-3.08960161e+00  6.56433755e-03  1.06992680e-01  6.10220804e+00
  3.10229231e+02] 6.103149469728901
[-3.10445180e+00 -2.14114305e-01  2.69207359e-01  6.31839997e+00
  3.11129272e+02] 6.327755977459463
[-3.03209145e+00 -2.90566175e-01 -1.01521467e-01  5.90438389e+00
  3.09540715e+02] 5.912400902805306
[-3.09483400e+00  1.92598798e-01 -7.86709917e-02  6.17963179e+00
  3.07575499e+02] 6.183132901988894
[-3.04580864e+00  7.00322716e-05  3.64904387e-01  6.14756184e+00
  3.10786389e+02] 6.158382238387934
[-3.12276579e+00 -2.84613541e-01 -2.54448046e-01  6.27132823e+00
  3.10950395e+02] 6.2829377280821825
[-3.10233946e+00  3.30284677e-01  5.19313973e-02  6.67908459e+00
  3.14545742e+02] 6.687447629245261
[-2.98139015e+00 -3.75255181e-02  6.24970062e-02  6.09780262e+00
  3.10542241e+02] 6.098238335932919
[-3.04952013e+00  1.13415753e-01  2.22816647e-02  6.42157692e+00
  3.11703076e+02] 6.422617046918732
[-3.10182928e+00  4.15919149e-01 -1.94120448e-01  6.39635266e+00
  3.09927878e+02] 6.412799609095249
[-3.08423891e+00  7.03750342e-02 -3.30695019e-01  6.38956262e+00
  3.11859366e+02] 6.398501569491019
[-3.05278369e+00 -2.96789744e-02 -1.96421962e-01  6.10671535e+00
  3.10326512e+02] 6.109945565541046
[-3.07700302e+00  1.74007892e-01 -2.14578387e-01  6.40665910e+00
  3.08278755e+02] 6.412612838373422
[-3.04816909e+00 -5.51257797e-02  2.67846844e-01  6.36765749e+00
  3.10621473e+02] 6.37352670299516
[-2.99185353e+00  4.50479176e-02  9.83237074e-02  6.31312068e+00
  3.13746165e+02] 6.314047002682997
[-3.13314707e+00 -2.87348147e-01 -6.49700008e-02  6.42982800e+00
  3.09140996e+02] 6.436573480986926
[-3.05291501e+00 -9.55518219e-02 -2.73802492e-01  6.25926406e+00
  3.09661755e+02] 6.265978336763379
[-3.11009030e+00 -9.75288203e-02 -1.86531554e-01  6.40752960e+00
  3.10960780e+02] 6.410986000124301
[-3.00336122e+00  1.26610394e-01  1.17361203e-01  6.07998978e+00
  3.11999340e+02] 6.0824402597747635
[-3.13303766e+00  2.02880935e-01 -5.73043858e-02  6.36785243e+00
  3.10477559e+02] 6.371341224486427
[-3.09372739e+00  6.37168155e-02  3.18782437e-01  6.22176604e+00
  3.11157339e+02] 6.230253180757066
[-3.07395833e+00  1.56379063e-01 -8.78050120e-02  6.42514011e+00
  3.13380072e+02] 6.427642617062559
[-3.06858640e+00  1.11958460e-01  2.63086054e-01  6.46096051e+00
  3.11161111e+02] 6.467283797324512
[-3.01325426e+00  2.86887774e-02 -2.19850987e-01  6.31655887e+00
  3.11868991e+02] 6.32044883139789
[-3.09516068e+00  2.85942679e-01 -6.35083776e-02  6.11649406e+00
  3.10214326e+02] 6.123503576814416
[-3.12809754e+00 -7.16323139e-02 -7.11367461e-02  5.99612732e+00
  3.07077661e+02] 5.996977112670299
[-3.02460755e+00 -1.25505682e-01 -1.52034010e-02  6.51339405e+00
  3.11484715e+02] 6.514620856826695
[-3.19506209e+00 -1.46397965e-01  9.38024966e-02  6.59343738e+00
  3.12119427e+02] 6.595729508840741
[-3.07578972e+00  6.34284230e-02  4.98234069e-03  6.27294543e+00
  3.08804509e+02] 6.2732680724093655
[-3.10433575e+00  1.27346586e-01 -5.85491778e-02  6.35576104e+00
  3.07695626e+02] 6.357306314051949
[-3.10557249e+00 -5.74729513e-02  2.99279680e-01  6.30568386e+00
  3.10663842e+02] 6.31304367573103
[-3.01108352e+00 -2.50144342e-03  2.81592835e-02  6.17157500e+00
  3.10528623e+02] 6.171639751545157
