/mnt/stage/douwei/Simulation/5kt_root/2MeV/5kt_-7.60_3.root
[-3.14943491e+00 -3.03577765e-01  4.73187940e-02 -7.69835038e+00
  3.20157245e+02] 7.704479029661463
[-3.10098334e+00  1.03332020e-01 -4.98226704e-02 -7.48923435e+00
  3.16179347e+02] 7.490112876583943
[-3.15520453e+00 -1.65242170e-01 -1.24982044e-01 -7.41783705e+00
  3.18924852e+02] 7.4207298843999885
[-3.15849439e+00  8.78117925e-02  4.99054328e-01 -7.59971133e+00
  3.20206318e+02] 7.61658574981421
[-3.12260561e+00  1.80371780e-01  5.37093142e-02 -7.48962122e+00
  3.18293679e+02] 7.49198536821953
[-3.10918327e+00  1.72547738e-01  1.02294285e-01 -7.56650902e+00
  3.19041313e+02] 7.569167427183206
[-3.13302629e+00  1.85689418e-01 -1.59944961e-01 -7.71764472e+00
  3.19932644e+02] 7.721535009417165
[-3.14681909e+00  1.76162797e-02  2.51426194e-02 -7.62175160e+00
  3.18558129e+02] 7.621813432386002
[-3.11262989e+00  1.57057721e-01  2.92774538e-01 -7.50708964e+00
  3.19234621e+02] 7.5144380299076285
[-3.12838109e+00  2.32286539e-01  1.72877994e-01 -7.60880546e+00
  3.19784250e+02] 7.614313127142509
[-3.16460142e+00 -1.12245588e-01 -2.82256716e-01 -7.34955414e+00
  3.15350768e+02] 7.355828571000502
[-3.11495301e+00 -9.56789871e-02  2.19206728e-01 -7.70987080e+00
  3.21210092e+02] 7.713579831694656
[-3.13131485e+00  2.25185884e-01  1.11574146e-01 -7.62251253e+00
  3.20884552e+02] 7.626654225392905
[-3.12181008e+00 -3.70363664e-02 -9.47372980e-02 -8.03047639e+00
  3.24494419e+02] 8.03112058388012
[-3.11789416e+00  1.52849318e-01 -2.11662204e-02 -7.88965076e+00
  3.24249329e+02] 7.891159608821513
[-3.11981892e+00 -1.94968412e-01 -1.63614288e-01 -7.69794803e+00
  3.21897844e+02] 7.7021546508599865
[-3.12630480e+00 -1.25183595e-01 -1.12228370e-01 -7.73275844e+00
  3.16811511e+02] 7.734585915426503
[-3.16094387e+00  3.74689466e-01  1.46848646e-01 -7.73727265e+00
  3.20630689e+02] 7.747731591664818
[-3.15123230e+00  1.50715004e-02  9.82848605e-02 -7.44756897e+00
  3.17824898e+02] 7.448232716464391
[-3.13353956e+00  6.80270038e-02  3.46974301e-01 -7.34254670e+00
  3.17652324e+02] 7.3510550815098075
[-3.12511079e+00 -2.20713824e-03 -1.68045125e-01 -7.71793342e+00
  3.20488886e+02] 7.7197629696617165
[-3.10272001e+00  1.89439098e-01 -3.68576330e-02 -7.48504277e+00
  3.18991705e+02] 7.487530366937498
[-3.08915218e+00  6.80503666e-02 -2.75637104e-02 -7.81500684e+00
  3.23164340e+02] 7.815351723834683
[-3.15756250e+00 -5.57103668e-02  1.13885528e-01 -7.37059409e+00
  3.16659924e+02] 7.371684392434892
[-3.13117526e+00 -2.84082356e-02 -2.64336216e-03 -7.67391927e+00
  3.18434358e+02] 7.673972309722665
[-3.11769647e+00 -1.47676521e-01  8.44731955e-02 -7.52729339e+00
  3.20101754e+02] 7.529215754727127
[-3.15317539e+00  6.76415697e-02 -2.12654110e-01 -7.94167435e+00
  3.19339572e+02] 7.944808913610691
[-3.20399150e+00  2.76368267e-02 -2.93565198e-01 -7.76771106e+00
  3.22855295e+02] 7.773305570427524
[-3.07973873e+00 -6.68083093e-02 -1.64188908e-01 -7.58014820e+00
  3.20260146e+02] 7.5822205266335665
[-3.15724264e+00 -1.51528235e-02  2.72441155e-02 -7.49869173e+00
  3.17203258e+02] 7.498756534149632
[-3.12264211e+00  1.19840612e-01 -2.02631251e-01 -7.66116827e+00
  3.21934724e+02] 7.664784431824655
[-3.19505382e+00 -1.40400640e-01  1.36868130e-01 -7.50098716e+00
  3.18606728e+02] 7.503549401356228
[-3.16033527e+00 -7.99982605e-02  4.00135164e-01 -7.70456373e+00
  3.20313001e+02] 7.715361957842023
[-3.09944118e+00  2.67888102e-01  1.87155848e-01 -7.86618259e+00
  3.23658846e+02] 7.872967668247355
[-3.08536679e+00  4.14929419e-01  4.93568937e-02 -7.25276199e+00
  3.16198391e+02] 7.264788989607247
[-3.17021582e+00 -6.37407006e-02 -2.85668600e-01 -7.65631583e+00
  3.19274168e+02] 7.661908480505212
[-3.21738817e+00  4.74539414e-02 -5.56827851e-02 -7.70346243e+00
  3.20306602e+02] 7.703809829379675
[-3.22904937e+00 -4.07021145e-03 -1.46823579e-01 -7.84643233e+00
  3.21334149e+02] 7.847806955008315
[-3.20329086e+00 -1.38565171e-01 -5.74774635e-02 -7.27767486e+00
  3.17080352e+02] 7.279220791691243
[-3.03503833e+00 -3.69018398e-02 -2.84856209e-01 -7.61331377e+00
  3.17020160e+02] 7.618730302965569
[-3.13903265e+00 -2.68570573e-01 -1.32046746e-01 -7.54309071e+00
  3.20204989e+02] 7.549025369560122
[-3.10805385e+00 -9.74527674e-02 -4.44125646e-02 -7.50534727e+00
  3.20122880e+02] 7.506111323737608
[-3.13383553e+00 -3.45517493e-02 -1.10252886e-01 -7.68169559e+00
  3.21103487e+02] 7.6825644634778225
[-3.14177218e+00  1.56714413e-01  9.97610495e-02 -7.89889571e+00
  3.22714197e+02] 7.901079995592808
[-3.15410007e+00  2.16294958e-01  2.66731525e-01 -7.72973580e+00
  3.22049677e+02] 7.737360322747781
[-3.16670599e+00 -6.70715991e-03  2.00292878e-02 -7.74437348e+00
  3.18672362e+02] 7.744402283799446
[-3.11966910e+00 -9.29077112e-02 -2.53708075e-01 -7.59842898e+00
  3.18863006e+02] 7.603231066691095
[-3.15820503e+00  8.45956820e-02  1.00151255e-01 -7.58682601e+00
  3.18770537e+02] 7.587958596936374
[-3.09751494e+00 -1.77916671e-01 -3.29609946e-02 -7.82443599e+00
  3.21277460e+02] 7.826527922650897
[-3.11101617e+00  1.79616741e-01 -2.43021288e-01 -7.48808376e+00
  3.17847930e+02] 7.494179073387361
[-3.13768181e+00 -1.33104648e-01  2.64610132e-02 -7.63087939e+00
  3.17100960e+02] 7.6320860354055595
[-3.11781914e+00 -1.40248535e-01  3.72054378e-02 -7.84228570e+00
  3.20268438e+02] 7.843627913774832
[-3.13303568e+00  1.53040495e-01  9.53174099e-02 -7.49634279e+00
  3.17006972e+02] 7.498510649976539
[-3.16139764e+00 -3.07389567e-01  1.94314263e-01 -7.30555046e+00
  3.17955790e+02] 7.3145959536907155
[-3.17190364e+00 -4.13831993e-02  5.38245870e-02 -7.78330547e+00
  3.20318220e+02] 7.7836015922980275
[-3.14345222e+00 -3.47434239e-02 -2.26402232e-01 -7.74961962e+00
  3.19906770e+02] 7.753003890648038
[-3.06697603e+00 -7.22170919e-02  3.18390167e-01 -7.78438990e+00
  3.21200421e+02] 7.7912331333443525
[-3.06316138e+00 -2.76207724e-01  1.07881776e-01 -7.69323552e+00
  3.19257866e+02] 7.698948111271925
[-3.13299096e+00  2.98709426e-01  4.47016209e-02 -7.81132581e+00
  3.21613164e+02] 7.817162943451553
[-3.26744085e+00  2.18788831e-01  1.25368870e-01 -7.99611267e+00
  3.22053445e+02] 8.000087737883259
[-3.15003161e+00 -9.26511083e-03 -2.25611105e-01 -7.80658322e+00
  3.22630467e+02] 7.809848130317933
[-3.15119018e+00 -2.56270655e-01 -3.23507808e-01 -7.56462447e+00
  3.19714268e+02] 7.5758745569887855
[-3.11696096e+00  4.14736271e-02 -2.01928846e-01 -7.46749078e+00
  3.20098656e+02] 7.470335594912156
[-3.13657794e+00  3.24819645e-01  7.85387040e-02 -7.66027269e+00
  3.19376992e+02] 7.6675585256017325
[-3.16952029e+00 -1.89049763e-01  1.61540778e-01 -7.62343433e+00
  3.19988751e+02] 7.6274888530051514
[-3.21537979e+00  1.86407993e-02  3.84297329e-01 -7.47980158e+00
  3.19494672e+02] 7.489690490770468
[-3.07294851e+00  7.51777385e-02  5.73299729e-02 -7.68312932e+00
  3.21432783e+02] 7.683710985407526
[-3.22237797e+00  1.55655711e-01  3.48903739e-01 -7.78248591e+00
  3.20426941e+02] 7.791857899874105
[-3.14781804e+00 -3.12572005e-02 -1.71792188e-01 -7.94914970e+00
  3.20879912e+02] 7.951067255604419
[-3.08352149e+00  1.64156619e-01  2.93840075e-01 -7.59857523e+00
  3.18827259e+02] 7.606026218713889
[-3.08534076e+00 -1.34059414e-01  4.21284496e-02 -7.62759720e+00
  3.20437695e+02] 7.628891516824781
[-3.16613003e+00  8.65200755e-02 -2.98813002e-02 -7.93383616e+00
  3.19515565e+02] 7.934364174612844
[-3.15331099e+00  2.14297735e-01  3.03625542e-01 -7.56804706e+00
  3.20693759e+02] 7.577166242626318
[-3.15076184e+00  2.07621001e-02 -1.13928321e-01 -7.81798742e+00
  3.19701662e+02] 7.818845058673268
[-3.11047683e+00 -4.77745203e-02  2.40719483e-01 -7.53258948e+00
  3.19004517e+02] 7.536586266177527
[-3.10456649e+00  1.52579656e-01  8.90784401e-02 -7.28391020e+00
  3.17459177e+02] 7.286052658832716
[-3.10899698e+00  2.37188085e-02 -9.55091229e-02 -7.51733716e+00
  3.17960623e+02] 7.517981280985621
[-3.11685874e+00 -2.74056852e-01 -1.34030448e-01 -7.38644913e+00
  3.19188832e+02] 7.392746582267594
[-3.10773954e+00  1.08203729e-01 -3.43676077e-03 -7.50124460e+00
  3.21456396e+02] 7.502025749036907
[-3.04377248e+00  1.57653900e-01  1.13760118e-01 -7.65810963e+00
  3.21175138e+02] 7.66057694714291
[-3.18503905e+00 -2.35836903e-02  4.81322412e-02 -7.69301529e+00
  3.19321566e+02] 7.693202010917653
[-3.19965413e+00 -2.39627017e-03 -4.72582563e-02 -8.21877429e+00
  3.23991331e+02] 8.218910508339452
[-3.08725839e+00 -1.63603825e-02 -1.06004081e-01 -7.74506872e+00
  3.22597094e+02] 7.745811381818689
[-3.09621710e+00 -1.90285320e-01  1.42322852e-01 -7.54753773e+00
  3.19378860e+02] 7.551277377227294
[-3.20159570e+00 -5.81560143e-02  8.45252110e-02 -7.76887886e+00
  3.17654581e+02] 7.769556315270982
[-3.17914241e+00  2.48933956e-01  2.46846393e-01 -7.71401322e+00
  3.19753750e+02] 7.721975218421125
[-3.13904586e+00  1.37140609e-01 -7.17164008e-02 -7.67236268e+00
  3.20483218e+02] 7.673923365826333
[-3.04581611e+00  4.14141731e-02  2.02672890e-01 -7.75056720e+00
  3.21607663e+02] 7.753327241823975
[-3.18072087e+00  8.19147323e-02  8.23737973e-02 -7.76606591e+00
  3.17465440e+02] 7.766934739669601
[-3.09034694e+00 -1.52373906e-01  1.48575521e-01 -7.49809473e+00
  3.18459223e+02] 7.501114390059799
[-3.10884384e+00 -1.71271329e-02  1.68789769e-02 -7.51596381e+00
  3.19337774e+02] 7.516002281669896
[-3.15905325e+00 -1.32729294e-02 -5.82906803e-02 -8.13396926e+00
  3.24073774e+02] 8.134188951286681
[-3.11238604e+00 -2.42187223e-01 -2.80709805e-01 -7.95350144e+00
  3.23973337e+02] 7.962137767999359
[-3.09538274e+00  7.18082063e-02  1.05244889e-01 -7.77598384e+00
  3.20707091e+02] 7.77702755313741
[-3.20090446e+00  2.39296148e-01 -5.42516890e-02 -7.65285793e+00
  3.18729320e+02] 7.656790476622653
[-3.14687759e+00  4.95533717e-03 -4.18994336e-01 -7.61132884e+00
  3.20718695e+02] 7.6228542862464295
[-3.13958883e+00 -2.26635199e-01  1.22178130e-02 -7.42562753e+00
  3.18116441e+02] 7.429095299303597
[-3.21789192e+00  3.77103528e-01  9.97588989e-02 -7.75277560e+00
  3.21580674e+02] 7.76258259072933
[-3.09682292e+00 -2.84623856e-01  1.06488605e-01 -7.62453256e+00
  3.20861078e+02] 7.630586299536704
[-3.11795590e+00  2.95437267e-02 -4.49610676e-01 -7.54368128e+00
  3.20634958e+02] 7.5571257669288325
[-3.09884936e+00  1.42151586e-01  9.43376067e-02 -7.86391923e+00
  3.23089654e+02] 7.865769661837879
[-3.13828296e+00 -6.52839765e-02  1.23044753e-01 -7.73653332e+00
  3.18952739e+02] 7.737787142277814
[-3.08268989e+00 -2.35703424e-01  1.29401667e-01 -7.56718496e+00
  3.20083024e+02] 7.571960717232421
[-3.16763486e+00  1.26357047e-01  1.63813933e-01 -7.80279183e+00
  3.21620459e+02] 7.805534029138862
[-3.13791178e+00 -1.89622044e-01 -1.28689185e-01 -7.87430745e+00
  3.20183490e+02] 7.877641476063447
[-3.14356499e+00  2.00782077e-01 -3.52192428e-02 -7.60339501e+00
  3.18631441e+02] 7.6061271053932975
[-3.09492076e+00  2.19956106e-01  1.20473979e-01 -7.57870444e+00
  3.19991179e+02] 7.5828527415415685
[-3.18547321e+00  1.16435949e-02  2.96303457e-01 -7.61506560e+00
  3.17555405e+02] 7.62083692158728
[-3.13415726e+00  3.84990490e-02  2.16875737e-02 -7.58777749e+00
  3.20488170e+02] 7.587906149499582
[-3.19190763e+00 -1.48181007e-01  1.24473079e-01 -7.72444827e+00
  3.19905633e+02] 7.726872087719775
[-3.08327364e+00  2.37758601e-01 -2.25376078e-01 -7.64285599e+00
  3.20361312e+02] 7.6498739311857
[-3.12912572e+00 -1.56467832e-01  5.72019438e-03 -7.62223152e+00
  3.18198044e+02] 7.623839471033895
[-3.07267963e+00 -1.85025002e-01 -9.90187176e-02 -7.76891740e+00
  3.21539917e+02] 7.771751192256303
[-3.14461677e+00 -1.86356861e-02 -1.93027370e-01 -7.69142427e+00
  3.22387772e+02] 7.6938686126903875
[-3.09895884e+00 -1.00510073e-01 -3.93250026e-02 -7.70379787e+00
  3.20801279e+02] 7.704553868573087
[-3.13421214e+00 -6.18870809e-02 -1.44782434e-02 -7.85569809e+00
  3.22032707e+02] 7.855955198978706
[-3.08912660e+00  9.03509418e-02  1.54382226e-01 -7.45921832e+00
  3.19523798e+02] 7.461362813894242
[-3.14468752e+00 -6.07552892e-02  2.00659714e-01 -7.66711247e+00
  3.21662700e+02] 7.6699784282271235
[-3.08382090e+00  1.74288411e-01 -4.17672105e-03 -7.46462726e+00
  3.19200280e+02] 7.466662843285662
[-3.09499526e+00  8.68462057e-02  2.08655538e-01 -7.74561102e+00
  3.21480692e+02] 7.7489076332086215
[-3.12481242e+00 -5.96660052e-02  1.44015031e-01 -7.46821976e+00
  3.18957237e+02] 7.469846505075138
[-3.17503830e+00  2.48692834e-01 -1.84543739e-01 -7.61322986e+00
  3.17631707e+02] 7.619525802530481
[-3.02964204e+00  9.04463968e-02  1.62021732e-01 -7.50354866e+00
  3.21619334e+02] 7.505842666414329
[-3.12227075e+00 -7.01025207e-02 -9.10121163e-02 -7.80327841e+00
  3.21406989e+02] 7.804124011307525
[-3.23560418e+00  1.65628284e-01 -1.32494193e-01 -8.05450761e+00
  3.21734635e+02] 8.057299817997075
[-3.14880838e+00 -1.67377378e-01  2.82258914e-02 -7.54404388e+00
  3.20430875e+02] 7.545953216085598
[-3.19536741e+00 -1.82308898e-01  6.04852479e-02 -7.58501199e+00
  3.20551524e+02] 7.587443695452588
[-3.06987018e+00  1.79492832e-01 -1.30988317e-01 -7.71086580e+00
  3.20070375e+02] 7.714066822609928
[-3.13966967e+00  8.78557796e-03  9.74910646e-02 -7.50615347e+00
  3.18087043e+02] 7.506791696209343
[-3.00994005e+00  1.53192176e-01 -1.19742396e-01 -7.56798061e+00
  3.20682628e+02] 7.570477964135617
[-3.17214109e+00 -5.01094544e-02 -3.03808732e-02 -7.66003305e+00
  3.19254064e+02] 7.660257190820818
[-3.19287079e+00 -5.71035299e-02  2.04530824e-01 -7.73588631e+00
  3.19828238e+02] 7.738800338054451
[-3.17091680e+00 -1.57698790e-01 -2.24207215e-01 -7.32473803e+00
  3.18716526e+02] 7.329865278915369
[-3.04893132e+00 -1.87430944e-01  8.55930318e-02 -7.69973214e+00
  3.19959460e+02] 7.702488662551653
[-3.10240861e+00  2.14065893e-01 -1.43125974e-01 -7.74307562e+00
  3.21185349e+02] 7.747356283121728
[-3.15097784e+00 -1.68229207e-01  7.52908425e-02 -7.86783571e+00
  3.23195060e+02] 7.869994191991532
[-3.15940302e+00 -2.18611361e-01 -1.79938136e-01 -7.74842070e+00
  3.20543999e+02] 7.753592199886599
[-3.16227907e+00  1.32353328e-01 -2.82926923e-01 -7.75802243e+00
  3.19421179e+02] 7.764307890609408
[-3.16636854e+00  1.17552448e-01 -1.54194617e-04 -7.66355655e+00
  3.18568569e+02] 7.664458078929377
[-3.10689740e+00  2.03749244e-01  3.48995030e-01 -7.27930497e+00
  3.16184084e+02] 7.290513841557293
[-3.13844554e+00  1.91473823e-01 -2.22873616e-01 -7.63590301e+00
  3.19118152e+02] 7.641554141751627
[-3.18625523e+00  3.60580301e-02 -2.62646975e-02 -7.52550434e+00
  3.18570200e+02] 7.525636558396125
[-3.13144680e+00 -1.53251911e-01  1.05539654e-01 -7.69935298e+00
  3.19212224e+02] 7.701601200540192
[-3.16589729e+00 -7.16187738e-02  2.36375597e-01 -7.75526585e+00
  3.20507190e+02] 7.759197837437739
[-3.18332527e+00  5.68161263e-02 -1.65482643e-01 -7.53937261e+00
  3.17782073e+02] 7.541402518904064
[-3.10866716e+00  1.89662569e-01  1.76313879e-01 -7.65485200e+00
  3.18467425e+02] 7.659230871722472
[-3.07530166e+00  5.97095941e-02 -2.88934223e-01 -7.66102201e+00
  3.19002607e+02] 7.666701148760537
[-3.12294827e+00 -6.44140138e-02  8.10763002e-02 -7.90579005e+00
  3.23257353e+02] 7.906468162933496
[-3.15121707e+00 -2.06961920e-01 -1.92193654e-01 -7.69635460e+00
  3.22162459e+02] 7.701535281463597
[-3.10545785e+00  1.02109673e-02  1.54648334e-01 -7.54494378e+00
  3.18650019e+02] 7.546535434708617
[-3.17881638e+00  7.20060690e-02  7.63022584e-02 -7.69190586e+00
  3.18947869e+02] 7.692621317739765
[-3.21768131e+00  2.75217608e-01  2.40869637e-01 -7.45493201e+00
  3.17493118e+02] 7.463898057862133
[-3.00729832e+00  1.46032051e-01 -1.63018945e-01 -7.42224235e+00
  3.18120752e+02] 7.4254684702798635
[-3.02964432e+00  2.35295291e-01 -7.15701138e-02 -7.74642855e+00
  3.21078753e+02] 7.750331696308124
[-3.11678297e+00  2.93783488e-01 -8.26857167e-02 -7.91814623e+00
  3.23234096e+02] 7.924025834635453
[-3.11718295e+00  2.31534112e-01  8.51770182e-02 -7.41873434e+00
  3.18493351e+02] 7.422835194400795
[-3.21490027e+00 -1.65607251e-01  1.79580679e-02 -7.53651916e+00
  3.14693926e+02] 7.538359858351104
[-3.16071812e+00  4.03958345e-01 -2.01616723e-01 -7.75659717e+00
  3.20189590e+02] 7.769725303254759
[-3.22122496e+00 -1.89444876e-01 -2.72960399e-01 -7.63756491e+00
  3.19766906e+02] 7.6447887135439645
[-3.16363573e+00  3.39400846e-02 -1.23998038e-01 -7.62933508e+00
  3.20213238e+02] 7.630418154853944
[-3.14918906e+00  1.26123190e-01  1.35756511e-01 -7.64933228e+00
  3.19908957e+02] 7.651576385650196
[-3.15401602e+00  8.79398683e-02  2.96169441e-01 -7.55469109e+00
  3.19349270e+02] 7.561005706400537
[-3.17316960e+00  2.20863540e-01 -6.30747127e-02 -7.82079000e+00
  3.21078581e+02] 7.824162281944965
[-3.03303217e+00 -1.86034808e-01  1.53762385e-01 -7.70113174e+00
  3.19832307e+02] 7.704912837569165
[-3.00116386e+00  1.64074693e-03  1.35935829e-01 -7.50255400e+00
  3.19879535e+02] 7.503785562641584
[-3.07993022e+00 -3.49383231e-01  4.43398514e-02 -7.50467102e+00
  3.18784097e+02] 7.512930309618018
[-3.03978339e+00  4.07891878e-02  2.08954096e-01 -7.65283976e+00
  3.19968339e+02] 7.655800544596072
[-3.17692041e+00 -7.57722780e-02  1.94810208e-01 -7.48371491e+00
  3.19286060e+02] 7.486633511991035
[-3.12418372e+00  1.74791846e-01  4.21944230e-02 -7.84885648e+00
  3.21950449e+02] 7.850915907506159
[-3.12577320e+00 -4.01638829e-01 -9.48452957e-02 -7.54568845e+00
  3.20662651e+02] 7.5569652312705236
[-3.07167498e+00  5.91678275e-02  7.47324107e-02 -7.64416943e+00
  3.20989373e+02] 7.644763697756539
[-3.10422608e+00  2.17524646e-01 -2.09697734e-01 -7.52486307e+00
  3.17870737e+02] 7.530926524835566
[-3.03492023e+00  2.50175730e-02 -2.60871177e-01 -7.52239077e+00
  3.20016552e+02] 7.526954404027749
[-3.12483860e+00  1.85679977e-01  5.90085337e-02 -7.97357552e+00
  3.22326910e+02] 7.97595546636389
[-3.13559583e+00 -1.64673805e-01 -2.15362379e-01 -7.65049786e+00
  3.20039062e+02] 7.65529985753637
[-3.17231574e+00 -7.53866278e-02  1.15477135e-01 -7.98415078e+00
  3.23415880e+02] 7.985341678069799
[-3.19824711e+00  1.62835614e-02 -1.49702718e-01 -7.90528548e+00
  3.20332474e+02] 7.906719585740268
[-3.08143711e+00 -6.72177637e-02 -1.97560347e-01 -7.60058853e+00
  3.20849988e+02] 7.603452787625114
[-3.11364972e+00 -4.48296188e-01 -2.09058950e-01 -7.56026936e+00
  3.18980912e+02] 7.576433724531901
[-3.09612282e+00  6.11672459e-03 -2.60189525e-01 -7.66478682e+00
  3.17705522e+02] 7.669204194842488
[-3.13188466e+00 -1.19389141e-01 -8.52357998e-02 -7.94409746e+00
  3.23182618e+02] 7.945451741435001
[-3.05664657e+00 -4.89998006e-02  6.07887529e-02 -7.75316123e+00
  3.22408554e+02] 7.753554369416105
[-3.10479404e+00 -3.44020496e-02  2.92137404e-01 -7.50789695e+00
  3.19436900e+02] 7.513657191444873
[-3.11959964e+00  3.52802181e-01  8.43361460e-03 -7.76306501e+00
  3.22094094e+02] 7.771082214190741
[-3.16264966e+00  3.75012759e-02  3.60098496e-02 -7.59252645e+00
  3.19063429e+02] 7.592704450536752
[-3.09636431e+00  8.48551209e-03  1.09836807e-01 -7.33095185e+00
  3.16788156e+02] 7.331779531679466
[-3.13562531e+00  8.03596882e-02 -3.62037801e-01 -7.81667537e+00
  3.22359435e+02] 7.825467579711976
[-3.13678524e+00  1.39630416e-01  4.39899669e-01 -7.80218976e+00
  3.21247767e+02] 7.815828388470988
[-3.17871158e+00  4.58730006e-02 -4.49917931e-01 -7.67757156e+00
  3.19252605e+02] 7.690880020561202
[-3.09152748e+00  2.00048216e-01 -4.20562948e-01 -7.52556078e+00
  3.19896949e+02] 7.5399573970153915
[-3.16094040e+00 -2.44827180e-01 -2.56957430e-01 -7.56281358e+00
  3.18166596e+02] 7.571137083001282
[-3.10372263e+00 -2.69756213e-01 -2.94706440e-02 -7.87486145e+00
  3.22312095e+02] 7.879535504686522
[-3.21167551e+00  1.31654903e-01 -3.22447972e-01 -7.51710654e+00
  3.18359341e+02] 7.525170853528194
[-3.21916641e+00  1.74548228e-01  1.18259677e-02 -7.88052485e+00
  3.20985966e+02] 7.882466544007395
[-3.06627017e+00  1.50775100e-01 -1.67931327e-01 -7.45579944e+00
  3.16714910e+02] 7.4592143943352855
[-3.12171870e+00  2.46400921e-01  1.05409517e-01 -7.52575834e+00
  3.20454684e+02] 7.530528746972582
[-3.14924070e+00  1.93564872e-01  7.19923142e-02 -7.54848967e+00
  3.19409838e+02] 7.551314225973302
[-3.15003008e+00 -3.42161746e-02 -1.54292904e-01 -7.90487101e+00
  3.21818207e+02] 7.906450703251348
[-3.11702741e+00 -9.94076260e-02  3.01592901e-01 -7.53879666e+00
  3.21309361e+02] 7.54548177304942
[-3.19587527e+00 -4.27020610e-02 -5.85019281e-02 -7.54043139e+00
  3.18710652e+02] 7.540779238603479
[-3.10474084e+00  1.82545001e-01  1.13514166e-01 -7.70246536e+00
  3.18899667e+02] 7.7054643396550295
[-3.08378849e+00 -1.35750793e-01  1.57935054e-01 -7.67694901e+00
  3.21504466e+02] 7.679773296669806
[-3.11827820e+00 -3.61973852e-02  3.58211624e-01 -7.81772141e+00
  3.20504817e+02] 7.826007525370081
[-3.08517991e+00  3.17598725e-01 -1.72579640e-01 -7.68845327e+00
  3.19667557e+02] 7.696945265780336
[-3.13376101e+00  3.54048441e-01 -2.05432087e-01 -7.86329716e+00
  3.20795295e+02] 7.873944045175699
[-3.09209613e+00  1.56982561e-01 -3.88865468e-01 -7.63104868e+00
  3.19594205e+02] 7.642562648338622
[-3.06288042e+00 -1.74661992e-02 -1.35704240e-01 -7.69429723e+00
  3.23019451e+02] 7.695513660737226
[-3.07411580e+00 -2.95671854e-02  2.41456205e-02 -7.65199716e+00
  3.21161164e+02] 7.652092373852875
[-3.07480627e+00  6.75925076e-02  6.33937241e-02 -7.81979873e+00
  3.21799902e+02] 7.82034779508914
[-3.13139678e+00 -9.79758658e-02 -3.95776757e-01 -7.64117997e+00
  3.19007137e+02] 7.652050037155568
[-3.09276234e+00  1.04426614e-01 -4.22134189e-02 -7.57891818e+00
  3.18999323e+02] 7.57975511532291
[-3.14203534e+00 -8.56665916e-02 -4.71716302e-02 -7.43396676e+00
  3.16316299e+02] 7.434609994764959
[-3.13318778e+00 -2.47472661e-01 -3.14543118e-02 -7.95746666e+00
  3.22356678e+02] 7.961375998975482
[-3.13833122e+00 -7.37767831e-02 -2.69591726e-01 -7.63503596e+00
  3.19756121e+02] 7.640150315476377
[-3.10023444e+00 -1.27672041e-02  1.91021016e-01 -7.52681353e+00
  3.20572749e+02] 7.529247895788263
[-3.13833600e+00  3.53282581e-02  8.15738118e-02 -7.56500237e+00
  3.19964951e+02] 7.565524646510098
[-3.16209754e+00  1.75550202e-01 -2.43923397e-01 -7.63083234e+00
  3.20935630e+02] 7.6367479097219855
[-3.14029181e+00  2.84771013e-02 -2.55379064e-01 -7.83089466e+00
  3.19422671e+02] 7.835109480944604
[-3.13827699e+00  4.68768525e-02 -1.72256900e-01 -7.78410191e+00
  3.19408490e+02] 7.786148749769836
[-3.04570191e+00  6.27728070e-02  3.10621001e-01 -7.63325817e+00
  3.20359890e+02] 7.639833511453902
[-3.11242403e+00  1.14140342e-01  1.04355282e-01 -7.68057112e+00
  3.18867879e+02] 7.682128010281213
[-3.12126951e+00  4.20155787e-02  3.59153676e-02 -7.74411763e+00
  3.19968564e+02] 7.744314886006579
[-3.15381311e+00  1.11834510e-02  2.88088094e-01 -7.47550277e+00
  3.19070406e+02] 7.4810601882170245
[-3.13241078e+00 -1.51311737e-02 -8.44554225e-03 -7.73771648e+00
  3.22232913e+02] 7.737735880082764
[-3.17110981e+00 -1.43996161e-01  1.14042191e-01 -7.64560127e+00
  3.17727511e+02] 7.647807483487023
[ -3.10006753  -0.38255372  -0.40333386  -7.50644028 319.36515256] 7.526996165101806
[-3.26542380e+00 -2.13649020e-01  1.77108905e-01 -7.83607318e+00
  3.19221717e+02] 7.8409856709650105
[-3.13867780e+00  1.09617021e-01  8.23669454e-02 -7.51845020e+00
  3.17924615e+02] 7.519700371021933
[-3.08099003e+00  1.35880846e-01 -1.48178982e-02 -7.38034993e+00
  3.19604136e+02] 7.381615558128029
[-3.12916451e+00  6.89831792e-02  1.58621792e-01 -7.71984924e+00
  3.21585424e+02] 7.721786824657757
[-3.08005645e+00  6.18207228e-02 -7.57031605e-02 -7.53820980e+00
  3.18203928e+02] 7.53884339702073
[-3.14193829e+00  2.03345765e-01 -8.77922401e-02 -7.73127622e+00
  3.21088831e+02] 7.734448201633198
[-3.15893627e+00 -8.30917843e-02  3.11080765e-01 -7.11090991e+00
  3.16046066e+02] 7.118196062612974
[-3.14189768e+00 -1.42500824e-01  2.19448912e-01 -7.53025713e+00
  3.17705884e+02] 7.534801710476785
[-3.19139565e+00  4.79300168e-01 -2.13282647e-01 -7.57202356e+00
  3.15719879e+02] 7.590175159006285
[-3.10825229e+00 -1.26221046e-01  2.16963304e-01 -7.93091378e+00
  3.21954763e+02] 7.934884892147804
[-3.06236671e+00 -2.76695280e-01  1.33402836e-01 -7.61441681e+00
  3.19912851e+02] 7.620610212461878
[-3.11315112e+00  7.88321849e-02 -1.21720094e-01 -7.85506718e+00
  3.21189395e+02] 7.85640571146778
[-3.09834137e+00  2.01116813e-01  2.61816252e-01 -7.73671997e+00
  3.20743834e+02] 7.743760822941907
[-3.20724193e+00  1.73512733e-01  3.11505083e-01 -7.62205418e+00
  3.20655745e+02] 7.630390025643101
[-3.13883202e+00  4.38392796e-02 -5.70997063e-02 -7.69555699e+00
  3.20680898e+02] 7.695893688133148
[-3.11379355e+00 -1.14979002e-01  3.18885106e-01 -7.76265092e+00
  3.22437297e+02] 7.770048725600248
[-3.10832091e+00  1.93391691e-01  2.91822946e-01 -7.59852825e+00
  3.19550119e+02] 7.606588760977788
[-3.05049813e+00 -3.19402601e-02 -2.10923143e-01 -7.78582570e+00
  3.21369387e+02] 7.788747688456265
[-3.06547521e+00 -3.72439792e-01  2.52357908e-01 -7.73720709e+00
  3.22484477e+02] 7.750275439608225
[-3.18349046e+00  9.24181437e-02  2.03373708e-01 -7.64462838e+00
  3.18145552e+02] 7.647891537926463
[-3.09392717e+00  3.90579557e-03  9.32107821e-02 -7.54595183e+00
  3.18873317e+02] 7.546528508798658
[-3.24913167e+00 -2.21410455e-01 -1.25839938e-01 -7.57912731e+00
  3.18959510e+02] 7.583404842430218
[-3.03611679e+00 -1.72687294e-02  2.71697943e-01 -7.78219570e+00
  3.22480973e+02] 7.786956268090068
[-3.13876472e+00  4.64640084e-02 -4.62020635e-02 -7.79182399e+00
  3.22594397e+02] 7.792099504232553
[-3.14072892e+00  2.18222510e-01  1.07439999e-01 -7.54159508e+00
  3.19628883e+02] 7.545516597961557
[-3.13655084e+00  7.09878678e-02  4.51507869e-02 -7.44117404e+00
  3.20129767e+02] 7.441649614279022
[-3.14466232e+00  1.76920883e-01 -2.31776565e-01 -7.53878519e+00
  3.18762827e+02] 7.544422014724742
[-3.17366823e+00 -1.31340358e-01 -5.52168940e-02 -7.72884320e+00
  3.15167663e+02] 7.7301562942942255
[-3.16282267e+00 -1.23438623e-01  3.69424582e-01 -7.50731921e+00
  3.18575227e+02] 7.517416665277712
[-3.06789233e+00 -2.54802911e-01 -1.03020171e-01 -7.42704941e+00
  3.20345275e+02] 7.432132974324871
[-3.09720910e+00  2.04769512e-01  6.02082060e-02 -7.53655798e+00
  3.18706552e+02] 7.539579678206745
[-3.12179573e+00  2.07575692e-01  4.52960490e-02 -7.65117690e+00
  3.19387861e+02] 7.654126166441628
[-3.07616774e+00 -4.18243960e-02  1.92040175e-01 -7.36611259e+00
  3.18905903e+02] 7.36873418240666
[-3.14819450e+00  2.17537775e-01  6.53405204e-02 -7.63566189e+00
  3.17810867e+02] 7.639039503053178
[-3.12684596e+00  1.84311770e-01  1.79532834e-01 -7.44043323e+00
  3.19306178e+02] 7.444880758144368
[-3.08164217e+00 -1.28167477e-01  1.48697297e-01 -7.90180130e+00
  3.20731784e+02] 7.90423947322966
[-3.16426381e+00  1.29072388e-01  3.93626967e-02 -7.63725745e+00
  3.19139050e+02] 7.638449483860299
[-3.20429805e+00  1.88232587e-01  7.87821659e-03 -7.80060176e+00
  3.20702169e+02] 7.802876482887311
[-3.12052693e+00 -3.29256834e-02 -1.07962700e-01 -7.53961224e+00
  3.18022564e+02] 7.540457066213472
[-3.02831762e+00 -2.89966799e-01  4.19188875e-02 -7.52880010e+00
  3.20937316e+02] 7.534498578039897
[-3.10878992e+00 -9.35578967e-02  2.99480580e-01 -7.35917527e+00
  3.18969912e+02] 7.365860597947622
[-3.13434624e+00  1.64193591e-01  4.89350949e-02 -7.58832537e+00
  3.21272018e+02] 7.59025928703886
[-3.13538133e+00 -3.52625299e-02 -3.82023375e-02 -7.70179742e+00
  3.19058754e+02] 7.70197288813393
[-3.11781879e+00 -5.67254776e-02  1.69743862e-01 -7.45394659e+00
  3.19662967e+02] 7.456094857884228
[-3.13646658e+00  4.56610809e-03 -2.38273920e-01 -7.71144695e+00
  3.18434879e+02] 7.715128608331239
[-3.10769604e+00 -1.77912924e-01  2.46365626e-01 -7.64104684e+00
  3.18270186e+02] 7.6470874094355175
[-3.15476686e+00  4.31953390e-02 -2.12148285e-01 -7.74284284e+00
  3.22515421e+02] 7.745869096070825
[-3.18519329e+00 -2.95714364e-01 -1.84025817e-01 -7.63528050e+00
  3.17517953e+02] 7.643220575727197
[-3.07767385e+00 -1.05097953e-01 -1.23450083e-01 -7.43494654e+00
  3.17715277e+02] 7.436714025287819
[-3.08702304e+00 -1.61980083e-02 -3.33603380e-01 -7.61899496e+00
  3.20407241e+02] 7.626312204243625
[-3.18885325e+00 -9.70752983e-02  4.95772239e-02 -7.58398108e+00
  3.17009158e+02] 7.584764370900419
[-3.12505194e+00  2.04117337e-01 -6.95476558e-03 -7.52015570e+00
  3.19804541e+02] 7.522928550498984
[-3.14190666e+00  8.79512654e-02 -2.69130441e-01 -7.92131538e+00
  3.22910310e+02] 7.926373949233531
[-3.18951979e+00  1.23523622e-01 -5.49222700e-02 -7.89920329e+00
  3.18515066e+02] 7.900359934079521
[-3.10065106e+00  4.11892025e-01 -1.33564246e-01 -7.49755716e+00
  3.20176789e+02] 7.510050450017887
[-3.16163271e+00  2.66750075e-01 -9.07873790e-02 -8.11360189e+00
  3.24460183e+02] 8.1184933050739
[-3.08806087e+00 -1.98759411e-02  1.72761187e-01 -7.86830661e+00
  3.22841586e+02] 7.870228106050584
[-3.18868015e+00  6.13074203e-02 -1.45202017e-01 -7.73678753e+00
  3.20021856e+02] 7.738392826329629
[-3.18152196e+00 -9.71020340e-02  1.21947245e-01 -7.69901760e+00
  3.18890551e+02] 7.700595554752164
[-3.09119373e+00 -6.03959290e-02  1.98991240e-01 -7.65207095e+00
  3.18950576e+02] 7.654896145504263
[-3.07163466e+00  1.31944984e-01  9.79715811e-02 -7.89162731e+00
  3.21799738e+02] 7.893338297940063
[-3.10591806e+00  1.46069707e-02 -9.24925572e-02 -7.55179932e+00
  3.19641983e+02] 7.552379837631616
[-3.12340496e+00 -9.53416169e-04 -6.39268489e-02 -7.47680900e+00
  3.17444857e+02] 7.477082342890022
[-3.15798471e+00 -2.31877463e-02  2.31449843e-01 -7.65781344e+00
  3.18159068e+02] 7.661345407678904
[-3.06145668e+00  2.98036218e-01 -2.98476657e-01 -7.36167788e+00
  3.17431195e+02] 7.373751762339724
[-3.19919636e+00 -2.80737644e-01  2.93268070e-02 -7.76044917e+00
  3.20207935e+02] 7.765580788419124
[-3.18117530e+00  1.18801131e-01  9.70948837e-02 -7.74570076e+00
  3.20451998e+02] 7.7472202340715475
[-3.12720033e+00  2.33509726e-02  2.62752615e-01 -7.54550510e+00
  3.16773587e+02] 7.550114662599608
[-3.01631481e+00 -7.10370876e-02 -9.20236897e-02 -7.44911130e+00
  3.19914941e+02] 7.450018376223495
[-3.16106626e+00  1.52779884e-01  4.19163239e-01 -7.81036089e+00
  3.20681478e+02] 7.823092535712822
[-3.19235091e+00  6.01985181e-02 -4.98941598e-02 -7.60187755e+00
  3.18360224e+02] 7.602279629984348
[-3.12685128e+00  8.27794480e-02 -1.33551391e-01 -7.59358217e+00
  3.20387282e+02] 7.595207608338571
[-3.10571995e+00 -2.68391255e-02  1.61487163e-01 -7.87936322e+00
  3.21130413e+02] 7.881063583908036
[-3.17090641e+00 -1.25440777e-01  8.47707311e-02 -7.48803719e+00
  3.19144258e+02] 7.489567574624194
[-3.07586773e+00 -4.21434112e-03  1.94047455e-01 -7.76312731e+00
  3.21258557e+02] 7.765553279074083
[-3.06244156e+00  1.24436698e-01  3.99950324e-01 -7.85812393e+00
  3.21728391e+02] 7.869279280549258
[-3.14159868e+00  2.01955706e-01 -8.96345320e-02 -7.37377556e+00
  3.18665345e+02] 7.377085224254961
[-3.16215098e+00  1.47997535e-01 -3.62004115e-02 -7.68640432e+00
  3.17714469e+02] 7.687914226875275
[-3.10638498e+00 -1.19703420e-01 -1.55683771e-01 -7.28132616e+00
  3.17120832e+02] 7.283973988007392
[-3.17954017e+00  2.66582801e-02  4.63639518e-01 -7.66166210e+00
  3.20581623e+02] 7.675723970747805
[-3.05746634e+00 -1.00347385e-01  3.49888947e-01 -7.73262650e+00
  3.21808122e+02] 7.741188827530374
[-3.13888217e+00  2.08273039e-01 -1.72011084e-01 -7.74054802e+00
  3.21378934e+02] 7.745259783427789
[-3.17236786e+00  1.81606722e-01  4.42216510e-02 -7.81203698e+00
  3.21404207e+02] 7.8142727361667
[-3.04736252e+00 -9.67990392e-02 -4.14926737e-03 -7.61470800e+00
  3.20245098e+02] 7.615324361556388
[-3.18153701e+00  6.70759698e-02  2.07544624e-01 -7.74863993e+00
  3.23159965e+02] 7.751709149008697
[-3.12258729e+00  1.64469089e-01  5.47962409e-02 -7.71060944e+00
  3.20234067e+02] 7.712557982757672
[-3.13997375e+00 -3.34234656e-03 -2.13041455e-03 -7.56103811e+00
  3.18924508e+02] 7.561039146956808
[-3.19714157e+00  2.05549897e-01 -1.22471674e-02 -7.63320643e+00
  3.21203329e+02] 7.635983308705647
[-3.13283679e+00 -1.65578815e-01 -5.15650510e-02 -7.59430612e+00
  3.19138689e+02] 7.59628598069769
[-3.13399405e+00 -4.48039365e-01  1.50502152e-01 -7.36794037e+00
  3.16386242e+02] 7.3830844149880255
[-3.02065407e+00 -5.02647838e-01 -2.32585819e-01 -7.52955614e+00
  3.18496805e+02] 7.549898450767511
[-3.10096876e+00  3.06324740e-01 -7.26728741e-02 -7.65216437e+00
  3.20183174e+02] 7.658637980882119
[-3.13693724e+00  1.77151857e-01  1.83487575e-01 -7.78938311e+00
  3.18991195e+02] 7.793557579614315
[-3.13306816e+00  7.02065875e-02 -2.54646202e-01 -7.56956468e+00
  3.18475452e+02] 7.574172107808123
[-3.09881411e+00  5.76693762e-02 -9.65046498e-02 -7.63092157e+00
  3.20112958e+02] 7.631749658275865
