/mnt/stage/douwei/Simulation/5kt_root/2MeV/5kt_-11.00_3.root
[-3.39733061e+00 -7.24686073e-02  1.23583119e-01 -1.14786928e+01
  3.49420220e+02] 11.479586801295335
[-3.32193084e+00  1.69953233e-01  1.83609010e-01 -1.11688560e+01
  3.48623861e+02] 11.17165793908355
[-3.32750749e+00 -3.61342890e-02  3.61826488e-02 -1.10247595e+01
  3.45967811e+02] 11.024878118034097
[-3.34035535e+00  1.53061069e-01  5.16569433e-02 -1.13020545e+01
  3.46707743e+02] 11.30320893021871
[-3.38240113e+00  1.34377209e-01 -1.76303121e-01 -1.10322610e+01
  3.46209985e+02] 11.03448784179895
[-3.38169902e+00 -3.46207680e-02  1.62749563e-01 -1.11292220e+01
  3.46572993e+02] 11.130465770416535
[-3.40777489e+00 -1.90876473e-02 -1.02149627e-02 -1.15717953e+01
  3.49188385e+02] 11.57181555940008
[-3.41639838e+00 -2.43637132e-01  1.59878818e-01 -1.14223281e+01
  3.47239349e+02] 11.426044827183947
[-3.39294572e+00  9.10409597e-03  7.55870451e-02 -1.12334723e+01
  3.46249954e+02] 11.233730265939252
[-3.34423986e+00 -6.13336414e-02 -1.06840573e-01 -1.14316244e+01
  3.49959751e+02] 11.432288229594725
[-3.33111469e+00 -1.68709103e-01  1.10470051e-01 -1.10970217e+01
  3.47330690e+02] 11.098853842380752
[-3.37969439e+00 -6.16994533e-02  1.53041502e-01 -1.10225814e+01
  3.43098792e+02] 11.023816411130746
[-3.41249940e+00 -2.22767252e-01  3.44893111e-02 -1.09898707e+01
  3.43773581e+02] 10.992182360187208
[-3.31159597e+00 -1.77433020e-02  5.80491422e-02 -1.10288219e+01
  3.48111936e+02] 11.028988965545791
[-3.32938919e+00 -8.81239088e-02  1.13591477e-01 -1.09744259e+01
  3.44254683e+02] 10.975367540512698
[-3.35500362e+00  6.20589837e-02 -2.23560604e-01 -1.12509879e+01
  3.46997724e+02] 11.253379862458768
[-3.25320704e+00 -2.29158599e-01 -2.04555667e-01 -1.10338942e+01
  3.47865419e+02] 11.038169113664695
[-3.36034954e+00  1.57049234e-01 -4.53363923e-02 -1.10690532e+01
  3.44986604e+02] 11.070260094851697
[-3.34744150e+00  1.34232451e-01 -1.00006799e-01 -1.10962431e+01
  3.46560252e+02] 11.097505620420746
[-3.37435514e+00 -1.97519490e-02 -8.46126589e-02 -1.14967186e+01
  3.50981108e+02] 11.497046970791502
[-3.28354180e+00  1.65343069e-01 -1.09593837e-02 -1.11498234e+01
  3.48706002e+02] 11.151054702115307
[-3.33831025e+00 -7.80283759e-02 -1.72978564e-01 -1.12227491e+01
  3.48349288e+02] 11.224353349712066
[-3.32998103e+00 -2.02922559e-01 -1.48551609e-01 -1.13057113e+01
  3.47285943e+02] 11.308508016093453
[-3.42360604e+00 -1.43191432e-01 -2.11649851e-01 -1.11701362e+01
  3.44101636e+02] 11.173058796507814
[-3.34355090e+00  7.08907574e-02 -1.48573657e-01 -1.14215014e+01
  3.51043033e+02] 11.422687707841249
[-3.39117278e+00  1.80005376e-01 -1.54479141e-01 -1.12063436e+01
  3.47925625e+02] 11.208853800769315
[-3.33917639e+00 -3.30920422e-02 -1.02984112e-01 -1.12862099e+01
  3.46696171e+02] 11.286728269289505
[-3.39469151e+00 -1.90378657e-01 -2.55456614e-01 -1.11998406e+01
  3.47248416e+02] 11.204371131373792
[-3.42811005e+00  1.79254905e-01  7.44287811e-02 -1.15064758e+01
  3.49199656e+02] 11.508112697418714
[-3.47580887e+00 -1.14877077e-01  7.34183224e-02 -1.12210481e+01
  3.46199515e+02] 11.221876311324822
[-3.35526774e+00 -1.63700797e-01 -3.88367194e-02 -1.12562649e+01
  3.48588654e+02] 11.257522216538918
[-3.40301045e+00 -1.93944110e-01  2.53550585e-01 -1.12082399e+01
  3.47034936e+02] 11.212784874196743
[-3.45093114e+00  2.35441818e-01 -1.02737788e-01 -1.11589613e+01
  3.47582759e+02] 11.16191765405235
[-3.41379078e+00  2.54792704e-01 -6.21131430e-02 -1.10886502e+01
  3.44518110e+02] 11.091751041781823
[-3.43528324e+00 -1.00689895e-01  3.10210421e-01 -1.13580037e+01
  3.49088387e+02] 11.362685262718871
[-3.40523647e+00 -7.90367009e-02 -8.80908014e-02 -1.13242137e+01
  3.49276364e+02] 11.324832152608964
[-3.45718541e+00  2.99696804e-02  1.09074367e-01 -1.12765926e+01
  3.48194564e+02] 11.277159978273337
[-3.38142721e+00  2.21538336e-01 -5.25487165e-02 -1.10186755e+01
  3.47096551e+02] 11.02102765848785
[-3.30216507e+00  1.23523528e-01  1.44763451e-02 -1.12644528e+01
  3.49781962e+02] 11.265139394269388
[-3.41940106e+00  7.47460853e-02  2.00761020e-01 -1.11126325e+01
  3.48158209e+02] 11.114697206608671
[-3.37883538e+00  1.72784860e-01 -5.03946903e-03 -1.13255726e+01
  3.48433841e+02] 11.326891638591267
[-3.30884990e+00  1.54214489e-01 -1.10989042e-02 -1.12599707e+01
  3.48070007e+02] 11.261032193397332
[-3.34427032e+00 -1.46808747e-02 -9.57558269e-02 -1.12817551e+01
  3.48107679e+02] 11.282171032865467
[-3.46685693e+00 -2.22935974e-01 -1.31441056e-01 -1.13520256e+01
  3.47098757e+02] 11.354975232986188
[-3.34921663e+00 -1.35775890e-01  1.78296854e-01 -1.12981490e+01
  3.47494419e+02] 11.300371471250235
[-3.32703741e+00 -1.54926712e-01 -1.28575551e-01 -1.14143389e+01
  3.47517853e+02] 11.416114312090452
[-3.44492436e+00 -1.92296741e-01  2.27151159e-02 -1.13293928e+01
  3.49228969e+02] 11.33104736479313
[-3.36260980e+00  5.66356280e-02 -5.09486996e-02 -1.12045284e+01
  3.47885774e+02] 11.20478736345231
[-3.36069967e+00  3.99485309e-02  1.94198114e-01 -1.14835175e+01
  3.49381609e+02] 11.48522890968592
[-3.32037443e+00 -3.28923186e-02  8.33057451e-03 -1.10012605e+01
  3.45624235e+02] 11.001312794989316
[-3.33222801e+00  8.58940751e-02 -4.47897989e-02 -1.11896626e+01
  3.47096599e+02] 11.19008193331413
[-3.33448266e+00 -2.99112748e-01 -8.44443126e-02 -1.11418650e+01
  3.47281461e+02] 11.146199150852016
[-3.40849404e+00 -5.30280156e-02  8.85941760e-02 -1.12079069e+01
  3.46939000e+02] 11.208382444440238
[-3.37117800e+00  1.02616657e-01  1.51215366e-01 -1.11406692e+01
  3.45258784e+02] 11.142167902441551
[-3.43678793e+00  2.10152242e-01 -2.45100831e-01 -1.11574298e+01
  3.45454537e+02] 11.162100095067354
[-3.34859379e+00  1.08003636e-01  7.50729136e-02 -1.11891899e+01
  3.47624075e+02] 11.189963021804084
[-3.33876832e+00  7.72166279e-02  2.10559955e-01 -1.09756286e+01
  3.44802775e+02] 10.97791968319315
[-3.39982297e+00 -1.39680146e-01 -4.48156615e-02 -1.11410995e+01
  3.46059269e+02] 11.142065199096573
[-3.43225781e+00  1.88252598e-01 -4.61995393e-01 -1.11432655e+01
  3.46956698e+02] 11.15442710614356
[-3.29618534e+00  2.28701417e-01 -4.10092104e-01 -1.10020565e+01
  3.45548465e+02] 11.01207187388926
[-3.30439308e+00 -1.66554849e-01 -3.32420244e-01 -1.10706726e+01
  3.46274578e+02] 11.0769145718032
[-3.38939311e+00 -4.63393377e-02 -2.57714585e-02 -1.11044845e+01
  3.45223995e+02] 11.104611051436612
[-3.39263805e+00 -6.11118123e-02  1.50718014e-01 -1.14131189e+01
  3.47560151e+02] 11.414277594705407
[-3.34747603e+00 -1.40051171e-01 -2.74700841e-01 -1.11699504e+01
  3.44979366e+02] 11.17420538617961
[-3.33866892e+00  3.69875359e-01 -3.89793374e-02 -1.12986975e+01
  3.49913268e+02] 11.304817227549355
[-3.51379146e+00  2.79750512e-01  3.18994358e-01 -1.13607655e+01
  3.48331970e+02] 11.368685542609422
[-3.35106213e+00 -5.97177853e-02  2.94905317e-02 -1.12239878e+01
  3.48205270e+02] 11.22418543181564
[-3.35955643e+00  1.65081865e-01  4.42789684e-02 -1.13411827e+01
  3.49381543e+02] 11.342470491492993
[-3.44131344e+00 -4.53649562e-02  9.52035360e-02 -1.14463135e+01
  3.51075011e+02] 11.446799263499935
[-3.27977579e+00 -1.18644171e-02 -2.70451494e-01 -1.11905779e+01
  3.50014279e+02] 11.19385177353211
[-3.35824202e+00 -6.58358467e-02 -1.72158868e-01 -1.12457201e+01
  3.47328070e+02] 11.247230478969303
[-3.32970211e+00 -1.77993455e-01  1.96905946e-01 -1.11016029e+01
  3.45832905e+02] 11.10477557181047
[-3.35352977e+00  1.92286265e-01 -1.19373882e-01 -1.11282277e+01
  3.46986017e+02] 11.13052895656722
[-3.41061237e+00  1.84003190e-01  1.67287678e-01 -1.14234146e+01
  3.47597859e+02] 11.42612112189887
[-3.45050313e+00  1.17102593e-01 -9.24557854e-02 -1.13240259e+01
  3.47767595e+02] 11.325008729349996
[-3.30375827e+00  1.38743885e-01 -3.95606711e-02 -1.11160066e+01
  3.47485344e+02] 11.116942853354825
[-3.27538413e+00 -7.35476269e-02  3.88388788e-02 -1.11805922e+01
  3.47372009e+02] 11.180901524339872
[-3.34792005e+00  1.81384751e-02 -2.69859758e-01 -1.11517301e+01
  3.46459382e+02] 11.15500949447847
[-3.35950552e+00  1.47280677e-02 -5.75837898e-03 -1.10843983e+01
  3.46366283e+02] 11.08440957541348
[-3.33703603e+00  4.46748083e-02 -1.20043474e-01 -1.11303730e+01
  3.47267488e+02] 11.131109997078243
[-3.40902588e+00 -1.56188606e-01  1.18565089e-01 -1.11601359e+01
  3.47098900e+02] 11.161858562799972
[-3.34559073e+00  1.03860547e-01  2.30845446e-01 -1.12215576e+01
  3.46878502e+02] 11.22441233718283
[-3.31554218e+00  6.02960410e-02 -1.48694096e-01 -1.11563282e+01
  3.48251092e+02] 11.157481995915917
[-3.33375872e+00 -8.20001471e-02 -3.29789756e-01 -1.14302749e+01
  3.51146223e+02] 11.435325550770136
[-3.39182961e+00  1.05829786e-01  1.34794428e-01 -1.09503703e+01
  3.45578497e+02] 10.951711268728236
[-3.35872628e+00 -1.45346073e-01 -6.00557925e-02 -1.11242690e+01
  3.46305020e+02] 11.125380563286537
[-3.41556694e+00 -5.54126222e-04 -5.01517854e-02 -1.14414878e+01
  3.45513788e+02] 11.44159770049813
[-3.34438098e+00 -1.98738730e-01 -1.19224837e-01 -1.12558513e+01
  3.47501341e+02] 11.258236958173685
[-3.30582933e+00 -2.07848242e-01  1.46660199e-01 -1.11672078e+01
  3.48113672e+02] 11.17010477706882
[-3.40936354e+00 -8.93419348e-02 -4.86563134e-01 -1.12901061e+01
  3.48498160e+02] 11.300939010214314
[-3.41251974e+00 -3.68946531e-01 -1.84946825e-02 -1.10676875e+01
  3.43345892e+02] 11.073850721687263
[-3.34806037e+00 -7.66933638e-02 -2.22311388e-01 -1.12308006e+01
  3.44995294e+02] 11.233262487476402
[-3.38761085e+00 -1.40090718e-01 -1.74681213e-01 -1.10510223e+01
  3.47087103e+02] 11.053290596892273
[-3.39687598e+00  2.29937868e-01  8.69118372e-02 -1.10448794e+01
  3.46174047e+02] 11.047614509064719
[-3.38749864e+00 -2.40255858e-01  1.47747824e-01 -1.13129574e+01
  3.47474821e+02] 11.316472822109096
[-3.33532291e+00 -1.24167128e-02  1.41114051e-01 -1.11818592e+01
  3.49426557e+02] 11.182756491639381
[-3.30081306e+00  8.57074959e-02  5.33711321e-02 -1.10026452e+01
  3.44075458e+02] 11.003108419892797
[-3.34464078e+00 -4.86079621e-02  9.46198546e-02 -1.11347534e+01
  3.48566726e+02] 11.135261519742691
[-3.38816389e+00 -2.97305488e-03 -2.78250470e-02 -1.12726496e+01
  3.47642277e+02] 11.272684332493988
[-3.38220010e+00 -1.23867104e-01  2.29335519e-01 -1.14226765e+01
  3.48802477e+02] 11.425649921739147
[-3.31623567e+00 -1.30101486e-01 -2.32966113e-01 -1.12376347e+01
  3.47881629e+02] 11.240802150408026
[-3.35515004e+00 -1.16438514e-01 -5.12306961e-02 -1.11522756e+01
  3.46373536e+02] 11.153001139041415
[-3.40062986e+00  9.59390585e-03  6.89420612e-02 -1.10723930e+01
  3.46297868e+02] 11.072611812938204
[-3.39752096e+00  2.87204490e-02 -4.25779017e-03 -1.14560410e+01
  3.48557828e+02] 11.456077775500576
[-3.37518063e+00  3.54277211e-01  1.08360865e-01 -1.13478808e+01
  3.48345174e+02] 11.35392676952743
[-3.33525319e+00 -3.70400353e-01 -1.48513059e-01 -1.11492671e+01
  3.47515192e+02] 11.156406666826957
[-3.40684001e+00 -1.59520848e-01  5.43518322e-02 -1.12651413e+01
  3.48488605e+02] 11.266401752534993
[-3.38174673e+00  1.18194086e-01 -3.01340854e-01 -1.10471675e+01
  3.44787632e+02] 11.051908686364202
[-3.31270282e+00  1.04935692e-01  5.54110277e-02 -1.10436900e+01
  3.47010201e+02] 11.04432755316534
[-3.36528706e+00  4.59084164e-02  2.74806709e-01 -1.12644385e+01
  3.48095204e+02] 11.267883622795113
[-3.38797420e+00 -3.34335877e-02  5.51883596e-02 -1.10317258e+01
  3.45600571e+02] 11.031914518288676
[-3.41109500e+00  9.33804779e-02 -3.72229958e-01 -1.11834833e+01
  3.45839186e+02] 11.1900658921778
[-3.38388472e+00 -5.85472490e-02  1.04368568e-01 -1.14225646e+01
  3.47929357e+02] 11.423191440000119
[-3.36294110e+00  3.27618387e-03  7.44815841e-03 -1.11320883e+01
  3.45477341e+02] 11.132091292031625
[-3.41898456e+00  2.52648839e-02  1.06227731e-01 -1.14081093e+01
  3.48376583e+02] 11.4086318041018
[-3.31590630e+00 -3.00884032e-01 -8.37669504e-02 -1.13056570e+01
  3.49440109e+02] 11.309970309210374
[-3.32794163e+00  1.02769055e-02 -1.81109431e-02 -1.12802610e+01
  3.47557537e+02] 11.280280208201882
[-3.37650482e+00 -1.81973531e-01  1.06559471e-01 -1.13445434e+01
  3.48921532e+02] 11.346503205929626
[-3.41920858e+00 -2.51160894e-01 -1.11714295e-01 -1.13268868e+01
  3.47859640e+02] 11.330221810972002
[-3.30055259e+00  3.78646895e-04 -6.59234781e-04 -1.10970598e+01
  3.48828660e+02] 11.097059795755161
[-3.31379055e+00  5.96890630e-02 -8.05630482e-02 -1.11327774e+01
  3.47184636e+02] 11.133228896364896
[-3.42130630e+00 -1.03448279e-01 -2.70746706e-02 -1.10582760e+01
  3.46339469e+02] 11.058793005440224
[-3.44582079e+00 -6.01698114e-02 -6.01357424e-02 -1.11472954e+01
  3.44580585e+02] 11.147619946299317
[-3.46968834e+00 -1.35553273e-02 -3.28627755e-02 -1.15635840e+01
  3.50311723e+02] 11.563638691346453
[-3.38257709e+00  1.10159671e-01  3.14195305e-02 -1.09836312e+01
  3.44045378e+02] 10.984228576407375
[-3.30014045e+00 -4.27397282e-01 -1.99075401e-01 -1.11539298e+01
  3.47601484e+02] 11.163890454305557
[-3.29989281e+00 -1.04218717e-02 -1.67582539e-01 -1.13289021e+01
  3.48562524e+02] 11.330146303967645
[-3.40324992e+00  6.53046921e-02 -5.37911813e-02 -1.11624442e+01
  3.46156382e+02] 11.162764809722601
[-3.35019753e+00 -7.39181961e-02  2.77467183e-01 -1.11317341e+01
  3.46856544e+02] 11.135436900331998
[-3.37004762e+00 -2.63558239e-02 -9.86567959e-02 -1.14627513e+01
  3.49458387e+02] 11.463206151183776
[-3.46893938e+00  4.13678459e-02  4.34300160e-01 -1.08869084e+01
  3.45474228e+02] 10.895646079908941
[-3.35424627e+00 -1.85039495e-01  3.05254506e-01 -1.10574715e+01
  3.44637323e+02] 11.063231710374076
[-3.43728888e+00  1.72212195e-01  3.26887204e-01 -1.15753261e+01
  3.50977206e+02] 11.581221244733804
[-3.32489151e+00 -2.83384109e-01  2.28002557e-01 -1.11569711e+01
  3.46864061e+02] 11.162898189745729
[-3.25506639e+00 -1.01365147e-01  1.27372126e-01 -1.11554376e+01
  3.47360679e+02] 11.156625204496184
[-3.30743099e+00 -1.14044100e-01 -1.97421284e-01 -1.12390564e+01
  3.49233487e+02] 11.241368715213193
[-3.37198878e+00 -1.12054433e-01  1.67725838e-02 -1.09698573e+01
  3.43866719e+02] 10.970442385528315
[-3.29212950e+00 -1.33659970e-01  1.00446401e-01 -1.11728219e+01
  3.47352797e+02] 11.174072807594714
[-3.34147463e+00  1.01592779e-01  7.92020559e-02 -1.12172379e+01
  3.47066212e+02] 11.217977592350987
[-3.34071669e+00 -3.73482856e-01  1.56211535e-03 -1.14020360e+01
  3.50562859e+02] 11.408151370912408
[-3.30184722e+00 -2.23923273e-01  3.27385567e-02 -1.11369277e+01
  3.49285710e+02] 11.139226723049747
[-3.40099055e+00 -3.42920286e-02  2.41474807e-01 -1.11015667e+01
  3.46339544e+02] 11.104245584749322
[-3.31514640e+00  2.98974365e-01 -2.40466567e-02 -1.12463951e+01
  3.47802530e+02] 11.250394090888703
[-3.30292286e+00 -5.79872927e-02  1.89619822e-01 -1.11769424e+01
  3.46354562e+02] 11.178701179514993
[-3.41309772e+00  4.96992574e-02  1.30553302e-01 -1.11359273e+01
  3.45536419e+02] 11.13680345310584
[-3.38569863e+00 -2.13583093e-01  1.58847970e-01 -1.09442121e+01
  3.43990139e+02] 10.947448526354542
[-3.37902657e+00  4.42045502e-02  5.19415645e-02 -1.11985478e+01
  3.46891476e+02] 11.198755536830076
[-3.37307141e+00  1.44172924e-02  3.38461921e-02 -1.12986561e+01
  3.48135400e+02] 11.298715994527987
[-3.34778758e+00  1.76691567e-01  2.21265144e-01 -1.15028180e+01
  3.49204948e+02] 11.506302630176075
[-3.32314114e+00 -2.53905340e-02  8.75517376e-02 -1.11636119e+01
  3.46394238e+02] 11.163984056436783
[-3.47951547e+00  6.99385780e-02  2.07983076e-01 -1.11259929e+01
  3.44586087e+02] 11.128156441699618
[-3.41001414e+00 -2.76511064e-03  9.52057981e-02 -1.10937125e+01
  3.46001063e+02] 11.094121372830068
[-3.29464041e+00 -6.04363449e-02  2.71867264e-01 -1.08664887e+01
  3.44696871e+02] 10.870057056058709
[-3.37627150e+00 -1.09368603e-01 -9.39463540e-02 -1.11333880e+01
  3.46396310e+02] 11.134321562441356
[-3.36849435e+00 -2.58514469e-01  3.99389277e-01 -1.12243626e+01
  3.47048824e+02] 11.234440712580902
[-3.45308686e+00 -1.38747013e-01  8.44392818e-02 -1.10775166e+01
  3.43644620e+02] 11.07870722298089
[-3.35435735e+00 -2.43190373e-02 -4.99693484e-02 -1.10649006e+01
  3.45935805e+02] 11.065040185981804
[-3.37075847e+00 -4.19702373e-02 -2.79480056e-01 -1.10283316e+01
  3.45241697e+02] 11.0319522090602
[-3.44336973e+00  2.17112308e-01  9.57045940e-02 -1.12511635e+01
  3.47068222e+02] 11.253665078489
[-3.33244850e+00 -1.34545806e-02 -6.96407371e-02 -1.14174190e+01
  3.48609940e+02] 11.417639358727632
[-3.40469140e+00 -1.17476311e-02 -1.17329381e-01 -1.12630492e+01
  3.46605834e+02] 11.26366642868716
[-3.33424322e+00  2.69625850e-01 -4.16606919e-02 -1.12648131e+01
  3.46473681e+02] 11.268116458879776
[-3.33269530e+00 -2.02877200e-01 -1.13824471e-01 -1.11940372e+01
  3.48725378e+02] 11.19645405896327
[-3.46207972e+00  4.12580291e-01 -9.29672041e-02 -1.09660956e+01
  3.44495238e+02] 10.974247973468955
[-3.41964911e+00 -2.65204835e-01  4.73942165e-02 -1.10874529e+01
  3.45733010e+02] 11.09072543699597
[-3.31866011e+00 -5.20645833e-02  7.69009273e-02 -1.11013671e+01
  3.44985165e+02] 11.101755584790597
[-3.35697998e+00  7.54818768e-02  8.85400368e-02 -1.12292406e+01
  3.49171885e+02] 11.229843368491494
[-3.38152723e+00  3.67271459e-01  9.13547639e-02 -1.13577947e+01
  3.48727043e+02] 11.36409844107971
[-3.29984835e+00  7.37712066e-02  8.28912058e-02 -1.12081913e+01
  3.48779577e+02] 11.208740594875321
[-3.29749921e+00  2.00596975e-01 -2.21334771e-01 -1.08563991e+01
  3.44128985e+02] 10.860507798833686
[-3.32005417e+00 -2.84393037e-01 -3.37382129e-02 -1.11667731e+01
  3.49006421e+02] 11.170444854831814
[-3.35931266e+00  2.12637815e-02  1.16031080e-01 -1.09777323e+01
  3.46132040e+02] 10.978366045285707
[-3.26084810e+00  3.49700667e-02 -1.74206295e-01 -1.13051593e+01
  3.47343794e+02] 11.306555535707712
[-3.36925049e+00 -2.22411103e-01 -1.48894604e-01 -1.11381535e+01
  3.45816618e+02] 11.141368825708787
[-3.27345214e+00 -6.67781033e-02  5.75593874e-02 -1.12478561e+01
  3.50225106e+02] 11.248201587788772
[-3.36185445e+00  7.73029474e-02  2.58872583e-01 -1.12941118e+01
  3.49530635e+02] 11.297342698590501
[-3.30660296e+00  3.83295785e-01 -2.89178958e-01 -1.12188409e+01
  3.48645059e+02] 11.229110925544322
[-3.34594096e+00  2.09126937e-01 -1.61951475e-01 -1.11244383e+01
  3.45234298e+02] 11.127582433326697
[-3.32883549e+00  2.03102196e-01  8.21258669e-02 -1.13895108e+01
  3.49454944e+02] 11.391617634094999
[-3.35344830e+00  2.65118104e-01  2.47099304e-01 -1.11488923e+01
  3.47323146e+02] 11.154781276556163
[-3.31109340e+00 -1.35697675e-01  3.19424411e-02 -1.12419546e+01
  3.48948859e+02] 11.24281889800924
[-3.41129957e+00 -9.48424602e-02 -4.80783977e-02 -1.12740930e+01
  3.47956320e+02] 11.274594456394698
[-3.34126195e+00  2.80156604e-01 -1.40458612e-01 -1.14113454e+01
  3.48480868e+02] 11.415648079301718
[-3.33268421e+00  2.38198612e-01  1.09078576e-01 -1.09167824e+01
  3.45679905e+02] 10.919925580919335
[-3.43793450e+00 -5.90730301e-02  5.06280780e-02 -1.12612951e+01
  3.46667311e+02] 11.261563793977583
[-3.36523066e+00 -2.60513013e-02 -3.07745817e-01 -1.11593648e+01
  3.48300698e+02] 11.163637795993543
[-3.40002027e+00 -7.19844913e-02  9.07517697e-02 -1.07410709e+01
  3.45049333e+02] 10.741695472144713
[-3.40586915e+00  8.48706032e-02 -1.39243311e-01 -1.11439543e+01
  3.47623122e+02] 11.145147382393079
[-3.39012002e+00 -2.96445890e-02  1.24661359e-01 -1.09274962e+01
  3.44469379e+02] 10.92824746203355
[-3.36498372e+00 -1.80943488e-01  1.16980709e-01 -1.12099092e+01
  3.47143266e+02] 11.211979742111279
[-3.35985463e+00  7.76814190e-02 -1.14961354e-02 -1.09342465e+01
  3.44270525e+02] 10.93452850115147
[-3.30177251e+00  1.18909973e-01 -1.35133989e-01 -1.13791105e+01
  3.48604611e+02] 11.380534119079236
[-3.35635276e+00  2.71886946e-03  2.16250966e-01 -1.09359443e+01
  3.45447520e+02] 10.938082554783312
[-3.36283732e+00  1.09122680e-02  1.40322150e-01 -1.13103507e+01
  3.49829984e+02] 11.311226399306081
[-3.41567076e+00 -1.60322103e-01  2.69000764e-01 -1.14116810e+01
  3.48851378e+02] 11.415976828618284
[-3.38335359e+00  1.30743452e-01 -4.05837990e-01 -1.13028892e+01
  3.48872684e+02] 11.310928425924414
[-3.39646100e+00 -4.12995177e-02  2.76726739e-01 -1.12789380e+01
  3.46380293e+02] 11.282407823071935
[-3.40374689e+00 -4.42969667e-01 -6.85833496e-03 -1.12411243e+01
  3.48422480e+02] 11.249850910635983
[-3.43387825e+00 -7.60633428e-02 -1.17342633e-01 -1.13149590e+01
  3.48796395e+02] 11.315823069553053
[-3.45006949e+00  1.13669577e-01 -1.24906199e-01 -1.13456012e+01
  3.47232782e+02] 11.346858097714156
[-3.43976222e+00 -1.80477973e-01 -1.41485568e-01 -1.13680587e+01
  3.46336041e+02] 11.370371580340164
[-3.33385321e+00 -1.33506501e-01 -2.05839737e-01 -1.09079545e+01
  3.45059265e+02] 10.910713338103195
[-3.28059755e+00  3.16857908e-02 -3.35540016e-01 -1.10334925e+01
  3.46851780e+02] 11.038638889210151
[-3.39653550e+00  8.77021557e-02 -9.33607568e-02 -1.12829039e+01
  3.44740962e+02] 11.28363094522932
[-3.39003504e+00  1.20940169e-01  8.65595606e-03 -1.11393959e+01
  3.44633680e+02] 11.140055789514665
[-3.36289859e+00 -1.89611573e-01  3.22610343e-01 -1.11766599e+01
  3.46473533e+02] 11.182922521062455
[-3.39467481e+00 -1.15461798e-01 -3.29354123e-01 -1.14111520e+01
  3.48449110e+02] 11.416487834092436
[-3.33433455e+00  1.61918578e-01 -4.42975548e-02 -1.13431478e+01
  3.47721270e+02] 11.344389909187182
[-3.40390288e+00  1.03190636e-02 -8.58061212e-02 -1.13858595e+01
  3.47485273e+02] 11.386187527742672
[-3.31940001e+00 -2.23308560e-02  5.65393933e-02 -1.10125186e+01
  3.46025076e+02] 11.012686348365705
[-3.35983687e+00  2.90527567e-02  5.21635671e-02 -1.13970610e+01
  3.48907897e+02] 11.397217391528702
[-3.26211315e+00 -1.28988972e-01  1.57976730e-01 -1.10184945e+01
  3.47343360e+02] 11.02038187005607
[-3.38798380e+00  2.29900183e-01  2.68382291e-01 -1.13438528e+01
  3.49147038e+02] 11.349355916312904
[-3.37117239e+00  3.80487007e-01 -2.46659086e-01 -1.12885299e+01
  3.49402933e+02] 11.297633317215741
[-3.37819629e+00 -7.27669522e-02  4.89343779e-02 -1.09502198e+01
  3.44900322e+02] 10.950570901650014
[-3.37529817e+00  9.22261255e-02  1.63132853e-01 -1.14061047e+01
  3.49194425e+02] 11.407644022572898
[-3.30384126e+00 -7.03494657e-02  3.70628786e-01 -1.10870432e+01
  3.46756536e+02] 11.093459402698343
[-3.38457167e+00  3.44180491e-02  4.32072640e-01 -1.12144071e+01
  3.48229214e+02] 11.222780286580718
[-3.30531444e+00 -7.53286325e-02  4.20324852e-02 -1.12843953e+01
  3.48993620e+02] 11.284725021214525
[-3.36976007e+00  1.43112062e-01  8.27231911e-02 -1.10432132e+01
  3.48033904e+02] 11.04445026597693
[-3.31473694e+00 -1.76344038e-01 -2.68618231e-01 -1.09685657e+01
  3.45387456e+02] 10.97327148520828
[-3.39639704e+00  3.17982237e-02  2.48636158e-01 -1.14112444e+01
  3.46630570e+02] 11.413997066511346
[-3.32422131e+00  2.91783515e-01  1.72605391e-01 -1.12231275e+01
  3.48665931e+02] 11.22824659994609
[-3.39265645e+00 -3.61156774e-02 -4.82618140e-02 -1.12825454e+01
  3.45299738e+02] 11.282706380453336
[-3.41158453e+00  2.48532033e-01  1.44687833e-01 -1.12745246e+01
  3.48212934e+02] 11.27819165323852
[-3.45619641e+00 -1.73556641e-01  1.47391311e-01 -1.11762250e+01
  3.47629102e+02] 11.178544228782938
[-3.40180891e+00  3.41439681e-02 -2.04166570e-01 -1.11138025e+01
  3.46611401e+02] 11.11573012459545
[-3.33654966e+00 -2.07178873e-01  1.29174237e-01 -1.12223492e+01
  3.48012085e+02] 11.225004717934173
[-3.34542652e+00  4.21644476e-01  1.30442643e-01 -1.13395871e+01
  3.49217038e+02] 11.348173236616065
[-3.36007740e+00 -5.26860198e-02 -1.71553569e-02 -1.12213110e+01
  3.47852799e+02] 11.221447800546638
[-3.38098639e+00  2.22078252e-02 -1.15813392e-01 -1.11462430e+01
  3.46423219e+02] 11.146866749007469
[-3.35401032e+00 -1.87251196e-01 -9.08211347e-02 -1.12632148e+01
  3.45930115e+02] 11.265137289571554
[-3.37768022e+00 -2.76362740e-01  8.17810163e-02 -1.10186093e+01
  3.45522124e+02] 11.022377959915973
[-3.43946762e+00  6.61572951e-02 -2.36910617e-02 -1.09475908e+01
  3.44998520e+02] 10.947816321121039
[-3.32675744e+00 -1.93830342e-02  3.45491804e-01 -1.13326291e+01
  3.47037218e+02] 11.337910834486534
[-3.35326105e+00 -4.94100973e-02  2.03005335e-01 -1.12272876e+01
  3.48208990e+02] 11.229231467051571
[-3.42861632e+00  3.06760640e-02  2.93458108e-01 -1.12111594e+01
  3.45256089e+02] 11.215041454834727
[-3.33168148e+00  1.84127933e-01 -6.02154853e-02 -1.11555971e+01
  3.48466139e+02] 11.157279076574829
[-3.38686907e+00  2.90604141e-01  2.81387628e-01 -1.13267984e+01
  3.46823902e+02] 11.334019187845191
[-3.28145649e+00 -2.89158910e-01  5.06344289e-04 -1.11182516e+01
  3.47485526e+02] 11.122011141476449
[-3.39382777e+00  1.14629802e-01  3.55224745e-01 -1.11861311e+01
  3.48214181e+02] 11.192356911332428
[-3.36692166e+00  2.74646171e-01  6.31524242e-02 -1.10795714e+01
  3.47145698e+02] 11.083154805455461
[-3.33009526e+00 -1.64771315e-02  2.28986427e-01 -1.09825269e+01
  3.44570636e+02] 10.984926224803115
[-3.28628061e+00  1.47629652e-01 -3.91728514e-02 -1.10439968e+01
  3.44435843e+02] 11.045052979445948
[-3.34958166e+00 -1.89988618e-01 -1.22870007e-01 -1.11247010e+01
  3.46414857e+02] 11.127001600105055
[-3.37340747e+00 -4.71212938e-02  1.54471566e-01 -1.11980968e+01
  3.48242226e+02] 11.199261288133377
[-3.37327035e+00  4.96813368e-02 -2.67825402e-02 -1.11450274e+01
  3.48051828e+02] 11.14517030988949
[-3.38293163e+00 -1.79476900e-01  7.20025805e-02 -1.09874138e+01
  3.44734054e+02] 10.989115471676032
[-3.31234916e+00 -1.93088817e-01 -1.19302881e-01 -1.11846864e+01
  3.47988974e+02] 11.18698911205085
[-3.35633574e+00  3.57644257e-01  2.50081914e-03 -1.13681006e+01
  3.50159876e+02] 11.373725319248106
[-3.32923067e+00  1.51956707e-01  2.07046205e-01 -1.11203728e+01
  3.45645821e+02] 11.123338046763397
[-3.28486765e+00 -1.48979657e-01  1.57071675e-01 -1.13102841e+01
  3.48955385e+02] 11.312355712363791
[-3.33632036e+00 -2.93763399e-01 -2.22248868e-01 -1.11904188e+01
  3.49304226e+02] 11.196480001576333
[-3.34646001e+00 -1.75999613e-01 -1.88631458e-01 -1.12334567e+01
  3.49261873e+02] 11.23641876827122
[-3.39296975e+00 -1.48497329e-01  3.09133998e-01 -1.13610975e+01
  3.49196003e+02] 11.366272534240782
[-3.30888173e+00  2.84239525e-01  2.39537585e-01 -1.12794326e+01
  3.48785395e+02] 11.28555580916565
[-3.41394665e+00 -6.49794939e-02 -8.82464089e-03 -1.13651780e+01
  3.49317857e+02] 11.365367195636344
[-3.46761686e+00 -2.42087178e-01 -3.78869462e-02 -1.10477572e+01
  3.43583758e+02] 11.05047418913037
[-3.39405190e+00 -2.44039993e-01  2.08330633e-01 -1.11912596e+01
  3.42862832e+02] 11.19585850249819
[-3.35892263e+00  2.08833406e-01 -5.98073383e-02 -1.12546975e+01
  3.46228457e+02] 11.256793683044975
[-3.37013086e+00 -2.03339350e-01 -2.34403120e-01 -1.10709864e+01
  3.45959766e+02] 11.075334413121979
[-3.41281995e+00 -9.12464728e-02  3.46525649e-01 -1.11539560e+01
  3.46579034e+02] 11.15971056950277
[-3.26672040e+00  1.30059576e-02  1.81872902e-02 -1.11315868e+01
  3.47922269e+02] 11.131609222893053
[-3.37032619e+00  2.70679663e-01 -1.61015744e-01 -1.10997693e+01
  3.44045448e+02] 11.104236654744877
[-3.40953553e+00 -2.91084873e-02 -2.68705032e-02 -1.11417221e+01
  3.45703509e+02] 11.141792547805448
[-3.31045579e+00  9.07769717e-02  3.46521952e-02 -1.11358438e+01
  3.46631899e+02] 11.13626769795992
[-3.33354682e+00 -1.15070877e-01 -1.53270322e-01 -1.14058446e+01
  3.49870472e+02] 11.407454767651553
[-3.35531322e+00 -2.11780441e-01 -2.46176500e-02 -1.11789488e+01
  3.48676021e+02] 11.180981744608951
[-3.42478283e+00  1.20834600e-01  1.28370485e-01 -1.12976203e+01
  3.48768569e+02] 11.298995715463315
[-3.36040288e+00  1.47148234e-01  2.05908573e-01 -1.12744774e+01
  3.46142041e+02] 11.277317580528424
[-3.36953324e+00  7.51351974e-02  3.01271616e-01 -1.12968632e+01
  3.49493313e+02] 11.301129476091068
[-3.39248456e+00 -1.40399551e-01 -1.26937135e-02 -1.13587103e+01
  3.49518165e+02] 11.35958504133225
[-3.37704563e+00  1.16070485e-01 -1.31600977e-01 -1.11436782e+01
  3.47550441e+02] 11.145059675819864
[-3.40236119e+00 -3.70761282e-01 -2.49144367e-01 -1.11409983e+01
  3.45652116e+02] 11.149949750506602
[-3.23978509e+00  2.38720054e-01  2.41424382e-01 -1.13065251e+01
  3.49605727e+02] 11.311621547945084
[-3.38894937e+00 -1.04909834e-01  1.90569041e-01 -1.10961484e+01
  3.47406667e+02] 11.098280624922317
[-3.39415172e+00  5.90395704e-02 -3.04331801e-01 -1.14833095e+01
  3.48561943e+02] 11.487493235652076
[-3.43564404e+00  1.75317845e-01  8.61171073e-02 -1.12834441e+01
  3.45276542e+02] 11.285134570423763
[-3.31665729e+00 -1.19651144e-01 -1.07952923e-01 -1.11963836e+01
  3.47116259e+02] 11.197543344435331
[-3.32030158e+00  1.90680850e-01  3.68230964e-02 -1.12711999e+01
  3.48271445e+02] 11.27287280394212
[-3.48186913e+00 -1.30092994e-01 -4.82395000e-02 -1.13342405e+01
  3.49533147e+02] 11.335089722970032
[-3.37319613e+00 -4.53079758e-01 -1.42090219e-01 -1.11336647e+01
  3.45694752e+02] 11.143785776859664
[-3.40208091e+00  1.75099873e-01  2.57895717e-01 -1.11421619e+01
  3.47465915e+02] 11.146521568189277
[-3.33554037e+00 -1.16347494e-01  5.07351035e-04 -1.14599384e+01
  3.49420001e+02] 11.460529044760323
[-3.39148133e+00 -1.14282472e-01 -3.46403126e-02 -1.13186397e+01
  3.46402898e+02] 11.319269611107194
