/mnt/stage/douwei/Simulation/5kt_root/2MeV/5kt_-7.40_2.root
[-3.12446625e+00  1.41098510e-01 -2.55475411e-01 -7.33217765e+00
  3.17027954e+02] 7.337983749483666
[-3.09710784e+00  6.21513064e-02 -2.96773626e-01 -7.40980479e+00
  3.20292391e+02] 7.416005955344599
[-3.17982975e+00  2.44127097e-01 -1.50067076e-01 -7.27567568e+00
  3.18539921e+02] 7.281316827082431
[-3.11566598e+00  3.51762430e-02 -3.19026191e-01 -7.44640110e+00
  3.19200429e+02] 7.453314993750787
[-3.11198954e+00 -1.60787278e-01  1.66032458e-01 -7.40289226e+00
  3.17321258e+02] 7.406499385603206
[-3.14760648e+00  3.95809429e-02  2.26168746e-01 -7.52747373e+00
  3.17475985e+02] 7.530974682632779
[-3.11552757e+00 -1.73459991e-01 -1.11758736e-01 -7.64591975e+00
  3.20022572e+02] 7.648703634078728
[-3.11421343e+00 -6.51760624e-02 -2.88443925e-01 -7.65080259e+00
  3.20347610e+02] 7.656515399085601
[-3.03523867e+00  1.89660274e-01  1.07028194e-02 -7.48267761e+00
  3.20896651e+02] 7.485088500224953
[-3.01129413e+00  1.21090723e-01  1.09703934e-01 -7.29210276e+00
  3.18943866e+02] 7.293933139031117
[-3.10604860e+00 -2.46513425e-02  9.08802845e-02 -7.38043024e+00
  3.19805742e+02] 7.381030921319968
[-3.06353932e+00 -1.92353111e-02 -6.55743769e-03 -7.47191508e+00
  3.20946233e+02] 7.471942714942246
[-3.10745598e+00  2.10509635e-01 -1.61883457e-01 -7.44427160e+00
  3.16097967e+02] 7.449006658813754
[-3.19197031e+00  1.66828201e-01  2.78021800e-01 -7.45716323e+00
  3.18464026e+02] 7.46420867912876
[-3.09278705e+00  5.96463124e-02 -1.64924520e-01 -7.38379626e+00
  3.17956200e+02] 7.385878753616623
[-3.09264151e+00 -2.85553382e-02 -3.44932732e-01 -7.35075400e+00
  3.18303673e+02] 7.358897900006799
[-3.22297265e+00 -1.45282654e-01  1.03646954e-01 -7.71791308e+00
  3.19212563e+02] 7.719976167541571
[-3.09522234e+00 -7.91645868e-02  2.11518563e-01 -7.58323343e+00
  3.18642166e+02] 7.586595835752974
[-3.12318320e+00  1.39378123e-01 -1.53586764e-01 -7.26656729e+00
  3.14232894e+02] 7.269526490593021
[-3.09998982e+00  6.61708487e-02  8.77364092e-03 -7.06948587e+00
  3.16139618e+02] 7.069800990746529
[-3.08117003e+00 -2.72615580e-01  1.05814032e-01 -7.49947701e+00
  3.19016746e+02] 7.50517630331375
[-3.10072577e+00  3.18362776e-01 -2.18235969e-01 -7.30212159e+00
  3.17154289e+02] 7.312315746615758
[-3.14904784e+00  3.04283551e-01 -1.80655352e-01 -7.41177997e+00
  3.17761566e+02] 7.420222848953948
[-3.13424436e+00 -1.62413806e-01  1.04302485e-01 -7.58650603e+00
  3.20561818e+02] 7.588961124443096
[-3.18437026e+00 -1.78139040e-01 -1.86176236e-01 -7.60257247e+00
  3.17309054e+02] 7.606937835688389
[-3.15126876e+00 -6.36992301e-02  7.10387940e-02 -7.65193092e+00
  3.20355235e+02] 7.6525257814394365
[-3.12761646e+00  2.41897531e-02  1.88688998e-01 -7.60243244e+00
  3.17352834e+02] 7.604812139357684
[-3.14657518e+00  8.13683968e-02 -2.16415892e-01 -7.64031328e+00
  3.19901821e+02] 7.643810805956238
[-3.04936483e+00  4.61466544e-01  1.81568875e-01 -7.41620944e+00
  3.19494959e+02] 7.43277075570594
[-3.12460360e+00  3.27738031e-01  1.36896191e-03 -7.63353915e+00
  3.19482657e+02] 7.6405715793381335
[-3.07717723e+00  4.40632112e-02 -7.48521711e-02 -7.10603071e+00
  3.17717843e+02] 7.106561538554195
[-3.21225950e+00 -8.86306197e-02  4.09415632e-02 -7.39411957e+00
  3.17683691e+02] 7.394764081744628
[-3.18627296e+00 -2.39171724e-01 -1.49881684e-01 -7.57321664e+00
  3.20186452e+02] 7.578474639621586
[-3.05494877e+00  2.87229593e-01 -2.06855663e-01 -7.51879469e+00
  3.21441634e+02] 7.527121877935292
[-3.15040158e+00 -2.71016576e-01 -6.20431056e-03 -7.58645437e+00
  3.19166967e+02] 7.591296221464527
[-3.03544909e+00 -6.72151354e-02 -2.14621525e-01 -7.10412259e+00
  3.16629923e+02] 7.107681617915486
[-3.17635606e+00 -9.31477820e-02  3.14466980e-02 -7.37210524e+00
  3.17508405e+02] 7.3727607518920415
[-3.08384243e+00  3.51653358e-01  1.01573868e-01 -7.69478749e+00
  3.20920809e+02] 7.703488287628794
[-3.13331089e+00 -1.40966331e-01  8.68812757e-02 -7.42397604e+00
  3.16263266e+02] 7.425822517536568
[-3.12954347e+00  1.39533503e-01 -4.16335643e-02 -7.55336086e+00
  3.19394532e+02] 7.554764271612493
[-3.14290548e+00  2.59479442e-01  2.12777930e-02 -7.93434815e+00
  3.23239060e+02] 7.938618450143417
[-3.21703652e+00 -1.87632048e-01 -1.07393567e-01 -7.64341516e+00
  3.17154075e+02] 7.646472023749481
[-3.09708841e+00  2.02874497e-01 -2.88716574e-01 -7.52957398e+00
  3.19352776e+02] 7.537837866970402
[-3.11038086e+00  9.78884323e-02 -1.87791003e-01 -7.53240524e+00
  3.21011903e+02] 7.535381627279754
[-3.12972972e+00  2.64711710e-01  8.16920910e-02 -7.40060760e+00
  3.19546706e+02] 7.405790888060405
[-3.11620370e+00  3.09860041e-02 -2.00562612e-02 -7.46062830e+00
  3.19472830e+02] 7.460719601442074
[-3.12996516e+00  3.34762641e-02 -2.01616089e-01 -7.32840892e+00
  3.15340077e+02] 7.33125821364507
[-3.11293613e+00 -1.14870235e-01  2.04235840e-01 -7.63682650e+00
  3.20084190e+02] 7.640420568667497
[-3.16396865e+00  9.04445936e-02  8.99833004e-02 -7.45280708e+00
  3.19460779e+02] 7.453899016780146
[-3.16121767e+00  6.39539148e-02  2.17255671e-01 -7.67283289e+00
  3.21219123e+02] 7.676174485264652
[-3.06023661e+00  2.27640318e-01  2.87093344e-01 -7.44407410e+00
  3.20091149e+02] 7.453085395633488
[-3.11969004e+00  8.99013434e-02 -7.02889348e-02 -7.67553489e+00
  3.17843972e+02] 7.676383173557067
[-3.17714790e+00 -1.44696986e-01 -2.29339005e-01 -7.64105363e+00
  3.19357144e+02] 7.645863865498412
[-3.14277247e+00  5.47186261e-02  1.56930618e-01 -7.61895641e+00
  3.19544704e+02] 7.620768871340365
[-3.05933142e+00  1.75812344e-02 -2.07725985e-03 -7.32222082e+00
  3.18684003e+02] 7.322242223892191
[-3.14666346e+00  2.05145226e-01  3.27279332e-02 -7.54141956e+00
  3.18084440e+02] 7.544280259665499
[-3.11098126e+00 -1.42873825e-01 -8.71201603e-02 -7.46705056e+00
  3.17785831e+02] 7.468925418373892
[-3.10057361e+00  2.17722918e-01 -3.36558937e-01 -7.49842969e+00
  3.19179426e+02] 7.509135966514179
[-3.17440894e+00 -7.38571721e-03  3.51261704e-01 -7.22978312e+00
  3.15473260e+02] 7.238314950144606
[-3.08176125e+00  9.17019261e-02  9.42853521e-03 -7.55989839e+00
  3.20280491e+02] 7.5604604188761275
[-3.05560910e+00  2.80344298e-01  6.11383248e-02 -7.43622606e+00
  3.17663672e+02] 7.441759798807746
[-3.20567957e+00 -3.13431506e-01 -6.98416259e-02 -7.35899100e+00
  3.17775904e+02] 7.365993874658433
[-3.17566113e+00 -3.35156681e-01 -1.81381433e-01 -7.66916977e+00
  3.22151452e+02] 7.678632315269606
[-3.10206379e+00  1.17991289e-01 -1.55413595e-01 -7.09505280e+00
  3.16542305e+02] 7.097735522608426
[-3.17846770e+00  7.21927472e-02 -2.42214597e-01 -7.42234949e+00
  3.19675513e+02] 7.426651444509975
[-3.11006310e+00 -2.31144829e-01  1.49748707e-02 -7.52779849e+00
  3.18057293e+02] 7.531361252592997
[-3.14922244e+00 -1.49469312e-01  4.38989435e-02 -7.23567906e+00
  3.17351806e+02] 7.2373558440443135
[-3.14769133e+00 -2.02839386e-01  1.12116373e-01 -7.42553302e+00
  3.17908729e+02] 7.429148980563027
[-3.19428882e+00 -1.87134820e-01 -1.23946461e-01 -7.64951455e+00
  3.21071541e+02] 7.652806998721326
[-3.15539336e+00 -6.14531521e-02  5.75188757e-04 -7.37029424e+00
  3.17998071e+02] 7.370550452974296
[-3.14481708e+00 -2.00708877e-01  2.04944210e-02 -7.56894658e+00
  3.18944591e+02] 7.571634984030834
[-3.08730081e+00  2.82080703e-01  1.01752366e-01 -7.52879996e+00
  3.19976602e+02] 7.534769527905688
[-3.09685880e+00 -3.28755181e-01  3.16644046e-01 -7.27345017e+00
  3.17334435e+02] 7.28775828444693
[-3.11240926e+00 -1.38393054e-01  2.84797113e-01 -7.32931193e+00
  3.17269972e+02] 7.33614853773406
[-3.15990425e+00 -1.43889377e-02  6.85716110e-04 -7.63460392e+00
  3.19536297e+02] 7.634617509276574
[-3.04492480e+00  6.29951276e-02  1.44861903e-01 -7.32692321e+00
  3.17615295e+02] 7.328625867478461
[-3.07974643e+00  2.02483825e-01 -1.95557689e-01 -7.52950985e+00
  3.21006632e+02] 7.5347701394241104
[-3.14407024e+00 -1.61372109e-01 -1.35266691e-01 -7.63438870e+00
  3.19614032e+02] 7.637291985712254
[-3.08125473e+00  5.31124954e-02 -2.57107205e-01 -7.18090032e+00
  3.16160894e+02] 7.185697913957428
[-3.11545320e+00 -4.24664750e-01 -1.96298695e-01 -7.38579817e+00
  3.19323863e+02] 7.400600509989275
[-3.11070152e+00  3.68437378e-01 -2.16870773e-01 -7.74398564e+00
  3.21332765e+02] 7.755778013011453
[-3.09173111e+00 -1.09787751e-01 -2.87812916e-01 -7.41481538e+00
  3.18650597e+02] 7.421211273502277
[-3.10872713e+00 -2.51837571e-01  3.08937536e-02 -7.30995976e+00
  3.18055727e+02] 7.314361779755284
[-3.05993907e+00 -8.03112459e-02  1.83561239e-01 -7.25377337e+00
  3.18011494e+02] 7.256539996998792
[-3.14587681e+00 -7.06934987e-02  8.94878904e-02 -7.27336102e+00
  3.15530799e+02] 7.274255025390773
[-3.08511539e+00  2.09148878e-02  1.62513415e-01 -7.18326581e+00
  3.16585949e+02] 7.185134360132499
[-3.14325447e+00 -2.53147539e-01  2.80049249e-01 -7.74131489e+00
  3.21342530e+02] 7.750514013997359
[-3.20939547e+00  2.63164320e-02  2.30510575e-01 -7.32605945e+00
  3.15001484e+02] 7.329732238888277
[-3.19750971e+00 -1.54216403e-01 -1.18708864e-01 -7.63819950e+00
  3.20373547e+02] 7.640678376739198
[-3.23644432e+00 -1.60432664e-01 -6.94911709e-02 -7.67088353e+00
  3.19313435e+02] 7.672875720216867
[-3.20232253e+00  2.69105310e-01 -6.30794786e-02 -7.53667334e+00
  3.17853534e+02] 7.541739967834374
[-3.10469172e+00  7.66303647e-02 -1.70852938e-01 -7.25949249e+00
  3.18911360e+02] 7.261907055625456
[-3.17134741e+00 -8.23723901e-02  1.95148326e-01 -7.19522049e+00
  3.15912359e+02] 7.198337722635973
[-3.12206629e+00 -3.08856295e-02  1.62953180e-01 -7.58255513e+00
  3.20165910e+02] 7.584368789715729
[-3.04358689e+00 -1.06284914e-02 -2.63605003e-01 -7.49451757e+00
  3.19535965e+02] 7.499159567777767
[-3.10727133e+00 -9.82478245e-02  5.16554108e-02 -7.37086052e+00
  3.14771224e+02] 7.371696253314854
[-3.11117688e+00  3.58558448e-01  8.27048406e-02 -7.51178736e+00
  3.19385750e+02] 7.5207947487642395
[-3.04280357e+00  2.41948360e-02 -2.43625503e-01 -7.59967748e+00
  3.19411950e+02] 7.603619960576866
[-3.09716029e+00  1.94791610e-01  1.47357031e-01 -7.53487284e+00
  3.18895568e+02] 7.538830582731664
[-3.15616930e+00  1.28971152e-01 -4.01443967e-03 -7.43204867e+00
  3.19344353e+02] 7.433168708577663
[-3.12830663e+00  5.46398644e-02  3.25997481e-01 -7.48187692e+00
  3.18502126e+02] 7.489174993238692
[-3.03121073e+00 -7.96982909e-02  2.26284700e-01 -7.19434946e+00
  3.15881612e+02] 7.198348472265274
[-3.17977307e+00  8.82302652e-02  1.83350776e-01 -7.44037133e+00
  3.14972686e+02] 7.443153070316028
[-3.12460084e+00 -1.31442970e-01 -3.64688687e-01 -7.58168763e+00
  3.18420725e+02] 7.591591555995814
[-3.11206586e+00  6.90501281e-02  2.07978485e-01 -7.72229980e+00
  3.19833554e+02] 7.725408547348834
[-3.13813039e+00  1.43908062e-01  2.61080294e-01 -7.30015468e+00
  3.18748903e+02] 7.306239174300651
[-3.14952071e+00 -3.75810421e-01 -1.83142555e-01 -7.41460960e+00
  3.14952017e+02] 7.426386080008614
[-3.09875630e+00 -1.96821973e-01  2.56061051e-01 -7.40529007e+00
  3.17841391e+02] 7.412329405523929
[-3.11826258e+00  4.47716739e-01  7.67195649e-02 -7.71727616e+00
  3.21820107e+02] 7.730633055811263
[-3.10882593e+00 -5.76168549e-02 -3.31402319e-01 -7.40891964e+00
  3.18789059e+02] 7.416551584053611
[-3.18867215e+00 -1.61512780e-02 -1.20272648e-01 -7.68574079e+00
  3.18166218e+02] 7.686698765251708
[-3.08596587e+00  6.59722572e-04 -1.26126847e-01 -7.14416107e+00
  3.15209105e+02] 7.145274373393869
[-3.18366555e+00 -1.06904728e-01  1.07509172e-01 -7.62263823e+00
  3.18880378e+02] 7.624145883058823
[-3.13936470e+00 -1.44075870e-01 -3.07236406e-01 -7.31420519e+00
  3.18223143e+02] 7.322072772796549
[-3.18529617e+00 -2.38038926e-01  1.68919551e-01 -7.42755705e+00
  3.14917686e+02] 7.433289986172481
[-3.07116585e+00  4.63788948e-02 -1.50304270e-03 -7.49742078e+00
  3.18238923e+02] 7.497564373819441
[-3.22635108e+00 -7.38699822e-02  1.08107077e-01 -7.34912595e+00
  3.15612109e+02] 7.350292250886828
[-3.14577084e+00  1.25575381e-01 -1.38970624e-01 -7.68122822e+00
  3.19554789e+02] 7.683511503847996
[-3.05387757e+00  9.21850524e-02 -9.68832120e-02 -7.34713992e+00
  3.20303372e+02] 7.348356918476626
[-3.13847252e+00  1.87475540e-01  1.95902724e-01 -7.27928477e+00
  3.18291931e+02] 7.284333308872686
[-3.19241777e+00 -1.17554717e-01  8.36137227e-02 -7.41455634e+00
  3.18026302e+02] 7.415959549229441
[-3.12829389e+00 -3.14321516e-02 -2.98675996e-02 -7.71087947e+00
  3.22169063e+02] 7.7110013779859905
[-3.06739541e+00  2.95531195e-01 -2.82831656e-01 -7.43829823e+00
  3.17688001e+02] 7.449537775224812
[-3.13218379e+00 -4.55575198e-02 -1.28447754e-01 -7.25416998e+00
  3.17343000e+02] 7.255450118346102
[-3.13064847e+00  2.90089755e-01 -9.97522431e-03 -7.43715925e+00
  3.18225048e+02] 7.442821329347721
[-3.09271761e+00 -3.59784606e-01 -6.10080332e-02 -7.54631668e+00
  3.20058299e+02] 7.55513483126563
[-3.13518584e+00  3.64632017e-02  1.19542522e-01 -7.42290592e+00
  3.18424555e+02] 7.423957994043085
[-3.10658058e+00 -3.14823219e-01 -2.62359396e-01 -7.50062051e+00
  3.19153618e+02] 7.5118076462792605
[-3.16474072e+00 -9.63698808e-02  9.67248553e-02 -7.35651966e+00
  3.18121504e+02] 7.357786648097591
[-3.20079787e+00  1.08925106e-01 -1.82472325e-01 -7.24351472e+00
  3.16650549e+02] 7.246631372996057
[-3.05535344e+00  6.33052956e-02  3.15839241e-01 -7.11507591e+00
  3.15552266e+02] 7.122363880160706
[-3.11784035e+00 -1.36825349e-01  4.15905020e-01 -7.49339965e+00
  3.19600018e+02] 7.506179882955944
[-3.10955540e+00  2.32742795e-01  2.60683522e-01 -7.41765092e+00
  3.16755121e+02] 7.425878417328988
[-3.10193503e+00 -2.27731424e-01  7.24563252e-02 -7.49831506e+00
  3.19775117e+02] 7.502122380910743
[-3.18032708e+00  1.83393596e-02  1.66228172e-01 -7.83569495e+00
  3.21656059e+02] 7.837479408349991
[-3.14468462e+00 -1.32357980e-01  4.63029137e-02 -7.36320371e+00
  3.17013261e+02] 7.3645387796833655
[-3.11675680e+00  1.63087498e-01 -3.43110440e-01 -7.27997376e+00
  3.18366369e+02] 7.289879305839826
[-3.16938007e+00  8.98361349e-03  1.61375688e-01 -7.46842621e+00
  3.18162702e+02] 7.4701748920379005
[-2.99244455e+00  9.27808466e-02  1.05601023e-01 -7.11572833e+00
  3.15453545e+02] 7.117116662721561
[-3.12772990e+00 -1.82236703e-01 -2.08620383e-01 -7.47653262e+00
  3.16592381e+02] 7.481662428335546
[-3.20787748e+00 -4.95777124e-02 -2.88232645e-02 -7.58434116e+00
  3.18339629e+02] 7.584557968552661
[-3.12704843e+00 -8.12056947e-02 -1.07213648e-01 -7.64560227e+00
  3.19123502e+02] 7.646785150673764
[-3.09636312e+00  4.54986628e-02  1.36666141e-01 -7.45440835e+00
  3.18871077e+02] 7.455799866968419
[-3.15132702e+00  2.61363698e-01 -6.70528971e-02 -7.67346371e+00
  3.20187658e+02] 7.678206328538541
[-3.05295946e+00 -2.98757212e-01  1.52543776e-01 -7.42389268e+00
  3.19236350e+02] 7.431467422954211
[-3.16808122e+00  7.24620976e-02  1.07534264e-02 -7.63483008e+00
  3.19393397e+02] 7.6351815180947975
[-3.13088526e+00 -2.34368284e-01  8.21258889e-02 -7.18091422e+00
  3.17566543e+02] 7.185207178734433
[-3.12781019e+00  1.08184558e-01 -3.62431561e-02 -7.67976499e+00
  3.20383899e+02] 7.68061246144674
[-3.04416401e+00  6.11178953e-03  7.33322031e-03 -7.50652750e+00
  3.19803149e+02] 7.506533567975378
[-3.11703298e+00  7.70809801e-02  3.20888887e-02 -6.94593486e+00
  3.14913146e+02] 6.9464366575851555
[-3.09510189e+00 -2.86047704e-01 -1.15224449e-01 -7.48224561e+00
  3.17601745e+02] 7.488597958984903
[-3.13243733e+00  2.77052785e-01  6.54138992e-02 -7.46018169e+00
  3.15800300e+02] 7.4656110345154
[-3.12076204e+00 -2.29662370e-01  2.21876612e-01 -7.43623485e+00
  3.20439657e+02] 7.443088256268909
[-3.18824887e+00 -3.34224832e-01  1.13660575e-01 -7.64727913e+00
  3.20654044e+02] 7.655423113944995
[-3.17315886e+00  1.23864875e-02 -8.01369320e-02 -7.51763573e+00
  3.19199762e+02] 7.5180730471923525
[-3.10430376e+00 -2.32199651e-01  2.63658099e-02 -7.17526067e+00
  3.14081106e+02] 7.179065225961293
[-3.15430120e+00 -1.70179599e-01 -1.70569546e-01 -7.27253290e+00
  3.18069762e+02] 7.276523192951038
[-3.05516544e+00  1.07622333e-01  3.40152783e-01 -7.25960518e+00
  3.18729890e+02] 7.268366654795044
[-3.13102964e+00 -2.11962517e-01 -3.31651574e-01 -7.71051229e+00
  3.21582773e+02] 7.720551837525657
[-3.21452654e+00  6.54444354e-02  1.32289888e-01 -7.58642007e+00
  3.19006789e+02] 7.587855629220703
[-3.10910924e+00 -1.99086094e-01  1.79138481e-01 -7.46507359e+00
  3.17418782e+02] 7.469876145035648
[-3.06441169e+00  9.91702022e-02  2.13472818e-01 -7.43183666e+00
  3.20098654e+02] 7.435563294722932
[-3.18816728e+00  4.17855284e-02 -1.89310635e-02 -7.41586719e+00
  3.19504545e+02] 7.416009075798244
[-3.20699323e+00  1.32902128e-01 -8.88251579e-02 -7.59894943e+00
  3.18094109e+02] 7.600630584845952
[-3.22582118e+00  3.84629117e-02  3.07260151e-01 -7.85424818e+00
  3.17622488e+02] 7.8603500315924855
[-3.06680494e+00 -7.58149072e-02  1.69323518e-02 -7.62952229e+00
  3.19993018e+02] 7.629917755735585
[-3.06569207e+00  2.07431502e-01  1.24159708e-01 -7.68113968e+00
  3.19248430e+02] 7.684943091260239
[-3.06212616e+00 -2.18158916e-01 -2.90416205e-01 -7.44497706e+00
  3.19736491e+02] 7.4538324603390596
[-3.11076766e+00  2.76676052e-01 -3.92517609e-01 -7.57366920e+00
  3.17833764e+02] 7.588879023574349
[-3.14835231e+00 -3.76215192e-01  1.18255646e-01 -7.63079977e+00
  3.19240327e+02] 7.64098340634682
[-3.18386993e+00  9.09280222e-02 -3.79007371e-01 -7.45841426e+00
  3.20444886e+02] 7.468591415407902
[-3.01259664e+00 -2.28670995e-01  3.68334125e-02 -7.33014209e+00
  3.19203187e+02] 7.333800528943607
[-3.18247026e+00 -2.98918940e-01 -1.46802203e-01 -7.38967558e+00
  3.18739940e+02] 7.3971757167992855
[-3.17722640e+00  5.70014622e-02  3.46871434e-01 -7.56123055e+00
  3.19365824e+02] 7.569397355940072
[-3.05918981e+00 -2.05141273e-01  1.57736702e-01 -7.38811369e+00
  3.19868910e+02] 7.392644164479907
[-3.07058524e+00  1.99431767e-01  4.99845263e-02 -7.51090155e+00
  3.21400720e+02] 7.513715026811262
[-3.10083753e+00  1.13705343e-01 -1.80701367e-02 -7.56053453e+00
  3.16648643e+02] 7.56141109983259
[-3.13536693e+00  4.11207080e-02  2.39841124e-02 -7.27025087e+00
  3.17914184e+02] 7.27040672014426
[-3.05519888e+00  2.39444607e-01 -1.56109685e-02 -7.70930556e+00
  3.20964591e+02] 7.713038935265921
[-3.06910405e+00  2.81103392e-01  1.17686356e-01 -7.39317156e+00
  3.19009343e+02] 7.399449640624473
[-3.16223429e+00  1.66304942e-01 -3.47741155e-02 -7.37709653e+00
  3.16703918e+02] 7.379052766862737
[-3.16971732e+00  2.29799145e-02 -1.79243947e-01 -7.41932563e+00
  3.17881328e+02] 7.421526075554939
[-3.12694526e+00  1.08553428e-01  8.26843418e-02 -7.13212729e+00
  3.16487191e+02] 7.1334325668779925
[-3.12082308e+00 -1.86727128e-01  1.42693335e-01 -7.12910167e+00
  3.18142452e+02] 7.1329740709273715
[-3.15325298e+00 -3.23137849e-01  1.96721393e-01 -7.54149104e+00
  3.21974621e+02] 7.550973742150418
[-3.03469698e+00  7.36633366e-02 -1.89262158e-01 -7.02016552e+00
  3.18193184e+02] 7.023102616350818
[-3.07179058e+00 -2.21517861e-02 -7.40915624e-02 -7.38530661e+00
  3.18572798e+02] 7.38571147849196
[-3.20145081e+00 -2.44623025e-01  3.30836503e-01 -7.70480381e+00
  3.17874562e+02] 7.7157822050230065
[-3.10952142e+00  1.13588260e-01  4.53710806e-02 -7.39946023e+00
  3.17678321e+02] 7.400471102953482
[-3.11888336e+00  1.89593082e-02  5.14393803e-02 -7.21321788e+00
  3.18544014e+02] 7.213426205484414
[-3.03660258e+00  4.07401617e-03  1.27451675e-01 -7.40902898e+00
  3.18500022e+02] 7.410126246955273
[-3.19625858e+00 -2.78281859e-01  2.63093834e-01 -7.37335249e+00
  3.18074766e+02] 7.383291007391098
[-3.04634425e+00 -1.80254417e-02 -1.34823510e-01 -7.20084710e+00
  3.17103651e+02] 7.202131717780662
[-3.13911782e+00  3.96051429e-02  1.17476875e-01 -7.39611608e+00
  3.19115465e+02] 7.397155022915819
[-3.04593284e+00  1.97781021e-01  2.43109873e-01 -7.49922517e+00
  3.19395411e+02] 7.50577097545338
[-3.18145491e+00 -2.40949560e-01  1.88177487e-01 -7.59023861e+00
  3.19257128e+02] 7.596393197012385
[-3.14769475e+00 -1.91637768e-01  2.77258753e-01 -7.54972025e+00
  3.18688534e+02] 7.557239789749007
[-3.11069968e+00 -2.81433394e-01  8.97302207e-02 -7.55820341e+00
  3.19241248e+02] 7.563973498728779
[-3.11321987e+00 -1.09355006e-01 -1.06415860e-01 -7.37064087e+00
  3.19022930e+02] 7.372220137594215
[-3.14445668e+00  4.72543826e-02  7.62705597e-02 -7.49044593e+00
  3.18837016e+02] 7.490983273394283
[-3.10149280e+00 -6.26925961e-02 -7.14888976e-02 -7.21970861e+00
  3.15822252e+02] 7.220334718161819
[-3.11692732e+00  6.04696913e-02 -2.17221788e-01 -7.49133478e+00
  3.20650468e+02] 7.494727390756763
[-3.20438719e+00  3.20873649e-01 -8.56157276e-02 -7.77121840e+00
  3.18301808e+02] 7.778311212324867
[-3.21342386e+00 -2.23031683e-01  1.74849733e-01 -7.45949235e+00
  3.18110382e+02] 7.464873855230899
[-3.05981559e+00  1.86725577e-01  2.18535410e-01 -7.22501860e+00
  3.16517070e+02] 7.23073425959771
[-3.08294543e+00 -1.92242680e-01  1.62483767e-01 -7.02256686e+00
  3.14954726e+02] 7.027076452789695
[-3.15542218e+00  6.37133967e-02 -1.20552540e-01 -7.31644507e+00
  3.17018536e+02] 7.317715545953286
[-3.15685122e+00 -4.35785809e-02  8.69744512e-02 -7.69643907e+00
  3.18475768e+02] 7.697053853744495
[-3.08837743e+00 -1.72842181e-01  3.19986532e-02 -7.80380588e+00
  3.21109002e+02] 7.805785327652879
[-3.15532947e+00  5.83022588e-02  7.78479881e-02 -7.77670490e+00
  3.21198965e+02] 7.777313065891778
[-3.10861278e+00 -1.31080116e-02  8.11865536e-02 -7.61015656e+00
  3.18093419e+02] 7.6106008893477535
[-3.12768919e+00  2.78254217e-01  1.22003542e-01 -7.86476320e+00
  3.21518953e+02] 7.870629612423831
[-3.10679510e+00 -7.79487112e-02  7.26475688e-02 -7.43994110e+00
  3.19409794e+02] 7.4407040778347175
[-3.06111846e+00 -1.88206334e-01 -7.12577114e-03 -7.41494726e+00
  3.17268972e+02] 7.417338827795687
[-3.09305694e+00 -2.59845289e-02  3.03835909e-01 -7.67207475e+00
  3.18276877e+02] 7.678132745080293
[-3.06393928e+00  1.93968419e-01  1.14205210e-01 -7.40217382e+00
  3.18367532e+02] 7.405595440856807
[-3.09114621e+00  5.81641293e-02  1.69888496e-01 -7.62866121e+00
  3.20315427e+02] 7.630774336549504
[-3.20567404e+00 -8.59965319e-02 -2.34761855e-02 -7.58351230e+00
  3.16794852e+02] 7.58403621348876
[-3.04285383e+00  1.87311376e-01  1.72550574e-01 -7.55444711e+00
  3.18239504e+02] 7.558738677279649
[-3.10239794e+00 -3.18308292e-03 -2.06796080e-01 -7.67366892e+00
  3.20743534e+02] 7.676455527081852
[-3.16161867e+00 -1.07092965e-01 -1.01914051e-01 -7.65454523e+00
  3.20574204e+02] 7.655972709388275
[-3.06504408e+00  1.69698054e-01  8.46022746e-02 -7.48867289e+00
  3.19187941e+02] 7.491073133650532
[-3.21223619e+00  2.41983192e-01  2.39279714e-02 -7.63561904e+00
  3.20429333e+02] 7.639489939579103
[-3.14500870e+00  9.98130672e-02 -1.43240397e-01 -7.62217038e+00
  3.19982346e+02] 7.624169574827325
[-3.19076544e+00  2.18470278e-01  8.98754201e-02 -7.63143115e+00
  3.19646506e+02] 7.63508665685812
[-3.07193817e+00  3.97807379e-02  9.94500576e-02 -7.00982917e+00
  3.17568194e+02] 7.010647459357143
[-3.20025222e+00 -2.24695240e-01  2.23778043e-01 -7.53573847e+00
  3.16723790e+02] 7.5424080251946615
[-3.02115992e+00 -1.11318844e-02  8.02543244e-03 -7.25774861e+00
  3.18150473e+02] 7.2577615814245195
[-3.16776921e+00  3.54764757e-01 -6.34177782e-03 -7.54556584e+00
  3.18605032e+02] 7.553903762960393
[-3.18216215e+00  1.80540869e-01  9.99533234e-02 -7.52385299e+00
  3.15838178e+02] 7.526682498573434
[-3.08184179e+00  7.08960339e-02  2.72960333e-01 -7.16226959e+00
  3.17969938e+02] 7.167819702407393
[-3.14956284e+00  2.02045668e-02  1.18095337e-01 -7.50383323e+00
  3.20286889e+02] 7.504789666922657
[-3.12554803e+00 -2.06671455e-01  1.07949425e-01 -7.69736093e+00
  3.19595357e+02] 7.700891602408678
[-3.14396218e+00  7.94896759e-02  1.57926221e-01 -7.45691925e+00
  3.18073700e+02] 7.459014951150688
[-3.13126478e+00  1.86856620e-01  8.87246603e-02 -7.81701031e+00
  3.19044863e+02] 7.819746645549125
[-3.12412360e+00  6.53358907e-02  1.68306936e-01 -7.38271844e+00
  3.20141389e+02] 7.384925695723863
[-3.01540633e+00 -6.85683571e-02  1.36384647e-01 -7.03613365e+00
  3.14723492e+02] 7.037789366462058
[-3.21921981e+00  1.25468474e-01 -7.11327056e-02 -7.45436961e+00
  3.16769558e+02] 7.455764784484762
[-3.08124636e+00  3.38467972e-03 -4.00863166e-02 -7.26127488e+00
  3.17453093e+02] 7.261386314585917
[-3.10959973e+00  1.25574304e-01 -1.42512282e-02 -7.35004967e+00
  3.17651399e+02] 7.351136115269651
[-3.10661609e+00 -1.44112383e-01 -7.55054980e-02 -7.31080271e+00
  3.16283543e+02] 7.3126127868687725
[-3.09438696e+00 -2.97063564e-01  1.43963948e-01 -7.32390029e+00
  3.15544363e+02] 7.331336023661135
[-3.21616134e+00  7.70519244e-02 -6.93322818e-02 -7.33194229e+00
  3.15196339e+02] 7.332674935906169
[-3.16813576e+00  8.07848716e-02 -1.93998387e-02 -7.45405849e+00
  3.16887226e+02] 7.454521479259904
[-3.12549469e+00 -2.11284916e-01  1.25523854e-01 -7.62343613e+00
  3.19854168e+02] 7.627396406939245
[-3.07750909e+00 -1.20499661e-01 -1.84997594e-01 -7.18386295e+00
  3.17273463e+02] 7.187254775046641
[-3.20537452e+00 -3.59850049e-01 -4.30573882e-02 -7.67772897e+00
  3.18370779e+02] 7.686277914049507
[-3.12590149e+00 -1.03230045e-01 -2.59867758e-01 -7.14100886e+00
  3.17228493e+02] 7.146481315848239
[-3.05240564e+00 -1.90372346e-01  1.51744137e-01 -7.51442487e+00
  3.18397316e+02] 7.518367443616123
[-3.04211887e+00  2.80436831e-03 -1.45774875e-01 -7.33851991e+00
  3.19797338e+02] 7.339968162703762
[-3.04495183e+00 -1.65785864e-01  6.98087094e-02 -7.49120366e+00
  3.19556984e+02] 7.493363096565951
[-3.14440793e+00 -8.16963849e-02  2.27710354e-01 -7.43493225e+00
  3.19282529e+02] 7.438867108710878
[-3.10966616e+00 -1.91094130e-02  1.24297553e-01 -7.52517609e+00
  3.17396520e+02] 7.526226830107819
[-3.02828976e+00  1.91738245e-02  1.72917928e-01 -7.20611281e+00
  3.17932270e+02] 7.20821268034039
[-3.05667835e+00 -1.36334879e-01  1.71566908e-01 -7.38107232e+00
  3.20504535e+02] 7.384324677733373
[-3.10090745e+00  9.37995600e-02  7.10203845e-02 -7.21174606e+00
  3.15802931e+02] 7.212705696491356
[-3.10859838e+00 -1.40037792e-01  2.37906708e-01 -7.17819869e+00
  3.17060211e+02] 7.18350517188464
[-3.14307074e+00 -2.31648099e-01  5.71952674e-02 -7.69545321e+00
  3.21095076e+02] 7.699151399209824
[-3.13587908e+00  1.02990728e-01  1.49299762e-01 -7.45639682e+00
  3.18215489e+02] 7.458602489431618
[-3.18556619e+00 -6.01067105e-02  9.64764007e-02 -7.27192370e+00
  3.14953401e+02] 7.27281202943253
[-3.06121898e+00  1.11944949e-01 -1.52861895e-01 -7.41642226e+00
  3.18714603e+02] 7.418842064518621
[-3.14081043e+00 -1.98143224e-01 -5.07975767e-02 -7.71742020e+00
  3.21168889e+02] 7.720130546092441
[-3.17125178e+00 -2.97078587e-01 -3.27180133e-02 -7.38170875e+00
  3.16027047e+02] 7.387756783304616
[-3.05536579e+00 -8.94859174e-02 -1.12050512e-01 -7.39008019e+00
  3.18675176e+02] 7.391471322283591
[-3.11917786e+00 -3.17521420e-01  1.84797210e-01 -7.26025501e+00
  3.16336985e+02] 7.269544187134485
[-3.02312477e+00  1.99016822e-01 -8.40162790e-02 -7.30382021e+00
  3.19168355e+02] 7.307014165872372
[-3.12971540e+00  1.96653376e-01  1.14432014e-01 -7.47838777e+00
  3.18345294e+02] 7.481848090448761
[-3.12580801e+00 -5.30087684e-02 -7.43309050e-02 -7.45680689e+00
  3.16127107e+02] 7.457365759943531
[-3.12829775e+00 -1.89826040e-01 -1.95142453e-01 -7.60845847e+00
  3.20198480e+02] 7.613327444506818
[-3.06538348e+00 -1.20403040e-01 -1.31422779e-01 -7.30088271e+00
  3.16392299e+02] 7.303058071592918
[-3.10973471e+00 -2.21356289e-02 -1.75409310e-01 -7.14383269e+00
  3.17690924e+02] 7.14602014660556
[-3.18736160e+00  1.64475495e-01 -3.51431971e-02 -7.40369864e+00
  3.17660376e+02] 7.405608737116494
[-3.09019059e+00  6.84569473e-02 -1.49009421e-01 -7.35031989e+00
  3.19258988e+02] 7.352148840983269
[-3.15948479e+00 -2.57428275e-02 -3.53263619e-02 -7.75454289e+00
  3.20675226e+02] 7.754666088183011
[-3.13892162e+00 -3.40422077e-01 -2.20227072e-02 -7.41293040e+00
  3.19614657e+02] 7.420775515693117
[-3.12877063e+00  2.31756925e-01 -1.04575749e-02 -7.61560048e+00
  3.21057562e+02] 7.619133242280493
[-3.01334795e+00  3.17835016e-02 -1.47720452e-01 -7.31892110e+00
  3.19236962e+02] 7.32048069463812
[-3.08270230e+00  1.07917374e-01 -8.68458414e-02 -7.32870197e+00
  3.18216507e+02] 7.330010979004861
[-3.10666955e+00 -6.33038069e-02  1.49548994e-02 -7.70577685e+00
  3.20430357e+02] 7.706051376274073
[-3.09622628e+00  3.09414999e-01 -9.58714287e-02 -7.61620652e+00
  3.20497433e+02] 7.623091937052312
[-3.19374645e+00 -1.71675249e-02 -3.29745045e-01 -7.39835556e+00
  3.19757102e+02] 7.405720185493995
[-3.15090860e+00 -1.76387094e-01 -1.50957316e-01 -7.30900016e+00
  3.17334007e+02] 7.312686503364429
[-3.20941630e+00 -3.89033154e-02 -9.57220012e-02 -7.32946058e+00
  3.18095181e+02] 7.330188845692379
[-3.18091831e+00 -1.34502489e-01  8.36346343e-02 -7.26586592e+00
  3.17823392e+02] 7.2675919853417
[-3.20735935e+00 -1.13053968e-01  1.18558642e-01 -7.78730597e+00
  3.20828489e+02] 7.7890289231260965
[-3.14278654e+00 -5.66371668e-02 -2.22292950e-01 -7.23020223e+00
  3.15406391e+02] 7.233840350576055
[-3.09442757e+00 -3.35369912e-01 -7.41632354e-02 -7.47213817e+00
  3.17162464e+02] 7.480028210220965
[-3.19074047e+00  6.41212880e-02  1.11949671e-01 -7.19895283e+00
  3.13879650e+02] 7.200108754600949
[-3.08993069e+00  2.31001649e-01 -1.40369497e-01 -7.08885840e+00
  3.16306138e+02] 7.094010064932749
[-3.06484185e+00  2.63403464e-01 -1.34354885e-01 -7.48250231e+00
  3.18378974e+02] 7.488342500581499
[-3.07697008e+00 -1.89046274e-02 -8.78829736e-02 -7.23018619e+00
  3.17384754e+02] 7.2307449947739135
[-3.09601639e+00  3.00511119e-02  3.92953920e-02 -7.50005023e+00
  3.19017902e+02] 7.500213374393792
[-3.10333711e+00  8.76142351e-02 -1.46766992e-01 -7.26786665e+00
  3.17220139e+02] 7.269876366826409
[-3.11977404e+00  1.05578716e-01  4.89243778e-02 -7.60356184e+00
  3.17704394e+02] 7.604452190235984
[-3.07870811e+00  1.10206813e-01  1.17681369e-02 -7.61543107e+00
  3.22139143e+02] 7.616237549723838
[-3.12115772e+00 -1.09433282e-01 -4.24633181e-02 -7.76592968e+00
  3.20655731e+02] 7.76681675457944
[-3.10800535e+00 -3.26221706e-01 -1.15245340e-01 -7.61908770e+00
  3.19671616e+02] 7.626939062004885
[-3.17850081e+00 -4.65695651e-02 -6.60662067e-02 -7.68810026e+00
  3.19744851e+02] 7.688525152938335
[-3.14508142e+00  1.92534161e-01 -1.05930323e-02 -7.52180904e+00
  3.18793476e+02] 7.524280222256401
[-3.12853911e+00  4.13293349e-02  1.57351969e-01 -7.63929071e+00
  3.19070413e+02] 7.641022854769539
[-3.16540527e+00 -4.95798517e-02  1.03261315e-01 -7.31175068e+00
  3.17729354e+02] 7.312647880584579
[-3.08332289e+00 -1.46009140e-01  3.41062652e-02 -7.10866760e+00
  3.14903939e+02] 7.110248727319833
[-3.18559518e+00 -1.21762648e-01  2.24570478e-01 -7.59189665e+00
  3.22007171e+02] 7.596193305269651
[-3.19975917e+00  2.04091964e-01  1.97188520e-01 -7.33977614e+00
  3.17293240e+02] 7.345260417173453
[-3.09841842e+00 -8.79065435e-02  4.82265704e-02 -7.52996778e+00
  3.16754969e+02] 7.530635303487571
[-3.12882454e+00 -2.26908751e-02  1.33355339e-02 -7.34254456e+00
  3.19442896e+02] 7.3425917294536776
[-3.14187907e+00  1.15435180e-01 -3.71028409e-01 -7.37021158e+00
  3.17018360e+02] 7.3804475575282416
[-3.16660868e+00 -1.21022607e-01  3.08079384e-01 -7.40095868e+00
  3.16641977e+02] 7.408356680288888
[-3.03158464e+00  2.02456936e-01  1.40191874e-02 -7.38992250e+00
  3.20277256e+02] 7.392708558945372
[-3.11300903e+00  3.44479767e-01  1.63795179e-01 -7.63177160e+00
  3.19446661e+02] 7.641297853698708
[-3.06574870e+00  1.59858620e-01 -3.68113855e-01 -7.22247909e+00
  3.15800378e+02] 7.23362058459439
[-3.07707695e+00 -2.74545347e-01  1.29323897e-02 -7.44828009e+00
  3.19043207e+02] 7.453349490750363
[-3.07190514e+00 -7.95460501e-02  1.78221277e-01 -7.59875561e+00
  3.19255338e+02] 7.6012615525852745
[-3.08923144e+00 -1.19121526e-01 -2.49295142e-01 -7.35933423e+00
  3.18371954e+02] 7.3645188792039304
[-3.04464663e+00  1.41098107e-01  3.27091072e-01 -7.21979085e+00
  3.17519789e+02] 7.228573656611341
[-3.18821498e+00  1.54099457e-02 -1.99201562e-01 -7.30450099e+00
  3.16948348e+02] 7.307232955037326
[-3.17598038e+00  1.71130736e-01  6.15576558e-02 -7.41959080e+00
  3.17821709e+02] 7.421819370097974
[-3.12101206e+00  2.00329907e-01 -2.44616000e-01 -7.12843925e+00
  3.15162321e+02] 7.135447796375923
[-3.16188907e+00  7.67510624e-02 -2.02024044e-01 -7.47659367e+00
  3.19103708e+02] 7.479716395419462
[-3.01669106e+00  2.73838397e-02  3.32060841e-01 -7.19194407e+00
  3.19940209e+02] 7.199657893564091
[-3.05377233e+00 -1.99199111e-01  1.63057875e-01 -7.84719460e+00
  3.23085691e+02] 7.85141587983003
[-3.15548928e+00 -4.74690203e-02  1.04541199e-01 -7.37091887e+00
  3.16882439e+02] 7.371813014056516
[-3.13495750e+00  2.65341897e-01 -6.91854742e-02 -7.46723895e+00
  3.17369017e+02] 7.472272114048618
[-3.11594525e+00  2.80433035e-02 -1.98364743e-01 -7.55386236e+00
  3.15971911e+02] 7.556518479339138
[-3.05468597e+00 -1.89691886e-01  8.40302417e-02 -7.61317234e+00
  3.20191160e+02] 7.615998762805857
[-3.08005518e+00 -3.85123991e-02  7.79031536e-02 -7.56207402e+00
  3.20243762e+02] 7.56257334889428
[-3.22770373e+00  2.60991906e-01  4.86333283e-02 -7.47568895e+00
  3.17638490e+02] 7.480401546243986
[-3.06795168e+00  9.63138662e-02  4.52540321e-02 -7.28654849e+00
  3.18817974e+02] 7.2873255147952305
[-3.13961572e+00  5.21842363e-01  1.14078085e-01 -7.48665090e+00
  3.21501215e+02] 7.505682839603565
[-3.10748149e+00 -1.05901741e-01  1.06477499e-02 -7.39827707e+00
  3.19015468e+02] 7.399042651369535
[-3.12798936e+00 -1.08743182e-02  2.37518482e-01 -7.45600096e+00
  3.15769010e+02] 7.459791119154913
[-3.14130050e+00 -1.40437408e-01 -1.18147222e-02 -7.91773530e+00
  3.22463899e+02] 7.918989493683513
[-3.08003932e+00  1.09431433e-01  7.48852142e-03 -7.56150239e+00
  3.19713246e+02] 7.562297915232328
[-3.11547935e+00  1.58110271e-01  5.93892069e-03 -7.69451658e+00
  3.18616814e+02] 7.696143154911609
[-3.14380824e+00 -1.65330017e-01 -4.27495907e-03 -7.50633119e+00
  3.20580996e+02] 7.508152915574525
[-3.12287357e+00  1.94008259e-01  3.61806599e-02 -7.21042680e+00
  3.16133762e+02] 7.213127127168878
[-3.15042321e+00 -6.68128618e-03  1.08124643e-01 -7.41115099e+00
  3.18447280e+02] 7.411942697938789
[-3.09206300e+00 -5.36700201e-02 -1.82712177e-01 -7.14570691e+00
  3.16561376e+02] 7.14824394022241
[-3.10784860e+00 -5.95555841e-02 -9.83854608e-02 -7.37823691e+00
  3.19123350e+02] 7.379133174654533
[-3.18821206e+00 -1.11540579e-01  1.47628339e-01 -7.54812065e+00
  3.20995058e+02] 7.550388121191401
[-3.15424429e+00  4.20831429e-02 -8.47299672e-02 -7.38161356e+00
  3.17830305e+02] 7.382219783909706
[-3.13265525e+00  1.21001149e-01 -3.20921826e-01 -7.35818407e+00
  3.17864564e+02] 7.366173017291513
[-3.12389654e+00 -1.93196146e-01  1.41139999e-01 -7.27482882e+00
  3.16751001e+02] 7.278762234184242
[-3.15603247e+00 -1.44317188e-02 -8.43533841e-02 -7.37829746e+00
  3.18141957e+02] 7.3787937435653514
[-3.15348991e+00  4.94241652e-02 -2.86075476e-01 -7.41929964e+00
  3.18827164e+02] 7.4249773803229715
[-3.19865813e+00 -1.71483788e-01  7.75800538e-02 -7.38403473e+00
  3.15705557e+02] 7.3864331175175835
[-3.05730872e+00 -1.77907786e-01 -1.75159862e-01 -7.48274923e+00
  3.17833345e+02] 7.48691312502721
[-3.15016582e+00 -2.37586753e-01 -7.30658552e-02 -7.70932162e+00
  3.19520539e+02] 7.713327807513742
[-3.04575765e+00  2.73434559e-02 -2.60444476e-01 -7.56795185e+00
  3.20843642e+02] 7.572481377725155
[-3.11023048e+00 -5.53962905e-02  1.86238235e-01 -7.45687457e+00
  3.18790044e+02] 7.459405587813033
[-3.18364445e+00  1.22665006e-01  1.72113602e-01 -7.51612567e+00
  3.19205997e+02] 7.5190966833343005
[-3.08161200e+00  6.02116551e-02 -3.02867605e-02 -7.08736273e+00
  3.15065528e+02] 7.087683205869635
[-3.09595756e+00  2.72293454e-01 -5.61953642e-02 -7.42078678e+00
  3.20468169e+02] 7.42599340445728
[-3.14931190e+00 -1.42606550e-01  1.36230921e-01 -7.47292680e+00
  3.19381940e+02] 7.47552877807264
[-3.05808751e+00 -1.86566221e-01 -2.63705951e-01 -7.48992322e+00
  3.21005766e+02] 7.496885859951611
[-3.12367557e+00 -3.12412882e-01  2.62659000e-01 -7.49432835e+00
  3.18555161e+02] 7.505434629998018
[-3.13643518e+00  9.59279267e-02  1.78200190e-01 -7.46282885e+00
  3.17800299e+02] 7.465572442614165
[-3.04850898e+00  2.17716958e-01  8.57492611e-02 -7.64879618e+00
  3.20280395e+02] 7.652374569170734
[-3.15969022e+00  2.45092302e-01  1.82357317e-01 -7.57483248e+00
  3.19466448e+02] 7.580990140281398
[-3.07793786e+00 -1.67320940e-01 -2.98055561e-01 -7.55170802e+00
  3.19140090e+02] 7.559439623133869
[-3.17815687e+00  2.80523792e-01 -3.58998247e-01 -7.46197451e+00
  3.18041736e+02] 7.475870315855295
[-3.08191123e+00 -2.67760637e-01 -1.63976401e-01 -7.67309086e+00
  3.19920684e+02] 7.679512178866405
[-3.10232321e+00  3.57883712e-02 -1.03146551e-01 -7.04692713e+00
  3.17727055e+02] 7.047772841781114
[-3.16688993e+00  2.36097506e-02 -2.21390474e-01 -7.56582295e+00
  3.18315614e+02] 7.569098230176866
[-3.12034778e+00  9.38271059e-02  1.89468666e-01 -7.20329197e+00
  3.16769970e+02] 7.2063941821917465
[-3.16483290e+00 -2.00586209e-01  1.01279841e-01 -7.35540174e+00
  3.18344858e+02] 7.358833274597848
[-3.08816881e+00  8.48828276e-03  3.29877403e-02 -7.61732229e+00
  3.19763621e+02] 7.617398449494969
[-3.19025589e+00  9.29663138e-02  5.02895487e-02 -7.30511903e+00
  3.15978232e+02] 7.305883640564118
[-3.12532853e+00  9.58867429e-02 -9.71856157e-02 -7.47512358e+00
  3.15497957e+02] 7.476370227723217
[-3.11320704e+00 -1.31717930e-01  8.60502096e-02 -7.61762660e+00
  3.18809057e+02] 7.619251224798295
[-3.16082336e+00  1.95628627e-01 -2.53238135e-02 -7.16814626e+00
  3.15611230e+02] 7.170859970496284
[-3.12257857e+00 -2.20042657e-02 -3.53948568e-01 -7.67993510e+00
  3.22358950e+02] 7.688118556906024
[-3.06530779e+00  7.53092776e-02 -3.70088952e-02 -7.25238219e+00
  3.16939480e+02] 7.252867613234738
[-3.11211517e+00  5.05127251e-02 -3.26753650e-01 -7.76624111e+00
  3.19931000e+02] 7.773276041825717
[-2.99104818e+00 -1.79618152e-02 -4.11482973e-02 -7.30699149e+00
  3.19226898e+02] 7.307129422215558
[-3.07168077e+00  2.86213155e-01 -1.48534226e-01 -7.52089140e+00
  3.15919875e+02] 7.527801000164335
[-3.03638280e+00 -1.29798606e-01 -5.04102147e-03 -7.33599114e+00
  3.17949506e+02] 7.337141069726321
[-3.14375295e+00  1.35481821e-01  8.18618190e-02 -7.63182224e+00
  3.20316513e+02] 7.633463651809312
[-3.08566753e+00 -5.74482206e-02 -5.09232244e-02 -7.41695379e+00
  3.17696141e+02] 7.417351073178707
[-3.06223960e+00 -8.22686490e-02  2.22556075e-01 -7.49864153e+00
  3.18377902e+02] 7.5023945596520845
[-3.09371621e+00  1.44354651e-02  3.31813907e-01 -7.58435304e+00
  3.19400795e+02] 7.591621693311719
[-3.16721896e+00 -3.52293635e-01 -1.08764002e-01 -7.66636860e+00
  3.18094226e+02] 7.675229505720383
[-3.13672799e+00  1.40855918e-01 -1.28312618e-01 -7.23251671e+00
  3.15427526e+02] 7.235026085553011
[-3.09819841e+00 -3.87284435e-01  1.35464732e-02 -7.75545257e+00
  3.22387857e+02] 7.76512829084448
[-3.15774837e+00  1.11107901e-01  1.25326511e-01 -7.26547991e+00
  3.16134978e+02] 7.267410130038532
[-3.07846169e+00 -1.80870301e-01 -2.67185726e-01 -7.43982046e+00
  3.18411943e+02] 7.4468134663206715
[-3.27357520e+00 -9.46771455e-02  1.43091154e-02 -7.63649991e+00
  3.16530222e+02] 7.637100196948691
[-3.16782586e+00 -2.17662418e-01  9.76406996e-02 -7.49901452e+00
  3.18103770e+02] 7.502808098765758
[-3.16766847e+00  2.63815383e-01  2.66765979e-01 -7.46519842e+00
  3.16671953e+02] 7.474620393064681
[-3.14205485e+00  2.30478223e-01 -1.67231063e-01 -7.48049490e+00
  3.18423449e+02] 7.4859127973039215
[-3.17248761e+00 -1.28664335e-01 -8.03217328e-02 -7.34829828e+00
  3.15060021e+02] 7.34986351298005
[-3.02734828e+00 -2.48022501e-02  8.22272226e-02 -7.49901741e+00
  3.22371444e+02] 7.499509224920182
[-3.18675708e+00 -6.19210857e-02 -1.53938158e-01 -7.60901417e+00
  3.20814105e+02] 7.610823067205013
[-3.12712907e+00 -5.52421194e-02 -5.28730286e-02 -7.67168340e+00
  3.21312812e+02] 7.67206448826358
[-3.08560609e+00 -2.85103134e-01 -2.32312029e-01 -7.45600622e+00
  3.19848820e+02] 7.46507075541299
[-3.17835516e+00  1.26972473e-01  1.95638742e-01 -7.44791357e+00
  3.17602715e+02] 7.451564467427218
[-3.18418629e+00  1.67015745e-01  4.23500796e-03 -7.47092079e+00
  3.18848037e+02] 7.472788613542542
[-3.21911294e+00 -2.25567453e-01  1.74011983e-01 -7.58603820e+00
  3.20151705e+02] 7.591385675155227
[-3.06673253e+00  4.82658382e-01  5.74703578e-02 -7.70489794e+00
  3.20366033e+02] 7.720214644991525
[-3.08715950e+00 -9.33464619e-02  1.01281734e-01 -7.33652207e+00
  3.18268811e+02] 7.3378149057134285
[-3.15728950e+00 -4.24740333e-02 -2.17736613e-01 -7.69935805e+00
  3.17808988e+02] 7.702553323832352
[-3.11650213e+00  2.14645960e-01 -1.51932526e-01 -7.35889560e+00
  3.18018011e+02] 7.363592924781727
[-3.06260120e+00 -3.31016048e-02  8.31848637e-02 -7.29105556e+00
  3.19664634e+02] 7.291605220137231
[-3.04395598e+00  1.03468630e-02  3.19805833e-01 -7.47390510e+00
  3.20985087e+02] 7.4807513149935545
[-3.10490724e+00 -5.92144818e-02  4.99415625e-01 -7.39921824e+00
  3.17925243e+02] 7.416289696061578
[-3.03260788e+00  1.85334381e-01 -1.42259225e-01 -7.37899117e+00
  3.19876747e+02] 7.382689027138036
[-3.14279714e+00 -2.10444031e-01  1.74838296e-01 -7.33532051e+00
  3.16641581e+02] 7.340421115030094
[-3.14223125e+00  1.59247210e-01 -3.25849282e-01 -7.29745645e+00
  3.15060046e+02] 7.306463441880419
[-3.20375835e+00 -1.06168776e-01 -2.21345408e-01 -7.79230986e+00
  3.20724076e+02] 7.796175892122252
[-3.12782502e+00 -1.18513281e-02 -4.97641790e-02 -7.65630048e+00
  3.20169160e+02] 7.656471378941506
[-3.19327850e+00  1.23869784e-01  2.10579462e-02 -7.86990127e+00
  3.22208812e+02] 7.870904217086735
[-3.15469831e+00  4.88886200e-02 -6.13476504e-02 -7.38762470e+00
  3.18611872e+02] 7.388041165813548
[-3.13719743e+00 -9.59848698e-02 -2.18586965e-01 -7.44592604e+00
  3.18608966e+02] 7.449752207156986
[-3.11990864e+00 -2.00382654e-01 -1.30837202e-01 -7.45385389e+00
  3.18387857e+02] 7.457694639357083
[-3.18613248e+00 -1.77102635e-02 -2.64158568e-01 -7.35749843e+00
  3.17561167e+02] 7.36226028506443
[-3.09681432e+00 -3.13339262e-01 -2.55863958e-01 -7.30114539e+00
  3.16160104e+02] 7.312343802673224
[-3.12899885e+00  6.68152240e-02  3.18383281e-02 -7.18689134e+00
  3.17345146e+02] 7.187272439496139
[-3.16282389e+00 -1.42983728e-01 -1.35272378e-01 -7.43664531e+00
  3.20075869e+02] 7.43924972265236
[-3.10853253e+00  3.16335787e-01  2.31709312e-01 -7.24984513e+00
  3.18349941e+02] 7.260441585119023
[-3.10155178e+00 -1.58102718e-01 -4.07061474e-02 -7.14135537e+00
  3.15584902e+02] 7.143221261708722
[-3.12439988e+00 -1.91547236e-01 -1.21576015e-01 -7.51115078e+00
  3.20664653e+02] 7.514576305673441
[-3.11320794e+00  1.80851111e-01  1.06668030e-01 -7.66536985e+00
  3.20917606e+02] 7.6682449142704465
[-3.13110853e+00  5.56382204e-03 -5.13713509e-02 -7.64828129e+00
  3.18857865e+02] 7.648455838579332
[-3.12643949e+00  2.08485948e-01  1.14346371e-01 -7.43618261e+00
  3.19188266e+02] 7.4399834240715625
[-3.17466106e+00  5.73355181e-02  3.63095906e-01 -7.20453763e+00
  3.14670236e+02] 7.213909378830282
[-3.09198159e+00  8.12372186e-02 -2.83301221e-02 -7.42390190e+00
  3.20329844e+02] 7.424400415305659
[-3.10193948e+00 -1.80461335e-01 -7.88748391e-03 -7.27525277e+00
  3.17060286e+02] 7.27749485452513
[-3.07838236e+00  2.54769638e-01  1.21848204e-02 -7.44136635e+00
  3.16756709e+02] 7.4457363111410775
[-3.06491907e+00 -2.62648427e-01  1.55978936e-01 -7.36372444e+00
  3.17754771e+02] 7.370057750542225
[-3.11044833e+00 -1.99232392e-02 -2.71052050e-01 -7.60438983e+00
  3.20413998e+02] 7.609245087507782
[-3.06773240e+00 -1.41544780e-03  2.19477745e-01 -7.63837230e+00
  3.21976947e+02] 7.641524975328272
[-3.05164906e+00  2.07129406e-01  1.23708435e-02 -7.82211333e+00
  3.23278897e+02] 7.824865023389977
[-3.14853301e+00  7.11128740e-02 -1.60288351e-01 -7.46362703e+00
  3.18610523e+02] 7.46568670041975
[-3.18003022e+00 -1.91435005e-01  1.19472922e-01 -7.36238083e+00
  3.17114687e+02] 7.365838214823113
[-3.12766420e+00 -2.02897130e-02 -6.26861110e-02 -7.16937958e+00
  3.15292914e+02] 7.169682337901186
[-3.07345336e+00 -6.76795402e-02 -1.35977744e-01 -7.30772866e+00
  3.18279373e+02] 7.309306984109274
[-3.14455387e+00 -3.14255213e-01  1.55894553e-01 -7.53463095e+00
  3.18939279e+02] 7.5427927895290425
[-3.16379349e+00  3.61362789e-01 -5.94924716e-02 -7.59808807e+00
  3.18707691e+02] 7.606909014534976
[-3.07364083e+00  2.70999939e-01 -3.30849433e-02 -7.10559961e+00
  3.14713353e+02] 7.1108425204187204
[-3.05122031e+00  2.53881161e-01 -1.37561587e-01 -7.40386383e+00
  3.18645172e+02] 7.409492457261249
[-3.22196305e+00 -8.80449253e-05  1.12472996e-01 -7.26413578e+00
  3.16197368e+02] 7.265006459818473
[-3.12771587e+00 -1.97154417e-01 -5.29061252e-02 -7.27331389e+00
  3.16594696e+02] 7.276177829840698
[-3.11574026e+00  1.12943173e-01  2.44698526e-01 -7.57361730e+00
  3.17720932e+02] 7.5784109463496305
[-3.09953025e+00  3.07340749e-02  2.26742725e-01 -7.24235364e+00
  3.17238807e+02] 7.245967364281562
[-3.06998538e+00  1.00384997e-02  1.77674531e-01 -7.40870313e+00
  3.18530327e+02] 7.410840104650718
[-3.09766980e+00 -1.15025619e-01  1.09788427e-01 -7.71038425e+00
  3.19488018e+02] 7.712023706991249
[-3.16780534e+00 -1.90127715e-01 -2.02000265e-01 -7.57523291e+00
  3.18725505e+02] 7.580310430954541
[-3.18118681e+00  5.89549725e-02 -1.84576079e-01 -7.69381013e+00
  3.18891081e+02] 7.696249626505701
[-3.15983161e+00  2.36383922e-01  9.82267238e-02 -7.55282119e+00
  3.20293348e+02] 7.5571577803740215
[-3.08711154e+00 -1.23548376e-01  2.19449280e-02 -7.60284187e+00
  3.19823964e+02] 7.603877323124817
[-3.02965089e+00 -2.33733685e-02 -1.05163829e-01 -7.29657017e+00
  3.18299632e+02] 7.297365411172597
[-3.18983223e+00  2.26896956e-02  3.03272049e-01 -7.59091186e+00
  3.20472817e+02] 7.597001492127116
[-3.11604879e+00  1.63682274e-01  3.43197560e-01 -7.32240632e+00
  3.19550026e+02] 7.3322718738315835
[-3.09834771e+00 -3.15066231e-01  2.28480166e-02 -7.52296540e+00
  3.18331449e+02] 7.529594754767061
[-3.08254940e+00  1.88724747e-01  7.13786536e-02 -7.44798560e+00
  3.19295868e+02] 7.450718178800898
[-3.13177642e+00  4.25886188e-02 -4.82158701e-02 -7.53260764e+00
  3.18251578e+02] 7.5328823403360925
[-3.16286469e+00 -7.81822776e-02 -7.72684750e-02 -7.43893087e+00
  3.14348471e+02] 7.439742960848484
[-3.09556602e+00  1.80729581e-04  2.18683624e-01 -7.19100497e+00
  3.19047511e+02] 7.194329366490166
[-3.15205774e+00  8.77555758e-02 -5.21758303e-02 -7.73620797e+00
  3.17381278e+02] 7.736881618932328
[-3.13442645e+00  2.10632364e-01  2.03320979e-02 -7.41139221e+00
  3.16979693e+02] 7.414412579851645
[-3.19173129e+00  2.00737222e-02  1.10682523e-01 -7.43345729e+00
  3.18036992e+02] 7.434308362533738
[-3.07904850e+00  2.94305906e-01 -4.84884897e-02 -7.63795033e+00
  3.19252089e+02] 7.643772125076019
[-3.23443547e+00  1.31577254e-01  6.55149829e-02 -7.61883031e+00
  3.15329824e+02] 7.6202480345753205
[-3.06519389e+00 -1.14932468e-01 -1.85371229e-01 -7.46605891e+00
  3.19525316e+02] 7.469244115564048
[-3.14239889e+00  1.91705797e-01  1.39292913e-01 -7.22511823e+00
  3.15670992e+02] 7.229003185850757
[-3.07685765e+00  2.14481120e-01 -1.46137666e-01 -7.24958338e+00
  3.19448310e+02] 7.254227565383568
[-3.07664755e+00  1.00709505e-01 -3.14293219e-01 -7.36772120e+00
  3.19701833e+02] 7.375109374419326
[-3.16580526e+00  7.74693709e-02  2.93693110e-02 -7.68258154e+00
  3.21200529e+02] 7.683028256928265
[-3.11464588e+00  5.09537417e-02 -1.65454363e-01 -7.63566552e+00
  3.19650726e+02] 7.637627858999459
[-3.17024293e+00 -2.23546723e-02  7.65987808e-02 -7.66180931e+00
  3.18112049e+02] 7.662224808774857
[-3.25608462e+00  2.38963041e-01 -1.98963644e-01 -7.58082431e+00
  3.19919752e+02] 7.587198898315903
[-3.08581876e+00 -1.68422507e-01  9.51121889e-02 -7.24288351e+00
  3.16217148e+02] 7.245465755458258
[-3.13558603e+00  2.39883819e-01 -1.48045721e-01 -7.34632541e+00
  3.17692873e+02] 7.351731692074632
[-3.09496623e+00  6.34381260e-02  6.73943062e-02 -7.23697676e+00
  3.18057994e+02] 7.237568586238398
[-3.00785420e+00  1.95955480e-01 -3.39670856e-01 -7.35394588e+00
  3.19447737e+02] 7.364393723598315
[-3.02866244e+00  2.06199748e-01  1.19610074e-01 -7.18485857e+00
  3.16161345e+02] 7.188811971153266
[-3.14806103e+00 -1.45328834e-01 -1.02269857e-02 -7.11152325e+00
  3.16047823e+02] 7.11301539618927
[-3.12277851e+00  1.49058979e-01  8.61571782e-02 -7.31403171e+00
  3.16638775e+02] 7.316057782393116
[-3.16371535e+00  1.92885142e-01  5.10993214e-02 -7.39516189e+00
  3.16118683e+02] 7.397853414876649
[-3.20890531e+00  8.26889475e-02 -1.49562094e-01 -7.54212025e+00
  3.18018764e+02] 7.544056208378482
[-3.12349433e+00  4.45870682e-01  5.87691753e-02 -7.12723515e+00
  3.15453023e+02] 7.141409902973529
[-3.05966806e+00  5.32222210e-02 -2.76384086e-01 -7.36962949e+00
  3.17721462e+02] 7.3750023417801644
[-3.09610516e+00  1.02247329e-01 -6.48077609e-03 -7.50063702e+00
  3.20613334e+02] 7.5013366981616985
[-3.12252704e+00 -1.01020277e-01 -1.95925183e-01 -7.48773920e+00
  3.19277061e+02] 7.490983249750291
[-3.12882561e+00  1.73171546e-01 -2.27167988e-01 -7.49014053e+00
  3.17204653e+02] 7.495585293233894
[-3.14716406e+00 -1.56305309e-01  1.78837618e-01 -7.62249672e+00
  3.20354463e+02] 7.626196329456674
[-3.04803292e+00  1.87069145e-01 -1.21366834e-01 -7.19647405e+00
  3.17777804e+02] 7.1999280246526185
[-3.18194764e+00 -2.67635466e-01 -5.05652430e-02 -7.57156658e+00
  3.19599073e+02] 7.576463958152413
[-3.10575948e+00  3.64302495e-01  2.77335472e-01 -7.60916465e+00
  3.21195872e+02] 7.6229271266893575
[-3.06812783e+00  8.51867967e-03  2.63598404e-01 -7.52524804e+00
  3.19174913e+02] 7.529868178431746
[-3.16803460e+00  2.25063588e-01  1.60088634e-01 -7.36808199e+00
  3.19249026e+02] 7.373256688145001
[-3.10940992e+00 -1.07800499e-01  3.74482069e-01 -7.36350564e+00
  3.16179050e+02] 7.373809944148464
[-3.09066494e+00  1.04460995e-01 -4.09849803e-02 -7.57631281e+00
  3.19331802e+02] 7.577143769493678
[-3.08754638e+00  7.92618370e-02 -3.65205809e-02 -7.44090891e+00
  3.17990715e+02] 7.441420669995399
[-3.20431472e+00 -9.34376387e-02  8.77922851e-02 -7.61946334e+00
  3.18517476e+02] 7.620541950077374
[-3.14482149e+00  3.49854723e-03 -3.79156899e-01 -7.53666922e+00
  3.17859660e+02] 7.546201373842579
[-3.12797342e+00  6.81761535e-02  2.74452123e-01 -7.42887293e+00
  3.18659357e+02] 7.434253493854997
[-3.20373168e+00 -8.43964756e-02  2.13287142e-01 -7.58294429e+00
  3.20205597e+02] 7.586412742708432
[-3.17569069e+00 -4.79707227e-02 -1.82392595e-01 -7.49531506e+00
  3.16747382e+02] 7.497687378879875
[-3.22738074e+00 -8.14653583e-02  2.93402484e-01 -7.52544619e+00
  3.18220343e+02] 7.531604215292101
[-3.09369297e+00 -4.50272169e-01  1.69994236e-01 -7.62372589e+00
  3.18322864e+02] 7.63890303040159
[-3.11541906e+00  2.57314580e-01  2.31903102e-01 -7.44271854e+00
  3.18903015e+02] 7.450775065446192
[-3.09209575e+00 -7.02203886e-02  1.14250352e-01 -7.47376141e+00
  3.19082532e+02] 7.474964461129714
[-3.11113907e+00 -4.07810026e-01 -2.53876848e-01 -7.48020093e+00
  3.17093671e+02] 7.495609940080763
[-3.03744114e+00  1.00893626e-02 -5.17020614e-02 -7.32684474e+00
  3.19155710e+02] 7.327034106035834
[-3.05789247e+00  3.84201280e-01 -2.31942523e-01 -7.55065209e+00
  3.18632169e+02] 7.563977451602362
[-3.19015595e+00 -3.07384397e-03 -3.17998129e-01 -7.59442481e+00
  3.18246376e+02] 7.601080215162489
[-3.25621410e+00 -5.37999965e-01 -2.56180717e-02 -7.42655777e+00
  3.17130958e+02] 7.446063425304739
[-3.18703153e+00 -1.71031408e-01  1.26654868e-01 -7.42555400e+00
  3.16827372e+02] 7.428603188940888
[-3.09917137e+00 -5.36142847e-02  9.85561321e-02 -7.68282457e+00
  3.18963467e+02] 7.683643739993584
[-3.11025648e+00  1.27784535e-01  6.02406304e-02 -7.30718797e+00
  3.17850156e+02] 7.308553475132748
[-3.05329851e+00  1.18185356e-01  1.79468406e-03 -7.11933094e+00
  3.16922898e+02] 7.120312077717421
[-3.14924262e+00 -9.63356345e-02  1.76988511e-01 -7.64922440e+00
  3.19866228e+02] 7.651878167001203
[-3.11425537e+00  1.20751886e-01 -1.77833104e-01 -7.50742595e+00
  3.18227584e+02] 7.510502650432465
[-3.11165810e+00  4.45610706e-02 -1.57001732e-01 -7.69475048e+00
  3.19269979e+02] 7.696481024438177
[-3.16792701e+00  2.21878274e-01 -1.16090466e-01 -7.57779941e+00
  3.21219506e+02] 7.581935825758412
[-3.15632791e+00 -9.31905001e-02  5.31568207e-02 -7.51223333e+00
  3.17934649e+02] 7.512999387382564
[-3.08333460e+00 -3.12949255e-01  2.63199630e-02 -7.28160228e+00
  3.16009604e+02] 7.288371683108336
[-3.09834590e+00  3.72690003e-03 -7.34423565e-02 -7.43155638e+00
  3.17711460e+02] 7.431920198849752
[-3.08038659e+00 -1.42552569e-01  2.50403810e-01 -7.34388248e+00
  3.14753642e+02] 7.3495328538568145
[-3.14238942e+00  1.25349407e-01  4.75086991e-01 -7.74855700e+00
  3.20528102e+02] 7.764119765354022
[-3.08309440e+00  4.43514005e-02 -2.33146616e-01 -7.25643390e+00
  3.18665849e+02] 7.260313862567896
[-3.10998072e+00  6.22882989e-02 -2.93171992e-02 -7.57883405e+00
  3.19047086e+02] 7.579146707621912
[-3.16198861e+00  7.18292543e-02 -1.02654342e-01 -7.63432181e+00
  3.19447802e+02] 7.635349821003905
[-3.02442973e+00  2.26791275e-02 -1.98525752e-01 -7.20279821e+00
  3.16763974e+02] 7.2055692967457725
[-3.15334028e+00 -7.96949807e-02  9.42916565e-03 -7.29013893e+00
  3.19320143e+02] 7.290580620330176
[-3.07923842e+00  5.24120518e-02  1.94300821e-01 -7.28242967e+00
  3.15777961e+02] 7.285209791312589
[-3.11381067e+00  1.99441204e-01  2.36459395e-01 -7.29665392e+00
  3.16505403e+02] 7.303208085145401
[-3.08430718e+00 -2.49889789e-01  1.85894897e-01 -7.21891793e+00
  3.17155975e+02] 7.225633386441022
[-3.17329634e+00  2.35952683e-01  1.46244434e-01 -7.69511953e+00
  3.20438692e+02] 7.700125038708318
[-3.09333501e+00  4.11544207e-02 -1.68536261e-01 -7.51260384e+00
  3.17466198e+02] 7.514606753608881
[-3.05226598e+00 -3.28900165e-01  1.52112739e-01 -7.57696681e+00
  3.20539962e+02] 7.585627173477738
[-3.11668067e+00  8.46795376e-02 -1.49433230e-01 -7.48970323e+00
  3.19055383e+02] 7.491672401889455
[-3.17071933e+00  3.06583370e-01 -2.19632558e-01 -7.55590263e+00
  3.18759075e+02] 7.565308738225476
[-3.08947069e+00  3.09713966e-01  1.97726506e-02 -7.48341548e+00
  3.19522656e+02] 7.489847853660194
[-3.13795462e+00 -1.49989450e-01 -2.06700795e-01 -7.55637160e+00
  3.19390408e+02] 7.5606860680680565
[-3.07874698e+00  5.51620373e-02  2.09155851e-02 -7.84626886e+00
  3.21354332e+02] 7.84649064318598
[-3.03754122e+00 -1.71291930e-01  3.54746567e-01 -7.57248702e+00
  3.21408067e+02] 7.582726802292122
[-3.12423101e+00 -8.52449038e-03  4.15870958e-01 -7.52587910e+00
  3.20911023e+02] 7.537365423070251
[-3.15241835e+00 -7.23948231e-03  1.02810433e-01 -7.22384847e+00
  3.17308633e+02] 7.224583667097362
[-3.19161457e+00  2.14932158e-01 -2.11302936e-01 -7.42692691e+00
  3.18975819e+02] 7.433040294521502
[-3.12977220e+00 -1.27308126e-01 -1.12979816e-01 -7.30078181e+00
  3.17540689e+02] 7.3027656967276435
[-3.11357853e+00 -9.65257555e-02 -5.08117569e-02 -7.62365305e+00
  3.22902802e+02] 7.624433412726306
[-3.02009426e+00  1.51643609e-01 -3.22613590e-03 -7.24251863e+00
  3.17886752e+02] 7.244106726766107
[-3.16996250e+00 -3.02397532e-01  1.43835675e-01 -7.44360050e+00
  3.19192742e+02] 7.451128869780396
[-3.07513607e+00  2.13855095e-01 -4.60038848e-03 -7.20352488e+00
  3.18712381e+02] 7.2067000629456395
[-3.17866777e+00  1.87403471e-01 -1.73507484e-01 -7.66062577e+00
  3.21508228e+02] 7.664881741832244
[-3.14648052e+00 -9.59363114e-02 -1.17901982e-01 -7.76463875e+00
  3.20537390e+02] 7.766126420934162
[-3.12221693e+00  1.37604867e-01 -1.49050570e-02 -7.65829213e+00
  3.20616812e+02] 7.659542782925469
[-3.10758270e+00 -1.07123610e-01  1.14248107e-01 -7.47370770e+00
  3.16233603e+02] 7.4753484807227855
[-3.08893874e+00 -6.42453737e-02  9.05227581e-02 -7.71939056e+00
  3.22097852e+02] 7.720188627564114
[-3.17274208e+00 -9.25966975e-02 -1.45849121e-01 -7.29704607e+00
  3.18077412e+02] 7.299090861361074
[-3.19588902e+00 -3.84334857e-01 -2.43525082e-01 -7.52714691e+00
  3.18690465e+02] 7.540885777624776
[-3.17227573e+00 -3.49159178e-02 -9.40310097e-02 -7.45313496e+00
  3.18603937e+02] 7.453809881202984
[-3.18020953e+00  1.42460473e-02 -8.52894567e-03 -7.17494867e+00
  3.16210342e+02] 7.174967879401137
[-3.12804179e+00 -1.63555533e-01 -1.53671782e-01 -7.75289598e+00
  3.23477140e+02] 7.756143464902325
[-3.09624062e+00 -1.19076842e-01  1.41225884e-01 -7.22653188e+00
  3.17769351e+02] 7.22889251485252
[-3.15390127e+00 -1.09391853e-02  6.77896737e-02 -7.75931004e+00
  3.21486818e+02] 7.75961387152649
[-3.01691526e+00  8.65340555e-02  2.17818733e-01 -7.26961673e+00
  3.15944239e+02] 7.273394017863685
