/mnt/stage/douwei/Simulation/5kt_root/2MeV/5kt_-7.40_1.root
[-3.12796778e+00  2.82036581e-01  4.67749463e-02 -7.45403122e+00
  3.19774686e+02] 7.459511647772228
[-3.19586866e+00 -9.54197306e-02 -8.51464148e-02 -7.29403717e+00
  3.15495560e+02] 7.295158190599731
[-3.14444838e+00 -2.71053094e-01  2.48070943e-01 -7.68299924e+00
  3.20044457e+02] 7.691780439065796
[-3.14342221e+00 -6.36972166e-02  1.41838592e-01 -7.62784826e+00
  3.20043020e+02] 7.629432780164183
[-3.13347144e+00 -9.47818911e-02 -1.98425547e-01 -7.34726330e+00
  3.18295038e+02] 7.350553335443631
[-3.12037529e+00  2.11775895e-01  8.56132182e-02 -7.63309936e+00
  3.20509189e+02] 7.636516516000256
[-3.16440955e+00 -1.91794274e-01 -6.05171256e-02 -7.58641105e+00
  3.21382897e+02] 7.589076359795059
[-3.08926929e+00 -1.96232267e-01  3.88210386e-02 -7.48465774e+00
  3.20144959e+02] 7.487330343197001
[-3.01766252e+00  1.83687452e-01 -5.56486228e-02 -7.32719412e+00
  3.20030065e+02] 7.329707464558449
[-3.07702580e+00  7.52837812e-02 -1.12006455e-01 -7.32969972e+00
  3.18267609e+02] 7.330942027248681
[-3.11201850e+00  8.53290027e-02  9.51934015e-02 -7.09566589e+00
  3.17099743e+02] 7.096817398778239
[-3.06571505e+00 -2.02919666e-01 -1.30608995e-01 -7.35211771e+00
  3.18021630e+02] 7.356077072585913
[-3.08128278e+00 -6.18660065e-03  6.69547076e-02 -7.31146094e+00
  3.16722995e+02] 7.311770118788274
[-3.11830499e+00  1.45743879e-01 -7.87204236e-02 -7.43545148e+00
  3.19250103e+02] 7.437296341516424
[-3.09027410e+00 -1.03156424e-01 -8.59293207e-02 -7.42601696e+00
  3.18834760e+02] 7.427230509302478
[-3.09635926e+00 -1.30466496e-01 -7.41378043e-02 -7.50308952e+00
  3.20043633e+02] 7.50458994958055
[-3.16744452e+00 -2.07714862e-01  7.57336240e-03 -7.28183195e+00
  3.15411386e+02] 7.28479782574203
[-3.03125137e+00 -6.72126535e-02  1.64806238e-01 -7.50134223e+00
  3.18598710e+02] 7.503453467276033
[-3.15033018e+00  8.13317623e-02  9.72075778e-02 -7.73889233e+00
  3.19561167e+02] 7.739930145389431
[-3.09605172e+00  2.23740377e-01 -2.01848231e-01 -7.44568966e+00
  3.17811664e+02] 7.451784820634452
[-3.14705034e+00  7.54417510e-02  2.89639237e-01 -7.79189095e+00
  3.20699758e+02] 7.797637266157473
[-3.15663382e+00  6.69844588e-02  2.29022228e-01 -7.51302872e+00
  3.18953636e+02] 7.51681705639921
[-3.13234606e+00  6.39807430e-02  4.93561127e-03 -7.20399400e+00
  3.15780785e+02] 7.204279799872445
[-2.99100932e+00  2.38555630e-01 -1.74338902e-01 -7.43516416e+00
  3.20181307e+02] 7.4410327845615996
[-3.14150884e+00  6.06693005e-02  6.56482261e-03 -7.65496255e+00
  3.16791268e+02] 7.655205773405403
[-3.18341783e+00 -5.10465907e-02  1.74902927e-01 -7.43397951e+00
  3.17702376e+02] 7.436211944735524
[-3.09785241e+00  8.32767675e-02 -2.87562650e-01 -7.24348096e+00
  3.18171517e+02] 7.24966507784022
[-3.11823813e+00  2.78770534e-01 -1.74255003e-01 -7.42911513e+00
  3.16718134e+02] 7.436385510584118
[-3.06514468e+00 -6.54314234e-02  2.40566253e-01 -7.78730094e+00
  3.23699993e+02] 7.7912906082118125
[-3.07816774e+00  2.30472696e-01 -4.34106615e-01 -7.27953629e+00
  3.18138499e+02] 7.296109569799967
[-3.10608873e+00  2.29864778e-01 -4.50841078e-02 -7.32714919e+00
  3.17175051e+02] 7.330892556257194
[-3.11199639e+00 -1.54269450e-01 -4.56986279e-03 -7.22633545e+00
  3.16611850e+02] 7.227983395472051
[-3.16281842e+00  3.74458132e-01 -3.06060316e-01 -7.68070262e+00
  3.19432253e+02] 7.695913493919523
[-3.18768949e+00 -7.79970301e-02  3.03823143e-02 -7.49004009e+00
  3.18054091e+02] 7.490507800866715
[-3.14337359e+00 -6.32377831e-02 -3.78997096e-02 -7.50235085e+00
  3.17479820e+02] 7.502713089820147
[-3.08503081e+00  3.99862991e-01 -2.73248543e-01 -7.46620301e+00
  3.17837140e+02] 7.481894320032545
[-3.07196348e+00 -1.44386603e-01  1.17789737e-01 -7.55272510e+00
  3.19998591e+02] 7.555023389294704
[-3.15287659e+00  1.52493157e-01 -2.43007944e-02 -7.72084423e+00
  3.19326689e+02] 7.722388252736423
[-3.11504514e+00  2.32773449e-01  1.22298249e-01 -7.61400048e+00
  3.18977119e+02] 7.618539470280349
[-3.04480037e+00 -1.89013510e-01 -1.75724063e-01 -7.22613130e+00
  3.19838832e+02] 7.23073845865511
[-3.02885879e+00 -1.12192068e-01  2.61577319e-01 -7.73593767e+00
  3.21596809e+02] 7.74117183202758
[-3.18815377e+00  4.23349592e-02  2.79173624e-01 -7.41043321e+00
  3.18928508e+02] 7.415810844612435
[-3.16264019e+00  8.68770345e-03  2.10706192e-01 -7.71613336e+00
  3.18995938e+02] 7.71901461809433
[-3.14418719e+00  1.77075041e-02 -7.42923533e-02 -7.38377207e+00
  3.19372205e+02] 7.384167037636945
[-3.20372229e+00 -1.89208369e-01 -2.33740066e-01 -7.36220041e+00
  3.18303294e+02] 7.368339640392132
[-3.05722383e+00 -1.33417967e-01 -2.33406612e-02 -7.53149019e+00
  3.17731773e+02] 7.532707991229857
[-3.16783553e+00  7.96712024e-02 -1.30416134e-01 -7.57940875e+00
  3.18315388e+02] 7.580949333686115
[-3.18493434e+00 -2.20970149e-01 -2.71050360e-02 -7.31698814e+00
  3.17544547e+02] 7.320374161574919
[-3.04854526e+00 -1.22320449e-01  1.66777034e-01 -7.12933227e+00
  3.18085701e+02] 7.132331698136984
[-3.10956876e+00  4.21697549e-02  1.51635596e-01 -7.22071283e+00
  3.17793821e+02] 7.222427943573932
[-3.11900527e+00 -2.30600209e-01  3.50225086e-02 -7.44255055e+00
  3.18951030e+02] 7.446204522761536
[-3.15317856e+00 -5.41731719e-02 -1.46471638e-03 -7.49871351e+00
  3.19183862e+02] 7.498909331299774
[-3.09767214e+00 -2.35695052e-01  1.16645730e-01 -7.36884476e+00
  3.17431292e+02] 7.37353588556865
[-3.16483539e+00 -6.39373630e-02  1.07238895e-01 -7.59354055e+00
  3.21122607e+02] 7.5945668926987935
[-3.10239719e+00 -1.34906012e-01  7.71192638e-02 -7.69864784e+00
  3.22256960e+02] 7.700215939773681
[-3.09944756e+00  9.34144013e-03  1.86266845e-01 -7.49270517e+00
  3.20925682e+02] 7.49502590570563
[-3.12196697e+00 -4.86383274e-03  9.94984071e-02 -7.65583857e+00
  3.19766738e+02] 7.6564866480514535
[-3.04820641e+00  1.94080244e-02 -9.81018924e-02 -7.34641040e+00
  3.18099420e+02] 7.347091020234958
[-3.09911452e+00  1.60541936e-01 -2.47397546e-01 -7.38614396e+00
  3.18830706e+02] 7.392029612182469
[-3.10808765e+00  1.00727957e-01  1.72617623e-01 -7.22635578e+00
  3.16565333e+02] 7.229118956555092
[-3.07391969e+00  1.03515163e-01 -1.98816435e-02 -7.50820824e+00
  3.20652259e+02] 7.508948107129809
[-3.05380564e+00 -9.64179104e-03  4.59162153e-02 -7.58201800e+00
  3.20411521e+02] 7.582163166328874
[-3.15908736e+00  1.33590048e-01 -3.20360438e-01 -7.40960187e+00
  3.18981446e+02] 7.417727212907182
[-3.12390761e+00  2.72586048e-01 -2.27484480e-02 -7.35159289e+00
  3.19528156e+02] 7.3566798646387745
[-3.16862169e+00  2.14902477e-01 -5.00267308e-02 -7.43087020e+00
  3.19201716e+02] 7.434145389071572
[-3.05442470e+00 -2.39574973e-01 -3.68338903e-02 -7.63186786e+00
  3.21096895e+02] 7.635716068852273
[-3.12225590e+00 -1.70201202e-01  2.26740854e-01 -7.38107093e+00
  3.16863277e+02] 7.386513922188384
[-3.06311825e+00 -1.23955481e-01  1.28334547e-01 -7.53460201e+00
  3.19380307e+02] 7.53671428205359
[-3.17874145e+00  1.60348937e-01 -1.69459700e-01 -7.23538780e+00
  3.15229707e+02] 7.239148083632156
[-3.19681878e+00  1.41306973e-01 -1.20748991e-02 -7.47079853e+00
  3.16394685e+02] 7.472144547871697
[-3.19071682e+00 -1.26099406e-01 -1.49561490e-01 -7.60559254e+00
  3.17868207e+02] 7.608108017460576
[-3.10948338e+00  5.05134094e-02  2.96564274e-01 -7.63934202e+00
  3.19404260e+02] 7.645263144120424
[-3.12352105e+00 -2.57734832e-01 -1.44127487e-02 -7.19060029e+00
  3.18247767e+02] 7.195232278628518
[-3.12933079e+00  3.10988668e-02  9.34985372e-02 -7.60116221e+00
  3.21257390e+02] 7.601800838704569
[-3.11416698e+00 -1.17944642e-01  2.76329261e-01 -7.50326313e+00
  3.17404621e+02] 7.509276020388493
[-3.15082033e+00 -3.98666952e-02 -2.98499844e-01 -7.51416568e+00
  3.20770769e+02] 7.520197963181235
[-3.14844820e+00 -1.43866421e-01  4.94475827e-02 -7.56531017e+00
  3.19938680e+02] 7.566839534686737
[-3.11431294e+00 -3.44623620e-01 -3.40473438e-03 -7.52803443e+00
  3.19188923e+02] 7.5359192805868975
[-3.11047832e+00  1.06218418e-01 -1.04974691e-01 -7.79871043e+00
  3.21514386e+02] 7.800140155613427
[-3.07921020e+00  1.37086582e-01  3.05260248e-01 -7.54439206e+00
  3.20462810e+02] 7.551809586840953
[-3.05619348e+00 -4.93408384e-02 -4.96913735e-02 -7.25692439e+00
  3.20101701e+02] 7.257262254142039
[-3.10353272e+00 -1.70927954e-01 -2.74134557e-01 -7.29086692e+00
  3.16319153e+02] 7.298020734084925
[-3.12847846e+00 -2.08999524e-02  1.69641645e-01 -7.23141465e+00
  3.16353088e+02] 7.233434378186816
[-3.12403038e+00 -4.46795037e-02 -1.23934548e-01 -7.43318488e+00
  3.19395874e+02] 7.434352256643272
[-3.03796349e+00  2.20221522e-01 -3.84087956e-02 -7.25890523e+00
  3.17489357e+02] 7.26234658444715
[-3.10644345e+00 -2.74552962e-01  3.90374960e-02 -7.43081648e+00
  3.17505833e+02] 7.4359892979503766
[-3.23249624e+00 -7.60886909e-02 -2.03512585e-02 -7.16816149e+00
  3.17064127e+02] 7.168594199768989
[-3.07945794e+00 -1.06837930e-01  2.40250842e-01 -7.33287737e+00
  3.17458233e+02] 7.33758988287073
[-3.02810715e+00 -3.49156883e-01 -1.28602234e-01 -7.19605141e+00
  3.18136891e+02] 7.205664786206657
[-3.19259164e+00  1.18366832e-01 -1.92874790e-01 -7.46890671e+00
  3.18665485e+02] 7.4723342277319915
[-3.04824539e+00  2.05620630e-01  7.48704610e-02 -7.57781806e+00
  3.21317701e+02] 7.580976982479718
[-3.08996020e+00 -1.47776434e-01  7.89812875e-02 -7.39667246e+00
  3.16175090e+02] 7.3985700876188805
[-3.04589559e+00  2.94556065e-01  1.53791332e-01 -7.58972367e+00
  3.20439990e+02] 7.596994175794852
[-3.19232721e+00  1.50648111e-02 -1.87720263e-01 -7.54684872e+00
  3.17088870e+02] 7.549198067732072
[-3.10615524e+00  4.21302580e-02  1.36497765e-01 -7.27952853e+00
  3.17372906e+02] 7.280930033680082
[-3.21432987e+00  1.29434821e-01  4.32059804e-01 -7.83604028e+00
  3.21542794e+02] 7.849009895775363
[-3.16933824e+00 -3.02057324e-01 -1.29065822e-01 -7.51452890e+00
  3.16172554e+02] 7.521704674424414
[-3.08739620e+00 -1.92833156e-01  2.54125261e-01 -7.05315933e+00
  3.16547911e+02] 7.060369737210786
[-3.11019643e+00  5.26686311e-03 -2.19144204e-01 -7.48068634e+00
  3.19382384e+02] 7.483897380117753
[-3.16752190e+00 -3.09335381e-01 -1.00813478e-01 -7.38635693e+00
  3.15755226e+02] 7.39351880993394
[-3.11811959e+00  9.83625780e-02  2.41770478e-01 -7.40513567e+00
  3.17117990e+02] 7.409734302328353
[-3.14810009e+00 -1.00675412e-01 -2.43133149e-01 -7.65828258e+00
  3.22275796e+02] 7.662802443118239
[-3.12216414e+00 -3.06243428e-01 -2.03343565e-01 -7.60119290e+00
  3.16680980e+02] 7.610076688420633
[-3.10124625e+00 -3.38446557e-01 -2.06350551e-01 -7.33373597e+00
  3.15996480e+02] 7.344440747921598
[-3.13404254e+00  5.93084867e-02  2.76783246e-01 -7.70422516e+00
  3.20672358e+02] 7.709423571295465
[-3.14767503e+00  7.82180792e-02 -1.41225313e-01 -7.75466395e+00
  3.20454598e+02] 7.756344213711554
[-3.13684648e+00 -1.14199471e-02 -4.44895229e-02 -7.44503100e+00
  3.19308929e+02] 7.4451726901912885
[-3.17020970e+00 -1.75944590e-01  7.08082641e-02 -7.31809898e+00
  3.19227647e+02] 7.3205561969567245
[-3.09314035e+00  2.92957774e-02  2.48141629e-01 -7.48377265e+00
  3.19339123e+02] 7.487942680951845
[-3.15730513e+00  3.16166755e-01  7.32548505e-02 -7.11719042e+00
  3.14029653e+02] 7.124586104333722
[-3.05648934e+00  1.54985444e-01 -4.07837490e-01 -7.48730396e+00
  3.20788859e+02] 7.500004831127604
[-3.09738952e+00  3.09540322e-01 -1.54557264e-02 -7.53540268e+00
  3.20233316e+02] 7.541773507808386
[-3.10474010e+00 -4.98647235e-02  1.09929593e-01 -7.36321573e+00
  3.19476241e+02] 7.364205113798459
[ -3.17491528   0.39639916  -0.38442801  -7.46693481 318.45435488] 7.487324797077558
[-3.10458836e+00  1.62574497e-01  1.88341198e-01 -7.53145536e+00
  3.18461440e+02] 7.535563857825574
[-3.18526551e+00  1.44966988e-01 -2.55517272e-01 -7.69014198e+00
  3.18681827e+02] 7.695751310893541
[-3.15139456e+00  2.02109286e-01 -1.62481464e-01 -7.26096816e+00
  3.19144465e+02] 7.265597497676947
[-3.06182471e+00  4.50745268e-02  9.66467500e-02 -7.47302896e+00
  3.18403831e+02] 7.473789812601227
[-3.13326719e+00  2.30842746e-01  5.14002830e-02 -7.26563077e+00
  3.17484453e+02] 7.2694787217624235
[-3.10409115e+00 -1.39057824e-02  1.48144061e-01 -7.37954297e+00
  3.18703363e+02] 7.3810429145026495
[-3.06314556e+00  1.67311230e-01  1.35182124e-01 -7.48753653e+00
  3.19616092e+02] 7.49062551394255
[-3.14792320e+00  1.67955447e-01 -3.37721661e-02 -7.43011554e+00
  3.17361926e+02] 7.432090323807172
[-3.18739978e+00  6.77043100e-03 -2.80633218e-03 -7.35173489e+00
  3.16737706e+02] 7.351738543503313
[-3.09244039e+00 -1.93300246e-02  5.44125805e-02 -7.80978328e+00
  3.21524985e+02] 7.8099967561088315
[-3.06981799e+00 -8.46208182e-02 -1.13032809e-01 -7.40736201e+00
  3.16859169e+02] 7.408707654849314
[-3.14985810e+00  1.09256471e-01  2.64639178e-01 -7.23989514e+00
  3.16307914e+02] 7.245553979045888
[-3.01857885e+00  2.56771661e-01  2.67488731e-02 -6.90149183e+00
  3.14805376e+02] 6.90631860655868
[-3.11721793e+00  7.84133786e-02 -1.46360910e-01 -7.64380889e+00
  3.21709429e+02] 7.645612104912877
[-3.06240803e+00 -3.18873167e-02 -1.83831582e-01 -7.64176816e+00
  3.22956978e+02] 7.64404548740094
[-3.13493362e+00  4.25310230e-02 -2.09328908e-01 -7.83815307e+00
  3.20988601e+02] 7.841063129412913
[-3.26280599e+00 -3.05037414e-02  5.98459746e-02 -7.58660988e+00
  3.17247792e+02] 7.586907241902345
[-3.08949153e+00 -1.49511682e-01 -9.34831347e-02 -7.63189034e+00
  3.18580258e+02] 7.633927100730317
[-3.12073973e+00  1.97174986e-01 -5.61653424e-02 -7.68678457e+00
  3.21826813e+02] 7.689518158904684
[-3.12454549e+00 -2.11300322e-01  7.53509196e-02 -7.68536234e+00
  3.17538550e+02] 7.688635763758295
[-3.08521257e+00  1.48444080e-01  3.62704798e-01 -7.59356570e+00
  3.19397020e+02] 7.603672174103822
[-3.23449987e+00 -3.09540130e-01 -2.72747369e-01 -7.38646885e+00
  3.16443629e+02] 7.397981370331777
[-3.06106781e+00 -1.29360224e-01 -1.17649507e-01 -7.60225058e+00
  3.21117351e+02] 7.604261258860077
[-3.14350401e+00 -1.66230236e-01  6.57051742e-02 -7.52769217e+00
  3.19354282e+02] 7.529814009528195
[-3.11164211e+00 -5.51228043e-02  2.37562436e-01 -7.32251080e+00
  3.15705958e+02] 7.3265707390092505
[-3.15735986e+00 -3.86633345e-02  3.58047348e-02 -7.26225801e+00
  3.18493975e+02] 7.262449186959605
[-3.15816593e+00  2.54483231e-02 -1.79936771e-01 -7.37747974e+00
  3.17568980e+02] 7.379717624840566
[-3.12699992e+00 -9.90333098e-03  1.03296638e-01 -7.69415918e+00
  3.21335246e+02] 7.694858921784908
[-3.10334872e+00  1.92907798e-02 -5.54783659e-02 -7.29551582e+00
  3.17291130e+02] 7.2957522593338195
[-3.10326519e+00 -2.93314228e-01  1.26949613e-01 -7.65675188e+00
  3.20005434e+02] 7.663419527958217
[-3.15428158e+00  1.93558715e-02 -3.04646202e-01 -7.42878264e+00
  3.17988545e+02] 7.435051810703414
[-3.12089144e+00 -3.52348975e-02  8.67266017e-02 -7.39384476e+00
  3.17020418e+02] 7.394437322979149
[-3.14689939e+00 -1.04320483e-01 -1.15023428e-01 -7.15097680e+00
  3.16894745e+02] 7.152662605050333
[-3.15512726e+00  1.29192834e-01 -1.36982844e-02 -7.67455442e+00
  3.21339635e+02] 7.675653973121566
[-3.10336067e+00  9.10151511e-02  1.77117506e-01 -7.68589392e+00
  3.18686404e+02] 7.688473171692319
[-3.16830161e+00 -1.35793495e-02  1.56532524e-01 -7.58502090e+00
  3.18932731e+02] 7.586648061416275
[-3.12738426e+00  7.89220273e-02  2.44198145e-01 -7.59766637e+00
  3.17728159e+02] 7.601999448870738
[-3.09568482e+00  1.29924828e-01 -2.22753693e-02 -7.54330416e+00
  3.19419530e+02] 7.544455869024928
[-3.20864532e+00 -1.04799769e-01  2.00277164e-01 -7.64449297e+00
  3.18699674e+02] 7.647834118145262
[-3.13965250e+00  2.15071971e-01 -1.03611478e-01 -7.47719217e+00
  3.17898541e+02] 7.481002207436622
[-3.10273637e+00 -1.88201722e-01 -5.22052710e-02 -7.48515580e+00
  3.18181585e+02] 7.4877034274690875
[-3.15899664e+00  3.04618885e-02 -2.91294181e-02 -7.36376199e+00
  3.19229685e+02] 7.363882609957084
[-3.14845463e+00 -4.63580407e-01 -1.81985235e-01 -7.36970117e+00
  3.17901443e+02] 7.386509378605306
[-3.09343854e+00 -3.83915100e-02 -1.75244389e-01 -7.13803110e+00
  3.17083614e+02] 7.140285179909437
[-3.13687259e+00 -4.97331832e-02  1.56081750e-01 -7.74284598e+00
  3.20573622e+02] 7.7445786674992805
[-3.10464799e+00 -1.53780718e-01  5.31041550e-02 -7.41136289e+00
  3.17668102e+02] 7.413148345293666
[-3.06823886e+00 -2.02672764e-01 -6.33392335e-03 -7.66823326e+00
  3.20056595e+02] 7.670913744602579
[-3.13077757e+00 -1.71202419e-02  5.41172288e-02 -7.54514404e+00
  3.20207065e+02] 7.545357541859016
[-3.15058803e+00 -3.15245768e-01  1.80549266e-01 -7.45710145e+00
  3.17120403e+02] 7.465945348329476
[-3.24665338e+00 -2.41210211e-01 -2.72370423e-01 -7.31456677e+00
  3.15423953e+02] 7.323609423731289
[-3.12469782e+00 -1.69758229e-01 -2.84163095e-02 -7.18201222e+00
  3.15740218e+02] 7.184074393907278
[-3.19408945e+00 -5.33312201e-02  1.22970185e-01 -7.43623511e+00
  3.20071765e+02] 7.437443011894969
[-3.12119179e+00  2.76512096e-01  6.71595348e-03 -7.31620427e+00
  3.16043744e+02] 7.32143079982264
[-3.22879117e+00 -3.31163929e-01 -3.25074853e-02 -7.59688138e+00
  3.19783863e+02] 7.604165499117797
[-3.11222325e+00  2.30477365e-01 -1.03092095e-01 -7.40559714e+00
  3.16993236e+02] 7.409899915185413
[-3.18741432e+00 -1.64973348e-01  8.94685328e-02 -7.48471319e+00
  3.18439893e+02] 7.487065674809826
[-3.13190172e+00  3.14787029e-01 -2.78420970e-01 -7.44678108e+00
  3.17783915e+02] 7.45862973567545
[-3.15137552e+00  6.37062518e-02 -6.49056601e-03 -7.60342825e+00
  3.19965114e+02] 7.603697897623675
[-3.12108262e+00  7.70492027e-03 -7.63135094e-02 -7.90661880e+00
  3.20557230e+02] 7.906990831269829
[-3.14206222e+00 -1.48685910e-01  1.31708434e-01 -7.53421448e+00
  3.18348971e+02] 7.536832385662461
[-3.08508555e+00 -9.65468575e-03  6.38545911e-02 -7.36056653e+00
  3.17856004e+02] 7.360849829873539
[-3.12008534e+00  2.72384906e-01 -1.82990659e-01 -7.32563924e+00
  3.15893605e+02] 7.332985027863578
[-3.15913837e+00 -1.06359755e-01  2.91296686e-02 -7.69974421e+00
  3.20824553e+02] 7.700533864609738
[-3.14823866e+00 -1.81179163e-01  1.04775916e-01 -7.43335020e+00
  3.18787692e+02] 7.436296063858066
[-3.11463684e+00 -1.68397270e-01 -4.96868427e-03 -7.84943639e+00
  3.23886365e+02] 7.8512440994176105
[-3.24706152e+00  6.53522309e-02  1.67147814e-02 -7.64045438e+00
  3.18304645e+02] 7.640752153293504
[-3.05261178e+00 -1.87462236e-01 -3.42528778e-01 -7.80500015e+00
  3.21779205e+02] 7.814761381571562
[-3.06722373e+00 -2.55877098e-01  1.31522191e-01 -7.46574860e+00
  3.19070227e+02] 7.471289937283067
[-3.16083031e+00  3.43156089e-01  1.06872482e-01 -7.45735547e+00
  3.15773188e+02] 7.466011549129512
[-3.12013697e+00  1.54650184e-01  1.99322814e-02 -7.43385741e+00
  3.18798071e+02] 7.435492581299363
[-3.10588796e+00 -1.83577923e-02  1.81689425e-01 -7.17182417e+00
  3.17888753e+02] 7.174148730909887
[-3.12225881e+00  9.53689604e-03  2.37093943e-01 -7.38272986e+00
  3.17911654e+02] 7.386542131077283
[-3.20552184e+00 -1.61570095e-02  1.46116607e-01 -7.55386590e+00
  3.18214679e+02] 7.5552962290426935
[-3.07326982e+00  2.56564741e-01 -2.71659183e-01 -7.37083508e+00
  3.18603798e+02] 7.380300395600687
[-3.09791252e+00  9.02119240e-02 -1.52060469e-01 -7.42412883e+00
  3.19460753e+02] 7.426233865534942
[-3.21391500e+00  3.02249301e-01  7.23501443e-02 -7.26847570e+00
  3.17699546e+02] 7.2751170607612945
[-3.11180793e+00 -1.06057777e-01  2.09703463e-02 -7.62549971e+00
  3.20203228e+02] 7.626266044430151
[-3.14093934e+00  2.00299529e-02  2.67666006e-01 -7.38996923e+00
  3.16568803e+02] 7.3948422186259535
[-3.11184627e+00  1.68314531e-01  1.09338786e-01 -7.30092080e+00
  3.17593871e+02] 7.30367915750766
[-3.06705387e+00  2.52300403e-01  1.23190461e-01 -7.34356123e+00
  3.17271257e+02] 7.348926650851156
[-3.15313410e+00  1.97539575e-01  1.17460414e-01 -7.46873602e+00
  3.17594957e+02] 7.472271178215039
[-3.08638132e+00 -1.59930584e-01 -2.29121328e-01 -7.22175260e+00
  3.16189134e+02] 7.22715608227205
[-3.21925120e+00  3.18311819e-01  2.85617673e-01 -7.58102138e+00
  3.17861468e+02] 7.593074806140495
[-3.14283734e+00  2.20197119e-01  8.61611239e-02 -7.36306873e+00
  3.18669226e+02] 7.3668644387033435
[-3.14477324e+00 -2.96566317e-01  1.38057644e-01 -7.68867877e+00
  3.18197144e+02] 7.6956346572080925
[-3.13035696e+00 -1.87182343e-01 -3.53587715e-02 -7.22912352e+00
  3.16909885e+02] 7.231632893879737
[-3.07423945e+00  2.72005566e-01 -1.07416852e-01 -7.41117255e+00
  3.20315774e+02] 7.416940337955913
[-3.11737030e+00 -1.40038679e-01 -1.94128721e-01 -7.44658286e+00
  3.18816425e+02] 7.450429053222989
[-3.12013273e+00  5.23045051e-02 -1.72906364e-01 -7.14829774e+00
  3.16942234e+02] 7.150579903384805
[-3.19439981e+00  3.35974565e-01  1.02569050e-02 -7.85209874e+00
  3.20258924e+02] 7.859289960506647
[-3.13517979e+00  8.58273717e-02  1.70738408e-01 -7.21229751e+00
  3.16528694e+02] 7.214828711146306
[-3.08466023e+00 -3.87316482e-02 -1.98458448e-01 -7.02086261e+00
  3.15700322e+02] 7.023773749160696
[-3.05777822e+00 -4.82636748e-02 -1.40170781e-01 -7.49165089e+00
  3.19839544e+02] 7.49311752410025
[-3.11656597e+00  2.50260415e-01  2.55896423e-01 -7.25286687e+00
  3.17487566e+02] 7.261693405235373
[-3.23531253e+00  7.53843166e-02 -8.59864598e-02 -7.63024451e+00
  3.18117729e+02] 7.631101345157245
[-3.15962868e+00 -1.49801100e-01  9.49872043e-02 -7.60370758e+00
  3.18152214e+02] 7.605776222386712
[-3.14347551e+00  4.13031945e-01 -2.36305232e-01 -7.58996199e+00
  3.19979935e+02] 7.604864135742673
[-3.09157973e+00 -9.91868093e-02  2.87431904e-01 -7.74719488e+00
  3.22265960e+02] 7.753159594394428
[-3.14067775e+00 -1.67753399e-01  9.81528044e-02 -7.51694069e+00
  3.20158405e+02] 7.519452937973955
[-3.09649230e+00  2.92048511e-01 -1.52559532e-01 -7.45006938e+00
  3.17676126e+02] 7.457352112049569
[-3.09949229e+00 -8.03888692e-02  1.97708837e-01 -7.41879710e+00
  3.19139207e+02] 7.421866451972883
[-3.14853149e+00  1.21059063e-01 -1.09077311e-01 -7.38581335e+00
  3.17470662e+02] 7.387610713031779
[-3.13001215e+00  2.39214252e-01 -5.78943608e-02 -7.60609133e+00
  3.20401907e+02] 7.610072312713871
[-3.15740245e+00  7.45404688e-02 -4.70577950e-02 -7.50020563e+00
  3.18656001e+02] 7.500723642333741
[-3.12769169e+00  2.29316129e-01  2.07206174e-02 -7.47745946e+00
  3.18630483e+02] 7.481003618486805
[-3.13701775e+00 -1.48311405e-02 -7.63788704e-02 -7.42137812e+00
  3.19266957e+02] 7.421785967051493
[-3.06455441e+00 -1.36302496e-03  1.69670848e-01 -7.24131007e+00
  3.18398371e+02] 7.243297700966087
[-3.15174045e+00  1.59775316e-02 -1.33431167e-01 -7.47945714e+00
  3.16470129e+02] 7.480664290982256
[-3.18129384e+00  1.56183730e-01  1.72472863e-01 -7.77049139e+00
  3.20631210e+02] 7.773974316925682
[-3.08243405e+00 -1.35014461e-01  2.06777713e-01 -7.42022722e+00
  3.20076764e+02] 7.424335524727231
[-3.08194743e+00 -2.44880553e-01 -3.07955343e-02 -7.72234745e+00
  3.21968357e+02] 7.72629050951679
[-3.12700822e+00 -1.89602939e-01 -2.46740644e-01 -7.39022706e+00
  3.16663864e+02] 7.396775390056073
[-3.11740250e+00 -1.10342565e-01 -2.41355019e-01 -7.44625380e+00
  3.17275873e+02] 7.450981369859402
[-3.14594305e+00  1.77235573e-01  2.00384782e-01 -7.47932392e+00
  3.15329981e+02] 7.48410668461994
[-3.20267400e+00 -1.27331184e-01  9.08506208e-02 -7.54479923e+00
  3.16867423e+02] 7.5464205043978
[-3.09315661e+00  2.69985740e-01 -8.02961874e-02 -7.69781622e+00
  3.20716698e+02] 7.702967894401238
[-3.04693138e+00  8.74650246e-02 -2.26165905e-01 -7.27848077e+00
  3.17389735e+02] 7.282519028218791
[-3.14010540e+00  7.29097400e-02 -1.32477014e-02 -7.19846718e+00
  3.16498457e+02] 7.198848590426481
[-3.10228156e+00 -3.25089594e-02  2.89337826e-01 -7.42694932e+00
  3.16953089e+02] 7.432654262307433
[-3.24688758e+00 -7.06534606e-02  1.91182342e-01 -7.46798431e+00
  3.16811368e+02] 7.4707651719742705
[-3.15056131e+00 -2.75901587e-01 -2.87755442e-01 -7.55743127e+00
  3.20577014e+02] 7.567938438620532
[-3.13404098e+00  2.37224764e-01 -6.97068487e-02 -7.63195984e+00
  3.17828478e+02] 7.635963959300263
[-3.07087632e+00 -2.44070507e-01  1.32427054e-02 -7.53726410e+00
  3.19052641e+02] 7.541226420770436
[-3.17375839e+00  1.71116872e-01 -2.78372413e-01 -7.57054854e+00
  3.18158432e+02] 7.577597072756646
[-3.16103679e+00 -7.80453219e-02  2.38834186e-01 -7.56812510e+00
  3.20880086e+02] 7.572294922001246
[-3.13195902e+00 -4.00960032e-01  7.75750634e-02 -7.13407761e+00
  3.15228400e+02] 7.145757490471213
[-3.17386503e+00  8.83446755e-02  3.37849148e-01 -7.64854033e+00
  3.18217621e+02] 7.656508081360258
[-3.17575373e+00 -3.71988302e-03 -7.18698184e-03 -7.88070607e+00
  3.19874794e+02] 7.880710220449248
[-3.12354027e+00  2.29980116e-01 -1.94158812e-01 -7.34569295e+00
  3.18085078e+02] 7.351856457355577
[-3.10260668e+00 -2.48341905e-02 -2.02646555e-01 -7.81711732e+00
  3.21634569e+02] 7.81978295793346
[-3.11188132e+00  8.75266971e-02  2.29324104e-01 -7.22240904e+00
  3.17700512e+02] 7.226578916635001
[-3.17898511e+00 -1.17572028e-03  4.06027033e-02 -7.82084291e+00
  3.22504639e+02] 7.820948397850313
[-3.09980873e+00 -2.18052054e-01  8.47394336e-02 -7.68796942e+00
  3.20679772e+02] 7.691527888430018
[-3.13873012e+00 -2.69237916e-01 -3.57292525e-01 -7.37855442e+00
  3.18954538e+02] 7.392104727227001
[-3.01918009e+00  1.71283930e-01  7.21950425e-02 -7.20618552e+00
  3.18677467e+02] 7.208582391230193
[-3.05839714e+00 -1.54546864e-01  2.73047624e-01 -7.42344471e+00
  3.19690002e+02] 7.430072082887604
[-3.10153294e+00  5.76612339e-02 -1.27844643e-01 -7.47112040e+00
  3.18603046e+02] 7.472436621193089
[-3.10823692e+00 -1.92464689e-01 -3.05819419e-01 -7.42500030e+00
  3.20004327e+02] 7.433787574400861
[-3.15597141e+00  2.01026902e-01  1.47652313e-02 -7.47960906e+00
  3.17061454e+02] 7.482324608902695
[-3.14197533e+00  1.25846750e-02  1.40734951e-01 -7.53459632e+00
  3.20095229e+02] 7.535921073502492
[-3.21091899e+00 -4.08450243e-02  3.28159086e-02 -7.20724677e+00
  3.18762093e+02] 7.207437211215269
[-3.13506969e+00  2.68053613e-01 -3.80191921e-02 -7.28779754e+00
  3.16969148e+02] 7.292824632194942
[-3.10874164e+00 -2.30597802e-01 -1.10007404e-01 -7.72728172e+00
  3.21004979e+02] 7.731504369791795
[-3.19333212e+00  4.51196992e-03  1.00605688e-01 -7.28959753e+00
  3.15653997e+02] 7.290293139815366
[-3.22046171e+00  2.56960223e-02 -7.10138220e-02 -7.52631162e+00
  3.18287199e+02] 7.526690496372386
[-3.12250211e+00  6.79797394e-03 -1.53897037e-01 -7.41350183e+00
  3.19493486e+02] 7.415102154888626
[-3.13767159e+00  2.64619587e-02  2.21215277e-01 -7.40114065e+00
  3.17029704e+02] 7.404493188201628
[-3.14817536e+00 -6.98775716e-02  2.27220877e-01 -7.30010621e+00
  3.16159825e+02] 7.303975825043695
[-3.13035755e+00  2.15637314e-01 -1.85656961e-01 -7.73131108e+00
  3.19891666e+02] 7.736545672735819
[-3.09731325e+00 -2.09012904e-01  7.46359013e-02 -7.21358839e+00
  3.15420763e+02] 7.217001755854267
[-3.12383877e+00 -6.27335308e-02  2.36552002e-01 -7.57813077e+00
  3.20702472e+02] 7.582081392637737
[-3.09829830e+00  4.06011217e-02 -2.33727394e-02 -7.28092842e+00
  3.17678591e+02] 7.281079138790809
[-3.04261675e+00 -1.47380022e-01 -6.69014605e-02 -7.32093379e+00
  3.15529319e+02] 7.3227227309538465
[-3.14201005e+00 -1.02439453e-01 -1.86669377e-02 -7.38161128e+00
  3.17617335e+02] 7.382345659827483
[-3.07282548e+00 -7.54434778e-02  2.43111652e-01 -7.09548888e+00
  3.16105166e+02] 7.100053341682524
[-3.12908582e+00  1.73698361e-01 -1.69386833e-01 -7.41893356e+00
  3.19776880e+02] 7.4228995769431725
[-3.06580895e+00 -1.77295310e-01 -1.14211646e-01 -7.25644164e+00
  3.19522920e+02] 7.259505716644882
[-3.19463690e+00 -3.04478687e-02 -2.47725214e-01 -7.60058349e+00
  3.17247821e+02] 7.604680419464749
[-3.07377594e+00  4.29490477e-02 -2.19920815e-01 -7.23554897e+00
  3.18587876e+02] 7.239017801080845
[-3.09561658e+00  2.59622063e-02  4.93565481e-02 -7.66269566e+00
  3.19522591e+02] 7.662898597681346
[-3.17230153e+00  1.98798206e-01 -1.07799352e-01 -7.17935840e+00
  3.15539921e+02] 7.1829192184244315
[-3.07678284e+00  2.74721923e-02  5.29308291e-02 -7.49720441e+00
  3.18780137e+02] 7.497441591825046
[-3.03058196e+00  8.33693207e-02  6.10438245e-02 -7.47151761e+00
  3.19754598e+02] 7.472232073241192
[-3.16385307e+00 -2.66407869e-01  5.85712607e-02 -7.60280946e+00
  3.18518944e+02] 7.60770105682016
[-3.12032016e+00  3.59003004e-01  2.90789008e-01 -7.52339049e+00
  3.18258346e+02] 7.537562325599277
[-3.18933722e+00  2.47558547e-01 -2.72291506e-02 -7.45373403e+00
  3.19598522e+02] 7.457893645987284
[-3.10537971e+00 -1.16019283e-01  2.74841227e-01 -7.29012715e+00
  3.18582784e+02] 7.296228618193974
[-3.16489753e+00  1.39790610e-02  3.27552505e-01 -7.37941562e+00
  3.16415555e+02] 7.386694862089755
[-3.16155257e+00 -1.33451922e-01  3.39275855e-01 -7.54430485e+00
  3.17911092e+02] 7.553108840578026
[-3.19501602e+00 -3.21250089e-01 -4.61962011e-02 -7.65490266e+00
  3.18753904e+02] 7.661779848214636
[-3.15138445e+00 -2.71064263e-01  2.37000799e-01 -7.28356690e+00
  3.15731352e+02] 7.2924613109659235
[-3.22541277e+00  1.98298542e-01  1.56223123e-01 -8.00591101e+00
  3.21118577e+02] 8.009890082145185
[-3.12730153e+00  2.25320684e-01  2.29106818e-01 -7.18426513e+00
  3.16520166e+02] 7.191448033030371
[-3.09007367e+00  1.14294029e-01  5.64664122e-02 -7.44795872e+00
  3.19190981e+02] 7.449049648926856
[-3.07970871e+00 -3.28026495e-01  2.54454169e-01 -7.42675874e+00
  3.18051937e+02] 7.438352891727734
[-3.12182557e+00 -1.33135210e-01  7.36922282e-02 -7.27638880e+00
  3.17558408e+02] 7.277979767517039
[-3.16456744e+00 -9.76516535e-02  1.13548580e-02 -7.32781018e+00
  3.17627838e+02] 7.328469612688653
[-3.05239952e+00  1.87867227e-01 -2.55893712e-01 -7.39397599e+00
  3.18532706e+02] 7.400787566235765
[-3.25557385e+00  1.44244214e-01  5.49998255e-02 -7.57889753e+00
  3.19728237e+02] 7.580469590939299
[-3.18824989e+00 -2.40742461e-01 -1.46391187e-01 -7.67621827e+00
  3.18683965e+02] 7.681387519575488
[-3.11530883e+00 -1.11382558e-01  9.13323808e-02 -7.11208466e+00
  3.15427680e+02] 7.113543133922404
[-3.12921212e+00 -2.62627292e-01  2.41066441e-02 -7.13152071e+00
  3.14968660e+02] 7.136395576827604
[-3.10913665e+00 -8.97235911e-02 -1.48075574e-01 -7.34282666e+00
  3.18930450e+02] 7.344867599119045
[-3.17376660e+00 -7.19885262e-02 -2.43799609e-01 -7.36192841e+00
  3.17488929e+02] 7.366315938130475
[-3.14042456e+00  1.14689775e-01  1.58323418e-01 -7.68844708e+00
  3.18920825e+02] 7.690932229780186
[-3.04744553e+00 -4.86095753e-02  4.23085235e-02 -7.11752488e+00
  3.14676041e+02] 7.117816611164334
[-3.11785458e+00 -1.77717129e-01 -1.14866932e-01 -7.45358197e+00
  3.17828200e+02] 7.4565851435431005
[-3.08598393e+00  1.61981924e-01  2.78303285e-01 -7.48709641e+00
  3.17166493e+02] 7.494017852728258
[-3.10983410e+00 -7.72210613e-02 -2.01138422e-01 -7.42633354e+00
  3.19486788e+02] 7.429458226379316
[-3.06867746e+00 -9.89859169e-02 -7.53449974e-02 -7.46500807e+00
  3.18103968e+02] 7.466044503207697
[-3.21261109e+00 -2.01771704e-01 -2.39795164e-01 -7.79524190e+00
  3.19689166e+02] 7.801538935501679
[-3.09120157e+00 -1.38385479e-01 -2.57151606e-02 -7.51045793e+00
  3.17476447e+02] 7.511776759960332
[-3.06859289e+00 -2.80428751e-01  1.30184678e-01 -7.69193535e+00
  3.21423082e+02] 7.698146387990016
[-3.10605311e+00  1.07813075e-01 -2.03005438e-01 -7.47698810e+00
  3.17968490e+02] 7.480520435277171
[-3.10428847e+00 -1.36379778e-01  1.77921043e-01 -7.38011164e+00
  3.15314178e+02] 7.383515635529889
[-3.11108464e+00 -3.16707112e-01  6.03365546e-02 -7.56162655e+00
  3.20477603e+02] 7.568496542623446
[-3.10351967e+00  2.63521416e-01  9.67219403e-02 -7.75591058e+00
  3.21917446e+02] 7.760988827920862
[-3.09867075e+00 -1.59540934e-01 -1.22548837e-01 -7.69845848e+00
  3.20783324e+02] 7.7010865836020175
[-3.12005051e+00 -1.45526141e-02 -1.38877186e-01 -7.77567571e+00
  3.20994338e+02] 7.776929429383479
[-3.12161624e+00 -1.47261546e-01 -1.38099113e-02 -7.52778468e+00
  3.17767285e+02] 7.529237605884667
[-3.18155984e+00 -1.66479525e-01  2.79703000e-01 -7.69407282e+00
  3.18996472e+02] 7.700954864740227
[-3.05905463e+00 -1.19279098e-01  5.45394755e-03 -7.69242429e+00
  3.22645134e+02] 7.693350946081597
[-3.12139586e+00 -2.10420632e-01  5.59264696e-02 -7.47335817e+00
  3.17138093e+02] 7.476529075864863
[-3.14136397e+00 -3.66840736e-01  1.28141544e-01 -7.61837637e+00
  3.19496219e+02] 7.628279684651029
[-3.15673009e+00 -1.63066274e-01 -1.62751458e-01 -7.56565415e+00
  3.20324638e+02] 7.569161202750317
[-3.20959701e+00  1.39380104e-01  2.18539858e-01 -7.99047583e+00
  3.21340146e+02] 7.994678886830979
[-3.15044967e+00  7.16347364e-02 -1.64701448e-01 -7.38389882e+00
  3.17685726e+02] 7.386082853431234
[-3.05612420e+00  4.50134157e-02 -1.34414365e-01 -7.20604460e+00
  3.18113683e+02] 7.207438673826885
[-3.16290274e+00  6.16977057e-02 -2.06951664e-02 -7.69699286e+00
  3.19027161e+02] 7.697267960162061
[-3.08496108e+00 -2.38925322e-01 -1.20900526e-02 -7.59676922e+00
  3.20704101e+02] 7.600535117594152
[-3.14170037e+00 -8.75375459e-02 -8.16028295e-02 -7.37748526e+00
  3.15333007e+02] 7.378455841943599
[-3.12413299e+00  6.79550947e-02 -5.05731460e-02 -7.38469849e+00
  3.18482653e+02] 7.385184313674858
[-3.12953134e+00  1.69880044e-01 -2.09439997e-01 -7.62413371e+00
  3.18627407e+02] 7.628901571071436
[-3.12080633e+00  7.13378556e-02 -3.30289636e-01 -7.58567016e+00
  3.19491273e+02] 7.593192483993328
[-3.15143370e+00  1.04701925e-01  6.65285685e-02 -7.47561989e+00
  3.16848540e+02] 7.476649066562261
[-3.18769354e+00 -2.66292986e-02 -5.11702948e-02 -7.30006847e+00
  3.17776102e+02] 7.300296374980146
[-3.07134500e+00 -1.86209461e-02  1.35402340e-01 -7.73119086e+00
  3.21002462e+02] 7.732398896431649
[-3.11576868e+00  1.32769440e-01 -3.75811774e-01 -7.29198101e+00
  3.18175630e+02] 7.302865825089011
[-3.13514997e+00  2.70520472e-02  2.31617776e-01 -7.57182559e+00
  3.18118620e+02] 7.575415589043815
[-3.10550772e+00 -1.77841866e-01  1.16783738e-01 -7.47066577e+00
  3.20533249e+02] 7.4736947514581
[-3.18581949e+00 -1.56278273e-01  1.37405813e-01 -7.51739071e+00
  3.18871689e+02] 7.520270364915766
[-3.06705065e+00  1.74506402e-01 -1.50188010e-01 -7.39379163e+00
  3.19508079e+02] 7.3973754505131595
[-3.13800044e+00  1.07593696e-01  5.78372894e-02 -7.53486959e+00
  3.18332361e+02] 7.535859688606111
[-3.09124127e+00 -2.13584966e-01 -2.44252333e-02 -6.94912325e+00
  3.15113477e+02] 6.952447704082913
[-3.13344169e+00  2.43206982e-01 -1.01944685e-01 -7.44833927e+00
  3.19775163e+02] 7.45300611840362
[-3.09619174e+00  1.65056800e-01  3.13195426e-02 -7.32748850e+00
  3.18097572e+02] 7.329414187167471
[-3.08467190e+00  3.49872857e-01 -2.16594368e-01 -7.34379821e+00
  3.15880774e+02] 7.355317548239543
[-3.04413630e+00  1.47954281e-01  2.08248200e-01 -7.33777368e+00
  3.19213113e+02] 7.342219039243178
[-3.04562934e+00 -1.90756116e-01 -5.37159236e-02 -7.28712470e+00
  3.19177729e+02] 7.289818911032883
[-3.15598799e+00 -1.32507970e-01 -3.45590504e-01 -7.57635921e+00
  3.20739476e+02] 7.5853945221395636
[-3.08617715e+00  1.49615975e-01  2.46287569e-01 -7.53894727e+00
  3.20343687e+02] 7.544452828651915
[-3.12551092e+00  2.27239614e-01 -4.04949491e-02 -7.21747292e+00
  3.16435849e+02] 7.22116285678419
[-3.12281292e+00  1.34339720e-02 -4.64884207e-02 -7.26460859e+00
  3.17295618e+02] 7.264769752832455
[-3.06268057e+00  1.19424825e-02  4.34059479e-02 -7.24310427e+00
  3.19052552e+02] 7.24324416930643
[-3.20408122e+00 -3.05061226e-01  4.07114574e-02 -7.61090353e+00
  3.18065199e+02] 7.617123628377161
[-3.10268077e+00  9.04283187e-02  3.27646664e-01 -7.60069803e+00
  3.18318293e+02] 7.608294168631815
[-3.06478008e+00 -8.03126855e-02 -1.70525578e-01 -7.46161941e+00
  3.21551751e+02] 7.463999816584395
[-3.04850236e+00 -1.61154125e-01  1.02999097e-01 -7.25226885e+00
  3.17387047e+02] 7.25479034195742
[-3.09036170e+00 -2.92751712e-01 -3.37712524e-01 -7.34057918e+00
  3.17794967e+02] 7.354172693294381
[-3.04694746e+00 -7.43900268e-02 -4.88017342e-02 -7.28222902e+00
  3.19279913e+02] 7.282772480750677
[-3.04558888e+00  1.05457433e-02 -1.19773077e-01 -7.28837951e+00
  3.17946167e+02] 7.289371218133388
[-3.04155738e+00 -9.65743582e-02  2.02989108e-01 -7.28157375e+00
  3.17436218e+02] 7.28504271952915
[-3.20564505e+00 -2.26326522e-01 -8.95704117e-02 -7.55290037e+00
  3.17696228e+02] 7.556821456802224
[-3.13482262e+00 -1.66665313e-01  5.19978761e-03 -7.20797729e+00
  3.15373663e+02] 7.209905754819564
[-3.16832011e+00 -4.31999778e-01 -1.74611680e-01 -7.54668728e+00
  3.20928512e+02] 7.561058256641591
[-3.16391619e+00  3.13351483e-01  1.38431942e-01 -7.36557317e+00
  3.18151200e+02] 7.373535153574507
[-3.08535188e+00 -1.14045920e-01 -5.19231761e-02 -7.53329319e+00
  3.19321741e+02] 7.534335320088223
[-3.11512521e+00  9.75868172e-02  1.32938972e-01 -7.24100562e+00
  3.17421214e+02] 7.242883286735834
[-3.09509026e+00 -2.27384570e-02  6.53574410e-02 -7.08355295e+00
  3.18932813e+02] 7.0838909534389325
[-3.07846368e+00  1.59425310e-01 -1.37110658e-01 -7.58688754e+00
  3.20619252e+02] 7.589800943511427
[-3.15433004e+00 -4.72218298e-02  9.52994156e-02 -7.32945219e+00
  3.17304654e+02] 7.330223822442123
[-3.16439221e+00 -1.18926078e-01 -1.03392286e-01 -7.43119574e+00
  3.16803991e+02] 7.432866442485956
[-3.16123914e+00  9.07228988e-02 -2.66651770e-02 -7.67584955e+00
  3.18732025e+02] 7.676431978214524
[-3.06414925e+00  9.54007584e-02 -4.29015043e-02 -7.64212096e+00
  3.20863073e+02] 7.642836820987008
[-3.12832221e+00 -1.10564190e-01  2.85347166e-01 -7.32947708e+00
  3.16880691e+02] 7.335862709264556
[-3.10395135e+00  1.14658736e-01  2.55993508e-02 -7.25142906e+00
  3.17794089e+02] 7.252380670424125
[-3.14012919e+00 -8.96977476e-02  2.33536313e-01 -7.45724401e+00
  3.17263319e+02] 7.461439079178213
[-3.18216976e+00  2.99773037e-01 -1.78784151e-01 -7.46561210e+00
  3.17776815e+02] 7.473766897282254
[-3.07020425e+00 -3.27105731e-02  1.19676683e-01 -7.24138703e+00
  3.18759623e+02] 7.242449768973119
[-3.12373557e+00  1.80293973e-01  4.58090607e-02 -7.24808692e+00
  3.17123857e+02] 7.2504736685935915
[-3.08573065e+00  1.52388213e-01  1.11974297e-02 -7.34282198e+00
  3.16139698e+02] 7.344411628656657
[-3.13613832e+00 -1.19961117e-01 -1.51133740e-01 -7.08974052e+00
  3.15860738e+02] 7.092365805172904
[-3.07655538e+00  2.06751648e-02  3.74419917e-01 -7.48507845e+00
  3.19499286e+02] 7.494465766378703
[-3.19626267e+00 -6.56886672e-02 -2.74573823e-01 -7.32285035e+00
  3.17358770e+02] 7.328290598770573
[-3.10432731e+00 -3.47651591e-01  1.10500415e-01 -7.52321960e+00
  3.18884213e+02] 7.532058488460423
[-3.11630792e+00  8.60235279e-02  8.88465649e-02 -7.63331083e+00
  3.18302646e+02] 7.634312537333295
[-3.12820273e+00 -1.56785086e-01 -2.98862692e-01 -7.48003656e+00
  3.17626036e+02] 7.487646317805574
[-3.09611512e+00 -1.22546110e-01 -1.62158402e-02 -7.35259602e+00
  3.17943544e+02] 7.353635074068477
[-3.08055522e+00  3.01484833e-01  3.14265107e-02 -7.41853606e+00
  3.18889431e+02] 7.424726124761496
[-3.17644369e+00  4.40711150e-02 -3.59719254e-02 -7.34664360e+00
  3.15658339e+02] 7.346863845932218
[-3.15386523e+00 -1.70618837e-01  9.41794987e-02 -7.55622469e+00
  3.16455771e+02] 7.558737472770672
[-3.15071379e+00 -3.03022236e-03  1.82804550e-02 -7.51885355e+00
  3.19177711e+02] 7.518876384623138
[-3.14115361e+00  2.59732182e-01  5.29157108e-02 -7.67082498e+00
  3.21019763e+02] 7.675403359711469
[-3.06902370e+00 -2.40612691e-01 -4.67172308e-02 -7.49033199e+00
  3.18633107e+02] 7.494341214120177
[-3.02771758e+00 -1.54000367e-02  3.20665714e-01 -7.24141450e+00
  3.17355397e+02] 7.24852727689316
[-3.06476381e+00 -7.92780413e-02 -1.66410613e-02 -7.69576574e+00
  3.19385211e+02] 7.696192059076954
[-3.06201201e+00 -3.13319423e-01 -2.81241505e-01 -7.19758111e+00
  3.16443172e+02] 7.209884861776022
[-3.08840376e+00 -2.26654729e-01 -1.06727531e-01 -7.44813055e+00
  3.18834503e+02] 7.452342710429078
[-3.13751561e+00 -9.58730890e-02  2.37846941e-02 -7.60457569e+00
  3.19785387e+02] 7.605217204017754
[-3.08064344e+00  5.86211635e-03  1.72689924e-01 -7.66170115e+00
  3.21840836e+02] 7.663649307418731
[-3.17423946e+00  1.49551538e-02  1.45264592e-01 -7.42493315e+00
  3.17649684e+02] 7.426369082658968
[-3.07577635e+00  4.74374779e-02 -2.10157659e-01 -7.45714026e+00
  3.19812569e+02] 7.460251828195915
[-3.09258172e+00  2.03193572e-01 -5.39407877e-02 -7.55046671e+00
  3.18765822e+02] 7.553392928178467
[-3.14630540e+00 -1.73199266e-01  1.36874933e-01 -7.66206402e+00
  3.20885051e+02] 7.665243491306826
[-3.17927594e+00 -1.31003379e-01 -1.20351121e-01 -7.61907058e+00
  3.21585673e+02] 7.621147079252111
[-3.09685793e+00  3.43652828e-01  2.40787280e-01 -7.19886439e+00
  3.16807614e+02] 7.211083434149874
[-3.08490415e+00  2.59001255e-01 -7.39185628e-03 -7.17765869e+00
  3.16286867e+02] 7.182333919867917
[-3.17136500e+00  2.29492410e-01  2.34535206e-01 -6.90502794e+00
  3.15102434e+02] 6.912820288929731
[-3.10550983e+00 -2.42318777e-01  1.72886765e-01 -7.34305822e+00
  3.19762684e+02] 7.349089207105695
[-3.11563333e+00 -1.38397666e-01  1.99991885e-01 -7.59761749e+00
  3.18892447e+02] 7.60150920839219
[-3.13963775e+00 -1.30628438e-01  2.44807636e-01 -7.32047628e+00
  3.17455926e+02] 7.325733245893907
[-3.12433105e+00 -3.39781848e-02 -7.32252863e-02 -7.68552808e+00
  3.19515397e+02] 7.685952013371218
[-3.10119246e+00 -2.77537407e-01 -1.08301623e-02 -7.23678798e+00
  3.17917709e+02] 7.242116031899498
[-3.09975380e+00  1.33665230e-01 -1.96793344e-01 -7.32125146e+00
  3.17645888e+02] 7.325115490976507
[-3.11284372e+00 -1.61375767e-01  4.10245871e-02 -7.61341649e+00
  3.19889143e+02] 7.61523708478222
[-3.12193316e+00 -5.87078518e-02  1.00238236e-01 -7.17335188e+00
  3.16481402e+02] 7.174292400375315
[-3.06278972e+00  3.33552177e-01 -9.50728468e-02 -7.47797298e+00
  3.20027197e+02] 7.4860120043168
[-3.07367772e+00 -2.66768680e-01 -1.16972216e-01 -7.50005702e+00
  3.19802815e+02] 7.505711382858792
[-3.12694736e+00  2.77372213e-01 -1.58102685e-01 -7.33727146e+00
  3.16889986e+02] 7.344214343115272
[-3.13095510e+00 -2.95540132e-01 -4.70528614e-02 -7.33786240e+00
  3.17608436e+02] 7.343962319996235
[-3.08714689e+00  1.66259718e-01 -2.89308228e-02 -7.57871781e+00
  3.19377163e+02] 7.580596473452682
[-3.20999603e+00  1.96595674e-01 -4.32071358e-02 -7.76706903e+00
  3.19855997e+02] 7.76967682514325
[-3.07661663e+00 -2.21934634e-01 -1.89206624e-01 -7.51350431e+00
  3.19546523e+02] 7.519162259839068
[-3.16212543e+00 -1.94669329e-02 -9.93171119e-02 -7.63649123e+00
  3.19328945e+02] 7.637161853258963
[-3.06542752e+00  1.28713466e-01 -3.23076386e-01 -7.62782441e+00
  3.20103754e+02] 7.635748208722669
[-3.08023530e+00  1.47336025e-01  2.05527661e-01 -7.39243084e+00
  3.21083095e+02] 7.396754910164104
[-3.01161611e+00  4.68050464e-03  2.78149963e-01 -7.22234183e+00
  3.17933193e+02] 7.227697475655509
[-3.10018613e+00  8.86301492e-02 -1.03609040e-01 -7.42939294e+00
  3.17826935e+02] 7.430643960070081
[-3.15097080e+00 -9.26209932e-03 -3.08075642e-02 -7.62365505e+00
  3.20413445e+02] 7.6237229231824495
[-3.16028278e+00  9.25123279e-03  1.65384579e-02 -7.51134231e+00
  3.18922438e+02] 7.511366217146507
[-3.11392951e+00  2.07396923e-01  2.29269197e-01 -7.45013938e+00
  3.16929784e+02] 7.456551119081485
[-3.06371023e+00  1.33834464e-02 -1.23987374e-01 -7.52019871e+00
  3.18505005e+02] 7.5212326579008275
[-3.16720160e+00  2.27400571e-02 -1.46871383e-01 -7.38785665e+00
  3.17416544e+02] 7.389351409287931
[-3.09826215e+00 -1.64488014e-01 -1.09611442e-01 -7.78695466e+00
  3.20819518e+02] 7.78946299730069
[-3.11229126e+00 -8.38560378e-02  8.63284905e-02 -7.70348950e+00
  3.21098671e+02] 7.704429569354302
[-3.17174625e+00  1.05255873e-01 -1.00673670e-01 -7.36589408e+00
  3.18812110e+02] 7.367333954742216
[-3.11392187e+00  1.83232268e-01 -2.66768897e-02 -7.65053639e+00
  3.19179548e+02] 7.652776802863468
[-3.11611637e+00  3.03480834e-01 -5.70350867e-02 -7.27509463e+00
  3.17141008e+02] 7.2816451105310644
[-3.21392969e+00 -2.66750200e-01 -2.02916047e-01 -7.59981592e+00
  3.17220216e+02] 7.607202677381913
[-3.13952997e+00 -9.06735607e-02 -1.06568116e-02 -7.37594273e+00
  3.17273241e+02] 7.376507742647195
[-3.04521146e+00  4.63420824e-02  5.54803802e-02 -7.30809214e+00
  3.18952588e+02] 7.308449654947352
[-3.19373883e+00  5.95135123e-02 -2.66639723e-01 -7.20600408e+00
  3.12286825e+02] 7.211181140170299
[-3.17846393e+00 -1.32766965e-02  1.49584652e-01 -7.53115788e+00
  3.17532158e+02] 7.532654963305736
[-3.09337049e+00 -2.27427191e-02  2.62120982e-01 -7.38817434e+00
  3.19876772e+02] 7.392857681871724
[-3.18670362e+00 -3.26671393e-01  2.11741230e-01 -7.46785663e+00
  3.18804374e+02] 7.477996472532091
[-3.09985791e+00  1.80413964e-01 -7.39183974e-02 -7.19653587e+00
  3.16852113e+02] 7.199176457344953
[-3.10471875e+00  2.42260176e-01 -3.09664844e-01 -7.04182699e+00
  3.15943726e+02] 7.052794459711625
[-3.18687044e+00  3.61319515e-01  2.50614832e-01 -7.24846467e+00
  3.16981040e+02] 7.261790385165945
[-3.03661300e+00 -1.87353556e-01 -7.97098682e-02 -7.24189508e+00
  3.18450624e+02] 7.244756684192907
[-3.09438473e+00 -1.21333185e-01  1.87192146e-01 -7.27770145e+00
  3.17114375e+02] 7.281119486198552
[-3.11389200e+00 -1.12198547e-01 -2.08917307e-01 -7.19676823e+00
  3.16871998e+02] 7.2006741252031565
[-3.11603476e+00 -6.42128634e-02 -9.98704268e-03 -7.38279766e+00
  3.14018851e+02] 7.383083660631317
[-3.06105772e+00  2.51765646e-01  2.32157241e-01 -7.45609056e+00
  3.17366184e+02] 7.463951326557593
[-3.04550564e+00  1.25559349e-01  1.97304776e-01 -7.35624696e+00
  3.18533518e+02] 7.359963559222476
[-3.23117853e+00  1.71213609e-01 -7.75023702e-02 -7.60481590e+00
  3.19806584e+02] 7.607137809362553
[-3.05993222e+00 -1.39204214e-01  2.77922445e-01 -7.39586289e+00
  3.17066986e+02] 7.40239195231352
[-3.17044158e+00  2.00940211e-01 -1.36964027e-01 -7.55802793e+00
  3.19199239e+02] 7.561939059047865
[-3.08673772e+00  3.40580623e-01  1.47355183e-01 -7.24780584e+00
  3.16279879e+02] 7.257299652758772
[-3.09964130e+00 -2.05996927e-01 -1.08075842e-01 -7.49428663e+00
  3.18954907e+02] 7.497896189333977
[-3.04669022e+00  6.90387537e-02  4.43209803e-01 -7.47876131e+00
  3.20049378e+02] 7.492200742636362
[-3.08618945e+00 -1.83333562e-01  2.13133734e-01 -7.16851768e+00
  3.16547594e+02] 7.174028362420946
[-3.20474998e+00  1.81813256e-01 -2.72488243e-02 -7.64993449e+00
  3.19542898e+02] 7.652143242559368
[-3.02176100e+00 -9.17473665e-02 -1.68095165e-01 -7.35704145e+00
  3.19821624e+02] 7.359533439489952
[-3.09053028e+00  3.68027572e-02 -3.06921359e-01 -7.32517572e+00
  3.18407468e+02] 7.331695203316436
[-3.13503942e+00 -2.04646561e-01 -3.21495637e-02 -7.41930561e+00
  3.19168827e+02] 7.422197083037113
[-3.12269830e+00  5.46928511e-02  1.27122232e-01 -7.71279060e+00
  3.23076221e+02] 7.714032035687638
[-3.11639631e+00 -1.88877307e-01 -3.60906258e-02 -7.93996354e+00
  3.21510871e+02] 7.942291750863889
[-3.11385160e+00  3.27045573e-01  1.13716465e-02 -7.37307333e+00
  3.18397406e+02] 7.3803318708434995
[-3.00803148e+00  1.89348978e-01  6.93637300e-02 -7.45464427e+00
  3.18613950e+02] 7.457371219131804
[-3.08048528e+00  1.51911428e-01  2.60391908e-01 -7.16927933e+00
  3.15837084e+02] 7.175614754733742
[-3.12610789e+00 -3.65756357e-02  7.35129449e-03 -7.46098396e+00
  3.21269527e+02] 7.461077235576518
[-3.10681788e+00 -8.30088129e-02  5.64354965e-01 -7.46784382e+00
  3.20754014e+02] 7.489598002482418
[-3.13181565e+00  3.04970317e-01 -4.57687518e-02 -7.37452862e+00
  3.16871062e+02] 7.380973784717781
[-3.12763875e+00  4.16751236e-01 -1.54078879e-01 -7.51742332e+00
  3.18182314e+02] 7.530542826186326
[-3.05899030e+00  1.51906311e-01 -3.25696836e-01 -7.30888602e+00
  3.16724441e+02] 7.317716090442049
[-3.09995593e+00 -1.69687760e-01  7.78337331e-03 -7.06770631e+00
  3.15742362e+02] 7.069747312587537
[-3.23078616e+00  1.27807704e-02 -3.31588625e-02 -7.57462574e+00
  3.17589571e+02] 7.574709103375952
[-3.12779705e+00  1.20267407e-01 -3.02471969e-01 -7.52550985e+00
  3.18962441e+02] 7.532546188347312
[-3.20354394e+00  1.08413861e-01 -6.95604978e-02 -7.42040890e+00
  3.17108588e+02] 7.421526827494755
[-3.18596332e+00 -1.01636097e-02  3.18920759e-01 -7.46169096e+00
  3.17872105e+02] 7.468510276200312
[-3.21307444e+00 -3.38942010e-01  1.60197774e-02 -7.56187153e+00
  3.19456010e+02] 7.569480780841522
[-3.15009562e+00 -1.45750569e-01  9.18243088e-02 -7.58546611e+00
  3.16528007e+02] 7.587421894865265
[-3.02692525e+00  1.19776515e-01 -5.09093435e-02 -7.30806111e+00
  3.19440531e+02] 7.309219884387162
[-3.10166649e+00  2.23651493e-01 -7.57036962e-02 -7.59189188e+00
  3.18939428e+02] 7.595562738433151
[-3.14244255e+00  3.03847954e-02  2.52486430e-01 -7.43513820e+00
  3.17176213e+02] 7.439486054159197
[-3.15543633e+00  2.85300765e-01  5.67722982e-02 -7.52170989e+00
  3.20994625e+02] 7.527332810181731
[-3.11994160e+00  1.98050473e-01 -2.02825056e-03 -7.67733816e+00
  3.21775097e+02] 7.679892531162447
[-3.08885490e+00 -3.95275467e-02  9.17101210e-02 -7.38371068e+00
  3.18698138e+02] 7.384385994284087
[-3.11657878e+00  6.55257928e-02  5.50289553e-02 -7.68533978e+00
  3.19357289e+02] 7.685816110278122
[-3.09579589e+00 -2.73943229e-01  1.81120756e-02 -7.63646655e+00
  3.20690969e+02] 7.641400024014734
[-3.12484136e+00  3.80516119e-01  1.08465611e-01 -7.20148643e+00
  3.17837245e+02] 7.21234803332006
[-3.16594816e+00 -4.06393087e-02 -4.16490373e-02 -7.18279840e+00
  3.16963080e+02] 7.183034112733711
[-3.08876748e+00  1.63121172e-01  1.18791825e-01 -7.52666054e+00
  3.18537067e+02] 7.529365103805693
[-3.16840580e+00 -4.24697003e-02 -2.24205797e-01 -7.68663640e+00
  3.21332689e+02] 7.690022821810517
[-3.07602403e+00  1.70778282e-01  2.71715987e-01 -7.33539271e+00
  3.16495755e+02] 7.342409757483168
[-3.14138515e+00 -3.37960826e-01 -9.95192407e-02 -7.54505290e+00
  3.18851527e+02] 7.553273782230291
[-3.10630075e+00  2.46471555e-01  4.00521245e-02 -7.32957376e+00
  3.18049558e+02] 7.333826002594255
[-3.18213065e+00  8.67249402e-02  3.34158768e-02 -7.31051043e+00
  3.17249420e+02] 7.311101184803394
[-3.13811643e+00  4.42797733e-02  1.82889157e-01 -7.63525152e+00
  3.21927165e+02] 7.6375699633025
[-3.15992780e+00 -1.08424003e-02 -3.04489123e-01 -7.44870552e+00
  3.16600635e+02] 7.454934277305033
[-3.07928987e+00  1.36901208e-01 -2.75932654e-01 -7.49900379e+00
  3.18902237e+02] 7.50532735094652
[-3.15288496e+00 -1.87032912e-01  1.22029721e-01 -7.36142458e+00
  3.19097912e+02] 7.364811228901964
[-3.14217842e+00  1.99285498e-02 -1.49856859e-01 -7.78465568e+00
  3.20619196e+02] 7.786123441604214
[-3.09773289e+00 -1.38166940e-02 -1.31348392e-01 -7.24705285e+00
  3.17322488e+02] 7.248256227507344
[-3.10263981e+00 -2.22955909e-01 -2.22459341e-02 -7.55628852e+00
  3.19500685e+02] 7.559609805231747
[-3.16143498e+00 -2.60123725e-01  1.43765936e-01 -7.72341177e+00
  3.19016210e+02] 7.729128175588934
[-3.08584043e+00 -1.98018420e-01  1.19273669e-01 -7.24201601e+00
  3.15690157e+02] 7.245704481025638
[-3.22943762e+00 -2.02947322e-02  9.59898684e-02 -7.52945263e+00
  3.17045721e+02] 7.530091822123733
[-3.17203011e+00 -1.44078838e-01  1.81402454e-01 -7.39391504e+00
  3.17470413e+02] 7.397543184551641
[-3.12196675e+00  9.56981618e-02  1.75795159e-01 -7.30307998e+00
  3.17631012e+02] 7.305822281981777
[-3.16824292e+00 -2.86848400e-02  8.36142275e-02 -7.55968449e+00
  3.17348182e+02] 7.560201302279634
[-3.02983467e+00 -5.31123260e-02 -9.18167621e-02 -7.46186008e+00
  3.19110592e+02] 7.462613957130182
[-3.21164200e+00 -1.64346634e-01 -2.74980564e-01 -7.43531748e+00
  3.16789989e+02] 7.442215409565918
[-3.18865258e+00 -2.42265767e-02  1.16538157e-01 -7.50174627e+00
  3.20067381e+02] 7.502690529003881
[-3.09905545e+00  2.88463188e-02  1.15622334e-02 -7.41616577e+00
  3.18022168e+02] 7.416230887999238
[-3.30379140e+00  5.02605667e-02  8.91644948e-02 -7.63973687e+00
  3.19110851e+02] 7.64042249380059
[-3.19335302e+00 -5.92230781e-02 -2.33082107e-01 -7.36944103e+00
  3.17323638e+02] 7.373363936263987
[-3.24989732e+00  9.33451616e-02  6.16791773e-02 -7.36461667e+00
  3.16822779e+02] 7.365466474566204
[-3.10902869e+00  1.59091691e-01  4.91823575e-03 -7.80409643e+00
  3.21873223e+02] 7.805719409830203
[-3.08986551e+00  2.34973471e-01 -1.07953212e-01 -7.46606267e+00
  3.18618001e+02] 7.470539351487134
[-3.09820758e+00  4.97271941e-02 -1.23156709e-01 -7.25346916e+00
  3.17726329e+02] 7.254685055392682
[-3.15524696e+00 -2.45393827e-01 -1.35248275e-02 -7.62284497e+00
  3.21336973e+02] 7.626805786428735
[-3.09482378e+00 -7.30206306e-02 -1.17133284e-01 -7.50819764e+00
  3.21770090e+02] 7.509466295756569
[-3.09557846e+00  2.60916601e-03  1.95233377e-02 -7.39645244e+00
  3.18389297e+02] 7.396478662633589
[-3.12050662e+00  1.41056587e-01  3.83007800e-02 -7.48887049e+00
  3.17702703e+02] 7.490296731934184
[-3.13160619e+00  1.34767853e-01 -1.69981187e-01 -7.34927459e+00
  3.19115587e+02] 7.3524752968130525
[-3.15402328e+00 -1.25506184e-01 -7.22988046e-02 -7.58468763e+00
  3.19445071e+02] 7.586070483534653
[-3.11665254e+00 -1.80349672e-01 -6.51670913e-02 -7.26019843e+00
  3.15233894e+02] 7.262730480291008
[-3.17677140e+00 -1.22676707e-01  2.37317905e-01 -7.12451077e+00
  3.13563208e+02] 7.129517732168415
[-3.09950449e+00 -2.74854549e-02 -1.27564203e-01 -7.54326287e+00
  3.20795988e+02] 7.544391475249453
[-3.18878651e+00 -2.32810578e-01 -1.72765672e-01 -7.75960523e+00
  3.20381398e+02] 7.765019131667488
[-3.19115835e+00 -7.72211427e-02 -2.53331152e-01 -7.66110686e+00
  3.18396172e+02] 7.665683149757477
[-3.10632982e+00  2.96901387e-01  1.26364071e-01 -7.69483007e+00
  3.20116043e+02] 7.70159257287411
[-3.09325365e+00 -2.66438262e-02 -3.93904293e-03 -7.39152415e+00
  3.17252395e+02] 7.39157322500626
[-3.11609369e+00  7.54033721e-02  5.50708447e-02 -7.67930132e+00
  3.19074210e+02] 7.679868956522371
[-3.09015282e+00  1.21139075e-01  1.07504552e-02 -7.52184431e+00
  3.20371824e+02] 7.522827396539606
[-3.11357406e+00  3.86776676e-02 -1.07244685e-01 -7.42633081e+00
  3.20673381e+02] 7.4272058489117
[-3.12719052e+00  2.25016931e-01  2.15464550e-01 -7.34063575e+00
  3.17555798e+02] 7.347243756933193
[-3.07686937e+00  1.80540428e-02 -1.07107121e-01 -7.30336432e+00
  3.18258044e+02] 7.304171977052392
[-3.12751842e+00 -5.88744435e-02  1.32995540e-01 -7.16623637e+00
  3.18439720e+02] 7.167712166688176
[-3.04702072e+00  6.71336563e-02  7.71772943e-02 -7.63318182e+00
  3.21027272e+02] 7.633867165297395
[-3.09901115e+00  1.02074592e-01 -6.06652037e-02 -7.28932789e+00
  3.16163231e+02] 7.290294962389914
[-3.16175176e+00 -8.86358009e-02 -4.84008521e-02 -7.63163154e+00
  3.20150763e+02] 7.632299713619316
[-3.16238336e+00 -6.05705561e-02 -1.95669163e-01 -7.50916129e+00
  3.19099338e+02] 7.511954368010008
[-3.18293755e+00  1.91280637e-01 -1.66928816e-01 -7.31704562e+00
  3.18361146e+02] 7.321448634239948
[-3.12019555e+00  1.38268242e-01 -1.11737548e-01 -7.65655810e+00
  3.18450312e+02] 7.658621636987803
[-3.15526640e+00  2.33564735e-01  6.99159791e-02 -7.25821402e+00
  3.17292254e+02] 7.262307586538144
[-3.14973119e+00  5.47713728e-02  4.61567154e-03 -7.42896206e+00
  3.19052991e+02] 7.429165398222378
[-3.08640416e+00  2.23850167e-01  1.87773881e-01 -7.14518919e+00
  3.16480922e+02] 7.151160495297322
[-3.07047738e+00 -1.15399719e-02  2.39394225e-01 -7.74087278e+00
  3.21675122e+02] 7.744582241216475
[-3.22459491e+00  7.34332125e-02  1.69106070e-01 -7.35360082e+00
  3.16737254e+02] 7.355911522145439
[-3.11908410e+00  1.65348551e-01  2.08838967e-01 -7.44245518e+00
  3.19444348e+02] 7.447220483691908
[-3.17934445e+00 -1.32003436e-01  7.57740051e-02 -7.74836312e+00
  3.21849990e+02] 7.749857908276183
[-3.17376446e+00  4.70458811e-02 -1.09093237e-01 -7.44571643e+00
  3.18733414e+02] 7.446664204594007
[-3.17395715e+00 -3.72399869e-01 -6.73378142e-02 -7.43941085e+00
  3.16846257e+02] 7.449030131627655
[-3.14390482e+00 -4.26116541e-02 -7.96803714e-02 -7.37998288e+00
  3.18661569e+02] 7.380536028604084
[-3.05132803e+00  3.53505114e-03  1.13812886e-01 -7.31468682e+00
  3.20477359e+02] 7.315573056157271
[-3.10130006e+00  2.25579356e-01 -4.12433620e-02 -7.49062976e+00
  3.17753979e+02] 7.494139130224498
[-3.07324897e+00 -5.36250366e-02 -1.31205074e-01 -7.56972863e+00
  3.21712627e+02] 7.571055534091404
[-3.15802683e+00 -1.29768401e-02  1.06362700e-01 -7.37725974e+00
  3.17905403e+02] 7.37803786500266
[-3.08866379e+00  2.62451970e-01 -5.08840812e-02 -7.07199658e+00
  3.17266997e+02] 7.0770478216346
[-3.14076571e+00 -1.41908473e-01 -2.06416337e-01 -7.43995041e+00
  3.17417269e+02] 7.444166025952354
[-3.07161623e+00  1.63885624e-01 -6.48371665e-02 -7.50128559e+00
  3.19466939e+02] 7.50335577466713
[-3.08384936e+00 -1.73222194e-01  9.15747335e-02 -7.39159221e+00
  3.17765128e+02] 7.394188745154448
