/mnt/stage/douwei/Simulation/5kt_root/2MeV/5kt_-11.80_2.root
[-3.78494019e+00 -1.73675010e-01  1.91503798e-01 -1.21972604e+01
  3.56271791e+02] 12.199999929975894
[-3.72865958e+00  1.38311517e-01 -2.32929835e-01 -1.21969920e+01
  3.56811632e+02] 12.200000005583142
[-3.68962218e+00  6.00551443e-02  1.21312114e-01 -1.21992490e+01
  3.56015280e+02] 12.200000000582138
[-3.77707224e+00  2.73703207e-02 -7.49191841e-04 -1.21999693e+01
  3.55489973e+02] 12.199999999615684
[-3.77188401e+00 -8.24160035e-02  8.65648392e-02 -1.21994145e+01
  3.54108707e+02] 12.199999979849231
[-3.70886857e+00 -2.96045065e-01 -1.57878610e-01 -1.21953857e+01
  3.55934315e+02] 12.200000029171031
[-3.83624030e+00  3.09655260e-01 -7.19843922e-03 -1.21960675e+01
  3.50880381e+02] 12.199999998571258
[-3.84739067e+00 -2.77467884e-02 -2.92313652e-01 -1.21964660e+01
  3.52595879e+02] 12.199999990539713
[-3.86429339e+00 -6.02886319e-02  2.27218946e-01 -1.21977349e+01
  3.57154324e+02] 12.200000000684332
[-3.85862424e+00  1.13814558e-01  8.24767436e-03 -1.21994663e+01
  3.55701923e+02] 12.199999999974427
[-3.84177163e+00 -7.65491023e-02  6.62311759e-02 -1.21995800e+01
  3.53395135e+02] 12.19999996628289
[-3.79265131e+00 -1.39714062e-01  3.93887511e-02 -1.21991363e+01
  3.55494323e+02] 12.199999902232465
[-3.79018493e+00  2.19694916e-02 -9.15521172e-02 -1.21996367e+01
  3.55015688e+02] 12.199999994879454
[-3.73142346e+00 -1.12468195e-01  5.94837383e-04 -1.21994815e+01
  3.54272880e+02] 12.199999965601464
[-3.75642775e+00  1.08144740e-01 -1.61257465e-01 -1.21984548e+01
  3.56604477e+02] 12.199999945665818
[-3.79814700e+00  1.23758007e-03 -1.58445495e-01 -1.21989710e+01
  3.55116177e+02] 12.199999992470909
[-3.85011783e+00 -8.37654279e-02  5.66896444e-02 -1.21995806e+01
  3.51891071e+02] 12.199999895302026
[-3.86431885e+00 -1.26271940e-01 -1.01635514e-01 -1.21989231e+01
  3.53555917e+02] 12.19999998087076
[-3.72368902e+00 -1.52781715e-01 -6.77060746e-02 -1.21988554e+01
  3.54567380e+02] 12.200000003170905
[-3.74876550e+00 -2.01059108e-01  1.38109455e-01 -1.21975613e+01
  3.55839417e+02] 12.200000021958529
[-3.84121484e+00  3.14666466e-02  2.35294094e-02 -1.21999368e+01
  3.54696257e+02] 12.200000033622615
[-3.87295392e+00 -1.32309655e-01 -1.53022347e-01 -1.21983227e+01
  3.54890501e+02] 12.199999926650264
[-3.81423457e+00  2.41365783e-02  8.09101144e-03 -1.21999735e+01
  3.55053207e+02] 12.200000019981317
[-3.80355313e+00 -9.43227219e-02  8.70849246e-02 -1.21993245e+01
  3.54475824e+02] 12.199999961825716
[-3.78504991e+00 -1.47787491e-01 -3.47970513e-02 -1.21990552e+01
  3.53750633e+02] 12.199999999295239
[-3.73364307e+00 -5.79499295e-02  7.66176401e-02 -1.21996218e+01
  3.55740904e+02] 12.19999999344431
[-3.88447031e+00 -2.75027627e-02  1.00274018e-01 -1.21995569e+01
  3.52693519e+02] 12.200000000031967
[-3.71466962e+00 -1.02329544e-01 -6.41226313e-02 -1.21994023e+01
  3.54497584e+02] 12.19999997965985
[-3.73865749e+00 -1.26857122e-01 -8.01840987e-02 -1.21990769e+01
  3.54598792e+02] 12.199999995910934
[-3.75640112e+00 -1.17846126e-01  1.46803942e-01 -1.21985475e+01
  3.53145011e+02] 12.199999999947089
[-3.71628860e+00 -7.26781247e-02 -1.07502793e-02 -1.21997788e+01
  3.57764594e+02] 12.200000013705104
[-3.76155693e+00 -3.20565540e-01  7.38767744e-03 -1.21957853e+01
  3.54643997e+02] 12.199999800264822
[-3.84735530e+00  1.37059820e-01  1.94054048e-01 -1.21976866e+01
  3.55680503e+02] 12.199999999400676
[-3.78252778e+00 -8.48466960e-03  1.86970752e-01 -1.21985642e+01
  3.55429226e+02] 12.199999973875586
[-3.74623935e+00 -2.45763029e-01 -2.29360705e-01 -1.21953677e+01
  3.56984204e+02] 12.199999999623858
[-3.70650977e+00 -2.86640979e-02 -6.51632663e-03 -1.21999646e+01
  3.54605396e+02] 12.200000000013134
[-3.73218621e+00 -1.82163346e-01 -1.61709426e-01 -1.21975681e+01
  3.57944179e+02] 12.200000040531371
[-3.70895592e+00  9.94857835e-02 -4.52924389e-02 -1.21995103e+01
  3.59567080e+02] 12.20000000006026
[-3.72123011e+00  7.26558097e-02 -1.24961645e-01 -1.21991436e+01
  3.53192093e+02] 12.199999986532069
[-3.78237953e+00  2.34517259e-01 -2.76736573e-01 -1.21946061e+01
  3.55054783e+02] 12.199999999889236
[-3.68986887e+00 -2.10939046e-01 -1.73587847e-01 -1.21969411e+01
  3.54517525e+02] 12.199999970419675
[-3.79023292e+00 -2.33337054e-02  5.64282034e-02 -1.21998472e+01
  3.57521830e+02] 12.200000003149299
[-3.73866843e+00  2.09057889e-01 -1.35580936e-01 -1.21974552e+01
  3.57431020e+02] 12.200000001562943
[-3.78229415e+00 -1.53013580e-01  4.98323455e-03 -1.21990394e+01
  3.54588080e+02] 12.19999999936366
[-3.78493916e+00  1.40664028e-02  9.66416823e-03 -1.21999881e+01
  3.55706611e+02] 12.199999999977093
[-3.79266499e+00 -1.69347260e-01 -1.00110552e-01 -1.21640923e+01
  3.51728882e+02] 12.16568297086705
[-3.73115284e+00  1.91190186e-01  5.07132923e-03 -1.21985008e+01
  3.54756686e+02] 12.200000000054093
[-3.75871497e+00  1.18648954e-01  2.19215655e-01 -1.21974533e+01
  3.55180475e+02] 12.200000024655662
[-3.80000622e+00 -1.48439893e-02 -1.34576617e-01 -1.21992487e+01
  3.54795191e+02] 12.200000027482442
[-3.83623612e+00  1.88993964e-01 -7.42575494e-02 -1.21983100e+01
  3.52508607e+02] 12.19999999967617
[-3.79283090e+00 -1.64166099e-01  5.32798171e-02 -1.21987791e+01
  3.56490083e+02] 12.200000000472064
[-3.81179540e+00 -2.92101214e-01  1.92390871e-01 -1.21949851e+01
  3.55070559e+02] 12.199999996933608
[-3.76426024e+00  6.95452084e-02  2.97881189e-01 -1.21961646e+01
  3.54380574e+02] 12.200000016606037
[-3.78494578e+00  1.71043075e-01 -1.63854321e-01 -1.21977004e+01
  3.54850859e+02] 12.200000000951611
[-3.76936956e+00  1.61004863e-01 -7.57024186e-02 -1.21987027e+01
  3.56476108e+02] 12.200000004263503
[-3.75113231e+00  5.08686377e-03 -1.24344704e-01 -1.21993653e+01
  3.55349077e+02] 12.20000003493606
[-3.77717236e+00 -2.42407056e-01 -5.95376980e-01 -1.21830524e+01
  3.56594696e+02] 12.199999996705102
[-3.74366900e+00  5.54822499e-02  1.64892759e-01 -1.21987594e+01
  3.55266884e+02] 12.1999999817042
[-3.78230337e+00 -1.52507413e-01  2.32369370e-01 -1.21968334e+01
  3.54835975e+02] 12.199999987719295
[-3.79593201e+00 -1.70262644e-01  3.53487210e-02 -1.21987606e+01
  3.56174791e+02] 12.199999991587482
[-3.76417594e+00  2.38138818e-01 -1.47538208e-01 -1.21967832e+01
  3.53833040e+02] 12.19999991166038
[-3.72122003e+00  8.81388283e-02  1.04131323e-01 -1.21992372e+01
  3.53937985e+02] 12.199999999806726
[-3.85582473e+00 -1.32655078e-02 -9.51668429e-02 -1.21996216e+01
  3.52563923e+02] 12.200000018560264
[-3.85589066e+00 -3.33268773e-01 -2.58075360e-01 -1.21927162e+01
  3.53162736e+02] 12.199999996762894
[-3.74621536e+00  1.39940092e-01 -1.39402090e-01 -1.21984009e+01
  3.56580052e+02] 12.200000000607226
[-3.83623822e+00  1.00191674e-02 -1.01609170e-01 -1.21995727e+01
  3.54305499e+02] 12.199999948175307
[-3.78232039e+00  2.02673419e-01  5.19883570e-02 -1.21982056e+01
  3.53964107e+02] 12.199999960228961
[-3.68724302e+00  2.92191523e-01 -1.38863042e-02 -1.21964926e+01
  3.56980741e+02] 12.20000001816669
[-3.94431926e+00 -9.03287664e-02 -2.77963324e-01 -1.21964985e+01
  3.52136956e+02] 12.199999990751426
[-3.72616640e+00  7.54208823e-02 -2.39324606e-01 -1.21974192e+01
  3.53192211e+02] 12.20000002551157
[-3.77449724e+00 -1.39056209e-01  7.43964288e-02 -1.21989806e+01
  3.53720791e+02] 12.199999969502755
[-3.73614217e+00 -1.81486657e-01 -7.05108004e-02 -1.21984462e+01
  3.53876798e+02] 12.200000002882947
[-3.78492783e+00 -2.12174402e-02  3.50888283e-02 -1.21999311e+01
  3.53404397e+02] 12.199999992833975
[-3.72615317e+00 -2.33470433e-01  2.52322897e-01 -1.21951558e+01
  3.53934025e+02] 12.19999999720489
[-3.75647483e+00  9.89036625e-02  8.81869114e-02 -1.21992803e+01
  3.55428465e+02] 12.19999996973148
[-3.71384363e+00  3.01463053e-02 -1.59365829e-01 -1.21989218e+01
  3.56764346e+02] 12.200000000140756
[-3.69443064e+00  4.34383522e-02 -1.73147772e-01 -1.21986939e+01
  3.54672778e+02] 12.200000000271551
[-3.71875484e+00 -6.29118365e-02 -1.56463838e-01 -1.21988344e+01
  3.57035462e+02] 12.200000000193494
[-3.76669100e+00 -1.32294142e-01 -1.91556526e-01 -1.21977787e+01
  3.53383413e+02] 12.199999997848527
[-3.72371145e+00 -6.88124677e-03 -2.93336309e-01 -1.21964711e+01
  3.55714866e+02] 12.199999999963598
[-3.74118357e+00  2.81264332e-02 -1.21945427e-01 -1.21993581e+01
  3.57246746e+02] 12.200000000050967
[-3.83071880e+00  9.04884016e-02  1.91842318e-01 -1.21981559e+01
  3.53621016e+02] 12.199999976548519
[-3.69204219e+00 -2.66281936e-02  1.16664401e-01 -1.21994131e+01
  3.56383039e+02] 12.199999999883058
[-3.77971565e+00 -3.81620815e-01 -1.63090731e-01 -1.21929392e+01
  3.55094855e+02] 12.199999955572551
[-3.72856581e+00 -1.95726511e-01 -1.72919210e-01 -1.21972042e+01
  3.55178838e+02] 12.199999996052934
[-3.83347923e+00 -1.63427772e-01  2.13791860e-01 -1.21970318e+01
  3.54083590e+02] 12.19999999989133
[-3.79288349e+00 -1.99546447e-01  5.16025115e-02 -1.21982588e+01
  3.52977921e+02] 12.199999997488694
[-3.83348759e+00 -2.58018988e-01 -2.20656480e-01 -1.21952751e+01
  3.55305381e+02] 12.199999883852163
[-3.74622433e+00 -4.97575361e-02  3.07158362e-01 -1.21960312e+01
  3.54917132e+02] 12.199999915596864
[-3.78492610e+00 -3.97015057e-02 -3.50698107e-02 -1.21998850e+01
  3.50524880e+02] 12.199999997597123
[-3.75128612e+00 -1.76189895e-02  1.41615929e-01 -1.21991653e+01
  3.58143425e+02] 12.200000000763938
[-3.70650207e+00  3.22261368e-01  1.49454274e-01 -1.21948272e+01
  3.57049866e+02] 12.200000002157266
[-3.79817601e+00 -1.09453807e-01  1.33446891e-02 -1.21995017e+01
  3.55275490e+02] 12.199999999824929
[-3.80610344e+00 -3.81116769e-01 -2.24987904e-01 -1.21919699e+01
  3.54940428e+02] 12.200000027965332
[-3.68731401e+00  2.73619407e-01 -2.77276911e-01 -1.21937791e+01
  3.55562458e+02] 12.199999998753823
[-3.83893518e+00 -6.32590247e-02  1.05017957e-01 -1.21993839e+01
  3.55411485e+02] 12.199999925272289
[-3.78197918e+00  1.99247143e-01  1.50980002e-02 -1.21983634e+01
  3.53218796e+02] 12.199999906979713
[-3.79820199e+00  1.65998349e-02  2.21633129e-01 -1.21979754e+01
  3.55541796e+02] 12.199999999958322
[-3.84253751e+00  2.80188798e-01  1.04674054e-01 -1.21718528e+01
  3.50905969e+02] 12.175527233027793
[-3.67537112e+00  3.83335771e-02  9.22289738e-02 -1.21995912e+01
  3.57190180e+02] 12.200000000065739
[-3.83348346e+00  1.01781886e-01  1.85495856e-01 -1.21981651e+01
  3.53465278e+02] 12.199999996124758
[-3.74372499e+00 -2.74021206e-01  7.38517849e-02 -1.21966987e+01
  3.55879895e+02] 12.19999999984648
[-3.79550009e+00  4.51038784e-02 -2.19063457e-01 -1.21979497e+01
  3.55768715e+02] 12.199999994695675
[-3.74624958e+00  5.82160269e-02 -7.02001768e-02 -1.21996585e+01
  3.52285330e+02] 12.19999937437692
[-3.74874264e+00 -1.33473628e-01 -1.65591886e-01 -1.21981459e+01
  3.56292569e+02] 12.199999999741271
[-3.72370139e+00  6.67960271e-02 -2.32232679e-01 -1.21976066e+01
  3.57745319e+02] 12.200000000593244
[-3.87007265e+00 -1.84143546e-01 -3.78051261e-01 -1.21927507e+01
  3.55097440e+02] 12.200000000928114
[ -3.80250594  -0.36700064   0.40338452 -12.187805   354.4942173 ] 12.199999970722754
[-3.73355944e+00  1.63680456e-01 -2.73996064e-02 -1.21978179e+01
  3.55525963e+02] 12.198946819808187
[-3.81165684e+00 -3.72470455e-01 -1.85662541e-01 -1.21928994e+01
  3.54274276e+02] 12.199999999600411
[-3.79816270e+00  4.79439746e-02 -1.44160766e-01 -1.21990528e+01
  3.53859661e+02] 12.199998794412213
[-3.76669174e+00  9.63977587e-02  1.86747958e-01 -1.21981897e+01
  3.54954563e+02] 12.200000000176233
[-3.82522129e+00  2.20585606e-01 -1.58672151e-01 -1.21969736e+01
  3.57165723e+02] 12.200000000016198
[-3.77710164e+00  1.02776503e-02 -1.33148063e-01 -1.21992691e+01
  3.55567447e+02] 12.199999999328528
[-3.75388571e+00 -3.89680463e-01 -8.78521491e-02 -1.21934585e+01
  3.53564559e+02] 12.20000000632205
[-3.80356147e+00  1.04966428e-02 -9.83125681e-02 -1.21995993e+01
  3.54797019e+02] 12.199999976462887
[-3.80621547e+00  1.47510782e-01 -1.58369455e-01 -1.21980802e+01
  3.54320535e+02] 12.199999997076642
[-3.70288069e+00  5.69795000e-02 -1.62158706e-02 -1.21998562e+01
  3.56212266e+02] 12.199999991890065
[-3.65670530e+00  1.57100717e-01 -3.44020875e-01 -1.21941367e+01
  3.57927101e+02] 12.199999989872614
[-3.76671612e+00  1.48417821e-01  2.99592192e-01 -1.21954179e+01
  3.54714416e+02] 12.199999999937276
[-3.73373881e+00 -7.10899156e-02  4.50132712e-02 -1.21997098e+01
  3.56542731e+02] 12.199999992237446
[-3.74804602e+00 -2.38034399e-01 -9.30689443e-02 -1.21581735e+01
  3.55906837e+02] 12.160859571491724
[-3.79550855e+00  1.92390950e-02 -9.53286419e-02 -1.21996124e+01
  3.57277999e+02] 12.200000002167508
[-3.71698497e+00  5.86725620e-02  2.12567653e-01 -1.21980069e+01
  3.56668092e+02] 12.200000015227737
[-3.80892595e+00  3.61038517e-01 -2.18414085e-02 -1.21946371e+01
  3.54319005e+02] 12.200000000616987
[-3.76155218e+00 -2.33125195e-01  2.54868812e-01 -1.21951094e+01
  3.52401384e+02] 12.199999979373608
[-3.85356884e+00 -5.60854526e-02 -4.56328487e-02 -1.21997857e+01
  3.54183169e+02] 12.199999994570085
[-3.85017037e+00  7.30173547e-02 -4.60333644e-02 -1.21996946e+01
  3.54988846e+02] 12.200000000570038
[-3.72370823e+00  4.11172752e-03  1.12969663e-01 -1.21994763e+01
  3.52900737e+02] 12.199999999367702
[-3.70747208e+00  1.81562062e-01  9.27934001e-02 -1.21982960e+01
  3.55301843e+02] 12.200000038432504
[-3.74630147e+00  1.12473869e-01  1.32164711e-01 -1.21987656e+01
  3.55903851e+02] 12.19999998466649
[-3.70163020e+00 -3.35462292e-01  2.75878401e-01 -1.21922659e+01
  3.56382323e+02] 12.199999659943044
[-3.77968332e+00  1.92150369e-02  6.61714765e-02 -1.21998054e+01
  3.55654247e+02] 12.199999995828525
[-3.71164808e+00 -3.73573431e-01  9.46130452e-02 -1.21939121e+01
  3.55608056e+02] 12.200000021419203
[-3.73605734e+00  4.01162849e-02  3.96003201e-01 -1.21935053e+01
  3.56292228e+02] 12.20000001907803
[-3.70090641e+00  1.55111559e-02 -2.58489787e-01 -1.21972514e+01
  3.57117868e+02] 12.199999983967956
[-3.70166524e+00  1.15389654e-01 -8.96291252e-02 -1.21991250e+01
  3.55143985e+02] 12.19999998085738
[-3.80627204e+00 -2.26114238e-01 -2.71175132e-01 -1.21948898e+01
  3.54329735e+02] 12.199999989657398
[-3.64748447e+00 -1.92191699e-01  2.78015718e-01 -1.21953175e+01
  3.54351074e+02] 12.199999999887979
[-3.74182242e+00  1.62507776e-01 -3.43651723e-01 -1.21940762e+01
  3.57396212e+02] 12.200000025640936
[-3.75517325e+00  8.04397743e-02  2.56903722e-01 -1.21970290e+01
  3.56145484e+02] 12.199999427093294
[-3.83609522e+00 -1.28507649e-02  3.12787298e-01 -1.21959828e+01
  3.55702443e+02] 12.199999914857253
[-3.79823875e+00  1.36001154e-01 -1.63918186e-01 -1.21981406e+01
  3.54809370e+02] 12.199999966203011
[-3.72862191e+00 -9.26060948e-02  4.20134528e-02 -1.21995762e+01
  3.55207703e+02] 12.199999998084214
[-3.78232475e+00 -7.27116377e-02  9.11865812e-03 -1.21997799e+01
  3.55268981e+02] 12.199999988179455
[-3.74623433e+00 -4.62067529e-03  1.22566785e-01 -1.21993834e+01
  3.54361319e+02] 12.200000000014613
[-3.78761047e+00 -1.21106127e-01  1.43152084e-01 -1.21985590e+01
  3.53353268e+02] 12.199999999983627
[-3.72179183e+00  6.75052085e-03 -2.85064638e-01 -1.21133914e+01
  3.54257204e+02] 12.11674702027113
[-3.73615199e+00  1.58144126e-01  8.04142624e-02 -1.21987099e+01
  3.55193418e+02] 12.200000000051816
[-3.84179417e+00  1.57939552e-01  6.47705975e-02 -1.21988057e+01
  3.54711010e+02] 12.199999980334002
[-3.70897044e+00  2.54474743e-01 -1.38316113e-01 -1.21965615e+01
  3.56763383e+02] 12.200000000229664
[-3.88131764e+00 -3.30771716e-02  7.65070493e-02 -1.21997153e+01
  3.52448934e+02] 12.199999996452917
[-3.73862202e+00 -2.06342933e-01  2.27113755e-02 -1.21982337e+01
  3.53123471e+02] 12.199999990486774
[-3.80891604e+00 -2.15184932e-01  5.55760162e-02 -1.21979755e+01
  3.55049074e+02] 12.199999999775567
[-3.77707067e+00 -1.19844571e-01 -1.43139840e-02 -1.21994030e+01
  3.56595371e+02] 12.200000000270045
[-3.69926767e+00 -8.83103430e-02  3.22601359e-01 -1.21954143e+01
  3.55882687e+02] 12.200000000486115
[-3.77791214e+00 -1.76626106e-01 -1.24631749e-01 -1.21980814e+01
  3.56138092e+02] 12.19999674597516
[-3.74876179e+00  7.42169453e-02 -1.57911373e-01 -1.21987522e+01
  3.55370075e+02] 12.200000000603076
[-3.79548909e+00 -9.56001619e-02  3.03090236e-01 -1.21958598e+01
  3.56827129e+02] 12.199999989165894
[-3.84185154e+00  4.62528963e-02 -2.55296855e-01 -1.21972408e+01
  3.54817892e+02] 12.199999991896668
[-3.66598730e+00  6.80071914e-02  2.05823672e-01 -1.21980741e+01
  3.54628800e+02] 12.200000000562774
[-3.75131101e+00 -9.00596535e-02 -1.41127798e-01 -1.21988513e+01
  3.55262292e+02] 12.199999996108087
[-3.76152608e+00 -1.36142485e-01  6.87698000e-02 -1.21990465e+01
  3.56266867e+02] 12.200000000126366
[-3.68007795e+00 -1.22259804e-01  1.05780015e-01 -1.21989286e+01
  3.55971785e+02] 12.199999857016705
[-3.76410770e+00  8.64292956e-02  2.20857478e-01 -1.21976945e+01
  3.55704143e+02] 12.20000000443908
[-3.75895950e+00 -1.64486497e-01  1.28881303e-01 -1.21982103e+01
  3.55143833e+02] 12.199999987337296
[-3.76164783e+00 -4.53641801e-02  1.93818137e-01 -1.21983760e+01
  3.51952043e+02] 12.199999997318674
[-3.77969439e+00 -8.93440095e-02  2.16664429e-01 -1.21977487e+01
  3.56707266e+02] 12.200000000384081
[-3.80087945e+00 -1.04450606e-01  2.46035345e-01 -1.21970716e+01
  3.54961450e+02] 12.199999988551248
[-3.78759025e+00 -2.00689152e-01  2.14543479e-01 -1.21964624e+01
  3.54526876e+02] 12.199999999624469
[-3.78757999e+00  7.12422747e-03 -1.34989470e-01 -1.21992511e+01
  3.53785567e+02] 12.199999997377294
[-3.84458044e+00 -1.12064566e-01  2.23051332e-01 -1.21974460e+01
  3.54984841e+02] 12.200000000003191
[-3.83072214e+00 -8.54743736e-02 -2.23177253e-01 -1.21976590e+01
  3.54978569e+02] 12.199999988926766
[-3.85016293e+00  1.21781347e-01 -1.11445665e-01 -1.21988831e+01
  3.53946218e+02] 12.19999997257031
[-3.63895015e+00  2.89646102e-02 -2.21644315e-01 -1.21979521e+01
  3.56300698e+02] 12.200000039633743
[-3.77183099e+00  1.25618261e-01  5.89425557e-02 -1.21992109e+01
  3.56274008e+02] 12.199999996818269
[-3.83347433e+00  1.28927785e-04  1.69593974e-01 -1.21988212e+01
  3.54682068e+02] 12.199999991427156
[-3.72121995e+00  7.00058629e-02 -7.02079136e-03 -1.21997971e+01
  3.59083655e+02] 12.200000003188274
[-3.76157499e+00 -5.03672056e-02 -2.68048878e-01 -1.21969509e+01
  3.55109442e+02] 12.199999963856552
[-3.84737451e+00 -2.09981200e-01  4.38310986e-02 -1.21981141e+01
  3.54561750e+02] 12.199999998790274
[-3.67550684e+00 -1.22907940e-01  1.92989381e-01 -1.21978542e+01
  3.55708652e+02] 12.19999997021221
[-3.86150733e+00 -1.34083995e-01  1.81790803e-01 -1.21979086e+01
  3.53048993e+02] 12.199999994178727
[-3.80092395e+00  5.26202048e-02 -1.30482490e-02 -1.21998795e+01
  3.54613571e+02] 12.199999996967138
[-3.84459932e+00 -9.32912276e-02  7.59299887e-02 -1.21994070e+01
  3.54797904e+02] 12.20000000269183
[-3.74879451e+00 -4.81727180e-02  1.18127625e-02 -1.21998992e+01
  3.55355058e+02] 12.199999999923115
[-3.73872311e+00 -5.15784960e-01  4.96077532e-03 -1.21890911e+01
  3.51926336e+02] 12.199999995215574
[-3.70894936e+00 -1.19556658e-02 -2.23086225e-01 -1.21979543e+01
  3.56855327e+02] 12.199999998629837
[-3.99808109e+00 -2.24278560e-01 -3.52913577e-02 -1.21978873e+01
  3.51793022e+02] 12.199999991381057
[-3.73469107e+00  1.31571756e-01 -7.87325347e-02 -1.21206694e+01
  3.54615316e+02] 12.121639217181446
[-3.82509106e+00 -1.59932115e-01  7.58564453e-02 -1.21987157e+01
  3.53865769e+02] 12.199999934956805
[-3.76154751e+00 -1.38801462e-01 -1.77855710e-01 -1.21979137e+01
  3.52261602e+02] 12.199999912749242
[-3.77719057e+00  6.24144570e-02  3.91036949e-01 -1.21935717e+01
  3.53403722e+02] 12.199999806742882
[-3.68962954e+00  7.61971064e-03  4.38842943e-02 -1.21999187e+01
  3.58463788e+02] 12.199999999782548
[-3.75897423e+00  2.89186213e-01  1.06288839e-01 -1.21961090e+01
  3.55158929e+02] 12.19999999498012
[-3.78495153e+00 -1.45554352e-01  1.79573393e-01 -1.21978099e+01
  3.55106209e+02] 12.199999989790802
[-3.75364886e+00  9.84002230e-02  1.14958443e-01 -1.21965073e+01
  3.54073118e+02] 12.197445976460015
[-3.88446321e+00  5.75779820e-02  2.42757094e-02 -1.21998400e+01
  3.54546035e+02] 12.20000000000443
[-3.76295382e+00 -6.90930430e-02  1.14096790e-02 -1.21551792e+01
  3.52109916e+02] 12.155380923498646
[-3.76154145e+00 -2.42911392e-01 -1.15894011e-01 -1.21970309e+01
  3.56424591e+02] 12.19999999960797
[-3.75900176e+00 -4.01948156e-02 -1.09363332e-01 -1.21994435e+01
  3.52940248e+02] 12.199999904857329
[-3.69922003e+00  6.89550073e-02  9.23226248e-02 -1.21994558e+01
  3.57597375e+02] 12.199999985613449
[-3.66134249e+00  8.84076417e-02 -9.44186534e-02 -1.21993143e+01
  3.55365412e+02] 12.199999978998399
[-3.73621829e+00 -1.39620262e-01 -3.01984733e-01 -1.21954627e+01
  3.55454202e+02] 12.199999996310396
[-3.73116747e+00 -2.42890769e-01  2.01351526e-01 -1.21959199e+01
  3.56038608e+02] 12.199999980980664
[-3.71384314e+00 -1.33148872e-01  5.55991084e-02 -1.21991467e+01
  3.57580427e+02] 12.199999984424593
[-3.83344275e+00  1.29534633e-01 -7.60363867e-02 -1.21990753e+01
  3.52205275e+02] 12.199999942809447
[-3.75897510e+00 -2.74353796e-01  5.18802990e-02 -1.21968044e+01
  3.58034672e+02] 12.20000000124858
[-3.80623550e+00 -3.27105694e-02 -1.95801752e-01 -1.21983848e+01
  3.52703688e+02] 12.199999995693956
[-3.75382336e+00 -1.03638422e-01  1.24995073e-01 -1.21989194e+01
  3.55203343e+02] 12.19999998188041
[-3.81976122e+00  6.81191963e-02  2.45715284e-01 -1.21973351e+01
  3.52453176e+02] 12.200000001225021
[-3.81971574e+00  2.56702154e-02  3.06059770e-02 -1.21999345e+01
  3.54896689e+02] 12.19999991110638
[-3.78231289e+00 -9.36707655e-02 -1.07655855e-01 -1.21991654e+01
  3.54146949e+02] 12.200000000186145
[-3.77182917e+00  2.18146085e-02 -1.77075971e-02 -1.21999676e+01
  3.51207078e+02] 12.199999929687996
[-3.75127921e+00 -2.28662976e-01  1.41606514e-01 -1.21970349e+01
  3.54474187e+02] 12.19999998551679
[-3.78772986e+00 -1.07614901e-01 -6.48296418e-02 -1.21993531e+01
  3.51897813e+02] 12.19999996777678
[-3.68956198e+00  1.07082441e-01 -5.26607212e-02 -1.21994163e+01
  3.56831021e+02] 12.199999951848197
[-3.76153540e+00 -1.89864489e-01 -2.24414177e-02 -1.21985019e+01
  3.52513000e+02] 12.199999999019074
[-3.75119468e+00 -1.25218274e-01 -1.71667596e-01 -1.21981495e+01
  3.54448493e+02] 12.199999996366367
[-3.75135385e+00 -2.97543120e-01 -1.37116236e-01 -1.21956003e+01
  3.54355428e+02] 12.199999994157835
[-3.81707157e+00 -4.28120053e-01 -2.20383281e-02 -1.21924660e+01
  3.53384238e+02] 12.199999998670375
[-3.76700756e+00  2.42069892e-01  1.27524401e-01 -1.21969315e+01
  3.54106593e+02] 12.199999951884164
[-3.74385497e+00 -4.04443311e-02  1.74180285e-01 -1.21986875e+01
  3.55092326e+02] 12.199998037632254
[-3.81163954e+00  4.00397404e-03  3.07217554e-01 -1.21961306e+01
  3.56066924e+02] 12.19999999605257
[-3.94745510e+00 -8.54406486e-03 -5.29403446e-02 -1.21998820e+01
  3.53492802e+02] 12.199999821293014
[-3.84830555e+00  1.10351510e-01 -1.77638839e-01 -1.21076563e+01
  3.51166442e+02] 12.109462189416886
[-3.75380851e+00  1.63124690e-01  8.73739344e-03 -1.21989063e+01
  3.57168896e+02] 12.19999999648792
[-3.76668316e+00 -7.84316973e-02  7.28207149e-02 -1.21995305e+01
  3.53966004e+02] 12.200000000107533
[-3.73866094e+00  3.08142190e-02  2.43861691e-01 -1.21975236e+01
  3.57963898e+02] 12.200000022021912
[-3.76653133e+00  1.62650502e-02  2.42215045e-01 -1.21975844e+01
  3.53498096e+02] 12.199999925180151
[-3.80891606e+00 -2.10018464e-01 -9.02394586e-02 -1.21978584e+01
  3.54057155e+02] 12.199999986797733
[-3.76686963e+00 -1.65711959e-01  6.80075998e-03 -1.21988726e+01
  3.53744192e+02] 12.200000012612696
[-3.87288285e+00  1.16466941e-01  3.71328370e-02 -1.21993875e+01
  3.52499876e+02] 12.199999996114151
[-3.76411611e+00 -1.89863302e-01  7.24456234e-02 -1.21983074e+01
  3.52574587e+02] 12.199999998922857
[-3.74863281e+00  1.95467473e-01  2.85122428e-01 -1.21951014e+01
  3.56787156e+02] 12.199999985185705
[-3.84456749e+00  1.05120080e-01  5.29960211e-02 -1.21994320e+01
  3.54807001e+02] 12.199999995319848
[-3.77200637e+00  7.64096693e-02  9.02107517e-02 -1.21994271e+01
  3.53449040e+02] 12.199999924776819
[-3.77413450e+00  1.02620070e-01 -3.24042277e-02 -1.21995251e+01
  3.55014963e+02] 12.19999977275014
[-3.77448603e+00  2.31488444e-01  2.85475940e-01 -1.21944625e+01
  3.55215928e+02] 12.200000000702262
[-3.75129212e+00 -3.36427461e-02 -1.62581033e-02 -1.21999428e+01
  3.54682333e+02] 12.19999999149716
[-3.78494527e+00 -8.72283487e-02  2.47443089e-01 -1.21971785e+01
  3.55737527e+02] 12.199999961916234
[-3.81973236e+00  7.96534575e-02  6.58299777e-02 -1.21995623e+01
  3.54160150e+02] 12.199999945622725
[-3.66598760e+00  1.07998426e-01  9.79007019e-02 -1.21991291e+01
  3.55401738e+02] 12.199999999997768
[-3.73360592e+00  2.31317946e-01  6.80341062e-02 -1.21976171e+01
  3.54327837e+02] 12.199999999203373
[-3.76927253e+00 -1.35440676e-01 -7.45999694e-02 -1.21990201e+01
  3.56303382e+02] 12.200000001113592
[-3.72364696e+00 -1.91758825e-01  1.55653750e-01 -1.21974998e+01
  3.55638158e+02] 12.19999999864244
[-3.79287721e+00  1.34666302e-01 -2.71768833e-01 -1.21962292e+01
  3.55050870e+02] 12.200000000554322
[-3.70163252e+00 -7.61423448e-03  3.89967520e-02 -1.21999353e+01
  3.55963186e+02] 12.199999997858276
[-3.67068015e+00  1.80126163e-01  1.89848828e-01 -1.21971928e+01
  3.56286135e+02] 12.200000000121168
[-3.77186757e+00  1.13143814e-01  2.90146860e-01 -1.21960245e+01
  3.53970176e+02] 12.199999984400531
[-3.78242555e+00 -3.26917185e-01  3.31279944e-01 -1.21911188e+01
  3.54070842e+02] 12.199999993790797
[-3.77188213e+00 -2.00026705e-01 -1.57052158e-01 -1.21973491e+01
  3.53601902e+02] 12.199999999238676
[-3.67771885e+00 -8.52119526e-02 -2.26593362e-01 -1.21975979e+01
  3.57572731e+02] 12.200000000127039
[-3.76593966e+00 -1.27632464e-01 -1.77409066e-02 -1.21993188e+01
  3.54734018e+02] 12.199999374599216
[-3.84197367e+00 -1.29070104e-01 -8.91047349e-02 -1.21989918e+01
  3.56482023e+02] 12.200000002522843
[-3.70900795e+00  3.89800964e-01 -2.26675811e-01 -1.21916641e+01
  3.55775412e+02] 12.199999996590781
[-3.74875957e+00 -5.69392982e-03 -1.21718751e-01 -1.21993915e+01
  3.52798286e+02] 12.199999999575471
[-3.78230985e+00  9.14717717e-02  6.15307377e-02 -1.21995018e+01
  3.55944722e+02] 12.19999985170775
[-3.71873705e+00  5.57833393e-02  3.46537174e-02 -1.21998233e+01
  3.58661671e+02] 12.20000000147832
[-3.72521589e+00 -1.19506476e-02 -1.23992712e-01 -1.20967959e+01
  3.55225190e+02] 12.097437257518322
[-3.72120005e+00 -1.73302762e-01 -2.70499189e-02 -1.21987391e+01
  3.54717095e+02] 12.200000007471203
[-3.75636952e+00  3.51160860e-02  3.33965651e-01 -1.21947320e+01
  3.52188186e+02] 12.199354670744057
[-3.80357534e+00 -5.12944803e-02 -4.68717226e-01 -1.21908848e+01
  3.53566233e+02] 12.199999999536837
[-3.75093551e+00  1.41832202e-01 -6.85625245e-02 -1.21989829e+01
  3.55315456e+02] 12.19999999778631
[-3.63157321e+00  5.44522147e-02  3.95673498e-01 -1.21934604e+01
  3.53984196e+02] 12.199999999653246
[-3.76666131e+00 -1.10979588e-01 -1.26156682e-01 -1.21988429e+01
  3.56651599e+02] 12.199999981571548
[-3.68256934e+00  5.80311233e-03  3.15708082e-01 -1.21959130e+01
  3.55456599e+02] 12.199999975295688
[-3.63379534e+00 -8.24593537e-02 -6.49688819e-02 -1.21995483e+01
  3.54664076e+02] 12.20000000074962
[-3.69903502e+00 -3.19346149e-03  1.68271174e-01 -1.21988391e+01
  3.56451327e+02] 12.200000021745366
[-3.79286789e+00  8.22005432e-02 -1.70134946e-01 -1.21985366e+01
  3.53003768e+02] 12.199999958765442
[-3.69925005e+00  3.89562512e-02  1.99822942e-01 -1.21983012e+01
  3.55223221e+02] 12.199999999806726
[-3.72256672e+00 -1.19862111e-01 -6.23379179e-02 -1.20950494e+01
  3.53346870e+02] 12.095803966209848
[-3.70654934e+00 -4.44652459e-01  1.14449838e-01 -1.21913570e+01
  3.55589665e+02] 12.19999999907105
[-3.81170593e+00  1.28772952e-01 -1.86325693e-01 -1.21978974e+01
  3.53849464e+02] 12.199999991685196
[-3.76152676e+00  2.88794143e-01  6.85799150e-02 -1.21963886e+01
  3.51778996e+02] 12.199999994359466
[-3.64060889e+00 -8.10730584e-02  1.04992113e-02 -1.21997261e+01
  3.54575867e+02] 12.199999996975139
[-3.82246008e+00 -1.35436359e-01  4.99991667e-03 -1.21992472e+01
  3.55283161e+02] 12.199999998596972
[-3.77707192e+00  1.00706930e-01 -8.92518046e-02 -1.21992577e+01
  3.54750751e+02] 12.199999852578285
[-3.81973482e+00 -1.53210520e-01 -1.52998505e-01 -1.21980784e+01
  3.52520546e+02] 12.199999984075946
[-3.87287815e+00 -1.04908818e-01  4.19172351e-02 -1.21994769e+01
  3.55128725e+02] 12.20000000352951
[-3.77716624e+00  2.08168313e-01 -1.88628459e-01 -1.21967654e+01
  3.54850386e+02] 12.199999989877766
[-3.77969873e+00  1.24577201e-02  6.84767146e-02 -1.21998015e+01
  3.54558790e+02] 12.199999996989066
[-3.75244103e+00  1.45503530e-01  4.97354032e-02 -1.21990309e+01
  3.58167463e+02] 12.199999992654128
