/mnt/stage/douwei/Simulation/5kt_root/2MeV/5kt_+4.40_3.root
[-2.98791348e+00  2.09505318e-01 -2.79808181e-02  4.44858290e+00
  2.98549949e+02] 4.453601376108635
[-3.06729688e+00 -9.53736023e-02  1.69894456e-01  4.66730152e+00
  3.00041397e+02] 4.6713663616759735
[-3.09038975e+00  1.39763586e-01 -1.18700220e-01  4.27634674e+00
  2.96199947e+02] 4.280276281544397
[-3.02752819e+00 -5.73070504e-02 -1.60240438e-01  4.61732990e+00
  2.99446264e+02] 4.620464969998656
[-3.10733015e+00  9.24300106e-02 -1.70513497e-01  4.74111377e+00
  2.99861505e+02] 4.745079344305641
[-3.11351733e+00 -3.16580031e-01  2.80469857e-01  4.61238577e+00
  2.99780983e+02] 4.631737122526156
[-2.96491115e+00 -2.01997576e-01 -2.73645667e-01  4.38867896e+00
  2.99018550e+02] 4.401839157723888
[-3.10324307e+00  2.93942992e-01  3.96301334e-02  4.60276463e+00
  2.97920440e+02] 4.612311269828278
[-2.99018240e+00 -2.80361631e-01  2.00150779e-01  4.15716055e+00
  2.97580285e+02] 4.171408249444924
[-3.10013860e+00  1.12104976e-01 -4.37515115e-02  4.44403949e+00
  3.00445574e+02] 4.445668533313581
[-3.01608547e+00 -1.39683915e-01  1.93924903e-01  4.59902349e+00
  3.01210897e+02] 4.605229148122835
[-3.04930957e+00 -6.74872771e-02  1.43324629e-01  4.37840775e+00
  2.98605824e+02] 4.38127274631785
[-2.99232122e+00  3.07279545e-01  1.93267977e-02  4.58260260e+00
  3.01357950e+02] 4.592933790252328
[-3.00695378e+00 -1.99630354e-01 -4.96473550e-02  4.20929032e+00
  2.97203044e+02] 4.21431395960836
[-3.01189221e+00 -7.91236834e-02  1.77644988e-01  4.22412646e+00
  2.96401069e+02] 4.228600550169259
[-3.02170443e+00  1.89012498e-01 -3.65658456e-03  4.34972911e+00
  3.00592092e+02] 4.353835366130529
[-2.98389983e+00  6.25562026e-02 -1.02723301e-03  4.22149020e+00
  2.96938392e+02] 4.22195379602203
[-3.05485518e+00  3.44460608e-01  6.96407273e-03  4.63110737e+00
  2.99359641e+02] 4.643905370953697
[-3.11673449e+00 -2.41091033e-01 -1.61368079e-02  4.54401983e+00
  3.00033512e+02] 4.550439706406852
[-2.99816569e+00 -2.30946134e-01  5.79601478e-03  4.53366215e+00
  2.99455365e+02] 4.539544276994643
[-2.95835073e+00  2.01149031e-01  9.39457913e-02  4.51942191e+00
  3.00227629e+02] 4.524871392959611
[-3.03515953e+00  1.02109681e-01 -2.02192679e-01  4.40466834e+00
  2.97943292e+02] 4.41048879779528
[-3.12579324e+00  1.10254776e-01 -3.95309506e-02  4.43594496e+00
  2.97490531e+02] 4.437491009500026
[-3.04333397e+00 -5.89433594e-02 -7.76954113e-02  4.39567055e+00
  3.00309611e+02] 4.396752262970381
[-2.98970289e+00  3.19253036e-03 -1.30787400e-01  4.15825944e+00
  2.97226358e+02] 4.1603169459783365
[-3.00747171e+00 -3.97532086e-01  4.42084324e-02  4.35381524e+00
  2.98836438e+02] 4.372149731887101
[-3.03557172e+00  1.64035661e-01 -2.95926961e-01  4.45448405e+00
  2.99120057e+02] 4.467315590671293
[-3.05436253e+00 -2.61724483e-02 -1.26384779e-01  4.24002385e+00
  2.99088954e+02] 4.241987787124937
[-3.03596641e+00  7.54224777e-02 -1.23556310e-01  4.37765454e+00
  2.99917584e+02] 4.380047255000351
[-2.98050570e+00  5.24379200e-02 -8.36196839e-02  4.23909514e+00
  2.95605913e+02] 4.240244053230302
[-2.99102130e+00 -1.98325835e-01 -1.05279624e-01  4.42429995e+00
  2.99746540e+02] 4.429994019224842
[-3.05283586e+00  2.85938406e-01  1.60476139e-01  4.54293658e+00
  3.01257485e+02] 4.554754236244558
[-2.98463429e+00  1.02469467e-01  1.81036094e-01  4.60114221e+00
  3.01916922e+02] 4.6058423400108
[-2.98415862e+00  1.90759800e-01 -4.32894913e-02  4.22339050e+00
  2.99566996e+02] 4.22791800261672
[-2.94772636e+00 -1.91531954e-01  2.36531458e-01  4.37044259e+00
  3.00162784e+02] 4.38102728164826
[-3.05660555e+00  2.03606586e-01  1.27669767e-01  4.67416067e+00
  3.00766050e+02] 4.680334730345414
[-3.04239290e+00 -7.60432439e-02  9.14577749e-02  4.51863034e+00
  3.00320826e+02] 4.520195488078253
[-2.99100547e+00  1.48352465e-01 -3.70993417e-02  4.33347550e+00
  2.99128788e+02] 4.336172820411629
[-3.12265278e+00  5.75140751e-02 -4.80265143e-02  4.81805613e+00
  3.00524529e+02] 4.818638737534011
[-3.02159243e+00  8.07652686e-02  1.43509524e-01  4.24928364e+00
  2.98130366e+02] 4.252473336150442
[-3.02762477e+00  1.50727610e-01  2.61408720e-01  4.52086887e+00
  3.00754385e+02] 4.530928010886314
[-3.06040794e+00 -8.71746494e-02 -2.43874291e-01  4.47042103e+00
  2.99932470e+02] 4.477916737263673
[-3.04820608e+00  1.23900445e-01  7.09769246e-01  4.34636649e+00
  2.98612695e+02] 4.405681035404164
[-3.01175211e+00 -1.55775502e-01  2.51235115e-01  4.63876924e+00
  3.00542890e+02] 4.648178692258557
[-3.01852424e+00 -2.91003278e-01  1.00873644e-01  4.41604354e+00
  2.99533372e+02] 4.426770715947783
[-2.98621518e+00  7.00795754e-02 -1.88410466e-01  4.45744355e+00
  2.98767851e+02] 4.461974078248727
[-3.04646447e+00 -1.00057705e-01 -5.36255522e-02  4.31601762e+00
  2.97803685e+02] 4.317510312378545
[-3.08368700e+00 -1.11031192e-01 -1.81031988e-01  4.43566915e+00
  2.98502163e+02] 4.440750085397857
[-3.05152645e+00  2.37645309e-01 -1.60365523e-01  4.65774408e+00
  3.00273558e+02] 4.666558933465724
[-2.98362097e+00  1.15976758e-01  7.17103118e-02  4.49389463e+00
  2.99065388e+02] 4.495962848838576
[-3.00787029e+00 -9.35500174e-02  5.32404373e-02  4.69746047e+00
  2.99707295e+02] 4.69869354561181
[-2.99140438e+00 -3.80412422e-01  8.23780187e-02  4.18202097e+00
  2.97432352e+02] 4.200095132402529
[-3.05982438e+00  6.62943672e-02  1.12001945e-01  4.36415421e+00
  2.98685914e+02] 4.36609451463293
[-3.08615665e+00 -1.95401874e-01 -1.62405872e-01  4.53683839e+00
  2.98028131e+02] 4.543947636048673
[-3.14951269e+00  6.80680225e-02 -1.72720233e-02  4.37008577e+00
  2.96985883e+02] 4.370649976558471
[-3.05019318e+00 -1.19302316e-01 -1.16063675e-01  4.44662043e+00
  2.98439626e+02] 4.449734494432231
[-3.08799454e+00  1.71358383e-01 -2.24094754e-01  4.57419304e+00
  3.00422338e+02] 4.582883825864005
[-3.10660656e+00 -1.83198831e-01 -8.38022922e-02  4.48023680e+00
  2.99972810e+02] 4.484763812627936
[-3.02451121e+00  8.06764888e-02 -6.95779473e-02  4.06125098e+00
  2.96173420e+02] 4.062648068060533
[-2.97409646e+00  1.95374256e-01 -1.17021034e-01  4.80418969e+00
  3.02300138e+02] 4.809584560650301
[-3.00822773e+00 -6.82357191e-02 -3.95785855e-02  4.66223834e+00
  3.00130871e+02] 4.662905628517782
[-3.00964065e+00  2.00070459e-02  7.77903289e-02  4.73434446e+00
  3.02739778e+02] 4.735025773972106
[-3.02711856e+00 -1.67849033e-02  2.95679606e-01  4.31860994e+00
  2.99380099e+02] 4.328752706516984
[-2.93879740e+00  9.82351089e-03 -9.03726777e-02  4.61738720e+00
  3.00658730e+02] 4.618281958730141
[-3.09443583e+00  6.05431257e-01  3.53360104e-02  4.67760785e+00
  3.00425266e+02] 4.716758508985872
[-3.04067788e+00 -8.04962814e-02  2.21986860e-01  4.28065417e+00
  2.97984066e+02] 4.287161993319461
[-3.06442589e+00 -9.44591086e-02  2.25820131e-01  4.46024528e+00
  2.99231038e+02] 4.466957046629508
[-3.16218607e+00  1.91591147e-01 -9.05632220e-02  4.48136052e+00
  2.98074934e+02] 4.48636834654652
[-2.95348335e+00  2.07439889e-01  8.58303207e-02  4.27656960e+00
  3.00156858e+02] 4.282457905904675
[ -2.98073881  -0.4207517   -0.44731007   4.5693264  298.78905206] 4.610408012278192
[-3.05213888e+00  2.63876577e-01  9.11735802e-02  4.38559615e+00
  2.99107188e+02] 4.3944734640171585
[-3.03327291e+00 -1.39828410e-01 -1.54069408e-01  4.26397966e+00
  2.97004841e+02] 4.269052811840592
[-3.09249170e+00 -1.29928816e-01 -2.02621363e-01  4.47543683e+00
  2.98741447e+02] 4.481904924142631
[-3.07978220e+00 -2.79854046e-02  2.27274957e-01  4.39900611e+00
  2.99917473e+02] 4.404962180397326
[-3.06525665e+00 -4.04902860e-02  1.04317511e-01  4.72035292e+00
  2.98880066e+02] 4.721679074245701
[-2.97874268e+00 -3.18857699e-01  6.19446256e-02  4.46815924e+00
  3.00713313e+02] 4.479950261821238
[-3.11039927e+00 -6.21545856e-02  1.20691748e-01  4.30487746e+00
  2.98552580e+02] 4.307017490684581
[-3.01948740e+00 -1.97751680e-01 -8.16127061e-02  4.34724374e+00
  2.98585974e+02] 4.3525043906727
[-3.07715374e+00 -6.47147463e-02 -2.42913811e-01  4.18148549e+00
  2.98072676e+02] 4.189035211299273
[-3.05715325e+00 -5.68811869e-02  2.92453912e-01  4.49425029e+00
  2.99194550e+02] 4.504114836554241
[-3.00383102e+00  1.98359768e-01  4.12948830e-02  4.28631807e+00
  2.98923044e+02] 4.291104108064999
[-3.01026460e+00  1.09655875e-01 -1.31476617e-01  4.65787730e+00
  3.00720042e+02] 4.6610225711036115
[-2.98430304e+00 -1.42216754e-01  3.69877167e-03  4.13020327e+00
  2.98610670e+02] 4.132652695249731
[-3.04178375e+00  1.27476075e-01 -1.85654216e-01  4.54885413e+00
  3.00281222e+02] 4.554425485458582
[-3.09914416e+00  1.16780395e-01  2.73346051e-01  4.46510138e+00
  2.97108893e+02] 4.474984473558623
[-3.08734066e+00  2.87423188e-01  1.29891489e-01  4.74811891e+00
  3.01621132e+02] 4.758583511881896
[-3.01557556e+00 -7.44534967e-02  1.10737793e-01  4.72531979e+00
  3.00764649e+02] 4.727203541525174
[-2.94680875e+00  3.19698851e-01 -1.62312729e-01  4.43471463e+00
  3.01359488e+02] 4.44918494404261
[-2.94258505e+00 -2.93049787e-01 -1.41032763e-01  4.20570551e+00
  2.98140560e+02] 4.218261164015272
[-3.09930204e+00 -1.15062522e-01 -6.27500772e-02  4.26781521e+00
  2.96484505e+02] 4.269827116114832
[-3.04989468e+00 -2.07737915e-01  9.36644074e-02  4.23633060e+00
  2.98403444e+02] 4.242455068352456
[-3.06787318e+00  7.09097315e-03  2.39165891e-01  4.63057274e+00
  2.99192692e+02] 4.63675042846576
[-3.00185897e+00 -8.83227239e-02 -2.63606182e-01  4.38094021e+00
  2.99110853e+02] 4.389752409809445
[-3.01546545e+00  3.00002632e-02 -8.97424209e-02  4.40625932e+00
  2.98182260e+02] 4.407275229104347
[-2.93707629e+00  4.49030018e-02 -6.39051454e-02  4.27571109e+00
  2.98680071e+02] 4.2764243823585195
[-2.99605141e+00 -1.37950268e-01 -1.78741787e-01  4.30108288e+00
  2.98372520e+02] 4.30700509297296
[-3.04863933e+00 -4.01393900e-01 -2.10366643e-01  4.34253778e+00
  2.98514752e+02] 4.366120196488199
[-3.03603737e+00  2.69565447e-01 -7.89073260e-02  4.46907567e+00
  2.99631048e+02] 4.477893392678534
[-3.13888184e+00 -2.03180913e-02 -1.03699146e-01  4.66429146e+00
  3.01115998e+02] 4.66548831392426
[-2.99983365e+00  1.49202612e-01  2.39001502e-01  4.56608204e+00
  3.00517712e+02] 4.574766474159295
[-3.03979102e+00  1.85349932e-01  2.82826752e-01  4.45122131e+00
  2.99923708e+02] 4.464047121842618
[-2.97036058e+00  1.12125784e-01 -1.63140387e-01  4.19387481e+00
  2.96088559e+02] 4.198544138876499
[-3.04483211e+00  6.47534579e-02 -1.29547766e-01  4.32844064e+00
  2.98587109e+02] 4.330862961691514
[-3.01172444e+00 -1.33200286e-01  4.82041403e-03  4.51069877e+00
  2.98943958e+02] 4.512667608914626
[-3.09557080e+00  1.86699764e-01  1.16936310e-01  4.59188776e+00
  2.99731684e+02] 4.597169139629159
[-2.99334718e+00  2.47086914e-01  1.61053625e-01  4.42502978e+00
  3.00565655e+02] 4.434848228048193
[-3.07545942e+00 -1.68605078e-01 -3.64756619e-01  4.54108673e+00
  3.00415572e+02] 4.558831402063099
[-3.07688072e+00 -2.28181713e-01 -1.69457989e-01  4.33136842e+00
  2.99088946e+02] 4.340683737573338
[-2.92524013e+00 -5.57759057e-02  2.11193803e-01  4.49170783e+00
  3.00045220e+02] 4.497016007466578
[-3.02529806e+00 -4.16191928e-02 -1.15609054e-01  4.38381955e+00
  3.01620395e+02] 4.385541180020252
[-3.16856294e+00  8.86425176e-02  2.51045975e-01  4.22879965e+00
  2.95712014e+02] 4.237172174977832
[-3.12658844e+00  1.79788818e-01  1.34371820e-01  4.34268288e+00
  2.96771679e+02] 4.348479546933081
[ -3.04802579  -0.59835985   0.45114245   4.28697922 297.33997266] 4.351982860541975
[-3.04379205e+00 -3.43492347e-01  1.13681747e-01  4.18932243e+00
  2.98075163e+02] 4.204917713812351
[-3.00790542e+00  2.09156560e-01 -3.41725679e-01  4.31559784e+00
  2.99811340e+02] 4.334155932566073
[-3.11161256e+00  9.81805225e-02 -3.07247919e-01  4.53030283e+00
  2.98270439e+02] 4.541771067857711
[-3.04530819e+00  2.60643694e-01 -2.89541558e-01  4.61167383e+00
  2.99202167e+02] 4.6280995008806896
[ -2.98079262  -0.32866552  -0.3094381    4.2228034  297.31883539] 4.246862547739473
[-3.03316064e+00 -1.58010230e-01 -1.50642015e-01  4.55128397e+00
  2.99836736e+02] 4.556516872019781
[-3.02659978e+00  8.45722089e-02  5.96006854e-02  4.21541883e+00
  2.98740424e+02] 4.216688346085323
[-3.07428119e+00  2.56969801e-01  1.65098238e-02  4.32593926e+00
  2.98952061e+02] 4.333596258873954
[-3.04720183e+00  4.93376270e-02  2.04838546e-01  4.66345878e+00
  2.99707406e+02] 4.668216025592279
[-2.96792194e+00 -4.57806363e-03 -1.89929042e-01  4.18534466e+00
  2.98717758e+02] 4.189654396556498
[-2.98606285e+00  1.26358162e-01  1.79228403e-01  4.26610284e+00
  2.98172889e+02] 4.271735322973474
[-3.03168926e+00  7.56023082e-02  4.65001267e-02  4.38152999e+00
  2.98905515e+02] 4.382428893418033
[-2.96784820e+00  1.42628842e-01 -1.86205187e-01  4.50471817e+00
  2.99846053e+02] 4.5108204529357465
[-2.97959520e+00  3.60424643e-01 -1.17377790e-03  4.39273273e+00
  2.98769058e+02] 4.407494542992039
[-3.01150633e+00 -3.27007786e-01  2.30310734e-01  4.44335465e+00
  2.98300093e+02] 4.461320172376773
[-2.97464831e+00  2.54190057e-01  1.20046351e-01  4.64553188e+00
  3.01224897e+02] 4.654029449946301
[-3.07374152e+00 -1.62665273e-01 -2.29977143e-01  4.60959160e+00
  2.96671294e+02] 4.618190573945851
[-3.01495991e+00  1.75774894e-01  1.10213116e-01  4.34301751e+00
  3.00639209e+02] 4.347970198598007
[-3.05302211e+00 -1.44671551e-01 -4.75190822e-02  4.20826417e+00
  2.96509009e+02] 4.211018318890419
[-3.06498985e+00  2.32045734e-01 -9.60263234e-02  4.52134750e+00
  3.00352103e+02] 4.528316407214174
[-2.96433380e+00  7.81298121e-03  3.04030095e-01  4.14298190e+00
  2.96690923e+02] 4.154129797650107
[-3.06735905e+00  2.10896425e-01  1.60505499e-01  4.27188935e+00
  2.97598391e+02] 4.2801025570759945
[-3.09887993e+00 -2.47124494e-01  1.38965900e-01  4.40900220e+00
  2.98479838e+02] 4.418108464591111
[-3.01237927e+00 -2.28130273e-01 -1.10547336e-01  4.82534315e+00
  2.98662499e+02] 4.831997583178501
[-3.11091259e+00  7.93489633e-02 -4.49358676e-02  4.15182575e+00
  2.96076392e+02] 4.152827053879575
[-2.97367210e+00  1.02288863e-01  1.90602735e-01  4.17301436e+00
  2.98785978e+02] 4.178617151689146
[-3.06653094e+00  2.41748042e-01  9.84981838e-02  4.74043730e+00
  3.01243084e+02] 4.747619385868521
[-2.97586646e+00 -1.72148680e-01 -3.33736365e-01  4.53545323e+00
  3.01325216e+02] 4.550972543449317
[-3.07290033e+00 -7.28270603e-03 -6.57068132e-02  4.55230103e+00
  3.00016502e+02] 4.552781032882918
[-3.03523066e+00  1.55575568e-02 -5.54898800e-02  4.31340052e+00
  2.98599476e+02] 4.313785487446769
[-2.96287305e+00 -5.23772601e-02 -2.23019386e-02  4.26369972e+00
  2.98591792e+02] 4.264079742631736
[-2.97886265e+00  2.69451271e-01  3.65486328e-01  4.36805186e+00
  3.00382698e+02] 4.391589837490492
[-3.11785689e+00  1.28643112e-01 -3.30864981e-01  4.40660329e+00
  2.99735351e+02] 4.420879235747001
[-3.00644905e+00 -2.40463598e-01  6.81362216e-03  4.34267061e+00
  3.00242811e+02] 4.349328365733287
[-3.06137760e+00 -3.58430577e-02 -2.84529385e-01  4.34075041e+00
  2.97602649e+02] 4.350213309055258
[-3.01371561e+00  2.53713666e-01  6.71563075e-02  4.68134487e+00
  2.99836740e+02] 4.688696020479434
[-3.04544607e+00 -6.09193504e-02  1.64682494e-02  4.19098382e+00
  2.98153552e+02] 4.191458900987551
