/mnt/stage/douwei/Simulation/5kt_root/2MeV/5kt_-2.80.root
[-3.05183961e+00 -1.39685249e-01 -2.77984331e-01 -3.03512237e+00
  2.93626356e+02] 3.0510252440648644
[-3.01334293e+00  5.77800829e-02  8.68137147e-02 -2.58580522e+00
  2.89601432e+02] 2.5879072237368255
[-3.02293996e+00 -3.19154179e-01  3.25787367e-02 -2.83942639e+00
  2.90371427e+02] 2.8574924270590696
[-2.93064834e+00 -5.61179493e-02  2.36094787e-01 -2.68379478e+00
  2.92081216e+02] 2.6947438407908133
[-3.00126358e+00 -1.93464455e-01  3.55589687e-02 -2.55296445e+00
  2.90562068e+02] 2.5605312758589123
[-2.94994890e+00 -2.13720390e-02  2.32636267e-01 -2.69192684e+00
  2.91495995e+02] 2.702044874634061
[-3.00790940e+00 -6.90775926e-02  1.49878019e-01 -3.18102681e+00
  2.92992546e+02] 3.1853048096619676
[-2.99416111e+00  2.91996931e-01  2.37888169e-01 -2.69257946e+00
  2.91921211e+02] 2.7187933190403153
[-2.97480657e+00  1.01755499e-01  2.30822248e-02 -3.04085764e+00
  2.91793464e+02] 3.042647227157512
[-3.05578890e+00  4.16766532e-01 -1.81436272e-01 -3.06931789e+00
  2.92390591e+02] 3.1027932175765396
[-2.93138967e+00 -1.91107783e-01 -1.46402504e-01 -2.93393048e+00
  2.92665272e+02] 2.943790745708528
[-3.08048455e+00 -2.27711050e-02 -1.54897545e-01 -2.96843287e+00
  2.92781698e+02] 2.9725587405453546
[-2.97793272e+00  6.24250557e-02 -2.05308180e-01 -3.13668915e+00
  2.92435063e+02] 3.1440208596679224
[-2.90947374e+00  3.23190048e-01 -5.74046297e-02 -2.81066376e+00
  2.91959003e+02] 2.8297664014266286
[-2.98608845e+00 -3.04200808e-01 -1.98549494e-01 -2.88286237e+00
  2.91773548e+02] 2.9056592118602294
[-2.98900244e+00  7.26161742e-02 -2.01493723e-01 -2.76623680e+00
  2.91182874e+02] 2.774515969789324
[-3.00164589e+00  2.76102083e-01 -4.67720072e-02 -2.73187383e+00
  2.90610413e+02] 2.746189103035291
[-3.00441093e+00 -7.84011853e-03  8.16040293e-02 -2.76403999e+00
  2.90837304e+02] 2.7652554597701005
[-3.03161133e+00  1.50719219e-02 -5.98139637e-02 -2.99676389e+00
  2.90468512e+02] 2.9973986545908677
[-2.95091215e+00  8.04141939e-02  5.80263680e-02 -3.03283279e+00
  2.92438351e+02] 3.0344535318321015
[-2.91673931e+00 -1.51421832e-01  2.26366694e-01 -3.31940920e+00
  2.94282511e+02] 3.330562699112677
[ -3.08081112   0.40780769  -0.39519154  -3.08969987 292.57095684] 3.1414532905351
[-2.97999914e+00  1.82122181e-02  3.55864871e-01 -2.57931091e+00
  2.89339392e+02] 2.60380803380651
[-2.98332876e+00  1.24573134e-01 -1.13108971e-01 -3.10282558e+00
  2.93233172e+02] 3.1073845389561057
[-3.03057962e+00 -5.54701896e-02 -2.43070685e-02 -2.96275588e+00
  2.91546757e+02] 2.9633747922962757
[-2.98851993e+00 -1.89648369e-01  2.17830922e-01 -2.89971940e+00
  2.91539980e+02] 2.9140674995353004
[-2.95296416e+00 -1.25761418e-01  2.34989623e-01 -2.87570770e+00
  2.92948275e+02] 2.8880323419547738
[-3.03595331e+00 -6.02632961e-02 -2.29767808e-01 -3.12978974e+00
  2.92658982e+02] 3.1387909653587616
[-3.02850878e+00  2.63510143e-01 -4.12769896e-02 -2.71359235e+00
  2.92050959e+02] 2.726669183992273
[-3.05334239e+00  4.36584118e-02  1.58518744e-01 -2.85769769e+00
  2.90852371e+02] 2.86242386186403
[-2.99266307e+00  2.57188789e-01  6.49009320e-03 -2.89268978e+00
  2.92842702e+02] 2.9041078385886667
[-2.96223962e+00 -3.45436464e-01  8.44242764e-02 -2.88943500e+00
  2.91782663e+02] 2.911234859174914
[-3.02400450e+00 -3.29926241e-01  1.91715471e-01 -3.09982687e+00
  2.93451064e+02] 3.1232247343308734
[-2.92274896e+00 -1.54109804e-02 -1.84771201e-01 -2.85599851e+00
  2.91356268e+02] 2.862010728663249
[-3.08677887e+00 -1.68639223e-02 -4.61942818e-02 -3.02052264e+00
  2.92023135e+02] 3.0209229275268283
[-3.02001325e+00  5.16054155e-03  1.43279538e-02 -3.28154246e+00
  2.94458479e+02] 3.2815777969636075
[-3.04635271e+00 -3.71579902e-02 -1.34812341e-01 -3.17195801e+00
  2.90092547e+02] 3.1750390036549323
[-3.04228856e+00 -2.35268369e-01 -3.05296067e-02 -2.52763233e+00
  2.88924497e+02] 2.5387415074820026
[-3.04244396e+00  3.26091285e-01 -2.74049106e-01 -2.41193656e+00
  2.90303703e+02] 2.449260378157334
[-2.98231855e+00  2.99551590e-01 -4.04456282e-02 -2.91269583e+00
  2.92145096e+02] 2.928338094647979
[-3.07659768e+00  1.79214964e-01  5.06016712e-02 -2.56140129e+00
  2.89566359e+02] 2.56816181231075
[-3.05327347e+00  1.62777491e-01 -2.46297402e-01 -2.92696958e+00
  2.91903503e+02] 2.941820840030504
[-2.98970509e+00 -6.25492097e-02 -4.15181506e-02 -2.79855046e+00
  2.90322113e+02] 2.7995572547187852
[-3.00740547e+00 -1.80150448e-01 -1.66581151e-01 -3.29784072e+00
  2.93252909e+02] 3.30695582870092
[-3.08550706e+00  7.92464379e-02 -2.67321306e-01 -2.51702967e+00
  2.89988639e+02] 2.532425526668481
[-3.02179648e+00 -2.17615856e-02  6.05442220e-03 -2.97593978e+00
  2.94624634e+02] 2.9760254993350364
[-3.00830270e+00  5.33514331e-02 -1.49814438e-01 -2.89843455e+00
  2.89886225e+02] 2.902794099765183
[-2.99221133e+00  1.15505199e-01  1.94609536e-01 -2.88025130e+00
  2.91038696e+02] 2.8891282222191927
[-3.02680636e+00  8.80700774e-02 -2.64885560e-01 -2.97698784e+00
  2.92867053e+02] 2.9900463656660654
[-3.09391922e+00  1.87388918e-02 -2.47113219e-01 -3.16323575e+00
  2.91339657e+02] 3.1729286909289
[-3.00821518e+00  1.77885087e-03 -5.58373923e-02 -3.05083601e+00
  2.92773715e+02] 3.0513474672069276
[-3.00013359e+00 -3.04751436e-02  9.57561451e-02 -2.42148959e+00
  2.89494220e+02] 2.4235737718007035
[-3.04073106e+00  1.49671299e-01  1.04613731e-01 -3.06463742e+00
  2.90234598e+02] 3.070072966359828
[-2.98549904e+00  1.25135820e-01 -2.70059279e-02 -3.03267290e+00
  2.90930790e+02] 3.0353736566166556
[-3.06851904e+00 -3.10360561e-01 -1.34219503e-01 -2.70032612e+00
  2.90343392e+02] 2.721415022430771
[-3.01689240e+00 -1.05013056e-02 -6.94612111e-02 -2.88570959e+00
  2.91784634e+02] 2.8865645598322542
[ -3.08407128  -0.325511    -0.34610545  -2.97410344 291.48964679] 3.0118163433738823
[-2.93446522e+00 -1.26896597e-01  6.86176873e-02 -2.90296154e+00
  2.92996760e+02] 2.9065437959880738
[-2.95571127e+00  5.48043078e-02 -2.24745007e-02 -2.59380597e+00
  2.90735018e+02] 2.594482228941271
[-3.03902238e+00  4.98404374e-02  2.73178822e-01 -2.83983629e+00
  2.91777768e+02] 2.853380608880223
[-3.06087664e+00  1.37863977e-01  1.55246812e-01 -2.95218022e+00
  2.90725310e+02] 2.959472266479644
[-3.02820646e+00 -7.39321241e-02  2.58248042e-01 -2.78669738e+00
  2.90480440e+02] 2.799614310174702
[-2.96265432e+00  1.28133953e-01  3.29179963e-01 -3.04906631e+00
  2.92778925e+02] 3.0694597449300542
[-3.00124968e+00  3.10258347e-02 -1.72352242e-01 -2.88633086e+00
  2.89179412e+02] 2.8916385920649867
[-2.90944920e+00 -2.30433166e-01  1.78903709e-01 -2.95610723e+00
  2.90904302e+02] 2.970467289545395
[-2.94935383e+00  1.42535756e-01  1.46241911e-01 -2.82841215e+00
  2.90489440e+02] 2.8357747520876795
[-3.02822116e+00  1.76026955e-01 -2.05613999e-01 -2.78721071e+00
  2.90799998e+02] 2.8003225098621876
[-2.95476496e+00  5.06651696e-02  5.95825578e-02 -2.79874215e+00
  2.91518001e+02] 2.7998347581155874
[-3.10312543e+00  1.00127571e-01  1.14240434e-01 -2.98965949e+00
  2.90752873e+02] 2.9935163723752694
[-3.05252882e+00  1.52608562e-01 -1.25101493e-01 -2.74142811e+00
  2.91168991e+02] 2.748521025315863
[-3.02671352e+00 -3.42320381e-01  2.39043667e-02 -2.80784799e+00
  2.90767802e+02] 2.828739120247945
[-3.03210642e+00  5.06635392e-02 -8.29591602e-02 -2.68603741e+00
  2.91216643e+02] 2.6877957465085145
[-2.98416921e+00 -3.12739721e-01  4.70956081e-02 -2.57319259e+00
  2.91278349e+02] 2.5925555438304535
[-3.00582419e+00  1.49651643e-01  1.86077516e-01 -2.96233641e+00
  2.91766989e+02] 2.9719450661309783
[-3.00681176e+00  2.22035208e-01  2.60223096e-01 -2.90912629e+00
  2.91238960e+02] 2.929169070066923
[-3.08094458e+00 -5.88708961e-02  1.10557955e-01 -2.90241976e+00
  2.88700075e+02] 2.905121216323599
[-3.01700081e+00  1.00176509e-01 -1.31808656e-01 -2.80440243e+00
  2.91658541e+02] 2.8092849300490976
[-3.00002916e+00 -1.02193739e-02  1.15674404e-01 -2.76658292e+00
  2.91712883e+02] 2.7690189659033497
[-3.05447476e+00  1.31881956e-01  7.65644067e-02 -3.05663137e+00
  2.91460490e+02] 3.060433028346566
[-3.04227106e+00  3.91771813e-02 -3.02269364e-01 -2.86907867e+00
  2.92595759e+02] 2.8852233972087817
[-2.97744705e+00 -1.12084200e-01 -7.82463035e-02 -2.83175604e+00
  2.90835030e+02] 2.835053375194149
[-3.05160363e+00  2.37742045e-01  2.39352946e-01 -3.10107549e+00
  2.90135028e+02] 3.119371777725298
[-3.05517096e+00 -1.10690560e-01 -2.63704359e-01 -2.56249526e+00
  2.89725603e+02] 2.5784053862213496
[-2.98279826e+00 -1.93149282e-01  1.01762986e-01 -2.70121482e+00
  2.90773146e+02] 2.710022849053136
[-2.98369670e+00 -7.44072897e-02 -1.62995519e-01 -2.65467374e+00
  2.91006041e+02] 2.6607135590495963
[-2.96328455e+00 -1.20183053e-01 -8.84163161e-02 -2.36755289e+00
  2.89675330e+02] 2.37224958176878
[-3.05291597e+00 -1.60932841e-01  4.28340851e-02 -2.48282249e+00
  2.88975439e+02] 2.4884014227926343
[-3.01637028e+00 -3.52354490e-02 -4.96467900e-02 -2.70238547e+00
  2.90134219e+02] 2.703071133674258
[-3.03514203e+00 -4.93050543e-03 -1.07490464e-01 -2.87921178e+00
  2.91562983e+02] 2.881221786697552
[-3.01447639e+00  1.58503889e-01 -5.86765644e-02 -2.87631131e+00
  2.89693670e+02] 2.88127283922836
[-2.99620772e+00  1.51816766e-01 -2.15722524e-01 -2.78142756e+00
  2.92461538e+02] 2.7939083432788063
[-3.08407239e+00  2.41723461e-04  2.43847536e-01 -2.56080426e+00
  2.91498549e+02] 2.572388024012067
[-3.02523630e+00  2.24788460e-01  9.50286800e-02 -3.00451565e+00
  2.93045586e+02] 3.0144111540525467
[-3.00469956e+00  1.79750583e-01 -4.37319089e-02 -3.00438051e+00
  2.90329188e+02] 3.0100705958490135
[-2.97395317e+00 -1.18690990e-01 -3.71702316e-01 -3.06101424e+00
  2.92935897e+02] 3.085783265093108
[-3.03934501e+00  1.90329395e-01 -1.18774984e-01 -2.93676252e+00
  2.92996026e+02] 2.945319485240251
[-3.08160914e+00 -1.90625677e-01 -2.46276149e-01 -2.99427948e+00
  2.91634222e+02] 3.010431808448895
[-2.98112090e+00  2.43293901e-01 -1.20052980e-01 -2.71619462e+00
  2.92205883e+02] 2.7297102188058058
[-3.05143419e+00 -4.52416245e-02 -3.92235295e-01 -2.67923240e+00
  2.89853396e+02] 2.7081694166528143
[-2.95838854e+00 -6.80408146e-02  1.38667507e-01 -2.77031328e+00
  2.92731666e+02] 2.7746159893405204
[-2.94420180e+00  2.10630004e-01  8.37961750e-02 -2.86966631e+00
  2.91706093e+02] 2.87860583318507
[-3.07054144e+00 -3.10686631e-01 -1.73643624e-01 -2.77264646e+00
  2.89173436e+02] 2.7953974074366146
[-2.97895828e+00 -6.49561148e-02  8.03881152e-02 -2.88642527e+00
  2.91997952e+02] 2.888274988267426
[-3.02028723e+00 -1.99539623e-01 -2.12359745e-01 -2.74736800e+00
  2.91191821e+02] 2.76277825000167
[-3.07935289e+00 -1.09652441e-01 -1.35242854e-01 -2.57390154e+00
  2.89764353e+02] 2.5797836008447277
[-2.92101432e+00 -1.20863748e-01  1.06640329e-01 -2.64179873e+00
  2.90403786e+02] 2.6467113071331743
[-3.02117127e+00 -7.62621190e-02  6.03166128e-01 -2.72797753e+00
  2.91804880e+02] 2.794903700510708
[-3.04477585e+00 -2.05968055e-01  2.85095964e-01 -2.70142213e+00
  2.90328748e+02] 2.7242217354949263
[-3.03613282e+00 -4.38252245e-01 -1.18523000e-01 -2.87959529e+00
  2.91631056e+02] 2.9151641092957035
[-3.03395920e+00 -8.72017407e-02  2.48203331e-01 -3.06300678e+00
  2.92759713e+02] 3.074283587041514
[-3.02951038e+00  1.38265096e-01  2.02145215e-01 -2.83621315e+00
  2.90896194e+02] 2.846767459432481
[-3.00312260e+00  6.33687114e-03 -2.24191440e-01 -2.44132908e+00
  2.89749476e+02] 2.4516095960039235
[-3.05083860e+00 -3.93578676e-01  2.28409685e-01 -2.64623208e+00
  2.91352957e+02] 2.685073439171262
[-2.99480964e+00  1.72434535e-01  1.34237874e-01 -3.04320061e+00
  2.92893668e+02] 3.051036451620985
[-2.99086204e+00  1.34007721e-01 -3.28463691e-01 -2.56910895e+00
  2.91270456e+02] 2.5934855455606662
[-3.05528082e+00 -2.34844927e-01  7.97995532e-02 -3.07661726e+00
  2.93234726e+02] 3.0865990828246095
[-3.03448082e+00 -4.86435987e-01  7.86334991e-02 -2.73104263e+00
  2.89223105e+02] 2.775139098743041
[-3.00193899e+00 -2.11578365e-01  1.04168032e-03 -2.66504981e+00
  2.89715648e+02] 2.673435422813667
[-3.04478257e+00  7.96834107e-02  1.29369432e-01 -3.04599088e+00
  2.90561179e+02] 3.0497780829129764
[-3.00903796e+00  1.88737836e-02 -1.04986498e-01 -2.76645898e+00
  2.91149559e+02] 2.768514709701999
[-2.96756359e+00  2.02860714e-01 -4.11753250e-01 -3.05460023e+00
  2.93683963e+02] 3.0888955549218875
[-3.01144944e+00 -1.32222428e-01 -2.21088539e-01 -2.99838508e+00
  2.90981505e+02] 3.009431177183368
[-3.07510949e+00  9.36172091e-02 -1.84847283e-01 -3.10642121e+00
  2.92756350e+02] 3.113323857895741
[-3.00568820e+00  4.16240734e-02  1.87136834e-01 -2.88387720e+00
  2.91026985e+02] 2.8902422881826255
[-2.94759534e+00  1.08153359e-01 -1.67760541e-02 -2.84651543e+00
  2.92627878e+02] 2.848618730591335
[-2.95042142e+00  2.01349955e-01 -1.22442633e-01 -2.54475725e+00
  2.90683975e+02] 2.55564541082008
[-2.99270515e+00  1.21222995e-01  5.91084290e-02 -2.97727526e+00
  2.92465794e+02] 2.9803283034382093
[ -3.11720419  -0.46283794  -0.34712454  -2.90622403 292.15243235] 2.963250334110728
[-2.96688100e+00 -1.97246554e-01  2.01255566e-02 -3.06060000e+00
  2.93779111e+02] 3.067015420204119
[-2.96412921e+00 -5.17281840e-01 -1.18752296e-01 -2.69645066e+00
  2.90872776e+02] 2.7481864500496265
[-2.97969330e+00  1.14254798e-01  1.26497285e-01 -2.90859451e+00
  2.91870548e+02] 2.9135850324471333
[-3.03562245e+00 -1.22657007e-01 -3.51849688e-01 -3.25043280e+00
  2.93475370e+02] 3.2717207030971154
[-3.07536837e+00  4.21805532e-01 -1.63710751e-01 -3.08844459e+00
  2.91508837e+02] 3.121411712113934
[-3.07941588e+00  2.05689504e-01 -7.67990660e-02 -2.57301532e+00
  2.89139246e+02] 2.5823659877825644
[-3.02836265e+00  1.84922908e-01 -2.63351228e-02 -2.53736266e+00
  2.89612476e+02] 2.54422862521307
[-2.90950075e+00  1.08965913e-01 -2.21470695e-01 -3.03136583e+00
  2.93465945e+02] 3.0413979732961662
[-2.93150515e+00  7.74007861e-02 -1.92191710e-01 -3.01140424e+00
  2.92193449e+02] 3.018523485353678
[-2.96458380e+00  1.95086170e-01 -5.86573047e-03 -2.50785737e+00
  2.89455600e+02] 2.515440639396048
[-2.92629811e+00 -1.35250594e-01  8.20591472e-02 -2.83579036e+00
  2.91889407e+02] 2.8401995342538155
[-3.04998303e+00  3.14129816e-01  6.12320037e-02 -2.72253770e+00
  2.89504966e+02] 2.7412840826398344
[-2.99267846e+00 -3.11302195e-01  4.27711378e-02 -2.72736623e+00
  2.90521422e+02] 2.7454079782650007
[-3.01219596e+00  2.10380722e-01 -1.15817106e-01 -2.53177661e+00
  2.90278788e+02] 2.5431410625503705
[-3.06566222e+00  3.14626238e-02  1.38866537e-01 -2.87423314e+00
  2.89529273e+02] 2.877757795019551
[-3.02996584e+00 -3.56602603e-01 -1.95966000e-01 -2.99152519e+00
  2.91551172e+02] 3.01907121961941
[-3.01015695e+00 -2.43253610e-01  1.66373399e-01 -2.87333900e+00
  2.91463346e+02] 2.8884129614400074
[-2.97446597e+00 -1.14264328e-02  9.67810283e-02 -3.10111382e+00
  2.90869972e+02] 3.102644683567907
[-2.96364339e+00  4.41055506e-02  3.48792889e-01 -2.78689735e+00
  2.93177711e+02] 2.808985340835395
[-3.04205818e+00  2.09351337e-02 -2.32865896e-01 -2.94945406e+00
  2.91805453e+02] 2.9587064815065114
[-3.09656020e+00  7.97648015e-02 -2.43422812e-01 -2.84130893e+00
  2.89260072e+02] 2.8528325478421364
[-3.00144469e+00  1.37418805e-01 -1.97280829e-01 -2.96597254e+00
  2.91377229e+02] 2.9757010518222864
[-2.99108837e+00 -4.72677625e-02  3.37985629e-03 -2.84886018e+00
  2.91170525e+02] 2.8492542851939673
[-3.02802094e+00  6.31052565e-02 -1.61080997e-01 -3.24551856e+00
  2.92205472e+02] 3.2501261675979567
[-2.95515727e+00 -2.29570205e-01 -1.37647489e-01 -2.87670907e+00
  2.90937452e+02] 2.889135576575477
[-3.02159063e+00 -2.87284977e-01  3.02096813e-03 -2.71158281e+00
  2.92011199e+02] 2.726760556044313
[-2.99047154e+00  1.35143058e-01  7.86709502e-02 -2.90125832e+00
  2.91973780e+02] 2.905469431856347
[-3.03275459e+00  7.87578815e-02  1.31342855e-01 -2.70778642e+00
  2.91568533e+02] 2.712113757499563
[-3.05582294e+00 -1.75338084e-01  5.29943443e-02 -2.77613429e+00
  2.90613768e+02] 2.7821706328199416
[-2.93911476e+00 -9.13509284e-02 -8.24001260e-02 -2.61121393e+00
  2.90774787e+02] 2.614110356276871
[-2.95634974e+00  8.43745724e-02 -4.24832972e-01 -2.82376612e+00
  2.90548268e+02] 2.8567914243291552
[-3.00756926e+00  1.28761932e-01  2.63701973e-01 -2.86226894e+00
  2.90174797e+02] 2.877273335309798
[-3.05046711e+00  1.30899358e-01 -5.81640995e-02 -2.57767508e+00
  2.90001099e+02] 2.5816518977199334
[-3.06158700e+00 -8.21776445e-02  3.92802547e-02 -2.90006224e+00
  2.91156765e+02] 2.9014922227231383
[-3.04565231e+00  4.18898078e-02  1.56244219e-01 -3.07396899e+00
  2.90689224e+02] 3.0782222687546805
[-3.05143846e+00  4.91735318e-01  8.86517861e-02 -3.07319384e+00
  2.91929005e+02] 3.11354832451359
[-2.93575669e+00 -2.28296691e-01 -2.97401985e-02 -2.63891421e+00
  2.90529285e+02] 2.6489379104554147
[-3.03517878e+00 -3.33042448e-01  2.03772646e-01 -3.01375414e+00
  2.93794546e+02] 3.038939710340669
[-3.03409789e+00 -8.76223484e-02 -2.69455379e-01 -3.06610508e+00
  2.91107904e+02] 3.0791694092468322
[-3.02663957e+00 -5.35133793e-03  1.99290112e-01 -2.73546781e+00
  2.91024168e+02] 2.742722974009137
[-3.06034132e+00  1.98425855e-01 -7.35546171e-02 -3.09063633e+00
  2.92685335e+02] 3.0978728252596537
[-2.91885444e+00  6.35635389e-02  2.67126413e-01 -2.85647107e+00
  2.91650126e+02] 2.8696382755530565
[ -3.10549816  -0.31743367  -0.31644974  -2.95594276 291.81158015] 2.9897327884278044
[-2.98533844e+00 -9.82169644e-02 -7.45883641e-02 -3.16837931e+00
  2.94564279e+02] 3.1707786851104647
[-3.09093756e+00  1.26495017e-01 -9.94693313e-02 -2.54686075e+00
  2.90391258e+02] 2.551939418977948
[-2.99991545e+00 -2.06276227e-02  2.53844084e-02 -2.59591870e+00
  2.89254207e+02] 2.5961247609595786
[-3.05258419e+00  6.16773906e-03  2.87407043e-01 -2.73584344e+00
  2.90119941e+02] 2.7509053392332956
[-2.98111308e+00 -6.48293436e-02 -1.42433240e-01 -2.95788169e+00
  2.93343001e+02] 2.9620186009846368
[-3.00199621e+00 -1.91307186e-01  7.97003896e-02 -2.91054273e+00
  2.90120418e+02] 2.9179118508038715
[-2.96776685e+00  1.96665682e-01 -2.53504161e-01 -2.44642835e+00
  2.89186606e+02] 2.4673778462936977
[-2.91115185e+00 -2.26313234e-01  1.55195996e-01 -2.48876907e+00
  2.89809363e+02] 2.503852027728494
[-2.97732494e+00  1.46097748e-01 -1.60375515e-03 -3.05092991e+00
  2.90892244e+02] 3.054426373063285
[-3.02765823e+00 -1.59856983e-01  2.08748569e-01 -2.68211954e+00
  2.90574727e+02] 2.6949759613278204
[-3.03232066e+00  1.45808768e-01 -2.59234132e-01 -2.76530061e+00
  2.89679960e+02] 2.7812497137854564
[-3.01982487e+00 -3.43325848e-01 -4.68676638e-02 -2.88827281e+00
  2.89809625e+02] 2.9089841908737037
[-3.04147940e+00  1.25029965e-02 -2.08519563e-01 -2.76731134e+00
  2.89232171e+02] 2.7751844626736433
[-3.06089211e+00  8.23473359e-02  2.83462629e-01 -2.59871017e+00
  2.89840780e+02] 2.6154209373519306
[-2.98807769e+00 -5.97995770e-02 -2.21262617e-01 -2.81184192e+00
  2.89455905e+02] 2.8211678654982646
[-3.05039422e+00 -2.91536997e-01  1.34852838e-01 -2.82333103e+00
  2.91470729e+02] 2.8415448630507463
[-3.04058764e+00  1.92826497e-01  8.07958100e-02 -3.13243986e+00
  2.93040628e+02] 3.1394090974428295
[-3.03800381e+00  8.39580471e-02 -1.51989949e-01 -2.81260286e+00
  2.90859665e+02] 2.8179575455455677
[-3.04738022e+00  8.32166433e-02 -3.09105989e-02 -2.64353550e+00
  2.89574300e+02] 2.6450255974620305
[-3.02054975e+00  5.66779251e-01  1.48861908e-02 -2.87806875e+00
  2.92007940e+02] 2.9333837179200364
[-3.02227865e+00 -1.03236255e-01  1.81271089e-01 -2.74403740e+00
  2.91479700e+02] 2.7519553419062017
[-3.06236231e+00 -2.53622004e-01  4.89561947e-02 -2.99732422e+00
  2.91684913e+02] 3.008433701385604
[-3.02443676e+00 -2.22285705e-01 -7.81588671e-02 -2.56091954e+00
  2.92009900e+02] 2.571736505008712
[-3.10252988e+00 -1.78021000e-01  1.60096733e-01 -2.60388803e+00
  2.89904622e+02] 2.614871953356493
[-2.94753908e+00  3.62627037e-01  7.99799122e-03 -2.74669907e+00
  2.92416624e+02] 2.7705447349865673
[-3.02528989e+00 -1.54233195e-01  1.58376015e-02 -3.23110079e+00
  2.90010899e+02] 3.2348185414599975
[-2.92507038e+00 -2.36908176e-01 -1.29543998e-01 -2.54732191e+00
  2.90996122e+02] 2.561592478105966
[-3.00264781e+00 -8.22016353e-02 -6.34006796e-02 -3.01409646e+00
  2.92741471e+02] 3.0158836547993717
[-2.98495034e+00 -3.82217611e-01  1.46365223e-01 -3.13217301e+00
  2.91730278e+02] 3.1588005364139295
[-3.08703535e+00  2.99532830e-01  1.73640179e-01 -2.84231654e+00
  2.91857626e+02] 2.8633257181409713
[-2.98414676e+00 -8.70508536e-04  9.48756453e-02 -2.98906177e+00
  2.92680285e+02] 2.9905672407193444
[-2.99987775e+00  2.84182378e-02 -3.11716974e-01 -2.66231753e+00
  2.89982987e+02] 2.6806547139863817
[-2.96903596e+00 -1.93864904e-01 -1.82956027e-01 -2.67502473e+00
  2.90516047e+02] 2.6882733928381173
[-3.04011001e+00  2.52454162e-01 -1.08270242e-01 -2.79627282e+00
  2.90345720e+02] 2.809732593422507
[-3.04963667e+00 -2.83200536e-01 -1.71371360e-01 -2.95973062e+00
  2.90304369e+02] 2.9781833438345267
[-3.02196170e+00  3.77476943e-01  1.45792801e-01 -3.10386749e+00
  2.93094943e+02] 3.130133825907198
[-2.99711421e+00 -1.45525739e-01 -4.37695084e-01 -2.70562946e+00
  2.89047522e+02] 2.744664919724194
[-3.02450552e+00 -2.17446315e-01  9.70171117e-02 -3.27191004e+00
  2.94945684e+02] 3.280562531137503
[-3.04855002e+00  3.57956451e-01  1.27868855e-01 -2.57067703e+00
  2.90102072e+02] 2.5986272592634263
[-3.01058187e+00  1.00910478e-01  2.10548284e-01 -2.73156834e+00
  2.90588781e+02] 2.741528609050587
[-3.05440848e+00  2.01327229e-02  1.25924420e-03 -2.98022211e+00
  2.91649770e+02] 2.9802903824241853
[-3.01379311e+00  4.77357642e-02 -6.96342802e-02 -2.32150963e+00
  2.90190674e+02] 2.323044252748964
[-3.11872969e+00  2.03420606e-02 -5.75551096e-03 -2.84236723e+00
  2.88296661e+02] 2.8424458504101944
[-3.00094597e+00  2.99889471e-01 -5.38207282e-02 -3.09106365e+00
  2.91248488e+02] 3.106043276674069
[-3.01958534e+00  4.34756235e-02 -1.90760025e-01 -2.97151130e+00
  2.91132068e+02] 2.9779454225714055
[-3.01343681e+00 -1.06463007e-01  2.05954187e-01 -2.99119129e+00
  2.92043591e+02] 3.0001627981195633
[-3.07539542e+00 -1.58809615e-02  2.45198113e-01 -2.60388950e+00
  2.89055215e+02] 2.6154569136299757
[-3.07419075e+00 -2.35590262e-01  4.24348877e-01 -3.12222649e+00
  2.92074529e+02] 3.1597267319910243
[-2.97129451e+00 -5.99048905e-02 -1.14293299e-01 -2.76935675e+00
  2.91238572e+02] 2.7723615115379108
[-2.93140577e+00  2.29525095e-01 -2.29843495e-01 -2.99731940e+00
  2.92560197e+02] 3.01486872179339
[-2.94942483e+00  6.81140790e-02  2.38862587e-01 -2.75051567e+00
  2.91302970e+02] 2.761708040338086
[-2.99695684e+00 -1.90053304e-02 -5.28208835e-02 -2.38443897e+00
  2.89995193e+02] 2.3850996774753677
[-2.97723214e+00 -3.80419167e-01 -1.59500299e-02 -2.95379928e+00
  2.91603954e+02] 2.978238291357071
[-3.00397440e+00 -1.22848450e-01  3.86058562e-01 -2.95758081e+00
  2.90694896e+02] 2.98519969159936
[-3.07668905e+00  1.27891129e-01 -8.47777711e-02 -3.15964612e+00
  2.93232630e+02] 3.163369565612005
[-2.95894950e+00  9.71405081e-02  3.49955147e-01 -2.69220129e+00
  2.91257599e+02] 2.7165884236956437
[-3.03347425e+00 -1.56084697e-01 -1.07699150e-01 -2.81611519e+00
  2.89441550e+02] 2.8224929261928944
[-3.04105892e+00  8.86367581e-02 -6.75904009e-02 -2.84151947e+00
  2.90820655e+02] 2.8437049513875285
[-3.03523208e+00  2.55658049e-01  5.16209598e-01 -2.90673268e+00
  2.93309694e+02] 2.9632631094220794
[-3.03283951e+00 -1.02183872e-02  8.51782603e-02 -2.62630311e+00
  2.89308780e+02] 2.627703897068103
[-3.01079421e+00 -1.69785396e-01 -6.57079473e-03 -2.48035323e+00
  2.89384088e+02] 2.4861662080614373
[-2.98032016e+00  4.70298562e-01 -6.65701651e-03 -2.89660379e+00
  2.91643042e+02] 2.9345423146770266
[-2.99762755e+00 -1.27641231e-03 -1.82152839e-01 -2.83830566e+00
  2.91662264e+02] 2.844144918847877
[-3.04907864e+00 -1.30307655e-01  2.13018704e-01 -2.60783334e+00
  2.89485455e+02] 2.6197617794646333
[-2.94596095e+00 -9.55183931e-02  4.28499045e-01 -2.67697928e+00
  2.93687588e+02] 2.712739072376472
[-3.00020294e+00 -1.26229594e-01  1.97861960e-01 -3.07306507e+00
  2.93157064e+02] 3.082014304643352
[-3.07171096e+00 -9.42231086e-02  3.01376596e-01 -3.14429777e+00
  2.93043718e+02] 3.1601130194787386
[-3.00700143e+00 -3.34931629e-01  2.11351834e-01 -2.29324277e+00
  2.87863478e+02] 2.3271895493485886
[-2.97401791e+00 -2.13167011e-01  1.01120640e-01 -2.78096050e+00
  2.92281063e+02] 2.79095089084999
[-2.96316554e+00 -1.28199244e-01 -2.20530802e-01 -2.70082262e+00
  2.90577462e+02] 2.712841995372656
[-2.92381680e+00  3.83135809e-02  2.55509030e-01 -3.02737702e+00
  2.92725199e+02] 3.03838187130382
[-2.94521728e+00  1.96945004e-01  1.16364036e-02 -2.51140885e+00
  2.89824651e+02] 2.5191461143550633
[-3.05935123e+00 -7.72299307e-02 -1.46911821e-01 -2.90185941e+00
  2.90479119e+02] 2.9066020639233425
[-2.99455971e+00 -3.35755742e-01  1.38402731e-01 -3.02095817e+00
  2.92032356e+02] 3.04270858070244
[-3.07649085e+00 -7.22059904e-02 -1.33236068e-01 -2.74379923e+00
  2.90921677e+02] 2.747981031268231
[-3.00249138e+00  7.98785783e-03  1.50718504e-02 -2.93482130e+00
  2.91319028e+02] 2.9348708667329264
[-3.05305963e+00 -5.73724830e-02 -1.73472989e-01 -2.92861248e+00
  2.91693589e+02] 2.9343066561917643
[-2.98153906e+00  2.98371441e-03 -1.97020171e-01 -2.65524231e+00
  2.90318527e+02] 2.662543441738427
[-2.99416379e+00 -2.18059354e-01 -1.04939738e-02 -2.79120460e+00
  2.91020060e+02] 2.7997291204442476
[-2.89321528e+00  1.97871220e-01  1.65730693e-01 -2.74511696e+00
  2.90829859e+02] 2.7572244774837413
[-2.97005881e+00 -1.39943571e-01  2.31576058e-01 -3.15734253e+00
  2.93384500e+02] 3.1689151981465717
[-2.98546940e+00  1.38522589e-02  2.03069579e-01 -2.71897626e+00
  2.92146327e+02] 2.726584136797234
[-2.97809517e+00  8.44692174e-02  2.71880382e-01 -2.68422039e+00
  2.91906368e+02] 2.699276404272151
[-3.06608387e+00 -1.50263781e-01 -1.21273363e-01 -2.62281859e+00
  2.89562463e+02] 2.6299170724216547
[-2.99538990e+00 -1.39794321e-01 -1.60327387e-01 -2.83581691e+00
  2.91267519e+02] 2.843783547724023
[-3.04134055e+00 -8.60185682e-02  5.50755051e-02 -2.76821902e+00
  2.91241311e+02] 2.770102712129361
[-3.04846913e+00 -1.35926282e-01  7.65036376e-02 -2.59109767e+00
  2.88597582e+02] 2.5957881105486997
[-3.05125440e+00 -2.66755897e-01 -3.45055386e-01 -3.07789051e+00
  2.90114446e+02] 3.108638271096645
[-3.06863988e+00  1.29184581e-01 -2.15300928e-01 -3.12555153e+00
  2.92511136e+02] 3.135620438583771
[-2.97286974e+00 -6.64236587e-02 -2.43052381e-01 -2.73768847e+00
  2.91820298e+02] 2.7492589432225847
[-3.03773290e+00 -1.89577239e-01 -1.09587009e-01 -2.79960396e+00
  2.91339789e+02] 2.8081544079135616
[-3.00544139e+00 -5.91986953e-02  2.77279991e-03 -2.54568962e+00
  2.90636775e+02] 2.546379356012466
[-2.99694730e+00  2.12543818e-01  3.52666552e-02 -2.73025389e+00
  2.90443973e+02] 2.738741482394078
[-2.95085182e+00 -1.45639170e-01 -1.89517874e-01 -2.56122249e+00
  2.90676147e+02] 2.5723507597634545
[-2.97064076e+00 -3.66153085e-01  7.88769486e-02 -2.87836968e+00
  2.93478070e+02] 2.9026370207329406
[-2.94452105e+00  1.92639171e-01 -2.02264382e-01 -2.94909350e+00
  2.92258954e+02] 2.9622918864253283
[-3.00683500e+00  3.11628046e-01  1.25278056e-01 -2.66708140e+00
  2.91299790e+02] 2.688146163964339
[-2.95796436e+00  1.36775715e-01 -1.63666824e-01 -2.90435414e+00
  2.92235992e+02] 2.9121757103230403
[-3.03793320e+00  7.42333825e-02 -3.08396269e-02 -2.72990736e+00
  2.91635107e+02] 2.731090603381158
[-2.90376335e+00  2.77015052e-01 -8.55209372e-02 -2.60263875e+00
  2.90334409e+02] 2.6187362707043724
[-2.94242887e+00  9.62050677e-02  8.47730818e-02 -2.88776669e+00
  2.92110907e+02] 2.890612105303933
[-2.95229789e+00 -9.78841396e-02 -2.62307608e-01 -2.92447874e+00
  2.91900543e+02] 2.937849981660569
[-2.93321596e+00 -3.38004134e-01  1.18624323e-01 -2.91308793e+00
  2.93508650e+02] 2.9350297770660285
[-3.05292811e+00  1.74866725e-01 -3.40792131e-01 -3.06156055e+00
  2.92653668e+02] 3.08542875811128
[-3.01512214e+00  2.97225742e-01 -9.10759094e-02 -3.11367133e+00
  2.94865240e+02] 3.129151180666579
[-3.03092694e+00  9.76899765e-02  2.02008547e-02 -2.45738491e+00
  2.89843458e+02] 2.4594088741163946
[-3.09845458e+00 -1.67871066e-01  2.68716747e-01 -2.90172266e+00
  2.91064712e+02] 2.9189696424309513
[-2.98648923e+00  5.93767853e-02  7.96435441e-02 -3.13680434e+00
  2.94222859e+02] 3.138376999598087
[-3.05878650e+00  1.94889015e-01  2.80712614e-01 -2.69444973e+00
  2.92063407e+02] 2.716033987848803
[-3.01246001e+00 -1.70116580e-01 -9.27123293e-02 -2.88337787e+00
  2.91681838e+02] 2.889879439689913
[-2.93045897e+00 -2.30334269e-01  2.58862949e-02 -2.83004923e+00
  2.91087483e+02] 2.839525065427563
[-3.04768722e+00  1.11303159e-01 -5.92737896e-02 -2.74156183e+00
  2.89029931e+02] 2.744460432236655
[-3.00793281e+00  4.56677591e-02  3.54378762e-01 -2.86733996e+00
  2.90335853e+02] 2.8895169624623613
[-2.97885261e+00 -1.65685644e-01 -9.74477598e-03 -2.88022937e+00
  2.91762231e+02] 2.8850074361866804
[-2.90600512e+00 -2.06531834e-01 -1.09849864e-01 -2.84216345e+00
  2.91672762e+02] 2.851774090347921
[-2.98295897e+00  2.00640101e-01  1.37996056e-01 -2.62108994e+00
  2.91715928e+02] 2.6323776006238453
[-3.12788811e+00  2.15431832e-01  2.94431532e-01 -2.96078005e+00
  2.89338054e+02] 2.9831726879986284
[-3.02742548e+00 -8.82671624e-02 -3.31420639e-01 -2.91335009e+00
  2.91508276e+02] 2.9334688498104997
[-3.01082232e+00 -4.30593358e-02  1.05048679e-01 -2.66421993e+00
  2.89617970e+02] 2.6666378056473814
[-3.13608176e+00 -1.46886128e-01 -2.61762410e-01 -2.71538828e+00
  2.90461852e+02] 2.731927631860868
[-3.01803990e+00 -6.43798098e-02 -1.55810843e-01 -2.49573233e+00
  2.89379645e+02] 2.501419928890349
[-2.98939621e+00 -2.87527298e-02 -2.36119554e-01 -3.00911990e+00
  2.92292573e+02] 3.0185065360863055
[-2.92552718e+00  7.03752000e-02 -1.59116138e-01 -2.80707300e+00
  2.93261843e+02] 2.812459673704109
[-2.89953999e+00 -1.50963078e-01  5.14746645e-02 -2.97466193e+00
  2.91690573e+02] 2.978934889581596
[-2.98597775e+00  1.84646119e-01  1.00758883e-01 -2.81734119e+00
  2.91157457e+02] 2.8251828162146513
[-3.05530950e+00 -2.40120215e-01  1.83550225e-01 -2.56642398e+00
  2.89770426e+02] 2.5841595277036853
[-3.06300142e+00 -3.15405138e-02 -1.02483235e-01 -2.94823214e+00
  2.90548242e+02] 2.9501814113275016
[-3.08732713e+00 -2.03166733e-02  3.25171709e-02 -2.60326300e+00
  2.89863380e+02] 2.603545347919507
[-2.97713506e+00 -3.85175279e-01 -9.15501930e-02 -2.63261797e+00
  2.88449973e+02] 2.662220649173115
[-3.03179214e+00  2.19477529e-01  2.30881949e-01 -2.74451759e+00
  2.90227476e+02] 2.7629429357807247
[-3.02383788e+00 -4.86674274e-01  2.15014750e-01 -3.14507669e+00
  2.92505384e+02] 3.1897634053951767
[-2.96312551e+00 -3.75518363e-01  6.90014419e-02 -2.68402720e+00
  2.91915271e+02] 2.7110472591765697
[-3.10038085e+00  2.42270652e-01  1.39902100e-01 -2.61421365e+00
  2.90571562e+02] 2.629140669081052
[-2.98399319e+00 -2.32590581e-01  2.15473741e-01 -2.47812173e+00
  2.90986834e+02] 2.498322362676952
[-3.09540494e+00 -2.28022972e-02  3.43708300e-02 -2.89821531e+00
  2.88917427e+02] 2.898508807313551
[-2.96651155e+00 -2.12031541e-01  1.05770998e-01 -2.58120037e+00
  2.89936127e+02] 2.5920532880386484
[-2.93216889e+00  9.74657459e-02 -2.14942357e-01 -2.88996811e+00
  2.92959671e+02] 2.899588841778726
[-3.01958563e+00  1.29666829e-01  2.64971991e-01 -2.72147569e+00
  2.90130921e+02] 2.7374173155031185
[-2.97902348e+00 -1.41030478e-01 -3.22910282e-01 -2.94447376e+00
  2.92047643e+02] 2.9654824831495574
[-3.06710231e+00 -4.52463849e-02  3.99479561e-02 -2.92739856e+00
  2.91352094e+02] 2.9280207267308236
[-2.98821964e+00  1.77373272e-01  2.72169576e-02 -3.04727183e+00
  2.89644365e+02] 3.0525510043806596
[-3.05211718e+00 -3.14242395e-01 -1.42393520e-01 -3.11726080e+00
  2.92273015e+02] 3.1362938489082794
[-3.04261417e+00  1.31563021e-02  1.15650450e-01 -2.89574337e+00
  2.92190224e+02] 2.898081738855234
[-3.13051552e+00 -1.01359565e-02  4.22538891e-01 -2.86841071e+00
  2.89740005e+02] 2.899383014003519
[-3.04537173e+00 -6.27528149e-02  8.65532581e-02 -2.90944449e+00
  2.87818216e+02] 2.911408012104376
[-3.13750849e+00 -1.88498940e-01  6.07971632e-02 -3.04265081e+00
  2.92140789e+02] 3.049090369081324
[-3.00694016e+00  9.23329788e-02 -2.22171750e-01 -2.50331509e+00
  2.89833884e+02] 2.514850310681132
[-3.03191417e+00  1.57063190e-01  9.13919051e-02 -2.84340034e+00
  2.91776453e+02] 2.8492010869122133
[-2.97711078e+00  1.18611911e-01  1.03535693e-01 -2.65886270e+00
  2.90644732e+02] 2.663520093124067
[-3.00126597e+00  4.92615049e-02  1.73954614e-01 -2.64167384e+00
  2.91052563e+02] 2.6478533946247724
[-2.94120071e+00  1.20546995e-01 -1.33941282e-01 -3.12491863e+00
  2.93077562e+02] 3.130109953339557
[-3.03314649e+00  3.48212048e-01  8.32308290e-02 -3.10205554e+00
  2.93221661e+02] 3.1226475263324684
[-3.00666469e+00 -1.40513164e-01  8.54506345e-03 -2.84233025e+00
  2.92531992e+02] 2.8458141612048946
[-3.02678333e+00  9.46500529e-02 -3.27688445e-02 -2.66064364e+00
  2.91327285e+02] 2.662528314838286
[-3.04983755e+00 -1.99822429e-02  1.74759750e-01 -2.64263218e+00
  2.91035119e+02] 2.6484797673608287
[-2.93624448e+00  3.38784939e-01  6.01216388e-02 -3.01789071e+00
  2.93597625e+02] 3.037442051164285
[-3.04118499e+00 -1.32855738e-02  4.85682054e-03 -2.76443108e+00
  2.89762000e+02] 2.764467274103253
[-3.02940816e+00  7.85220718e-02  2.04882550e-01 -2.91432904e+00
  2.92162731e+02] 2.922576998384459
[-3.06378764e+00  2.28350390e-01 -1.48740848e-01 -2.71057964e+00
  2.90696322e+02] 2.724244796210808
[-2.94176015e+00 -1.10558102e-01 -4.64291624e-02 -2.54935750e+00
  2.89766408e+02] 2.552176016934108
[-3.06904541e+00  2.07160043e-01 -1.43509262e-01 -2.98257528e+00
  2.93531274e+02] 2.993203212295873
[-2.92592519e+00  5.81143063e-02 -1.99050182e-01 -2.96366983e+00
  2.90704023e+02] 2.970915195944079
[-3.00021098e+00 -2.10908096e-02 -2.70671000e-01 -3.07014249e+00
  2.94302343e+02] 3.082123058804017
[-2.96333721e+00  2.45492081e-01  1.25453748e-01 -2.62329572e+00
  2.90254377e+02] 2.637742489155696
[-3.00856330e+00  7.87517466e-02 -1.33637482e-01 -2.57465382e+00
  2.88817862e+02] 2.5793222140203866
[-2.94970667e+00 -1.85144942e-01  7.34101973e-02 -2.68586051e+00
  2.91849413e+02] 2.6932349314023294
[-2.84262331e+00 -1.60550183e-02 -2.58436469e-01 -2.96677992e+00
  2.93985383e+02] 2.9780581394357073
[-2.96490465e+00  5.64847438e-02 -2.93327511e-02 -2.77552574e+00
  2.90228640e+02] 2.7762554031127262
[-3.05180081e+00  2.72662117e-01  2.23683306e-02 -2.79445354e+00
  2.90014596e+02] 2.80781330106979
[-3.04303595e+00 -2.80026169e-02  3.81042712e-02 -2.74572712e+00
  2.92809897e+02] 2.74613428486919
[-2.96691196e+00 -4.98324257e-03 -9.20790717e-02 -3.06675039e+00
  2.92772076e+02] 3.0681364593804505
[-3.08380311e+00 -1.01779864e-01 -1.52701159e-01 -2.65073980e+00
  2.91295835e+02] 2.6570845471302125
[-2.93410180e+00 -7.71355254e-03  2.64140643e-01 -2.88210133e+00
  2.91328182e+02] 2.8941903620028646
[-2.91463230e+00 -1.38031578e-01  2.23108232e-01 -2.78162023e+00
  2.92689383e+02] 2.7939651180305067
[-3.10432510e+00  3.41867922e-01  1.44472297e-01 -2.65810433e+00
  2.90044862e+02] 2.6838898177339785
[-2.92829328e+00  2.48306720e-01 -5.37020446e-02 -2.42339042e+00
  2.90849728e+02] 2.4366701182425996
[-2.93993742e+00 -1.91779711e-03 -1.38444932e-01 -2.72219244e+00
  2.90467273e+02] 2.7257113452491963
[-3.02452420e+00  2.06148367e-01 -3.57749451e-01 -2.88343115e+00
  2.92480702e+02] 2.912843458357707
[-2.99877827e+00  1.64185037e-01  2.02564898e-01 -2.79232081e+00
  2.90975531e+02] 2.8044687119139886
[-3.09039471e+00  1.45627299e-02 -2.68875436e-03 -2.89518178e+00
  2.88373122e+02] 2.895219651381134
[-2.99070093e+00 -1.04724327e-02 -1.54391708e-01 -2.66830176e+00
  2.89690571e+02] 2.672785208435426
[-3.00070022e+00 -2.64290257e-01 -2.68890041e-01 -2.59914093e+00
  2.91346141e+02] 2.6263443716677064
[-3.01453431e+00 -2.06828377e-01 -6.93980177e-02 -2.71074307e+00
  2.89298893e+02] 2.7195076817667228
[-3.01074998e+00  1.21992188e-01 -8.99559906e-03 -2.66078464e+00
  2.90964472e+02] 2.6635949185538976
[-2.91965900e+00 -9.81041049e-02  3.06098838e-01 -2.88059507e+00
  2.92728101e+02] 2.89847354202813
[-3.05525755e+00 -1.72572045e-01 -2.57956323e-01 -2.99243901e+00
  2.91022252e+02] 3.0084902863737137
[-3.05577413e+00  1.14619131e-01  4.17847513e-02 -2.94371979e+00
  2.91769224e+02] 2.9462467190134745
[-2.99394947e+00 -3.22058557e-01 -7.42322978e-02 -3.00446695e+00
  2.91730701e+02] 3.0225905802038304
[-3.02050070e+00 -1.69444206e-01 -4.03374473e-01 -2.65020068e+00
  2.92501257e+02] 2.686072586790579
[-3.01681324e+00 -4.50836439e-02  2.78636896e-02 -2.96164990e+00
  2.91313491e+02] 2.9621240822651393
[-2.95991596e+00 -9.92532845e-02  2.57879857e-01 -3.17506854e+00
  2.92594647e+02] 3.1870697329624376
[-2.88738130e+00  1.09710578e-01  2.70635168e-01 -2.96080585e+00
  2.92260726e+02] 2.9751724435165428
[-3.08981504e+00 -1.12550760e-01 -1.82647025e-01 -3.11226697e+00
  2.92412470e+02] 3.119652750207395
[-3.01563990e+00 -5.13667970e-02 -6.99429791e-02 -2.84078235e+00
  2.90974591e+02] 2.8421074754748137
[-2.99894883e+00 -2.40396282e-02  1.41027896e-01 -2.64179556e+00
  2.90398954e+02] 2.645666376779196
[-2.99900511e+00 -2.14807831e-01 -3.01559805e-02 -2.72312481e+00
  2.88614927e+02] 2.7317504452171795
[-2.98815712e+00  5.30336704e-01 -1.48712881e-02 -3.00348939e+00
  2.91255448e+02] 3.049987978627332
[-2.98188777e+00  2.44881518e-01 -4.20298124e-02 -2.66401772e+00
  2.90822107e+02] 2.675579166665989
[-3.04611189e+00 -9.31803293e-02 -2.06422427e-01 -3.00792683e+00
  2.92063373e+02] 3.016441046770268
[-3.06892284e+00 -3.71397015e-01 -2.48993508e-02 -2.79859677e+00
  2.91042308e+02] 2.823242749601392
[-3.01420711e+00  2.06759819e-01 -4.07242743e-02 -2.69971731e+00
  2.87438969e+02] 2.7079294014020974
[-3.06447917e+00 -2.22595495e-01 -1.28565471e-01 -2.64800627e+00
  2.89487462e+02] 2.6604539145973116
[-3.10973504e+00  1.78636526e-01  5.33020412e-02 -3.12297263e+00
  2.91526199e+02] 3.1285316273636874
[-3.05771287e+00 -1.84828656e-01  1.38721873e-01 -2.47892993e+00
  2.89952032e+02] 2.4896784899397457
[-3.05650663e+00  5.26113997e-02  3.38639452e-01 -2.69903300e+00
  2.91091673e+02] 2.7207028097789254
[-3.03733911e+00 -1.01283465e-02  3.49666951e-02 -2.70877927e+00
  2.90990000e+02] 2.709023878651261
[-3.04356512e+00  1.80340149e-01 -1.46111580e-01 -2.84022890e+00
  2.91709311e+02] 2.849696715431901
[-3.06329021e+00  2.58763276e-02  1.34950371e-01 -2.95674791e+00
  2.93283002e+02] 2.959939086999266
[-3.03214411e+00 -2.26739314e-02  4.52362978e-02 -2.85690175e+00
  2.91701362e+02] 2.8573498276186906
[-3.08745820e+00 -1.94418116e-01 -2.38036436e-01 -2.77438175e+00
  2.92202372e+02] 2.791353402647987
[-2.94864037e+00  1.51761600e-01 -4.32620276e-03 -3.09408954e+00
  2.92808049e+02] 3.097812197429772
[-3.02486160e+00 -2.82999321e-01  8.08236085e-02 -2.38253909e+00
  2.90090218e+02] 2.400648576636756
[-3.03251724e+00  9.88612661e-02 -9.47764745e-02 -2.51973170e+00
  2.89401485e+02] 2.523450802646234
[-3.03401578e+00 -4.06414783e-01 -1.97642054e-01 -2.96654166e+00
  2.92288280e+02] 3.000767361527409
[-2.91079516e+00 -9.56026912e-02 -2.11871648e-01 -2.93782681e+00
  2.92247323e+02] 2.947007948785968
[-3.07842438e+00 -1.14192635e-01 -2.90271462e-01 -3.27571846e+00
  2.93690874e+02] 3.290536267238072
[-3.01034873e+00 -1.43871589e-01  4.05070820e-01 -2.94134897e+00
  2.92771414e+02] 2.9725940082021185
[-2.95317116e+00  2.76633397e-01 -2.34437094e-01 -2.79608581e+00
  2.91836674e+02] 2.8195004288614833
[-3.07427199e+00  5.28206735e-02  1.61007269e-02 -2.92520054e+00
  2.91029637e+02] 2.9257216984698746
[-3.07976780e+00  6.31987089e-02  8.41537945e-02 -2.68660981e+00
  2.91142230e+02] 2.688670340722916
[-2.97672609e+00 -1.81355122e-02  3.10406409e-02 -3.03479516e+00
  2.93519587e+02] 3.035008087590013
[-2.94973797e+00  1.15976594e-01  1.14622392e-01 -2.34523224e+00
  2.90782670e+02] 2.350894111484195
[-3.01127500e+00 -2.27159547e-02  2.65132658e-01 -2.83601737e+00
  2.90760852e+02] 2.8484743091218574
[-3.03080819e+00  5.77483154e-02  2.62277549e-01 -2.79641628e+00
  2.91224748e+02] 2.8092825419638254
[-3.02499015e+00 -4.40707826e-02  2.48038622e-01 -2.99564049e+00
  2.90749387e+02] 3.0062147850671916
[-2.97876991e+00  2.69351750e-01 -2.96450266e-02 -2.54043978e+00
  2.91625718e+02] 2.5548509702259925
[-3.04742041e+00  2.84853801e-01  1.77192187e-01 -2.96322007e+00
  2.91292757e+02] 2.982148879757491
[-2.91034101e+00 -1.73386357e-01  4.35436798e-01 -3.09785892e+00
  2.93425988e+02] 3.1331131320593144
[-2.98561674e+00 -2.24080641e-01  2.46090144e-01 -3.29761433e+00
  2.94446126e+02] 3.3143676232726897
[-2.96927046e+00  1.42308249e-01 -8.06287582e-03 -2.61046878e+00
  2.90762681e+02] 2.6143572615173483
[-2.98204233e+00 -1.62022959e-01  1.64107544e-01 -2.90981177e+00
  2.91986123e+02] 2.918935985796111
[-3.04335122e+00 -8.14899027e-02 -8.87058598e-02 -2.92123917e+00
  2.90798852e+02] 2.9237215354479384
[-3.07706874e+00 -1.79559718e-01  2.39229240e-01 -2.92382279e+00
  2.90072184e+02] 2.939083534877688
[-3.10984870e+00 -5.38598203e-02 -1.37283675e-02 -2.60700786e+00
  2.90823608e+02] 2.6076002975918318
[-2.94555257e+00 -4.89858148e-02 -1.22019899e-01 -2.99416831e+00
  2.93533282e+02] 2.9970539464473926
[-3.05939356e+00  4.67512660e-02  2.54085085e-01 -2.81288377e+00
  2.91535406e+02] 2.82472299734698
[-3.00242428e+00  4.70730888e-02 -2.28633935e-01 -2.84512886e+00
  2.91851667e+02] 2.854688700618633
[-3.00305508e+00 -1.78702075e-01  1.70789538e-01 -2.86632074e+00
  2.92257530e+02] 2.8769598705281756
[-3.00959022e+00  7.14456554e-02  1.82266551e-01 -2.52252798e+00
  2.90987843e+02] 2.530113237278429
[-3.14333403e+00 -1.13038105e-01 -2.26876808e-01 -2.70159533e+00
  2.89452950e+02] 2.7134605251927693
[-3.04753648e+00 -2.07311896e-01 -8.67537676e-02 -2.97764136e+00
  2.91840176e+02] 2.986109927563635
[-2.93898043e+00  1.02943668e-01  5.26077719e-02 -2.98656377e+00
  2.93030376e+02] 2.9888004507557184
[-2.98060340e+00  1.84647425e-01 -3.08165394e-01 -2.76759113e+00
  2.90717221e+02] 2.7908101435673043
[-2.93837979e+00 -1.28757961e-01  5.50690231e-02 -2.66410245e+00
  2.90515515e+02] 2.667780549373636
[-2.91656448e+00 -1.13768359e-01 -6.77137082e-02 -2.78582707e+00
  2.91387995e+02] 2.7889712868522176
[ -2.89683876  -0.33130075   0.32120592  -2.77692065 293.70670954] 2.8149994166245538
[-2.98113699e+00  6.22849746e-03  1.64414082e-01 -2.37435379e+00
  2.88563578e+02] 2.3800476313509273
[-2.98909211e+00  2.65983726e-01 -1.37169824e-01 -3.06647174e+00
  2.92577946e+02] 3.081040701984159
[-3.01054026e+00  4.14188708e-01 -2.36433140e-01 -2.61239663e+00
  2.92058636e+02] 2.6555732054138312
[-3.02099080e+00  3.10774551e-01  1.80322100e-04 -2.85187424e+00
  2.92804537e+02] 2.8687571365981874
[-2.98549699e+00 -8.65286571e-02 -2.04074132e-01 -2.45885121e+00
  2.89814630e+02] 2.4688221357918003
[-2.92762426e+00 -2.66161750e-01  3.56015992e-02 -2.87414534e+00
  2.92037267e+02] 2.886662599988455
[-2.92245254e+00  2.15293463e-02 -3.81832935e-03 -2.92433831e+00
  2.93429620e+02] 2.9244200490155223
[-3.02454508e+00 -2.82905156e-01 -7.65841712e-02 -2.97680442e+00
  2.90807846e+02] 2.9911979223684084
[-2.99828526e+00  1.80393210e-01 -1.18780573e-01 -2.69637887e+00
  2.90541179e+02] 2.705015623482931
[-2.98074521e+00  1.31622919e-01 -2.48438665e-01 -2.93661027e+00
  2.92901281e+02] 2.9500383504700665
[-3.02671527e+00 -2.41978576e-01  9.17578456e-02 -2.81669473e+00
  2.89977816e+02] 2.8285583478704237
[-3.00283480e+00 -1.21389028e-01 -8.16728695e-02 -2.94333745e+00
  2.93122756e+02] 2.9469715121305176
[-3.01245200e+00 -3.75187940e-02 -4.54485173e-03 -2.88951457e+00
  2.92171412e+02] 2.889761719158151
[-3.07828862e+00  3.72807449e-01 -1.35633549e-02 -2.69885947e+00
  2.89953831e+02] 2.724520473329874
[-3.02564676e+00 -5.35740065e-02  3.31161016e-01 -3.00928968e+00
  2.91773612e+02] 3.0279303469367824
[-2.97010673e+00  2.18064151e-02  2.41159113e-01 -2.71717773e+00
  2.91166645e+02] 2.7279457574475985
[-3.04573562e+00  1.39357441e-01  2.52654505e-01 -2.74401451e+00
  2.90838129e+02] 2.759143056513851
[-2.99415084e+00 -9.43526149e-02 -8.80355272e-02 -2.71547249e+00
  2.89587346e+02] 2.718537019594146
[-3.01646180e+00  2.00999273e-01  1.07461628e-01 -2.93962695e+00
  2.92615615e+02] 2.9484496411156385
[-3.01030875e+00 -1.19012177e-01 -1.46397807e-01 -3.11354497e+00
  2.92721719e+02] 3.1192560849434474
[-2.99414695e+00 -1.62848472e-01 -2.29582526e-01 -2.70361891e+00
  2.91393985e+02] 2.7182315850278824
[-2.94899794e+00  1.55952119e-01 -9.41271170e-02 -2.65994408e+00
  2.91674104e+02] 2.666173939658845
[-2.95492849e+00 -1.82414966e-01  2.45298402e-01 -2.78855788e+00
  2.91823540e+02] 2.8052631911685078
[-3.00705880e+00 -2.56976372e-02  2.58327255e-01 -2.76607434e+00
  2.90861941e+02] 2.7782297590091267
[-2.97775658e+00  1.15316915e-01 -1.11587276e-01 -2.99137260e+00
  2.93297767e+02] 2.9956735042884586
[-3.01920672e+00  4.53004398e-01  2.87072443e-01 -2.83664194e+00
  2.92939333e+02] 2.8868947107715286
[-3.08739378e+00 -3.48938679e-01 -2.31923391e-01 -2.75807093e+00
  2.91264744e+02] 2.7897135922404064
[-2.99773606e+00 -1.15350827e-02 -1.79913936e-01 -2.99546361e+00
  2.91258940e+02] 3.0008839218594323
[-3.00246243e+00  7.10455131e-02 -2.40742086e-01 -2.92288656e+00
  2.92054430e+02] 2.933644500478418
[-2.91540818e+00 -1.38626627e-01  1.44017369e-01 -2.66259827e+00
  2.91597725e+02] 2.6700913671103694
[-3.01055324e+00  1.89490187e-01 -3.64150424e-01 -2.79284405e+00
  2.89818296e+02] 2.822851385035753
[-3.02265529e+00 -4.56113492e-03  3.25735948e-01 -3.06240686e+00
  2.91894694e+02] 3.0796851305398865
[-2.99552067e+00  1.39908259e-01 -1.48063335e-02 -2.76470528e+00
  2.92041569e+02] 2.7682826507299017
[-2.99443155e+00 -1.83197079e-01  1.11839082e-01 -3.10346863e+00
  2.91875317e+02] 3.1108819808112425
[-3.02310672e+00 -2.64640040e-01  1.01710457e-01 -2.76752025e+00
  2.90097913e+02] 2.782004260776615
[-2.98012333e+00  4.71885487e-02 -4.14544721e-02 -2.92719260e+00
  2.91907113e+02] 2.927866415332884
[-2.95224326e+00  1.31865558e-01  3.02516764e-01 -2.68734151e+00
  2.90560600e+02] 2.707528263932262
[-2.99368635e+00  2.69885156e-01 -9.89672261e-02 -2.68572260e+00
  2.90895200e+02] 2.701062455572551
[-3.04277180e+00 -9.55964345e-02  1.54036452e-01 -3.20275051e+00
  2.93064117e+02] 3.2078772951256016
[-3.04373331e+00 -4.81932857e-01 -7.04937978e-02 -2.81353172e+00
  2.93398783e+02] 2.855379027179659
[-2.96480781e+00  1.76520362e-01  5.90342869e-02 -2.99275781e+00
  2.92906831e+02] 2.998540276290491
[-3.00125098e+00 -3.62738549e-01  1.85845303e-01 -2.52694434e+00
  2.91025144e+02] 2.559602589509718
[-2.99737023e+00  2.38340790e-01 -1.21503500e-01 -2.90081497e+00
  2.92345196e+02] 2.9131249443833975
[-3.05218849e+00  1.65203320e-01 -7.60422157e-02 -3.05711778e+00
  2.92234084e+02] 3.062522435609957
[-3.01755216e+00  1.98630200e-01 -1.45797429e-01 -2.97621504e+00
  2.92165055e+02] 2.9863969637556402
[-2.96360418e+00 -2.12498229e-01 -1.82332464e-01 -2.46042706e+00
  2.90847261e+02] 2.476308124230749
[-2.94121964e+00  1.77409040e-01  1.00212429e-01 -2.91510797e+00
  2.93347750e+02] 2.922220211950758
[-3.00370762e+00  2.59571871e-02 -3.21959712e-01 -2.88185631e+00
  2.92590564e+02] 2.8999013090789796
[-3.01015565e+00 -1.18686783e-01  2.12791691e-01 -3.03045909e+00
  2.91059295e+02] 3.0402383386527165
[-3.02251828e+00  1.33143194e-01  9.81840219e-02 -3.07057485e+00
  2.92264834e+02] 3.0750279851009132
[-3.03628876e+00 -3.90672416e-02 -2.00791652e-01 -2.91408898e+00
  2.93144718e+02] 2.9212596848517527
[-2.91624848e+00  6.60300557e-02 -4.14602263e-01 -3.03142280e+00
  2.91992800e+02] 3.060356054802236
[-3.03175580e+00 -2.27232592e-01  7.76848926e-03 -2.83492832e+00
  2.89550374e+02] 2.844031218944166
[-2.99017795e+00 -2.52546368e-02  1.26011052e-01 -2.73323968e+00
  2.92293515e+02] 2.7362594369675186
[-2.98520381e+00 -4.28026063e-01  2.16592537e-01 -2.83530447e+00
  2.91725762e+02] 2.8755990836279652
[-2.99396933e+00  2.78195818e-01 -6.67908987e-02 -2.93452536e+00
  2.91996195e+02] 2.9484390836152254
[-3.07227310e+00  7.20606337e-02  1.96197990e-02 -2.85593111e+00
  2.89677469e+02] 2.8569074491395594
[-3.08997165e+00  5.28171163e-02  6.75528059e-02 -2.60852133e+00
  2.88444974e+02] 2.609930370846443
[-3.08239242e+00  8.54055536e-02 -1.52948924e-01 -2.69005370e+00
  2.91647032e+02] 2.6957515479405574
[-3.01686004e+00 -4.70219309e-02  3.47642041e-01 -2.86361215e+00
  2.91159296e+02] 2.8850200330853144
[-3.02505926e+00  1.36295540e-01  2.74401750e-02 -3.00560350e+00
  2.91592971e+02] 3.0088173452795717
[-3.01750576e+00  1.97939286e-02  4.03960893e-01 -2.79859327e+00
  2.90132126e+02] 2.8276669713759652
[-2.96280581e+00  1.15180501e-01  2.81656042e-02 -2.69696329e+00
  2.91385833e+02] 2.699568637181917
[-3.01377399e+00 -8.04865450e-02 -2.02815322e-01 -3.00338037e+00
  2.92424981e+02] 3.011296361561237
[-2.99942424e+00 -1.52111089e-02  1.65101831e-01 -3.05220635e+00
  2.92910556e+02] 3.0567063330731794
[-3.00176657e+00 -1.78753985e-01 -1.47803868e-01 -2.65695332e+00
  2.88681541e+02] 2.667058284485654
[-2.99513311e+00  1.90228096e-02  8.82810482e-02 -2.66971194e+00
  2.91743283e+02] 2.6712388983493547
[-3.01763626e+00 -3.59561212e-02 -2.55081558e-01 -3.05319391e+00
  2.91631983e+02] 3.0640418553206454
[-2.96259708e+00  2.80048207e-01 -5.41335715e-02 -2.32509991e+00
  2.88425730e+02] 2.342530045706273
[-3.00525025e+00  1.01332091e-01  1.32485274e-01 -2.70808806e+00
  2.88808568e+02] 2.713219764968912
[-3.02239280e+00 -4.26487043e-02  3.48135905e-01 -2.81643291e+00
  2.91394587e+02] 2.8381881273726486
[-2.94590997e+00  1.07502275e-01  1.80561291e-01 -2.78116565e+00
  2.92293297e+02] 2.7890933074608317
[-2.99102306e+00  3.04456838e-01 -7.80964479e-02 -2.90729238e+00
  2.92545855e+02] 2.9242335774379975
[-3.00426498e+00 -3.70938399e-01  1.09260228e-01 -2.73248307e+00
  2.89272575e+02] 2.759709554205082
[-2.93511118e+00  1.36723284e-02 -2.64294867e-01 -2.76791819e+00
  2.92206981e+02] 2.78054128122084
[-2.99367981e+00  1.44990608e-01  1.48849348e-01 -2.33201530e+00
  2.88998547e+02] 2.3412547404905695
[-3.03346474e+00  1.23902398e-01 -1.21649405e-01 -3.05351096e+00
  2.92634704e+02] 3.0584439784587056
[-2.96723212e+00 -1.08549509e-01  1.25945649e-01 -3.00273569e+00
  2.91706378e+02] 3.0073355234578685
[-2.92010225e+00  1.78363895e-03  1.67395226e-01 -2.90858522e+00
  2.92053352e+02] 2.9133987596184805
[-3.14927666e+00  1.69903542e-01 -2.42739163e-02 -3.17484029e+00
  2.92181103e+02] 3.1794759527776693
[-3.02782892e+00 -4.28318870e-01  2.08109950e-01 -2.90840415e+00
  2.93233341e+02] 2.9471310633827357
[-3.00924867e+00  2.47160002e-01 -1.59523175e-01 -2.76097702e+00
  2.89951017e+02] 2.776604004234167
[-2.98913212e+00  1.68387825e-01  2.06535595e-01 -2.59921218e+00
  2.89727583e+02] 2.6128366478207363
[-2.98527230e+00  1.29738706e-01  2.01005517e-01 -2.78992362e+00
  2.90823844e+02] 2.800162343240308
[-3.07038474e+00 -2.58601884e-01  8.91370815e-02 -2.68663178e+00
  2.87546140e+02] 2.700520448497854
[-2.93787596e+00  9.97132640e-02  6.93503814e-02 -2.94900609e+00
  2.91560759e+02] 2.9515062462595254
[-3.06914312e+00 -3.88873373e-02  4.32809878e-01 -3.12118630e+00
  2.92546527e+02] 3.1512918810835395
[-2.87449277e+00 -4.82744963e-02 -6.32337752e-02 -3.00679691e+00
  2.94300580e+02] 3.0078491675506163
[-3.05988538e+00 -8.21680514e-02  1.25633219e-02 -2.84092730e+00
  2.89978993e+02] 2.842143092299709
[ -3.03006033   0.32196989  -0.4112543   -2.89805767 290.18885027] 2.9447466730641247
[-3.05722568e+00 -3.97396366e-02  4.65014107e-02 -2.83183814e+00
  2.92097358e+02] 2.832498701786929
[-3.03798134e+00  2.43531392e-01 -1.25580442e-01 -2.71872805e+00
  2.90688440e+02] 2.7325007183422727
[-3.02342059e+00 -2.53385139e-01 -4.20482503e-01 -2.83199256e+00
  2.90944188e+02] 2.874228843243466
[-3.04966068e+00  6.76006529e-02  6.33469209e-02 -2.89659891e+00
  2.93139290e+02] 2.8980800437029695
[-3.00314573e+00 -7.11214460e-02  1.79876120e-01 -2.95193834e+00
  2.91798993e+02] 2.9582686903743136
[-3.01765963e+00 -1.66585484e-02 -2.70250864e-01 -2.73777232e+00
  2.91111547e+02] 2.751128912275986
[-2.95628457e+00  3.90492318e-01 -1.68189582e-01 -2.97037974e+00
  2.92602159e+02] 3.000654558446065
[-2.94835146e+00  1.56974869e-01  3.10929518e-01 -2.92794166e+00
  2.92244289e+02] 2.9485862129739826
[-3.05354802e+00 -2.47162232e-01 -1.60746203e-01 -2.93614018e+00
  2.90872341e+02] 2.9509062434988405
[-3.01303260e+00  2.50524230e-01  2.19627832e-01 -2.72765142e+00
  2.91018867e+02] 2.7479230389446423
[-2.91439072e+00 -2.00557843e-01 -4.63847918e-02 -2.62403629e+00
  2.90582456e+02] 2.63209830189566
[-3.09644653e+00 -1.92907929e-01  2.26403440e-01 -2.83337417e+00
  2.91189524e+02] 2.848943864924532
[-3.03485545e+00  2.17012210e-01 -8.36807396e-03 -2.60547351e+00
  2.89960158e+02] 2.6145088477170892
[-3.04044675e+00 -5.94269430e-04  2.27417037e-02 -2.64993842e+00
  2.91247464e+02] 2.6500360679592023
[-3.12388715e+00 -4.64615561e-01 -8.89019658e-02 -2.98131969e+00
  2.91350702e+02] 3.0186152938728203
[-3.06238235e+00  2.98622267e-01 -3.18829208e-02 -2.83035892e+00
  2.91528246e+02] 2.8462472432907844
[-2.98057642e+00 -2.07730826e-01 -3.16769357e-01 -2.76386486e+00
  2.90764358e+02] 2.7897031847774456
[-2.97559806e+00 -2.07413015e-01  1.18029766e-01 -2.75833542e+00
  2.90533805e+02] 2.7686396435482736
[-3.05765493e+00  8.38549056e-02 -3.35715195e-01 -2.55911422e+00
  2.88973172e+02] 2.5824023565700642
[-3.03375355e+00 -2.65976993e-01  3.73834181e-02 -2.55791193e+00
  2.89489753e+02] 2.5719748690481015
[-2.97263363e+00  1.78392553e-01 -3.40957127e-02 -3.17681788e+00
  2.92960922e+02] 3.182005381046511
[-3.00561317e+00 -6.24009372e-02 -1.89219526e-01 -2.71860018e+00
  2.92367422e+02] 2.725891566294773
[-2.98053805e+00 -2.42213670e-01  1.97249992e-01 -2.68944355e+00
  2.90801345e+02] 2.707523155593064
[-2.98880301e+00  1.14390570e-02 -3.78603145e-01 -2.82138312e+00
  2.90180990e+02] 2.846695259123318
[-3.00847993e+00 -1.56328715e-01 -1.25203759e-01 -2.90211077e+00
  2.91744035e+02] 2.909013852000148
[-3.00008572e+00  2.24818753e-01  3.25301369e-01 -2.65888854e+00
  2.90914624e+02] 2.688131827418228
[-2.98253984e+00  6.99643233e-02  4.92026860e-02 -2.69879985e+00
  2.91382071e+02] 2.700154910856773
[-3.07703078e+00 -5.14181986e-02 -8.22289867e-02 -2.93621104e+00
  2.91653228e+02] 2.9378122329057708
[-2.99865865e+00 -2.57696928e-02  1.77167257e-01 -3.16947910e+00
  2.92275838e+02] 3.1745314705263055
[-3.01614656e+00  7.61761181e-02 -4.55075971e-02 -2.85936219e+00
  2.90737290e+02] 2.860738696054886
[-2.99784242e+00  2.34139149e-01  8.30908330e-02 -2.67712291e+00
  2.92005828e+02] 2.6886264751050897
[-3.02767254e+00  2.16791511e-01 -2.45335794e-01 -2.84343716e+00
  2.91527171e+02] 2.8622234511068947
[-2.96723781e+00  3.19642622e-02 -1.01242114e-01 -2.85706235e+00
  2.91270515e+02] 2.8590342727876075
[-3.04403741e+00 -2.24570012e-01 -7.37550378e-02 -3.09226942e+00
  2.92002455e+02] 3.101290319731163
[-2.94441069e+00  4.10238704e-01  6.36903702e-02 -2.70228817e+00
  2.90110789e+02] 2.733992250206771
[-2.97534742e+00 -3.43569377e-01 -2.28750712e-02 -3.18052909e+00
  2.92477635e+02] 3.1991137057733456
[-3.03527352e+00  2.51379382e-02  5.79760091e-02 -2.96570474e+00
  2.91476094e+02] 2.966377881952761
[-3.04758461e+00  2.36286012e-01  1.97987816e-01 -2.72387700e+00
  2.91054415e+02] 2.7412654283879965
[-2.96605018e+00 -1.05976964e-01  1.84677711e-01 -2.95992808e+00
  2.93581592e+02] 2.9675766534184937
[-3.05395505e+00 -5.40498696e-02 -1.08398849e-01 -3.11730272e+00
  2.92116142e+02] 3.119655098953097
[-3.01495938e+00 -2.13472059e-01  2.53716981e-01 -2.71579786e+00
  2.90907302e+02] 2.735964295509357
[-3.01899685e+00  8.23255934e-02  1.54296943e-01 -2.95271448e+00
  2.91778198e+02] 2.957889090302302
[-2.93619647e+00 -2.94241612e-01  8.58836083e-02 -2.48098961e+00
  2.91568712e+02] 2.499852709039539
[-3.09998605e+00 -1.29402536e-01 -6.45862701e-02 -3.04869801e+00
  2.90769039e+02] 3.052126469929325
[-2.97412756e+00 -2.51782561e-01  2.17843319e-01 -2.61115031e+00
  2.90506611e+02] 2.6322910426624664
[ -3.09471722  -0.29967104  -0.41919964  -2.55092863 289.82474198] 2.6024542159025805
[-3.07112431e+00 -3.48153535e-01  2.37967026e-03 -2.79410692e+00
  2.89638946e+02] 2.8157148367508373
[-3.14453507e+00  8.76453551e-02  3.85600909e-01 -3.00069179e+00
  2.92246297e+02] 3.0266352581222367
[-3.01450102e+00 -3.45667534e-01  2.72428393e-02 -2.86107441e+00
  2.91410815e+02] 2.882008845485875
[-3.05363770e+00  2.93667006e-01 -1.06661827e-01 -2.77144193e+00
  2.91661394e+02] 2.788997566791737
[-2.99106849e+00  2.37947311e-01  2.52559080e-02 -2.91629025e+00
  2.90483011e+02] 2.926090500179749
[-3.00900796e+00 -2.96372937e-01  1.01969247e-01 -3.13314935e+00
  2.94994053e+02] 3.1487869859404927
[-2.98114247e+00 -2.24872557e-02  3.79458812e-01 -2.86182720e+00
  2.92331566e+02] 2.8869619951513874
[-3.02773191e+00  2.37793079e-01  7.84288758e-03 -2.68722758e+00
  2.92181452e+02] 2.697739634591437
[-2.98262586e+00 -1.90590965e-01 -1.09410400e-01 -2.93059800e+00
  2.92256620e+02] 2.938826324607018
[-2.96436252e+00 -5.02287436e-02 -1.42799602e-01 -3.12077179e+00
  2.93513508e+02] 3.1244409476361503
[-2.97995520e+00  2.10291137e-01 -2.51070802e-02 -2.75933097e+00
  2.90917377e+02] 2.7674465032992264
[-3.05754803e+00  1.00411282e-02 -3.59591323e-01 -2.81974513e+00
  2.89275116e+02] 2.8425990430648604
[-3.03069672e+00  4.21277412e-01  1.09987942e-03 -2.85686472e+00
  2.91579846e+02] 2.8877589745712315
[-3.06425269e+00 -8.67797209e-02  4.54343418e-02 -2.90924841e+00
  2.91205545e+02] 2.910896992260373
[-3.07301596e+00  5.22251042e-02 -1.20813343e-01 -2.96236028e+00
  2.91562764e+02] 2.9652827419651673
[-3.16346118e+00  1.90019229e-01  6.42862813e-02 -2.67331000e+00
  2.90483456e+02] 2.6808256947139566
[-2.97414804e+00  2.28739218e-01  2.97599743e-01 -2.77114097e+00
  2.92586022e+02] 2.7964458722676864
[-2.98107634e+00 -8.02905349e-02 -1.01097013e-01 -2.64172384e+00
  2.90525086e+02] 2.644876561511419
[-3.02264348e+00 -2.39678275e-01 -1.74581330e-01 -2.66392877e+00
  2.90249312e+02] 2.680380723579727
[-2.97591829e+00 -1.67642859e-01  1.50768594e-01 -2.52024408e+00
  2.89554709e+02] 2.5303093679287714
[-3.03811052e+00  4.28318553e-02 -1.10280689e-01 -2.90116636e+00
  2.92696939e+02] 2.9035775607953487
[-3.01791211e+00  3.87061502e-03 -2.03448044e-01 -2.99218846e+00
  2.91793185e+02] 2.9990995077454374
[-2.99013940e+00 -2.13910689e-01  1.51524656e-01 -2.72229085e+00
  2.90287736e+02] 2.734882987399512
[-3.04675736e+00  2.56589175e-01 -2.24722328e-01 -2.68861838e+00
  2.90255372e+02] 2.710167327394654
[-3.08754344e+00  9.81459936e-03 -1.76941842e-01 -3.04104323e+00
  2.90803686e+02] 3.046202336812901
[-2.98786207e+00 -8.05686141e-02 -3.30137003e-02 -3.11099978e+00
  2.91455277e+02] 3.1122179904530234
[-3.05220828e+00  2.46023822e-01 -3.63776588e-02 -2.34674048e+00
  2.88622768e+02] 2.3598817592129904
[-2.98068222e+00  8.25104980e-02  7.53149205e-03 -2.71224745e+00
  2.92348752e+02] 2.713512653246575
[-3.06651530e+00 -2.89607134e-01 -3.40561039e-01 -3.25926107e+00
  2.91407480e+02] 3.2897776248683672
[-3.09761029e+00 -3.45366346e-02  1.34631696e-01 -2.97152832e+00
  2.90247457e+02] 2.9747771401168457
[-2.92053240e+00  3.90004381e-02  6.09156606e-02 -2.70576231e+00
  2.91192225e+02] 2.706728912046909
[-3.01601833e+00 -6.75804111e-01  2.51157375e-02 -2.93343149e+00
  2.91285027e+02] 3.0103757733812424
[-3.10343299e+00  3.23507707e-01  1.96009480e-01 -2.62262656e+00
  2.90362691e+02] 2.649763582507359
[-3.13488929e+00 -2.49418310e-02  2.70697249e-01 -2.94799912e+00
  2.91561829e+02] 2.960506355219246
[-3.01299993e+00  6.92314120e-02 -2.87275165e-02 -2.48198995e+00
  2.90148142e+02] 2.483121501135584
[-3.05219029e+00 -2.06138629e-01  1.55481910e-01 -2.97351616e+00
  2.92107956e+02] 2.984705363902397
[-3.02742903e+00  2.67536690e-01  1.01621469e-01 -2.83843592e+00
  2.90453095e+02] 2.8528268918045643
[-3.00612716e+00  5.84334806e-02  1.91436149e-01 -2.81946856e+00
  2.90180348e+02] 2.826564205921937
[-3.02420683e+00 -2.57789021e-01 -1.48415210e-01 -2.54563153e+00
  2.89634359e+02] 2.5629518374499636
[-3.00048105e+00  3.36833924e-01  1.22808758e-01 -2.84247510e+00
  2.92022470e+02] 2.864996298686895
[-3.02789041e+00  5.07322957e-02  3.28895852e-01 -2.93054908e+00
  2.92030116e+02] 2.9493836954364308
[-2.92912366e+00  3.63192266e-02 -3.90786260e-02 -2.79160546e+00
  2.92425255e+02] 2.7921151955015246
[-3.08377231e+00 -5.77436999e-02  2.74172565e-01 -2.64039780e+00
  2.90616860e+02] 2.6552223003670017
[-2.98101668e+00 -1.76761642e-01  2.80611003e-02 -3.02629271e+00
  2.93723692e+02] 3.0315803866867084
[-3.00277807e+00  2.18184629e-01  5.46916913e-02 -2.52086627e+00
  2.90270056e+02] 2.5308817564620374
[-3.06392997e+00  1.68375993e-01 -4.52120799e-02 -2.81091887e+00
  2.91672857e+02] 2.8163202086106436
[-2.97348579e+00  2.45297516e-01  8.59013633e-02 -3.26467832e+00
  2.92092057e+02] 3.2750075531313803
[-3.04920164e+00  2.00523392e-01  8.78836349e-02 -3.39513669e+00
  2.92843123e+02] 3.4021884558171283
[-3.03938901e+00 -2.91185175e-01 -2.34490958e-01 -2.92361791e+00
  2.91844507e+02] 2.9474254003005815
[-2.98423795e+00 -1.52235005e-01 -2.69256226e-01 -2.48928063e+00
  2.89412999e+02] 2.508424294733487
[-2.93468168e+00 -2.33034534e-01 -3.61067837e-01 -3.09210799e+00
  2.93256353e+02] 3.121827498123012
[-2.98678933e+00 -4.81776503e-02 -1.58410052e-01 -2.51558331e+00
  2.90340142e+02] 2.5210264173186667
[-3.05312139e+00  9.66958253e-02 -9.72702103e-03 -2.93550849e+00
  2.91446374e+02] 2.937116752835684
[-3.04187119e+00 -1.99076807e-01  1.33417302e-01 -3.09639929e+00
  2.92367090e+02] 3.105659396515832
[-3.04045545e+00  5.19328425e-02 -1.03299230e-01 -2.98115248e+00
  2.91436713e+02] 2.9833936842339726
[-3.04428710e+00  2.10196288e-01  3.99307271e-01 -2.83914311e+00
  2.91026607e+02] 2.874780402852678
[-2.97415954e+00 -1.11028288e-02  7.17543914e-02 -2.94783805e+00
  2.90888486e+02] 2.948732124516082
[-3.02587592e+00  2.06174131e-01 -1.03333201e-01 -3.02670136e+00
  2.92370933e+02] 3.035474696717071
[-3.00616254e+00 -1.22600214e-01  8.90566403e-02 -2.98003106e+00
  2.92202671e+02] 2.9838811979907027
[-3.03801984e+00  8.64495350e-02  1.19659141e-01 -2.73032797e+00
  2.90974083e+02] 2.734315757837609
[-3.01841491e+00 -5.26738702e-02  2.46941245e-02 -2.85952688e+00
  2.92241124e+02] 2.860118582975593
[-3.12125268e+00  2.96076956e-02  2.57467849e-01 -3.08633017e+00
  2.92500727e+02] 3.097192309705595
[-2.97042971e+00 -8.38212530e-02  1.58604206e-02 -2.48521949e+00
  2.91354046e+02] 2.4866832297613195
[-3.02225363e+00  2.28951257e-01  5.86525747e-03 -2.98296721e+00
  2.94484999e+02] 2.9917463888352165
[-2.97757947e+00 -2.16006300e-01  1.04884471e-01 -2.82967197e+00
  2.90125357e+02] 2.8398420563878672
[-3.04817994e+00 -4.13557320e-02 -2.05827942e-01 -3.15207155e+00
  2.91938950e+02] 3.159055313416933
[-2.91255385e+00  7.24075647e-02 -1.67191365e-02 -2.93599304e+00
  2.93555015e+02] 2.9369333572453273
[-3.00322082e+00 -1.49733755e-01  2.09545947e-01 -3.02329051e+00
  2.91274804e+02] 3.034240466794314
[-3.05231047e+00 -4.36905537e-02 -3.43275609e-01 -3.04621122e+00
  2.91389218e+02] 3.065803290683588
[-3.01926847e+00  2.63703210e-01 -3.29793373e-01 -3.01386573e+00
  2.91405394e+02] 3.043302426859425
[-3.01970811e+00  4.46314315e-01  2.20879101e-01 -2.86035245e+00
  2.91319093e+02] 2.903377373928307
[-3.01177123e+00  1.19985050e-01 -1.66013802e-01 -3.15955262e+00
  2.93325945e+02] 3.166185363894082
[-3.01631911e+00  3.67083513e-01  6.26190846e-02 -2.76010590e+00
  2.92107379e+02] 2.7851132913197794
[-2.95590201e+00 -2.54074507e-01 -3.08238502e-02 -2.90359778e+00
  2.92221139e+02] 2.914855745431342
[-3.00515820e+00 -2.60350841e-01  2.87808089e-02 -2.77959668e+00
  2.91091641e+02] 2.7919112814035985
