/mnt/stage/douwei/Simulation/5kt_root/2MeV/5kt_-3.00_2.root
[-2.96899693e+00 -4.76798841e-02 -6.05400760e-04 -3.51938240e+00
  2.94721252e+02] 3.5197054194020096
[-3.08864279e+00 -3.19413170e-01  1.04763084e-01 -2.89987608e+00
  2.92152257e+02] 2.9192946675093743
[-3.01692055e+00 -2.62258899e-01 -1.22705317e-01 -2.95074016e+00
  2.91550342e+02] 2.9649121055308605
[-3.02688140e+00  3.80672232e-02  1.61817683e-01 -2.82940060e+00
  2.91970924e+02] 2.8342797774095536
[-2.94768766e+00  3.00615741e-02 -2.01802080e-01 -2.99049082e+00
  2.92895718e+02] 2.9974427660496645
[-2.95855124e+00 -1.58206869e-01 -2.24084934e-01 -2.84526559e+00
  2.91869883e+02] 2.858457580065564
[-3.09209119e+00 -9.61935367e-02  2.16625473e-01 -2.94408171e+00
  2.91275700e+02] 2.953607444206403
[-2.96561572e+00 -1.89377060e-01  2.34114378e-01 -3.14999241e+00
  2.91856113e+02] 3.164352290666276
[-2.94793397e+00  1.33068539e-01  2.40892275e-01 -3.32567442e+00
  2.91128533e+02] 3.33704160167226
[-2.99589973e+00 -7.56235726e-02 -2.07636106e-01 -2.85460828e+00
  2.92116460e+02] 2.863148635236367
[-2.91001811e+00  3.19944884e-01  1.50165621e-01 -2.96733738e+00
  2.91653340e+02] 2.9883114916881137
[-3.12177236e+00  1.70918880e-01  1.62986921e-02 -3.02746038e+00
  2.91369343e+02] 3.032325062925927
[-3.09734142e+00 -2.62301901e-01  9.86777742e-02 -3.19130705e+00
  2.92412804e+02] 3.203588652816595
[-3.04536552e+00  2.80257324e-02 -1.90608546e-01 -3.28190794e+00
  2.93249714e+02] 3.287557871921916
[-3.00934850e+00 -2.50961790e-02  1.12268309e-01 -3.01242386e+00
  2.91377428e+02] 3.0146196286740694
[-3.00396038e+00 -1.31849406e-01 -1.50802231e-01 -2.74111673e+00
  2.92008591e+02] 2.748426188014291
[-3.04054954e+00  2.88240174e-02  1.31446018e-01 -2.98356692e+00
  2.91978224e+02] 2.9866001466057086
[-3.02058225e+00 -4.81304393e-02  7.09135201e-02 -2.85454290e+00
  2.93061340e+02] 2.85582920470484
[-2.92042833e+00 -4.58819677e-02  4.22823611e-02 -3.12856258e+00
  2.92827142e+02] 3.129184677985822
[-3.01483349e+00 -1.06707368e-02 -5.83537535e-02 -2.89307413e+00
  2.92554522e+02] 2.8936822456733595
[-2.97150476e+00 -9.78199202e-02 -1.00265257e-01 -3.34088629e+00
  2.95621454e+02] 3.343821621003463
[-2.98455372e+00 -3.16313358e-02  3.56616724e-01 -3.05516774e+00
  2.93455071e+02] 3.0760731365680627
[-3.04518971e+00  3.69288119e-01 -1.84039683e-01 -3.18447073e+00
  2.91736229e+02] 3.211089866913611
[-2.99612580e+00 -6.67247061e-02 -2.06735941e-01 -3.29353223e+00
  2.92934521e+02] 3.300688784753302
[-2.95132291e+00  1.82972353e-01  1.12081840e-01 -3.04040255e+00
  2.93243433e+02] 3.0479647157928107
[-3.02342961e+00 -2.64929426e-01  1.01477160e-01 -2.60723498e+00
  2.88982876e+02] 2.622624537322932
[-3.09068850e+00 -5.34617110e-03  1.14658642e-01 -2.81392482e+00
  2.90835707e+02] 2.8162649169025755
[ -3.66014182  11.01535384   3.06995238  -4.25174932 259.74516725] 12.200000005434443
[-3.07632780e+00  2.73288687e-01 -3.12640312e-02 -2.90096764e+00
  2.90950012e+02] 2.913979645398833
[-3.06145259e+00  2.62918470e-01 -2.29660490e-01 -3.18855044e+00
  2.93589676e+02] 3.2076040879442766
[-2.98297332e+00  1.68226634e-01  1.02277793e-01 -3.01735432e+00
  2.91735568e+02] 3.0237705000995048
[-2.97710306e+00 -1.76509705e-01  4.23639669e-03 -2.81748992e+00
  2.92673402e+02] 2.823016665580992
[-3.03754482e+00  8.06996198e-02 -2.47728872e-01 -3.10511926e+00
  2.93445105e+02] 3.116030746846121
[-3.05024790e+00  1.24736666e-01  1.42126356e-01 -3.42733334e+00
  2.93150034e+02] 3.432546135162565
[-2.98935262e+00 -2.18792449e-01  1.11053798e-03 -2.93400904e+00
  2.92252045e+02] 2.9421557411841435
[-3.04394905e+00  3.55730887e-01  1.94976312e-01 -3.14637033e+00
  2.91262595e+02] 3.1724133497676963
[-3.03518147e+00 -3.08879431e-01  8.06180463e-02 -3.17136001e+00
  2.91546989e+02] 3.1873860913499366
[-2.96448542e+00 -1.04531948e-02 -2.20595375e-01 -3.32051224e+00
  2.94202980e+02] 3.327848121377526
[-2.99642295e+00  2.48600083e-02 -1.22012347e-02 -2.95661374e+00
  2.93491986e+02] 2.9567434319923485
[-3.09898652e+00 -1.69679427e-01  7.95080498e-02 -3.09488916e+00
  2.92072534e+02] 3.100556652847394
[-3.05335691e+00 -2.75876535e-01  7.69593589e-02 -3.08709304e+00
  2.93113900e+02] 3.10035062879868
[-3.01644059e+00  2.08414627e-01 -2.86013028e-01 -3.35805098e+00
  2.94957808e+02] 3.3766472291486607
[-2.93423501e+00  1.57070565e-01 -3.39358528e-02 -2.74466859e+00
  2.91814997e+02] 2.7493687458580696
[-3.07737578e+00 -2.17089809e-01  2.56174169e-01 -2.93050304e+00
  2.92087201e+02] 2.949678158573243
[-3.12872600e+00 -2.86510572e-01 -2.90308027e-01 -3.22748608e+00
  2.91223119e+02] 3.2531574574010684
[-2.96709223e+00  3.02336814e-01  6.48916669e-02 -3.05776926e+00
  2.91944171e+02] 3.0733648177080592
[-2.90960532e+00  1.72443799e-01 -1.38512249e-01 -3.03543426e+00
  2.91641346e+02] 3.043482159590684
[-3.03670025e+00 -1.85796808e-01  2.02840066e-01 -3.36126117e+00
  2.93750958e+02] 3.3724977641923846
[-3.01481216e+00  3.10560127e-01  4.04185776e-02 -3.17520471e+00
  2.91985073e+02] 3.1906122003228647
[-3.07559242e+00 -1.36560928e-02 -1.46377133e-01 -3.04775456e+00
  2.90003398e+02] 3.051298180252148
[-3.00468111e+00 -7.19595626e-02  8.62128252e-02 -2.93106791e+00
  2.92446198e+02] 2.9332183523611217
[-2.97967255e+00  3.41400008e-01  9.42689299e-02 -2.96615376e+00
  2.93816725e+02] 2.9872242538936344
[-3.03914495e+00  1.37640233e-01  2.83442219e-01 -3.22332353e+00
  2.94139958e+02] 3.2386878386894087
[-3.03760968e+00 -1.19968756e-01  5.69382440e-01 -3.13747946e+00
  2.94032582e+02] 3.1909820160726854
[-2.92336783e+00 -2.75460169e-01 -6.80877684e-02 -3.14442373e+00
  2.93369396e+02] 3.1572004755958907
[-3.00621843e+00  1.65870591e-02 -3.04620341e-01 -2.96935298e+00
  2.92087741e+02] 2.984983381189045
[-3.03433533e+00  3.37070456e-02  2.12390173e-01 -3.00437561e+00
  2.92783411e+02] 3.0120621742006306
[-2.90399611e+00 -1.41042342e-01  1.07248036e-01 -2.69911475e+00
  2.90785461e+02] 2.7049243109764065
[-2.98457487e+00 -4.90888361e-03 -1.57694819e-01 -2.84944041e+00
  2.92450599e+02] 2.853804903285671
[-3.03352181e+00 -1.61476273e-01  1.60216817e-01 -3.05194601e+00
  2.92820669e+02] 3.060411481387269
[-3.16897439e+00 -2.11015279e-01 -1.15707021e-01 -3.13400996e+00
  2.90337113e+02] 3.143236228008246
[-2.99656994e+00  1.55369556e-01 -5.03275462e-01 -2.98939366e+00
  2.92501540e+02] 3.035440717233139
[-2.93285997e+00 -2.32562575e-01 -2.20448585e-01 -2.83200783e+00
  2.91544112e+02] 2.850079166606898
[-2.95121070e+00 -1.65588455e-01 -7.23315831e-02 -2.96788776e+00
  2.92707956e+02] 2.9733834561712715
[-3.08665735e+00 -6.94273840e-02  1.25970888e-01 -2.93145408e+00
  2.93002590e+02] 2.9349807212996213
[-2.95973222e+00  1.15780016e-01  9.76718953e-02 -3.30836343e+00
  2.95179868e+02] 3.3118293105759906
[-3.03759248e+00 -3.51596541e-01 -2.00600943e-01 -3.23655488e+00
  2.92692794e+02] 3.2617707357765275
[-2.95871995e+00  2.17613234e-02 -8.35856201e-02 -3.00921462e+00
  2.93361973e+02] 3.010453905464368
[-3.02842684e+00 -5.09201501e-02  5.50832860e-02 -3.04291609e+00
  2.91461361e+02] 3.043840564889089
[-2.94978752e+00 -1.40075894e-01 -1.04134316e-01 -3.06211963e+00
  2.94024887e+02] 3.067090126209489
[-2.91785560e+00 -4.13924206e-01  7.34533905e-02 -3.21422389e+00
  2.92489018e+02] 3.241598965425664
[-3.03564578e+00  7.54492501e-02 -1.95697073e-01 -3.19470764e+00
  2.91687545e+02] 3.2015850486833273
[-2.95393268e+00  3.19334860e-02 -2.36630734e-02 -3.13213195e+00
  2.93293002e+02] 3.1323841138562956
[-3.09300961e+00 -1.90756569e-01  1.03961807e-02 -2.71917159e+00
  2.90075630e+02] 2.725874221350325
[-2.97954851e+00 -8.34995245e-02 -3.69425080e-01 -2.88396644e+00
  2.93861877e+02] 2.9087298719234664
[-3.08492240e+00  1.61892867e-01 -1.38839886e-01 -3.11112341e+00
  2.92270702e+02] 3.118425029369041
[-3.14742169e+00 -8.19125499e-02  8.54751390e-04 -3.03584316e+00
  2.90482632e+02] 3.0369481581103503
[-2.98703222e+00  3.33612472e-01 -2.20331106e-01 -2.91170191e+00
  2.91509593e+02] 2.9390221287353215
[-3.07956320e+00 -2.57502321e-01 -1.47938692e-01 -3.00835366e+00
  2.91444752e+02] 3.022976188948559
[-2.97036666e+00 -1.69560875e-01  2.39805327e-01 -3.02491304e+00
  2.92517551e+02] 3.0391374377706173
[-2.93010256e+00  4.74376435e-01 -1.00203366e-01 -3.26564939e+00
  2.94312858e+02] 3.3014450902742194
[-3.02212793e+00  2.41139036e-01 -8.98825084e-02 -3.33517634e+00
  2.93038235e+02] 3.34509015169171
[-2.97374679e+00 -2.86303124e-01  2.98687367e-01 -2.66865081e+00
  2.90900241e+02] 2.7005334274164112
[-3.06586766e+00 -1.29947066e-01 -1.18513082e-01 -2.87904383e+00
  2.91913941e+02] 2.884410679546428
[-3.03710127e+00 -1.43254676e-01 -1.34102573e-02 -2.86490360e+00
  2.91075281e+02] 2.8685143192351084
[-2.94532457e+00  7.72455949e-02  6.54802404e-02 -2.98767121e+00
  2.92242881e+02] 2.989386864316204
[-2.98159221e+00  3.61745646e-02  2.41600056e-01 -2.81556876e+00
  2.89952095e+02] 2.8261469570243998
[-3.05869991e+00 -1.39137441e-01 -2.91555234e-02 -3.33572227e+00
  2.92504015e+02] 3.3387501192473152
[-3.03404588e+00  4.74452164e-02  3.29504491e-01 -2.98287931e+00
  2.92619341e+02] 3.001398544964751
[-3.12782058e+00 -1.19918427e-01 -1.02888444e-01 -2.97671834e+00
  2.91486727e+02] 2.9809090100333013
[-3.10120580e+00 -1.32159350e-01  5.17442439e-02 -3.08925269e+00
  2.92643582e+02] 3.0925112390050242
[-3.00726732e+00  2.07483172e-01 -1.39723740e-01 -2.93370354e+00
  2.91616271e+02] 2.944348561187117
[-3.09459575e+00 -3.36845936e-01  5.12034613e-03 -3.17638264e+00
  2.93771196e+02] 3.19419756160449
[-3.03743820e+00  2.68333254e-02  7.48956422e-02 -2.95900429e+00
  2.90131043e+02] 2.960073614157826
[-2.99178987e+00 -3.47294939e-02  1.18719943e-01 -2.87116776e+00
  2.92003318e+02] 2.873831045522132
[-3.03553598e+00 -9.58342094e-02  9.17959058e-02 -2.89201347e+00
  2.91712292e+02] 2.8950565769089147
[-2.97673076e+00  8.29874249e-02  1.56949686e-01 -2.80310133e+00
  2.93215607e+02] 2.8087180629882704
[-2.99221260e+00  7.68689686e-02  2.67884864e-01 -3.16779659e+00
  2.94259877e+02] 3.180032451917487
[-2.96504589e+00  1.26866576e-01  2.65982444e-02 -3.14371369e+00
  2.91764238e+02] 3.1463849664793577
[-3.11180291e+00  4.83414354e-02 -4.16251438e-02 -2.86313154e+00
  2.90407046e+02] 2.863842135172467
[-2.99797459e+00 -2.88907931e-02  2.11362181e-01 -3.07440603e+00
  2.91810488e+02] 3.081798351899774
[-3.13568177e+00  7.78719786e-02 -2.29857696e-01 -3.30241633e+00
  2.90952216e+02] 3.3113218251261802
[-3.05137096e+00 -1.85286247e-01  2.96254585e-01 -3.23956070e+00
  2.92269935e+02] 3.25835101177168
[-3.07426845e+00  3.48265696e-01  1.32122686e-01 -2.98435804e+00
  2.92795184e+02] 3.007513640935859
[-3.04783042e+00  2.46813570e-01  2.29365466e-01 -2.97670805e+00
  2.92045365e+02] 2.9957163164513894
[-3.09848061e+00 -5.97931946e-02  5.02822687e-02 -2.91892329e+00
  2.89936987e+02] 2.9199686117756394
[-3.04464556e+00  5.08979525e-02  9.79593604e-02 -3.33409825e+00
  2.93002007e+02] 3.3359253209931103
[-2.90179384e+00 -3.36194993e-01  1.99378501e-02 -3.10084660e+00
  2.94169260e+02] 3.1190822726736043
[-3.03482561e+00 -5.81795236e-02  2.08282916e-01 -3.01996937e+00
  2.93155372e+02] 3.027702368842553
[-3.00791668e+00  4.59354015e-02  1.31051637e-01 -3.11082797e+00
  2.93178738e+02] 3.113926016558859
[-2.98305873e+00  1.69731708e-01 -7.91451893e-02 -3.36235749e+00
  2.93895629e+02] 3.3675689655004586
[-2.92428145e+00  3.74904599e-01 -3.52746757e-02 -3.29022684e+00
  2.94714777e+02] 3.311705061771737
[-3.09435424e+00  3.38775811e-01 -9.80829948e-02 -3.08910328e+00
  2.90788182e+02] 3.109171661222449
[-3.00666239e+00 -4.54618417e-02  2.31445479e-01 -2.83670552e+00
  2.91986032e+02] 2.8464946900475243
[-2.96890766e+00  6.16766066e-02  1.44097341e-01 -2.83753315e+00
  2.91272877e+02] 2.8418589704819315
[-2.94468836e+00  2.07974712e-01 -1.87729005e-01 -2.95506672e+00
  2.91722943e+02] 2.9683185421987943
[-2.93846831e+00 -5.19224532e-01  1.12605200e-01 -2.99404540e+00
  2.95040166e+02] 3.0408192859757404
[-3.05661830e+00 -2.43189020e-01 -3.00005977e-01 -3.10597840e+00
  2.91728366e+02] 3.129895575305952
[-3.02200719e+00  8.36369426e-02  3.36095465e-02 -3.05723504e+00
  2.92704517e+02] 3.058563526659482
[-2.98396918e+00  1.10645975e-02 -3.22466760e-02 -3.26407289e+00
  2.93058765e+02] 3.2642509232858257
[-2.93886857e+00 -1.44686366e-01  1.40008167e-01 -3.31010685e+00
  2.92956550e+02] 3.316224331485849
[-2.98678639e+00  1.14507384e-01 -6.77045872e-02 -3.14555448e+00
  2.91761503e+02] 3.1483660613331845
[-2.98291863e+00  1.05940357e-01  2.48413146e-01 -2.93643375e+00
  2.92523346e+02] 2.9488261403819123
[-2.97002718e+00  7.76464579e-03  2.04365687e-01 -3.16123686e+00
  2.93450199e+02] 3.1678453464365406
[-3.08162357e+00 -3.25977512e-02 -7.15522190e-02 -3.16663932e+00
  2.92426215e+02] 3.1676153354850958
[-3.02304675e+00  2.66518899e-01  1.12217809e-01 -3.15128767e+00
  2.93588043e+02] 3.164528269187818
[-2.97401337e+00 -8.09579193e-02 -1.60864896e-01 -3.28621700e+00
  2.95385676e+02] 3.2911478016924023
[-3.04760989e+00  6.91515998e-02  3.24961125e-01 -2.96997443e+00
  2.91272089e+02] 2.9884995844082436
[-2.96241236e+00 -1.22943050e-01 -9.61618829e-02 -3.19444533e+00
  2.93549362e+02] 3.198256254948753
[-3.07187261e+00  1.82955103e-01  2.44567484e-02 -2.83652384e+00
  2.90800394e+02] 2.842523206284432
[-3.00335634e+00  2.54073595e-01 -1.08117442e-01 -2.95145573e+00
  2.94081791e+02] 2.96434371964956
[-3.01782850e+00 -5.37892468e-02  8.85530678e-02 -2.91671501e+00
  2.91466503e+02] 2.9185546748407436
[-3.01572064e+00 -7.33600872e-02 -1.97060662e-01 -2.67038097e+00
  2.89353447e+02] 2.6786468803059793
[-3.08363108e+00  2.65157176e-02  1.72194045e-01 -3.44046978e+00
  2.92999870e+02] 3.444878250269509
[-3.04235657e+00  2.65681918e-01 -1.50926666e-01 -2.95342346e+00
  2.92829991e+02] 2.969187745280003
[-3.06401632e+00 -2.51816774e-01 -1.21656394e-01 -3.12712670e+00
  2.92664427e+02] 3.13960720294211
[-3.04320622e+00  1.35653165e-01  2.33088014e-01 -2.82423411e+00
  2.92223126e+02] 2.837081265804575
[-2.99893207e+00 -3.00038579e-01  1.65266860e-01 -3.02118301e+00
  2.91746399e+02] 3.040539927178531
[-3.11804537e+00 -2.12735900e-01  1.66211758e-01 -3.29826998e+00
  2.91227361e+02] 3.309300190856222
[-3.09397942e+00  1.60926412e-01 -7.98585937e-02 -3.16988575e+00
  2.94293640e+02] 3.1749724980622256
[-3.02914668e+00 -2.65673493e-01 -1.46183682e-01 -2.89775568e+00
  2.90099948e+02] 2.913578565984404
[-3.07449919e+00 -2.76625754e-01  2.75117961e-01 -3.36461491e+00
  2.93069632e+02] 3.3871588709473044
[-2.99712812e+00 -2.27080779e-01  3.85236054e-01 -2.94669358e+00
  2.91058131e+02] 2.980432107126407
[-3.03335180e+00 -5.02247046e-02 -5.17260836e-02 -2.89854880e+00
  2.92142933e+02] 2.8994453396377655
[-3.00130507e+00 -1.89545166e-01 -4.08194423e-02 -2.96426266e+00
  2.92790050e+02] 2.9705970293606954
[-3.01190950e+00  1.24501974e-01  1.57055510e-01 -3.16415357e+00
  2.93325591e+02] 3.1704944405929463
[-2.90323801e+00  1.66742719e-01  9.54755155e-03 -2.89301223e+00
  2.92221936e+02] 2.897829200002485
[-3.06547841e+00  2.44667282e-01  4.66762049e-02 -3.17608693e+00
  2.93229045e+02] 3.185838814971042
[-3.00424362e+00 -1.02813539e-01  1.05067684e-01 -3.13684161e+00
  2.93152988e+02] 3.1402842473388874
[-3.00714442e+00  2.44462022e-01 -8.50295286e-02 -3.28903934e+00
  2.93077033e+02] 3.2992077071591748
[-3.01233490e+00  1.30827964e-01 -3.34242024e-01 -2.94146090e+00
  2.92354249e+02] 2.963279584839048
[-3.05623858e+00 -2.56027746e-02  2.37308009e-01 -3.32648119e+00
  2.92504168e+02] 3.3350333924529507
[-3.04797793e+00  1.68399282e-01  6.33207152e-02 -2.91629659e+00
  2.91855844e+02] 2.9218407973675946
[-3.02283857e+00 -3.54968784e-02  6.66954316e-02 -2.68634232e+00
  2.91107845e+02] 2.6874045786193625
[-3.04525976e+00  2.18054033e-01  9.55551837e-02 -2.97823087e+00
  2.91950155e+02] 2.9877311584104564
[-3.07202909e+00  1.18365373e-01  1.13693920e-01 -3.08707624e+00
  2.90847505e+02] 3.0914359691279487
[-3.02561792e+00  2.71627811e-01 -1.99144877e-02 -3.37039642e+00
  2.94355123e+02] 3.3813828949726124
[-3.03430829e+00  9.50380006e-02 -1.83627813e-01 -3.07970238e+00
  2.92200595e+02] 3.086635411956123
[-3.00758801e+00 -2.75234080e-02  2.13054453e-02 -3.10385554e+00
  2.91422407e+02] 3.1040506843555153
[-2.97827318e+00 -1.52056240e-01  1.25635374e-01 -3.00701267e+00
  2.91651389e+02] 3.0134748322254463
[-3.02990273e+00  3.22434729e-02  4.31424132e-02 -3.23650813e+00
  2.92701886e+02] 3.2369562484195002
[-3.01259244e+00  3.32940609e-01 -1.44863428e-01 -3.30861514e+00
  2.93725355e+02] 3.328478477319804
[-3.00102327e+00 -2.00631508e-01  1.95756406e-02 -3.02934724e+00
  2.92273891e+02] 3.0360469216899455
[-2.98000566e+00  1.93398531e-01  1.58894803e-01 -2.91346096e+00
  2.92122002e+02] 2.9241931091652065
[-2.99590955e+00  5.31696457e-02 -4.69982900e-01 -3.39165070e+00
  2.93181026e+02] 3.4244715474422955
[-3.00183849e+00  1.42938569e-01  1.72385821e-01 -2.97950396e+00
  2.91325627e+02] 2.987907653900041
[-3.09460147e+00  4.15499703e-01  4.08978848e-02 -3.16784178e+00
  2.93383629e+02] 3.1952361706955
[-2.99152536e+00  7.79618927e-02 -1.16504139e-01 -3.15538762e+00
  2.92394474e+02] 3.158500006713003
[-3.05430188e+00 -1.10213872e-01  1.28250875e-01 -3.20018936e+00
  2.93213650e+02] 3.204654013252041
[-3.06738234e+00 -1.19115455e-01 -1.54040563e-01 -2.93015652e+00
  2.91103734e+02] 2.9366195248159763
[-3.05504900e+00  2.07887263e-01  5.99267157e-02 -3.14710018e+00
  2.93574156e+02] 3.1545281542346406
[-3.09067259e+00 -1.33607207e-01 -3.44941586e-01 -3.04646178e+00
  2.91727811e+02] 3.0688377235539877
[-3.03229601e+00  1.40198001e-02  2.44743796e-01 -2.68383984e+00
  2.92326998e+02] 2.695012498632655
[-2.88245479e+00 -6.45082589e-02 -7.10412363e-02 -3.19955167e+00
  2.93667742e+02] 3.200990325583358
[-3.01805155e+00 -2.45035751e-01  2.18731764e-01 -3.06004159e+00
  2.91880057e+02] 3.077619308920381
[-3.00088766e+00 -1.21355187e-01  4.35808532e-03 -2.95405223e+00
  2.92399547e+02] 2.9565470875937945
[-2.96323229e+00  8.80374271e-02  3.21348222e-01 -3.27424546e+00
  2.93713107e+02] 3.291154599684542
[-2.93232496e+00 -1.81989360e-01  6.18021578e-02 -3.23764620e+00
  2.93659201e+02] 3.243345891136126
[-3.02078713e+00 -6.39878003e-02 -2.50040800e-02 -2.69531508e+00
  2.91453737e+02] 2.696190466568139
[-2.99969015e+00  6.36930793e-02  2.31089250e-02 -3.46980749e+00
  2.94221059e+02] 3.4704689616881357
[-2.96597948e+00  2.07739608e-02  1.01586896e-01 -3.10573439e+00
  2.93071042e+02] 3.107464808457235
[-3.02338950e+00 -9.72198401e-03  2.95260164e-01 -3.08941044e+00
  2.92496908e+02] 3.1035028500925286
[-3.03043900e+00  1.42805830e-02  1.72139300e-01 -2.61896903e+00
  2.89651708e+02] 2.624658957075951
[-3.02201889e+00  3.89529320e-01  7.64458608e-02 -2.87810929e+00
  2.91297865e+02] 2.9053554251639864
[-2.96854142e+00  3.13149633e-01  1.54627994e-01 -2.88397464e+00
  2.91244230e+02] 2.905044269866226
[-3.01935254e+00  2.49903501e-01  1.53456187e-01 -2.95591828e+00
  2.91545348e+02] 2.9704298424740183
[-2.98942616e+00  2.11728803e-01 -1.00230681e-01 -3.01040426e+00
  2.93402651e+02] 3.019504778590672
[-3.00118228e+00 -4.07099602e-03  1.99861153e-01 -2.80404227e+00
  2.91433527e+02] 2.811158850095013
[-2.97755137e+00  8.38751669e-02 -2.02279294e-02 -3.19883252e+00
  2.93623794e+02] 3.1999958879053727
[-3.03274723e+00 -1.15187325e-01 -1.00960707e-01 -2.79214738e+00
  2.90858055e+02] 2.7963455038200524
[-3.04686305e+00 -8.37938686e-02 -4.83941787e-02 -2.88120861e+00
  2.91226286e+02] 2.8828330651228202
[-3.01050942e+00  2.31953508e-01  1.28544976e-01 -2.72644043e+00
  2.92201926e+02] 2.7393071488329306
[-3.05133667e+00  9.37070368e-02  2.35585637e-01 -3.17492412e+00
  2.94312228e+02] 3.1850313612595675
[-2.99121773e+00  7.35336293e-02  5.96419777e-02 -3.14765801e+00
  2.92851830e+02] 3.149081657768532
[-3.01105060e+00  5.46118526e-02  4.97643478e-01 -3.17411168e+00
  2.92910759e+02] 3.2133497202801626
[-2.95418576e+00  1.73233997e-02 -2.99055043e-01 -3.12582970e+00
  2.92966131e+02] 3.140150523893239
[-2.99167023e+00 -1.23748264e-01  2.28287405e-01 -3.15287472e+00
  2.95454458e+02] 3.16354986968064
[-2.90232953e+00 -7.90042021e-02  9.78432300e-02 -3.13306052e+00
  2.94265406e+02] 3.1355833831102315
[-3.09132102e+00  3.96319190e-02  4.34205136e-02 -3.08956391e+00
  2.92476913e+02] 3.09012316367575
[-3.00715231e+00  2.93905370e-01  7.43669548e-02 -2.92561050e+00
  2.91335817e+02] 2.941276523903879
[-3.05272327e+00  1.88890155e-02  8.69799328e-02 -2.92101559e+00
  2.92078935e+02] 2.9223713667746454
[-3.12310151e+00 -2.56315091e-01 -1.49059478e-01 -2.89149573e+00
  2.90267462e+02] 2.906658516079211
[-2.96220538e+00 -4.97417123e-02  2.49505909e-01 -3.04400801e+00
  2.92011200e+02] 3.0546214486761176
[-3.00655019e+00  9.89493520e-02  1.39570215e-01 -2.91545280e+00
  2.91925749e+02] 2.920468430757191
[ -3.01653178   0.54838191  -0.33377179  -2.800371   291.17259648] 2.8730130647292347
[-2.94919246e+00  1.66342821e-01 -5.79184899e-02 -2.82423948e+00
  2.93387045e+02] 2.829726684934083
[-3.04577369e+00 -2.27995517e-01  1.50976897e-01 -3.06997622e+00
  2.91725228e+02] 3.0821307505056335
[-2.99994337e+00 -4.42647577e-02 -2.96122650e-01 -2.90893146e+00
  2.93240454e+02] 2.9242999568638774
[-2.99613671e+00 -5.51122121e-02  2.47442390e-01 -3.29130356e+00
  2.93234343e+02] 3.3010519870024235
[ -3.1212581   -0.29503981  -0.3013453   -3.22769641 291.55401064] 3.2551315809712627
[-2.93651453e+00 -1.86695103e-01 -6.65444907e-02 -3.03932943e+00
  2.90689600e+02] 3.045785059823168
[-3.08210079e+00  1.21913178e-01  1.25326867e-01 -3.25219399e+00
  2.92551312e+02] 3.2568904487982535
[-2.97478859e+00  3.82756832e-01  2.31007411e-02 -3.22628622e+00
  2.94358538e+02] 3.248993571509174
[-3.00884167e+00  2.99791159e-01  2.23154543e-01 -2.89721122e+00
  2.91774081e+02] 2.9212164441473885
[-3.05662854e+00  1.63528531e-01  1.23748932e-01 -3.26994897e+00
  2.92392943e+02] 3.2763732460031316
[-2.97190540e+00  4.34893348e-02  6.11055784e-02 -2.54366995e+00
  2.90663677e+02] 2.5447754339130153
[-3.09124132e+00  4.48082312e-02  3.67012231e-01 -2.98450688e+00
  2.93150885e+02] 3.0073222461109546
[-3.02305189e+00 -1.33626221e-01  2.32075000e-01 -3.08085890e+00
  2.93684434e+02] 3.0924757570206944
[-3.01812080e+00 -1.71064242e-01  2.41249444e-01 -3.13825259e+00
  2.94167736e+02] 3.1521569692797207
[-3.09572389e+00  2.95521673e-01 -1.48940874e-01 -2.71401607e+00
  2.88606881e+02] 2.7341177161949006
[-3.07178524e+00 -3.66895795e-03  7.72815120e-02 -3.15808400e+00
  2.93159514e+02] 3.159031565804808
[-2.94212907e+00 -4.90668997e-02 -6.60779719e-02 -3.15927137e+00
  2.94044224e+02] 3.1603432437952486
[-3.07989579e+00 -2.20761937e-01 -2.60301220e-01 -2.67169818e+00
  2.90207839e+02] 2.693411168090147
[-3.02978130e+00 -8.24531004e-02  3.99818436e-02 -3.01161547e+00
  2.91118342e+02] 3.013009258054597
[-3.06043414e+00 -2.05055040e-01  1.91207963e-01 -3.16392516e+00
  2.91704969e+02] 3.176323423332912
[-3.01112486e+00  3.19446286e-01 -2.44290274e-01 -3.11907986e+00
  2.92175532e+02] 3.1448979014035676
[-3.01528158e+00 -1.79821536e-01  6.73647534e-03 -2.90358449e+00
  2.92684290e+02] 2.9091552149698745
[-3.05543483e+00 -1.42692008e-01  6.52275546e-02 -3.30746009e+00
  2.92848981e+02] 3.311179230495856
[-3.10617383e+00  3.37756489e-01  1.24028075e-02 -3.07506319e+00
  2.89840064e+02] 3.0935815619974596
[-3.05720607e+00  2.48695905e-01 -1.12455989e-01 -3.13650690e+00
  2.91348805e+02] 3.148360137638082
[-2.99084624e+00 -5.05732853e-01 -7.88733492e-02 -2.87160321e+00
  2.91504154e+02] 2.9168633372039263
[-3.10863530e+00  1.90534138e-01 -8.39646482e-03 -2.92168724e+00
  2.91449183e+02] 2.927905408751124
[-3.01540106e+00 -2.27308364e-02  1.59811022e-01 -2.98572432e+00
  2.91845998e+02] 2.990084612751535
[-3.00208490e+00 -1.39266983e-01  1.55708706e-01 -3.13554064e+00
  2.93918709e+02] 3.1424919401842746
[-2.97063149e+00 -3.11269175e-01  1.01778646e-01 -3.16946604e+00
  2.94427159e+02] 3.1863399670271972
[-3.05481973e+00  1.65469670e-01 -2.12551936e-01 -2.90138284e+00
  2.93747439e+02] 2.9138601393366064
[-2.90335238e+00  8.36028369e-02  2.41487389e-01 -3.15874470e+00
  2.93408670e+02] 3.169065105927463
[-3.00895408e+00  1.96777250e-01  4.48175618e-02 -3.21160807e+00
  2.93432255e+02] 3.2179428706935727
[-3.06575028e+00 -1.94430240e-02 -3.80993304e-01 -2.93763443e+00
  2.91763289e+02] 2.9623014660563527
[-3.00729865e+00 -1.61101054e-01 -1.47400667e-01 -3.42812326e+00
  2.93519612e+02] 3.4350705403725508
[-2.97053975e+00  3.48522205e-01 -1.88129780e-01 -3.15932172e+00
  2.92375532e+02] 3.184049982090966
[-2.97154598e+00  5.41006138e-03 -1.41393782e-01 -2.77593187e+00
  2.92133017e+02] 2.77953578774876
[-2.90137278e+00 -1.25392755e-02 -1.83212061e-01 -2.96642371e+00
  2.93287630e+02] 2.972102545654521
[-3.00044920e+00 -1.03344965e-01  1.94614566e-01 -3.15309295e+00
  2.93613210e+02] 3.1607831536970985
[-2.99336795e+00  1.49181414e-01 -2.93302749e-01 -2.98516276e+00
  2.93021898e+02] 3.003244629017772
[-2.95213810e+00 -3.25162571e-01 -1.19554382e-01 -3.25532391e+00
  2.94594892e+02] 3.2737070319782373
[-2.99031074e+00 -1.66867156e-01 -1.91313265e-02 -2.89460774e+00
  2.91707031e+02] 2.8994766085302706
[-2.99517158e+00  2.82004620e-01  2.53352236e-02 -3.04943019e+00
  2.93330413e+02] 3.0625468133468323
[-2.98345766e+00 -1.98704136e-01 -1.68860911e-01 -3.36915859e+00
  2.93015669e+02] 3.3792346651947054
[-2.89544930e+00  6.91543941e-02  2.18735798e-01 -3.22631584e+00
  2.93833681e+02] 3.2344615611270844
[-3.04693584e+00  2.90848468e-01  1.37916926e-02 -3.02991651e+00
  2.90843255e+02] 3.0438753415160233
[-3.03307339e+00  2.31987062e-01 -3.70457507e-01 -2.85678686e+00
  2.92482234e+02] 2.8900325100484037
[-2.99581443e+00  8.80067865e-02 -1.54643847e-02 -3.22269363e+00
  2.93190568e+02] 3.2239321628983344
[-3.00303892e+00  1.22202844e-01 -2.98990057e-02 -3.23943487e+00
  2.95016317e+02] 3.2418768929510304
[-3.01152096e+00 -2.39459717e-02 -1.43218107e-02 -3.36310187e+00
  2.93085520e+02] 3.363217611757234
[-2.99427185e+00 -1.73719529e-05  8.43793796e-02 -2.72150123e+00
  2.90802106e+02] 2.7228089958114277
[-2.99005545e+00 -1.75108537e-01  1.44430204e-02 -3.37686133e+00
  2.93763724e+02] 3.381429291219845
[-2.98763240e+00 -8.31617766e-02  2.92422044e-01 -3.15994062e+00
  2.93361280e+02] 3.1745316610789773
[-2.98639804e+00 -7.67429291e-02  8.25516916e-02 -2.91490310e+00
  2.91173662e+02] 2.917081477034997
[-3.00783815e+00 -2.86327863e-01 -1.30892456e-01 -3.09569352e+00
  2.91785959e+02] 3.1116611082614742
[-2.96811272e+00 -2.11145352e-02 -4.53714052e-01 -3.07340476e+00
  2.93145083e+02] 3.1067859769015747
[-2.97442118e+00 -2.05948442e-01 -2.26108484e-01 -2.94156356e+00
  2.92005648e+02] 2.957420493955096
[-3.04007130e+00 -2.48835690e-01 -6.71593116e-02 -3.32648439e+00
  2.94263417e+02] 3.3364544013094934
[-3.01379442e+00 -3.42009405e-01 -3.08720441e-02 -2.99239208e+00
  2.90189165e+02] 3.012031521063343
[-3.03149826e+00 -2.93075660e-01  4.22919146e-02 -2.81902707e+00
  2.90277984e+02] 2.8345362211337006
[-3.07684489e+00  1.26897746e-01  3.78024932e-02 -3.16571887e+00
  2.92301585e+02] 3.1684867105271413
[-2.98578119e+00  1.93829734e-01 -3.81458312e-01 -2.86367082e+00
  2.91706187e+02] 2.8954604072525703
[-3.01767611e+00  2.49048787e-01 -3.20748558e-01 -3.03831906e+00
  2.92509030e+02] 3.0653364637205005
[ -3.07121585  -0.33803048   0.34975096  -2.9455455  290.91912329] 2.9854360866783427
[-3.05791347e+00 -8.67185304e-02  2.96673666e-01 -3.08019774e+00
  2.91318699e+02] 3.095666886964903
[-3.02842447e+00 -6.78536728e-02 -1.13276127e-01 -3.25872585e+00
  2.92842253e+02] 3.2613999749320026
[-3.02548476e+00 -9.43603418e-02 -1.02941263e-01 -3.01930286e+00
  2.91282891e+02] 3.0225304825365598
[-2.92294574e+00 -1.14271718e-01 -6.97613769e-02 -3.45074640e+00
  2.95936519e+02] 3.4533426449096534
[-2.98024517e+00 -8.90831243e-02  2.82208249e-02 -3.21511104e+00
  2.92783819e+02] 3.216468751339281
[-2.99157592e+00  1.49387587e-02  2.96407694e-01 -3.21518904e+00
  2.93035878e+02] 3.2288575803138873
[-3.00588838e+00 -3.27290994e-02  1.40055523e-01 -3.32541374e+00
  2.93573236e+02] 3.328522690533857
[-3.04947579e+00 -1.87491498e-01  2.22863258e-02 -2.96574914e+00
  2.91321056e+02] 2.9717533055913026
[-3.01195341e+00  2.07464595e-01 -2.04779465e-02 -3.23449364e+00
  2.92594227e+02] 3.2412050273900066
[-3.00572630e+00  4.13870437e-02 -1.74747100e-01 -3.03801024e+00
  2.93571653e+02] 3.0433132734290558
[-2.95451717e+00 -2.07931911e-01 -1.63619474e-03 -3.07560855e+00
  2.95264081e+02] 3.0826297688681907
[-3.03609111e+00  8.77298103e-02  1.31006000e-01 -2.90975441e+00
  2.92473249e+02] 2.9140229645450915
[-3.18791623e+00 -2.74907045e-01  1.87216331e-02 -2.67735662e+00
  2.89300897e+02] 2.691498258869885
[-3.03531636e+00 -2.26578544e-01  2.09352799e-01 -2.95050993e+00
  2.91824419e+02] 2.9665932135368887
[-2.97118893e+00  5.08862642e-03 -3.13556641e-01 -3.05047897e+00
  2.92947280e+02] 3.0665559800225366
[-2.96522658e+00 -1.94431350e-01  3.03665849e-02 -3.14600347e+00
  2.93346713e+02] 3.1521522017559094
[-2.95455295e+00 -3.48480973e-03  2.27721632e-01 -3.14428147e+00
  2.93656284e+02] 3.152518870008129
[-3.08373344e+00  8.32726608e-02 -1.56693239e-01 -2.91338562e+00
  2.92475776e+02] 2.9187844901442213
[-2.94438328e+00 -2.86070717e-01 -6.90105766e-02 -2.86995490e+00
  2.92254909e+02] 2.885002611732064
[-2.98233970e+00 -1.34288465e-01 -1.72195848e-01 -2.84443368e+00
  2.93000020e+02] 2.8528034944266283
[-2.99498087e+00 -2.08146942e-01 -5.97748799e-02 -2.65680251e+00
  2.91006489e+02] 2.6656139608165024
[-3.04903873e+00  3.03446994e-01 -9.07477467e-02 -3.31302123e+00
  2.91894863e+02] 3.328126335877276
[-2.99311352e+00 -1.86541559e-01 -5.59001114e-02 -3.06180341e+00
  2.92900605e+02] 3.0679900116729195
[-3.06846315e+00 -1.20979408e-02  3.24333140e-01 -3.03553228e+00
  2.93260175e+02] 3.052833859459905
[-3.05763247e+00 -2.57529433e-02 -9.67833001e-02 -3.08472205e+00
  2.92767633e+02] 3.0863474105638953
[ -3.0648446   -0.32330359   0.29181497  -2.8151246  290.90618357] 2.8486150494394322
[-3.05226107e+00 -1.08534426e-01 -2.07210654e-01 -2.81443745e+00
  2.91204342e+02] 2.8241413121494627
[-3.01185927e+00  1.80107767e-01 -2.31316183e-01 -2.85378360e+00
  2.90935671e+02] 2.868802329389149
[-3.01217109e+00  2.46198111e-01  5.71504169e-02 -2.70481757e+00
  2.89124493e+02] 2.716600409885791
[-3.12103392e+00 -3.03637730e-01 -1.18049876e-01 -2.99009636e+00
  2.90806921e+02] 3.0077911991972193
[-2.96408440e+00 -7.40364060e-02 -2.75815305e-01 -3.10247510e+00
  2.93274332e+02] 3.115590985514337
[-2.94127866e+00 -8.39699802e-02 -6.01773062e-04 -3.06351558e+00
  2.92017691e+02] 3.06466621402464
[-3.02388007e+00 -1.14235805e-01  2.66529390e-01 -3.38441952e+00
  2.93065023e+02] 3.396819579020598
[-3.02809326e+00 -9.56429618e-02  4.27264765e-01 -3.07652266e+00
  2.91633488e+02] 3.1075222326145884
[-3.09926398e+00  4.51871266e-02  1.12092051e-01 -2.85922171e+00
  2.91294010e+02] 2.8617748464867674
[-3.03480373e+00 -1.35301445e-01  2.56306282e-01 -3.23352605e+00
  2.91751651e+02] 3.2464888852675764
[-3.01879378e+00 -1.22786129e-01 -4.90071087e-02 -3.09907893e+00
  2.92545855e+02] 3.1018975353887015
[-3.10886236e+00 -1.58361199e-01  5.38206420e-02 -3.09541500e+00
  2.89922809e+02] 3.099930480138713
[-3.04755090e+00 -2.27788865e-01 -4.82469735e-02 -3.13100933e+00
  2.91713517e+02] 3.1396552322951448
[-3.06037316e+00 -1.60707809e-02  3.95416917e-01 -2.91402576e+00
  2.91297915e+02] 2.9407752308277897
[-3.01684636e+00  1.04531612e-01 -2.62569865e-01 -3.24139727e+00
  2.92970437e+02] 3.2536942139658978
[-3.01699555e+00  3.84018726e-01  1.44932733e-01 -3.09086668e+00
  2.92436065e+02] 3.1180014012870307
[-3.05512640e+00  7.28881370e-02  1.97939512e-01 -2.99692646e+00
  2.90525762e+02] 3.004340353737899
[-2.99826597e+00 -5.31604417e-02  6.97946030e-02 -3.29761667e+00
  2.93390616e+02] 3.2987835642016456
[-3.00233443e+00 -2.47937525e-02 -9.09545850e-02 -3.00368002e+00
  2.92931975e+02] 3.0051590887178743
[-3.04859654e+00 -6.37861222e-02  3.85759688e-02 -3.24435096e+00
  2.94622530e+02] 3.245207219846782
[-3.02712229e+00  1.51086646e-01  1.87525074e-01 -2.83286049e+00
  2.91697619e+02] 2.843077798270812
[-2.92736329e+00  2.94865059e-02 -1.62634655e-01 -3.14899377e+00
  2.94362208e+02] 3.1533286029207623
[-3.00405531e+00  1.42558658e-01  1.79007106e-01 -3.19589769e+00
  2.92726871e+02] 3.2040799823022814
[-2.93894298e+00  2.52845276e-01 -6.38678688e-02 -2.67656535e+00
  2.91741457e+02] 2.6892400219134074
[-2.96362525e+00 -2.77667337e-01  2.41786556e-02 -3.08839605e+00
  2.92837913e+02] 3.1009472593034375
[-3.12281506e+00 -2.94587666e-01  2.53133927e-02 -3.05181951e+00
  2.88837653e+02] 3.0661090900644603
[-3.01408267e+00 -1.62700314e-01  1.96976873e-01 -2.93468888e+00
  2.92347550e+02] 2.9457885416251637
[-3.01628235e+00  2.36415747e-01  6.05046395e-02 -3.00988919e+00
  2.91512705e+02] 3.0197659098759493
[-2.98284995e+00 -9.86046304e-02  9.38146448e-02 -2.94334516e+00
  2.90292966e+02] 2.9464902503475665
[-3.02091041e+00  1.12511973e-01  1.57194415e-01 -3.23408474e+00
  2.95145715e+02] 3.2398569635989944
[-3.01150524e+00 -2.68242878e-01  5.11557563e-02 -2.99847986e+00
  2.93256447e+02] 3.0108890042713425
[-2.92964679e+00 -3.64729834e-01 -6.42104790e-02 -3.38999165e+00
  2.93635417e+02] 3.410160439007457
[-3.05231059e+00 -1.23581267e-01  3.85842248e-01 -2.96089604e+00
  2.89080288e+02] 2.988486557234563
[-2.98531962e+00 -2.97703037e-01  2.62315999e-01 -2.85207111e+00
  2.92333739e+02] 2.879539265981595
[-2.91809023e+00 -1.72245889e-01  6.38512783e-02 -3.04829134e+00
  2.91410682e+02] 3.0538214960305305
[-3.08034275e+00  1.64321793e-01  2.44416574e-02 -2.96376586e+00
  2.90319379e+02] 2.9684182880365286
[-2.98878426e+00 -3.23791594e-01  4.63861137e-02 -3.32749054e+00
  2.93463087e+02] 3.343528968207436
[-3.04499223e+00  3.28552485e-01 -1.41567963e-01 -3.25669112e+00
  2.92665887e+02] 3.27628223425164
[-2.97182720e+00  1.81478652e-01 -2.30252714e-01 -2.69508172e+00
  2.91117546e+02] 2.710980689120183
[-3.05525572e+00 -1.36268515e-01  2.92480151e-01 -3.42784310e+00
  2.95587533e+02] 3.4429960883962383
[-3.02880811e+00  1.30328709e-01 -6.26946325e-02 -3.19970287e+00
  2.94165634e+02] 3.202969659837327
[ -2.96123195  -0.34618642  -0.30043931  -2.91501185 292.93765426] 2.9508308854622456
[-3.10304468e+00  9.38745578e-02 -1.44369947e-01 -3.22280279e+00
  2.92342219e+02] 3.2274003359518386
[-3.08574289e+00 -9.92618909e-02  4.84443956e-03 -2.98578135e+00
  2.90504245e+02] 2.9874347929408405
[-2.87838933e+00 -1.17302637e-01  1.85067567e-01 -3.12722634e+00
  2.93501458e+02] 3.134893054938831
[-2.97034589e+00  2.91556755e-01  1.49946239e-01 -3.09203668e+00
  2.92585478e+02] 3.109369716102817
[-3.03853105e+00 -7.74206591e-02  1.66736742e-01 -3.21561570e+00
  2.92972556e+02] 3.2208662513955986
[-3.05027602e+00  9.26768552e-02 -4.11982259e-01 -3.33860409e+00
  2.92749732e+02] 3.3652036517768744
[-3.03364691e+00 -1.54296151e-01  3.60591281e-02 -3.13538582e+00
  2.94527796e+02] 3.139387166696955
[-2.97926483e+00 -1.73146481e-01  8.28989090e-02 -3.31356566e+00
  2.92076850e+02] 3.319121773335123
[-3.00977433e+00 -8.99186226e-02  6.33389865e-02 -3.24175889e+00
  2.92396270e+02] 3.2436241875742486
[ -2.96327136  -0.42932958  -0.57726606  -3.14369339 294.69142521] 3.2249601721181236
[-3.01760545e+00  1.03424229e-01 -9.65272868e-02 -3.20462033e+00
  2.92450350e+02] 3.207741504350137
[-2.97110701e+00  1.43542875e-02  2.16455156e-02 -3.13341230e+00
  2.93304369e+02] 3.133519945126752
[-3.05340792e+00  3.12812337e-02  1.00781836e-01 -3.38767832e+00
  2.92571276e+02] 3.3893214466163566
[-3.02680798e+00  1.14259426e-02 -5.41539086e-02 -3.06575461e+00
  2.92582967e+02] 3.066254154709964
[-3.12984226e+00  1.18273454e-01  1.76992279e-01 -3.20227529e+00
  2.92796739e+02] 3.2093429116046237
[-3.06428496e+00  1.59555398e-01  2.13013187e-02 -2.98892037e+00
  2.91655721e+02] 2.9932518549381957
[-2.94713047e+00 -2.68683095e-01  3.22123619e-01 -2.87639473e+00
  2.92159976e+02] 2.9068197185252096
[-2.89926045e+00  1.36009126e-01  1.61433808e-01 -2.67254625e+00
  2.90877159e+02] 2.6808697849509087
[-3.02105111e+00 -1.00468686e-01 -1.12568724e-02 -3.17180850e+00
  2.90744331e+02] 3.1734192682046296
[-3.05951605e+00  5.09135628e-02 -2.23629402e-01 -3.28462488e+00
  2.92830053e+02] 3.2926225003719023
[-3.09429058e+00 -1.22114006e-01 -3.57527584e-01 -2.74563384e+00
  2.89966336e+02] 2.7715055408435436
[-3.05122420e+00  4.43422264e-02 -6.55294005e-03 -2.87001772e+00
  2.91196064e+02] 2.870367722223094
[-3.05472298e+00  4.71902429e-02  7.76258343e-02 -2.90841251e+00
  2.91977405e+02] 2.9098309247093783
[-3.08212519e+00 -1.93140771e-01 -2.48432670e-01 -3.24267549e+00
  2.91977200e+02] 3.257908302557764
[-2.96682754e+00  1.39711382e-02  2.62729924e-01 -2.98229019e+00
  2.92676152e+02] 2.9938732414830276
[-3.05644148e+00 -6.48196852e-02  3.22571712e-01 -2.78477182e+00
  2.90006256e+02] 2.8041412584628866
[-2.96772865e+00 -1.88907909e-01 -1.91307949e-01 -3.15174945e+00
  2.92528074e+02] 3.1631960904678693
[-3.06469802e+00 -3.25824930e-02  1.91861754e-01 -3.30221276e+00
  2.92145183e+02] 3.3079422105167984
[-2.99017612e+00  4.08229174e-02 -4.89555647e-02 -2.65282544e+00
  2.88978651e+02] 2.65359114802547
[-3.02570541e+00 -1.48229894e-01 -2.15967904e-01 -2.78038999e+00
  2.90651563e+02] 2.7927016934395006
[-2.98912076e+00 -1.69328032e-01 -2.18204839e-02 -3.21659147e+00
  2.93419808e+02] 3.2211191878590255
[-2.98988079e+00 -2.04021664e-01 -3.38998527e-01 -3.00848328e+00
  2.92175911e+02] 3.0343889787444325
[-2.98854427e+00 -1.59033218e-01 -1.94711076e-01 -3.19336952e+00
  2.93993487e+02] 3.203250354550469
[-3.00900842e+00 -4.16464801e-02  2.66197961e-01 -2.75417820e+00
  2.91076679e+02] 2.76732602390589
[-3.07863627e+00  2.69122472e-01 -6.54145948e-02 -3.28599558e+00
  2.90765472e+02] 3.2976465729903857
[-3.02730764e+00 -1.58499492e-01  1.80510098e-01 -2.83951187e+00
  2.88855672e+02] 2.8496550036863946
[-3.03098081e+00 -2.35077214e-01  3.11253673e-02 -2.72182527e+00
  2.90086546e+02] 2.732135226257844
[-3.08589814e+00 -2.73733312e-01  2.05730169e-01 -3.28152418e+00
  2.93301024e+02] 3.2993417171905364
[-3.11070768e+00 -4.12250467e-02 -1.27661952e-01 -2.63749323e+00
  2.89880876e+02] 2.640902804286833
[-3.06711952e+00  6.93796151e-02  3.04605942e-01 -2.91118631e+00
  2.90697057e+02] 2.9279009636175957
[-3.02943924e+00 -6.32089105e-02  2.18010159e-02 -3.22159858e+00
  2.94218826e+02] 3.222292365629238
[-2.99338764e+00 -2.27629038e-01  2.23494080e-01 -2.98703284e+00
  2.91734543e+02] 3.004018934680129
[-2.94201927e+00  9.07272361e-02  2.09461359e-02 -3.01912586e+00
  2.90842541e+02] 3.0205613965830613
[-2.90828101e+00  6.49567996e-02  2.04403798e-02 -3.19580849e+00
  2.94386667e+02] 3.1965339232448815
[-2.97014535e+00 -2.63336029e-01  4.02498701e-01 -3.33286701e+00
  2.92600480e+02] 3.3673956690977693
[-3.07331119e+00 -6.78821789e-02 -2.30793074e-01 -2.88289958e+00
  2.90942473e+02] 2.892919533270478
[-2.95788216e+00 -8.96537613e-02  1.70107457e-01 -2.97625992e+00
  2.91399619e+02] 2.9824649991965435
[-2.91876104e+00 -1.24086689e-01  2.81369624e-01 -3.25428168e+00
  2.94059837e+02] 3.2687789180226154
[-3.01494258e+00 -8.67455833e-02  1.42859628e-01 -2.64419415e+00
  2.90473187e+02] 2.6494709627388384
[-2.97526631e+00  2.46546991e-02 -7.71933435e-02 -3.12706629e+00
  2.92935377e+02] 3.1281160894945392
[-3.00073773e+00 -3.27139037e-01  7.48721818e-02 -3.15212155e+00
  2.94048209e+02] 3.1699362843741445
[-2.98166101e+00  1.20075289e-02  2.09070852e-01 -3.18652021e+00
  2.93389519e+02] 3.1933940954866227
[-3.03165824e+00  2.46241055e-02  7.13299369e-02 -2.75601519e+00
  2.92869175e+02] 2.7570480631105685
[-2.98441825e+00  1.37961894e-02  8.97412972e-02 -2.92354823e+00
  2.92450014e+02] 2.92495778766371
[-3.04389274e+00  2.55399810e-01 -1.13404397e-01 -3.15830834e+00
  2.90568456e+02] 3.1706468046516973
[-3.02501890e+00  3.87168770e-01  5.76860409e-02 -2.98143436e+00
  2.92075284e+02] 3.007021478830525
[-3.13377605e+00  1.23995129e-01 -9.44051758e-02 -2.91970160e+00
  2.92474783e+02] 2.9238578237619026
[-3.05736429e+00 -2.80963162e-02 -2.07101286e-01 -3.29198450e+00
  2.94504305e+02] 3.298612172359528
[-2.97957001e+00  6.81021882e-02 -1.97035734e-01 -3.32179339e+00
  2.94145854e+02] 3.3283287549725293
[-3.04173984e+00  1.26076321e-02 -6.52981727e-02 -2.69803116e+00
  2.91576963e+02] 2.698850670907858
[-3.01666587e+00  1.29458206e-01 -1.65329369e-01 -2.78961157e+00
  2.91779673e+02] 2.797503515349819
[-2.93171737e+00 -1.88773533e-01  1.23040654e-01 -3.46277500e+00
  2.94580164e+02] 3.4700987255323086
[-3.00169644e+00 -5.38214094e-02  2.69430800e-01 -2.81591564e+00
  2.91884087e+02] 2.8292879995964033
[-3.03300807e+00  1.66187769e-01 -4.34972786e-02 -3.46019091e+00
  2.92861197e+02] 3.4644525590834596
[-3.11609080e+00  1.29522771e-01  1.73601255e-01 -2.91741505e+00
  2.91020669e+02] 2.925444262975347
[-3.01019553e+00  1.15542071e-01  3.44713194e-01 -2.78636013e+00
  2.92066955e+02] 2.8099786394315824
[-3.04933062e+00 -1.36484163e-01  1.38810779e-01 -3.11518321e+00
  2.91071388e+02] 3.121259805891245
[-2.96458052e+00 -4.33204852e-01 -1.07950906e-01 -3.02938199e+00
  2.93717019e+02] 3.062103048587482
[-3.03741215e+00 -1.56801528e-01 -1.46278110e-01 -3.45256897e+00
  2.94638324e+02] 3.4592219498288994
[-3.00031709e+00  5.10863424e-02  1.15304994e-01 -3.29172472e+00
  2.92232645e+02] 3.2941397499056317
[-2.98961773e+00  8.47533159e-02 -3.13564310e-01 -3.15044057e+00
  2.92941114e+02] 3.167140902535527
[-2.95946120e+00 -3.22737803e-01 -2.12798557e-01 -2.62684090e+00
  2.89058942e+02] 2.6551338982572017
[-2.96862059e+00 -1.07477237e-01 -3.08688185e-01 -2.88971167e+00
  2.91086077e+02] 2.9081391498301907
[-2.99907950e+00 -1.07013109e-01  1.16994540e-01 -3.18428474e+00
  2.91857164e+02] 3.18822973487352
[-2.92486634e+00  1.89979593e-01 -1.24047037e-01 -3.19638733e+00
  2.94344910e+02] 3.2044300394312946
[-2.95974425e+00  8.15743865e-02 -7.05958116e-02 -3.11210495e+00
  2.94158832e+02] 3.113974208498443
[-3.02128297e+00 -1.79256769e-01 -8.98421179e-02 -3.31375855e+00
  2.92921790e+02] 3.3198193160028517
[-3.05370261e+00 -1.14249921e-01  2.26658004e-01 -3.17641113e+00
  2.92910174e+02] 3.1865364526537716
[-2.98892921e+00 -1.50685112e-01  1.39588709e-02 -3.14327470e+00
  2.92502893e+02] 3.1469154282147076
[-2.99997028e+00  9.41699166e-02 -4.22327762e-02 -3.21435190e+00
  2.91656934e+02] 3.2160083562729738
[-2.86276454e+00 -3.11163346e-02 -1.70834074e-01 -2.86986933e+00
  2.91806569e+02] 2.875117815501292
[-2.97704613e+00  1.55817447e-01  1.73778258e-01 -3.17588201e+00
  2.91909460e+02] 3.1844472787824105
[-2.97139775e+00 -2.46770819e-01 -1.67261204e-01 -2.75913772e+00
  2.91810712e+02] 2.775196049019262
[-2.97119564e+00  2.37203916e-01 -3.88595948e-01 -3.10314067e+00
  2.93846576e+02] 3.1363600764734723
[-2.96679814e+00  2.93904956e-01 -2.24521701e-01 -3.04175509e+00
  2.92078113e+02] 3.0641579824903076
[-3.03526593e+00  1.74801274e-01 -2.82669482e-01 -3.17210960e+00
  2.91152640e+02] 3.1894728108917723
[-3.02686681e+00  9.41598591e-02  4.79620247e-03 -3.48174883e+00
  2.92501388e+02] 3.4830251187697447
[-3.04000773e+00  1.81254242e-01 -5.73214701e-02 -2.80009083e+00
  2.90295769e+02] 2.8065365647265277
[-3.03228963e+00 -7.89970181e-02  2.80757945e-01 -3.22587484e+00
  2.91720219e+02] 3.2390328868043325
[-2.99795860e+00 -1.06159547e-01 -2.21500045e-02 -3.07952360e+00
  2.92299140e+02] 3.081432466985583
[-2.94026415e+00  2.74317388e-01 -3.49873854e-01 -3.06765254e+00
  2.91473669e+02] 3.0997022164272283
[-3.07437874e+00  1.67454026e-01  9.13554717e-02 -3.37858182e+00
  2.92746877e+02] 3.383962437048153
[-3.03773436e+00  1.32716597e-01 -2.00346024e-01 -3.11296892e+00
  2.91708908e+02] 3.1222312047238656
[-2.97849940e+00 -1.12837342e-01 -5.74458233e-02 -3.22709104e+00
  2.93008153e+02] 3.229574098399179
[-3.02625285e+00  3.86418642e-02 -1.46760736e-02 -3.19419111e+00
  2.93525050e+02] 3.19445854931523
[-3.01064366e+00  1.05956794e-01  5.30187835e-02 -2.74168093e+00
  2.92988471e+02] 2.744239818587906
[-3.01064049e+00  1.31882223e-01 -4.76195870e-01 -3.16235065e+00
  2.93240810e+02] 3.200721334725749
[-3.00209639e+00  3.85573733e-01 -5.72639162e-02 -3.45413750e+00
  2.93895091e+02] 3.4760627370218597
[-3.02616926e+00  4.15130937e-02  9.32059939e-02 -3.04360918e+00
  2.92202411e+02] 3.045318959060882
[-2.91905157e+00 -2.56805224e-02 -7.31126203e-02 -2.65017763e+00
  2.90714097e+02] 2.651310322331322
[-3.10045605e+00  2.89790445e-01 -2.46918831e-01 -3.04477877e+00
  2.91520568e+02] 3.068489071862455
[-2.96966355e+00 -2.37447352e-01 -1.22005317e-01 -2.93136266e+00
  2.93238550e+02] 2.9434934340020975
[-2.97893852e+00  2.39782439e-02 -3.28269291e-01 -3.08903760e+00
  2.92171772e+02] 3.1065236130937546
[-2.94903996e+00 -2.77141213e-01  6.48839675e-02 -3.35848334e+00
  2.94700691e+02] 3.37052333418264
[-3.07946271e+00  1.27939796e-01  9.04082197e-02 -2.93418402e+00
  2.89746469e+02] 2.9383631690104006
[-3.02601821e+00  1.58104186e-01  2.18593936e-01 -3.31511169e+00
  2.92638634e+02] 3.3260706150996375
[-3.00392261e+00 -2.73260450e-01  1.58369261e-01 -2.89028233e+00
  2.91166882e+02] 2.9074875824974855
[-2.94685778e+00  2.82193193e-01 -2.95657482e-02 -2.95571054e+00
  2.91675806e+02] 2.9692982205503995
[-2.99096609e+00 -4.05533019e-02 -2.77973851e-01 -3.05709325e+00
  2.91587492e+02] 3.06997282942831
[-2.92362325e+00 -1.51944866e-01 -1.22194853e-01 -3.22360747e+00
  2.94183702e+02] 3.2294990252089595
[-3.04329862e+00  4.78324501e-02 -4.10970699e-01 -2.80977797e+00
  2.91884869e+02] 2.8400769543620124
[-3.10905323e+00 -3.79165892e-01  1.38928611e-01 -3.31165278e+00
  2.93624890e+02] 3.3361822576629616
[-3.05783042e+00 -1.38018281e-01 -6.89988735e-02 -3.08900997e+00
  2.93071267e+02] 3.09286153975133
[-2.99387311e+00 -7.80152939e-02 -4.57884165e-01 -2.98397451e+00
  2.93199141e+02] 3.019908639643886
[-3.06899919e+00  2.69250759e-01  1.18789497e-01 -3.42147940e+00
  2.93181500e+02] 3.4341124354323282
[-3.06245439e+00 -3.03502160e-01  1.63763763e-02 -3.36699054e+00
  2.95812535e+02] 3.3806814471556472
[-3.04092481e+00 -2.42105442e-01  1.83683237e-01 -2.56008411e+00
  2.89431735e+02] 2.5780584247616765
[-2.95710226e+00 -1.14640645e-01 -1.32031158e-01 -2.95122376e+00
  2.91802445e+02] 2.9563992242986514
[-2.95285909e+00 -1.23023623e-01 -4.22678822e-01 -2.77351945e+00
  2.92093645e+02] 2.808238300049513
[-3.00960312e+00  7.92344094e-02 -2.22375482e-02 -3.09596278e+00
  2.91378184e+02] 3.0970563671595754
[-3.03201008e+00 -1.51887466e-01 -1.71218197e-02 -3.08249292e+00
  2.93362330e+02] 3.086280214104557
[-3.02187003e+00 -2.27547052e-02 -2.33802646e-01 -3.04454551e+00
  2.92460667e+02] 3.0535944099939516
[-2.96654496e+00 -8.48354128e-02  1.87328221e-01 -3.04909797e+00
  2.92846228e+02] 3.056024759596922
[-2.98967421e+00 -4.16542161e-02  1.84799793e-01 -2.87214141e+00
  2.91446305e+02] 2.878381896824555
[-3.01042790e+00 -4.37312017e-02  1.86007351e-01 -2.89144260e+00
  2.91634115e+02] 2.89774938176933
[-2.93279702e+00  1.35781699e-01  2.03476443e-01 -2.83745462e+00
  2.91995923e+02] 2.847979644596653
[-2.98075487e+00 -4.49489569e-02 -1.76387654e-01 -3.08957792e+00
  2.92271307e+02] 3.09493533362148
[-2.91735929e+00  1.91792776e-01  1.62403372e-02 -2.95520275e+00
  2.92691910e+02] 2.961464422045109
[-3.04730669e+00  1.35840618e-01  3.36605582e-01 -3.03452257e+00
  2.91841644e+02] 3.056154975771955
[-2.97433371e+00 -7.59783568e-02  1.25054169e-01 -2.87573756e+00
  2.92421019e+02] 2.8794578971285087
[-3.03876118e+00 -2.10033653e-01  3.88678411e-02 -3.21981746e+00
  2.92717849e+02] 3.226894682114228
[-2.98230804e+00  1.14654159e-01  3.77597366e-01 -2.97659902e+00
  2.93480498e+02] 3.002643346674016
[-3.02397955e+00  1.69131637e-01 -6.42202112e-03 -3.26007053e+00
  2.92197363e+02] 3.2644611566490696
[-3.03146683e+00 -1.36457540e-01  4.02027753e-02 -3.21123772e+00
  2.92242329e+02] 3.2143871244879336
[-3.08540305e+00  6.71462375e-02 -2.32259858e-01 -3.41845188e+00
  2.92937355e+02] 3.4269908785261087
[-2.91489877e+00 -9.70523000e-02  1.13530658e-01 -3.07951097e+00
  2.94172085e+02] 3.083130904222076
[-3.03159507e+00  3.54748561e-02 -1.44880150e-01 -2.99321629e+00
  2.93648002e+02] 2.9969305051996042
[-2.93580449e+00 -3.07180862e-03 -1.31554862e-01 -2.72644598e+00
  2.91988795e+02] 2.729619720487327
[-3.07363494e+00  3.33093939e-01 -9.44036434e-02 -3.12380489e+00
  2.92619097e+02] 3.1429318522230107
[-2.98520299e+00 -3.67171800e-02 -4.82651720e-02 -3.23464131e+00
  2.91432089e+02] 3.2352097466022087
[-2.91014269e+00 -8.29711597e-02  6.94489045e-02 -3.25242083e+00
  2.94304918e+02] 3.254220123645947
[-2.92253482e+00  1.01597897e-01 -2.56860172e-02 -2.77834597e+00
  2.91979393e+02] 2.780321609910044
[-3.13605446e+00  9.39560177e-02 -3.83605818e-02 -2.99921245e+00
  2.91342503e+02] 3.0009289505939116
[-3.04168368e+00  4.06311311e-02  1.06129487e-02 -2.94598493e+00
  2.92187979e+02] 2.9462842207102535
[-3.00028257e+00  2.47313508e-01 -1.53470599e-01 -2.84377267e+00
  2.91859372e+02] 2.8586290761645627
[-2.90876739e+00 -1.93090697e-01  3.84199934e-01 -2.91542870e+00
  2.91337201e+02] 2.9469676163802263
[-2.94876244e+00  1.54850579e-01 -1.05185916e-01 -2.73114010e+00
  2.92090674e+02] 2.737547995169077
[ -3.04296008  -0.33234858   0.39964414  -3.09689485 292.20002606] 3.1402115703408797
[-2.96528261e+00 -3.84310923e-02 -1.97202756e-01 -3.28043661e+00
  2.93926891e+02] 3.28658336426788
[-2.96733589e+00 -6.63008602e-02  8.99616873e-03 -2.70568930e+00
  2.90308311e+02] 2.7065164573086573
[-2.96897316e+00  2.06769400e-01 -3.97820364e-01 -3.17047107e+00
  2.93334590e+02] 3.202015218864273
[-2.94187359e+00 -1.02419234e-01 -1.79501135e-02 -3.01323927e+00
  2.92240911e+02] 3.0150328077772546
[-3.02025850e+00  1.17193754e-01  9.66538706e-02 -2.83992423e+00
  2.91825194e+02] 2.8439841690832566
[-3.05457809e+00  4.40478544e-02 -1.87582337e-01 -2.89917787e+00
  2.89967143e+02] 2.9055738982483166
[-3.05481180e+00  1.69713405e-01 -5.38840176e-02 -2.55863574e+00
  2.89680426e+02] 2.564824163984172
[-3.08418978e+00 -3.74282527e-01  2.06804037e-01 -3.36454793e+00
  2.93163312e+02] 3.391612901091465
[-3.08946865e+00  2.99700989e-02 -2.29666166e-02 -2.86291543e+00
  2.90438509e+02] 2.8631644079590988
[-2.99185022e+00  1.08482415e-01  1.12985043e-02 -3.09668903e+00
  2.91674941e+02] 3.0986092106819343
[-3.06740452e+00 -3.05993967e-02  1.59740909e-01 -2.67513618e+00
  2.89751998e+02] 2.6800759416490987
[-2.98685459e+00  4.98659689e-01 -2.02662954e-01 -3.43534673e+00
  2.95619879e+02] 3.477260545998882
[-2.96460134e+00 -1.53855848e-01  2.78017182e-02 -3.05902997e+00
  2.93879316e+02] 3.0630228379113187
[-3.04192903e+00 -4.66140889e-01 -2.71081482e-01 -2.82293165e+00
  2.91284143e+02] 2.873972098227112
[-2.99847520e+00 -2.40373969e-01 -2.57783576e-01 -3.21859993e+00
  2.92411206e+02] 3.237841489970693
[-3.03733105e+00 -1.82057716e-01  1.40848535e-01 -3.10070575e+00
  2.93471895e+02] 3.1092377657456436
[ -2.99568333  -0.42656765   0.32749617  -2.80281054 292.32049878] 2.8539377405808906
[-3.09407015e+00 -2.34355495e-01  8.61724796e-02 -3.24384190e+00
  2.93369542e+02] 3.253437941130848
[-3.02983542e+00 -1.62737495e-01 -5.31314512e-02 -3.23009362e+00
  2.92910851e+02] 3.2346269090420856
[-3.05781555e+00 -9.59113465e-02 -1.09711541e-01 -2.84928858e+00
  2.91474233e+02] 2.853012624178071
[-3.00529031e+00  1.68540389e-01  1.31893195e-01 -3.02085921e+00
  2.92025427e+02] 3.0284306266682584
[-2.95969022e+00 -2.40107541e-01  1.11503841e-02 -2.81208950e+00
  2.90657841e+02] 2.822343585174843
[-2.99208343e+00  3.58001941e-02  1.56594195e-01 -3.17201424e+00
  2.91734606e+02] 3.1760789883084803
[-3.11852303e+00  1.95299739e-01  1.36449602e-01 -3.23888233e+00
  2.92710162e+02] 3.2476328649429567
[-3.07284220e+00 -9.65477547e-02  2.88222794e-01 -3.02415752e+00
  2.91780647e+02] 3.039395098835186
[-3.02336328e+00  1.59607327e-01  3.76074029e-01 -2.84246335e+00
  2.91982624e+02] 2.8716726970645188
[-2.91793536e+00  3.07218922e-01 -1.69917618e-02 -2.89410326e+00
  2.93342977e+02] 2.910413348066976
[-2.96607119e+00 -2.99221331e-02  5.84779431e-02 -2.89372819e+00
  2.93814712e+02] 2.8944736718106485
[-3.06356188e+00 -8.72971872e-02 -5.29758284e-03 -3.12341920e+00
  2.90955583e+02] 3.1246433986091082
[-3.01557837e+00 -2.68817470e-01  9.22910576e-02 -2.90545900e+00
  2.90802774e+02] 2.9193273983759993
[-2.96491591e+00 -3.28200765e-01  4.57169549e-02 -2.83447045e+00
  2.91590801e+02] 2.8537744328810177
[-3.03131829e+00 -1.86368890e-01  1.88383047e-01 -3.19902187e+00
  2.94206646e+02] 3.209978573980048
[-3.00140495e+00 -3.38185193e-01 -1.06509387e-01 -3.17152312e+00
  2.94299938e+02] 3.191280679497643
[-2.96295653e+00 -4.44014821e-02 -3.06189899e-01 -3.39341958e+00
  2.94371430e+02] 3.407494708737203
[-3.03427301e+00 -3.54182822e-01  4.38627633e-02 -3.41663090e+00
  2.94386885e+02] 3.4352199527474596
[-3.01308968e+00 -1.40619495e-01 -1.41026556e-01 -2.90459738e+00
  2.90909978e+02] 2.911416885368912
[-2.97224593e+00 -2.61237752e-01  1.30707548e-01 -3.22373856e+00
  2.94127323e+02] 3.236946083721622
[-2.95102006e+00 -8.85528704e-02 -2.60452018e-01 -3.02528798e+00
  2.93048337e+02] 3.0377696137455694
[-3.06913613e+00  8.25147440e-02  1.02265823e-01 -2.65088641e+00
  2.90151856e+02] 2.65414123881066
[-3.10745369e+00  6.40552732e-02  8.06172821e-02 -3.13338596e+00
  2.92929094e+02] 3.13507732034865
[-3.07135047e+00 -1.05411371e-01  6.37660711e-02 -2.73481965e+00
  2.91439630e+02] 2.737593142161621
[-3.05521181e+00  6.37698229e-02 -3.23563196e-02 -3.00621180e+00
  2.92562450e+02] 3.0070621687898256
[-3.01162956e+00  1.81190595e-01  2.23117964e-01 -2.84640082e+00
  2.91154935e+02] 2.8608756184884863
[-3.07490036e+00 -1.86595276e-01 -9.32279685e-02 -2.94007326e+00
  2.91000785e+02] 2.9474633225010205
[-3.04280966e+00 -3.93006962e-02  1.04230125e-01 -2.98183173e+00
  2.93569960e+02] 2.9839116833405392
[-3.08560916e+00 -2.13079031e-03  1.75174971e-01 -2.97683884e+00
  2.91794910e+02] 2.981989316630218
[-3.04690038e+00 -2.16858243e-02  1.13094432e-01 -2.88203963e+00
  2.92099897e+02] 2.8843392751676626
[-3.02045073e+00  2.42479139e-01 -1.54311748e-01 -2.91617059e+00
  2.91827787e+02] 2.9303001811130494
[-3.00284312e+00  5.57201238e-02  1.53634902e-01 -3.23172631e+00
  2.93914768e+02] 3.235855891917593
[ -2.8751988    0.35127053   0.43860563  -2.97857057 293.50321433] 3.0311134176524464
[-2.92433526e+00  1.08397013e-01  1.13942854e-02 -3.24918999e+00
  2.91571211e+02] 3.2510175868428997
[-2.95158458e+00  1.45070013e-01  8.04653454e-02 -3.31676867e+00
  2.93885902e+02] 3.3209146965609064
[-3.00410587e+00  1.02096598e-01 -2.72949331e-01 -2.73821750e+00
  2.91023050e+02] 2.753681193206315
[-3.01972712e+00  1.72795617e-02  1.58345579e-01 -2.90094897e+00
  2.92457684e+02] 2.905318711174956
[-2.94575737e+00  8.70487756e-02  2.61724176e-01 -3.12908585e+00
  2.94563314e+02] 3.1412187611197204
[-2.95916404e+00 -4.73666614e-01  1.60400591e-02 -3.26057004e+00
  2.93233165e+02] 3.2948344964447
[-2.98729849e+00 -1.57943099e-03  1.55038376e-01 -3.29550244e+00
  2.95181319e+02] 3.2991477315678517
[-3.00370310e+00 -2.91247406e-02 -1.15243964e-01 -2.89696583e+00
  2.92465429e+02] 2.8994034595744496
[-3.04051889e+00 -9.05140638e-02  5.47181019e-02 -3.34848130e+00
  2.93526472e+02] 3.350151318833491
[-3.00881879e+00  1.41391313e-01  6.44144971e-03 -3.27903492e+00
  2.92633778e+02] 3.282088208374706
[-3.01308736e+00  9.31019266e-02 -2.53357038e-01 -2.81933460e+00
  2.90261388e+02] 2.832226213219764
[-2.99079637e+00  3.94527278e-01  1.78686246e-01 -3.17539362e+00
  2.94476892e+02] 3.204794096239709
[-2.90486766e+00 -3.97313845e-02 -3.08506997e-02 -3.21542446e+00
  2.94203209e+02] 3.215817905714634
[-3.01565834e+00 -3.72127623e-01  1.41052027e-02 -3.12422288e+00
  2.93064280e+02] 3.146338591719536
[-3.05198126e+00  2.94300772e-01  4.90517063e-02 -3.19130780e+00
  2.91818226e+02] 3.2052245661331122
[-2.97439459e+00  1.54241812e-01 -6.07047919e-03 -3.02524993e+00
  2.93706245e+02] 3.0291854522959802
[-2.98491750e+00  3.24133318e-01  2.66259648e-01 -2.91154059e+00
  2.93442567e+02] 2.9416024932147224
[-3.07400696e+00  1.02469032e-01 -3.49428177e-02 -3.07584195e+00
  2.91564108e+02] 3.0777466734620504
[-2.98733866e+00 -2.04362190e-01 -3.20695978e-02 -3.01599726e+00
  2.91286881e+02] 3.023083167699344
[-3.03772769e+00 -4.45028563e-01  1.74355386e-01 -3.15862368e+00
  2.93137708e+02] 3.194581943397291
[-3.04318915e+00  1.51262186e-01  3.34816177e-01 -2.72750753e+00
  2.91949906e+02] 2.7521408857787066
[-3.02849225e+00 -2.16805938e-01  3.24492414e-01 -3.16876685e+00
  2.91448633e+02] 3.192707857042013
[-2.95669832e+00 -3.84989891e-01 -7.03478756e-02 -2.98834402e+00
  2.92276467e+02] 3.013862309010715
[-3.00541473e+00 -1.58496910e-01  1.75112175e-01 -2.87130982e+00
  2.90431509e+02] 2.881007741458337
[-3.03274971e+00 -1.39294800e-01  7.39499661e-02 -3.03111708e+00
  2.90151733e+02] 3.0352170216186978
[-2.97840137e+00 -2.98077227e-01  1.46783807e-01 -3.27613896e+00
  2.95686820e+02] 3.292944273045895
[-3.03924799e+00  1.11900764e-01  8.99740661e-02 -3.09340900e+00
  2.91311614e+02] 3.096739630743684
[-3.07314327e+00 -3.63149282e-01  2.30860396e-01 -3.09615889e+00
  2.92748656e+02] 3.1259196749201594
[-2.98524692e+00 -3.70670686e-01  3.72683670e-02 -3.21486544e+00
  2.93985711e+02] 3.2363784547825496
[-3.01702876e+00 -2.88769398e-01 -1.47184675e-01 -2.70811656e+00
  2.90207461e+02] 2.727443201165993
[-3.03670082e+00  1.06426084e-01 -3.11890420e-01 -3.14451003e+00
  2.93586620e+02] 3.161731406582623
[-2.97651624e+00 -4.89387647e-02  1.66485200e-02 -2.87898726e+00
  2.91542665e+02] 2.8794513012963994
[-3.09568613e+00  2.48409246e-01 -3.52004154e-02 -2.81096950e+00
  2.90924286e+02] 2.822143820255415
[-3.11387446e+00 -5.55832012e-02 -1.88173334e-01 -2.65775655e+00
  2.90052625e+02] 2.664989410498935
[-2.98147346e+00 -2.66090228e-02 -2.65142684e-01 -2.96178044e+00
  2.92500917e+02] 2.97374377399324
[-2.94582374e+00 -1.25136467e-01 -2.39242237e-03 -2.93231984e+00
  2.92409247e+02] 2.9349896902903656
[-3.03672947e+00  1.97925586e-01  1.64760287e-01 -2.84429374e+00
  2.92056574e+02] 2.855928457187967
[-3.07178204e+00 -3.80543467e-01 -1.43592632e-01 -2.80993297e+00
  2.90924158e+02] 2.8392174059226303
[-2.98137731e+00  6.46303178e-02  2.95209110e-01 -3.09989333e+00
  2.92569387e+02] 3.1145889250979373
[-3.00242553e+00 -2.97105108e-02 -7.28177968e-03 -2.77398337e+00
  2.91035386e+02] 2.7741520328778373
[-3.13195796e+00 -2.90654744e-02  5.86853899e-02 -3.11565907e+00
  2.92496466e+02] 3.116347256760239
[-3.06601542e+00  1.65358146e-01 -3.95006862e-02 -2.80134615e+00
  2.91947328e+02] 2.806500290326309
[ -3.02471261  -0.59839634   0.32579477  -3.07043091 293.08403196] 3.1451178601789413
[-2.99027891e+00  2.26080274e-01  3.50286869e-01 -3.01889854e+00
  2.91008946e+02] 3.047550097341309
[-3.05839450e+00 -2.26840710e-01  2.62400190e-01 -3.31130079e+00
  2.92877283e+02] 3.3294178873755915
[-3.01988507e+00 -1.32126860e-02 -1.23538037e-01 -2.90870284e+00
  2.91774211e+02] 2.911355087377231
[-2.97679070e+00 -2.62016450e-02  2.92875038e-02 -2.96367427e+00
  2.92706267e+02] 2.96393479362541
[-3.02266961e+00 -3.09759707e-01 -9.62381056e-02 -2.90993265e+00
  2.91568519e+02] 2.9279550632337368
[-3.03716260e+00 -8.11141427e-02  1.47771791e-01 -3.09910226e+00
  2.91142619e+02] 3.1036834260138035
[-3.01904583e+00 -5.13691528e-02  9.43536666e-02 -2.95814706e+00
  2.92206421e+02] 2.9600972018201386
[-3.02995907e+00 -1.81693375e-03 -2.15895838e-01 -3.15989085e+00
  2.92245037e+02] 3.16725819809227
[-3.04154991e+00  2.06199382e-01 -4.88519980e-01 -3.12496635e+00
  2.92719230e+02] 3.169634780275823
[-2.99865161e+00 -1.08734208e-01  1.55819056e-01 -2.71222818e+00
  2.91872729e+02] 2.7188755782457465
[-2.99696008e+00 -3.83111199e-02  1.41330854e-02 -2.89806352e+00
  2.91878846e+02] 2.898351196550558
[-2.99471174e+00  6.14560327e-02 -1.31071464e-01 -3.25490479e+00
  2.92491941e+02] 3.258122428639001
[-2.92217950e+00  2.19109530e-02  1.32610120e-01 -3.30777046e+00
  2.92912641e+02] 3.3105001034347814
[-2.96598173e+00 -4.94698074e-02 -4.99558276e-02 -2.73574595e+00
  2.91342221e+02] 2.736649182504433
[-2.99596717e+00  8.69289546e-02 -1.71437570e-01 -3.15387344e+00
  2.92548792e+02] 3.1597254836745186
[-2.96953834e+00 -2.34553724e-01  2.70833462e-02 -2.69679336e+00
  2.89492200e+02] 2.7071097797437558
[-2.95997417e+00  2.14832905e-01  4.63655024e-02 -2.74633782e+00
  2.91257719e+02] 2.7551178500153846
[-3.05491853e+00 -1.86557132e-01 -6.12971434e-02 -2.91051594e+00
  2.89904076e+02] 2.917132827646145
[-2.97666772e+00  2.08219975e-02  3.77902387e-01 -3.28347319e+00
  2.92889157e+02] 3.305214056189481
[-3.10757775e+00  3.17566055e-02 -2.92880398e-01 -2.87629431e+00
  2.92349078e+02] 2.891341625001479
[-2.96312239e+00 -1.49940900e-01 -2.18064364e-01 -2.92986783e+00
  2.91557846e+02] 2.9417953441337046
[-2.92285585e+00 -8.19205642e-02  9.35585658e-03 -2.86447177e+00
  2.92719581e+02] 2.8656582220421094
[-2.97424695e+00  7.44669657e-02  1.66748699e-01 -2.87068104e+00
  2.92097803e+02] 2.876483983387705
[-2.94884958e+00 -9.92117851e-02  1.35785185e-01 -2.88785577e+00
  2.91426837e+02] 2.8927480972285275
[-3.02046217e+00  9.58628179e-02  1.60008225e-01 -3.22079382e+00
  2.93542600e+02] 3.226190504042887
[-2.96059158e+00  1.83795316e-01  2.00855138e-01 -2.84106479e+00
  2.91713681e+02] 2.854080003755191
[-3.05781629e+00  1.01055343e-01 -8.74142357e-02 -2.85056698e+00
  2.90896312e+02] 2.8536968186720335
[-3.02515011e+00 -1.17358375e-01 -1.39744214e-01 -3.15422255e+00
  2.93789088e+02] 3.1594970047302295
[-3.03012675e+00 -5.88054115e-02 -1.40534460e-01 -3.02071853e+00
  2.92805670e+02] 3.0245575592075697
[-3.06015077e+00  2.26444913e-01  5.13833960e-02 -3.15849197e+00
  2.91753298e+02] 3.1670157988143837
[-3.02567904e+00 -1.15393702e-02  2.09128139e-01 -2.94478128e+00
  2.92314688e+02] 2.9522202682256213
[-3.02700184e+00 -3.53640810e-03 -1.10707530e-01 -3.21522242e+00
  2.91749359e+02] 3.217129760071167
[-3.07401430e+00 -3.58800495e-02  1.18584320e-01 -3.22739791e+00
  2.91266976e+02] 3.2297750570853454
[-3.07808064e+00 -5.93155941e-02 -1.13187013e-01 -3.05134251e+00
  2.91845652e+02] 3.0540171494368527
[-3.12410829e+00 -2.46718704e-01  6.13409095e-01 -3.27436926e+00
  2.92700602e+02] 3.3404542921498885
[-2.97310825e+00 -1.47506998e-01 -2.19795277e-01 -3.04717778e+00
  2.93404515e+02] 3.05865340925679
[-3.01464883e+00 -1.06763355e-01  1.27986535e-01 -3.38527450e+00
  2.93137453e+02] 3.389374928578968
[-2.96212753e+00  1.01363493e-01 -6.74310106e-02 -2.97883040e+00
  2.92059511e+02] 2.9813171626463064
[-3.03767184e+00  7.06589468e-02  3.98706024e-01 -3.01783150e+00
  2.92068199e+02] 3.0448753948100915
[-3.02071543e+00  2.67780141e-01  1.98028450e-01 -2.92016517e+00
  2.91591551e+02] 2.9390961378678635
[-2.99304628e+00 -4.01653488e-02 -3.83410258e-01 -2.73270804e+00
  2.91517296e+02] 2.7597662802873475
[-3.06070852e+00  2.05599713e-01  1.40918942e-01 -2.68689996e+00
  2.89039741e+02] 2.698436727801517
[-2.94974369e+00 -1.24105662e-01  5.84844435e-02 -2.99243381e+00
  2.93159490e+02] 2.9955771970991845
[-2.95568806e+00  1.02824234e-01 -1.47211396e-01 -2.90200159e+00
  2.90849691e+02] 2.9075517636339097
[-2.98337113e+00  1.29839444e-01 -2.64427631e-01 -2.79585439e+00
  2.91063738e+02] 2.811331003735779
[-2.97398624e+00  2.35601347e-01 -1.19955339e-01 -3.14594186e+00
  2.92298914e+02] 3.1570314341950265
[-2.97900371e+00 -8.24081524e-02  2.69470066e-01 -3.09578606e+00
  2.92445450e+02] 3.108584333985294
[-3.06729360e+00  5.16312960e-02  2.83148605e-01 -3.07889281e+00
  2.92364115e+02] 3.092316261554723
[-2.93243809e+00 -4.13933560e-02 -2.51446540e-01 -2.82405696e+00
  2.91908558e+02] 2.835531073471576
[-3.15239132e+00 -8.04657364e-02  2.35668184e-03 -2.94121713e+00
  2.88687261e+02] 2.9423185594829757
[-3.00922795e+00 -1.70380389e-01  2.95546775e-02 -3.22201227e+00
  2.94326190e+02] 3.2266493501193065
[-3.04439034e+00 -2.57814074e-03  1.95684952e-01 -3.03097162e+00
  2.92184799e+02] 3.03728302957708
[-3.07343210e+00 -2.62865281e-01  2.13669326e-02 -3.19975836e+00
  2.91596020e+02] 3.210608709173341
[-2.97765067e+00  7.96982941e-02  3.06807707e-01 -2.66411617e+00
  2.91182849e+02] 2.6829084547866313
