/mnt/stage/douwei/Simulation/5kt_root/2MeV/5kt_+9.00.root
[-3.14431244e+00  2.55002868e-01  1.29471819e-01  9.07443713e+00
  3.31672064e+02] 9.078942590366188
[-3.29657399e+00  2.33075317e-01  1.29327061e-01  9.29096731e+00
  3.33688608e+02] 9.294790104042583
[-3.17309531e+00 -1.17373040e-01  8.83957166e-03  9.07955056e+00
  3.30732705e+02] 9.080313480319441
[-3.08164082e+00 -1.49102282e-01  1.49718538e-02  9.12458300e+00
  3.31634094e+02] 9.125813420408937
[-3.23239718e+00  2.51954100e-01  2.69417046e-01  9.11038845e+00
  3.31387479e+02] 9.117853047708069
[-3.23853019e+00  3.94481269e-02  3.03150671e-02  8.93799371e+00
  3.27878522e+02] 8.938132173472498
[-3.16453671e+00  3.14230348e-01 -1.15145136e-01  9.27045826e+00
  3.32431159e+02] 9.276496936752059
[-3.21455751e+00 -6.15175343e-02  2.56627411e-02  9.24360529e+00
  3.32191842e+02] 9.243845611914518
[-3.20025080e+00 -1.05286199e-01 -1.88523890e-01  9.15991847e+00
  3.31089398e+02] 9.162463247708608
[-3.13731299e+00  5.04394334e-02  7.81114058e-02  9.26477299e+00
  3.31650774e+02] 9.26523956172388
[-3.21185853e+00 -1.37797886e-01 -2.76136000e-01  9.33915686e+00
  3.31878692e+02] 9.344254390758884
[-3.16011856e+00  2.15936012e-01  9.76274457e-02  9.24209967e+00
  3.29515993e+02] 9.245137415495126
[-3.28545550e+00 -1.80759131e-02 -2.72541656e-01  9.32575524e+00
  3.31043660e+02] 9.329754363947673
[-3.16751250e+00  3.55469434e-02 -2.91212855e-01  9.28606393e+00
  3.30288067e+02] 9.290697060456228
[-3.16000878e+00 -1.02765522e-01  5.17904246e-02  9.03192197e+00
  3.30612035e+02] 9.032655064079007
[-3.15210419e+00  9.37033008e-02 -7.76741918e-02  9.23295112e+00
  3.31694763e+02] 9.23375329443763
[-3.24432736e+00 -9.02052171e-02 -6.47727004e-02  9.28171958e+00
  3.32539173e+02] 9.282383895461239
[-3.18200579e+00  7.77363656e-02 -1.17748834e-01  9.01136319e+00
  3.29405408e+02] 9.012467712025806
[-3.27355369e+00  2.29920528e-01  1.55271183e-01  9.32526166e+00
  3.31829003e+02] 9.329387851918376
[-3.11773546e+00 -5.14215515e-02 -1.77677702e-01  9.05185367e+00
  3.30499129e+02] 9.053743338192524
[-3.22381899e+00 -4.43111236e-02  1.21254100e-01  9.03863658e+00
  3.29961565e+02] 9.039558463126195
[-3.22857575e+00 -2.10488507e-01 -7.84236079e-02  9.34081394e+00
  3.33735057e+02] 9.343514367977797
[-3.17220899e+00 -5.44302440e-02 -1.22360305e-01  9.28235111e+00
  3.32853141e+02] 9.28331712748051
[-3.13587465e+00  1.73680925e-02  1.87646202e-01  9.03992248e+00
  3.31951662e+02] 9.041886480608898
[-3.12642305e+00  4.30792886e-02  2.63143097e-02  9.13589692e+00
  3.29835048e+02] 9.1360363802926
[-3.23679665e+00  9.63709932e-02  7.45598470e-02  8.80055795e+00
  3.28340787e+02] 8.801401406882722
[-3.20960113e+00  1.00478073e-01 -3.85542122e-01  9.06508002e+00
  3.30971410e+02] 9.07383129229214
[-3.16924580e+00 -9.76100777e-02 -1.85431262e-01  9.28804761e+00
  3.32357217e+02] 9.29041123177939
[-3.20731385e+00  6.25087015e-02 -3.16220065e-01  9.39453260e+00
  3.32906248e+02] 9.400060916512912
[-3.16948010e+00  1.39154959e-01 -2.46577243e-01  9.11865623e+00
  3.31771974e+02] 9.123050801430484
[-3.16298962e+00  1.49825177e-02  1.32758801e-01  8.93852908e+00
  3.28584777e+02] 8.939527474497325
[-3.28511136e+00  7.02018193e-02  1.78919949e-01  9.22857129e+00
  3.31451814e+02] 9.230572496252309
[-3.09589133e+00  1.12927015e-01 -2.85118570e-01  8.93212650e+00
  3.30331895e+02] 8.937389377320883
[-3.10164677e+00 -2.44956810e-01  2.15159941e-01  8.83747305e+00
  3.30954895e+02] 8.843485038060617
[-3.21506003e+00  2.16706471e-01 -1.14308198e-01  9.20195560e+00
  3.32003246e+02] 9.205216719929807
[-3.27571712e+00  7.13295870e-02  1.21796247e-01  9.09459653e+00
  3.30103467e+02] 9.095691745773621
[-3.16348500e+00 -1.21199183e-01  1.23872218e-01  8.81406254e+00
  3.27865308e+02] 8.815766103904389
[-3.23034845e+00 -2.50561657e-01  7.36710492e-02  9.18086698e+00
  3.28213359e+02] 9.184580939430138
[-3.19752970e+00 -4.08273702e-02  9.55329073e-02  9.34788060e+00
  3.31536342e+02] 9.348457897296077
[-3.23627008e+00 -9.60269965e-03  1.22565275e-01  9.23141051e+00
  3.32427328e+02] 9.232229116266838
[-3.16300829e+00  3.84435978e-03 -1.81156737e-01  8.85181316e+00
  3.29898304e+02] 8.853667531583813
[-3.17199814e+00  1.21100318e-01  9.04990533e-02  9.10889510e+00
  3.31239622e+02] 9.110149579970479
[-3.13111144e+00 -9.09108317e-02 -3.42965712e-01  8.79025664e+00
  3.32476234e+02] 8.797414513070692
[-3.20401201e+00  9.96509758e-02 -4.43030092e-02  9.29417046e+00
  3.32745566e+02] 9.294810251325835
[-3.19198094e+00  7.96929447e-02 -1.94702988e-02  9.36865037e+00
  3.33565131e+02] 9.36900953813925
[-3.13735704e+00  1.24281561e-01 -1.17126975e-01  8.74256329e+00
  3.29054698e+02] 8.744231102465575
[-3.14882229e+00 -2.34130145e-01 -2.45080526e-02  9.12924183e+00
  3.32398905e+02] 9.1322764978298
[-3.11305105e+00  1.27739391e-01 -4.99604448e-02  8.87445625e+00
  3.29260810e+02] 8.875516165407717
[-3.20546233e+00 -6.04782570e-04 -7.74458312e-02  9.22391047e+00
  3.30662341e+02] 9.224235609402154
[-3.15859474e+00  2.14528846e-01  1.77986445e-01  9.03268284e+00
  3.30013922e+02] 9.0369829609662
[-3.13198055e+00 -1.27569243e-01 -2.82950887e-01  8.88632684e+00
  3.31102768e+02] 8.891745596762084
[-3.08472261e+00  1.23687733e-01 -7.35281849e-02  8.76442048e+00
  3.29689499e+02] 8.765601603462676
[-3.19314413e+00 -7.07238648e-02  1.37349443e-01  9.14275646e+00
  3.32072094e+02] 9.144061591298115
[-3.23410783e+00 -9.16011940e-02 -1.16127218e-01  9.25058248e+00
  3.30420032e+02] 9.251764837908988
[-3.18640494e+00 -4.18787390e-02 -4.82707507e-02  9.15119712e+00
  3.31096992e+02] 9.151420250499
[-3.14797851e+00 -1.76504034e-01  3.05593099e-01  8.92601133e+00
  3.30589074e+02] 8.932984893827022
[-3.15038051e+00  2.73992588e-01  1.06258928e-01  9.20860633e+00
  3.32688999e+02] 9.213294385378381
[-3.12384934e+00  2.78155646e-01  7.88599914e-02  9.05989106e+00
  3.30340573e+02] 9.064503048396709
[-3.18883358e+00  2.50640521e-01  1.55293258e-01  8.91282341e+00
  3.28853114e+02] 8.917699128203061
[-3.16167701e+00 -6.42594101e-02 -9.41343858e-02  9.26299419e+00
  3.30477950e+02] 9.263695366468177
[-3.18791239e+00 -2.89895255e-01  8.34311269e-02  9.12031306e+00
  3.31225915e+02] 9.125300559276232
[-3.15874116e+00  2.66370736e-01  7.85421862e-02  8.88501419e+00
  3.29524976e+02] 8.88935314775225
[-3.19090425e+00  3.70042813e-02  2.26861048e-01  9.17990574e+00
  3.30244802e+02] 9.182783054027322
[-3.09959614e+00  1.83851989e-01 -2.02756835e-01  8.73324419e+00
  3.30724080e+02] 8.737532032399727
[-3.19634615e+00 -8.19375533e-02  1.40958454e-01  9.11474848e+00
  3.31834319e+02] 9.116206602662583
[-3.18372394e+00  7.82861088e-03  1.24921709e-01  9.27009674e+00
  3.33190537e+02] 9.270941714305875
[-3.18946532e+00 -3.25780819e-01  1.05018989e-02  9.20338163e+00
  3.31335325e+02] 9.209151803652558
[-3.13739660e+00 -1.25268067e-01  1.95469275e-01  8.95262611e+00
  3.30777783e+02] 8.95563591077533
[-3.15989420e+00  1.71015922e-01  5.98110448e-02  9.02932298e+00
  3.30341096e+02] 9.031140418149135
[-3.19549184e+00 -1.25032197e-03  1.64868649e-01  8.90590970e+00
  3.28307131e+02] 8.907435700437038
[-3.10134954e+00 -1.31704767e-01 -1.90177739e-01  9.07908472e+00
  3.32361767e+02] 9.08203132490601
[-3.11139381e+00  4.18894379e-02 -1.53525412e-01  8.99768124e+00
  3.30278874e+02] 8.999088421437667
[-3.16311207e+00 -4.38790204e-03  9.07120087e-02  9.00480895e+00
  3.29698601e+02] 9.005266912514402
[-3.19292203e+00 -1.21985804e-01  2.33976043e-01  9.63429791e+00
  3.33193659e+02] 9.6379106372699
[-3.10656704e+00  5.92004913e-02  2.52464462e-01  8.95873673e+00
  3.32132035e+02] 8.9624888761972
[-3.20264146e+00 -7.28369591e-02 -2.52115570e-01  9.29641399e+00
  3.30285429e+02] 9.300117236967814
[-3.18362429e+00  4.21980417e-02  1.53250482e-01  9.13875083e+00
  3.31886752e+02] 9.140133106522448
[-3.26149361e+00 -1.83816194e-01  1.14955742e-01  9.41566102e+00
  3.30967471e+02] 9.41815670169552
[-3.14643705e+00 -2.63391004e-01 -2.52479283e-01  8.92848536e+00
  3.28848441e+02] 8.935937074349987
[-3.23157730e+00  2.91066162e-01  2.46073647e-01  8.91705247e+00
  3.28582583e+02] 8.925194477567214
[-3.20290218e+00 -5.30933710e-02 -1.12152515e-01  9.06070417e+00
  3.29467604e+02] 9.061553795772099
[-3.19831215e+00  1.09540618e-01 -1.78748905e-01  9.11520163e+00
  3.31949140e+02] 9.117612137296419
[-3.17300388e+00 -8.01735443e-02  1.52388957e-01  9.07751839e+00
  3.30780075e+02] 9.079151405786517
[-3.20844992e+00 -9.17251152e-02  2.48783268e-01  9.05644647e+00
  3.29392288e+02] 9.060327215667202
[-3.18186761e+00 -3.49977145e-02  1.35073225e-01  9.13986248e+00
  3.30778702e+02] 9.140927513035777
[-3.12811249e+00 -4.44396748e-02  2.01919713e-01  9.03046839e+00
  3.30878621e+02] 9.032834874995691
[-3.22504212e+00 -1.95523102e-01  4.23421332e-02  8.89219494e+00
  3.29376378e+02] 8.894445068127004
[-3.18240778e+00 -1.10642494e-01  1.37425707e-01  8.92805130e+00
  3.28358461e+02] 8.929794378025179
[-3.18757728e+00 -2.34086207e-03 -2.57032046e-01  9.16131876e+00
  3.30960836e+02] 9.164924022909924
[-3.07581817e+00 -2.46594713e-02  1.52603170e-01  8.89859831e+00
  3.29384736e+02] 8.899940880298486
[-3.19373019e+00 -5.26931312e-02  5.25277927e-02  9.10694560e+00
  3.31709463e+02] 9.10724952827906
[-3.25029116e+00 -9.94099357e-02  1.33616645e-01  8.91197867e+00
  3.29637443e+02] 8.913534624006148
[-3.14679989e+00  2.09355693e-01 -3.38519077e-01  9.16213521e+00
  3.30948265e+02] 9.170776769435697
[-3.22084117e+00 -2.48828468e-01 -1.84719798e-01  9.04432105e+00
  3.29958068e+02] 9.049628731666806
[-3.20554075e+00 -1.16642274e-01 -9.13680754e-02  9.11369260e+00
  3.30145831e+02] 9.11489695045621
[-3.21684855e+00 -3.22887552e-01  2.87707937e-02  9.22076232e+00
  3.30784736e+02] 9.226458796934395
[-3.16325391e+00  2.06439195e-01 -6.46873576e-02  9.21668703e+00
  3.34286440e+02] 9.219225644023153
[-3.23177843e+00  1.90775938e-01 -2.21766970e-01  9.17415547e+00
  3.30010847e+02] 9.178818259781396
[-3.18263298e+00  1.69585746e-01 -8.91914137e-03  9.16999997e+00
  3.31405028e+02] 9.171572293840764
[-3.16546731e+00 -2.82184595e-01  2.34156274e-01  9.21693786e+00
  3.33624403e+02] 9.224229006764533
[-3.17060520e+00 -1.79310738e-01  2.94034387e-01  8.93631777e+00
  3.31923824e+02] 8.9429516303912
[-3.17429340e+00  4.65340474e-02 -2.08775411e-01  8.94048950e+00
  3.27432559e+02] 8.94304786072859
[-3.09582797e+00  1.14294370e-01 -1.00161231e-01  8.79394066e+00
  3.29265491e+02] 8.795253711587165
[-3.14660026e+00 -1.37860645e-01  1.45643556e-01  9.01997116e+00
  3.30736761e+02] 9.02220025316593
[-3.19570502e+00 -8.01928791e-02 -1.12998448e-01  8.84184427e+00
  3.27052787e+02] 8.842929922265668
[-3.18832745e+00 -1.27051377e-01  1.21504218e-01  9.08540883e+00
  3.31129788e+02] 9.087109494281826
[-3.17196626e+00  4.63103405e-01 -5.81380075e-02  8.99005802e+00
  3.29396630e+02] 9.002165739022976
[-3.15089448e+00  1.44740816e-01 -1.87058118e-01  9.50637696e+00
  3.32488884e+02] 9.509318777532545
[-3.22658462e+00  1.49941348e-01 -9.94465371e-03  8.97998574e+00
  3.30018751e+02] 8.981242961934512
[-3.14580281e+00 -1.29168137e-01  7.13047596e-02  8.79985311e+00
  3.29168611e+02] 8.80108990309471
[-3.14755398e+00  3.44352991e-01  2.57853889e-02  8.96360315e+00
  3.29657482e+02] 8.970252241346177
[-3.07986646e+00 -1.24589195e-01 -1.67495893e-01  8.88559553e+00
  3.29460264e+02] 8.888047321271827
[-3.22974296e+00 -3.04400760e-01  1.77255610e-01  8.94283054e+00
  3.28878269e+02] 8.949765217707915
[-3.20631824e+00  3.48310379e-01 -3.86306335e-02  9.00602142e+00
  3.31071100e+02] 9.012837196785796
[-3.11695587e+00 -1.40341549e-01 -9.14731894e-02  9.28548888e+00
  3.33487253e+02] 9.286999881131157
[-3.12526472e+00 -5.84754014e-02  2.90228608e-01  8.99428825e+00
  3.31454102e+02] 8.99915958267698
[-3.09135699e+00 -7.53796274e-02 -2.16203995e-01  8.98107513e+00
  3.28258231e+02] 8.983993363077522
[-3.16926607e+00 -1.31409276e-01  5.77358843e-02  8.90448797e+00
  3.29775500e+02] 8.905644713490206
[-3.11108185e+00 -2.68939468e-02 -3.77638106e-02  8.81128966e+00
  3.29370363e+02] 8.8114116304438
[-3.20408909e+00  8.75452392e-02 -1.04919482e-01  9.07438263e+00
  3.26348477e+02] 9.075411413188274
[-3.07432348e+00 -2.95652688e-02  1.30263985e-02  8.86252229e+00
  3.30252942e+02] 8.862581175528444
[-3.19799963e+00 -2.16197929e-01  9.07670276e-02  9.11075347e+00
  3.31820049e+02] 9.1137702979274
[-3.15072204e+00 -6.32777126e-03  9.57028550e-02  8.92257539e+00
  3.29312533e+02] 8.923090867604968
[-3.12077190e+00  1.52716108e-01 -1.67912557e-02  9.43166060e+00
  3.34473724e+02] 9.432911842840387
[-3.17507268e+00 -2.98841492e-01 -1.34341321e-03  8.99082118e+00
  3.28971363e+02] 8.995786431367339
[-3.21038093e+00 -7.63441802e-02 -1.13293816e-03  8.83553558e+00
  3.27845663e+02] 8.835865479222516
[-3.22783396e+00  5.79856836e-02  8.26343281e-03  8.99590919e+00
  3.29262895e+02] 8.996099869197897
[-3.19903354e+00 -2.37399367e-01  4.37582722e-02  9.10087016e+00
  3.30986891e+02] 9.10407111903139
[-3.19795251e+00 -3.59001388e-02 -1.68394982e-01  8.77804618e+00
  3.28133830e+02] 8.77973464043078
[-3.16866517e+00 -2.84599953e-01 -1.31495050e-01  8.95787153e+00
  3.28254721e+02] 8.963355981771452
[-3.11071753e+00  1.71605469e-01 -1.39560872e-01  9.21038411e+00
  3.34369694e+02] 9.213039730992051
[-3.17231499e+00 -8.63025403e-02  2.52453055e-01  8.85038828e+00
  3.29893669e+02] 8.854408696975202
[-3.18535803e+00  3.22591886e-01  3.40213434e-02  9.19804888e+00
  3.32560968e+02] 9.203766959331007
[-3.16542221e+00  1.07195479e-01  5.89065351e-02  9.11699633e+00
  3.30920933e+02] 9.117816782600638
[-3.23411697e+00  1.16705881e-01  2.97752605e-02  9.25127424e+00
  3.33097454e+02] 9.252058247915
[-3.16621220e+00  2.69488421e-01 -2.33840659e-02  9.35570722e+00
  3.33513222e+02] 9.359616889604828
[-3.24376601e+00  9.50937274e-02  2.00183607e-01  9.36409258e+00
  3.31586994e+02] 9.366714803278423
[-3.17251602e+00 -1.32615730e-01  1.10936615e-01  9.09323381e+00
  3.31186434e+02] 9.094877405838885
[-3.20680027e+00  5.24393116e-02 -9.91789617e-02  9.39322203e+00
  3.32002069e+02] 9.393891979083865
[-3.33570197e+00 -4.23415140e-03  2.18321971e-01  9.09129145e+00
  3.27849919e+02] 9.0939134961039
[-3.19178408e+00 -2.41694792e-01  8.14062254e-02  8.83751033e+00
  3.28536859e+02] 8.841189521303345
[-3.18412683e+00 -1.51978140e-01 -1.23789206e-01  9.01352224e+00
  3.31541584e+02] 9.015653290620094
[-3.05649176e+00 -1.23412611e-01  2.46343375e-02  8.96382232e+00
  3.29380273e+02] 8.964705687595918
[-3.13432309e+00 -2.42685920e-02  1.47609324e-01  8.95977749e+00
  3.28340042e+02] 8.96102617568256
[-3.15329954e+00  3.24967440e-01  1.52430287e-01  9.11522201e+00
  3.31189871e+02] 9.122286503563117
[-3.19302801e+00 -2.12231766e-01  1.25929217e-01  8.87491289e+00
  3.29697036e+02] 8.878343278465485
[-3.18814943e+00  1.92175622e-01 -1.33265439e-01  9.03831018e+00
  3.31693206e+02] 9.041335188506064
[-3.13625461e+00 -1.62895521e-01  1.32714047e-01  8.89771970e+00
  3.29431649e+02] 8.900200214767489
[-3.12458252e+00  6.58266606e-02  2.28639247e-01  9.11105804e+00
  3.31974944e+02] 9.114164123691385
[-3.18221760e+00  1.33805703e-01 -2.42612905e-01  8.87913622e+00
  3.26476125e+02] 8.883457938982174
[-3.24104239e+00  1.19926199e-01 -7.27418852e-03  9.19709258e+00
  3.29657023e+02] 9.19787732113993
[-3.24436384e+00  1.02763879e-01 -7.10535472e-02  9.16778871e+00
  3.29311016e+02] 9.168639970267725
[-3.17925548e+00 -1.15596976e-01  2.99037957e-02  8.84789053e+00
  3.28090042e+02] 8.848696160785666
[-3.12716888e+00 -4.31880381e-02 -1.36292317e-01  9.06175011e+00
  3.32850361e+02] 9.062877905049056
[-3.18034761e+00  1.30590974e-01 -3.36653467e-02  8.83858478e+00
  3.28471139e+02] 8.83961357671999
[-3.15958299e+00  1.74315734e-01 -5.13332968e-02  9.21607289e+00
  3.32185332e+02] 9.217864205492896
[-3.13786404e+00  2.40399367e-02  2.98703906e-01  9.22556119e+00
  3.34532670e+02] 9.230426926085464
[-3.11600257e+00 -5.92233066e-02  1.75453563e-01  9.27381301e+00
  3.32260159e+02] 9.27566164826135
[-3.16008321e+00  2.18423582e-01  7.50957739e-02  8.81578672e+00
  3.28116124e+02] 8.818811926962177
[-3.17538443e+00  2.02681098e-02 -1.52813887e-01  9.21322144e+00
  3.33153849e+02] 9.214510955474797
[-3.14920386e+00 -2.38457799e-01  2.68446241e-02  8.81643954e+00
  3.28349110e+02] 8.819704586987037
[-3.10428518e+00  7.56049989e-02 -6.97087267e-02  8.75112507e+00
  3.28241462e+02] 8.751729281839348
[-3.25730235e+00 -2.27701809e-01  3.54995229e-02  9.64034263e+00
  3.33747394e+02] 9.64309672253307
[-3.08959703e+00  1.97715670e-01  1.48503805e-01  8.85970521e+00
  3.29175331e+02] 8.863155265920422
[-3.07546787e+00 -4.02892233e-02 -2.47545616e-01  8.85290925e+00
  3.30926627e+02] 8.856461156529766
[-3.13584555e+00  2.78755284e-01  2.51272234e-02  8.86991729e+00
  3.29421025e+02] 8.874332010570658
[-3.18363741e+00  6.99916890e-02  7.00156253e-02  9.18292079e+00
  3.30048948e+02] 9.183454425077386
[-3.08782089e+00  1.61322846e-01  4.69135647e-02  8.73972107e+00
  3.30432314e+02] 8.741335726771945
[-3.18240775e+00  2.19008264e-01 -2.92350825e-01  9.00968126e+00
  3.31657772e+02] 9.017083229029419
[-3.16814576e+00  3.06044699e-02  6.35513697e-02  8.97842951e+00
  3.31060900e+02] 8.978706581928082
[-3.14009443e+00 -7.56576063e-02  3.12531104e-01  9.10661376e+00
  3.30442969e+02] 9.112289172912684
[-3.13286062e+00  6.99998170e-02 -6.12115098e-02  9.04718538e+00
  3.32280681e+02] 9.047663236356831
[-3.15311134e+00 -2.35808723e-02 -2.61866453e-01  9.17926769e+00
  3.31891265e+02] 9.183032478257731
[-3.23058021e+00 -1.52686461e-01 -2.92311731e-02  9.23112247e+00
  3.32137686e+02] 9.232431404838268
[-3.19336424e+00 -1.37363742e-02  3.57117168e-01  9.18323277e+00
  3.31509873e+02] 9.190184188720401
[-3.23733473e+00 -2.20804412e-01  7.25746072e-03  9.17392264e+00
  3.32112925e+02] 9.176582360958154
[-3.18455080e+00  1.54103301e-01  3.64371306e-02  9.01937759e+00
  3.29075021e+02] 9.02076757767362
[-3.10010082e+00  2.42307065e-02 -9.86240999e-02  9.14673362e+00
  3.30908715e+02] 9.147297400160156
[-3.14348462e+00  1.90128215e-01 -4.55716517e-02  9.10880539e+00
  3.31276372e+02] 9.110903421883622
[-3.19596568e+00  3.56363261e-01  1.75211782e-02  8.95018624e+00
  3.28699633e+02] 8.957295100526352
[-3.17836328e+00  2.19496489e-01 -6.98038933e-02  8.94467244e+00
  3.29405103e+02] 8.947637468213522
[-3.15168296e+00  1.39119906e-01 -5.81023898e-03  9.03905859e+00
  3.29309703e+02] 9.04013098856307
[-3.13427569e+00  9.50898344e-02 -4.33881834e-02  9.10530635e+00
  3.30966684e+02] 9.105906237688867
[-3.12812790e+00  1.80484284e-01 -7.31964557e-02  9.01031635e+00
  3.30969986e+02] 9.012421046103015
[-3.24566622e+00  9.16107852e-02  3.38671412e-01  9.40552731e+00
  3.31920331e+02] 9.412068570870295
[-3.20339458e+00  5.23500598e-02  3.75907059e-01  9.14770519e+00
  3.30671107e+02] 9.155575177886584
[-3.14811035e+00 -1.10476182e-01 -1.27587590e-01  9.05942009e+00
  3.31257622e+02] 9.060991996354463
[-3.15308604e+00  9.14562174e-02  1.60224110e-01  9.13893608e+00
  3.32114157e+02] 9.140798029885996
[-3.21888420e+00  9.81866471e-02  3.72154144e-01  9.15306690e+00
  3.30736510e+02] 9.161155655527748
[-3.19870330e+00 -1.10887518e-01 -1.59969734e-01  9.33871236e+00
  3.32502888e+02] 9.340740594803803
[-3.17439894e+00  1.66567775e-01 -1.11401901e-01  8.98564319e+00
  3.30098901e+02] 8.987877325337257
[-3.20412503e+00  1.75235284e-01  2.22407947e-03  9.20669247e+00
  3.32252041e+02] 9.208360256680837
[-3.08256889e+00  1.29253796e-02 -2.00895214e-01  9.11505354e+00
  3.31727127e+02] 9.117276294884803
[-3.25802614e+00 -3.29842396e-02  2.68013255e-01  8.95356545e+00
  3.29933576e+02] 8.95763659588675
[-3.15887932e+00  7.84977126e-02 -1.17759967e-01  9.10296905e+00
  3.30313718e+02] 9.10406913299894
[-3.13624045e+00 -5.76364594e-02  2.14384996e-01  9.22913735e+00
  3.30395771e+02] 9.23180692313606
[-3.18774132e+00  5.80712901e-02 -2.17612695e-01  8.67872986e+00
  3.28138556e+02] 8.681651894734868
[-3.21931886e+00  2.39764149e-01 -1.81022930e-02  9.18578851e+00
  3.32019714e+02] 9.188934930924143
[-3.19625859e+00 -4.27350862e-01 -8.11509401e-02  8.92792300e+00
  3.27867623e+02] 8.938513489756751
[-3.13712042e+00  2.76431463e-02 -7.24936886e-02  9.11817540e+00
  3.30997314e+02] 9.118505478980477
[-3.08996976e+00  6.85811150e-02  1.21917474e-01  8.54016129e+00
  3.26483368e+02] 8.541306811137437
[-3.13795790e+00  2.75342391e-02  1.10289521e-01  8.87749790e+00
  3.29523044e+02] 8.878225661976284
[-3.20742059e+00 -2.65642793e-01 -1.44734372e-01  8.88607915e+00
  3.29097069e+02] 8.891226958136228
[-3.20411077e+00 -7.85343613e-02  1.65541057e-01  9.14026254e+00
  3.29189651e+02] 9.142098812861393
[-3.17018649e+00  2.42018241e-02  1.86732698e-03  9.06737536e+00
  3.31367216e+02] 9.067407855343564
[-3.16627087e+00 -1.51168863e-01 -4.79114116e-02  9.04108513e+00
  3.30141903e+02] 9.042475758975979
[-3.12787300e+00  1.90568844e-01  8.13946963e-02  9.08923777e+00
  3.32360504e+02] 9.091599684217492
[-3.11902607e+00  1.94272083e-01 -2.74868373e-02  8.98525612e+00
  3.33283896e+02] 8.987398108724012
[-3.17234796e+00 -5.12669820e-02 -1.41055444e-01  8.96234074e+00
  3.28138374e+02] 8.963597299015305
[-3.22446480e+00 -1.87980520e-01  1.21391371e-01  9.15738600e+00
  3.32351145e+02] 9.16011958682096
[-3.13998273e+00 -1.40972330e-01 -5.67811418e-03  8.94324417e+00
  3.31418430e+02] 8.944356979809207
[-3.19930339e+00  3.48058091e-01  4.81556693e-02  9.01205084e+00
  3.27129537e+02] 9.018898149348113
[-3.21113908e+00 -1.86268197e-01 -1.45139421e-01  9.31061691e+00
  3.32858313e+02] 9.313610929053716
[-3.10644917e+00 -2.25566519e-01  1.98236526e-01  8.89495606e+00
  3.33364381e+02] 8.900023664724248
[-3.07612258e+00  5.16003942e-02  2.10869810e-01  9.23280454e+00
  3.33516652e+02] 9.235356427160713
[-3.15940271e+00 -1.41130091e-01 -2.05839040e-01  9.04311644e+00
  3.32394116e+02] 9.046559700213114
[-3.14895314e+00  1.46495923e-01  4.73208143e-02  9.17435782e+00
  3.29022805e+02] 9.175649385256152
[-3.16852078e+00  6.33933010e-02 -5.69123267e-02  9.19641325e+00
  3.31158004e+02] 9.196807838368382
[-3.27702284e+00 -1.52687461e-01  4.38732519e-02  9.10956732e+00
  3.28678391e+02] 9.110952475418742
[-3.24887418e+00 -2.94196620e-01 -2.99705193e-03  9.49139071e+00
  3.33588806e+02] 9.495949573794126
[-3.26462406e+00  1.69007885e-01  7.40610089e-02  9.12787647e+00
  3.30274819e+02] 9.129741376612614
[-3.12827774e+00  1.26989742e-02  2.30260980e-01  9.03179083e+00
  3.31408958e+02] 9.034734472808147
[-3.15658491e+00 -1.21506190e-02  2.88853484e-02  9.26650601e+00
  3.29961197e+02] 9.266558992574764
[-3.20171652e+00 -1.17720583e-01  1.69332926e-02  9.00232078e+00
  3.31063321e+02] 9.003106365840724
[-3.19033273e+00  2.33394949e-01 -4.02257241e-02  9.12950787e+00
  3.32167590e+02] 9.132579331839697
[-3.17663601e+00 -2.50007434e-02 -2.39136466e-01  9.31143979e+00
  3.33471021e+02] 9.314543591912054
[-3.21529738e+00 -1.20702420e-01  5.58426108e-02  9.18509646e+00
  3.30008615e+02] 9.186059246401193
[-3.12862917e+00 -3.42411551e-02 -1.45935722e-01  9.24259188e+00
  3.32344018e+02] 9.243807349577374
[-3.14800952e+00 -1.22703608e-01 -2.74990244e-01  8.94945886e+00
  3.27592263e+02] 8.954523420265852
[-3.12462131e+00 -2.41119390e-01  3.53522706e-01  9.12491265e+00
  3.31334605e+02] 9.134941036360889
[-3.10183723e+00 -7.04554733e-02  5.51134499e-02  8.98714163e+00
  3.30411597e+02] 8.987586783357807
[-3.21656523e+00 -1.82576711e-01 -9.05223527e-02  8.97444031e+00
  3.28644876e+02] 8.97675372231616
[-3.13812767e+00 -8.38192948e-02  1.49784946e-01  9.25258422e+00
  3.32665221e+02] 9.254176134334813
[-3.22036365e+00  1.36853097e-01  1.77481836e-01  9.04121213e+00
  3.32835344e+02] 9.043989460736658
[-3.22017980e+00 -1.13694388e-02  8.34477524e-03  9.22136471e+00
  3.29820079e+02] 9.221375499102132
[-3.22146216e+00  1.15553082e-01 -6.71090468e-02  8.80550593e+00
  3.29432132e+02] 8.806519789641957
[-3.22808612e+00 -1.24577503e-03  1.19314953e-01  9.08910996e+00
  3.29707885e+02] 9.089893146711356
[-3.23205472e+00 -8.58791154e-02  1.56059331e-02  9.22707127e+00
  3.32353525e+02] 9.227484106738144
[-3.22608621e+00 -7.47614584e-02  1.29689412e-01  9.04244448e+00
  3.28689046e+02] 9.043683474026277
[-3.17411066e+00 -5.55675866e-02  2.15141654e-01  9.02489289e+00
  3.31775489e+02] 9.027627893618796
[-3.22230881e+00  1.87484019e-01  3.13077307e-01  9.17214228e+00
  3.33070132e+02] 9.179398762396186
[-3.20897370e+00  1.29527975e-01  2.46395369e-01  8.88267925e+00
  3.29453206e+02] 8.887039933549413
[-3.19682599e+00  5.94678934e-02 -4.03396273e-01  9.04633784e+00
  3.30899514e+02] 9.055522805415249
[-3.20735628e+00  1.41217069e-01 -1.83974112e-01  9.17780693e+00
  3.30998546e+02] 9.180736835075004
[-3.10285906e+00 -1.36955239e-01  9.19008269e-02  8.75383632e+00
  3.30189391e+02] 8.755389931107748
[-3.19945187e+00 -5.64399070e-02  1.06510737e-01  9.32716725e+00
  3.32444529e+02] 9.32794612816291
[-3.14918280e+00  4.28583801e-01 -2.22019753e-01  9.20719220e+00
  3.31067371e+02] 9.219835409341014
[-3.23167687e+00  8.09639968e-02 -2.57480992e-02  8.90321100e+00
  3.28648094e+02] 8.903616358655599
[-3.29420687e+00 -1.47142974e-01 -3.79647144e-02  9.21749992e+00
  3.29473257e+02] 9.218752473695666
[-3.26439925e+00 -1.02086473e-01 -9.89105591e-02  9.26625630e+00
  3.33669629e+02] 9.267346478048506
[-3.09189742e+00  5.13430127e-02 -2.24774965e-01  9.10660616e+00
  3.33281948e+02] 9.109524451202756
[-3.26908542e+00 -5.20368904e-02  2.77640866e-01  9.17818202e+00
  3.29382234e+02] 9.18252783397321
[-3.22343784e+00  2.33008159e-01 -3.08502685e-02  9.25714384e+00
  3.31309434e+02] 9.260127245629217
[-3.17134544e+00  7.43756972e-04  5.78239166e-02  9.18738647e+00
  3.29370356e+02] 9.18756846420052
[-3.22660024e+00  2.55252014e-02 -1.63447299e-01  9.04833546e+00
  3.29972491e+02] 9.04984757518342
[-3.13444488e+00  3.17977009e-02  2.73026845e-02  9.27182937e+00
  3.32657671e+02] 9.271924091651364
[-3.24208256e+00  1.02987574e-01 -1.11743925e-01  9.27722090e+00
  3.32395493e+02] 9.278465431605886
[-3.06738236e+00  1.68825613e-01  1.15785177e-01  8.83752897e+00
  3.31469445e+02] 8.839899695012962
[-3.21831453e+00  1.59546762e-01  2.43602501e-02  9.26472043e+00
  3.30287876e+02] 9.266126115240489
[ -3.20055388   0.36524291   0.36461604   9.08515618 331.56432439] 9.099802745973925
[-3.19178023e+00  2.47670864e-01  8.08290549e-02  9.16771742e+00
  3.31385630e+02] 9.171418479325283
[-3.18875367e+00 -2.55552572e-01  8.97549857e-02  9.17536586e+00
  3.32307437e+02] 9.17936281536506
[-3.17125129e+00 -1.90695298e-01  4.70642684e-02  8.96986449e+00
  3.32208876e+02] 8.97201475156246
[-3.20645316e+00  2.69220513e-01 -2.53638354e-01  9.11804262e+00
  3.30255036e+02] 9.125541814603087
[-3.08087746e+00  2.64383646e-03 -1.35737395e-01  9.05698331e+00
  3.32157570e+02] 9.058000791179351
[-3.12258799e+00  9.03095447e-02  6.80819745e-02  9.21199283e+00
  3.30622003e+02] 9.212687060408957
[-3.01572498e+00 -1.91013943e-01  3.19332821e-01  9.18716410e+00
  3.32962482e+02] 9.194696514042038
[-3.16452770e+00 -1.24037032e-01  1.46721174e-01  9.19006299e+00
  3.32015639e+02] 9.192071041449513
[-3.20332601e+00 -4.94222416e-02 -8.71747611e-02  9.04381554e+00
  3.28932498e+02] 9.044370713154724
[-3.21424953e+00 -2.59544743e-02 -1.87915445e-01  9.12688449e+00
  3.29924376e+02] 9.128855697747257
[-3.09782693e+00 -4.32593102e-02 -1.80747862e-01  9.13827294e+00
  3.31507371e+02] 9.14016265733188
[-3.26328142e+00 -2.30740285e-02  2.25442632e-01  9.06404460e+00
  3.28630560e+02] 9.066877150292402
[-3.18732565e+00  2.32318002e-01  2.08904704e-01  9.22175403e+00
  3.32199613e+02] 9.227045042283036
[-3.06923444e+00  1.45200460e-01 -3.51101737e-01  8.97114418e+00
  3.31733327e+02] 8.979186127958414
[-3.21654696e+00 -3.22273325e-02 -7.90554077e-02  9.26710462e+00
  3.29293593e+02] 9.267497849475198
[-3.20743137e+00 -2.00723485e-01 -8.75815510e-02  9.15654337e+00
  3.31250549e+02] 9.159161911727725
[-3.22774744e+00 -1.51409866e-01 -7.50792492e-02  8.85559940e+00
  3.29703818e+02] 8.857211899631592
[-3.19995594e+00 -1.24241780e-01 -1.89551941e-01  9.06827542e+00
  3.28749043e+02] 9.071107153603958
[-3.16484381e+00 -3.64683887e-01  2.71723647e-02  8.88902692e+00
  3.28427917e+02] 8.896546088306565
[-3.22201314e+00  7.98216236e-03  2.70581216e-02  8.95004127e+00
  3.29450011e+02] 8.950085732962194
[-3.17927500e+00 -2.88637311e-02  1.64856153e-02  9.34590528e+00
  3.34226628e+02] 9.345964392506817
[-3.18479766e+00 -1.91608280e-03  1.76218177e-01  9.32449784e+00
  3.33465455e+02] 9.32616300618165
[-3.02075755e+00 -1.51920774e-02 -1.39277895e-01  9.10675112e+00
  3.32808155e+02] 9.107828781617739
[-3.18615790e+00  1.58957700e-01  1.87633867e-01  9.18845350e+00
  3.30934498e+02] 9.191743674387254
[-3.17178744e+00  1.28648120e-01 -1.15958665e-01  9.23405417e+00
  3.32026028e+02] 9.23567827629837
[-3.14414313e+00  3.34148638e-01  4.77425045e-02  8.86013293e+00
  3.28601930e+02] 8.866560225383658
[-3.15668990e+00  1.72684200e-01  9.10754637e-02  9.01257185e+00
  3.31607329e+02] 9.014686124960221
[-3.14508600e+00 -4.05593986e-01 -3.42280146e-02  9.09980230e+00
  3.31096614e+02] 9.108901135548477
[-3.11835157e+00 -1.32078755e-01  1.14826153e-02  8.79271516e+00
  3.27966327e+02] 8.793714605762203
[-3.21061930e+00 -3.18731884e-01  1.35224305e-02  8.87802768e+00
  3.30631361e+02] 8.883757555386609
[-3.17663171e+00  9.84334235e-02 -8.61755223e-02  9.20686925e+00
  3.31491436e+02] 9.207798694225446
[-3.21874300e+00  7.88076561e-02 -2.10793409e-01  9.02212905e+00
  3.27693997e+02] 9.02493529630116
[-3.19134622e+00  4.70709763e-02  1.60105175e-01  8.85707550e+00
  3.29499945e+02] 8.8586475142365
[-3.07124314e+00 -1.00797806e-01 -5.49923834e-02  8.82546963e+00
  3.28478935e+02] 8.826216546103247
[-3.17068229e+00  5.01762954e-02 -1.45274937e-01  9.17849528e+00
  3.31305561e+02] 9.179782023045618
[-3.15358797e+00 -2.48230941e-01  2.05344580e-01  8.90832704e+00
  3.32884758e+02] 8.914150307662824
[-3.21192967e+00 -1.23289144e-02 -4.91037930e-02  8.89904009e+00
  3.30790277e+02] 8.899184106085357
[-3.10295863e+00  6.38730982e-02 -1.47691956e-01  9.17936437e+00
  3.32454757e+02] 9.180774639366769
[-3.27545482e+00  1.77954640e-01 -2.09516305e-04  9.04303484e+00
  3.32479905e+02] 9.044785623126838
[-3.13955670e+00 -5.01683907e-02 -1.04088271e-01  8.93857565e+00
  3.29249482e+02] 8.939322448145692
[-3.18937395e+00 -3.39275875e-02 -7.48027444e-02  8.96768749e+00
  3.28836053e+02] 8.96806364449063
[-3.23332303e+00  2.48819949e-01  1.33399758e-01  8.91858152e+00
  3.28125477e+02] 8.923048980668176
[-3.09463324e+00  1.93936757e-01  8.25890131e-02  8.90001453e+00
  3.30371552e+02] 8.9025103806104
[-3.10404107e+00 -1.70046207e-01 -2.77430587e-02  9.42973409e+00
  3.34144613e+02] 9.431307991005989
[-3.10398661e+00  9.48817360e-02 -1.55033134e-01  8.93035661e+00
  3.30794476e+02] 8.932206162780394
[-3.28032174e+00  8.32396845e-02  2.48705719e-01  9.38303898e+00
  3.31066154e+02] 9.386703571472378
[-3.12905009e+00 -8.85873064e-02 -1.38892681e-01  9.04238661e+00
  3.30868053e+02] 9.04388713309207
[-3.13695251e+00 -5.66671241e-02  1.96269625e-01  8.94798207e+00
  3.29516303e+02] 8.950313740523518
[-3.16977165e+00 -1.59819935e-01 -1.85121208e-01  8.99473513e+00
  3.28548870e+02] 8.998059360045476
[-3.25507817e+00  2.48332070e-01 -1.16841845e-02  9.10690148e+00
  3.29230622e+02] 9.110294172753955
[-3.19824581e+00 -7.62812533e-02 -8.35427778e-02  9.11603635e+00
  3.31320669e+02] 9.116738280796667
[-3.17760591e+00  1.64901183e-01  2.33973788e-01  9.06442526e+00
  3.31153778e+02] 9.068943786954964
[-3.16370736e+00 -1.58192164e-01  1.48959303e-01  9.20086470e+00
  3.34113214e+02] 9.203430057069511
[-3.19388665e+00  7.45736672e-03 -6.70070525e-02  8.88828502e+00
  3.28955546e+02] 8.88854072315936
[-3.13409517e+00 -1.38882668e-01 -2.35126388e-01  9.20237388e+00
  3.33394877e+02] 9.206424812988704
[-3.31531886e+00 -1.25501078e-01  7.92178793e-02  9.46918565e+00
  3.31944686e+02] 9.470348611031465
[-3.20555598e+00  5.67821176e-02  3.33148571e-01  9.28503913e+00
  3.32814565e+02] 9.291187431793151
[-3.20546064e+00 -2.01834931e-01  1.38855029e-01  9.22098602e+00
  3.31618067e+02] 9.224239871077513
[-3.09842678e+00  1.67374996e-01  7.32593140e-02  9.14528247e+00
  3.33337107e+02] 9.147107341681444
[-3.15527845e+00 -6.25326680e-03 -2.11044380e-01  9.33157205e+00
  3.33678773e+02] 9.33396034756422
[-3.17187919e+00 -1.91073110e-01 -2.12016778e-01  8.77906841e+00
  3.29493634e+02] 8.783706636496047
[-3.21888510e+00  1.40911516e-01  1.23115177e-01  9.20413212e+00
  3.34259949e+02] 9.20603397616616
[-3.24131139e+00  1.22958489e-01 -5.63690914e-02  8.83022209e+00
  3.28359677e+02] 8.83125803511918
[-3.19174203e+00  7.20189499e-02 -1.26296366e-01  9.36475891e+00
  3.31532323e+02] 9.365887409740914
[-3.17862921e+00 -9.51802012e-02 -3.76097643e-02  9.40160512e+00
  3.33417095e+02] 9.402162122443144
[-3.21043586e+00 -1.34729574e-01  2.13496755e-03  9.19399877e+00
  3.33376310e+02] 9.19498613215951
[-3.15873431e+00  2.44092031e-01 -6.53433436e-02  9.14104691e+00
  3.32671010e+02] 9.144538765170577
[-3.18126456e+00  2.31607399e-01 -2.48508589e-01  8.90972673e+00
  3.29297674e+02] 8.916200362543757
[-3.11667237e+00 -2.32840711e-01  9.07968282e-02  9.21990318e+00
  3.33945900e+02] 9.223289730126577
[-3.10895703e+00 -5.80755897e-02 -3.07866669e-01  9.06607838e+00
  3.30837884e+02] 9.07149006164369
[-3.12287021e+00  1.10531492e-01 -1.33137958e-01  9.21445027e+00
  3.33131244e+02] 9.216074907006627
[-3.19789149e+00  6.49611973e-03  4.97619762e-02  9.04617986e+00
  3.28163262e+02] 9.046319057269901
[-3.21013941e+00  1.11871769e-01  5.03178622e-02  9.32303223e+00
  3.34278140e+02] 9.323839182293055
[-3.16153910e+00  6.04823568e-02 -2.69090237e-01  8.89654586e+00
  3.29962574e+02] 8.900819953725529
[-3.16396151e+00  2.09125407e-01  2.05870850e-01  9.22300942e+00
  3.29962807e+02] 9.227676795409952
[-3.13994710e+00 -2.10691689e-01  1.44493173e-01  9.14824676e+00
  3.31648616e+02] 9.151813372502223
[-3.19835408e+00  1.16099733e-01 -1.34920342e-01  8.82780016e+00
  3.26328549e+02] 8.829594463817605
[-3.18601144e+00 -1.68661983e-01 -1.48403136e-01  9.16545640e+00
  3.28526302e+02] 9.168209275644744
[-3.16242492e+00 -2.37529162e-02 -3.62206049e-01  8.90392379e+00
  3.27645080e+02] 8.911319561710046
[-3.15904255e+00  2.95783103e-01  3.47881516e-01  9.19984781e+00
  3.31766197e+02] 9.211173047933285
[-3.11765228e+00 -1.05943931e-01 -1.86880438e-01  9.15175264e+00
  3.31202179e+02] 9.154273581598911
[-3.11624678e+00 -1.64460081e-01  1.04682813e-01  9.09492696e+00
  3.31967680e+02] 9.097016107036993
[-3.15819230e+00 -4.98712866e-02 -2.00409279e-01  8.92345883e+00
  3.29168785e+02] 8.925848334379994
[-3.17878043e+00 -1.53049415e-01  1.46333800e-02  8.99481649e+00
  3.31817267e+02] 8.996130391804714
[-3.10996373e+00 -9.38009665e-02 -2.69214094e-01  8.66939458e+00
  3.27594236e+02] 8.674080769102542
[-3.15831037e+00 -2.11829511e-01  2.69676978e-01  8.98462419e+00
  3.31054307e+02] 8.99116617464913
[-3.17260322e+00 -3.25827266e-02 -2.35277468e-01  8.87635851e+00
  3.29446075e+02] 8.879535879366978
[-3.16535511e+00  3.09539843e-01  6.57658420e-02  9.38610425e+00
  3.33430217e+02] 9.391437222577263
[-3.18829771e+00  9.79879314e-02  4.64914862e-02  9.21659731e+00
  3.30106344e+02] 9.217235437989146
[-3.16297664e+00  3.83397827e-02 -1.59263546e-01  8.78652326e+00
  3.27122520e+02] 8.788050171858885
[-3.06574646e+00  1.44043364e-01 -2.58307202e-01  9.04982481e+00
  3.30374647e+02] 9.054656267144297
[-3.18767937e+00  8.93260385e-02 -7.48943571e-02  8.83682966e+00
  3.28938804e+02] 8.837598476503475
[-3.11621879e+00  4.33937656e-03  1.78444008e-01  8.78737332e+00
  3.29920043e+02] 8.789186021127232
[-3.12234234e+00 -5.15322041e-02  5.61838239e-02  8.98492696e+00
  3.30721942e+02] 8.985250393307549
[-3.14445961e+00 -1.14170477e-01  1.09557338e-01  8.97456548e+00
  3.31703111e+02] 8.975960296922672
[-3.16455060e+00  5.54560205e-02  1.04435985e-01  9.31811525e+00
  3.32060996e+02] 9.318865490961047
[-3.19192790e+00  3.56426282e-01 -3.23801845e-01  9.05103290e+00
  3.33357502e+02] 9.063833836044822
[-3.22795398e+00 -2.44341774e-01 -9.88330821e-02  8.94770743e+00
  3.29805754e+02] 8.951588635237753
[-3.17963113e+00  1.05077701e-01  1.59116533e-01  9.47581402e+00
  3.34503428e+02] 9.47773236628462
[-3.22624873e+00  2.83645242e-02  1.07893298e-01  9.09025304e+00
  3.29187573e+02] 9.090937569410622
[-3.14199723e+00  9.95106317e-02  6.30937946e-02  9.15512827e+00
  3.30181912e+02] 9.155886461035694
[-3.16842304e+00  8.74911350e-02  1.03194280e-01  9.25849929e+00
  3.31747554e+02] 9.259487716416118
[-3.13993771e+00  8.21838795e-02  1.15417584e-03  8.77429169e+00
  3.28169815e+02] 8.77467664512932
[-3.13924747e+00 -2.65048250e-01 -2.36040068e-01  9.05381655e+00
  3.30935395e+02] 9.06077036155005
[-3.23430960e+00 -1.95322891e-01  4.76115168e-02  9.29718202e+00
  3.33187430e+02] 9.299355434176489
[-3.19210841e+00 -2.00677568e-01 -2.13853096e-01  9.08328397e+00
  3.29724528e+02] 9.088016962286277
[-3.15545921e+00  1.96044457e-01 -1.63762906e-03  9.12482601e+00
  3.30998956e+02] 9.126931895516716
[-3.15299504e+00 -2.00328499e-01 -1.38582315e-01  9.36592978e+00
  3.32560420e+02] 9.369096929312706
[-3.22453038e+00 -1.36323820e-01  1.70813795e-02  9.24980811e+00
  3.30549108e+02] 9.250828394460584
[-3.09943323e+00  2.00774432e-01 -2.76852712e-01  9.01291025e+00
  3.30900485e+02] 9.019396268231228
[-3.14624520e+00  2.06701192e-01  2.84178822e-02  8.86771075e+00
  3.29058618e+02] 8.870164988334112
[-3.20867502e+00 -8.10797195e-02 -1.74371872e-01  8.92651649e+00
  3.30102110e+02] 8.928587574449109
[-3.24281420e+00 -4.66169323e-02  1.82278853e-01  9.07914005e+00
  3.29311682e+02] 9.081089294038092
[-3.19640384e+00  1.12880729e-02  5.39867557e-01  9.12257237e+00
  3.29935756e+02] 9.138539879159262
[-3.18405773e+00  1.68728678e-01 -1.89411402e-01  9.39960331e+00
  3.33318314e+02] 9.403025495932477
[-3.15568708e+00  1.01475552e-01 -2.12990629e-01  9.31502784e+00
  3.34561747e+02] 9.318015127953885
[-3.19228704e+00  4.03464212e-02  1.62048500e-02  9.24263033e+00
  3.32349056e+02] 9.242732597814674
[-3.22870368e+00 -2.11344208e-01  1.68243599e-01  9.13856537e+00
  3.30739968e+02] 9.142557041961313
[-3.15218612e+00 -3.15713731e-02 -1.93283405e-01  9.14940503e+00
  3.32640374e+02] 9.151500835917615
[-3.20769775e+00 -1.09620905e-01  1.30660266e-01  9.35891019e+00
  3.32473323e+02] 9.360464137498576
[-3.20176228e+00 -8.57126508e-02 -6.73604147e-02  8.93600253e+00
  3.27854594e+02] 8.93666745617061
[-3.18572123e+00 -1.22937267e-01  1.18368191e-02  8.79140534e+00
  3.29115811e+02] 8.792272832037174
[-3.21261903e+00 -1.29582614e-01 -2.62257039e-01  9.14915912e+00
  3.31303691e+02] 9.153834333831194
[-3.18734762e+00 -1.94119650e-02  2.23564660e-01  8.83057198e+00
  3.28913517e+02] 8.833422859746833
[-3.17444733e+00  8.12304994e-02 -4.22624059e-01  9.10741950e+00
  3.32935087e+02] 9.117581888949895
[-3.07395517e+00 -1.97193353e-01  1.57320264e-02  8.91528386e+00
  3.29550684e+02] 8.917478285472894
[-3.19775033e+00 -4.48612269e-02  1.28051564e-01  9.30668311e+00
  3.32391999e+02] 9.307672114003202
[-3.18595694e+00 -1.40995022e-01 -1.36781647e-02  9.23140172e+00
  3.31743345e+02] 9.232488523557352
[-3.16039438e+00 -1.97048624e-01 -1.38688677e-01  9.01255381e+00
  3.29697925e+02] 9.015774446673955
[-3.14621458e+00  3.04408036e-01 -9.41951445e-02  8.96989123e+00
  3.31558313e+02] 8.975549321160864
[-3.18281615e+00 -2.02243898e-01 -2.95430835e-01  9.03658431e+00
  3.29260799e+02] 9.04367391932425
[-3.13915896e+00  1.36950363e-02 -1.84542455e-01  8.93253096e+00
  3.29818129e+02] 8.934447535204791
[-3.20083775e+00  2.83415467e-01 -4.45966683e-02  8.96589996e+00
  3.31022235e+02] 8.970489128184692
[-3.21918145e+00 -2.65730349e-01  1.21999051e-01  9.13787249e+00
  3.31473022e+02] 9.142549430290238
[-3.08486798e+00  2.66152178e-01 -2.11647811e-01  8.96057991e+00
  3.29703157e+02] 8.967029841312462
[-3.21349565e+00 -9.19910678e-02  1.69078752e-01  9.25151319e+00
  3.31519134e+02] 9.253515349773428
[-3.02418848e+00 -1.17249097e-02  3.06933616e-01  9.14316346e+00
  3.32231374e+02] 9.148321360622022
[-3.06654670e+00  4.69794919e-02 -3.86841334e-02  9.02521053e+00
  3.31787041e+02] 9.025415708731156
[-3.17724489e+00 -4.11282821e-02  9.86135607e-02  9.15012577e+00
  3.30414150e+02] 9.15074957599152
[-3.21598561e+00  7.28927994e-02  5.12126786e-02  8.94670217e+00
  3.27644857e+02] 8.947145682809406
[-3.21743943e+00  7.76739653e-02 -1.01039949e-01  9.14339601e+00
  3.29831706e+02] 9.144284166442302
[-3.16613786e+00  1.16053949e-01 -3.77912926e-01  8.85983678e+00
  3.30530047e+02] 8.868652349023842
[-3.27531062e+00  4.01274710e-02  1.83156878e-02  9.09070135e+00
  3.29580863e+02] 9.090808367090174
[-3.16865749e+00  3.66947089e-01  1.73238551e-01  8.91094386e+00
  3.30695707e+02] 8.920178377369172
[-3.13801948e+00  1.50449984e-01 -4.69590269e-02  8.98270739e+00
  3.28764873e+02] 8.984089963944962
[-3.17976253e+00  2.35169422e-01  2.18666494e-02  8.96114142e+00
  3.29985586e+02] 8.96425336005132
[-3.20283370e+00 -2.64218323e-01 -1.84420999e-02  8.96784382e+00
  3.30350371e+02] 8.97175424442859
[-3.17211324e+00 -1.01050500e-01  1.19497194e-01  9.19567980e+00
  3.31613844e+02] 9.19701134758936
[-3.19323961e+00 -1.59665153e-01 -1.44495689e-01  9.29488222e+00
  3.32167288e+02] 9.297376375259786
[-3.16607915e+00 -1.23323308e-01 -1.88518833e-01  9.05877545e+00
  3.30773917e+02] 9.061576058054527
[-3.10595275e+00  1.51513075e-01  1.02353132e-01  8.81071739e+00
  3.28038351e+02] 8.812614441514546
[-3.16238019e+00  1.17347650e-01 -1.35031383e-01  8.84430767e+00
  3.27790686e+02] 8.846116784088688
[-3.13362958e+00  2.51381227e-02 -5.95329321e-03  9.03597990e+00
  3.31836867e+02] 9.036016824853807
[-3.15949602e+00  7.53593991e-02 -1.36496985e-02  8.74661320e+00
  3.29920449e+02] 8.746948486177608
[-3.20722369e+00 -2.86274305e-01  1.62262676e-01  9.08421330e+00
  3.29229976e+02] 9.090171251441646
[-3.19543446e+00 -1.61546319e-01  1.24328084e-01  9.16889033e+00
  3.29808996e+02] 9.171156122736859
[-3.05950496e+00 -1.40688635e-03 -7.23792558e-02  8.96145883e+00
  3.30587915e+02] 8.961751233556738
[-3.26741875e+00  2.00362323e-01  9.89848864e-02  9.30087353e+00
  3.29450957e+02] 9.30355799843435
[-3.17421712e+00  2.15053254e-03 -2.11454128e-02  9.00725907e+00
  3.30607822e+02] 9.007284143396888
[-3.23541720e+00 -6.81965640e-02  2.70465569e-01  9.26316617e+00
  3.31413024e+02] 9.267364780096324
[-3.12124887e+00  6.46979373e-02  1.20631039e-01  8.84754902e+00
  3.30280636e+02] 8.848607878594569
[-3.14626326e+00  4.96213211e-02 -1.82619662e-01  8.78337706e+00
  3.30562432e+02] 8.785415458216315
[-3.22862986e+00 -5.30869657e-02 -5.88032416e-02  9.38876689e+00
  3.34191118e+02] 9.389101120690635
[-3.17186963e+00 -1.11391079e-01  1.46695454e-01  9.02086410e+00
  3.29775044e+02] 9.022744407076223
[-3.13498788e+00  1.99981450e-02  1.67963313e-01  9.09183484e+00
  3.29715384e+02] 9.093408182350334
[-3.25187337e+00 -1.11951530e-01  1.53101917e-01  9.14003815e+00
  3.31168913e+02] 9.142005836963493
[-3.10193570e+00  1.04299361e-01  1.58675449e-01  8.90591418e+00
  3.29378069e+02] 8.907938237518218
[-3.12269119e+00  2.59118717e-01  5.05893075e-02  9.41185648e+00
  3.33679428e+02] 9.415558623502148
[-3.16907149e+00  8.51263502e-02 -1.71707800e-02  8.81594379e+00
  3.31311780e+02] 8.81637149189268
[-3.14998345e+00  4.08233953e-02  1.30994101e-01  8.97658726e+00
  3.31854591e+02] 8.977635814637395
[-3.15982009e+00  3.75446152e-02  1.99252849e-01  9.21830286e+00
  3.30193172e+02] 9.220532460440388
[-3.23232432e+00 -1.61394910e-01 -1.31969400e-01  9.27341034e+00
  3.29765513e+02] 9.275753527585044
[-3.10308330e+00  1.17352801e-01  8.81964289e-03  8.42299481e+00
  3.26034842e+02] 8.423816890105932
[-3.25142966e+00 -1.44032728e-01 -2.26436038e-01  9.01659855e+00
  3.26827782e+02] 9.020591341364172
[-3.19397573e+00  6.88440305e-02  1.32739557e-01  8.99945323e+00
  3.30820379e+02] 9.000695403377287
[-3.22077932e+00  1.67625085e-01 -1.36995142e-01  9.11369662e+00
  3.30648981e+02] 9.116267428904765
[-3.17288132e+00  1.24804626e-01 -3.69002116e-01  9.06907174e+00
  3.32956793e+02] 9.077433608776012
[-3.12583080e+00  7.51306997e-02 -2.99744462e-01  8.95911436e+00
  3.30670516e+02] 8.964442057934907
[-3.22514278e+00  3.49219424e-02  1.77447967e-01  9.45709788e+00
  3.33049086e+02] 9.458826969691732
[-3.18287011e+00  4.42883154e-02 -8.75130339e-02  8.93461445e+00
  3.29464743e+02] 8.93515278998047
[-3.22591109e+00 -1.28996747e-01 -1.64525241e-01  9.06178452e+00
  3.28646484e+02] 9.064195903834229
[ -3.22034532   0.34586361   0.35805326   9.09754996 332.24141613] 9.11116014043155
[-3.20084334e+00 -1.42902662e-01  2.33197977e-01  8.92200574e+00
  3.29588249e+02] 8.926196772258091
[-3.18237486e+00  1.40304394e-01  2.31431488e-01  8.90333241e+00
  3.29686131e+02] 8.907444858199343
[-3.21290126e+00 -1.81046344e-01  2.26163884e-01  9.32983874e+00
  3.33208766e+02] 9.334335473691254
[-3.20115730e+00 -2.29487294e-01  3.16671444e-02  9.12617700e+00
  3.32276398e+02] 9.12911682192775
[-3.17292324e+00  9.28077857e-02  1.28969544e-01  9.22650150e+00
  3.32200492e+02] 9.22786954685117
[-3.10815672e+00  2.33817194e-01 -3.54712298e-01  9.11247809e+00
  3.33410606e+02] 9.122376238914507
[-3.21933009e+00 -5.18582317e-02  6.11454312e-02  8.84961765e+00
  3.26675152e+02] 8.849980821288742
[-3.18559662e+00  1.48546427e-02  3.74664698e-03  9.01119164e+00
  3.31737409e+02] 9.011204663737976
[-3.19782016e+00 -4.02330127e-02  5.92149020e-03  9.17753742e+00
  3.32478198e+02] 9.177627521016738
[-3.22657362e+00 -1.42647500e-01  3.05128476e-01  8.81385071e+00
  3.28995197e+02] 8.820284353253973
[-3.09303591e+00  2.12626123e-02 -8.41490997e-02  8.96354546e+00
  3.29983104e+02] 8.963965664561123
[-3.19723032e+00  7.12133897e-02  1.41604867e-01  9.12551721e+00
  3.29067753e+02] 9.126893644243571
[-3.15438446e+00 -2.68932674e-01 -5.21000160e-03  8.96198229e+00
  3.28754428e+02] 8.966017981681647
[-3.23203260e+00  4.47657146e-02 -1.34725121e-01  9.06726521e+00
  3.30615033e+02] 9.06837654610458
[-3.13641684e+00 -1.19167961e-01 -5.37118744e-02  9.25349391e+00
  3.32106821e+02] 9.254417082912004
[-3.17593541e+00 -6.03694524e-02  8.84628672e-02  8.96193058e+00
  3.31704000e+02] 8.962570493792326
[-3.16561144e+00 -1.00304433e-01  3.48496988e-01  8.87670683e+00
  3.28446859e+02] 8.884111394734301
[-3.15512591e+00 -6.00660634e-02 -7.23713618e-02  8.91062513e+00
  3.31362267e+02] 8.911121463390996
[-3.24427713e+00 -1.33231653e-01  2.02851011e-01  9.14121786e+00
  3.29770751e+02] 9.14443892082103
[-3.15200864e+00  2.78500870e-01 -4.30199330e-02  8.84847396e+00
  3.29381723e+02] 8.85296023215015
[-3.08509654e+00 -6.04781337e-02  1.19722833e-01  8.80921203e+00
  3.31246540e+02] 8.810233127438334
[-3.30398742e+00 -1.94087193e-01 -5.41231359e-02  9.35700641e+00
  3.32469037e+02] 9.359175606281935
[-3.11608297e+00  3.96502330e-02  2.59870687e-01  8.96896126e+00
  3.29682459e+02] 8.972812879915956
[-3.17960684e+00  1.55069878e-01 -1.71444950e-01  8.76150311e+00
  3.29251270e+02] 8.764552287773427
[-3.18936876e+00  2.18163177e-01 -9.29617589e-02  9.11816149e+00
  3.31671043e+02] 9.121244765507255
[-3.20645788e+00  9.32582862e-02 -1.95394570e-01  9.07862033e+00
  3.31595035e+02] 9.081201637387743
[-3.14749535e+00  1.26883758e-01 -2.35578016e-01  9.09171754e+00
  3.30995337e+02] 9.095654148628839
[-3.24097386e+00 -5.06802018e-02 -9.02645945e-02  8.87339016e+00
  3.29592702e+02] 8.873993976284579
[-3.12880430e+00 -1.39060644e-01  3.56768770e-02  9.18336038e+00
  3.31594517e+02] 9.18448248681923
[-3.20814195e+00  4.28826189e-01 -9.65196533e-02  9.09024247e+00
  3.30946658e+02] 9.100863483113667
[-3.13769362e+00  1.66304981e-01  1.22233310e-01  9.12310463e+00
  3.32231243e+02] 9.125438971605682
[-3.16093211e+00  2.11532051e-03 -3.03461779e-01  8.80200759e+00
  3.27938496e+02] 8.807237427630792
[-3.08972186e+00  1.15818549e-01 -5.61368502e-02  8.86379710e+00
  3.30404414e+02] 8.864731482299272
[-3.24843798e+00 -1.20879217e-02 -5.69965384e-02  9.42232771e+00
  3.34294075e+02] 9.422507854226561
[-3.08265481e+00  1.91475685e-01  2.57659749e-01  9.03396971e+00
  3.33203022e+02] 9.039671468215776
[-3.17738374e+00  4.02188495e-02 -2.82287577e-01  8.75578325e+00
  3.27151237e+02] 8.760424887480951
[-3.16977546e+00 -1.42815325e-02 -2.11668108e-01  8.86556702e+00
  3.28196987e+02] 8.868104975210333
[-3.13525042e+00  3.04562610e-02  3.16129953e-01  9.17319249e+00
  3.30910198e+02] 9.178688691654202
[-3.14889583e+00  4.02016403e-02  2.15011970e-01  9.06761727e+00
  3.32029815e+02] 9.070255190031164
[-3.15294026e+00 -1.24839465e-01 -2.20938876e-01  8.98800218e+00
  3.30575166e+02] 8.991583955313667
[-3.09314847e+00  9.67708258e-02  2.44814916e-01  8.94133210e+00
  3.30288064e+02] 8.945206462871203
[-3.13405779e+00 -1.63598222e-01 -1.06057446e-01  8.99744835e+00
  3.32908394e+02] 8.999560508981547
[-3.23946804e+00 -6.79253485e-02 -3.70154884e-02  9.31526647e+00
  3.30938068e+02] 9.315587658173886
[-3.16918726e+00  2.34420769e-01 -7.89544843e-02  9.07353907e+00
  3.32082470e+02] 9.0769101660413
[-3.16423844e+00  2.68190676e-01 -2.97819620e-02  8.75517026e+00
  3.28995957e+02] 8.759327571686775
[-3.15022978e+00  3.77737456e-01 -7.66392618e-02  9.14052031e+00
  3.29771653e+02] 9.148643110763613
[-3.21011509e+00 -2.65684261e-01  1.10975818e-01  9.16436235e+00
  3.31269547e+02] 9.168884395242916
[-3.19082195e+00 -2.54674828e-01 -1.11934030e-01  8.89240034e+00
  3.29510386e+02] 8.896750659043349
[-3.14379964e+00  2.98298196e-02  8.61450925e-02  9.09338245e+00
  3.30999733e+02] 9.093839407264932
[-3.17311521e+00 -1.00624016e-01  1.05664430e-01  9.37789739e+00
  3.33181990e+02] 9.37903244569216
[-3.14878378e+00 -1.38959539e-01 -1.11759738e-01  8.91952479e+00
  3.29580677e+02] 8.921307221446995
[-3.16250667e+00  3.62688836e-01 -8.02006431e-03  8.88317807e+00
  3.28614531e+02] 8.890582670271357
[-3.16222786e+00  1.23313636e-03  2.42506856e-02  9.16483939e+00
  3.31063785e+02] 9.164871560427262
[-3.24298208e+00  9.20796301e-02  5.07029833e-02  9.15157427e+00
  3.30721464e+02] 9.152177936952912
[-3.23469411e+00  6.73281169e-02  1.87937162e-01  9.45936072e+00
  3.32380469e+02] 9.461467045852645
[-3.13591995e+00 -1.01585430e-01  2.31117724e-01  8.91370506e+00
  3.28942141e+02] 8.917279451165005
[-3.10894481e+00  1.26337293e-01 -1.72971222e-02  8.92866497e+00
  3.31472947e+02] 8.929575492342979
[-3.17308383e+00 -1.76496568e-01  5.85838968e-02  9.24921481e+00
  3.31550954e+02] 9.251084140433434
[-3.19875183e+00  3.01599757e-02  1.62774933e-01  9.12118435e+00
  3.28329506e+02] 9.122686516128711
[-3.16043076e+00  4.15652861e-02  3.32141494e-02  9.22782348e+00
  3.33658830e+02] 9.227976870064658
[-3.16382101e+00  2.02102739e-02  2.02918326e-02  9.05634983e+00
  3.30849209e+02] 9.056395117570421
[-3.16466801e+00 -3.14081649e-02 -1.57588755e-01  9.17145693e+00
  3.30547816e+02] 9.172864487245533
[-3.10946079e+00  1.60606900e-01 -2.08551271e-02  9.01544250e+00
  3.31974736e+02] 9.016897081150585
[-3.16587904e+00  1.11565634e-02  4.04560425e-02  9.22910919e+00
  3.31188806e+02] 9.229204600857042
[-3.12988542e+00  2.20784872e-01  1.06674023e-01  9.09155586e+00
  3.31265841e+02] 9.094861913207708
[-3.17204115e+00 -2.22583012e-01  3.20759165e-02  9.21467294e+00
  3.32370699e+02] 9.217416636026437
[-3.10502227e+00  2.13616837e-01  1.62363703e-01  9.04130725e+00
  3.29608773e+02] 9.045287771906601
[-3.25568477e+00 -1.86214923e-01  1.92771789e-01  9.06687396e+00
  3.30415275e+02] 9.070834603472942
[-3.14021035e+00 -5.73319350e-01 -8.51873363e-02  9.09497852e+00
  3.31798299e+02] 9.113428893874925
[-3.13797749e+00  2.80371645e-01 -9.54997213e-02  9.10321368e+00
  3.32050274e+02] 9.108030943901747
[-3.16304763e+00  1.00851884e-01  1.88162470e-01  9.21428491e+00
  3.31556236e+02] 9.216757702743932
[-3.17449492e+00 -1.87018308e-01 -6.31098666e-02  8.96485172e+00
  3.29352981e+02] 8.967024317219526
[-3.13069476e+00 -2.07335398e-01 -5.68779576e-02  8.95728223e+00
  3.31204686e+02] 8.959862056617455
[-3.19626323e+00 -9.72980681e-03  1.32695313e-01  9.13643415e+00
  3.30640257e+02] 9.137402891501408
[-3.17416615e+00  1.87004425e-01  1.17312774e-01  9.06869713e+00
  3.31526939e+02] 9.071383606081405
[-3.08125527e+00  3.59290158e-01  1.86760632e-02  9.19213157e+00
  3.32527160e+02] 9.199169580621467
[-3.15409204e+00 -6.85573791e-02 -7.65844312e-02  9.00474406e+00
  3.28272539e+02] 9.005330689998384
[-3.13199930e+00  1.83437898e-01 -2.52239091e-01  8.96971167e+00
  3.28587001e+02] 8.975132388807383
[-3.17803803e+00  4.87296955e-02  2.76611325e-01  9.39090078e+00
  3.34626674e+02] 9.395100102791831
[-3.07593450e+00  2.01948827e-01 -1.37575757e-01  8.83851660e+00
  3.28266993e+02] 8.84189380984717
[-3.11656236e+00 -1.30550568e-02 -2.82330169e-01  9.15709092e+00
  3.31502142e+02] 9.161451565950575
[-3.26364491e+00 -1.37308787e-01  1.04699017e-01  9.23344199e+00
  3.31574313e+02] 9.235056388392158
[-3.16457135e+00  6.26836507e-02 -6.29872517e-02  9.15004617e+00
  3.31448904e+02] 9.150477672381575
[-3.14992026e+00  1.35683449e-01  2.83703564e-01  9.16078390e+00
  3.30606716e+02] 9.16618019614982
[-3.21492818e+00  1.34721127e-01  1.64084756e-01  9.06742630e+00
  3.27940156e+02] 9.069911426765621
[-3.19228689e+00 -2.16356585e-01  1.59609037e-01  9.17323813e+00
  3.33871401e+02] 9.177177292010654
[-3.25333855e+00 -5.76939163e-01 -1.96002200e-02  9.25658927e+00
  3.28921147e+02] 9.274572110593507
[-3.14481684e+00 -5.15103165e-02  1.85857176e-01  9.12475656e+00
  3.30326689e+02] 9.126794536279302
[-3.19021210e+00  1.96813689e-02  2.76213358e-01  9.36521045e+00
  3.32039609e+02] 9.369303490529283
