/mnt/stage/douwei/Simulation/5kt_root/2MeV/5kt_+11.40.root
[-3.61441790e+00 -6.84645521e-02 -8.00742989e-02  1.19876707e+01
  3.52796971e+02] 11.98813364019242
[-3.59738074e+00 -2.79879157e-01  1.28770804e-01  1.19948214e+01
  3.53817131e+02] 11.998777212760725
[-3.61315426e+00  2.63561809e-04  2.73176781e-01  1.17893799e+01
  3.49020139e+02] 11.792544394929653
[-3.58686173e+00  2.54317808e-01 -1.60583640e-01  1.19735052e+01
  3.53850682e+02] 11.977282286375749
[-3.78004045e+00 -3.29327412e-01  3.49995274e-02  1.21681065e+01
  3.52877156e+02] 12.172612592858084
[-3.56743007e+00 -1.54495391e-02  1.36063669e-01  1.21134265e+01
  3.53416839e+02] 12.11420046457481
[-3.60509761e+00 -6.62910608e-03  3.36314483e-01  1.16157527e+01
  3.50412368e+02] 11.62062223886419
[-3.54364665e+00  1.56711398e-02 -1.47313137e-01  1.17208050e+01
  3.50423684e+02] 11.721741173340185
[-3.60423719e+00  1.12961435e-01 -2.19704392e-01  1.19119742e+01
  3.51083936e+02] 11.914535673441984
[-3.66602003e+00  6.27711930e-02  5.61286946e-02  1.21721092e+01
  3.52495210e+02] 12.172400436054641
[-3.54676849e+00 -1.55798080e-01 -2.62171903e-01  1.19016230e+01
  3.52573110e+02] 11.905529734329084
[-3.68724221e+00 -1.83138048e-01 -9.43320794e-02  1.21982605e+01
  3.54944632e+02] 12.19999991956548
[-3.64266290e+00  6.77811947e-02 -8.63119450e-02  1.20562122e+01
  3.54255854e+02] 12.056711653873787
[-3.63699486e+00 -5.32579813e-02  8.02315033e-04  1.19847853e+01
  3.52773669e+02] 11.984903691530373
[-3.59090522e+00  1.21545216e-01  5.67617583e-02  1.21898831e+01
  3.54935359e+02] 12.190621160060347
[-3.54848769e+00 -4.45641875e-02 -1.14647570e-01  1.16102953e+01
  3.50611066e+02] 11.610946888332872
[-3.61954149e+00  2.50548289e-01  1.37704827e-01  1.21055918e+01
  3.51716137e+02] 12.108967357011451
[-3.66132631e+00  3.33898311e-02  2.06726911e-02  1.17452561e+01
  3.51523979e+02] 11.745321772083217
[-3.65015612e+00 -6.87478360e-02 -2.98174848e-01  1.19402701e+01
  3.52080958e+02] 11.944190458191759
[-3.61274460e+00  8.58198100e-02  2.75962166e-01  1.19041309e+01
  3.52430504e+02] 11.907638448049182
[-3.59306932e+00  5.00692206e-02 -3.58624945e-02  1.20561997e+01
  3.53440083e+02] 12.056357037965101
[-3.59288191e+00  2.02473345e-02  2.34406227e-01  1.15764994e+01
  3.49208442e+02] 11.578890015721349
[-3.67043601e+00 -9.69304307e-03 -3.01163343e-01  1.20185402e+01
  3.53102533e+02] 12.022316810775878
[-3.64145347e+00  3.71250537e-01  1.82459517e-01  1.20633012e+01
  3.53819427e+02] 12.070391677306905
[-3.61421155e+00 -2.34305528e-03 -7.74137292e-02  1.16822659e+01
  3.49002774e+02] 11.682522656759764
[-3.62930610e+00 -3.52115026e-01  2.22269584e-01  1.20260231e+01
  3.50963156e+02] 12.033229841712982
[-3.55861221e+00  9.99425457e-02  1.54999753e-01  1.15983048e+01
  3.49439746e+02] 11.599770999957656
[-3.62803255e+00 -9.04993875e-02 -4.45369545e-02  1.21297819e+01
  3.51852806e+02] 12.130201236216319
[-3.65206089e+00 -9.94037805e-02  1.32136507e-01  1.21988792e+01
  3.53837773e+02] 12.199999808531572
[-3.62070676e+00  1.80123839e-01  8.14713918e-02  1.17997483e+01
  3.50607898e+02] 11.801404270161372
[-3.55796329e+00 -3.41610329e-02  1.69341315e-02  1.20495079e+01
  3.52832326e+02] 12.049568230799483
[-3.66561211e+00  2.34187343e-02 -2.35438673e-01  1.21929959e+01
  3.52682789e+02] 12.195291216765279
[-3.60347416e+00 -2.14382769e-01 -1.69453735e-01  1.17815224e+01
  3.50723829e+02] 11.784691072595939
[-3.63218232e+00  1.36063081e-03  4.67553392e-03  1.18925992e+01
  3.51522068e+02] 11.892600149870914
[-3.57222489e+00 -2.92522406e-01  2.64286802e-02  1.21964637e+01
  3.53338166e+02] 12.199999810326307
[-3.57321767e+00 -1.33662283e-01 -1.44049764e-01  1.19406625e+01
  3.52948084e+02] 11.942279391403643
[-3.55311400e+00 -2.74636120e-01  1.00204954e-01  1.18733125e+01
  3.51651110e+02] 11.876911084625492
[-3.63382987e+00  3.31956062e-01  1.39783493e-01  1.21946702e+01
  3.55431397e+02] 12.19998832634172
[-3.51512559e+00  2.04301139e-01 -1.12065725e-03  1.14450424e+01
  3.48861980e+02] 11.44686572712928
[-3.60369951e+00  3.84487324e-02  3.03991436e-01  1.19904821e+01
  3.54565568e+02] 11.994396608982504
[-3.62705384e+00  4.22051613e-02  3.01405513e-01  1.21962032e+01
  3.53195928e+02] 12.199999998386815
[-3.61631524e+00  2.33955928e-01 -6.92395858e-02  1.18013532e+01
  3.51800898e+02] 11.803875064833854
[-3.66885524e+00 -2.03592673e-01 -7.13207338e-02  1.19699243e+01
  3.49110338e+02] 11.971868043200285
[-3.67893707e+00 -2.28622050e-01  2.33520516e-01  1.19108513e+01
  3.49717575e+02] 11.915333790303924
[-3.65108534e+00  2.76867410e-01  4.24433190e-02  1.17659187e+01
  3.48896568e+02] 11.76925228263226
[-3.53184631e+00  3.89603226e-02 -1.16114570e-01  1.18477712e+01
  3.52943068e+02] 11.848404249789573
[-3.62762093e+00 -1.02670351e-01  2.35561207e-02  1.20969563e+01
  3.52831971e+02] 12.097414874817593
[-3.58844487e+00  7.06468403e-02 -2.06206520e-01  1.17322651e+01
  3.48772683e+02] 11.734289804693685
[-3.61509498e+00  2.81945884e-01 -2.61598023e-01  1.21844292e+01
  3.53807520e+02] 12.190497985946104
[-3.62744441e+00 -1.11294029e-01  3.46798858e-01  1.20034660e+01
  3.49145936e+02] 12.008990502609498
[-3.62212053e+00 -4.16603121e-02 -2.49854266e-01  1.20258996e+01
  3.51883049e+02] 12.028566979296293
[-3.64743238e+00 -1.80513985e-01 -1.47858790e-01  1.17495993e+01
  3.52881548e+02] 11.751916091982178
[-3.57671319e+00  2.20410093e-01  1.21712782e-01  1.15088502e+01
  3.49411506e+02] 11.511604016539405
[-3.62959591e+00 -9.88413769e-02 -4.68017153e-02  1.20363302e+01
  3.52862939e+02] 12.036827024170613
[-3.68229661e+00  4.03537531e-01 -2.63068511e-01  1.19174011e+01
  3.50923595e+02] 11.92713278072856
[-3.67567727e+00  1.78163659e-01 -1.00429958e-01  1.20267128e+01
  3.52704060e+02] 12.028451692304126
[-3.56671367e+00 -1.46080080e-01  7.38468887e-02  1.17980105e+01
  3.53200424e+02] 11.799145879142833
[-3.68653129e+00 -4.51286924e-02 -7.92742194e-02  1.19510135e+01
  3.49048782e+02] 11.95136159794996
[-3.58373716e+00 -2.67579307e-01  2.60352170e-01  1.20428884e+01
  3.53165641e+02] 12.048673918770028
[-3.61290610e+00  1.13289272e-01  5.73881827e-02  1.21096017e+01
  3.53244207e+02] 12.11026762272933
[-3.62103164e+00  1.39691777e-01  2.84118261e-01  1.19223640e+01
  3.51625184e+02] 11.926566959600912
[-3.71365082e+00 -2.26399657e-01 -8.44593332e-02  1.20440905e+01
  3.53521658e+02] 12.046514274126984
[-3.60698802e+00  9.34194608e-02 -1.53034954e-01  1.18605245e+01
  3.50529611e+02] 11.861879626248227
[-3.67566319e+00 -2.70560222e-01 -5.73068376e-02  1.20848355e+01
  3.52508868e+02] 12.087999625699752
[-3.60025279e+00  4.41304741e-02 -5.05817142e-02  1.20908018e+01
  3.52408581e+02] 12.090988090093882
[-3.66362903e+00 -1.08683116e-01  8.99403421e-02  1.21986792e+01
  3.54482918e+02] 12.199494934669545
[-3.66444163e+00 -1.18367137e-01  1.56032827e-01  1.18182259e+01
  3.49274673e+02] 11.819848603522368
[-3.65358704e+00 -2.05878037e-02 -1.52243043e-01  1.19573236e+01
  3.51622668e+02] 11.95831051428715
[-3.62307863e+00  4.44161326e-02  8.23488990e-02  1.20404730e+01
  3.54583472e+02] 12.040836523421275
[-3.64481537e+00  3.19507916e-01 -1.58133781e-01  1.21346953e+01
  3.56470297e+02] 12.139930845521405
[-3.52580086e+00 -1.28687325e-01  1.74100609e-02  1.19594825e+01
  3.53059405e+02] 11.960187507696098
[-3.65736617e+00 -1.36189650e-01  2.16498518e-01  1.20039703e+01
  3.53140555e+02] 12.006694932229761
[-3.65709713e+00  1.72497338e-01  1.62230285e-01  1.21182301e+01
  3.51449124e+02] 12.120543522502457
[-3.53248609e+00  3.64708580e-02  2.78960430e-01  1.19893471e+01
  3.54507624e+02] 11.992647418192528
[-3.62288223e+00 -1.91347233e-01  4.12357440e-02  1.17669694e+01
  3.51736625e+02] 11.768597317018
[-3.60106830e+00 -1.77812312e-01  7.56229153e-02  1.20720020e+01
  3.53580503e+02] 12.073548271231882
[-3.53543016e+00 -1.75789859e-01 -5.32906845e-02  1.19486382e+01
  3.53627241e+02] 11.95005009705839
[-3.63820866e+00 -8.01932458e-02  1.13637760e-01  1.20864872e+01
  3.53266413e+02] 12.087287448730455
[-3.58910205e+00  2.53356752e-01 -1.68736089e-01  1.17988899e+01
  3.52009964e+02] 11.802815999148638
[-3.60500147e+00  2.41640470e-02 -2.54902458e-01  1.18922567e+01
  3.51677559e+02] 11.895012712716948
[-3.67548574e+00  1.43911642e-01 -5.66913575e-02  1.19946080e+01
  3.52688169e+02] 11.99560527932523
[-3.63142011e+00  2.02444025e-01  5.47347674e-02  1.18498195e+01
  3.54509511e+02] 11.851675069698112
[-3.68457547e+00 -2.36578259e-01  3.30317227e-02  1.20164102e+01
  3.55483359e+02] 12.018784185979243
[-3.70896958e+00  1.97435834e-01 -2.51229834e-01  1.21957552e+01
  3.52261114e+02] 12.199940230056013
[-3.57821952e+00 -2.47233611e-01 -1.47005642e-01  1.19185432e+01
  3.52774215e+02] 11.922013566872996
[-3.59621800e+00  1.24406713e-01 -1.23412455e-01  1.20112464e+01
  3.51707014e+02] 12.012524658991493
[-3.71073162e+00  1.79495919e-01 -1.77321890e-01  1.20067506e+01
  3.52307245e+02] 12.009401406271584
[-3.59026828e+00  1.41021025e-01  2.07019666e-01  1.19333708e+01
  3.53082178e+02] 11.93599942746933
[-3.57474962e+00 -2.47583829e-02 -3.03313537e-01  1.19581794e+01
  3.54221382e+02] 11.962051113456715
[-3.63463221e+00  3.78122578e-01  5.27093240e-02  1.20363265e+01
  3.54544469e+02] 12.042379817021096
[-3.62168124e+00 -2.49455406e-01 -1.26057597e-01  1.19318834e+01
  3.53451024e+02] 11.935156473437297
[-3.61068218e+00 -2.18346127e-01  2.81726870e-01  1.19343650e+01
  3.51869446e+02] 11.939686427781956
[-3.66952710e+00  2.21752119e-01  1.75163482e-01  1.19463020e+01
  3.50399575e+02] 11.949643873735766
[-3.74437921e+00  1.85736904e-01  1.88434077e-02  1.16755345e+01
  3.48696171e+02] 11.677026954672716
[-3.66168065e+00  1.63309127e-01 -2.73805993e-01  1.21438203e+01
  3.54919078e+02] 12.148004378739488
[-3.62231505e+00 -3.14704898e-02  9.40930699e-02  1.19727495e+01
  3.51278593e+02] 11.973160613623763
[-3.61736569e+00  2.29244027e-02 -1.59050380e-01  1.17555542e+01
  3.50764397e+02] 11.75665245748283
[-3.69536226e+00 -2.44208411e-01 -8.07095893e-02  1.19039763e+01
  3.50629027e+02] 11.906754513888567
[-3.60893313e+00  1.84871225e-01  1.94959237e-01  1.21933176e+01
  3.54268138e+02] 12.19627733816656
[-3.67121667e+00  3.24562736e-01  1.07088962e-01  1.20870667e+01
  3.53194041e+02] 12.091897669568542
[-3.54871474e+00 -3.99147396e-01 -7.91881959e-02  1.19237639e+01
  3.54551521e+02] 11.930705570481459
[-3.66954487e+00  9.83959046e-02 -2.16568555e-01  1.18531644e+01
  3.51151383e+02] 11.855551068672174
[-3.58041248e+00 -3.04262567e-01  3.48292772e-02  1.19185108e+01
  3.53703635e+02] 11.92244476845384
[-3.56577855e+00 -1.56435832e-01 -2.01518501e-01  1.17247880e+01
  3.50276602e+02] 11.727563113766358
[-3.61293680e+00 -4.62364949e-03  6.61038281e-02  1.20261802e+01
  3.53042726e+02] 12.026362718735193
[-3.54634760e+00 -1.41886789e-01 -1.20074708e-01  1.18986916e+01
  3.53421385e+02] 11.900143296601962
[-3.61499730e+00  2.22846125e-01  2.57194265e-01  1.18723342e+01
  3.52007799e+02] 11.877210478298872
[-3.66928908e+00  4.94882271e-02 -5.91005165e-02  1.18200313e+01
  3.51303477e+02] 11.820282690751176
[-3.58407454e+00 -3.86546424e-02  9.70123258e-02  1.20253815e+01
  3.53899349e+02] 12.025834949287434
[-3.62081996e+00  9.89591750e-02 -1.44392454e-01  1.20958622e+01
  3.52893732e+02] 12.09712875351716
[-3.54010279e+00 -1.07026111e-01 -2.30683057e-01  1.18989062e+01
  3.53601449e+02] 11.901623368078255
[-3.63410001e+00 -2.28821728e-02  4.99746424e-01  1.20535685e+01
  3.52029149e+02] 12.063945653404332
[-3.55836394e+00 -6.76793669e-02 -1.40087349e-01  1.18887859e+01
  3.52702442e+02] 11.889803794630838
[-3.61847139e+00 -2.34016799e-01  3.09707683e-03  1.17999898e+01
  3.50333230e+02] 11.802310526343653
[-3.69177784e+00  1.00015546e-01 -1.58300254e-02  1.21090582e+01
  3.54522776e+02] 12.109481570973891
[-3.65344860e+00  2.00871449e-01 -1.46493504e-01  1.20727720e+01
  3.53503144e+02] 12.075331608560692
[-3.63994946e+00  4.00669092e-02 -1.83854164e-01  1.20209724e+01
  3.52886992e+02] 12.022445087181866
[-3.72905768e+00  1.76185214e-01  1.91958777e-01  1.20486363e+01
  3.51826801e+02] 12.051453249702318
[-3.62234061e+00  3.59870781e-02 -1.50131381e-01  1.18222410e+01
  3.50592441e+02] 11.823249026395041
[-3.57454740e+00  1.08686563e-01 -2.58553559e-01  1.17235661e+01
  3.51451777e+02] 11.726920543539846
[-3.54307055e+00 -9.96031935e-02  1.75559152e-01  1.21983301e+01
  3.54427015e+02] 12.199999939228332
[-3.61658626e+00  1.10390656e-01 -2.27551786e-01  1.17121577e+01
  3.50393057e+02] 11.714888109165894
[-3.59177553e+00 -1.15233441e-01  1.74939788e-02  1.17180664e+01
  3.50792351e+02] 11.718646007618686
[-3.57020715e+00  1.06259866e-01  4.11652545e-01  1.17497969e+01
  3.50252992e+02] 11.757486010627447
[-3.48485948e+00 -5.69865154e-02 -8.05815355e-02  1.21996008e+01
  3.54694716e+02] 12.199999995784411
[-3.63808516e+00 -4.52076796e-03 -4.48741136e-02  1.21419967e+01
  3.53356253e+02] 12.142080509594695
[-3.60483953e+00 -1.30541882e-02 -1.33989766e-03  1.17727756e+01
  3.51721939e+02] 11.772782928149748
[-3.59812631e+00  1.12516710e-01  3.60341842e-01  1.18276795e+01
  3.52577553e+02] 11.833702195539862
[-3.61219826e+00 -2.00052928e-01 -1.49753755e-01  1.19275177e+01
  3.49870419e+02] 11.930135187119385
[-3.55802690e+00  1.35682209e-01  5.08755060e-02  1.21281258e+01
  3.54232468e+02] 12.128991448043282
[-3.55301606e+00 -4.47061018e-01  1.46289068e-01  1.20833691e+01
  3.54808298e+02] 12.092521365389146
[-3.63146280e+00  2.32582233e-01 -3.88145327e-02  1.20577228e+01
  3.52153955e+02] 12.060028201192226
[-3.64725021e+00  1.42096423e-01  6.53607759e-03  1.15852577e+01
  3.47891577e+02] 11.58613096084724
[-3.69282475e+00 -2.88811488e-01 -1.12053870e-01  1.20881419e+01
  3.54515789e+02] 12.092110752292044
[-3.64432600e+00 -1.66832203e-02 -3.59811098e-02  1.21064207e+01
  3.51702760e+02] 12.106485672306121
[-3.65071709e+00  1.02378006e-01  2.42862672e-01  1.20085941e+01
  3.54356078e+02] 12.011485981957497
[-3.55371085e+00 -1.05873909e-01  2.84588977e-02  1.19402731e+01
  3.54268545e+02] 11.940776441165813
[-3.65214265e+00  1.03105739e-01 -2.97446165e-02  1.19995354e+01
  3.51810048e+02] 12.000015176941856
[-3.68015149e+00  6.34270726e-02 -1.07854943e-02  1.19934521e+01
  3.52010936e+02] 11.993624685853444
[-3.63243410e+00 -1.37697853e-02  8.55272014e-02  1.20142009e+01
  3.52965115e+02] 12.014513252382452
[-3.66738640e+00 -1.00889930e-01  1.92209519e-01  1.20420827e+01
  3.51553842e+02] 12.044039114453684
[-3.67160799e+00  4.14333608e-02 -2.03779151e-02  1.19765274e+01
  3.53670866e+02] 11.976616433112557
[-3.64766450e+00  1.92600293e-01 -1.90572093e-01  1.16544725e+01
  3.49007364e+02] 11.657621663546111
[-3.62428068e+00  9.50537917e-02  1.21779261e-01  1.21928625e+01
  3.54434091e+02] 12.193841104331092
[-3.59988171e+00  8.06942922e-02  1.93243864e-01  1.19721704e+01
  3.53205060e+02] 11.974001800196865
[-3.49247767e+00 -1.31085500e-01  1.24330315e-01  1.17351834e+01
  3.52593697e+02] 11.736574065000733
[-3.69189804e+00  7.81506796e-02 -4.42640403e-02  1.18282829e+01
  3.49070280e+02] 11.828623933344979
[-3.56347104e+00 -8.39630748e-02  1.46115552e-01  1.20640015e+01
  3.54126841e+02] 12.065178469127787
[-3.64253496e+00 -1.75499314e-01 -9.76421729e-02  1.19043482e+01
  3.50256841e+02] 11.906042121320867
[ -3.68043583  -0.3690614   -0.36277833  11.85950625 347.93080006] 11.870792013779592
[-3.61345540e+00  7.00489728e-02  1.31093529e-01  1.20037971e+01
  3.52121195e+02] 12.004717332058906
[-3.59110237e+00 -4.80163557e-02 -2.00859254e-01  1.18281537e+01
  3.51057808e+02] 11.829956496731203
[-3.56175174e+00 -1.35656530e-01  2.51417774e-02  1.18766911e+01
  3.54542518e+02] 11.877492384026581
[-3.60334936e+00  3.22552686e-01  1.37602740e-01  1.19846838e+01
  3.53137314e+02] 11.989813234033775
[-3.58949848e+00 -8.29772906e-02 -3.49599509e-01  1.20881470e+01
  3.54519401e+02] 12.093485981970154
[-3.65173678e+00  1.55421375e-01 -1.14977405e-01  1.18397211e+01
  3.50898685e+02] 11.841299401763196
[-3.67989886e+00 -2.04942933e-01  3.45105344e-01  1.19521369e+01
  3.52399882e+02] 11.95887439486831
[-3.62041744e+00  2.86517590e-01 -2.80583189e-02  1.19742253e+01
  3.50860750e+02] 11.977685505757742
[-3.71073745e+00  3.31265733e-02 -1.76007460e-01  1.18789935e+01
  3.49963409e+02] 11.88034355764555
[-3.50378562e+00  2.72799209e-02  4.40628792e-02  1.18336442e+01
  3.53908926e+02] 11.83375764808697
[-3.53501402e+00 -1.03331402e-01 -4.10118793e-02  1.18339320e+01
  3.50751586e+02] 11.834454154312034
[-3.62344360e+00 -3.49144299e-02  1.56284433e-01  1.21827804e+01
  3.54383816e+02] 12.1838328249249
[-3.63259808e+00  2.58216199e-02 -2.54348355e-01  1.19550906e+01
  3.51944520e+02] 11.957823841935426
[-3.61392684e+00 -7.82366341e-02 -2.45445954e-01  1.19788298e+01
  3.51951442e+02] 11.98159955297402
[-3.67932469e+00 -1.64692062e-01 -1.58045391e-02  1.16912313e+01
  3.47754378e+02] 11.69240187922961
[-3.58123677e+00  1.14280457e-02 -5.68424845e-02  1.20174011e+01
  3.53939437e+02] 12.017540970349621
[-3.62858979e+00 -2.92053801e-01 -2.05594417e-02  1.19318725e+01
  3.51145376e+02] 11.93546392861366
[-3.61226866e+00  3.36563353e-01  1.53586179e-01  1.18657345e+01
  3.50485755e+02] 11.87150031637533
[-3.64709093e+00  7.77602645e-02  9.64584004e-02  1.19942817e+01
  3.53036154e+02] 11.99492157238056
[-3.70322375e+00 -1.35240615e-01  1.27867349e-01  1.18786179e+01
  3.48524306e+02] 11.880075877083968
[-3.60131473e+00 -4.88600200e-02 -2.10443135e-01  1.18145062e+01
  3.49947236e+02] 11.816481304232124
[-3.69316762e+00  3.56296341e-01 -1.68435838e-02  1.21503240e+01
  3.52594321e+02] 12.155558572144063
[-3.66047032e+00 -3.30437179e-02 -2.43192989e-01  1.20137403e+01
  3.51312263e+02] 12.016246938930346
[-3.63890498e+00 -1.09201099e-01 -1.86689946e-01  1.20651028e+01
  3.52400523e+02] 12.067041209227337
[-3.69203401e+00  1.62675823e-01 -8.03012967e-02  1.21986511e+01
  3.54229606e+02] 12.199999998043829
[-3.68512407e+00  8.50480784e-02 -9.66631016e-02  1.21738076e+01
  3.53252685e+02] 12.174488423620241
[-3.68606537e+00 -1.53417093e-01  2.19626978e-01  1.18134848e+01
  3.49120186e+02] 11.81652216533984
[-3.62076636e+00 -1.95594998e-01  3.63898261e-01  1.20038564e+01
  3.52490934e+02] 12.010963623987609
[-3.55772314e+00 -2.50772377e-01 -1.53711564e-01  1.16737654e+01
  3.50585904e+02] 11.677470299585746
[-3.62664261e+00 -2.97896268e-01 -1.53269075e-01  1.20233339e+01
  3.53858062e+02] 12.028000346142393
[-3.58895678e+00 -1.28702873e-01 -7.96165768e-02  1.16792605e+01
  3.49347079e+02] 11.680240920242937
[-3.65359081e+00 -1.16445871e-02  6.09859314e-02  1.20772225e+01
  3.54840234e+02] 12.077382084335289
[-3.63072242e+00 -5.44168178e-03  2.13470247e-02  1.19336789e+01
  3.53123589e+02] 11.933699222733617
[-3.67774143e+00 -5.29376974e-02 -1.46501232e-01  1.21990055e+01
  3.52125274e+02] 12.199999982818001
[-3.52566955e+00  1.39827667e-01 -4.84371362e-02  1.19307758e+01
  3.52887957e+02] 11.931693485897812
[-3.65908804e+00 -3.97340465e-01 -2.59048566e-01  1.17052153e+01
  3.48859362e+02] 11.71482182734605
[-3.64576429e+00 -5.56288396e-02 -1.19570867e-01  1.21789191e+01
  3.52470473e+02] 12.179633132887533
[-3.73942624e+00  3.57553063e-01  8.18019629e-02  1.21427598e+01
  3.53676575e+02] 12.148298250583885
[-3.60929994e+00 -3.12709037e-01 -9.06213724e-02  1.17360146e+01
  3.51450178e+02] 11.740529747040354
[-3.59848985e+00  5.32388683e-02  7.88439615e-02  1.20961260e+01
  3.55061175e+02] 12.09650009139923
[-3.64984556e+00 -2.85022311e-02 -3.91985877e-03  1.21999661e+01
  3.53350006e+02] 12.199999982839673
[-3.62241354e+00  8.17396991e-02  1.76998080e-01  1.17293931e+01
  3.50541899e+02] 11.731013225251592
[-3.61754129e+00 -2.66737719e-01 -6.36651759e-02  1.18476575e+01
  3.49757972e+02] 11.850830776664793
[-3.51815572e+00 -5.11407333e-03 -1.48847272e-01  1.18041263e+01
  3.51614482e+02] 11.805065855038002
[-3.51382852e+00  3.82676361e-02  2.97722016e-01  1.20390708e+01
  3.52685212e+02] 12.042812345240478
[-3.55062711e+00 -4.00942067e-02  2.02048157e-01  1.19812979e+01
  3.53692127e+02] 11.983068516534683
[-3.59627320e+00  1.52113415e-01  2.96506898e-04  1.20681425e+01
  3.52793173e+02] 12.069101117538603
[-3.70400573e+00  1.18058267e-01  8.01355804e-02  1.19860878e+01
  3.50918674e+02] 11.986937091768596
[-3.62295040e+00 -2.43970787e-01  1.87860582e-01  1.19178917e+01
  3.53206945e+02] 11.921868834920282
[-3.65766169e+00 -1.30573292e-01  6.28024483e-02  1.20980764e+01
  3.52702002e+02] 12.098944038120148
[-3.66197975e+00 -9.86933220e-02 -1.99574096e-01  1.18802814e+01
  3.50715302e+02] 11.882367473871376
[-3.55424171e+00  6.44570580e-01 -1.29614861e-01  1.17579888e+01
  3.52020760e+02] 11.776356524022003
[-3.78844764e+00 -3.70317436e-02  6.88926653e-02  1.21785834e+01
  3.52673690e+02] 12.178834523413718
[-3.56847500e+00 -1.99721442e-01  2.17705226e-01  1.17306413e+01
  3.50254491e+02] 11.734361021601107
[-3.70279647e+00 -9.92409894e-02  6.31039522e-02  1.20338177e+01
  3.52214130e+02] 12.034392349286236
[-3.61196054e+00 -6.16746999e-02 -2.60133622e-01  1.18343856e+01
  3.52711095e+02] 11.837404896946817
[-3.51534011e+00 -1.20791337e-01  3.48861128e-01  1.18444116e+01
  3.49955620e+02] 11.850163792984832
[-3.67689989e+00 -2.86576730e-01 -4.44919937e-01  1.20908960e+01
  3.51349565e+02] 12.10247267768907
[-3.64533229e+00 -1.49825288e-01  1.86629559e-02  1.18182229e+01
  3.51658701e+02] 11.819187257191226
[-3.61737251e+00  1.46738119e-01  9.87754254e-02  1.20243771e+01
  3.53873601e+02] 12.025678079974801
[-3.69209772e+00 -1.40983138e-01 -2.48060831e-01  1.18602798e+01
  3.50165423e+02] 11.863711378134846
[-3.57090595e+00  7.58242069e-02 -8.01997841e-02  1.20232872e+01
  3.52346440e+02] 12.023793726674826
[-3.58847770e+00  1.02832057e-01 -1.18717854e-01  1.18531324e+01
  3.51432792e+02] 11.854172972021715
[-3.58872330e+00  3.29159912e-02 -1.32565893e-01  1.17675967e+01
  3.52260400e+02] 11.768389373891933
[-3.61130108e+00  4.78470545e-02 -2.65647109e-01  1.17953754e+01
  3.51666980e+02] 11.79846342763164
[-3.65445987e+00 -1.27526572e-02 -5.18416517e-02  1.21168103e+01
  3.53992309e+02] 12.116927955885481
[-3.61543506e+00 -2.60089931e-01 -3.34420857e-01  1.19349891e+01
  3.53150384e+02] 11.942505981587141
[-3.68128660e+00  3.47064149e-02 -2.23702019e-01  1.20362256e+01
  3.52116373e+02] 12.038354318999126
[-3.51374126e+00 -1.49458728e-02 -1.57306070e-02  1.18016588e+01
  3.50466422e+02] 11.801678719690203
[-3.62460945e+00  4.59537876e-03 -2.15522613e-02  1.20886646e+01
  3.52911454e+02] 12.088684678804926
[-3.59151505e+00  1.92179075e-01  1.06362967e-01  1.19786070e+01
  3.51802930e+02] 11.980620701820888
[-3.63469816e+00 -2.38538600e-01 -2.18664077e-01  1.20388794e+01
  3.52918502e+02] 12.0432276584539
[-3.69353680e+00  2.06466725e-01 -3.87783317e-02  1.20995404e+01
  3.51429307e+02] 12.101363983568072
[-3.64005679e+00  1.44092613e-01  1.67669982e-01  1.19325298e+01
  3.52207925e+02] 11.934577599504761
[-3.67130743e+00 -1.72455216e-01 -1.67325866e-01  1.20006079e+01
  3.52479470e+02] 12.00301334887863
[-3.50044294e+00 -1.44046803e-02  7.73233859e-02  1.19230034e+01
  3.53711864e+02] 11.923262825275133
[-3.67995477e+00 -1.14877876e-01 -1.04175519e-01  1.19593025e+01
  3.49738243e+02] 11.960307892609498
[-3.61446930e+00 -7.22943086e-02  2.82291786e-02  1.19594945e+01
  3.52759655e+02] 11.959746319048547
[-3.64277542e+00 -7.01967894e-02  1.01192386e-01  1.16881040e+01
  3.50662713e+02] 11.688752863984122
[-3.61861088e+00  1.59320106e-01  2.84896401e-04  1.19239226e+01
  3.53291825e+02] 11.924986965683559
[-3.58907892e+00 -4.60873091e-01 -2.33505230e-01  1.18795960e+01
  3.53214522e+02] 11.890825432060838
[-3.66451188e+00 -1.07765503e-01 -8.42770936e-02  1.18199587e+01
  3.51238312e+02] 11.820750407276291
[-3.49847582e+00  1.40595786e-01 -3.81890136e-02  1.20518543e+01
  3.53472630e+02] 12.052734896467156
[-3.64651001e+00  2.07345959e-01  2.19519563e-01  1.19838338e+01
  3.52869544e+02] 11.987637557698626
[-3.65382044e+00 -2.36578366e-01 -1.00539719e-01  1.18030543e+01
  3.49934568e+02] 11.805853112896814
[-3.61715381e+00  1.83524980e-01  7.02439843e-02  1.18137020e+01
  3.51504258e+02] 11.815336197548824
[-3.62903507e+00 -5.50041562e-02 -1.88887297e-02  1.17577313e+01
  3.49937728e+02] 11.757875110904198
[-3.60511304e+00 -2.85386162e-01  4.60986041e-02  1.16801271e+01
  3.50164595e+02] 11.683704003028904
[-3.60167636e+00  3.69697306e-02  1.64701985e-01  1.19384758e+01
  3.52076617e+02] 11.939669062128678
[-3.64709122e+00  2.12765845e-01  1.86196780e-01  1.21083709e+01
  3.53166074e+02] 12.111671411049386
[-3.66078051e+00  2.83156016e-01 -2.72484330e-01  1.20727446e+01
  3.52213782e+02] 12.07913851032367
[-3.59816929e+00 -3.14365271e-01  8.97465447e-02  1.18592007e+01
  3.52127840e+02] 11.863706021537226
[-3.69447801e+00  8.87378117e-02 -3.86620749e-02  1.21712611e+01
  3.51138007e+02] 12.171645948431927
[-3.78058059e+00  4.40859775e-01 -2.13158556e-02  1.20741574e+01
  3.51387923e+02] 12.082222003976728
[-3.64429165e+00  3.53733122e-02 -4.35339884e-02  1.21892958e+01
  3.53731029e+02] 12.189424865842062
[-3.58830038e+00 -1.45675199e-01 -8.24314343e-02  1.21314784e+01
  3.54408200e+02] 12.132633000666726
[-3.61354700e+00 -9.65569034e-02  1.79173074e-01  1.18868166e+01
  3.51446889e+02] 11.888559026214617
[-3.54312233e+00 -1.23837143e-01  2.62688858e-01  1.17398218e+01
  3.51509688e+02] 11.743413349917889
[-3.55997218e+00 -2.36414967e-01 -3.30496452e-02  1.19361334e+01
  3.52957791e+02] 11.938520234787932
[-3.55633152e+00 -4.67339740e-01  4.77716326e-02  1.20458746e+01
  3.54352217e+02] 12.0550314579928
[-3.68687211e+00  6.15592201e-03  1.77962152e-01  1.20772443e+01
  3.49970144e+02] 12.078557000054742
[-3.71350850e+00  3.83700167e-02 -2.12515704e-01  1.20111839e+01
  3.51467655e+02] 12.013125078865684
[-3.69466039e+00  8.30124059e-02  8.87674583e-03  1.21997143e+01
  3.51971204e+02] 12.199999984114383
[-3.58665669e+00 -2.96338824e-02  1.38230846e-01  1.19740325e+01
  3.54208243e+02] 11.974867059581177
[-3.58818988e+00 -3.57241044e-02 -2.68091390e-01  1.16355717e+01
  3.50284294e+02] 11.63871458073622
[-3.64336802e+00 -1.28136738e-01 -1.86522403e-02  1.19466088e+01
  3.54833343e+02] 11.94731054100923
[-3.60695124e+00  1.40581448e-01  4.23390353e-02  1.18303905e+01
  3.51840692e+02] 11.831301509232114
[-3.58161491e+00 -1.37196590e-01  1.83578947e-01  1.18783482e+01
  3.52593114e+02] 11.880558914091393
[-3.66481981e+00  3.09948567e-01  9.54675896e-02  1.20663061e+01
  3.54050941e+02] 12.070663790557177
[-3.65440866e+00 -3.86847301e-02  4.28207078e-01  1.21922974e+01
  3.53335542e+02] 12.199875982205345
[-3.60461505e+00 -1.31557393e-01 -3.14727838e-04  1.21438429e+01
  3.55016390e+02] 12.144555503044598
[-3.60447855e+00 -2.98295431e-01 -1.72996141e-02  1.16711397e+01
  3.52297680e+02] 11.674963884917156
[-3.54862105e+00 -1.17874433e-01  2.42736114e-01  1.20615315e+01
  3.54080194e+02] 12.064549579325055
[-3.62086373e+00  5.82779351e-02  8.93181960e-02  1.19831159e+01
  3.54142736e+02] 11.983590436482583
[-3.57136369e+00 -3.18882028e-01 -5.22353468e-02  1.17390539e+01
  3.50334029e+02] 11.74350032660388
[-3.63827365e+00  2.74763787e-01  1.22994035e-01  1.18768179e+01
  3.49928120e+02] 11.880632355468597
[-3.63897706e+00 -1.82462445e-01  1.37612437e-01  1.18569167e+01
  3.51968317e+02] 11.859118989936979
[-3.59588852e+00 -3.85586377e-03  6.89600271e-02  1.21998045e+01
  3.54628199e+02] 12.199999976011826
[-3.70060451e+00 -2.04850923e-01 -1.62336911e-02  1.20664194e+01
  3.48856362e+02] 12.068169029076321
[-3.63172780e+00 -3.43917593e-01 -3.27399164e-01  1.19365305e+01
  3.52548455e+02] 11.945971294857408
[-3.69924657e+00 -5.82534906e-02 -6.55229496e-03  1.21998529e+01
  3.51278536e+02] 12.199993773579763
[-3.62482536e+00  1.81543183e-01 -2.27939820e-01  1.21965192e+01
  3.53686002e+02] 12.199999843823388
[-3.59984445e+00 -7.73339480e-02 -3.48429776e-02  1.21401153e+01
  3.54659454e+02] 12.140411593767245
[-3.60707280e+00 -2.98336873e-01  7.80807235e-03  1.20051098e+01
  3.52430325e+02] 12.008818724884904
[-3.69299622e+00 -1.00215705e-01 -4.18418084e-01  1.19946873e+01
  3.53010831e+02] 12.002401405085317
[-3.74893847e+00 -1.44534905e-01 -1.13654090e-01  1.20442325e+01
  3.53508070e+02] 12.045635875138826
[-3.61952656e+00 -1.55751058e-01 -3.05790949e-01  1.20759190e+01
  3.54466814e+02] 12.080794133441765
[-3.61544106e+00  4.40349193e-02 -1.17487771e-01  1.19425051e+01
  3.50506262e+02] 11.943164187387593
[-3.60942593e+00  2.06517663e-01  9.25106403e-02  1.18918610e+01
  3.52488119e+02] 11.894013898764465
[-3.70676702e+00 -1.11537519e-03 -6.59596158e-01  1.19394333e+01
  3.49698002e+02] 11.957639242717894
[-3.62131335e+00 -5.05463434e-03  1.75043055e-01  1.20456062e+01
  3.53191026e+02] 12.04687898979787
[-3.59583491e+00 -2.24221038e-01 -8.18653875e-02  1.16480252e+01
  3.51382409e+02] 11.650470730251804
[-3.62975640e+00 -4.36108413e-03  2.09029265e-03  1.20391087e+01
  3.52897453e+02] 12.039109720449133
[-3.63245634e+00  1.03009513e-01 -1.36913776e-01  1.17394917e+01
  3.53632698e+02] 11.740741952996773
[-3.56230642e+00 -1.94766225e-01  1.00524356e-01  1.18828582e+01
  3.53078248e+02] 11.884879409658655
[-3.63117983e+00 -1.11906346e-01  2.44756785e-01  1.19063134e+01
  3.53594417e+02] 11.909354616904096
[-3.64972122e+00 -1.16628745e-02  5.32164534e-02  1.21998783e+01
  3.53470988e+02] 12.19999994699788
[-3.62133226e+00  2.84370813e-02  1.26944034e-01  1.18397506e+01
  3.51893228e+02] 11.840465291141705
[-3.66581520e+00 -9.74309907e-02 -1.26963493e-01  1.18368443e+01
  3.50130764e+02] 11.837926152246817
[-3.66937290e+00 -1.62785380e-02  1.36357291e-01  1.17226790e+01
  3.48532256e+02] 11.723483302765636
[-3.60486104e+00 -1.90287090e-02 -1.79474789e-01  1.19214179e+01
  3.51718949e+02] 11.922783976959856
[-3.66108725e+00  3.11581077e-01 -1.04458286e-01  1.19589612e+01
  3.51543599e+02] 11.963475524587093
[-3.59424947e+00 -7.88485641e-02  8.76169116e-03  1.21781586e+01
  3.56366578e+02] 12.17841702065189
[-3.63179490e+00 -5.84507115e-02  2.87646237e-01  1.19137649e+01
  3.51064986e+02] 11.917380201805798
[-3.67748236e+00 -1.09050534e-01  7.02416780e-02  1.19275527e+01
  3.51001596e+02] 11.92825804042685
[-3.67313406e+00 -1.09198393e-01 -4.40016718e-02  1.19337549e+01
  3.47777024e+02] 11.934335659170879
[-3.62316724e+00 -1.43501385e-01 -2.35374943e-01  1.19806970e+01
  3.52243718e+02] 11.983868076348672
[-3.66427238e+00  2.05239341e-01 -2.38797832e-01  1.17810301e+01
  3.50807683e+02] 11.785237320007733
[-3.76504437e+00 -8.82764187e-02  4.17748586e-01  1.21093898e+01
  3.49940771e+02] 12.11691497710647
[-3.59957716e+00  3.72057996e-01  5.13662735e-02  1.17259730e+01
  3.49187252e+02] 11.731986573640429
[-3.55248293e+00 -9.75790333e-02 -1.75172713e-02  1.21885635e+01
  3.52685029e+02] 12.188966688891515
[-3.49076763e+00  8.03410177e-02  1.43365477e-01  1.18481265e+01
  3.51956355e+02] 11.849266196177307
[-3.69820885e+00  5.06859475e-02  6.29563052e-03  1.20070469e+01
  3.51363290e+02] 12.00715558152849
[-3.58810394e+00  1.86395393e-01 -1.20141940e-02  1.18772808e+01
  3.51743557e+02] 11.878749331991967
[-3.59522069e+00  8.07424705e-02  1.01770780e-02  1.19711774e+01
  3.49910489e+02] 11.971454027007399
[-3.53263246e+00  4.68764078e-02  2.03445321e-01  1.19118843e+01
  3.52079361e+02] 11.913713779088672
[-3.59653091e+00 -1.69936435e-01  7.66060908e-04  1.19008389e+01
  3.53184529e+02] 11.902052188950643
[-3.61372484e+00 -5.54320994e-02 -1.09490361e-01  1.19494068e+01
  3.51166698e+02] 11.950036982019768
[-3.58560381e+00  2.62722235e-01 -2.25844209e-01  1.19274207e+01
  3.52354839e+02] 11.932451288892048
[-3.57962095e+00  4.35202639e-02  1.17733317e-01  1.19961789e+01
  3.53799821e+02] 11.996835531176474
[-3.66061127e+00 -7.74626357e-02  9.38401326e-03  1.21347323e+01
  3.51045738e+02] 12.134983157314437
[-3.74587002e+00  1.73680122e-01  3.28401710e-03  1.21638036e+01
  3.53171273e+02] 12.165043912703398
[-3.62959514e+00  4.33106039e-02  9.62802019e-02  1.19184729e+01
  3.50790165e+02] 11.918940450523783
[-3.61553215e+00 -3.73446515e-01 -9.42382494e-02  1.17874170e+01
  3.51021048e+02] 11.793707774775294
[-3.63594707e+00 -1.63957543e-01 -1.26380685e-01  1.19399820e+01
  3.52584345e+02] 11.94177643088487
[-3.58309862e+00  1.90288025e-01  2.60678052e-01  1.21957295e+01
  3.54644875e+02] 12.199999167819481
[-3.65870404e+00 -1.82023151e-01  1.35011057e-01  1.18052218e+01
  3.49260547e+02] 11.807396956136888
[-3.56740423e+00 -1.24081839e-01  1.06606622e-02  1.20604293e+01
  3.55158323e+02] 12.061072329519225
[-3.64895612e+00 -1.13275100e-01 -1.77646164e-01  1.20171954e+01
  3.53358518e+02] 12.019042181389644
[-3.77244790e+00  1.53472703e-01 -1.21087454e-01  1.21741646e+01
  3.53268648e+02] 12.175734060782911
[-3.65496210e+00 -2.93507044e-01  7.89790107e-02  1.16879573e+01
  3.50193146e+02] 11.691908741052725
[-3.66279972e+00 -2.01478674e-01 -6.24862980e-02  1.21311325e+01
  3.53300243e+02] 12.132966448750981
[-3.60589710e+00  1.82786044e-02  2.27879900e-01  1.21037071e+01
  3.53682181e+02] 12.105865924239932
[-3.60878982e+00  1.41302581e-02 -4.30984426e-02  1.15443990e+01
  3.48334291e+02] 11.544488122235968
[-3.62379905e+00  3.02268147e-02 -4.18454235e-02  1.19030083e+01
  3.50564367e+02] 11.903120190363033
[-3.68325458e+00  4.53049219e-01 -1.10559884e-01  1.18669427e+01
  3.51571605e+02] 11.876102315331636
[-3.53520827e+00 -4.42857950e-02 -3.54703547e-01  1.19413217e+01
  3.52328665e+02] 11.946670620056938
[-3.57710230e+00 -3.25906846e-01 -2.08769560e-02  1.18160472e+01
  3.51451093e+02] 11.820559359154355
[-3.60747265e+00  9.13830612e-02  8.10653156e-02  1.18376265e+01
  3.49952841e+02] 11.83825679946574
[-3.59734455e+00  2.54643917e-02 -1.32911272e-01  1.19978709e+01
  3.50487176e+02] 11.998634047376743
[-3.55337429e+00 -1.60127801e-01  3.07078184e-01  1.19860915e+01
  3.52446687e+02] 11.991093714376271
[-3.60472538e+00  1.52154682e-01  1.55572574e-01  1.18895471e+01
  3.52533950e+02] 11.8915383131371
[-3.55291239e+00 -6.94862931e-02  1.76127755e-01  1.19011027e+01
  3.50524451e+02] 11.902608714433343
[-3.72729971e+00 -1.62227393e-01 -2.53635082e-01  1.19607916e+01
  3.48236145e+02] 11.964580353141194
[-3.64811388e+00 -3.34036483e-02 -6.66147157e-01  1.21329848e+01
  3.53498998e+02] 12.151303923720599
[-3.57154867e+00  9.25100116e-02  1.24706415e-01  1.17152113e+01
  3.50525880e+02] 11.716240244555008
[-3.58574518e+00  6.26260428e-03 -1.07258680e-01  1.18176557e+01
  3.50518487e+02] 11.818144050731776
[-3.70407344e+00 -2.10528474e-01 -6.97983356e-02  1.21090268e+01
  3.51634092e+02] 12.111057965408097
[-3.63412035e+00 -2.11983404e-01 -4.39163150e-02  1.19755029e+01
  3.51139360e+02] 11.977459474441336
[-3.70532138e+00 -3.95726928e-01 -1.99914846e-01  1.18330962e+01
  3.48910352e+02] 11.841399085027364
[-3.64263896e+00 -3.40822895e-01 -2.82804857e-01  1.20766093e+01
  3.53411746e+02] 12.084727156456738
[-3.57717011e+00 -1.83791787e-01  1.30111948e-02  1.21533164e+01
  3.56823178e+02] 12.154713003129048
[-3.69699395e+00  1.07828425e-01  1.55267000e-01  1.21985353e+01
  3.53497969e+02] 12.199999948220842
[-3.60942359e+00  1.77304968e-02  1.29476927e-01  1.21754542e+01
  3.52774130e+02] 12.176155504835114
[-3.61723894e+00 -1.68438651e-01 -1.57311022e-01  1.19344389e+01
  3.51391187e+02] 11.936664159031432
[-3.61260015e+00 -7.88701500e-02 -2.56538977e-01  1.15938069e+01
  3.49357524e+02] 11.59691298059421
[-3.58085142e+00 -1.20051171e-01 -9.43647507e-02  1.21199601e+01
  3.53526972e+02] 12.120921992837742
[-3.67365293e+00  3.62005047e-02  4.51332825e-02  1.20631465e+01
  3.50460338e+02] 12.063285205947995
[-3.59653856e+00  5.20640961e-03  2.48921645e-02  1.20165221e+01
  3.54348118e+02] 12.01654901162557
[-3.61365598e+00  1.51361680e-01 -2.54950666e-01  1.21963298e+01
  3.54412164e+02] 12.199933256508723
[-3.57728367e+00 -1.90517063e-01 -9.33760444e-02  1.20205184e+01
  3.55628579e+02] 12.022390702670613
[-3.59731795e+00 -2.59717739e-01  1.43019085e-01  1.17893522e+01
  3.51324374e+02] 11.793079843759344
[-3.74865468e+00  6.62641564e-02  2.68858477e-01  1.19732033e+01
  3.48600999e+02] 11.976404884818189
[-3.71757542e+00  2.36691842e-01 -1.00786931e-01  1.19666412e+01
  3.53341130e+02] 11.969406136706116
[-3.59884962e+00 -1.64127241e-01  1.23760476e-01  1.17513228e+01
  3.51173315e+02] 11.753120550324436
[-3.70632460e+00 -2.34655533e-01 -1.54745347e-01  1.17848702e+01
  3.47853791e+02] 11.788221905391223
[-3.62741002e+00 -1.72398408e-01  1.29701529e-02  1.19490137e+01
  3.51289652e+02] 11.950264358705963
[-3.60769561e+00 -3.39828299e-01  1.70164665e-01  1.19820200e+01
  3.52524282e+02] 11.988045830731986
[-3.58808448e+00 -1.84346562e-02 -2.53431404e-01  1.17874374e+01
  3.50222680e+02] 11.790175929817552
[-3.61817037e+00  2.55252642e-01 -3.06939376e-02  1.20043332e+01
  3.52431574e+02] 12.007085938299834
[-3.58553157e+00  3.07418191e-01 -8.75437735e-02  1.21471444e+01
  3.53973297e+02] 12.151349179102173
[-3.63465015e+00  2.30160865e-01 -3.43133566e-02  1.20113019e+01
  3.50945112e+02] 12.01355583629714
[-3.51695298e+00  1.39883003e-01  3.71821030e-02  1.17035942e+01
  3.49576578e+02] 11.704489228157131
[-3.63218958e+00 -8.76491532e-02 -1.33719502e-01  1.17675457e+01
  3.52664861e+02] 11.768631846870846
[-3.65740154e+00  9.84899288e-02 -3.74677688e-02  1.19764192e+01
  3.52052119e+02] 11.976882739931273
[-3.62276485e+00 -1.29448219e-02  2.71188702e-01  1.21725229e+01
  3.54017635e+02] 12.175550289308871
[-3.70246156e+00  2.74110590e-01  2.53627476e-01  1.21746057e+01
  3.52552489e+02] 12.180331969870064
[-3.60685912e+00  7.05908010e-02  4.73723971e-02  1.20625391e+01
  3.53910581e+02] 12.062838674438948
[-3.55904890e+00 -1.24701007e-01  3.50286092e-01  1.21356148e+01
  3.53007605e+02] 12.141309497123473
[-3.62131695e+00  6.07492262e-02 -3.66152606e-01  1.20124312e+01
  3.53799173e+02] 12.01816382672705
[-3.63045526e+00 -1.33257070e-01  1.30371798e-01  1.19287151e+01
  3.51348488e+02] 11.930171773128288
[-3.61511898e+00 -2.34092486e-01  2.56119613e-01  1.19036895e+01
  3.50282466e+02] 11.908745510435983
[-3.66566423e+00 -6.91173451e-02 -4.88387161e-01  1.17931456e+01
  3.49977767e+02] 11.803456344613032
[-3.66599663e+00  1.55098512e-01 -1.93387813e-01  1.20538083e+01
  3.52934194e+02] 12.056357194970817
[-3.56925373e+00  1.45361913e-01 -4.82767633e-02  1.17138078e+01
  3.50437167e+02] 11.714809207683903
[-3.56619741e+00 -1.42406780e-01  3.05113922e-01  1.17578304e+01
  3.50876351e+02] 11.762650653521588
[-3.71358271e+00  6.78667299e-02 -3.05801390e-01  1.19135754e+01
  3.51937479e+02] 11.91769270432426
[-3.56089881e+00 -2.38620469e-02  1.10547998e-02  1.19226981e+01
  3.50586337e+02] 11.922727066461768
[-3.57544079e+00  3.78833553e-02  1.16046480e-01  1.16482059e+01
  3.51111129e+02] 11.648845529633947
[-3.56794266e+00 -5.78967892e-02 -1.17867180e-01  1.17856624e+01
  3.50899222e+02] 11.786393948236302
[-3.56940637e+00  1.01249893e-01 -1.20052638e-01  1.17162845e+01
  3.51165647e+02] 11.717337025785406
[-3.66817869e+00  9.85529499e-02  1.68478996e-01  1.20223438e+01
  3.52984146e+02] 12.023928120228247
[-3.66261107e+00  3.59347854e-01  2.11748249e-01  1.20653153e+01
  3.53148557e+02] 12.072522565308276
[-3.63057910e+00 -5.83165981e-02  2.34468343e-01  1.18381299e+01
  3.49627843e+02] 11.840595236358887
[-3.57870810e+00  1.80107683e-01 -5.64698109e-02  1.15687974e+01
  3.48720174e+02] 11.570337161516573
[-3.64292099e+00  7.98723381e-02  2.89158165e-01  1.20559711e+01
  3.52926901e+02] 12.059702794045538
[-3.61805578e+00  3.72093842e-02 -4.39078650e-02  1.20344917e+01
  3.52516406e+02] 12.034629365779448
[-3.66299390e+00  6.95498225e-02 -1.91131533e-01  1.20166305e+01
  3.49932198e+02] 12.018351650195735
[-3.64323384e+00  1.31351311e-01  5.05249088e-02  1.18838815e+01
  3.49616362e+02] 11.884714753254237
[-3.57966654e+00  1.49561490e-01 -1.92283887e-01  1.17638455e+01
  3.50304281e+02] 11.766367407845147
[-3.57827532e+00 -4.60295334e-02  1.14019971e-01  1.20885505e+01
  3.52227131e+02] 12.089175831928157
[-3.56860440e+00 -9.57658329e-03 -8.64882291e-03  1.19388997e+01
  3.54802377e+02] 11.938906658131637
[-3.57544544e+00  3.73037480e-01  1.69477808e-01  1.19912029e+01
  3.52329838e+02] 11.998201011000312
[-3.60496155e+00  3.26981074e-02 -5.25541583e-02  1.19238712e+01
  3.52220764e+02] 11.92403186833978
[-3.58660580e+00 -3.41279710e-01  1.32301040e-02  1.21596252e+01
  3.54853841e+02] 12.164420725847659
[-3.53486727e+00  1.23992948e-01  7.92828056e-02  1.19419227e+01
  3.53386427e+02] 11.942829544049003
[-3.60844724e+00  1.07771122e-01 -2.27143158e-01  1.18783644e+01
  3.50210424e+02] 11.881024750346901
[-3.56573252e+00  1.75873527e-01  2.44396624e-01  1.20087587e+01
  3.53967159e+02] 12.012532899687798
[-3.69918967e+00  2.53894048e-02  1.59887483e-01  1.21989258e+01
  3.53900985e+02] 12.199999999595894
[-3.59662245e+00  2.83278476e-01 -2.30232223e-02  1.19285030e+01
  3.53402399e+02] 11.93188838829964
[-3.64476831e+00  1.59116834e-01  2.19434752e-01  1.20509852e+01
  3.51828128e+02] 12.054033150740011
[-3.70504066e+00 -4.86060607e-02 -5.20389984e-02  1.17027635e+01
  3.49443665e+02] 11.702980149983238
[-3.55970388e+00 -1.18229488e-01 -6.54356260e-02  1.19897552e+01
  3.54508379e+02] 11.990516648255648
[-3.53616084e+00 -2.45445831e-01 -2.45511053e-01  1.19271463e+01
  3.53806684e+02] 11.932197561546374
[-3.61753197e+00 -2.29666858e-01 -3.70796106e-01  1.18424253e+01
  3.51302623e+02] 11.850454557705982
[-3.67383331e+00  2.15831779e-01  3.20036028e-01  1.19678073e+01
  3.54011970e+02] 11.974030933352267
[-3.60968333e+00  2.82477433e-01  1.34638924e-01  1.18930334e+01
  3.52189228e+02] 11.897149442473745
[-3.61828510e+00  2.29695164e-01 -2.13145747e-01  1.17645741e+01
  3.49562340e+02] 11.768746527753175
[-3.53716133e+00 -4.47269951e-02  1.88786043e-01  1.17480035e+01
  3.52236347e+02] 11.749605358397435
[-3.71875807e+00  3.12037412e-01 -5.30807929e-02  1.18822003e+01
  3.48291575e+02] 11.886415350856979
[-3.52353558e+00  3.46676558e-01  3.78294360e-03  1.18435292e+01
  3.52449696e+02] 11.84860260309838
[-3.74945746e+00  4.67546065e-01 -1.39994233e-01  1.16636674e+01
  3.48383099e+02] 11.673874053848044
[-3.55872367e+00 -6.29513082e-02  7.97069289e-03  1.20047787e+01
  3.53013453e+02] 12.004946367392753
[-3.59155961e+00 -1.63095304e-01 -1.79442862e-01  1.20623977e+01
  3.53810015e+02] 12.064834783931978
[-3.57758316e+00 -1.46682002e-01 -2.00986534e-01  1.19113686e+01
  3.51859364e+02] 11.91396713870026
[-3.51980816e+00 -1.68635690e-01 -1.50900005e-01  1.17688018e+01
  3.52468141e+02] 11.77097726178363
[-3.56022755e+00 -6.78629345e-02  1.18941065e-01  1.20504170e+01
  3.54853889e+02] 12.05119507804233
[-3.65980616e+00  8.25566660e-02 -1.46912287e-01  1.20065367e+01
  3.52519389e+02] 12.007719328336577
[-3.70757287e+00  5.93129022e-02 -2.99519014e-01  1.18343688e+01
  3.49797660e+02] 11.838307078637033
[-3.59399641e+00 -2.58979458e-01 -2.06462591e-01  1.21955032e+01
  3.57137558e+02] 12.199999831368913
[-3.63398627e+00 -8.64614565e-02  3.56174902e-01  1.19100732e+01
  3.52117823e+02] 11.91571143064962
[-3.55103326e+00 -2.00542411e-01 -8.38552274e-02  1.20668942e+01
  3.55156025e+02] 12.068851807997763
[-3.59364419e+00 -1.80099552e-01 -2.20495387e-01  1.18602901e+01
  3.52019201e+02] 11.863706620532204
[-3.57756667e+00 -1.50562590e-01 -8.72984398e-02  1.18838589e+01
  3.50135064e+02] 11.88513321515102
[-3.54615900e+00  1.04118955e-03  1.41763444e-01  1.20593303e+01
  3.52034314e+02] 12.06016351689615
[-3.56329054e+00  1.51851337e-02 -1.15343860e-01  1.19254906e+01
  3.53173875e+02] 11.926058102398423
[-3.69429903e+00  4.10795061e-02  1.33226268e-01  1.21689491e+01
  3.52188165e+02] 12.169747738235676
[-3.63647322e+00  4.65090221e-02  5.00695097e-02  1.18568371e+01
  3.50532592e+02] 11.85703406733569
[-3.65249872e+00 -4.77266878e-02  9.06145456e-02  1.16579758e+01
  3.49142134e+02] 11.658425621933727
[-3.59137338e+00 -1.88181562e-01 -1.55871771e-01  1.19478428e+01
  3.52973756e+02] 11.950341255806704
[-3.62264839e+00  1.92470153e-01  4.23986218e-02  1.17948510e+01
  3.51649005e+02] 11.796497509743475
[-3.59166243e+00  2.47784760e-01  2.08805789e-01  1.20060358e+01
  3.52954584e+02] 12.010407676453518
[-3.54515816e+00 -7.47153408e-02  1.38309954e-01  1.21245933e+01
  3.54203493e+02] 12.125612359599176
[-3.62036159e+00 -2.30420509e-01  3.98533559e-01  1.21100074e+01
  3.52738299e+02] 12.118754171613217
[-3.63872854e+00 -2.90492105e-02  9.76831668e-02  1.20360927e+01
  3.55154328e+02] 12.036524122933205
[-3.60465509e+00  6.52738661e-03  7.44775697e-03  1.20067689e+01
  3.53569527e+02] 12.006772966289624
[-3.57670018e+00 -2.75387359e-01  1.81614070e-01  1.21181047e+01
  3.54303176e+02] 12.122593877695516
[-3.62578915e+00 -9.70184859e-02 -1.02106713e-01  1.21295475e+01
  3.52980488e+02] 12.130365267858632
[-3.74229051e+00  2.22967927e-01 -1.15583022e-01  1.18224575e+01
  3.50676911e+02] 11.825124768519567
[-3.60209993e+00 -8.08763547e-02  2.55091813e-01  1.17018389e+01
  3.49508991e+02] 11.704898401029547
[-3.66458104e+00  9.50001546e-03 -2.45593999e-01  1.20949388e+01
  3.51937963e+02] 12.09743572704554
[-3.59172233e+00  4.74023814e-02 -1.61984960e-01  1.20380541e+01
  3.54826198e+02] 12.039237241777267
[-3.64194101e+00  5.05056654e-02 -7.04452947e-02  1.20182321e+01
  3.52476029e+02] 12.018544724258312
[-3.66458158e+00  4.02412525e-02  7.23496434e-02  1.18534209e+01
  3.49850217e+02] 11.853709998514123
[-3.58338925e+00  7.54300318e-02  1.79178413e-01  1.19026164e+01
  3.50757563e+02] 11.90420393984304
[-3.50869057e+00 -1.50210480e-01  2.52800409e-01  1.18945016e+01
  3.53724824e+02] 11.898135934599
[-3.64116693e+00 -1.58724790e-01  9.92213002e-02  1.20070207e+01
  3.52042836e+02] 12.008479741367392
[-3.70207915e+00  1.53541506e-01  1.60288783e-01  1.21145473e+01
  3.52082516e+02] 12.116580575883509
[-3.62834216e+00  4.32734829e-01 -5.47567480e-02  1.18638263e+01
  3.52476512e+02] 11.87184200358734
[-3.53607532e+00 -6.64575915e-02 -5.50765523e-02  1.17633367e+01
  3.52080926e+02] 11.763653379581758
[-3.49960729e+00 -3.14582249e-02  2.87295196e-01  1.17185410e+01
  3.51037176e+02] 11.722104422479541
[-3.58775190e+00 -1.71475763e-01 -2.81361735e-01  1.20398672e+01
  3.51848671e+02] 12.044375021605786
[-3.61901853e+00  2.87694013e-01  6.20097299e-02  1.20427207e+01
  3.53117914e+02] 12.046316249597286
[-3.60156900e+00  1.21892122e-01  1.17332814e-01  1.16965841e+01
  3.49114911e+02] 11.69780765685832
[-3.63192848e+00  4.90296793e-02 -1.20181796e-01  1.20367579e+01
  3.52288588e+02] 12.037457735753113
[-3.62325082e+00  1.42728296e-01  1.55633619e-01  1.18028561e+01
  3.50514771e+02] 11.804745050591382
[-3.65837492e+00 -1.02891839e-01  1.66812449e-01  1.21908412e+01
  3.53722586e+02] 12.192416606858632
[-3.50780676e+00 -5.22765119e-02 -3.69626000e-01  1.18804638e+01
  3.53141744e+02] 11.88632732013217
[-3.68405544e+00  4.28869247e-01  1.73787147e-01  1.19723271e+01
  3.49911819e+02] 11.981266491489427
[-3.65953791e+00  8.44103777e-02  4.51325939e-02  1.18814136e+01
  3.52324996e+02] 11.881799115823132
[-3.66059172e+00  1.93410282e-01 -1.56816916e-01  1.20151176e+01
  3.52122377e+02] 12.017697386155236
[-3.61634238e+00  1.62881885e-01 -1.63753982e-02  1.20962138e+01
  3.53497780e+02] 12.097321505882327
[-3.58030308e+00  1.84304512e-01  2.45418573e-01  1.20013153e+01
  3.52490896e+02] 12.005239164690726
[-3.65201147e+00  1.67432835e-01  1.08400547e-01  1.21136181e+01
  3.53583533e+02] 12.115260105866584
[-3.60234159e+00 -1.05461041e-02  5.86356647e-02  1.17390799e+01
  3.49965194e+02] 11.739231121726952
[-3.56375474e+00 -1.22638502e-01 -4.23162488e-02  1.20141683e+01
  3.55135581e+02] 12.014868704276726
[-3.53484325e+00 -1.37447317e-01 -5.64542470e-02  1.21990950e+01
  3.57030433e+02] 12.199999944436986
[-3.65892456e+00  2.03202497e-01 -1.05338419e-01  1.19640373e+01
  3.50762647e+02] 11.966226509146736
[-3.53600129e+00 -1.08112500e-01  1.67893718e-02  1.15277370e+01
  3.48943216e+02] 11.528256202442426
[-3.61282761e+00  5.84964877e-02 -1.90089895e-01  1.19071535e+01
  3.52778024e+02] 11.908814391469367
[-3.60883626e+00 -1.60375106e-01 -2.40869250e-01  1.21965675e+01
  3.54472365e+02] 12.199999909186458
[-3.57479464e+00 -2.98138706e-01  1.38115555e-01  1.17255771e+01
  3.50288070e+02] 11.730179877946458
[-3.58439179e+00 -3.09876214e-01 -2.22045810e-01  1.19674502e+01
  3.51102845e+02] 11.973520417400255
[-3.59085677e+00  3.35561310e-01  2.27920450e-02  1.16393808e+01
  3.49860520e+02] 11.644239180892379
[-3.54192961e+00  2.14686781e-01 -2.25314012e-02  1.17831358e+01
  3.48521238e+02] 11.785112940722595
[-3.61560653e+00 -1.34856532e-01  1.46802134e-01  1.20302081e+01
  3.52655977e+02] 12.031859503715761
[-3.64305549e+00  5.20559262e-02  3.73438288e-01  1.20262447e+01
  3.53873289e+02] 12.032153890014651
[-3.61121506e+00 -2.75646597e-01 -1.83361669e-01  1.20566382e+01
  3.55115581e+02] 12.061182674490201
[-3.58359241e+00  1.56255845e-01 -4.34625082e-01  1.19820430e+01
  3.51832022e+02] 11.990941141196808
[-3.61532081e+00  2.26331047e-01 -1.19666032e-01  1.19678621e+01
  3.53372636e+02] 11.970600174392777
[-3.52636920e+00 -7.33521304e-02 -1.50403686e-01  1.16594973e+01
  3.51402680e+02] 11.660698044824722
[-3.62651771e+00  2.54051368e-01  1.61007545e-01  1.19642106e+01
  3.50985156e+02] 11.967990683965049
[-3.61008206e+00 -3.79811027e-01  7.74662737e-02  1.18058142e+01
  3.50808214e+02] 11.81217620434657
[-3.69567807e+00 -3.58894790e-02  1.69654770e-01  1.20660414e+01
  3.51754151e+02] 12.06728738126464
[-3.64936406e+00 -9.90323464e-03 -1.13466271e-01  1.21670371e+01
  3.52372038e+02] 12.167570211072018
[-3.63797143e+00  1.86817398e-01  6.32208264e-02  1.19055657e+01
  3.51030040e+02] 11.907199221960587
[-3.55959230e+00  2.49183477e-01 -1.11753008e-01  1.20666291e+01
  3.53806640e+02] 12.06971907410754
[-3.60176145e+00 -1.71257227e-01  3.65426007e-02  1.18808588e+01
  3.52613679e+02] 11.88214920077813
[-3.64145899e+00  1.49336044e-01  3.28897823e-02  1.21542862e+01
  3.54787224e+02] 12.155248083017467
[-3.61087264e+00 -5.65679872e-02  9.60647697e-02  1.21661946e+01
  3.54018588e+02] 12.166705353674052
[-3.66111009e+00  1.55524468e-01 -1.95592711e-01  1.21384504e+01
  3.54135503e+02] 12.141022342538367
[-3.64040050e+00 -1.85805203e-01  6.61046489e-02  1.16869954e+01
  3.49427091e+02] 11.688659253636507
[-3.60448123e+00  1.02752208e-01  1.91807593e-01  1.21941675e+01
  3.53684097e+02] 12.19610874724876
[-3.60278212e+00  1.23465348e-02  2.12721269e-01  1.20093318e+01
  3.53971098e+02] 12.011221924242557
[-3.58700491e+00  4.54365240e-01  2.35211697e-01  1.20236492e+01
  3.56100513e+02] 12.034529987818384
[-3.64479245e+00  9.84281973e-02  1.79734775e-01  1.19938837e+01
  3.53586039e+02] 11.99563418404959
[-3.61180105e+00 -2.02599339e-02  1.92601777e-01  1.21759204e+01
  3.55080399e+02] 12.177460458529495
[-3.62597902e+00  1.13975287e-02  3.21104961e-01  1.18668747e+01
  3.51764888e+02] 11.871223724262384
[-3.61292425e+00 -5.08377393e-02  9.65299639e-02  1.19097199e+01
  3.51813573e+02] 11.91021962526298
[-3.71516615e+00 -3.64191965e-01 -2.84983937e-02  1.18995740e+01
  3.49709787e+02] 11.905179906588105
[-3.62308770e+00 -4.68334184e-02  1.25818553e-02  1.19534072e+01
  3.53968773e+02] 11.953505566842818
[-3.60946181e+00 -8.08489308e-02  3.67361176e-01  1.20610976e+01
  3.53526419e+02] 12.066961805814445
[-3.59706661e+00  3.27803180e-01 -1.63057510e-01  1.17534922e+01
  3.52620711e+02] 11.759193058810443
[-3.56990613e+00  1.80055916e-02  9.08469285e-02  1.21180032e+01
  3.52205262e+02] 12.118357142751504
[-3.72981638e+00 -3.21721970e-01 -6.81841890e-02  1.16163092e+01
  3.49942366e+02] 11.62096357950622
[-3.53928562e+00  1.00067402e-02  4.07866874e-02  1.19456670e+01
  3.53861865e+02] 11.945740861315727
[-3.59845272e+00 -7.12826601e-02 -6.70920268e-02  1.18973032e+01
  3.52630500e+02] 11.897705919404277
[-3.72304491e+00  4.11587496e-03  6.90902839e-02  1.20702227e+01
  3.52755505e+02] 12.070421111598671
[-3.53896772e+00  1.80409625e-01 -1.47873721e-01  1.20199036e+01
  3.54802879e+02] 12.022166857147658
[-3.71339591e+00  7.99853920e-02 -1.26857057e-01  1.18814407e+01
  3.50975520e+02] 11.882387130843505
[-3.61319837e+00  3.34442747e-02  1.52299063e-01  1.20570797e+01
  3.51368656e+02] 12.058087943045646
[-3.50320453e+00 -5.72504807e-03 -2.03753143e-01  1.20345803e+01
  3.50603461e+02] 12.036306395168724
[-3.57709918e+00  5.53946368e-02  2.99577620e-01  1.19036073e+01
  3.51373517e+02] 11.907505289735198
[-3.52896667e+00 -1.02560711e-02  2.39992190e-02  1.18099541e+01
  3.51835766e+02] 11.809982971302208
[-3.73135219e+00 -3.48140782e-01  1.69810511e-01  1.19450237e+01
  3.50373430e+02] 11.951302429544674
[-3.56364279e+00  1.20755418e-01  2.54764642e-02  1.20668466e+01
  3.54955398e+02] 12.067477723448977
[-3.68776163e+00 -2.55755199e-01  1.85687448e-02  1.19008764e+01
  3.51524088e+02] 11.903638705638649
[-3.56962115e+00 -1.12757133e-01  1.20830769e-01  1.17190821e+01
  3.53468195e+02] 11.72024743594842
[-3.63347320e+00  1.39206666e-01  8.18086379e-03  1.20559659e+01
  3.52569866e+02] 12.056772293575934
[-3.55430964e+00  5.72612553e-02 -6.25761229e-02  1.18358613e+01
  3.50408631e+02] 11.836165248811875
[-3.67702296e+00 -2.54332116e-01  1.19962390e-01  1.20720144e+01
  3.54441406e+02] 12.075289140414055
[-3.62987302e+00  5.03018056e-01 -5.02756880e-02  1.20000453e+01
  3.54314209e+02] 12.010688655812007
[-3.66057788e+00 -9.79578987e-02 -5.35484529e-02  1.19868814e+01
  3.52774668e+02] 11.98740125213063
[-3.58427922e+00 -1.57847974e-01  4.20283571e-02  1.18856273e+01
  3.49571934e+02] 11.886749741942667
[-3.55640053e+00 -3.07596188e-01  1.03959185e-01  1.18875191e+01
  3.53506686e+02] 11.891952507602753
[-3.49661241e+00  2.66331170e-01  1.38584696e-01  1.20999691e+01
  3.53902258e+02] 12.103693228890313
[-3.58903413e+00 -5.99429825e-02 -2.10010316e-01  1.18595608e+01
  3.52501756e+02] 11.861571512675742
[-3.53117962e+00 -1.73994528e-01  6.90805092e-02  1.18656692e+01
  3.53206877e+02] 11.867145886885902
[-3.68051334e+00 -1.23030590e-01 -2.28994017e-02  1.19979143e+01
  3.52344352e+02] 11.99856693386268
[-3.64972359e+00  1.55631896e-01  3.27069771e-02  1.21989634e+01
  3.52269400e+02] 12.19999994032687
[-3.60136690e+00  8.34497163e-02 -7.15648464e-02  1.20769668e+01
  3.51800299e+02] 12.07746711798766
[-3.60434858e+00  3.38990666e-02  4.44977729e-01  1.18777859e+01
  3.52566362e+02] 11.88616639976423
[-3.62640953e+00  1.14577241e-01 -1.95944535e-01  1.18445372e+01
  3.50382180e+02] 11.846711961326134
[-3.65439111e+00 -1.41569127e-02 -2.06502175e-02  1.18765312e+01
  3.49823248e+02] 11.876557543671096
[-3.57394764e+00 -2.49962534e-01 -1.39841623e-01  1.19482549e+01
  3.52101253e+02] 11.951687411784366
[-3.61206942e+00  5.91117466e-02  4.40574207e-01  1.17069741e+01
  3.52852472e+02] 11.71541043646167
[-3.60122396e+00 -3.05237788e-02  2.96641175e-02  1.16305867e+01
  3.50811204e+02] 11.6306645674103
[-3.59800152e+00 -5.47787131e-02 -1.40011520e-01  1.21434092e+01
  3.53569836e+02] 12.144339859045434
[-3.73757215e+00 -2.14491033e-01 -3.71972384e-02  1.19641296e+01
  3.51704834e+02] 11.966109900481001
[-3.54995711e+00 -9.99257997e-02  9.00274581e-02  1.20544388e+01
  3.54461444e+02] 12.055189154258366
[-3.62839046e+00 -1.21743046e-01  1.36132294e-01  1.21332786e+01
  3.52966943e+02] 12.134653030296729
[-3.56452572e+00  4.26233582e-02 -1.66882454e-01  1.19407163e+01
  3.53612088e+02] 11.94195850513434
[-3.52862355e+00 -2.03105686e-01 -2.22963792e-02  1.17753909e+01
  3.51091872e+02] 11.77716353551829
[-3.55675702e+00  3.87280310e-02 -3.96469844e-03  1.19248062e+01
  3.53718861e+02] 11.924869797053443
[-3.56926617e+00  2.83684651e-01 -3.66527054e-01  1.16756667e+01
  3.48500730e+02] 11.68486256285521
[-3.54646965e+00  2.11737556e-01 -1.97263486e-01  1.19257857e+01
  3.53360682e+02] 11.9292963256117
[-3.60911126e+00  2.74176188e-01 -1.24493177e-01  1.18260032e+01
  3.53207155e+02] 11.829836137542932
[-3.66391276e+00  2.76625052e-01 -2.95478201e-02  1.19662589e+01
  3.51355812e+02] 11.96949228618697
[-3.59855944e+00  4.78510002e-02  7.08141543e-02  1.20970365e+01
  3.52137879e+02] 12.097338412670767
[-3.61589411e+00  1.52991843e-01 -9.41273470e-02  1.20904449e+01
  3.52584085e+02] 12.091779249855197
[-3.58885474e+00 -8.18228666e-02  3.42644253e-01  1.20802085e+01
  3.53068194e+02] 12.085343946525313
[-3.57820764e+00 -1.08346041e-01  4.04644587e-01  1.21073615e+01
  3.53738595e+02] 12.114605991544373
[-3.69904164e+00  3.92293998e-01 -1.27637915e-01  1.18498452e+01
  3.51460249e+02] 11.857023988230395
[-3.63975586e+00 -1.68339079e-01  1.64838471e-01  1.20470060e+01
  3.50435095e+02] 12.049309632302968
[-3.63958707e+00  2.73335753e-01  1.25165644e-01  1.21005051e+01
  3.51209524e+02] 12.104239057246634
[-3.64967492e+00 -4.96658142e-02  1.45299379e-01  1.20271664e+01
  3.52865862e+02] 12.028146562812505
[-3.60611617e+00  8.25291385e-02  7.72703217e-02  1.19964249e+01
  3.53372916e+02] 11.996957604461029
[-3.71242059e+00  1.69586797e-01 -8.93482931e-02  1.19977441e+01
  3.51891012e+02] 11.999275203799835
[-3.59636916e+00  8.50421272e-02  1.63870962e-01  1.19561274e+01
  3.53196158e+02] 11.957552790193233
[-3.68294896e+00  6.08723595e-02 -1.98740182e-01  1.20878839e+01
  3.54315548e+02] 12.089670786707945
[-3.68643246e+00 -1.11068844e-01  2.24975842e-01  1.18833640e+01
  3.52014143e+02] 11.886012425095348
[-3.59368170e+00  2.32199652e-01 -2.74748637e-01  1.18288434e+01
  3.53030893e+02] 11.834312012523903
[-3.54484210e+00  2.67163953e-01 -1.51481161e-01  1.19861207e+01
  3.52447132e+02] 11.990054706887147
[-3.61568588e+00  1.21332680e-01  2.25176338e-01  1.21414338e+01
  3.56971168e+02] 12.14412785983604
[-3.65131592e+00 -1.13775112e-01 -1.62849467e-01  1.21617425e+01
  3.53897540e+02] 12.163364905601481
[-3.58621293e+00 -2.89572436e-01  2.75523476e-01  1.17872803e+01
  3.48934427e+02] 11.794055418124424
[-3.61274750e+00  3.35949092e-02 -4.15680752e-03  1.21893275e+01
  3.55435024e+02] 12.189374491631561
[-3.60921751e+00  8.87172887e-03  5.50236887e-02  1.21998727e+01
  3.59875539e+02] 12.199999973893192
[-3.62935505e+00  1.63407039e-01 -3.74677135e-02  1.20612954e+01
  3.55036756e+02] 12.062460419498677
[-3.68775948e+00  4.00198586e-02 -2.35989793e-01  1.20571063e+01
  3.52243986e+02] 12.059481987076806
[-3.59435928e+00  1.86749154e-02  9.45819611e-02  1.18432204e+01
  3.51834104e+02] 11.843612798838448
[-3.56528566e+00  5.39950012e-02  3.17146464e-01  1.18908460e+01
  3.52122303e+02] 11.895197214497504
[-3.73159308e+00 -3.29769394e-02  1.08716811e-01  1.21445935e+01
  3.51688042e+02] 12.145124856337254
[-3.53880820e+00  3.41163710e-01 -5.30977114e-02  1.18513927e+01
  3.50515526e+02] 11.856421107013853
[-3.63514474e+00  2.46198864e-01  7.23638465e-02  1.21312515e+01
  3.52425307e+02] 12.133965250125648
[-3.54799951e+00 -1.90900520e-01  2.14125073e-02  1.16915203e+01
  3.52265552e+02] 11.693098279683596
[-3.57163755e+00  3.80316912e-01 -2.11545047e-01  1.19695503e+01
  3.52820880e+02] 11.977459116248339
[-3.70003434e+00 -1.24638716e-01  6.51807067e-02  1.21504330e+01
  3.52327788e+02] 12.151247078039734
[-3.52375157e+00  1.43800214e-01 -2.93502167e-03  1.18785724e+01
  3.52947345e+02] 11.879443165304536
[-3.59395731e+00 -1.76893334e-01 -8.73858413e-02  1.18366532e+01
  3.51584215e+02] 11.838297462472282
[-3.58955400e+00 -1.41291873e-01  7.12639403e-02  1.21989736e+01
  3.54956617e+02] 12.199999998544323
[-3.60190965e+00 -2.17669017e-01  1.93473264e-01  1.18802323e+01
  3.50373463e+02] 11.88380116783296
[-3.62029925e+00 -2.15442651e-01  1.69392313e-03  1.17939643e+01
  3.51133859e+02] 11.795932042729046
[-3.61288017e+00 -1.65111457e-01 -5.17784183e-02  1.19670051e+01
  3.52323372e+02] 11.96825604196607
[-3.66897709e+00  1.30943736e-03  1.61764145e-01  1.20329383e+01
  3.50477630e+02] 12.034025694905537
[-3.62289136e+00  2.37870618e-02 -1.36159371e-01  1.21492734e+01
  3.56448315e+02] 12.150059627824067
[-3.64275262e+00 -2.48227659e-01  7.85376417e-02  1.19663306e+01
  3.52237082e+02] 11.969162635665933
[-3.59830543e+00 -2.48311929e-01  2.18266299e-01  1.20338108e+01
  3.54096190e+02] 12.038351275653852
[-3.67302460e+00  4.24321103e-01 -1.73244478e-01  1.17634767e+01
  3.49764852e+02] 11.77240186936101
[-3.58749245e+00 -1.45861683e-01 -2.56639507e-01  1.18669986e+01
  3.52315645e+02] 11.870669574315304
[-3.59518349e+00 -1.63409556e-01 -4.62550025e-01  1.19888970e+01
  3.52976118e+02] 11.998929352528958
[-3.58091214e+00 -2.07244121e-01 -1.07485699e-01  1.20384066e+01
  3.54692072e+02] 12.040670154023877
[-3.62045328e+00 -5.15361396e-02  7.65319942e-02  1.19780956e+01
  3.53151040e+02] 11.978450975041035
[-3.63651302e+00 -1.66088531e-01  1.96470367e-01  1.18236127e+01
  3.52617875e+02] 11.826411256661414
[-3.56768243e+00  9.12939182e-02 -1.15126831e-01  1.17228082e+01
  3.50848789e+02] 11.72372895413435
[-3.69279603e+00  4.47132947e-02  2.25154933e-01  1.18708578e+01
  3.53694463e+02] 11.873077090339851
[-3.60801930e+00  7.33308679e-02  1.05604260e-01  1.19044657e+01
  3.51685389e+02] 11.905159919521891
[-3.59645923e+00 -3.04098993e-01  3.74065630e-02  1.18077888e+01
  3.50624267e+02] 11.811763249184045
[-3.61780619e+00  2.39089986e-01  1.00052388e-03  1.18822857e+01
  3.50919770e+02] 11.884690883080273
[-3.54247257e+00  4.29271313e-01  3.73756390e-02  1.18966810e+01
  3.53896969e+02] 11.90448188084771
[-3.63587080e+00 -1.33725371e-01  2.97843968e-02  1.21143532e+01
  3.52469508e+02] 12.115127844363831
[-3.61369428e+00 -2.59785161e-01  1.07623301e-01  1.19751253e+01
  3.50121767e+02] 11.978426300866154
[-3.64181796e+00 -2.57094369e-01 -2.07981082e-01  1.21547677e+01
  3.53218877e+02] 12.159265224721436
[-3.68861938e+00  1.91631613e-01 -1.15893763e-02  1.19133612e+01
  3.50207813e+02] 11.91490794882789
[-3.70311830e+00  9.84222651e-02  1.01370447e-01  1.20986790e+01
  3.51016518e+02] 12.099503932789585
[-3.58878115e+00 -3.15864294e-02 -1.69552454e-01  1.21371823e+01
  3.51664013e+02] 12.138407632228022
[-3.66113619e+00 -3.27793917e-01  1.17172486e-01  1.17704341e+01
  3.50369347e+02] 11.775580578045071
[-3.67064327e+00  2.08288682e-01  1.51424213e-01  1.21972819e+01
  3.54571567e+02] 12.199999984225547
[-3.56765091e+00 -1.99821011e-01 -4.95564713e-02  1.19804319e+01
  3.51507287e+02] 11.98220067988103
[-3.69481552e+00  3.50463037e-01  1.53384492e-01  1.20807844e+01
  3.51499972e+02] 12.08684009191414
[-3.61949263e+00  2.37892531e-01 -1.45218227e-02  1.19926710e+01
  3.54405300e+02] 11.995039084240695
[-3.57925982e+00  1.97661689e-03  1.36242259e-01  1.16694469e+01
  3.51655719e+02] 11.67024236059579
[-3.66134513e+00  3.50821314e-01  1.06087836e-01  1.21944934e+01
  3.55703387e+02] 12.199999972635942
[-3.71077369e+00 -1.21462409e-02 -8.65862755e-02  1.19134878e+01
  3.51374422e+02] 11.913808612029
[-3.58478120e+00  3.93497025e-02  4.28691720e-02  1.21686668e+01
  3.53621486e+02] 12.168805903178729
[-3.63466367e+00  1.52719250e-02  1.10291443e-01  1.20995670e+01
  3.52436850e+02] 12.100079278754032
[-3.62025560e+00 -1.67956337e-02 -3.50602458e-01  1.18511285e+01
  3.52016385e+02] 11.856325306428811
[-3.67651844e+00  1.26259157e-01 -2.18991779e-01  1.19747248e+01
  3.51350272e+02] 11.977392549173917
[-3.50408026e+00 -3.16769533e-01  6.09606752e-03  1.20683787e+01
  3.54306627e+02] 12.072536780750443
[-3.62729929e+00 -2.66572372e-01  2.02861091e-01  1.20027160e+01
  3.53208321e+02] 12.00738954849384
[-3.64565152e+00  2.26597403e-01  8.83326030e-02  1.19441714e+01
  3.51345305e+02] 11.946647238868678
[-3.68468034e+00  5.37094702e-02 -8.06446190e-02  1.21106619e+01
  3.52817012e+02] 12.111049533706378
[-3.60347988e+00 -2.36781337e-02 -1.56068668e-01  1.20191222e+01
  3.52921867e+02] 12.020158796888701
[-3.66058674e+00 -8.45774962e-02 -2.53116620e-01  1.20445884e+01
  3.51384266e+02] 12.047544597614067
[-3.62322270e+00 -2.38048418e-01 -2.57888310e-01  1.19788215e+01
  3.55032741e+02] 11.983961741952598
[-3.63840413e+00 -5.69648797e-02  3.64345897e-01  1.21676366e+01
  3.52143577e+02] 12.173223637792038
[-3.60425389e+00  3.52271886e-01  2.52976277e-01  1.19357402e+01
  3.53417380e+02] 11.943616937715747
[-3.60233169e+00  1.77518668e-01 -1.26333330e-01  1.19171114e+01
  3.50820580e+02] 11.919103077652261
[-3.71667864e+00  8.98798903e-02 -1.62589807e-01  1.21437707e+01
  3.50710380e+02] 12.14519161970676
[-3.56986596e+00 -9.11017146e-02  2.84544537e-01  1.19791494e+01
  3.54299060e+02] 11.982874661419128
[-3.60969558e+00  1.18602611e-01 -1.73653083e-01  1.15869871e+01
  3.48231765e+02] 11.588895247368356
[-3.58549919e+00 -2.85000376e-01 -2.60614498e-01  1.18670207e+01
  3.53123843e+02] 11.873303031022049
[-3.62122070e+00  1.21966651e-01  5.75891412e-02  1.17141762e+01
  3.49573788e+02] 11.714952693493345
[-3.64029791e+00 -1.33906043e-01 -4.45101328e-03  1.18760241e+01
  3.53588753e+02] 11.876779783189589
[-3.58446187e+00 -9.03698511e-02 -2.54075822e-01  1.19998281e+01
  3.54754270e+02] 12.002857806744425
[-3.67069815e+00 -1.45993315e-01  9.28579977e-02  1.21424097e+01
  3.52752399e+02] 12.143642412726576
[-3.65438139e+00 -8.71878438e-02  3.35545178e-01  1.17436557e+01
  3.47481621e+02] 11.748771901767935
[-3.63255731e+00  1.05953513e-01 -8.26338611e-02  1.19567164e+01
  3.51142872e+02] 11.95747140076161
[-3.54311704e+00 -4.92831387e-02  5.48558429e-03  1.21998991e+01
  3.54983063e+02] 12.199999855002993
[-3.57842134e+00 -3.36959622e-02 -2.08106432e-02  1.17495133e+01
  3.50818799e+02] 11.749580053758113
[-3.58620023e+00 -5.76026536e-02 -1.57013576e-01  1.20237865e+01
  3.51024234e+02] 12.024949614541395
[-3.58230889e+00 -1.54132413e-02 -7.69084524e-02  1.17417715e+01
  3.50312062e+02] 11.74203345356786
[-3.53323271e+00 -1.52811167e-04  2.84613558e-02  1.18940736e+01
  3.51338060e+02] 11.89410761484047
[-3.66793609e+00  2.42094150e-01 -8.23767715e-03  1.18638497e+01
  3.51047922e+02] 11.866322379692752
[-3.55786376e+00  3.67330879e-03  3.23760999e-01  1.17633485e+01
  3.52447904e+02] 11.767803685145697
[-3.62920409e+00 -1.91354306e-01  6.07695205e-02  1.17581973e+01
  3.49280160e+02] 11.759911303473116
[-3.68861696e+00 -4.28139628e-01 -3.39642191e-01  1.16025579e+01
  3.48106075e+02] 11.61542122466927
[-3.65029070e+00  1.81426544e-01 -1.69330305e-02  1.21772693e+01
  3.54142093e+02] 12.178632543504138
[-3.76381420e+00 -3.48596309e-02  6.61553573e-02  1.19362493e+01
  3.49261504e+02] 11.936483530988395
[-3.58366933e+00 -4.39684893e-02 -2.39324186e-01  1.18760447e+01
  3.52543863e+02] 11.878537259871688
[-3.68032152e+00  9.90134205e-03  3.40259578e-01  1.19284496e+01
  3.51387962e+02] 11.933305672986695
[-3.54828697e+00  3.24300200e-01  2.27136464e-01  1.21566329e+01
  3.55440537e+02] 12.163078742644402
[-3.65438611e+00  1.47599421e-01 -1.64832250e-01  1.20852365e+01
  3.52040892e+02] 12.087261786443959
[-3.69647547e+00 -1.75050289e-02 -2.43745269e-01  1.19827715e+01
  3.51846678e+02] 11.985263118655084
[-3.52677419e+00  2.03638823e-01 -2.60246209e-01  1.17473201e+01
  3.51302353e+02] 11.751966932369012
[-3.66487270e+00  1.22861906e-01 -6.16933205e-02  1.21858622e+01
  3.54504265e+02] 12.186637690577975
[-3.57175244e+00  1.92801475e-01 -3.03102838e-03  1.21395039e+01
  3.54600922e+02] 12.141035206055841
[-3.62865193e+00  4.53324887e-02  3.70814106e-02  1.18147393e+01
  3.47464283e+02] 11.81488445967047
[-3.67529462e+00 -1.99196869e-01 -1.61602226e-03  1.21983735e+01
  3.54272160e+02] 12.199999886888074
[-3.74732203e+00 -1.47097001e-02 -2.51404046e-01  1.20228320e+01
  3.51222515e+02] 12.025469199983249
[-3.69476695e+00 -7.82823489e-02 -2.22399336e-01  1.21437016e+01
  3.50820329e+02] 12.145990184379942
[-3.57722731e+00 -9.79791139e-02  8.66976114e-02  1.18799667e+01
  3.52961170e+02] 11.880687035479294
[-3.69261763e+00  1.08253482e-01 -2.68679297e-01  1.18994327e+01
  3.52082981e+02] 11.902957823157179
[-3.60376563e+00 -6.45186370e-02  5.48719697e-02  1.18788041e+01
  3.52201276e+02] 11.87910608831522
[-3.60709402e+00  3.14607823e-01 -5.88373596e-02  1.16752801e+01
  3.49930182e+02] 11.679666318547827
[-3.66970747e+00 -1.05481549e-01 -2.06647213e-01  1.21003548e+01
  3.53721092e+02] 12.102578925949997
[-3.54619702e+00 -9.04200444e-02  1.13866288e-01  1.15488772e+01
  3.49077345e+02] 11.549792472561682
[-3.55070493e+00  9.67261105e-02 -3.22508974e-02  1.19012687e+01
  3.50061332e+02] 11.901705408626999
[-3.55434002e+00 -1.63344849e-01 -8.30612398e-02  1.19747927e+01
  3.52323196e+02] 11.976194746147943
[-3.54036846e+00  1.05735923e-01  2.25582863e-01  1.17900069e+01
  3.50947365e+02] 11.792638837278506
[-3.64914354e+00 -5.24869323e-01  3.68104246e-02  1.17945116e+01
  3.51646352e+02] 11.806241851444957
[-3.62829680e+00 -3.39605567e-02 -2.24150455e-01  1.19594854e+01
  3.52834133e+02] 11.961633972524986
[-3.67992017e+00  6.46810976e-02  1.70221304e-01  1.21098896e+01
  3.50469471e+02] 12.11125865706869
[-3.66217116e+00  1.04908249e-01  2.36646473e-01  1.15551777e+01
  3.50489222e+02] 11.558076771179367
[-3.67440998e+00 -3.19899413e-01 -2.98814326e-01  1.20935354e+01
  3.54024647e+02] 12.10145542396222
[-3.65997713e+00  5.73299628e-01  5.00730930e-02  1.19954246e+01
  3.49797070e+02] 12.009221073117393
[-3.64692993e+00  3.12456574e-01 -9.52991433e-02  1.19281726e+01
  3.50749656e+02] 11.932644868119514
[-3.56828567e+00  2.53620605e-01 -4.27749769e-02  1.18750633e+01
  3.52597811e+02] 11.877848388782313
[-3.57017651e+00 -2.55064438e-01 -8.58944469e-02  1.19281592e+01
  3.54491606e+02] 11.931195127235133
[-3.66871795e+00 -7.93169553e-02 -2.03385718e-01  1.18744705e+01
  3.50741675e+02] 11.876477076553261
[-3.66134843e+00  3.07321880e-01 -7.29348089e-02  1.21959033e+01
  3.54113756e+02] 12.199992798162244
[-3.68471564e+00  7.27971250e-02 -6.05208851e-02  1.18308653e+01
  3.50527816e+02] 11.83124406717554
[-3.58510129e+00 -1.31044816e-02 -1.66023572e-01  1.20919923e+01
  3.52363625e+02] 12.09313911277387
[-3.68882233e+00 -7.13470557e-02 -8.51224741e-02  1.19800665e+01
  3.50744642e+02] 11.980581342052753
[-3.64282556e+00 -1.72096771e-01  2.14600814e-01  1.21968983e+01
  3.53937695e+02] 12.199999999399468
[-3.57441387e+00  1.57622330e-01  1.43576698e-03  1.21977785e+01
  3.57560871e+02] 12.1987969471522
[-3.57365215e+00 -3.93431318e-01 -2.77039079e-02  1.19693407e+01
  3.53271521e+02] 11.975837010287066
[-3.64695813e+00  1.73734031e-01 -5.46789163e-02  1.19622499e+01
  3.51686939e+02] 11.963636382322981
[-3.64166581e+00  1.67745246e-01  3.95823193e-01  1.18245891e+01
  3.52025618e+02] 11.832401363706424
[-3.62415309e+00  3.09096548e-02 -2.42230117e-01  1.21897918e+01
  3.53220328e+02] 12.192237480477928
[-3.50314648e+00 -1.44419198e-01 -4.40682953e-02  1.17964071e+01
  3.50515290e+02] 11.79737336842377
[-3.63045067e+00  5.52617842e-02 -1.13185909e-01  1.18378103e+01
  3.51264521e+02] 11.838480422905294
[-3.73508901e+00 -1.45640020e-01  2.05154392e-01  1.20292909e+01
  3.52414498e+02] 12.031921635088702
[-3.70317581e+00 -1.61242692e-02  4.45772357e-02  1.19443664e+01
  3.51650679e+02] 11.944460420461173
[-3.56050524e+00  1.53024685e-01 -2.54536729e-01  1.17995698e+01
  3.52975150e+02] 11.80330683069662
[-3.60923488e+00  5.55296643e-02  2.21268337e-01  1.18292801e+01
  3.49392534e+02] 11.831479646582078
[-3.58523966e+00  2.91919981e-01  5.80008185e-02  1.21963691e+01
  3.52651897e+02] 12.19999999825308
[-3.59523092e+00 -1.98526774e-01 -1.92693385e-01  1.21605231e+01
  3.54052590e+02] 12.163669872635776
[-3.62703004e+00  1.37221971e-02  1.33758227e-02  1.17309575e+01
  3.50959067e+02] 11.730973152028339
[-3.60932211e+00 -2.43026770e-01 -3.51307199e-01  1.18547514e+01
  3.49167630e+02] 11.862445363062857
[-3.66203030e+00 -2.77943505e-01  2.27813937e-01  1.19701481e+01
  3.51874162e+02] 11.975541677274228
[-3.54865043e+00 -3.36518981e-01  4.09908091e-02  1.20069083e+01
  3.55042895e+02] 12.011693145651876
[-3.55591234e+00  1.13671993e-01  2.84482643e-02  1.19412752e+01
  3.52877008e+02] 11.941850102420513
[-3.61019765e+00  1.49029597e-01 -6.10549436e-02  1.19030256e+01
  3.51933916e+02] 11.904115102638894
[-3.67934888e+00 -1.19191314e-01  8.03587226e-02  1.20133402e+01
  3.55008736e+02] 12.014200217278304
[-3.53796671e+00 -1.58384435e-02  1.19422757e-01  1.17884402e+01
  3.53063459e+02] 11.78905572047146
[-3.59759150e+00  3.35243015e-02  7.90745784e-03  1.18270233e+01
  3.53752960e+02] 11.827073492251035
[-3.63421155e+00  1.43539436e-01 -1.75615352e-01  1.16986383e+01
  3.50241724e+02] 11.700836803215259
[-3.62223770e+00  1.70618890e-01 -2.54098004e-01  1.20260989e+01
  3.52569278e+02] 12.02999297738318
[-3.56682146e+00  1.98198746e-01 -3.25808116e-01  1.18234293e+01
  3.51434663e+02] 11.829577967480661
[-3.69200985e+00 -2.33875761e-01  4.11195310e-01  1.21900285e+01
  3.53820539e+02] 12.19920386476748
[-3.53245672e+00 -4.96413540e-02 -3.37945478e-02  1.18001886e+01
  3.50207218e+02] 11.8003414252093
[-3.59317954e+00 -8.48800499e-02  1.83450107e-01  1.17357308e+01
  3.49002614e+02] 11.73747144736268
[-3.62218623e+00 -7.08168355e-02  1.46329350e-01  1.18506615e+01
  3.50488432e+02] 11.851776452554622
[-3.61957258e+00  9.85986023e-02 -1.62473480e-01  1.19653231e+01
  3.51396001e+02] 11.96683237936824
[-3.67811923e+00 -6.44119824e-02 -3.11590483e-04  1.19362600e+01
  3.50754103e+02] 11.936433834044285
[-3.46523638e+00  3.31548293e-01 -9.54455742e-02  1.19510351e+01
  3.53385426e+02] 11.956014115094783
[-3.59250629e+00  3.74193179e-01  8.90349549e-02  1.19584041e+01
  3.49972318e+02] 11.964588464141059
[-3.54123601e+00 -1.58704202e-01 -3.20633245e-01  1.17988451e+01
  3.51853831e+02] 11.804267755140968
[-3.69678656e+00 -1.43187471e-01  3.34883865e-01  1.20451903e+01
  3.51924076e+02] 12.050695367640579
[-3.65215595e+00 -1.69358502e-01  9.24328129e-02  1.19075830e+01
  3.53391572e+02] 11.909146061873845
[-3.61146615e+00  1.89139231e-01 -5.58929258e-02  1.19775906e+01
  3.53995660e+02] 11.979214252031452
[-3.61201341e+00  2.02432763e-01 -4.05838101e-02  1.17445362e+01
  3.49255663e+02] 11.746350779904105
[-3.73095616e+00  4.05076936e-01 -1.09267187e-01  1.20360391e+01
  3.51716828e+02] 12.043349325005872
[-3.60233246e+00  3.72695564e-01  9.84927542e-02  1.19126791e+01
  3.53583123e+02] 11.918914642391918
[-3.56023486e+00 -2.45117954e-02  2.44682178e-01  1.16493779e+01
  3.49402786e+02] 11.651973050805742
