/mnt/stage/douwei/Simulation/5kt_root/2MeV/5kt_+3.60_2.root
[-3.02255284e+00 -1.47322490e-01 -1.06295423e-01  3.54719658e+00
  2.95312469e+02] 3.55184546446723
[-3.03400526e+00 -3.02433601e-01 -6.64730882e-02  3.60590718e+00
  2.95143548e+02] 3.619178269878685
[-2.99606716e+00  1.84671984e-02 -5.18331388e-02  3.95272518e+00
  2.96799436e+02] 3.9531081495268485
[-2.95791393e+00 -2.27316655e-01  3.45063215e-01  3.53992454e+00
  2.94401594e+02] 3.5639594883821055
[-3.10089339e+00 -2.86300501e-03 -2.54392461e-01  3.77847577e+00
  2.94010038e+02] 3.7870308766712566
[-3.00773571e+00 -1.93432767e-01  1.60815676e-01  3.50182426e+00
  2.93753828e+02] 3.5108476258685846
[-3.08450300e+00 -3.69447810e-01  2.28980840e-01  3.70671471e+00
  2.96441704e+02] 3.732111714438416
[-2.97134453e+00  2.87727749e-01  2.49076769e-01  3.68089798e+00
  2.97440543e+02] 3.7005184035737773
[-2.98171072e+00 -1.74316727e-01  1.79376995e-01  3.74154269e+00
  2.94951135e+02] 3.7498938854863773
[-3.01851474e+00 -1.38354592e-01 -1.79279417e-02  3.62279608e+00
  2.96752135e+02] 3.625481321227563
[-2.96298200e+00 -4.53784260e-01 -2.45885024e-01  3.55075591e+00
  2.95100806e+02] 3.588070109228426
[-3.07586839e+00  2.94394984e-01  8.31549343e-02  3.92145367e+00
  2.95242304e+02] 3.9333677743760593
[-3.01066053e+00 -6.12222674e-03  3.13238497e-01  3.98087398e+00
  2.95207148e+02] 3.993183372493181
[-3.05252375e+00  1.26639560e-01 -1.51289473e-01  3.86297322e+00
  2.96078563e+02] 3.8680082975418784
[-2.98111989e+00 -1.01768846e-01  1.78311344e-01  3.49324777e+00
  2.95760326e+02] 3.4992758980454295
[-3.07602763e+00  1.41312165e-01 -9.86049463e-02  3.75369629e+00
  2.95482827e+02] 3.7576492540233253
[-3.05686328e+00 -7.38747760e-02  3.80141201e-01  3.78320239e+00
  2.95834610e+02] 3.802970568650809
[-3.03538877e+00  2.36173884e-02 -1.37579331e-01  3.46461647e+00
  2.93024087e+02] 3.467427448843625
[-3.04728326e+00  2.79798532e-02  1.47277203e-01  3.47591215e+00
  2.93460562e+02] 3.479143389981989
[-2.98867457e+00  2.09567526e-01  3.34389792e-01  3.79935581e+00
  2.96134315e+02] 3.8197957562493428
[-3.05873280e+00 -3.19205508e-03  1.39872159e-02  3.60666265e+00
  2.94394507e+02] 3.6066911893456317
[-3.01114879e+00 -3.62564724e-02  1.72347930e-01  4.00066494e+00
  2.94913340e+02] 4.004539711138983
[-3.01892987e+00  1.80326713e-02 -3.57318831e-02  3.44899368e+00
  2.93971582e+02] 3.449225902202723
[-3.04504910e+00 -1.90634494e-01  1.45169464e-01  3.33912404e+00
  2.94732355e+02] 3.3477104135311757
[-3.00131682e+00  2.71455687e-01 -1.74921059e-01  3.56340364e+00
  2.94850446e+02] 3.5780065811584914
[-3.06310184e+00 -7.48096260e-02  6.98610529e-02  3.53219408e+00
  2.93461727e+02] 3.5336768455119
[-3.03399585e+00 -3.32547574e-02  1.28614012e-01  3.61637128e+00
  2.95968316e+02] 3.618810397231245
[-2.97350832e+00 -2.02123432e-01  7.24059118e-02  3.33360738e+00
  2.94638578e+02] 3.340514131166967
[-3.13576303e+00 -1.46046990e-01 -1.44285843e-01  3.79769936e+00
  2.95584002e+02] 3.803244477731578
[-3.02622257e+00  3.25115897e-02 -2.59361356e-01  3.76288319e+00
  2.94375064e+02] 3.7719511142652506
[-3.07602856e+00 -5.34370609e-03 -9.82459734e-02  3.75637633e+00
  2.95359384e+02] 3.75766469676293
[-3.04545896e+00 -1.30139025e-01 -1.67988029e-01  3.96930136e+00
  2.96922697e+02] 3.9749854639200604
[-3.02488393e+00  1.98154631e-01  1.76460264e-01  3.48038102e+00
  2.93255167e+02] 3.490480697191622
[-2.92480842e+00  2.34362881e-01  6.67402176e-02  3.66555103e+00
  2.95332363e+02] 3.673641868394475
[-3.03326424e+00 -2.78958392e-02 -2.26490368e-01  4.10789650e+00
  2.98347534e+02] 4.114230149634992
[-2.97873577e+00  2.92940003e-01  1.43098908e-01  3.59722747e+00
  2.94706977e+02] 3.611971287897194
[-2.99297038e+00  4.49892571e-02 -2.67665782e-01  3.57771263e+00
  2.93563497e+02] 3.5879934024857563
[-3.03798689e+00 -2.09516850e-01  5.91910564e-02  3.40419172e+00
  2.93122330e+02] 3.411146755972579
[-3.08133955e+00  3.37669454e-01  8.96310197e-03  3.69575763e+00
  2.93728383e+02] 3.711162281186551
[-3.14430136e+00  5.31424316e-02 -1.98997212e-01  3.88846876e+00
  2.94807905e+02] 3.8939200431230816
[-3.02691155e+00 -3.53796015e-01 -2.22264195e-01  3.88128657e+00
  2.93746075e+02] 3.9037108541335694
[-2.94015832e+00 -1.14437339e-01  1.14387179e-01  3.28801585e+00
  2.94164405e+02] 3.2919946201223436
[-2.97761342e+00 -5.22143556e-02  1.42975757e-01  3.91506170e+00
  2.98176515e+02] 3.918019461899809
[-3.04038317e+00 -7.02997366e-02  1.80825972e-01  3.60215522e+00
  2.93720170e+02] 3.607376094476276
[-3.04990128e+00 -1.48475627e-01 -8.09025370e-02  3.41737592e+00
  2.93383269e+02] 3.42155643246154
[-2.97268714e+00  2.11894564e-01  3.03167135e-02  3.30910473e+00
  2.94101967e+02] 3.3160205874978845
[-3.10947724e+00 -2.87916014e-01 -1.72161626e-01  3.74253001e+00
  2.94773857e+02] 3.7575345804002964
[-3.07311713e+00  1.43005031e-01  1.02068707e-01  3.61201609e+00
  2.96369276e+02] 3.6162865915991262
[-3.05057632e+00 -6.76953018e-02 -2.17013496e-01  3.81146511e+00
  2.96329445e+02] 3.818238308586255
[-3.03330447e+00  6.69704923e-02  1.35806386e-01  3.65869529e+00
  2.93543922e+02] 3.6618273606558125
[-2.94745583e+00 -7.70749198e-02  7.51693240e-03  3.38494828e+00
  2.92352999e+02] 3.385834002460119
[-2.96608441e+00 -1.00931008e-01  2.11046545e-01  3.36613287e+00
  2.93730235e+02] 3.374252241371391
[-2.99131005e+00  4.66828536e-02 -1.51739761e-01  3.53888190e+00
  2.95030411e+02] 3.5424411595250604
[-3.02901928e+00 -2.69580448e-01 -7.14091105e-02  3.65686630e+00
  2.92533575e+02] 3.6674847025460653
[-3.01982975e+00  5.94299353e-01  4.62221748e-02  3.55045411e+00
  2.94947290e+02] 3.6001461925396434
[-3.10937363e+00 -7.89932803e-02  3.03156779e-01  4.04804652e+00
  2.96015898e+02] 4.060150814135175
[-3.08131655e+00  1.19255275e-01  4.40955015e-03  3.70830989e+00
  2.94752975e+02] 3.710229576087575
[-2.97855715e+00  2.02841586e-01 -2.19766560e-01  3.71014633e+00
  2.94389711e+02] 3.722180518928871
[-3.01983863e+00  1.27468367e-01  6.42166426e-02  3.40720482e+00
  2.94166215e+02] 3.410193047415666
[-3.12092807e+00  4.38991279e-02  2.83314332e-01  3.91678238e+00
  2.96109424e+02] 3.9272609201936777
[-3.11161143e+00 -1.70626462e-02  1.70642556e-01  3.47770322e+00
  2.92739127e+02] 3.4819290214379524
[-3.03566182e+00  3.24472562e-01 -2.20414220e-01  3.64323600e+00
  2.93590120e+02] 3.6642916700711186
[-2.96311335e+00 -8.19306768e-02  1.85016004e-01  3.52731317e+00
  2.94097674e+02] 3.5331121920121764
[-3.01811418e+00  4.66704581e-01  7.99175387e-02  3.45737582e+00
  2.94507729e+02] 3.4896486278375565
[-3.03458938e+00  3.70683456e-02 -2.88281983e-01  3.36538851e+00
  2.92032908e+02] 3.377916574764906
[-3.01141841e+00 -6.45122691e-02 -2.30077199e-01  3.89527168e+00
  2.95576993e+02] 3.902593857410106
[-3.03343963e+00  2.33300961e-01  3.03019756e-01  3.58346065e+00
  2.94265712e+02] 3.603809167620572
[-2.97752806e+00  4.99199711e-02 -3.05734777e-01  3.68237510e+00
  2.95584561e+02] 3.695382540669914
[-3.01494352e+00  1.09312084e-02 -2.17073244e-01  3.70239848e+00
  2.94869159e+02] 3.708772677461499
[-3.00621591e+00 -3.04911023e-02 -3.30507075e-02  3.93536494e+00
  2.97345970e+02] 3.9356218422815594
[-2.96572733e+00 -8.01500064e-02  2.12443052e-01  3.29219167e+00
  2.94389177e+02] 3.300012432675239
[-3.07502378e+00 -9.19185408e-02  2.65728954e-01  3.59281480e+00
  2.94554522e+02] 3.603800643147659
[-3.01949345e+00  1.38540179e-01 -1.03444777e-01  3.88032746e+00
  2.97886367e+02] 3.8841775688587936
[-3.02555523e+00 -1.80609858e-01 -4.95703517e-02  3.63029242e+00
  2.94759148e+02] 3.635120383297791
[-3.03662730e+00  1.32503037e-01  1.74932858e-01  3.22423128e+00
  2.91682613e+02] 3.231690870737238
[-2.99157623e+00  9.56775753e-02  1.17009769e-01  3.83639761e+00
  2.97163338e+02] 3.8393739180283117
[-3.11304744e+00  1.83804480e-01  1.13442330e-01  3.37471505e+00
  2.93581618e+02] 3.38162016066555
[-3.01747752e+00 -1.58676465e-01 -1.29629554e-01  3.65170520e+00
  2.96007760e+02] 3.6574489591909787
[-2.95860922e+00  1.44315478e-01  9.60523565e-02  3.57969415e+00
  2.94796460e+02] 3.5838894006473
[-3.15127666e+00  2.20921673e-01 -2.16244220e-01  3.80289940e+00
  2.95487320e+02] 3.8154438553560546
[-2.99043237e+00  2.88798340e-01  1.92198536e-01  3.50049697e+00
  2.93944416e+02] 3.5176446366565286
[-3.08767388e+00  3.02454489e-01 -5.23713230e-02  3.92378507e+00
  2.94505352e+02] 3.9357732111972323
[-3.09258444e+00  8.21479869e-02 -1.05055035e-01  3.69137850e+00
  2.94901719e+02] 3.69378668744165
[-3.03934920e+00  1.58487706e-01  7.38619009e-02  3.51043104e+00
  2.94897272e+02] 3.514783068630987
[-3.02713111e+00 -1.03035496e-01 -3.90320292e-02  3.61453085e+00
  2.95808215e+02] 3.616209764650289
[-3.11209717e+00 -2.49072356e-01  4.45315226e-02  4.00078286e+00
  2.97325349e+02] 4.008775826106766
[-3.07809531e+00 -1.00507434e-01 -1.18793770e-01  3.68419949e+00
  2.93463014e+02] 3.6874841790817356
[-2.98931820e+00 -8.96102653e-02  1.93837093e-01  3.35274363e+00
  2.95369375e+02] 3.3595375633399454
[-3.04196142e+00  2.40117690e-01  9.36116212e-02  3.70304474e+00
  2.95854398e+02] 3.7120021492989945
[-3.12993858e+00  1.98741522e-01  6.95762168e-02  3.43158768e+00
  2.92699164e+02] 3.438042037087536
[-3.08664974e+00 -9.26577337e-02 -1.77525009e-01  3.96426338e+00
  2.96321731e+02] 3.9693179136279193
[-3.01176847e+00  2.16000736e-01 -1.85334859e-01  3.78850103e+00
  2.95582088e+02] 3.799176936562782
[-3.03481871e+00 -6.54119439e-02  2.91904840e-01  3.37118925e+00
  2.91750690e+02] 3.384435568797951
[-3.02088027e+00 -1.15717747e-01 -1.31232454e-01  3.68540161e+00
  2.97804422e+02] 3.6895524884504574
[-2.93792376e+00 -3.69202015e-02  1.04451916e-01  3.52752365e+00
  2.96869712e+02] 3.5292628710977034
[-3.16501564e+00  1.36058976e-01 -1.30642020e-01  3.96634291e+00
  2.93660594e+02] 3.970825542714245
[-3.01882235e+00  2.78410921e-01  1.92217420e-01  3.61793657e+00
  2.95020993e+02] 3.6337205760314797
[-3.00276632e+00  1.79027483e-01  1.82200126e-02  3.49052807e+00
  2.94437534e+02] 3.495163664816884
[-2.96537647e+00 -1.89766086e-01 -8.93703238e-02  3.53113006e+00
  2.94233513e+02] 3.53735462362823
[-3.03884592e+00 -2.44685337e-01  2.46714896e-01  3.54812246e+00
  2.95544290e+02] 3.565096370433357
[-2.99728951e+00 -2.04654095e-01 -5.48744744e-01  3.28398372e+00
  2.94773583e+02] 3.335798728188221
[-3.00597008e+00  2.45697319e-02 -2.28246438e-01  3.69706006e+00
  2.95223264e+02] 3.704180503134256
[-2.95899469e+00 -2.05691808e-01  1.15740029e-02  3.40839373e+00
  2.94469685e+02] 3.4146143090608216
[-3.05884069e+00 -2.21361775e-02 -1.04220422e-01  3.34102456e+00
  2.93146233e+02] 3.3427229914260796
[-2.99949974e+00  1.62005465e-01  2.32040541e-02  3.58429620e+00
  2.94395627e+02] 3.588030584385743
[-3.13577184e+00 -1.46573742e-01  1.94350244e-01  3.30488731e+00
  2.92922458e+02] 3.3138400709678177
[-3.01454163e+00 -1.39049090e-01 -8.28427519e-02  3.51175543e+00
  2.93150825e+02] 3.5154834361257796
[-3.03453744e+00  2.76595502e-01 -1.74971031e-01  3.36024480e+00
  2.94105564e+02] 3.3761464840500053
[-3.05045255e+00 -2.08850232e-01 -1.02355075e-01  3.56175105e+00
  2.92776655e+02] 3.5693368419985725
[-2.98566415e+00 -9.46036203e-02 -1.03848923e-01  3.62286674e+00
  2.94540061e+02] 3.6255893160378023
[-3.01362867e+00  4.09465888e-02  1.23549747e-01  3.78853586e+00
  2.96751427e+02] 3.790771042968817
[-2.96547150e+00  1.02108752e-01  8.85167727e-02  3.82075309e+00
  2.98765826e+02] 3.8231421053739014
[-2.96303332e+00 -7.87161472e-02  1.64690004e-01  3.34232623e+00
  2.93222980e+02] 3.3473069265884865
[-2.93800171e+00  1.11015984e-02  6.75743434e-02  3.28937546e+00
  2.93444827e+02] 3.2900882113674705
[-3.00662585e+00  2.05796292e-01  3.97391737e-01  3.32019067e+00
  2.94688424e+02] 3.350214673507246
[-3.05473435e+00  5.53552090e-02  1.89779361e-01  3.61844517e+00
  2.96860947e+02] 3.623841315256024
[-3.04034920e+00 -4.01175085e-02  2.10710282e-01  3.33834723e+00
  2.91933327e+02] 3.3452310021364635
[-3.03940174e+00  4.03883630e-02 -3.27407380e-01  3.56509217e+00
  2.94097368e+02] 3.580322475034275
[-3.04971456e+00 -2.39106262e-01 -2.59046164e-01  3.83789733e+00
  2.93818022e+02] 3.8540540507661
[ -3.00075274   0.30123701   0.32466498   3.7714711  296.04439263] 3.797386650128077
[-3.07286260e+00  2.42818706e-01  6.09834517e-02  3.60020217e+00
  2.96142882e+02] 3.6088967233489844
[-3.04622147e+00 -2.42367452e-02  1.71498971e-01  3.87762927e+00
  2.92918171e+02] 3.881495594223289
[-3.01253698e+00  2.32204889e-01  1.19709383e-02  3.69591808e+00
  2.95808274e+02] 3.7032246584057735
[-3.04694100e+00 -4.08590200e-02  4.23881168e-02  3.95583305e+00
  2.95075028e+02] 3.9562711394188876
[-2.96675981e+00 -1.74715758e-01  1.25242314e-01  3.79592776e+00
  2.96623314e+02] 3.8020098334237065
[-2.99175265e+00  3.09235085e-01 -1.56683465e-01  3.88314045e+00
  2.95786911e+02] 3.898583815411472
[-3.09397266e+00  6.43134703e-02 -2.00968584e-01  3.78760846e+00
  2.94871432e+02] 3.7934815715593677
[-3.00585503e+00  1.88111578e-01  1.96190791e-02  3.63718174e+00
  2.94786337e+02] 3.642095805720871
[-3.00636358e+00  3.19929138e-01 -2.05088054e-01  3.51389485e+00
  2.92485665e+02] 3.5343843557820027
[-2.98913720e+00  1.15916928e-01 -2.46820359e-01  3.93101975e+00
  2.97838679e+02] 3.9404661221812445
[-2.97445449e+00 -4.15308111e-02  2.07658614e-01  3.83160346e+00
  2.97163967e+02] 3.8374512327833084
[-3.02435834e+00  1.25907665e-01 -1.19867331e-01  3.65850974e+00
  2.94805154e+02] 3.662637638001377
[-3.04374563e+00 -4.89574895e-02 -5.35701908e-02  3.87547677e+00
  2.95652371e+02] 3.8761561912481706
[-3.00299633e+00 -1.36266412e-01  1.26615763e-01  3.43376244e+00
  2.94355472e+02] 3.4387969629847674
[-3.01359208e+00  1.57836712e-01  2.28770634e-01  3.83647860e+00
  2.96428899e+02] 3.8465330438148078
[-3.06119863e+00 -1.85687705e-01 -1.64299095e-01  3.78774593e+00
  2.94533031e+02] 3.7958521277825765
[-2.93089997e+00  2.32706783e-01  2.26441809e-01  3.54773079e+00
  2.95575308e+02] 3.562558362541676
[-3.10919775e+00  4.87047168e-02  1.58265009e-01  3.74740315e+00
  2.93904118e+02] 3.751059894758709
[-3.00018148e+00  1.76803210e-01 -4.04062611e-01  3.86834087e+00
  2.96038234e+02] 3.8934030163884494
[-3.07473115e+00  1.98460503e-01  2.25170578e-01  3.58360585e+00
  2.95406230e+02] 3.596153398002258
[-3.07983072e+00 -1.78319248e-01 -6.03472557e-02  3.96913265e+00
  2.96250715e+02] 3.973594535211342
[-3.05872559e+00 -2.53328489e-02  2.11518198e-01  3.59943776e+00
  2.93584676e+02] 3.6057362489635727
[-3.15021045e+00  1.06918707e-01  1.13847510e-01  3.64993370e+00
  2.92906615e+02] 3.6532737230360377
[-3.07689074e+00 -1.58627242e-01  2.06281593e-02  3.95563387e+00
  2.97052923e+02] 3.9588669345245924
[-3.09144786e+00 -1.67548357e-01 -7.52358186e-02  3.90721541e+00
  2.94287017e+02] 3.9115297665145414
[-3.03729559e+00 -8.13214511e-03  2.80362370e-01  3.75747586e+00
  2.94092670e+02] 3.7679296788365386
[-3.06691528e+00  2.86210957e-01  9.96733092e-02  3.87127750e+00
  2.95939822e+02] 3.8831225772067546
[-3.11764301e+00  2.77013411e-01  2.58158878e-01  3.49358240e+00
  2.93644352e+02] 3.5140433135081963
[-3.09763927e+00  3.66667459e-01 -5.93216595e-02  3.80839325e+00
  2.95174161e+02] 3.826463543201549
[-2.94314248e+00 -3.10161772e-02 -9.27441338e-02  3.31805415e+00
  2.93150092e+02] 3.319494966125966
[-3.00858171e+00 -2.31951764e-01  1.25686809e-01  3.87722572e+00
  2.95924216e+02] 3.886190694519598
[-3.04961906e+00 -6.82821184e-02  1.72139399e-01  3.54028416e+00
  2.93704310e+02] 3.545124306708013
[-2.97317995e+00 -2.83458847e-01  2.06438681e-01  3.84311071e+00
  2.96926756e+02] 3.8590757623218894
[-3.03758576e+00  2.33922290e-01  2.76247693e-01  3.81682481e+00
  2.96564608e+02] 3.83395148930121
[-2.90390993e+00 -1.33255558e-01 -5.47511125e-03  3.48282981e+00
  2.95165236e+02] 3.485382404031668
[-2.96665425e+00  9.07357291e-02 -4.82848381e-01  3.65518342e+00
  2.95490968e+02] 3.6880538727347503
[-3.07939406e+00 -5.23379940e-02  2.71142736e-01  3.58344545e+00
  2.93113625e+02] 3.594069966411471
[-2.92414938e+00 -2.94913104e-01  3.64456293e-02  3.53305875e+00
  2.94558658e+02] 3.5455332679800726
[-3.10108198e+00 -2.94081559e-03 -3.66769220e-01  3.37041614e+00
  2.92915964e+02] 3.390314625839103
[-3.08928606e+00  1.49795194e-02  5.36644024e-03  3.79496611e+00
  2.93855023e+02] 3.794999467189501
[-3.03035076e+00  2.61084479e-02 -1.20645878e-01  3.64077357e+00
  2.95487958e+02] 3.6428655332727575
[-3.02729901e+00 -3.31399043e-01 -2.77846095e-03  3.84299763e+00
  2.97258984e+02] 3.857261179911071
[-3.01092634e+00 -9.51230119e-02 -2.92206597e-02  3.71785224e+00
  2.94079318e+02] 3.7191837199425506
[-2.93253387e+00  3.49467652e-01  1.53803821e-01  3.35261100e+00
  2.93539860e+02] 3.3742827026785824
[-3.04017538e+00 -4.15501051e-02 -5.49880669e-01  3.80243925e+00
  2.96444793e+02] 3.842218031808543
[-3.09298838e+00 -2.51981629e-01  2.61719593e-01  3.81235257e+00
  2.95284318e+02] 3.829624523579572
[-3.00902570e+00  3.36442679e-03  7.40546568e-02  3.41999642e+00
  2.94916271e+02] 3.4207997534796277
[-3.03476274e+00 -1.75716590e-01  1.97955050e-02  3.57351043e+00
  2.96539210e+02] 3.5778827468016194
[-2.98782473e+00  3.42820249e-01 -2.31144644e-01  3.71776873e+00
  2.95657255e+02] 3.7406894975078258
[-3.08248344e+00 -1.07067530e-01 -1.40939722e-01  3.91926071e+00
  2.94665004e+02] 3.9232552767675557
[-3.00071305e+00 -1.17005748e-01 -1.84834046e-01  3.42948734e+00
  2.93212320e+02] 3.4364570985432548
[-2.96994939e+00 -5.02853138e-02  2.11324260e-01  3.53997298e+00
  2.96720056e+02] 3.5466315400293174
[-3.00613499e+00 -1.72637937e-01  2.33744933e-01  3.57786688e+00
  2.95625948e+02] 3.5896478833296244
[-2.96538007e+00  3.51725190e-02 -1.42711048e-02  3.76578826e+00
  2.94885935e+02] 3.765979554638227
[-3.01600725e+00  2.06155950e-01 -1.76273581e-01  3.66794947e+00
  2.94594025e+02] 3.67796491912942
[-2.97379308e+00 -2.75946467e-01 -9.33657177e-02  3.33627425e+00
  2.94401244e+02] 3.3489684253388234
[-3.00916158e+00  1.14088328e-01 -1.63755656e-01  3.66681308e+00
  2.94717148e+02] 3.672240494781349
[-2.97919616e+00  3.21664219e-01  1.06343225e-01  3.36401064e+00
  2.94081030e+02] 3.3810271148863866
[-3.00959769e+00  1.18010672e-01  9.19684035e-02  3.56003643e+00
  2.93688851e+02] 3.5631789327134658
[-3.02724896e+00 -2.73906484e-01 -5.51228455e-02  3.66992742e+00
  2.94375323e+02] 3.68054758723222
[-3.02670387e+00 -2.85621998e-01  2.64956812e-01  3.82247528e+00
  2.97496549e+02] 3.842277874620468
[-3.08267729e+00 -1.27151422e-01  2.24187751e-01  3.73743366e+00
  2.94722173e+02] 3.746309914679359
[-3.03703869e+00 -4.61153801e-01 -1.57159854e-01  3.60719226e+00
  2.94807824e+02] 3.6399447908293725
[-3.07004412e+00  1.14425428e-01 -8.92603945e-02  3.84237149e+00
  2.96722894e+02] 3.8451110846286527
[-3.01953343e+00  3.05114462e-01  1.21866933e-01  3.63832843e+00
  2.95876630e+02] 3.6531329219074853
[-3.06700473e+00 -7.62697283e-02 -6.42014979e-02  3.70261323e+00
  2.94710913e+02] 3.7039551353934796
[-3.03796444e+00  1.18590617e-02 -2.87995325e-01  3.39753636e+00
  2.96109508e+02] 3.409741232511697
[-3.04359667e+00  3.05930415e-01 -1.33648523e-01  3.74012617e+00
  2.97678214e+02] 3.754996557818164
[-3.14065375e+00  1.60257068e-02  2.19182431e-01  3.79424137e+00
  2.93634058e+02] 3.800600649733955
[-2.93620898e+00  2.36104368e-01 -2.79885387e-01  3.40215930e+00
  2.94994319e+02] 3.4218078542590575
[-2.99159592e+00 -1.50850274e-01  9.22697491e-02  3.60629955e+00
  2.95233601e+02] 3.6106323520072183
[-3.02788295e+00 -2.82120687e-01  2.36902696e-01  3.67892929e+00
  2.96568770e+02] 3.697328185292267
[-3.02792990e+00  1.79062322e-02  2.03127232e-01  3.57037601e+00
  2.95338770e+02] 3.576194367514059
[-3.06959987e+00 -4.44331459e-02 -1.64742715e-01  3.82962099e+00
  2.93116103e+02] 3.8334203287043698
[-3.07683885e+00 -4.10246487e-01 -5.00362752e-03  3.81807294e+00
  2.95350482e+02] 3.8400531515720413
[-3.08579523e+00 -2.07025078e-01 -3.43715175e-02  3.63318246e+00
  2.94329747e+02] 3.6392383207072023
[-3.03582698e+00  8.14247289e-02  2.41065543e-01  3.78020489e+00
  2.92993417e+02] 3.7887585824420595
[-3.00562490e+00  7.63696242e-02 -2.45801229e-01  3.62669972e+00
  2.95238772e+02] 3.635821975439423
[-3.08520452e+00  1.62632037e-01  4.73947026e-01  3.38430986e+00
  2.94993778e+02] 3.421202736690499
[-3.03315806e+00  4.21168741e-01  1.70180085e-01  3.43857983e+00
  2.93438380e+02] 3.4684543548241216
[-2.99049752e+00 -3.17056754e-01  8.76394859e-02  3.74032355e+00
  2.95699004e+02] 3.754760431931223
[-3.06909903e+00  9.66674601e-03 -3.34379359e-01  3.80551837e+00
  2.95007436e+02] 3.8201928095985216
[-2.93376576e+00  2.62110419e-01 -1.61786815e-01  3.57206436e+00
  2.97256951e+02] 3.5853201589001666
[-2.95680838e+00  1.18261432e-01 -1.88107382e-01  3.64196627e+00
  2.95192453e+02] 3.6487379272385447
[-3.02175309e+00  8.39092582e-02 -1.16862894e-01  3.58855682e+00
  2.95964798e+02] 3.591439505187112
[-2.98941832e+00  2.41286892e-01 -9.77409426e-02  3.65987335e+00
  2.95709613e+02] 3.6691205485093694
[-3.06675668e+00  1.00325177e-02 -1.99774059e-01  3.75401455e+00
  2.95637040e+02] 3.7593397738066865
[-3.05558584e+00  1.65840885e-01  2.56430994e-01  3.75726407e+00
  2.95199758e+02] 3.7696542742368924
[-3.02406175e+00  1.84110726e-01 -6.70796612e-02  3.70937824e+00
  2.93331253e+02] 3.714550228141327
[-2.96591846e+00 -2.09032392e-01  5.43085229e-03  3.66260226e+00
  2.94861090e+02] 3.6685663870715315
[-3.07576234e+00  3.81585831e-02  3.60258694e-01  3.67015134e+00
  2.94344620e+02] 3.6879876993836036
[-3.04229128e+00 -1.09249459e-01  1.30191226e-01  3.71645202e+00
  2.94891475e+02] 3.7203361167696998
[-3.00716563e+00  9.37875479e-03 -2.33075588e-01  3.48702055e+00
  2.95304440e+02] 3.494813945085499
[-3.07609899e+00 -3.37000914e-02  2.20811985e-01  3.99096483e+00
  2.97638366e+02] 3.9972107607299296
[-3.07164243e+00 -1.35578146e-02  2.65822762e-01  3.63051621e+00
  2.94859735e+02] 3.640260085183483
[ -2.95744004  -0.44317048   0.38300394   3.83976606 297.22937146] 3.884185303435618
[-2.99144880e+00  2.47699636e-01  2.48425628e-01  3.76372711e+00
  2.96094024e+02] 3.7800412897146605
[-3.01056905e+00  1.16903999e-01  9.87763545e-02  3.87815662e+00
  2.95598907e+02] 3.8811753518119256
[-2.95745312e+00  1.19074105e-01  8.73883999e-02  3.71966501e+00
  2.95708409e+02] 3.722596292517568
[-3.02216495e+00 -3.11752086e-01  3.45693256e-02  3.46285110e+00
  2.92235884e+02] 3.4770277703863033
[-3.04885249e+00 -2.55640773e-01  6.59489668e-03  3.51496614e+00
  2.95593232e+02] 3.5242563232490274
[-2.97611775e+00 -9.89849566e-02 -2.63880706e-01  3.64674989e+00
  2.94214611e+02] 3.6576243413466094
[-3.09192203e+00 -2.45664341e-01  9.54868327e-02  3.79310429e+00
  2.96069202e+02] 3.8022504946822853
[-3.03178376e+00  1.83574513e-01 -9.74262361e-02  3.48800800e+00
  2.94192416e+02] 3.494193940455077
[-2.97877307e+00  8.06422906e-02  1.14465407e-02  3.43150785e+00
  2.93968370e+02] 3.432474374559663
[-2.98778628e+00  3.56486574e-03 -1.62784792e-01  3.79340274e+00
  2.96415226e+02] 3.7968955677307856
[-3.00852997e+00 -2.49069568e-01  9.85238689e-02  3.64517315e+00
  2.94937176e+02] 3.6550006734353238
[-3.05566160e+00  6.35407870e-03 -2.15562576e-01  3.70469493e+00
  2.95317255e+02] 3.7109664630617174
[-2.96502491e+00 -2.94164223e-01 -3.17620825e-01  3.50067645e+00
  2.95134525e+02] 3.5273433593222223
[-3.02304751e+00 -7.71795335e-02  1.89059934e-01  3.74102714e+00
  2.97123876e+02] 3.7465963756914062
[-3.07630497e+00  1.57655518e-01 -1.72639215e-01  3.56651800e+00
  2.95952050e+02] 3.574172660347873
[-3.12338195e+00  2.94428323e-02 -9.35840789e-02  3.60381383e+00
  2.93026073e+02] 3.6051489491385738
[-3.06590498e+00  8.72806104e-02  7.84140215e-02  3.79605915e+00
  2.96879102e+02] 3.7978719973229658
[-3.03454396e+00 -1.20516195e-01  2.96998277e-02  3.56962143e+00
  2.94641255e+02] 3.5717787460748585
[-3.07062188e+00  2.61347206e-02  7.11259479e-02  3.73771802e+00
  2.94913386e+02] 3.738486042210522
[-3.02673771e+00 -1.17932451e-01 -3.90291609e-02  3.54071850e+00
  2.93774785e+02] 3.542896959470496
[-3.07304474e+00  1.25537028e-01  2.27845670e-01  3.79281607e+00
  2.93986522e+02] 3.8017268360819174
[-3.02078110e+00  2.64710407e-01  1.63450553e-01  3.48790984e+00
  2.92532489e+02] 3.501757089110031
[-3.04017217e+00 -1.07918134e-01 -1.72506896e-01  3.83718424e+00
  2.95334268e+02] 3.8425756782159994
[-3.03046594e+00  2.19096354e-01 -1.83826933e-01  3.63469585e+00
  2.95515812e+02] 3.645930535555117
[-3.00515053e+00 -1.85692985e-01 -1.35674097e-01  3.95750652e+00
  2.97233644e+02] 3.9641830456702936
[-3.06977465e+00  3.77844867e-02  4.19368071e-02  4.01191226e+00
  2.94963873e+02] 4.012309352429427
[-3.00223591e+00  1.43057123e-01 -9.91257848e-02  3.53815084e+00
  2.92917674e+02] 3.542428914867419
[-3.03479573e+00  3.37080309e-02  6.85659726e-02  3.87682093e+00
  2.96004835e+02] 3.8775737302404782
[-2.98401773e+00  2.52345703e-01  4.69484548e-02  3.38587087e+00
  2.95269846e+02] 3.395585966872002
[-3.07691006e+00 -1.47833746e-01 -3.33727576e-01  3.76274350e+00
  2.94139423e+02] 3.7804057446986628
[-3.06820362e+00  4.21941684e-02  2.18441410e-01  3.72907340e+00
  2.95536560e+02] 3.735704138781065
[-3.06660720e+00  1.03139460e-02  2.34265957e-01  3.74783069e+00
  2.94998823e+02] 3.755159354582389
[-2.99724649e+00 -8.30305616e-02  5.49437449e-02  3.64498411e+00
  2.95064562e+02] 3.6463436538336995
[-3.01098910e+00  1.88803505e-01 -2.50724239e-01  3.87933540e+00
  2.95983384e+02] 3.8920113734937316
[-3.02749555e+00 -6.60295925e-02  1.51448452e-02  3.68653072e+00
  2.95424295e+02] 3.6871531063398666
[-2.99485123e+00  1.08214878e-01 -6.90647779e-02  3.92037249e+00
  2.97039753e+02] 3.922473819030867
[-3.03890791e+00  2.40735229e-02 -2.46123232e-01  3.36141729e+00
  2.92644587e+02] 3.3705018036044114
[-2.99080684e+00  1.51138062e-01 -2.07580393e-01  3.51881402e+00
  2.93883244e+02] 3.5281701236904106
[-3.01372346e+00  1.26605988e-01  2.20045066e-01  3.66736433e+00
  2.95416535e+02] 3.676140640109172
[-3.05002779e+00  2.06986678e-01  1.79668113e-01  3.67353049e+00
  2.93046940e+02] 3.6837413554678893
[-3.09264596e+00  3.42691706e-01 -2.08681397e-01  3.73701083e+00
  2.94606833e+02] 3.7584884540433734
[-2.96144815e+00 -4.64201073e-03  2.18674273e-02  3.54592047e+00
  2.95953693e+02] 3.545990939664983
[-3.00397641e+00  6.14327888e-02 -1.23849282e-01  3.76491610e+00
  2.95740954e+02] 3.767453498681094
[-3.03431724e+00  2.94044615e-01  1.79496031e-01  4.01760713e+00
  2.97164863e+02] 4.032350195071734
[-3.00385185e+00 -1.89368267e-02 -1.42051709e-02  3.58698620e+00
  2.94993381e+02] 3.587064312253871
[-3.00773629e+00 -3.17642349e-01 -7.70173278e-02  3.85067046e+00
  2.95744477e+02] 3.8645169579112126
[-3.02238159e+00 -1.50853040e-03  2.82037383e-01  3.65921519e+00
  2.95741917e+02] 3.6700685548738563
[-3.06599700e+00 -2.41919101e-01  4.98469032e-02  3.79236841e+00
  2.94121770e+02] 3.8004036253023536
[-3.03294349e+00 -3.16749449e-01 -2.27196880e-01  4.29407387e+00
  2.99016813e+02] 4.311730403054795
[-3.03624804e+00 -1.00732876e-01 -2.13517806e-01  3.61085218e+00
  2.94881924e+02] 3.618561927778356
[-3.02739013e+00  1.54975446e-01  2.29649607e-01  3.96148339e+00
  2.93889564e+02] 3.9711593951606736
[-3.05558181e+00  4.58707882e-02  2.72452454e-01  3.30386240e+00
  2.91367243e+02] 3.3153945850373043
[-3.09555959e+00 -1.27754996e-01  1.75755595e-01  3.57262189e+00
  2.93755467e+02] 3.5792231763940765
[-3.00179229e+00 -6.44022567e-02 -7.35689668e-02  3.52938055e+00
  2.94383218e+02] 3.530734646577584
[-3.02800883e+00 -7.74246255e-02  6.47101919e-02  3.57717454e+00
  2.96203496e+02] 3.578597445704516
[-3.02889677e+00 -1.24847731e-01 -1.46170380e-02  3.20322951e+00
  2.92830271e+02] 3.205694920510932
[-3.06118776e+00 -2.71582694e-01  2.09590192e-01  3.46257312e+00
  2.93968451e+02] 3.479525518811766
[-2.99815062e+00  7.91772568e-02 -3.43287023e-02  3.48781285e+00
  2.91723180e+02] 3.488880330743784
[ -3.03734722  -0.30682365  -0.30897132   3.49590602 295.26613465] 3.52291965601494
[-3.07118731e+00  9.50477433e-02 -1.99739202e-01  3.49016334e+00
  2.94343642e+02] 3.497165988897325
[-2.97585889e+00 -1.52091522e-01  3.64386778e-02  3.92402182e+00
  2.97903189e+02] 3.9271372322639
[-3.03915879e+00 -2.40169280e-01 -7.71263953e-02  3.97860857e+00
  2.96450249e+02] 3.9865970372578428
[-3.02542986e+00 -7.41430606e-02 -2.29237114e-01  3.49807891e+00
  2.94286287e+02] 3.506366054693
[-2.99933298e+00 -1.31039080e-01  3.17068877e-02  3.97896904e+00
  2.96414297e+02] 3.981252464221634
[-3.00751047e+00 -8.99332604e-02  1.28317043e-01  3.68356924e+00
  2.94507527e+02] 3.6869005404403343
[-3.05037592e+00  8.12250223e-02 -2.69380965e-01  3.61926789e+00
  2.93359296e+02] 3.6301878302919057
[-3.06618437e+00  1.92309549e-01  1.84192052e-01  3.54425986e+00
  2.95966925e+02] 3.5542492348070414
[-3.01525082e+00 -3.32150747e-02  8.05543179e-02  3.47078591e+00
  2.94978461e+02] 3.471879471757216
[-3.00946884e+00 -5.22231565e-02  2.64271153e-01  3.67122381e+00
  2.95503943e+02] 3.681093686738789
[-3.09324449e+00  1.40989011e-01  1.34591480e-02  3.37156130e+00
  2.93418714e+02] 3.3745347295728805
[-3.05983572e+00  7.96719610e-02 -1.92150194e-01  3.75430406e+00
  2.93773198e+02] 3.760062270466368
[-3.05667307e+00 -2.51511748e-02 -2.27837417e-01  3.85041275e+00
  2.96826063e+02] 3.8572296806110518
[-3.03386205e+00 -1.17828522e-01 -3.09863862e-01  3.89656843e+00
  2.96550937e+02] 3.9106450494168588
[-3.08086804e+00  1.48544256e-01 -1.03149042e-02  3.87959837e+00
  2.94515084e+02] 3.8824548088959023
[-2.98393883e+00 -1.39258132e-01 -2.35278689e-01  3.90742523e+00
  2.98933102e+02] 3.9169785305559732
[-3.02254951e+00  1.35813026e-01  1.19738050e-02  3.73082243e+00
  2.94687139e+02] 3.733312807968557
[-2.95084479e+00  4.76915231e-02 -2.06106024e-01  3.53622059e+00
  2.94383534e+02] 3.5425429017093903
[-2.97634238e+00 -3.99546027e-01 -1.09833103e-01  3.91714344e+00
  2.96196264e+02] 3.9389989975768493
[-3.00339959e+00  1.31411258e-01 -2.05000368e-02  3.75008286e+00
  2.94464874e+02] 3.752440618160841
[-2.99281351e+00  1.49734068e-01  1.20551604e-01  3.63880210e+00
  2.97402476e+02] 3.6438761904507215
[-3.03835821e+00 -5.81238579e-02 -1.64149632e-01  3.79113589e+00
  2.95386195e+02] 3.795133038967847
[-3.07665454e+00  2.77266051e-01  1.71198968e-01  3.75998070e+00
  2.96380277e+02] 3.7740747755632964
[-2.97597541e+00  3.63714751e-03 -1.71681690e-01  3.59129732e+00
  2.92514754e+02] 3.5954004342121473
[-3.08598536e+00 -1.79412633e-01 -3.35457894e-01  3.75164418e+00
  2.95731785e+02] 3.770882512692548
[-3.00910507e+00 -1.71920988e-02 -1.74231263e-01  3.89555120e+00
  2.96143690e+02] 3.89948346214044
[-2.97355701e+00  1.51136463e-01 -2.55001676e-01  3.32886405e+00
  2.95755192e+02] 3.342035900732735
[-3.06764490e+00  6.81831259e-02 -3.56308588e-01  3.57643364e+00
  2.94423084e+02] 3.5947854345475663
[-3.06126650e+00 -1.07088855e-02 -3.47418485e-01  3.59560354e+00
  2.94865311e+02] 3.6123647511778736
[-2.94487307e+00 -2.35750817e-01 -3.79562200e-01  3.40234951e+00
  2.94880681e+02] 3.4315635028576295
[-3.04939497e+00 -3.18082174e-02  1.47557593e-01  3.90166426e+00
  2.96148994e+02] 3.904583078658603
[-3.10142589e+00 -3.98495894e-02 -1.85372506e-01  3.46608086e+00
  2.92815054e+02] 3.4712630978982544
[-3.05095289e+00  4.69325344e-02  5.72021546e-02  3.64535289e+00
  2.97047218e+02] 3.6461037387803263
[-3.10211306e+00  2.23453451e-01 -1.19983867e-01  3.48170102e+00
  2.92857544e+02] 3.490926748561541
[-2.96882940e+00  5.41942865e-02 -1.97249089e-01  3.62707544e+00
  2.96116558e+02] 3.632839176857601
[-3.08718158e+00 -2.04280709e-01 -4.66607048e-02  3.33136926e+00
  2.92869637e+02] 3.337952810921318
[-3.11964346e+00  1.16307018e-01 -3.46968291e-01  3.87785852e+00
  2.96965968e+02] 3.895086775553572
[-2.97355014e+00  8.79698018e-02 -4.33296170e-01  3.61868918e+00
  2.94255021e+02] 3.645599491586886
[-2.99325832e+00  3.34170047e-02 -3.28868653e-01  3.64080251e+00
  2.96965580e+02] 3.655778198260449
[-3.05467763e+00  1.41343079e-01 -9.16863537e-02  3.68052942e+00
  2.94248584e+02] 3.684383402927962
[-3.04617255e+00  1.42664944e-02  4.58920009e-02  3.87993638e+00
  2.96114806e+02] 3.8802340017721257
[-2.97405473e+00  5.98940690e-02  5.46782936e-02  3.41904489e+00
  2.94435007e+02] 3.4200065789248235
[-3.08439266e+00 -7.79399414e-02  2.46328187e-01  3.59197970e+00
  2.94073943e+02] 3.6012595546660986
[-2.96433827e+00 -4.50560761e-01 -1.64495704e-01  3.53477142e+00
  2.96242334e+02] 3.5671659419874358
[-2.96190880e+00 -1.29373559e-02  2.32261526e-02  3.83890446e+00
  2.95825702e+02] 3.838996520377085
[-3.04948493e+00  8.71849996e-02  8.58082522e-02  3.60391477e+00
  2.94193123e+02] 3.605990286348747
[-3.00809849e+00  3.42148575e-02 -5.60407276e-02  3.19091117e+00
  2.91927285e+02] 3.1915866410882376
[-3.08869521e+00  3.14030829e-01  1.47133614e-02  4.00605131e+00
  2.96634387e+02] 4.018367694138245
[-3.06826692e+00 -3.86798983e-01  7.47787024e-02  3.45762141e+00
  2.92779988e+02] 3.479992972779163
[-3.01340033e+00  1.31429692e-01 -1.65732795e-01  3.34613832e+00
  2.93053324e+02] 3.352817144978283
[-3.04921731e+00  3.01150180e-01  1.07982757e-01  3.38723260e+00
  2.94662858e+02] 3.4023075142905603
[-3.04965136e+00 -1.42898152e-01 -2.86805681e-01  3.65922615e+00
  2.95018274e+02] 3.673229285019933
[-3.04241539e+00 -3.58471431e-02 -1.01369488e-01  3.47040429e+00
  2.94110363e+02] 3.4720695143053817
[-3.08515688e+00 -4.29972104e-02 -1.44561049e-01  3.61872577e+00
  2.94122847e+02] 3.621867315719993
[-3.07186905e+00  6.07614379e-02 -4.02911033e-02  3.44847679e+00
  2.95547404e+02] 3.449247377041497
[-2.99386636e+00  3.14286293e-01  1.69268779e-01  3.71293324e+00
  2.97908586e+02] 3.7300537534109117
[-3.07597839e+00  1.25802887e-01 -3.02223764e-02  3.69145874e+00
  2.93449817e+02] 3.6937254067486487
[-2.95905076e+00  6.32115304e-02 -1.55681304e-01  3.70595962e+00
  2.95420512e+02] 3.7097667172051056
[-3.16691077e+00 -2.21233514e-01 -1.49288685e-01  3.61016231e+00
  2.94543337e+02] 3.620014267177443
[-3.00850343e+00 -3.26616809e-01 -1.82689515e-01  4.08099043e+00
  2.97890419e+02] 4.098113821784734
[-3.08205347e+00 -5.87905115e-02  2.91396517e-02  3.85225886e+00
  2.95774357e+02] 3.852817639122011
[-3.05996762e+00  1.30046154e-01 -4.69305150e-02  3.76123399e+00
  2.94985056e+02] 3.76377412168257
[-3.04949933e+00  3.34375446e-01 -1.53664109e-01  3.58746439e+00
  2.93052887e+02] 3.606288999998927
[-3.01407929e+00  1.19296032e-01  2.89380290e-01  3.61211907e+00
  2.94731923e+02] 3.625655345233419
[-2.98287705e+00 -2.80440188e-01  2.73022532e-03  3.28528042e+00
  2.94157605e+02] 3.2972293844060534
[-3.01380378e+00  1.14721441e-01 -1.88662278e-01  3.48719292e+00
  2.93713832e+02] 3.494176431990765
[-2.98743778e+00 -1.42542357e-02 -7.63633623e-03  3.78782583e+00
  2.97080002e+02] 3.787860348218708
[-3.03211601e+00 -1.25944192e-01 -1.64153438e-01  3.56120145e+00
  2.95824184e+02] 3.5672067622652732
[-2.97777863e+00 -4.87476614e-03 -1.96592082e-01  3.58095644e+00
  2.94843105e+02] 3.5863520835553
[-3.00692939e+00  2.12951291e-01  4.28545490e-01  3.51789989e+00
  2.96070867e+02] 3.550298454825784
[-2.99876801e+00  2.30166191e-02 -1.64669294e-01  3.62427763e+00
  2.95213471e+02] 3.628089589333975
[-3.10731798e+00 -1.88683178e-01 -1.71427465e-01  3.69254545e+00
  2.94401719e+02] 3.701334973199143
[-3.05471322e+00  1.56588827e-01 -1.07940183e-01  3.48877166e+00
  2.93974664e+02] 3.493951748811876
[-3.00861177e+00  2.56192894e-01 -4.11328862e-01  3.56375221e+00
  2.94796587e+02] 3.596547795462383
[-3.09441340e+00  9.40598770e-02  9.20663385e-02  3.67607233e+00
  2.93049995e+02] 3.6784278271246915
[-3.15864578e+00  2.09211843e-01  2.40366016e-02  3.59853657e+00
  2.93665081e+02] 3.604693161736635
[-2.98664486e+00  1.50220814e-01  3.74876278e-02  3.76354005e+00
  2.95135769e+02] 3.7667234152734146
[-2.97070056e+00  1.46250854e-01  8.78220706e-02  3.67946280e+00
  2.95476905e+02] 3.683415333848615
[-2.98264292e+00 -2.99683591e-01 -3.26929934e-02  3.46806851e+00
  2.94588802e+02] 3.481146116536656
[-3.04895984e+00 -3.24910361e-02 -3.41283237e-01  3.30851549e+00
  2.93407444e+02] 3.3262297938544005
[-3.13634667e+00 -1.51168947e-01  3.54123452e-01  3.86281913e+00
  2.93048867e+02] 3.881961763295747
[-2.96359676e+00  4.86121810e-03 -8.23469226e-02  3.29866215e+00
  2.93006976e+02] 3.2996934173465884
[-3.00423349e+00 -2.44463022e-01 -1.14283888e-01  3.93172902e+00
  2.95139230e+02] 3.940979070758605
[-3.12398404e+00 -1.56108603e-01 -1.06045514e-01  3.61672842e+00
  2.93132229e+02] 3.6216487940157007
[-3.00963599e+00 -3.17545530e-01 -1.03945341e-01  3.78618862e+00
  2.96650269e+02] 3.800903060469159
[-2.96840466e+00 -1.79525855e-01  1.22697909e-01  3.37286178e+00
  2.94155993e+02] 3.379864037541271
[-3.02418928e+00  7.96396320e-02 -1.22629673e-02  3.71737069e+00
  2.96872021e+02] 3.7182439043305875
[-3.01493255e+00 -4.56991230e-01  3.95690530e-02  3.73873755e+00
  2.94877677e+02] 3.7667711878471333
[-2.98848715e+00 -1.33579640e-02  1.70216158e-01  3.75504395e+00
  2.94711746e+02] 3.7589236519858673
[-3.01665513e+00  1.91655169e-01  1.08052260e-01  3.44093071e+00
  2.94295786e+02] 3.4479575329273393
[-3.12012992e+00  1.32576638e-01  1.30249419e-01  3.43879265e+00
  2.92567372e+02] 3.4438113161332953
[-3.02415263e+00 -1.02250393e-01 -1.83721205e-01  3.82794602e+00
  2.96234035e+02] 3.8337161241385513
[-3.05921001e+00 -6.73373166e-02  1.14715683e-01  3.55277179e+00
  2.93407959e+02] 3.555261083925847
[-2.99864244e+00  2.20176808e-01 -2.83466875e-01  3.60648772e+00
  2.94661045e+02] 3.6243047564547837
[-3.10701111e+00 -1.00660936e-01  1.33704541e-02  3.34718817e+00
  2.92547811e+02] 3.348728125092091
[-3.02026172e+00 -9.41724326e-02 -1.13533228e-01  3.41964784e+00
  2.94315121e+02] 3.42282771358643
[-3.00770396e+00 -1.83529556e-01 -9.87201237e-02  3.44044504e+00
  2.93636138e+02] 3.446750768268296
[-3.03134446e+00 -1.53240821e-01  3.75519756e-02  4.06512521e+00
  2.96240108e+02] 4.068185822291799
[-3.02787106e+00 -2.16463426e-01  1.20015534e-01  3.80605875e+00
  2.95698215e+02] 3.8140979701985165
[-3.02878036e+00  6.74708823e-02  6.62421747e-02  4.00452409e+00
  2.96830487e+02] 4.005640216298707
[-3.07394594e+00 -2.47990745e-01 -1.83762587e-01  3.75162420e+00
  2.95392947e+02] 3.7642996980233563
[-2.98458510e+00  1.06968186e-01  1.62443282e-01  3.92832332e+00
  2.97885222e+02] 3.9331354006770374
[-2.95578148e+00  4.05766379e-01  2.07261473e-01  3.65023087e+00
  2.95374830e+02] 3.678558013398481
[-3.08027792e+00  1.22553628e-01  4.24296392e-01  3.24548473e+00
  2.93280751e+02] 3.2753958483577854
[-2.95651268e+00 -3.44615125e-02 -1.20702820e-01  3.33996419e+00
  2.95166419e+02] 3.3423221804418604
[-3.02048930e+00  1.90292716e-01 -5.93863201e-01  3.50124426e+00
  2.95158996e+02] 3.5563459069370817
[-2.99801652e+00  1.33325635e-01 -1.90841675e-01  3.47737442e+00
  2.92922585e+02] 3.485158409481591
[-3.04425493e+00 -1.48628005e-01  1.42921531e-01  3.45288289e+00
  2.94549368e+02] 3.4590341317501268
[-2.99417084e+00  3.27410711e-01 -8.89438111e-02  3.60541402e+00
  2.95494024e+02] 3.6213421622868895
[-2.99146397e+00 -3.36573478e-02 -6.63623047e-03  3.22522348e+00
  2.93345976e+02] 3.22540592370169
[-3.03444265e+00 -4.41974190e-02 -1.29786251e-02  3.75201790e+00
  2.95887591e+02] 3.7523006478690735
[-2.95582267e+00 -1.85490981e-01 -1.42481283e-01  3.55711032e+00
  2.90431186e+02] 3.5647919461059803
[-3.01656274e+00 -1.77796973e-01 -8.54453848e-02  3.74649615e+00
  2.94511287e+02] 3.7516857634173464
[-2.99071670e+00 -2.03035794e-01 -1.79792661e-01  3.51531982e+00
  2.95605272e+02] 3.5257654968827943
[-3.03242124e+00 -1.43994479e-01 -5.99522861e-02  3.50905451e+00
  2.94412211e+02] 3.512519357071717
[-2.93370041e+00  1.26844293e-01 -2.52765098e-01  3.79196455e+00
  2.97097940e+02] 3.802495867763556
[-3.05946903e+00 -1.91753292e-02 -2.24448405e-01  3.55537049e+00
  2.93911058e+02] 3.562499694388382
[-3.13072722e+00  2.84962110e-01  1.20410576e-01  3.58829187e+00
  2.92925853e+02] 3.601602513132697
[-3.02612696e+00 -5.88602032e-02 -1.04648148e-01  3.52430561e+00
  2.94650524e+02] 3.526350208139715
[-2.96405016e+00  2.31513636e-01 -3.51012376e-02  3.30569440e+00
  2.94629435e+02] 3.3139773833608728
[-2.97840896e+00  2.57466571e-01  7.66043908e-03  3.59416272e+00
  2.95012351e+02] 3.60338082782359
[-3.04323047e+00  9.62934978e-02  2.75337798e-01  3.61148625e+00
  2.96054689e+02] 3.6232466524120763
[-2.99211697e+00  2.44756477e-02  6.71292583e-03  3.85301115e+00
  2.95137995e+02] 3.853094739834776
[-3.02893791e+00 -3.72104566e-02 -2.90142653e-01  3.88766222e+00
  2.95639547e+02] 3.8986516779906766
[-3.01330960e+00 -3.94887651e-01  1.64858078e-01  3.75783548e+00
  2.95932471e+02] 3.782121356403126
[-3.03879506e+00  3.28102477e-01  1.81206087e-01  3.47902444e+00
  2.96598230e+02] 3.4991567505448584
[-2.99115628e+00 -2.57624544e-02 -6.49942431e-02  3.65648446e+00
  2.96136941e+02] 3.657152794139939
[-2.87893131e+00  1.57199380e-01 -2.55332056e-01  3.75530282e+00
  2.97258083e+02] 3.7672543573191883
[-3.01044992e+00  8.93507444e-02 -8.52722008e-02  3.26220275e+00
  2.93938029e+02] 3.264540043576244
[-2.95549180e+00  7.74143385e-02 -1.69737751e-01  3.36957561e+00
  2.95179656e+02] 3.3747360867850267
[-3.06948021e+00 -2.19491335e-01 -7.67249232e-02  3.30062925e+00
  2.93326470e+02] 3.308808939560637
[-2.97933996e+00  8.13081849e-02  1.48694341e-01  3.62516596e+00
  2.94807064e+02] 3.629125134206957
[-3.05084301e+00 -5.54344910e-02 -1.15306441e-01  3.31055904e+00
  2.92900574e+02] 3.3130302958006035
[-3.04734878e+00 -1.20365573e-01 -2.61120528e-01  3.78240745e+00
  2.96078069e+02] 3.7933201740092857
[-3.07096982e+00 -2.07976269e-01  1.60675615e-01  3.91828001e+00
  2.96494754e+02] 3.927084037640193
[-3.08808619e+00  3.22334427e-01 -4.37395646e-02  3.68680191e+00
  2.96218371e+02] 3.701124285443963
[-3.07221493e+00 -8.52342310e-02 -1.89866028e-02  3.83986929e+00
  2.93731669e+02] 3.840862076975142
[-3.09148213e+00  1.49872909e-02 -1.97540082e-01  3.90659912e+00
  2.95480329e+02] 3.9116190258779535
[-3.01177019e+00  4.13400677e-02  2.56074392e-01  3.61338637e+00
  2.95119467e+02] 3.622684665561354
[-2.99328646e+00 -3.20010036e-01 -2.90787260e-02  3.75808453e+00
  2.96137865e+02] 3.77179683154501
[-2.97910457e+00  9.04909443e-02  4.80826081e-02  3.62103833e+00
  2.94048229e+02] 3.6224879713168816
[-3.03434876e+00  6.72140103e-02  5.54051015e-02  3.56526450e+00
  2.95378624e+02] 3.566328417659701
[-2.93571691e+00  1.01142133e-01 -1.33089536e-01  3.40288278e+00
  2.94764802e+02] 3.406986026293097
[-3.06278101e+00 -2.30568886e-01  2.07535593e-01  3.51004312e+00
  2.94169324e+02] 3.5237246976985084
[-2.98387624e+00  2.15110668e-01  7.83445067e-02  3.68702927e+00
  2.96007629e+02] 3.6941298397670073
[-3.14266290e+00 -1.37077412e-01  3.88821639e-02  4.03594126e+00
  2.96093888e+02] 4.038455635718973
[-3.00741231e+00  2.47463359e-01  2.70780619e-01  3.35361401e+00
  2.93980875e+02] 3.373616338446025
[-3.05716776e+00  3.36430306e-01  9.80445097e-02  3.60994623e+00
  2.93310713e+02] 3.62691464604504
[-3.04651715e+00 -2.10029398e-01 -2.10119184e-02  3.82466703e+00
  2.93606366e+02] 3.8304871447408897
[-2.94617375e+00 -5.06399825e-01 -1.89347316e-01  3.76814085e+00
  2.95780439e+02] 3.806728076283755
[ -2.96291891  -0.37846795   0.35326245   3.54889471 296.2166128 ] 3.5864586993243277
[-3.07357113e+00 -3.95448474e-01  2.08499180e-02  3.47472071e+00
  2.95494536e+02] 3.4972129196235615
[-3.01309410e+00  1.17869868e-01  3.84356425e-01  3.57571127e+00
  2.95611250e+02] 3.598240440533044
[-3.09320779e+00  7.76346546e-02 -2.61978254e-03  3.64510196e+00
  2.93050576e+02] 3.6459295515550036
[-2.88091177e+00 -1.42475179e-01 -6.73169435e-02  3.76531661e+00
  2.97052800e+02] 3.7686124667217133
[-3.06620929e+00  7.74871039e-02 -1.52107973e-01  3.86197934e+00
  2.93809630e+02] 3.865750318009684
[-3.04057997e+00 -8.93436533e-02 -1.35867675e-01  3.60916817e+00
  2.95727249e+02] 3.6128295232282053
[-3.03143606e+00 -9.74103366e-02 -2.79678297e-01  3.53630078e+00
  2.94306935e+02] 3.5486803063926327
[-3.03437934e+00 -3.94348247e-01  2.61044727e-02  3.60779647e+00
  2.95186961e+02] 3.6293783720766744
[-3.03539434e+00 -2.57822117e-01 -1.09262649e-01  3.76673300e+00
  2.94896039e+02] 3.777126955041688
[-3.01331421e+00 -6.92435159e-03 -2.37891478e-01  3.71653585e+00
  2.96491680e+02] 3.7241480918153678
[-2.96612408e+00  3.00816833e-01  2.36260977e-02  3.82779209e+00
  2.95920485e+02] 3.8396668119193538
[-3.00014165e+00 -3.50538032e-01 -6.41702247e-02  3.76425926e+00
  2.95889022e+02] 3.7810901205927037
[-3.00705689e+00  8.33182080e-02 -9.74453357e-02  3.55176478e+00
  2.96556062e+02] 3.554078017555339
[-3.06461692e+00  8.47660860e-02  1.46129290e-01  3.57194759e+00
  2.94547856e+02] 3.575940249618417
[-3.02901145e+00  8.89949061e-02 -1.11945210e-03  3.60495058e+00
  2.93723644e+02] 3.6060490887074748
[-2.97349451e+00 -1.21242174e-01 -6.53930100e-02  3.58321709e+00
  2.95711063e+02] 3.585863994811586
[-2.99474479e+00 -2.05575567e-01  4.03647344e-02  3.63112887e+00
  2.94910161e+02] 3.637167505982726
[-3.03197994e+00  1.28650806e-01  7.11063770e-03  3.56121875e+00
  2.94585723e+02] 3.5635488750965165
[-3.04221757e+00 -1.11135359e-01 -2.74845633e-01  3.94038738e+00
  2.97129564e+02] 3.95152425008965
[-3.08499715e+00 -9.86320717e-03  2.88084603e-02  3.41515751e+00
  2.93057070e+02] 3.415293251989881
[-2.98999794e+00  2.26914535e-01 -2.47791512e-02  3.24004383e+00
  2.92190602e+02] 3.2480745411165155
[-2.94736238e+00 -1.95596624e-02 -7.42235390e-02  4.04209150e+00
  2.97531591e+02] 4.042820232724395
[-2.99882344e+00 -1.46745352e-01  2.59748686e-01  3.73456278e+00
  2.96369589e+02] 3.7464600321624673
[-3.05693485e+00 -3.88782170e-02  4.65628033e-01  4.06297625e+00
  2.93455491e+02] 4.08975512174652
[-3.08323809e+00 -4.97054200e-02  7.96193531e-02  3.50100992e+00
  2.94716801e+02] 3.5022678807817087
[-3.02185719e+00 -4.06647611e-02 -5.13126589e-02  3.88811936e+00
  2.97554949e+02] 3.8886705700011635
[-3.08978834e+00  1.20422434e-01 -9.88001332e-02  3.92583549e+00
  2.95917526e+02] 3.92892444689883
[-3.07881183e+00  3.21628977e-01 -1.15765014e-01  3.62683639e+00
  2.93735783e+02] 3.64290940653836
[-3.10916797e+00  8.27329442e-02 -1.23102506e-01  3.74728176e+00
  2.93364549e+02] 3.7502159362255996
[-2.99738895e+00  1.66232915e-01  1.01543471e-02  3.39955303e+00
  2.94334328e+02] 3.4036300127875827
[-3.02809919e+00 -2.32222986e-02 -3.19042652e-02  3.58075334e+00
  2.95467247e+02] 3.58097076964207
[-2.99329206e+00 -2.71876921e-02 -1.43145971e-01  3.82525386e+00
  2.97031438e+02] 3.828027827529592
[-3.05739579e+00  4.16489434e-02 -3.17456462e-01  3.92052415e+00
  2.95163176e+02] 3.933576348320076
[-2.99606819e+00 -2.34058617e-01 -1.59442626e-01  3.83330321e+00
  2.93591872e+02] 3.8437506230380194
[-3.07780665e+00  2.80661671e-02 -1.81547353e-01  3.91932835e+00
  2.95411670e+02] 3.923631209736134
[-3.02448533e+00  7.69369917e-02 -4.41463253e-02  3.66530766e+00
  2.96898801e+02] 3.6663808333037577
[-2.95464602e+00 -4.94025642e-02 -1.05089798e-01  3.34819250e+00
  2.92454270e+02] 3.350205592189093
[-3.08550570e+00 -5.02610129e-02  3.74899008e-02  3.69426099e+00
  2.95526446e+02] 3.694793087329732
[-3.10045343e+00 -1.08454773e-01 -8.39671927e-02  3.70975619e+00
  2.94092893e+02] 3.7122909232138386
[-2.99872166e+00  3.27150732e-01  1.94531947e-01  3.29030386e+00
  2.91345116e+02] 3.3122454254539253
[-2.96336895e+00  3.75686430e-01  2.65662020e-02  3.46011039e+00
  2.94032034e+02] 3.4805473612357822
[-2.99056178e+00 -3.39569646e-01 -9.30170438e-02  3.79679605e+00
  2.96108614e+02] 3.8130853633346917
[-3.03682799e+00 -1.44969598e-01 -2.22516124e-02  3.44015797e+00
  2.92620071e+02] 3.4432830523177147
[-2.94448353e+00  2.37282363e-01  2.94298901e-02  3.64569234e+00
  2.96605078e+02] 3.653524554047476
[-2.99415854e+00  1.72819266e-01  2.80944882e-01  3.99822263e+00
  2.96982707e+02] 4.011805167406808
[-3.06166086e+00  1.74231088e-01 -5.72151877e-02  3.28134329e+00
  2.91805799e+02] 3.286463729977588
[-3.02879181e+00 -2.48156167e-02 -5.32222252e-02  3.47292340e+00
  2.93969625e+02] 3.4734198387947357
[-3.11566721e+00  2.02895893e-02 -1.46646171e-01  3.65916030e+00
  2.93139399e+02] 3.662153860423942
[-3.04771303e+00 -1.42695287e-01  3.72259210e-01  3.72201105e+00
  2.93754951e+02] 3.743301364436512
[-3.01449371e+00 -1.17274609e-02  1.56786362e-01  3.50990163e+00
  2.94154997e+02] 3.51342126238468
[-2.99756587e+00 -8.30120543e-03 -1.78498589e-01  3.40429913e+00
  2.94459938e+02] 3.4089856621427304
[-3.04577800e+00 -1.25612419e-01  4.04929974e-01  3.66743674e+00
  2.95447893e+02] 3.691861181120589
[-3.03882004e+00 -4.51593644e-01 -4.71099771e-02  3.72095164e+00
  2.93936800e+02] 3.7485513611427748
[-2.97898379e+00  2.63787079e-01 -3.36985711e-01  3.47339226e+00
  2.94616490e+02] 3.4996566625092367
[-2.91928286e+00  7.34281371e-02  1.64233453e-01  3.68435986e+00
  2.94182509e+02] 3.688749369091121
[-3.02795577e+00  2.34862613e-01  7.63357215e-02  3.44072407e+00
  2.94941736e+02] 3.4495752953583527
[-3.04036314e+00 -6.46896801e-02 -2.97381120e-01  3.83528317e+00
  2.94093160e+02] 3.847338990197677
[-3.04475052e+00  4.67492858e-02 -1.41342640e-01  3.33513432e+00
  2.92960733e+02] 3.338455352970094
[-2.97859039e+00 -1.04318899e-01  2.89118428e-01  3.59525111e+00
  2.95331297e+02] 3.608365616772676
[-3.00777390e+00  2.51927489e-03  4.37124406e-02  3.31818603e+00
  2.94173798e+02] 3.318474899049187
[-3.04016477e+00  5.47984360e-02  1.08598731e-01  3.72260330e+00
  2.94648738e+02] 3.7245901594286095
[-3.03207870e+00 -3.11807341e-02 -3.92328605e-01  3.60663235e+00
  2.94221938e+02] 3.628042294625079
[-3.07363914e+00  2.20240595e-01  6.14968240e-03  3.75002567e+00
  2.94115282e+02] 3.756492552280334
[-3.06363401e+00 -1.15103392e-01 -4.13979442e-02  3.73662340e+00
  2.96422228e+02] 3.738625019396231
[-3.01103926e+00 -2.00805386e-01 -1.12931154e-01  3.77338832e+00
  2.93775198e+02] 3.780414751399299
[-3.00054456e+00  4.05648675e-01  1.06950658e-01  3.71114649e+00
  2.96538455e+02] 3.734782126656773
[-3.06755147e+00  1.79947893e-01 -3.88077466e-01  3.69379055e+00
  2.94506806e+02] 3.718477373557072
[-3.05647223e+00  2.94287510e-01  2.06153208e-01  3.71495875e+00
  2.95723168e+02] 3.732294578746793
[-3.01351861e+00 -1.32786632e-01 -5.33831711e-02  3.89759374e+00
  2.96551904e+02] 3.900220383431239
[-3.00757830e+00  2.43563195e-01  1.40074678e-01  3.55744991e+00
  2.94837849e+02] 3.5685282415001325
[-2.97247985e+00 -4.74916338e-03  3.65417514e-02  3.49765677e+00
  2.95364864e+02] 3.4978508719549946
[-2.96255395e+00  8.95025509e-02  2.79000148e-01  3.73541991e+00
  2.98174187e+02] 3.7468938765521473
[-2.97606828e+00 -1.19048748e-01  3.57844456e-02  3.59624476e+00
  2.97366727e+02] 3.5983926323608175
[-2.98100377e+00 -3.12781068e-01 -1.42545543e-01  3.98709215e+00
  2.97367587e+02] 4.001881440977751
[-3.01476870e+00 -8.28097359e-02 -1.58340713e-03  3.70321378e+00
  2.94778800e+02] 3.7041398780181645
[-3.07459795e+00 -4.23066780e-01 -3.84533351e-02  3.81857128e+00
  2.97265896e+02] 3.842128417068831
[-2.95883727e+00 -4.36769203e-02 -1.43435188e-01  3.70114676e+00
  2.94954389e+02] 3.7041825923537943
[-2.98660744e+00 -8.64600309e-02  1.72986036e-01  3.06541995e+00
  2.92470946e+02] 3.0715141224556666
[-3.02351146e+00  1.45746315e-01  9.93229765e-02  3.38159354e+00
  2.94434302e+02] 3.3861898855298405
[-3.07117234e+00 -4.59309229e-03 -3.34050474e-01  3.85890822e+00
  2.94402267e+02] 3.8733426708030687
[-2.99553060e+00 -2.14354586e-01  1.09284238e-01  3.65067672e+00
  2.95205081e+02] 3.658596921756903
[-2.96744805e+00  4.55142572e-02  2.13080112e-01  3.52884989e+00
  2.96039265e+02] 3.5355701461607776
[-2.97211681e+00  1.45598311e-01  2.15208478e-01  3.59732723e+00
  2.96890110e+02] 3.606698871159562
[-3.11432523e+00 -1.22431565e-01  2.06002069e-01  3.75018859e+00
  2.92876677e+02] 3.7578372544502456
[-3.04162565e+00 -2.17298011e-01 -1.22529681e-02  3.81583158e+00
  2.94677045e+02] 3.8220333827133843
[-3.02671098e+00  7.57592436e-04  3.94834585e-02  3.34664625e+00
  2.94807618e+02] 3.34687923550676
[-3.04687557e+00  4.84525669e-02 -1.27942311e-01  3.26036093e+00
  2.92150575e+02] 3.2632300359860316
[-3.05218262e+00  4.30811509e-01  1.95819446e-01  3.31954869e+00
  2.92665192e+02] 3.3531100971472365
[-3.01010416e+00 -2.08414960e-01  1.93519840e-02  3.50905950e+00
  2.95347775e+02] 3.515296555615439
[-3.05610586e+00  2.00374159e-01 -7.72456015e-02  3.77711426e+00
  2.95981231e+02] 3.783214082988872
[-3.03648119e+00  2.33332839e-01 -1.72545876e-01  3.85246230e+00
  2.93616583e+02] 3.8633770258126705
[-3.07195249e+00  3.16128528e-02 -1.57693916e-02  4.00755876e+00
  2.96047275e+02] 4.007714465218162
[-3.01250311e+00  1.37755828e-01 -2.41569055e-02  3.81614105e+00
  2.94828541e+02] 3.8187030214880786
[-3.15083523e+00 -4.78010223e-02  3.05538090e-02  3.60037765e+00
  2.93345029e+02] 3.6008245807991814
[-3.01918470e+00 -1.96838938e-02 -5.54488670e-02  3.58180087e+00
  2.94944024e+02] 3.58228412207011
[ -2.9641928    0.43393575  -0.33778231   3.39852113 294.80356137] 3.4427231947879138
[-3.06706340e+00  1.89829745e-01 -3.52746705e-02  3.57360894e+00
  2.95050195e+02] 3.5788211055247623
[-3.08767226e+00 -1.32076523e-03 -1.21069321e-01  3.62336695e+00
  2.94506774e+02] 3.625389304681641
[-3.04072498e+00  1.43931733e-01 -5.95971663e-02  3.67531786e+00
  2.95225470e+02] 3.6786178853511604
[-3.08439268e+00  1.25297904e-01 -2.82664429e-01  3.52104715e+00
  2.95800291e+02] 3.534596409201616
[-3.08392485e+00  4.21750936e-02  2.55362933e-01  3.77087801e+00
  2.94433783e+02] 3.7797499834215538
[-2.99860526e+00 -2.20530411e-01  1.07148546e-01  3.73262540e+00
  2.94612432e+02] 3.7406693028028304
[-3.04040040e+00  7.18311660e-02  4.93981582e-02  3.96105377e+00
  2.97438703e+02] 3.9620129859277826
[-3.06101688e+00 -2.30012413e-01 -1.89014543e-01  3.59285451e+00
  2.95400333e+02] 3.605167919081989
[-3.00609723e+00  1.20329768e-01 -2.54221349e-01  3.81218861e+00
  2.96829900e+02] 3.822550158452514
[-3.08287987e+00  1.18964304e-01  3.77977247e-02  3.62165936e+00
  2.94696079e+02] 3.623809829860933
[-3.02751392e+00 -1.30030409e-01 -1.60233244e-01  3.74179103e+00
  2.94726801e+02] 3.74747684306074
[-3.01292072e+00 -1.79875955e-01  1.53063510e-02  3.76650652e+00
  2.96050198e+02] 3.770830279246556
[-2.99752487e+00  3.55003995e-02  1.08116314e-01  3.34013373e+00
  2.95786760e+02] 3.342071628813813
[-2.95688696e+00 -2.23764547e-01 -1.15522957e-04  3.75592342e+00
  2.97248624e+02] 3.7625830636899282
[-2.95774501e+00 -1.54687192e-01 -9.32554437e-02  3.55532272e+00
  2.94090180e+02] 3.559907916172208
[-3.05903587e+00  1.73278638e-01 -1.48927684e-01  3.79296058e+00
  2.94648110e+02] 3.7998361631421558
[-2.97142155e+00  1.46537458e-01  1.27004445e-01  3.46199406e+00
  2.94187342e+02] 3.4674206915127854
[-3.09823722e+00 -1.45697783e-01  1.45984046e-01  3.83598440e+00
  2.96211020e+02] 3.8415251570885336
[-3.07416399e+00 -1.64658721e-01  1.40176568e-01  3.70116720e+00
  2.95526029e+02] 3.7074790072485997
[-3.01643272e+00 -3.80315708e-02 -1.01149802e-01  3.68774598e+00
  2.93803196e+02] 3.6893289459273424
[-3.00983981e+00 -3.05253611e-01  1.29815770e-03  3.55714428e+00
  2.94483886e+02] 3.5702180470120983
[-3.07508130e+00 -1.64031121e-01  1.79079387e-01  3.90614577e+00
  2.95607166e+02] 3.913687574968054
[-2.91963986e+00 -4.49978705e-02 -2.55537204e-01  3.68900164e+00
  2.95533658e+02] 3.6981153547156813
[-2.99509457e+00 -6.39822155e-02  4.64026899e-01  3.61642059e+00
  2.94880875e+02] 3.646630306645165
[-3.07005813e+00  2.66628626e-01  5.33576801e-02  3.89466150e+00
  2.98700163e+02] 3.9041421717516642
[-3.07600099e+00  1.18017841e-02  5.47193882e-02  3.49882056e+00
  2.93461189e+02] 3.499268326277702
[-2.98662313e+00 -1.37895831e-01 -1.10929748e-01  3.46673742e+00
  2.92920610e+02] 3.4712517892879413
[-3.08217081e+00 -9.04461406e-02 -1.24394760e-01  3.66669483e+00
  2.94087356e+02] 3.6699190141282627
[-2.98413930e+00 -1.01938499e-01 -2.22965244e-01  3.69263722e+00
  2.96344088e+02] 3.7007667556923898
[-3.09242151e+00  3.90563833e-01 -2.68273741e-01  3.59450076e+00
  2.94712313e+02] 3.6255960346803975
[-2.97532244e+00  1.44868073e-01  2.23264587e-01  3.56744962e+00
  2.94016673e+02] 3.5773636416475045
[ -3.07348413  -0.36893608   0.48531531   3.57462825 294.67394392] 3.6262393629793372
[-2.98369353e+00  7.87456371e-02  1.86384396e-01  3.85142321e+00
  2.96603552e+02] 3.8567344655805256
[-3.08882586e+00  1.13755374e-01 -9.50169653e-03  3.58993159e+00
  2.93784118e+02] 3.5917460090115885
[-3.00727910e+00  2.08654338e-01 -2.29333875e-01  3.60804707e+00
  2.94122881e+02] 3.6213442691904008
[-3.01475414e+00  1.41326403e-01  2.18678064e-01  3.63495095e+00
  2.94428569e+02] 3.6442642165118695
[-3.02230991e+00  2.01533936e-01 -2.16127380e-01  3.53225526e+00
  2.96296838e+02] 3.544595072538761
[-3.05618053e+00 -4.84799949e-03  5.20269371e-03  3.90205410e+00
  2.96213783e+02] 3.9020605807449456
[-2.98400984e+00  3.24880001e-02 -1.70066546e-01  3.63533966e+00
  2.93350521e+02] 3.639460478226361
[-2.99411038e+00  1.91315137e-01  1.17504004e-01  4.05636010e+00
  2.98984064e+02] 4.062568881235276
[-3.08677533e+00 -1.17656490e-01 -1.67645117e-01  3.59538421e+00
  2.93468812e+02] 3.6012130689740416
[-3.02978831e+00  3.16449737e-01 -1.51761452e-01  3.48413011e+00
  2.94270357e+02] 3.50176164500299
[-3.09269253e+00  2.57973860e-01  7.50218900e-02  3.68688171e+00
  2.93824257e+02] 3.6966573425978058
[-2.99323635e+00 -3.31951874e-01  6.56751538e-02  3.63936783e+00
  2.94290011e+02] 3.655065450533174
[-3.06641900e+00 -2.65143059e-02  2.27360604e-01  3.68144328e+00
  2.94947887e+02] 3.688552625934715
[-2.99374063e+00 -6.54746410e-02 -1.80493300e-01  3.60487659e+00
  2.96471088e+02] 3.6099861498846995
[-2.97481117e+00 -2.52475167e-02  2.17880244e-01  3.89436651e+00
  2.97574840e+02] 3.9005383922776096
[-3.07294556e+00 -7.74266376e-02  1.09028080e-01  3.67298094e+00
  2.93496873e+02] 3.6754143992480093
[-3.06118104e+00 -6.09589942e-03 -1.07991848e-01  3.79382947e+00
  2.95590032e+02] 3.7953710539702636
[-3.08107547e+00  2.48473227e-01  1.78876023e-01  3.49542135e+00
  2.93513585e+02] 3.508804068266656
[-3.00381610e+00  2.35506584e-01  1.82779623e-01  3.63420526e+00
  2.94088529e+02] 3.6464118795548326
[-3.08868075e+00  3.75811254e-02 -2.68079034e-01  3.83124947e+00
  2.95459788e+02] 3.8408008602971475
[-3.02935213e+00 -2.58335598e-02  1.51370313e-01  3.90667999e+00
  2.94765042e+02] 3.909696774277705
[-2.97420998e+00 -7.58906195e-04  3.58581106e-02  3.83129104e+00
  2.94392856e+02] 3.8314589113321693
[-3.03749053e+00 -2.88740367e-02  9.04475886e-02  3.88788642e+00
  2.98927271e+02] 3.8890455515043088
[-2.96060794e+00  3.31213391e-02  3.96104673e-01  3.72948805e+00
  2.96891357e+02] 3.750610223095246
[-2.92210465e+00  4.54627139e-02 -1.13040650e-01  3.54285394e+00
  2.96205630e+02] 3.5449483875611962
[-3.01689346e+00 -7.41824073e-02 -4.03171068e-02  3.81703645e+00
  2.96009618e+02] 3.8179701130129367
[-3.03529654e+00 -1.82484784e-01 -1.66238623e-01  3.58406058e+00
  2.94244940e+02] 3.592551489907912
[-3.01480947e+00  9.29661396e-02 -8.13416989e-03  3.70334275e+00
  2.98567261e+02] 3.7045183792839405
[-3.05678265e+00  2.28443832e-01 -1.91996724e-01  3.66709440e+00
  2.95891573e+02] 3.679216041540938
[-3.02460581e+00  3.04288391e-01  7.61916642e-02  3.65615815e+00
  2.95643644e+02] 3.6695897649036264
[-2.99008455e+00  2.05363526e-01  2.52460749e-03  3.62243249e+00
  2.95946755e+02] 3.6282499455980464
[-3.09132672e+00 -1.58802145e-01  3.00699620e-01  3.83305215e+00
  2.95145812e+02] 3.8481069551032534
[-3.15294036e+00  1.03439088e-01 -4.17956009e-01  3.63375446e+00
  2.94610512e+02] 3.6591745432031186
[-3.09992625e+00 -1.77932398e-01  1.84765612e-01  3.19762402e+00
  2.92653024e+02] 3.207896143437198
[-3.02144761e+00  2.35671747e-01 -1.61778146e-01  3.50950671e+00
  2.93973786e+02] 3.5211291791672585
[-3.03025979e+00  8.60416381e-02  1.75359723e-01  3.87118371e+00
  2.94453202e+02] 3.8761085533971524
[-3.02170187e+00  1.70987566e-01  2.21138072e-01  3.87433013e+00
  2.95965291e+02] 3.8844012116738353
[-2.99425737e+00  1.34848781e-01  4.09437965e-02  3.37315320e+00
  2.94244779e+02] 3.3760958370537146
[-3.05330008e+00  1.87094499e-01  3.41545102e-02  3.44834096e+00
  2.94292895e+02] 3.453581654355511
[-3.05880821e+00  1.05952052e-02  2.04336200e-01  3.78820450e+00
  2.93596905e+02] 3.7937262556726954
[-3.04614119e+00  2.74892651e-01 -6.04958670e-02  3.62923957e+00
  2.93791597e+02] 3.640138129641732
[-2.98243576e+00 -8.26841801e-02  2.62564320e-01  3.75866946e+00
  2.97109998e+02] 3.7687362387755874
[-2.94840406e+00  1.67812458e-01  4.08273291e-02  3.40889575e+00
  2.94701132e+02] 3.4132679544552915
[-3.04407587e+00  1.94173314e-01 -2.14548243e-02  3.44851308e+00
  2.93967356e+02] 3.4540419841411545
[-3.06759364e+00 -1.80296453e-01 -3.42001738e-02  3.38876295e+00
  2.94972479e+02] 3.393728160228675
[-2.92990232e+00 -4.45047957e-01 -1.25148153e-01  3.67319248e+00
  2.95454715e+02] 3.7021713543603063
[-3.08452021e+00  9.78502349e-02 -1.45704676e-01  3.79074974e+00
  2.93262640e+02] 3.794810677696053
[-3.01265410e+00  1.35957947e-01 -2.51029695e-01  3.69561932e+00
  2.96147613e+02] 3.706629554130666
[-3.06164477e+00  5.06422011e-02 -5.60757987e-03  3.49247382e+00
  2.94941281e+02] 3.492845468974443
[-3.02485699e+00 -1.31107231e-01 -3.34988843e-01  3.89176513e+00
  2.96150541e+02] 3.9083554715380493
[-3.01716408e+00  1.60168514e-01  2.64037921e-01  3.81246245e+00
  2.96226394e+02] 3.824949659467238
[-2.99506626e+00  1.48374587e-02  9.35185716e-02  3.46244867e+00
  2.93655912e+02] 3.463743155539166
[-2.99901158e+00  4.20592381e-01  1.71899593e-02  3.48795301e+00
  2.91638243e+02] 3.513261968454024
[-3.03988497e+00 -4.03264554e-01  1.79577348e-01  3.50290503e+00
  2.94791718e+02] 3.5306109892636934
[-3.06603833e+00  5.79108385e-02 -9.14032844e-02  3.73897322e+00
  2.93133213e+02] 3.740538595267772
[-2.97762039e+00  3.58039720e-02  2.40836642e-02  3.69773368e+00
  2.95371322e+02] 3.6979854443960893
[-3.09351282e+00  1.21582662e-01 -1.48197727e-01  3.71401894e+00
  2.94170804e+02] 3.718962434653451
[-2.95946778e+00 -6.80352431e-03 -3.30604521e-01  3.28664054e+00
  2.93227967e+02] 3.3032335154847745
[-3.01910653e+00 -2.61184940e-01  7.43384553e-03  3.86577812e+00
  2.96762653e+02] 3.8745984714734205
[-3.03683940e+00  5.18783919e-02  2.48290495e-01  3.43413422e+00
  2.94091508e+02] 3.4434891293590417
[-2.97431477e+00 -4.04020753e-02 -2.44416571e-01  3.77103137e+00
  2.96785191e+02] 3.779159878334586
[-3.02496108e+00  2.24832768e-01 -8.43274334e-02  3.73067628e+00
  2.93521050e+02] 3.7383962306542777
[-3.04859839e+00 -1.94440989e-03  4.67035600e-01  3.85583840e+00
  2.95028042e+02] 3.884020572962439
[-3.03791528e+00 -1.93452062e-01  3.20855761e-01  3.64500014e+00
  2.97476597e+02] 3.6642049830386774
[-2.99838650e+00  1.59223382e-01  1.61590149e-01  3.72865900e+00
  2.96760031e+02] 3.735553694281121
[-3.01481021e+00 -7.96418467e-02  2.39030229e-01  3.57597449e+00
  2.95186634e+02] 3.584839161411086
[-3.00600200e+00 -1.39456261e-02 -9.85146058e-02  4.03661882e+00
  2.95573361e+02] 4.037844861185941
[-3.05789875e+00  2.85631180e-01 -1.50651069e-01  3.56843864e+00
  2.94207033e+02] 3.5830204127937733
[-3.02141869e+00 -3.82209643e-02 -9.78865903e-02  3.87612010e+00
  2.94843157e+02] 3.877544285521656
