/mnt/stage/douwei/Simulation/5kt_root/2MeV/5kt_-9.20.root
[-3.26552228e+00 -7.41687059e-02  9.71415500e-02 -9.37289305e+00
  3.32491309e+02] 9.373689859816007
[-3.18673038e+00 -2.94928373e-02  1.38110369e-01 -9.28361637e+00
  3.32955192e+02] 9.284690472400456
[-3.16997363e+00  1.73322902e-01 -4.91511866e-02 -9.33960641e+00
  3.31397437e+02] 9.341343826215903
[-3.16605888e+00  1.16649808e-01 -7.09684223e-02 -9.29376724e+00
  3.29433972e+02] 9.294770205340694
[-3.20574556e+00 -2.28659863e-01  7.49097269e-03 -9.04806363e+00
  3.29883320e+02] 9.050955578413438
[-3.25568234e+00  1.57609413e-01 -2.24992472e-02 -9.20907937e+00
  3.32154994e+02] 9.210455460013206
[-3.22104290e+00 -2.00004210e-02 -2.06690119e-01 -9.29620115e+00
  3.30829978e+02] 9.298520130114795
[-3.21503616e+00 -1.57544394e-01 -7.46768666e-02 -9.31430217e+00
  3.34366694e+02] 9.315933757317401
[-3.16647357e+00  1.06354592e-01 -2.35210341e-02 -9.21451726e+00
  3.31732823e+02] 9.21516103680973
[-3.21948196e+00  5.71439011e-02  2.40610742e-02 -9.23537393e+00
  3.30784885e+02] 9.23558205777113
[-3.23205828e+00  2.26182827e-01 -3.07231922e-01 -9.19657605e+00
  3.32688547e+02] 9.204485929235828
[-3.14985815e+00 -1.43229182e-01  1.32046115e-01 -9.10064161e+00
  3.31847633e+02] 9.102726433400885
[-3.16763728e+00  3.87828065e-01  1.15835294e-01 -9.34662318e+00
  3.32762953e+02] 9.355383123376939
[-3.26426362e+00  2.33556105e-01 -3.48838999e-01 -9.41877756e+00
  3.33782097e+02] 9.428128544043233
[-3.15521083e+00  1.79815218e-01 -1.76990205e-01 -9.14173202e+00
  3.31908745e+02] 9.145213140432599
[-3.15866378e+00  8.64756481e-02 -1.03024963e-02 -9.31138510e+00
  3.32895547e+02] 9.311792340038894
[-3.15465913e+00 -2.45914137e-01  1.32599382e-01 -9.34312467e+00
  3.33007299e+02] 9.347300947558763
[-3.22583686e+00  1.86611964e-01  4.05586955e-01 -9.54524765e+00
  3.33300760e+02] 9.555682993246982
[-3.18177889e+00 -1.16416944e-01  1.31374163e-01 -9.35291525e+00
  3.31957245e+02] 9.354562297331386
[-3.24120652e+00  2.58650712e-02 -8.19339496e-02 -9.44870385e+00
  3.32578848e+02] 9.449094483331473
[-3.19205731e+00 -1.62694304e-01  1.93993601e-01 -9.21479894e+00
  3.32200188e+02] 9.218276542963267
[-3.19949581e+00  2.43253804e-01  1.23909446e-01 -9.25898277e+00
  3.30927248e+02] 9.263006422139272
[-3.16383200e+00  4.51135658e-02 -1.96796459e-02 -9.56157925e+00
  3.37671250e+02] 9.561705931504466
[-3.15033482e+00  1.92016303e-01  2.10593606e-02 -9.58296009e+00
  3.35178464e+02] 9.584906773956659
[-3.11818171e+00 -1.12697595e-01 -1.02877564e-01 -9.17941839e+00
  3.33934489e+02] 9.180686599756628
[-3.22631274e+00 -8.36201104e-02 -1.25047971e-01 -8.97674079e+00
  3.30577291e+02] 8.978001144543018
[-3.23294996e+00 -1.67073132e-01 -9.02121627e-02 -9.39383982e+00
  3.30710513e+02] 9.395758524529993
[-3.14896130e+00 -1.69557379e-01 -8.18871136e-02 -9.50483176e+00
  3.34595410e+02] 9.506696690011402
[-3.17914902e+00  1.13942632e-01 -4.04068140e-02 -9.17266262e+00
  3.30423608e+02] 9.173459276674526
[-3.22155605e+00  1.78052249e-01  3.34273112e-02 -8.78246632e+00
  3.28114760e+02] 8.784334612503452
[-3.12330144e+00  1.43820725e-02  1.31506832e-01 -8.93397255e+00
  3.29568243e+02] 8.934951957025023
[-3.15384148e+00 -2.10017363e-01  4.62320986e-01 -9.40685614e+00
  3.34686802e+02] 9.420551492339225
[-3.25270639e+00  9.15102161e-02 -4.87742264e-01 -9.13827921e+00
  3.31494882e+02] 9.151743740664187
[-3.15390576e+00  1.90555177e-01  1.39764501e-01 -8.97869156e+00
  3.30467610e+02] 8.981800902381156
[-3.16507823e+00 -1.50542023e-01  7.26105681e-02 -9.40768780e+00
  3.33137899e+02] 9.409172378453016
[-3.18604793e+00 -3.27371377e-02  9.76227654e-02 -9.44773103e+00
  3.34833459e+02] 9.448292094905948
[-3.16712905e+00 -1.88293949e-01  6.17633063e-02 -9.17838803e+00
  3.31454104e+02] 9.18052700464526
[-3.14009793e+00  3.30367363e-01 -2.27033070e-01 -9.53476949e+00
  3.35131129e+02] 9.543192121087838
[-3.19535761e+00  4.27735046e-02 -1.37502772e-01 -9.19104242e+00
  3.28027695e+02] 9.192170436022833
[-3.12291227e+00 -2.84319609e-01  1.26139919e-01 -9.37283762e+00
  3.33446460e+02] 9.377997333236966
[-3.23689290e+00 -1.48946070e-01  1.51105305e-01 -9.28248713e+00
  3.32028770e+02] 9.284911685944298
[-3.21302347e+00 -1.86903870e-01 -7.97363740e-02 -9.20114832e+00
  3.33039840e+02] 9.20339184443337
[-3.24285307e+00  1.27234023e-01  8.99374664e-02 -9.19509531e+00
  3.29215573e+02] 9.196415331139686
[-3.17687126e+00  3.92317606e-02 -1.34135329e-01 -9.40144458e+00
  3.32880415e+02] 9.402483272304917
[-3.18542735e+00  3.86541587e-01  1.45839318e-01 -9.10864182e+00
  3.30735493e+02] 9.118006321313278
[-3.23859757e+00 -1.32089537e-02  7.44699461e-02 -9.50791710e+00
  3.33611373e+02] 9.508217912055569
[-3.22256363e+00  8.42068603e-02  4.42999775e-01 -9.19376293e+00
  3.31478493e+02] 9.20481484536321
[-3.24861384e+00 -1.82925525e-01  7.94610111e-02 -9.62690145e+00
  3.36400741e+02] 9.628967092142839
[-3.10015975e+00 -5.47658120e-02  3.39055316e-02 -9.06779397e+00
  3.31340211e+02] 9.068022737109834
[-3.25226651e+00  1.13869577e-01  3.72683415e-02 -8.95960793e+00
  3.28547061e+02] 8.960409005211217
[-3.22433401e+00 -2.07911551e-01 -3.79092716e-02 -9.29071969e+00
  3.32163811e+02] 9.293123089067421
[-3.12594858e+00  9.16635499e-02 -1.46195274e-01 -9.33197802e+00
  3.32524912e+02] 9.333573213932759
[-3.08668401e+00  8.77194271e-02  1.63820412e-01 -9.18373558e+00
  3.30440732e+02] 9.185615445761767
[-3.12103780e+00  9.88096714e-02  1.64836512e-01 -9.27314973e+00
  3.31089791e+02] 9.275140987273678
[-3.18167084e+00  8.70288588e-02 -2.46226014e-01 -9.28535904e+00
  3.32978844e+02] 9.289030832768756
[-3.26170408e+00 -2.24392737e-01 -6.77994811e-02 -9.44072898e+00
  3.32715234e+02] 9.443638738175228
[-3.26951317e+00 -2.37165626e-01  2.27872658e-01 -9.48526252e+00
  3.32828260e+02] 9.49096299093905
[-3.06546295e+00 -2.22114835e-01 -3.14299695e-01 -9.23522059e+00
  3.33944204e+02] 9.243236370546837
[-3.20475811e+00 -1.17544516e-01  8.34199423e-02 -9.06008984e+00
  3.28522174e+02] 9.061236314072765
[-3.16385553e+00  1.35072131e-01 -2.25611051e-01 -9.30688867e+00
  3.32649755e+02] 9.310602639318132
[-3.10060866e+00  9.45653016e-02 -2.46779509e-01 -8.94892286e+00
  3.28922404e+02] 8.952824311255407
[-3.16665302e+00 -8.35906316e-02  1.29379268e-01 -9.17354373e+00
  3.32951088e+02] 9.17483683141439
[-3.20923574e+00  1.76762705e-02  7.60214192e-02 -9.55362961e+00
  3.34460533e+02] 9.553948422116312
[-3.17491938e+00  6.64007880e-02 -6.19014868e-02 -9.35726535e+00
  3.34530222e+02] 9.357705680939139
[-3.07375910e+00  1.40733648e-02  2.86640368e-02 -9.16871265e+00
  3.31818547e+02] 9.16876825528651
[-3.22594094e+00 -5.20237301e-02 -1.66722417e-01 -9.24342940e+00
  3.31703525e+02] 9.245079222240848
[-3.12149908e+00 -1.77525542e-01  4.36350856e-03 -9.29917928e+00
  3.33328324e+02] 9.300874667385413
[-3.15872709e+00  9.08658484e-02 -2.80843907e-02 -9.35363450e+00
  3.34422366e+02] 9.354118006849527
[-3.30673670e+00 -1.75090310e-01  1.64165571e-01 -9.53359275e+00
  3.31593236e+02] 9.536613531275592
[-3.20540985e+00  2.29096738e-02 -1.73782261e-01 -9.15556053e+00
  3.29564205e+02] 9.157238323490597
[-3.15061031e+00 -9.66322325e-02 -2.35087497e-01 -9.29545719e+00
  3.34238002e+02] 9.298931562443986
[-3.27556228e+00  7.93399348e-02  7.29946644e-02 -9.56322034e+00
  3.31801401e+02] 9.563828015836553
[-3.07419348e+00 -5.23822602e-02 -4.87658688e-02 -8.92002685e+00
  3.29210112e+02] 8.920313948637661
[-3.10770349e+00 -5.00613846e-02 -8.67025297e-02 -9.27661095e+00
  3.33366582e+02] 9.277151185622904
[-3.20774018e+00  2.26734956e-01 -6.04716463e-03 -9.29257886e+00
  3.31981234e+02] 9.295346529164837
[-3.24991816e+00  8.92993505e-03 -1.60921924e-01 -9.18683734e+00
  3.31249689e+02] 9.188250970727355
[-3.14609173e+00  4.57008240e-02 -4.63476194e-01 -9.23368063e+00
  3.33134191e+02] 9.24541814705761
[-3.28749128e+00 -2.64989950e-01 -1.06229243e-01 -9.58609528e+00
  3.32998314e+02] 9.590345508235034
[-3.25678202e+00 -1.80055365e-01  5.79565713e-02 -8.89381453e+00
  3.29094627e+02] 8.89582574850311
[-3.18049258e+00 -4.04098945e-03 -5.83514448e-02 -9.38166752e+00
  3.32970222e+02] 9.3818498502433
[-3.14973644e+00 -3.19816958e-01 -1.59346547e-01 -9.42678342e+00
  3.33149564e+02] 9.433552875421226
[-3.25753275e+00 -1.30994684e-01  6.85832316e-02 -9.04489151e+00
  3.29452051e+02] 9.046100025911477
[-3.19791243e+00  2.80214446e-02 -2.21226233e-01 -9.58824814e+00
  3.36638492e+02] 9.590840876441861
[-3.13897408e+00  6.13222874e-02  9.16752713e-02 -9.52916275e+00
  3.32805198e+02] 9.529801025125217
[-3.16663163e+00  2.89187799e-01 -2.19421793e-01 -9.29437409e+00
  3.33665848e+02] 9.301460379221073
[-3.24011922e+00  2.10424653e-01 -1.56434182e-01 -9.06855810e+00
  3.29510613e+02] 9.072347887622577
[-3.28447086e+00 -1.21674632e-02 -1.13339100e-01 -9.10287693e+00
  3.29480559e+02] 9.103590620401587
[-3.16841539e+00 -1.03732489e-01  6.32329955e-02 -9.19485651e+00
  3.31661989e+02] 9.195659030097913
[-3.20911858e+00 -1.64053269e-01 -1.47161856e-01 -9.30902778e+00
  3.33124218e+02] 9.311636179953458
[-3.11884335e+00  1.16585838e-01  1.99391546e-02 -9.28853048e+00
  3.33040903e+02] 9.289283515813123
[-3.19005987e+00  2.45647850e-01 -4.66722357e-01 -9.22280303e+00
  3.32665481e+02] 9.237871420352713
[-3.12134403e+00 -1.51852473e-01 -4.47406770e-02 -9.25716862e+00
  3.33177435e+02] 9.258522115115253
[-3.24968734e+00  1.74253260e-01 -9.49979395e-02 -9.41260771e+00
  3.31970382e+02] 9.414699819361688
[-3.18124701e+00  1.40826798e-01  1.49443687e-01 -9.15293567e+00
  3.30613320e+02] 9.155238774243154
[-3.13784996e+00 -3.09384612e-02 -8.41014033e-02 -9.43443090e+00
  3.35567259e+02] 9.434856471745935
[-3.21951733e+00 -4.08854680e-01 -3.45357892e-02 -9.24895274e+00
  3.31991846e+02] 9.258049560981606
[-3.28438703e+00  6.14196213e-02  5.20770395e-02 -9.50563927e+00
  3.33116185e+02] 9.505980342730894
[-3.16620877e+00  1.04495823e-02 -8.39215078e-02 -9.08410464e+00
  3.31499015e+02] 9.084498284204917
[-3.23331779e+00  1.53742047e-01 -2.06657995e-01 -9.41908233e+00
  3.32661886e+02] 9.422603462547393
[-3.08611374e+00  8.43206507e-02 -3.58632533e-02 -9.25648714e+00
  3.32712665e+02] 9.256940652142548
[-3.15205863e+00 -1.15734287e-01 -4.07834364e-02 -9.35722985e+00
  3.32970451e+02] 9.358034416763646
[-3.18959878e+00 -7.14548583e-02 -2.70970660e-01 -9.37918903e+00
  3.34122792e+02] 9.383374544378093
[-3.20491711e+00  8.57040644e-02  1.27881499e-02 -9.43627966e+00
  3.33139635e+02] 9.436677515870265
[-3.17898803e+00  6.66307036e-03  1.60532756e-01 -9.27749760e+00
  3.32794152e+02] 9.278888777461894
[-3.13547730e+00 -1.18673709e-02 -1.00863763e-01 -9.09881304e+00
  3.32877714e+02] 9.099379820074116
[-3.24572322e+00 -6.47914285e-02  9.32550544e-02 -9.25258556e+00
  3.30549726e+02] 9.253282339776275
[-3.17298359e+00  3.33847904e-01  1.55957925e-01 -9.36986331e+00
  3.33906064e+02] 9.377105935281856
[-3.15897177e+00 -6.00720298e-02  1.20475448e-01 -9.01938813e+00
  3.30509576e+02] 9.02039274475785
[-3.16733892e+00 -3.20836673e-01 -1.46018002e-01 -9.21851927e+00
  3.32183370e+02] 9.225256360208142
[-3.23477726e+00 -2.14938433e-02  2.45583364e-02 -9.39528816e+00
  3.31880449e+02] 9.395344840231054
[-3.14974414e+00  1.56164812e-01 -2.59165344e-01 -9.05426273e+00
  3.28620742e+02] 9.05931717214834
[-3.15311911e+00 -4.70231030e-02  2.94003776e-01 -9.07326726e+00
  3.30709699e+02] 9.078151145961353
[-3.16003378e+00 -1.01640612e-01  1.19615024e-01 -8.94581972e+00
  3.29613751e+02] 8.947196709476389
[-3.17983229e+00 -1.41125245e-01  1.33396049e-03 -9.18050418e+00
  3.32319800e+02] 9.181588916139573
[-3.17134501e+00 -1.70795559e-01 -2.05065565e-01 -9.37493347e+00
  3.32770831e+02] 9.378731284219576
[-3.10701144e+00 -2.94439736e-01  1.00497337e-01 -9.40242468e+00
  3.33434415e+02] 9.407570591197016
[-3.16113973e+00 -1.37450648e-01 -9.69473291e-02 -9.61061681e+00
  3.35452206e+02] 9.612088579945679
[-3.15752020e+00  1.42438372e-01  5.07244074e-02 -9.23431686e+00
  3.32528335e+02] 9.23555464048959
[-3.12062360e+00  2.42580892e-01 -1.30508997e-01 -9.26613876e+00
  3.31974862e+02] 9.2702322301222
[-3.06340808e+00 -2.12358929e-01 -5.48226141e-02 -9.17822694e+00
  3.32219504e+02] 9.180847000845581
[-3.18080009e+00 -1.37879333e-01 -3.65798179e-01 -9.22766638e+00
  3.32961302e+02] 9.235943146823484
[-3.15102990e+00 -7.21255898e-02 -8.75798078e-02 -9.36584286e+00
  3.35258765e+02] 9.366530028810145
[-3.24008469e+00 -3.46355436e-01 -4.67258495e-02 -9.11106628e+00
  3.28315266e+02] 9.117766952770795
[-3.18531404e+00  3.14255156e-02 -3.34621825e-01 -9.21906130e+00
  3.31503269e+02] 9.225185666847421
[-3.19788828e+00 -2.67249544e-01 -6.84487049e-02 -9.10830050e+00
  3.31032039e+02] 9.112477466806958
[-3.19146964e+00  1.91133773e-01  1.25943029e-01 -9.05589994e+00
  3.30720254e+02] 9.058792272240352
[-3.11149329e+00  4.46409305e-02 -1.60770922e-02 -9.18202626e+00
  3.32942301e+02] 9.182148848838537
[-3.03891483e+00  1.11818520e-01 -1.37979813e-01 -9.02251483e+00
  3.31156880e+02] 9.02426261215646
[-3.17398494e+00 -3.22516506e-01 -2.76742545e-02 -9.17072628e+00
  3.30520368e+02] 9.17643739734382
[-3.18453041e+00  8.83298316e-02  4.61360734e-02 -9.34403596e+00
  3.33066575e+02] 9.344567340742675
[-3.23803308e+00  1.01805523e-01  1.20591917e-02 -9.07013785e+00
  3.32760912e+02] 9.070717193695693
[-3.17228470e+00  2.72696145e-01 -1.97715773e-01 -9.40500963e+00
  3.32678913e+02] 9.411039306341882
[-3.09931911e+00 -1.48683678e-01  1.34309738e-01 -8.95556602e+00
  3.31127957e+02] 8.957807132537372
[-3.25215097e+00  7.35260317e-02  2.14700621e-01 -9.50999635e+00
  3.34184346e+02] 9.51270376798717
[-3.15190512e+00  2.40391850e-01 -1.06392266e-01 -9.64150577e+00
  3.37088501e+02] 9.645088960401493
[-3.08948946e+00  2.12717521e-02 -1.85275445e-01 -9.05964185e+00
  3.30933025e+02] 9.06156111794432
[-3.23188235e+00  9.09725707e-02  2.00259191e-02 -9.33769181e+00
  3.32113540e+02] 9.338156422210124
[-3.14402268e+00  2.19261793e-01  6.67483369e-02 -9.34202336e+00
  3.33236845e+02] 9.344834484429706
[-3.24535059e+00 -3.44507783e-01  7.75416678e-02 -9.05805128e+00
  3.30966359e+02] 9.064931954025974
[-3.13163494e+00  2.43935728e-01  5.32594200e-02 -9.11223663e+00
  3.29128497e+02] 9.115656725679589
[-3.21643204e+00  1.16792905e-01  7.63013388e-02 -9.17621156e+00
  3.30248733e+02] 9.17727198462286
[-3.07962197e+00 -1.64353082e-01 -4.88602580e-03 -9.39138661e+00
  3.33755035e+02] 9.392825893620014
[-3.17638558e+00 -1.20516369e-01  6.34222162e-02 -9.03196066e+00
  3.30103035e+02] 9.032987324112561
[-3.15092632e+00  3.83785792e-01 -5.27444431e-02 -9.10705070e+00
  3.33554594e+02] 9.11528638944948
[-3.13351630e+00  1.38231808e-01  2.35627542e-01 -9.37921114e+00
  3.32378639e+02] 9.383188684726166
[-3.30410550e+00 -8.60375311e-02 -4.70929603e-02 -9.26326122e+00
  3.28704982e+02] 9.263780474939539
[-3.19152497e+00 -1.68637198e-01  5.18490331e-02 -9.31876400e+00
  3.32150051e+02] 9.3204339626147
[-3.07614145e+00 -9.15683686e-02  1.72505713e-02 -9.42757668e+00
  3.33765827e+02] 9.428037145439754
[-3.21074964e+00 -3.19304140e-01  1.98866165e-01 -9.43328008e+00
  3.34217205e+02] 9.440777299984026
[-3.21411867e+00  2.98501634e-01  1.73671772e-01 -9.32057633e+00
  3.33569998e+02] 9.326972085749842
[-3.23630547e+00 -1.29623422e-01  3.38763908e-01 -9.31622811e+00
  3.33086295e+02] 9.323286409631965
[-3.20084022e+00 -8.58868096e-02 -4.17307127e-02 -8.90309660e+00
  3.31095287e+02] 8.903608650707712
[-3.10547136e+00 -2.11294549e-01 -8.25372675e-02 -9.50478085e+00
  3.34772636e+02] 9.507487409028316
[-3.23721646e+00  1.58556826e-01 -5.58301797e-02 -9.12844504e+00
  3.31077501e+02] 9.129992666625197
[-3.15397169e+00  6.07642789e-02 -2.84422275e-01 -9.47986148e+00
  3.34034700e+02] 9.484321903217044
[-3.21597289e+00  3.60450261e-02  2.13852546e-01 -9.07950767e+00
  3.31144578e+02] 9.082097319712044
[-3.08241271e+00  8.75656624e-02  1.86484991e-01 -9.09351928e+00
  3.32832235e+02] 9.095852751842315
[-3.23233947e+00  1.91129570e-01 -1.21288540e-02 -9.20634910e+00
  3.31718666e+02] 9.208340862431038
[-3.14349407e+00 -1.90504221e-02  3.32943248e-02 -9.04865914e+00
  3.29803578e+02] 9.04874045107753
[-3.14723531e+00 -1.00116279e-02 -2.24581999e-01 -9.11081464e+00
  3.31140695e+02] 9.113587699830745
[-3.25798145e+00 -5.10944587e-02 -8.46915609e-02 -9.23718953e+00
  3.31622944e+02] 9.237719073884001
[-3.22202513e+00  2.12692297e-01 -2.94747545e-01 -9.01100942e+00
  3.29058103e+02] 9.01833714326202
[-3.16611734e+00 -2.52890989e-01 -5.09588712e-02 -9.20731899e+00
  3.31538916e+02] 9.210932287511348
[-3.14031398e+00 -5.88900176e-02 -4.12313244e-02 -9.30051860e+00
  3.33165814e+02] 9.300796437745069
[-3.17690037e+00 -5.58329885e-02 -5.62884843e-02 -9.14646353e+00
  3.30525406e+02] 9.146807138540675
[-3.16711444e+00 -2.13377181e-01 -9.97771606e-03 -9.22027751e+00
  3.29394763e+02] 9.222751585881456
[-3.24756279e+00 -6.31774419e-02 -2.40329536e-01 -9.38618677e+00
  3.33140598e+02] 9.38947558369851
[-3.19809341e+00  2.55422085e-01  3.69758830e-02 -8.86740275e+00
  3.28915079e+02] 8.871157710837867
[-3.10936563e+00 -1.41707172e-01  1.59570037e-01 -9.17440734e+00
  3.30245754e+02] 9.176889103801726
[-3.23500725e+00  3.61916945e-02  4.80456355e-02 -9.42010195e+00
  3.32195056e+02] 9.420293992427283
[-3.12481950e+00 -2.30795832e-01  3.73143436e-02 -9.21608711e+00
  3.32779314e+02] 9.219052051133431
[-3.16686153e+00  1.35888143e-01  9.57539955e-02 -9.13340181e+00
  3.31998097e+02] 9.134914503744337
[-3.20874442e+00 -3.58927029e-01 -1.79833257e-01 -9.32069259e+00
  3.31913206e+02] 9.329334328407493
[-3.14553150e+00 -2.10305594e-01  5.19916358e-02 -9.31912185e+00
  3.31151213e+02] 9.32163953178344
[-3.24878892e+00 -3.78440759e-01 -2.78343964e-02 -9.35045843e+00
  3.32764034e+02] 9.358154995976244
[-3.13898652e+00  9.05018822e-02  9.42848881e-03 -9.26399517e+00
  3.32577585e+02] 9.264442025331073
[-3.21810193e+00  4.26766490e-02  2.26306643e-01 -9.48221621e+00
  3.33383898e+02] 9.485012396268646
[-3.16159547e+00  6.15585974e-02 -3.32061679e-02 -9.72114587e+00
  3.35755619e+02] 9.72139749213361
[-3.16014981e+00  1.43424157e-01 -2.91323553e-01 -9.32380941e+00
  3.32534709e+02] 9.329462031361544
[-3.23222074e+00  5.95357818e-02 -1.51975478e-01 -9.49761236e+00
  3.34542049e+02] 9.499014772685673
[-3.12620204e+00 -6.90182085e-02 -1.55197136e-01 -9.31498536e+00
  3.34922660e+02] 9.316533791416017
[-3.17780166e+00  6.00248810e-02  2.99322840e-02 -9.56158786e+00
  3.35056570e+02] 9.56182312232751
[-3.24202460e+00 -9.91516244e-02 -1.97114346e-01 -9.34343562e+00
  3.31413824e+02] 9.34604056581179
[-3.24627298e+00  1.68105126e-03 -1.26218078e-01 -9.28189444e+00
  3.31551092e+02] 9.282752724964086
[-3.14161357e+00 -9.60198687e-02 -3.12521098e-02 -9.41822912e+00
  3.33782982e+02] 9.418770425668027
[-3.22051710e+00  4.33123186e-02 -8.60427191e-02 -9.42500537e+00
  3.31705557e+02] 9.425497632349385
[-3.14561293e+00 -1.64193662e-01  1.35841934e-01 -9.21672024e+00
  3.33135145e+02] 9.219183507762082
[-3.17867216e+00 -2.46088740e-01 -3.01962868e-02 -9.65353679e+00
  3.35215786e+02] 9.656720145648315
[-3.19026744e+00 -8.29160650e-02  7.76791548e-02 -9.75484517e+00
  3.36082556e+02] 9.755506823252352
[-3.19893256e+00  1.05269543e-01  1.96863760e-01 -9.60059880e+00
  3.35115329e+02] 9.603193968665083
[-3.14962445e+00 -2.10206689e-01 -2.13967827e-01 -9.03197291e+00
  3.31161653e+02] 9.036952127180156
[-3.23202016e+00 -2.54167059e-02  9.93003808e-02 -9.65213010e+00
  3.36735972e+02] 9.65267434852028
[-3.18426890e+00  1.18132280e-01 -3.41817836e-01 -9.52665072e+00
  3.35188521e+02] 9.533512920570523
[-3.23707809e+00 -2.61895494e-01  1.41769058e-02 -9.28335818e+00
  3.32012988e+02] 9.287062467800274
[-3.23524278e+00 -1.03859840e-01 -3.77873710e-01 -9.25690931e+00
  3.33547930e+02] 9.265200776676128
[-3.19819825e+00  2.79409453e-01 -7.09743917e-02 -9.24311186e+00
  3.30858749e+02] 9.247606385064445
[-3.26154073e+00  1.35519138e-02  1.20123896e-01 -9.30237108e+00
  3.33011943e+02] 9.303156512553226
[-3.18163417e+00 -1.09209935e-01  1.97799332e-01 -9.43583358e+00
  3.33254212e+02] 9.43853837799051
[-3.19769772e+00  5.56562323e-02  1.47413071e-01 -9.28385769e+00
  3.30718369e+02] 9.285194769587239
[-3.12352528e+00  3.58470399e-02  1.10198290e-01 -9.12133537e+00
  3.31638706e+02] 9.122071449609976
[-3.22848844e+00  3.27537333e-01 -9.92502835e-02 -9.49257468e+00
  3.33684139e+02] 9.498742308253586
[-3.12873184e+00 -4.64213675e-02  1.28174923e-01 -9.36612615e+00
  3.33807880e+02] 9.3671181676547
[-3.23208815e+00 -4.55554577e-02  1.24415825e-02 -9.11466551e+00
  3.31132403e+02] 9.114787843751216
[-3.12283499e+00  1.99010361e-01  7.40027307e-02 -8.84390863e+00
  3.30101587e+02] 8.846456994369042
[-3.08853100e+00 -3.00620840e-01  2.17932757e-01 -9.37556624e+00
  3.32550383e+02] 9.382915847927023
[-3.14618562e+00  2.00744756e-01  1.83385411e-01 -9.32540205e+00
  3.32220017e+02] 9.32936504177819
[-3.13580867e+00  7.51301708e-02 -1.42972011e-01 -9.34805226e+00
  3.34500595e+02] 9.349447397950364
[-3.05924494e+00  2.77610178e-01  5.04220793e-02 -9.37401367e+00
  3.33239779e+02] 9.378259015067696
[-3.19472637e+00  2.12231002e-01 -3.05293484e-01 -9.26404089e+00
  3.31414321e+02] 9.271499325679933
[-3.23625912e+00  3.06524699e-01  1.91426751e-01 -9.08824915e+00
  3.30090105e+02] 9.095431503133998
[-3.22037706e+00 -1.47596333e-01 -7.53053385e-02 -9.19992908e+00
  3.27652464e+02] 9.20142112563571
[-3.26124140e+00 -1.20827952e-01 -8.11833400e-02 -9.59814016e+00
  3.33097416e+02] 9.59924396202996
[-3.20249308e+00 -1.71073648e-01  1.09729204e-01 -9.09863106e+00
  3.32245096e+02] 9.100900720824892
[-3.25759271e+00 -3.03411207e-01  1.81635903e-01 -9.47993801e+00
  3.32533233e+02] 9.48653122553228
[-3.22341835e+00  2.02386707e-02  3.90623238e-01 -9.07137266e+00
  3.31425753e+02] 9.079801655521837
[-3.16919983e+00 -2.00320454e-01 -1.51566084e-01 -9.30742620e+00
  3.31636662e+02] 9.310815382923233
[-3.16426217e+00  8.34439544e-03 -1.31627173e-01 -9.16696047e+00
  3.32122868e+02] 9.16790922395655
[-3.23532680e+00  4.04332747e-02 -9.57365915e-02 -9.22050274e+00
  3.31684248e+02] 9.221088389683448
[-3.25409021e+00 -1.04144016e-01  2.77783646e-03 -9.42107107e+00
  3.32024278e+02] 9.421647083833532
[-3.13271542e+00 -7.02210613e-02  2.74057536e-02 -9.23048087e+00
  3.33252493e+02] 9.2307886546111
[-3.11864768e+00 -1.10556356e-01 -4.26059239e-02 -9.28639329e+00
  3.34394742e+02] 9.287149095118032
[-3.19182189e+00 -2.48838204e-01 -6.38259671e-02 -9.23364445e+00
  3.31282536e+02] 9.237217333049395
[-3.16973592e+00  1.35382273e-01 -2.29454985e-01 -9.05801566e+00
  3.30020565e+02] 9.06193277577859
[-3.18366273e+00  3.44738786e-02  2.50675809e-01 -9.20186690e+00
  3.31482124e+02] 9.205345253926579
[-3.29912314e+00 -3.29303939e-02  1.05988859e-01 -9.25239369e+00
  3.30215385e+02] 9.25305932964795
[-3.16317232e+00  9.19226938e-02  1.42097472e-01 -9.42687032e+00
  3.33224454e+02] 9.428389335009681
[-3.19927871e+00 -8.34222008e-02 -1.02969513e-01 -9.39010296e+00
  3.34445126e+02] 9.39103804455999
[-3.22767085e+00  3.56665565e-01  1.40803438e-01 -9.23489901e+00
  3.29372332e+02] 9.242856469441149
[-3.16514787e+00 -1.47856221e-01 -2.15862232e-01 -9.38531467e+00
  3.33267066e+02] 9.388961039238197
[-3.21384157e+00 -3.24532303e-02 -9.59216928e-02 -9.03427433e+00
  3.30881184e+02] 9.034841824947936
[-3.23464079e+00 -2.14461454e-02  4.54459134e-01 -9.33722019e+00
  3.31397162e+02] 9.348297913031915
[-3.19155662e+00  7.02258170e-02  9.85292407e-02 -9.14626820e+00
  3.34111207e+02] 9.147068476059786
[-3.19584092e+00  5.13249482e-02  4.57177673e-02 -9.17569535e+00
  3.32390767e+02] 9.175952781736964
[-3.17082013e+00  2.45371708e-01 -6.30172746e-02 -9.51651993e+00
  3.33480589e+02] 9.51989128342897
[-3.17751083e+00  2.49745138e-02 -1.77891106e-01 -9.19506029e+00
  3.32222246e+02] 9.196814809092208
[-3.20934587e+00  2.96742350e-01  2.48078046e-01 -9.04014514e+00
  3.29589731e+02] 9.04841548986792
[-3.19384836e+00 -2.54733043e-01 -1.81264104e-01 -9.49356989e+00
  3.34087685e+02] 9.498716486634635
[-3.22481713e+00  1.97347823e-01 -4.92346247e-02 -9.38581736e+00
  3.33426152e+02] 9.38802097398761
[-3.16711559e+00 -7.73681182e-02 -5.48188579e-02 -9.03087211e+00
  3.30219078e+02] 9.031369881077765
[-3.07945109e+00 -8.51690313e-02 -5.97884341e-02 -8.82313867e+00
  3.29349932e+02] 8.82375228591111
[-3.25094435e+00  9.94982474e-02  2.51968462e-01 -9.49420100e+00
  3.33105534e+02] 9.498065099540133
[-3.15500402e+00 -1.43034061e-01  2.99247979e-01 -9.28313226e+00
  3.32584987e+02] 9.289055535663547
[-3.19735419e+00  2.23382254e-02  3.81230772e-03 -9.49786333e+00
  3.33194301e+02] 9.497890360243252
[-3.11907592e+00  6.12043961e-02  2.25244520e-01 -9.20848263e+00
  3.30295033e+02] 9.21144035424201
[-3.15695676e+00  2.40297429e-01  1.66165284e-01 -9.49493966e+00
  3.33151037e+02] 9.499433293879955
[-3.17206842e+00 -1.04412424e-01 -1.03932690e-01 -9.15269816e+00
  3.32260023e+02] 9.153883747049953
[-3.22453802e+00  1.17495477e-01 -1.20181981e-01 -9.47222389e+00
  3.34082092e+02] 9.473714916540562
[-3.17825611e+00  1.27593856e-01 -2.63437933e-01 -9.28658054e+00
  3.33313230e+02] 9.291192484566691
[-3.27087683e+00 -6.51211022e-02 -1.80716124e-01 -9.36575185e+00
  3.35608583e+02] 9.367721541475852
[-3.17271036e+00 -2.25826529e-01 -1.53477037e-01 -9.43334038e+00
  3.34765217e+02] 9.437291111566164
[-3.25013771e+00  2.95073228e-02  2.07634405e-01 -9.37210686e+00
  3.30524011e+02] 9.374453034425084
[-3.18827444e+00 -2.19321554e-01  7.07637882e-02 -9.47212271e+00
  3.33408974e+02] 9.47492576084015
[-3.23345208e+00  4.31769175e-02  1.70711783e-02 -8.99353644e+00
  3.30260953e+02] 8.99365628557268
[-3.15009511e+00  1.70899098e-01  1.60242817e-01 -9.31090850e+00
  3.32320399e+02] 9.3138553395126
[-3.18103298e+00  3.29456714e-01 -2.50623492e-01 -8.94796887e+00
  3.29784585e+02] 8.957538769330213
[-3.17420718e+00 -2.39404000e-01  2.53402806e-01 -9.34282768e+00
  3.33564751e+02] 9.349329188525113
[-3.25847500e+00  2.67220323e-01  1.61194418e-01 -9.46892722e+00
  3.31365586e+02] 9.474068454840705
[-3.19187105e+00 -3.53719574e-02  5.79033852e-02 -9.23759588e+00
  3.33518928e+02] 9.237845078924371
[-3.24652956e+00  1.90507803e-01 -2.91407168e-01 -9.30224592e+00
  3.32417863e+02] 9.308758807383848
[-3.16615639e+00  1.62050621e-01 -1.74805533e-01 -9.33500271e+00
  3.34258601e+02] 9.338045458874754
[-3.22664975e+00  2.74097913e-01 -2.59202700e-01 -9.06505374e+00
  3.30143861e+02] 9.072900036441851
[-3.07822360e+00  9.17160955e-02  1.06928701e-01 -8.94703519e+00
  3.32504965e+02] 8.948144180395923
[-3.12978049e+00  8.34002896e-03  1.48935481e-01 -9.31723602e+00
  3.32187271e+02] 9.318430039060457
[-3.14277525e+00 -1.29207764e-01 -2.06067035e-02 -9.16375247e+00
  3.31249515e+02] 9.16468649990015
[-3.16524272e+00  4.22869669e-02 -1.12391617e-01 -9.11501266e+00
  3.27534816e+02] 9.115803635262925
[-3.16069022e+00 -1.84368193e-01  2.14664703e-01 -8.92942633e+00
  3.28374185e+02] 8.933908838818638
[-3.11984092e+00  1.82803123e-02  1.99484486e-01 -9.19823897e+00
  3.34074389e+02] 9.200420011172616
[-3.16088380e+00 -5.95092196e-02 -3.49654860e-01 -9.01462436e+00
  3.31734908e+02] 9.021599201049577
[-3.20775033e+00  1.14253323e-01 -3.27395057e-02 -9.18447762e+00
  3.32600825e+02] 9.185246590501915
[-3.16464426e+00  5.83559968e-02  2.57183986e-01 -9.27412518e+00
  3.31762346e+02] 9.277874049668425
[-3.14248641e+00 -7.87573712e-02  1.25033696e-01 -9.03532788e+00
  3.30692356e+02] 9.036536171569537
[-3.13162734e+00 -1.29185629e-01 -4.35822890e-02 -9.09401262e+00
  3.31251835e+02] 9.09503457413336
[-3.14900590e+00  1.13263552e-01 -6.76940909e-04 -9.30028260e+00
  3.34392748e+02] 9.300972292379202
[-3.21727855e+00 -3.32562451e-02  5.79628362e-02 -9.23162877e+00
  3.28994728e+02] 9.231870633428555
[-3.15089028e+00  3.73044519e-01 -1.11843997e-01 -9.33584082e+00
  3.33333229e+02] 9.343960356542526
[-3.14459926e+00 -1.55407279e-01  7.29291846e-02 -9.32955701e+00
  3.32551257e+02] 9.331136272548221
[-3.18358638e+00 -1.51437824e-01 -2.92835240e-01 -9.28481497e+00
  3.30163660e+02] 9.290666013831059
[-3.04460732e+00  8.57639269e-02 -7.60122601e-02 -9.09073303e+00
  3.32534346e+02] 9.091455348827695
[-3.21689148e+00 -1.04188859e-01 -9.63131172e-02 -9.20367735e+00
  3.31194034e+02] 9.204770952770355
[-3.19183133e+00  1.33769468e-01  9.83703232e-02 -9.17067236e+00
  3.31854215e+02] 9.172175455897783
[-3.19599648e+00  1.91232700e-02 -9.81898334e-02 -9.35134878e+00
  3.32104225e+02] 9.351883814738521
[-3.21807126e+00 -6.37177828e-02 -1.47718298e-01 -9.30635249e+00
  3.31464107e+02] 9.307742864907757
[-3.14618240e+00 -5.57854930e-02  1.64279950e-01 -9.38958455e+00
  3.32965261e+02] 9.391187249620684
[-3.12469071e+00 -1.21864314e-01 -9.31492800e-02 -9.35791586e+00
  3.33993343e+02] 9.35917287715214
[-3.15334823e+00 -3.18755097e-02  1.03200538e-01 -9.41408786e+00
  3.32905907e+02] 9.414707463416224
[-3.19931996e+00  1.33137172e-01 -9.01672581e-02 -9.43359196e+00
  3.32711487e+02] 9.43496226059905
[-3.22638303e+00 -1.60873236e-01  2.44031952e-02 -9.33862150e+00
  3.34440637e+02] 9.34003893189992
[-3.15303681e+00 -3.26034313e-02  2.87564483e-01 -9.34437131e+00
  3.32872267e+02] 9.348851885630978
[-3.26801606e+00  1.86915872e-01 -2.17417568e-01 -9.58473512e+00
  3.33570720e+02] 9.589022640611507
[-3.20314906e+00 -2.49009820e-01  7.11693424e-02 -9.23710206e+00
  3.32394367e+02] 9.2407318675576
[-3.09797411e+00 -6.70295787e-02  6.57552276e-02 -9.16133848e+00
  3.32487217e+02] 9.16181965543134
[-3.09017419e+00  1.11439338e-01  7.69503732e-02 -9.30428134e+00
  3.31760997e+02] 9.305266859145641
[-3.15905073e+00 -1.11365433e-01  1.69656164e-01 -9.66760417e+00
  3.35959589e+02] 9.669734015910281
[-3.23861789e+00 -5.89779948e-02  8.18707951e-02 -9.16850712e+00
  3.29709356e+02] 9.169062330096866
[-3.20907971e+00  4.70815110e-02 -1.05816476e-01 -9.26649929e+00
  3.32924860e+02] 9.267223039406446
[-3.16131763e+00  2.64563703e-01 -2.75248263e-01 -9.16705033e+00
  3.31686199e+02] 9.17499685417483
[-3.23138768e+00  1.30673881e-01 -1.18819784e-01 -9.57669443e+00
  3.31898767e+02] 9.578322919344963
[-3.17747662e+00 -1.92522740e-01  3.03768392e-01 -9.06028947e+00
  3.30538579e+02] 9.067424412408672
[-3.18801066e+00  5.11848810e-02 -2.58210661e-01 -9.03595889e+00
  3.29465463e+02] 9.03979234874404
[-3.21039568e+00 -5.94913940e-02 -5.05978268e-02 -9.14978057e+00
  3.32984464e+02] 9.150113869347123
[-3.23937887e+00  2.57382755e-01  2.63091621e-02 -9.19723218e+00
  3.31673063e+02] 9.20087048970729
[-3.24114241e+00  4.48548208e-02 -2.80292889e-01 -9.28604555e+00
  3.33097405e+02] 9.290383089156833
[-3.27137823e+00  2.41137529e-02  2.09140153e-01 -9.67359215e+00
  3.34305103e+02] 9.675882708849134
[-3.15922325e+00 -6.70513498e-02  2.93604974e-02 -9.40166528e+00
  3.34324501e+02] 9.401950223342975
[-3.20229661e+00  6.76655217e-02 -2.16989014e-02 -9.18642054e+00
  3.29736819e+02] 9.186695373878734
[-3.26043906e+00  1.08525257e-01  1.41640373e-01 -9.33459358e+00
  3.30684517e+02] 9.336298892037902
[-3.13962326e+00  9.01536506e-02  6.42380831e-02 -9.69969936e+00
  3.36128376e+02] 9.700331019344995
[-3.22747804e+00 -1.00272717e-01 -1.07097841e-01 -9.50787600e+00
  3.32817293e+02] 9.509007865463154
[-3.19114513e+00  1.22673972e-02 -8.55465550e-03 -9.20748560e+00
  3.30330397e+02] 9.20749774650399
[-3.23074682e+00  8.41940456e-02 -1.86607119e-01 -9.41222760e+00
  3.33970504e+02] 9.41445373773973
[-3.17209114e+00 -1.78652443e-01 -3.04201372e-02 -8.98052453e+00
  3.29281284e+02] 8.982352861497803
[-3.26493236e+00  1.38335729e-01  1.72343133e-02 -9.27268686e+00
  3.30558828e+02] 9.27373471028572
[-3.10966262e+00  2.23519898e-01 -5.14090138e-02 -9.03650685e+00
  3.33173165e+02] 9.039417025561642
[-3.27988793e+00  2.31874127e-01 -9.58224879e-02 -9.33111240e+00
  3.30744309e+02] 9.334484784211803
[-3.25830016e+00 -6.61793470e-02 -9.70855094e-02 -9.03080073e+00
  3.29589269e+02] 9.03156504476514
[-3.12294383e+00  1.91050915e-01  1.11332988e-01 -9.11268732e+00
  3.30564311e+02] 9.115369746704074
[-3.25600114e+00 -1.63160257e-01 -1.89119803e-02 -9.32838770e+00
  3.32088005e+02] 9.329833654648423
[-3.17472767e+00 -9.54901190e-02 -4.68721498e-02 -9.20596047e+00
  3.32010893e+02] 9.206575012929767
[-3.21098933e+00  2.08432629e-03 -2.02472272e-01 -9.48540627e+00
  3.33704616e+02] 9.487567205420241
[-3.21790179e+00 -1.67036331e-02  2.90171659e-01 -9.16749271e+00
  3.30371756e+02] 9.172099061324062
[-3.20558652e+00 -5.91407579e-02  1.39701133e-01 -9.29011574e+00
  3.33553069e+02] 9.291354291802055
[-3.23191042e+00  1.45985424e-01  4.50449042e-01 -9.19105651e+00
  3.29929489e+02] 9.203245941105536
[-3.16218943e+00  1.30665984e-01  9.39815628e-02 -9.33147227e+00
  3.31483400e+02] 9.332860271105549
[-3.18315946e+00  8.26167618e-02  1.18653963e-02 -9.56240330e+00
  3.34435657e+02] 9.562767553539748
[-3.15135073e+00 -1.12241476e-01  3.79967791e-02 -9.01462798e+00
  3.30902179e+02] 9.015406786594284
[-3.19013797e+00  4.02411186e-02 -6.79337904e-02 -9.41115791e+00
  3.31682592e+02] 9.411489128033557
[-3.15762174e+00  4.74722449e-02 -8.51278196e-03 -9.38291925e+00
  3.34281151e+02] 9.383043204880025
[-3.17016561e+00 -1.42035197e-01  1.96771222e-01 -9.19204806e+00
  3.30966370e+02] 9.195250968565073
[-3.14994519e+00 -1.92814061e-01 -5.54023532e-02 -9.05951643e+00
  3.32029045e+02] 9.061737391226563
[-3.22683733e+00  5.60793781e-02 -1.58372030e-01 -9.02829917e+00
  3.30605176e+02] 9.029862268280358
[-3.23334263e+00 -1.79243046e-01  2.30149249e-01 -9.39582907e+00
  3.33662076e+02] 9.400356406541826
[-3.13474293e+00  8.73222390e-02  2.30872291e-01 -9.00427790e+00
  3.33228259e+02] 9.007660496676923
[-3.23678272e+00  1.17205842e-01  1.21644240e-01 -9.61964751e+00
  3.34398355e+02] 9.621130531649493
[-3.25154329e+00  1.40845174e-01 -1.67337752e-01 -9.27405669e+00
  3.31422558e+02] 9.276635527181456
[-3.17261825e+00 -8.95558111e-02  1.80657197e-01 -9.13670643e+00
  3.32197978e+02] 9.138931100977995
[-3.23495299e+00 -6.26544114e-02  1.47760784e-01 -9.59759585e+00
  3.34364199e+02] 9.598937698752213
[-3.08706711e+00 -9.95000888e-02 -6.47511020e-02 -9.24801068e+00
  3.31568228e+02] 9.248772597215543
[-3.21603428e+00 -2.04437061e-01 -1.94899650e-02 -9.30340601e+00
  3.32028304e+02] 9.305672344411043
[-3.22532077e+00 -4.33047211e-02  2.94363171e-01 -9.61138974e+00
  3.35545912e+02] 9.615993851005316
[-3.15056284e+00  7.35775814e-02 -1.48075542e-01 -9.58626966e+00
  3.36151728e+02] 9.587695554208539
[-3.17884343e+00 -2.70382257e-01 -1.11480499e-01 -9.35743734e+00
  3.33265709e+02] 9.362006622666907
[-3.14555781e+00  2.39838159e-01  9.72106030e-02 -9.38045407e+00
  3.33345012e+02] 9.384023171850597
[-3.14771198e+00  5.15640081e-02  2.08820387e-01 -9.05386020e+00
  3.30747815e+02] 9.05641482027103
[-3.18781394e+00 -1.56281275e-01  5.31863893e-02 -9.36074140e+00
  3.31912520e+02] 9.362196976948734
[-3.20598867e+00  3.22662134e-01 -5.08143341e-02 -9.26864678e+00
  3.33166599e+02] 9.27440057584943
[-3.19135700e+00  2.60733761e-01  7.98486077e-02 -9.40048525e+00
  3.33867988e+02] 9.404439416964344
[-3.14393814e+00  7.73981115e-02 -8.14005728e-02 -9.15711183e+00
  3.32015985e+02] 9.157800693780967
[-3.14957807e+00 -1.04835725e-02  3.05081041e-01 -9.24024583e+00
  3.33126070e+02] 9.245286764719687
[-3.21863239e+00  1.17399030e-01  2.57820730e-02 -9.26935195e+00
  3.30389145e+02] 9.270131223001593
[-3.19504355e+00 -2.27405104e-01  9.54262714e-02 -8.85420053e+00
  3.28589152e+02] 8.857634354988011
[-3.21738885e+00  1.46049431e-01  2.92250932e-01 -9.44848367e+00
  3.34904937e+02] 9.454130562188434
[-3.19115620e+00 -8.99969170e-02 -7.77601136e-02 -9.50880013e+00
  3.36670390e+02] 9.509543944055823
[-3.16618813e+00  3.01831798e-02  1.27730454e-01 -9.31645886e+00
  3.32367761e+02] 9.317383316647565
[-3.13563115e+00 -9.93795316e-02  9.45406028e-03 -9.12104336e+00
  3.30723160e+02] 9.121589641595502
[-3.17212093e+00  2.85000254e-01 -2.31223686e-02 -9.21398745e+00
  3.31491611e+02] 9.218423100739829
[-3.25771293e+00  1.85492875e-02 -5.87068821e-02 -9.11804653e+00
  3.31806129e+02] 9.118254388942216
[-3.15715803e+00 -7.99970576e-02 -1.26316157e-01 -9.16695529e+00
  3.31493009e+02] 9.168174551167454
[-3.10581058e+00  9.39545076e-02  3.83187452e-02 -9.17427319e+00
  3.30440159e+02] 9.17483429302821
[-3.16024587e+00  2.13568814e-01 -7.99341236e-02 -8.86119558e+00
  3.28213360e+02] 8.864129294981767
[-3.15725743e+00  1.62056193e-04 -6.65675545e-02 -9.35742582e+00
  3.32016214e+02] 9.357662596953727
[-3.21271067e+00 -3.73381243e-03 -1.44671391e-01 -9.30923982e+00
  3.32261363e+02] 9.310364641919621
[-3.15675191e+00  2.41331644e-02  8.45227999e-02 -9.43441840e+00
  3.32663987e+02] 9.434827875002227
[-3.13510687e+00  1.94443160e-01  1.36247506e-01 -9.05031541e+00
  3.31082715e+02] 9.053429213654947
[-3.12841675e+00  1.28957756e-01 -3.49424839e-02 -9.11759583e+00
  3.31891295e+02] 9.118574712320132
[-3.17634052e+00  6.55751758e-02 -2.35350883e-01 -9.37166262e+00
  3.30293444e+02] 9.374846687363728
[-3.26183590e+00 -3.75214091e-01  1.07249368e-01 -9.39094016e+00
  3.33545598e+02] 9.399044906649792
[-3.13269604e+00  2.49186966e-01  3.17730079e-01 -9.26269333e+00
  3.31443483e+02] 9.271490402513557
[-3.18905375e+00  1.70309687e-01 -4.49549010e-02 -9.33230241e+00
  3.35373558e+02] 9.333964572414297
[-3.16267960e+00  1.27229521e-01 -1.53899394e-03 -9.21166172e+00
  3.32613831e+02] 9.212540441840254
[-3.18630469e+00 -1.10593567e-01  3.84270482e-02 -9.27904653e+00
  3.33021339e+02] 9.279785134004385
[-3.18734898e+00  2.27417356e-01  1.72399211e-01 -9.17956759e+00
  3.32688869e+02] 9.184002468282152
[-3.16883580e+00  1.51061423e-01  1.73299532e-01 -9.28269176e+00
  3.31886262e+02] 9.285538142240009
[-3.25279280e+00  1.34394512e-02  3.12636638e-01 -9.49228267e+00
  3.34025338e+02] 9.497439265304244
[-3.22432501e+00  2.40700616e-02 -1.15369150e-01 -8.97671872e+00
  3.29217766e+02] 8.977492322586086
[-3.11473472e+00 -4.77701297e-02 -2.63215216e-01 -8.97356037e+00
  3.30227087e+02] 8.977546986465505
[-3.17192611e+00  1.24114287e-01  2.44224068e-01 -9.40329393e+00
  3.32284221e+02] 9.40728369635787
[-3.19157133e+00  1.40598647e-02  3.05774830e-01 -9.35887163e+00
  3.33494228e+02] 9.363876019700811
[-3.15496538e+00  1.39922810e-01 -1.36610430e-02 -9.22495056e+00
  3.33732132e+02] 9.226021775429812
[-3.27379654e+00  5.91381915e-02 -2.13994882e-01 -9.53996502e+00
  3.32976697e+02] 9.542548067941816
[-3.20908879e+00  1.62830483e-02  1.90929631e-01 -9.17694224e+00
  3.32661322e+02] 9.178942644657516
[-3.16661758e+00  2.50715280e-01 -1.33072765e-01 -9.27588972e+00
  3.33612581e+02] 9.280231496892563
[-3.18143109e+00 -6.55441404e-02  1.48868759e-01 -9.28479550e+00
  3.32221229e+02] 9.286220190030297
[-3.17742852e+00 -1.82918792e-01  1.00584994e-03 -9.36483322e+00
  3.32625468e+02] 9.366619540422892
[-3.22379991e+00 -2.88036578e-02 -3.79561258e-02 -8.99381999e+00
  3.27460000e+02] 8.993946205665496
[-3.19896966e+00  2.22940733e-01 -6.10957221e-02 -9.25352173e+00
  3.31082391e+02] 9.2564085762741
[-3.16502793e+00  7.33435265e-02 -1.19578804e-01 -9.09091976e+00
  3.29981742e+02] 9.092002003619408
[-3.16907320e+00  1.37735537e-01  3.69931911e-01 -9.36438392e+00
  3.32605961e+02] 9.372700082377026
[-3.15680539e+00  3.49454258e-02 -1.21906758e-01 -9.12101034e+00
  3.33746937e+02] 9.121891915710638
[-3.13842022e+00  1.49559235e-01  2.60707538e-01 -9.39615255e+00
  3.34049837e+02] 9.400958415270619
[-3.12657138e+00  9.30348855e-02  1.04226431e-01 -9.11636909e+00
  3.32536362e+02] 9.117439558448991
[-3.31505021e+00 -4.33360082e-02 -2.06623323e-01 -9.53766700e+00
  3.31931787e+02] 9.540003303154688
[-3.09968779e+00 -1.39399196e-01  9.37467847e-02 -9.18037983e+00
  3.31838908e+02] 9.181916709045616
[-3.17293586e+00  1.70992079e-01  1.09547960e-01 -8.85971133e+00
  3.29516056e+02] 8.862038356689645
[-3.07766847e+00  1.30939513e-01 -2.99317120e-02 -9.11696252e+00
  3.33098356e+02] 9.117951892964776
[-3.20214398e+00 -1.63252328e-01  1.75451327e-01 -9.44387544e+00
  3.32483674e+02] 9.446915784127983
[-3.17540659e+00 -1.85514445e-02  4.93167490e-01 -9.02929572e+00
  3.27720603e+02] 9.042772783279535
[-3.17777338e+00  3.26693197e-02  2.68442080e-01 -9.15310642e+00
  3.29842392e+02] 9.15710027841793
[-3.16264265e+00  6.09895304e-02 -6.78773172e-02 -9.27463813e+00
  3.32668444e+02] 9.27508703120272
[-3.18309925e+00  1.28000751e-01 -6.65847279e-02 -9.49716523e+00
  3.35280993e+02] 9.498261158862437
[-3.14167185e+00 -2.81604962e-01 -8.90997694e-02 -9.31220028e+00
  3.32955017e+02] 9.316883282934263
[-3.16898916e+00  3.10947725e-02  9.07218748e-02 -9.03130749e+00
  3.30088121e+02] 9.031816671610857
[-3.24735527e+00  1.90160747e-01 -3.47157664e-01 -9.07994478e+00
  3.29933868e+02] 9.088568464942764
[-3.15341731e+00  1.70843079e-01  1.17754345e-02 -9.16411082e+00
  3.31118166e+02] 9.165710731482722
[-3.11399106e+00  1.53700377e-01 -5.58039967e-02 -9.08922236e+00
  3.31356283e+02] 9.090693101503286
[-3.19514055e+00  6.56675600e-02 -2.71103887e-01 -9.03188239e+00
  3.32134754e+02] 9.036188857380553
[-3.11821851e+00 -8.87750358e-02  1.57844176e-01 -8.81094910e+00
  3.29011756e+02] 8.812809984498836
[-3.22421413e+00 -8.54560500e-03 -1.56592241e-01 -9.17844536e+00
  3.32172639e+02] 9.179785039206662
[-3.23055667e+00  1.77118606e-01 -3.11283158e-02 -9.16282572e+00
  3.29048487e+02] 9.16459028670215
[-3.09555526e+00  5.75966111e-02  6.84885878e-02 -9.17225487e+00
  3.30925594e+02] 9.172691392273457
[-3.12789671e+00 -1.01540283e-01 -3.98537268e-02 -9.29533962e+00
  3.33065000e+02] 9.295979639294323
[-3.20817976e+00  1.79155266e-02 -2.60918826e-02 -9.27852797e+00
  3.32308122e+02] 9.278581954767047
[-3.15145705e+00 -2.16295521e-01 -4.74270872e-02 -9.43101549e+00
  3.35340842e+02] 9.433614696418077
[-3.27064301e+00 -7.46368756e-02 -7.62911514e-02 -9.24754536e+00
  3.32327469e+02] 9.248161229409916
[-3.26130986e+00 -1.64106123e-01 -6.63244669e-02 -9.25231114e+00
  3.31837482e+02] 9.254004059823572
[-3.16012043e+00 -5.37238894e-02  5.08070306e-02 -8.92688228e+00
  3.29341104e+02] 8.92718852024302
[-3.17127198e+00  2.65545981e-02  2.09069877e-01 -9.41788590e+00
  3.34323731e+02] 9.420243632992953
[-3.19391846e+00 -1.26546930e-01  1.83833230e-01 -9.32451145e+00
  3.32915774e+02] 9.32718192141641
[-3.15637251e+00  2.11961463e-02  7.56264077e-02 -9.07415316e+00
  3.30943419e+02] 9.074493055837749
[-3.18025756e+00  1.59061673e-01 -8.29284460e-02 -9.09856564e+00
  3.33045849e+02] 9.10033375790171
[-3.11819819e+00  2.19792423e-01  1.30389584e-01 -9.25799639e+00
  3.31416983e+02] 9.261522946128837
[-3.17814661e+00  3.91096508e-01  4.26688740e-02 -9.04504765e+00
  3.32359295e+02] 9.05359950614372
[-3.11628908e+00  7.76678881e-02  3.09327950e-01 -9.55305562e+00
  3.33678985e+02] 9.558377887093423
[-3.23136268e+00  1.76731344e-01  6.05397228e-02 -9.26241458e+00
  3.32880547e+02] 9.264298289178438
[-3.21576950e+00 -1.64193005e-02 -1.44703392e-01 -9.30135703e+00
  3.33430970e+02] 9.302497045861394
[-3.16267911e+00  8.25315089e-02 -2.68528058e-01 -9.27134411e+00
  3.32502532e+02] 9.275599193843021
[-3.17746551e+00  2.11620154e-01 -1.70037444e-01 -9.27779080e+00
  3.32083348e+02] 9.281761579972269
[-3.17237932e+00  1.44662572e-01 -8.06323536e-02 -9.17737503e+00
  3.32332874e+02] 9.178869276928546
[-3.18446426e+00 -9.10599986e-02 -2.91518044e-01 -9.10160610e+00
  3.29662013e+02] 9.106728732994522
[-3.25805595e+00 -1.45457800e-01  7.81727759e-03 -9.23735752e+00
  3.29679567e+02] 9.238506000038624
[-3.19015652e+00 -1.13099515e-01 -7.88997264e-02 -9.66763671e+00
  3.35983661e+02] 9.668620180660977
[-3.15671240e+00  6.31592339e-02 -1.62214011e-01 -9.28692679e+00
  3.33935494e+02] 9.288558105963325
[-3.19074203e+00 -2.87752412e-01 -1.36979589e-01 -9.32697280e+00
  3.32185636e+02] 9.332415895176547
[-3.08743996e+00 -3.88394047e-02  4.55474455e-02 -9.05660960e+00
  3.32642985e+02] 9.056807408034315
[-3.17602271e+00  3.13187096e-02 -1.17323182e-01 -9.17851085e+00
  3.31892483e+02] 9.179314079239546
[-3.16750851e+00  3.05592072e-01  2.05094918e-01 -9.45175263e+00
  3.32840597e+02] 9.458915272634275
[-3.19944341e+00 -2.19858610e-02  1.58157473e-01 -9.01924756e+00
  3.28548076e+02] 9.020660933253923
[-3.14881114e+00 -1.62362656e-01 -9.36606728e-02 -9.50336106e+00
  3.33463959e+02] 9.505209381681121
[-3.15165408e+00 -9.94291018e-03 -1.09599716e-01 -9.12333497e+00
  3.30079169e+02] 9.123998679422732
[-3.13671016e+00  3.43116146e-02 -3.88810607e-02 -9.13433572e+00
  3.30905944e+02] 9.134482908427627
[-3.17329959e+00 -6.79087335e-02 -9.01294848e-03 -9.23226525e+00
  3.31252031e+02] 9.23251939685893
[-3.17017076e+00  1.30837964e-01  2.61293194e-01 -9.54953203e+00
  3.32622391e+02] 9.554002023421027
[-3.18373461e+00  9.31087760e-03  4.30922901e-02 -9.07638282e+00
  3.32085226e+02] 9.076489887124334
[-3.12703601e+00 -3.01787574e-01  2.61086845e-02 -9.19948442e+00
  3.33664889e+02] 9.204470167702766
[-3.24366239e+00 -3.37283460e-02  1.63435979e-02 -9.63697458e+00
  3.35789846e+02] 9.637047465415534
[-3.24280721e+00 -1.16477792e-01  1.73448318e-01 -9.35292572e+00
  3.32634456e+02] 9.35525900239157
[-3.15816206e+00 -3.41583703e-01  4.63895336e-02 -9.38277283e+00
  3.33747615e+02] 9.389103116711897
[-3.21457856e+00  2.60574715e-02 -2.59525788e-01 -9.43910802e+00
  3.32172547e+02] 9.442711093139948
[-3.24203237e+00 -1.07581611e-01  6.54414824e-02 -9.43621387e+00
  3.32263005e+02] 9.43705402000153
[-3.13837980e+00 -1.03067140e-01  1.13361014e-01 -9.27642801e+00
  3.33747268e+02] 9.277693149700681
[-3.14234899e+00  1.53507047e-01  2.34919560e-01 -9.36177473e+00
  3.33976538e+02] 9.365979800697602
[-3.18377871e+00 -7.16359978e-02  2.12403888e-01 -9.24704573e+00
  3.32359736e+02] 9.249762258596327
[-3.22068518e+00 -8.81962857e-02 -1.34075343e-01 -9.35970252e+00
  3.30687861e+02] 9.361078251266818
[-3.14651683e+00 -2.38273693e-01  2.79766923e-01 -9.03476260e+00
  3.30170624e+02] 9.04223308209779
[-3.19019912e+00  1.23001466e-02 -4.24502438e-03 -9.36918986e+00
  3.30089659e+02] 9.369198899745994
[-3.10866539e+00 -8.00418203e-02 -1.49398081e-01 -9.16706618e+00
  3.31322224e+02] 9.168632876267543
[-3.15549480e+00  2.28152265e-02 -2.56938220e-01 -9.20766146e+00
  3.34109162e+02] 9.211273929303918
[-3.18020436e+00 -3.06796070e-01  1.21240086e-01 -9.32998510e+00
  3.33488074e+02] 9.335815172267884
[-3.14783557e+00  5.35091304e-02 -2.44051166e-01 -9.13826909e+00
  3.29983088e+02] 9.141683989276183
[-3.22100044e+00  7.00167924e-02  2.54984270e-02 -9.49735565e+00
  3.34545263e+02] 9.497647967754459
[-3.28092552e+00 -1.31912664e-01  3.09104202e-01 -9.24608605e+00
  3.31316774e+02] 9.252191827657759
[-3.24706838e+00 -1.24381225e-01 -5.47531861e-02 -9.26829676e+00
  3.33158511e+02] 9.269293038336556
[-3.16738995e+00 -2.21314502e-01  3.48765653e-01 -9.23778596e+00
  3.31558095e+02] 9.247016115914931
[-3.19429382e+00  1.82279638e-01 -4.01322287e-03 -9.54538509e+00
  3.34859375e+02] 9.547126194474519
[-3.08458105e+00 -2.93897847e-01  4.29117867e-02 -9.46660533e+00
  3.34874619e+02] 9.47126357797079
[-3.17689722e+00  1.13079526e-01  1.53144558e-03 -8.99496691e+00
  3.30367971e+02] 8.995677801091055
[-3.20704898e+00  4.21989397e-03 -3.44650595e-01 -9.19253128e+00
  3.31375733e+02] 9.198990876183709
[-3.19229064e+00  1.09068363e-01 -1.59975946e-01 -9.47802552e+00
  3.33081721e+02] 9.480002955627343
[ -3.15017834  -0.43206874  -0.37300617  -9.46265539 334.22548641] 9.479855696556127
[-3.22307271e+00 -7.19117618e-02  1.77536688e-01 -9.14185276e+00
  3.29615735e+02] 9.143859277986031
[-3.11098629e+00  1.71130683e-01  1.84594745e-01 -9.13228662e+00
  3.31224544e+02] 9.135755026058847
[-3.09802603e+00  2.31495422e-01 -5.86615433e-02 -9.15923139e+00
  3.32788882e+02] 9.162344187505385
[-3.21846846e+00  1.51133960e-01  5.16898668e-02 -9.13270388e+00
  3.29507286e+02] 9.134100579472037
[-3.11296889e+00 -9.02323761e-02 -5.97654087e-02 -9.55762932e+00
  3.35332492e+02] 9.558242093189223
[-3.20247973e+00 -2.88097818e-02 -3.53142200e-01 -9.26976289e+00
  3.30664443e+02] 9.276531864854851
[-3.07573041e+00 -1.53740278e-01  9.55340010e-02 -9.20971822e+00
  3.32422678e+02] 9.211496759585044
[-3.16547096e+00  1.43863942e-01 -4.40049296e-02 -9.55905929e+00
  3.34791969e+02] 9.560243086046672
[-3.28421116e+00  5.23033753e-02  1.19807865e-02 -9.19613493e+00
  3.30766533e+02] 9.19629146757449
[-3.25961006e+00  2.34612767e-01  1.04125320e-01 -9.43818626e+00
  3.33863015e+02] 9.441675966245539
[-3.27914324e+00 -6.44347886e-02  1.96487340e-01 -9.69815987e+00
  3.33259328e+02] 9.700364115390714
[-3.22661743e+00  1.84235287e-01 -1.21235103e-01 -9.62920558e+00
  3.35674332e+02] 9.631730925383726
[-3.18074129e+00 -8.73374238e-02 -9.45908637e-02 -9.34143661e+00
  3.35399413e+02] 9.34232375570648
[-3.15228932e+00 -1.37598568e-01 -7.81486539e-02 -9.40102753e+00
  3.34377365e+02] 9.402359240286152
[-3.14537129e+00 -1.19491197e-01  3.81823011e-02 -9.46286605e+00
  3.33811632e+02] 9.463697479008552
[-3.20299392e+00 -4.33766361e-01 -4.32725985e-03 -9.44734845e+00
  3.34724411e+02] 9.457302193532913
[-3.19081321e+00 -2.79359989e-01  1.78414366e-01 -9.30581191e+00
  3.32093623e+02] 9.311713536631016
[-3.13831953e+00  9.04728325e-04  3.61626096e-02 -9.13250325e+00
  3.32276330e+02] 9.132574895882842
[-3.20801383e+00  1.86607695e-01  1.63405276e-02 -9.09777126e+00
  3.29799161e+02] 9.099699517793475
[-3.21074063e+00  1.66566116e-01  1.36995553e-01 -9.15162172e+00
  3.32787936e+02] 9.15416256185006
[-3.20390589e+00 -6.46626198e-02 -1.79463435e-01 -9.33540472e+00
  3.32034970e+02] 9.337353465465537
[-3.14056026e+00  8.01245988e-02 -2.02284352e-01 -9.48533293e+00
  3.35989717e+02] 9.48782797385079
[-3.25079624e+00 -9.85975557e-02  3.36844522e-02 -9.35888162e+00
  3.34464583e+02] 9.3594615949752
[-3.18590398e+00  1.98275894e-01  8.58729025e-02 -9.09950233e+00
  3.32108757e+02] 9.102067358176354
[-3.19892446e+00 -2.38856114e-01  1.97873361e-01 -9.27280054e+00
  3.33451888e+02] 9.277986636971299
[-3.17405844e+00 -2.09385722e-01  1.38102562e-01 -9.32318761e+00
  3.33359438e+02] 9.326561093724347
[-3.21485639e+00 -2.57692256e-01 -5.73942659e-02 -9.26574948e+00
  3.33033030e+02] 9.269509843813582
[-3.17102195e+00 -8.62958545e-02 -7.23626934e-02 -9.14080655e+00
  3.31990885e+02] 9.141500302238462
[-3.12647996e+00 -3.39701677e-01 -2.36260748e-01 -9.29003470e+00
  3.33278991e+02] 9.299245186112039
[-3.12327383e+00  1.56563275e-02 -8.34440802e-03 -9.15986183e+00
  3.31656791e+02] 9.15987901380279
[-3.20103577e+00 -3.80174856e-02  1.04107574e-01 -9.38991843e+00
  3.32435553e+02] 9.390572496393983
[-3.13535869e+00  1.34247122e-01  9.83257791e-03 -9.50549094e+00
  3.36368545e+02] 9.506443975246116
[-3.20672483e+00 -2.24749676e-01 -1.05959528e-02 -9.14842194e+00
  3.33353247e+02] 9.151188377150975
[-3.23663386e+00 -1.10794392e-01 -2.68101132e-01 -9.25482197e+00
  3.31736710e+02] 9.259367327170526
[-3.24452678e+00  7.55098042e-02  2.40287833e-01 -9.55404786e+00
  3.31860300e+02] 9.557367335775163
[-3.13226335e+00 -8.29555651e-03  1.01936271e-01 -9.38802821e+00
  3.33400276e+02] 9.388585279517413
[-3.23581514e+00  4.88334615e-02  5.49055045e-02 -9.49710648e+00
  3.32821125e+02] 9.497390739724871
[-3.23743210e+00  2.64211933e-02 -5.22232563e-02 -8.97136558e+00
  3.30651091e+02] 8.971556483009303
[-3.15233010e+00  3.45838632e-02 -1.68971951e-01 -9.23512220e+00
  3.30171812e+02] 9.236732625017089
[-3.19834674e+00 -4.92777476e-01 -1.05845675e-01 -9.69055351e+00
  3.35590934e+02] 9.703651908734967
[-3.10005691e+00 -1.78331804e-01  1.02275253e-01 -9.26311537e+00
  3.32962745e+02] 9.265396312626521
[-3.25123640e+00  1.76357008e-01 -1.70279096e-02 -9.24825180e+00
  3.30357396e+02] 9.249948820398274
[-3.20803103e+00  1.82337684e-01 -5.77989465e-02 -9.25285961e+00
  3.31097661e+02] 9.254836505561649
[-3.13020384e+00  9.09955419e-02  1.46418221e-01 -9.15875223e+00
  3.32039087e+02] 9.160374500195136
[-3.21088307e+00  7.59043144e-02  4.45672412e-01 -9.69394037e+00
  3.36231316e+02] 9.704476558099982
[-3.25795345e+00  1.17261363e-02  6.36067326e-04 -9.14453786e+00
  3.31387801e+02] 9.144545398560677
[-3.19763024e+00 -1.79152085e-01 -4.13794970e-01 -9.01015838e+00
  3.29826576e+02] 9.021434243988864
[-3.26170954e+00 -1.22575261e-01 -4.25120022e-02 -9.48910112e+00
  3.33153906e+02] 9.489987989533354
[-3.20563053e+00 -1.16489293e-01 -8.55389075e-03 -9.20351859e+00
  3.29991841e+02] 9.204259735265277
[-3.25280781e+00  4.16717315e-02  3.51201431e-02 -9.49758529e+00
  3.35442216e+02] 9.497741643034777
[-3.15496933e+00  2.79225151e-01 -2.74024090e-01 -9.17571217e+00
  3.31993418e+02] 9.184048657284695
[-3.07500182e+00  1.50832807e-01  5.16004700e-02 -9.43216794e+00
  3.31985379e+02] 9.43351499341843
[-3.12394311e+00  1.89260356e-01  2.26392429e-01 -9.36548582e+00
  3.34137546e+02] 9.370133279581122
[-3.19634363e+00  1.10368721e-02 -8.01051704e-03 -9.29099202e+00
  3.32701753e+02] 9.291002026619871
[-3.21943705e+00  1.73403986e-01  4.39866182e-02 -9.49935753e+00
  3.34832242e+02] 9.501041902869936
