/mnt/stage/douwei/Simulation/5kt_root/2MeV/5kt_-5.40.root
[-3.08630826e+00  1.44606873e-01 -5.24378892e-02 -5.52468044e+00
  3.04775806e+02] 5.526821401781171
[-3.11510103e+00 -3.48196528e-01  1.32710997e-01 -5.55363176e+00
  3.05952381e+02] 5.5661188193499775
[-3.08437894e+00  1.26245366e-01  8.07267259e-02 -5.45362167e+00
  3.05283249e+02] 5.455679972650325
[-3.01390660e+00  5.42457153e-02 -3.03732782e-01 -5.43136576e+00
  3.03200834e+02] 5.440122263053386
[-3.06081535e+00  2.19861715e-01  9.74001765e-02 -5.59916132e+00
  3.04817753e+02] 5.604322744329531
[-3.06716551e+00 -4.55433140e-01  4.99559646e-02 -5.36226970e+00
  3.03916142e+02] 5.381807435842802
[-2.92938626e+00  2.30704121e-01  5.02987626e-01 -5.33495171e+00
  3.06111191e+02] 5.363574431004097
[-3.06245994e+00 -2.66550109e-01  7.22066328e-02 -5.40560888e+00
  3.01844434e+02] 5.412658320677869
[-3.01345894e+00  1.49989119e-01  6.86568640e-02 -5.46522725e+00
  3.05416240e+02] 5.467716101583101
[-3.03863971e+00  1.07271041e-01 -3.04899710e-01 -5.39311811e+00
  3.06254875e+02] 5.402795006516224
[-3.03598862e+00 -2.20186647e-01  7.97833035e-02 -5.46130496e+00
  3.05066980e+02] 5.466324125970443
[-3.03982429e+00  2.71431050e-01 -2.73974055e-02 -5.34276742e+00
  3.05638320e+02] 5.349727945633564
[-3.08032439e+00  2.43614505e-01 -1.59110573e-01 -5.45333618e+00
  3.03131904e+02] 5.461093269515948
[-3.03138909e+00 -2.29067570e-01  7.42242151e-02 -5.66400773e+00
  3.05715852e+02] 5.669123812127571
[-3.12754239e+00  1.63543134e-01 -2.31855660e-01 -5.69314428e+00
  3.05537878e+02] 5.700210105836672
[-3.17567722e+00 -3.87464647e-02  1.58970280e-01 -5.69462232e+00
  3.04831184e+02] 5.696972551684522
[-3.15804505e+00 -8.32586497e-02  2.02583693e-01 -5.67141785e+00
  3.05141214e+02] 5.675645565970639
[-3.07462518e+00 -2.98281276e-02  2.68198393e-01 -5.23588777e+00
  3.03687627e+02] 5.242837097502484
[-3.10637267e+00  1.46510910e-02  3.81314732e-01 -5.51800835e+00
  3.01426331e+02] 5.531187191444845
[-3.06959708e+00  4.36431171e-02 -3.50960806e-01 -5.66990898e+00
  3.07218630e+02] 5.680928273159282
[-3.13402011e+00 -1.38147223e-01 -2.09912310e-01 -5.68968731e+00
  3.07544714e+02] 5.695233929249348
[-2.99785429e+00  4.23458703e-01  1.24927502e-01 -5.45887081e+00
  3.04181694e+02] 5.476695600193471
[-3.07189546e+00 -2.23641649e-02  1.44473444e-01 -5.30993058e+00
  3.01484850e+02] 5.311942727169774
[-2.99504142e+00  1.33509631e-01 -2.04616062e-01 -5.52609039e+00
  3.07725588e+02] 5.531488726900782
[-3.01138242e+00 -1.33666516e-01 -1.48609487e-01 -5.28221825e+00
  3.02386484e+02] 5.285998594073303
[-3.00618524e+00  2.47617125e-01  1.31562734e-01 -5.40405984e+00
  3.05908931e+02] 5.411329386229583
[-3.01101067e+00 -6.59154619e-02  8.67465668e-02 -5.56390493e+00
  3.06147175e+02] 5.564971511366534
[-3.03261941e+00 -5.46951237e-02  1.23262747e-01 -5.33167438e+00
  3.05940892e+02] 5.3333795097952805
[-3.05562302e+00 -3.68538331e-01 -5.96783764e-02 -5.46653941e+00
  3.08214527e+02] 5.479273231050184
[-3.10684834e+00  2.75371325e-02 -6.28350130e-02 -5.30335260e+00
  3.05671348e+02] 5.303796317970688
[-3.08542781e+00 -2.08235437e-01 -3.34261264e-02 -5.61905671e+00
  3.04277822e+02] 5.623013213985555
[-3.16344263e+00  2.99120481e-02 -7.47639407e-02 -5.68775827e+00
  3.02957145e+02] 5.688328268564117
[-3.10166417e+00  2.08803659e-02  3.79357002e-01 -5.27761583e+00
  3.04713758e+02] 5.291273629838944
[-3.10581322e+00 -3.06636621e-01  9.70111854e-02 -5.43504118e+00
  3.05105397e+02] 5.444548635176175
[-3.06310446e+00 -2.35227436e-01  1.23289008e-01 -5.70717149e+00
  3.07289982e+02] 5.713347399051733
[-3.10822344e+00  3.35262104e-01  1.57907774e-01 -5.58843901e+00
  3.06207777e+02] 5.600713001661811
[-3.03843762e+00  2.14419571e-01  9.71594395e-03 -5.74811040e+00
  3.07443748e+02] 5.7521164166705505
[-3.02174864e+00  3.25910460e-01 -2.22266879e-02 -5.31456819e+00
  3.04677981e+02] 5.324598265746712
[-3.09907244e+00 -1.73951186e-01  2.67997140e-02 -5.59256595e+00
  3.05900587e+02] 5.59533476590704
[-3.05259707e+00 -2.96266001e-01  1.11162656e-01 -5.41715014e+00
  3.07095535e+02] 5.426384275478436
[-3.13018597e+00  1.43042781e-01  1.41130060e-01 -5.35126172e+00
  3.03965414e+02] 5.355033237513429
[-3.07561144e+00  2.48338040e-01  5.62206772e-02 -5.56047784e+00
  3.06980840e+02] 5.566304555877053
[-3.02212511e+00  1.94533551e-01  6.49350499e-02 -5.25272755e+00
  3.03481816e+02] 5.256729648904532
[-3.00890200e+00  2.90168538e-01  2.12437487e-01 -5.62016340e+00
  3.08142748e+02] 5.631657313826699
[-3.05650760e+00  2.41943215e-01 -5.90479005e-02 -5.33900034e+00
  3.05826979e+02] 5.344805683673696
[-3.03011801e+00  1.04646423e-01 -4.23841343e-02 -5.09371019e+00
  3.03399400e+02] 5.094961315209837
[-3.03886624e+00 -1.65168900e-01  1.86646863e-01 -5.25083515e+00
  3.04774417e+02] 5.256746860468488
[-3.04025207e+00  2.31851756e-01  1.51105428e-01 -5.23619303e+00
  3.01557409e+02] 5.2435012667799095
[-3.03433190e+00  1.77353269e-01  1.24405942e-01 -5.43307829e+00
  3.05556703e+02] 5.437395582323051
[-3.04393510e+00  4.09062990e-02 -2.11745680e-01 -5.38119827e+00
  3.05194603e+02] 5.385518021478714
[-3.06414387e+00  2.15667406e-01 -1.05743043e-01 -5.43681448e+00
  3.04444778e+02] 5.4421177598860595
[-3.13341532e+00  5.78521091e-02  1.24564163e-01 -5.41042173e+00
  3.04975121e+02] 5.412164665770767
[-3.00136138e+00  1.30252525e-01  3.44955619e-01 -5.52508404e+00
  3.06278676e+02] 5.537374261312714
[-3.06723644e+00 -5.86686612e-02  1.30491538e-01 -5.22528586e+00
  3.01915799e+02] 5.2272442456671
[-3.07295153e+00 -1.91715770e-01 -3.62528258e-02 -5.59025941e+00
  3.05890235e+02] 5.593663336768657
[-2.98038308e+00  6.33096574e-03 -1.40154817e-01 -5.51543930e+00
  3.04806853e+02] 5.517223402919877
[-3.06275275e+00 -2.09045081e-01  2.00023272e-01 -5.29506849e+00
  3.03555444e+02] 5.302967039519321
[-3.09654338e+00  1.25022341e-01  1.88178230e-01 -5.50999596e+00
  3.04063575e+02] 5.514625742784201
[-3.05133745e+00  1.67888464e-01 -1.95758061e-01 -5.47225743e+00
  3.03031183e+02] 5.478330868106356
[-3.07500007e+00  2.61028142e-01 -2.31137518e-01 -5.31699735e+00
  3.05820556e+02] 5.3284163739693495
[ -3.07107373   0.33380882  -0.32184974  -5.68617668 306.59605823] 5.705052216458924
[-3.11430663e+00  2.41078373e-01  5.48103919e-02 -5.50858292e+00
  3.05617614e+02] 5.514128108398334
[-2.97707058e+00  4.94839201e-02 -4.67217285e-01 -5.70447104e+00
  3.07879175e+02] 5.723786374258442
[-3.08304612e+00  1.55186781e-01  7.38821389e-02 -5.27331806e+00
  3.03368619e+02] 5.276118356981828
[-3.11996007e+00  1.19695943e-01 -1.32075913e-01 -5.33273808e+00
  3.05716431e+02] 5.335716125017355
[-3.09594729e+00  7.06513187e-02 -1.84243714e-02 -5.46555043e+00
  3.05234060e+02] 5.46603810318794
[-3.16980230e+00 -3.36167402e-01  9.98128142e-03 -5.78328090e+00
  3.06083934e+02] 5.793051541862899
[-3.06968120e+00 -1.44012990e-01 -8.92676425e-02 -5.64420058e+00
  3.07338207e+02] 5.6467431855795285
[-3.12396875e+00  5.27429494e-02 -2.82565901e-01 -5.27681114e+00
  3.03561566e+02] 5.284634439348336
[-3.08282062e+00  3.47769257e-01  6.12354334e-02 -5.67667635e+00
  3.06901534e+02] 5.6876486849618555
[-3.12866345e+00  2.03279521e-01  2.06133852e-01 -5.55944916e+00
  3.03084187e+02] 5.566982010111657
[-3.01239811e+00  2.02631656e-01  1.26313626e-01 -5.33577946e+00
  3.05116458e+02] 5.341119466126966
[-3.08077220e+00  4.12288400e-02 -2.32582633e-02 -5.61695124e+00
  3.05344209e+02] 5.617150699661818
[-3.10961126e+00  1.26241345e-01  2.07964310e-01 -5.34764627e+00
  3.06413969e+02] 5.3531772448113415
[-3.06375510e+00  3.78402641e-02 -3.13858877e-01 -5.42615775e+00
  3.04841716e+02] 5.435358975043619
[-2.96859689e+00 -7.84190896e-02 -4.26588834e-01 -5.36217090e+00
  3.04536061e+02] 5.379684410167902
[-3.05651806e+00  2.84377857e-01  1.78222662e-01 -5.21824772e+00
  3.02225979e+02] 5.229028912214512
[-3.04729271e+00 -3.84287384e-02  1.56218593e-01 -5.29188223e+00
  3.03206705e+02] 5.294327012659063
[-3.12640521e+00  1.38212743e-01 -7.16877568e-02 -5.56504513e+00
  3.05223445e+02] 5.567222754037994
[-3.05086873e+00  1.12239069e-01 -1.71190785e-01 -5.53899792e+00
  3.05808997e+02] 5.542779258167355
[-2.97392039e+00 -1.26439134e-01 -1.81686337e-01 -5.07506815e+00
  3.03134914e+02] 5.079893061089569
[-3.10023641e+00 -1.70083695e-01  6.44609695e-02 -5.38256831e+00
  3.04190215e+02] 5.385640655023834
[-3.12037105e+00  7.30373509e-02  4.45433088e-04 -5.76587536e+00
  3.06265634e+02] 5.766337947807828
[-3.03367131e+00 -6.74459764e-02  2.57198186e-01 -5.27027677e+00
  3.03086668e+02] 5.276979924386261
[-3.02731514e+00 -1.63219584e-01  8.23479915e-02 -5.27215966e+00
  3.04982881e+02] 5.2753283594435105
[-3.06104503e+00 -6.99191788e-02  2.78800715e-02 -5.46217126e+00
  3.05306426e+02] 5.462689888572064
[-3.10465069e+00 -1.91186420e-01  3.07886807e-02 -5.17781646e+00
  3.02168212e+02] 5.181436427880173
[-3.08762274e+00  1.89905147e-01  5.41016675e-02 -5.54595251e+00
  3.04713093e+02] 5.549466659549278
[-2.97527442e+00  2.05211717e-01  3.16337262e-02 -5.42435741e+00
  3.04840290e+02] 5.428329935456918
[-3.02248158e+00 -2.94964745e-01  2.40120261e-01 -5.17340232e+00
  3.05338281e+02] 5.187364795303205
[-2.97389963e+00 -1.97366753e-01  9.03494241e-02 -5.43421142e+00
  3.05979611e+02] 5.438544880331801
[-3.05228318e+00 -2.85292263e-01  1.25715913e-01 -5.52213577e+00
  3.05108233e+02] 5.530929359478831
[-3.05492657e+00  1.22638544e-01  2.33613139e-01 -5.23281303e+00
  3.05248553e+02] 5.239460610286931
[-3.02386847e+00 -2.33208107e-01 -4.48372605e-02 -5.32027911e+00
  3.04544321e+02] 5.32557660702745
[-3.00559713e+00 -2.29365525e-01  9.77390010e-02 -5.63773138e+00
  3.06818728e+02] 5.643241669614791
[-3.10813968e+00  1.04348647e-01  1.46154710e-01 -5.32392803e+00
  3.05050071e+02] 5.3269559313220505
[-3.04810855e+00  2.10887943e-01 -3.88903938e-01 -5.32843112e+00
  3.04817675e+02] 5.346765211684041
[-3.03966586e+00  3.15298088e-01 -2.31212512e-02 -5.33756417e+00
  3.02880291e+02] 5.346918619943026
[-3.11069267e+00  1.97535076e-01 -1.60743493e-01 -5.74690179e+00
  3.05348763e+02] 5.7525419390566634
[-3.00697478e+00  2.00757726e-02  4.37620093e-03 -5.49544903e+00
  3.06843501e+02] 5.495487446330883
[-3.07183115e+00 -1.07838598e-01 -3.55785204e-02 -5.34798065e+00
  3.03908898e+02] 5.349186107017791
[-3.02963450e+00  2.05295286e-01  3.57486101e-01 -5.65886289e+00
  3.07002411e+02] 5.673858624136128
[-3.13352369e+00  2.70521177e-01 -2.59369434e-01 -5.67476492e+00
  3.05916680e+02] 5.687126784081383
[-3.06310977e+00  7.83417470e-02  1.18801704e-01 -5.30756049e+00
  3.05410855e+02] 5.309467921611608
[-3.10444431e+00 -5.43486986e-02 -4.31760515e-01 -5.48040493e+00
  3.03936600e+02] 5.49765487535238
[-2.97504261e+00 -1.53214844e-01  1.97659056e-01 -5.34892736e+00
  3.06469768e+02] 5.354770559163063
[-3.08535115e+00  1.93461688e-01  1.17332524e-01 -5.27332136e+00
  3.03435167e+02] 5.27817322119566
[-3.05634774e+00  1.15783241e-01 -3.65264513e-01 -5.58726418e+00
  3.06740311e+02] 5.600387927018706
[-3.06946702e+00 -1.70331928e-01  3.33665257e-01 -5.40947104e+00
  3.04552189e+02] 5.422427723772283
[-3.03291387e+00 -2.38050671e-01  1.95710566e-01 -5.36680967e+00
  3.05421996e+02] 5.37565035596865
[-3.02369511e+00 -1.06533570e-01 -9.01571833e-02 -5.32052116e+00
  3.06102291e+02] 5.322351273656141
[-3.07609930e+00 -1.46013202e-01  1.22585064e-01 -5.75028822e+00
  3.06620634e+02] 5.7534477957469985
[-3.04573362e+00  2.12582735e-01  1.39660140e-01 -5.29840242e+00
  3.03706210e+02] 5.304504176352072
[-3.05128677e+00 -1.18419923e-01 -2.35282752e-01 -5.54373970e+00
  3.06883450e+02] 5.549993795835186
[-3.12908840e+00  2.48532147e-01  3.81505842e-02 -5.41074533e+00
  3.06151482e+02] 5.416584602620955
[-3.05456694e+00 -1.25828694e-01  2.87264291e-01 -5.26222736e+00
  3.05844502e+02] 5.2715643276553905
[-3.11067174e+00 -8.25496729e-02  1.70443513e-02 -5.71539668e+00
  3.06166763e+02] 5.716018205631611
[-3.06982760e+00  8.09266466e-02  2.67638726e-01 -5.60642849e+00
  3.07989164e+02] 5.61339647796573
[-3.05909386e+00  1.97545957e-01 -3.20475474e-01 -5.41559860e+00
  3.05378878e+02] 5.4286680782925005
[-2.99454418e+00 -2.55525834e-01 -1.28326276e-01 -5.26821188e+00
  3.06547916e+02] 5.27596602667232
[-3.01597850e+00 -3.98266183e-01  5.49699768e-02 -5.24225753e+00
  3.03714351e+02] 5.257651728292762
[-3.03248250e+00  1.54250198e-01 -1.17926566e-02 -5.51102589e+00
  3.05066730e+02] 5.51319675874128
[-3.14914376e+00  1.47932872e-01 -5.58695039e-02 -5.44183429e+00
  3.04452403e+02] 5.444131330146589
[-3.03475287e+00  8.53103253e-03  8.99407672e-02 -5.75785084e+00
  3.09264516e+02] 5.758559578173319
[-3.13678429e+00  1.17217602e-01  1.89925013e-01 -5.46661398e+00
  3.02948526e+02] 5.471168053736852
[-3.03827604e+00 -8.73913082e-03 -1.92553850e-01 -5.60871251e+00
  3.06000241e+02] 5.612023643343264
[-3.07216658e+00  7.15214660e-02  1.91941467e-02 -5.19731791e+00
  3.03125347e+02] 5.197845432962468
[-3.04951263e+00  1.25536180e-01 -1.85342424e-01 -5.72631925e+00
  3.08004454e+02] 5.730693089711296
[-3.06934075e+00 -2.34179558e-01 -2.67307352e-01 -5.55745116e+00
  3.07694064e+02] 5.568802086107307
[-3.11587771e+00  2.06399078e-01 -2.98229273e-02 -5.34004761e+00
  3.05083889e+02] 5.344118123205332
[-3.01699495e+00 -2.56284042e-02  7.32236452e-02 -5.38625682e+00
  3.04994431e+02] 5.386815480425639
[-3.17256988e+00 -1.07609318e-04 -4.67458672e-02 -5.35646599e+00
  3.03373416e+02] 5.356669960764463
[-3.11742821e+00 -5.29919055e-02 -7.56627647e-03 -5.64324978e+00
  3.06095080e+02] 5.643503649594454
[-3.07521845e+00  1.97320666e-01 -2.29813404e-01 -5.32372075e+00
  3.05206538e+02] 5.332330844448439
[-3.05818161e+00  2.67148859e-01  6.92034792e-02 -5.47989567e+00
  3.05806665e+02] 5.4868400930603105
[-3.08947002e+00 -2.48420012e-01  1.33868672e-01 -5.38367406e+00
  3.05107453e+02] 5.391064803729309
[-2.99145862e+00  1.97629171e-01 -3.14656966e-01 -5.55958517e+00
  3.06990659e+02] 5.571988296654917
[-3.07636126e+00 -3.58307052e-02  2.38379767e-02 -5.39103209e+00
  3.03907135e+02] 5.391203865770123
[-3.07870323e+00  7.88927532e-02 -7.42803241e-03 -5.31612166e+00
  3.06696758e+02] 5.316712211294016
[-3.02717645e+00 -9.13287067e-02  7.40461153e-05 -5.42024544e+00
  3.05269388e+02] 5.421014811196275
[-3.02608804e+00  1.16562310e-01  3.82441540e-01 -5.35019802e+00
  3.03478525e+02] 5.365115760387883
[ -3.12133674  -0.43823278  -0.36174133  -5.28909072 303.55577735] 5.319528684020275
[-2.98364022e+00 -1.87910807e-03 -7.04984600e-02 -5.47079429e+00
  3.04655850e+02] 5.471248825682157
[-3.07852804e+00  4.05526275e-02 -1.55060134e-02 -5.42937117e+00
  3.04703885e+02] 5.429544758429133
[-3.12311768e+00 -8.22016664e-02  1.34025489e-01 -5.34922244e+00
  3.02485720e+02] 5.351532550953452
[-3.10644999e+00  4.08961992e-02  9.86595401e-02 -5.60671539e+00
  3.05969551e+02] 5.607732484610121
[-3.04890983e+00  7.74665244e-02  4.34532796e-01 -5.26662647e+00
  3.04021853e+02] 5.2850898014125205
[-3.06115197e+00  2.21217440e-01 -8.33428603e-03 -5.64122870e+00
  3.06510060e+02] 5.645570640042312
[-3.09449222e+00 -2.53943151e-01  2.04627182e-01 -5.61943938e+00
  3.07495432e+02] 5.628894949604261
[-3.08471068e+00 -2.53966722e-03  1.03275875e-01 -5.71808401e+00
  3.06083144e+02] 5.719017146439493
[-3.06217444e+00 -1.42340000e-01  1.03090441e-01 -5.44230102e+00
  3.04906923e+02] 5.445138076255535
[-3.10113614e+00 -2.29893789e-01 -7.90359528e-02 -5.58775197e+00
  3.02009254e+02] 5.593037632841439
[-2.99861687e+00 -3.02313902e-01  5.81861609e-02 -5.41134879e+00
  3.03776226e+02] 5.42009917133438
[-3.05155756e+00  2.02990562e-01 -8.38590579e-02 -5.51421314e+00
  3.07422462e+02] 5.518585330724449
[-3.05131104e+00 -5.05481033e-02 -1.12490673e-01 -5.62030780e+00
  3.06944134e+02] 5.621660696180196
[-3.00543287e+00 -2.56620994e-01 -2.55734654e-01 -5.38595254e+00
  3.05866565e+02] 5.398123687945795
[-3.05715323e+00  2.08206322e-01  2.46183062e-01 -5.60454808e+00
  3.06206750e+02] 5.613814668858213
[-3.08071965e+00  8.72536698e-03 -2.49167019e-01 -5.46229341e+00
  3.05086616e+02] 5.467980398131911
[-3.09134711e+00 -3.40313463e-02  7.82311382e-02 -5.75678065e+00
  3.06322783e+02] 5.757412764269438
[-2.99497389e+00  3.96349473e-02 -1.39345206e-01 -5.24493572e+00
  3.04709522e+02] 5.246936122642898
[-2.98180283e+00  1.19140113e-01 -2.34377528e-01 -5.46733638e+00
  3.06045217e+02] 5.47365455961372
[-3.04041340e+00 -2.18213806e-01 -8.60190670e-03 -5.46628200e+00
  3.06196304e+02] 5.470642575142026
[-3.10237646e+00 -9.19854765e-02  1.09988096e-01 -5.42137158e+00
  3.05092884e+02] 5.423267327355405
[-3.04154902e+00  6.49345156e-02 -9.76678764e-02 -5.14894691e+00
  3.02207267e+02] 5.150282495135747
[-3.17707927e+00  1.67059247e-01  1.38708199e-02 -5.51721469e+00
  3.06061369e+02] 5.5197607846306935
[-3.06360043e+00  3.93890736e-01 -1.83973370e-01 -5.67032596e+00
  3.04265331e+02] 5.686966909756119
[-3.08914877e+00  4.45127141e-01 -5.11282609e-02 -5.59431540e+00
  3.04447025e+02] 5.612229242690295
[-3.03706250e+00  1.02827415e-01 -1.49735141e-01 -5.22085121e+00
  3.05653582e+02] 5.224010093108277
[-3.04150054e+00 -2.39858352e-01  1.42995115e-01 -5.69384597e+00
  3.06134058e+02] 5.700689571634626
[-3.02954706e+00 -8.34317825e-03  4.35931136e-02 -4.96280892e+00
  3.04670326e+02] 4.963007392469046
[-3.00102102e+00 -2.21140102e-01 -2.34424405e-02 -5.62853522e+00
  3.06780217e+02] 5.632926524227975
[-3.07587717e+00 -5.20300548e-02  5.06132656e-02 -5.26518905e+00
  3.05387438e+02] 5.26568936742494
[-3.08621283e+00 -1.08506038e-01  8.11082003e-02 -5.17043634e+00
  3.02030139e+02] 5.1722107546557705
[-2.95618117e+00 -7.41681156e-02  8.86704460e-02 -5.11657817e+00
  3.05399678e+02] 5.117883892492427
[-3.08885193e+00  1.38169983e-01 -2.56632823e-01 -5.04580754e+00
  3.01986218e+02] 5.054218538333294
[-3.03994050e+00 -3.08787542e-02 -2.28304996e-01 -5.45778265e+00
  3.04774983e+02] 5.46264296141541
[-3.08107196e+00  2.04849012e-01  1.26673133e-01 -5.35360068e+00
  3.03476521e+02] 5.359015718345478
[-3.12650393e+00  1.17992131e-01 -2.70354471e-02 -5.24604191e+00
  3.03902704e+02] 5.247438302629351
[-3.05223444e+00  1.27712172e-01  1.72100242e-01 -5.45285535e+00
  3.06060381e+02] 5.457065179411781
[-3.04739306e+00  2.05705533e-01 -2.36762814e-01 -5.20932205e+00
  3.05130763e+02] 5.218755367745361
[-3.08118455e+00  6.70581241e-02  4.88321851e-02 -5.39906928e+00
  3.04146329e+02] 5.399706511832954
[-3.10831470e+00  3.87697909e-02  1.55713334e-01 -5.32763933e+00
  3.03484614e+02] 5.330055399240221
[-3.07451435e+00  1.07153263e-01 -2.34145380e-01 -5.02908313e+00
  3.04133756e+02] 5.03567105597981
[-3.07802554e+00  1.09695515e-01 -1.70704592e-02 -5.34240802e+00
  3.03872181e+02] 5.343561350817308
[-3.02098035e+00  1.86077000e-02  2.76549457e-01 -5.62424339e+00
  3.07996604e+02] 5.631069132213168
[-3.05973312e+00  1.57711545e-01  3.17221137e-01 -5.39057834e+00
  3.05406648e+02] 5.402206684626427
[-3.05649592e+00  1.47523890e-01  5.99563040e-02 -5.56470646e+00
  3.05237114e+02] 5.566984469423817
[-3.05609010e+00  1.15737806e-03  4.83829960e-02 -5.33711632e+00
  3.03121315e+02] 5.3373357429232655
[ -3.04535689   0.32536552   0.38896592  -5.60366855 306.78782313] 5.626567192519444
[-3.14431166e+00  3.96893204e-01 -1.18404932e-01 -5.58484065e+00
  3.04664545e+02] 5.60017758539665
[-3.05735120e+00 -1.84538123e-01  2.13167682e-01 -5.46511771e+00
  3.02940538e+02] 5.472385799710926
[-3.03459110e+00  2.10966364e-01 -8.76991547e-02 -5.61491489e+00
  3.03913291e+02] 5.619561122231462
[-3.14123868e+00 -1.89107919e-01  1.10098964e-01 -5.42354456e+00
  3.03520170e+02] 5.427957185336956
[-3.07886518e+00  2.26591275e-01 -1.69245208e-01 -5.65034987e+00
  3.06630542e+02] 5.65742354476374
[-3.03462468e+00  1.18813394e-01  2.06915620e-01 -5.64962840e+00
  3.07189829e+02] 5.65466460435145
[-3.08538448e+00 -1.88396490e-01 -8.70468777e-02 -5.11107852e+00
  3.03062141e+02] 5.115290220292945
[-3.01369142e+00 -1.06969402e-01 -6.92236835e-02 -5.54031341e+00
  3.06122496e+02] 5.541778329557109
[-2.94788800e+00 -1.24933303e-01 -1.48329860e-03 -5.35402233e+00
  3.05940664e+02] 5.3554799635632016
[-3.09017026e+00 -3.17169651e-01  1.09611762e-01 -5.54530970e+00
  3.03790268e+02] 5.555454169178609
[-3.11401728e+00  1.16218382e-01 -7.87176309e-02 -5.18464527e+00
  3.02338585e+02] 5.186545066941732
[-3.06058711e+00 -1.92241404e-01  4.03324359e-02 -5.18125425e+00
  3.04304797e+02] 5.184976283743421
[-3.02531007e+00  1.65907507e-01 -1.30341999e-01 -5.63171976e+00
  3.07295294e+02] 5.635670481938663
[-3.07908198e+00 -1.88897059e-02  7.65540827e-02 -5.12144790e+00
  3.02840710e+02] 5.122054853194551
[-3.07055317e+00 -2.55169092e-01  3.22228483e-01 -5.53767540e+00
  3.06544343e+02] 5.552908365950227
[-3.08994689e+00  2.30354652e-01  2.21804269e-01 -5.31147635e+00
  3.04984297e+02] 5.321094005484156
[-3.01294963e+00 -3.66327782e-02  2.92839432e-02 -5.27697221e+00
  3.06383452e+02] 5.277180616454164
[-2.96486404e+00  9.62814775e-02  1.08673636e-02 -5.27690515e+00
  3.05467587e+02] 5.277794637560576
[-3.01031097e+00 -1.64788424e-01  2.46540291e-01 -5.33207238e+00
  3.05958035e+02] 5.340312084887412
[-3.07740492e+00  8.05394123e-02 -2.13250871e-01 -5.40501835e+00
  3.04333881e+02] 5.409823091184556
[-2.94642465e+00 -9.35765054e-02  2.58021105e-01 -5.39019464e+00
  3.04635510e+02] 5.397177935418347
[-3.08519139e+00 -9.33089036e-02 -5.91558046e-02 -5.79715557e+00
  3.07231971e+02] 5.798208226438559
[-3.06025641e+00  4.21423223e-01  1.25597079e-01 -5.46866204e+00
  3.04928533e+02] 5.486313573868773
[-3.03813604e+00 -1.79126402e-01 -3.56217473e-01 -5.59547953e+00
  3.06938229e+02] 5.6096673979454135
[-3.12831056e+00  2.00607016e-01  8.40734554e-02 -5.39836823e+00
  3.01949417e+02] 5.40274847621588
[-3.04514545e+00  3.09604814e-02 -1.81416844e-01 -5.47726270e+00
  3.04079167e+02] 5.4803537555765445
[ -3.0500096   -0.54946558   0.33955879  -4.98488189 302.23492638] 5.026555485374973
[-3.13697787e+00 -1.02529627e-01  5.55256571e-02 -5.35142099e+00
  3.02776353e+02] 5.352691098090542
[-2.96667398e+00 -3.47056860e-02 -9.93816550e-02 -5.41357191e+00
  3.07755489e+02] 5.414595275229079
[-3.05410340e+00 -2.34841414e-01 -2.29870564e-01 -5.55215680e+00
  3.04256286e+02] 5.5618734327143535
[-3.10568893e+00 -1.93507304e-01 -2.14458980e-01 -5.23372570e+00
  3.01971150e+02] 5.241690800603944
[-3.04348726e+00 -1.13192605e-01  1.14522973e-01 -5.33762242e+00
  3.04635743e+02] 5.34005067294612
[-3.06476798e+00 -7.07899247e-03  2.47954485e-01 -5.25559108e+00
  3.02292977e+02] 5.261441737566711
[-3.00223247e+00  4.09817098e-01  1.09183112e-01 -5.50147271e+00
  3.05632853e+02] 5.517796025208872
[-3.03037301e+00  2.54237589e-01  1.84027152e-01 -5.32111185e+00
  3.02510703e+02] 5.330359652193553
[-3.06917913e+00  1.70512375e-01 -5.79673614e-02 -5.67105848e+00
  3.05090650e+02] 5.673917422413138
[-3.08178559e+00  1.08401368e-01 -1.07997562e-01 -5.55893345e+00
  3.06069709e+02] 5.561039063764981
[-3.04972534e+00  1.12799594e-02 -2.93681515e-01 -5.25305437e+00
  3.03885000e+02] 5.261269460209931
[-3.08829181e+00 -2.77310066e-02 -3.04340413e-01 -5.36149122e+00
  3.04563490e+02] 5.37019368366852
[-3.10941682e+00  2.07939158e-01  1.14068748e-01 -5.13814120e+00
  3.01164588e+02] 5.143612097300165
[-3.05276348e+00 -3.45703501e-01 -5.89245737e-02 -5.56406558e+00
  3.04254376e+02] 5.57510617048338
[-3.03421903e+00  1.37239206e-01 -1.92143808e-02 -5.35997687e+00
  3.04793582e+02] 5.3617679750084575
[-3.07639459e+00 -2.78021593e-02  1.75696686e-01 -5.35053275e+00
  3.03997208e+02] 5.353488863867861
[-3.08444801e+00 -3.53920813e-01  1.57912116e-01 -5.51838388e+00
  3.04043736e+02] 5.53197585330346
[-3.10183696e+00  4.94874098e-02 -1.08652526e-01 -5.48988730e+00
  3.03422504e+02] 5.491185389420134
[-3.02416527e+00  2.89485880e-01 -2.44184789e-03 -5.64313374e+00
  3.06252371e+02] 5.650554526385772
[-3.04208513e+00 -1.52603521e-01 -5.33617139e-02 -5.31254784e+00
  3.04061415e+02] 5.315007039083432
[-2.96207480e+00 -2.53739831e-05 -1.35162274e-01 -5.18929889e+00
  3.05025978e+02] 5.1910588351149185
[-3.02118440e+00 -2.40177704e-01  5.53162745e-02 -5.38239731e+00
  3.06268999e+02] 5.388037304353471
[-3.11989099e+00  5.95990468e-02 -1.29590558e-01 -5.49241223e+00
  3.05010530e+02] 5.494264087832643
[-3.19224698e+00  9.86244511e-03  7.19046165e-02 -5.77386856e+00
  3.04403173e+02] 5.77432469236076
[-3.09873615e+00 -5.82126309e-02 -1.06600157e-01 -5.62550626e+00
  3.05651155e+02] 5.626817301887101
[-3.08183056e+00  3.11257859e-02 -4.25360596e-01 -5.47039622e+00
  3.05015926e+02] 5.486996920255927
[-3.07725997e+00 -2.88950990e-01  1.61566902e-01 -5.54751793e+00
  3.04867964e+02] 5.557387131247585
[-3.03086427e+00  2.29572025e-04  1.04985726e-03 -5.33938691e+00
  3.03323498e+02] 5.339387013682624
[-3.04093336e+00  3.95351147e-01  1.77805480e-01 -5.16005558e+00
  3.02288942e+02] 5.178232414759996
[-3.12583983e+00  7.60440566e-02 -3.69887229e-01 -5.46620781e+00
  3.04424840e+02] 5.479235994582905
[-3.09117675e+00 -1.52369422e-02  3.12722950e-01 -5.41179679e+00
  3.01965321e+02] 5.4208460892587915
[-3.07675615e+00  3.90898274e-02  2.98240343e-01 -5.75625080e+00
  3.06771274e+02] 5.764104321242358
[-3.07464613e+00 -1.66753818e-01  2.15007856e-02 -5.28020727e+00
  3.04390689e+02] 5.282883485886067
[-3.02842077e+00  9.92364776e-02 -1.66385676e-02 -5.29488159e+00
  3.04489327e+02] 5.2958375864462255
[-3.05644899e+00  3.32791606e-01 -2.30140437e-01 -5.32847106e+00
  3.05302778e+02] 5.34381125132483
[-3.06461239e+00 -1.01766892e-02 -4.44472020e-02 -5.77289757e+00
  3.07630595e+02] 5.773077645334488
[-3.02039452e+00  1.78556402e-01 -1.98103524e-01 -5.29356231e+00
  3.02674613e+02] 5.300276346903657
[-3.06624700e+00 -1.01295642e-01 -5.14905618e-02 -5.44038639e+00
  3.03818527e+02] 5.441572952927422
[-3.12606259e+00 -7.94348272e-02 -1.53316876e-01 -5.71029686e+00
  3.05965694e+02] 5.712906977816001
[-3.01985861e+00  1.26326776e-01 -6.09331475e-03 -5.57654738e+00
  3.06414518e+02] 5.577981378509683
[-3.19890239e+00 -2.04460418e-01 -3.58431338e-02 -5.21182787e+00
  3.00089886e+02] 5.215959981274562
[-3.07828907e+00  9.06923625e-02 -1.23931827e-01 -5.30694136e+00
  3.03904270e+02] 5.309162912980941
[-2.98636620e+00  2.04403289e-01  6.92612342e-03 -5.37621061e+00
  3.05724157e+02] 5.380099368955837
[-3.01451752e+00 -1.41989810e-01  1.31257580e-01 -5.41172489e+00
  3.07329204e+02] 5.415178291414914
[-3.04780270e+00  1.67397601e-01  2.43452862e-01 -5.48179469e+00
  3.05911447e+02] 5.489750834718766
[-3.04209610e+00 -1.74389281e-01  2.44057054e-01 -5.22984083e+00
  3.02379893e+02] 5.238435886090394
[-2.97205533e+00 -1.93288226e-01  3.80894147e-01 -5.49156014e+00
  3.06052812e+02] 5.50814610089376
[-3.08267377e+00 -2.20243365e-01  2.70734621e-01 -5.33690942e+00
  3.03757192e+02] 5.34830875126873
[-3.02670695e+00  1.70243355e-01 -1.68846021e-02 -5.06744717e+00
  3.03566071e+02] 5.070334180717384
[-3.11103680e+00  2.26809922e-02  2.89686756e-01 -5.60333900e+00
  3.05180855e+02] 5.610868093898512
[-3.01555755e+00  2.18777191e-01  3.72524325e-01 -5.30674237e+00
  3.05115635e+02] 5.324298304130531
[-3.10451919e+00 -1.98959524e-01  5.67570766e-02 -5.25752990e+00
  3.05837660e+02] 5.261599277068861
[-3.09399021e+00 -1.09199866e-01  6.79778670e-02 -5.46878572e+00
  3.04838073e+02] 5.470298245815081
[-3.11772419e+00  1.27164685e-02  2.66882260e-01 -5.44985752e+00
  3.07089156e+02] 5.4564031000408075
[-3.10860594e+00  2.77380606e-02  1.18161988e-01 -5.45259018e+00
  3.07247882e+02] 5.453940894665454
[-2.97464215e+00 -2.66530488e-02  2.69147866e-02 -5.71539707e+00
  3.07819692e+02] 5.715522591754741
[-3.05935088e+00 -1.72319494e-01 -9.81310761e-02 -5.64738789e+00
  3.06096894e+02] 5.650868401918458
[-3.06395908e+00 -1.79895056e-01 -7.37589126e-03 -5.61904069e+00
  3.07593599e+02] 5.621924485853987
[-3.09633764e+00  2.58764072e-01  1.14087215e-01 -5.61635463e+00
  3.06225979e+02] 5.62346993324682
[-2.99769363e+00  1.86319289e-01 -1.37398529e-01 -5.14242826e+00
  3.04006808e+02] 5.147636505597273
[-2.93104603e+00  1.94633986e-01  1.10183132e-01 -5.14846076e+00
  3.04300425e+02] 5.153316497784865
[-2.98588814e+00 -1.54717040e-01  1.23546048e-01 -5.60771612e+00
  3.06357963e+02] 5.611210301173967
[-3.07841551e+00  5.07380385e-01 -1.04660183e-01 -5.51596552e+00
  3.06347051e+02] 5.540240444194224
[-3.08408342e+00 -1.33458346e-02 -3.08039365e-02 -5.70844292e+00
  3.07643042e+02] 5.708541627911129
[-3.12553953e+00 -3.49197307e-01  1.72703036e-01 -5.57750078e+00
  3.04406827e+02] 5.591089347356962
[-3.06847444e+00 -1.51758839e-01  7.40524405e-02 -5.62387747e+00
  3.06586858e+02] 5.626412023201645
[-3.12584271e+00 -3.32011176e-02 -2.87718660e-03 -5.01841302e+00
  3.02255085e+02] 5.018523668177094
[-2.98966640e+00  3.12678076e-01 -1.34356602e-02 -5.28725758e+00
  3.04919635e+02] 5.296512132874552
[-3.12049615e+00  1.37993556e-02 -2.14020976e-01 -6.01185210e+00
  3.07889575e+02] 6.015676281430453
[-3.05629928e+00 -2.59317783e-01  4.09875735e-02 -5.52106802e+00
  3.04975126e+02] 5.527306557136412
[-3.05588897e+00  3.31388483e-01  2.59043740e-02 -5.47349081e+00
  3.03376074e+02] 5.483574661058853
[-3.06786804e+00  3.25122824e-02  2.08500183e-01 -5.61229863e+00
  3.07909030e+02] 5.616264353074551
[-3.08266078e+00  2.18554545e-01 -7.43318279e-02 -5.45898624e+00
  3.04710788e+02] 5.4638651259076045
[-3.04572686e+00 -2.16699481e-01 -2.94240485e-01 -5.36745072e+00
  3.02617467e+02] 5.379875777704868
[-3.07509438e+00  9.67707891e-02  1.09993841e-01 -5.55501406e+00
  3.05851928e+02] 5.556945607441761
[-3.04797804e+00  1.01251895e-01  1.29801507e-01 -5.22692675e+00
  3.02797434e+02] 5.2295184901494265
[-3.07430804e+00 -2.19477843e-01  3.58978751e-02 -5.38904885e+00
  3.04524997e+02] 5.39363576155606
[-3.06637273e+00  1.28350767e-01  2.49948140e-01 -5.28312350e+00
  3.02427947e+02] 5.290589937216277
[-3.09648883e+00  1.28828416e-01  3.10052067e-01 -5.61546708e+00
  3.05825256e+02] 5.625495492439177
[-3.09994919e+00  3.49324538e-02 -6.94055869e-02 -5.49646962e+00
  3.05230509e+02] 5.4970187993687665
[-3.07871972e+00  1.35740304e-01  3.77453803e-01 -5.56779512e+00
  3.05244049e+02] 5.582225303378861
[-3.13064728e+00 -8.79985087e-02 -1.96346420e-01 -5.31768113e+00
  3.04210529e+02] 5.32203234539855
[-3.00682950e+00  1.24076364e-02 -1.45312479e-01 -5.56028900e+00
  3.06836753e+02] 5.562201315991438
[-3.10600696e+00  8.15643358e-02 -4.38730038e-01 -5.58283877e+00
  3.04580091e+02] 5.60064509886565
[-3.09151164e+00  2.15809597e-01 -4.09411278e-02 -5.42244163e+00
  3.04536654e+02] 5.42688890246863
[-3.17148692e+00 -5.79322569e-02  1.56165052e-01 -5.54407190e+00
  3.03432446e+02] 5.546573441554216
[-3.07243717e+00 -2.97241254e-01  4.99978234e-02 -5.31288937e+00
  3.04904594e+02] 5.321432662673575
[-2.99871343e+00 -8.23112847e-02  1.11275316e-01 -5.45506462e+00
  3.06643927e+02] 5.45682026277816
[-3.05825991e+00 -1.01911440e-03 -2.56524789e-01 -5.59108553e+00
  3.06888996e+02] 5.596967345138386
[-3.11615532e+00 -2.36161041e-01 -1.26563197e-01 -5.42248025e+00
  3.03945422e+02] 5.429095900283876
[-3.04368593e+00  1.73090353e-01  1.59666111e-01 -5.48636170e+00
  3.04669592e+02] 5.491413139420482
[-3.06474569e+00 -1.76150121e-01  1.63608813e-02 -5.44983622e+00
  3.04928749e+02] 5.452706793128772
[-3.09931420e+00 -3.02637163e-01 -1.22625795e-02 -5.55372467e+00
  3.04507597e+02] 5.561977829281176
[-3.12872970e+00  6.29897189e-03  1.90984557e-01 -5.64160601e+00
  3.06744165e+02] 5.644841282372083
[-3.01521762e+00 -3.45778125e-02  1.70040326e-01 -5.38859602e+00
  3.04806314e+02] 5.391389099917718
[-3.05293636e+00 -1.01001170e-01  2.25526840e-01 -5.53669980e+00
  3.08887334e+02] 5.542211494445936
[-3.07248881e+00  1.34023711e-01 -2.46115865e-02 -5.62060317e+00
  3.07467645e+02] 5.622254714815042
[-3.06934467e+00  4.26253408e-01  7.69315959e-02 -5.58828814e+00
  3.06073696e+02] 5.605049038637141
[-3.04962278e+00 -1.70956716e-01 -2.60044058e-03 -5.44559089e+00
  3.03897500e+02] 5.448274326050206
[-3.09160542e+00 -1.24997904e-01  2.26685104e-02 -5.50387243e+00
  3.05747766e+02] 5.505338326578663
[-3.12325234e+00 -1.41150635e-01 -1.40938737e-01 -5.47032062e+00
  3.06112404e+02] 5.473956057557067
[ -3.06511958  -0.33151472  -0.30903835  -5.36469325 303.24230971] 5.383803525704923
[-3.04429081e+00  1.87500940e-01 -2.84802548e-02 -5.49857685e+00
  3.04649220e+02] 5.501846522382059
[-3.06538424e+00  4.51539735e-02 -8.16239433e-02 -5.46307398e+00
  3.05644949e+02] 5.46387029578639
[-3.03754867e+00  4.03434446e-01  3.15650195e-02 -5.51419446e+00
  3.06406386e+02] 5.529023078924897
[-3.13838637e+00  4.61380781e-02  3.02453510e-01 -5.75956763e+00
  3.03666617e+02] 5.7676881092170245
[-3.02956782e+00 -1.81143549e-02 -4.44277433e-02 -5.24026752e+00
  3.01863852e+02] 5.240487159912349
[-3.22227462e+00 -1.68878136e-01 -1.22634338e-02 -5.49641524e+00
  3.03697855e+02] 5.499022706434226
[-3.04925775e+00  1.68523647e-01 -1.72949912e-01 -5.82296113e+00
  3.08435998e+02] 5.8279660435914895
[-3.15223780e+00  1.62827116e-02 -6.24455400e-02 -5.61669575e+00
  3.03495189e+02] 5.617066473885006
[-3.01924372e+00  2.40973471e-01  3.72105134e-02 -5.59638377e+00
  3.04717250e+02] 5.601692974184234
[-2.99714363e+00  6.00523413e-02  1.13305268e-01 -5.24814145e+00
  3.05402082e+02] 5.249707898995455
[-3.02703174e+00  1.96438670e-02 -4.77786407e-02 -5.59533289e+00
  3.05499826e+02] 5.595571354798628
[-3.08638704e+00  6.24439478e-02 -3.08066237e-01 -5.20669482e+00
  3.02028158e+02] 5.216174366807765
[-3.01684696e+00  3.30690334e-01  2.99818542e-01 -5.25454193e+00
  3.05783679e+02] 5.273467375138807
[-3.03648249e+00  7.94072758e-03  2.47034416e-01 -5.43289812e+00
  3.04726074e+02] 5.438517353413896
[-3.08275182e+00  4.93904386e-02 -1.84182310e-01 -5.38541927e+00
  3.03989890e+02] 5.388794231856586
[-3.06581989e+00 -4.69349139e-01 -1.39562891e-01 -5.70243055e+00
  3.05891700e+02] 5.723415115658925
[-3.03526813e+00 -4.06762061e-01 -4.05167863e-02 -5.25191713e+00
  3.04574691e+02] 5.267801296341342
[-2.99089045e+00 -3.75920306e-02  4.93860511e-02 -5.24559287e+00
  3.04313931e+02] 5.245960040286357
[-3.04780357e+00  9.74264746e-02 -3.73113317e-02 -5.02505564e+00
  3.01550676e+02] 5.026138499323554
[-3.06703731e+00 -3.32720356e-01  6.30979542e-02 -5.55554364e+00
  3.06404969e+02] 5.5658556690370276
[-3.03516881e+00 -1.00959311e-01 -2.26668107e-01 -5.37290529e+00
  3.05188591e+02] 5.378632026192053
[-3.07863326e+00 -2.32819229e-01  3.66760257e-01 -5.48906336e+00
  3.05510524e+02] 5.506226884506337
[-3.05677556e+00 -9.99735229e-02 -2.63175632e-01 -5.60046251e+00
  3.04054107e+02] 5.6075339011091305
[-3.07248137e+00 -1.17289949e-01 -9.01538366e-02 -5.69169003e+00
  3.05733457e+02] 5.693612218712367
[-3.03618696e+00  6.48175257e-02  7.89747598e-02 -5.46871289e+00
  3.05297010e+02] 5.469667173497067
[-3.08595750e+00  1.29809583e-01  1.00093184e-01 -5.20551368e+00
  3.01970275e+02] 5.208093877217245
[-3.01593310e+00  2.76018025e-01  1.19629101e-01 -5.70755849e+00
  3.09134316e+02] 5.715480815898203
[-3.09320637e+00  4.29288895e-01  6.06488557e-02 -5.40060924e+00
  3.04348300e+02] 5.417983701179063
[-3.11964253e+00  8.14630586e-02 -1.77819274e-01 -5.44695418e+00
  3.06656666e+02] 5.450464728306603
[-3.05200532e+00  1.24788806e-01  2.61889246e-01 -5.29424151e+00
  3.03483293e+02] 5.3021836468786905
[-3.11450892e+00 -3.53777719e-02 -3.00979779e-02 -5.47901536e+00
  3.05531303e+02] 5.479212243136338
[-3.02870021e+00 -2.58150907e-01 -1.77258903e-01 -5.51026232e+00
  3.04007605e+02] 5.519153331227704
[-3.00236071e+00  2.00442998e-02  2.51100078e-02 -5.58857608e+00
  3.06824686e+02] 5.5886684397872255
[-2.96268055e+00  5.95510154e-02  8.58351133e-02 -5.16514820e+00
  3.04812627e+02] 5.166204595515687
[-3.04885436e+00 -2.03181328e-01 -2.40922375e-01 -5.15751801e+00
  3.06228345e+02] 5.167138308389342
[-2.98818279e+00 -2.67084744e-03 -8.17539044e-02 -5.34048161e+00
  3.05285533e+02] 5.341108000115504
[-3.10509060e+00  1.19218642e-01  1.75081359e-01 -5.54341430e+00
  3.04387643e+02] 5.5474596590107375
[-3.06950152e+00  1.14103142e-02  5.65862302e-02 -5.64347495e+00
  3.05876649e+02] 5.6437701654229135
[-3.08050478e+00 -7.39058660e-02 -1.73962029e-01 -5.53584806e+00
  3.04707034e+02] 5.539073807792497
[-3.10985236e+00 -1.69021413e-01  5.02971006e-01 -5.41068848e+00
  3.04972373e+02] 5.436643988686472
[-2.99036307e+00 -1.16983662e-01  2.62102932e-02 -5.30838519e+00
  3.04760587e+02] 5.309738736299395
[-3.11486444e+00  1.82464999e-02 -5.62165823e-02 -5.20221444e+00
  3.04144598e+02] 5.20255017405864
[-3.05752762e+00 -2.34512876e-01 -1.81802993e-02 -5.68585241e+00
  3.06312224e+02] 5.6907156351757875
[-3.04339053e+00 -8.51068518e-02  7.36465810e-02 -5.18318831e+00
  3.02822857e+02] 5.184410094351481
[-3.02606232e+00  2.03385149e-01 -1.78885312e-01 -5.20749353e+00
  3.03046181e+02] 5.214532995649181
[-2.94676560e+00 -1.31113954e-01  1.47343359e-01 -5.39963816e+00
  3.05611385e+02] 5.403239135533021
[-3.06847968e+00 -8.38906027e-02  1.55743456e-01 -5.00201715e+00
  3.02628589e+02] 5.00514427421546
[-3.09650187e+00 -6.78870029e-02  4.34998957e-02 -5.23769895e+00
  3.04404678e+02] 5.238319495786686
[-3.00687839e+00 -2.12011306e-01  1.26114646e-01 -5.59203730e+00
  3.01619134e+02] 5.597475762459895
[-3.10872291e+00  1.17794096e-01  1.00595129e-01 -5.17057861e+00
  3.03214463e+02] 5.172898414489486
[-3.07526738e+00 -2.25747796e-01  4.65616666e-02 -5.40551542e+00
  3.06863127e+02] 5.410427619483918
[-3.07475752e+00 -1.65508934e-02  2.02866086e-02 -5.51454714e+00
  3.05150055e+02] 5.514609290494455
[-3.08641982e+00  1.99756908e-01  2.66604738e-01 -5.48099355e+00
  3.05570401e+02] 5.491108373709631
[-2.95964356e+00  7.03599286e-02 -8.02961522e-02 -5.28824336e+00
  3.06416047e+02] 5.289320927600386
[-3.10946629e+00 -2.44992415e-01 -2.33310249e-02 -5.50243584e+00
  3.04794572e+02] 5.507936622857508
[-3.05242468e+00  3.59361425e-01  2.66106132e-01 -5.79505133e+00
  3.06998541e+02] 5.812277779258657
[-3.03787205e+00  2.72516766e-01 -2.39499346e-01 -5.62851898e+00
  3.05404133e+02] 5.6401995729831995
[-3.09277123e+00  1.93355381e-01  4.75874338e-02 -5.66980803e+00
  3.06122222e+02] 5.673303617640337
[-3.12998849e+00 -4.13343974e-01 -1.97419817e-01 -5.24825869e+00
  3.03573016e+02] 5.268210996735139
[-3.04313435e+00  4.87795430e-02  7.15629792e-02 -5.76113816e+00
  3.04723635e+02] 5.761789101625454
[-3.00951672e+00 -1.56702302e-01  1.63816126e-01 -5.28465280e+00
  3.04785525e+02] 5.289512883402554
[-3.02364996e+00 -7.80163598e-04  1.63654320e-01 -5.31912360e+00
  3.02978776e+02] 5.321640647621857
[-3.06459381e+00 -5.23072054e-02  3.77716232e-02 -5.59636994e+00
  3.05727446e+02] 5.59674184160047
[-3.08400350e+00  1.74279498e-01 -4.01966150e-01 -5.58145778e+00
  3.06250693e+02] 5.598626715089349
[-3.06277377e+00  1.44657385e-01 -1.29667844e-01 -5.05952455e+00
  3.01226355e+02] 5.063252725559376
[-3.10305452e+00  7.87307735e-02 -1.31363745e-01 -5.51017406e+00
  3.04780269e+02] 5.512301978674393
[-3.00214379e+00  1.80363536e-01  3.01726637e-01 -5.32797158e+00
  3.04227858e+02] 5.33955533432372
[-3.00131652e+00 -1.16323905e-01  1.52343467e-01 -5.24823508e+00
  3.04183646e+02] 5.25173411634128
[-3.11035947e+00  7.93098508e-02  3.05331393e-01 -5.35724972e+00
  3.05661308e+02] 5.366529776562894
[-3.04473990e+00 -2.20340122e-01 -9.57468490e-03 -5.24351145e+00
  3.03904132e+02] 5.24814764772696
[-3.02982445e+00 -3.67541399e-02 -1.01134722e-01 -5.57256002e+00
  3.06658461e+02] 5.573598860131336
[-3.05706344e+00 -1.99229643e-01 -1.55270529e-02 -5.38926010e+00
  3.02079266e+02] 5.392963748759878
[-3.07765377e+00  3.42084067e-01 -2.02164502e-01 -5.32214972e+00
  3.03209657e+02] 5.336962581445061
[-3.08411680e+00 -2.62172386e-01 -6.10252399e-02 -5.73808392e+00
  3.05424074e+02] 5.744394270541008
[-2.97841041e+00  2.64469342e-01 -2.26211295e-02 -5.47644752e+00
  3.06753331e+02] 5.4828763633417115
[-3.01518598e+00 -6.83896742e-02 -3.32906484e-02 -5.49704857e+00
  3.04895313e+02] 5.497574771598223
[-2.98970638e+00  1.25011295e-01 -7.51596920e-02 -5.36672354e+00
  3.06979294e+02] 5.36870546549237
[-3.03917859e+00 -3.02637713e-01  1.31349546e-01 -5.25174986e+00
  3.03451606e+02] 5.262102138992876
[ -3.11185338   0.3445046    0.42505836  -5.63506568 304.90760757] 5.661565438582245
[-2.90620163e+00 -8.00520832e-02  7.98841966e-03 -5.24775604e+00
  3.06885376e+02] 5.248372661897148
[-3.04009261e+00 -1.12452076e-01  1.03690512e-01 -5.23843683e+00
  3.06229391e+02] 5.240669579542171
[-3.12082555e+00  4.48970284e-02 -4.91537006e-01 -5.60351870e+00
  3.03121120e+02] 5.625215214920989
[-3.07603769e+00  6.16688244e-02  1.70116011e-01 -5.64304027e+00
  3.04749478e+02] 5.645940666020844
[-3.06918039e+00 -2.85046163e-01  2.67361731e-01 -5.62485206e+00
  3.06088387e+02] 5.638412394580851
[-3.13726280e+00  1.92250710e-01  1.10238610e-01 -5.27041624e+00
  3.03435122e+02] 5.275073476891449
[-3.09072420e+00  2.05958015e-01 -2.44594539e-01 -5.28530690e+00
  3.05082886e+02] 5.294970656053414
[-3.10304295e+00 -1.08136806e-01 -7.81085675e-02 -5.23313518e+00
  3.04368393e+02] 5.23483508128043
[-3.02550903e+00  1.88913980e-01 -2.10916802e-01 -5.31029464e+00
  3.05423113e+02] 5.3178382403157585
[-3.09758846e+00 -8.83049599e-02 -9.54106019e-02 -5.71561800e+00
  3.06530756e+02] 5.717096295020776
[-3.09262681e+00  6.20078486e-02  1.21137274e-01 -5.32750364e+00
  3.05438613e+02] 5.329241427872195
[-3.06744243e+00  1.59357543e-01 -2.33491120e-01 -5.30235207e+00
  3.05207072e+02] 5.309882335347071
[-3.06934211e+00  5.12193920e-02  4.44328213e-01 -5.40167643e+00
  3.03676209e+02] 5.420162288207879
[-3.10205502e+00  2.29142962e-01  5.51671153e-03 -5.04252148e+00
  3.02689326e+02] 5.047728180539712
[-3.12827197e+00 -1.63300714e-01 -9.40971157e-02 -5.39875828e+00
  3.03417541e+02] 5.40204705404177
[-3.02270511e+00  2.98677026e-01 -1.45176704e-01 -5.44079159e+00
  3.03975255e+02] 5.450917117009798
[-3.15160618e+00 -1.99169394e-01 -6.36994188e-02 -5.48327715e+00
  3.03780454e+02] 5.487262919850729
[-3.13795004e+00  4.03084954e-01  1.70126685e-01 -5.43365201e+00
  3.04724172e+02] 5.451237903552111
[-2.97939937e+00 -1.85975361e-02 -7.33372177e-02 -5.43133582e+00
  3.04266744e+02] 5.431862756978154
[-3.08465220e+00 -9.04532472e-02 -2.48374051e-01 -5.33810567e+00
  3.05184090e+02] 5.344646260469998
[-3.10663913e+00  1.49297947e-01 -1.04923644e-01 -5.17286286e+00
  3.02139104e+02] 5.1760804659752635
[-3.05764859e+00  9.68467214e-03 -2.67165376e-02 -5.40321789e+00
  3.05113303e+02] 5.403292618571346
[-3.11455086e+00  1.30746659e-01  8.07186616e-02 -5.51632110e+00
  3.02635417e+02] 5.51846071717499
[-3.06225082e+00 -1.01288176e-01 -1.48372475e-01 -5.13218302e+00
  3.02862002e+02] 5.135326300553423
[-2.99924537e+00  3.16376554e-01  3.28367821e-02 -5.24079928e+00
  3.05475329e+02] 5.250442792189697
[-3.04818724e+00 -1.12682708e-01  1.36330764e-01 -5.77426570e+00
  3.09019829e+02] 5.776973929904172
[-3.00614871e+00 -1.02223476e-01 -1.71317396e-01 -5.40698963e+00
  3.04996283e+02] 5.410668735071049
[-3.07244121e+00 -3.01884149e-01  1.31921776e-01 -5.46429428e+00
  3.02690765e+02] 5.474216778334792
[-3.02556593e+00 -1.13325456e-01  2.23525353e-02 -5.28024072e+00
  3.02658118e+02] 5.281503990312119
[-3.02888710e+00  5.85373011e-03  1.19301084e-01 -5.33974032e+00
  3.05127514e+02] 5.34107608049903
[-3.04275341e+00 -1.13336705e-01 -2.42199098e-01 -5.46841485e+00
  3.05687983e+02] 5.474949007314163
[-2.95582241e+00  3.75438669e-01  5.98426834e-02 -5.06000823e+00
  3.04305295e+02] 5.0742702536490265
[-3.10407409e+00  9.06190150e-03  2.30171712e-01 -5.44809401e+00
  3.05283942e+02] 5.452961537581795
[-3.15191204e+00 -1.09869177e-01  1.21024560e-01 -5.49011708e+00
  3.04690471e+02] 5.492549843726685
[-3.01410556e+00  7.78969145e-03  1.58426872e-01 -5.44127831e+00
  3.06265098e+02] 5.443589756188862
[-3.04761044e+00 -2.28030514e-01  9.90984091e-02 -5.48106035e+00
  3.06332367e+02] 5.48669672629997
[-2.96061282e+00  9.82010183e-02  1.98077676e-01 -5.53968664e+00
  3.07935534e+02] 5.544096528607835
[-3.04368355e+00  2.48880988e-01  1.10492783e-02 -5.37512345e+00
  3.02906092e+02] 5.380893596494585
[-3.06841048e+00  1.08845492e-01 -1.11718502e-02 -5.24817446e+00
  3.02372783e+02] 5.249314939673689
[-3.07348938e+00 -3.27083606e-01  1.21019118e-01 -5.36719684e+00
  3.05101280e+02] 5.378515708223563
[-3.07181455e+00 -4.29022392e-01  4.37408383e-02 -5.59422957e+00
  3.04040695e+02] 5.6108268494126525
[-2.98722525e+00 -1.12270291e-01  3.20208231e-02 -5.17744457e+00
  3.04401635e+02] 5.17876068415258
[-3.03209616e+00 -2.51949796e-01  6.35516735e-02 -5.42804133e+00
  3.04592983e+02] 5.434257095978255
[-3.08145522e+00  1.53797504e-01  9.74249772e-02 -5.47761542e+00
  3.04843183e+02] 5.480640111247875
[-3.08336111e+00  1.62614259e-01 -9.80001390e-03 -5.51075363e+00
  3.06203763e+02] 5.513161076437227
[-3.21288598e+00  4.82472555e-02  2.06344762e-01 -5.41807693e+00
  3.01793227e+02] 5.4222194343716525
[-3.12693324e+00  6.95793631e-02 -2.14626847e-01 -5.57161879e+00
  3.05208090e+02] 5.576185243806011
[-3.02043868e+00  1.33764876e-02  6.23370486e-02 -5.55284125e+00
  3.05888744e+02] 5.553207248260285
[-3.17644133e+00 -1.50321392e-03  2.35086115e-01 -5.58515082e+00
  3.03260783e+02] 5.590096371063626
[-3.14592218e+00 -2.15942197e-01  3.57900284e-02 -5.38333684e+00
  3.00509573e+02] 5.387785021728911
[-3.00413197e+00 -1.53132391e-01  5.92958324e-03 -5.15113007e+00
  3.02356846e+02] 5.153409131499766
[-3.05264641e+00  1.05604586e-01  6.27732045e-02 -5.42546663e+00
  3.03888372e+02] 5.426857372190083
[-2.97608563e+00  6.47011050e-02 -3.83141011e-02 -5.23058096e+00
  3.05345693e+02] 5.231121423240831
[-3.00793779e+00 -2.38818834e-01 -2.31860829e-01 -5.57131418e+00
  3.05070817e+02] 5.581248569041568
[-2.99242294e+00 -3.70260559e-01  1.88852720e-02 -5.26067688e+00
  3.06528681e+02] 5.273724565780218
[-3.05272068e+00 -1.34918884e-01 -3.23167044e-01 -5.41724696e+00
  3.03774414e+02] 5.428554562880936
[-3.00442374e+00  2.76248878e-02 -4.32543020e-01 -5.50414976e+00
  3.05900168e+02] 5.521188382648406
[-3.07950915e+00  7.20673618e-03 -1.52722802e-01 -5.63014275e+00
  3.07580797e+02] 5.632218353412001
[-3.02257629e+00 -8.33884975e-02  1.33389781e-01 -5.26262138e+00
  3.03313669e+02] 5.264972012015066
[-3.07636248e+00 -2.20113583e-01  5.80040325e-02 -5.34781133e+00
  3.04368172e+02] 5.3526535932435895
[-3.07780442e+00 -8.04169606e-02 -2.19649226e-01 -5.67068007e+00
  3.03861979e+02] 5.675502193962571
[-3.13230910e+00  3.48615806e-01 -9.97638932e-02 -5.33893379e+00
  3.05150417e+02] 5.351233481941487
[-3.08715632e+00 -6.04171710e-02  2.58197593e-01 -5.45957717e+00
  3.06369860e+02] 5.466013089115244
[-3.05997128e+00  3.08804782e-02  1.55489845e-02 -5.44367426e+00
  3.03377563e+02] 5.443784056369583
[-3.05859256e+00 -5.25347323e-03  1.28765824e-01 -5.52914944e+00
  3.07495973e+02] 5.53065111407656
[-3.09041877e+00  1.12252161e-01 -5.47026801e-02 -5.28815423e+00
  3.01249687e+02] 5.28962835184651
[-3.00535913e+00 -4.66514338e-01  5.21803285e-02 -5.26714528e+00
  3.02928519e+02] 5.288022110250086
[-3.08620963e+00  3.10667829e-01 -1.88025255e-01 -5.43732570e+00
  3.06694281e+02] 5.449438391613382
[-3.00567017e+00 -2.43812572e-01 -2.10881604e-01 -5.60145727e+00
  3.07381226e+02] 5.610725369594439
[-3.00249733e+00 -1.70168217e-02 -2.53014351e-01 -5.58481079e+00
  3.04747122e+02] 5.590565031426892
[-3.08394793e+00 -2.36437135e-01 -1.61327225e-01 -5.66330421e+00
  3.06089803e+02] 5.6705329183447
[-3.07828841e+00  5.89429198e-02  1.47555299e-01 -5.38477095e+00
  3.04780066e+02] 5.38711472396367
[-3.14451003e+00 -1.97097792e-01 -1.96892036e-01 -5.47748562e+00
  3.06549649e+02] 5.484565860870259
[-3.13010939e+00 -3.21966815e-02  1.84169351e-01 -5.30914797e+00
  3.01719414e+02] 5.31243890382502
[-3.11399631e+00 -5.16408683e-02  2.40241651e-01 -5.54180616e+00
  3.04242136e+02] 5.547251419526275
[-3.02270502e+00 -9.52123507e-03 -2.29678002e-02 -5.52138472e+00
  3.06178386e+02] 5.521440704502413
[-3.14978605e+00  2.65113859e-01  1.26243821e-01 -5.40678189e+00
  3.02001211e+02] 5.4147496037846095
[-3.05817417e+00 -1.15952981e-01  1.43914214e-01 -5.33354724e+00
  3.04566255e+02] 5.336748308945821
[-3.10692031e+00 -8.31215367e-02  2.17863173e-01 -5.34095451e+00
  3.02559433e+02] 5.3460423297479105
[-3.16765239e+00  1.24014759e-01  1.09270964e-01 -5.67751995e+00
  3.04996979e+02] 5.679925403866785
[-3.06985831e+00  2.48679545e-01  1.96006370e-01 -5.34422589e+00
  3.02729095e+02] 5.353597894600507
[-3.11164928e+00  1.39181318e-02  9.60115866e-04 -5.38936887e+00
  3.04397979e+02] 5.389386925429105
[-3.01364606e+00  2.67660470e-01  6.46354690e-02 -5.42855164e+00
  3.07442442e+02] 5.435530592671324
[-3.07688137e+00  2.27717175e-02  2.47008475e-02 -5.97034861e+00
  3.09361929e+02] 5.970443128655111
[-3.09534566e+00 -2.87413366e-01  1.21541432e-02 -5.44817303e+00
  3.04297574e+02] 5.455762416028898
[-3.06276828e+00 -1.83823720e-01 -1.92811636e-01 -5.21816765e+00
  3.03922058e+02] 5.224963265001986
[-3.05617245e+00  3.02485928e-01 -1.90059573e-01 -5.58597548e+00
  3.06591559e+02] 5.597387106467032
[-3.07476701e+00 -3.00841789e-01 -5.57381470e-02 -5.43106729e+00
  3.02695398e+02] 5.439678702328681
[-3.05149014e+00 -2.47652187e-01  1.00972151e-01 -5.75704460e+00
  3.08466173e+02] 5.763253377839003
[-3.02626789e+00 -1.94124165e-02  2.69262504e-01 -5.50607380e+00
  3.06253233e+02] 5.512687894863707
[-2.96602517e+00  1.17120442e-01  7.05210015e-02 -5.26157094e+00
  3.06610993e+02] 5.263346763999326
[-3.14834413e+00 -1.64907452e-01  1.95643501e-01 -5.25718534e+00
  3.01413783e+02] 5.263408453730124
[-3.10750884e+00 -5.31108910e-02  1.20012032e-01 -5.54899816e+00
  3.05653360e+02] 5.550549898923688
[-3.08455890e+00 -3.22741787e-01  5.25726412e-02 -5.63483841e+00
  3.06391659e+02] 5.644318382058514
[-3.03054575e+00 -6.65713769e-02 -3.71529882e-02 -5.25797723e+00
  3.03216231e+02] 5.25852989629703
[-3.01212075e+00  1.03852221e-01  2.64409707e-01 -5.47176837e+00
  3.05543917e+02] 5.47913742162202
[-3.05660373e+00  1.65394757e-02  1.81808258e-01 -5.34364056e+00
  3.03184083e+02] 5.346758107825251
[-3.09696467e+00 -2.79004549e-01 -1.09347824e-01 -5.80605968e+00
  3.06540147e+02] 5.813787879630778
[-3.06503814e+00 -2.34783424e-02 -9.00739602e-02 -5.45704485e+00
  3.03251182e+02] 5.457838677831633
[-3.07727266e+00 -2.71181470e-01 -4.11257793e-03 -5.08080889e+00
  3.03089486e+02] 5.088042386176074
[-3.11290912e+00  2.30599868e-01  1.20509915e-01 -5.48388809e+00
  3.05997061e+02] 5.490057154682457
[-3.01804381e+00  1.90136172e-02  1.56860513e-01 -5.21757298e+00
  3.01256673e+02] 5.219964989286927
[-3.07926108e+00 -1.69341324e-01  1.87448553e-01 -5.16052251e+00
  3.02036486e+02] 5.166701657616155
[-3.08424801e+00  5.26846975e-02 -5.62675543e-02 -5.17621633e+00
  3.03726582e+02] 5.176790240460589
[-3.04521975e+00  7.39964542e-02 -4.58635235e-01 -5.70931198e+00
  3.04575775e+02] 5.728181656442584
[-3.10449920e+00  1.26986281e-01  5.51751814e-02 -5.49721007e+00
  3.05970427e+02] 5.4989533852785435
[-3.11964730e+00 -7.04799798e-02  8.34313324e-02 -5.36961384e+00
  3.04517491e+02] 5.370724439560046
[-2.97751335e+00 -1.22993945e-01  9.73870284e-02 -5.66485982e+00
  3.05243107e+02] 5.66703172387707
[-3.03712224e+00 -7.42467587e-02  2.05467592e-01 -5.48156139e+00
  3.05290182e+02] 5.485913304036582
[-3.12965422e+00 -2.22301322e-01  1.01350710e-01 -5.65494537e+00
  3.06835255e+02] 5.660220580815396
[-3.00039129e+00  4.37689356e-03  3.85150132e-01 -5.33064955e+00
  3.06367616e+02] 5.344547167719481
[-3.05040977e+00 -5.95083981e-02 -2.85936895e-01 -5.66895537e+00
  3.07076441e+02] 5.676473918355779
[-3.07088182e+00 -5.84111196e-02  2.15885487e-01 -5.55410501e+00
  3.04306834e+02] 5.558606020430992
[-3.05423721e+00 -5.46120800e-02 -8.75276571e-02 -5.59928095e+00
  3.07464076e+02] 5.600231309198755
[-3.12176929e+00  5.33940372e-03  5.62012605e-02 -5.32698040e+00
  3.03764100e+02] 5.327279539237344
[-3.06493940e+00 -2.43328784e-01 -4.32641697e-02 -5.63299432e+00
  3.05384746e+02] 5.638413401610589
[-3.03211614e+00  1.41734937e-01 -3.86620266e-02 -5.39644368e+00
  3.06126627e+02] 5.398443107062876
[-3.02681203e+00  1.54328905e-01 -2.29603417e-03 -5.37592455e+00
  3.05617806e+02] 5.378139776434093
[-3.06137606e+00 -1.82306546e-01 -5.69607638e-02 -5.42781336e+00
  3.06432314e+02] 5.431172809594493
[-3.11176406e+00  2.21485778e-01 -6.19170784e-03 -5.50446741e+00
  3.04311689e+02] 5.508925096198783
[-3.08105590e+00 -5.80561079e-02  1.21201245e-01 -5.50970736e+00
  3.05146258e+02] 5.5113460683427
[-3.13706812e+00 -2.67279127e-01  1.80195865e-01 -5.77400736e+00
  3.04268909e+02] 5.782998332641401
[-3.09019142e+00  2.70188192e-02  1.03551717e-01 -5.16225171e+00
  3.04497906e+02] 5.163360890121716
[-3.05702086e+00  3.70803879e-02 -4.51796793e-02 -5.23811046e+00
  3.04334054e+02] 5.238436534453908
[-3.00140726e+00  1.13384865e-01 -1.12689956e-01 -5.46659060e+00
  3.03542075e+02] 5.468927495695749
[-3.08635789e+00  1.18653844e-01 -1.62383852e-01 -5.56141702e+00
  3.06610528e+02] 5.565052244161994
[-3.05248553e+00 -3.47701240e-01 -4.39675018e-03 -5.26119073e+00
  3.05443580e+02] 5.272669471159927
[-3.05624074e+00 -4.46480026e-03  1.51561142e-01 -5.56058302e+00
  3.04987732e+02] 5.5626499324498635
[-3.01035545e+00  2.70305533e-01  2.04941569e-01 -5.64562535e+00
  3.06565932e+02] 5.655806901111402
[-3.09447654e+00 -1.83553295e-01 -3.30409321e-01 -5.38824804e+00
  3.03634969e+02] 5.401488596323765
[-3.02231878e+00  4.84398147e-02  4.72716591e-01 -5.20018092e+00
  3.04249388e+02] 5.2218472793127
[-3.03882444e+00 -2.05117123e-01 -1.20288752e-01 -5.68547105e+00
  3.06752501e+02] 5.690441408696724
[-3.04133899e+00 -4.00064492e-03 -1.56793092e-01 -5.59166520e+00
  3.06906501e+02] 5.5938644769679575
[-3.06631484e+00  5.13933092e-02 -8.36282214e-03 -5.32809778e+00
  3.03931033e+02] 5.328352204237893
[-3.02742872e+00 -8.41991312e-02 -1.83849905e-01 -5.49351476e+00
  3.04791686e+02] 5.49723518862145
[-3.15579013e+00  4.96908756e-02  1.20551432e-01 -5.67522018e+00
  3.04686710e+02] 5.676717884348261
[-3.08575411e+00 -4.08782388e-01  2.71011390e-02 -5.42616316e+00
  3.03748436e+02] 5.441606761415738
[-3.01036810e+00 -1.42592080e-01  1.32917304e-01 -5.07319120e+00
  3.04661648e+02] 5.076934942767016
[-3.14542644e+00 -1.76352480e-01  3.33623080e-02 -5.69310304e+00
  3.05535587e+02] 5.6959314806861725
[-3.05870800e+00 -4.44861923e-02  3.01950005e-01 -5.55989039e+00
  3.07047095e+02] 5.568261301362213
[-3.02181595e+00  6.64924837e-02  4.92457703e-02 -5.09619612e+00
  3.03322882e+02] 5.09686779564761
[-3.02821629e+00  1.76158619e-01 -4.17326686e-02 -5.50791289e+00
  3.04855443e+02] 5.510887214556187
[-3.10968538e+00 -4.62278938e-02  4.19841429e-04 -5.51154527e+00
  3.03374944e+02] 5.511739153532808
[-3.07930504e+00 -5.17574786e-02  2.10715859e-01 -5.62448642e+00
  3.06397867e+02] 5.628670131679136
[-3.01685520e+00 -3.83924200e-01  1.55500382e-01 -5.64851834e+00
  3.06220959e+02] 5.663685868665609
[-3.0364644e+00  1.5118012e-01 -2.3866970e-02 -5.3624798e+00
  3.0437254e+02] 5.36466352301031
[-3.13066536e+00 -1.57749147e-01 -6.73663004e-02 -5.15015257e+00
  3.01987811e+02] 5.153008291819492
[-3.00231989e+00 -3.38084844e-02  6.85219960e-02 -5.62108328e+00
  3.07135543e+02] 5.62160257223121
[-3.05182953e+00  1.30411164e-01  1.07196958e-01 -5.55663200e+00
  3.06373333e+02] 5.559195757809094
[-3.02238561e+00  1.71651570e-01 -2.77063221e-01 -5.50691305e+00
  3.06437580e+02] 5.516549611815113
[-3.03236916e+00 -1.65226185e-01 -5.10576990e-02 -5.54407132e+00
  3.05476722e+02] 5.5467678352566345
[-3.02205659e+00 -3.10232036e-02  1.74267097e-01 -5.68064885e+00
  3.06169574e+02] 5.683405918160351
[-3.11090903e+00  1.45175828e-01  2.84927055e-01 -5.40654874e+00
  3.05432916e+02] 5.415997482948488
[-3.06471956e+00  2.89025825e-01 -2.80614432e-01 -5.51146715e+00
  3.04959878e+02] 5.526169603384392
[-3.05201534e+00 -4.93179690e-01 -6.03971970e-02 -5.39302563e+00
  3.05861086e+02] 5.415865533378254
[-3.03298606e+00  7.39016570e-02 -3.06477298e-01 -5.61794165e+00
  3.07125717e+02] 5.626780445548288
[-3.07278704e+00  5.65444928e-02  2.81211745e-01 -5.39714058e+00
  3.04724094e+02] 5.404757515338733
[-2.96112100e+00  2.85744151e-01 -1.76113480e-02 -5.09278863e+00
  3.02268045e+02] 5.100828946013311
[-2.98771712e+00 -7.47692565e-02  2.41743238e-01 -5.53598012e+00
  3.04472464e+02] 5.5417602014241
[-3.08173276e+00 -2.72594371e-01  9.79758061e-02 -5.40158689e+00
  3.03418369e+02] 5.409348191561962
[-3.08349621e+00 -1.01796197e-01 -7.07913832e-02 -5.32257751e+00
  3.03596792e+02] 5.324021527999183
[-2.95239747e+00  1.48684974e-01  8.89301984e-02 -5.26099801e+00
  3.07067085e+02] 5.263849904492132
[-3.11438356e+00 -6.95288075e-02  2.25486299e-01 -5.51054999e+00
  3.05199652e+02] 5.515599648009473
[-3.00866921e+00  9.24117514e-02 -1.12816817e-01 -5.45307617e+00
  3.06204358e+02] 5.455025873366371
[-3.05032754e+00  3.98174786e-02 -5.40027506e-02 -5.56907171e+00
  3.05346375e+02] 5.5694758705092
[-3.00175181e+00  1.90753593e-01 -2.41647860e-01 -5.09966607e+00
  3.01998699e+02] 5.108950449199231
[-3.15097170e+00 -1.35344751e-01  3.39426911e-02 -5.30833455e+00
  3.05163601e+02] 5.310168168380506
[-3.08971737e+00  1.30088161e-01  5.07199540e-02 -5.11093454e+00
  3.03609025e+02] 5.112841413952489
[-3.07117926e+00 -6.60565445e-02  3.05994917e-01 -5.21044756e+00
  3.03087811e+02] 5.219842918800554
[-3.11088998e+00  5.41541722e-02  5.91105053e-02 -5.12769825e+00
  3.01885497e+02] 5.128324882962919
[-3.02137875e+00  5.63927233e-03  1.78712660e-01 -5.20224994e+00
  3.03361862e+02] 5.205321740928024
[-3.07122191e+00 -3.77509470e-02 -2.06968101e-01 -5.37303972e+00
  3.02336053e+02] 5.377156935633219
[-3.06357505e+00  2.37210654e-02 -3.60047989e-02 -5.54271288e+00
  3.05405372e+02] 5.542880579342756
[-3.10149647e+00  3.49688664e-01 -4.95871211e-02 -5.43537577e+00
  3.03135799e+02] 5.446838610248217
[-3.07156782e+00  3.26447657e-01 -5.24335826e-02 -5.59684456e+00
  3.06921565e+02] 5.606602031650965
[-3.10117822e+00 -2.45783933e-03  1.84360092e-01 -5.62795998e+00
  3.05632711e+02] 5.630979330829052
[-2.98193487e+00  7.32977816e-02  2.88013725e-01 -5.76426387e+00
  3.08722638e+02] 5.771920172849021
[-3.04684514e+00 -4.46132105e-01 -2.67759981e-01 -5.52097705e+00
  3.06875912e+02] 5.5454410837473045
[-3.05827968e+00  3.96677796e-01 -1.65063812e-01 -5.43434712e+00
  3.05078914e+02] 5.451305162170878
[-3.10851642e+00  2.37447655e-02  2.47879987e-02 -5.52996439e+00
  3.04808047e+02] 5.530070927919241
[-3.08068036e+00 -1.99051473e-01  2.49553559e-01 -5.60672254e+00
  3.06005235e+02] 5.615802356269248
[-2.97266128e+00 -1.14849931e-01 -1.22601347e-03 -5.34605601e+00
  3.04261525e+02] 5.347289678538298
[-3.08073233e+00 -5.60551669e-02 -7.96016556e-02 -5.31275999e+00
  3.01205826e+02] 5.313651973380034
[-3.12524306e+00  4.64837207e-01  1.71978349e-02 -5.20335457e+00
  3.05351679e+02] 5.224104535735162
[-3.13555946e+00 -1.66758629e-01 -1.30909906e-01 -5.48548796e+00
  3.04286528e+02] 5.4895832303818475
[-3.07251641e+00 -2.33330182e-01 -4.78324295e-03 -5.43291987e+00
  3.04433841e+02] 5.437930136326527
[-3.00644188e+00  1.26559572e-01  3.74991295e-02 -5.34253279e+00
  3.03617925e+02] 5.344163186303653
[-3.08361028e+00  1.95001044e-01 -3.45712134e-01 -5.27136216e+00
  3.04142000e+02] 5.286284265230914
[-3.11284142e+00  3.06151073e-01  3.12207389e-02 -5.55711038e+00
  3.03333527e+02] 5.565624764831384
[-3.04727508e+00 -7.09845816e-02  4.52206885e-02 -5.09685126e+00
  3.04516757e+02] 5.097546120573524
[-3.02754338e+00 -1.94191688e-01 -6.55564212e-02 -5.45954223e+00
  3.05634313e+02] 5.4633880939434345
[-3.12878626e+00  1.14673719e-01  1.61467569e-01 -5.44790123e+00
  3.04196438e+02] 5.451499757909879
[-3.03522932e+00 -1.93667515e-01 -1.18312346e-01 -5.33804017e+00
  3.04123280e+02] 5.342862322178379
[-3.09322823e+00  2.06249236e-01 -3.76547359e-01 -5.36208267e+00
  3.03792365e+02] 5.379243187718865
[-3.06422115e+00 -1.94251007e-01  1.77085851e-03 -5.58716457e+00
  3.07094242e+02] 5.590540624911402
[-2.99334909e+00  2.58570506e-01  8.55161378e-02 -5.31956958e+00
  3.05046562e+02] 5.326536608385588
[-3.04816764e+00  8.63386173e-02 -1.50004109e-01 -5.80785554e+00
  3.07707134e+02] 5.810433857897162
[-3.08441068e+00 -2.10187511e-01 -8.09469679e-02 -5.33548531e+00
  3.03513664e+02] 5.340237326219501
[-3.02643669e+00  2.71262027e-02  2.78664267e-01 -5.28968041e+00
  3.03775625e+02] 5.297084900593914
[-3.05927010e+00 -4.06283187e-01  8.53301378e-02 -5.56311049e+00
  3.04858072e+02] 5.578579174760561
