/mnt/stage/douwei/Simulation/5kt_root/2MeV/5kt_+4.60_3.root
[-2.99619587e+00 -2.59291734e-01 -6.59128063e-02  4.66619028e+00
  3.01335759e+02] 4.673853699930464
[-2.97849055e+00  4.33183676e-01 -9.30758977e-02  4.58506913e+00
  3.00095103e+02] 4.606427044188547
[-3.00772439e+00 -9.00232724e-03  4.20338426e-01  4.35763518e+00
  2.96532350e+02] 4.377870459677413
[-3.02616464e+00  2.83414628e-02  1.40358722e-01  4.76699495e+00
  3.00353163e+02] 4.769145066625718
[-3.01778243e+00 -6.27756912e-02 -7.51461613e-02  4.54974312e+00
  3.00080430e+02] 4.550796651670681
[-3.06841918e+00 -2.36823913e-01  4.12105883e-02  4.73436368e+00
  2.99472321e+02] 4.740462350752839
[-3.13819893e+00 -1.88466097e-01  2.23605242e-01  4.74082190e+00
  2.99679120e+02] 4.749832743877998
[-3.14290946e+00 -1.22201294e-01  3.51061628e-01  4.87780070e+00
  3.02018165e+02] 4.891944105228445
[-3.07665897e+00  2.24497659e-01 -1.21284392e-01  4.52861405e+00
  2.98248223e+02] 4.5357969887091105
[-3.04355999e+00 -1.59519017e-01  1.94598358e-01  4.58475232e+00
  3.00831748e+02] 4.5916520683162245
[-2.95580215e+00 -2.63344717e-01 -8.97707042e-02  4.75645156e+00
  3.02083221e+02] 4.7645818929898
[-3.14161907e+00 -1.96818168e-01 -6.23873667e-02  4.61721490e+00
  2.99208519e+02] 4.621828964293987
[-3.03061112e+00 -2.37314876e-01  4.33701527e-01  4.47441434e+00
  2.99851911e+02] 4.501644041292982
[-3.08768909e+00  1.10512527e-01 -1.14913238e-01  4.66983145e+00
  3.00481748e+02] 4.672552181080058
[-3.00341888e+00  3.14005884e-01  1.88760699e-01  4.67923703e+00
  2.99886518e+02] 4.693558292385568
[-2.99525860e+00 -9.49368134e-02  1.27070637e-01  4.60780970e+00
  2.99366637e+02] 4.610539030196416
[-3.10378665e+00  3.41034995e-01  1.05165847e-01  4.35633351e+00
  2.99013039e+02] 4.370927408653288
[-3.08388086e+00  1.69826577e-01  3.72180932e-01  4.76294989e+00
  3.00350040e+02] 4.780486523955439
[-3.08683016e+00 -2.65199248e-01  2.27636121e-01  4.68896299e+00
  2.99670648e+02] 4.7019700983603725
[-2.97111910e+00 -3.98151144e-01  4.26878827e-02  4.69075610e+00
  3.00105411e+02] 4.707816842469023
[-3.10057214e+00 -1.97742837e-01  5.23553679e-02  4.83700672e+00
  3.01172839e+02] 4.841330118770799
[-3.10556009e+00  5.71700353e-02  1.26551042e-01  4.89255602e+00
  3.01049966e+02] 4.894526329143238
[-3.00810056e+00 -3.51319059e-01 -1.61363352e-01  4.73079116e+00
  3.03654904e+02] 4.746561727554137
[-3.02075988e+00 -1.82744793e-01 -1.26123094e-01  4.82656341e+00
  3.02278752e+02] 4.831668142271512
[-3.02086931e+00 -1.16014226e-01 -8.01872115e-02  4.78924156e+00
  3.00680182e+02] 4.79131756190751
[-3.08978091e+00 -1.26748958e-01  1.45942226e-01  4.71156350e+00
  3.01596838e+02] 4.7155270196515
[-3.03818946e+00 -5.40811810e-02  1.69866952e-01  4.65895166e+00
  2.99067561e+02] 4.66236100513656
[-3.00903452e+00  8.09821258e-02  9.26169530e-02  4.63363818e+00
  2.99419009e+02] 4.63527116563609
[-3.03610332e+00  1.10633297e-01 -1.59458292e-01  4.74846592e+00
  3.00343438e+02] 4.752430461720975
[-3.11870944e+00  2.51074485e-01 -6.98854383e-02  4.68365379e+00
  2.99754118e+02] 4.690899187233775
[-3.02406088e+00  9.24443102e-02 -8.57954005e-03  4.89616378e+00
  3.01100792e+02] 4.897043938628305
[-3.07548373e+00 -1.28882271e-01  1.04824570e-01  4.83489572e+00
  3.00621367e+02] 4.837749007595087
[-2.95995301e+00  3.98151556e-02  2.85885095e-01  4.71812308e+00
  3.00852596e+02] 4.726944145714606
[-3.00636116e+00  1.70563418e-01 -4.03769111e-02  4.53058976e+00
  3.00472351e+02] 4.533979016685339
[-3.07056524e+00  3.79020262e-02  2.64440405e-01  4.54305090e+00
  2.97232095e+02] 4.550898452709949
[-3.04953794e+00  4.36285064e-01 -6.73710092e-02  4.60394427e+00
  2.98399272e+02] 4.625060685267562
[-2.99295550e+00 -2.51038152e-01 -3.37747826e-01  4.49779578e+00
  2.99754031e+02] 4.517439606905762
[-3.14324184e+00  1.51765848e-01 -6.97505836e-02  4.84815590e+00
  3.01312827e+02] 4.85103222303866
[-3.10616881e+00  1.50436951e-01 -2.47774727e-01  4.30862272e+00
  2.99741711e+02] 4.318362347318139
[-2.99482249e+00 -6.75508679e-02  1.88466428e-01  4.76917756e+00
  3.01344273e+02] 4.77337797970656
[-3.02818261e+00  1.47251198e-01 -2.02087306e-01  4.67233998e+00
  2.99392487e+02] 4.6790258727662835
[-3.13591681e+00 -6.20664830e-02 -3.02208882e-02  4.84744234e+00
  3.01770277e+02] 4.847933867948068
[-3.06522170e+00 -1.09337283e-01  1.67704593e-01  4.38097202e+00
  2.97798454e+02] 4.385543905263282
[-3.05872198e+00  1.80855250e-01  3.49913560e-01  4.66122302e+00
  3.00085328e+02] 4.67783583997699
[-3.06272428e+00 -3.15492861e-01  6.90470445e-02  4.83841174e+00
  3.01017235e+02] 4.849178423924156
[-2.91944815e+00  1.17771639e-01  1.39706955e-01  4.73799086e+00
  3.03842842e+02] 4.741513005237583
[-3.11499570e+00  5.13276142e-02  2.90810472e-01  4.74922499e+00
  2.98759953e+02] 4.758397132999112
[-3.09777281e+00  7.13349023e-03 -1.55975151e-01  4.82848421e+00
  3.00399200e+02] 4.8310080611956545
[-2.97997485e+00  1.62294262e-01  4.49531034e-01  5.02005692e+00
  3.01218948e+02] 5.042756099163575
[-2.96430303e+00 -2.90033767e-01  2.83797239e-01  4.50311568e+00
  2.99579248e+02] 4.521361662425371
[-3.04225971e+00 -2.16889200e-01  1.59903595e-02  4.82880159e+00
  3.01457984e+02] 4.8336964554333255
[-3.13884834e+00  1.84268553e-01  3.00982662e-01  4.84592443e+00
  3.01142689e+02] 4.858757973680705
[-3.04403972e+00 -5.67964760e-02 -2.36035146e-01  4.81958838e+00
  3.00570517e+02] 4.8256989700498885
[-3.07967512e+00  2.62615596e-02  3.50053160e-01  4.58749617e+00
  2.99694151e+02] 4.600907302021301
[-3.07299961e+00  2.86085426e-02  5.58106765e-04  4.74229899e+00
  3.01636107e+02] 4.742385317699582
[-3.00879440e+00 -1.04056112e-01 -4.82752511e-02  4.53935928e+00
  3.00128898e+02] 4.540808390592725
[-3.13740046e+00  2.59101812e-01  2.29146366e-01  4.57076436e+00
  2.99918835e+02] 4.5838334026254435
[-3.03316854e+00 -2.86251740e-01  1.97100291e-01  4.89557175e+00
  3.02664995e+02] 4.907892761183409
[-3.07279871e+00 -1.90500986e-01  1.03458585e-01  4.86832845e+00
  3.00720639e+02] 4.873152591935839
[-3.01647870e+00  1.06228530e-02  1.17726877e-02  4.56825046e+00
  2.99911255e+02] 4.568277981453145
[-3.01516926e+00 -2.13411486e-02 -9.77402779e-02  4.39939726e+00
  2.97125904e+02] 4.400534612933096
[-3.05066828e+00  2.21321037e-01 -2.11439860e-01  4.63852659e+00
  2.99848407e+02] 4.648614711753221
[-3.05240063e+00 -2.18471687e-01 -8.47651250e-02  4.53933594e+00
  2.99473055e+02] 4.545380705821895
[-3.08249886e+00  8.98406867e-02 -4.55549817e-02  4.51362280e+00
  2.98288913e+02] 4.514746654478827
[-3.05155263e+00  1.99061018e-01  2.36419584e-01  4.65698405e+00
  3.02048004e+02] 4.667228289903258
[-3.04149641e+00  9.93000554e-02  1.68663069e-01  4.77042634e+00
  3.00098959e+02] 4.7744397822163895
[-3.08991846e+00  2.51384686e-01 -1.51776005e-01  4.56553756e+00
  3.00450967e+02] 4.574971408089454
[-2.99396713e+00  1.71428446e-01 -1.16640762e-01  4.66631273e+00
  2.99902527e+02] 4.670917181701517
[-3.08854798e+00  5.78637637e-02 -1.60397034e-01  4.49304838e+00
  2.98698489e+02] 4.496282821561088
[-2.96281081e+00 -3.13401044e-01  1.05875709e-01  4.56507807e+00
  3.02200133e+02] 4.577047916739304
[-3.08521391e+00  3.67214206e-01 -3.45460551e-02  4.74748607e+00
  3.00936592e+02] 4.761792067413071
[-3.12408403e+00  5.98871328e-02 -2.38636846e-01  4.93340815e+00
  3.00468267e+02] 4.939539448653883
[-3.10106887e+00 -7.52269618e-02 -1.97526608e-01  4.65986588e+00
  2.99878491e+02] 4.664657098729641
[-3.05963750e+00  2.33344417e-01 -7.12720813e-02  4.69071976e+00
  2.97619941e+02] 4.697060908584093
[-3.01846600e+00 -4.16700747e-02 -3.11672454e-01  4.64431773e+00
  2.98503015e+02] 4.654950407721239
[-3.01598662e+00 -8.87744547e-03  7.22206147e-02  4.77783254e+00
  3.04354229e+02] 4.778386591299752
[-3.08460493e+00 -3.06481058e-01 -4.93742608e-02  4.59725886e+00
  3.00530221e+02] 4.607728016107966
[-3.05608884e+00  4.01821641e-01 -1.94865794e-01  4.82760790e+00
  3.01766121e+02] 4.848219400916898
[-2.96415387e+00 -8.65199945e-02  2.52424642e-01  4.55445629e+00
  3.00742995e+02] 4.562266544133388
[-3.06478685e+00  1.66079930e-01 -1.24505032e-01  4.61442080e+00
  3.00189600e+02] 4.619086857136768
[-2.97287205e+00 -1.47170214e-01  2.03828316e-01  4.52376837e+00
  2.98615986e+02] 4.530748874536429
[-3.03432884e+00  2.37139796e-01 -1.12495690e-01  4.33511057e+00
  2.98125294e+02] 4.3430489568020265
[-3.07661091e+00 -1.62102653e-01  1.43201162e-02  4.72175605e+00
  3.01011536e+02] 4.724559502490437
[-3.12131780e+00 -1.49744143e-01 -9.68606442e-02  4.49257779e+00
  2.97572854e+02] 4.4961161594082
[-3.09100790e+00  3.07106317e-02 -2.08169744e-01  4.44381367e+00
  3.00376166e+02] 4.448792838614618
[-3.00659511e+00  5.37288544e-02  2.75353074e-01  4.79310639e+00
  3.02000335e+02] 4.801309711571747
[-3.10714398e+00 -2.57986033e-01  6.17090220e-02  4.58864918e+00
  3.00070748e+02] 4.596310051532389
[-3.04595955e+00  7.56490172e-02 -2.65098927e-01  4.24609978e+00
  2.95893601e+02] 4.255039782746881
[-3.09609150e+00 -1.57441877e-01  7.55063950e-02  4.88517272e+00
  3.01616756e+02] 4.888292303425257
[-3.03282497e+00  3.40875980e-01  3.81863113e-02  4.24505463e+00
  2.98487653e+02] 4.258889929644424
[-3.00319597e+00  6.90177471e-02  9.52367355e-02  4.55530677e+00
  2.99430768e+02] 4.556824910165925
[-3.00920154e+00  1.27316484e-01 -2.21293919e-02  4.16440735e+00
  2.96675491e+02] 4.166411861975849
[-3.09054207e+00 -1.99804807e-01  3.74780682e-03  4.43457088e+00
  2.98402869e+02] 4.439071403350668
[-3.04735801e+00 -4.00889268e-02  4.74298065e-02  4.43626535e+00
  2.99573331e+02] 4.436700013174757
[-3.03649069e+00 -1.87133298e-02 -2.05942121e-01  4.52982586e+00
  2.98650689e+02] 4.5345434870761885
[ -3.02210956   0.32310245   0.40284414   4.52147175 299.02857401] 4.550866446378758
[-2.99429462e+00  3.63902657e-02 -4.78272527e-02  4.54595911e+00
  3.00987256e+02] 4.546356339256934
[-2.97339274e+00  1.23893912e-01  1.60633363e-01  4.53744449e+00
  3.00654294e+02] 4.541977018365862
[-3.00188128e+00  1.27141951e-01 -1.20188676e-01  4.43355050e+00
  2.99927501e+02] 4.437001288866232
[-3.07803386e+00  1.88575061e-02 -4.53557790e-01  4.99749692e+00
  3.01621130e+02] 5.01807191525304
[-2.95904582e+00  1.87685499e-01 -1.29249801e-01  4.66146418e+00
  3.02257653e+02] 4.6670311405849985
[-2.99157828e+00 -1.61126462e-01 -1.67585668e-01  4.52682625e+00
  2.97078700e+02] 4.532791923780224
[-3.13175562e+00 -9.29478592e-02  2.40133861e-01  4.65951315e+00
  2.97580101e+02] 4.666622590725978
[-3.01252631e+00 -1.69531706e-01  1.33236655e-01  4.61479861e+00
  3.00615095e+02] 4.619833248456188
[-3.04485645e+00  5.43801045e-02  1.05378470e-01  4.66368460e+00
  2.99485039e+02] 4.66519194689868
[-3.10984729e+00 -1.02250818e-01 -4.32470471e-01  4.68002564e+00
  2.99771257e+02] 4.70107709835569
[-3.01791760e+00  4.13697545e-01  9.01057406e-02  4.62411643e+00
  2.98804840e+02] 4.64345964125965
[-3.03058065e+00  2.48247422e-01 -1.59306344e-01  4.67441125e+00
  2.99734741e+02] 4.683708558192519
[-3.04911869e+00 -3.53210833e-01 -1.15564528e-01  4.78217641e+00
  3.01751123e+02] 4.796595075186604
[-3.05110554e+00 -1.63530844e-01 -8.17672439e-02  4.87629445e+00
  3.01500159e+02] 4.879720870593779
[-2.99959962e+00 -5.21370677e-02 -7.48508308e-02  4.56896964e+00
  3.00773828e+02] 4.569880140127918
[-3.04320438e+00 -1.89078803e-01  1.49004058e-01  4.66981880e+00
  2.97860262e+02] 4.676019737744098
[-2.96159567e+00  2.72069938e-02  1.05265315e-01  4.46225331e+00
  3.01436417e+02] 4.4635776696132154
[-3.03153407e+00  4.49332778e-02  1.26087125e-01  4.78938699e+00
  3.00427584e+02] 4.7912571109274165
[-3.02103214e+00 -2.04414422e-02 -5.63505703e-02  4.52805433e+00
  3.00036509e+02] 4.528451091505807
[-3.05107901e+00  1.84807555e-01 -2.30454406e-01  4.69278597e+00
  2.99642117e+02] 4.702074349190241
[-2.98268243e+00 -1.22495990e-01  1.32779424e-02  4.47398327e+00
  3.01361703e+02] 4.475679597066184
[-3.03652638e+00  1.95506862e-01 -2.54286146e-01  4.70646817e+00
  2.99268071e+02] 4.7173856088876835
[-3.02654820e+00  4.19438369e-02 -7.97330306e-02  4.64418135e+00
  3.00258373e+02] 4.645055119164649
[-2.97210457e+00  4.04147570e-02 -2.67263294e-01  4.59355233e+00
  3.00338018e+02] 4.60149823563305
[-3.10478087e+00  1.71224894e-01 -2.52994778e-02  4.78374453e+00
  3.01228945e+02] 4.786874735957648
[-3.00526427e+00 -1.79784054e-01 -1.76504080e-01  4.76754406e+00
  3.01443811e+02] 4.774196511104667
[-2.94474519e+00  1.27647293e-01  1.68778246e-01  4.65491988e+00
  3.00654730e+02] 4.659727352413412
[-3.02183083e+00  5.28275589e-02 -2.13341619e-02  4.35643468e+00
  2.99487666e+02] 4.35680720440443
[-3.10416031e+00 -2.39073700e-01  4.28802635e-02  4.81491671e+00
  3.00546391e+02] 4.821039091489739
[-3.03817478e+00 -1.02266996e-01  2.36904498e-01  4.56320958e+00
  2.98486511e+02] 4.5704993106025595
[-3.10650110e+00 -1.36332481e-01  1.22850594e-01  4.57942713e+00
  2.97411914e+02] 4.583102842861293
[-3.03238740e+00  8.43922398e-02  3.52930692e-01  4.61739254e+00
  2.99419087e+02] 4.631629952826951
[-3.06222706e+00 -1.48998249e-01 -2.68944190e-01  4.82900449e+00
  3.00388415e+02] 4.838782473645483
[-3.04100969e+00  6.71700212e-04 -1.78723435e-01  4.58066814e+00
  3.01696373e+02] 4.584153476950385
[-3.10263988e+00  2.09801221e-01 -5.79351442e-02  4.69108429e+00
  2.96781436e+02] 4.696130834849335
[-2.96962806e+00 -1.86798599e-01  2.71084040e-02  4.41164643e+00
  2.99396132e+02] 4.415682598211921
[-3.03900202e+00 -2.09569307e-01  4.30878204e-02  4.67401683e+00
  2.97956548e+02] 4.678911106913239
[-3.07232483e+00 -5.11463047e-02 -1.60888036e-02  4.81913240e+00
  2.98243447e+02] 4.819430661962117
[-3.09383614e+00 -4.84832207e-01 -2.87165116e-01  4.52526257e+00
  2.99490950e+02] 4.560211330707701
[-2.96062829e+00 -7.56201041e-02 -3.41253180e-02  4.82108582e+00
  3.00773327e+02] 4.821799602666774
[-3.11880354e+00  1.53187693e-01 -2.32694620e-02  4.78611147e+00
  3.01121612e+02] 4.78861889394124
[-3.04962411e+00 -1.25069726e-01 -3.99358899e-02  4.89157414e+00
  3.02697308e+02] 4.893335766629373
[-3.08408960e+00  2.36470289e-01 -1.08215466e-01  4.49211516e+00
  2.99506834e+02] 4.49963636681285
[-3.05381244e+00 -1.43962724e-01 -1.33867634e-01  4.84278060e+00
  3.01114514e+02] 4.8467689988181455
[-3.04456990e+00  3.22974181e-02  1.12623360e-01  4.70266226e+00
  3.01103222e+02] 4.704121536941847
[-2.97983758e+00 -1.86867791e-01  9.72039940e-02  4.49870992e+00
  3.01286846e+02] 4.503638433288333
[-3.08633895e+00 -2.42907673e-01 -5.38335240e-02  4.77793163e+00
  2.99960053e+02] 4.784405176369283
[-3.04735480e+00  3.09783205e-02 -1.25273464e-01  4.97415649e+00
  3.02772874e+02] 4.975830169869743
[-3.05003485e+00 -2.32013346e-01  9.21265383e-02  4.62895340e+00
  2.98610587e+02] 4.635679788113435
[-3.07185985e+00 -3.77043965e-02  9.20439640e-02  4.57770853e+00
  2.99023517e+02] 4.578789044215147
[-3.00057005e+00 -6.76917480e-02 -1.89143496e-01  4.49571751e+00
  3.00765902e+02] 4.500203701346774
[-2.99762342e+00  6.05017746e-03 -1.46178109e-01  4.38716933e+00
  2.98832432e+02] 4.389608111173509
[-3.06174074e+00 -1.41418876e-01 -3.42772674e-01  4.63417609e+00
  3.00668740e+02] 4.648987038103355
[-2.97830960e+00 -1.20151451e-01 -3.39585512e-01  4.50064505e+00
  2.98646463e+02] 4.515037160782986
[-3.00396316e+00 -9.56720240e-02 -4.15297184e-01  4.85462210e+00
  3.02949276e+02] 4.873292583064893
[-3.12782429e+00  2.35205802e-01 -1.21079528e-01  4.82071855e+00
  2.99582935e+02] 4.827971554112595
[ -3.10157983   0.37940115  -0.35576191   4.92379971 299.08349099] 4.951193323250946
[-2.99441389e+00  7.08747778e-02  3.02622244e-02  4.50323071e+00
  3.01692289e+02] 4.50389008182095
[-3.10432255e+00 -7.45631724e-02  2.45531803e-01  4.72379278e+00
  3.00025083e+02] 4.730757204618798
[-2.91881976e+00 -7.15759850e-02 -1.01569882e-01  4.44044765e+00
  3.00127956e+02] 4.442185828889771
[-3.06878282e+00  1.97667954e-01  2.32896935e-01  4.24965638e+00
  2.98289172e+02] 4.260621190261977
[-2.98846129e+00 -2.50503449e-01  2.35287645e-01  4.62995717e+00
  3.00790338e+02] 4.642694874280745
[-3.02920815e+00 -9.62458400e-02  2.19654072e-02  4.37440554e+00
  2.98176636e+02] 4.37551934864757
[-3.06962481e+00 -1.03614347e-01  2.65690257e-02  4.89699733e+00
  3.01267576e+02] 4.898165441766393
[-3.08747809e+00 -1.72036731e-02  1.47997127e-01  4.98259179e+00
  3.02943789e+02] 4.984818958277356
[-3.07676978e+00  4.07166042e-03 -1.02240908e-01  4.81797301e+00
  2.99366291e+02] 4.819059419465431
[-3.08933642e+00  4.61159520e-02  1.73419990e-01  4.84126560e+00
  2.99994592e+02] 4.844590157680393
