/mnt/stage/douwei/Simulation/5kt_root/2MeV/5kt_-1.80_3.root
[-3.10756680e+00 -1.64839148e-01 -5.55705274e-01 -1.70833311e+00
  2.87114871e+02] 1.8039906657806648
[-3.16108232e+00 -2.70056077e-01 -1.17132187e-01 -1.83723623e+00
  2.86165892e+02] 1.8606684828119682
[-3.08040901e+00 -1.46106674e-01  8.98104334e-03 -1.83048895e+00
  2.86597169e+02] 1.836332649351676
[-3.04017424e+00 -1.47244131e-01 -1.52226584e-01 -1.88998386e+00
  2.88389880e+02] 1.9018130234282462
[-2.99018895e+00 -3.17932381e-01 -2.80119970e-01 -2.03402740e+00
  2.88289159e+02] 2.0776947927723737
[-2.93317284e+00 -5.88491470e-02 -1.65082985e-01 -1.45995812e+00
  2.88145531e+02] 1.4704398361585007
[-2.97766377e+00  2.14973160e-02 -2.36815993e-01 -1.62338265e+00
  2.87264531e+02] 1.6407056958416495
[-2.96302200e+00 -2.14456115e-01  4.26611264e-01 -1.88786903e+00
  2.87661515e+02] 1.9473156069915039
[-3.04418334e+00 -2.06810259e-01 -7.35041403e-02 -2.41307293e+00
  2.89547599e+02] 2.4230341116314476
[-3.00901436e+00  1.25459984e-01 -1.57491919e-01 -2.30743941e+00
  2.88089079e+02] 2.316208223263037
[-2.94799045e+00 -9.99220809e-02 -2.33181284e-01 -1.82982045e+00
  2.88822639e+02] 1.8473226046199342
[-3.09250208e+00  7.99776712e-02  1.75690243e-01 -1.49127793e+00
  2.86442325e+02] 1.5037198340784101
[-3.01084140e+00 -1.37255302e-01  2.61696719e-01 -1.81733515e+00
  2.87182749e+02] 1.8412037483700197
[-3.03103117e+00 -2.71153791e-01  3.06178956e-02 -2.02249080e+00
  2.89786902e+02] 2.040816228797204
[-3.05384460e+00  2.50013385e-01  2.65381566e-01 -1.68509098e+00
  2.86981009e+02] 1.7240840125014179
[-2.98606283e+00 -1.18476662e-01  3.45120732e-01 -1.95077655e+00
  2.89370651e+02] 1.9846093305044648
[-2.96337255e+00 -2.51556099e-01 -3.06590770e-01 -1.53434224e+00
  2.88215174e+02] 1.584766380584064
[-3.03928076e+00  1.51483666e-02  2.00386145e-01 -1.84262575e+00
  2.87959816e+02] 1.8535516581443234
[-3.03016729e+00 -1.20506713e-01  5.63161515e-02 -1.86972078e+00
  2.87323536e+02] 1.8744463637543802
[-2.94954800e+00  1.63889316e-01  1.30718305e-01 -1.80123896e+00
  2.88559749e+02] 1.8133970268185853
[-3.05806222e+00  4.44149005e-02 -5.64845365e-02 -1.52823273e+00
  2.87818918e+02] 1.529921067693271
[-3.09818790e+00 -1.55504576e-01 -2.47170443e-01 -1.82585174e+00
  2.87966470e+02] 1.8490563738562813
[-2.98255630e+00  6.25073776e-02  2.75385113e-03 -1.51709788e+00
  2.88116548e+02] 1.5183875438092747
[-3.05340540e+00 -8.56155582e-02  7.37611324e-02 -1.96255736e+00
  2.86648771e+02] 1.9658082562169008
[-2.96755807e+00  1.48929922e-01  2.71207328e-01 -1.67789632e+00
  2.88384028e+02] 1.7061856823884622
[-2.94998239e+00 -1.69149783e-02 -1.79656807e-01 -2.05498085e+00
  2.88148194e+02] 2.0628885031606683
[-2.98435299e+00  2.01956422e-01  2.06733617e-01 -1.60842331e+00
  2.87753661e+02] 1.6341819728031048
[-2.97554354e+00 -3.76237337e-02 -2.38147478e-01 -2.00598361e+00
  2.88146613e+02] 2.02042075071144
[-3.03649866e+00 -1.11485051e-01  1.37739667e-01 -1.82287994e+00
  2.86964257e+02] 1.8314727439221523
[-3.05083684e+00  1.26368815e-01 -7.61471199e-03 -1.82433235e+00
  2.86374434e+02] 1.8287196598850175
[-2.98292676e+00  2.40626136e-01 -1.55133809e-01 -1.79426868e+00
  2.88430962e+02] 1.8169665695567072
[-3.04356685e+00 -3.93676517e-01  7.01743593e-02 -1.78230175e+00
  2.88079348e+02] 1.826610290001973
[-2.87692634e+00 -3.66864130e-01  1.22063438e-01 -1.93996614e+00
  2.88572512e+02] 1.9781196597589206
[-3.00300174e+00 -2.32485603e-01  2.65054006e-02 -2.02165971e+00
  2.87313561e+02] 2.0351560368240085
[-3.08165001e+00 -3.32392039e-01 -2.04452575e-01 -1.72334730e+00
  2.88052215e+02] 1.7669779957882192
[-2.99313158e+00  1.40572341e-01  1.80477583e-01 -1.73618919e+00
  2.88593785e+02] 1.7511954939569707
[-2.97747842e+00 -5.88870335e-02 -2.09172753e-01 -2.10356811e+00
  2.88687630e+02] 2.114762335147363
[-2.97368315e+00  1.37034643e-01 -6.84266321e-02 -1.66461491e+00
  2.88141516e+02] 1.6716469393613422
[-3.03641983e+00 -1.39457756e-01  3.36941242e-01 -1.92048237e+00
  2.88320483e+02] 1.9547967669940722
[-3.07752112e+00 -4.90456278e-02  3.13997058e-02 -1.81418149e+00
  2.87214013e+02] 1.815115940873026
[-2.95788989e+00  8.62112167e-02  3.31316044e-02 -1.51328548e+00
  2.87422821e+02] 1.5161012569161227
[-3.00197737e+00 -9.80944205e-02  1.35539198e-02 -1.98177306e+00
  2.87957172e+02] 1.984245623134513
[-2.90171846e+00  4.09665508e-02 -9.82461593e-02 -1.63226588e+00
  2.86643545e+02] 1.635733002705017
[-2.96353898e+00 -6.92812137e-02 -2.72271062e-01 -1.42130991e+00
  2.86713962e+02] 1.4488109923462804
[-2.99049987e+00 -1.96112282e-02  1.40006991e-01 -1.58518087e+00
  2.86912915e+02] 1.591472572128783
[-3.03566857e+00  7.71014937e-02  2.05238956e-01 -2.14030428e+00
  2.87927198e+02] 2.151504145142115
[-2.90995764e+00  1.30639416e-01  2.68867703e-02 -1.86591900e+00
  2.88601311e+02] 1.870679892570363
[-3.09666443e+00 -6.41451635e-02 -2.58178752e-01 -2.25433989e+00
  2.89569725e+02] 2.2699822015358
[-3.02113292e+00  2.95741482e-01 -1.04140012e-01 -1.99136161e+00
  2.88718136e+02] 2.015894149947638
[-2.97070350e+00  2.56530372e-01  4.40207217e-02 -1.60528347e+00
  2.88231513e+02] 1.6262474206108213
[-2.96697586e+00 -1.62665590e-01  1.59371235e-01 -1.65584552e+00
  2.87527187e+02] 1.6714316260376405
[-2.98639730e+00  2.89789143e-02 -6.24480378e-02 -2.11231503e+00
  2.88518484e+02] 2.113436615808056
[-2.99628553e+00  3.48054306e-01  2.40085860e-02 -1.89389536e+00
  2.88516375e+02] 1.925761626523759
[-2.97564972e+00  2.56049348e-02 -1.75102256e-01 -1.77780246e+00
  2.87861352e+02] 1.7865883671188434
[-3.02568331e+00 -8.07028873e-02  7.74872892e-02 -1.88399554e+00
  2.86312285e+02] 1.88731460762442
[-2.95423255e+00  1.83441068e-01  1.42338045e-01 -2.15003827e+00
  2.88342823e+02] 2.162539084641428
[-2.98148603e+00  1.61975752e-01 -5.89359139e-02 -1.85459861e+00
  2.87628457e+02] 1.8625910968180779
[-3.06082775e+00 -4.01856088e-02  8.49160985e-02 -1.84179016e+00
  2.88193929e+02] 1.8441845399280081
[-2.99988240e+00  1.25512446e-01  1.51677453e-01 -2.09764129e+00
  2.89222360e+02] 2.106859845433257
[-2.96938509e+00 -1.95753612e-01  1.04095223e-02 -1.80103294e+00
  2.88776795e+02] 1.8116698068968407
[-3.02842626e+00  2.21944649e-02  2.87346838e-01 -1.75539619e+00
  2.88066742e+02] 1.7788975726303795
[-3.07139507e+00 -7.37595010e-02  1.66875993e-01 -1.58642987e+00
  2.87223487e+02] 1.5968869090453788
[-2.92912935e+00 -3.37564788e-01  8.34240351e-02 -1.72219429e+00
  2.87361577e+02] 1.7569469876523864
[-3.01536615e+00 -8.72867860e-02 -1.53776805e-01 -1.82708777e+00
  2.88412885e+02] 1.8356241439453302
[-2.90027845e+00 -3.74547336e-01 -9.32316815e-02 -1.87164068e+00
  2.87996959e+02] 1.911025036100502
[-2.99346454e+00 -1.69674673e-01 -1.96959010e-01 -1.61446202e+00
  2.86656343e+02] 1.635258375571691
[-2.95939184e+00 -3.99757406e-02 -2.70471350e-01 -1.96808370e+00
  2.88409910e+02] 1.9869842108242317
[-3.03333121e+00 -2.32683321e-01 -2.58333859e-01 -1.75291137e+00
  2.88046269e+02] 1.7870579653060283
[-2.94684537e+00  1.78672665e-01 -2.27212902e-01 -1.75942089e+00
  2.87841358e+02] 1.7830063048984364
[-3.03957382e+00 -2.52550825e-01 -7.54450012e-02 -1.85043445e+00
  2.88655411e+02] 1.8691124918368611
[-3.02426978e+00 -4.65111093e-01 -2.32245499e-02 -1.44758060e+00
  2.87044813e+02] 1.5206437126664822
[-3.14927089e+00 -1.11462329e-01 -3.40182156e-01 -1.60170624e+00
  2.86299962e+02] 1.6412222958078013
[-2.95590307e+00  1.23225930e-01 -1.40621409e-01 -1.66102047e+00
  2.87166307e+02] 1.6715106984360082
[-2.93834076e+00  1.42420231e-01  2.55560107e-01 -1.99999085e+00
  2.87383383e+02] 2.0212763068854374
[-3.03021514e+00 -3.29646778e-01 -2.42203630e-01 -1.83196384e+00
  2.87184163e+02] 1.8770778119883602
[-3.06554207e+00 -3.03658463e-02  1.56322230e-01 -1.95892488e+00
  2.88094892e+02] 1.965386831004117
[-3.02489539e+00  3.48689816e-01 -1.83381192e-01 -1.79922878e+00
  2.88082359e+02] 1.8418570662691556
[-3.04794747e+00 -7.53422990e-02  5.92808879e-02 -2.16778203e+00
  2.87886114e+02] 2.169900826760901
[-2.97721916e+00  3.74702655e-02 -2.09361066e-01 -1.86233901e+00
  2.88411854e+02] 1.8744446240098587
[-3.11857265e+00 -2.43784101e-01 -4.41808530e-03 -1.96633716e+00
  2.86350442e+02] 1.981396486608413
[-3.03933442e+00  4.34106634e-02  3.06330303e-01 -1.82997765e+00
  2.87027822e+02] 1.855947451355096
[-3.02127239e+00  3.57470760e-02 -1.98888030e-01 -1.89058905e+00
  2.88432345e+02] 1.901357740742973
[-3.08724539e+00  1.32447953e-01 -2.26128006e-01 -1.46816219e+00
  2.87564271e+02] 1.4913673472803113
[-2.98420910e+00  1.06812265e-01 -1.89082708e-02 -2.00218917e+00
  2.89098999e+02] 2.0051253947751624
[-3.04167728e+00 -2.02842349e-01 -1.41263883e-01 -1.96497684e+00
  2.89322268e+02] 1.9804631993692714
[-2.93981072e+00  5.35241010e-02 -2.90573298e-01 -1.72803522e+00
  2.87886432e+02] 1.7531124830930604
[-2.97229488e+00  2.63304961e-01 -1.36191878e-01 -1.94577467e+00
  2.89558810e+02] 1.9682268196250838
[-2.97525548e+00  6.96798325e-02 -2.05058006e-01 -1.75100419e+00
  2.87599670e+02] 1.7643468354213931
[-3.00379541e+00  5.85324005e-01 -4.69764279e-03 -1.86998558e+00
  2.89342111e+02] 1.9594571484423708
[-2.87158826e+00 -1.36762045e-01 -1.65606995e-01 -1.78455632e+00
  2.88695421e+02] 1.7974345006488586
[-3.00369569e+00 -2.84379718e-02 -9.26972945e-02 -1.69471499e+00
  2.87194901e+02] 1.6974864932424014
[-2.98179905e+00 -1.52222755e-01 -8.39442407e-02 -1.74429406e+00
  2.88461673e+02] 1.7529347276693599
[-2.94516753e+00  2.23545781e-01 -2.16322290e-01 -1.65491940e+00
  2.87490463e+02] 1.683902096707948
[-2.96659665e+00 -1.50768116e-01 -6.46257023e-02 -1.63984527e+00
  2.88164522e+02] 1.6480291321161973
[-3.03136935e+00 -8.51325285e-02  4.46326609e-03 -2.05680872e+00
  2.89640383e+02] 2.058574649607566
[-2.96759581e+00  6.24978206e-01 -1.44258340e-01 -1.58371303e+00
  2.88284240e+02] 1.7086705905526869
[-2.92453504e+00  9.90353384e-02  6.02044348e-02 -1.60545040e+00
  2.85415217e+02] 1.6096283961409152
[-2.98271299e+00 -4.43821758e-02  2.69591894e-01 -1.78344072e+00
  2.86988339e+02] 1.8042478722085007
