/mnt/stage/douwei/Simulation/5kt_root/2MeV/5kt_-7.80.root
[-3.21681005e+00 -2.36848769e-01  1.09046545e-01 -7.87500901e+00
  3.19102947e+02] 7.8793245559243275
[-3.14341340e+00 -1.67944155e-01  2.36047553e-01 -7.86803264e+00
  3.21644445e+02] 7.873364042649171
[-3.07612081e+00  1.98457889e-01  2.49564124e-02 -7.53394834e+00
  3.19702405e+02] 7.5366030778682775
[-3.03852654e+00 -3.14065626e-02  2.71764063e-02 -7.83827017e+00
  3.21773774e+02] 7.838380201985796
[-3.11507057e+00  1.67282721e-01 -5.49807872e-01 -7.76484002e+00
  3.20241181e+02] 7.786078133428839
[-3.16889768e+00  4.18171929e-02 -1.69292242e-01 -7.59224205e+00
  3.19761519e+02] 7.594244392572581
[-3.20733321e+00 -1.21115749e-01 -4.06961358e-02 -7.65691263e+00
  3.18049029e+02] 7.6579786027085435
[-3.20217872e+00  1.56883059e-01 -4.86481580e-02 -7.64443537e+00
  3.19518676e+02] 7.646199783505244
[-3.07603504e+00 -8.01783598e-02  5.99155377e-02 -7.69830442e+00
  3.21010378e+02] 7.69895508592201
[-3.12222305e+00  1.26766919e-01  6.48932089e-03 -7.80248311e+00
  3.20313228e+02] 7.803515535719844
[-3.19852568e+00  2.15095411e-01 -1.01592394e-01 -7.77959086e+00
  3.18634329e+02] 7.7832269023914815
[-3.04395797e+00  2.13581435e-02  9.97046871e-02 -7.96866792e+00
  3.22529399e+02] 7.969320271123978
[-3.11119987e+00 -1.15797005e-01  1.16743093e-01 -7.61695002e+00
  3.21369611e+02] 7.618724663528447
[-3.15211123e+00  1.89133795e-01  6.23168683e-02 -7.68552785e+00
  3.21024553e+02] 7.688107268802254
[-3.18511356e+00 -1.45437177e-01  8.34444823e-02 -7.69205456e+00
  3.21928762e+02] 7.69388187360278
[-3.15448487e+00 -6.24048304e-02  2.10534568e-01 -8.09972185e+00
  3.24712807e+02] 8.102697900938194
[-3.20642018e+00 -7.37527733e-03  1.67163044e-01 -7.90380638e+00
  3.20334971e+02] 7.905577343767945
[-3.12214323e+00 -2.99525938e-02  8.67262837e-02 -7.96570952e+00
  3.23478047e+02] 7.966237928342388
[-3.14116945e+00 -4.08464008e-02  1.17461472e-01 -7.82088376e+00
  3.20880490e+02] 7.821872432568356
[-3.17830795e+00  1.31518561e-01  2.52241064e-02 -7.98437403e+00
  3.19077849e+02] 7.985496982263364
[-3.12242894e+00  2.81229246e-02 -3.58449383e-01 -7.77415369e+00
  3.20074411e+02] 7.782463773950229
[-3.04145059e+00  1.60848107e-01  2.51535239e-01 -7.93311174e+00
  3.22032551e+02] 7.93872810837048
[-3.18365841e+00 -1.61523403e-01 -2.75964022e-01 -7.64328018e+00
  3.19363684e+02] 7.6499658696802655
[-3.11651347e+00  1.33992933e-01  1.89085480e-01 -8.07741953e+00
  3.25510087e+02] 8.080743389432264
[-3.16055615e+00  1.87053299e-01  2.43851147e-01 -8.05222946e+00
  3.23164089e+02] 8.058092308986343
[-3.18634197e+00 -8.19032928e-02 -1.72567916e-01 -7.90876899e+00
  3.20695577e+02] 7.911075451357002
[-3.12000277e+00  3.69834501e-02 -1.45258053e-01 -8.09886009e+00
  3.21752171e+02] 8.100247058472416
[-3.10887068e+00  4.35054994e-02  6.29269531e-02 -8.12273748e+00
  3.24198167e+02] 8.123097726516189
[-3.20411411e+00 -2.46900867e-01  2.00709676e-01 -7.79425448e+00
  3.23000223e+02] 7.800746584209138
[-3.06288640e+00 -2.66416937e-01  2.43225871e-01 -7.64128575e+00
  3.21495347e+02] 7.649796385957593
[-3.13956990e+00  2.19334354e-01 -2.03042130e-01 -8.01002333e+00
  3.22519124e+02] 8.015597757105462
[-3.12153463e+00  2.95329376e-02 -1.64302217e-01 -7.86398915e+00
  3.21521573e+02] 7.865760786209172
[-3.11252257e+00  4.75692459e-02 -8.14379936e-02 -8.16648224e+00
  3.21996674e+02] 8.167026821322084
[-3.15946328e+00  1.19182963e-01 -2.65992232e-01 -7.92010194e+00
  3.20705923e+02] 7.925463471971791
[-3.10236446e+00  3.71405400e-03 -1.69450968e-01 -7.62648192e+00
  3.19804750e+02] 7.628365084573044
[-3.13848106e+00 -1.72025810e-01  2.20039524e-01 -7.73511607e+00
  3.19963480e+02] 7.740157027535351
[-3.15362276e+00 -2.12563567e-01  5.81536531e-02 -7.72846309e+00
  3.21464048e+02] 7.731604417277366
[-3.13802351e+00 -9.60762021e-02  1.16705665e-01 -7.92499372e+00
  3.21751796e+02] 7.926435282472946
[-3.10275599e+00 -3.99134791e-02  2.34537887e-01 -7.74793878e+00
  3.21271235e+02] 7.751590571541191
[-3.12862001e+00 -2.16257020e-01 -3.89366187e-02 -7.80798562e+00
  3.21215969e+02] 7.811076912469191
[-3.15511486e+00 -2.57746020e-01  2.46440150e-01 -7.86424956e+00
  3.23502925e+02] 7.872330465363796
[-3.10181415e+00 -4.13272044e-01 -1.60532356e-01 -7.91233903e+00
  3.23535949e+02] 7.924750680624889
[-3.11899621e+00  2.62234207e-02 -1.50528632e-01 -8.15422095e+00
  3.22921885e+02] 8.155652389797467
[-3.14123051e+00  1.10259770e-02 -2.19768404e-02 -7.91798319e+00
  3.22412774e+02] 7.918021366896781
[-3.11476005e+00 -5.35955836e-03 -4.15987621e-01 -8.07161671e+00
  3.23779010e+02] 8.082330774240596
[-3.11261211e+00  3.11377820e-02  1.66861796e-02 -7.89600036e+00
  3.22401882e+02] 7.89607938491618
[-3.08560215e+00 -9.86692368e-02 -8.16511708e-02 -7.74749335e+00
  3.21819418e+02] 7.748551852285702
[-3.12273626e+00 -1.66441244e-01  5.57152895e-02 -7.71242296e+00
  3.21665947e+02] 7.714419924285914
[-3.11921545e+00  5.64603396e-02 -1.63779013e-01 -7.95183382e+00
  3.20646365e+02] 7.953720669212777
[-3.13320152e+00 -4.38262975e-02  3.91714410e-01 -7.83354174e+00
  3.23258117e+02] 7.843451863698129
[-3.20356664e+00  7.02207626e-02  4.16918581e-02 -7.79331623e+00
  3.19865033e+02] 7.793744097774384
[-3.27901480e+00  2.45822328e-01  4.75238725e-02 -7.55783587e+00
  3.15472041e+02] 7.561981898425527
[-3.13004443e+00  7.79822590e-02  4.62514759e-01 -7.62079837e+00
  3.20280830e+02] 7.635218981360568
[-3.09631827e+00  8.07652538e-02 -2.77916710e-01 -7.68987378e+00
  3.17789044e+02] 7.69531802739548
[-3.07144609e+00 -9.83689469e-02 -1.84705431e-01 -7.97660407e+00
  3.23395708e+02] 7.97934866301336
[-3.17582668e+00 -1.90559482e-01  3.18814566e-02 -7.62695150e+00
  3.19822159e+02] 7.629398311069136
[-3.13805420e+00 -1.30245936e-01 -8.22278635e-02 -7.70894505e+00
  3.19833961e+02] 7.710483722569712
[-3.13629923e+00 -4.61749800e-02  6.52774086e-02 -7.80934036e+00
  3.21005313e+02] 7.809749681425714
[-3.21873330e+00  6.80027583e-02 -1.77551851e-03 -7.66704873e+00
  3.17917432e+02] 7.667350502242405
[-3.20188155e+00  1.41129098e-01 -7.06368860e-02 -8.24395561e+00
  3.23775365e+02] 8.24546608970544
[-3.12954855e+00  3.61102417e-02 -1.67142940e-01 -8.09997749e+00
  3.23160006e+02] 8.10178228033117
[-3.10037014e+00  2.88229118e-01 -2.40620217e-02 -7.83309601e+00
  3.20962632e+02] 7.838434032715126
[-3.21250317e+00  1.99690178e-01 -4.49173144e-01 -7.98962652e+00
  3.24353555e+02] 8.004733883688575
[-3.16026116e+00  4.35210790e-02 -3.63916540e-01 -7.82951334e+00
  3.19549937e+02] 7.838087038902484
[-3.13676700e+00  8.65031566e-03  2.93216114e-02 -7.93466429e+00
  3.23544511e+02] 7.934723180847796
[-3.16414905e+00  1.23684629e-01 -1.98303465e-01 -7.75909673e+00
  3.19277991e+02] 7.7626158079294605
[-3.11250401e+00  1.38416423e-01 -3.38270740e-02 -7.89361074e+00
  3.23183688e+02] 7.8948966969107355
[-3.07658973e+00  1.81440186e-02 -1.13485688e-01 -7.65871621e+00
  3.17552630e+02] 7.659578462750361
[-3.19922238e+00 -2.74946043e-02 -3.76965578e-02 -7.94361074e+00
  3.22780367e+02] 7.94374776195929
[-3.14699859e+00 -1.47171189e-01  2.17671343e-01 -7.59446748e+00
  3.21784822e+02] 7.599011544022913
[-3.13993525e+00  1.43030380e-01 -5.79399774e-02 -7.92453584e+00
  3.23404843e+02] 7.926038295979322
[-3.17971304e+00 -1.62561690e-01 -7.97469538e-02 -7.62440701e+00
  3.20516809e+02] 7.626556766720785
[-3.05740167e+00  6.14342934e-02  2.52404273e-01 -7.69097305e+00
  3.21002333e+02] 7.695358893087482
[-3.11640091e+00 -2.15381421e-01  9.35437007e-02 -7.91555486e+00
  3.24427308e+02] 7.919037084061903
[-3.13444780e+00  2.33891133e-01 -1.18847419e-02 -8.04289809e+00
  3.21640382e+02] 8.046306976245127
[-3.19713671e+00 -2.52582927e-03  4.66440963e-04 -8.01783267e+00
  3.23338317e+02] 8.017833082151876
[-3.14521640e+00  9.11181474e-02 -2.17963107e-01 -7.98664085e+00
  3.22116454e+02] 7.990134071927701
[-3.19227080e+00 -1.57127755e-01  3.23601238e-02 -8.03099503e+00
  3.20506327e+02] 8.03259718442495
[-3.11024196e+00 -2.83620150e-01 -4.47011191e-02 -7.52814299e+00
  3.22397394e+02] 7.533616360963567
[-3.13832149e+00 -2.82393135e-01  1.09665349e-01 -7.92404898e+00
  3.23215513e+02] 7.929837612973314
[-3.10735592e+00 -3.36563000e-01 -7.55025125e-02 -7.96207036e+00
  3.24185373e+02] 7.969538240001469
[-3.06464144e+00 -7.71777411e-02 -2.92853134e-01 -7.86811046e+00
  3.20712217e+02] 7.873936850828043
[-3.08281229e+00 -9.85223533e-02  4.94382907e-02 -7.80503469e+00
  3.20935270e+02] 7.805813047607879
[-3.19139957e+00  1.81408771e-01  1.12370322e-01 -8.21296240e+00
  3.21684527e+02] 8.21573415330829
[-3.15565940e+00 -1.10404762e-01  7.68104065e-02 -7.78036968e+00
  3.21308676e+02] 7.781532070276381
[-3.09947290e+00  1.99889332e-01  1.25292862e-02 -7.84778606e+00
  3.18641739e+02] 7.850341313500744
[-3.06630554e+00  1.14584976e-02 -3.77280925e-02 -8.06893958e+00
  3.23583190e+02] 8.069035919269977
[-3.03507179e+00  8.20452650e-02  6.21758467e-02 -7.90279953e+00
  3.23540207e+02] 7.903469977029589
[-3.14741791e+00  4.54501769e-02  3.71762556e-01 -7.91351451e+00
  3.21824547e+02] 7.922372439974873
[-3.10685326e+00  1.15451620e-01 -3.50213510e-02 -8.03050952e+00
  3.22590121e+02] 8.031415730962138
[-3.15389111e+00  1.76245025e-01 -1.62617486e-01 -7.68144167e+00
  3.20914899e+02] 7.685183985283889
[-3.12700835e+00  1.94386247e-01  1.88464452e-01 -8.02077038e+00
  3.23811404e+02] 8.025338773280073
[-3.10010346e+00  2.84660946e-01 -5.11939023e-02 -7.89883119e+00
  3.22728629e+02] 7.904124670902568
[-3.10960811e+00 -4.10693066e-02 -2.40887521e-01 -7.76206087e+00
  3.20290518e+02] 7.76590641027779
[-3.17167748e+00 -1.47174478e-01 -2.78509725e-02 -7.67856324e+00
  3.19994263e+02] 7.680024048856817
[-3.23348325e+00 -2.35221707e-01  2.51412447e-01 -7.81590747e+00
  3.20839261e+02] 7.8234868895976675
[-3.10625548e+00  4.21879579e-03 -3.70129486e-02 -7.72442160e+00
  3.22134536e+02] 7.72451142721254
[-3.15104707e+00 -2.55225381e-01  1.04358033e-01 -7.93809697e+00
  3.19023301e+02] 7.942884491772722
[-3.16537384e+00 -5.15907046e-01  2.76212745e-01 -7.70537937e+00
  3.22125337e+02] 7.727569139542172
[-3.07355528e+00 -1.04305346e-01 -3.28305672e-01 -7.79763975e+00
  3.22165835e+02] 7.805245025141469
[-3.07097496e+00 -1.86678715e-01 -2.28798590e-01 -8.03374861e+00
  3.25843865e+02] 8.03917374277408
[-3.14602401e+00  3.72088935e-02  1.09089533e-01 -7.73509489e+00
  3.18952431e+02] 7.7359535924701035
[-3.09980009e+00  1.92740736e-01  8.82688466e-02 -7.85177661e+00
  3.20617540e+02] 7.854637883111902
[-3.16247964e+00  2.14972103e-01 -2.96759729e-02 -8.24238750e+00
  3.21243063e+02] 8.24524380567057
[-3.04138851e+00 -2.21853355e-01 -1.52609272e-01 -7.69339974e+00
  3.23812511e+02] 7.698110683153802
[-3.13457355e+00 -2.36123671e-01 -7.95784765e-03 -8.02123106e+00
  3.23344706e+02] 8.024709676948605
[-3.08068754e+00 -2.82959662e-01 -7.82231532e-03 -7.79710229e+00
  3.22090832e+02] 7.802238874394289
[-3.10548214e+00 -3.98842588e-02  1.44939115e-01 -7.80721539e+00
  3.24577223e+02] 7.808662514460923
[-3.17870033e+00 -3.84947449e-01 -8.63887951e-02 -7.85729394e+00
  3.22420596e+02] 7.867192358356027
[-3.16760657e+00  1.72736762e-01  2.14535469e-01 -7.75056796e+00
  3.18214632e+02] 7.755460474018019
[-3.16346436e+00  4.77720459e-02 -7.86586327e-02 -7.94968525e+00
  3.20947097e+02] 7.95021792110368
[-3.16098196e+00 -3.22223362e-03  1.57705459e-01 -8.01445213e+00
  3.20907419e+02] 8.01600426280903
[-3.15910835e+00 -1.11045906e-01  2.34318557e-01 -7.84425348e+00
  3.21031561e+02] 7.848538019340831
[-3.09250125e+00 -1.99319548e-01  2.12569586e-01 -7.82820149e+00
  3.21487317e+02] 7.833623218778061
[-3.15598686e+00 -1.24827977e-01 -2.37897872e-01 -7.80535419e+00
  3.21172777e+02] 7.809976403878394
[-3.11118378e+00 -3.44968696e-01 -2.38407754e-01 -7.95947036e+00
  3.21807328e+02] 7.970508773697935
[-3.11837685e+00 -1.24438859e-01 -8.30495796e-02 -7.53609280e+00
  3.18621584e+02] 7.537577658143709
[-3.17181463e+00  1.47977507e-02 -7.41555328e-02 -7.68124678e+00
  3.20157651e+02] 7.681618976483547
[-3.20198934e+00  1.00596423e-01 -3.51740424e-01 -7.89344226e+00
  3.19419166e+02] 7.901915699966654
[-3.09669207e+00 -1.15508930e-01  5.10362318e-02 -7.76919289e+00
  3.21571705e+02] 7.770219117709613
[-3.09385944e+00  1.22008136e-01  1.38022355e-01 -7.73272437e+00
  3.20893420e+02] 7.734918375704983
[-3.11174887e+00 -1.19060937e-01  1.62773931e-01 -7.95214276e+00
  3.24983695e+02] 7.954699571712764
[-3.19587093e+00 -1.16240298e-01  9.90807235e-02 -8.09894778e+00
  3.20925976e+02] 8.100387887907136
[-3.13448259e+00  2.27856242e-01  1.20454373e-01 -7.56266923e+00
  3.20089783e+02] 7.567059769827566
[-3.05171567e+00  3.00340459e-01  3.11574521e-01 -7.85786498e+00
  3.24055300e+02] 7.869772873122488
[-3.06055333e+00  1.20117912e-01  1.87380670e-02 -7.61989528e+00
  3.20383902e+02] 7.620865010977876
[-3.08228652e+00  4.70579618e-02  1.81605913e-01 -7.77413012e+00
  3.20078069e+02] 7.776393395635997
[-3.16403222e+00 -2.34202410e-01 -3.92893250e-01 -7.89523850e+00
  3.20920163e+02] 7.908476898618051
[-3.20319265e+00 -2.17241124e-01 -1.90516198e-02 -8.03863038e+00
  3.22400278e+02] 8.041587841469077
[-3.23066655e+00  3.10794349e-01 -2.43661048e-01 -8.08905664e+00
  3.20918571e+02] 8.098691328666847
[-3.11772296e+00  2.59864026e-02  2.88611484e-01 -8.02204011e+00
  3.22471726e+02] 8.02727222240802
[-3.24972155e+00  7.00086536e-02 -5.02331216e-02 -8.15027229e+00
  3.21824032e+02] 8.150727758664438
[-3.11021949e+00 -3.84546315e-01  1.16323160e-01 -7.85650728e+00
  3.23056753e+02] 7.866772756232282
[-3.16457122e+00 -1.78046764e-01 -1.40892994e-02 -8.08091576e+00
  3.23074654e+02] 8.082889251397594
[-3.14538064e+00 -1.68629309e-01  2.09359610e-01 -7.98785852e+00
  3.21496348e+02] 7.99238080593466
[-3.13961983e+00 -7.25129393e-02  1.33672543e-01 -7.77747531e+00
  3.21164014e+02] 7.778961928579364
[-3.15896921e+00 -1.49978540e-02  1.54764966e-01 -8.06124146e+00
  3.22509760e+02] 8.062740915504891
[-3.12779949e+00  1.65148593e-01 -1.21290620e-01 -7.84556179e+00
  3.21604209e+02] 7.8482370767288865
[-3.13108453e+00  1.09425894e-01 -9.09583193e-02 -7.72007731e+00
  3.20671289e+02] 7.721388546424777
[-3.20192409e+00 -5.53976403e-01 -2.23972364e-02 -7.77931460e+00
  3.18085992e+02] 7.7990465508967
[-3.12989004e+00 -1.39529124e-02  1.27078320e-01 -7.65670443e+00
  3.20134874e+02] 7.657771632361428
[-3.05891012e+00 -2.66054884e-02 -2.36492887e-01 -7.99731028e+00
  3.23966999e+02] 8.000850482593087
[-3.13905838e+00 -2.09404666e-01 -3.85099347e-02 -7.84097599e+00
  3.20023144e+02] 7.843866253391885
[-3.12845501e+00  8.58758973e-03  1.42567860e-01 -7.83152489e+00
  3.21705373e+02] 7.832827166505037
[-3.01427700e+00  1.18406285e-01  3.08168305e-03 -7.90267413e+00
  3.23691024e+02] 7.9035617301276755
[-3.17885177e+00  1.04337414e-02 -1.56066966e-01 -7.64022581e+00
  3.19025905e+02] 7.641826756805626
[-3.11861436e+00 -6.31095059e-02 -7.01680193e-02 -7.56482258e+00
  3.19765397e+02] 7.56541122680664
[-3.21221276e+00  2.86913654e-01 -4.33534147e-02 -7.97090771e+00
  3.19677958e+02] 7.976187604057761
[-3.21094790e+00  9.47562744e-02  7.40576098e-02 -7.90912486e+00
  3.20640027e+02] 7.910039150282155
[-3.11900627e+00 -3.03115719e-02 -1.47693997e-02 -7.88158720e+00
  3.21412502e+02] 7.881659323620486
[-3.09787828e+00 -1.62727606e-01 -3.24451732e-01 -7.56333815e+00
  3.20870528e+02] 7.572042864846545
[-3.10923946e+00  1.07963333e-01  5.46099153e-02 -8.01440072e+00
  3.25292657e+02] 8.015313918929058
[-3.19778608e+00 -8.23827336e-02 -6.52569575e-03 -8.02541632e+00
  3.20941768e+02] 8.025841801381087
[-3.12578581e+00 -2.64356419e-01  8.05824991e-02 -7.60141666e+00
  3.20712476e+02] 7.606438919915836
[-3.25936308e+00  1.22993611e-01  2.77087751e-01 -7.92229732e+00
  3.20112976e+02] 7.928095606256325
[-3.19299732e+00  5.08831378e-02 -1.49719804e-01 -7.66114889e+00
  3.19174359e+02] 7.662780654944132
[-3.17908687e+00 -1.13879880e-01  1.21022060e-01 -7.69380804e+00
  3.19465909e+02] 7.695602451973663
[-3.11171673e+00  9.20701883e-03  2.13384338e-01 -7.62195760e+00
  3.20094919e+02] 7.624949526525323
[-3.20831837e+00 -3.20714349e-01 -8.24332984e-02 -7.87087729e+00
  3.17903435e+02] 7.87783994376022
[-3.02014954e+00  2.18699844e-01  1.79960731e-01 -7.92830047e+00
  3.24272983e+02] 7.933357663387555
[-3.10709788e+00  2.21513270e-01  1.32528653e-01 -7.96234645e+00
  3.23170365e+02] 7.9665295449896805
[-3.12475140e+00 -8.22576453e-02  1.21061270e-01 -7.88036355e+00
  3.22398294e+02] 7.881722642034714
[-3.12767149e+00  3.27255674e-02  5.63314077e-02 -7.50586450e+00
  3.19027388e+02] 7.5061472180484925
[-3.17335108e+00 -3.45714455e-02 -2.18797618e-02 -8.18877833e+00
  3.23002803e+02] 8.188880538864613
[-3.10092573e+00  1.73024164e-01 -1.61848071e-01 -7.93344487e+00
  3.21544890e+02] 7.9369817772157285
[-3.11582314e+00 -1.71580965e-01  1.31845028e-01 -8.02408765e+00
  3.24441296e+02] 8.02700477815941
[-3.12765256e+00  4.20500607e-03 -3.47520719e-01 -7.69507398e+00
  3.20104446e+02] 7.702918399714824
[-3.08821716e+00  1.36175085e-01 -2.63786912e-01 -7.54043885e+00
  3.21570023e+02] 7.546280223589568
[-3.19470013e+00 -5.43605693e-02 -4.35949447e-02 -7.83745955e+00
  3.21615070e+02] 7.837769312509089
[-3.12487059e+00  3.09173708e-03 -1.60917230e-02 -7.66837861e+00
  3.19760957e+02] 7.668396121581161
[-3.15153393e+00 -1.30832145e-01 -4.47544116e-02 -8.01884953e+00
  3.22582184e+02] 8.020041632728784
[-3.05850448e+00  1.54806696e-01 -4.66639865e-02 -7.59329537e+00
  3.21347737e+02] 7.595016601058675
[-3.15644516e+00 -5.04619233e-02  3.21699946e-01 -8.04915186e+00
  3.21615090e+02] 8.055736022955665
[-3.13280972e+00 -1.97469101e-01  2.92866750e-01 -7.90184363e+00
  3.22734747e+02] 7.909734370386851
[-3.11203736e+00 -8.33611266e-02  1.71923704e-01 -7.95592841e+00
  3.22421074e+02] 7.958222393324223
[-3.11264078e+00  1.25538291e-01  2.05106875e-01 -7.60880058e+00
  3.18553542e+02] 7.6125997542294135
[-3.12992473e+00 -9.61205824e-02 -1.57311878e-01 -7.82491764e+00
  3.21876833e+02] 7.827089002108387
[-3.04797096e+00 -5.63121733e-02 -1.38545305e-01 -7.64410307e+00
  3.18377038e+02] 7.645565882953763
[-3.31055896e+00  2.50911881e-01 -1.79215348e-02 -7.72066658e+00
  3.18623966e+02] 7.724763449849754
[-3.19819670e+00  1.40643241e-01 -1.43926097e-01 -7.85292710e+00
  3.20611765e+02] 7.855505030124944
[-3.18698825e+00  3.66068701e-02  1.01901452e-02 -8.04191728e+00
  3.22620743e+02] 8.042007052552762
[-3.10795335e+00  1.66814709e-01 -2.32041411e-01 -7.69271721e+00
  3.21626337e+02] 7.698023669762786
[-3.13040444e+00  3.82890486e-01 -1.63397310e-01 -7.84562374e+00
  3.19841893e+02] 7.856660590802887
[-3.19389113e+00  1.79120562e-02  6.54725789e-02 -8.29291003e+00
  3.20455958e+02] 8.293187827476997
[-3.11723355e+00 -1.36919821e-01 -3.73841313e-02 -7.92855900e+00
  3.22606670e+02] 7.929829282925981
[-3.13874417e+00 -6.35636955e-02  1.26275738e-01 -7.81506157e+00
  3.19314591e+02] 7.816340147614303
[-3.15474413e+00  1.33322801e-01 -3.41322716e-01 -7.56086429e+00
  3.18958413e+02] 7.569738760595845
[-3.09761042e+00 -9.70094855e-02 -2.84325314e-01 -7.56257131e+00
  3.19500533e+02] 7.568535960246416
[-3.17355596e+00 -2.95904000e-01  4.19890266e-03 -7.69771903e+00
  3.17300991e+02] 7.703405418473592
[-3.10516076e+00  8.81011749e-02  2.15239575e-01 -7.89373995e+00
  3.22068424e+02] 7.897165329147816
[-3.13561190e+00  6.06694013e-02 -1.82060521e-01 -7.72658553e+00
  3.20488283e+02] 7.728968288393172
[-3.14155034e+00 -1.76033353e-01 -9.18746645e-02 -7.72686772e+00
  3.21294924e+02] 7.729418701959053
[-3.13210515e+00 -2.07870556e-01  5.03951569e-02 -7.92182218e+00
  3.18604534e+02] 7.924709240275636
[-3.15368582e+00  1.85656320e-01 -7.22320505e-02 -7.94854443e+00
  3.22126406e+02] 7.951040450573476
[-3.15251373e+00  6.45954238e-02  6.82654657e-02 -7.79093694e+00
  3.21175434e+02] 7.7915037771097095
[-3.14656107e+00  1.65068177e-01  1.84816238e-01 -7.86007345e+00
  3.20976018e+02] 7.863978586104956
[-3.15252604e+00 -2.71324018e-01 -1.15516828e-01 -7.68737390e+00
  3.19767594e+02] 7.693027903311058
[-3.18125724e+00  2.36812481e-01  1.35584753e-01 -8.30244992e+00
  3.24182664e+02] 8.306933129080127
[-3.19309175e+00  8.20356985e-02 -2.05096316e-01 -7.78943330e+00
  3.20103991e+02] 7.792564761231832
[-3.16969170e+00 -9.07649968e-03 -6.60886096e-02 -7.65474766e+00
  3.20269649e+02] 7.655038331757892
[-3.13412266e+00 -2.09390645e-02 -6.88359305e-02 -8.22461161e+00
  3.25115613e+02] 8.224926315707968
[-3.11787129e+00 -1.25612157e-02 -9.00704208e-02 -7.95985341e+00
  3.24552169e+02] 7.9603729003270765
[-3.18483687e+00  3.61639113e-01  6.17202892e-04 -7.90914599e+00
  3.22083264e+02] 7.9174095210859345
[-3.15405666e+00  1.36024172e-01 -8.30153244e-04 -7.95447148e+00
  3.21165430e+02] 7.955634463604875
[-3.10112077e+00 -3.46038956e-01 -1.91644920e-01 -7.76805936e+00
  3.21484101e+02] 7.778124260627606
[-3.20283463e+00  2.20765272e-02 -2.95812032e-02 -7.73311400e+00
  3.19225891e+02] 7.733202089928132
[-3.12760325e+00 -2.34220988e-02  1.35464081e-02 -7.27465552e+00
  3.15370221e+02] 7.274705841881548
[-3.08781166e+00 -1.95624853e-01 -1.37098615e-01 -7.74913798e+00
  3.21355642e+02] 7.752819139553587
[-3.26509799e+00 -1.54469823e-01 -6.00166626e-02 -7.99665293e+00
  3.19365508e+02] 7.998369896542638
[-3.12298973e+00  1.36301693e-01  2.10578938e-01 -7.80868633e+00
  3.23149654e+02] 7.812714242481394
[-3.10124701e+00  2.81935567e-02 -6.40805546e-02 -7.73263960e+00
  3.20445668e+02] 7.732956513890947
[-3.21411612e+00  1.77990926e-02 -2.54055406e-01 -7.57825254e+00
  3.17665678e+02] 7.5825307437679434
[-3.13979983e+00  1.21511972e-01  5.62546183e-02 -8.01721265e+00
  3.23538624e+02] 8.018330775703822
[-3.11690776e+00 -1.75003993e-01 -1.70131737e-01 -8.17155032e+00
  3.24285651e+02] 8.17519454229481
[-3.15509041e+00 -1.09698978e-01 -1.01884501e-01 -7.89481505e+00
  3.22723927e+02] 7.896234485769477
[-3.07083379e+00 -1.12433575e-01  1.43819461e-01 -7.74667208e+00
  3.22614269e+02] 7.748822724102012
[-3.16638001e+00 -5.66022740e-02 -2.21322324e-02 -7.86400898e+00
  3.20730356e+02] 7.864243823178013
[-3.13740727e+00  2.47186661e-01  1.60836601e-01 -7.81823396e+00
  3.20804930e+02] 7.823793959419823
[-3.20353375e+00 -4.57440170e-02 -2.93471656e-01 -7.96530947e+00
  3.20839377e+02] 7.970845194678662
[-3.05868892e+00  2.03062157e-01 -2.73401359e-01 -8.03392535e+00
  3.23873238e+02] 8.041140410912995
[-3.13024615e+00 -1.76046684e-02  2.34640956e-02 -8.01883374e+00
  3.25055842e+02] 8.01888739869651
[-3.08430067e+00 -2.07679067e-01 -2.79929136e-01 -7.83890737e+00
  3.23867350e+02] 7.846652770942944
[-3.15906613e+00 -5.39700304e-03 -1.90251201e-01 -7.77191640e+00
  3.20115354e+02] 7.774246533804183
[-3.12697723e+00 -1.33748647e-02 -5.75306138e-03 -7.57219297e+00
  3.20325442e+02] 7.572206969746019
[-3.07313440e+00  1.44018777e-01 -8.03756996e-02 -7.82060735e+00
  3.21982970e+02] 7.822346253547624
[-3.19923150e+00  3.68557891e-02 -5.68023478e-02 -7.84309779e+00
  3.19791407e+02] 7.8433900737772815
[-3.06777206e+00  5.71537242e-02  5.29822928e-04 -7.91235103e+00
  3.21400086e+02] 7.912557469421082
[-3.19543787e+00 -7.55915147e-02  1.45672980e-01 -7.94580341e+00
  3.21103705e+02] 7.947498125956061
[-3.14900768e+00 -3.47339199e-01  7.26918427e-02 -7.69074078e+00
  3.20301679e+02] 7.698923450843484
[-3.14013283e+00 -2.04138330e-02 -2.48681225e-01 -8.01848421e+00
  3.23094793e+02] 8.022365491068108
[-3.17355449e+00 -1.07045544e-01  1.32381743e-01 -7.80216501e+00
  3.24237280e+02] 7.804022206065277
[-3.10942649e+00 -9.83324744e-03 -1.10219842e-01 -7.87958978e+00
  3.19012350e+02] 7.880366753229424
[-3.12865884e+00  1.87784033e-01 -1.98532946e-01 -8.13208601e+00
  3.24407965e+02] 8.136676292558871
[-3.12109336e+00 -2.72316434e-01  7.75687857e-02 -7.59118901e+00
  3.18844518e+02] 7.596467847805534
[-3.23796629e+00 -9.22639968e-02  3.21912903e-02 -8.08487626e+00
  3.22901360e+02] 8.085466785232363
[-3.15040430e+00  2.43569418e-01 -2.12237295e-01 -7.63477516e+00
  3.21574350e+02] 7.641607324618786
[-3.18140646e+00 -3.03533631e-01  1.52031029e-01 -7.74251312e+00
  3.19587981e+02] 7.749951972599912
[-3.11558691e+00 -1.29904414e-01  1.78119269e-02 -7.64813117e+00
  3.21023692e+02] 7.649255046690824
[-3.15748770e+00  2.18844968e-01  4.07869085e-02 -8.20528756e+00
  3.22612442e+02] 8.208306801883225
[-3.26477378e+00  8.60002905e-02 -2.66788509e-01 -7.80084532e+00
  3.19725926e+02] 7.805879824212789
[-3.15309180e+00 -2.28573224e-01  1.93267911e-01 -7.61916056e+00
  3.21951138e+02] 7.625038086269048
[-3.12208553e+00 -6.88822882e-02  4.88240716e-02 -8.01119641e+00
  3.23897143e+02] 8.011641305201806
[-3.12369306e+00  1.17919407e-01 -1.59544721e-01 -7.55285137e+00
  3.18935913e+02] 7.5554565248376075
[-3.15276577e+00  2.52772545e-01 -1.58549066e-01 -7.69034000e+00
  3.22034245e+02] 7.696126372030569
[-3.13381670e+00 -2.49658578e-01 -1.47855141e-02 -8.12674318e+00
  3.24571114e+02] 8.130590551110629
[-3.17139529e+00 -5.26502513e-02 -3.48744838e-02 -7.77707514e+00
  3.19064774e+02] 7.77733155140697
[-3.17602116e+00 -1.45485031e-02 -3.79829650e-02 -7.83421208e+00
  3.23751374e+02] 7.834317666890097
[-3.18282979e+00  1.81367858e-01  2.26701207e-01 -7.96175087e+00
  3.22462646e+02] 7.967042407768486
[-3.13435228e+00 -1.52411734e-02 -7.79657525e-02 -8.09086530e+00
  3.22813990e+02] 8.091255290608279
[-3.11602396e+00 -9.75358344e-03 -1.43172952e-01 -7.67763485e+00
  3.20435545e+02] 7.678975874280522
[-3.16833522e+00 -3.73835625e-02  1.59907408e-01 -7.71264266e+00
  3.21358363e+02] 7.71439075120373
[-3.10544759e+00  1.85938995e-01 -1.17402902e-02 -7.78266366e+00
  3.21193714e+02] 7.784893367616714
[-3.06477930e+00  3.83320320e-03 -2.21012096e-01 -7.87260893e+00
  3.21939818e+02] 7.875711551163016
[-3.09522359e+00 -1.63321919e-02  2.45127373e-01 -7.90875129e+00
  3.22679236e+02] 7.9125660227418075
[-3.20982048e+00  1.19663480e-01 -1.41248601e-01 -7.91954100e+00
  3.22774844e+02] 7.921704373095721
[-3.01182679e+00 -3.25419369e-02 -5.20896773e-02 -7.59411603e+00
  3.21164696e+02] 7.5943643980079205
[-3.07719935e+00 -5.70374079e-02 -1.05861772e-01 -7.68946584e+00
  3.21902205e+02] 7.6904060264850775
[-3.10719319e+00 -1.52534353e-01  1.58733835e-01 -7.66163070e+00
  3.20150801e+02] 7.664792769381473
[-3.20126686e+00  4.68171726e-04  2.04098232e-01 -7.86511234e+00
  3.21903817e+02] 7.867760063115684
[-3.06243626e+00 -2.97509627e-01  3.29295200e-02 -8.10227995e+00
  3.25226524e+02] 8.107807151100992
[-3.04875399e+00  2.53362665e-01 -1.54732441e-01 -7.58180191e+00
  3.21224621e+02] 7.587611938904696
[-3.10693476e+00 -2.70260434e-01  2.22341132e-01 -7.77184240e+00
  3.23196813e+02] 7.779717897400744
[-3.08809741e+00 -1.56723505e-01  1.05578051e-01 -7.56644770e+00
  3.20587799e+02] 7.568807028484154
[-3.20926061e+00 -1.43241695e-01 -3.35646476e-01 -7.95691840e+00
  3.22886523e+02] 7.965282619467404
[-3.17491959e+00 -2.64454444e-01 -2.70526165e-01 -7.93488108e+00
  3.20911381e+02] 7.943894403714144
[-3.17681457e+00 -9.29764355e-02 -9.64851942e-02 -7.64069801e+00
  3.18602616e+02] 7.641872811488036
[-3.11503455e+00 -9.99157455e-02  6.97184506e-02 -7.90193698e+00
  3.23951366e+02] 7.9028761801511855
[-3.03987826e+00 -8.87488156e-02 -1.13463557e-01 -7.70012332e+00
  3.20351779e+02] 7.701470606962855
[-3.18811735e+00 -4.91599169e-02 -4.66746026e-02 -8.07960216e+00
  3.23412273e+02] 8.079886529446528
[-3.13365183e+00 -1.18851721e-02  1.77980978e-01 -7.65362676e+00
  3.19913641e+02] 7.655705127221248
[-3.11642378e+00 -3.64501883e-01 -1.43545839e-01 -8.04728815e+00
  3.23029111e+02] 8.056817837007056
[-3.10090998e+00  2.04739935e-02  4.00510856e-01 -7.81162112e+00
  3.21257953e+02] 7.821908507949925
[-3.07903170e+00  1.02728023e-01  2.83286518e-04 -7.71240315e+00
  3.21699093e+02] 7.713087289463996
[-3.15140501e+00  4.70974869e-03 -2.77188125e-02 -7.82676064e+00
  3.23241019e+02] 7.826811136890156
[-3.08394761e+00 -1.71974702e-01  2.17995330e-02 -7.90808510e+00
  3.23114987e+02] 7.909984856803841
[-3.16713078e+00  1.30176520e-01  1.35601891e-01 -7.72223650e+00
  3.21921859e+02] 7.724523955004739
[-3.12787747e+00 -3.45206758e-03 -2.18842636e-02 -8.23990830e+00
  3.24672485e+02] 8.239938084911165
[-3.13969679e+00 -2.19963868e-01  1.79019271e-01 -7.57722503e+00
  3.18282845e+02] 7.582530656798718
[-3.13834280e+00 -2.05328943e-03  3.70961355e-02 -8.11644651e+00
  3.23708292e+02] 8.116531544042179
[-3.18525759e+00  1.52170887e-01  8.60696978e-02 -7.58993980e+00
  3.17870020e+02] 7.59195298314846
[-3.20929520e+00 -1.81962262e-02  1.70422459e-01 -7.83666664e+00
  3.20754844e+02] 7.838540611407789
[-3.18396185e+00  1.75278996e-01 -2.83727654e-02 -8.00331147e+00
  3.22749707e+02] 8.005280899787174
[-3.10757091e+00 -1.08969533e-01  1.57140320e-01 -7.61908241e+00
  3.19790041e+02] 7.621481755989725
[-3.17298670e+00 -1.22488491e-01 -6.24100427e-02 -7.96805775e+00
  3.23545897e+02] 7.969243548598419
[-3.17524498e+00  2.67039344e-01 -1.73529694e-01 -8.08669411e+00
  3.23252265e+02] 8.092962635538612
[-3.17930582e+00 -3.73614236e-02  2.37713122e-01 -7.94496037e+00
  3.23010103e+02] 7.948603568755011
[-3.12579012e+00  1.87592766e-01  1.60773126e-01 -7.74852211e+00
  3.22387668e+02] 7.752459860150733
[-3.09177021e+00  9.47502457e-02  2.36331213e-01 -7.88886575e+00
  3.21638689e+02] 7.892973640816326
[-3.10582557e+00  2.17706582e-01  3.34583059e-01 -7.51635009e+00
  3.18687953e+02] 7.526942313960369
[-3.18780749e+00  3.73758497e-01 -2.12716321e-01 -8.04028445e+00
  3.20286954e+02] 8.05177729929758
[-3.19672960e+00 -7.57645516e-02  8.16853085e-02 -7.96258971e+00
  3.21838581e+02] 7.96336911088073
[-3.19512351e+00 -7.16812573e-03  2.41132141e-01 -8.37520276e+00
  3.26824008e+02] 8.378676345986259
[-3.06278713e+00 -9.14155174e-02  1.00961661e-01 -7.85022507e+00
  3.22828287e+02] 7.851406475788998
[-3.07246807e+00 -9.47739593e-02 -5.06734892e-02 -7.79089719e+00
  3.21000984e+02] 7.791638397699892
[-3.14186060e+00 -3.23008225e-02 -8.05377473e-02 -7.80587213e+00
  3.21853778e+02] 7.80635442136154
[-3.23376105e+00 -4.25766940e-02  1.05783965e-01 -7.98246825e+00
  3.19583579e+02] 7.98328267764069
[-3.13677840e+00 -9.37638332e-02  2.61446767e-01 -7.85885026e+00
  3.19521831e+02] 7.863756958738441
[-3.21275366e+00 -2.65423727e-01 -2.96261987e-02 -8.05360341e+00
  3.23115042e+02] 8.058030492705168
[-3.08909789e+00  1.10890541e-01  1.22083776e-01 -7.69742485e+00
  3.20163488e+02] 7.69919154765524
[-3.12873408e+00 -3.08808468e-01  3.78239264e-02 -8.10900052e+00
  3.21316851e+02] 8.114966594329875
[-3.15068105e+00 -1.26625042e-01  1.13456280e-01 -7.93658368e+00
  3.21254273e+02] 7.938404545027746
[-3.10658027e+00 -1.42961008e-01 -6.90267249e-02 -7.84389048e+00
  3.22513790e+02] 7.845496825982616
[-3.18302978e+00 -2.29869036e-01 -1.08516935e-01 -7.71501377e+00
  3.19006696e+02] 7.719200294090831
[-3.10331116e+00  1.77497882e-01 -9.34798151e-02 -7.94068257e+00
  3.20019905e+02] 7.94321620364319
[-3.10339089e+00  2.13292231e-01  2.57670556e-02 -7.98656921e+00
  3.24474187e+02] 7.989458380563577
[-3.18997183e+00 -2.41950722e-01  4.16285036e-01 -7.68756113e+00
  3.19070849e+02] 7.702624843879643
[-3.15042444e+00 -3.31595103e-01 -2.19963545e-02 -7.75865522e+00
  3.21171123e+02] 7.76576911900813
[-3.13214224e+00  1.59483419e-01 -1.63746855e-01 -7.65801051e+00
  3.19655553e+02] 7.661421080672031
[-3.14461941e+00 -2.97903760e-01  2.15894406e-01 -7.80715426e+00
  3.21892420e+02] 7.815818232683735
[-3.09691802e+00 -2.83724226e-01 -1.74829490e-01 -7.90350338e+00
  3.21707296e+02] 7.910526559163666
[-3.11472760e+00  1.48865323e-01  6.45093193e-02 -7.85076580e+00
  3.21440836e+02] 7.852442037447022
[-3.11356994e+00  7.31380563e-02  1.97388020e-01 -8.01965323e+00
  3.24706719e+02] 8.022415422209763
[-3.15368074e+00 -1.35051115e-01 -7.17849850e-03 -7.82925403e+00
  3.20037440e+02] 7.830422019695053
[-3.13431328e+00 -1.28851747e-01 -2.13316058e-01 -8.08699977e+00
  3.24961271e+02] 8.09083875279946
[-3.12080765e+00 -4.31767979e-02  1.37852044e-01 -7.73678876e+00
  3.20985478e+02] 7.738137223189059
[-3.13741423e+00  8.91722229e-02 -8.02470524e-02 -8.10436201e+00
  3.24011502e+02] 8.105249833920462
[-3.09734154e+00 -2.18804776e-01  1.07070796e-01 -7.97977561e+00
  3.22168355e+02] 7.98349287424255
[-3.05823880e+00 -2.66336281e-01 -3.42185353e-01 -7.89381150e+00
  3.23414352e+02] 7.90571222468908
[-3.11691453e+00  8.93634947e-02 -5.12662825e-02 -7.92525397e+00
  3.22093728e+02] 7.925923577309246
[-3.13133764e+00 -1.96695140e-01 -1.29574299e-01 -7.91178283e+00
  3.20905460e+02] 7.915288122229463
[-3.17135626e+00  6.75996929e-02  2.63448328e-01 -8.04137882e+00
  3.23210862e+02] 8.045977132472448
[-3.18928057e+00 -8.06293958e-02 -2.18490202e-01 -7.84369605e+00
  3.22431512e+02] 7.847152786842934
[-3.16949930e+00 -1.99948161e-01  2.74534519e-01 -7.72114444e+00
  3.23653882e+02] 7.728610480637667
[-3.21979464e+00  2.15827484e-01  1.90772648e-02 -7.98957426e+00
  3.23024625e+02] 7.99251164146924
[-3.15970487e+00  4.30097855e-01 -1.86726841e-01 -7.76775160e+00
  3.20831997e+02] 7.781890257467978
[-3.14408829e+00 -1.08360501e-01 -3.01285836e-02 -7.85689093e+00
  3.21729968e+02] 7.857695895030079
[-3.11412740e+00 -6.21403593e-02 -1.87758304e-02 -8.09668665e+00
  3.24542071e+02] 8.096946873330571
[-3.06445086e+00 -8.53553092e-02 -7.88678927e-02 -7.62266569e+00
  3.19893699e+02] 7.6235515253306545
[-3.17278439e+00  3.98762716e-02  1.37438775e-01 -8.27445654e+00
  3.24655535e+02] 8.275693967116865
[-3.18536555e+00  1.23130351e-02 -1.48424001e-01 -7.77221254e+00
  3.22348236e+02] 7.773639373381752
[-3.12955284e+00 -7.98121874e-02 -9.71026647e-02 -7.77363213e+00
  3.21249357e+02] 7.77464824973017
[-3.08380257e+00  7.05499700e-02 -6.59499953e-02 -7.63262453e+00
  3.18019605e+02] 7.633235478991389
[-3.10941803e+00 -2.36929787e-01 -4.32947221e-02 -7.61672530e+00
  3.20892102e+02] 7.6205324277351
[-3.15439678e+00 -1.65857845e-01  8.11192169e-02 -8.07607683e+00
  3.20314787e+02] 8.078187055666364
[-3.14745886e+00  1.13234600e-01 -2.97662113e-01 -7.69783305e+00
  3.21719350e+02] 7.7044181180832
[-3.18054520e+00  1.12337727e-01  1.11537193e-01 -7.66129274e+00
  3.20297853e+02] 7.662928078494746
[-3.13321142e+00 -2.22963935e-01  3.37179846e-01 -7.99770735e+00
  3.22803242e+02] 8.007916458761184
[-3.19936754e+00 -1.30433874e-01  1.23824992e-01 -7.76558135e+00
  3.19547841e+02] 7.76766369925576
[-3.11865517e+00 -3.27143067e-02 -2.50706266e-01 -8.01175698e+00
  3.23944021e+02] 8.015745370405606
[-3.13467440e+00 -1.24302473e-01  4.18193889e-02 -7.86060898e+00
  3.21656762e+02] 7.8617029626156345
[-3.10348185e+00 -2.99721275e-01 -8.12075571e-02 -7.61179116e+00
  3.20965566e+02] 7.6181226194984495
[-3.21381051e+00 -9.00900698e-02 -2.23833914e-01 -7.81283605e+00
  3.21613595e+02] 7.8165609443784865
[-3.05475664e+00  7.76919404e-02 -2.22761622e-02 -7.66207011e+00
  3.19119731e+02] 7.662496374242114
[-3.17239854e+00  1.87287906e-01 -1.58211520e-01 -8.03091777e+00
  3.19154828e+02] 8.034659168088373
[-3.09215421e+00 -2.66779420e-01  9.53260488e-02 -8.11551057e+00
  3.25745789e+02] 8.120453817537749
[-3.12871146e+00 -1.97859686e-01  1.89296637e-01 -8.22290851e+00
  3.24774837e+02] 8.227466566701674
[-3.07120608e+00 -6.74332850e-02  1.24832607e-01 -7.99700897e+00
  3.21999962e+02] 7.998267490986114
[-3.14548916e+00  5.57142564e-02 -5.42974790e-02 -7.92229316e+00
  3.22650265e+02] 7.922675134306584
[-3.14772105e+00 -2.58072451e-01  8.52240775e-02 -8.03946825e+00
  3.21083175e+02] 8.04406081170717
[-3.13640218e+00 -1.79989366e-01  1.56876617e-01 -7.85557443e+00
  3.20464516e+02] 7.859201998113784
[-3.02210842e+00  4.65645754e-02  1.75052900e-02 -7.47818634e+00
  3.20047832e+02] 7.478351802841129
[-3.12547374e+00 -1.04787496e-01 -1.34787091e-01 -8.25390657e+00
  3.26212797e+02] 8.255672093549242
[-3.19328744e+00 -8.04968898e-02 -6.52426800e-02 -7.66579041e+00
  3.21639982e+02] 7.666490650914202
[-3.18821145e+00  1.13264839e-02 -2.00648826e-01 -7.93140060e+00
  3.20646889e+02] 7.933946290706786
[-3.13515391e+00 -5.61366864e-02  3.65429041e-01 -7.71439115e+00
  3.21730484e+02] 7.723245467829803
[-3.00926120e+00  2.77007920e-01 -4.09642466e-02 -7.62250073e+00
  3.20116726e+02] 7.627642416049581
[-3.10771613e+00  7.49652375e-02  1.23884097e-02 -8.01892974e+00
  3.22949757e+02] 8.019289712501475
[-3.06979364e+00 -7.24912544e-02 -1.55147087e-01 -8.04454973e+00
  3.24651522e+02] 8.046372219506964
[-3.07720074e+00 -1.00255894e-01  1.28963782e-02 -7.69019894e+00
  3.19801939e+02] 7.6908632375494825
[-3.23818399e+00  8.79319594e-02  1.01382215e-01 -8.21336456e+00
  3.23386253e+02] 8.214460892268406
[-3.09483218e+00  1.84463578e-01  7.89827228e-02 -7.65083620e+00
  3.19196450e+02] 7.653467164057521
[-3.13862174e+00 -5.78026267e-02 -2.82795528e-01 -7.88111120e+00
  3.22801104e+02] 7.886395137506502
[-3.13946930e+00  1.91609884e-01 -5.72262334e-02 -7.96494628e+00
  3.21955210e+02] 7.967456206592553
[-3.12294565e+00  2.63162663e-01 -1.06055831e-01 -7.61478802e+00
  3.20714673e+02] 7.620072110986503
[-3.20169218e+00 -1.19384601e-01  5.70796967e-02 -7.76965472e+00
  3.20690806e+02] 7.770781511622797
[-3.20946325e+00 -2.04153458e-02  1.61795893e-01 -8.01650227e+00
  3.22294971e+02] 8.018160845231462
[-3.08841061e+00  1.42680938e-01  9.33113202e-02 -8.00715938e+00
  3.23504516e+02] 8.00897410182567
[-3.10549204e+00 -2.80833288e-01 -1.09516911e-01 -7.66134905e+00
  3.21811671e+02] 7.667276602596284
[-3.13780120e+00 -1.84146528e-01  1.02093819e-01 -7.75324688e+00
  3.21316911e+02] 7.756105351736845
[-3.12908398e+00  1.84488645e-01  2.72998423e-01 -7.78593557e+00
  3.20884790e+02] 7.792904262419012
[-3.14380724e+00  2.77247730e-01  5.16423089e-03 -7.50317892e+00
  3.17132465e+02] 7.5083011944405325
[-3.14378021e+00 -5.06492582e-03 -1.58076475e-02 -7.94927168e+00
  3.22123644e+02] 7.9492890112167895
[-3.08375991e+00 -2.58734346e-01 -1.01153586e-01 -7.94756719e+00
  3.23505856e+02] 7.952420996868901
[-3.06857091e+00 -1.92971542e-01  1.38348710e-01 -7.87448154e+00
  3.20204360e+02] 7.878060546624299
[-3.16461250e+00  1.14822164e-01 -1.46638228e-01 -7.79101481e+00
  3.20451817e+02] 7.793240576318812
[-3.15546135e+00  1.12386019e-01 -2.67787677e-01 -8.15570219e+00
  3.23201474e+02] 8.160871215730976
[-3.10704395e+00  4.87100853e-02 -3.51640992e-02 -7.73392455e+00
  3.19893604e+02] 7.734157880789523
[-3.11718197e+00  1.84608919e-01  1.11109050e-01 -8.01777512e+00
  3.21818221e+02] 8.020669772132283
[-3.16761020e+00 -2.38300378e-01  1.02563864e-01 -7.62457596e+00
  3.21167004e+02] 7.628988466625126
[-3.09764863e+00 -4.14247719e-02  1.16070067e-01 -8.07559636e+00
  3.23035121e+02] 8.076536690667838
[-3.13328379e+00  3.31895631e-02 -1.01131447e-01 -7.79604504e+00
  3.22345319e+02] 7.796771602293758
[-3.10471102e+00  3.01784319e-01  9.33568062e-02 -8.08880930e+00
  3.24897472e+02] 8.094975299277737
[-3.13681174e+00 -1.26641161e-01  3.93902111e-01 -7.75708833e+00
  3.21834483e+02] 7.768115353879888
[-3.15752035e+00  1.06573520e-01 -1.20573233e-01 -7.85166207e+00
  3.19980807e+02] 7.853310964314397
[-3.24550159e+00 -2.70328008e-02 -1.81377583e-01 -8.04629027e+00
  3.20298498e+02] 8.048379693955498
[-3.10787830e+00  7.87515707e-02 -2.29548456e-02 -7.92992458e+00
  3.23905425e+02] 7.930348832610183
[-3.12424468e+00  8.78722746e-02 -3.46822520e-01 -7.82005630e+00
  3.20983860e+02] 7.828236577644184
[-3.07186108e+00 -1.18132332e-01  3.36365504e-01 -7.93229311e+00
  3.24676340e+02] 7.940300431893083
[-3.16010833e+00 -1.29816045e-01  1.17175848e-01 -7.60980514e+00
  3.17302433e+02] 7.611814283058377
[-3.17031603e+00 -2.16123606e-01 -1.00977684e-01 -7.95783881e+00
  3.21892477e+02] 7.961413474356833
[-3.09047395e+00  2.40768028e-02 -4.43421121e-02 -7.83141643e+00
  3.21712300e+02] 7.831578974933858
[-3.11569549e+00 -1.82768656e-01  6.70676283e-03 -7.83875055e+00
  3.20668686e+02] 7.840883846584564
[-3.06942944e+00 -1.17283276e-01 -4.66029212e-02 -7.40269312e+00
  3.17440642e+02] 7.403768816980978
[-3.21164338e+00  1.92682360e-01 -2.55826806e-01 -7.91210663e+00
  3.21370186e+02] 7.9185860543703255
[-3.19518436e+00  2.32326538e-01  6.07863888e-02 -8.11323893e+00
  3.23098625e+02] 8.116792253145748
[-3.19174925e+00  6.44198513e-03 -1.68344561e-02 -8.09960037e+00
  3.23139853e+02] 8.099620425128442
[-3.16659659e+00 -3.02187007e-01  1.24648324e-01 -7.83541560e+00
  3.19878721e+02] 7.842231301563459
[-3.16858873e+00 -2.35339836e-01 -1.37031243e-01 -7.83742139e+00
  3.21350739e+02] 7.842151261290445
[-3.12724334e+00  4.78441600e-02 -2.88021831e-01 -7.74061363e+00
  3.22076662e+02] 7.7461180590320255
[-3.09459707e+00  1.62794779e-01  1.04017811e-01 -7.62411373e+00
  3.22782789e+02] 7.626560960009463
[-3.12003794e+00 -1.76354477e-01  5.39777086e-02 -7.98461467e+00
  3.20444175e+02] 7.986744385602307
[-3.10054142e+00 -1.79794382e-01 -5.21527166e-02 -7.83832954e+00
  3.21478859e+02] 7.840564768852816
[-3.19729618e+00  1.55558658e-01 -2.22807221e-01 -7.81432735e+00
  3.21433910e+02] 7.819050673186584
[-3.13355160e+00  8.46267440e-02  2.85990684e-01 -8.16738260e+00
  3.23551559e+02] 8.172826368351407
[-3.22804307e+00  1.38029568e-02 -1.83992122e-01 -7.88547317e+00
  3.18140027e+02] 7.887631507575545
[-3.14990868e+00  6.11947432e-02 -2.17096203e-01 -8.06770592e+00
  3.21679702e+02] 8.070858343452478
[-3.15263613e+00 -5.85525222e-02 -1.06022931e-01 -7.74316546e+00
  3.18962729e+02] 7.74411264178716
[-3.12494754e+00  7.93237549e-02  1.45230483e-01 -7.92915423e+00
  3.20919868e+02] 7.930880847288325
[-3.18625219e+00 -9.64734519e-02  2.28826607e-01 -7.75525829e+00
  3.20925148e+02] 7.7592332026202095
[-3.08649210e+00 -7.66718853e-02  8.44863686e-02 -7.71244448e+00
  3.21409145e+02] 7.713288295939189
[-3.23310660e+00 -3.87292737e-02  1.65464096e-01 -7.94791060e+00
  3.21888284e+02] 7.949727117588986
[-3.03242614e+00  6.53442859e-02  2.74210934e-01 -7.90896415e+00
  3.22441937e+02] 7.913986069257487
[-3.10954277e+00 -1.99182445e-01 -1.63985500e-01 -8.08235698e+00
  3.23942639e+02] 8.086473842914128
[-3.16425650e+00  1.97528007e-01  7.30466211e-02 -7.81066514e+00
  3.21001482e+02] 7.813503889700356
[-3.20278612e+00  1.90184931e-01  1.14399372e-01 -7.93387134e+00
  3.22758762e+02] 7.936974987467156
[-3.18753005e+00 -7.71392489e-02 -2.74327126e-01 -8.01912608e+00
  3.20258143e+02] 8.024187740426523
[-3.17381984e+00 -1.15821535e-01 -2.49457629e-01 -7.87692226e+00
  3.21458594e+02] 7.881722401739209
[-3.15778875e+00  4.61380374e-02 -1.43495255e-01 -8.02338668e+00
  3.23062786e+02] 8.024802386582143
[-3.12743510e+00 -1.10410770e-02 -1.33555178e-01 -7.72329103e+00
  3.20192367e+02] 7.724453585899161
[-3.09394515e+00 -4.40026024e-02  2.75851830e-01 -7.86939496e+00
  3.20489331e+02] 7.874351243070888
[-3.15128777e+00  2.45769208e-01 -1.00722590e-01 -7.74735262e+00
  3.19498825e+02] 7.751904292013122
[-3.09097231e+00 -1.08749527e-01 -1.71563328e-02 -7.85956532e+00
  3.22908755e+02] 7.860336372954347
[-3.03405395e+00  1.24460632e-01 -8.52562553e-03 -7.82573750e+00
  3.20192454e+02] 7.826731794010569
[-3.19214274e+00  1.06510694e-01  3.94923386e-02 -7.98106171e+00
  3.21678383e+02] 7.981870092112967
[-3.11710542e+00  1.66304552e-01  8.40746392e-02 -7.71415740e+00
  3.22150739e+02] 7.716407850983312
[-3.10247147e+00  1.98213107e-01  1.32594677e-01 -7.81445181e+00
  3.22124956e+02] 7.818089718085281
[-3.19781019e+00  2.13782619e-01  2.89219956e-01 -7.84254313e+00
  3.23715025e+02] 7.850785561805548
[-3.13621330e+00  2.06091255e-01 -1.08906013e-01 -7.94797146e+00
  3.23620019e+02] 7.95138883721897
[-3.08022367e+00 -1.47378212e-01  1.70207412e-01 -7.63190799e+00
  3.21497028e+02] 7.635228255097193
[-3.12183357e+00  3.89405065e-02 -2.67553995e-01 -7.88841853e+00
  3.25225594e+02] 7.893050637979846
[-3.15921959e+00  2.05199904e-02 -1.93655833e-01 -7.94424594e+00
  3.22499070e+02] 7.946632440554582
[-3.19135175e+00 -3.30890024e-01 -5.09891149e-02 -7.76396481e+00
  3.22500323e+02] 7.77117994118684
[-3.15382775e+00 -2.10267108e-01  1.39473383e-01 -7.94886450e+00
  3.25413169e+02] 7.952868159916355
[-3.20330346e+00 -3.07821152e-01  2.56709092e-02 -8.06175842e+00
  3.22236565e+02] 8.067673872339467
[-3.07724360e+00 -1.47830017e-01 -3.49114648e-01 -7.75029183e+00
  3.22181590e+02] 7.75955915387797
[-3.15871652e+00  2.68284444e-02 -1.63818627e-01 -7.84185758e+00
  3.20943780e+02] 7.843614384992618
[-3.09630820e+00  9.43541292e-02 -1.47276661e-02 -7.81082233e+00
  3.23055751e+02] 7.811406091245642
[-3.15866239e+00 -1.65498230e-01  6.24588022e-02 -7.61662737e+00
  3.18796817e+02] 7.618681202809806
[-3.16323482e+00  9.98897175e-02 -4.70220252e-02 -7.65017028e+00
  3.19108252e+02] 7.650966887389996
[-3.15979437e+00 -3.70484777e-02 -1.31524105e-02 -8.14295332e+00
  3.24403812e+02] 8.14304822681489
[-3.12423684e+00  2.28147756e-01 -1.74508322e-01 -7.77573172e+00
  3.22493961e+02] 7.781035172857829
[-3.05265453e+00  1.31982689e-01  1.56598302e-01 -7.61066441e+00
  3.21592311e+02] 7.613419413286498
[-3.16698036e+00  1.25431979e-01  1.96206183e-01 -7.91684552e+00
  3.20646814e+02] 7.920269759749854
[-3.06207259e+00 -2.28385767e-01 -3.18255802e-02 -7.97135961e+00
  3.22141034e+02] 7.974694157912178
[-3.11772490e+00  3.70502813e-01 -2.42353323e-01 -7.68727088e+00
  3.20180013e+02] 7.700009157882862
[-3.12493889e+00  5.81396350e-02  1.33912193e-01 -7.71633242e+00
  3.18283910e+02] 7.7177133102848146
[-3.17733473e+00 -4.30966740e-02  3.63936067e-01 -7.76673290e+00
  3.20817891e+02] 7.775374379185479
[-3.19648830e+00 -1.54848540e-01  1.31260836e-01 -8.10550419e+00
  3.21484217e+02] 8.108045735961241
[-3.02074182e+00 -1.20218134e-01 -2.69909080e-01 -7.67794168e+00
  3.22676177e+02] 7.683624911705631
[-3.12996840e+00  2.06653162e-01 -9.23423666e-02 -7.87174184e+00
  3.19474661e+02] 7.874995382306812
[-3.13493544e+00 -3.16953758e-01 -2.77584346e-01 -7.99468736e+00
  3.22592794e+02] 8.005781577876323
[-3.21165922e+00 -1.10393876e-01 -6.12773106e-02 -8.04379107e+00
  3.20170034e+02] 8.044781937973763
[-3.07562420e+00 -6.43432783e-02  2.81339903e-01 -7.64206078e+00
  3.20857398e+02] 7.647508429919406
[-3.13228252e+00 -2.07735466e-01  1.58254830e-01 -7.75578838e+00
  3.21266014e+02] 7.760183764210872
[-3.12222952e+00  2.43064039e-01 -1.39201952e-02 -7.91723143e+00
  3.21251345e+02] 7.920973897184903
[-3.11780332e+00  1.19893558e-01  9.81545135e-02 -8.02680044e+00
  3.23933288e+02] 8.028295835526553
[-3.16144299e+00 -1.94843750e-01  2.36137687e-01 -7.91930576e+00
  3.21247622e+02] 7.925221057715159
[-3.12155185e+00  9.40646943e-02 -1.63307696e-01 -7.67318434e+00
  3.18538075e+02] 7.675498382754539
[-3.07505921e+00  1.48740010e-02 -2.19156865e-01 -7.47236816e+00
  3.18832465e+02] 7.475596090949605
[-3.17134476e+00  1.54319493e-01 -3.79374154e-01 -7.96296463e+00
  3.22564974e+02] 7.973490139157476
[-3.12825646e+00  2.28583736e-01 -1.14192549e-01 -7.58382750e+00
  3.17723095e+02] 7.588130864655354
[-3.24297064e+00  2.53417673e-01  3.22016349e-01 -7.74284697e+00
  3.20620295e+02] 7.75368262470918
[-3.11851701e+00  2.99832926e-01  1.60829104e-01 -7.96089953e+00
  3.23285698e+02] 7.968167108784635
[-3.21032227e+00  5.49787725e-02  4.31560575e-01 -7.57614573e+00
  3.18547133e+02] 7.588626446944422
[-3.11119208e+00 -3.67135335e-03 -2.08597085e-01 -7.85284536e+00
  3.22288401e+02] 7.855616235553065
[-3.17336573e+00  3.45393781e-01 -1.60367574e-02 -7.81882947e+00
  3.23658510e+02] 7.82647099710472
[-3.21593742e+00 -9.19650677e-03  7.16194700e-02 -7.71189772e+00
  3.17922075e+02] 7.71223576141595
[-3.08342126e+00 -2.75835421e-01 -1.40817544e-01 -8.14002428e+00
  3.22423949e+02] 8.14591369754089
[-3.14242413e+00  8.29537110e-02 -1.01737226e-01 -7.61578395e+00
  3.19919314e+02] 7.616915183337756
[-3.16394466e+00  9.54402348e-02 -3.72109119e-02 -8.02731922e+00
  3.21426641e+02] 8.027972803778063
[-3.11383830e+00 -1.69002373e-02 -1.51183699e-01 -8.04676196e+00
  3.22821553e+02] 8.048199808987645
[-3.08341119e+00 -3.07941757e-01 -6.09817634e-03 -7.76135012e+00
  3.20145088e+02] 7.767459103424107
[-3.18991249e+00  1.55788094e-02 -5.28557128e-03 -7.59808147e+00
  3.16349053e+02] 7.598099275649011
[-3.15899832e+00 -1.25541355e-01 -8.84711606e-02 -7.62157682e+00
  3.18017458e+02] 7.623124101457569
[-3.11600320e+00  2.09827172e-01 -9.49461413e-02 -7.60250607e+00
  3.18874723e+02] 7.605993736552346
[-3.15233941e+00  2.13801985e-01 -9.12934019e-02 -8.05005125e+00
  3.25089112e+02] 8.053407405604926
[-3.16427550e+00  5.80041674e-02 -2.99878295e-02 -8.10293572e+00
  3.25603277e+02] 8.103198817905291
[-3.10769992e+00  4.78175071e-02  1.37469811e-01 -7.83457837e+00
  3.21470990e+02] 7.835930241438874
[-3.16982776e+00  2.01081307e-01 -7.57211042e-02 -7.92796595e+00
  3.23050810e+02] 7.93087709003986
[-3.13821036e+00 -1.13174132e-01  1.03105951e-01 -7.78386744e+00
  3.22414935e+02] 7.7853729208381015
[-3.11061081e+00 -2.83187814e-01  1.02079808e-01 -7.58119299e+00
  3.19918680e+02] 7.587166975736677
[-3.15007413e+00 -2.84415784e-01  3.22149417e-01 -7.89525538e+00
  3.20341976e+02] 7.9069418945507035
[-3.11844285e+00 -1.03076075e-01 -1.79926115e-01 -7.68227494e+00
  3.20302505e+02] 7.685072954679495
[-3.26536728e+00  7.47011386e-02 -2.43744630e-01 -8.15498981e+00
  3.21832800e+02] 8.158973621469572
[-3.15464481e+00 -1.92831825e-01  1.19875203e-02 -8.21821027e+00
  3.23845685e+02] 8.220480995512913
[-3.13333248e+00  1.13509390e-01  2.72058589e-01 -7.67055462e+00
  3.20076087e+02] 7.676217067871264
[-3.21936684e+00 -7.81984821e-02  5.71284280e-02 -8.18672722e+00
  3.22428647e+02] 8.187299998644507
[-3.15866954e+00  9.65020881e-03  7.89170350e-02 -8.01137562e+00
  3.23514451e+02] 8.01177010882646
[-3.11825036e+00  1.54755948e-01 -7.68447316e-02 -7.70470002e+00
  3.21230201e+02] 7.706637197749844
[-3.16401920e+00 -2.54219724e-01 -2.13186201e-01 -8.06964024e+00
  3.22943362e+02] 8.076457739232497
[-3.15761538e+00  6.59458832e-02  4.48757368e-02 -7.80550724e+00
  3.25550506e+02] 7.805914808856519
[-3.10220176e+00 -6.44876091e-02 -2.84461120e-01 -8.05953149e+00
  3.22214886e+02] 8.064807788752594
[-3.08891202e+00 -3.08718693e-02  2.28226324e-01 -7.62292341e+00
  3.19410987e+02] 7.626401616776745
[-3.13796041e+00  4.04979622e-03 -9.67573517e-02 -8.01893816e+00
  3.23579718e+02] 8.019522906955883
[-3.13763243e+00  9.81407005e-02 -5.50233383e-02 -7.75324749e+00
  3.18034259e+02] 7.754063824312568
[-3.12721803e+00 -1.61114404e-01  9.32233743e-03 -7.79212735e+00
  3.20767944e+02] 7.793798396328022
[-3.14647053e+00 -1.59682580e-01 -3.33823050e-02 -7.61581658e+00
  3.17326940e+02] 7.617563595632739
[-3.17025023e+00  3.55791679e-01 -4.53183010e-02 -7.92776539e+00
  3.20145691e+02] 7.935874589701562
[-3.14031244e+00 -5.92945813e-02 -2.17276093e-01 -7.95132731e+00
  3.20588024e+02] 7.9545163720101515
[-3.15284538e+00 -5.78727318e-02  3.11603032e-02 -7.89239022e+00
  3.20019291e+02] 7.892663905872009
[-3.20662311e+00 -7.66405731e-02 -2.34978684e-03 -8.13200398e+00
  3.21932157e+02] 8.1323654620043
[-3.16255431e+00 -9.74501749e-02 -5.82277410e-02 -7.98653832e+00
  3.22231921e+02] 7.9873450746377825
[-3.20592871e+00  1.67435290e-01  2.92181535e-01 -7.89228407e+00
  3.21096297e+02] 7.89946532730752
[-3.16011374e+00  2.12730009e-02  1.34262578e-01 -7.95631726e+00
  3.20811572e+02] 7.957478453098268
[-3.20959426e+00 -5.66206143e-02  3.23702159e-01 -7.98785673e+00
  3.21221248e+02] 7.99461344715968
[-3.17320926e+00 -2.19358109e-01 -8.83996270e-02 -7.56702979e+00
  3.20476813e+02] 7.570724690416461
[-3.10847782e+00  8.08597412e-02 -2.73372036e-02 -7.86820628e+00
  3.20448838e+02] 7.86866924044522
[-3.19891183e+00  1.35418880e-02  1.18306712e-01 -7.96397972e+00
  3.19166819e+02] 7.964869919389076
[-3.12979325e+00  3.10412853e-02 -1.91616754e-01 -7.91738939e+00
  3.22582562e+02] 7.919768643015687
[-3.09738630e+00 -9.35352650e-02 -9.17376991e-02 -8.13854956e+00
  3.25122396e+02] 8.139604023097673
[-3.13295613e+00 -1.40713844e-01  9.68758115e-02 -8.11830109e+00
  3.24382710e+02] 8.1200983939249
[-3.18505457e+00  8.36949021e-02 -1.88981197e-01 -7.94227747e+00
  3.22472507e+02] 7.9449663404195885
[-3.12575004e+00  2.64778575e-01 -2.57675232e-02 -8.32108479e+00
  3.25824057e+02] 8.325336250858422
[-3.06884599e+00 -1.32308184e-01 -2.59450693e-01 -7.71846669e+00
  3.22373675e+02] 7.723959357048096
[-3.12402719e+00 -1.47695046e-01 -1.62411963e-02 -7.53351330e+00
  3.19392252e+02] 7.534978451286001
[-3.13750427e+00  9.57764361e-02 -1.00562817e-01 -8.03574092e+00
  3.21354586e+02] 8.036940840086704
[-3.15145735e+00  1.27245598e-01 -5.42954483e-02 -7.55254209e+00
  3.17614721e+02] 7.553809071413617
[-3.17732329e+00 -9.62228212e-02 -6.66851312e-02 -7.56972077e+00
  3.17488144e+02] 7.570626013100434
[-3.18090289e+00  1.89966532e-01 -1.74919422e-01 -7.84013159e+00
  3.19585830e+02] 7.844383175506318
[-3.10854135e+00  2.27555117e-01 -1.06882633e-01 -7.70124905e+00
  3.19423470e+02] 7.705351525979541
[-3.17204243e+00 -1.63804253e-01 -7.08140479e-02 -7.93171601e+00
  3.22404222e+02] 7.933723293378672
[-3.14958477e+00  1.15502675e-02  1.71750847e-01 -8.18093215e+00
  3.25333409e+02] 8.182742971498017
[-3.04036905e+00 -1.68773006e-01 -6.54277896e-02 -7.74977330e+00
  3.21666067e+02] 7.751886952980391
[-3.15922931e+00  8.67054031e-02 -1.32661773e-01 -7.94515313e+00
  3.22256533e+02] 7.946733623048641
[-3.18593067e+00  3.34884625e-02  4.59980388e-02 -7.90582273e+00
  3.19333114e+02] 7.9060274723353965
[-3.11702065e+00 -3.24866721e-02 -2.68526247e-01 -7.71073617e+00
  3.21704567e+02] 7.715478860333628
[-3.13132262e+00 -1.18133213e-01 -9.10812396e-02 -8.05329307e+00
  3.21551236e+02] 8.054674456277183
[-3.17788176e+00 -2.23860458e-01 -1.44917418e-01 -7.80288341e+00
  3.23048175e+02] 7.807439020167007
[-3.12941473e+00 -1.87685860e-01  4.35371407e-02 -8.00611791e+00
  3.20933253e+02] 8.00843589604699
[-3.16966788e+00 -1.29160302e-02  2.95211179e-01 -7.89891768e+00
  3.20142212e+02] 7.904442860934095
[-3.16481286e+00  1.98032964e-01  2.07345299e-01 -7.61437044e+00
  3.18917788e+02] 7.619766813528449
[-3.18499407e+00  6.62067262e-02  3.05466189e-01 -7.52949236e+00
  3.15735978e+02] 7.535976915479758
[-3.04487850e+00  2.33013646e-01  5.10320756e-02 -7.53460364e+00
  3.20596434e+02] 7.538378581434769
[-3.09390763e+00  1.04851136e-01 -1.22358441e-01 -7.82640667e+00
  3.21575094e+02] 7.828065327686678
[-3.20407225e+00  1.08556166e-01  2.68194088e-02 -8.02682381e+00
  3.21832163e+02] 8.027602640187636
[-3.19143306e+00  1.10105092e-01  9.78245342e-02 -7.71957432e+00
  3.20116258e+02] 7.720979239374792
[-3.15429366e+00 -1.67329674e-01  1.63342874e-01 -7.83438913e+00
  3.22173902e+02] 7.837878103451182
[-3.22071536e+00 -9.78404312e-02  1.64158629e-01 -8.10200942e+00
  3.22926591e+02] 8.104262922573715
[-3.18015900e+00 -1.77598250e-03  1.61908488e-01 -7.68168755e+00
  3.19273370e+02] 7.6833938576867
[-3.09850429e+00 -6.00683951e-02 -1.71827556e-01 -8.06288295e+00
  3.24966860e+02] 8.064937341284548
[-3.07698793e+00 -2.68038218e-01  1.71980537e-01 -7.65791015e+00
  3.19396018e+02] 7.6645293171096975
[-3.17260805e+00 -7.69713646e-02  1.44759293e-01 -8.03553444e+00
  3.25266458e+02] 8.037206824518412
[-3.10108430e+00  4.71840036e-02  2.29868962e-01 -8.00305852e+00
  3.22204082e+02] 8.006498098918568
[-3.10421415e+00  1.55332109e-01 -1.28582017e-01 -7.88293437e+00
  3.22362025e+02] 7.885513021159521
[-3.09032230e+00 -1.07362712e-01  3.04909631e-01 -7.80012499e+00
  3.22732881e+02] 7.806820508351292
[-3.09660002e+00  2.41617165e-02 -7.00152227e-03 -7.65145635e+00
  3.21602546e+02] 7.6514977055522335
[-3.12195896e+00 -1.55049930e-01  1.34826618e-01 -8.00739945e+00
  3.21169233e+02] 8.01003524208549
[-3.18943191e+00 -1.57064107e-01 -1.69814600e-01 -7.79487615e+00
  3.20059494e+02] 7.7983075324495505
[-3.20415527e+00 -2.04213637e-02 -4.01555748e-02 -7.97878434e+00
  3.20400614e+02] 7.9789115186686
[-3.14379599e+00  2.04123565e-01  1.23521273e-01 -7.77795023e+00
  3.21791694e+02] 7.781608687992921
[-3.20747237e+00  3.24869890e-01 -1.09154223e-02 -8.06233411e+00
  3.21789280e+02] 8.068884120665762
[-3.17246069e+00  1.46786251e-02  8.85521067e-02 -8.29455645e+00
  3.22826261e+02] 8.295042113787487
[-3.17342500e+00  6.44129742e-02 -3.29204764e-02 -7.82697903e+00
  3.20112923e+02] 7.827313301609633
[-3.10911590e+00  2.28155363e-02 -5.45934021e-02 -8.03614399e+00
  3.23581919e+02] 8.036361817850961
[-3.10297202e+00 -5.93789943e-02  7.68611132e-02 -8.05126895e+00
  3.24887633e+02] 8.051854769345274
[-3.09924459e+00  1.18682719e-01  1.59589779e-01 -7.75234809e+00
  3.20188167e+02] 7.754898803792641
