/mnt/stage/douwei/Simulation/5kt_root/2MeV/5kt_-10.40_3.root
[-3.13503061e+00  2.31455983e-01  7.43449937e-02 -1.04308777e+01
  3.42083034e+02] 10.433710225019421
[-3.22620229e+00  6.55643553e-03 -2.40906622e-01 -1.03775532e+01
  3.42294475e+02] 10.38035114014891
[-3.25828056e+00  1.69954374e-01 -5.20423288e-02 -1.05243954e+01
  3.43445182e+02] 10.525896188930869
[-3.20136150e+00  1.26136206e-01  6.54246549e-02 -1.06285052e+01
  3.42660551e+02] 10.62945504210057
[-3.15277210e+00  8.77223044e-02  1.05582305e-01 -1.04996871e+01
  3.42392776e+02] 10.500584328068975
[-3.31509517e+00 -1.14532999e-02  2.84420788e-02 -1.05348357e+01
  3.40452958e+02] 10.534880341907432
[-3.16886511e+00  1.24190783e-01 -1.13885093e-01 -1.06065834e+01
  3.45488548e+02] 10.607921832351757
[-3.15890169e+00  9.11546675e-02 -1.48564507e-01 -1.02666918e+01
  3.41917114e+02] 10.268171281512652
[-3.10221389e+00 -1.44548760e-01  2.89425465e-01 -1.04236099e+01
  3.43689246e+02] 10.428629052819524
[-3.17261509e+00 -2.85562511e-02  1.39453801e-02 -1.03606435e+01
  3.41212703e+02] 10.360692268874748
[-3.11533181e+00  1.92494087e-01  4.22271952e-02 -1.03983282e+01
  3.42600650e+02] 10.400195525360385
[-3.10751997e+00  3.01017670e-02  1.22629526e-02 -1.01222112e+01
  3.39938926e+02] 10.122263430788703
[-3.32017034e+00 -9.08492634e-03 -8.27037209e-02 -1.06758299e+01
  3.43119179e+02] 10.676154079589335
[-3.18728073e+00  1.40257152e-01  7.53544306e-02 -1.05076880e+01
  3.42944907e+02] 10.508894253941003
[-3.17575684e+00  7.27044416e-02 -1.20557479e-01 -1.01885936e+01
  3.40879020e+02] 10.189566253378723
[-3.16021923e+00  2.17171744e-01  6.74998627e-02 -1.04286561e+01
  3.42688355e+02] 10.431135451757124
[-3.20956613e+00  3.92041814e-01  9.31132616e-02 -1.02469905e+01
  3.41226442e+02] 10.254910136951079
[-3.20340686e+00  4.60188954e-02  1.29037799e-01 -1.04366263e+01
  3.41514555e+02] 10.437525417939364
[-3.22022357e+00 -8.03908835e-02  1.86799076e-02 -1.04804541e+01
  3.41926200e+02] 10.480779046415048
[-3.25442138e+00 -1.12146166e-01  3.29691918e-03 -1.05668143e+01
  3.41306747e+02] 10.56740986868321
[-3.15271451e+00 -5.39218669e-02 -1.77165639e-01 -1.03118943e+01
  3.41644482e+02] 10.313557033071724
[-3.18453073e+00  1.12448322e-01 -7.56667935e-02 -1.02368448e+01
  3.39761661e+02] 10.237742004354857
[-3.24929302e+00 -1.24486911e-02  2.37937826e-01 -1.05893512e+01
  3.42960826e+02] 10.592031383305333
[-3.21284747e+00 -5.60596363e-02 -2.08950827e-02 -1.01869584e+01
  3.39737925e+02] 10.187134104373902
[-3.20296718e+00  1.36588551e-02 -1.08850317e-01 -1.04531635e+01
  3.41530254e+02] 10.453739181205176
[-3.29631157e+00 -1.40762859e-01  2.11266606e-01 -1.03835188e+01
  3.42051248e+02] 10.386621678080239
[-3.22127559e+00 -1.08807001e-01 -6.92819832e-03 -1.02939313e+01
  3.39330212e+02] 10.29450870652596
[-3.21822956e+00 -2.49210775e-01 -8.39378563e-03 -1.04295477e+01
  3.42859420e+02] 10.432528104497434
[-3.28823177e+00 -1.66993913e-01 -1.53119489e-01 -1.05893314e+01
  3.41955751e+02] 10.591754921552772
[-3.17742149e+00  8.01311608e-02  2.24692249e-01 -1.05266701e+01
  3.41928323e+02] 10.52937279241299
[-3.19744850e+00  2.15942282e-01 -1.17752319e-01 -1.04008668e+01
  3.40314315e+02] 10.40377464310484
[-3.18212150e+00  1.34895968e-01  5.78815899e-02 -1.03762651e+01
  3.41075429e+02] 10.37730334815463
[-3.25578104e+00 -1.51414944e-01 -1.27506375e-01 -1.06302708e+01
  3.43449466e+02] 10.632113714235174
[-3.25911302e+00 -5.71075919e-02 -3.16882889e-01 -1.04392513e+01
  3.41810724e+02] 10.444215827965744
[-3.19556687e+00  2.10495954e-01 -6.15871746e-02 -1.05287764e+01
  3.43334370e+02] 10.531060422072695
[-3.18635542e+00  7.88133537e-02 -1.03550820e-01 -1.04100236e+01
  3.43532972e+02] 10.410836921855525
[-3.13657452e+00 -1.84936390e-01  4.36109386e-02 -1.02485309e+01
  3.42193930e+02] 10.25029214162153
[-3.22503495e+00  1.14543596e-01 -1.73146928e-01 -1.06314109e+01
  3.44262496e+02] 10.633437740425439
[-3.25059035e+00 -3.05733479e-02  1.09339930e-01 -1.05628072e+01
  3.42393495e+02] 10.563417336455538
[-3.28114244e+00  1.58773112e-02  4.74203635e-02 -1.06405696e+01
  3.41894377e+02] 10.640687155093168
[-3.20140316e+00 -1.03864425e-01  3.20443626e-01 -1.04932168e+01
  3.41880972e+02] 10.498622338821466
[-3.19460368e+00  1.38291355e-01  8.42117041e-03 -1.03229442e+01
  3.42642879e+02] 10.323873910838264
[-3.21220474e+00  4.36625941e-02  3.46869299e-02 -1.05526486e+01
  3.44121364e+02] 10.552795935124978
[-3.27003681e+00 -1.34510653e-01  2.97321757e-01 -1.05123227e+01
  3.40837274e+02] 10.517386647964182
[-3.25660218e+00 -3.52665841e-02 -1.32985352e-01 -1.07113824e+01
  3.42679466e+02] 10.71226591087839
[-3.24126499e+00 -1.24809316e-01 -2.23370133e-01 -1.05740347e+01
  3.44106028e+02] 10.577130147449257
[-3.24212810e+00 -1.26034228e-01  1.10912864e-02 -1.04740856e+01
  3.42622487e+02] 10.47484976176718
[-3.25368155e+00  4.60293910e-02 -1.29529112e-01 -1.06492300e+01
  3.45929266e+02] 10.650117189885092
[-3.16364881e+00 -4.25806352e-03 -4.73674172e-02 -1.01622029e+01
  3.39439768e+02] 10.162314227843654
[-3.20959587e+00 -3.75625681e-02  2.71425728e-03 -1.06288073e+01
  3.41986867e+02] 10.628874034830446
[-3.20738442e+00 -8.21170138e-02  8.11802847e-02 -1.03354870e+01
  3.39604315e+02] 10.336131971856037
[-3.06520144e+00 -1.48320689e-01 -1.68966520e-01 -1.02201059e+01
  3.42357752e+02] 10.222578580864763
[-3.21182389e+00  1.66483473e-01 -1.36252978e-01 -1.05014021e+01
  3.41589398e+02] 10.503605459836288
[-3.22150851e+00 -2.08849246e-01  8.04581360e-03 -1.02068968e+01
  3.37754199e+02] 10.20903642134815
[-3.14703594e+00  2.99949568e-01 -5.59850847e-02 -1.03799980e+01
  3.42284918e+02] 10.384481806595536
[-3.15346609e+00 -3.96102294e-02 -9.70698677e-02 -1.04886305e+01
  3.43016527e+02] 10.48915446679288
[-3.21853926e+00 -2.39624892e-01 -1.37230732e-01 -1.03001024e+01
  3.40264372e+02] 10.303803221741095
[-3.25333119e+00  7.68205633e-02 -8.41269155e-02 -1.01630514e+01
  3.39188751e+02] 10.16368987970814
[-3.20137984e+00 -2.69813962e-01  4.96671838e-02 -1.05823576e+01
  3.42564757e+02] 10.585913221923981
[-3.22878954e+00 -1.62003250e-01  4.17031604e-02 -1.03230811e+01
  3.39926810e+02] 10.324436403867724
[-3.28448099e+00  1.33604383e-01  4.75547318e-02 -1.05889077e+01
  3.42143143e+02] 10.589857346344266
[-3.20977754e+00 -3.06236913e-02 -2.39918600e-01 -1.04518405e+01
  3.41897166e+02] 10.45463860365537
[-3.21463772e+00 -1.97513098e-01  1.23303424e-01 -1.02291395e+01
  3.38335201e+02] 10.231789183447626
[-3.17771131e+00 -9.18457283e-02  1.01258978e-01 -1.06392498e+01
  3.45365550e+02] 10.640128076534863
[-3.17447224e+00  1.14730119e-01  2.15280309e-01 -1.04030604e+01
  3.41047869e+02] 10.405920114900454
[-3.21479457e+00  2.47176870e-01  3.82487318e-03 -1.01210464e+01
  3.37794438e+02] 10.124064908948169
[-3.23997740e+00  1.41399729e-01 -8.34322437e-02 -1.03323152e+01
  3.42259046e+02] 10.33361948624012
[-3.27921131e+00 -3.32949627e-02 -1.09894800e-01 -1.04725600e+01
  3.42035491e+02] 10.473189539525771
[-3.22115483e+00 -2.64400106e-01  1.09111779e-01 -1.04443644e+01
  3.41555848e+02] 10.448280274635554
[-3.15936255e+00  6.04754205e-02 -1.03465860e-01 -1.05659082e+01
  3.43494629e+02] 10.566587830193201
[-3.08400942e+00  2.08026931e-01  1.30864529e-01 -1.03072463e+01
  3.41732820e+02] 10.310175853825823
[-3.21636353e+00 -1.46252721e-01  2.24348909e-01 -1.03381066e+01
  3.39990259e+02] 10.34157480866524
[-3.19415168e+00  1.34420033e-01  2.93358594e-02 -1.06421816e+01
  3.44633062e+02] 10.643070906517472
[-3.31177785e+00  1.81965213e-01 -3.28730596e-02 -1.06118463e+01
  3.41803955e+02] 10.613457186051367
[-3.31613468e+00 -2.38736174e-01 -9.49264873e-02 -1.04964063e+01
  3.41935311e+02] 10.49955009719678
[-3.20311908e+00 -1.33561778e-01  2.07723576e-02 -1.01289971e+01
  3.39774101e+02] 10.129898917640533
[-3.27134046e+00 -7.33141823e-03  5.48596785e-02 -1.03707157e+01
  3.40139337e+02] 10.370863350081153
[-3.27150890e+00 -7.95219915e-02  1.94161307e-01 -1.04409527e+01
  3.41020571e+02] 10.443060669508679
[-3.28548844e+00 -1.40900813e-01 -8.49073517e-02 -1.04591821e+01
  3.41343272e+02] 10.460475739053596
[-3.19269517e+00  2.38089189e-01 -3.02710270e-01 -1.07035232e+01
  3.43815203e+02] 10.710449515181159
[-3.26636709e+00  5.10095273e-02  6.80362622e-02 -1.03761733e+01
  3.40122700e+02] 10.376521777321983
[-3.20501589e+00  6.65874715e-02  5.26608781e-02 -1.06559098e+01
  3.42690633e+02] 10.656247942807745
[-3.22174077e+00 -1.54988497e-01  9.56863945e-03 -1.05440233e+01
  3.43155660e+02] 10.545166711141807
[-3.20634685e+00 -4.93596361e-02  8.12980392e-02 -1.05194746e+01
  3.42352114e+02] 10.519904508674117
[-3.22088018e+00 -3.42768837e-02 -4.18915610e-02 -1.06452818e+01
  3.41459716e+02] 10.64541942133475
[-3.24108695e+00  2.26167350e-01 -4.36729968e-02 -1.04814963e+01
  3.40512465e+02] 10.484027050260991
[-3.14798508e+00  2.04475309e-01 -1.57397833e-01 -1.04765232e+01
  3.39970063e+02] 10.479700479107512
[-3.26035437e+00  1.56498065e-01  1.38991844e-01 -1.02967864e+01
  3.39735886e+02] 10.298913522461312
[-3.17088076e+00 -8.01065825e-02  6.20841140e-02 -1.04223523e+01
  3.41419274e+02] 10.42284507840887
[-3.13906205e+00  1.17807179e-01 -1.76522821e-01 -1.02392028e+01
  3.41276630e+02] 10.241401898890633
[-3.26925256e+00 -6.33731648e-02 -1.81691056e-01 -1.04353561e+01
  3.41062963e+02] 10.437130054193638
[-3.19949282e+00  1.22543128e-01 -1.05792227e-01 -1.02769302e+01
  3.39669854e+02] 10.278205256518481
[-3.22899611e+00 -2.73960753e-01 -7.18393640e-02 -1.05472286e+01
  3.41904023e+02] 10.551030591505885
[-3.18547010e+00  1.99651774e-01 -1.44694094e-01 -1.03321488e+01
  3.40666958e+02] 10.335090535815894
[-3.18142404e+00  4.74118955e-02 -7.34975597e-02 -1.01765589e+01
  3.41641764e+02] 10.17693477865475
[-3.14411843e+00 -4.58121403e-02 -2.06870999e-01 -1.03858659e+01
  3.42747726e+02] 10.388026955553345
[-3.27655662e+00 -1.82762154e-01  1.12012729e-01 -1.04364861e+01
  3.41052448e+02] 10.438687229794441
[-3.17667370e+00  1.27116878e-01  3.55718785e-01 -1.04700661e+01
  3.41035309e+02] 10.476878317121713
[-3.16201816e+00 -1.82350029e-01 -9.15038270e-02 -1.04945950e+01
  3.44464011e+02] 10.496577974108783
[-3.23393852e+00 -2.61491650e-01 -1.54660880e-01 -1.03413233e+01
  3.39484652e+02] 10.34578495223525
[-3.17745668e+00 -1.98785074e-01 -5.41189342e-02 -1.02094122e+01
  3.39148207e+02] 10.211490696006507
[-3.25175254e+00 -2.26384821e-01  2.59083494e-01 -1.04809184e+01
  3.42900021e+02] 10.486564026948395
[-3.22236949e+00 -4.50062548e-02 -3.75626982e-02 -1.03306130e+01
  3.41338594e+02] 10.330779313228271
[-3.10930746e+00 -6.65388936e-02 -1.81548998e-01 -1.04000701e+01
  3.43075243e+02] 10.401867393202735
[-3.28266774e+00 -3.23585579e-02  1.41386889e-01 -1.04701847e+01
  3.41869356e+02] 10.471189269846723
[-3.22390804e+00  2.18996156e-02  2.54151005e-01 -1.05707529e+01
  3.43673602e+02] 10.573830366296676
[-3.25544523e+00  2.10058807e-01 -9.59574494e-02 -1.04170086e+01
  3.43647116e+02] 10.419568172920313
[-3.25092597e+00  1.16992435e-01 -1.14446786e-01 -1.06809867e+01
  3.44928876e+02] 10.68224047735684
[-3.30406826e+00  5.60482393e-02 -2.34682166e-01 -1.04364549e+01
  3.40356536e+02] 10.439243650160865
[-3.18698275e+00 -1.21796219e-01 -9.29056923e-02 -1.04178120e+01
  3.40905151e+02] 10.418938152970544
[-3.20282786e+00  1.56395599e-01  9.44381811e-02 -1.05597279e+01
  3.42000051e+02] 10.561308185119449
[-3.14363995e+00  1.69284026e-01  1.31577890e-02 -1.03395378e+01
  3.42981044e+02] 10.34093184145391
[-3.10551656e+00  1.64480309e-01  2.51214317e-01 -1.03283152e+01
  3.40797366e+02] 10.33267909537485
[-3.21211776e+00  3.01144599e-01  1.89394438e-01 -1.05012558e+01
  3.44685485e+02] 10.507279969373673
[-3.24604003e+00 -2.12542170e-01  5.74985966e-02 -1.07530994e+01
  3.45601514e+02] 10.75535344390167
[-3.14304679e+00  1.40411319e-02 -1.52251963e-01 -1.04140870e+01
  3.42707014e+02] 10.415209350176122
[-3.28219945e+00 -2.91784823e-01 -1.83015504e-01 -1.04350047e+01
  3.41527650e+02] 10.440687487038893
[-3.15611090e+00  1.92106439e-01  9.32871834e-03 -1.05641124e+01
  3.42625228e+02] 10.565863077131583
[-3.16297385e+00  9.30188352e-02  1.24046644e-01 -1.06554751e+01
  3.42482256e+02] 10.656603068949513
[-3.18005676e+00  1.13925081e-01  9.81434417e-02 -1.00947122e+01
  3.39055694e+02] 10.095832110661746
[-3.19068257e+00  2.71988618e-02 -3.60369138e-01 -1.04823078e+01
  3.43884554e+02] 10.488535780673681
[-3.19036100e+00  4.13364467e-02 -1.28340673e-01 -1.03759961e+01
  3.41533450e+02] 10.376872111212657
[-3.20739399e+00  1.31895619e-01  2.67042529e-01 -1.04632590e+01
  3.45102676e+02] 10.467497175358186
[-3.17542213e+00 -3.76092950e-01 -1.29933373e-01 -1.04103456e+01
  3.41401279e+02] 10.417947195978574
[-3.18921884e+00 -1.51786157e-01 -2.70174456e-03 -1.02536173e+01
  3.41898413e+02] 10.254741095439767
[-3.15751039e+00  1.27864420e-01 -1.99664220e-01 -1.07497049e+01
  3.47217817e+02] 10.752319355501577
[-3.15464786e+00  1.04328200e-01  1.04651135e-01 -1.04619001e+01
  3.42041071e+02] 10.462943665042697
[-3.29413038e+00  1.54183230e-01  2.30980213e-01 -1.06424014e+01
  3.43427575e+02] 10.64602424495731
[-3.26376354e+00  4.70104476e-02 -1.50453516e-01 -1.02722060e+01
  3.42393351e+02] 10.27341529596464
[-3.15455451e+00 -5.22484450e-02  3.44098136e-02 -1.02333637e+01
  3.39387116e+02] 10.233554949054794
[-3.20184471e+00 -1.45005409e-01 -1.11766437e-01 -1.03068001e+01
  3.41566362e+02] 10.308425993886159
[-3.22024561e+00  4.82050965e-02  2.66702949e-01 -1.04329134e+01
  3.40761873e+02] 10.436433087833057
[-3.09382765e+00 -2.13764852e-02  3.09230750e-01 -1.03932600e+01
  3.43556986e+02] 10.397881272366565
[-3.27225515e+00 -1.36039392e-02 -7.75797276e-02 -1.07347259e+01
  3.44665141e+02] 10.735014879871134
[-3.25338565e+00  4.47477012e-02 -3.41014120e-01 -1.05942664e+01
  3.43706126e+02] 10.59984776496548
[-3.18174014e+00 -2.19899001e-01  3.75487310e-02 -1.03700151e+01
  3.41843633e+02] 10.37241430398127
[-3.16809986e+00  4.59728416e-02 -7.35277313e-02 -1.03863082e+01
  3.41278138e+02] 10.386670241440472
[-3.25665763e+00 -2.14515458e-02  6.54064951e-02 -1.05507694e+01
  3.41431061e+02] 10.550993969329639
[-3.22211940e+00 -3.27225968e-01 -6.70392084e-02 -1.05670473e+01
  3.43800083e+02] 10.572325222745878
[-3.22282901e+00  2.53113120e-02 -1.75016917e-01 -1.06472701e+01
  3.44845136e+02] 10.648738540184121
[-3.14349308e+00 -3.33333717e-01 -8.03093730e-02 -1.03330769e+01
  3.40540519e+02] 10.338763884325767
[-3.31425613e+00  1.37534543e-01  9.15336787e-02 -1.04982152e+01
  3.42283133e+02] 10.499515056007933
[-3.18552886e+00  1.73457722e-01  1.46697786e-02 -1.05488983e+01
  3.44374597e+02] 10.55033449376403
[-3.18201969e+00  8.51319385e-03  3.99671177e-01 -1.06469544e+01
  3.43458806e+02] 10.654456699429838
[-3.24818004e+00  1.14881039e-01 -1.13435722e-01 -1.03473119e+01
  3.42069982e+02] 10.348571300196223
[-3.21485286e+00 -9.97784785e-02  7.87048080e-02 -1.01457308e+01
  3.39699056e+02] 10.146526669993381
[-3.15706446e+00 -1.26775552e-01  1.24765691e-01 -1.06817590e+01
  3.43701667e+02] 10.683239874741542
[-3.21915990e+00 -2.78410160e-02 -2.77914832e-02 -1.05779391e+01
  3.43096866e+02] 10.578012287846116
[-3.21075243e+00  2.28638484e-01  8.33391218e-02 -1.06414022e+01
  3.44169213e+02] 10.644184448824078
[-3.16037885e+00  7.49129710e-02 -4.12086437e-02 -1.02453436e+01
  3.40021030e+02] 10.245700342268924
[-3.13472972e+00 -1.30053895e-02  4.90245481e-03 -1.03488369e+01
  3.41902753e+02] 10.348846265621047
[-3.22998085e+00  2.02191713e-01  1.05870399e-01 -1.03596404e+01
  3.40735200e+02] 10.362154159257702
[-3.23096919e+00 -5.01026721e-02  3.77675784e-01 -1.05925818e+01
  3.41597011e+02] 10.599431062363282
[-3.28032233e+00 -3.97371901e-02 -1.44531238e-01 -1.04630164e+01
  3.41759892e+02] 10.464090045210074
[-3.12967286e+00 -3.50414958e-01  6.40621057e-02 -1.03379131e+01
  3.41627847e+02] 10.34404861020321
[-3.26089174e+00 -3.98480176e-02  3.50292115e-01 -1.04152018e+01
  3.40789689e+02] 10.421166919625643
[-3.20097428e+00 -1.40962412e-01  2.80557695e-01 -1.06631268e+01
  3.43245695e+02] 10.667748446014707
[-3.22088136e+00 -9.87798656e-02 -9.91004648e-02 -1.02665309e+01
  3.40433768e+02] 10.267484361943792
[-3.24867272e+00 -1.89773117e-01 -1.63525334e-02 -1.05358157e+01
  3.43437309e+02] 10.53753733259762
[-3.19369648e+00  2.23916638e-01 -1.46766359e-02 -1.03527643e+01
  3.40973619e+02] 10.355195962982325
[-3.21608833e+00 -1.83403240e-02  8.50829885e-02 -1.05593309e+01
  3.42403336e+02] 10.559689590758072
[-3.19075184e+00  1.09000508e-01  1.14152771e-01 -1.05100076e+01
  3.42611581e+02] 10.511192716799687
[-3.21959357e+00  1.07480176e-01  3.08978000e-01 -1.04451125e+01
  3.41330619e+02] 10.45023416690728
[-3.29417622e+00  1.99162524e-01 -7.60538332e-02 -1.05004283e+01
  3.41808404e+02] 10.502592317988077
[-3.30701067e+00 -9.41565657e-02 -7.68347976e-02 -1.05741371e+01
  3.41263786e+02] 10.574835406603441
[-3.17940311e+00 -3.73630960e-01  1.17980567e-01 -1.05052521e+01
  3.41801439e+02] 10.512556379169697
[-3.16062105e+00 -3.20738910e-01  1.52697176e-01 -1.04933575e+01
  3.41932789e+02] 10.499368597305008
[-3.09981226e+00 -1.33769242e-02 -1.94102949e-01 -1.05930706e+01
  3.43482359e+02] 10.594857197376802
[-3.18137922e+00 -1.70460026e-02  1.26628978e-02 -1.00914724e+01
  3.40512899e+02] 10.09149476629622
[-3.16502801e+00  2.25238480e-01 -2.57173931e-01 -1.06572099e+01
  3.45865590e+02] 10.662691642106374
[-3.22624038e+00  2.49223310e-01 -1.67279289e-01 -1.04208882e+01
  3.43149200e+02] 10.425210138462248
[-3.20006377e+00 -8.93119493e-02  1.80263971e-01 -1.03705688e+01
  3.41468516e+02] 10.372519864279454
[-3.21699417e+00  1.03880853e-01  4.89590783e-02 -1.03496416e+01
  3.43506067e+02] 10.350278747063271
[-3.21363198e+00  1.52189248e-01  2.07431339e-01 -1.02156234e+01
  3.41189268e+02] 10.218862543562182
[-3.25306464e+00 -7.48076426e-02  3.01440512e-02 -1.02516869e+01
  3.39503699e+02] 10.252004115846967
[-3.22293774e+00  1.32695365e-01 -1.90091476e-01 -1.06254962e+01
  3.42816401e+02] 10.628024810742856
[-3.22414457e+00 -3.51514797e-02 -8.78739591e-02 -1.06886177e+01
  3.42764166e+02] 10.689036662306968
[-3.20628334e+00 -7.52470483e-02  2.78676034e-01 -1.03397283e+01
  3.40957047e+02] 10.343756714032606
[-3.20482638e+00  2.25202996e-01  8.50255952e-02 -1.04314502e+01
  3.42182883e+02] 10.434227248251457
[-3.21701378e+00 -2.63444949e-02 -1.33735765e-01 -1.04821889e+01
  3.41822884e+02] 10.483075058283813
[-3.19978959e+00  2.22128671e-01 -1.07190124e-01 -1.04532360e+01
  3.39384892e+02] 10.456145223642435
[-3.22087360e+00  1.82878356e-01  1.31786924e-01 -1.03533583e+01
  3.40071392e+02] 10.355811870718023
[-3.19307299e+00 -5.62030081e-02  7.50609542e-02 -1.04546712e+01
  3.43136575e+02] 10.455091708950613
[-3.14630009e+00  8.82533714e-02  2.84796614e-01 -1.00630193e+01
  3.39397170e+02] 10.067435382210403
[-3.21219635e+00 -9.49111920e-02  2.07148160e-01 -1.04839829e+01
  3.42388849e+02] 10.486458675187592
[-3.20137504e+00  4.82094998e-02 -5.92053515e-02 -1.03239977e+01
  3.40637059e+02] 10.324280035125708
[-3.22917737e+00 -5.28988323e-02  1.20733261e-01 -1.04626781e+01
  3.40063918e+02] 10.46350840521593
[-3.19364865e+00  1.16602213e-01 -4.89071484e-02 -1.05270248e+01
  3.45413219e+02] 10.52778413718392
[-3.24290990e+00  9.41670935e-02 -1.76658918e-01 -1.07113260e+01
  3.44150390e+02] 10.713196512110853
[-3.16377699e+00  1.04284111e-01  1.02589314e-01 -1.03506136e+01
  3.41550198e+02] 10.351647284224363
[-3.26790274e+00 -1.01981957e-01 -2.38775927e-01 -1.07673292e+01
  3.44212262e+02] 10.770459230939982
[-3.28853868e+00 -3.30199718e-02  3.75906778e-01 -1.05411530e+01
  3.42131151e+02] 10.547905106084873
[-3.18084445e+00 -2.81861122e-01  3.33404635e-02 -1.05705524e+01
  3.43773322e+02] 10.574362155642866
[-3.17388873e+00  2.44612119e-02 -4.73383736e-02 -1.04404175e+01
  3.41928760e+02] 10.44055352231881
[-3.29301359e+00  4.85478972e-02 -3.48518109e-02 -1.06793239e+01
  3.42509748e+02] 10.679491124787527
[-3.20593228e+00  2.38404075e-01  1.50232332e-01 -1.02917164e+01
  3.40339211e+02] 10.295573416549306
[-3.24560159e+00 -2.83018630e-01  9.45292109e-02 -1.04930523e+01
  3.41278461e+02] 10.497294069814041
[-3.22452055e+00 -1.74648466e-01  1.10005248e-01 -1.06021876e+01
  3.42402202e+02] 10.604196574062534
[-3.21380471e+00  5.70220463e-02  2.48133861e-01 -1.04601806e+01
  3.43885163e+02] 10.46327862455256
[-3.24546653e+00 -1.23604349e-01 -2.01914053e-01 -1.04472632e+01
  3.41845597e+02] 10.449945264480064
[-3.22031602e+00  1.26111277e-01  1.95657688e-01 -1.03680147e+01
  3.42450266e+02] 10.370627522251567
[-3.13221941e+00  2.07417958e-01 -1.51763487e-01 -1.02521951e+01
  3.41093989e+02] 10.255416072881953
[-3.28039834e+00 -2.30364593e-01 -2.30472410e-01 -1.05072677e+01
  3.42774549e+02] 10.512319423615228
[-3.14193655e+00 -1.42993432e-01 -2.75141682e-01 -1.02940447e+01
  3.40892559e+02] 10.2987137711318
[-3.22686636e+00 -6.79720809e-02 -3.44200053e-01 -1.06520287e+01
  3.44874138e+02] 10.65780504530649
[-3.23015541e+00 -2.32720098e-01  5.92929848e-02 -1.05411076e+01
  3.42618356e+02] 10.543842888091351
[-3.20524431e+00 -3.53189002e-01  6.95743483e-02 -1.02367361e+01
  3.40687680e+02] 10.24306346952394
[-3.20238572e+00 -1.27146869e-01  2.98346274e-01 -1.04846420e+01
  3.42274599e+02] 10.489656522619311
[-3.14357852e+00  1.22419320e-01 -8.11174084e-02 -1.01752647e+01
  3.38920789e+02] 10.176324384518765
[-3.20452857e+00 -2.92533504e-01 -9.07310500e-02 -1.03601186e+01
  3.41255037e+02] 10.364644926721345
[-3.21072532e+00 -2.62678509e-03  5.92178029e-02 -1.01819303e+01
  3.39224665e+02] 10.182102822854729
[-3.23407856e+00  2.84275012e-01 -6.45748492e-02 -1.04336453e+01
  3.40971405e+02] 10.437716966340561
[-3.18413215e+00  2.28654915e-02 -3.59778096e-01 -1.05471594e+01
  3.44429298e+02] 10.553318634276032
[-3.22750665e+00  1.14446323e-01  1.75563474e-01 -1.04172512e+01
  3.42504965e+02] 10.419359066303961
[-3.28597150e+00  1.73388931e-01  2.38027080e-01 -1.06292936e+01
  3.44046671e+02] 10.633372173356141
[-3.13565788e+00 -6.70899190e-02 -1.63018516e-01 -1.05019779e+01
  3.43660592e+02] 10.503457312583189
[-3.23663497e+00 -1.27672575e-01  2.20386524e-01 -1.05812895e+01
  3.41420725e+02] 10.584354427783607
[-3.21171403e+00 -1.47185622e-01 -7.29035515e-02 -1.04347903e+01
  3.39431688e+02] 10.436082954042766
[-3.26229904e+00 -4.75345905e-02 -2.95713053e-01 -1.04815798e+01
  3.41691417e+02] 10.485858140902879
[-3.24205696e+00  1.67364070e-01  9.98317893e-02 -1.05401731e+01
  3.40205719e+02] 10.541974530451363
[-3.20717532e+00 -1.13624363e-01 -1.07780108e-01 -1.02234550e+01
  3.39470426e+02] 10.224654462625349
[-3.19570729e+00  7.92767259e-02 -1.89735142e-01 -1.03358417e+01
  3.42132090e+02] 10.337887048233116
[-3.20354052e+00  7.85423559e-02  2.25207171e-01 -1.05240677e+01
  3.43779859e+02] 10.526770054787523
[-3.28067809e+00  2.06841123e-01  2.17831846e-01 -1.06301610e+01
  3.43278162e+02] 10.634404414508884
[-3.17143278e+00  2.90001585e-01  1.31859651e-02 -1.02780006e+01
  3.41430841e+02] 10.282099530578348
[-3.16097297e+00  2.61582302e-01 -8.54985276e-02 -1.04792228e+01
  3.43796935e+02] 10.482835769003161
[-3.19498160e+00 -4.39077177e-02 -7.25885092e-02 -1.00485590e+01
  3.38306889e+02] 10.048917072243682
[-3.23891063e+00  4.97724114e-02  2.15127184e-01 -1.02048094e+01
  3.38917483e+02] 10.207198081714663
[-3.23867617e+00 -2.42570799e-01  3.84722005e-02 -1.03589654e+01
  3.42351788e+02] 10.36187647804227
[-3.22442993e+00  3.10773694e-01 -3.91880226e-02 -1.02857111e+01
  3.39963413e+02] 10.290479541454282
[-3.16815345e+00 -1.76216993e-03 -1.74437106e-01 -1.02177316e+01
  3.41131448e+02] 10.219220640370947
[-3.27501285e+00 -7.96630766e-02 -9.45243673e-03 -1.04886093e+01
  3.44796979e+02] 10.488916052312058
[-3.17410106e+00  5.61616835e-03  6.59956197e-02 -1.01895433e+01
  3.40627866e+02] 10.189758599367972
[-3.21683498e+00 -2.91812406e-01  7.82116207e-02 -1.04762622e+01
  3.43807484e+02] 10.4806174415656
[-3.23882990e+00  2.27340846e-01  1.80121304e-01 -1.04053273e+01
  3.42397481e+02] 10.409369034523342
[-3.27534335e+00 -2.40507884e-02 -1.22855823e-01 -1.05631560e+01
  3.42688883e+02] 10.563897796870002
[-3.19839631e+00  2.44140791e-01 -1.06347471e-01 -1.04123148e+01
  3.41165366e+02] 10.415719544642206
[-3.20529694e+00 -1.37211028e-01 -1.24734023e-01 -1.03295428e+01
  3.41363411e+02] 10.331207098158043
[-3.14370380e+00  8.41042984e-02  3.18032772e-01 -1.05422001e+01
  3.43566027e+02] 10.547331477216126
[-3.25148631e+00  3.67136686e-01 -3.75918847e-02 -1.03157333e+01
  3.41183305e+02] 10.322332849415313
[-3.17069405e+00  2.49250521e-02 -2.61236882e-02 -1.03147839e+01
  3.41266843e+02] 10.314847094759417
[-3.16709252e+00  9.05360379e-04 -2.34007831e-01 -1.04761961e+01
  3.41481933e+02] 10.478809298917197
[-3.27031834e+00 -1.80598189e-02  9.83443346e-02 -1.05439920e+01
  3.40873907e+02] 10.544466098024614
[-3.21119222e+00 -5.36668192e-02  1.03329947e-01 -1.08491331e+01
  3.46306743e+02] 10.849757894858264
[-3.17464385e+00 -1.08757481e-01 -5.10810206e-02 -1.04284128e+01
  3.41449561e+02] 10.429105033583653
[-3.15264209e+00  5.36283220e-02  5.68191355e-02 -1.01680316e+01
  3.40376185e+02] 10.168331747341322
[-3.22039613e+00  8.30102736e-02 -9.82625862e-02 -1.03933820e+01
  3.41660212e+02] 10.394178017224629
[-3.27886782e+00 -8.53178902e-02  1.36666428e-02 -1.06339182e+01
  3.44011668e+02] 10.634269239173488
[-3.26607407e+00  4.69103294e-02  2.04801622e-01 -1.06502951e+01
  3.41533164e+02] 10.652367346679785
[-3.21006066e+00  1.59977018e-01 -3.00802808e-02 -1.03913663e+01
  3.40553550e+02] 10.392641157741986
[-3.22175646e+00 -5.51855666e-02  1.02610537e-01 -1.08360258e+01
  3.44985482e+02] 10.836652124233686
[-3.19579287e+00  1.13443168e-01 -2.60740298e-02 -1.06640942e+01
  3.42237419e+02] 10.664729411803826
[-3.16449588e+00  1.24393400e-01  7.21866963e-03 -1.04022311e+01
  3.41138366e+02] 10.402977299960105
[-3.18380472e+00  1.99604272e-01 -6.65122541e-02 -1.02476073e+01
  3.39878433e+02] 10.24976686341211
[-3.20537786e+00  7.26544977e-02  1.26799759e-01 -1.04407858e+01
  3.41479454e+02] 10.44180853368668
[-3.22567457e+00  1.05828288e-01  5.39101331e-02 -1.07313905e+01
  3.43726605e+02] 10.732047677171117
[-3.22005061e+00 -6.46940488e-02  3.54913677e-01 -1.06056326e+01
  3.42606610e+02] 10.611766636784171
[-3.23265378e+00  1.24794001e-01 -4.14886032e-02 -1.05082758e+01
  3.41269381e+02] 10.509098669253282
[-3.23337938e+00  5.85437914e-02  2.87627646e-02 -1.03833933e+01
  3.40733949e+02] 10.383598158584356
[-3.15181903e+00  1.09920062e-01  1.12165134e-01 -1.05290145e+01
  3.43348163e+02] 10.53018562038653
[-3.18743072e+00 -6.03627967e-02  1.43121006e-01 -1.07257006e+01
  3.43751512e+02] 10.726825285322004
[-3.24347120e+00 -8.85556128e-02  2.13932319e-01 -1.04439205e+01
  3.44027288e+02] 10.446486666946798
[-3.19934970e+00  1.00020499e-01 -5.06449025e-02 -1.06461454e+01
  3.44239522e+02] 10.64673569142402
[-3.23410229e+00  1.60800552e-01 -7.24755004e-02 -1.06625586e+01
  3.43859949e+02] 10.664017307442988
[-3.21339895e+00  9.56513547e-02  2.05291599e-01 -1.04114325e+01
  3.42451628e+02] 10.413895574904808
[-3.22348582e+00 -3.22666139e-01 -1.69866057e-01 -1.04275374e+01
  3.42484739e+02] 10.433911300625272
[-3.26479896e+00  9.68937789e-02  1.71861024e-01 -1.04005225e+01
  3.40956069e+02] 10.402393603303242
[-3.19833755e+00 -6.89781877e-02  1.96349635e-01 -1.04783946e+01
  3.42839463e+02] 10.480461046877561
[-3.22145978e+00 -1.43862745e-01 -1.16979637e-02 -1.05405420e+01
  3.42547090e+02] 10.541530243045086
[-3.12408350e+00  1.69617969e-01 -4.65629085e-02 -1.04725700e+01
  3.42959129e+02] 10.47404699449172
[-3.27271797e+00 -1.51821472e-02  2.96345767e-02 -1.03652820e+01
  3.41479639e+02] 10.365335489461392
[-3.23265440e+00  9.39164114e-02 -1.37251906e-01 -1.03279955e+01
  3.39448095e+02] 10.329334395273673
[-3.18294055e+00  2.28207911e-01 -1.78091289e-01 -1.04268723e+01
  3.39565093e+02] 10.430889716778251
[-3.24787458e+00 -1.52453748e-01 -2.55806976e-01 -1.04769994e+01
  3.41473578e+02] 10.481230671061493
[-3.18855907e+00 -1.59200257e-01 -1.80185923e-01 -1.07175703e+01
  3.45580547e+02] 10.720267010760319
[-3.25368955e+00 -2.45184932e-01 -1.72173090e-01 -1.04844247e+01
  3.42193765e+02] 10.488704426274243
[-3.27104629e+00 -1.64312318e-01  2.71473191e-01 -1.05963000e+01
  3.43659009e+02] 10.601050391651764
[-3.11744515e+00 -5.57785893e-02  3.98491707e-02 -1.02076269e+01
  3.40892490e+02] 10.207857061497432
[-3.28182801e+00  1.64423131e-02  1.43507652e-02 -1.04364895e+01
  3.41391326e+02] 10.436512356762309
[-3.18411072e+00 -8.88171438e-02 -7.91138953e-02 -1.05095580e+01
  3.40133329e+02] 10.510231073235552
[-3.14114692e+00  5.10112612e-02 -1.17506029e-01 -1.03080400e+01
  3.40527230e+02] 10.308835921919833
[-3.22453411e+00  4.00492867e-02  8.45248557e-02 -1.05370862e+01
  3.44037718e+02] 10.53750128329644
[-3.18231987e+00 -1.65502278e-01 -3.33443099e-02 -1.06352355e+01
  3.41540219e+02] 10.636575426746091
[-3.21270100e+00 -3.48410247e-01  1.19989418e-02 -1.04650726e+01
  3.39291563e+02] 10.470877669725162
[-3.22071885e+00 -5.99026954e-02  4.71599409e-02 -1.05318187e+01
  3.40512005e+02] 10.532094669252857
[-3.21752949e+00 -1.21544131e-01  3.50906502e-01 -1.03944324e+01
  3.40167179e+02] 10.401064018343114
[-3.24575980e+00  1.76884380e-01  1.60502453e-01 -1.02692196e+01
  3.41467230e+02] 10.271996909623493
[-3.16203583e+00  9.04389227e-02 -3.89413252e-02 -1.04546796e+01
  3.40211040e+02] 10.455143260526231
[-3.22077160e+00 -1.17337387e-01 -1.69268425e-02 -1.04873046e+01
  3.42085260e+02] 10.487974696678902
[-3.32891813e+00 -6.35133482e-02 -3.17543584e-01 -1.05391651e+01
  3.40545629e+02] 10.544139119218489
[-3.27240424e+00 -9.33769785e-02  3.47333488e-01 -1.04250006e+01
  3.40016208e+02] 10.431203111509488
[-3.22684782e+00  2.98883108e-02 -5.02345987e-02 -1.06125059e+01
  3.42169525e+02] 10.612666888118047
[-3.17276139e+00 -2.10833152e-01  1.99252333e-01 -1.04006666e+01
  3.41411332e+02] 10.404711316992428
[-3.17540462e+00 -2.10664874e-01  1.21672674e-01 -1.03090368e+01
  3.40946942e+02] 10.31190690011482
[-3.19835265e+00 -2.18320540e-02 -1.69988671e-01 -1.05662769e+01
  3.41212783e+02] 10.5676667354239
[-3.26814779e+00 -2.12202384e-02 -4.07836560e-02 -1.07269858e+01
  3.44396505e+02] 10.727084340947425
[-3.25874689e+00 -1.16459730e-01 -2.24670395e-01 -1.06679547e+01
  3.41694726e+02] 10.670955726313716
[-3.28627868e+00 -1.18027710e-01  1.57680865e-01 -1.03265817e+01
  3.40859336e+02] 10.328459893698406
[-3.20751061e+00 -1.08594562e-01  6.95614927e-02 -1.03150955e+01
  3.41120019e+02] 10.315901597817167
[-3.24832943e+00  1.26973632e-01 -1.26675641e-01 -1.04172927e+01
  3.41386316e+02] 10.418836593784297
[-3.16872988e+00 -3.15422342e-01 -3.37288572e-02 -1.04953853e+01
  3.40698841e+02] 10.50017813437472
[-3.17995069e+00  1.56445993e-01  5.85123757e-02 -1.03691676e+01
  3.40012301e+02] 10.370512845480848
[-3.18416779e+00  4.73602685e-02  1.61229618e-01 -1.05095895e+01
  3.43833432e+02] 10.510932890389057
[-3.22931953e+00 -2.86296388e-02 -2.79352396e-02 -1.02867886e+01
  3.40188941e+02] 10.286866418829586
[-3.12771841e+00  2.54678587e-01  1.53761936e-01 -1.03955294e+01
  3.40071254e+02] 10.399785334762884
[-3.22457647e+00 -2.39527548e-01 -6.08038828e-02 -1.07141514e+01
  3.44536576e+02] 10.717000993504648
[-3.22517191e+00 -7.28360894e-02  1.60913632e-02 -1.02777385e+01
  3.39333529e+02] 10.27800915933085
[-3.24675223e+00  6.94238343e-04 -1.50128602e-02 -1.05126501e+01
  3.42765371e+02] 10.512660839354032
[-3.26419215e+00  6.66287922e-02  3.50920544e-01 -1.04348383e+01
  3.41723595e+02] 10.440949869057127
[-3.16473132e+00  1.67003344e-01  3.23217376e-01 -1.04205592e+01
  3.43471515e+02] 10.426908124948618
[-3.19317490e+00  2.20815939e-01 -1.44197644e-01 -1.04966151e+01
  3.41252964e+02] 10.499927632840983
[-3.20118920e+00  2.43015846e-01  9.52634317e-02 -1.06678604e+01
  3.44749109e+02] 10.671053203516248
[-3.19426272e+00  2.00925315e-01  3.85266771e-02 -1.03603878e+01
  3.40499540e+02] 10.362407541261128
[-3.15974367e+00 -9.64253776e-02  5.42424549e-02 -1.04872458e+01
  3.44004478e+02] 10.487829338666055
[-3.30169664e+00 -2.78831216e-01 -6.02663388e-02 -1.04526945e+01
  3.39224478e+02] 10.456586493781705
[-3.16364429e+00  1.84305695e-01  2.45489764e-01 -1.03245320e+01
  3.40322340e+02] 10.329094617247401
[-3.27420247e+00  3.33067072e-01  2.51292296e-01 -1.07764163e+01
  3.44019271e+02] 10.784490290568707
[-3.20199856e+00  2.17410427e-02  2.68293104e-01 -1.03939042e+01
  3.41684135e+02] 10.39738898328031
[-3.23322354e+00 -2.24313424e-01  1.96398420e-02 -1.03341863e+01
  3.38613743e+02] 10.336639171179987
[-3.23565515e+00  3.88934749e-02  6.96589056e-03 -1.03680348e+01
  3.42834001e+02] 10.368110065667041
[-3.15104193e+00  1.08873904e-01 -1.52830826e-01 -1.05597678e+01
  3.42478470e+02] 10.561434842456745
[-3.23289090e+00  1.09767440e-02 -3.10729286e-02 -1.06703690e+01
  3.44691027e+02] 10.670419882804932
[-3.19320630e+00  3.28957611e-01 -1.84704005e-02 -1.03650662e+01
  3.42049565e+02] 10.370301461078737
[-3.20838680e+00 -2.17813340e-01  2.51083806e-01 -1.05411824e+01
  3.41639741e+02] 10.546421719688428
[-3.20351654e+00 -3.25177843e-01 -3.10978823e-02 -1.06090233e+01
  3.42426030e+02] 10.614051161975707
[-3.26699779e+00  3.15899380e-02  1.55218850e-01 -1.04298333e+01
  3.41783171e+02] 10.431036047855367
[-3.20972825e+00  2.04868408e-01  3.50880483e-01 -1.06008431e+01
  3.43017811e+02] 10.608626755991066
[-3.28730039e+00 -6.46382803e-02 -2.19126491e-02 -1.02471785e+01
  3.38570298e+02] 10.247405801886961
[-3.23522239e+00 -1.20848937e-01  6.34892079e-02 -1.04290954e+01
  3.42154668e+02] 10.429988810826151
[-3.18945777e+00 -5.69333346e-02  3.36946134e-02 -1.05372844e+01
  3.43478255e+02] 10.537492055414802
[-3.26917315e+00  2.71763989e-01  3.02864035e-02 -1.03859006e+01
  3.39275793e+02] 10.389499710685197
[-3.20465938e+00  9.08298925e-02 -1.01671625e-01 -1.03437084e+01
  3.41883630e+02] 10.344606818697258
[-3.20038148e+00 -9.34351470e-02  1.24573369e-01 -1.03755658e+01
  3.41093560e+02] 10.376734311468974
[-3.23993977e+00  1.46357827e-01 -4.01802571e-02 -1.05586338e+01
  3.41294002e+02] 10.559724527206171
[-3.21503935e+00  3.84907641e-01  2.58415511e-01 -1.05797920e+01
  3.41456046e+02] 10.589944786992945
[-3.23160118e+00  2.12868956e-03 -6.37016244e-02 -1.04727147e+01
  3.41836532e+02] 10.47290866792763
[-3.15177445e+00  1.93436232e-01 -9.55172257e-02 -1.05272055e+01
  3.42876039e+02] 10.52941579941183
[-3.23242453e+00 -2.45497681e-02  8.32337664e-02 -1.05959853e+01
  3.44077010e+02] 10.596340636302653
[-3.23004549e+00  1.14563488e-01 -1.16190017e-01 -1.06989251e+01
  3.42302530e+02] 10.700169337497167
[-3.21720650e+00  1.14062831e-01  2.97614064e-01 -1.05028951e+01
  3.41657526e+02] 10.507730048659791
[-3.16877827e+00 -4.60926274e-02 -6.22115629e-02 -1.01641474e+01
  3.40607242e+02] 10.164442291656666
[-3.24149777e+00  3.98352539e-01  2.02732331e-02 -1.05725360e+01
  3.42324004e+02] 10.580057308378626
[-3.19628990e+00 -2.78200161e-01 -7.07869573e-02 -1.04277592e+01
  3.43425735e+02] 10.431709759856224
[-3.16768078e+00  2.26550066e-01  8.82046797e-02 -1.04836746e+01
  3.42640610e+02] 10.486493089296177
[-3.25021037e+00 -1.80329941e-01  3.26859790e-01 -1.04369526e+01
  3.43736461e+02] 10.443626560022254
[-3.24535024e+00  2.09136166e-01 -1.53233880e-01 -1.00824592e+01
  3.38159433e+02] 10.085792072449262
[-3.24610778e+00  1.49607373e-01 -3.04677847e-02 -1.05487886e+01
  3.41925324e+02] 10.549893489236524
[-3.27999408e+00  1.61562394e-01  7.62795480e-02 -1.04110652e+01
  3.42204512e+02] 10.412598082987984
[-3.26108505e+00 -1.39096519e-01  4.57597297e-01 -1.06214521e+01
  3.43859294e+02] 10.632214626489246
[-3.25364372e+00  1.14562643e-01  1.27199596e-01 -1.07174313e+01
  3.42971815e+02] 10.718798381230322
[-3.21247359e+00 -9.69127043e-02 -9.18671269e-02 -1.05555120e+01
  3.43074725e+02] 10.55635657783338
[-3.19675441e+00  4.30706885e-02  1.30464527e-01 -1.07860898e+01
  3.44332293e+02] 10.786964737206782
[-3.14008247e+00 -2.64012689e-01 -1.96473286e-01 -1.05152986e+01
  3.42235647e+02] 10.520447203702805
[-3.19752311e+00 -1.66932587e-01 -2.73019201e-01 -1.05300587e+01
  3.44440372e+02] 10.534920137182022
[-3.21253458e+00  2.36115784e-01 -1.04531734e-01 -1.04655572e+01
  3.41160441e+02] 10.46874225465581
[-3.15244383e+00  1.87026287e-01 -1.45675803e-01 -1.02658419e+01
  3.42269169e+02] 10.26857874793288
[-3.13501630e+00  5.07384789e-02  2.78559604e-02 -1.03318112e+01
  3.39323052e+02] 10.331973325319682
[-3.24652499e+00 -6.88447357e-02  3.83947661e-01 -1.03651958e+01
  3.42652462e+02] 10.372532967783977
[-3.28942723e+00  1.45003780e-02 -6.40981313e-02 -1.06311070e+01
  3.44329301e+02] 10.631310134387197
[-3.24166890e+00 -3.97799396e-03 -1.48378646e-01 -1.05815072e+01
  3.42672496e+02] 10.582548191163307
[-3.27710541e+00 -8.81814808e-02 -2.67251169e-01 -1.05122620e+01
  3.41933859e+02] 10.516028354564979
[-3.12526313e+00 -8.38223098e-02 -1.32662299e-01 -1.03467479e+01
  3.43301231e+02] 10.347937845482859
[-3.25658896e+00 -1.94912290e-01 -2.55107584e-01 -1.06144410e+01
  3.41822067e+02] 10.619295109761186
[-3.21755487e+00 -1.21506999e-01 -1.67875254e-01 -1.04660440e+01
  3.41473978e+02] 10.468095498244555
[-3.19877002e+00 -2.11352258e-02 -2.03684139e-01 -1.04624479e+01
  3.42879212e+02] 10.464451723549983
[-3.14443630e+00 -3.65886163e-01 -1.17609957e-01 -1.05499440e+01
  3.44962423e+02] 10.556941966644375
[-3.14469612e+00  1.21231197e-01  5.80299553e-02 -1.00669992e+01
  3.38381053e+02] 10.067896392983815
[-3.20449237e+00  1.93545241e-01 -2.02049928e-01 -1.03386768e+01
  3.40878695e+02] 10.342462097629118
[-3.19115080e+00  2.35431913e-01 -1.09115032e-01 -1.04051322e+01
  3.42190555e+02] 10.408367353655239
[-3.22154918e+00  7.49366249e-02  1.08662189e-01 -1.08103217e+01
  3.44271716e+02] 10.811127486738908
[-3.22994303e+00 -7.87750502e-02 -3.60749460e-01 -1.02876985e+01
  3.39033962e+02] 10.294323011883415
[-3.23297939e+00  9.03313532e-02  9.38533782e-02 -1.03551285e+01
  3.40854366e+02] 10.355947820260825
[-3.14474822e+00  7.14608051e-02 -1.50828773e-01 -1.05187191e+01
  3.44434295e+02] 10.520043110638404
[-3.17064804e+00  1.41065611e-01  2.12689095e-01 -1.03952796e+01
  3.43496186e+02] 10.398412102157854
[-3.19628611e+00  1.21838900e-01  9.28860437e-02 -1.04741531e+01
  3.42286632e+02] 10.475273497263927
[-3.16769413e+00  2.32593108e-01  1.42837378e-01 -1.05464769e+01
  3.42936619e+02] 10.550008436138077
[-3.22916329e+00  2.14667859e-01 -2.40995789e-02 -1.05061735e+01
  3.40907922e+02] 10.508394041392938
[-3.21372557e+00 -1.75277903e-01  4.68969766e-02 -1.03507360e+01
  3.41578484e+02] 10.352326159827438
[-3.25624550e+00 -2.19764710e-01  4.26529699e-02 -1.05429543e+01
  3.42099456e+02] 10.545330742803174
[-3.20273669e+00  1.32592954e-01 -1.44853119e-01 -1.03398317e+01
  3.41106646e+02] 10.341696336689449
[-3.24857715e+00 -3.68084264e-01 -8.49505467e-02 -1.04379388e+01
  3.43917626e+02] 10.44477235365941
[-3.13221382e+00  1.35830865e-01  2.99589501e-02 -1.03152869e+01
  3.40240026e+02] 10.316224716086234
[-3.21105643e+00 -1.69234838e-03  2.59603790e-01 -1.04021886e+01
  3.41360733e+02] 10.405427605065894
[-3.17897220e+00  3.11214693e-01  3.11631106e-02 -1.03957968e+01
  3.42479632e+02] 10.400500818707467
[-3.20584726e+00 -1.04276876e-01  5.67231261e-02 -1.03386298e+01
  3.41226530e+02] 10.339311220309138
[-3.21593221e+00  9.31015011e-02  7.41647898e-02 -1.03138490e+01
  3.41968211e+02] 10.314535821426976
[-3.22787646e+00 -1.88801167e-01  1.17411040e-01 -1.04671925e+01
  3.41875987e+02] 10.469553506429765
[-3.25724135e+00 -1.17072397e-01  4.66189703e-02 -1.05580007e+01
  3.45120006e+02] 10.558752670159846
[-3.29716164e+00  1.08366627e-01 -4.43774080e-02 -1.03971343e+01
  3.42587573e+02] 10.39779370887269
[-3.20637998e+00  1.70178034e-01  1.00041212e-01 -1.05843002e+01
  3.42016704e+02] 10.586140962587363
[-3.19150295e+00 -2.45911985e-02 -5.42290977e-02 -1.06944834e+01
  3.44093493e+02] 10.694649128697533
[-3.24708699e+00 -4.34522859e-02 -1.53464043e-01 -1.04701013e+01
  3.41969298e+02] 10.47131608816101
[-3.24534278e+00 -1.75711291e-01 -1.31233752e-01 -1.05372677e+01
  3.42029077e+02] 10.539549699194533
[-3.20552279e+00  1.80323945e-01 -1.01833689e-01 -1.07049876e+01
  3.42739754e+02] 10.706990553195142
[-3.28168142e+00  6.21918890e-02  8.44952138e-02 -1.04577776e+01
  3.41310923e+02] 10.45830383708057
[-3.20277094e+00  1.38154723e-01  7.65352452e-03 -1.05157074e+01
  3.42097907e+02] 10.516617692669577
[-3.19668537e+00 -1.99709501e-01  1.24430726e-01 -1.01749743e+01
  3.40708330e+02] 10.17769469327351
[-3.17031999e+00  3.57018003e-01 -5.65682768e-02 -1.05573619e+01
  3.42693636e+02] 10.563548224663034
[-3.19546435e+00 -1.15178120e-02 -1.16571490e-01 -1.03775387e+01
  3.41577071e+02] 10.378199764292033
[-3.16137722e+00 -1.54420205e-01 -4.47158537e-02 -1.02778698e+01
  3.41338655e+02] 10.279127053169265
[-3.20989297e+00  2.92522900e-01 -1.47934791e-01 -1.05832740e+01
  3.44325112e+02] 10.588349415827892
[-3.14095139e+00  1.78323771e-01 -3.04366474e-02 -1.02028147e+01
  3.42733257e+02] 10.204418356757076
[-3.18558902e+00 -2.16512621e-01  9.64270626e-02 -1.04839159e+01
  3.42078710e+02] 10.486594734508909
[-3.15760404e+00 -1.38556335e-01  1.18088349e-01 -1.04793186e+01
  3.43569729e+02] 10.480899851648577
[-3.26739578e+00  2.95548303e-02 -3.29495984e-01 -1.05240949e+01
  3.41793939e+02] 10.529293154472601
[-3.28941564e+00  2.38302739e-01  8.65665186e-02 -1.05565705e+01
  3.42256113e+02] 10.559614661112345
[-3.25187724e+00 -1.35219386e-01 -5.33755293e-02 -1.04181874e+01
  3.40006240e+02] 10.419201635495183
[-3.16444455e+00 -3.80851601e-03  2.08390692e-01 -1.04632206e+01
  3.41294856e+02] 10.465296302892305
[-3.19700346e+00 -1.75707682e-01 -2.96355300e-02 -1.00724770e+01
  3.39458786e+02] 10.074053070582409
[-3.14953704e+00  1.78742514e-01  3.94890108e-02 -1.02092797e+01
  3.39967891e+02] 10.210920652954535
[-3.07306040e+00  2.17648426e-02 -1.65398349e-01 -1.02835634e+01
  3.42378041e+02] 10.284916459976296
[-3.20691802e+00  1.94116660e-01  1.10381748e-01 -1.02403244e+01
  3.40646294e+02] 10.242758874145828
[-3.24358939e+00  1.49321485e-01 -1.33203973e-01 -1.05149863e+01
  3.42878576e+02] 10.516890074709453
[-3.32443552e+00 -7.66499626e-02  1.64530344e-01 -1.02377193e+01
  3.38056476e+02] 10.239328235876673
[-3.23573231e+00  1.64162972e-01 -9.96985582e-02 -1.03222559e+01
  3.41393615e+02] 10.324042606242978
[-3.12083512e+00 -1.10056417e-01  2.00970135e-01 -1.02685758e+01
  3.39785723e+02] 10.271131860071542
[-3.15572064e+00  9.51742202e-02  6.57141571e-02 -1.03726443e+01
  3.41888852e+02] 10.373289111178401
[-3.20083381e+00 -2.93958605e-01  1.83281920e-01 -1.02677633e+01
  3.43145162e+02] 10.273605381145101
[-3.16810242e+00 -1.86115129e-01  1.03474166e-01 -1.04265551e+01
  3.42476514e+02] 10.42872941369582
[-3.24126160e+00  4.86829192e-02  3.51242731e-01 -1.05936318e+01
  3.40204359e+02] 10.599564866519579
[-3.19282244e+00  1.19065649e-02 -1.44368357e-01 -1.04076001e+01
  3.41984452e+02] 10.408608175629228
[-3.19614406e+00  2.29389883e-01 -2.12539247e-02 -1.05797112e+01
  3.43223222e+02] 10.582219072018082
[-3.26234406e+00  4.91715419e-02 -6.51683590e-02 -1.07422556e+01
  3.43751622e+02] 10.742565838787144
[-3.23290498e+00 -2.18400717e-01 -9.28696759e-02 -1.06453986e+01
  3.44326446e+02] 10.64804370116258
[-3.18838867e+00 -1.97434817e-01  5.37292838e-02 -1.05213576e+01
  3.41303710e+02] 10.523347086613237
[-3.22074541e+00  2.74690572e-01  8.55946279e-02 -1.03944119e+01
  3.40918000e+02] 10.398393149106873
[-3.18761160e+00 -9.09412570e-02 -2.07439824e-01 -1.04894811e+01
  3.42019863e+02] 10.491926237596612
[-3.22304959e+00  8.76840142e-02  3.53341777e-02 -1.02725777e+01
  3.39668635e+02] 10.273012709155307
[-3.21858425e+00  1.77399501e-01  3.72815342e-02 -1.02584259e+01
  3.40940086e+02] 10.260027386550071
[-3.17591632e+00 -1.01881999e-01  1.64358900e-01 -1.04011499e+01
  3.40488433e+02] 10.402947341767428
[-3.12607944e+00  8.69863291e-02  2.89731131e-01 -1.01126996e+01
  3.39748695e+02] 10.117223105893483
[-3.25493257e+00 -1.46348437e-01  1.46696145e-01 -1.05258565e+01
  3.41519797e+02] 10.527895920155537
[-3.15946284e+00  7.82662621e-02 -4.45175884e-02 -1.06310868e+01
  3.43308716e+02] 10.631468055703216
[-3.26136475e+00 -1.85539643e-01  3.12825216e-02 -1.04951925e+01
  3.41283669e+02] 10.496879062880042
[-3.17299569e+00 -1.72620775e-01  1.76005387e-01 -1.04263275e+01
  3.42681833e+02] 10.429241673313975
[-3.33709284e+00 -1.80958166e-01  7.53175022e-02 -1.03007294e+01
  3.37437892e+02] 10.302594118680753
[-3.18952992e+00  4.42387417e-02 -1.19330214e-01 -1.03222391e+01
  3.39681932e+02] 10.323023617982651
[-3.19255655e+00  1.24220300e-01  1.08841910e-01 -1.04254282e+01
  3.41713529e+02] 10.426736276361918
[-3.20217603e+00 -3.76470548e-02  1.11311017e-01 -1.03775301e+01
  3.43036545e+02] 10.378195290351693
[-3.25196849e+00  1.09322806e-01  1.69886372e-01 -1.05104440e+01
  3.43663899e+02] 10.512385324055348
[-3.25197966e+00  2.61302571e-01 -2.46606780e-01 -1.03456587e+01
  3.40886811e+02] 10.35189588932598
[-3.24224407e+00 -3.77395877e-01  1.10290714e-01 -1.02194956e+01
  3.41580401e+02] 10.227056382877821
[-3.23938508e+00 -1.73663022e-01  4.97073965e-02 -1.04149311e+01
  3.42711077e+02] 10.416497459169289
[-3.21183478e+00 -1.46816650e-02 -1.36882265e-01 -1.01733380e+01
  3.37471112e+02] 10.17426941550313
[-3.20196741e+00 -3.32352542e-02 -1.18978123e-01 -1.04399541e+01
  3.42624663e+02] 10.440684908564627
[-3.18673995e+00  8.32349045e-02  7.21635323e-02 -1.04369759e+01
  3.41724068e+02] 10.437557293940014
[-3.25793602e+00  3.04780231e-01 -3.12034930e-01 -1.02814382e+01
  3.39937942e+02] 10.290686433289379
[-3.17125369e+00  6.84064673e-02 -2.94039423e-01 -1.03176372e+01
  3.42541467e+02] 10.322052885340893
[-3.09061866e+00 -3.09591597e-01 -5.99132655e-02 -1.01185683e+01
  3.39741908e+02] 10.123480706692938
[-3.22925030e+00  3.34914590e-01 -1.13510926e-02 -1.06164748e+01
  3.44487763e+02] 10.621762235502361
[-3.28957581e+00  7.38879938e-02  2.03720185e-01 -1.06791946e+01
  3.44140548e+02] 10.681393070752845
[-3.15357717e+00 -9.04124212e-02 -2.98224119e-01 -1.05902552e+01
  3.44045915e+02] 10.594839151235881
[-3.12561694e+00  2.02251740e-01  5.71528074e-02 -1.04715597e+01
  3.43995277e+02] 10.47366859230752
[-3.23062581e+00 -1.78796967e-01  1.42841706e-01 -1.03902965e+01
  3.39652394e+02] 10.392816470246597
[-3.20427845e+00  1.96221081e-01 -9.66298740e-02 -1.04683089e+01
  3.41010207e+02] 10.470593630693923
[-3.25611208e+00 -1.85343992e-01 -6.20107838e-02 -1.05418621e+01
  3.43036503e+02] 10.54367362496216
[-3.25393108e+00 -1.93327386e-01 -4.93668806e-03 -1.06285632e+01
  3.43004843e+02] 10.63032246883419
[-3.20547500e+00  4.99024470e-02  6.15191958e-02 -1.04205484e+01
  3.44002875e+02] 10.420849507697152
[-3.20183189e+00 -1.26003783e-01 -1.37075151e-01 -1.02851265e+01
  3.38337188e+02] 10.286811592220866
[-3.23160240e+00  2.93719586e-01  1.38993506e-01 -1.05804654e+01
  3.42559215e+02] 10.585454070116638
[-3.19465667e+00 -1.53950829e-01  1.28271587e-01 -1.02146275e+01
  3.39338840e+02] 10.216592851399056
[-3.23765261e+00 -1.42677943e-01  8.03682721e-02 -1.04830345e+01
  3.43263459e+02] 10.484313416739719
[-3.25812736e+00 -5.47437290e-02 -5.38003446e-02 -1.05466639e+01
  3.42996590e+02] 10.546943226620654
[-3.21107688e+00  1.87469499e-01  2.78605145e-02 -1.04921558e+01
  3.43958237e+02] 10.493867421667902
[-3.24432170e+00 -2.46773435e-03 -1.41029855e-01 -1.05023584e+01
  3.43666255e+02] 10.50330554766239
[-3.16634899e+00 -3.42938103e-01 -9.09327282e-02 -1.03999435e+01
  3.40439601e+02] 10.405993436593999
[-3.21698625e+00 -1.88787109e-01 -2.74868304e-02 -1.07032493e+01
  3.45423232e+02] 10.704949424309836
[-3.16808774e+00 -4.79863420e-02 -3.23933661e-01 -1.03811966e+01
  3.40966248e+02] 10.386360230217726
[-3.15198655e+00 -9.09756116e-02  1.67623301e-01 -1.05721541e+01
  3.43871745e+02] 10.573874247932608
[-3.22187415e+00 -2.09805104e-01  1.03919039e-01 -1.04550914e+01
  3.39907758e+02] 10.457712674334834
[-3.18571732e+00  3.41802429e-02 -5.19500032e-03 -1.06391072e+01
  3.45909724e+02] 10.639163412168584
[-3.14221595e+00 -9.69073592e-02 -2.44768507e-01 -1.02985996e+01
  3.43192304e+02] 10.301963739653523
[-3.24093249e+00 -2.87163349e-02 -1.00793891e-01 -1.03454683e+01
  3.41006535e+02] 10.345999123302668
[-3.25800203e+00 -1.97799364e-01 -8.46035689e-02 -1.02666135e+01
  3.40543561e+02] 10.268867239625386
[-3.17565099e+00  3.65169323e-02  2.69608025e-01 -1.05452312e+01
  3.42961488e+02] 10.548740362061361
[-3.20991255e+00 -1.32153281e-01  3.12013904e-01 -1.04288966e+01
  3.43296667e+02] 10.434399870337556
[-3.26463829e+00  2.69497214e-01 -1.79091008e-01 -1.04649192e+01
  3.41687267e+02] 10.469920518490433
[-3.17887702e+00 -2.79530021e-01  4.41501021e-03 -1.03950398e+01
  3.42877034e+02] 10.398798454155598
