/mnt/stage/douwei/Simulation/5kt_root/2MeV/5kt_+10.40_2.root
[-3.19110133e+00  6.32804814e-02  8.45426166e-02  1.04504969e+01
  3.40897537e+02] 10.451030444065747
[-3.22845002e+00 -6.65205543e-02  3.44357144e-01  1.03585923e+01
  3.42267719e+02] 10.364528017271066
[-3.27297950e+00 -2.17482852e-01  7.87596469e-02  1.05064871e+01
  3.40342509e+02] 10.509032913868966
[-3.23442405e+00  4.32818036e-02 -2.51916924e-01  1.06196512e+01
  3.43400811e+02] 10.622726893323348
[-3.22451478e+00  1.43824106e-01  1.83868465e-01  1.05571018e+01
  3.41400359e+02] 10.559682362346894
[-3.21522365e+00 -1.80939454e-01 -1.19696935e-02  1.06136194e+01
  3.43031017e+02] 10.615168394576855
[-3.27825273e+00  2.02711360e-01  9.55733448e-02  1.07190272e+01
  3.43969837e+02] 10.721369817343298
[-3.32231030e+00 -2.01349888e-01 -6.74913172e-02  1.05297837e+01
  3.42286788e+02] 10.531924845420662
[-3.20664790e+00 -6.60785654e-02  1.95917978e-01  1.07863790e+01
  3.43999727e+02] 10.788360464335646
[-3.25043036e+00  3.02208387e-01 -2.27309586e-01  1.03476339e+01
  3.41794654e+02] 10.354541342432112
[-3.25020081e+00 -2.83638733e-01 -1.99130357e-01  1.06211251e+01
  3.42578374e+02] 10.626777580678226
[-3.16917127e+00 -7.19277502e-02  1.04965254e-01  1.05688548e+01
  3.43161436e+02] 10.569620752841283
[-3.26615925e+00 -5.82660137e-03 -2.66462547e-02  1.05830861e+01
  3.43679050e+02] 10.583121267072453
[-3.22655232e+00  4.40279436e-02 -6.79861703e-02  1.04738485e+01
  3.41812650e+02] 10.474161713905326
[-3.21222180e+00  2.52043750e-02 -2.64814809e-01  1.04171400e+01
  3.40983402e+02] 10.420535887713278
[-3.17228516e+00  6.22485384e-02  4.46527497e-02  1.03983586e+01
  3.42571508e+02] 10.398640795263558
[-3.24037746e+00  7.01442662e-02 -1.20968775e-01  1.07470845e+01
  3.43329065e+02] 10.747994143274138
[-3.14711313e+00 -2.23498792e-01 -1.11418567e-01  1.01974683e+01
  3.38943690e+02] 10.200525706813247
[-3.16998038e+00  1.30542938e-01  7.24276277e-02  1.04521321e+01
  3.41606465e+02] 10.453198226581492
[-3.19077990e+00  3.23513702e-01 -8.75136137e-03  1.03986281e+01
  3.43408051e+02] 10.403662992333595
[-3.25339801e+00 -9.25782626e-02  5.58975898e-02  1.04384318e+01
  3.41383805e+02] 10.438991983090709
[-3.26148259e+00  7.34775177e-02 -1.48530543e-01  1.02660008e+01
  3.40115519e+02] 10.267338140853239
[-3.23411406e+00 -7.43413698e-02  7.98421373e-02  1.01458764e+01
  3.41601469e+02] 10.146462855729519
[-3.16364091e+00 -1.45087405e-01  2.17536773e-01  1.03464666e+01
  3.41423585e+02] 10.349770200809091
[-3.18053424e+00  1.87750899e-01 -6.93156881e-02  1.04830730e+01
  3.44374721e+02] 10.48498325282616
[-3.10363797e+00 -1.38824990e-01  5.93038264e-02  1.02682482e+01
  3.41885107e+02] 10.269357795544153
[-3.16403795e+00 -5.68175080e-02 -2.72837238e-01  1.05828026e+01
  3.41487496e+02] 10.586471568268943
[-3.26457393e+00 -4.14657681e-02 -3.17909147e-01  1.06036469e+01
  3.43467328e+02] 10.608492520276762
[-3.22028836e+00 -2.58244222e-01 -5.01355886e-02  1.07014690e+01
  3.44744935e+02] 10.704701878517445
[-3.22571934e+00 -3.19105910e-01 -3.65867919e-03  1.05252276e+01
  3.43041974e+02] 10.53006450203375
[-3.25277605e+00  5.77704493e-02 -4.17819464e-02  1.06148422e+01
  3.43116161e+02] 10.615081664154859
[-3.26616772e+00  1.50243529e-01 -7.99610844e-02  1.02333310e+01
  3.40359658e+02] 10.234746199279906
[-3.26801416e+00  1.15919170e-02  2.50065279e-01  1.04645659e+01
  3.41281915e+02] 10.467559715423556
[-3.18717237e+00 -2.79598470e-01  5.50617700e-02  1.05896908e+01
  3.45132968e+02] 10.593524406011678
[-3.23988483e+00  4.70372681e-03  9.03798303e-02  1.05132026e+01
  3.40827445e+02] 10.513592155078673
[-3.22033754e+00 -2.55266406e-01  3.14417670e-02  1.03900921e+01
  3.41004446e+02] 10.393274928307669
[-3.17417192e+00  8.50333034e-02 -1.97781635e-01  1.06337097e+01
  3.44921754e+02] 10.635888813981975
[-3.15499836e+00  2.15430729e-01 -8.02035204e-02  1.06738576e+01
  3.43705366e+02] 10.676332636318168
[-3.24695805e+00  1.72371402e-02 -2.96461398e-01  1.05110835e+01
  3.43531997e+02] 10.515277620744317
[-3.29597457e+00  4.10707330e-02 -2.89521975e-01  1.05701210e+01
  3.39609718e+02] 10.574165142888537
[-3.20085344e+00 -6.47311413e-02 -2.83408778e-01  1.03353427e+01
  3.42060645e+02] 10.339430280114756
[-3.18271540e+00  3.58567545e-02  3.52476657e-01  1.05285899e+01
  3.43738357e+02] 10.534549435912012
[-3.18705745e+00  8.98791301e-02  2.58515568e-02  1.03765601e+01
  3.40971543e+02] 10.376981541781443
[-3.28996736e+00  1.20109588e-01 -2.06938953e-01  1.06361148e+01
  3.41729383e+02] 10.638805767818893
[-3.19230633e+00  2.53456687e-01 -2.99930189e-02  1.06587665e+01
  3.44232500e+02] 10.661821718800677
[-3.22305373e+00  1.05914213e-01  5.95352637e-02  1.01837312e+01
  3.40519106e+02] 10.184456016216139
[-3.25226919e+00  3.04160825e-02  2.38210715e-01  1.06749210e+01
  3.45111385e+02] 10.677621797251499
[-3.12935810e+00 -1.34203007e-01 -3.18053694e-01  1.03950169e+01
  3.43177712e+02] 10.40074729135659
[-3.20306569e+00  3.06212661e-01 -6.77082494e-02  1.06037898e+01
  3.43219264e+02] 10.608426309336332
[-3.22506880e+00 -6.43337282e-02 -1.58433426e-01  1.03864002e+01
  3.38826031e+02] 10.387807689527468
[-3.17526989e+00 -1.39739273e-01  1.47082599e-01  1.05202218e+01
  3.43163725e+02] 10.522177894424907
[-3.24282045e+00 -3.30515365e-01 -4.84366282e-02  1.03419245e+01
  3.40462632e+02] 10.347317930626964
[-3.18346584e+00 -3.41470259e-02 -2.59713030e-01  1.05845050e+01
  3.41108451e+02] 10.587745854947839
[-3.23432583e+00  1.77192350e-01 -5.08588088e-03  1.05069246e+01
  3.43955929e+02] 10.508419831866698
[-3.14041684e+00  1.80018532e-01 -1.23865905e-02  1.04001821e+01
  3.43057150e+02] 10.401747361151726
[-3.13184404e+00 -2.18654376e-01 -1.98065915e-01  1.03275089e+01
  3.42341348e+02] 10.33172199200418
[-3.23601366e+00  8.73208349e-02  1.08165410e-01  1.03266317e+01
  3.40523368e+02] 10.327567298086619
[-3.20944693e+00  1.58001975e-01 -6.62581850e-02  1.02736055e+01
  3.39642099e+02] 10.2750340795821
[-3.24958549e+00  1.61362322e-01  3.03301714e-02  1.07094776e+01
  3.44329817e+02] 10.710736141890365
[-3.17868847e+00  4.84248305e-02  2.47918630e-01  1.05429916e+01
  3.43151771e+02] 10.546017304094079
[-3.20444868e+00 -1.19800091e-01  1.85212298e-01  1.03177086e+01
  3.40172544e+02] 10.320066159175086
[-3.16351781e+00  1.46634756e-01  3.39701027e-02  1.04521384e+01
  3.40929013e+02] 10.453222150783903
[-3.21584959e+00  1.53987753e-01 -4.52421295e-02  1.02019015e+01
  3.41219665e+02] 10.203163860142139
[-3.14798721e+00 -1.98081897e-01 -7.50655474e-03  1.03332175e+01
  3.41762681e+02] 10.335118608152314
[-3.21971940e+00  1.50056734e-01 -8.91765957e-02  1.04948775e+01
  3.41744593e+02] 10.496328989664242
[-3.16200835e+00 -7.61199042e-02  1.69508875e-01  1.02020727e+01
  3.40265474e+02] 10.203764704068115
[-3.27762191e+00 -2.74888862e-02  7.90404622e-02  1.05463003e+01
  3.42642781e+02] 10.546632302647053
[-3.29622114e+00 -3.25419331e-01 -9.14347506e-02  1.06683369e+01
  3.41417985e+02] 10.67369059420393
[-3.19326377e+00 -1.01894020e-01 -1.51172563e-01  1.04992372e+01
  3.41298153e+02] 10.500819873869828
[-3.28594306e+00 -2.59944662e-01  1.82461918e-01  1.03665482e+01
  3.37658459e+02] 10.371411916183456
[-3.21786869e+00 -1.98261806e-01 -3.19192337e-02  1.03593026e+01
  3.40794458e+02] 10.361248828935759
[-3.09527607e+00 -4.57342160e-02  3.84941931e-02  1.03774990e+01
  3.41985317e+02] 10.377671152223016
[-3.22476794e+00  1.71034755e-01  3.12549371e-02  1.06061523e+01
  3.45372852e+02] 10.607577354572905
[-3.17421881e+00 -1.99194265e-01 -3.34102079e-02  1.03159046e+01
  3.41645179e+02] 10.317881688372498
[-3.31571699e+00  9.86413584e-02  2.08950285e-01  1.04425193e+01
  3.40392657e+02] 10.445075371290065
[-3.24256065e+00  1.76758658e-01  3.89453508e-02  1.06154357e+01
  3.43291539e+02] 10.616978602609024
[-3.23212451e+00 -2.32924472e-02  1.50472444e-01  1.01201955e+01
  3.38358718e+02] 10.121340894867254
[-3.16773482e+00  3.70848106e-02 -1.42708271e-01  1.02971205e+01
  3.41689047e+02] 10.298176159286143
[-3.21627642e+00  1.52008420e-01 -1.41430724e-02  1.05609624e+01
  3.43173640e+02] 10.56206573792425
[-3.22773181e+00  2.00814291e-02 -2.86844782e-02  1.02883737e+01
  3.40971615e+02] 10.288433271761061
[-3.17303286e+00  4.01974627e-02 -2.40936210e-01  1.03630402e+01
  3.37852013e+02] 10.365918556368767
[-3.17817057e+00 -3.04129926e-01 -1.67160089e-02  1.05131830e+01
  3.44290720e+02] 10.517594335825914
[-3.13357189e+00 -9.12592599e-02  2.07704498e-01  1.05143532e+01
  3.43017951e+02] 10.51680053237382
[-3.20791532e+00 -1.07651887e-01 -8.88492533e-02  1.04955798e+01
  3.43813947e+02] 10.496507934496837
[-3.17590989e+00  2.90628343e-01 -2.87784054e-01  1.05652999e+01
  3.43290619e+02] 10.573213606480868
[-3.20566713e+00 -1.82420916e-01  4.18182663e-03  1.05972052e+01
  3.43510156e+02] 10.598776046599363
[-3.20924535e+00  6.08541947e-02 -7.75746192e-02  1.03596306e+01
  3.41569076e+02] 10.360099752629312
[-3.22727407e+00  5.88248110e-02  2.21177687e-01  1.03914329e+01
  3.41644113e+02] 10.393952960439332
[-3.18247549e+00 -2.37611236e-01 -1.78246131e-01  1.03987184e+01
  3.42174292e+02] 10.402959959951215
[-3.23662841e+00  2.59305028e-01 -6.18465063e-02  1.02871058e+01
  3.40380622e+02] 10.290559304738949
[-3.15110610e+00  9.44931799e-02 -1.74655303e-01  1.01877336e+01
  3.42087842e+02] 10.189668765044672
[-3.24621008e+00 -3.14076366e-02 -1.36150478e-01  1.05272927e+01
  3.41732213e+02] 10.528219969121224
[-3.19925163e+00 -2.56803681e-01  1.52271870e-01  1.05974710e+01
  3.43536499e+02] 10.601675661905348
[-3.20938029e+00 -2.18927785e-01 -1.18173634e-01  1.01399973e+01
  3.39349254e+02] 10.143048789234424
[-3.23507170e+00  1.82572029e-01  2.62603338e-01  1.06491972e+01
  3.43650350e+02] 10.653999010020941
[-3.25734211e+00  7.31653966e-02  1.35270736e-01  1.05585704e+01
  3.41912283e+02] 10.55969036847522
[-3.22316109e+00  2.18068160e-02 -1.63920178e-01  1.06297227e+01
  3.42184419e+02] 10.631008846272337
[-3.21702776e+00 -8.57923791e-02 -2.12060918e-01  1.02817429e+01
  3.42185821e+02] 10.28428742555181
[-3.21376726e+00  1.24665312e-01  1.95468556e-01  1.07928959e+01
  3.45128673e+02] 10.795385636701848
[-3.24615463e+00  1.46506053e-01 -3.40688202e-01  1.04522045e+01
  3.40474163e+02] 10.458781589976876
[-3.19380719e+00  8.38632059e-02  2.29358110e-01  1.04399211e+01
  3.41586323e+02] 10.442776933709373
[-3.19929504e+00 -9.00709695e-02  3.39209017e-02  1.07551320e+01
  3.44175679e+02] 10.75556259725487
[-3.21170593e+00 -1.27127109e-01 -1.82572078e-01  1.06987940e+01
  3.43743290e+02] 10.701106792040346
[-3.17184414e+00  3.53398788e-02  1.18851614e-01  1.03708676e+01
  3.40718185e+02] 10.371608791059185
[-3.17027308e+00  3.14719911e-02 -2.49750516e-01  1.03061341e+01
  3.40548413e+02] 10.309207839989904
[-3.23862415e+00 -1.60583286e-01  2.28222752e-01  1.04478553e+01
  3.41016174e+02] 10.451581353733273
[-3.21651469e+00 -2.74621126e-01  1.44841334e-01  1.03391529e+01
  3.40522078e+02] 10.343813539264762
[-3.19143093e+00  1.57816174e-01  1.52295196e-01  1.03235295e+01
  3.42051777e+02] 10.325858868811187
[-3.18278469e+00  2.51188023e-01  1.61045840e-01  1.03174808e+01
  3.38348548e+02] 10.321794459071237
[-3.20268879e+00  6.41084330e-02 -1.75493279e-01  1.06015447e+01
  3.44137803e+02] 10.603190881975623
[-3.26928579e+00  5.72666241e-02 -3.59337134e-02  1.07655207e+01
  3.43465331e+02] 10.765733004412015
[-3.24431743e+00  4.55474097e-03  1.84237009e-01  1.07303443e+01
  3.45262590e+02] 10.731926841062947
[-3.19411450e+00 -7.03654601e-02  7.64447636e-02  1.05548789e+01
  3.42702791e+02] 10.555390282449322
[-3.14773842e+00 -1.98962160e-01  5.39526977e-02  1.03298516e+01
  3.42502665e+02] 10.331908368128689
[-3.12264174e+00  8.80409125e-02 -1.29940305e-01  1.04336017e+01
  3.42349434e+02] 10.434782180239816
[-3.25171143e+00  2.35469281e-01 -2.85200370e-01  1.05480734e+01
  3.43901910e+02] 10.554555248965775
[-3.28166984e+00  1.05742665e-01 -1.84974966e-01  1.05977763e+01
  3.42672170e+02] 10.599917890511694
[-3.20691355e+00  1.86449237e-02  7.38104181e-02  1.04615869e+01
  3.41782791e+02] 10.461863875729495
[-3.12511387e+00  1.69730890e-02 -8.76873990e-02  1.06082721e+01
  3.43681101e+02] 10.608648125323667
[-3.21386241e+00 -4.91624761e-02  2.26412085e-01  1.06604636e+01
  3.41530460e+02] 10.662981003685402
[-3.25405161e+00 -5.08445883e-02  2.42554517e-01  1.04214677e+01
  3.42065652e+02] 10.424413980265152
[-3.19519259e+00 -1.52926185e-01  2.18752620e-01  1.03922798e+01
  3.42753488e+02] 10.395706751353236
[-3.26008841e+00 -2.04828871e-01 -1.12807623e-01  1.06632778e+01
  3.44366092e+02] 10.665841417254649
[-3.23578805e+00  2.68395516e-01  9.93172577e-02  1.02530163e+01
  3.39277956e+02] 10.257009445452216
[-3.16047107e+00  1.24221719e-01 -2.63500408e-01  1.02216477e+01
  3.40995268e+02] 10.225798063766675
[-3.20450781e+00  1.33628799e-01  1.07376992e-01  1.02758281e+01
  3.41125734e+02] 10.27725792331001
[-3.20066337e+00 -4.47774822e-02  4.95709904e-02  1.06197800e+01
  3.43239956e+02] 10.619990053397629
[-3.30189625e+00 -1.96648346e-01  1.59712383e-03  1.05298873e+01
  3.40237017e+02] 10.53172344067991
[-3.24149795e+00  4.67360212e-02 -1.09544270e-02  1.06259743e+01
  3.42329538e+02] 10.626082738076004
[-3.22076336e+00 -9.19161046e-03  3.88697620e-02  1.04432340e+01
  3.42832841e+02] 10.443310416596605
[-3.18259415e+00  2.44047862e-02  8.54969035e-02  1.03402464e+01
  3.40752714e+02] 10.340628665106594
[-3.15186527e+00  2.85427398e-01  9.10529132e-02  1.02567704e+01
  3.41043673e+02] 10.261145059369987
[-3.19169205e+00  2.48689713e-01  2.46547161e-01  1.05390059e+01
  3.42073328e+02] 10.544822276833607
[-3.28445636e+00 -4.85198269e-02  9.90441632e-02  1.06365222e+01
  3.43280621e+02] 10.637093937359746
[-3.12602455e+00 -9.78802273e-02  2.33806777e-01  1.02537854e+01
  3.42989763e+02] 10.256917759198862
[-3.26347453e+00  1.00726587e-01  1.91807854e-02  1.05938712e+01
  3.42450642e+02] 10.59436736232756
[-3.23149647e+00 -6.30089328e-02  2.45952454e-01  1.04458275e+01
  3.39797949e+02] 10.448912603756211
[-3.15286421e+00  3.14095689e-01 -9.68563211e-02  1.02478493e+01
  3.41776880e+02] 10.25311917025781
[-3.20804724e+00  1.21437153e-01 -1.31170312e-01  1.07613742e+01
  3.43583981e+02] 10.762858744252947
[-3.22931000e+00 -8.22624500e-03  1.54055353e-01  1.05091164e+01
  3.44553875e+02] 10.510248715884188
[-3.31937397e+00  2.47681008e-02 -1.48442451e-01  1.01982125e+01
  3.36388243e+02] 10.199322824867153
[-3.22850482e+00 -8.20146352e-02  4.26034328e-02  1.04770045e+01
  3.43228793e+02] 10.477412120186075
[-3.20837353e+00 -4.10116106e-02  2.52648754e-01  1.05211405e+01
  3.42010286e+02] 10.524253456168216
[-3.24661310e+00 -4.19246831e-02  1.16795403e-01  1.04644181e+01
  3.41474951e+02] 10.465153890826139
[-3.28485101e+00  7.16603136e-02 -1.12608223e-01  1.04276162e+01
  3.41815092e+02] 10.428470463667246
[-3.20257272e+00 -6.94428881e-02 -9.77441411e-02  1.04697226e+01
  3.40111910e+02] 10.470409156557878
[-3.18707926e+00 -2.52785790e-01 -2.86828138e-02  1.02027788e+01
  3.41097173e+02] 10.205950113277876
[-3.25132731e+00 -1.33673212e-01  1.11979054e-01  1.03878281e+01
  3.40860875e+02] 10.389291596017356
[-3.17717274e+00 -3.45504255e-02  5.03932796e-02  1.06325806e+01
  3.44589002e+02] 10.63275612722768
[-3.23003973e+00  1.88130690e-02 -8.40665930e-02  1.04969639e+01
  3.41939523e+02] 10.497317415297502
[-3.20035680e+00 -1.29580538e-02  1.44033431e-01  1.00720626e+01
  3.38707269e+02] 10.073100740892691
[-3.19203459e+00 -2.98366662e-01  1.05912669e-01  1.02426340e+01
  3.42600343e+02] 10.247526090605575
[-3.19290769e+00 -1.82085654e-01  2.55641466e-01  1.02972039e+01
  3.41428713e+02] 10.301986003261893
[-3.16535262e+00  8.45587562e-02 -2.64625931e-01  1.06213626e+01
  3.44753595e+02] 10.62499510779467
[-3.29204937e+00  1.05428080e-01 -4.71422077e-02  1.07377074e+01
  3.44889231e+02] 10.738328464521484
[-3.24345310e+00  2.05098752e-01 -8.94621943e-02  1.04442153e+01
  3.39496077e+02] 10.446612012423879
[-3.22961379e+00 -3.50474774e-01  1.62001731e-01  1.06420244e+01
  3.42358132e+02] 10.649026295934236
[-3.19773916e+00 -2.71401815e-03  2.17163753e-01  1.06012372e+01
  3.42351317e+02] 10.603461573732377
[-3.17236408e+00  2.05242802e-01 -6.07925573e-02  1.05245197e+01
  3.42642254e+02] 10.526696314779127
[-3.16376452e+00  1.35594377e-01  6.32854615e-02  1.06873619e+01
  3.46339087e+02] 10.688409392312185
[-3.23661162e+00  2.25072179e-01 -2.28072852e-01  1.03978445e+01
  3.42655971e+02] 10.402780639192521
[-3.30960670e+00  2.72607169e-01  3.39070969e-02  1.04597718e+01
  3.41075391e+02] 10.463378573364217
[-3.18947513e+00 -1.57261963e-01 -2.48967869e-01  1.03824297e+01
  3.42465882e+02] 10.38660492726749
[-3.13634688e+00 -1.81360939e-01 -1.14590382e-01  1.02247449e+01
  3.40949305e+02] 10.226995179381541
[-3.16179380e+00  2.22721638e-01  1.13224817e-02  1.05962440e+01
  3.44347480e+02] 10.598590514907352
[-3.20661288e+00 -2.03135048e-01  9.29986342e-02  1.03455133e+01
  3.40924965e+02] 10.34792530668597
[-3.22050904e+00  9.45199149e-02 -2.07345885e-01  1.05486729e+01
  3.41730227e+02] 10.551133903053126
[-3.25343202e+00  4.79184588e-02 -1.55235729e-01  1.06222993e+01
  3.42593632e+02] 10.623541605362583
[-3.26938878e+00  1.10418172e-01 -1.28181622e-01  1.03908339e+01
  3.40763147e+02] 10.392211152195383
[-3.22628207e+00 -2.06103370e-01  8.78383476e-02  1.04683436e+01
  3.41427184e+02] 10.47074077916244
[-3.23598182e+00  1.82926975e-01  3.31722321e-01  1.02975184e+01
  3.39392304e+02] 10.304483816998921
[-3.17626175e+00  1.65946722e-01  9.08634955e-02  1.02999795e+01
  3.43124401e+02] 10.3017169157593
[-3.21480764e+00  2.25426293e-01 -2.02348629e-02  1.06290366e+01
  3.43862102e+02] 10.631446099990946
[-3.15317517e+00  7.66142123e-02 -9.19068552e-02  1.02358640e+01
  3.40357833e+02] 10.23656333986005
[-3.19420515e+00 -7.35056276e-02  1.01377227e-01  1.04688203e+01
  3.42122421e+02] 10.46956919319647
[-3.18001679e+00 -2.76953215e-01 -3.39380210e-02  1.03890977e+01
  3.39351728e+02] 10.392844016682961
[-3.27607258e+00  1.31426724e-01 -2.13231202e-01  1.04292482e+01
  3.40379515e+02] 10.432255688691432
[-3.21934897e+00  3.29730837e-02  6.28250194e-02  1.04246162e+01
  3.41819814e+02] 10.424857637077448
[-3.19438610e+00  2.55967658e-01 -3.22831491e-03  1.04040413e+01
  3.41684628e+02] 10.407190109040968
[-3.23072913e+00  1.62738127e-01 -8.90031189e-02  1.04596614e+01
  3.43236323e+02] 10.461305909528878
[-3.18792966e+00 -1.67274294e-01  1.14738798e-02  1.03653219e+01
  3.41869410e+02] 10.366677902910025
[-3.17355889e+00  3.63141243e-01 -1.02897184e-02  1.03874025e+01
  3.43956957e+02] 10.393753353642708
[-3.22804688e+00 -1.39054532e-01 -1.11717918e-01  1.04695715e+01
  3.41297862e+02] 10.471090875097985
[-3.17641265e+00 -2.23974670e-01  1.80125153e-02  1.05563893e+01
  3.44098896e+02] 10.55878038957294
[-3.21377917e+00  6.73896553e-02  6.01253759e-02  1.03302139e+01
  3.42842237e+02] 10.330608703025813
[-3.21251769e+00 -1.73137352e-01  1.94863860e-01  1.03769840e+01
  3.39232324e+02] 10.38025750230286
[-3.21755245e+00  1.17554946e-01  1.02976937e-01  1.03560256e+01
  3.40856142e+02] 10.357204722297439
[-3.18701058e+00  1.63037696e-01 -6.91342100e-02  1.05036913e+01
  3.42786176e+02] 10.505184000378158
[-3.30943956e+00  6.73994402e-02 -2.31340327e-01  1.04336918e+01
  3.41700873e+02] 10.43647380612639
[-3.22693464e+00 -5.93336012e-02 -1.83516631e-01  1.05445594e+01
  3.42827958e+02] 10.546323188079205
[-3.17969790e+00 -1.30599509e-01  3.17626446e-01  1.03613495e+01
  3.38871636e+02] 10.367039423578367
[-3.23484667e+00  3.21086440e-02 -7.20350185e-02  1.04698910e+01
  3.42864993e+02] 10.470188068622564
[-3.27930447e+00  1.58150582e-01 -6.52948331e-02  1.04022475e+01
  3.41113339e+02] 10.403654570336546
[-3.20854154e+00 -6.35631275e-02 -8.07616178e-02  1.03071800e+01
  3.40533078e+02] 10.30769241646328
[-3.17829596e+00  1.32372875e-01 -4.88961423e-02  1.01152504e+01
  3.40932432e+02] 10.116234723517138
[-3.20841793e+00  6.58480488e-03 -2.43409205e-02  1.06570377e+01
  3.42944968e+02] 10.657067498101254
[-3.19358090e+00 -1.43278807e-01 -2.76366860e-02  1.02667097e+01
  3.40568325e+02] 10.267746624333181
[-3.19068076e+00 -1.27127146e-01 -1.95382503e-01  1.05941665e+01
  3.42465741e+02] 10.596730619674172
[-3.22123648e+00 -6.09842262e-02 -1.92519553e-01  1.02477855e+01
  3.41648785e+02] 10.249775140935975
[-3.25632824e+00  1.15747074e-01  1.13809723e-01  1.06145391e+01
  3.43622794e+02] 10.615780221920248
[-3.11193783e+00 -3.40278323e-02 -6.31757201e-02  1.03559203e+01
  3.42589897e+02] 10.356168945058325
[-3.22649135e+00  9.29387061e-02 -2.57033191e-01  1.06489759e+01
  3.43597362e+02] 10.652482912696222
[-3.21154444e+00  2.22136591e-01  2.50271274e-01  1.06933555e+01
  3.43415266e+02] 10.698590154921565
[-3.13994549e+00  2.13348736e-01  2.16999189e-01  1.05142995e+01
  3.41300333e+02] 10.518702395140657
[-3.23627895e+00 -1.10572963e-01  5.48620319e-02  1.05786378e+01
  3.43759446e+02] 10.579357924524489
[-3.27119157e+00  1.41671438e-01  3.89677260e-01  1.05242482e+01
  3.40961125e+02] 10.532412782975419
[-3.21611286e+00 -4.66417439e-02  1.16185412e-01  1.03379398e+01
  3.40025524e+02] 10.338697894073182
[-3.23327869e+00  1.91314817e-01  1.49637149e-01  1.04018472e+01
  3.40050754e+02] 10.404682497434846
[-3.20214578e+00  2.76948836e-01  2.02585456e-01  1.05464773e+01
  3.41866667e+02] 10.552057854680186
[-3.16102295e+00 -1.64717342e-01 -6.00319565e-02  1.02107223e+01
  3.40022095e+02] 10.212227210074708
[-3.21818086e+00 -1.64447304e-01  6.44122821e-02  1.06750811e+01
  3.45157648e+02] 10.676541959143403
[-3.15446952e+00 -5.01601059e-02 -8.88754188e-02  1.08787402e+01
  3.45192131e+02] 10.879218891863282
[-3.24325281e+00  1.03169875e-01 -2.94610571e-01  1.07590300e+01
  3.43398438e+02] 10.763557282724268
[-3.21960458e+00 -9.46647238e-03  2.66131606e-01  1.06026906e+01
  3.44195978e+02] 10.606034255112844
[-3.21531518e+00  1.80177956e-01  2.07764699e-01  1.06121865e+01
  3.42497529e+02] 10.615749297057757
[-3.14955038e+00 -6.93113740e-02 -1.02154080e-01  1.03549154e+01
  3.40680221e+02] 10.355651239856133
[-3.14445405e+00  7.23573783e-02 -1.64736679e-01  1.02675223e+01
  3.40448025e+02] 10.269098739491291
[-3.14420924e+00  1.60855971e-02 -7.51813182e-02  1.03890311e+01
  3.43195304e+02] 10.38931562617731
[-3.19228961e+00  1.02148840e-01 -2.89819373e-02  1.04873118e+01
  3.41491874e+02] 10.487849304609666
[-3.19158285e+00 -6.77929220e-02 -1.50249033e-01  1.04342961e+01
  3.40842267e+02] 10.43559802121424
[-3.26893557e+00 -1.89937752e-02 -1.39713499e-01  1.05719884e+01
  3.42715559e+02] 10.572928617541672
[-3.22550049e+00  3.09289489e-02  8.45624989e-02  1.02816999e+01
  3.40566694e+02] 10.282094118828274
[-3.18893953e+00 -1.30186554e-01 -1.17493067e-01  1.04857657e+01
  3.42140729e+02] 10.487232033499067
[-3.15315826e+00 -3.58795965e-02 -3.02005404e-01  1.05222948e+01
  3.42103678e+02] 10.52668903164278
[-3.17410197e+00 -1.05246297e-01  4.75010121e-02  1.02945963e+01
  3.41012098e+02] 10.295243847138433
[-3.17438677e+00 -2.94672453e-02  5.59241076e-02  1.05958206e+01
  3.41901659e+02] 10.596009168662816
[-3.22336220e+00  1.12003054e-02 -8.27106443e-02  1.02544167e+01
  3.41095175e+02] 10.254756360383086
[-3.22642248e+00  1.49195538e-01 -1.30338220e-01  1.07176036e+01
  3.44132858e+02] 10.719434443498677
[-3.23010739e+00  2.89957949e-01  1.72335830e-01  1.07633409e+01
  3.45464907e+02] 10.768624962848419
[-3.27865736e+00  8.08439969e-02  7.78568296e-02  1.03476281e+01
  3.39587556e+02] 10.348236827765382
[-3.16803338e+00 -3.51587817e-02  2.19523210e-01  1.06797360e+01
  3.45902367e+02] 10.68204980385604
[-3.16060280e+00 -1.59682585e-01  3.83124758e-02  1.04770326e+01
  3.42958167e+02] 10.478319404161354
[-3.21652070e+00  1.81248051e-01 -2.44589723e-02  1.03202415e+01
  3.41649648e+02] 10.321861962086702
[-3.17288799e+00 -1.26992034e-01  5.13918291e-02  1.05966401e+01
  3.43556428e+02] 10.59752563847639
[-3.11620437e+00 -1.11854657e-01  1.56216578e-01  1.05097604e+01
  3.41012229e+02] 10.511516510709106
[-3.15179899e+00  2.17757328e-01  9.72774553e-03  1.03820458e+01
  3.42527380e+02] 10.384333739531257
[-3.25086996e+00 -1.35599065e-01 -8.51005455e-02  1.08423671e+01
  3.44895498e+02] 10.84354896344308
[-3.29998158e+00 -2.52775062e-01  2.89185314e-01  1.05234391e+01
  3.38630897e+02] 10.53044603048615
[-3.22610955e+00 -2.23586967e-02  1.86620385e-01  1.04891608e+01
  3.44727238e+02] 10.490844654719325
[-3.24900428e+00 -8.92853967e-02  2.20229858e-02  1.05875851e+01
  3.43290854e+02] 10.587984504665183
[-3.23211148e+00 -1.47067630e-01 -3.03646992e-01  1.05192238e+01
  3.42944711e+02] 10.524632957484588
[-3.23953543e+00  4.87495766e-02  8.91041097e-02  1.01699257e+01
  3.37446758e+02] 10.170432836961652
[-3.22592692e+00 -1.76976586e-01  2.24798066e-02  1.04644980e+01
  3.43152431e+02] 10.466018547745232
[-3.20953001e+00  2.45916536e-02  1.64237980e-01  1.02529331e+01
  3.41956777e+02] 10.254277974082544
[-3.22926573e+00  1.40548822e-01 -2.08386486e-01  1.04396477e+01
  3.41732883e+02] 10.442673141042594
[-3.19218269e+00 -1.98357565e-01  1.75029112e-01  1.02461587e+01
  3.43190455e+02] 10.249573080111352
[-3.17033285e+00  2.02481107e-01 -1.92055465e-02  1.03926122e+01
  3.42257850e+02] 10.394602206192904
[-3.16920224e+00 -9.65643596e-02 -1.01931147e-01  1.04416841e+01
  3.41145847e+02] 10.442628093556696
[-3.19450141e+00 -9.51164394e-02  2.65953252e-02  1.05817521e+01
  3.43111122e+02] 10.582213044827451
[-3.20177845e+00 -1.27105908e-01 -2.44383178e-01  1.04563468e+01
  3.43105317e+02] 10.459974564338184
[-3.27003656e+00 -2.14144695e-02 -2.18201599e-01  1.03046658e+01
  3.38581500e+02] 10.306997963501203
[-3.15096611e+00  9.25264818e-02 -1.31468943e-01  1.03930038e+01
  3.43006796e+02] 10.394247086619703
[-3.25914303e+00 -5.15175982e-02 -1.02879004e-01  1.07690893e+01
  3.45105873e+02] 10.76970395252877
[-3.17087425e+00 -5.86094313e-02 -1.68997284e-02  1.06557588e+01
  3.44249930e+02] 10.655933399020054
[-3.20187273e+00 -1.34958674e-01  1.80595994e-01  1.04152822e+01
  3.43602910e+02] 10.417722019872587
[-3.26580119e+00 -8.64250200e-02  2.61860174e-02  1.05081653e+01
  3.40961087e+02] 10.508553284689
[-3.19199609e+00 -4.49191179e-02 -2.61766074e-02  1.05273149e+01
  3.42844229e+02] 10.52744331463794
[-3.18376018e+00  2.50511966e-01  1.20351794e-01  1.06741280e+01
  3.42645748e+02] 10.677745469547412
[-3.18934730e+00  1.21282103e-01  2.46013769e-02  1.02555024e+01
  3.40496409e+02] 10.256249054375834
[-3.16196788e+00 -1.03855042e-01  9.26936984e-02  1.05580054e+01
  3.42902625e+02] 10.558923020140126
[-3.15999179e+00  6.53704528e-02  1.43234031e-01  1.01769646e+01
  3.40472601e+02] 10.178182404607679
[-3.20553928e+00  1.43808539e-01  4.31676109e-02  1.03112302e+01
  3.39693096e+02] 10.312323341037565
[-3.11306027e+00  2.46022191e-01  4.52513416e-03  1.04474719e+01
  3.42192654e+02] 10.45036920920147
[-3.27792514e+00  9.37967761e-02  2.67087091e-01  1.04524484e+01
  3.40362847e+02] 10.456280931298503
[-3.13332762e+00  1.94042975e-02 -1.90706904e-01  1.02881963e+01
  3.40155733e+02] 10.289981997143927
[-3.16616627e+00 -2.02615001e-02  5.83386240e-02  1.06567429e+01
  3.43448069e+02] 10.656921793130053
[-3.20663042e+00 -1.40433418e-01 -1.89945875e-01  1.05870916e+01
  3.41963354e+02] 10.589726614217286
[-3.20874658e+00 -3.61491577e-02 -3.48400175e-02  1.03097785e+01
  3.40219797e+02] 10.309900789640345
[-3.15970714e+00 -1.55994228e-01  1.68566137e-02  1.04653289e+01
  3.42064351e+02] 10.46650503837903
[-3.21033627e+00 -1.37786636e-01  1.56626138e-02  1.03733732e+01
  3.42900909e+02] 10.374300119677267
[-3.28196875e+00  2.00319484e-03  1.28394027e-01  1.04611356e+01
  3.40786177e+02] 10.46192366357947
[-3.19284006e+00  1.37145559e-01 -4.87762157e-02  1.06027158e+01
  3.42558483e+02] 10.603714903686367
[-3.24558780e+00 -9.42216548e-02  6.02242893e-02  1.03599304e+01
  3.40207064e+02] 10.360533903359107
[-3.27222743e+00 -1.77835329e-01 -3.18630724e-01  1.04691723e+01
  3.42471850e+02] 10.475529523504342
[-3.14057641e+00  2.69192415e-02 -7.13718426e-02  1.03831946e+01
  3.41545012e+02] 10.383474742926587
[-3.26057139e+00 -8.38687521e-02  1.82144573e-01  1.04613871e+01
  3.43126536e+02] 10.463308738799759
[-3.27448769e+00  1.14034039e-01  1.19994063e-01  1.02466064e+01
  3.40212360e+02] 10.247943487671504
[-3.24213196e+00 -3.53350625e-01  5.53080982e-02  1.01741917e+01
  3.41816062e+02] 10.180476075673614
[-3.18721828e+00 -8.93698557e-02  1.02672584e-01  1.04425403e+01
  3.41378988e+02] 10.443427418420116
[-3.18677701e+00  3.90790788e-02  1.05177966e-01  1.06310165e+01
  3.44599992e+02] 10.63160857276375
[-3.15423463e+00 -7.11261041e-03 -1.69147662e-01  1.04559528e+01
  3.41675296e+02] 10.457323316121164
[-3.20153973e+00 -6.67219210e-03  5.03472845e-02  1.03913764e+01
  3.40717646e+02] 10.391500502354985
[-3.19089354e+00 -7.83364501e-02  1.81181940e-01  1.02955312e+01
  3.39763223e+02] 10.297423229226558
[-3.17622791e+00 -2.39421489e-02  9.98932682e-02  1.02796826e+01
  3.41272147e+02] 10.280195807198888
[-3.18867992e+00 -2.69337182e-01 -7.25696651e-02  1.04586412e+01
  3.41439988e+02] 10.462360387160393
[-3.23534506e+00 -2.54719570e-02  8.49631642e-03  1.02518539e+01
  3.39296263e+02] 10.251889070005522
[-3.22901010e+00  4.42440640e-02 -1.66877793e-01  1.02141455e+01
  3.39334809e+02] 10.21560441931573
[-3.25400570e+00 -2.11611398e-01 -1.08056186e-01  1.04211334e+01
  3.39853282e+02] 10.423841739461933
[-3.21224542e+00 -1.16273978e-01  1.41561661e-01  1.03752213e+01
  3.40945581e+02] 10.37683845140908
[-3.15323012e+00 -1.95718104e-01 -3.72623346e-01  1.05814050e+01
  3.42668776e+02] 10.589772710579405
[-3.25721968e+00  3.19703489e-02  9.27158601e-02  1.06973114e+01
  3.43000395e+02] 10.6977610079971
[-3.22124488e+00  1.60405581e-01 -5.19258399e-03  1.04927998e+01
  3.40874592e+02] 10.494027112456537
[-3.20600764e+00  1.93725357e-02 -5.63279814e-02  1.03182300e+01
  3.42256334e+02] 10.318401897620683
[-3.31430643e+00  7.00806864e-02  2.80775938e-01  1.05204858e+01
  3.40674398e+02] 10.524465162567429
[-3.15406040e+00 -4.45167331e-02  1.64686701e-01  1.02465427e+01
  3.40791349e+02] 10.247962764467463
[-3.20725104e+00 -8.10127133e-02  7.24385796e-02  1.03120143e+01
  3.41288644e+02] 10.31258690639886
[-3.22680983e+00 -8.05363341e-02 -2.48974577e-01  1.02954664e+01
  3.38946757e+02] 10.298791366003456
[-3.23205362e+00 -1.11184910e-01 -1.58464116e-01  1.05671457e+01
  3.42942059e+02] 10.56891861091495
[-3.18931049e+00  2.30530177e-01  1.67422286e-01  1.04236308e+01
  3.42731188e+02] 10.42752381748495
[-3.17317473e+00 -4.45292895e-02 -6.61994777e-02  1.06009446e+01
  3.41306220e+02] 10.601244853108646
[-3.20228888e+00 -1.56322500e-02  4.99826316e-02  1.03792928e+01
  3.41417945e+02] 10.379424952699946
[-3.26129032e+00 -2.50113402e-02  2.01530326e-01  1.05169592e+01
  3.41710523e+02] 10.518919657923512
[-3.28548211e+00 -3.87426405e-01 -2.06804443e-01  1.02848793e+01
  3.39157196e+02] 10.294251251619585
[-3.29429766e+00  2.52024337e-02 -2.12186827e-01  1.05499839e+01
  3.43752601e+02] 10.552147554256251
[-3.25749707e+00 -2.67588502e-01  5.51025804e-02  1.04426177e+01
  3.41894501e+02] 10.446190918219996
[-3.17160766e+00  1.26199101e-01  1.17567072e-01  1.07704539e+01
  3.44263609e+02] 10.771834805374894
[-3.23763787e+00  7.12616332e-02  2.89347582e-02  1.03483209e+01
  3.41477622e+02] 10.34860668032379
[-3.17441712e+00 -2.31960843e-01 -3.15131662e-01  1.02916068e+01
  3.41067507e+02] 10.299042844951861
[-3.24779980e+00 -2.54592993e-01 -9.46126433e-02  1.03400845e+01
  3.40278223e+02] 10.343651027715023
[-3.27867162e+00 -1.01295935e-01  1.72300193e-01  1.06058026e+01
  3.43327243e+02] 10.607685787843371
[-3.20679013e+00  2.61025131e-02 -5.32928576e-02  1.04158308e+01
  3.41544778e+02] 10.41599983789841
[-3.20698802e+00  6.04773283e-02 -1.28718609e-01  1.02644771e+01
  3.39511687e+02] 10.265462318011595
[-3.24626163e+00  7.29162190e-02 -4.92119993e-02  1.05286488e+01
  3.44915718e+02] 10.52901632162684
[-3.21058014e+00  2.91645252e-01  1.57689515e-01  1.05921783e+01
  3.41139668e+02] 10.597365948656737
[-3.16852647e+00 -1.18854065e-01  1.41133465e-01  1.02642633e+01
  3.41514650e+02] 10.26592162288357
[-3.15145468e+00 -1.48695002e-01  3.94934939e-02  1.04202891e+01
  3.43892747e+02] 10.421424768883849
[-3.27986102e+00 -6.38335535e-02 -9.56289239e-02  1.04813186e+01
  3.41128908e+02] 10.481949190315527
[-3.22825578e+00 -3.67484242e-02  1.49101612e-01  1.06076653e+01
  3.40600372e+02] 10.608776803563872
[-3.22694382e+00  1.47107055e-01 -3.07383021e-01  1.02948260e+01
  3.41084952e+02] 10.300464456614469
[-3.25585564e+00  1.47079729e-02 -2.15079981e-01  1.04457161e+01
  3.42725692e+02] 10.447940542993676
[-3.25104943e+00  1.44838237e-01 -3.89481689e-02  1.03159214e+01
  3.39209275e+02] 10.31701163188944
[-3.21012109e+00  5.99231280e-02 -1.19746613e-02  1.06135313e+01
  3.41385188e+02] 10.613707217218083
[-3.20247136e+00 -1.20622972e-01  9.32087086e-02  1.05116132e+01
  3.41764807e+02] 10.512718495799081
[-3.18117891e+00 -3.10550255e-02 -1.37712644e-01  1.02791340e+01
  3.42043378e+02] 10.280103341259307
[-3.21165756e+00 -2.68504889e-01  5.17998980e-02  1.03656327e+01
  3.42519161e+02] 10.369239129076021
[-3.20119595e+00 -1.75212057e-03  5.89123666e-02  1.04959598e+01
  3.41073390e+02] 10.496125310549052
[-3.21550834e+00 -5.16253593e-02 -4.43828018e-02  1.05521891e+01
  3.41768566e+02] 10.5524087496597
[-3.23849339e+00 -2.66268147e-01 -2.70307842e-01  1.04428420e+01
  3.41799849e+02] 10.449732724505113
[-3.21492131e+00  1.11185069e-01  8.39705504e-02  1.05213320e+01
  3.41776081e+02] 10.522254537062167
[-3.21880819e+00  5.55960208e-02 -8.30046562e-02  1.04172958e+01
  3.41306843e+02] 10.417774819956225
[-3.21109292e+00 -1.42351605e-01  1.78901436e-01  1.06235364e+01
  3.42299907e+02] 10.625996235374586
[-3.19973326e+00 -2.07116026e-01  1.76096584e-01  1.03644044e+01
  3.41561023e+02] 10.367969226139255
[-3.16775475e+00  4.13322447e-02  1.93906367e-01  1.05065773e+01
  3.43865494e+02] 10.508447759689144
[-3.24857869e+00  7.95840527e-02 -3.69148456e-02  1.02622336e+01
  3.40903083e+02] 10.262608567314814
[-3.21574500e+00  1.11857513e-01  4.11561049e-02  1.02454166e+01
  3.41759748e+02] 10.246109890723725
[-3.13890318e+00  1.39757119e-03 -7.19407868e-02  1.03818302e+01
  3.42675892e+02] 10.382079532101594
[-3.18437225e+00 -1.54777649e-02  6.34440862e-02  1.03423295e+01
  3.40539684e+02] 10.342535682154104
[-3.15762088e+00  1.50164271e-01  1.39809833e-03  1.07314923e+01
  3.45206319e+02] 10.732542954478513
[-3.14224406e+00  8.28572963e-02 -1.11047739e-01  1.02810791e+01
  3.41517563e+02] 10.282012687675945
[-3.23866901e+00 -2.07667802e-02 -1.18545096e-01  1.02034056e+01
  3.38883946e+02] 10.204115309500976
[-3.20843680e+00 -2.28960213e-01  1.22953250e-01  1.07423908e+01
  3.45799646e+02] 10.745534006738668
[-3.12880175e+00 -8.24053210e-02  4.96314721e-02  1.04338130e+01
  3.43751239e+02] 10.434256492575697
[-3.26003667e+00 -3.71612039e-03 -3.08146396e-01  1.05443298e+01
  3.43254201e+02] 10.548832153668096
[-3.20346276e+00  1.54428256e-01 -1.40450164e-01  1.06773072e+01
  3.43369943e+02] 10.67934755309055
[-3.25662712e+00  5.12230751e-02  1.42187206e-01  1.04572301e+01
  3.42063477e+02] 10.458322159586851
[-3.17363356e+00 -2.96369570e-01  2.94663763e-01  1.03439220e+01
  3.40567601e+02] 10.352361234727374
[-3.25002924e+00 -2.79641253e-01 -8.80363775e-02  1.01629155e+01
  3.39141918e+02] 10.167143217653566
[-3.13008055e+00  5.49135696e-02  1.26336514e-01  1.02071709e+01
  3.40010559e+02] 10.208100440690048
[-3.24942031e+00 -1.03519472e-01  8.06446943e-02  1.04322142e+01
  3.42242250e+02] 10.43303948920062
[-3.23220803e+00  1.76760793e-01 -1.77827396e-02  1.02548575e+01
  3.40231374e+02] 10.256396231877508
[-3.20761055e+00 -8.79906322e-02  4.85218044e-02  1.06683437e+01
  3.42003078e+02] 10.668816919730906
[-3.24169371e+00 -3.03885952e-03 -5.43843963e-05  1.04462337e+01
  3.41877824e+02] 10.446234148618526
[-3.18011162e+00  2.32523198e-01  1.02244697e-01  1.04334473e+01
  3.40025624e+02] 10.436538854233493
[-3.25858515e+00  1.22490714e-01  1.82817929e-01  1.01820316e+01
  3.39509224e+02] 10.184409381201913
[-3.16446938e+00 -2.39849443e-01 -2.49859681e-01  1.02500163e+01
  3.41138557e+02] 10.25586618434632
[-3.19310280e+00  2.70420729e-01 -1.08935002e-02  1.05602139e+01
  3.43798361e+02] 10.56368131080866
[-3.21853046e+00  9.93911536e-02 -1.13707623e-01  1.03469799e+01
  3.41943296e+02] 10.348081967619526
[-3.22189054e+00 -5.60649416e-03 -3.97559188e-03  1.04134154e+01
  3.42257733e+02] 10.413417641980914
[-3.13757039e+00  1.09363287e-01 -3.42688574e-01  1.02361057e+01
  3.41259216e+02] 10.242424273910139
[-3.16910214e+00 -1.05746370e-01 -6.73934345e-02  1.02513408e+01
  3.40745693e+02] 10.252107729826328
[-3.17839603e+00 -9.48827982e-02 -1.79909778e-01  1.06044188e+01
  3.43371729e+02] 10.606369270462627
[-3.22541202e+00 -1.05935396e-01  1.69386444e-01  1.03457651e+01
  3.40817240e+02] 10.347693938513393
[-3.12775932e+00 -1.72437654e-01 -1.49788722e-02  1.01771613e+01
  3.39615235e+02] 10.178633033735306
[-3.24758881e+00  1.39189561e-02  1.58310946e-01  1.03852100e+01
  3.41489013e+02] 10.386425871294092
[-3.27348222e+00  1.66714802e-01 -5.51805830e-02  1.05376996e+01
  3.40598789e+02] 10.53916275807164
[-3.17141709e+00  4.27691153e-02  7.33386980e-02  1.01762793e+01
  3.41634156e+02] 10.176633443034122
[-3.23070859e+00  1.94581861e-01  1.68130988e-01  1.06608080e+01
  3.44217119e+02] 10.66390909288657
[-3.20575741e+00  1.33108396e-01  2.59766221e-02  1.03797905e+01
  3.42249175e+02] 10.380676398495716
[-3.17183641e+00 -1.06395578e-01 -2.77280307e-01  1.04097921e+01
  3.43081398e+02] 10.414027888023387
[-3.24453740e+00 -5.15301121e-02 -1.80182299e-01  1.05730842e+01
  3.42958889e+02] 10.574744952977706
[-3.24248697e+00  1.75753255e-01  4.69537986e-02  1.05459768e+01
  3.41912903e+02] 10.547545674458124
[-3.17027807e+00 -2.83467037e-01  1.99242659e-01  1.04934491e+01
  3.40024387e+02] 10.499167870351968
[-3.25325691e+00 -7.29303201e-02  1.51409786e-01  1.05968205e+01
  3.40293095e+02] 10.598153105944446
[-3.21024424e+00  1.25963450e-02 -6.06794637e-02  1.05267858e+01
  3.43634675e+02] 10.526968172475419
[-3.28569035e+00  6.96150609e-02  1.07155357e-01  1.04622952e+01
  3.41104029e+02] 10.463075482938443
[-3.16751764e+00  1.18746064e-01 -2.20403491e-01  1.03969724e+01
  3.41398136e+02] 10.39998623099199
[-3.18921575e+00  1.61024305e-01  2.97305842e-02  1.05113529e+01
  3.43927392e+02] 10.51262828597296
[-3.21338811e+00  1.83933666e-01 -6.00993508e-02  1.05444107e+01
  3.42121898e+02] 10.54618607683734
[-3.19102671e+00 -2.00272502e-01  3.34129867e-01  1.02270752e+01
  3.38884300e+02] 10.23449165192699
[-3.26634675e+00 -4.28563211e-01 -1.06246457e-02  1.04835189e+01
  3.41618833e+02] 10.49228044055356
[-3.16481155e+00 -1.68372665e-01 -1.30546920e-01  1.04261088e+01
  3.41736876e+02] 10.428285443481826
[-3.22756246e+00  1.11406030e-01  5.26414671e-02  1.04417805e+01
  3.39781487e+02] 10.442507484601482
[-3.23392488e+00 -1.41613693e-01  1.92607779e-01  1.03652895e+01
  3.38869730e+02] 10.368046017643582
[-3.27892540e+00  1.88222834e-01  1.16163513e-01  1.04199036e+01
  3.41506234e+02] 10.422250822738729
[-3.29767919e+00 -6.81146837e-02 -5.81811123e-02  1.04761991e+01
  3.42570123e+02] 10.476582047618217
[-3.16442572e+00 -9.22847414e-02  2.14978226e-01  1.02944932e+01
  3.41952450e+02] 10.297151136429392
[-3.15712273e+00  7.53420068e-02  1.73216569e-01  1.04517369e+01
  3.42596892e+02] 10.453443634792107
[-3.21633654e+00  1.67175879e-01  1.51191337e-01  1.03169136e+01
  3.40291594e+02] 10.319375575304763
[-3.19112264e+00  3.23506617e-02 -3.91550767e-02  1.06025545e+01
  3.44834372e+02] 10.602676171773728
[-3.26234685e+00 -3.10537160e-01  1.33036200e-01  1.03651448e+01
  3.40523333e+02] 10.370648947787517
[-3.26287837e+00  1.66504338e-02 -3.19819216e-01  1.02340040e+01
  3.39818896e+02] 10.23901361659716
[-3.16792430e+00  5.92724121e-02 -6.07879792e-02  1.02997513e+01
  3.40401735e+02] 10.300101185327776
[-3.18784615e+00  4.07635200e-02 -2.84390466e-01  1.03831147e+01
  3.41400413e+02] 10.387088617302835
[-3.25256863e+00 -1.90739304e-02 -2.06916317e-01  1.05867331e+01
  3.44881587e+02] 10.58877211326377
[-3.20646591e+00 -2.31755158e-01 -1.78045765e-01  1.02983456e+01
  3.41667928e+02] 10.302491578809427
[-3.27334652e+00  2.17772591e-01 -8.02356612e-02  1.06051847e+01
  3.42268592e+02] 10.607723852836441
[-3.23723524e+00 -1.03719919e-01  1.08364737e-01  1.03422758e+01
  3.41457561e+02] 10.34336352079372
[-3.23501772e+00 -8.11663409e-03  4.62321538e-04  1.02026359e+01
  3.39225470e+02] 10.202639177099757
[-3.22934800e+00 -2.15570668e-01  2.04389371e-01  1.06641849e+01
  3.43817921e+02] 10.668321568781703
[-3.32580312e+00  1.46615136e-01  2.48722179e-01  1.05734419e+01
  3.40981280e+02] 10.577383059223637
[-3.25027504e+00 -1.79085743e-02  2.13169692e-01  1.04423190e+01
  3.43009331e+02] 10.444509956895242
[-3.17197083e+00 -1.28946629e-01  6.42134843e-02  1.04146740e+01
  3.41511307e+02] 10.41567016806491
[-3.19623459e+00  1.62662361e-02  8.53733689e-02  1.04958765e+01
  3.42645592e+02] 10.49623629598252
[-3.23369068e+00  1.72923398e-01  1.62930219e-02  1.01398778e+01
  3.38980175e+02] 10.141365231763066
[-3.12547247e+00  6.55071579e-02  2.05963997e-01  1.03282073e+01
  3.41445998e+02] 10.33046846589405
[-3.19645276e+00  3.08662993e-01  2.66376093e-01  1.04040650e+01
  3.42813306e+02] 10.41205059652903
[-3.17133198e+00  3.09047955e-02 -2.08869321e-01  1.05109149e+01
  3.41791301e+02] 10.513035360782354
[-3.20836152e+00 -2.10067424e-01 -2.37101206e-01  1.06959469e+01
  3.43196585e+02] 10.700636652629369
[-3.19106263e+00  2.25966092e-02  3.77299380e-02  1.02567297e+01
  3.39485965e+02] 10.256823944902935
[-3.24263260e+00  3.94137184e-02  5.06468487e-02  1.06636276e+01
  3.44306456e+02] 10.663820679163532
[-3.14723072e+00 -1.66089048e-01 -3.30452443e-01  1.04009986e+01
  3.42924051e+02] 10.407572020343688
[-3.22603845e+00  1.21252851e-01 -5.28598214e-02  1.03995343e+01
  3.40684913e+02] 10.40037545734696
[-3.17278818e+00  1.24270927e-01  2.68187975e-02  1.03831686e+01
  3.39803149e+02] 10.383946851809544
[-3.22940500e+00  4.94242801e-04  2.45088972e-01  1.04636883e+01
  3.42599534e+02] 10.466558214244406
[-3.20595055e+00 -8.73994869e-02 -3.08466542e-01  1.06196086e+01
  3.44009180e+02] 10.62444713327546
[-3.23845201e+00  1.20683392e-01  9.23450186e-02  1.04256805e+01
  3.41703518e+02] 10.426787919761564
[-3.19573798e+00 -1.22783425e-01 -1.08844508e-01  1.07719476e+01
  3.44293181e+02] 10.773197203422328
[-3.19767964e+00  1.84102838e-01  1.06094453e-01  1.05348428e+01
  3.42347923e+02] 10.536985508528225
[-3.14055002e+00  8.75024518e-02 -1.11494905e-01  1.03413063e+01
  3.42432195e+02] 10.342277496354864
[-3.21261788e+00  5.28021508e-02 -7.79763602e-02  1.02277713e+01
  3.38536826e+02] 10.228204798442869
[-3.15715395e+00 -2.38654790e-01 -2.11503158e-01  1.04491692e+01
  3.43450249e+02] 10.454033985045871
[-3.27367683e+00  1.03823895e-01  2.58736419e-02  1.04004683e+01
  3.41023514e+02] 10.401018713079353
[-3.16347656e+00 -2.00352995e-02 -1.05302010e-01  1.02845275e+01
  3.38886672e+02] 10.285086079311126
[-3.22821071e+00 -2.44289238e-01 -1.66361353e-01  1.03348669e+01
  3.41561694e+02] 10.339092154649288
[-3.31503165e+00  1.72351886e-01  9.87734399e-02  1.06303886e+01
  3.42175600e+02] 10.63224453455792
[-3.16111857e+00  3.61317247e-01 -1.08043780e-01  1.02271110e+01
  3.41148029e+02] 10.234061855434463
[-3.29656684e+00 -3.17324843e-01  2.12825029e-02  1.04090323e+01
  3.38469124e+02] 10.413889804530546
[-3.26784956e+00 -9.72834853e-02 -3.36001087e-01  1.06703080e+01
  3.42386138e+02] 10.67604016533161
[-3.17912876e+00 -5.89439310e-02 -1.47619163e-01  1.05078567e+01
  3.42625489e+02] 10.509058890624326
[-3.17475501e+00  1.44235775e-01 -1.63289083e-01  1.05559781e+01
  3.43934343e+02] 10.558226191362852
[-3.17468046e+00 -1.95276072e-01 -2.03272240e-02  1.02584409e+01
  3.41817309e+02] 10.2603194862381
[-3.26445267e+00 -2.66391926e-01  2.09626911e-01  1.04851056e+01
  3.42210958e+02] 10.49058373399334
[-3.17846784e+00 -6.59439195e-02 -7.27018818e-02  1.04359788e+01
  3.42800667e+02] 10.436440411567903
[-3.21996874e+00  2.45951738e-01 -3.90472790e-02  1.02746166e+01
  3.38939683e+02] 10.277634093792845
[-3.25982467e+00  7.34936321e-02  2.37502379e-02  1.04301565e+01
  3.40813550e+02] 10.430442452310036
[-3.17596927e+00  1.04081030e-02  1.91462239e-01  1.06153404e+01
  3.44200754e+02] 10.617071979151898
[-3.22427111e+00  2.34097749e-01  1.79032530e-01  1.05295134e+01
  3.43464332e+02] 10.533636917075498
[-3.12263312e+00 -3.35166430e-02  5.49914579e-02  1.05152398e+01
  3.43120525e+02] 10.515437023719274
[-3.22508628e+00  1.40165774e-01 -1.14172157e-01  1.08576088e+01
  3.45147763e+02] 10.859113668647494
[-3.25011035e+00 -4.95172747e-02  3.09989311e-01  1.04600828e+01
  3.40757297e+02] 10.464792310468262
[-3.28489308e+00 -6.47816073e-02 -1.09197400e-01  1.05230407e+01
  3.40925978e+02] 10.523806641116437
[-3.28537409e+00  8.52978947e-02 -3.95542669e-02  1.03875588e+01
  3.40482688e+02] 10.387984307975394
[-3.19829464e+00 -1.86587901e-03  3.08951951e-04  1.04797316e+01
  3.42537100e+02] 10.479731745209476
[-3.17695514e+00  2.33870676e-01 -1.80246287e-01  1.03063170e+01
  3.42572166e+02] 10.310545780081021
[-3.19222593e+00  5.43653877e-02  5.31391146e-02  1.05518738e+01
  3.42406408e+02] 10.552147686145402
[-3.18629425e+00 -1.48680131e-01  6.89019778e-02  1.02160347e+01
  3.38981741e+02] 10.217348853627682
[-3.29200779e+00 -5.41758514e-02 -3.95098281e-02  1.04978877e+01
  3.41178080e+02] 10.498101866608256
[-3.15881375e+00  5.41273611e-02  1.85194041e-01  1.07258858e+01
  3.43432905e+02] 10.727620990833154
[-3.20418330e+00 -1.26353972e-01  1.95953563e-01  1.03574402e+01
  3.40647605e+02] 10.360064258040742
[-3.15803280e+00  6.12188738e-02  4.00066816e-01  1.05410311e+01
  3.42576026e+02] 10.548797949338077
[-3.13051836e+00 -2.42708667e-01 -1.40418060e-01  1.04525989e+01
  3.42433479e+02] 10.456359245763602
[-3.13569144e+00  1.23423571e-03 -1.82434246e-01  1.01561960e+01
  3.40521189e+02] 10.157834461405105
[-3.17161229e+00 -3.58273975e-02 -5.66887281e-02  1.05166814e+01
  3.42451171e+02] 10.51689525222832
[-3.23415802e+00 -1.01008220e-01 -2.18326136e-01  1.06845178e+01
  3.42583457e+02] 10.687225537445768
[-3.19109688e+00 -9.77130513e-02 -6.97338411e-02  1.05585873e+01
  3.43050215e+02] 10.559269650376104
[-3.20974717e+00 -1.67874931e-01  1.54220084e-01  1.08277593e+01
  3.46383813e+02] 10.830158691299545
[-3.23715163e+00 -1.35359341e-01  2.43391553e-01  1.07230916e+01
  3.41853033e+02] 10.726707599292748
[-3.16170582e+00 -9.65410024e-03 -1.59947602e-02  1.02832988e+01
  3.38657277e+02] 10.283315798137098
[-3.21924283e+00 -8.30773026e-02  4.57576167e-01  1.07026662e+01
  3.42434720e+02] 10.712765401639409
[-3.16207099e+00 -1.84318631e-01  2.26761920e-01  1.03673312e+01
  3.40282822e+02] 10.37144879417876
[-3.26675493e+00  1.98969658e-01 -3.72188096e-02  1.04026346e+01
  3.41395923e+02] 10.404603805360713
[-3.17504904e+00 -2.48976885e-02  3.89241521e-01  1.03421476e+01
  3.41526219e+02] 10.349499809232446
[-3.29650368e+00  3.93045469e-02  1.31194643e-01  1.05321977e+01
  3.42641455e+02] 10.533088141335405
[-3.22084068e+00  1.05662977e-01 -7.84784764e-02  1.04434552e+01
  3.42289766e+02] 10.444284545650607
[-3.14874448e+00  3.06811602e-02 -4.62381654e-02  1.02623801e+01
  3.42170019e+02] 10.262530091597247
[-3.19396782e+00  1.78623419e-01  2.21610848e-01  1.05061993e+01
  3.40197497e+02] 10.51005430352649
[-3.18328597e+00 -1.39938678e-01  3.21047479e-02  1.06490136e+01
  3.44854669e+02] 10.649981432259299
[-3.20634682e+00 -1.42027209e-01 -2.46711519e-01  1.04940293e+01
  3.42740735e+02] 10.497889752338011
[-3.15939566e+00  1.30418402e-01 -3.59335771e-02  1.06711562e+01
  3.44155041e+02] 10.672013668235232
[-3.21842385e+00  9.39816368e-02  1.87674950e-01  1.04548183e+01
  3.40933948e+02] 10.456925028377455
[-3.23845412e+00  1.22564324e-01 -4.71713571e-02  1.05846330e+01
  3.41146107e+02] 10.585447667722178
[-3.15530989e+00 -2.33289362e-01  1.41247354e-01  1.02600984e+01
  3.39084716e+02] 10.263722206969078
[-3.19157366e+00  2.11059423e-02  8.49807802e-02  1.04999086e+01
  3.43265969e+02] 10.50027369263834
[-3.17847439e+00  2.21679822e-01 -3.63427349e-02  1.04554364e+01
  3.42459792e+02] 10.457849321465185
[-3.07847639e+00  5.22676559e-02  9.87793478e-02  1.04693152e+01
  3.44019255e+02] 10.46991167696539
[-3.17241698e+00 -8.04024214e-03 -7.87803021e-02  1.05062038e+01
  3.42531318e+02] 10.50650222016538
[-3.28058996e+00  1.26194249e-02 -1.15050306e-01  1.04905387e+01
  3.42219928e+02] 10.491177129582047
[-3.19059267e+00 -1.83138823e-01 -1.61717735e-01  1.02264158e+01
  3.41071341e+02] 10.229333923683214
[-3.22563811e+00  2.05296075e-01 -1.10084683e-01  1.04818549e+01
  3.42905411e+02] 10.484443061461977
[-3.21418682e+00  3.02100460e-01 -1.37295893e-01  1.05071098e+01
  3.44355212e+02] 10.512348549308763
[-3.21468791e+00  2.82101385e-01 -5.59950882e-02  1.02282728e+01
  3.39509857e+02] 10.232315557141165
[-3.25744293e+00 -2.70043987e-01  2.09728326e-01  1.04168057e+01
  3.42909831e+02] 10.422415747197332
[-3.22592400e+00 -1.20015654e-01  2.26454903e-01  1.05745540e+01
  3.42590044e+02] 10.577659380336303
[-3.19541328e+00 -1.78305691e-01 -2.10546572e-01  1.03518152e+01
  3.41472859e+02] 10.355491330579424
[-3.18461696e+00  3.71194148e-02 -1.62107638e-01  1.03010188e+01
  3.40462000e+02] 10.302361132296076
[-3.18754576e+00  1.53033830e-01 -3.64281369e-02  1.02966320e+01
  3.42360220e+02] 10.29783358754234
[-3.13045278e+00 -1.05933493e-01  1.67395604e-01  1.03728629e+01
  3.43059764e+02] 10.374754360576812
[-3.25584078e+00  7.96576808e-02  2.85946768e-01  1.03054567e+01
  3.38719971e+02] 10.309730808963074
[-3.23050520e+00  5.91719708e-04  1.24770881e-02  1.06387274e+01
  3.42886319e+02] 10.638734775199731
[-3.27031609e+00  2.52509896e-02  1.70642532e-01  1.01470201e+01
  3.39232214e+02] 10.148486235964361
[-3.21610352e+00 -1.61606039e-01  6.30977248e-02  1.02049672e+01
  3.40009682e+02] 10.206441737687946
[-3.19032207e+00  2.92414715e-01  2.24952374e-01  1.02833349e+01
  3.39343422e+02] 10.28995075660831
[-3.16682098e+00 -1.15379267e-01 -2.43642179e-01  1.03873005e+01
  3.43468307e+02] 10.39079813560722
[-3.19662995e+00  2.34201656e-02  6.78688486e-02  1.08508066e+01
  3.46033650e+02] 10.851044081774093
[-3.20319576e+00  2.78932053e-02 -5.56894859e-02  1.05880333e+01
  3.43258301e+02] 10.588216510736387
[-3.19705333e+00  2.47140020e-01  2.22132907e-01  1.01553034e+01
  3.38816023e+02] 10.160738592593221
[-3.19215501e+00  9.80737261e-03 -2.15856027e-01  1.03761726e+01
  3.40655283e+02] 10.378422231385294
[-3.25919656e+00  1.27869327e-01 -1.22117551e-01  1.04901291e+01
  3.41488701e+02] 10.491619148660195
[-3.18364176e+00 -1.95160455e-02 -4.47288512e-03  1.07845817e+01
  3.45264454e+02] 10.78460028111864
[-3.17535216e+00 -1.16046590e-01 -1.76744742e-01  1.04360051e+01
  3.41522746e+02] 10.43814679890485
[-3.30950112e+00 -1.43614799e-01  4.22599981e-03  1.06801269e+01
  3.39673635e+02] 10.681093231652643
[-3.20685544e+00 -2.14349898e-01  1.56512600e-01  1.04574974e+01
  3.41646535e+02] 10.460864835926868
[-3.19208663e+00  1.65392324e-01 -5.10107785e-02  1.04191465e+01
  3.42763198e+02] 10.420583969546227
[-3.20311660e+00 -1.04928185e-01  2.87566300e-01  1.01461654e+01
  3.37772674e+02] 10.150782031681665
[-3.22094172e+00 -1.18508044e-01 -9.98094639e-02  1.05111225e+01
  3.40821734e+02] 10.512264346371428
[-3.20642594e+00  2.98892922e-02 -3.07832400e-01  1.04943023e+01
  3.42563226e+02] 10.498858737727513
