/mnt/stage/douwei/Simulation/5kt_root/2MeV/5kt_-1.00_3.root
[-2.95840750e+00 -6.92448810e-02  7.22241312e-02 -7.62262550e-01
  2.86062089e+02] 0.7688012581550574
[-2.94363122e+00 -3.12519156e-02  7.73030629e-02 -8.55876605e-01
  2.86660654e+02] 0.8599286070093057
[-3.01554324e+00  1.46147344e-01 -2.21160693e-01 -9.70947131e-01
  2.86484562e+02] 1.0064836955158156
[-2.95178736e+00  1.83082648e-01  1.35385438e-01 -1.00086442e+00
  2.86689559e+02] 1.0264395081967468
[-3.03018934e+00  1.80861753e-01  2.45910902e-02 -1.24511588e+00
  2.86636851e+02] 1.258423315549891
[-2.98260873e+00  2.95270409e-01  4.80402987e-02 -1.13942195e+00
  2.87166727e+02] 1.1780385651469023
[-2.99552408e+00  3.10947501e-01  1.28567480e-02 -4.08741981e-01
  2.85222789e+02] 0.5137350008350787
[-2.99139726e+00  9.71310096e-02 -1.30658887e-01 -9.02278228e-01
  2.86818873e+02] 0.9168490490468594
[-3.05764240e+00  4.01884770e-02 -1.47529888e-01 -8.55217919e-01
  2.85762002e+02] 0.8687795296490213
[-2.97322217e+00 -1.32142967e-01 -3.69984727e-01 -1.08104061e+00
  2.86214248e+02] 1.150217053253195
[-2.97962924e+00 -8.58328037e-04  1.99746553e-01 -8.60334248e-01
  2.85655619e+02] 0.8832182295922221
[-2.90575762e+00 -1.20255744e-01 -8.95906056e-02 -1.15602697e+00
  2.85320608e+02] 1.1657127763841255
[-3.08379959e+00  2.15097769e-01 -8.23284032e-02 -9.74361348e-01
  2.85808862e+02] 1.0012117926162416
[-2.93084068e+00  4.33868574e-02 -2.71062211e-02 -8.94249916e-01
  2.86391865e+02] 0.8957120516233805
[-2.95778390e+00 -2.42883223e-01  4.25453681e-02 -9.26118775e-01
  2.87259625e+02] 0.9583831979303656
[-2.96138060e+00  1.37502412e-01  1.34213478e-01 -8.39386124e-01
  2.86799654e+02] 0.8610976924508981
[-2.98862613e+00  9.00993490e-02 -1.66714076e-01 -8.42967308e-01
  2.85992635e+02] 0.8640054153537146
[-3.06115857e+00 -4.45751428e-03 -6.42637911e-02 -9.80746509e-01
  2.86171706e+02] 0.9828598166735254
[-2.94987050e+00 -8.79246416e-02  6.42934582e-02 -8.03800956e-01
  2.85786106e+02] 0.8111475623667916
[-3.03451674e+00  6.43951180e-02 -1.63982044e-01 -1.20760202e+00
  2.85915105e+02] 1.2203849740250239
[-2.91835307e+00  2.68227962e-02  8.64829320e-02 -1.14779970e+00
  2.86857145e+02] 1.1513656746410632
[-3.01126475e+00  4.53947120e-01  9.37306886e-02 -1.16840974e+00
  2.86379981e+02] 1.2569943279384048
[-2.98727094e+00  1.19937020e-01 -3.98564879e-02 -6.72881362e-01
  2.86656338e+02] 0.6846479066979008
[-3.03305392e+00 -1.25107073e-02  9.15128278e-02 -8.30998983e-01
  2.86274560e+02] 0.8361162748996833
[-3.02512257e+00  2.24011305e-02 -3.94445254e-02 -1.01601938e+00
  2.85763839e+02] 1.0170314979358284
[-3.00758902e+00  6.10792310e-02 -2.55542502e-01 -1.11254642e+00
  2.86163136e+02] 1.1431501164451536
[-3.08500379e+00 -8.91000745e-02  1.05408626e-01 -8.43604534e-01
  2.85415972e+02] 0.8548206900058029
[-2.97615884e+00 -8.85000478e-02  1.53299432e-01 -9.83548879e-01
  2.86813957e+02] 0.9993504745118308
[-2.96140351e+00 -2.05601143e-01  4.03540358e-04 -4.96412730e-01
  2.85216742e+02] 0.5373058641514645
[-2.97353124e+00 -3.22158141e-01  2.08512803e-02 -9.05518125e-01
  2.85670992e+02] 0.9613447450020881
[-2.96959767e+00 -3.21267078e-03  6.63843768e-02 -1.02161560e+00
  2.87063065e+02] 1.0237751887205615
[-3.07233292e+00 -1.80392881e-01  1.43841440e-01 -1.29549008e+00
  2.85482247e+02] 1.3158747993645532
[-3.00525839e+00 -2.76767215e-02 -3.72974779e-01 -1.08114959e+00
  2.85751608e+02] 1.14401076026076
[-2.92104426e+00 -3.74435122e-01  3.16044248e-02 -6.52047964e-01
  2.86187905e+02] 0.7525736162555895
[-3.14764588e+00 -2.15196176e-01 -1.31156018e-02 -8.24317097e-01
  2.86197528e+02] 0.8520446525717636
[-3.16288363e+00  1.46931151e-01  7.80590400e-02 -1.01807085e+00
  2.85392464e+02] 1.031576573048337
[-2.97950006e+00 -9.57535097e-02 -7.46782739e-03 -1.29374667e+00
  2.86978072e+02] 1.297306808723982
[-2.97177498e+00 -1.17010754e-01 -8.88552015e-02 -1.00182758e+00
  2.86190902e+02] 1.0125439607594673
[-2.98651907e+00  2.46519642e-01  7.99997543e-02 -1.09015064e+00
  2.86274924e+02] 1.1205357233346658
[-3.03388231e+00 -2.63120099e-02 -2.65066382e-01 -1.33370231e+00
  2.86125728e+02] 1.3600420415270031
[-2.91572721e+00 -1.72454584e-01 -2.70604940e-02 -8.71113752e-01
  2.86209571e+02] 0.8884323398651226
[-3.00407658e+00  2.49484356e-01 -1.21342485e-01 -1.39239651e+00
  2.86436849e+02] 1.4197656450104779
[-2.94585128e+00 -4.14374389e-01  1.79401290e-01 -9.92756561e-01
  2.86770211e+02] 1.0906220919937326
[-3.11452287e+00 -2.41393408e-01 -3.89496428e-01 -8.83668817e-01
  2.85729520e+02] 0.9954138956059055
[-3.03182485e+00  1.67171426e-01  2.79406659e-01 -9.12418235e-01
  2.85939042e+02] 0.9687731429987787
[-3.00593743e+00 -1.65325013e-01 -2.09396989e-02 -6.77179512e-01
  2.85771584e+02] 0.69738290965664
[-3.00056281e+00 -1.72624234e-01  6.94382506e-02 -1.31847547e+00
  2.86347762e+02] 1.331539844443322
[-3.07606512e+00  3.47139683e-02 -1.90434903e-02 -1.21220259e+00
  2.85767260e+02] 1.212849054150277
[-2.96649108e+00  1.87006292e-01 -1.87014972e-01 -8.93767403e-01
  2.86311669e+02] 0.9320762433983043
[-3.06123544e+00  1.25069491e-01  2.55591386e-01 -9.48962995e-01
  2.85703129e+02] 0.9907068691337633
[-2.82451608e+00  2.92413906e-01  1.13891932e-01 -9.03480580e-01
  2.87152579e+02] 0.9564279494197182
[-3.00312729e+00 -1.67036037e-02  6.73072073e-02 -1.34835014e+00
  2.87233738e+02] 1.35013235406854
[-2.95729195e+00 -2.07083426e-05  1.05430685e-01 -1.12311513e+00
  2.86196158e+02] 1.1280528460202994
[-3.04235708e+00  7.48050948e-02  3.28504679e-01 -1.00371608e+00
  2.86042030e+02] 1.05875261303901
[-2.91046298e+00 -3.37411316e-01  2.70668591e-01 -9.15385414e-01
  2.86214565e+02] 1.0124417705597273
[-3.08692533e+00 -4.93374382e-01  2.41253289e-01 -1.36083505e+00
  2.86349458e+02] 1.4674786071532029
[-2.98348556e+00  2.43450381e-01 -7.59480656e-02 -7.54318710e-01
  2.86726144e+02] 0.7962618366229121
[-2.99148005e+00  2.38046740e-02  2.13100429e-01 -1.13336623e+00
  2.86483155e+02] 1.153471917460108
[-2.99937509e+00 -1.54460166e-01  3.74177194e-01 -9.44728470e-01
  2.85803394e+02] 1.0278027035788224
[-3.00328741e+00 -9.82382150e-03 -4.25719605e-01 -1.09519229e+00
  2.86798392e+02] 1.175065885652983
[-2.98156933e+00 -2.21729883e-01 -1.72758660e-01 -1.04709105e+00
  2.87002765e+02] 1.084162976114936
[-2.99054198e+00  6.92668311e-02  2.84738178e-03 -8.12672190e-01
  2.86453443e+02] 0.8156237424513338
[-3.02687753e+00  2.23276673e-01  1.83646247e-01 -9.08115873e-01
  2.85457867e+02] 0.9530230092777936
[-2.98706520e+00  2.97293003e-01 -6.62479035e-02 -8.96991126e-01
  2.86003279e+02] 0.9472935101208391
[-3.07416792e+00 -2.18954025e-01  2.09689794e-01 -9.97719326e-01
  2.86156820e+02] 1.0427629297915377
[-3.08374105e+00  3.85740438e-02 -7.49282607e-02 -1.41913108e+00
  2.86494309e+02] 1.4216311790140546
[-2.92044606e+00  1.08556820e-01 -1.36708077e-01 -9.23207477e-01
  2.85860707e+02] 0.9395667759698203
[-2.94758005e+00 -1.36533785e-01 -1.18868547e-01 -1.03122338e+00
  2.86184615e+02] 1.0469922927119333
[-3.01804153e+00  2.70309594e-01 -1.43107278e-01 -9.69570348e-01
  2.86218469e+02] 1.0166679046756344
[-3.08368710e+00 -1.05664178e-01 -3.62333139e-02 -6.70312619e-01
  2.86257561e+02] 0.6795563104902587
[-2.99452876e+00  1.60589473e-01  1.88248790e-02 -9.93157807e-01
  2.85785071e+02] 1.0062334639299497
[-3.05100292e+00 -1.91906994e-02  2.93869477e-03 -9.49097469e-01
  2.85527760e+02] 0.9492960153125615
[-3.00030874e+00  1.27631887e-01 -1.17242569e-01 -1.10252824e+00
  2.85101536e+02] 1.116066413456291
[-2.97602524e+00  7.84451761e-02 -1.89145922e-01 -1.18004540e+00
  2.85331836e+02] 1.1976798317124466
[-3.06630340e+00  7.71583829e-02  1.56159933e-01 -6.84528314e-01
  2.85467789e+02] 0.7063415277874132
[-2.98277899e+00 -1.14342161e-01 -2.15920376e-01 -6.55560128e-01
  2.87068881e+02] 0.6996104773239542
[-3.04042135e+00 -5.96279258e-02 -1.53129024e-01 -1.29858057e+00
  2.86317144e+02] 1.3089367791122895
[-3.03207850e+00  4.68016352e-02 -6.62761114e-02 -1.40097851e+00
  2.86260622e+02] 1.4033259475011979
[-2.99727923e+00  1.19572713e-01  1.36642429e-01 -1.03326902e+00
  2.86198642e+02] 1.0491013542413257
[-2.99815110e+00  1.97173031e-01  2.70119169e-01 -1.08097495e+00
  2.85852946e+02] 1.1315248212155962
[-3.06891213e+00  1.91645957e-01  4.07429421e-01 -1.15670460e+00
  2.87228907e+02] 1.2412463281161075
[-3.04499574e+00  1.95450405e-01  2.25928123e-01 -7.61280916e-01
  2.85799677e+02] 0.8177976584689506
