/mnt/stage/douwei/Simulation/5kt_root/2MeV/5kt_-8.20.root
[-3.18284958e+00  4.98225100e-02 -3.15620442e-01 -8.52734225e+00
  3.25589877e+02] 8.533326687002749
[-3.11655631e+00 -8.69886859e-02 -9.50377301e-03 -8.19278829e+00
  3.21477562e+02] 8.193255594463448
[-3.18443967e+00 -6.52491787e-02  4.34882732e-02 -8.36785882e+00
  3.26504401e+02] 8.368226213216442
[-3.16152028e+00 -2.83619665e-01  3.69080834e-03 -8.25200504e+00
  3.24450889e+02] 8.256878398308308
[-3.15687856e+00  2.59449694e-01  1.70765420e-01 -8.07864618e+00
  3.23460987e+02] 8.084614957262781
[-3.15460623e+00  1.26450757e-01 -7.15755667e-02 -8.19567199e+00
  3.23223400e+02] 8.196959935746243
[-3.14485396e+00 -1.57081419e-01 -3.23035441e-01 -8.54499461e+00
  3.26518146e+02] 8.552541106031894
[-3.15089751e+00 -3.25609811e-01  1.40077810e-01 -8.21367908e+00
  3.24878877e+02] 8.221323952823475
[-3.15850283e+00 -9.62134982e-03  6.90416642e-02 -7.88925807e+00
  3.18561291e+02] 7.88956603752888
[-3.15661166e+00  1.60496369e-01  2.02152317e-02 -8.40162723e+00
  3.24022224e+02] 8.403184382999937
[-3.15215242e+00 -6.54942905e-02 -1.41331774e-01 -8.18910602e+00
  3.24413431e+02] 8.19058737362235
[-3.23944891e+00  1.44458426e-02 -3.11441302e-02 -8.49998206e+00
  3.25433192e+02] 8.500051395098778
[-3.16655262e+00 -1.61919624e-01 -5.41721879e-02 -8.38372907e+00
  3.26244418e+02] 8.385467534871896
[-3.13333179e+00  1.27367215e-01 -9.40736562e-02 -8.25887516e+00
  3.25018851e+02] 8.26039292293273
[-3.08424774e+00  3.75322019e-02  1.39175721e-02 -7.84591912e+00
  3.21969218e+02] 7.8460212387279125
[-3.09114008e+00 -2.96109924e-01  3.93947575e-02 -7.97005271e+00
  3.23463669e+02] 7.97564876309665
[-3.12892618e+00  3.23137794e-02  2.43459892e-01 -8.33757373e+00
  3.24661974e+02] 8.341190120443963
[-3.16728997e+00  3.04207868e-01 -1.54224323e-02 -8.45677003e+00
  3.25955322e+02] 8.462253812815153
[-3.23316571e+00  2.39143321e-01  5.74690387e-02 -8.20040598e+00
  3.21929089e+02] 8.204093515836883
[-3.12434293e+00  1.20032535e-01 -3.98311957e-02 -8.41720034e+00
  3.24463509e+02] 8.418150386896805
[-3.12369499e+00  7.26400904e-03 -1.21559712e-01 -7.96107029e+00
  3.19629484e+02] 7.962001608753723
[-3.18518887e+00  1.33125169e-01 -3.51028853e-01 -8.13235831e+00
  3.20985270e+02] 8.141019303193067
[-3.22506790e+00 -9.65104964e-02  1.39406629e-01 -8.35163853e+00
  3.24431575e+02] 8.353359483740851
[-3.16720996e+00 -2.27548411e-01  5.00102742e-02 -8.36728617e+00
  3.26609660e+02] 8.37052908382771
[-3.18535289e+00  7.30659206e-02  1.36734115e-01 -8.53886984e+00
  3.22492585e+02] 8.540277104117514
[-3.13624187e+00  1.72768083e-01  1.19339432e-01 -8.31474420e+00
  3.24211376e+02] 8.31739513927183
[-3.12367227e+00  2.08825911e-01  4.94788947e-03 -8.42934012e+00
  3.23776774e+02] 8.431927866706003
[-3.11191030e+00  7.82905839e-02 -6.29452759e-02 -8.20351770e+00
  3.22595524e+02] 8.204132750143042
[-3.18528320e+00 -2.06470561e-01  2.28793113e-01 -8.20788566e+00
  3.21848523e+02] 8.213669301095976
[-3.17570524e+00 -2.05719259e-02 -2.26959819e-01 -8.26062665e+00
  3.24348435e+02] 8.263769511509617
[-3.12077161e+00 -1.97050491e-01 -1.01863957e-01 -8.43788409e+00
  3.27562206e+02] 8.440799316705357
[-3.14297479e+00 -1.68130596e-01 -2.91983226e-01 -8.25621057e+00
  3.26945138e+02] 8.263082657356637
[-3.16710310e+00  3.51835611e-02  1.25905572e-01 -8.20661517e+00
  3.27036757e+02] 8.20765634583339
[-3.27264916e+00 -3.18074064e-01  2.40271807e-04 -8.39321107e+00
  3.24447616e+02] 8.399235871954827
[-3.19676844e+00 -1.81370271e-01  1.69247514e-02 -8.23019502e+00
  3.23293349e+02] 8.232210621165871
[-3.12956186e+00 -1.40075392e-01 -1.51648234e-03 -8.03210261e+00
  3.23703293e+02] 8.033324078981641
[-3.19266281e+00 -6.59795737e-02 -9.06682400e-02 -8.32494398e+00
  3.24102842e+02] 8.32569914334268
[-3.14588619e+00 -3.22603335e-02 -4.60413621e-02 -8.43218195e+00
  3.25501084e+02] 8.432369353865422
[-3.10884851e+00  1.60961230e-01 -1.94159201e-01 -8.02898484e+00
  3.22503117e+02] 8.032944905799935
[-3.13932143e+00 -2.20802348e-02 -5.82562341e-02 -8.44243406e+00
  3.27850087e+02] 8.442663925675168
[-3.23108213e+00  2.24145367e-01 -8.47920129e-02 -8.20059172e+00
  3.24822466e+02] 8.204092598505333
[-3.20602779e+00 -5.63437107e-02  3.89641883e-01 -8.30958696e+00
  3.23571236e+02] 8.31890803113764
[-3.04793421e+00 -9.70907170e-02  7.09221990e-02 -7.82261324e+00
  3.21260271e+02] 7.823537210048106
[-3.06399956e+00  1.73857428e-01 -2.01450827e-01 -8.29073663e+00
  3.22644435e+02] 8.295005891789295
[-3.19779605e+00 -9.39603370e-02 -5.56915553e-02 -8.12311672e+00
  3.24209371e+02] 8.12385101799464
[-3.22125321e+00 -1.21422305e-02 -3.03595269e-01 -8.37469689e+00
  3.25997017e+02] 8.380206773834454
[-3.11702991e+00 -6.11089740e-02 -9.99884253e-02 -8.15346329e+00
  3.25964737e+02] 8.154305345240356
[-3.15187479e+00 -1.13546257e-01 -1.68183568e-01 -8.34438901e+00
  3.23816629e+02] 8.34685607803601
[-3.12124495e+00 -5.38225151e-02 -3.77761049e-01 -8.01511594e+00
  3.21623989e+02] 8.024193657306933
[-3.14308942e+00 -1.93412994e-01  1.56418397e-01 -8.21540335e+00
  3.24800960e+02] 8.219168293111492
[-3.18218276e+00 -3.92782319e-01 -6.91590381e-02 -8.42441575e+00
  3.25656111e+02] 8.433850939716098
[-3.09771436e+00  1.01339605e-01  1.05028825e-02 -8.09881398e+00
  3.24586598e+02] 8.099454792663686
[-3.17502718e+00  6.97891941e-02 -1.16777796e-01 -8.39373431e+00
  3.23243830e+02] 8.39483670019042
[-3.15710886e+00  1.61544227e-01 -7.48947505e-02 -8.20184232e+00
  3.23586585e+02] 8.203774934253019
[-3.21998552e+00  2.99682533e-01  7.62810473e-03 -8.35998006e+00
  3.23881525e+02] 8.365353218687916
[-3.25426208e+00  1.52933566e-01  1.53672021e-01 -8.25296406e+00
  3.22775860e+02] 8.255811256750581
[-3.12847744e+00 -4.25744338e-01 -1.96096478e-02 -8.28070529e+00
  3.25047547e+02] 8.291665864419587
[-3.16831504e+00 -2.08250170e-01 -1.49336520e-02 -8.31224086e+00
  3.23971163e+02] 8.314862549662532
[-3.11896945e+00  1.84039886e-01 -9.42935684e-02 -8.15268555e+00
  3.21241810e+02] 8.155307693269805
[-3.15273384e+00 -4.08189692e-02 -3.32613521e-01 -8.50680527e+00
  3.26927581e+02] 8.513403183327295
[-3.06829386e+00  3.92186091e-02  1.51763160e-01 -8.00496659e+00
  3.22497782e+02] 8.006501123274656
[-3.11224789e+00 -2.70059612e-01  1.45852763e-01 -8.41975376e+00
  3.25874657e+02] 8.425346202251387
[-3.20784457e+00 -1.18727711e-01  1.74307884e-01 -8.14444894e+00
  3.24036435e+02] 8.147179145282848
[-3.23845381e+00  1.99888724e-01 -3.50254844e-02 -8.31420612e+00
  3.23710759e+02] 8.316682371242676
[-3.20152531e+00 -8.90383963e-02  1.54263224e-02 -8.28862460e+00
  3.27848331e+02] 8.289117178635179
[-3.18576280e+00 -1.98729334e-01 -5.89138433e-02 -8.21690648e+00
  3.24651313e+02] 8.219520443386436
[-3.17978614e+00 -1.93693027e-01  1.84578244e-01 -8.42414923e+00
  3.22838542e+02] 8.428397023058904
[-3.12000468e+00  2.37934093e-01 -2.84384385e-01 -8.29248887e+00
  3.27096229e+02] 8.300774590294479
[-3.17869312e+00  8.18337499e-02  1.03186666e-02 -8.01405947e+00
  3.20537718e+02] 8.014483915966373
[-3.15747504e+00  1.88435361e-01 -3.81290180e-01 -8.38004441e+00
  3.24358797e+02] 8.39083037821078
[-3.19231933e+00 -2.52082414e-01 -4.75622862e-02 -8.29407664e+00
  3.26585109e+02] 8.29804284731833
[-3.07658076e+00 -2.19195677e-01 -1.11015103e-01 -8.25284225e+00
  3.25499248e+02] 8.256499038592562
[-3.10543271e+00 -1.26158116e-01 -2.63897012e-02 -8.08056014e+00
  3.22360942e+02] 8.081587988876842
[-3.23060999e+00 -6.46684534e-02 -8.06171144e-02 -8.56265014e+00
  3.25794509e+02] 8.563273819808789
[-3.08961089e+00 -7.98543289e-02  2.06052969e-01 -8.26062168e+00
  3.23304436e+02] 8.263577016845774
[-3.14962313e+00  3.80348435e-01 -2.85302199e-01 -8.19211372e+00
  3.24254416e+02] 8.205899676363277
[-3.08940523e+00  1.23939102e-01 -9.28457783e-02 -8.40810160e+00
  3.24507143e+02] 8.409527558337537
[-3.27706658e+00 -1.17580793e-01  2.02222886e-02 -8.47618761e+00
  3.26048635e+02] 8.47702722758553
[-2.99359102e+00 -9.46442790e-02 -4.36274340e-02 -8.02053199e+00
  3.23443491e+02] 8.02120902467955
[-3.08942235e+00  2.91216082e-01 -1.48115440e-01 -8.42437642e+00
  3.23694041e+02] 8.43070951916952
[-3.15333222e+00  1.09579830e-01 -1.70722641e-01 -8.10944882e+00
  3.24955751e+02] 8.111985831703533
[-3.17217423e+00 -1.16197174e-01 -7.97529353e-02 -8.19663765e+00
  3.22473495e+02] 8.197849170347059
[-3.12990912e+00  9.79916719e-02 -1.81843924e-01 -8.12649505e+00
  3.24407155e+02] 8.129119961348634
[-3.12028060e+00  2.41000149e-01  1.04420164e-02 -8.38812200e+00
  3.23826298e+02] 8.391589883853205
[-3.12341571e+00 -9.90506530e-02 -2.86907264e-02 -8.53613164e+00
  3.24954222e+02] 8.536754505755802
[-3.18403865e+00 -9.65978367e-02 -4.46220477e-01 -8.21021395e+00
  3.23491261e+02] 8.222898330398817
[-3.10516074e+00 -1.07455370e-01 -6.20957678e-03 -8.61650223e+00
  3.28253771e+02] 8.617174470171486
[-3.22067567e+00  6.85790567e-02 -9.30468127e-03 -8.58739810e+00
  3.27085328e+02] 8.587676974531677
[-3.16813983e+00  5.84827674e-02 -4.24956086e-02 -8.58440519e+00
  3.26648530e+02] 8.584709579039089
[-3.18117519e+00  1.90403314e-02  3.68122796e-01 -8.34431385e+00
  3.25469285e+02] 8.352451764707304
[-3.30480000e+00  2.06260837e-01 -1.12422325e-01 -8.44484274e+00
  3.26536918e+02] 8.448109329081426
[-3.09185324e+00  6.48958046e-02  9.78540822e-03 -8.54275475e+00
  3.27694722e+02] 8.543006845202795
[-3.09144518e+00  6.00277387e-02 -1.89754531e-01 -8.38912488e+00
  3.26329655e+02] 8.391485352163716
[-3.17809690e+00 -8.85431620e-02  2.59010261e-01 -8.40380694e+00
  3.25830264e+02] 8.408263628262661
[-3.13471000e+00 -3.20684397e-03 -2.32668697e-01 -8.27359740e+00
  3.23362997e+02] 8.276868912432658
[-3.16878092e+00 -3.23118773e-01  1.65243154e-01 -8.44952968e+00
  3.26395050e+02] 8.457320078358666
[-3.07925976e+00  7.18169051e-02  1.57210965e-01 -8.09422911e+00
  3.23404002e+02] 8.096074222992408
[-3.13166175e+00 -1.76770732e-02 -9.88682703e-02 -8.14952983e+00
  3.25562035e+02] 8.150148702386522
[-3.16311399e+00 -1.31743680e-01  1.72638802e-01 -8.17999428e+00
  3.22014876e+02] 8.182876446490035
[-3.15846697e+00 -3.87020559e-01 -9.26897752e-02 -8.11730225e+00
  3.24972856e+02] 8.12705187431303
[-3.12734905e+00  1.84932190e-01 -2.57302109e-03 -8.02740416e+00
  3.21733054e+02] 8.029534489740898
[-3.15465350e+00 -1.67523891e-01 -1.51825000e-01 -8.10130591e+00
  3.23104220e+02] 8.104460042932002
[-3.20889716e+00  4.08755588e-02 -8.61576383e-02 -8.28070215e+00
  3.24609083e+02] 8.281251237703096
[-3.18013739e+00 -1.15515029e-01  1.49127461e-01 -8.05391678e+00
  3.21586908e+02] 8.056125504737707
[-3.18081894e+00 -2.45485110e-02  5.67765967e-02 -8.48643212e+00
  3.25322662e+02] 8.486657550880002
[-3.20694397e+00  3.57376673e-02 -5.11282060e-02 -8.28178521e+00
  3.25505292e+02] 8.282020131447036
[-3.05602270e+00 -2.12562233e-01 -1.65960302e-01 -8.17403080e+00
  3.22558647e+02] 8.178478165621831
[-3.15839130e+00  5.95467436e-02  2.08115166e-01 -8.75305584e+00
  3.28030415e+02] 8.755732077670505
[-3.16832363e+00  1.73440067e-01 -1.64995818e-01 -8.49381096e+00
  3.25648054e+02] 8.497183635473613
[-3.19644092e+00 -1.72445360e-02 -1.67496330e-01 -8.62405565e+00
  3.26323458e+02] 8.625699292215442
[-3.17362716e+00 -7.31697309e-02  1.17522956e-02 -8.44651813e+00
  3.24799361e+02] 8.446843223684317
[-3.18164031e+00  2.40866520e-01  2.73662867e-01 -8.30346983e+00
  3.22345905e+02] 8.311469139224403
[-3.16401689e+00  2.32726530e-01 -3.88425444e-01 -7.62167970e+00
  3.17019330e+02] 7.6351186893241945
[-3.13320166e+00  1.44944909e-01  1.38531256e-01 -8.00558750e+00
  3.24573548e+02] 8.008097848966937
[-3.13830320e+00  8.77343591e-02  1.97265964e-01 -8.02070818e+00
  3.22021134e+02] 8.023613329392923
[-3.12432723e+00 -9.40416351e-02  6.88490337e-02 -8.24107446e+00
  3.23801446e+02] 8.241898583042516
[-3.07970180e+00  4.32231136e-02  3.45614834e-01 -8.13692042e+00
  3.25203151e+02] 8.144371789438795
[-3.18956700e+00 -4.51690575e-03  2.01967559e-01 -8.44997655e+00
  3.25311065e+02] 8.452391083755655
[-3.01297931e+00 -2.75977165e-01 -2.73108297e-02 -7.86155576e+00
  3.24640330e+02] 7.866445720202135
[-3.15340667e+00  2.84791299e-01 -1.47679608e-02 -8.33762026e+00
  3.25003999e+02] 8.342495774521137
[-3.11726499e+00  8.22344020e-02 -2.25257805e-01 -8.04072586e+00
  3.23462965e+02] 8.044300839617653
[-3.27456449e+00 -3.24366594e-01  1.46450334e-01 -8.18342575e+00
  3.21863610e+02] 8.191160990097929
[-3.17811536e+00  1.22614435e-01  1.49704488e-01 -8.07739840e+00
  3.24158837e+02] 8.079715996569929
[-3.12777457e+00  7.27386291e-02 -5.55277156e-02 -8.32678229e+00
  3.25942241e+02] 8.327285127307993
[-3.13963395e+00 -9.53285232e-02 -9.99567534e-02 -8.06165945e+00
  3.24912855e+02] 8.062842668972689
[-3.21818006e+00  1.32991257e-01  8.24756458e-02 -8.29505740e+00
  3.24732842e+02] 8.296533379070334
[-3.02126660e+00 -7.99076210e-02 -2.03702110e-01 -8.00633879e+00
  3.23581548e+02] 8.009328353711734
[-3.13391848e+00  1.07183925e-01  1.70314784e-01 -8.57260610e+00
  3.26592495e+02] 8.574967684084681
[-3.14224737e+00  1.14827137e-01 -2.99516062e-01 -8.40486165e+00
  3.23351678e+02] 8.410980590288824
[-3.10632063e+00 -8.39084641e-02  1.77109393e-02 -8.02468310e+00
  3.24910916e+02] 8.025141316564111
[-3.09545801e+00  2.65295154e-01 -1.24757293e-01 -8.30644009e+00
  3.24535400e+02] 8.31161193420246
[-3.13381484e+00  4.63555358e-01  2.66919291e-01 -8.08974025e+00
  3.21544796e+02] 8.107405679767902
[-3.13915059e+00 -3.19266929e-01 -1.17112401e-01 -8.21021546e+00
  3.25387658e+02] 8.217255293998834
[-3.07726585e+00  2.08083982e-01 -1.65180486e-01 -8.11070270e+00
  3.23558502e+02] 8.115052795894124
[-3.15461103e+00  7.24746866e-02  9.86484873e-02 -7.91358269e+00
  3.22895517e+02] 7.914529371414844
[-3.05798065e+00 -5.73361075e-02 -3.35831172e-01 -8.08940675e+00
  3.24452706e+02] 8.096577765025048
[-3.14862818e+00 -1.99973849e-01  2.40594367e-01 -8.41448541e+00
  3.25924890e+02] 8.420299274236514
[-3.22491930e+00 -6.12136726e-02  1.08479103e-01 -8.39905708e+00
  3.25827652e+02] 8.399980632208306
[-3.24504022e+00  3.13623390e-01  1.88119465e-02 -8.41430591e+00
  3.24234355e+02] 8.420169683325556
[-3.09709620e+00  3.47374882e-02 -2.17325604e-01 -8.28532216e+00
  3.24459226e+02] 8.288244715977092
[-3.21233164e+00 -9.99197487e-03 -2.08702637e-01 -8.41520977e+00
  3.23998114e+02] 8.417803278582948
[-3.08485861e+00 -1.54800909e-01  8.71133595e-02 -8.31122427e+00
  3.25515828e+02] 8.313122214140092
[-3.18280320e+00 -1.58117453e-01  3.68869067e-02 -8.15884539e+00
  3.24863899e+02] 8.160460759478118
[-3.13514043e+00 -3.20577213e-01 -1.32025935e-01 -8.47367960e+00
  3.25597038e+02] 8.480769220100283
[-3.14944914e+00  8.26193808e-02 -6.17319654e-03 -8.27216801e+00
  3.23412247e+02] 8.272582892251874
[-3.12878118e+00 -5.23104093e-02  9.25068673e-02 -8.33864883e+00
  3.25186023e+02] 8.33932600054288
[-3.12019291e+00 -2.54717113e-01  2.41762705e-01 -8.27335190e+00
  3.25586898e+02] 8.280801998676473
[-3.14835537e+00  4.11290007e-02  4.70695008e-02 -7.90972879e+00
  3.22487477e+02] 7.909975766872245
[-3.13174739e+00 -4.73048338e-02 -3.31871984e-02 -8.28589076e+00
  3.26248015e+02] 8.28609224995374
[-3.17700424e+00  2.13515114e-02 -8.38464689e-02 -8.57703614e+00
  3.26168222e+02] 8.577472532781323
[-3.24727853e+00 -2.40709473e-01  2.06991097e-01 -8.26698632e+00
  3.22983418e+02] 8.273079789334092
[-3.13850288e+00 -1.78760735e-01 -2.44198992e-02 -8.11641972e+00
  3.23325364e+02] 8.118424770563736
[-3.15975535e+00  2.01395165e-02  1.65324259e-01 -8.23388079e+00
  3.25046814e+02] 8.235564986146418
[-3.11747554e+00  1.32391257e-01  1.24813925e-01 -8.44293952e+00
  3.27140867e+02] 8.444899864353644
[-3.18848952e+00  1.15628146e-01 -3.41818457e-01 -8.31506679e+00
  3.24698941e+02] 8.322892855678091
[-3.13584208e+00 -6.66505009e-02  2.04252125e-02 -8.13177035e+00
  3.22600472e+02] 8.13206913822232
[-3.14230666e+00  4.16744050e-03  8.66761445e-02 -8.25475911e+00
  3.26283555e+02] 8.255215205881193
[-3.24415211e+00 -1.84023641e-01 -1.28099963e-01 -8.00314525e+00
  3.19102807e+02] 8.006285542987927
[-3.21241094e+00  4.02514922e-01 -1.25774215e-01 -8.19126693e+00
  3.23000793e+02] 8.202115053516847
[-3.08332456e+00 -2.13467187e-01 -1.97966046e-01 -8.00815544e+00
  3.20996401e+02] 8.013445725481418
[-3.11403430e+00  5.24168335e-02  2.08190814e-01 -8.31437842e+00
  3.25328944e+02] 8.317149718284654
[-3.14136279e+00  3.49847124e-01  4.47506069e-02 -8.65572343e+00
  3.27252849e+02] 8.66290618931847
[-3.15304655e+00 -2.24587709e-01 -1.37540749e-01 -8.42394043e+00
  3.24369517e+02] 8.428056092430053
[-3.16684982e+00 -3.12903814e-01  1.17728288e-01 -8.35946681e+00
  3.27029504e+02] 8.366149295062035
[-3.27781172e+00  1.17456133e-01 -2.10755029e-01 -8.70656682e+00
  3.27119971e+02] 8.709909270054894
[-3.25397323e+00 -3.04403652e-02  2.67893648e-01 -8.42318267e+00
  3.24581171e+02] 8.427496658510158
[-3.14977367e+00 -2.37031173e-01 -1.21522635e-01 -8.11145227e+00
  3.24534992e+02] 8.11582463014022
[-3.11477300e+00 -4.39539319e-03 -1.85599051e-01 -8.16984327e+00
  3.22431191e+02] 8.171952361335245
[-3.10050684e+00 -2.50147591e-01 -9.78023600e-02 -8.30289279e+00
  3.23036420e+02] 8.307235865753807
[-3.06416110e+00  1.27783399e-01 -1.07188473e-01 -8.29531707e+00
  3.24712083e+02] 8.296993629122102
[-3.21679947e+00 -7.90847803e-03 -2.25061700e-01 -8.20247627e+00
  3.23368597e+02] 8.20556715083834
[-3.14475273e+00 -3.03214825e-01  1.54966196e-01 -8.04774704e+00
  3.22054234e+02] 8.054947932881724
[-3.13348400e+00  1.56822708e-01  2.68325748e-01 -8.34530816e+00
  3.23616163e+02] 8.351093362745175
[-3.16948749e+00  1.78076052e-01  2.75545422e-01 -8.04054373e+00
  3.20287794e+02] 8.047234295508625
[-3.20791534e+00  4.52605696e-02  3.66935538e-01 -8.33318437e+00
  3.23488594e+02] 8.341381898644434
[-3.17937391e+00 -5.80952091e-03  2.36142042e-02 -8.60542778e+00
  3.27420121e+02] 8.605462142507701
[-3.03625883e+00 -8.90197603e-02 -1.41924960e-03 -8.10714827e+00
  3.25284458e+02] 8.107637114529176
[-3.15996843e+00  7.26191447e-02  6.92799818e-02 -8.32936868e+00
  3.23957689e+02] 8.3299733441445
[-3.24014411e+00 -3.14113228e-01 -8.40809408e-02 -8.52574409e+00
  3.24630090e+02] 8.531942864655154
[-3.06509992e+00 -1.81813428e-01 -8.71200195e-02 -8.15872602e+00
  3.25987272e+02] 8.161216595162475
[-3.21002050e+00  2.45982139e-02 -2.74277862e-01 -8.26584598e+00
  3.23217544e+02] 8.27043186591138
[-3.15656310e+00  1.70765702e-02 -5.98601579e-02 -8.28912559e+00
  3.23515088e+02] 8.28935931413512
[-3.16597706e+00 -5.87002905e-03  9.27417414e-02 -8.44630392e+00
  3.26931100e+02] 8.44681510539602
[-3.14720859e+00 -1.46204288e-01 -1.08539664e-02 -8.17548935e+00
  3.23785452e+02] 8.176803756993316
[-3.20963309e+00  2.00299681e-01  9.43673386e-02 -7.91620839e+00
  3.21684991e+02] 7.919304291656549
[-3.17311298e+00  1.34545382e-01  8.91097633e-02 -8.23142438e+00
  3.24907116e+02] 8.233006153608397
[-3.15141007e+00 -3.62936971e-02  3.42833216e-02 -8.54178208e+00
  3.27185004e+02] 8.541927982216064
[-3.12569704e+00 -5.35904313e-02 -1.60771183e-01 -8.41070183e+00
  3.25008450e+02] 8.412408964321756
[-3.13292878e+00 -2.31298868e-01  1.36992843e-01 -8.18362404e+00
  3.24142803e+02] 8.188038144423379
[-3.14714081e+00 -6.64382046e-02  3.56329469e-01 -8.28252896e+00
  3.22188377e+02] 8.290456601146222
[-3.10052948e+00  2.34915260e-01 -2.12588519e-01 -8.01579125e+00
  3.22296954e+02] 8.022050134046145
[-3.06870477e+00 -3.66038641e-02  1.67180957e-01 -7.98807893e+00
  3.23750995e+02] 7.989912032978588
[-3.12891656e+00  7.88786958e-02 -3.11155885e-01 -8.01896789e+00
  3.22215689e+02] 8.025390075005658
[-3.12610895e+00 -1.75265161e-01  1.64620609e-01 -8.30406137e+00
  3.25655445e+02] 8.30754193464832
[-3.14657705e+00 -1.50447582e-01 -3.13941124e-02 -8.19119619e+00
  3.24333624e+02] 8.192637863622991
[-3.14908101e+00 -3.31768677e-02  2.92619100e-01 -8.28561750e+00
  3.27558025e+02] 8.290849409144109
[-3.13578910e+00  1.14309775e-01 -1.47083376e-01 -7.84919422e+00
  3.22571353e+02] 7.851404341390312
[-3.19487405e+00 -2.17294004e-01 -2.34768452e-01 -8.32213528e+00
  3.24269864e+02] 8.328281243547607
[-3.13025262e+00 -2.49021613e-01 -4.01006635e-02 -7.96823239e+00
  3.22606156e+02] 7.972223477808082
[-3.24517974e+00 -5.64774913e-02  2.36326277e-01 -8.54009345e+00
  3.24107157e+02] 8.543549380255262
[-3.13972729e+00 -1.26711909e-02 -1.42087172e-01 -8.44650975e+00
  3.24464177e+02] 8.44771425995393
[-3.17869876e+00  2.49471150e-01 -1.34052612e-01 -8.27135263e+00
  3.24479465e+02] 8.276199629043976
[-3.09807308e+00 -1.01678781e-01  3.72076008e-01 -8.18162898e+00
  3.25273071e+02] 8.190716203740237
[-3.17541466e+00  2.34906115e-01 -3.00202348e-03 -8.53293529e+00
  3.27222340e+02] 8.536168615540635
[-3.07218137e+00  2.92108830e-02  1.70696862e-02 -8.45448233e+00
  3.26014828e+02] 8.454550029567182
[-3.24857296e+00  1.45587949e-02  2.41267305e-01 -8.28503418e+00
  3.24914785e+02] 8.288559178825533
[-3.21806668e+00  3.63568263e-01  4.52682243e-02 -8.40649395e+00
  3.25238166e+02] 8.414473940648923
[-3.09001386e+00  1.78189015e-01 -2.24360025e-02 -8.15823257e+00
  3.24887989e+02] 8.160209147281236
[-3.20267670e+00  1.58173650e-01  1.94511532e-01 -8.32292930e+00
  3.26052789e+02] 8.326704379741765
[-3.25956200e+00  1.65161015e-03  1.43572534e-01 -8.26754335e+00
  3.23272979e+02] 8.268790049844046
[-3.14432100e+00 -2.01088930e-01 -2.38145188e-01 -8.06707612e+00
  3.24316605e+02] 8.073095256333458
[-3.17440000e+00 -3.90868253e-02 -9.91528683e-03 -8.15416510e+00
  3.23946392e+02] 8.154264805055025
[-3.12132621e+00 -1.22457388e-02  2.62268820e-01 -8.42162480e+00
  3.27615374e+02] 8.425716532870922
[-3.11326480e+00  2.22762618e-01  2.16992194e-01 -8.17000069e+00
  3.24874845e+02] 8.175917079995
[-3.13158305e+00 -3.90560775e-01  1.23158145e-01 -8.31835960e+00
  3.25423724e+02] 8.328433951420827
[-3.21412524e+00  7.57123641e-02 -1.79719766e-01 -8.34137247e+00
  3.26786293e+02] 8.343651848699981
[-3.15629836e+00  5.54955221e-02  2.42042232e-01 -8.05043264e+00
  3.24172550e+02] 8.0542615982048
[-3.23083696e+00  1.00274967e-01  4.34229677e-01 -8.18890902e+00
  3.23310738e+02] 8.201026848972983
[-3.05234207e+00 -2.77927121e-02 -8.41714169e-02 -8.15492619e+00
  3.25968597e+02] 8.155407920632252
[-3.12552889e+00 -2.02161366e-02  1.52637911e-01 -7.98289788e+00
  3.25794003e+02] 7.98438260964164
[-3.15006112e+00 -1.10069119e-01  3.50746295e-03 -8.27921972e+00
  3.26349909e+02] 8.279952095726346
[-3.14208349e+00  1.32331513e-01  1.46489718e-01 -8.40699492e+00
  3.24827106e+02] 8.409312360680275
[-3.09248554e+00  9.74517054e-02  7.06248588e-02 -8.33940213e+00
  3.27392610e+02] 8.340270536777593
[-3.22976381e+00  9.05843453e-02 -1.07929286e-01 -8.59960162e+00
  3.25419955e+02] 8.600755908854628
[-3.09191167e+00 -1.95469199e-02  2.95157513e-01 -8.37069847e+00
  3.26192604e+02] 8.375923408364686
[-3.20910184e+00  2.86853753e-02  1.47398740e-01 -8.03732972e+00
  3.22542910e+02] 8.038732377619384
[-3.21600124e+00 -4.25010430e-04  5.41940740e-02 -8.22048356e+00
  3.21469090e+02] 8.220662203847235
[-3.07423724e+00 -2.25421411e-01 -2.41156984e-02 -8.20428087e+00
  3.25080428e+02] 8.207412567327836
[-3.07752902e+00 -4.69571724e-02  1.73421032e-01 -8.02927088e+00
  3.23875314e+02] 8.031280767288868
[-3.15904329e+00 -2.20132453e-01  9.84394223e-02 -8.13056655e+00
  3.22594065e+02] 8.134141695424047
[-3.13764336e+00 -3.82286817e-02  8.80890588e-02 -8.55362475e+00
  3.26542562e+02] 8.554163749994991
[-3.11664382e+00  2.19792423e-01  1.64557950e-01 -8.51609927e+00
  3.26386319e+02] 8.52052432289486
[-3.09347728e+00  1.60803391e-01 -8.31820001e-02 -8.28599993e+00
  3.22920382e+02] 8.28797754281283
[-3.16558864e+00  1.66943120e-01  2.17751954e-02 -8.37235323e+00
  3.25523443e+02] 8.37404578088636
[-3.05618783e+00  6.32453563e-02 -1.34320657e-01 -8.09497225e+00
  3.24656123e+02] 8.09633359709276
[-3.18600197e+00 -1.39815205e-01  2.12502262e-01 -8.47546360e+00
  3.23576563e+02] 8.479279964856882
[-3.23309642e+00 -4.02561917e-02  1.48860336e-01 -8.35009732e+00
  3.25137842e+02] 8.351521128434431
[-3.15522277e+00 -4.54129326e-01  3.10049291e-01 -8.11641764e+00
  3.24609802e+02] 8.135023001478764
[-3.04299812e+00 -1.74690123e-01  2.36272322e-01 -8.20405147e+00
  3.25090258e+02] 8.209311895513187
[-3.02345783e+00 -7.48773440e-02 -1.69062897e-01 -8.05451288e+00
  3.21671413e+02] 8.056634948488956
[-3.09556967e+00 -1.52866213e-01  4.75005737e-02 -7.98293700e+00
  3.23492532e+02] 7.98454178438283
[-3.19604163e+00 -1.18775307e-01  6.49478387e-02 -8.45850652e+00
  3.26319923e+02] 8.459589730771826
[-3.09934274e+00  2.73794024e-01 -5.58654561e-02 -8.13627257e+00
  3.22633564e+02] 8.141069674945781
[-3.16895319e+00 -1.31128019e-01  1.46661833e-01 -8.13368994e+00
  3.23937651e+02] 8.13606884734305
[-3.07364557e+00  1.97370304e-02  3.19650376e-01 -8.02139949e+00
  3.22433588e+02] 8.027790215166656
[-3.12707234e+00 -1.09436194e-01  1.83943311e-01 -8.49103894e+00
  3.28032991e+02] 8.493736146594415
[-3.12194920e+00  2.91586441e-01 -1.01922544e-01 -8.36206885e+00
  3.26465287e+02] 8.367771888496032
[-3.20539704e+00 -6.76389887e-03  9.50066697e-02 -8.23882606e+00
  3.21443685e+02] 8.239376608413508
[-3.21920216e+00  1.92237196e-01 -1.45386108e-01 -8.13229563e+00
  3.23324684e+02] 8.135866548933938
[-3.12726255e+00 -1.27801026e-01 -3.57844484e-01 -8.15612057e+00
  3.23906652e+02] 8.164967149488318
[-3.12057109e+00 -1.83609136e-01  7.78209604e-02 -8.56497458e+00
  3.23072300e+02] 8.567295838985965
[-3.12911508e+00  2.52005866e-01 -3.40018861e-02 -8.33948513e+00
  3.24164202e+02] 8.343361148534777
[-3.12836299e+00 -2.46696123e-01 -2.63547339e-01 -8.19291879e+00
  3.24367448e+02] 8.200867910572178
[-3.15118189e+00 -1.14065476e-01  3.57871889e-02 -8.31526606e+00
  3.23634975e+02] 8.316125373190427
[-3.23052730e+00 -7.92405375e-02 -1.29403744e-01 -8.46519735e+00
  3.27409187e+02] 8.46655718130114
[-3.14975468e+00  1.47096152e-01  1.77905432e-01 -8.34093068e+00
  3.25040223e+02] 8.344124412975644
[-3.14163085e+00  1.65183964e-02  3.27569379e-02 -8.11007536e+00
  3.24490394e+02] 8.110158338223096
[-3.04834406e+00 -1.57482348e-01 -1.55144142e-01 -8.12520285e+00
  3.24763023e+02] 8.128209628939512
[-3.06636879e+00  2.27873270e-02 -1.71550010e-01 -8.34232567e+00
  3.26181769e+02] 8.344120455878299
[-3.23327894e+00  2.43435850e-01  5.26356569e-02 -8.44721667e+00
  3.23618265e+02] 8.450887581949575
[-3.09419483e+00 -2.67438096e-01 -1.35467519e-01 -8.18311097e+00
  3.26099232e+02] 8.1886005918871
[-3.17275598e+00  7.23586580e-02  3.25402237e-01 -8.24521566e+00
  3.24918489e+02] 8.251951507928908
[-3.14948696e+00 -1.10454952e-01 -3.80918054e-02 -8.51869021e+00
  3.25653659e+02] 8.519491430889474
[-3.17024117e+00 -3.18414139e-01  6.74531905e-02 -8.19179010e+00
  3.21157398e+02] 8.19825362408844
[-3.10412913e+00 -1.56497551e-01 -6.39555827e-02 -8.39189435e+00
  3.25390505e+02] 8.393597113136464
[-3.19967944e+00  8.16858643e-02  3.87766297e-02 -8.50222144e+00
  3.25541609e+02] 8.502702257527021
[-3.18339462e+00 -2.85191784e-02  1.91836562e-01 -8.37673821e+00
  3.23225820e+02] 8.378983091874758
[-3.12749444e+00  1.58711099e-01  1.06817893e-01 -8.34400908e+00
  3.26654064e+02] 8.346201936719456
[-3.14141929e+00 -1.78401820e-01 -1.91635221e-01 -8.44150039e+00
  3.24995445e+02] 8.445559782911769
[-3.10675424e+00  7.92012366e-03  7.94791940e-02 -8.02975894e+00
  3.24501127e+02] 8.030156183039036
[-3.13874359e+00  1.40906299e-01 -2.09287213e-01 -8.45415985e+00
  3.26370252e+02] 8.457923768597778
[-3.16712899e+00  2.35911715e-01 -3.69226232e-02 -8.50215931e+00
  3.26600235e+02] 8.505511771958977
[-3.10398837e+00 -1.99150570e-01  1.91371733e-01 -8.25763282e+00
  3.24729673e+02] 8.262250538351742
[-3.18614859e+00  3.06814867e-01  6.57267904e-02 -8.45213348e+00
  3.25209014e+02] 8.45795576718122
[-3.14944099e+00 -1.14028220e-01  1.98764072e-02 -8.24895701e+00
  3.23662886e+02] 8.249769047753169
[-3.13600078e+00  8.90778040e-03 -5.74394711e-02 -8.15669755e+00
  3.24863716e+02] 8.156904652275951
[-3.18552597e+00 -2.33116422e-01  7.02995013e-02 -8.44701501e+00
  3.24980207e+02] 8.45052352598228
[-3.10862969e+00  2.99063700e-01 -3.55543036e-01 -8.30479811e+00
  3.24604567e+02] 8.317783450282151
[-3.12502413e+00 -2.34744998e-01  7.67972134e-02 -8.35698514e+00
  3.24838809e+02] 8.360634168954524
[-3.15633091e+00 -3.24428423e-02 -1.46296608e-01 -8.33076419e+00
  3.24468211e+02] 8.332111813490357
[-3.11165733e+00 -3.97305534e-02  2.58344594e-01 -8.60607504e+00
  3.27716074e+02] 8.610043439768898
[-3.12089336e+00  5.10569169e-02 -7.33309435e-02 -8.06522877e+00
  3.25528959e+02] 8.065723737169503
[-3.13500516e+00  1.75493528e-02 -5.48333013e-02 -8.39130765e+00
  3.26077674e+02] 8.3915051523048
[-3.14714616e+00  9.25876024e-02 -3.25340062e-01 -8.37350289e+00
  3.26576444e+02] 8.380332288874335
[-3.12909965e+00  3.65445406e-03 -4.70302881e-02 -8.32081970e+00
  3.25104028e+02] 8.320953411506116
[-3.16696766e+00 -6.30471466e-03 -9.00722115e-02 -8.22884378e+00
  3.21869196e+02] 8.229339143876995
[-3.13766317e+00  9.14738968e-02  2.52764357e-01 -7.94090748e+00
  3.22038330e+02] 7.945455863335485
[-3.16067398e+00  2.10299659e-01 -1.65387862e-01 -8.44714548e+00
  3.26939184e+02] 8.451381297848755
[-3.14645568e+00 -7.86879100e-02  1.76505547e-02 -8.41645304e+00
  3.26534169e+02] 8.41683937592718
[-3.15920393e+00  1.08120210e-01  3.85129235e-02 -7.94572401e+00
  3.23486924e+02] 7.94655291487433
[-3.12563146e+00 -1.47846084e-01 -1.19239280e-01 -8.58235246e+00
  3.28085344e+02] 8.584453980816482
[-3.17870532e+00  1.53184976e-02 -1.69437593e-01 -8.29767920e+00
  3.25188500e+02] 8.299423107798473
[-3.14591677e+00  1.62894073e-01 -1.69418139e-01 -8.15817574e+00
  3.23689015e+02] 8.161560412093374
[-3.18785623e+00  2.98216178e-01 -5.92304060e-02 -8.04661289e+00
  3.21924578e+02] 8.052354943750178
[-3.14612114e+00  1.33588625e-02 -1.11585022e-01 -7.92956966e+00
  3.22455202e+02] 7.930365990387313
[-3.12144290e+00  1.32928922e-01 -1.38672952e-01 -8.24968696e+00
  3.26353483e+02] 8.25192312590189
[-3.08918579e+00 -2.57510471e-01 -2.54477242e-01 -8.12020895e+00
  3.23717699e+02] 8.128275566730277
[-3.22599900e+00  1.96355838e-01  3.46705472e-01 -8.28159897e+00
  3.24368289e+02] 8.291178549862908
[-3.18221606e+00 -4.44116329e-02 -2.97728486e-01 -8.38261840e+00
  3.24112199e+02] 8.388021575889889
[-3.14687877e+00  6.12141791e-02  9.33929498e-02 -8.35405864e+00
  3.25765445e+02] 8.354804914754423
[-3.29525553e+00  1.27006520e-01  2.06315715e-01 -8.53719667e+00
  3.25872298e+02] 8.540633685154097
[-3.16679455e+00  1.25227674e-01 -2.65759863e-01 -8.17523732e+00
  3.24180041e+02] 8.180514381683778
[-3.17300406e+00 -5.24843025e-02  9.47295726e-02 -8.52955981e+00
  3.24169591e+02] 8.530247290086697
[-3.23943849e+00  1.63386669e-01  5.49960923e-02 -8.61816234e+00
  3.25208366e+02] 8.619886416428953
[-3.19274261e+00 -3.11065313e-02  2.95892981e-01 -8.27395591e+00
  3.23080126e+02] 8.27930351136904
[-3.15688316e+00 -1.22429622e-01 -2.18403567e-02 -8.38314588e+00
  3.27144250e+02] 8.38406828099041
[-3.17816585e+00  5.09836905e-02 -2.17534476e-01 -8.52045931e+00
  3.26462926e+02] 8.523388264875683
[-3.16909651e+00  2.10356710e-02 -3.79637400e-03 -8.59600486e+00
  3.24226676e+02] 8.596031436575712
[-3.12584109e+00 -4.41222912e-02  1.55366798e-01 -8.21386436e+00
  3.25013447e+02] 8.21545211184714
[-3.19585557e+00 -7.91286841e-02  1.54438667e-01 -8.26717220e+00
  3.20358569e+02] 8.268993214698082
[-3.18917579e+00  1.16557941e-01 -3.22063503e-01 -8.53275862e+00
  3.26943525e+02] 8.539629990029415
[-3.13752096e+00 -6.57807549e-02  1.24636580e-01 -8.12825615e+00
  3.25069422e+02] 8.12947780307836
[-3.16560052e+00 -3.97451721e-02  2.69278735e-01 -8.18473344e+00
  3.23519756e+02] 8.189258345391663
[-3.19734645e+00  4.58205569e-02 -1.49380247e-01 -8.26153194e+00
  3.24449667e+02] 8.263009374675054
[-3.15024641e+00  3.10495413e-02 -1.16510568e-01 -8.14361054e+00
  3.24124082e+02] 8.144503144653498
[-3.19644465e+00  5.75422303e-02 -9.50114591e-02 -8.55628382e+00
  3.26396049e+02] 8.557004792609344
[-3.13853673e+00  3.92991975e-02 -1.56435141e-01 -8.29863437e+00
  3.25398665e+02] 8.300201733457422
[-3.13669578e+00 -1.28529992e-01 -7.10710140e-02 -8.54169974e+00
  3.27486740e+02] 8.542962338579931
[-3.13828039e+00 -1.98816256e-01 -7.66515225e-02 -8.40562604e+00
  3.27733816e+02] 8.408326374674534
[-3.21160594e+00 -1.04400989e-01  1.20630872e-01 -8.59574712e+00
  3.26028710e+02] 8.59722745702272
[-3.09388354e+00 -1.69473749e-01 -1.97372300e-01 -8.11517135e+00
  3.23307639e+02] 8.119340069912461
[-3.16061239e+00 -5.24259978e-02 -2.89198967e-01 -8.37781913e+00
  3.24814566e+02] 8.382973090852243
[-3.06060714e+00  1.77848355e-01 -6.87093731e-02 -8.23138479e+00
  3.25215869e+02] 8.233592563664523
[-3.16066830e+00 -5.71186040e-02 -1.16514857e-01 -8.35985846e+00
  3.26170074e+02] 8.360865491384882
[-3.17672188e+00  2.27481055e-01  1.16296036e-02 -8.10768406e+00
  3.21088605e+02] 8.110883043974084
[-3.22882392e+00  1.72247251e-01 -5.61144789e-02 -8.29867517e+00
  3.24142475e+02] 8.300652233437534
[-3.16488207e+00 -8.04060694e-02 -2.86346161e-01 -8.26831072e+00
  3.23474179e+02] 8.273658281030027
[-3.18020330e+00 -1.18227128e-01  1.47433215e-01 -8.19808542e+00
  3.24227379e+02] 8.200263333508897
[-3.14385660e+00  1.05852119e-02 -1.25107397e-01 -8.34045305e+00
  3.25394411e+02] 8.341398021439055
[-3.12883365e+00  8.16948811e-02 -3.41107126e-01 -8.10844052e+00
  3.21600535e+02] 8.116023400071052
[-3.05684232e+00  2.69601205e-02 -8.83017937e-02 -8.08241412e+00
  3.23051118e+02] 8.0829414207592
[-3.08768654e+00  5.39258123e-02 -1.42516898e-01 -8.32430056e+00
  3.25941427e+02] 8.32569510209785
[-3.16250356e+00 -1.27622103e-02 -5.63156277e-01 -8.40902339e+00
  3.25391092e+02] 8.42786937991816
[-3.18282568e+00  1.89575384e-02  1.94629037e-01 -8.27645046e+00
  3.23015960e+02] 8.27876030256721
[-3.12633242e+00 -6.97213166e-02  1.90148610e-01 -8.15141701e+00
  3.24198895e+02] 8.153932596513087
[-3.11641974e+00 -7.76267132e-02 -5.97431147e-02 -8.12377303e+00
  3.21726102e+02] 8.124363566896214
[-3.13250753e+00  1.40978833e-01  6.95688687e-02 -8.42625427e+00
  3.27098528e+02] 8.42772068460326
[-3.05296332e+00 -1.82029843e-01 -9.99233215e-05 -8.36745795e+00
  3.26214320e+02] 8.369437701678402
[-3.18595535e+00  3.49907172e-02  1.24300709e-01 -8.12562950e+00
  3.21887804e+02] 8.126655509106307
[-3.20212873e+00  2.01541030e-01 -1.58574670e-01 -8.26837509e+00
  3.22682949e+02] 8.2723510170728
[-3.15976742e+00  2.09415340e-01 -2.19127292e-01 -8.34477431e+00
  3.24643089e+02] 8.3502772322595
[-3.12176393e+00  1.94447184e-02 -1.00711741e-01 -8.45190531e+00
  3.23980066e+02] 8.452527685459218
[-3.05150629e+00  1.13804474e-01  1.80754913e-01 -8.16352302e+00
  3.23251057e+02] 8.166316907380894
[-3.23189230e+00  1.05973466e-02  3.28121641e-01 -8.30602492e+00
  3.25795249e+02] 8.312510218090688
[-3.19926386e+00  1.36632865e-01  1.20122888e-02 -8.16459772e+00
  3.22203278e+02] 8.165749732151344
[-3.12999190e+00 -1.88549041e-01 -1.52079218e-01 -8.39446235e+00
  3.25677532e+02] 8.397956714510027
[-3.02736941e+00 -9.27605278e-02  1.82115283e-01 -7.97654993e+00
  3.22675467e+02] 7.979167835099149
[-3.11461174e+00 -1.89379673e-01  4.75546118e-02 -8.49445612e+00
  3.26921989e+02] 8.496700001630698
[-3.17396793e+00  6.32902190e-02 -1.43203440e-01 -8.17129349e+00
  3.21634010e+02] 8.172793291821929
[-3.23956332e+00  7.84138921e-02  1.65163183e-01 -8.47506980e+00
  3.25938657e+02] 8.477041684961451
[-3.13106832e+00 -1.19894016e-01  2.59942628e-01 -8.31747725e+00
  3.25052505e+02] 8.322401848455971
[-3.12870078e+00 -4.42271299e-02  2.67505894e-03 -8.11441379e+00
  3.22960529e+02] 8.114534754464191
[-3.11605238e+00 -8.04478733e-02 -7.84984644e-02 -8.07434134e+00
  3.22930421e+02] 8.075123648474111
[-3.09904510e+00 -2.05798420e-01 -2.19102996e-01 -8.24130674e+00
  3.25789647e+02] 8.246787005043473
[-3.16302526e+00  1.57428565e-01 -8.42956989e-03 -8.41021263e+00
  3.24215218e+02] 8.41169016039732
[-3.08231746e+00 -2.04551297e-01 -4.73023987e-02 -8.06472880e+00
  3.22796001e+02] 8.067461144237113
[-3.21081973e+00 -8.95305475e-02 -7.89337950e-02 -8.30337981e+00
  3.24166603e+02] 8.304237624215144
[-3.12926669e+00 -2.79325741e-01  1.83681685e-01 -8.36049724e+00
  3.27206007e+02] 8.36717848880134
[-3.10592490e+00 -1.66422334e-03  1.38178490e-01 -8.21904432e+00
  3.23778230e+02] 8.220205936997518
[-3.14372771e+00 -4.47438079e-02  7.45500889e-03 -8.45083619e+00
  3.25096541e+02] 8.450957930485197
[-3.13656219e+00  7.88530133e-03  1.90522796e-01 -8.22931915e+00
  3.21685651e+02] 8.231528095617247
[-3.16774771e+00  9.89022335e-02 -4.62319711e-02 -8.14445003e+00
  3.23033234e+02] 8.145181726318569
[-3.21535570e+00 -1.66566017e-01 -7.24531353e-03 -8.49939841e+00
  3.25503533e+02] 8.501033473702543
[-3.19197789e+00 -1.67630383e-01  2.98744224e-01 -8.09513331e+00
  3.22112486e+02] 8.102378133534291
[-3.13088305e+00 -1.40660789e-01  7.19462312e-02 -8.22951553e+00
  3.24624421e+02] 8.231031982957631
[-3.05928188e+00 -5.48662820e-02  2.55849300e-03 -8.38314509e+00
  3.24527313e+02] 8.383325027184629
[-3.19872044e+00  2.85741995e-01 -7.06440921e-02 -8.03137002e+00
  3.23765180e+02] 8.036762002847373
[-3.14687413e+00  2.19420877e-01 -2.62514768e-01 -8.04999886e+00
  3.20126498e+02] 8.057266354579529
[-3.14253224e+00  7.17713122e-02 -4.20026363e-02 -8.09756730e+00
  3.23525715e+02] 8.0979942913091
[-3.12656864e+00  1.90477729e-01  7.95727696e-02 -8.17675868e+00
  3.24752590e+02] 8.179364041158632
[-3.06706745e+00  3.69029549e-02 -7.35467988e-02 -8.07786032e+00
  3.21143278e+02] 8.078279416487108
[-3.12886705e+00 -2.07953946e-01  3.55494169e-01 -8.30803273e+00
  3.27218658e+02] 8.318234712633522
[-3.11845339e+00 -4.66082122e-01  1.22850916e-01 -8.06695995e+00
  3.22515664e+02] 8.081346900311237
[-3.19203576e+00 -3.54465748e-01 -4.22155916e-02 -8.49704060e+00
  3.26135403e+02] 8.504535674493237
[-3.08885888e+00 -2.13571233e-01  1.68612633e-01 -8.00949315e+00
  3.24494669e+02] 8.01411401462563
[-3.09814100e+00  6.63704442e-02 -1.20266253e-01 -8.21302946e+00
  3.23757162e+02] 8.214178102171129
[-3.23984922e+00 -1.05804187e-01  1.00791415e-01 -8.47942790e+00
  3.24927085e+02] 8.480686942337067
[-3.16380704e+00  3.52931832e-02  2.49008935e-01 -8.28012618e+00
  3.23450323e+02] 8.28394474521788
[-3.11113592e+00 -3.19751043e-01  1.83536926e-02 -8.34157303e+00
  3.24082612e+02] 8.347719343712106
[-3.16011994e+00  2.01158819e-01 -5.86523977e-02 -8.07395289e+00
  3.24129900e+02] 8.076671361467776
[-3.20238740e+00  1.12529240e-01  8.21022757e-02 -8.39325256e+00
  3.22160743e+02] 8.394408388394826
[-3.08767095e+00  4.98983525e-02 -1.94843377e-02 -7.81973388e+00
  3.21904393e+02] 7.819917356508468
[-3.20130882e+00  4.20741377e-01  1.79968979e-01 -8.17763370e+00
  3.21333194e+02] 8.190427652421373
[-3.20815185e+00 -1.84573805e-01 -1.63270125e-01 -8.41195098e+00
  3.24622279e+02] 8.4155596269404
[-3.21963760e+00 -1.07997290e-01 -1.38289701e-02 -8.57477583e+00
  3.24402336e+02] 8.57546705236236
[-3.10676080e+00 -1.17900961e-01 -1.57620359e-01 -8.31492101e+00
  3.25596788e+02] 8.31725051710649
[-3.13142264e+00  1.22791433e-01  9.87839247e-02 -8.43534436e+00
  3.24345137e+02] 8.436816374373018
[-3.13180749e+00 -2.05679873e-02 -1.91232998e-01 -8.26224960e+00
  3.24231305e+02] 8.26448798200465
[-3.21077856e+00  8.88977961e-02 -1.85245946e-02 -8.42266552e+00
  3.24523016e+02] 8.423155018584026
[-3.06896884e+00 -6.44744111e-02  6.73563150e-02 -8.27036616e+00
  3.25477267e+02] 8.27089174122279
[-3.12999248e+00  1.73580646e-01  1.90173379e-01 -8.56809051e+00
  3.26721636e+02] 8.57195841878546
[-3.14921578e+00 -1.99022556e-01  8.15338335e-02 -8.33504006e+00
  3.26746771e+02] 8.337814493052518
[-3.19469508e+00  3.10710029e-01 -6.75663729e-02 -7.95700942e+00
  3.21785899e+02] 7.963360150968239
[-3.13547766e+00 -8.91793858e-02 -3.27442468e-01 -8.30136198e+00
  3.23305487e+02] 8.308295988178463
[-3.19894625e+00  7.84864227e-02  3.68036337e-01 -8.05549576e+00
  3.22402729e+02] 8.064280675414635
[-3.21371762e+00 -1.57548895e-01 -3.93545016e-01 -8.10807400e+00
  3.20645157e+02] 8.119147945867628
[-3.15925442e+00  4.12615613e-02  5.36823641e-02 -8.22940045e+00
  3.22333197e+02] 8.229678976724104
[-3.16361770e+00  9.66333528e-02 -2.28333738e-01 -8.25506168e+00
  3.25660454e+02] 8.258784273616074
[-3.01622063e+00  3.63493226e-01  1.31196321e-01 -8.18420346e+00
  3.21009912e+02] 8.19332203853244
[-3.06565188e+00  1.08820894e-01  1.74010134e-01 -8.03690997e+00
  3.24551576e+02] 8.039530047671251
[-3.14940698e+00  1.13420816e-01 -4.74462136e-04 -8.27141170e+00
  3.24064279e+02] 8.272189313614968
[-3.13607542e+00 -1.85382042e-01 -3.29544057e-02 -8.11015172e+00
  3.22217017e+02] 8.112337110728939
[-3.02793171e+00 -1.74236017e-01 -8.98047241e-02 -8.21036151e+00
  3.24928993e+02] 8.212701090780357
[-3.15181868e+00  9.89633595e-02 -2.95086897e-01 -8.20363680e+00
  3.21511460e+02] 8.209538767760984
[-3.16001865e+00 -1.48294644e-01  1.08732856e-02 -8.32921510e+00
  3.23680334e+02] 8.330542223511038
[-3.11159314e+00  6.24520240e-02  1.86971800e-02 -8.46058670e+00
  3.27783656e+02] 8.460837848010568
[-3.15347556e+00 -4.04127916e-01 -2.59528667e-01 -8.39710829e+00
  3.24659653e+02] 8.410832426912107
[-3.11625183e+00  1.49735902e-01  2.59897825e-01 -8.16179895e+00
  3.23931580e+02] 8.167308602338826
[-3.10110022e+00 -9.07764206e-02 -1.49892548e-01 -8.35574686e+00
  3.26964777e+02] 8.35758420083493
[-3.16264123e+00  5.17924903e-02 -1.04507142e-01 -8.24640478e+00
  3.24994251e+02] 8.247229592663345
[-3.09312322e+00  1.53521957e-01 -2.83657779e-01 -8.29890091e+00
  3.27314785e+02] 8.305166281785286
[-3.18649329e+00  8.82389931e-02 -1.92764369e-01 -8.27299255e+00
  3.26269180e+02] 8.275708424187167
[-3.18831285e+00  2.11609852e-02  5.16115096e-02 -8.46041263e+00
  3.25188990e+02] 8.460596513430781
[-3.12751817e+00 -3.06934099e-01 -7.74236319e-02 -8.40622290e+00
  3.26621907e+02] 8.412180831541434
[-3.10213411e+00  1.02140520e-01 -1.72815983e-02 -8.32630446e+00
  3.26009513e+02] 8.326948859141467
[-2.99234220e+00 -1.36606779e-01  2.23190511e-01 -7.96118421e+00
  3.23833295e+02] 7.965483631857101
[-3.21019154e+00 -2.60669465e-01 -3.68675673e-02 -8.31681264e+00
  3.25817305e+02] 8.320978324125068
[-3.12853233e+00 -7.99606677e-02 -1.66835836e-01 -8.15587142e+00
  3.23267796e+02] 8.157969508539583
[-3.18524157e+00 -6.47370049e-02  1.87752333e-01 -8.39862889e+00
  3.26614367e+02] 8.400976671570342
[-3.25022998e+00 -3.04450083e-01  2.10368279e-01 -8.34995894e+00
  3.25712400e+02] 8.358155233964888
[-3.21919708e+00  1.04287794e-01 -2.51196909e-01 -8.30311462e+00
  3.25500220e+02] 8.307568127502332
[-3.11067890e+00  7.40228082e-02  2.38349348e-01 -8.33856386e+00
  3.24590756e+02] 8.342298069989548
[-3.17206195e+00  6.95021844e-02  1.70546624e-01 -8.10012112e+00
  3.22395772e+02] 8.1022144383302
[-3.13105384e+00 -3.31827631e-02  2.33890642e-01 -8.51617126e+00
  3.26166740e+02] 8.51944710168643
[-3.16402280e+00  5.37422772e-02 -3.99182257e-01 -8.23037806e+00
  3.25307660e+02] 8.240228016139689
[-3.02817636e+00 -3.40586770e-01  9.01065175e-03 -8.14735069e+00
  3.24485407e+02] 8.154471399066468
[-3.19539540e+00 -2.49081453e-01  1.78617244e-01 -8.42289660e+00
  3.25059015e+02] 8.428471560718192
[-3.21035792e+00  7.68997703e-02  4.56872462e-02 -8.53533601e+00
  3.26219349e+02] 8.535804686349616
[-3.13075157e+00 -2.85124632e-01  8.24520864e-02 -8.63978613e+00
  3.28973935e+02] 8.644882810810284
[-3.24799187e+00 -7.99277887e-02  1.08849519e-01 -8.42948555e+00
  3.23831844e+02] 8.430567203022521
[-3.14963374e+00 -9.52408303e-02  2.48812409e-01 -8.36090502e+00
  3.24875126e+02] 8.365148603718856
[-3.15546824e+00 -1.36364011e-01  1.31745410e-02 -8.54482196e+00
  3.23664845e+02] 8.545920136668167
[-3.13238750e+00  1.72505314e-02 -1.16921483e-01 -8.08959705e+00
  3.24195954e+02] 8.090460346359045
[-3.13286030e+00 -1.61981960e-01  3.93372268e-02 -8.29746282e+00
  3.25097236e+02] 8.299136995426728
[-3.15115936e+00 -2.49773845e-01 -2.89846077e-01 -8.41930225e+00
  3.24654298e+02] 8.427991939397435
[-3.14492023e+00  3.22236622e-02 -1.01811124e-01 -8.10284328e+00
  3.21873624e+02] 8.10354694950472
[-3.13810601e+00 -2.03219496e-01 -1.30713529e-01 -8.13289406e+00
  3.22683612e+02] 8.136482658332534
[-3.25211765e+00 -5.09359076e-02 -1.05596769e-01 -8.37989976e+00
  3.23389880e+02] 8.380719847217216
[-3.12915551e+00  6.00179373e-02  4.78950080e-02 -8.00519076e+00
  3.23541409e+02] 8.005559013906689
[-3.17105029e+00  3.19374159e-02 -1.99992327e-01 -8.34500996e+00
  3.23481115e+02] 8.347467167424812
[-3.08295292e+00  4.00030828e-02 -6.45554286e-03 -8.29017659e+00
  3.23630510e+02] 8.290275616283319
[-3.21250286e+00  2.14759138e-01 -4.84472457e-02 -8.29711152e+00
  3.22408208e+02] 8.300031820194258
[-3.18953263e+00 -7.76593774e-02  5.92487481e-02 -8.31141175e+00
  3.22812034e+02] 8.311985719593398
[-3.14468542e+00  6.78408585e-02  1.06079960e-01 -8.07676546e+00
  3.22981818e+02] 8.077746939401756
[-3.16692352e+00  3.56340315e-02  5.98896889e-02 -8.52538568e+00
  3.27011267e+02] 8.52567050553897
[-3.07609568e+00  3.38316739e-02  1.39499930e-01 -8.09989787e+00
  3.23858251e+02] 8.101169688897729
[-3.15683816e+00 -1.09365570e-01 -1.59310606e-01 -8.29030156e+00
  3.23334314e+02] 8.292553326841013
[-3.14007357e+00  1.62996427e-01  2.39423710e-01 -8.24602580e+00
  3.25439750e+02] 8.25111102056253
[-3.17961918e+00  4.75865264e-01  1.31655699e-01 -8.24900358e+00
  3.24632560e+02] 8.263766758913048
[-3.21332907e+00  1.31051972e-01 -2.70981674e-01 -8.32863147e+00
  3.24251641e+02] 8.33406910562419
[-3.15430822e+00 -2.73314112e-01 -1.18968891e-01 -8.37015566e+00
  3.24859963e+02] 8.37546177707309
[-3.17266197e+00  1.38122556e-01 -1.74376711e-01 -8.08274979e+00
  3.22057430e+02] 8.085810366508136
[-3.17036930e+00  1.01260404e-01 -8.59415701e-02 -8.45264639e+00
  3.26845501e+02] 8.453689766477298
[-3.16588521e+00 -7.21170554e-04 -3.82317748e-01 -8.13710079e+00
  3.21609299e+02] 8.146077379681692
[-3.18441723e+00  9.13692171e-02  3.34277695e-01 -8.36060468e+00
  3.24411654e+02] 8.367783493468865
[-3.11174871e+00 -1.95295443e-01 -1.41970945e-01 -8.28630806e+00
  3.24007123e+02] 8.289824925588047
[-3.20813705e+00 -2.15895546e-01 -2.37120046e-01 -7.76575780e+00
  3.18761160e+02] 7.772376150796945
[-3.15030391e+00 -1.81954910e-01  1.87278596e-01 -8.30137509e+00
  3.24534666e+02] 8.305480673159428
[-3.09150416e+00 -1.37857547e-01  1.05965776e-01 -8.02244961e+00
  3.22431361e+02] 8.02433368814087
[-3.12209760e+00  7.32750164e-02 -4.44594362e-01 -8.24723646e+00
  3.23614206e+02] 8.259536465944764
[-3.13730587e+00  4.67744078e-01 -9.34545313e-02 -8.49300809e+00
  3.26615010e+02] 8.506391993511635
[-3.23840309e+00  1.06305697e-01 -1.72436777e-01 -8.31393940e+00
  3.26042143e+02] 8.316406900077002
[-3.20467082e+00  1.83820443e-01 -2.21642189e-01 -8.20138589e+00
  3.23856077e+02] 8.206439288335172
[-3.21417472e+00  1.91217348e-01  2.17317917e-01 -8.48220532e+00
  3.23872560e+02] 8.48714311118899
[-3.23015865e+00 -4.78461727e-02  5.66013081e-02 -8.34043921e+00
  3.23251482e+02] 8.340768504184767
[-3.10932824e+00 -1.46756729e-01 -3.47929376e-02 -8.17162078e+00
  3.24379587e+02] 8.173012561396538
[-3.05015756e+00 -4.22504991e-02 -2.37992969e-03 -8.35621982e+00
  3.27704786e+02] 8.35632697054664
[-3.15170448e+00 -8.01619581e-02  3.64870201e-01 -8.33643235e+00
  3.24782140e+02] 8.344798411741884
[-3.11036971e+00  1.50737463e-01 -8.48380238e-03 -7.95939684e+00
  3.24190729e+02] 7.960828592577555
[-3.14055490e+00 -9.86243074e-02 -2.53572726e-03 -8.36831393e+00
  3.23430639e+02] 8.368895462837797
[-3.19187601e+00  1.00051969e-01 -1.01479618e-03 -8.50214602e+00
  3.26306965e+02] 8.502734761720147
[-3.16932422e+00 -3.23460206e-02 -3.74580504e-02 -8.21057143e+00
  3.24909706e+02] 8.210720590432745
[-3.13900489e+00 -7.89131287e-02 -3.09841453e-01 -8.32187780e+00
  3.24889160e+02] 8.328017714361676
[-3.21015575e+00 -3.72275930e-01  2.96483465e-02 -8.09239356e+00
  3.24686284e+02] 8.101006232904371
[-3.15558694e+00 -2.39912040e-01  7.73354843e-02 -8.54354259e+00
  3.28401703e+02] 8.547260299857367
[-3.11328443e+00  3.83994695e-01  1.78718406e-01 -8.12048394e+00
  3.24896464e+02] 8.131522097579737
[-3.13907923e+00 -3.13051465e-01  7.75859035e-02 -8.02607551e+00
  3.21311253e+02] 8.032553076618656
[-3.19859840e+00  1.80029325e-01  1.39452645e-01 -8.10599511e+00
  3.23115564e+02] 8.109193197707372
[-3.18729598e+00  2.25089944e-01 -8.66700731e-02 -8.11479902e+00
  3.22983115e+02] 8.118382868261945
[-3.18283201e+00  7.80469112e-02 -8.70450903e-02 -8.32492973e+00
  3.25371391e+02] 8.325750603748844
[-3.10387166e+00 -1.12298604e-01 -7.94551785e-02 -8.34648255e+00
  3.25461302e+02] 8.347616127002773
[-3.12237194e+00 -1.80683200e-01  4.70911346e-02 -8.34889215e+00
  3.23600723e+02] 8.350979828070445
[-3.16070504e+00  2.54065618e-02  8.68595934e-02 -8.38375181e+00
  3.24519785e+02] 8.38424024108487
[-3.14188971e+00  8.38743961e-02 -5.96148642e-01 -8.29551757e+00
  3.22874322e+02] 8.317333695815957
[-3.19525379e+00 -1.17790915e-01  2.18856492e-02 -8.30856153e+00
  3.22207797e+02] 8.30942527825299
[-3.10735725e+00  4.27910415e-03  3.83370520e-04 -8.19348580e+00
  3.24334387e+02] 8.193486930716901
[-3.13399653e+00 -2.35429082e-01 -6.44869734e-02 -8.15191582e+00
  3.22883247e+02] 8.15556968830023
[-3.12717347e+00 -2.07793805e-01  2.09158666e-02 -8.20639344e+00
  3.23170263e+02] 8.209050431359813
[-3.18199617e+00 -2.13499901e-01 -1.62410572e-02 -8.00290743e+00
  3.20000915e+02] 8.005771252305253
[-3.11640760e+00 -1.63499936e-01  1.74217666e-01 -8.18794381e+00
  3.24949340e+02] 8.191428927458494
[-3.02708524e+00  1.07785295e-01 -1.04513757e-01 -8.16046136e+00
  3.23579949e+02] 8.161842336304192
[-3.14017082e+00 -1.11512129e-01 -6.37449719e-02 -8.49591272e+00
  3.27577852e+02] 8.49688362192275
[-3.16260480e+00  1.46518160e-01  1.48189040e-01 -8.31305577e+00
  3.23453742e+02] 8.31566736564436
[-3.16528818e+00 -1.26924425e-02 -2.27632675e-01 -8.20590376e+00
  3.23182575e+02] 8.209070241571112
[-3.27969687e+00 -2.70405411e-01  2.21954274e-01 -8.42499336e+00
  3.22042852e+02] 8.432253309015504
[-3.03917232e+00 -4.13405560e-01  4.36823846e-02 -8.37680471e+00
  3.27611636e+02] 8.387113298813013
[-3.07205309e+00 -1.91827727e-01 -1.25875660e-01 -8.09204313e+00
  3.25266776e+02] 8.095295212812271
[-3.09347438e+00  1.15745674e-01  7.07234996e-02 -8.20058134e+00
  3.25715324e+02] 8.201703068229776
[-3.14248555e+00 -1.46561472e-01  4.51566253e-02 -8.47901561e+00
  3.26660907e+02] 8.480402416590842
[-3.13484470e+00 -1.84549954e-01  3.19294406e-02 -8.18629416e+00
  3.25270688e+02] 8.188436371885983
[-3.21508618e+00  2.19522264e-01 -6.76279269e-02 -8.51839637e+00
  3.26924761e+02] 8.521492843371632
[-3.19284738e+00 -5.68485582e-02 -4.72327131e-02 -8.49094712e+00
  3.26990654e+02] 8.491268788790858
[-3.21382790e+00  8.21889977e-02  9.40381118e-02 -8.33916532e+00
  3.23646024e+02] 8.340100503694694
[-3.11586895e+00  2.55849774e-01 -8.46236895e-04 -8.02359573e+00
  3.20575921e+02] 8.027673905945825
[-3.13403456e+00  1.09989540e-01  2.39023014e-01 -8.55061837e+00
  3.27271694e+02] 8.554665637580587
[-3.18564699e+00 -1.88441178e-01  8.44061614e-02 -8.11969570e+00
  3.24667317e+02] 8.122320650261202
[-3.10659855e+00  5.44159863e-02 -5.35466395e-02 -7.89136017e+00
  3.22132619e+02] 7.891729451257306
[-3.15450079e+00  2.53500078e-01  1.08214246e-01 -8.02754999e+00
  3.22627695e+02] 8.032280590952963
[-3.13278831e+00 -2.54993885e-02 -2.26078830e-01 -8.22830466e+00
  3.25422816e+02] 8.23144941551139
[-3.11091916e+00 -7.51048121e-02  3.08628015e-01 -7.91521780e+00
  3.22040636e+02] 7.921588523971641
[-3.07001389e+00  2.35018263e-01  1.44246332e-01 -8.15177290e+00
  3.24118131e+02] 8.156435618564055
[-3.22373068e+00  6.42050349e-02  2.84322325e-02 -8.55291723e+00
  3.25960598e+02] 8.55320546632397
[-3.20204150e+00  6.71587226e-02  3.94779845e-02 -8.38987082e+00
  3.25995050e+02] 8.390232485333982
[-3.16530881e+00  2.25805197e-01 -1.01560495e-01 -8.15898025e+00
  3.25590777e+02] 8.16273613554742
[-3.15838697e+00  8.14589851e-02 -6.13824557e-02 -7.95986105e+00
  3.22015575e+02] 7.960514517058285
[-3.18729228e+00  1.74522903e-01 -3.24752422e-02 -8.18821722e+00
  3.23105785e+02] 8.190141272388379
[-3.17473077e+00 -1.28088747e-01  1.15693285e-02 -8.57210431e+00
  3.27008807e+02] 8.57306904558044
[-3.15567558e+00  2.98264890e-01  5.19885241e-03 -8.15816908e+00
  3.22443082e+02] 8.163621237585982
[-3.16434257e+00 -1.75744322e-01 -8.05303919e-02 -8.31122821e+00
  3.25413392e+02] 8.313476143395436
[-3.08146088e+00 -1.63872550e-01  2.16810767e-01 -8.05241370e+00
  3.23729638e+02] 8.056998669167324
[-3.18516485e+00 -3.18674580e-01 -3.22887706e-01 -8.31768505e+00
  3.25434443e+02] 8.330047696417102
[-3.11196523e+00 -1.72802536e-01 -3.78628219e-01 -8.41179114e+00
  3.23708326e+02] 8.422081107699539
[-3.19404587e+00  8.36341827e-02 -3.12978355e-02 -8.82206896e+00
  3.24248894e+02] 8.822520895694943
[-3.14989834e+00 -1.39507340e-02 -2.37250635e-01 -8.13699184e+00
  3.21949102e+02] 8.140461819582955
[-3.15149718e+00 -8.75623568e-02 -6.27470077e-02 -8.43144042e+00
  3.26014231e+02] 8.432128550989153
[-3.10955685e+00 -1.32271216e-01 -3.20822710e-01 -8.38647943e+00
  3.27072323e+02] 8.39365594923546
[-3.15465737e+00 -1.21311634e-01 -3.26620699e-01 -8.05011759e+00
  3.23526356e+02] 8.057654173434539
[-3.22560961e+00 -8.41986416e-02  1.90101777e-03 -7.98636920e+00
  3.20419931e+02] 7.98681326176414
[-3.04086632e+00 -1.04390718e-01 -4.37931831e-02 -8.12081472e+00
  3.23078851e+02] 8.121603721320502
[-3.09917208e+00 -1.19568446e-01 -4.08174567e-01 -8.70173655e+00
  3.28509392e+02] 8.712125003913055
[-3.17676280e+00 -2.24359838e-01  9.51313691e-02 -8.24961462e+00
  3.22603825e+02] 8.253213236281042
[-3.19106040e+00 -2.52936100e-02 -1.03105650e-01 -8.32952128e+00
  3.23065341e+02] 8.33019779519328
[-3.20685989e+00  5.55674155e-02  1.46227188e-01 -8.39879156e+00
  3.23112555e+02] 8.400248201112717
[-3.13664400e+00 -1.18100179e-02  2.13890260e-01 -8.36407504e+00
  3.24661343e+02] 8.366817785938457
[-3.13987406e+00  7.03362461e-02 -2.88604508e-02 -8.22539059e+00
  3.23998044e+02] 8.22574193562992
[-3.25450582e+00 -2.91511039e-02  4.30568968e-02 -8.25866163e+00
  3.22017451e+02] 8.258825317798868
[-3.09006056e+00  7.54969111e-02  7.77254262e-02 -8.07235891e+00
  3.24757385e+02] 8.073086112716643
[-3.09323864e+00 -3.25710652e-02 -1.23113596e-02 -8.02288443e+00
  3.22630783e+02] 8.022959996095995
[-3.22688370e+00 -2.88765207e-01  2.15095676e-01 -8.77024492e+00
  3.27010704e+02] 8.777633357834661
[-3.15015910e+00 -3.59191887e-01 -1.79752969e-02 -8.25039694e+00
  3.26393888e+02] 8.258231748190529
[-3.11728304e+00  1.75562807e-02 -8.16908219e-02 -8.33359782e+00
  3.25844558e+02] 8.33401669211137
[-3.07803051e+00  2.67243438e-02 -4.74816568e-02 -7.99334623e+00
  3.21695253e+02] 7.993531923599495
