/mnt/stage/douwei/Simulation/5kt_root/2MeV/5kt_-6.60_3.root
[-3.09758966e+00 -2.41964054e-01  6.92583139e-02 -7.00661386e+00
  3.16493807e+02] 7.011132650462751
[-3.11365032e+00  8.58058568e-02  7.66040666e-02 -6.87165792e+00
  3.13629387e+02] 6.8726205605724395
[-3.15817146e+00  1.20742713e-01 -1.30316838e-01 -6.57565264e+00
  3.11148002e+02] 6.578052065570091
[-3.16353381e+00  2.86780084e-01 -2.04826634e-01 -6.67540201e+00
  3.13114718e+02] 6.684698107943911
[-3.06593222e+00 -1.16999547e-01 -1.98533415e-01 -6.62607622e+00
  3.13485440e+02] 6.630082235156742
[-3.03422710e+00 -1.97098566e-01  3.77910447e-01 -6.58343391e+00
  3.14888924e+02] 6.5972165485034955
[-2.99929076e+00 -3.11751290e-01  1.96418961e-01 -6.57575111e+00
  3.15186999e+02] 6.58606649492778
[-3.15488499e+00  1.13663954e-01 -1.13132289e-01 -6.43365891e+00
  3.12758201e+02] 6.435657336219946
[-3.13686910e+00  2.75355859e-01 -1.33394697e-02 -6.95819590e+00
  3.11423432e+02] 6.963654858372987
[-3.12376054e+00  2.39504941e-02  1.62507322e-01 -6.83962710e+00
  3.13847859e+02] 6.841599314801119
[-3.04171170e+00  1.30933271e-02 -2.89930742e-01 -6.69644272e+00
  3.13509328e+02] 6.702729024099041
[-3.05687811e+00 -1.40518169e-01 -1.07269033e-01 -6.61158403e+00
  3.13160692e+02] 6.613947030989151
[-3.15033665e+00 -1.17289674e-01  4.24660423e-01 -6.60654758e+00
  3.13048757e+02] 6.621220749805803
[-3.10392616e+00 -7.19572274e-02  1.33931735e-01 -6.82161150e+00
  3.14867411e+02] 6.8233055827629165
[-3.12441790e+00  1.26713579e-01 -2.87108642e-01 -6.61014535e+00
  3.11460965e+02] 6.617590891234968
[-3.08194010e+00  8.17598694e-02 -1.20310430e-01 -6.62814957e+00
  3.12593687e+02] 6.62974554070173
[-3.08823736e+00  1.35250723e-01 -2.00624293e-02 -6.45552767e+00
  3.11628399e+02] 6.456975514383657
[-3.06527631e+00  2.63594877e-01  1.63644212e-01 -6.94021782e+00
  3.13375558e+02] 6.947149424401219
[-3.06864784e+00  2.46201464e-01  1.21415599e-01 -6.80048700e+00
  3.13563529e+02] 6.80602529634095
[-3.08785445e+00 -1.65181309e-02  1.49104121e-01 -6.47948444e+00
  3.12247399e+02] 6.4812208377569736
[-3.10353837e+00  1.52332146e-02 -3.71157928e-02 -6.73302740e+00
  3.11441938e+02] 6.733146926675912
[-3.15232043e+00 -1.91181297e-02 -8.55349404e-02 -7.11360183e+00
  3.15227681e+02] 7.1141417454957585
[-3.10393599e+00 -3.01267183e-01  1.09475171e-01 -6.67350197e+00
  3.12895921e+02] 6.681195647375142
[-3.14638559e+00  1.03935606e-01 -4.99917322e-03 -6.47043508e+00
  3.10657451e+02] 6.4712717200792165
[-3.02220644e+00  1.55121015e-01 -5.94149494e-02 -6.66872134e+00
  3.13515879e+02] 6.670789835489863
[-3.16231164e+00  1.65560596e-01  3.55083743e-02 -6.78680028e+00
  3.13482874e+02] 6.788912226019366
[-3.19737575e+00 -5.61592935e-02  9.61784301e-02 -6.75433107e+00
  3.10676352e+02] 6.755249243323696
[-3.12563851e+00  9.54212368e-02  3.17255599e-01 -6.83084886e+00
  3.12973642e+02] 6.838878014454004
[-3.03818224e+00 -1.61284649e-02 -1.07137047e-01 -6.56980543e+00
  3.13523985e+02] 6.570698731646861
[-3.13453343e+00  1.51002880e-01  2.77296128e-01 -6.69298984e+00
  3.12273968e+02] 6.7004334240855705
[-3.06782275e+00 -1.14080051e-01 -3.96652176e-01 -6.53029371e+00
  3.10902950e+02] 6.543323551378296
[-3.14974012e+00  1.84528769e-01  1.30619567e-01 -6.81902095e+00
  3.14790611e+02] 6.822767701571717
[-3.11599967e+00  4.13608159e-01  1.20110406e-01 -6.86321808e+00
  3.12813579e+02] 6.8767187444927425
[-3.24982953e+00 -9.27602119e-02 -8.85257828e-02 -6.93925078e+00
  3.14844424e+02] 6.940435335275742
[-3.17162611e+00  4.05099417e-02  3.46084557e-02 -6.79723311e+00
  3.14180772e+02] 6.797441922721072
[-3.12518344e+00  1.39674946e-01  5.36166751e-02 -6.65630369e+00
  3.10902401e+02] 6.6579848810464615
[-3.05579833e+00 -1.15272485e-01  1.07739045e-01 -6.81590925e+00
  3.15059264e+02] 6.817735284892535
[-3.09568004e+00  1.27597778e-01  2.31582311e-01 -6.61746496e+00
  3.11642806e+02] 6.622745208073887
[-3.14331420e+00 -1.06918949e-01  1.09809127e-01 -6.67244458e+00
  3.11486750e+02] 6.674204549719453
[-3.17247119e+00  8.55740737e-02  2.09866368e-01 -6.86518263e+00
  3.10793079e+02] 6.868922720094576
[-3.04850729e+00  2.88108164e-01 -2.04339245e-01 -6.48439040e+00
  3.14395309e+02] 6.494003360841024
[-3.01715213e+00  1.24750529e-01 -2.58576543e-01 -6.51127254e+00
  3.14175268e+02] 6.51759883984704
[-3.18199229e+00 -1.72093329e-01  1.79349476e-01 -6.87511492e+00
  3.14767356e+02] 6.879606634554923
[-3.12303582e+00 -6.32782715e-02  1.19257242e-01 -6.47474534e+00
  3.09376014e+02] 6.476152691976864
[-3.05891070e+00  7.77179939e-02  3.03932986e-01 -6.52239153e+00
  3.12155387e+02] 6.529931590921442
[-3.13080459e+00 -1.46829803e-01 -2.25228993e-01 -6.87570375e+00
  3.13308257e+02] 6.880958444913908
[-3.15155223e+00  1.00342355e-01 -1.06316448e-01 -6.54412425e+00
  3.09737959e+02] 6.545756945735301
[-2.92704994e+00  2.05477956e-01  5.58910301e-02 -6.37624177e+00
  3.10378140e+02] 6.379796557420609
[-3.05847597e+00  2.65107161e-02 -5.14892297e-02 -6.34849479e+00
  3.09985216e+02] 6.348758933921265
[-3.10991839e+00 -1.12483440e-02  1.87860384e-01 -6.87491662e+00
  3.13858557e+02] 6.877492031416991
[-3.02480399e+00  2.86111284e-02 -9.98930128e-02 -6.34731850e+00
  3.11125072e+02] 6.348168971483674
[-3.09713434e+00 -1.67519057e-01 -6.20147187e-02 -6.75516721e+00
  3.14962507e+02] 6.757528582783983
[-3.09821343e+00 -2.93850927e-01 -2.40553737e-01 -6.47045825e+00
  3.09831141e+02] 6.481592741559267
[-3.16055997e+00 -2.20341295e-01 -4.77996759e-02 -6.79086460e+00
  3.12741500e+02] 6.7946064747274315
[-3.17926100e+00 -2.35301841e-02  4.10797070e-01 -6.85993608e+00
  3.12967278e+02] 6.872265343725186
[-3.12016371e+00 -1.06966742e-02  9.49601379e-02 -6.73377791e+00
  3.12669630e+02] 6.734455940817987
[-3.10711607e+00 -2.45117238e-01  3.68654708e-01 -6.65295676e+00
  3.13391015e+02] 6.667669935014674
[-3.08744497e+00  3.40023169e-01 -9.82764397e-02 -6.52467231e+00
  3.14866780e+02] 6.53426527808997
[-3.10063444e+00 -3.52626762e-01 -1.61154759e-01 -6.87837237e+00
  3.14275911e+02] 6.88929045780579
[-3.03919593e+00 -7.22001243e-03 -8.91374664e-02 -6.44364621e+00
  3.12060761e+02] 6.4442667649568905
[-3.14256777e+00 -2.77803303e-01 -1.71178918e-01 -6.97641620e+00
  3.16994617e+02] 6.984043234027722
[-3.16405692e+00  7.92734333e-02  2.33146729e-01 -6.50001008e+00
  3.12468924e+02] 6.504673142740092
[-3.15989998e+00 -1.20895622e-01 -1.70576373e-02 -6.81408639e+00
  3.12293087e+02] 6.81518011705361
[-3.10128164e+00  1.38918744e-01 -9.25883096e-02 -6.55357537e+00
  3.12184380e+02] 6.555701419044684
[-3.07143006e+00 -4.60586672e-01 -1.91517947e-01 -6.43041131e+00
  3.12042388e+02] 6.449729363143706
[-3.12445293e+00 -1.35138518e-01  1.69043895e-01 -6.98779125e+00
  3.14737358e+02] 6.99114187849701
[-3.05643480e+00  2.50099790e-01 -1.06645223e-01 -6.68552667e+00
  3.13028415e+02] 6.691052977856395
[-3.16457971e+00  8.60118009e-02  3.13214067e-01 -6.62967623e+00
  3.11921202e+02] 6.637628186596923
[-3.05372856e+00 -4.20707391e-01  1.41515374e-01 -6.58226071e+00
  3.13275220e+02] 6.597209812326728
[-3.10900836e+00  2.30611721e-01 -2.68479725e-01 -6.77126888e+00
  3.14137194e+02] 6.78051217372171
[-3.13838918e+00  2.98245134e-02  3.96526520e-02 -6.60414954e+00
  3.14416476e+02] 6.604335927163982
[-3.12123092e+00  1.01463585e-02  3.75001036e-02 -6.35586128e+00
  3.09740119e+02] 6.355979999931878
[-3.02898019e+00  5.93707047e-02  2.08463649e-01 -6.54623744e+00
  3.10410892e+02] 6.549824926960201
[-3.11457511e+00  1.06547863e-01  5.59425534e-02 -6.82794463e+00
  3.13562566e+02] 6.829005040201571
[-3.10235152e+00 -4.98815728e-02 -9.96956298e-02 -6.68667598e+00
  3.12032590e+02] 6.687605176701951
[-3.01792022e+00 -5.05740919e-02  8.02654659e-02 -7.07059388e+00
  3.19703298e+02] 7.071230314891319
[-3.10057266e+00  2.91814757e-01  7.38338245e-02 -6.77008062e+00
  3.13619727e+02] 6.776769062975004
[-3.02552906e+00 -1.79741772e-01  1.41909779e-01 -6.66017963e+00
  3.13296213e+02] 6.664115710035617
[-3.04796007e+00 -1.35520757e-01 -1.28661583e-02 -6.54159607e+00
  3.12269795e+02] 6.543012349457863
[-3.09369528e+00 -1.47575839e-02  1.41948460e-01 -6.50456344e+00
  3.12962843e+02] 6.506128854592569
[-3.09205546e+00  1.69899408e-01  2.63972731e-02 -6.45018686e+00
  3.09839554e+02] 6.452478066503943
[-3.06915663e+00  3.51334425e-03  9.04809616e-02 -6.73050187e+00
  3.15263281e+02] 6.731110945334336
[-3.02956126e+00  1.84649299e-01  1.56871807e-01 -6.76912154e+00
  3.14521544e+02] 6.773456320576612
[-3.04457778e+00  2.94414030e-01  1.69061774e-01 -6.68015807e+00
  3.15562571e+02] 6.68877966321261
[-3.06323286e+00 -2.33744023e-01  2.29800195e-01 -6.58363298e+00
  3.12467352e+02] 6.5917878886108925
[-3.12003079e+00 -5.24537665e-02 -2.70702930e-01 -6.54904370e+00
  3.12776965e+02] 6.554845902914518
[-3.14545057e+00 -3.34212486e-02 -2.62933487e-01 -6.63881497e+00
  3.11310694e+02] 6.644103796134112
[-3.11576959e+00 -3.90424820e-02  1.57517101e-01 -6.52189480e+00
  3.13158079e+02] 6.523913530723946
[-3.09582424e+00 -1.11446869e-01 -2.80929230e-02 -6.59463870e+00
  3.13321452e+02] 6.595640168948909
[-3.03126073e+00  1.19229673e-01 -1.33142872e-01 -6.52475996e+00
  3.12586638e+02] 6.527207308559327
[-3.08352195e+00  1.84073351e-01 -1.36463363e-01 -6.78850808e+00
  3.13802238e+02] 6.792374194554882
[-3.08192472e+00 -1.86673576e-01 -1.24620611e-01 -6.42059367e+00
  3.13759810e+02] 6.424515576859357
[-3.11696125e+00  2.12143754e-01 -3.19831288e-01 -6.73646468e+00
  3.13850658e+02] 6.747388638932735
[-3.11964086e+00  5.59091084e-02  8.70807290e-02 -6.60865130e+00
  3.14236469e+02] 6.609461465014876
[-3.07843774e+00  9.66345366e-02 -5.82933862e-02 -6.46231814e+00
  3.12157409e+02] 6.463303492247835
[-3.07203394e+00 -1.86749039e-01 -1.86394912e-01 -6.71068592e+00
  3.12490416e+02] 6.715871040799436
[-3.04831591e+00  3.58441983e-01 -5.21382100e-02 -6.42381290e+00
  3.10833856e+02] 6.434016721025366
[-3.10621496e+00 -4.42411848e-03 -4.04801813e-01 -6.67182127e+00
  3.13887957e+02] 6.684091797183684
[-3.11626468e+00  1.15449543e-01  6.91694132e-02 -7.04380069e+00
  3.14038150e+02] 7.04508631516337
[-3.08422663e+00  1.50573160e-02  1.62930379e-01 -6.85523553e+00
  3.14361140e+02] 6.85718799878593
[-3.09312799e+00 -3.44451990e-01  7.84089453e-02 -6.63486861e+00
  3.10704605e+02] 6.64426644347292
[-3.14664068e+00 -6.68156372e-02 -6.20012225e-02 -6.65986105e+00
  3.11198103e+02] 6.660484798292694
[-3.14027635e+00 -1.89637454e-01 -2.93529715e-01 -6.88728528e+00
  3.10985832e+02] 6.896145341163891
[-3.05652328e+00  2.29687234e-01  3.23551392e-02 -6.68773456e+00
  3.13992330e+02] 6.691755871236201
[-3.14126180e+00 -3.61602838e-02  1.39995034e-01 -6.76309715e+00
  3.12350549e+02] 6.7646425833936545
[-3.08402270e+00 -2.59300211e-01 -2.21738236e-01 -6.65036956e+00
  3.14060424e+02] 6.6591155322314295
[-3.05258821e+00 -1.02751075e-01  6.84819062e-02 -6.63546722e+00
  3.12843468e+02] 6.636616063822987
[-3.06702409e+00 -1.31112828e-01 -1.82217703e-01 -6.61376340e+00
  3.12459787e+02] 6.617572073189372
[-3.07002939e+00  2.58407929e-02  1.55381561e-01 -6.87720583e+00
  3.14165600e+02] 6.879009459406762
[-3.03319377e+00  4.09035637e-02 -1.25686132e-01 -6.71676614e+00
  3.13559014e+02] 6.718066499587432
[-3.12245931e+00  8.69219031e-02  1.02899707e-01 -6.58818114e+00
  3.11095340e+02] 6.5895579868855245
[-3.02489116e+00 -9.32775899e-02  1.51388794e-02 -6.29079346e+00
  3.14650404e+02] 6.2915031799936445
[-3.12470441e+00 -9.41567431e-02 -5.50495959e-02 -6.53000463e+00
  3.12277887e+02] 6.53091543536788
[-3.10525886e+00 -1.88846567e-01 -1.14528903e-01 -6.80985471e+00
  3.14141469e+02] 6.813435330799656
[-3.07829956e+00  1.88466802e-01  9.69425658e-02 -6.48720895e+00
  3.13346214e+02] 6.490670041632967
[-3.08173600e+00  2.03178956e-01 -1.81840895e-02 -6.32789621e+00
  3.11855126e+02] 6.331183360411386
[-3.08105667e+00 -3.62102859e-01 -1.22404297e-01 -6.51941478e+00
  3.13485602e+02] 6.530610256147482
[-3.07766475e+00  1.20675156e-01 -1.55204990e-01 -7.00596143e+00
  3.17243082e+02] 7.008719332668949
[-3.12618711e+00 -8.37197382e-02  1.26559887e-01 -6.75844773e+00
  3.12815755e+02] 6.76015104184148
[-3.02536487e+00  1.57972320e-01  1.40483670e-01 -6.68509917e+00
  3.13050450e+02] 6.68844090745452
[-3.06535853e+00 -1.00605007e-01 -2.31921311e-01 -6.50295319e+00
  3.12355847e+02] 6.507865170336718
[-3.18307700e+00  1.34486620e-01 -4.03146728e-03 -6.67935997e+00
  3.12682855e+02] 6.680714974009188
[-3.14934758e+00 -9.71295306e-02 -1.02947848e-02 -6.81679606e+00
  3.15261213e+02] 6.817495780202629
[-3.02433023e+00 -1.07986391e-01  5.21171155e-02 -6.67329539e+00
  3.15124100e+02] 6.674372526894446
[-3.09217398e+00 -2.15387889e-03 -2.91378549e-01 -6.98565843e+00
  3.15626497e+02] 6.991732959818009
[-3.00255493e+00  1.93349588e-01 -5.52860185e-02 -6.41300700e+00
  3.12812332e+02] 6.416159240867706
[-3.09466837e+00  9.30426815e-02 -1.95077516e-01 -6.48671942e+00
  3.10062153e+02] 6.490319024068522
[-3.11033403e+00  5.29135237e-02 -4.13946617e-02 -6.56600219e+00
  3.12354743e+02] 6.566345875140138
[-3.10853616e+00  2.43308468e-02  1.57440003e-01 -6.53870197e+00
  3.15469634e+02] 6.540642386007379
[-3.11083868e+00 -5.20466345e-02 -3.09561612e-01 -6.96567220e+00
  3.13768302e+02] 6.972741668419488
[-3.07798728e+00 -1.38505683e-01  3.23576577e-01 -6.59274983e+00
  3.14490838e+02] 6.602138737608141
[-3.05272894e+00  4.55914805e-04 -4.44141632e-03 -6.41147205e+00
  3.13273277e+02] 6.41147360942093
[-3.14628154e+00 -2.04151478e-02  1.85367743e-02 -6.47009517e+00
  3.12330106e+02] 6.4701539334538705
[-3.13569151e+00 -2.07384784e-01 -3.87702599e-01 -6.61215682e+00
  3.10581954e+02] 6.626759357852006
[-3.04685229e+00 -2.77675240e-01 -1.50008938e-01 -6.84657508e+00
  3.14457661e+02] 6.853845385353398
[-3.05865674e+00 -2.29797236e-01  4.10217628e-02 -6.43556590e+00
  3.11563003e+02] 6.439797976777086
[-3.17405211e+00  3.34106644e-02  1.68376132e-01 -6.35510642e+00
  3.10835021e+02] 6.357424350423245
[-3.17293587e+00 -2.79371614e-01  1.98111445e-02 -6.71853887e+00
  3.12616934e+02] 6.724373982964904
[-3.06348700e+00  2.80848451e-02  9.41777988e-02 -6.67877447e+00
  3.12626506e+02] 6.679497480474204
[-3.07614160e+00 -4.55037717e-02  2.41358178e-01 -6.68508793e+00
  3.13219106e+02] 6.689598271057307
[-3.12448769e+00  6.47680102e-03 -1.70006769e-01 -6.82090199e+00
  3.15086278e+02] 6.8230233940066
[-3.02616525e+00  1.63287018e-01  3.33111699e-02 -6.50724656e+00
  3.11835056e+02] 6.509380159860751
[-3.08871407e+00 -9.16491711e-03 -3.55415751e-02 -6.91808106e+00
  3.16603607e+02] 6.918178430546996
[-3.00882830e+00  1.16397832e-02 -5.47806122e-02 -6.31155787e+00
  3.11127920e+02] 6.311806327953087
[-2.99270364e+00 -4.23857488e-02 -1.39080301e-01 -6.75207582e+00
  3.14860587e+02] 6.753641078697487
[-3.11512005e+00 -1.02446473e-01  2.33537438e-01 -6.62941638e+00
  3.11475141e+02] 6.634319595526721
[-3.20171078e+00 -3.45155931e-01  9.04804625e-02 -6.68011871e+00
  3.11156388e+02] 6.689641643224444
[-3.06507125e+00 -3.54759549e-02  1.79544812e-01 -6.61557590e+00
  3.12444663e+02] 6.618106931301954
[-3.04012027e+00  3.08864654e-01 -2.06860649e-01 -6.38998235e+00
  3.11574127e+02] 6.400786132096744
[-3.13189510e+00 -9.26452106e-03 -7.33109820e-02 -7.00767531e+00
  3.14762582e+02] 7.00806489607149
[-3.21640605e+00 -2.65943290e-01 -1.04922150e-01 -6.91781177e+00
  3.13454904e+02] 6.923716790843508
[-3.10546727e+00  1.80920675e-01  7.67110218e-02 -6.58282468e+00
  3.12075172e+02] 6.5857571824945955
[-3.30354217e+00  2.87066583e-01  1.52452344e-01 -6.70641604e+00
  3.12859419e+02] 6.714288129571148
[-3.15640518e+00  2.55776090e-01  3.13599656e-02 -6.73202439e+00
  3.13053058e+02] 6.736954597093095
[-3.10347352e+00 -1.76999337e-01  9.02355764e-03 -6.75825807e+00
  3.13723381e+02] 6.7605815090135435
[-3.11250215e+00  8.45694943e-02 -1.83974734e-01 -6.74033098e+00
  3.13769909e+02] 6.7433715868221284
[-3.20301382e+00  1.67361382e-01 -1.29383549e-01 -6.34102807e+00
  3.08631174e+02] 6.344555687911449
[-3.03742669e+00  1.86774235e-01  1.24355645e-03 -6.85303040e+00
  3.16493873e+02] 6.85557523339406
[-3.04659751e+00  1.34948466e-01  3.15511154e-01 -6.51452359e+00
  3.13451160e+02] 6.523555471885669
[-3.13969915e+00  9.21897642e-02 -1.01610963e-02 -6.43682513e+00
  3.10146493e+02] 6.437493295334635
[-3.11231643e+00  1.99079635e-01 -1.78624934e-01 -6.43795267e+00
  3.10952983e+02] 6.443506352123102
[-3.10262903e+00 -2.29646213e-03 -3.34365889e-01 -6.68273526e+00
  3.12837597e+02] 6.691095301142977
[-3.09892609e+00 -1.87996600e-01  1.36273292e-01 -7.02516323e+00
  3.16780459e+02] 7.0289993238066195
[-3.03252869e+00  7.27471525e-02 -2.55067257e-02 -6.34631753e+00
  3.11581581e+02] 6.346785714915166
[-3.12958692e+00 -8.74523863e-02 -9.55986424e-02 -6.77696147e+00
  3.13972113e+02] 6.778199891404056
[-3.07675778e+00 -8.99151067e-02 -8.15112482e-02 -6.86264235e+00
  3.15855580e+02] 6.863715377601242
[-3.05791778e+00  1.36684472e-01 -1.05771970e-01 -6.42670987e+00
  3.11100796e+02] 6.429033373197449
[-3.04955636e+00 -5.05181537e-01 -7.68582258e-02 -6.46035602e+00
  3.11246364e+02] 6.480533581801554
[-3.05395609e+00 -2.59496121e-01 -1.16860371e-01 -6.48079308e+00
  3.12728948e+02] 6.4870388831866554
[-3.11372115e+00  2.95309550e-01  9.98959603e-02 -6.63674396e+00
  3.12064402e+02] 6.644061804209673
[-3.19900894e+00  5.21068213e-02 -1.25148355e-01 -6.77682197e+00
  3.12815297e+02] 6.778177728003032
[-3.11753301e+00  7.48402601e-02 -2.77710795e-01 -7.00198725e+00
  3.12113077e+02] 7.0078919611984505
[-3.06563965e+00 -1.49875877e-01 -1.09934400e-01 -6.48025404e+00
  3.09217232e+02] 6.482919154332367
[-3.12208087e+00  1.11835559e-01 -1.92692934e-02 -6.55306624e+00
  3.11980794e+02] 6.554048796853613
[-3.09240143e+00 -2.17166852e-01 -1.99939981e-01 -6.68522002e+00
  3.11739001e+02] 6.691734020234165
[-3.11581491e+00  4.32169917e-02 -1.43965936e-01 -6.95583130e+00
  3.15101113e+02] 6.957455207235415
[-3.14330665e+00 -6.44158195e-02  1.01764174e-01 -6.61243859e+00
  3.11573003e+02] 6.613535317089716
[-3.11645063e+00  1.80381524e-01  4.00325255e-02 -6.67990619e+00
  3.11390274e+02] 6.682461129158193
[-3.18610060e+00 -1.94290398e-01  2.13537746e-01 -6.83946582e+00
  3.13594211e+02] 6.845556215398024
[-3.12788286e+00  1.08432830e-01 -2.47531746e-01 -6.51027009e+00
  3.12512360e+02] 6.515876479368703
[-3.06280396e+00 -1.75688770e-01 -2.58022711e-01 -6.66253335e+00
  3.10529170e+02] 6.669842046704308
[-3.09068610e+00  3.56906006e-01  1.40918900e-02 -6.82642415e+00
  3.14288436e+02] 6.835762367295084
[-2.97998050e+00  3.62124508e-01  1.04560272e-01 -6.76826210e+00
  3.15560133e+02] 6.778749062925711
[-3.03028826e+00  6.14627505e-04  3.70247098e-02 -6.51306891e+00
  3.11900912e+02] 6.513174179523381
[-3.05169541e+00 -9.14499491e-02 -2.31817044e-01 -6.67488892e+00
  3.13199749e+02] 6.679539226954191
[-3.06615001e+00  2.02645088e-01  1.99713976e-01 -6.48405829e+00
  3.14297294e+02] 6.490297575879528
[-3.12928662e+00  1.49123006e-01  7.16948834e-02 -6.71350944e+00
  3.14678243e+02] 6.715548140951188
[-3.12174152e+00 -7.75779371e-02  3.48041698e-01 -6.68801728e+00
  3.11052842e+02] 6.697516438942771
[-3.09550074e+00  1.46406356e-02 -1.73602079e-01 -6.52976800e+00
  3.14313023e+02] 6.532091712236712
[-3.07365127e+00  1.50247851e-01  1.77299849e-01 -6.73444920e+00
  3.16382577e+02] 6.738457962748714
[-3.07017647e+00  8.43611658e-02 -2.62443088e-01 -6.51354086e+00
  3.11876300e+02] 6.5193717264645015
[-3.08237917e+00 -2.24678702e-01 -1.39291432e-01 -6.54410677e+00
  3.12601041e+02] 6.5494439509040445
[-3.08838127e+00 -5.16327952e-02 -1.66197364e-01 -6.48635730e+00
  3.10115635e+02] 6.488691589874448
[-3.16884304e+00 -5.77326669e-02 -6.98411785e-02 -6.81854917e+00
  3.11285743e+02] 6.819151237534276
[-3.08091409e+00  2.64186777e-02  1.39447479e-01 -6.58493482e+00
  3.11629883e+02] 6.586464159229418
[-3.01511038e+00 -1.40975500e-01  6.92351103e-02 -6.34598253e+00
  3.09082677e+02] 6.347925793962517
[-3.13124277e+00 -3.32346565e-01 -1.64073498e-01 -6.79091140e+00
  3.14918065e+02] 6.801018454457013
[-3.09101983e+00 -8.66652769e-02 -3.73620839e-01 -6.60336776e+00
  3.12247502e+02] 6.614496899284166
[-3.17533927e+00 -5.70262453e-02 -4.28122998e-02 -6.84777652e+00
  3.12548636e+02] 6.848147794555603
[-3.09875230e+00 -4.82947449e-02  1.75491968e-01 -6.60551278e+00
  3.12023843e+02] 6.608020046313539
[-3.10880885e+00  1.42573228e-01  9.92883065e-03 -6.57278157e+00
  3.14587509e+02] 6.574335199291939
[-3.10513739e+00 -2.11390714e-01 -9.37565305e-02 -6.45713443e+00
  3.10841286e+02] 6.461273973664181
[-3.09450247e+00 -4.10793407e-01 -1.23153757e-01 -6.47347310e+00
  3.09887510e+02] 6.4876630692763
[-3.15001944e+00 -5.71083221e-02  1.81493287e-01 -6.73526610e+00
  3.12880066e+02] 6.73795300017195
[-3.16403550e+00  1.01372072e-01 -1.36120733e-01 -6.92844480e+00
  3.13839815e+02] 6.930523248342375
[-3.07901649e+00 -4.88532157e-02  1.88280841e-02 -6.53020271e+00
  3.08565475e+02] 6.530412583456428
[-3.15351313e+00  4.40270994e-02  2.06241265e-01 -6.84212955e+00
  3.13573642e+02] 6.845378776024675
[-3.09624775e+00  2.31586403e-01 -4.14435555e-02 -6.44888790e+00
  3.10581097e+02] 6.453177899549751
[-3.05695295e+00  1.09474334e-01 -3.45857918e-01 -6.74308759e+00
  3.13261672e+02] 6.752838855586322
[-3.15585933e+00  1.38112964e-01 -3.25857767e-02 -6.81700760e+00
  3.12774656e+02] 6.818484411611133
[-3.08826595e+00 -2.66549284e-01  1.09429265e-01 -6.68414995e+00
  3.12567636e+02] 6.690357530347087
[-3.11782926e+00  2.90628152e-01  9.31757134e-02 -6.86671682e+00
  3.13498049e+02] 6.873495932541564
[-3.08328077e+00  1.46209730e-01  8.36391361e-02 -6.35173390e+00
  3.11669245e+02] 6.353966978295068
[-3.11512615e+00  1.20605176e-01 -2.65150093e-01 -6.53840545e+00
  3.11343506e+02] 6.544890835122022
[-3.06345085e+00  7.75984106e-02  1.10530207e-01 -6.59347346e+00
  3.14797289e+02] 6.594856385744893
[-3.04650380e+00  1.02214693e-01 -7.10355443e-02 -6.66004947e+00
  3.13879610e+02] 6.661212568949516
[-3.07152397e+00  4.94744171e-01  8.44679016e-02 -6.60538779e+00
  3.12955148e+02] 6.624428619558509
[-3.12861880e+00  2.26846664e-01  7.12071464e-02 -6.49098568e+00
  3.11420447e+02] 6.495338705759216
[-3.11195820e+00  1.13552825e-01  6.75874154e-02 -6.49804804e+00
  3.12675792e+02] 6.49939156133218
[-3.05155258e+00 -6.83673184e-02  3.42803949e-01 -6.72255410e+00
  3.14006243e+02] 6.7316359298009285
[-3.15515844e+00 -2.14145103e-01 -3.31520898e-01 -6.79762246e+00
  3.11351537e+02] 6.8090700760695535
[-3.09818377e+00 -1.56410498e-01 -3.45405975e-01 -6.61818791e+00
  3.13568227e+02] 6.629040709838945
[-3.11234045e+00 -1.04228093e-01 -1.32992919e-01 -6.65197529e+00
  3.14339198e+02] 6.654120968721886
[-3.07592955e+00  2.13299047e-02  2.90185079e-01 -6.92704511e+00
  3.16990976e+02] 6.933153416664131
[-3.19798123e+00 -1.34002486e-02 -9.49063432e-03 -6.85637257e+00
  3.12656089e+02] 6.8563922336470835
[-3.12126144e+00 -8.64016702e-02 -7.88764232e-02 -6.66083166e+00
  3.11401801e+02] 6.661858983633047
[-3.12978421e+00 -9.04580485e-02 -1.49040232e-01 -6.80764454e+00
  3.13310298e+02] 6.80987663935657
[-3.10329046e+00 -1.15302167e-01 -7.07263955e-02 -6.49371684e+00
  3.12320480e+02] 6.495125500063463
[-3.07269068e+00 -2.24645464e-01  2.67115079e-01 -6.68808774e+00
  3.14911938e+02] 6.697188492406708
[-3.13293110e+00 -1.18510039e-01  1.38695936e-01 -6.82181300e+00
  3.13570131e+02] 6.824251886457117
[-3.10885988e+00 -3.89410445e-01 -7.83834548e-02 -6.79516026e+00
  3.16294698e+02] 6.806760416562997
[-3.16834014e+00 -8.13054973e-02 -1.60669959e-01 -7.10039828e+00
  3.15149236e+02] 7.102681269530576
[-3.13593286e+00 -1.95649029e-01  2.43730888e-01 -6.50034854e+00
  3.11485335e+02] 6.507857898054926
[-3.13215638e+00  3.07824010e-02  1.71061184e-01 -6.78251269e+00
  3.12788398e+02] 6.784739338308738
[-3.06109317e+00 -2.47266255e-03 -1.07933817e-01 -6.99401706e+00
  3.18389774e+02] 6.994850282262834
[-3.02694599e+00 -7.17050783e-02 -5.48896746e-02 -6.40756209e+00
  3.12662866e+02] 6.408198376883573
[-3.06758962e+00  2.07246003e-01 -2.14793991e-01 -6.53301771e+00
  3.10990070e+02] 6.539832393022999
[-3.08759140e+00  1.17480061e-02 -7.64158314e-02 -6.62327381e+00
  3.14314783e+02] 6.623725033697945
[-3.14594110e+00  1.10789440e-02  1.53055953e-01 -6.49455087e+00
  3.10176742e+02] 6.496363590266373
[-3.06591493e+00  4.75567702e-02  9.51052854e-02 -6.87552664e+00
  3.15232644e+02] 6.876348831446526
[-3.14995048e+00  6.10325177e-02 -3.75149367e-02 -6.85472962e+00
  3.12914229e+02] 6.855103976575078
[-3.13003514e+00  4.54686548e-02  3.25926207e-01 -6.56865027e+00
  3.10243712e+02] 6.576888444580364
[-3.12253803e+00  7.02264025e-03  1.55213314e-01 -6.79443902e+00
  3.15049628e+02] 6.796215271754162
[-3.06302921e+00  8.26214256e-02  4.02268254e-01 -6.57586709e+00
  3.13153818e+02] 6.5886777152212606
[-3.16355167e+00 -2.84622795e-01  4.63554029e-01 -6.96046136e+00
  3.13983403e+02] 6.981684238672967
[-3.14238228e+00  9.21704570e-02  5.83038244e-02 -6.95200202e+00
  3.14801596e+02] 6.952857459242161
[-3.09878422e+00 -1.77705078e-02  8.56118247e-03 -6.86408137e+00
  3.14302445e+02] 6.864109707100029
[-3.10094667e+00  1.10818181e-01 -3.59313831e-01 -6.71449544e+00
  3.11805945e+02] 6.725015691366723
[-3.13518289e+00 -6.93663433e-05  2.91304949e-01 -6.55237606e+00
  3.11356051e+02] 6.5588482645920045
[-3.13852954e+00  4.54620667e-02 -6.15833647e-02 -6.69635577e+00
  3.12286259e+02] 6.696793250731602
[-3.12772350e+00 -4.36788267e-02 -1.53834164e-01 -6.48014086e+00
  3.08560579e+02] 6.482113726476023
[-3.05880003e+00 -5.36001260e-02 -9.67299279e-02 -6.44085449e+00
  3.12880738e+02] 6.44180380553225
[-3.05785012e+00 -1.23719448e-01  1.21766167e-01 -6.76343559e+00
  3.14349463e+02] 6.765662900127815
[-3.11559105e+00 -2.75579710e-01 -6.53828337e-03 -6.78051231e+00
  3.11956344e+02] 6.786113324153876
[-3.12054049e+00  2.31166156e-01 -5.24514908e-02 -6.87829065e+00
  3.13947650e+02] 6.882373951970927
[-3.13386952e+00  2.23511953e-01 -2.20533997e-01 -7.05515890e+00
  3.16456577e+02] 7.062142731848661
[-3.08830521e+00 -1.92066793e-01 -1.50345271e-02 -6.82806688e+00
  3.15760885e+02] 6.830784220517116
[-3.06034826e+00 -9.02651135e-03  1.61076780e-01 -6.90460382e+00
  3.14509527e+02] 6.9064883382297895
[-3.04702330e+00  1.10468933e-01  1.57200404e-01 -6.61067207e+00
  3.12829521e+02] 6.61346358253318
[-3.04177222e+00  2.46268026e-01  1.30117281e-01 -6.58826644e+00
  3.11559800e+02] 6.594151433441827
[-3.06820039e+00 -1.71017756e-01  2.40120923e-03 -6.31034605e+00
  3.10294796e+02] 6.312663473201299
