/mnt/stage/douwei/Simulation/5kt_root/2MeV/5kt_+10.80_2.root
[-3.27209959e+00 -2.33169622e-01  2.32355404e-01  1.07985426e+01
  3.47119445e+02] 10.80355868794271
[-3.23152049e+00  1.83666679e-01  1.41176066e-01  1.06043893e+01
  3.43356784e+02] 10.60691932590839
[-3.16117310e+00 -2.88878654e-02 -1.50938369e-01  1.08215272e+01
  3.45950576e+02] 10.822618351571757
[-3.23205143e+00 -2.17896086e-01 -1.90455244e-03  1.06794281e+01
  3.43463472e+02] 10.681650899222921
[-3.29112732e+00 -2.97345563e-02 -9.01342954e-02  1.07739166e+01
  3.43434565e+02] 10.774334638186867
[-3.23424144e+00 -1.92067777e-01 -1.09410378e-01  1.10733985e+01
  3.47559748e+02] 11.075604506223794
[-3.12635998e+00 -3.24300754e-01  3.23551698e-02  1.05794340e+01
  3.44402482e+02] 10.584452796355398
[-3.28697000e+00 -9.46872769e-02 -1.80500576e-01  1.08362953e+01
  3.45360757e+02] 10.838212146965825
[-3.25249435e+00 -2.21016527e-01 -2.96698512e-02  1.08634432e+01
  3.44231868e+02] 10.865731802652471
[-3.28370484e+00  1.25004949e-01 -1.01206006e-01  1.06973088e+01
  3.43854239e+02] 10.698517839449103
[-3.26207591e+00 -1.00594096e-01 -3.34916252e-01  1.06165085e+01
  3.44146946e+02] 10.62226631926005
[-3.15630804e+00 -4.05368283e-02 -1.17044866e-01  1.06303254e+01
  3.45649804e+02] 10.631046979170737
[-3.18573100e+00 -1.19872267e-01 -2.17555139e-01  1.08527838e+01
  3.45011810e+02] 10.85562598896154
[-3.25649993e+00  1.61923374e-01 -2.71095596e-01  1.08921716e+01
  3.46374900e+02] 10.896747920062372
[-3.21115443e+00 -2.33339007e-01  9.68522251e-02  1.09576749e+01
  3.46658260e+02] 10.960587011014526
[-3.30616894e+00  4.78266458e-02 -1.09455673e-01  1.07580478e+01
  3.44229823e+02] 10.758710869277065
[-3.26617838e+00  4.37758418e-01 -7.99567506e-02  1.07612579e+01
  3.42876340e+02] 10.770454801117122
[-3.22399208e+00 -2.27459688e-02  2.12710991e-01  1.09550367e+01
  3.47516054e+02] 10.95712516594837
[-3.21635548e+00  2.90848199e-01  3.34069690e-01  1.05095483e+01
  3.41663995e+02] 10.518878340222388
[-3.18849162e+00 -8.29927064e-02 -1.53693971e-01  1.10660839e+01
  3.47496743e+02] 11.067462331619
[-3.20953837e+00  4.81193022e-02  1.00283107e-01  1.07824872e+01
  3.44355136e+02] 10.783060915216428
[-3.28542073e+00 -2.81092952e-01 -1.62978093e-02  1.07414723e+01
  3.43813672e+02] 10.745161934253453
[-3.19688273e+00  1.82054904e-01  1.31298550e-01  1.08524467e+01
  3.43374455e+02] 10.854767736993017
[-3.17528157e+00  5.88239045e-02 -6.69250946e-02  1.05646730e+01
  3.44726261e+02] 10.565048698489404
[-3.18320604e+00 -2.19493548e-01 -1.52273310e-01  1.09480074e+01
  3.46424013e+02] 10.95126611708952
[-3.20313294e+00  1.46266743e-01  2.08537889e-01  1.06058491e+01
  3.43544189e+02] 10.608907442017482
[-3.21325650e+00  4.87034998e-02 -1.31711196e-01  1.09218168e+01
  3.45353129e+02] 10.92271954432997
[-3.22936465e+00  1.52619829e-01  4.53991273e-02  1.06674278e+01
  3.42387558e+02] 10.668616139174281
[-3.21618549e+00 -2.40009542e-01  1.00473746e-01  1.09370609e+01
  3.47263540e+02] 10.940155412673803
[-3.25664414e+00  4.07831137e-02 -6.49527482e-02  1.08053049e+01
  3.44805174e+02] 10.805577043910844
[-3.27159401e+00 -9.17512253e-02 -9.30872712e-02  1.09146446e+01
  3.45303132e+02] 10.915427133300893
[-3.13723679e+00 -2.28623266e-01 -1.44971011e-01  1.07876885e+01
  3.47983754e+02] 10.791084714389626
[-3.29145670e+00  8.99946543e-03 -1.26312494e-01  1.05858741e+01
  3.44534209e+02] 10.586631497261788
[-3.22204657e+00  1.45801428e-02  8.42320340e-02  1.08626917e+01
  3.44548477e+02] 10.863028071239448
[-3.25186180e+00  1.57925779e-01  3.68655452e-02  1.08559042e+01
  3.46456960e+02] 10.857115442126846
[-3.24590449e+00 -4.66617102e-02  2.47598262e-01  1.09807493e+01
  3.46933742e+02] 10.98363957675858
[-3.15071598e+00 -3.98482061e-02  1.85462087e-01  1.07011497e+01
  3.46356075e+02] 10.702830907425962
[-3.21220477e+00  5.66806939e-02  1.39474724e-01  1.07069085e+01
  3.47077428e+02] 10.7079668794067
[-3.27530668e+00  1.25747074e-01 -1.96319976e-01  1.07732988e+01
  3.45432011e+02] 10.775821136895235
[-3.23041674e+00  1.37417396e-01 -1.21284656e-01  1.06132712e+01
  3.40886379e+02] 10.614853721398012
[-3.19545176e+00  1.16268888e-01 -1.31045548e-01  1.06806666e+01
  3.43751489e+02] 10.682103280029452
[-3.26554195e+00  1.07884097e-03  1.89928996e-01  1.05966062e+01
  3.41880367e+02] 10.598308193645343
[-3.17193951e+00 -2.42325557e-01  2.36744352e-01  1.08139746e+01
  3.45730844e+02] 10.819279862435947
[-3.22423103e+00  1.79348737e-02 -3.17180183e-02  1.11859098e+01
  3.48548714e+02] 11.185969150783242
[-3.21563215e+00 -1.48896349e-01  4.98630448e-02  1.07974046e+01
  3.47533257e+02] 10.798546294285256
[-3.29216020e+00 -1.39906199e-01 -1.08556724e-01  1.07144103e+01
  3.44967068e+02] 10.7158735477563
[-3.22803406e+00  2.55780642e-02  8.46335339e-02  1.06505298e+01
  3.43752837e+02] 10.650896782483764
[-3.17924942e+00  1.91225039e-01  1.27209464e-01  1.10459832e+01
  3.47647951e+02] 11.048370617066425
[-3.28515562e+00 -2.99209971e-01  2.30608976e-01  1.11190202e+01
  3.46825604e+02] 11.125435554442461
[-3.26787939e+00 -1.13719883e-01 -2.66530523e-02  1.09109217e+01
  3.45152908e+02] 10.91154682826228
[-3.29408094e+00  7.94792384e-02 -1.24754701e-01  1.07164326e+01
  3.42058552e+02] 10.717453397507187
[-3.21277408e+00 -3.47005423e-02  3.40058043e-01  1.07543543e+01
  3.43277193e+02] 10.759785343293881
[-3.27605362e+00 -1.73952631e-01  1.37146220e-01  1.07600448e+01
  3.43074149e+02] 10.762324734237504
[-3.21539987e+00  3.07083960e-02 -2.49515836e-01  1.09040608e+01
  3.45269911e+02] 10.906958518992756
[-3.34667117e+00  2.03030558e-01 -1.65950929e-01  1.09559347e+01
  3.45184085e+02] 10.9590723134656
[-3.26556810e+00 -1.58288628e-01  4.08393436e-02  1.05275326e+01
  3.41141548e+02] 10.528801758646855
[-3.27358790e+00  3.64755769e-01 -3.37766512e-02  1.09357544e+01
  3.47110698e+02] 10.941887910227436
[-3.22589557e+00  2.11853320e-01  5.49184721e-02  1.06875580e+01
  3.44061373e+02] 10.689798550644037
[-3.20829125e+00  1.59045319e-01  1.71122415e-01  1.07636529e+01
  3.44265328e+02] 10.766187894533486
[-3.28431839e+00 -7.23827735e-02  2.53266443e-02  1.10895831e+01
  3.48823562e+02] 11.089848231731049
[-3.21713281e+00 -2.03313325e-01 -1.34108135e-01  1.10401300e+01
  3.47247636e+02] 11.04281631006094
[-3.23755138e+00 -2.35798042e-01 -7.51521551e-02  1.06842525e+01
  3.42383750e+02] 10.687118384823718
[-3.25330606e+00  8.63411873e-02 -3.44178517e-01  1.08243661e+01
  3.45128774e+02] 10.830180776226223
[-3.20141855e+00  8.20211367e-02  3.44790085e-02  1.10485383e+01
  3.46437379e+02] 11.048896569207534
[-3.32334425e+00 -8.81531711e-02 -1.15243518e-01  1.08916360e+01
  3.45806707e+02] 10.892602390118817
[-3.24804824e+00 -1.82684228e-02  7.38032137e-03  1.08053927e+01
  3.43877398e+02] 10.805410667155943
[-3.28773357e+00  3.59675603e-02  6.39748834e-02  1.07762442e+01
  3.43995749e+02] 10.776494146015759
[-3.29761533e+00  1.47772189e-02  1.52318750e-01  1.09095079e+01
  3.45952724e+02] 10.910581160775758
[-3.24050911e+00  8.66185285e-02 -9.98631171e-02  1.10467905e+01
  3.46832524e+02] 11.047581476559085
[-3.24810519e+00 -4.59085651e-02  3.70669863e-02  1.06218471e+01
  3.44831344e+02] 10.622011004400676
[-3.19059530e+00 -2.40366999e-01 -1.18744590e-01  1.08529712e+01
  3.45340681e+02] 10.856282114203244
[-3.26441859e+00  2.70503599e-01 -2.26878526e-01  1.09757912e+01
  3.45813334e+02] 10.981467991289007
[-3.21459107e+00  1.24620181e-01  5.06186679e-02  1.09847424e+01
  3.45509696e+02] 10.985565891712833
[-3.26335730e+00 -7.76382921e-02  1.04886279e-01  1.08257763e+01
  3.46254270e+02] 10.826562754633931
[-3.19770006e+00  1.01921350e-01 -1.70642964e-01  1.07758584e+01
  3.44901520e+02] 10.777691396280545
[-3.27541651e+00 -1.75270882e-01  8.72165225e-02  1.08457108e+01
  3.45307558e+02] 10.847477544759638
[-3.19571953e+00  1.16707181e-01  2.43892568e-01  1.09227729e+01
  3.46577454e+02] 10.926118812076743
[-3.19642863e+00  1.23891992e-01 -2.44267201e-01  1.08226754e+01
  3.44981862e+02] 10.826140477957905
[-3.25651638e+00 -1.46636202e-01  2.78918818e-01  1.08225010e+01
  3.44890410e+02] 10.827087584010872
[-3.35323368e+00 -4.93490377e-02  1.82292006e-01  1.10477135e+01
  3.46441889e+02] 11.049327576430594
[-3.21896494e+00 -1.64173745e-01  9.44478173e-02  1.07075638e+01
  3.43563134e+02] 10.709238797313361
[-3.24712249e+00 -2.69017334e-01  4.45275542e-02  1.09743261e+01
  3.47806195e+02] 10.977713200368413
[-3.26075257e+00  3.90235843e-02 -5.06262124e-02  1.07911169e+01
  3.45706379e+02] 10.79130620541254
[-3.21321030e+00  2.73076412e-02 -1.88756988e-02  1.08100809e+01
  3.45685844e+02] 10.81013185136588
[-3.16615253e+00  9.95380668e-02 -1.79787137e-01  1.08245551e+01
  3.46179520e+02] 10.826505665083518
[-3.20034403e+00  2.10528780e-01 -1.59429329e-01  1.06344700e+01
  3.45368261e+02] 10.637748439015194
[-3.26850711e+00  1.01775288e-02 -2.62295057e-01  1.10819970e+01
  3.47378710e+02] 11.085105282250852
[-3.28635505e+00  1.99189211e-01  3.44796964e-02  1.10921054e+01
  3.48023816e+02] 11.093947310178146
[-3.22734329e+00 -9.66396352e-03 -3.52928639e-02  1.07995691e+01
  3.46102986e+02] 10.799631056247122
[-3.23172454e+00  1.09571024e-01  3.47814390e-02  1.09945669e+01
  3.46580870e+02] 10.99516793648455
[-3.29216343e+00  6.69655807e-02 -4.07109350e-01  1.08525616e+01
  3.43709243e+02] 10.860401253686584
[-3.18628866e+00 -4.90754682e-02  2.83820705e-01  1.07722601e+01
  3.44729896e+02] 10.776110170198601
[-3.20304099e+00 -4.19370857e-02  1.56714384e-01  1.06945870e+01
  3.41230254e+02] 10.69581741823898
[-3.22214876e+00  2.95494288e-01 -3.30051717e-01  1.08775954e+01
  3.45016131e+02] 10.886612499479902
[-3.22880632e+00  8.14818234e-02  9.78934681e-02  1.10678252e+01
  3.45675255e+02] 11.068558075540029
[-3.20939344e+00  2.38170429e-01  1.73540148e-01  1.08209721e+01
  3.43200021e+02] 10.824983983234045
[-3.31397152e+00  2.73597753e-01 -2.13728749e-01  1.07598873e+01
  3.44735384e+02] 10.765487033481978
[-3.20598028e+00 -2.62413499e-01  2.38073386e-01  1.07732184e+01
  3.44098835e+02] 10.779043327810221
[-3.16215767e+00  1.22319298e-01 -9.65506519e-02  1.07501817e+01
  3.44542872e+02] 10.751311124164166
[-3.32761018e+00 -1.80275669e-02  1.50315735e-01  1.07748339e+01
  3.46294430e+02] 10.775897469927191
[-3.20170440e+00  7.33969158e-02 -1.78541682e-01  1.08743326e+01
  3.46552685e+02] 10.876045868441777
[-3.25740584e+00 -9.33226387e-02  1.56106239e-01  1.07680499e+01
  3.45848297e+02] 10.769585734280296
[-3.20435241e+00 -1.26676052e-01 -1.04215220e-01  1.07559503e+01
  3.42910844e+02] 10.757201011334415
[-3.21226020e+00  5.02537722e-02  3.28890398e-01  1.06810894e+01
  3.43362292e+02] 10.686269894610264
[-3.30584906e+00  6.50933807e-02  2.54369350e-01  1.06779367e+01
  3.42802238e+02] 10.681164407548877
[-3.23496424e+00  3.29936063e-01  8.79245549e-02  1.06925725e+01
  3.43820985e+02] 10.698022958736574
[-3.21463109e+00 -2.67086843e-02 -2.50522583e-02  1.10755280e+01
  3.48095768e+02] 11.075588552036269
[-3.19139783e+00 -4.32977363e-02 -1.45253901e-01  1.08005655e+01
  3.44803246e+02] 10.801628946254437
[-3.18427499e+00 -2.27391773e-01  1.84159847e-01  1.07020694e+01
  3.44283878e+02] 10.70606887093737
[-3.24314505e+00 -1.59793310e-01 -3.30068802e-01  1.10316925e+01
  3.46357387e+02] 11.037785979683587
[-3.25234861e+00 -1.85131653e-01 -1.16261389e-01  1.06990212e+01
  3.43232054e+02] 10.70125440938752
[-3.23168757e+00  5.02133997e-02 -9.47085087e-03  1.08811820e+01
  3.45513927e+02] 10.881302009475347
[-3.22612254e+00  8.54266867e-02 -4.24049034e-02  1.06702209e+01
  3.43987644e+02] 10.67064711224815
[-3.20602413e+00  2.59056375e-01  1.78955374e-01  1.08859201e+01
  3.45909488e+02] 10.890472535179
[-3.27927994e+00  9.82181662e-02 -4.07145428e-02  1.10437618e+01
  3.45329654e+02] 11.04427362119299
[-3.23282893e+00  2.12061380e-03  5.54653049e-02  1.11013784e+01
  3.46173505e+02] 11.101517164522388
[-3.24986799e+00  6.97791439e-02  1.57746771e-01  1.08517554e+01
  3.45805978e+02] 10.853126221672454
[-3.21455437e+00 -6.36716451e-03 -1.41151410e-01  1.09170506e+01
  3.44106982e+02] 10.917964919150272
[-3.21637055e+00 -1.37204279e-01  3.87188824e-02  1.07183732e+01
  3.44558587e+02] 10.719321227118533
[-3.27646018e+00 -1.19023321e-02  2.81037983e-01  1.08352805e+01
  3.46011539e+02] 10.838931058112363
[-3.30660997e+00 -4.94847362e-02 -1.30935808e-01  1.06905540e+01
  3.42417144e+02] 10.691470290410205
[-3.21916151e+00 -1.14654359e-01  7.71732784e-02  1.08004377e+01
  3.45662694e+02] 10.80132195944957
[-3.17153011e+00  1.50447810e-01  4.32820581e-02  1.08985316e+01
  3.44835296e+02] 10.899655898522154
[-3.23194193e+00  2.35702014e-01  1.40654740e-01  1.07900936e+01
  3.44883718e+02] 10.793584190982614
[-3.25274356e+00  5.76160842e-02 -2.53274712e-01  1.07963762e+01
  3.44897338e+02] 10.799500267139345
[-3.22775482e+00 -6.11681990e-03  1.47480892e-01  1.09398394e+01
  3.44864329e+02] 10.940835168152516
[-3.24395293e+00 -5.06047819e-02  4.41098274e-01  1.07636687e+01
  3.45066249e+02] 10.772821948777874
[-3.22597840e+00 -1.57146271e-02 -1.09638528e-01  1.09159272e+01
  3.45677909e+02] 10.916489061225548
[-3.14899306e+00  9.65002279e-02  2.75278568e-01  1.08009557e+01
  3.45169007e+02] 10.804893965396538
[-3.16378629e+00  2.24860506e-01  2.23832682e-01  1.07683744e+01
  3.45587012e+02] 10.773047437948135
[-3.20568411e+00  1.58928700e-01 -2.89801006e-02  1.07298951e+01
  3.44202712e+02] 10.731111198494794
[-3.21805223e+00 -7.02607906e-02  2.50337537e-01  1.09177202e+01
  3.45548435e+02] 10.920815941303863
[-3.21781249e+00  3.77993792e-02 -1.26260271e-02  1.09400384e+01
  3.46105018e+02] 10.940110941862365
[-3.19400356e+00 -1.16224006e-01 -3.78284060e-02  1.04665285e+01
  3.42657201e+02] 10.467242116382005
[-3.23544918e+00  5.95319850e-02  3.47374906e-01  1.07213863e+01
  3.45257078e+02] 10.727177533732936
[-3.23226545e+00  2.56373356e-01  8.69916428e-02  1.08400568e+01
  3.46527333e+02] 10.843437051041256
[-3.20199899e+00  1.94670395e-01  2.70466082e-01  1.06325472e+01
  3.41917714e+02] 10.637768045068496
[-3.19189610e+00  9.57733824e-03  6.88550989e-02  1.08303302e+01
  3.46602325e+02] 10.8305532898495
[-3.22328017e+00  1.52026818e-01  1.70822581e-01  1.09449062e+01
  3.46468293e+02] 10.947294870350392
[-3.26113142e+00  2.20260627e-01 -2.73317196e-01  1.08606772e+01
  3.46108045e+02] 10.866348292873257
[-3.23552152e+00 -1.82242864e-01 -7.66268891e-02  1.09999817e+01
  3.46685421e+02] 11.00175813022553
[-3.18977236e+00 -1.01902379e-03  1.16125639e-02  1.05844172e+01
  3.45190811e+02] 10.584423606605808
[-3.20747032e+00 -2.25893401e-03 -2.22174774e-01  1.06643439e+01
  3.43446866e+02] 10.666658196365727
[-3.18152885e+00  7.85867872e-02  3.26566626e-01  1.09013735e+01
  3.46246650e+02] 10.906546880103424
[-3.21437712e+00  4.01071951e-02  3.96867004e-02  1.07814205e+01
  3.46373285e+02] 10.781568132313721
[-3.21881934e+00 -2.21458378e-01  1.75946696e-01  1.08379551e+01
  3.45368964e+02] 10.841645207358477
[-3.14693328e+00 -1.02362713e-01 -2.62943299e-02  1.05892536e+01
  3.46246480e+02] 10.58978100459359
[-3.16509498e+00  2.27214122e-01  3.21209987e-02  1.06399654e+01
  3.42739325e+02] 10.642439651953351
[-3.28416926e+00  6.51163832e-02  1.80059568e-02  1.06092578e+01
  3.42046078e+02] 10.609472885787342
[-3.22844008e+00 -2.80288080e-01  9.90281106e-02  1.11727391e+01
  3.47515596e+02] 11.176693025084553
[-3.17502680e+00  7.80543114e-02  3.05232199e-01  1.07707709e+01
  3.46329309e+02] 10.775377675140362
[-3.21660265e+00 -6.90494138e-02 -3.21320367e-01  1.09405842e+01
  3.45086064e+02] 10.945519487541716
[-3.21883706e+00  2.09171287e-01  6.26871809e-02  1.09967019e+01
  3.46496872e+02] 10.998869719380783
[-3.19744889e+00 -5.58162738e-02  3.76772573e-02  1.07300141e+01
  3.43888673e+02] 10.730225444930982
[-3.16509477e+00 -1.42927262e-01 -2.97703174e-02  1.05570838e+01
  3.42558479e+02] 10.558093216686597
[-3.28399390e+00  3.20165732e-01 -4.94296528e-02  1.07689914e+01
  3.43148864e+02] 10.773863044986511
[-3.26770682e+00 -9.58268703e-02 -4.86314118e-02  1.10500582e+01
  3.46935890e+02] 11.050580687839185
[-3.24179035e+00 -1.64381279e-02 -8.77779979e-02  1.06980068e+01
  3.46263627e+02] 10.69837949955793
[-3.20557129e+00 -1.97991299e-01  2.14188745e-01  1.08802931e+01
  3.44600157e+02] 10.884202148108303
[-3.22939946e+00  4.56676733e-02  1.34032616e-01  1.08944410e+01
  3.44695449e+02] 10.895361132072658
[-3.25163550e+00 -3.93510255e-02  1.12732678e-01  1.07373965e+01
  3.44348813e+02] 10.73806040451367
[-3.27699269e+00 -1.06422573e-01 -1.63475054e-01  1.09634168e+01
  3.46038356e+02] 10.96515197079262
[-3.19844850e+00  1.43900186e-01 -1.48838171e-02  1.05898368e+01
  3.44341234e+02] 10.59082493818454
[-3.29326770e+00 -7.45330174e-02  5.34586187e-02  1.10928270e+01
  3.46630904e+02] 11.093206221755846
[-3.21206646e+00 -2.63004162e-01 -1.33677658e-01  1.09464634e+01
  3.46775449e+02] 10.950438412374593
[-3.22594763e+00  4.41024334e-03 -1.10273686e-01  1.06450935e+01
  3.44169208e+02] 10.64566552118608
[-3.18099335e+00  1.50061596e-01 -2.74917518e-01  1.08300153e+01
  3.45524555e+02] 10.834543296642961
[-3.30484251e+00  1.04466335e-01  1.32753925e-01  1.07394004e+01
  3.43340844e+02] 10.740728934613493
[-3.23315402e+00 -1.87267344e-01  3.04814216e-02  1.10133714e+01
  3.47922845e+02] 11.015005585532847
[-3.29212527e+00 -1.36681969e-01  4.15420247e-03  1.08592657e+01
  3.44171474e+02] 10.860126600296436
[-3.21784177e+00 -6.57372952e-02 -2.95267312e-01  1.06228651e+01
  3.46678070e+02] 10.627171180514592
[-3.23432501e+00 -5.66528740e-02  2.09179940e-01  1.10060118e+01
  3.45832493e+02] 11.008145197234857
[-3.30194604e+00  1.73871487e-01  6.18481439e-02  1.09194154e+01
  3.45895463e+02] 10.920974722054549
[-3.23377960e+00 -1.41585873e-01  5.05753828e-02  1.09996797e+01
  3.48421592e+02] 11.000707169960556
[-3.19481234e+00 -1.74763336e-01  1.06410414e-01  1.06714886e+01
  3.45812807e+02] 10.673450008830802
[-3.24410101e+00  4.43940200e-02 -3.23040268e-01  1.08389197e+01
  3.44163201e+02] 10.843823440026041
[-3.20736359e+00 -1.15048975e-01  2.81884997e-02  1.05764409e+01
  3.44567260e+02] 10.577104228309913
[-3.17790051e+00 -4.22627977e-03 -2.73013808e-02  1.10081765e+01
  3.46606466e+02] 11.008211167438292
[-3.18906272e+00 -4.17408239e-02 -1.89712538e-01  1.09646495e+01
  3.47048170e+02] 10.96637003142251
[-3.22956846e+00  6.12671599e-03  1.17307267e-02  1.08522837e+01
  3.45053010e+02] 10.85229177215692
[-3.18303460e+00 -8.53446328e-02  1.90444245e-02  1.05600734e+01
  3.42585993e+02] 10.560435436561983
[-3.16062739e+00 -7.39495562e-02 -1.12268575e-01  1.06036532e+01
  3.44482063e+02] 10.604505360196377
[-3.17074538e+00 -8.67371950e-02  1.17319533e-01  1.07382986e+01
  3.46651064e+02] 10.739289746251451
[-3.29709078e+00  2.73600673e-02 -1.34341094e-01  1.11695041e+01
  3.48960815e+02] 11.170345454095342
[-3.27994787e+00 -1.04749599e-01  5.91639741e-02  1.10050872e+01
  3.46193619e+02] 11.005744728132072
[-3.15738153e+00 -1.19667438e-01 -1.81495234e-01  1.07059864e+01
  3.46792633e+02] 10.708193358881411
[-3.22712352e+00  2.40657818e-01 -1.22459933e-01  1.09062281e+01
  3.46522172e+02] 10.909570261162926
[-3.23972454e+00 -2.54159390e-01 -1.37555795e-01  1.08037539e+01
  3.44180089e+02] 10.807618471021728
[-3.14310127e+00 -3.31535614e-03  2.27684728e-01  1.09934096e+01
  3.47925079e+02] 10.995767626480093
[-3.14628463e+00 -2.25603792e-01 -1.09036736e-01  1.04958509e+01
  3.42662417e+02] 10.498841442797003
[-3.22329248e+00  7.67667841e-02 -6.94128808e-02  1.08571572e+01
  3.45880450e+02] 10.857650422132465
[-3.26786804e+00 -3.79479764e-02  8.00328005e-02  1.06992770e+01
  3.41939071e+02] 10.69964361249723
[-3.21243726e+00  4.14857062e-02  1.63128674e-02  1.06000236e+01
  3.45041150e+02] 10.600117300879909
[-3.22008492e+00  8.62502758e-02  2.29320921e-01  1.09682181e+01
  3.46286170e+02] 10.970954192751927
[-3.20023463e+00 -1.15497242e-01  2.31078932e-01  1.08968562e+01
  3.45935937e+02] 10.899918007731593
[-3.25433672e+00  2.87727841e-01  2.15550022e-01  1.06987574e+01
  3.44977729e+02] 10.704796038499586
[-3.28816150e+00  1.14685491e-01 -1.35037679e-01  1.08288946e+01
  3.42932970e+02] 10.830343816154134
[-3.24131076e+00 -1.21068321e-01  2.45164941e-02  1.08743439e+01
  3.43751062e+02] 10.875045488665824
[-3.20051998e+00  7.12349913e-02 -9.44223496e-03  1.08817555e+01
  3.45901434e+02] 10.88199275209439
[-3.21718983e+00  2.54966961e-01 -1.91955246e-01  1.09939846e+01
  3.46615077e+02] 10.998615911238808
[-3.25362372e+00  2.64494345e-01 -7.77074008e-02  1.08541895e+01
  3.44281514e+02] 10.857689737555942
[-3.20893020e+00 -4.71715050e-02  7.43783299e-02  1.06856620e+01
  3.46134887e+02] 10.686024945487913
[-3.26103011e+00  1.41482976e-01 -1.99079169e-01  1.09560773e+01
  3.45342271e+02] 10.958799215100365
[-3.33887108e+00  1.05997908e-01 -2.70879832e-01  1.05965510e+01
  3.44327247e+02] 10.600542635176188
[-3.25624284e+00  2.76519479e-01  3.44706053e-02  1.09830689e+01
  3.47286960e+02] 10.986603340325416
[-3.28268230e+00 -9.19004904e-02  5.05605747e-02  1.10189851e+01
  3.46048042e+02] 11.019484363029095
[-3.33957152e+00  7.08122808e-02  9.41233131e-02  1.08110600e+01
  3.44888867e+02] 10.811701606263567
[-3.30584163e+00 -2.91264828e-02  4.62907119e-02  1.11700344e+01
  3.48979299e+02] 11.170168313694987
[-3.24655599e+00  3.07265251e-01  1.63248830e-01  1.06642367e+01
  3.43635347e+02] 10.669911245067523
[-3.22063918e+00  2.31900013e-01  1.58061177e-01  1.07502957e+01
  3.42918681e+02] 10.753958261502682
[-3.17366450e+00 -9.68032949e-03  8.84898977e-02  1.07782272e+01
  3.44923796e+02] 10.778594793295406
[-3.19525709e+00 -2.41559772e-01 -8.78976202e-03  1.08735022e+01
  3.46530937e+02] 10.876188600362031
[-3.21195227e+00 -4.19215655e-02 -2.41533542e-01  1.08346707e+01
  3.45642983e+02] 10.837443669922848
[-3.23172272e+00  1.47410880e-01  1.10460594e-01  1.05628962e+01
  3.38324410e+02] 10.564502199573669
[-3.20792892e+00 -6.49252027e-02 -1.03428678e-01  1.08716389e+01
  3.45304705e+02] 10.872324688693995
[-3.27879521e+00 -1.61205432e-01  6.28361947e-02  1.07742553e+01
  3.42569393e+02] 10.775644378872542
[-3.20612885e+00  1.54615871e-01  8.33809359e-02  1.06915041e+01
  3.42660574e+02] 10.692947108202414
[-3.27914139e+00 -2.03733001e-01  1.36622268e-01  1.08249058e+01
  3.43507555e+02] 10.827684806876453
[-3.11065923e+00  1.03053131e-01 -2.63055732e-03  1.09804811e+01
  3.47312998e+02] 10.98096499070417
[-3.16620962e+00 -1.77560721e-01 -4.16005932e-01  1.07963830e+01
  3.46430432e+02] 10.805853674848818
[-3.32040598e+00 -2.14842783e-01 -1.95893206e-02  1.08502261e+01
  3.44239312e+02] 10.852370573128109
[-3.28473088e+00  1.31487861e-01 -1.87815109e-01  1.07336670e+01
  3.41182886e+02] 10.736115263732103
[-3.30684136e+00 -1.47395667e-02  2.13061629e-01  1.08631331e+01
  3.46082367e+02] 10.865232324156965
[-3.23675623e+00 -1.46917112e-01 -1.71907309e-01  1.06968277e+01
  3.44444413e+02] 10.699217754315105
[-3.21731157e+00  1.47267630e-01 -7.15530786e-03  1.07084907e+01
  3.42334816e+02] 10.709505649643098
[-3.24208321e+00  1.70913899e-01 -6.29399046e-02  1.09759194e+01
  3.45897750e+02] 10.977430475658897
[-3.22585091e+00 -2.43342727e-01  3.47943213e-02  1.09341815e+01
  3.47316845e+02] 10.936944309869148
[-3.29767293e+00  2.15804703e-01  1.48801871e-01  1.10782249e+01
  3.45356434e+02] 11.081325801955684
[-3.21104564e+00 -1.62431809e-01 -2.93893251e-01  1.09315000e+01
  3.45546509e+02] 10.936656253618557
[-3.20878750e+00  7.84919897e-02  1.23074635e-01  1.09050895e+01
  3.48197515e+02] 10.906066451255686
[-3.28408193e+00  1.25812427e-01  8.14086983e-02  1.10855470e+01
  3.48221640e+02] 11.086559848854716
[-3.19565243e+00 -1.91108189e-01 -1.82375500e-01  1.07468594e+01
  3.44796153e+02] 10.750105601668718
[-3.26333202e+00  8.36370929e-02  2.43132366e-02  1.07322368e+01
  3.44346840e+02] 10.732590217590822
[-3.26077697e+00 -5.34201346e-02  4.87340845e-02  1.07679952e+01
  3.41489463e+02] 10.76823799340558
[-3.19246080e+00  2.26033915e-01  2.31449647e-01  1.08114057e+01
  3.44060331e+02] 10.81624485520132
[-3.22965321e+00  1.67456916e-01  8.32196001e-03  1.08068612e+01
  3.46998637e+02] 10.808161689841546
[-3.16075754e+00 -1.63616043e-01  1.60188640e-01  1.07933090e+01
  3.45615824e+02] 10.795737613686144
[-3.21240547e+00 -5.79903879e-03  1.41491174e-01  1.09323541e+01
  3.43869858e+02] 10.933271255196999
[-3.16134740e+00 -2.18313412e-01  1.06611533e-01  1.09492186e+01
  3.45783316e+02] 10.95191377620045
[-3.21377632e+00 -2.19793494e-02 -1.35035243e-01  1.07281429e+01
  3.42695820e+02] 10.72901520510059
[-3.34443010e+00  2.69473565e-03  2.54882821e-03  1.08523181e+01
  3.42958068e+02] 10.85231871040278
[-3.21463966e+00  1.68804334e-01  1.36080371e-01  1.07606148e+01
  3.44749341e+02] 10.76279905667719
[-3.26703258e+00  2.38687854e-02  1.02610341e-01  1.05946938e+01
  3.40057750e+02] 10.595217523923527
[-3.28067042e+00 -1.07901316e-02  8.10833596e-02  1.06814803e+01
  3.45900210e+02] 10.681793470309366
[-3.25129657e+00 -1.05956483e-01  6.42885048e-02  1.10343004e+01
  3.45892685e+02] 11.034996371886972
[-3.16740746e+00 -1.80577004e-02  6.72166289e-02  1.06732906e+01
  3.42612033e+02] 10.673517520737683
[-3.22574996e+00 -3.39977617e-01  5.85737210e-02  1.07949157e+01
  3.42172255e+02] 10.800426891588236
[-3.16365316e+00  9.41739549e-02  4.98657044e-02  1.07921245e+01
  3.44985195e+02] 10.792650601969896
[-3.19160883e+00 -2.54229368e-03  9.34005063e-02  1.11971966e+01
  3.50931950e+02] 11.197586400392968
[-3.24435657e+00 -8.54848586e-02 -1.63843117e-01  1.08230672e+01
  3.44163517e+02] 10.824644790498564
[-3.30901704e+00  6.39257288e-02  9.62180554e-02  1.10665486e+01
  3.46264627e+02] 11.067151472961795
[-3.19505815e+00  1.89572961e-01 -1.84538240e-01  1.08702861e+01
  3.45670576e+02] 10.873505020915454
[-3.18651321e+00 -2.01107780e-01 -7.76612605e-02  1.09291288e+01
  3.46089681e+02] 10.931254778163357
[-3.31483435e+00 -7.67979724e-02  6.62426036e-02  1.08260964e+01
  3.46539351e+02] 10.826571422305562
[-3.18429733e+00  1.16698145e-01 -1.03138933e-01  1.09872752e+01
  3.47480520e+02] 10.988378993798989
[-3.27604039e+00 -2.29306792e-01 -2.30046717e-02  1.08308629e+01
  3.46019153e+02] 10.833314473443243
[-3.25095845e+00  1.00302964e-01 -9.88758627e-02  1.06133093e+01
  3.43521354e+02] 10.614243833837946
[-3.18826946e+00 -1.68441176e-01 -1.36649636e-01  1.08881034e+01
  3.46596139e+02] 10.890263563140124
[-3.22326826e+00 -3.09214360e-02 -1.10421864e-01  1.07888598e+01
  3.44718915e+02] 10.7894691499602
[-3.22861185e+00  9.18614690e-02  7.86730287e-02  1.06352247e+01
  3.41782072e+02] 10.635912407529812
[-3.28444149e+00  2.34455030e-01  1.54519753e-02  1.10651165e+01
  3.46571036e+02] 11.067610853342618
[-3.19901251e+00 -3.51699454e-02  1.37594421e-01  1.08385286e+01
  3.46537016e+02] 10.839458967616862
[-3.22522797e+00 -1.70258239e-01  1.20009710e-01  1.08592747e+01
  3.46449312e+02] 10.861272406351121
[-3.23163592e+00  3.35145428e-02  5.64168582e-02  1.07667981e+01
  3.43549153e+02] 10.766998024012665
[-3.18333775e+00  1.40303277e-01  3.00612334e-01  1.07313231e+01
  3.44055494e+02] 10.73644954667216
[-3.17876134e+00 -1.31614287e-01 -9.52900969e-02  1.08893917e+01
  3.43336731e+02] 10.890603894609024
[-3.28439042e+00 -5.69405256e-02 -1.47655143e-02  1.09709225e+01
  3.42737255e+02] 10.971080185254575
[-3.25995620e+00  1.94690975e-01  3.17887488e-02  1.08488030e+01
  3.43984886e+02] 10.85059634581657
[-3.21292860e+00 -1.22281198e-01  7.02707549e-02  1.09841319e+01
  3.47590711e+02] 10.985037273278927
[-3.35193379e+00 -4.26217360e-01  1.00418661e-01  1.05362926e+01
  3.41339665e+02] 10.545387919664924
[-3.16458220e+00 -4.11421034e-02  2.63149362e-01  1.07168710e+01
  3.46600674e+02] 10.72018025037833
[-3.24705670e+00 -1.58275384e-01  5.68466009e-02  1.10215956e+01
  3.46535777e+02] 11.022878587035812
[-3.23513365e+00  4.35357361e-02 -1.06848088e-01  1.06089549e+01
  3.43374929e+02] 10.609582305083842
[-3.24655133e+00 -1.58776658e-01  1.23796151e-01  1.07143310e+01
  3.44785990e+02] 10.716222462923989
[-3.16867078e+00  2.40038701e-02 -1.93353019e-01  1.08375972e+01
  3.47695746e+02] 10.839348395671207
[-3.24258697e+00  8.76849909e-02 -1.41626044e-01  1.07305242e+01
  3.43583370e+02] 10.731817038737473
[-3.24901035e+00  1.74509255e-02  1.95379322e-01  1.08165440e+01
  3.44700742e+02] 10.818322494383079
[-3.21870596e+00 -9.30690956e-02  1.34387932e-01  1.05928583e+01
  3.45033348e+02] 10.594119496916603
[-3.21168248e+00  7.11991471e-02 -1.04821998e-01  1.11008449e+01
  3.48261858e+02] 11.10156809173701
[-3.27731767e+00  2.12802829e-01  2.04150190e-01  1.07277047e+01
  3.46399677e+02] 10.731757067550028
[-3.23487000e+00 -1.98886974e-01  7.28732125e-02  1.06492810e+01
  3.42688529e+02] 10.65138735230325
[-3.31554054e+00 -1.74857544e-02  1.67725089e-01  1.10078112e+01
  3.46414891e+02] 11.009102773589055
[-3.17539973e+00 -2.36650638e-01 -4.38632558e-02  1.07134801e+01
  3.45254630e+02] 10.716183222942908
[-3.15102921e+00 -1.13109588e-01 -1.57123601e-01  1.09775662e+01
  3.47551067e+02] 10.979273266306798
[-3.19424775e+00  3.16628946e-02 -2.36240798e-01  1.07288638e+01
  3.43838598e+02] 10.731511131022232
[-3.25529749e+00  2.28606905e-01  3.28154335e-01  1.08262966e+01
  3.43361512e+02] 10.83368097290563
[-3.16931904e+00 -1.15389688e-01  1.88201545e-01  1.07606595e+01
  3.45171753e+02] 10.762923757209379
[-3.26543611e+00 -2.23175864e-01 -1.56560513e-01  1.06866227e+01
  3.43220922e+02] 10.690099344193477
[-3.21985996e+00  1.46751665e-01 -2.24494075e-01  1.08300062e+01
  3.45469851e+02] 10.833326699289767
[-3.30146537e+00  1.44025533e-01  1.79861431e-01  1.06444706e+01
  3.40898172e+02] 10.646964288944634
[-3.12300108e+00  2.07034421e-01 -4.93222098e-02  1.05382644e+01
  3.44250173e+02] 10.54041325912018
[-3.23297217e+00 -2.18153769e-01  1.66915580e-01  1.10088593e+01
  3.44652804e+02] 11.012285660717598
[-3.28703293e+00  7.68475324e-02  2.60988026e-01  1.10037797e+01
  3.46219669e+02] 11.00714259369296
[-3.22045728e+00  1.25911103e-01 -1.08532211e-01  1.09974280e+01
  3.46038681e+02] 10.998684225190521
[-3.32600334e+00  1.66554868e-01 -3.13206230e-02  1.09027201e+01
  3.43678722e+02] 10.904037230655488
[-3.27517763e+00 -3.02417596e-01 -2.13463795e-01  1.09099933e+01
  3.46713975e+02] 10.916271196193728
[-3.19784965e+00  6.66861697e-02  1.36563541e-01  1.08005857e+01
  3.45392823e+02] 10.801654862897136
[-3.21402569e+00 -1.91509272e-01  2.58019427e-01  1.07941674e+01
  3.45446417e+02] 10.798949057093742
[-3.26943450e+00 -4.66632282e-02 -1.02798393e-01  1.06966922e+01
  3.43368514e+02] 10.697287951478982
[-3.19828222e+00  2.51423627e-01 -1.99518158e-01  1.08242370e+01
  3.47218961e+02] 10.828994754040254
[-3.22568301e+00 -2.99282996e-01  4.62778117e-02  1.10212419e+01
  3.46191399e+02] 11.025401761074733
[-3.20649751e+00 -7.25046796e-02  8.17544964e-02  1.08969626e+01
  3.47242595e+02] 10.897510479424716
[-3.24210112e+00 -1.55209111e-01 -1.41301888e-01  1.08377161e+01
  3.45483588e+02] 10.839748486933221
[-3.27751548e+00  1.62328615e-01  7.34064589e-02  1.09708565e+01
  3.46840854e+02] 10.972302947854034
[-3.16859866e+00  4.12881546e-01  1.75729404e-02  1.07235497e+01
  3.44249138e+02] 10.731509546460918
[-3.16929434e+00  1.31822242e-01 -1.64361607e-01  1.06538683e+01
  3.45501406e+02] 10.655951423962927
[-3.21536182e+00  8.05866587e-02 -3.45693348e-01  1.07442417e+01
  3.46154708e+02] 10.750103665326716
[-3.21565205e+00 -1.00763731e-02 -1.60731813e-01  1.07975806e+01
  3.44244217e+02] 10.798781593920927
[-3.21305047e+00 -4.83265269e-02  2.49537580e-01  1.09166782e+01
  3.46173329e+02] 10.919636736162849
[-3.23623513e+00  5.28987739e-02 -1.82600354e-01  1.06452282e+01
  3.42989581e+02] 10.646925633962317
[-3.21663098e+00 -2.14554122e-01 -4.58837483e-02  1.08992920e+01
  3.46312489e+02] 10.90150008139744
[-3.32389858e+00 -8.86267013e-02  1.72999291e-02  1.10245317e+01
  3.45831174e+02] 11.02490150430379
[-3.29327751e+00  1.03082431e-01  1.64003064e-01  1.09706558e+01
  3.44866316e+02] 10.972365847395933
[-3.22658825e+00 -8.04760595e-02 -2.97344626e-02  1.07212305e+01
  3.45034320e+02] 10.721573789846367
[-3.19578749e+00 -8.39001612e-02  8.00381374e-02  1.07731178e+01
  3.45614535e+02] 10.773741846732543
[-3.19512158e+00 -1.20185365e-01  5.76827665e-02  1.06328615e+01
  3.44104955e+02] 10.63369720784994
[-3.17114675e+00 -2.42719222e-02 -3.54494432e-02  1.07233480e+01
  3.46324317e+02] 10.723434063703392
[-3.17891619e+00  1.22947824e-01 -6.56804114e-02  1.08918590e+01
  3.46956858e+02] 10.892750887645027
[-3.26888256e+00  1.47041182e-01 -1.50677062e-01  1.08758430e+01
  3.44405671e+02] 10.877880611421533
[-3.25981412e+00 -3.06992279e-01  7.19149298e-02  1.07505546e+01
  3.43752980e+02] 10.755177337961744
[-3.20419910e+00 -1.38614249e-02 -1.59820347e-01  1.08424553e+01
  3.46608100e+02] 10.843641943818016
[-3.26185218e+00 -2.21477038e-01 -1.03530872e-02  1.09677223e+01
  3.45570370e+02] 10.969963185863126
[-3.23178974e+00 -1.11932295e-01  1.66206156e-01  1.06763849e+01
  3.44235955e+02] 10.67826521334371
[-3.31265633e+00 -9.51463401e-02  2.34452201e-01  1.09419696e+01
  3.47013403e+02] 10.944894681126124
[-3.14238039e+00  1.57880938e-01  1.80468941e-01  1.07755186e+01
  3.45488753e+02] 10.778186116516558
[-3.31187698e+00 -3.98133394e-02 -1.10929205e-01  1.08843864e+01
  3.45956002e+02] 10.885024459539775
[-3.23631846e+00 -9.45168332e-02  2.03141125e-01  1.08053115e+01
  3.45861394e+02] 10.807634163921142
[-3.19360499e+00 -6.47446474e-02 -2.51364239e-01  1.09379503e+01
  3.46040565e+02] 10.941029822450705
[-3.22791967e+00  2.44034134e-01 -1.24408138e-01  1.05781650e+01
  3.42761323e+02] 10.58171083648706
[-3.24112025e+00  2.19197527e-01 -1.87130799e-01  1.09834041e+01
  3.45113984e+02] 10.987184854074046
[-3.18682336e+00 -1.40686783e-01 -2.95463385e-01  1.09741155e+01
  3.45769589e+02] 10.978993640379668
[-3.20968152e+00  6.29691603e-03  4.11351610e-02  1.08293110e+01
  3.46967525e+02] 10.829390966321066
[-3.17293667e+00  1.41917493e-01  7.05113878e-02  1.10889952e+01
  3.49169351e+02] 11.090127473492585
[-3.23012500e+00  3.19779764e-01  8.99511536e-02  1.08775039e+01
  3.43899938e+02] 10.88257510104727
[-3.22913664e+00 -2.39835952e-01 -7.33869757e-02  1.06850776e+01
  3.42094824e+02] 10.68802087259022
[-3.17465604e+00 -3.22112137e-01  1.31208157e-01  1.08290135e+01
  3.47219707e+02] 10.834597646687003
[-3.20335923e+00  2.53291408e-01  9.40265161e-02  1.07406214e+01
  3.45696355e+02] 10.744019054861862
[-3.20644139e+00  2.21244570e-01  1.21077037e-01  1.10038508e+01
  3.45302337e+02] 11.006740745389475
[-3.32320516e+00  2.33008917e-01 -1.26690649e-01  1.07629404e+01
  3.44115193e+02] 10.766207759262151
[-3.24987341e+00  1.83604234e-02  6.87329933e-02  1.10382742e+01
  3.47179025e+02] 11.038503438775477
[-3.26075978e+00 -1.32470867e-01  5.88448691e-02  1.07204029e+01
  3.43640010e+02] 10.72138280563451
[-3.18098564e+00  1.71073578e-01 -8.79779673e-02  1.10275155e+01
  3.48206181e+02] 11.029193289344207
[-3.26052526e+00 -2.16567969e-01  5.52583975e-02  1.10431152e+01
  3.47593458e+02] 11.045376840421778
[-3.25534382e+00 -2.23745334e-01  1.42034462e-01  1.08545546e+01
  3.46176130e+02] 10.857789446509111
[-3.26895109e+00  7.18133413e-02  3.18388836e-02  1.10675025e+01
  3.47738884e+02] 11.067781247787096
[-3.18577674e+00 -2.78789374e-02 -2.37948924e-01  1.06154745e+01
  3.43308401e+02] 10.618177591647461
[-3.23708926e+00  6.03009206e-02  2.87799804e-01  1.09049791e+01
  3.45802169e+02] 10.908942822675439
[-3.21533788e+00  1.74592430e-01  2.00421885e-02  1.08602840e+01
  3.45549267e+02] 10.861705828333768
[-3.19512792e+00  9.15378365e-02  2.06659220e-01  1.09158126e+01
  3.45362939e+02] 10.918152377781253
[-3.24570772e+00 -2.19884242e-01  2.00574846e-01  1.08615584e+01
  3.45782162e+02] 10.86563531205424
[-3.19868395e+00  2.31846809e-01 -6.58962509e-02  1.08982521e+01
  3.45186920e+02] 10.900917139032883
[-3.21990800e+00 -1.11679556e-01  1.79446990e-01  1.07199315e+01
  3.42813057e+02] 10.722014922254916
[-3.26672323e+00 -6.53747053e-02  1.23513262e-01  1.08006915e+01
  3.42545567e+02] 10.801595589694355
[-3.19515738e+00 -1.94112309e-01  3.36151959e-02  1.11359681e+01
  3.47665724e+02] 11.137710527646934
[-3.15344823e+00 -2.17152531e-02 -6.01048593e-02  1.06557274e+01
  3.43454016e+02] 10.655919043830384
[-3.19736786e+00  2.49455279e-01 -2.13692324e-01  1.09657864e+01
  3.47500730e+02] 10.97070482546068
[-3.19467580e+00  2.05218255e-01 -2.60688364e-01  1.06444493e+01
  3.41916468e+02] 10.649618441995056
[-3.21885127e+00 -2.61507031e-02  2.44665279e-01  1.08840948e+01
  3.45418538e+02] 10.886875763713006
[-3.18975885e+00 -5.35897134e-02 -2.99158186e-01  1.07972014e+01
  3.44648090e+02] 10.80147793185371
[-3.21721274e+00 -5.63592862e-02  1.85138799e-01  1.09524737e+01
  3.45517918e+02] 10.954183325451613
[-3.21837862e+00 -1.29333520e-01 -2.59715858e-01  1.06974274e+01
  3.43209512e+02] 10.701361215055426
[-3.19878863e+00 -2.05911723e-02 -7.39991671e-02  1.07920603e+01
  3.44450410e+02] 10.792333614661981
[-3.25635781e+00 -2.69045935e-02  6.99885361e-02  1.07783960e+01
  3.45526005e+02] 10.77865679099544
[-3.26035596e+00 -2.79295080e-01  1.30859943e-01  1.08750976e+01
  3.44894362e+02] 10.879470472251088
[-3.25554074e+00  1.74397931e-01 -1.62177933e-02  1.07894277e+01
  3.44298966e+02] 10.79084930598291
[-3.22821305e+00 -1.14244087e-01  3.08846188e-01  1.09646699e+01
  3.46203515e+02] 10.969613623641134
[-3.20929360e+00  1.13095485e-01 -2.87387330e-01  1.09529059e+01
  3.46898047e+02] 10.9572592455062
[-3.25713709e+00 -1.31259653e-01 -2.64151065e-01  1.10882031e+01
  3.44498172e+02] 11.092125693699048
[-3.24075748e+00 -1.97618002e-01  7.24164573e-02  1.10489213e+01
  3.47491564e+02] 11.050925725626437
[-3.13452172e+00  8.34547424e-02 -1.53506398e-01  1.06713627e+01
  3.44822879e+02] 10.672792973658588
[-3.27874579e+00  4.66365424e-02  1.46863164e-01  1.07024724e+01
  3.41938565e+02] 10.703581575513152
[-3.25686832e+00 -4.17121356e-02 -7.06141077e-02  1.09014258e+01
  3.46447937e+02] 10.901734272127277
[-3.26537459e+00  1.77821307e-01  3.30464224e-02  1.08054042e+01
  3.45357795e+02] 10.80691781525498
[-3.15934568e+00 -2.26487668e-01 -1.28282701e-01  1.08157101e+01
  3.45407278e+02] 10.818841825999193
[-3.34140206e+00 -1.01647783e-01 -9.92569953e-02  1.11652944e+01
  3.45531972e+02] 11.166198220224842
[-3.27758669e+00  1.03771347e-02  7.91836308e-02  1.10679530e+01
  3.46615163e+02] 11.068241112239932
[-3.22984075e+00 -2.67488176e-01  2.80943564e-01  1.07128523e+01
  3.44268348e+02] 10.719873266057265
[-3.19761562e+00  5.86031998e-05 -1.11556713e-01  1.09296650e+01
  3.45482371e+02] 10.93023433402184
[-3.24894054e+00  1.08586475e-01 -4.48879943e-02  1.08168555e+01
  3.44111045e+02] 10.817493676434548
[-3.27721688e+00 -1.46642002e-01  1.06764187e-01  1.10619213e+01
  3.48686712e+02] 11.063408411639688
[-3.31366128e+00 -1.96650653e-01  1.17052565e-01  1.08327427e+01
  3.42729449e+02] 10.83515976412523
[-3.23128332e+00  5.44814418e-03  1.75177445e-01  1.07380120e+01
  3.44107407e+02] 10.73944221629613
[-3.20227438e+00  2.79707763e-02 -1.55927007e-01  1.07723126e+01
  3.46232679e+02] 10.773477363701822
[-3.26746447e+00  1.29058581e-01 -1.30312804e-01  1.07628413e+01
  3.43677393e+02] 10.764403832493873
[-3.16369964e+00 -5.52883597e-02  8.39555572e-02  1.06446387e+01
  3.45134229e+02] 10.64511333531926
[-3.14194515e+00 -7.76087306e-02  3.74303219e-03  1.09590862e+01
  3.46822855e+02] 10.95936167426639
[-3.25910746e+00 -1.94201786e-02  2.40431277e-01  1.10932974e+01
  3.45284844e+02] 11.095919591296528
[-3.25213159e+00 -5.00266589e-01  1.03911056e-01  1.06630970e+01
  3.45110751e+02] 10.675331463291233
[-3.22799587e+00  1.98828677e-02 -1.52820600e-02  1.07408988e+01
  3.44559831e+02] 10.740928111878969
[-3.15195232e+00  2.15080980e-01  1.90267048e-01  1.07992616e+01
  3.46131606e+02] 10.80307888737116
[-3.14213254e+00 -8.91056389e-02  1.20246742e-01  1.08360710e+01
  3.45457757e+02] 10.837104464090679
[-3.21739043e+00 -4.30843169e-02 -1.91061111e-01  1.07980980e+01
  3.43875834e+02] 10.799874165799993
[-3.23966968e+00 -1.32317610e-02  4.76770474e-02  1.10132503e+01
  3.43903249e+02] 11.013361433424954
[-3.25998125e+00 -9.20581145e-03 -8.46232075e-02  1.09443818e+01
  3.47551645e+02] 10.94471280880555
[-3.24383638e+00  1.48520689e-01 -7.91823346e-02  1.08853140e+01
  3.45005748e+02] 10.886615113921644
[-3.24448901e+00 -4.98706379e-02 -1.92490547e-01  1.09400428e+01
  3.46970722e+02] 10.941849714455682
[-3.22569912e+00 -1.29461037e-01  1.09228845e-01  1.07760419e+01
  3.45984294e+02] 10.777373083450522
[-3.30638219e+00  1.80434065e-01 -1.58734246e-01  1.08810683e+01
  3.44685778e+02] 10.883721775884192
[-3.17973652e+00  9.64802864e-02  5.14116234e-02  1.11193281e+01
  3.48577385e+02] 11.119865553097656
[-3.21129106e+00  1.49674642e-01 -2.09937453e-02  1.09391798e+01
  3.46193664e+02] 10.940223815569633
[-3.19929936e+00 -2.25200181e-01 -1.27049907e-01  1.09060016e+01
  3.45061712e+02] 10.909066346171448
[-3.21947820e+00  4.77460010e-02 -1.18360194e-01  1.08947511e+01
  3.43580989e+02] 10.895498677321113
[-3.24296231e+00 -1.70333470e-01 -4.99363116e-02  1.09418690e+01
  3.46931903e+02] 10.943308678022763
[-3.26198428e+00 -5.44682453e-02  2.26411355e-01  1.08524000e+01
  3.45757284e+02] 10.854898208315586
[-3.24164513e+00 -2.13225165e-01 -2.29206617e-01  1.07375789e+01
  3.43523036e+02] 10.742141353261914
[-3.25288079e+00  1.42396285e-01 -4.42802135e-01  1.06751072e+01
  3.43964817e+02] 10.68523582158911
[-3.19765741e+00 -3.31906900e-02  1.86623885e-01  1.08195836e+01
  3.45450577e+02] 10.821243843135665
[-3.23269067e+00  1.23906200e-01 -1.38122108e-01  1.07340328e+01
  3.45880629e+02] 10.735636520259696
[-3.21748122e+00 -3.63690246e-01  5.15637210e-02  1.07720807e+01
  3.42463680e+02] 10.778341822753148
[-3.23737366e+00  2.51460453e-02  1.27650719e-01  1.07067954e+01
  3.43389805e+02] 10.707585844398482
[-3.16488195e+00  7.73500278e-02  6.05229156e-02  1.09365070e+01
  3.48390332e+02] 10.936948000074539
[-3.23296179e+00 -1.81892629e-01 -9.64148809e-02  1.11468177e+01
  3.48137830e+02] 11.148718541601621
[-3.22127017e+00 -1.23349666e-01  1.26427981e-01  1.07836652e+01
  3.45312038e+02] 10.785111676441273
[-3.28113214e+00  2.46361321e-01 -1.69686580e-01  1.09702457e+01
  3.45246481e+02] 10.974323590887089
[-3.25189265e+00  8.89895330e-03  2.27451677e-01  1.07392381e+01
  3.45299504e+02] 10.741650188117333
[-3.17143988e+00  3.35212315e-03  3.01043670e-01  1.09368394e+01
  3.47010388e+02] 10.940982300580755
[-3.23219950e+00  3.10978747e-02  2.35199987e-01  1.06810396e+01
  3.42186320e+02] 10.683674127114852
[-3.17057268e+00 -5.69711466e-02 -1.51869521e-01  1.07356366e+01
  3.43390278e+02] 10.736861856018797
[-3.16734064e+00  3.01435131e-02  4.20363007e-01  1.07911592e+01
  3.42468786e+02] 10.799385631330864
[-3.26396755e+00  1.51457874e-01  3.23714151e-01  1.06647550e+01
  3.43351511e+02] 10.670741704929808
[-3.22760899e+00 -1.85981022e-01 -1.78784889e-01  1.08226361e+01
  3.45285188e+02] 10.82571033203552
[-3.27668788e+00  1.65305210e-02 -1.36069025e-01  1.10789735e+01
  3.46285967e+02] 11.079821344033078
[-3.15804559e+00  7.24047209e-02 -3.99686061e-02  1.08222433e+01
  3.44648387e+02] 10.822559292074677
[-3.17430461e+00 -5.58337266e-03 -1.67877591e-01  1.08071189e+01
  3.46755352e+02] 10.808424150566555
[-3.22378874e+00  1.25132877e-02  1.15767954e-01  1.09084218e+01
  3.46506821e+02] 10.909043248603487
[-3.27490008e+00  2.47042716e-02 -2.82905193e-01  1.09088537e+01
  3.43998353e+02] 10.912549395023964
[-3.26208326e+00 -8.54826146e-02  2.50956037e-02  1.04364049e+01
  3.41448687e+02] 10.436785123520329
[-3.26361171e+00 -1.61261367e-01 -1.33385834e-01  1.10857648e+01
  3.49050356e+02] 11.087739958774023
[-3.19099360e+00 -6.08774773e-02  2.43714897e-02  1.09053719e+01
  3.45725775e+02] 10.905569010569728
[-3.22956100e+00  1.24118725e-01 -2.44657745e-01  1.08712452e+01
  3.46222923e+02] 10.874706239294767
[-3.20588755e+00 -1.48302661e-01 -4.02647635e-02  1.09543814e+01
  3.46048061e+02] 10.955459251771442
[-3.17533374e+00 -3.39698331e-01 -2.57936952e-02  1.06028565e+01
  3.42773155e+02] 10.608328152233314
[-3.18016570e+00  2.97673174e-02 -1.22522300e-01  1.08446381e+01
  3.47018195e+02] 10.845371044014858
[-3.23629111e+00 -1.04078111e-01  4.37680164e-02  1.06925271e+01
  3.42705497e+02] 10.693123155867577
[-3.25462819e+00  1.38602677e-01 -1.80949371e-01  1.10549623e+01
  3.43950502e+02] 11.057311817969822
[-3.19858125e+00  7.15116896e-03  1.38860424e-02  1.09874528e+01
  3.46357173e+02] 10.987463893255317
[-3.27413410e+00 -2.27239022e-01  1.51749953e-01  1.07092598e+01
  3.40901305e+02] 10.712745301105855
[-3.28408386e+00 -3.52428972e-02  1.40020414e-01  1.06787960e+01
  3.43860525e+02] 10.679772081461955
[-3.22872523e+00 -1.69010697e-01 -9.04875298e-02  1.07259996e+01
  3.45372515e+02] 10.72771268416868
[-3.20343475e+00 -8.82795346e-02 -1.93792307e-01  1.08756849e+01
  3.44462039e+02] 10.877769611341163
[-3.15651845e+00  8.44850785e-02  9.23881833e-02  1.06958188e+01
  3.45788976e+02] 10.696551492151722
[-3.29248765e+00 -2.63287691e-01 -1.02993963e-01  1.10303367e+01
  3.47471655e+02] 11.03395924172898
[-3.24222385e+00 -1.29866836e-01  7.72408217e-02  1.08404939e+01
  3.44011959e+02] 10.841546930861691
[-3.29417044e+00  5.45312379e-02  5.68726485e-02  1.06462838e+01
  3.42701662e+02] 10.646575321731884
[-3.30272838e+00 -1.96774828e-01  1.18770942e-02  1.06865561e+01
  3.43524737e+02] 10.688374197112779
[-3.17299848e+00  1.64320548e-01  3.73948625e-01  1.09115636e+01
  3.45915993e+02] 10.919205927227297
[-3.16846285e+00  1.39981422e-01  1.72516848e-01  1.09408528e+01
  3.48730460e+02] 10.943108177013302
[-3.20854522e+00  3.39767413e-02  2.54946905e-01  1.09217154e+01
  3.47636002e+02] 10.924743442378173
[-3.21455037e+00  1.82426439e-01  9.43089612e-02  1.08264476e+01
  3.46109190e+02] 10.82839509070121
[-3.20979221e+00  1.20900644e-01 -4.55599269e-02  1.10520161e+01
  3.49035551e+02] 11.05277128940605
[-3.28024786e+00  4.98087885e-02 -4.29780604e-02  1.07474036e+01
  3.44535543e+02] 10.747604961835146
[-3.24278718e+00  1.87979787e-01 -3.74868662e-02  1.07325655e+01
  3.43360225e+02] 10.734277066567346
[-3.23597106e+00  1.88548201e-01  1.10774907e-01  1.08231963e+01
  3.45851560e+02] 10.825405240851719
[-3.19129919e+00 -2.68359577e-01 -1.61996462e-02  1.09936094e+01
  3.47504558e+02] 10.996896234914667
[-3.22939955e+00  8.26582490e-02 -2.97642080e-01  1.11176888e+01
  3.48666024e+02] 11.121979428181293
[-3.18401149e+00 -5.37317869e-02  1.20134318e-01  1.07234186e+01
  3.44726242e+02] 10.72422608265192
[-3.30114349e+00  3.24774331e-01 -9.87534289e-02  1.09533421e+01
  3.44508438e+02] 10.958600908984925
[-3.11015258e+00 -1.57786832e-01 -1.54882514e-01  1.08302046e+01
  3.44700330e+02] 10.832461211918943
[-3.17519216e+00  1.14271382e-01  1.36109789e-01  1.06692081e+01
  3.44193041e+02] 10.670688144974601
[-3.28237073e+00  2.71401545e-01  7.74547088e-02  1.06055663e+01
  3.41787494e+02] 10.609321084117466
[-3.26927950e+00  1.54675282e-01 -6.93132794e-03  1.08351389e+01
  3.45790109e+02] 10.836245114003939
[-3.20960141e+00 -3.14958180e-01 -1.10535382e-01  1.06457449e+01
  3.42183531e+02] 10.650976509432098
[-3.26780539e+00 -6.15965669e-03  1.46576590e-01  1.08859523e+01
  3.44397213e+02] 10.886940842124597
[-3.19580219e+00  2.13287335e-01 -2.02334852e-01  1.06609362e+01
  3.45898065e+02] 10.664989020068411
[-3.15803441e+00 -1.39601775e-01  1.44507475e-01  1.07993883e+01
  3.48446980e+02] 10.801257234598335
[-3.36848914e+00 -1.91970626e-01  2.68637742e-01  1.08911370e+01
  3.44068919e+02] 10.896140830406502
[-3.23111267e+00  1.52241012e-02 -3.24322628e-02  1.07598191e+01
  3.44550006e+02] 10.759878768922276
[-3.22668526e+00  1.59470147e-01 -8.49940770e-02  1.09473603e+01
  3.47282499e+02] 10.948851626038827
[-3.18441984e+00 -8.14183755e-03 -1.24640825e-01  1.07939215e+01
  3.45600515e+02] 10.794644170721046
[-3.25579488e+00  8.26040730e-02 -4.37816908e-02  1.08403530e+01
  3.45296102e+02] 10.840756122273477
[-3.27310633e+00  7.92733048e-02  9.14700111e-02  1.07458826e+01
  3.45626771e+02] 10.74656424273801
[-3.25961996e+00  4.53254181e-02 -1.04991096e-01  1.07755165e+01
  3.45790615e+02] 10.77612331798012
[-3.17376420e+00  2.08817264e-01 -8.04251296e-02  1.06709433e+01
  3.46446355e+02] 10.673289276828177
[-3.23054332e+00  4.07716039e-02  3.66588013e-02  1.08427924e+01
  3.45243211e+02] 10.842931019616838
[-3.26975261e+00 -2.61143463e-01  1.43980349e-01  1.07444169e+01
  3.43371881e+02] 10.748554325971124
[-3.15141714e+00 -2.87449243e-01  1.46242295e-01  1.08117074e+01
  3.45522353e+02] 10.81651656984541
[-3.26199536e+00 -2.17185263e-01 -1.81640185e-01  1.11323040e+01
  3.47804451e+02] 11.135903852347
[-3.29393880e+00 -1.20147339e-01  7.77264717e-02  1.07390674e+01
  3.43240875e+02] 10.740020694510571
[-3.24591657e+00  6.71672436e-02 -1.70059901e-01  1.09132892e+01
  3.45989286e+02] 10.914820844141564
[-3.14826823e+00 -1.85716196e-02  1.77716256e-01  1.09400351e+01
  3.44723875e+02] 10.941494226104453
[-3.22455583e+00 -1.21507121e-01 -8.77422571e-02  1.07158901e+01
  3.43794898e+02] 10.716938111823344
[-3.19399365e+00 -1.42927192e-01 -4.62819697e-02  1.05960146e+01
  3.43877267e+02] 10.597079544122414
[-3.21397262e+00 -2.07757926e-01 -3.48181512e-02  1.07295079e+01
  3.45193314e+02] 10.73157559689519
[-3.23574857e+00 -2.34298210e-01  6.45436262e-02  1.08192976e+01
  3.44847110e+02] 10.822026689572619
[-3.17161949e+00  1.11392475e-01  2.61466801e-01  1.08542517e+01
  3.44391702e+02] 10.857971864672297
[-3.20295991e+00  2.09159390e-01 -2.53409692e-01  1.06238663e+01
  3.43246015e+02] 10.628946260409272
[-3.21778874e+00  2.12885193e-01  2.62763757e-02  1.09824946e+01
  3.45431362e+02] 10.984589086770061
[-3.28244773e+00 -9.87384770e-02 -1.08892641e-01  1.11350350e+01
  3.47468902e+02] 11.136005141392168
[-3.18812985e+00 -2.03716618e-01  2.71880508e-03  1.06028490e+01
  3.43689777e+02] 10.604806186520376
[-3.20885488e+00  2.74206936e-01 -2.31977984e-01  1.09233918e+01
  3.46797202e+02] 10.929295135527806
[-3.26989755e+00  1.35693687e-01 -1.88307296e-01  1.06535922e+01
  3.41928832e+02] 10.656120266194218
[-3.20038934e+00  4.75051784e-02  1.60759400e-01  1.07030593e+01
  3.43056740e+02] 10.704371910190988
[-3.23923620e+00  2.07725399e-01 -1.10940703e-01  1.08443479e+01
  3.47012911e+02] 10.846904578148521
[-3.28597831e+00 -5.72547011e-02  1.47217992e-01  1.05606983e+01
  3.43015439e+02] 10.561879521127077
[-3.26631471e+00  1.76770109e-01  8.32364897e-02  1.08179032e+01
  3.45370629e+02] 10.819667524932694
[-3.25825719e+00 -1.37240624e-01  1.38032649e-01  1.09890129e+01
  3.46517299e+02] 10.990736673545337
[-3.22088459e+00 -1.44585786e-01  1.68902715e-01  1.07999940e+01
  3.46144042e+02] 10.802282324715673
[-3.22551637e+00  7.86933315e-02  4.85554397e-02  1.05721596e+01
  3.41821710e+02] 10.572563978985135
[-3.29024808e+00 -7.44311810e-02  2.11444933e-01  1.10495097e+01
  3.45218677e+02] 11.051783245447602
[-3.21051197e+00  6.93181845e-02  1.56366081e-01  1.11286489e+01
  3.46775997e+02] 11.12996320624924
[-3.22635792e+00 -2.35729792e-02  2.12366327e-01  1.08968669e+01
  3.46655813e+02] 10.8989615428316
[-3.31546144e+00  2.41356458e-01 -7.97196043e-02  1.10298499e+01
  3.44211815e+02] 11.032778250103178
[-3.19921537e+00  2.50705434e-01  2.93928432e-01  1.09454886e+01
  3.46333966e+02] 10.9523042656913
[-3.26996117e+00 -3.69030716e-01 -1.97069148e-01  1.10261811e+01
  3.47111849e+02] 11.0341148288485
[-3.20191344e+00  6.32517486e-02 -1.65952068e-01  1.09656432e+01
  3.48182228e+02] 10.967081322633215
