/mnt/stage/douwei/Simulation/5kt_root/2MeV/5kt_-4.60_3.root
[-3.06403317e+00 -2.84715825e-01 -2.84891436e-01 -4.76968076e+00
  3.00764266e+02] 4.78665653965961
[-3.00978413e+00  4.60467756e-03  5.80483460e-02 -4.27926376e+00
  2.98498146e+02] 4.279659928559703
[-3.03003877e+00  1.90252290e-01  7.06868481e-02 -4.66821894e+00
  2.97925971e+02] 4.672628877224946
[-3.03370000e+00  1.75011258e-01 -2.34731637e-02 -4.78831662e+00
  3.01996227e+02] 4.7915713481599465
[-3.16614442e+00 -7.90108069e-02 -3.35853840e-02 -5.06167049e+00
  3.03923023e+02] 5.062398530197745
[-3.00326794e+00 -1.08396745e-01 -7.71223012e-02 -4.55648662e+00
  3.01256586e+02] 4.558428241604248
[-3.06800026e+00  9.75043641e-02 -3.03008305e-02 -4.77624942e+00
  3.01194044e+02] 4.77734065328746
[-3.14760508e+00  1.15625599e-01 -1.90240840e-02 -4.69438374e+00
  2.97716755e+02] 4.695846024311516
[-3.07987314e+00 -2.57375136e-01  3.90726846e-01 -4.90204879e+00
  3.00151644e+02] 4.924326529754753
[-3.11311488e+00 -1.37435627e-01 -7.32275936e-02 -4.85886382e+00
  3.00023898e+02] 4.8613587043734725
[-3.00607076e+00 -8.10176307e-02 -9.92014996e-02 -4.78863906e+00
  3.00432695e+02] 4.790351639746844
[-3.02805704e+00 -3.05644757e-01  2.86209229e-01 -4.47396398e+00
  3.00796773e+02] 4.493516232933103
[-3.16305521e+00  1.41152260e-01 -3.27436498e-01 -5.12780646e+00
  3.02044462e+02] 5.140188492223967
[-3.07804027e+00  2.13782016e-01 -1.36918937e-02 -4.51191956e+00
  2.97441116e+02] 4.517002143117471
[-3.02234583e+00  1.96319839e-01  3.51674830e-01 -4.44505187e+00
  2.99151370e+02] 4.4632614530204044
[-3.09727484e+00  2.38531566e-01 -1.77943875e-01 -4.76572128e+00
  3.00784987e+02] 4.77500373481302
[-3.02811736e+00  9.68928822e-02 -8.90895858e-03 -4.30086677e+00
  2.98853879e+02] 4.301967295825725
[-3.06747722e+00 -8.48301140e-02 -1.06565446e-01 -4.89749107e+00
  3.00001651e+02] 4.8993847747463946
[-2.99137929e+00 -2.57593366e-01  1.85580560e-01 -4.64956411e+00
  3.00635950e+02] 4.660390637797175
[-2.97934950e+00  3.70006147e-02  4.56908180e-02 -4.79239418e+00
  3.02676902e+02] 4.792754808710375
[ -3.06387237  -0.39572361   0.30947307  -4.71155472 301.57794035] 4.738261139302469
[-3.00215547e+00  1.46940675e-01  2.28416889e-01 -4.74560518e+00
  3.03525908e+02] 4.753370841082185
[-3.05379545e+00  4.06828245e-01 -2.95475364e-01 -4.68639984e+00
  2.99138373e+02] 4.713295917597622
[-3.02440892e+00 -4.86171552e-03 -5.81136650e-02 -4.86181711e+00
  3.01309844e+02] 4.862166844650009
[-3.09939479e+00 -1.35965915e-01 -8.41321006e-03 -4.52865638e+00
  2.99940582e+02] 4.530704810403156
[-3.03717218e+00 -2.74813590e-01 -9.63553284e-02 -4.58624037e+00
  3.00754287e+02] 4.595476866601262
[-2.97338994e+00 -1.79639699e-01  3.35119521e-01 -4.65534468e+00
  3.00631586e+02] 4.670846779914704
[-3.03438146e+00  1.00529283e-02  7.38385952e-02 -4.48858066e+00
  3.00274111e+02] 4.489199212873869
[-3.00312668e+00 -1.92728501e-01  3.19989198e-02 -4.59590103e+00
  2.99726838e+02] 4.600051572390688
[-3.18383265e+00  7.89191461e-03  5.87052312e-02 -4.62762101e+00
  3.00170075e+02] 4.628000083895568
[-3.02689281e+00  4.80103081e-02  2.72790584e-01 -4.36342633e+00
  2.98172410e+02] 4.372208710652816
[-3.10870888e+00  1.93251152e-01  1.23549303e-01 -4.52406693e+00
  2.98664096e+02] 4.529877701341488
[-2.99540302e+00  3.12931104e-02 -1.32774757e-01 -4.33804515e+00
  3.00949329e+02] 4.340189415351388
[-3.06955401e+00  1.24967215e-01  9.13587713e-03 -4.62306892e+00
  2.99126274e+02] 4.624766642109268
[-3.07199034e+00  1.40199339e-01 -3.14137926e-01 -4.52018955e+00
  2.99158028e+02] 4.533260640187917
[-3.03841082e+00 -1.32263146e-01 -2.96767432e-01 -4.51770047e+00
  2.99751905e+02] 4.529368826216017
[-3.12310207e+00 -3.38940936e-02 -2.68367958e-01 -4.72519837e+00
  3.01401089e+02] 4.732934590282004
[-3.01324142e+00 -6.08847709e-02 -3.12994930e-01 -4.57906386e+00
  3.00296116e+02] 4.590152356751712
[-3.04153984e+00 -9.91375106e-02  2.54228546e-01 -4.72335714e+00
  2.99538941e+02] 4.731232725937651
[-3.07092224e+00  5.04034589e-01 -6.89314083e-02 -4.71834907e+00
  3.01957022e+02] 4.745694923579217
[-3.06311540e+00 -3.62303518e-02  1.83038921e-01 -4.71928174e+00
  2.99938786e+02] 4.722968982714843
[-3.01103312e+00  8.58504052e-02  3.34259768e-01 -4.34239242e+00
  2.99564120e+02] 4.35608445634287
[-2.99314833e+00  2.07688809e-01 -1.03495298e-02 -4.56161645e+00
  3.00029726e+02] 4.566353728524386
[-3.02658976e+00  1.82701300e-01 -8.40367901e-02 -4.68586198e+00
  3.00244018e+02] 4.6901753103444905
[-3.03489187e+00 -9.29726075e-02  1.01397417e-01 -4.85622440e+00
  3.00606869e+02] 4.858172572704232
[-3.07305176e+00 -4.35224584e-01  2.01661364e-01 -4.22683351e+00
  2.96079878e+02] 4.253963950787833
[-3.00186486e+00  7.07909680e-02  1.19425615e-01 -4.38774290e+00
  2.99466227e+02] 4.389938674702019
[-3.10781943e+00 -1.38636981e-01  3.65184671e-02 -4.79930171e+00
  3.00994952e+02] 4.8014425705479615
[-3.06694497e+00  3.46453105e-01 -5.58798477e-02 -4.45932706e+00
  2.97501461e+02] 4.473114145063563
[-3.07099211e+00  1.66667486e-01 -3.85917849e-01 -4.86332771e+00
  3.01896314e+02] 4.88146157070401
[-3.01845199e+00 -6.14133084e-02  2.65494862e-01 -4.32070945e+00
  2.98387860e+02] 4.329294315907395
[-2.98948965e+00 -2.23507489e-01  3.64031357e-01 -4.42140094e+00
  2.99029924e+02] 4.4419883743883135
[-3.00885483e+00 -1.46758070e-01  1.01881343e-01 -4.49286572e+00
  3.00336723e+02] 4.496416365043355
[-2.98738450e+00  9.79238470e-02  7.20136626e-02 -4.39408009e+00
  2.99744723e+02] 4.39576100967136
[-3.04365291e+00 -3.60254616e-02 -2.12339001e-01 -4.94134380e+00
  3.02060852e+02] 4.94603519983086
[-3.08688963e+00  8.21690001e-03  1.15699237e-01 -4.74804991e+00
  2.99405288e+02] 4.74946646841671
[-2.96391319e+00  1.04882842e-01  9.05741553e-02 -4.76498099e+00
  3.02128666e+02] 4.76699568658363
[-3.10010508e+00 -2.16075251e-01  8.67192648e-03 -4.43988904e+00
  3.00977316e+02] 4.4451522344653585
[-2.99112250e+00 -1.88010758e-01 -2.70974082e-01 -4.85328723e+00
  3.02750999e+02] 4.864480647081085
[-2.98814222e+00 -2.05086662e-01 -2.02393048e-01 -4.83720197e+00
  3.00830872e+02] 4.845776135333957
[-3.02976630e+00 -1.59883899e-01  4.94836925e-01 -4.54680198e+00
  3.00303379e+02] 4.576443449310141
[-3.01161961e+00 -8.65238021e-02  2.08582776e-01 -4.50422050e+00
  2.99682374e+02] 4.509877539410371
[-3.09116216e+00  1.77153119e-03 -4.22923757e-02 -4.60080673e+00
  2.97576732e+02] 4.601001446915528
[-3.10866722e+00 -9.48575627e-02  1.96981833e-01 -4.62320974e+00
  2.99389980e+02] 4.6283764004998265
[-3.12945927e+00  1.41356389e-01  5.19328395e-02 -4.56580468e+00
  2.99641178e+02] 4.568287539820983
[-3.06390508e+00 -2.23682900e-01  1.35041312e-02 -4.54753297e+00
  3.00481298e+02] 4.553050897372004
[-2.99153862e+00  1.06854326e-01 -7.40392854e-03 -4.74714337e+00
  3.01585135e+02] 4.748351587974989
[-2.93956364e+00  3.70290258e-01 -1.11091954e-01 -4.69990483e+00
  3.00328928e+02] 4.715777954222599
[-3.17974019e+00  3.74458416e-02 -1.02782334e-01 -4.69804304e+00
  2.96003314e+02] 4.699316420585136
[-3.03170891e+00  3.26873239e-02 -1.48572493e-01 -4.47526885e+00
  2.99820438e+02] 4.477853673852048
[-3.00642845e+00  1.69522948e-01 -1.39436184e-01 -4.79274144e+00
  2.99657882e+02] 4.7977652071026595
[-3.05273528e+00 -8.11166347e-02 -1.07258134e-01 -4.82358680e+00
  2.98949683e+02] 4.825460994461512
[-2.95988668e+00 -2.35446759e-01  1.67551836e-01 -4.75761470e+00
  3.00916091e+02] 4.766382950900859
[-3.04927582e+00 -3.01224410e-02 -1.72796685e-01 -4.75255835e+00
  3.02761260e+02] 4.755794032797446
[-3.12382055e+00 -1.76718753e-01  2.30890842e-01 -4.73855362e+00
  2.98644526e+02] 4.747465691768204
[-3.06435292e+00  1.79433140e-01 -1.52336811e-01 -4.65083356e+00
  3.00904873e+02] 4.6567859720105655
[-3.03797089e+00 -1.73205523e-01  7.76548708e-02 -4.65400374e+00
  2.99656357e+02] 4.657873041426753
[-3.05489024e+00 -4.50266652e-01  2.52071564e-02 -4.71432137e+00
  3.02195913e+02] 4.735842212343971
[-3.02304182e+00 -1.36674228e-01  2.65229274e-01 -4.74035072e+00
  3.00626671e+02] 4.749731710880955
[-3.04127057e+00 -4.54548920e-01  2.69629402e-01 -4.74009543e+00
  3.02967966e+02] 4.769467414719242
[-3.05966784e+00  2.16190877e-01  5.55510092e-02 -4.87124789e+00
  3.02002074e+02] 4.876359342052678
[-3.09227326e+00 -1.54663895e-02  4.01044019e-02 -4.47660377e+00
  3.00082313e+02] 4.47681012258257
[-3.06289184e+00  2.47884548e-01  9.77306543e-02 -4.57143358e+00
  3.00738858e+02] 4.5791923941923764
[-2.99344929e+00 -2.70055475e-01  3.50644502e-01 -4.50634322e+00
  2.99569916e+02] 4.528025033209213
[-3.01375973e+00 -1.36800757e-01 -2.02089062e-01 -4.31418839e+00
  3.00300973e+02] 4.32108503278988
[-3.02753630e+00  1.73784126e-01  1.59972800e-02 -4.43179462e+00
  3.01740298e+02] 4.435229463999732
[-3.13033213e+00 -1.27520574e-01  2.79625407e-01 -4.72538750e+00
  3.00539953e+02] 4.73537103676837
[-3.04967990e+00 -1.22311076e-01  9.95132733e-03 -4.58035172e+00
  3.00925114e+02] 4.581995294298659
[-3.03527303e+00 -4.42486204e-02 -2.62817737e-01 -4.72843325e+00
  3.01892658e+02] 4.735938354130483
[-2.97373222e+00  2.23202621e-01  1.18186042e-01 -4.62903491e+00
  2.99744433e+02] 4.635919707857873
[-3.06333195e+00  1.35897831e-01 -1.93635164e-01 -4.53451568e+00
  2.98965571e+02] 4.540682247449732
[-3.03821847e+00  2.27085352e-01  2.89414316e-01 -4.69325461e+00
  2.99689589e+02] 4.707649861929197
[-2.98580893e+00 -1.85693850e-01 -1.39537238e-01 -4.71021548e+00
  3.01000819e+02] 4.7159392198563195
[-3.08759500e+00 -1.35892851e-01 -1.19609609e-01 -4.85155296e+00
  3.02921852e+02] 4.8549293923622345
[-3.03048686e+00 -4.26022185e-02 -1.64427408e-01 -4.76702923e+00
  3.00742613e+02] 4.770054407174465
[-3.05747058e+00  2.09694099e-01  3.09105254e-01 -4.54344795e+00
  2.98578151e+02] 4.558775821717826
[-3.12715427e+00  1.06305101e-02 -3.84458225e-01 -4.75144812e+00
  2.99188793e+02] 4.766988609541752
[-3.12089523e+00  1.79092776e-01 -7.35274082e-02 -4.58458915e+00
  2.99994683e+02] 4.588674992798905
[-2.96158839e+00 -1.61439371e-01  2.73207338e-01 -4.79002086e+00
  2.99998603e+02] 4.800521302160496
[-3.01826462e+00  1.59347781e-01  1.88666380e-01 -4.55415643e+00
  2.99303734e+02] 4.560847232928527
[-3.13008456e+00 -6.88240787e-02 -1.17417878e-01 -4.57969622e+00
  3.00538467e+02] 4.581718143101301
[-3.04790941e+00 -3.21273937e-03  2.56670713e-01 -4.63019152e+00
  3.01785141e+02] 4.637301333401548
[-3.04162193e+00 -6.63114899e-02  1.34935630e-02 -4.73249341e+00
  3.01125099e+02] 4.732977195445587
[ -3.07235671   0.37306257   0.32802004  -4.46472855 299.97823322] 4.492279362394688
[-3.07177046e+00 -4.09222938e-02 -3.36005276e-01 -4.79623374e+00
  3.02000692e+02] 4.808163087085943
[-2.98891119e+00  4.68818032e-02  6.48684838e-02 -4.51980242e+00
  3.00027736e+02] 4.520511000435437
[-3.11142958e+00 -6.73991409e-02 -1.61214426e-01 -4.68253382e+00
  2.99854102e+02] 4.685792962673803
[-3.11510073e+00 -6.07430539e-03  3.52619570e-02 -4.56571459e+00
  2.96475593e+02] 4.565854793281242
[-3.05037415e+00  2.55342900e-01 -1.05530581e-01 -4.94279571e+00
  3.01992951e+02] 4.950511699572679
[-3.12251013e+00 -2.76172420e-01  1.25433422e-01 -4.80627877e+00
  2.96980419e+02] 4.815840571002709
[-3.14683559e+00 -9.83251949e-02  1.75695145e-01 -4.57443810e+00
  2.99115544e+02] 4.578866735461518
[-3.10394423e+00  1.80982808e-01 -2.34706009e-01 -4.71416391e+00
  3.00465752e+02] 4.7234715045478275
[-2.98276765e+00 -7.53955976e-02  7.86043930e-02 -4.19428527e+00
  2.96328963e+02] 4.195699236294127
[-2.94883745e+00  3.45431913e-01  2.16329381e-02 -4.52309172e+00
  3.01036633e+02] 4.536314574639521
[-3.00978860e+00  1.55347485e-01 -8.70167703e-02 -4.55840241e+00
  2.99791578e+02] 4.561878703994836
[-3.09996573e+00  3.23811953e-02 -5.68550940e-03 -4.64097561e+00
  2.99830517e+02] 4.6410920553651644
[-3.07713917e+00  5.07989848e-02  4.20868486e-01 -4.80792058e+00
  3.00041919e+02] 4.826573438851937
[-2.96670040e+00  2.46421834e-01  3.41813492e-02 -4.65199186e+00
  3.01748093e+02] 4.658639321488712
[-3.03049406e+00 -1.94952346e-01 -1.28965593e-02 -4.67843832e+00
  3.00316820e+02] 4.6825161878402985
[-3.02358789e+00 -1.64809750e-01 -2.53242740e-02 -5.00810814e+00
  3.04579256e+02] 5.010883225902987
[-3.00866858e+00  3.99213872e-01 -7.36546414e-02 -4.74078507e+00
  3.00913705e+02] 4.758134068084926
[-3.08601218e+00  1.59688022e-01  6.34864921e-02 -4.82016849e+00
  3.00931200e+02] 4.823230772134637
[-3.01327323e+00  7.40631941e-02  3.29192688e-02 -4.59017484e+00
  2.99918295e+02] 4.590890335679129
[-3.10364600e+00 -1.11881330e-01 -2.16767469e-01 -4.41333381e+00
  2.99484300e+02] 4.42007023688755
[-3.02549827e+00  2.70312295e-01  1.67879833e-01 -4.56666102e+00
  2.98732790e+02] 4.577733635194036
[-2.99513673e+00  1.24709527e-01 -1.25496891e-01 -4.93982728e+00
  3.01214527e+02] 4.942994582632474
[-3.03240846e+00 -1.76250029e-03  2.17900470e-02 -4.93592639e+00
  3.01552250e+02] 4.935974801198557
[-3.03569229e+00 -1.24621274e-01 -2.17506401e-02 -4.78673992e+00
  3.01385000e+02] 4.788411286916251
[-3.10065290e+00 -7.73912883e-02 -3.96701096e-02 -5.06352319e+00
  3.01175724e+02] 5.0642699635838095
[-3.05419164e+00  1.12953598e-01  3.71331306e-01 -4.79457921e+00
  2.99753353e+02] 4.810263531598621
[-3.15251523e+00 -6.59260117e-02  2.19800935e-02 -4.84423556e+00
  3.01242710e+02] 4.844733997581612
[-3.06311757e+00 -1.73204344e-01 -8.64559894e-02 -4.76439481e+00
  2.99724766e+02] 4.7683259400739075
[-3.11556149e+00 -3.95633062e-01  3.68808788e-02 -4.98366492e+00
  3.00284062e+02] 4.999480152706481
[-3.07332850e+00 -1.03135496e-01 -1.25447900e-02 -4.56072159e+00
  2.99271783e+02] 4.561904834171503
[-3.03438714e+00  3.11075738e-01 -1.45498170e-01 -4.52305604e+00
  2.99083590e+02] 4.536074705725337
[-2.99188787e+00  3.51620082e-01  1.47248425e-01 -4.43247459e+00
  3.01369352e+02] 4.448836898701947
[-2.97685353e+00  4.89201873e-02 -8.95714550e-02 -4.57103592e+00
  3.02285427e+02] 4.572175152773817
[-2.98319318e+00  3.70181992e-01 -1.06149738e-01 -4.51484783e+00
  3.00208050e+02] 4.531241923747963
[-3.06469151e+00 -4.20785712e-01 -2.95946742e-01 -4.54049330e+00
  2.99579721e+02] 4.569543134070969
[-3.04483903e+00 -1.11087628e-01 -2.22574339e-01 -4.61211716e+00
  2.99721454e+02] 4.6188206821590985
[-3.20401150e+00 -2.24318876e-01 -3.48921619e-01 -4.81567522e+00
  2.98316363e+02] 4.833507325244318
[-3.09774764e+00 -2.07353340e-01  2.56965015e-01 -4.53304488e+00
  2.98842771e+02] 4.545054713641437
[-3.02612124e+00  2.94893488e-01 -1.23934406e-01 -4.66955362e+00
  2.99593184e+02] 4.680497080753061
[-3.03742929e+00 -1.40647509e-01  3.25746735e-01 -4.34918056e+00
  2.99171085e+02] 4.36362970295147
[-3.02382153e+00 -6.04317591e-02  2.90313881e-01 -4.53253218e+00
  2.98592482e+02] 4.5422221580541455
[-2.98520226e+00 -1.45561505e-02 -1.31066204e-01 -4.48331428e+00
  2.99027934e+02] 4.485253303158733
[-2.97583897e+00  1.69091872e-01  2.15173793e-01 -4.67157090e+00
  3.00524186e+02] 4.679579730068075
[-3.11681851e+00  1.57862432e-01 -2.36439989e-01 -4.88025430e+00
  3.01809299e+02] 4.88852804097386
