/mnt/stage/douwei/Simulation/5kt_root/2MeV/5kt_-9.20_1.root
[-3.25412252e+00  4.33874159e-01  1.08560760e-01 -9.11103316e+00
  3.28209448e+02] 9.122004028511586
[-3.08748071e+00 -2.65281296e-01 -1.45372068e-01 -9.24875169e+00
  3.33177498e+02] 9.253697375387693
[-3.15884837e+00  5.31497925e-03 -5.23853497e-02 -9.39732781e+00
  3.36519398e+02] 9.397475322578037
[-3.18406901e+00 -7.88823545e-02 -3.06803003e-02 -9.44560163e+00
  3.32758611e+02] 9.445980830428645
[-3.12630296e+00 -2.00096109e-01 -4.26267287e-02 -9.57712373e+00
  3.35948349e+02] 9.579308661821589
[-3.13935993e+00 -1.24869848e-01 -1.09701588e-01 -9.24678661e+00
  3.30803473e+02] 9.248280355825868
[-3.15018883e+00  1.37458373e-01 -8.60071230e-02 -9.10507439e+00
  3.29811487e+02] 9.106518086543403
[-3.15002527e+00  3.12626638e-01  7.02548930e-02 -9.32835733e+00
  3.33596838e+02] 9.333858883267194
[-3.15913379e+00 -2.86803647e-01  2.51662185e-01 -9.41390160e+00
  3.30743758e+02] 9.421631153909187
[-3.17324526e+00  1.28242363e-01 -5.01687839e-02 -9.56922367e+00
  3.33568727e+02] 9.57021444843402
[-3.18308076e+00 -2.04146714e-01  1.49735739e-01 -9.28088324e+00
  3.31766771e+02] 9.28433575056984
[-3.31428615e+00 -1.51943337e-02  1.59258187e-01 -9.48092049e+00
  3.33076358e+02] 9.482270158447315
[-3.19178513e+00 -6.14523731e-02  1.58182065e-01 -9.27844021e+00
  3.30596747e+02] 9.279991954339458
[-3.15124100e+00  1.13149642e-01 -1.79388006e-01 -9.11663977e+00
  3.32027155e+02] 9.119106516183306
[-3.14520439e+00  3.77852723e-01  5.41072782e-02 -9.33058113e+00
  3.31985870e+02] 9.338385537718072
[-3.13525637e+00  1.93216301e-01 -1.88932742e-02 -9.21810413e+00
  3.32904864e+02] 9.220148220786744
[-3.18809855e+00  2.70367044e-02  1.89313983e-01 -9.32067331e+00
  3.33963066e+02] 9.322634911462602
[-3.13542099e+00  2.01182989e-01  8.24201319e-02 -9.11662556e+00
  3.32105625e+02] 9.119217581902811
[-3.14270427e+00  3.21617087e-02  2.79971893e-01 -9.28368206e+00
  3.32644561e+02] 9.287958397273135
[-3.18076940e+00 -1.82879154e-01 -2.30199707e-01 -9.65671507e+00
  3.37344932e+02] 9.661189502553553
[-3.12172656e+00  5.62210243e-02  4.15113216e-01 -9.09102063e+00
  3.31783031e+02] 9.10066678279307
[-3.20068765e+00  1.32397764e-01  7.44589931e-02 -9.14458050e+00
  3.32138142e+02] 9.14584199714283
[-3.15161132e+00  1.01255725e-01  1.62344479e-01 -9.26782769e+00
  3.35284969e+02] 9.269802506789556
[-3.19226486e+00 -3.80031106e-02  2.70314947e-01 -9.28196411e+00
  3.33377360e+02] 9.2859771762098
[-3.20524238e+00  1.97329291e-01  8.49451144e-02 -9.10871585e+00
  3.30552257e+02] 9.111249031699755
[-3.19784142e+00 -3.23156169e-02  3.59735333e-01 -9.30161292e+00
  3.32610750e+02] 9.3086227098108
[-3.16707631e+00  2.06403446e-02  6.95669194e-02 -9.17977700e+00
  3.29991285e+02] 9.180063795830135
[-3.18232749e+00 -1.63371731e-01 -1.13173140e-01 -9.07928780e+00
  3.28277063e+02] 9.081462741190654
[-3.19055479e+00 -3.06898679e-01 -1.29590869e-01 -9.66750581e+00
  3.34570778e+02] 9.67324398530985
[-3.24128201e+00  1.49396731e-01  2.54297465e-01 -9.21868977e+00
  3.32560915e+02] 9.223406510053676
[-3.17442851e+00 -4.83352221e-02 -2.03751310e-01 -9.37078449e+00
  3.32478145e+02] 9.373123961012618
[-3.16749497e+00  3.59282266e-01 -7.60248412e-02 -9.34657493e+00
  3.32630459e+02] 9.35378674512524
[-3.24546369e+00 -8.85318742e-02  8.25381967e-02 -9.18081108e+00
  3.30585525e+02] 9.181608930567283
[-3.20956277e+00  1.38476962e-01 -7.36358510e-02 -9.20562248e+00
  3.31454377e+02] 9.206958424090383
[-3.10019635e+00 -1.03287630e-01  1.69660370e-01 -9.00620939e+00
  3.31315294e+02] 9.008399444562249
[-3.19427803e+00 -1.06013816e-01  3.40037720e-02 -9.63212167e+00
  3.34358459e+02] 9.632765076288324
[-3.08330110e+00  3.96785260e-02 -2.29557725e-01 -8.86611170e+00
  3.30598150e+02] 8.86917176994608
[-3.18915350e+00 -1.37894704e-01  2.25542287e-01 -9.24509730e+00
  3.32205073e+02] 9.24887605952871
[-3.11985226e+00 -1.95612266e-01 -3.75381583e-02 -9.09685862e+00
  3.31859820e+02] 9.09903895767596
[-3.28576721e+00  3.40213314e-01  1.12346564e-01 -9.49195768e+00
  3.30640559e+02] 9.49871714974379
[-3.19405966e+00  3.98694287e-02 -4.67121187e-02 -9.20027038e+00
  3.31069097e+02] 9.200475345237981
[-3.22038638e+00 -1.41268670e-01  9.07871353e-02 -9.62117981e+00
  3.34383870e+02] 9.622645165878033
[-3.20011420e+00  1.78785967e-01 -1.33217414e-01 -9.26758553e+00
  3.31809200e+02] 9.270267137118344
[-3.20304410e+00  2.79772699e-01  3.94521088e-02 -8.96974011e+00
  3.31207153e+02] 8.974188926271918
[-3.09558817e+00 -1.28554249e-01  8.98171509e-02 -9.54404395e+00
  3.34975812e+02] 9.545332277423755
[-3.24673472e+00 -2.49162717e-01  4.48974584e-02 -9.44440474e+00
  3.34181071e+02] 9.447797560891502
[-3.12208812e+00 -3.86994836e-02  7.69177708e-02 -9.34769301e+00
  3.34085130e+02] 9.348089569342305
[-3.20341584e+00 -2.26484103e-01  3.02890573e-01 -9.41108650e+00
  3.33131520e+02] 9.418682862903019
[-3.19667844e+00  7.01786777e-02  2.12139660e-01 -9.00723681e+00
  3.29611041e+02] 9.010007947456884
[-3.07961084e+00 -7.47034496e-02 -1.04871613e-01 -8.92409773e+00
  3.30427272e+02] 8.925026554830657
[-3.15403948e+00 -1.61797769e-01  1.00893491e-01 -9.56603973e+00
  3.34027052e+02] 9.567939906311583
[-3.22652154e+00  1.32907501e-01  8.89643075e-02 -9.54065095e+00
  3.31986686e+02] 9.541991386701214
[-3.21800917e+00  5.97877373e-02  5.79419050e-02 -9.19539123e+00
  3.30027675e+02] 9.19576814226206
[-3.10949028e+00  2.67687970e-01  1.30594659e-02 -9.17456425e+00
  3.31761484e+02] 9.17847790166433
[-3.10780089e+00 -2.36475353e-01  9.16152476e-02 -9.45317667e+00
  3.34995024e+02] 9.456577768447005
[-3.06704377e+00  1.14684993e-01 -2.64867822e-03 -9.03047610e+00
  3.32145930e+02] 9.031204691384723
[-3.11199297e+00  1.56555221e-01  9.59034833e-02 -9.08552080e+00
  3.31172507e+02] 9.087375592179745
[-3.10966146e+00  6.53509165e-02 -1.61458084e-01 -9.15861618e+00
  3.29727425e+02] 9.160272361867008
[-3.16323002e+00  1.50870678e-01 -1.34731491e-01 -9.17450664e+00
  3.32081403e+02] 9.176736163695777
[-3.18975351e+00  2.28016508e-01 -1.08678341e-01 -9.14403754e+00
  3.32797970e+02] 9.147525621101687
[-3.22054772e+00 -9.88764901e-02 -6.22218538e-02 -9.26973877e+00
  3.32535519e+02] 9.270474904511145
[-3.17145803e+00  3.17530214e-02  2.31010812e-01 -9.18634044e+00
  3.27258732e+02] 9.189299479972776
[-3.19222980e+00 -1.15429882e-01  5.44002495e-02 -9.34960653e+00
  3.31879720e+02] 9.350477295834247
[-3.12954892e+00 -1.82259226e-02  6.32507790e-02 -8.84189431e+00
  3.31911704e+02] 8.842139328216183
[-3.12318909e+00 -3.87747726e-01 -4.70735782e-02 -8.94522576e+00
  3.29629767e+02] 8.95374939277185
[-3.16740780e+00  1.44782679e-01  4.08502861e-02 -9.49879374e+00
  3.35530143e+02] 9.499984911048234
[-3.21086926e+00 -7.54245976e-02 -2.36047810e-02 -9.24400405e+00
  3.31576134e+02] 9.244341886799937
[-3.21802215e+00  2.94433174e-01 -1.75576493e-01 -9.54379568e+00
  3.35370325e+02] 9.549950471446566
[-3.18282136e+00  1.39819284e-01 -1.04677021e-01 -9.40812447e+00
  3.30291935e+02] 9.409745628989631
[-3.26750401e+00  5.79711205e-02 -2.60478766e-02 -9.55943110e+00
  3.33655196e+02] 9.559642358920172
[-3.23046758e+00  1.79564241e-01 -1.71578653e-01 -9.13744159e+00
  3.31810601e+02] 9.1408162309843
[-3.23322949e+00  1.45489352e-01 -3.69850275e-02 -9.30798719e+00
  3.31266812e+02] 9.309197630902238
[-3.18480821e+00 -1.90693502e-01  5.12690525e-02 -9.34574685e+00
  3.33175527e+02] 9.347832728028209
[-3.15312692e+00  1.02511723e-01 -1.74973040e-01 -9.24376395e+00
  3.33441013e+02] 9.24598811022055
[-3.19335492e+00  2.48614495e-02  2.00888679e-01 -9.20971549e+00
  3.30008226e+02] 9.211939740026564
[-3.30855209e+00  4.84561543e-02  5.44639613e-02 -9.38924456e+00
  3.31828210e+02] 9.389527558939761
[-3.25530193e+00 -1.42083769e-01  9.55583821e-03 -9.48072773e+00
  3.33441285e+02] 9.481797162707013
[-3.17803407e+00  3.97701140e-02  4.96708025e-02 -9.39493516e+00
  3.33416643e+02] 9.39515064267884
[-3.22514797e+00 -1.28609333e-02  2.17308344e-01 -9.25550790e+00
  3.33655823e+02] 9.258067554288942
[-3.11813155e+00  2.62148413e-01  1.38404615e-01 -9.23581038e+00
  3.32567061e+02] 9.240566597520496
[-3.21463937e+00 -9.80352906e-02  6.72917725e-02 -9.48653997e+00
  3.35658332e+02] 9.487285156538189
[-3.15026305e+00 -2.24357869e-01  1.99751440e-01 -9.14446545e+00
  3.33047957e+02] 9.149398097081377
[-3.12762796e+00 -4.57771730e-02 -1.45536735e-01 -9.61421119e+00
  3.37362733e+02] 9.615421637265916
[-3.12353286e+00  1.77177237e-01 -2.01475741e-01 -9.30082373e+00
  3.32929363e+02] 9.304692699379892
[-3.14696327e+00  3.57298642e-02 -7.71478761e-02 -9.19332634e+00
  3.32167739e+02] 9.193719465423754
[-3.16344045e+00 -3.93295337e-03  7.38676141e-02 -9.11538653e+00
  3.32048036e+02] 9.115686673187838
[-3.17253944e+00  1.19745788e-02  5.87436604e-03 -8.87912332e+00
  3.27460643e+02] 8.879133339304273
[-3.14777071e+00  2.06431631e-01 -7.41664685e-03 -9.11754380e+00
  3.28962929e+02] 9.119883441080523
[-3.13146422e+00 -1.95093912e-01  2.17919096e-01 -9.19086990e+00
  3.32092909e+02] 9.195522821642776
[-3.21592496e+00 -3.44330270e-01 -3.33471658e-02 -9.27569569e+00
  3.30692607e+02] 9.28214446854865
[-3.19089216e+00  1.95672887e-01 -1.36393533e-01 -9.17973605e+00
  3.32681591e+02] 9.18283425684668
[-3.17120937e+00 -3.71736249e-02 -9.58412873e-02 -9.24960318e+00
  3.32160305e+02] 9.250174399105266
[-3.25537366e+00  2.15575318e-01  2.15743824e-01 -9.34014962e+00
  3.31837652e+02] 9.345127774789049
[-3.14559155e+00 -8.47825144e-02 -1.83460114e-02 -8.90456269e+00
  3.29903212e+02] 8.904985193901963
[-3.14599001e+00 -1.63028766e-01 -2.03348288e-01 -8.84184952e+00
  3.28795305e+02] 8.84569001853219
[-3.21115990e+00 -5.85063923e-02  1.48062252e-01 -9.22428701e+00
  3.28661013e+02] 9.225660754581837
[-3.17670354e+00  1.38279754e-01 -7.02985411e-02 -9.25022637e+00
  3.32235096e+02] 9.25152695531258
[-3.15996485e+00  7.34591664e-02  3.48863969e-02 -9.20110922e+00
  3.31768064e+02] 9.201468587951855
[-3.26779905e+00 -5.21193500e-02 -2.05022763e-01 -9.25864848e+00
  3.30909327e+02] 9.261064863237637
[-3.25900763e+00  2.14630068e-02  1.31592517e-01 -9.41080354e+00
  3.32668926e+02] 9.411748001954916
[-3.19406963e+00 -1.35665210e-01  7.83110618e-02 -9.34931558e+00
  3.32467276e+02] 9.350627756650848
[-3.14854997e+00 -2.46272822e-01 -3.79828691e-01 -9.20117124e+00
  3.30536831e+02] 9.212300055376287
[-3.13396353e+00  2.47031381e-01  9.13608550e-02 -9.42551311e+00
  3.32785281e+02] 9.429192366607715
[-3.17136740e+00 -2.49900691e-01  2.96771623e-02 -8.90580567e+00
  3.31253267e+02] 8.909360566703551
[-3.19938745e+00  5.60751453e-03  2.15388751e-01 -8.92852704e+00
  3.30562477e+02] 8.931126402096865
[-3.15613110e+00 -2.19531193e-01  9.22317021e-02 -9.46577856e+00
  3.35177395e+02] 9.468773123511642
[-3.15297197e+00 -1.90501274e-01 -1.47673884e-02 -9.09546498e+00
  3.31235881e+02] 9.09747173391829
[-3.17174319e+00  1.00558508e-01 -2.91576111e-01 -9.20882066e+00
  3.31882548e+02] 9.213984292756638
[-3.26486775e+00  1.39486577e-01 -1.54219824e-02 -9.31835646e+00
  3.31993493e+02] 9.319413151097843
[-3.19878085e+00  4.42680758e-02  2.87329691e-02 -9.36314703e+00
  3.31692088e+02] 9.363295759972189
[-3.13096925e+00 -2.61148930e-01  2.18890645e-01 -9.16291038e+00
  3.31531797e+02] 9.16924416161931
[-3.13997773e+00  9.45666932e-02 -2.51487118e-01 -9.23101989e+00
  3.33110438e+02] 9.234929176771308
[-3.20488306e+00 -1.33518963e-01  1.26044161e-01 -9.52170579e+00
  3.32397024e+02] 9.523476027164334
[-3.14111413e+00 -5.59755812e-02 -2.86937886e-01 -9.22341261e+00
  3.32602676e+02] 9.228044580267294
[-3.14707123e+00  1.03990659e-01 -2.87464641e-01 -9.00165563e+00
  3.29703472e+02] 9.006844840077466
[-3.24021274e+00 -1.62166502e-01 -8.80036929e-02 -9.07160212e+00
  3.31022597e+02] 9.073478252829995
[-3.12655950e+00  2.90451794e-01 -1.96072021e-01 -9.51559240e+00
  3.36169444e+02] 9.522043117611867
[-3.32070458e+00  2.67980172e-01  1.97616785e-01 -9.35779035e+00
  3.29668054e+02] 9.363712192586327
[-3.15149297e+00  3.19260691e-01  1.27295962e-01 -9.36552067e+00
  3.34297555e+02] 9.371825281751102
[-3.15345981e+00  5.36734706e-03  4.29255014e-02 -9.16605082e+00
  3.32650616e+02] 9.16615290201715
[-3.11900113e+00 -9.54651025e-02  6.49630274e-02 -9.16948298e+00
  3.31640707e+02] 9.170210023374985
[-3.20756866e+00 -8.78612326e-02 -3.58565943e-01 -9.19765346e+00
  3.30506005e+02] 9.205059384905326
[-3.20086571e+00 -7.12690399e-02 -1.56017671e-01 -9.27766686e+00
  3.31360667e+02] 9.279252298896601
[-3.23969590e+00  1.00872880e-02 -3.12800032e-03 -9.36372752e+00
  3.31417878e+02] 9.363733472591905
[-3.15322701e+00  1.32069300e-01 -5.77747502e-02 -9.26700918e+00
  3.30963130e+02] 9.268130309698437
[-3.26519092e+00 -2.36464274e-01  1.59770512e-02 -9.18028991e+00
  3.29939857e+02] 9.183348707823587
[-3.23017014e+00  2.60848560e-01 -1.56584727e-01 -9.55876730e+00
  3.33262870e+02] 9.563607743941414
[-3.24257726e+00  2.11263726e-01 -2.23345653e-02 -9.21357291e+00
  3.30444107e+02] 9.216021755029686
[-3.14768851e+00  3.39655605e-02  2.47658026e-01 -9.07362681e+00
  3.28314256e+02] 9.07706955282594
[-3.20033864e+00  1.61402284e-01  7.98837036e-03 -9.05191949e+00
  3.30843224e+02] 9.053361863031636
[-3.20258381e+00  7.72187937e-04 -3.10324434e-01 -9.25071129e+00
  3.33960944e+02] 9.255914927730283
[-3.22610323e+00 -9.18997288e-02 -2.86934153e-02 -9.11139597e+00
  3.28801794e+02] 9.111904593042395
[-3.16793470e+00  2.32534000e-01 -5.73782658e-02 -9.18707245e+00
  3.33873588e+02] 9.190193934424421
[-3.22844798e+00 -9.83058038e-03  1.45412812e-01 -9.13858147e+00
  3.29916597e+02] 9.1397435832952
[-3.25382591e+00  5.37045121e-02 -2.29488341e-01 -9.36967371e+00
  3.31485435e+02] 9.372637540568059
[-3.18462170e+00  8.06027881e-03  9.72457504e-02 -9.51599418e+00
  3.34883814e+02] 9.516494471593013
[-3.18661750e+00  1.18460543e-01  1.38987719e-01 -9.32471391e+00
  3.33946322e+02] 9.326502025440158
[-3.27229033e+00 -1.64035408e-02 -1.43393329e-01 -9.19597662e+00
  3.32748735e+02] 9.197109147766463
[-3.24361937e+00  1.60005254e-01 -2.24296463e-01 -9.42897984e+00
  3.32832327e+02] 9.433004372537312
[-3.04649137e+00  1.11659977e-01  1.58849143e-01 -9.24348457e+00
  3.32285944e+02] 9.245523676237237
[-3.18803003e+00 -3.48539647e-02  2.90807377e-01 -9.20919335e+00
  3.30570423e+02] 9.213849677912814
[-3.18545409e+00  2.39869728e-01  1.12233805e-01 -9.54396207e+00
  3.34712146e+02] 9.547635615353176
[-3.10346694e+00 -2.31348375e-02  1.54488834e-01 -9.00541508e+00
  3.30646132e+02] 9.006769834506796
[-3.19149038e+00  2.48209887e-01  3.88449495e-01 -9.37302150e+00
  3.35261886e+02] 9.384350443256379
[-3.21892261e+00  2.57678759e-01 -7.92486148e-02 -9.24747099e+00
  3.33344520e+02] 9.251399810257363
[-3.13342052e+00  1.44095312e-01  2.85219454e-01 -9.02823155e+00
  3.31129562e+02] 9.033885022664183
[-3.21182754e+00 -1.07938375e-01  1.72742428e-01 -9.18701852e+00
  3.32679400e+02] 9.189276349965008
[-3.15241761e+00  3.44863604e-01 -9.24255420e-02 -9.41757875e+00
  3.31665343e+02] 9.424344160515506
[-3.18559355e+00 -1.33132046e-01  2.66512977e-02 -9.52726185e+00
  3.35770439e+02] 9.52822925888039
[-3.22706546e+00 -6.79167568e-02 -3.77868181e-01 -9.58505348e+00
  3.35070928e+02] 9.592739303686468
[-3.13551037e+00 -3.22100604e-01  2.91614444e-01 -9.10975067e+00
  3.32256341e+02] 9.12010663954381
[-3.22569388e+00  8.02260058e-03  9.93276293e-02 -9.03851005e+00
  3.30921922e+02] 9.039059365471614
[-3.15758199e+00  2.82297422e-01  3.54898509e-02 -9.29448672e+00
  3.32233590e+02] 9.298840509896197
[-3.25413298e+00 -1.78168206e-01  4.03636277e-02 -9.53469267e+00
  3.36218455e+02] 9.53644260022475
[-3.09300564e+00 -4.42424842e-03 -1.33526802e-01 -9.12166775e+00
  3.30646246e+02] 9.122646082109924
[-3.21588178e+00 -5.96304378e-02 -2.05843514e-01 -9.43390824e+00
  3.33928066e+02] 9.43634208855351
[-3.11317010e+00 -1.19112650e-01 -1.02133141e-01 -9.28077082e+00
  3.34107656e+02] 9.282097073694345
[-3.19990682e+00 -1.95080949e-01 -3.70887403e-01 -9.36722791e+00
  3.33405310e+02] 9.376597077202268
[-3.20802606e+00 -1.58863833e-01 -2.23609507e-02 -9.49439963e+00
  3.33475531e+02] 9.495754947639389
[-3.17018758e+00  4.39943812e-02 -1.26094542e-01 -9.10914699e+00
  3.32752419e+02] 9.11012591442627
[-3.18327534e+00  1.18206278e-01  3.33698135e-01 -9.30151061e+00
  3.33258558e+02] 9.308245093244066
[-3.15157343e+00  1.25747004e-02 -4.83428613e-02 -9.41438852e+00
  3.33812538e+02] 9.414521040749866
[-3.24535548e+00  1.11738685e-01  1.43772576e-02 -9.72449143e+00
  3.36391003e+02] 9.725144004322672
[-3.21251301e+00 -1.10154819e-02 -1.18667925e-01 -8.83755621e+00
  3.29593289e+02] 8.838359754323916
[-3.24754388e+00  9.29584521e-02 -1.93348575e-01 -9.29528489e+00
  3.31750902e+02] 9.29776027208186
[-3.20616435e+00  1.62834453e-01  1.45231719e-01 -9.09740954e+00
  3.31301884e+02] 9.100025698192681
[-3.26083118e+00 -5.65016874e-02 -2.00943742e-01 -9.49987302e+00
  3.32274986e+02] 9.502165979719187
[-3.17439034e+00 -2.56355955e-01  2.60078907e-01 -9.06670100e+00
  3.27802136e+02] 9.074052369921429
[-3.17871913e+00  2.14488696e-01 -3.52982220e-01 -9.43649308e+00
  3.34761925e+02] 9.445528226462562
[-3.15709865e+00  1.46870899e-01 -7.54535859e-02 -9.01803606e+00
  3.31246776e+02] 9.019547586684418
[-3.17481837e+00 -2.40090028e-01  1.24540405e-01 -9.26777641e+00
  3.31842875e+02] 9.271722226360364
[-3.18850881e+00 -4.86069018e-02  2.97581572e-01 -9.47301371e+00
  3.30005930e+02] 9.477811254703871
[-3.09130208e+00 -2.21047931e-01 -3.53589896e-01 -9.15204165e+00
  3.29933523e+02] 9.161536682703264
[-3.16483138e+00  6.94169697e-02 -2.88100314e-01 -9.44352000e+00
  3.34052593e+02] 9.44816863405728
[-3.19837583e+00  2.45618783e-02  2.39191426e-02 -9.31498823e+00
  3.31266025e+02] 9.315051321587998
[-3.17798934e+00 -2.52266985e-01  2.17392856e-01 -9.49464643e+00
  3.35672272e+02] 9.500484678782394
[-3.22270710e+00  2.50500197e-01  1.28135771e-01 -9.11242746e+00
  3.29631775e+02] 9.116770442227878
[-3.20873116e+00 -1.26453752e-02  1.36922635e-01 -9.17365196e+00
  3.29391500e+02] 9.174682448162022
[-3.21142378e+00 -1.98374812e-01 -8.32944967e-02 -9.46839905e+00
  3.31888702e+02] 9.470843207693868
[-3.32270007e+00 -2.46488135e-02 -7.92366778e-02 -9.53453030e+00
  3.33986863e+02] 9.534891398300884
[-3.25951154e+00  3.50824073e-02  5.36557376e-02 -9.16260954e+00
  3.29931916e+02] 9.162833799640431
[-3.18609938e+00  1.68412052e-01 -1.02393742e-01 -9.01518306e+00
  3.31629972e+02] 9.017337337012219
[-3.19269994e+00  2.59794954e-01 -7.70946765e-02 -9.43835903e+00
  3.31875573e+02] 9.442248581043442
[-3.21108233e+00  2.16575805e-01 -1.16002699e-01 -9.11040120e+00
  3.29327179e+02] 9.113713389251304
[-3.17690856e+00  2.33600630e-02  3.74362287e-02 -9.40281331e+00
  3.32530203e+02] 9.402916853006111
[-3.13824314e+00 -1.86658042e-01  1.88421904e-01 -9.27219893e+00
  3.33419824e+02] 9.275991435797037
[-3.13534735e+00  1.24471501e-01  1.23480345e-01 -9.34237974e+00
  3.33895323e+02] 9.344024816751372
[-3.13780659e+00  2.86526062e-02 -1.66976874e-01 -9.28988457e+00
  3.32536032e+02] 9.291429252019302
[-3.17183971e+00  7.03407978e-02  1.32397173e-01 -9.34123120e+00
  3.31431563e+02] 9.3424342211791
[-3.10652700e+00 -2.15584728e-02 -8.01530471e-02 -9.10304183e+00
  3.29849861e+02] 9.103420230615214
[-3.18907758e+00 -1.78343386e-01 -3.52155910e-01 -9.26111869e+00
  3.30259637e+02] 9.269527470083124
[-3.20324932e+00 -2.45267277e-02 -9.33850008e-03 -9.50352953e+00
  3.33163146e+02] 9.503565769142673
[-3.25962703e+00 -6.59947421e-02  3.04515085e-02 -9.37257118e+00
  3.33782239e+02] 9.372852987594191
[-3.06480150e+00 -1.49432378e-01  1.85817796e-02 -9.44352217e+00
  3.34402443e+02] 9.444722669427563
[-3.21577046e+00 -4.12592603e-02  1.72028659e-01 -9.23435451e+00
  3.32894187e+02] 9.236048906387019
[-3.17580741e+00 -5.30401187e-02 -7.10073601e-02 -9.41026669e+00
  3.33012331e+02] 9.410684057669522
[-3.17609110e+00  1.00162682e-01 -1.29588055e-01 -9.26412558e+00
  3.31352970e+02] 9.265573294416157
[-3.24616535e+00 -2.82786797e-02  1.33443447e-01 -9.32628984e+00
  3.31854646e+02] 9.327287329805188
[-3.21720409e+00  6.04146716e-02 -2.70418676e-01 -9.22640826e+00
  3.31079607e+02] 9.230567998865876
[-3.12104050e+00 -1.44979923e-01  5.24627317e-02 -9.27401903e+00
  3.33763748e+02] 9.275300557817522
[-3.17405461e+00 -1.45509616e-01 -4.19276980e-02 -9.53653722e+00
  3.32205755e+02] 9.53773941087493
[-3.16893935e+00 -1.39383491e-01  4.25486563e-02 -9.43320950e+00
  3.34016118e+02] 9.434335140898467
[-3.17426727e+00 -6.65894420e-02  1.38768039e-02 -9.28628718e+00
  3.32255979e+02] 9.286536295532454
[-3.14817502e+00  1.17143032e-01  1.67637712e-01 -9.26805417e+00
  3.33297576e+02] 9.270310292639094
[-3.18714067e+00 -1.14457828e-01  1.14626291e-01 -9.35283482e+00
  3.33615130e+02] 9.354237482581018
[-3.14178163e+00  2.64370465e-01 -9.58966052e-03 -9.39650104e+00
  3.32324263e+02] 9.400224229580376
[-3.21305539e+00  2.06652073e-01  1.15563416e-01 -9.33349348e+00
  3.33328847e+02] 9.336496160802097
[-3.16713692e+00 -3.00205328e-02  9.17797208e-02 -9.13765463e+00
  3.32286354e+02] 9.138164853532333
[-3.16334982e+00  2.12298560e-01  1.57209189e-01 -9.23780529e+00
  3.34156618e+02] 9.241581686030605
[-3.18261039e+00 -5.41887427e-02 -2.23528108e-01 -9.25461062e+00
  3.33022237e+02] 9.257468279591844
[-3.21710109e+00  4.61077444e-02 -2.37116329e-01 -9.55792766e+00
  3.34537984e+02] 9.560979615293993
[-3.15192083e+00 -6.17463084e-02 -1.23743992e-02 -9.56274114e+00
  3.35546410e+02] 9.562948493266257
[-3.17396867e+00  1.81242119e-03  1.38440290e-01 -9.30304640e+00
  3.34150453e+02] 9.304076593667732
[-3.17473673e+00  3.09630898e-02  2.51974751e-01 -9.07420844e+00
  3.30922617e+02] 9.077759015192132
[-3.12376717e+00 -5.33482693e-02 -2.10087109e-01 -9.04076173e+00
  3.31656108e+02] 9.043359734581006
[-3.18120046e+00 -4.80475552e-02  1.42613145e-01 -9.17504533e+00
  3.31127031e+02] 9.17627941696599
[-3.19978222e+00  8.75175407e-02  4.58945954e-02 -9.09048720e+00
  3.29276138e+02] 9.091024316543697
[-3.19971145e+00  2.94116986e-01 -1.44533881e-01 -9.03991616e+00
  3.29947752e+02] 9.045854245048858
[-3.19492484e+00 -1.70277847e-01  8.69923976e-02 -9.40199097e+00
  3.34020805e+02] 9.403935159317607
[-3.15174559e+00 -1.99785585e-01  5.84368473e-02 -9.05958358e+00
  3.27817473e+02] 9.061974606350894
[-3.21134095e+00 -4.12385638e-03  1.41939036e-01 -9.24894169e+00
  3.32229441e+02] 9.250031682626409
[-3.19824688e+00  1.37936821e-01  6.43186665e-02 -9.42084737e+00
  3.32274508e+02] 9.42207666227099
[-3.14841905e+00 -1.52459827e-01  3.36215931e-03 -9.43737192e+00
  3.35760480e+02] 9.438603920555337
[-3.17593158e+00 -1.53715073e-01 -1.94805820e-01 -9.23907451e+00
  3.32219989e+02] 9.242406368310474
[-3.15738125e+00 -5.27064571e-02 -7.25083466e-03 -8.98017159e+00
  3.30582764e+02] 8.980329188407635
[-3.29147899e+00  6.20919696e-02  9.69363823e-02 -9.35323508e+00
  3.32626504e+02] 9.35394347277785
[-3.16149358e+00 -3.61748284e-01  7.74966265e-02 -9.21193546e+00
  3.31500993e+02] 9.219361282578761
[-3.13866172e+00  6.30877457e-02  5.06379637e-02 -9.64766941e+00
  3.36385874e+02] 9.648008571978064
[-3.20478530e+00  2.62156508e-01  2.16962370e-01 -9.38522558e+00
  3.31673551e+02] 9.391392759001306
[-3.14992393e+00  3.82818637e-02 -1.99388359e-01 -9.41303626e+00
  3.33694403e+02] 9.41522559143335
[-3.25747633e+00  1.07367697e-01 -1.56806633e-01 -9.29911463e+00
  3.32084630e+02] 9.301056338066276
[-3.27748683e+00  4.69704400e-02 -2.94656357e-01 -9.39505423e+00
  3.33736018e+02] 9.399791093472935
[-3.14805194e+00  2.33099855e-01  1.23956271e-01 -9.32727393e+00
  3.34047052e+02] 9.331009575656534
[-3.21481432e+00  9.37781665e-02 -6.21014479e-02 -9.20161383e+00
  3.29723141e+02] 9.202301233251392
[-3.19636258e+00 -7.08589619e-02 -1.00627364e-01 -9.24691267e+00
  3.32544960e+02] 9.247731655521319
[-3.19863653e+00 -4.23350383e-02  4.72130131e-02 -8.89992116e+00
  3.28389686e+02] 8.900147076728235
[-3.13732910e+00  1.62856197e-02 -6.28406394e-02 -9.22426627e+00
  3.33352119e+02] 9.224494696489852
[-3.23440651e+00  2.67034384e-02  7.34083664e-02 -9.43531747e+00
  3.32972060e+02] 9.435640819651352
[-3.15860651e+00 -2.72191222e-01  1.19951920e-01 -9.45217670e+00
  3.30781689e+02] 9.456855766122056
[-3.19318211e+00 -1.95133769e-01 -4.64213442e-02 -9.22946061e+00
  3.32075408e+02] 9.231639899748226
[-3.23190899e+00  3.06790927e-02  1.92097722e-01 -9.33638334e+00
  3.31704916e+02] 9.338409743097666
[-3.14340827e+00  9.32600049e-03  1.37121630e-01 -9.27472691e+00
  3.30695335e+02] 9.275745179836306
[-3.10406883e+00  4.70527083e-02 -2.72540148e-01 -9.18987920e+00
  3.31300728e+02] 9.194040012554765
[-3.11909178e+00  1.89049954e-01  1.29750224e-01 -9.50981806e+00
  3.34734975e+02] 9.51258191185072
[-3.12658887e+00  1.23829693e-01  1.65702998e-01 -9.43993289e+00
  3.33126352e+02] 9.442199116766076
[-3.17941520e+00 -5.15468827e-02  1.34715007e-02 -9.17634708e+00
  3.31557449e+02] 9.176501746040287
[-3.11566498e+00  8.01871154e-02  2.37298155e-01 -9.10698623e+00
  3.31937631e+02] 9.11043020787307
[-3.25199830e+00  2.25913105e-02  1.16431267e-02 -9.23598274e+00
  3.30134336e+02] 9.236017712688934
[-3.20442697e+00 -9.23787592e-02  4.63622524e-02 -9.38665923e+00
  3.31072931e+02] 9.38722828503936
[-3.16112721e+00  3.75822352e-02  5.27725573e-02 -9.19390442e+00
  3.32436898e+02] 9.194132682588869
[-3.26432822e+00  1.12815953e-01  2.11569858e-01 -9.51830391e+00
  3.34335220e+02] 9.521323365861692
[-3.23414364e+00 -3.21304858e-01 -1.37462140e-01 -9.24557894e+00
  3.30516966e+02] 9.252181505516374
[-3.22307144e+00 -1.52492738e-01  2.50185787e-01 -9.13891722e+00
  3.32150244e+02] 9.143612796906003
[-3.15189013e+00 -2.73769552e-01  1.78081555e-01 -9.24627210e+00
  3.31669250e+02] 9.252038187909054
[-3.20956697e+00 -3.94816586e-02  6.65252491e-02 -9.27269319e+00
  3.33549411e+02] 9.273015871351387
[-3.08744539e+00 -2.27736725e-01 -9.17702927e-04 -9.15239128e+00
  3.32228964e+02] 9.155224248902336
[-3.16035857e+00  8.55165724e-03 -6.59881643e-02 -9.12132663e+00
  3.30783413e+02] 9.121569335122693
[-3.18072045e+00 -6.55924770e-02 -1.74492898e-01 -9.46775621e+00
  3.35550896e+02] 9.469591212662785
[-3.20578871e+00  1.89770828e-01 -3.87459801e-02 -9.02692403e+00
  3.29690023e+02] 9.029001694040394
[-3.12109428e+00 -1.72070791e-01  1.21412689e-01 -8.86504491e+00
  3.29031222e+02] 8.867545923782822
[-3.18392403e+00 -1.94305653e-01  3.43595339e-02 -9.07663015e+00
  3.30064469e+02] 9.078774701190113
[-3.21535357e+00 -1.07388487e-02 -2.89308669e-01 -9.42552932e+00
  3.33643796e+02] 9.429974431755108
[-3.22435791e+00 -3.62749399e-01  1.34507343e-01 -9.32994014e+00
  3.33638148e+02] 9.337958149361821
[-3.12612038e+00  6.91134503e-02 -1.70841574e-01 -9.45484865e+00
  3.31961611e+02] 9.456644570276877
[-3.24342138e+00  2.59445003e-01 -6.82419881e-02 -9.40415000e+00
  3.31495873e+02] 9.407975658186695
[-3.15173010e+00  1.25547653e-01  9.92316197e-02 -9.47666519e+00
  3.33398824e+02] 9.478016260682738
[-3.17106799e+00 -1.75314651e-01  1.23824978e-01 -8.90259595e+00
  3.30080163e+02] 8.905182902739705
[-3.18075300e+00  9.47165492e-02  3.29732600e-02 -9.36324653e+00
  3.32889801e+02] 9.363783642830871
[-3.25388352e+00 -4.09945981e-01  1.29233313e-01 -9.45504300e+00
  3.34084629e+02] 9.46480824631882
[-3.16809398e+00  2.91975031e-02 -1.26456378e-01 -9.27552252e+00
  3.30122438e+02] 9.276430442739874
[-3.14927168e+00 -2.24390413e-01 -1.29229487e-01 -9.05009604e+00
  3.30651979e+02] 9.053799735350076
[-3.20454720e+00  4.51908230e-01 -1.00488719e-01 -9.31127661e+00
  3.33482066e+02] 9.32277808148548
[-3.20786061e+00 -2.32663492e-01 -7.53288879e-02 -9.20539201e+00
  3.28324505e+02] 9.208639903319233
[-3.08455768e+00 -5.34384613e-02 -8.47974606e-02 -9.25749439e+00
  3.34172241e+02] 9.258036976045997
[-3.22727974e+00 -9.51076678e-02  2.11078671e-03 -9.57279445e+00
  3.34497745e+02] 9.57326713037724
[-3.15298865e+00  1.14891950e-01  1.22238473e-01 -9.18012738e+00
  3.33220981e+02] 9.181660042394661
[-3.29554014e+00  7.98836634e-02 -1.09059594e-01 -9.61585116e+00
  3.34669138e+02] 9.616801389761665
[-3.21189974e+00 -9.03813605e-02  1.62041881e-01 -9.38698392e+00
  3.28881277e+02] 9.388817465378676
[-3.20327332e+00  1.64047691e-01 -1.07329576e-01 -9.32772567e+00
  3.32711514e+02] 9.329785503256819
[-3.05895000e+00  1.11599488e-01 -5.56809681e-02 -8.99291940e+00
  3.32173042e+02] 8.993784193315488
[-3.24842810e+00  4.42930321e-02  2.06251490e-02 -9.58134736e+00
  3.35129423e+02] 9.581471939366567
[-3.13360938e+00  2.26603124e-01 -1.19968084e-01 -9.31973370e+00
  3.30851119e+02] 9.32326002804363
[-3.23883256e+00 -1.27691086e-01 -2.39554208e-02 -9.39759834e+00
  3.30978062e+02] 9.398496335670544
[-3.14735881e+00  3.79864466e-02  1.15302409e-01 -9.09341888e+00
  3.31076369e+02] 9.094229190035108
[-3.10620646e+00  2.29931834e-01  2.40643238e-02 -9.29625133e+00
  3.34254452e+02] 9.29912558201866
[-3.20813913e+00 -1.33753216e-02 -2.38575140e-01 -9.27487704e+00
  3.32216474e+02] 9.277954576153805
[-3.15267934e+00 -1.07695166e-01  3.89716472e-02 -9.42687745e+00
  3.33991560e+02] 9.42757315148743
[-3.21237081e+00  4.35111191e-02  6.50165115e-02 -9.17318204e+00
  3.32260677e+02] 9.173515637634706
[-3.13766293e+00 -9.10325465e-02  2.86816115e-02 -9.47291110e+00
  3.34343194e+02] 9.473391914261551
[-3.13659841e+00 -1.31796378e-01 -1.75253675e-01 -9.00613123e+00
  3.32097491e+02] 9.008800361093735
[-3.23984648e+00 -1.34443150e-02  7.63475464e-02 -9.34244472e+00
  3.34386474e+02] 9.342766348588365
[-3.18906169e+00 -8.27363593e-04  1.37210461e-01 -9.46190334e+00
  3.35502933e+02] 9.46289819647142
[-3.16439924e+00  2.38620350e-01 -2.68173464e-01 -9.16220956e+00
  3.32812162e+02] 9.169238831653985
[-3.09510082e+00 -1.75843224e-01 -4.07719059e-02 -9.20501118e+00
  3.32806893e+02] 9.206780875617639
[-3.20930834e+00  1.69642390e-01 -3.51064101e-02 -8.97937751e+00
  3.28903254e+02] 8.981048457249603
[-3.15438672e+00 -4.14657829e-02  1.69113513e-02 -9.26088948e+00
  3.33277445e+02] 9.260997753746079
[-3.16849885e+00  9.50533162e-03  9.07731111e-02 -9.04740092e+00
  3.31791859e+02] 9.047861266314914
[-3.21596872e+00  1.03436174e-01  2.71874870e-01 -9.23382331e+00
  3.29652967e+02] 9.238403971763272
[-3.15308440e+00  1.51514555e-02 -1.01080886e-02 -8.99326979e+00
  3.29474689e+02] 8.993288232921861
[-3.14979053e+00 -6.87477824e-03  1.07898599e-01 -9.37174155e+00
  3.34264597e+02] 9.372365180040518
[-3.08089194e+00 -2.33845840e-01 -2.10362128e-01 -9.30601111e+00
  3.33256217e+02] 9.311325297332262
[-3.16952427e+00 -1.46972717e-01 -5.97142475e-02 -9.50299395e+00
  3.33916293e+02] 9.50431800277249
[-3.18797393e+00 -1.04861194e-01  1.10127097e-01 -9.34144567e+00
  3.32525406e+02] 9.34268329170433
[-3.22370106e+00  1.17508995e-01 -2.15686585e-01 -9.26001381e+00
  3.30377526e+02] 9.263270737709236
[-3.30290167e+00 -2.56965294e-01  4.64940966e-02 -9.60666360e+00
  3.33377422e+02] 9.610212193577762
[-3.15187977e+00 -1.89209152e-03 -1.83240616e-01 -9.04084644e+00
  3.30532146e+02] 9.04270341226528
[-3.12201870e+00 -1.81421859e-01 -2.04009637e-02 -8.87658624e+00
  3.30246882e+02] 8.878463461557264
[-3.17666741e+00  2.68886427e-01 -6.53827002e-02 -9.52296324e+00
  3.33023778e+02] 9.52698292926976
[-3.23442753e+00 -1.83090452e-01  7.25108361e-02 -9.50109959e+00
  3.33225285e+02] 9.503140181709597
[-3.22527512e+00 -1.23420528e-01  7.69979403e-02 -9.19107187e+00
  3.30375359e+02] 9.192222982707928
[-3.25396470e+00 -1.94925970e-01 -1.27949318e-01 -8.95384686e+00
  3.27501752e+02] 8.956882313816534
[-3.22974174e+00 -7.08136757e-02 -9.79782136e-02 -9.71332566e+00
  3.36457296e+02] 9.714077915654888
[-3.23644726e+00 -9.47531776e-03 -6.40290595e-02 -9.63917831e+00
  3.36572809e+02] 9.639395620032536
[-3.23083224e+00 -7.15543300e-02  1.32364682e-01 -9.32442335e+00
  3.31066066e+02] 9.325637309470665
[-3.08009173e+00  4.64003938e-02 -3.07595301e-02 -9.49407641e+00
  3.35697683e+02] 9.494239620023372
[-3.15795655e+00  1.55909925e-01 -1.64722122e-01 -9.34233165e+00
  3.33714633e+02] 9.345084374933142
[-3.17344515e+00 -8.58613279e-02 -1.46174742e-01 -9.38123446e+00
  3.34205866e+02] 9.38276607884423
[-3.25049605e+00 -8.62892155e-02 -2.20559017e-01 -9.53524227e+00
  3.35211731e+02] 9.538183122589277
[-3.11297324e+00 -7.43518963e-02 -4.40776706e-02 -9.43892225e+00
  3.35600034e+02] 9.439317996987034
[-3.18762502e+00  9.65789250e-02 -1.92190706e-01 -9.33554184e+00
  3.33156523e+02] 9.338019391655969
[-3.24782197e+00  1.06523911e-01 -1.35456431e-01 -9.23079309e+00
  3.32450685e+02] 9.23240146871331
[-3.15979330e+00 -5.03693426e-02 -8.93549623e-03 -9.22036775e+00
  3.34624844e+02] 9.220509660825455
[-3.17949521e+00 -2.37830882e-01  1.70037504e-01 -9.45076224e+00
  3.32647624e+02] 9.45528335011099
[-3.16465782e+00  3.16383121e-01 -3.61899113e-02 -9.18804721e+00
  3.32755313e+02] 9.193564031110615
[-3.25447477e+00 -3.00655088e-01 -8.24689219e-02 -9.26017539e+00
  3.32168533e+02] 9.265421889707234
[-3.16044036e+00  6.06474825e-02  6.81610202e-02 -9.12208470e+00
  3.31674521e+02] 9.122540946861367
[-3.21322302e+00  2.39683679e-02 -1.74877510e-02 -9.38245021e+00
  3.32944286e+02] 9.38249712045908
[-3.08932357e+00  7.69000547e-03 -2.33826924e-02 -8.92006555e+00
  3.30000494e+02] 8.920099514024258
[-3.19580792e+00 -7.73818804e-02  5.87726289e-02 -9.43571098e+00
  3.32758125e+02] 9.436211307634428
[-3.17941914e+00 -1.08654666e-01 -2.05662703e-01 -9.40869145e+00
  3.33667083e+02] 9.41156617349959
[-3.18963119e+00  1.33822800e-02 -5.32480605e-02 -9.40503289e+00
  3.32762582e+02] 9.405193144193852
[-3.11300707e+00  8.63711895e-02  2.64052395e-01 -8.99358627e+00
  3.32456504e+02] 8.997876283250635
[-3.19702084e+00 -3.66303999e-02 -1.08039121e-01 -9.36324616e+00
  3.31735127e+02] 9.363941101922988
[-3.13239329e+00  6.32724693e-02 -2.31809292e-02 -9.08320056e+00
  3.32080100e+02] 9.083450511525678
[-3.15416289e+00 -3.19634212e-02 -1.75678650e-01 -9.38141822e+00
  3.32553893e+02] 9.383117421804842
[-3.21866522e+00  9.35560995e-02 -3.25652918e-01 -9.10760381e+00
  3.31071429e+02] 9.113904199523873
[-3.20758621e+00  2.15239100e-01 -2.12903630e-01 -9.37637109e+00
  3.31439916e+02] 9.38125740942696
[-3.21751808e+00 -2.62188088e-01 -2.17801526e-01 -9.44976021e+00
  3.33076939e+02] 9.455905466356523
[-3.09802126e+00  2.19843070e-01 -8.04695262e-02 -9.27769954e+00
  3.33157593e+02] 9.28065272447196
[-3.08831018e+00  5.64373779e-02 -2.01876115e-01 -9.08439304e+00
  3.28425813e+02] 9.086811099828404
[-3.23256039e+00  1.58999710e-01 -2.14758040e-01 -9.22961721e+00
  3.31219759e+02] 9.233484488250726
[-3.14016559e+00  7.88360493e-02  1.63987205e-01 -9.23547139e+00
  3.30866109e+02] 9.237263597920178
[-3.24558398e+00  1.20001342e-01  8.28861737e-02 -9.63654027e+00
  3.34166822e+02] 9.637643836973183
[-3.19504601e+00  1.34928459e-02  1.08188493e-01 -9.53412477e+00
  3.35404974e+02] 9.534748130511737
[-3.16182705e+00  5.15390772e-02  1.12739475e-01 -9.03198265e+00
  3.31467283e+02] 9.032833276236927
[-3.17113587e+00 -1.72938264e-01 -1.24908215e-01 -9.14032321e+00
  3.28120534e+02] 9.142812375345976
[-3.26568295e+00  3.46751267e-02 -2.26750004e-01 -9.37281146e+00
  3.32227196e+02] 9.375617989393408
[-3.16225531e+00 -1.44451292e-01  1.98866334e-01 -9.18298104e+00
  3.31750712e+02] 9.18626990883085
[-3.21111652e+00 -2.68383405e-01 -4.85991169e-02 -9.55085286e+00
  3.35230300e+02] 9.554746558458085
[-3.28531962e+00  1.01132181e-01  9.63211540e-02 -9.32704957e+00
  3.30356973e+02] 9.328095152141993
[-3.17633910e+00 -1.59903698e-01 -1.31010971e-01 -9.24462042e+00
  3.32900190e+02] 9.246931372846717
[-3.12115932e+00  1.19913874e-02  1.69001478e-01 -9.11295546e+00
  3.31919281e+02] 9.11453029755204
[-3.11446312e+00  2.18795232e-02 -1.26387966e-01 -9.03451660e+00
  3.31422339e+02] 9.035427099262735
[-3.18392251e+00  2.49888556e-01 -2.02553850e-01 -9.15947743e+00
  3.31202693e+02] 9.165124068737683
[-3.18857996e+00  4.37454656e-02 -6.98377298e-02 -9.39253617e+00
  3.32824694e+02] 9.392897676780011
[-3.20096661e+00  8.72690443e-02  1.57224567e-01 -9.77722072e+00
  3.36934485e+02] 9.778874196693573
[-3.15559251e+00  2.68411998e-02 -1.98873224e-01 -9.54313618e+00
  3.34331315e+02] 9.545245893819374
[-3.22327176e+00  1.78561659e-04  2.72192432e-01 -9.41013132e+00
  3.33518115e+02] 9.414067145412945
[-3.17445684e+00  1.68630633e-01  6.93717768e-02 -9.47775562e+00
  3.34313553e+02] 9.479509497451923
[-3.04430564e+00 -2.14601475e-01 -4.49614854e-02 -9.17942019e+00
  3.32332385e+02] 9.182038465755461
[-3.18941133e+00  2.77376156e-01 -1.97002732e-01 -9.52511302e+00
  3.34343804e+02] 9.531187000082285
[-3.14317858e+00  4.21240199e-02  1.48398406e-01 -9.20978670e+00
  3.30917636e+02] 9.211078526101343
[-3.22712339e+00 -2.23191493e-01  7.23462060e-02 -9.39041376e+00
  3.31611959e+02] 9.393344395358389
[-3.18275502e+00  3.03726219e-03  1.41905190e-01 -9.19250197e+00
  3.30350546e+02] 9.193597704063002
[-3.15292091e+00  7.58491525e-02 -2.45696561e-01 -9.59198490e+00
  3.34684708e+02] 9.595430901841466
[-3.23344019e+00  3.83650559e-02 -1.72403924e-01 -9.31003059e+00
  3.31406273e+02] 9.311705782863449
[-3.17454607e+00 -2.44182951e-01  1.36611113e-01 -9.37046550e+00
  3.33712265e+02] 9.37464194161484
[-3.25506221e+00  1.90632032e-01 -8.70458854e-02 -9.47671191e+00
  3.33553783e+02] 9.479028757841288
[-3.17106902e+00 -2.53273386e-01  1.64742017e-01 -9.20104506e+00
  3.31295479e+02] 9.20600443189632
[-3.16817594e+00 -1.54266479e-01  6.25036797e-02 -9.10625362e+00
  3.31560410e+02] 9.107774689636706
[-3.15910389e+00  2.99572172e-02  2.44014566e-01 -9.12471500e+00
  3.31171081e+02] 9.128026314115683
[-3.30623657e+00 -2.13243341e-01 -6.83302547e-02 -9.40743512e+00
  3.31515871e+02] 9.410099748293492
[-3.20062661e+00 -1.72272780e-01 -4.25237525e-03 -9.27481230e+00
  3.33132763e+02] 9.276413058049464
[-3.17193157e+00  5.96522597e-02 -1.86694122e-01 -9.29916052e+00
  3.33513023e+02] 9.301225698888805
[-3.22415191e+00  4.71845129e-03  1.58330041e-01 -9.24496081e+00
  3.32482895e+02] 9.246317698048422
[-3.17229384e+00  1.17162802e-02 -1.68491820e-03 -9.57984317e+00
  3.35725949e+02] 9.579850479283687
[-3.16102376e+00 -2.51475082e-01  2.78102947e-01 -9.33219475e+00
  3.32428071e+02] 9.339723751275388
[-3.24360145e+00  2.59148327e-01 -1.33480731e-01 -9.29209113e+00
  3.31922994e+02] 9.296662439074268
[-3.24750269e+00 -7.90243335e-03 -1.41207699e-01 -9.20457120e+00
  3.32818054e+02] 9.205657660664656
[-3.09631280e+00 -2.07876960e-01 -2.37787068e-01 -9.23543507e+00
  3.34685918e+02] 9.240834181955707
[-3.16110037e+00 -2.13378503e-01 -7.28924771e-02 -9.14873487e+00
  3.30664819e+02] 9.151513175642705
[-3.18486387e+00 -7.29128359e-02  8.46822917e-02 -9.51875988e+00
  3.34144098e+02] 9.519415795136332
[-3.15341152e+00  1.67584426e-01  6.78528439e-02 -9.26818361e+00
  3.31996722e+02] 9.269946927541676
[-3.25485284e+00  2.09782763e-02  1.69058974e-01 -9.08281498e+00
  3.28789004e+02] 9.084412416211826
[-3.19991055e+00  2.24349601e-01 -6.33888663e-02 -9.33021418e+00
  3.31655206e+02] 9.333126357917365
[-3.15124455e+00 -2.80753982e-01  4.41817926e-02 -9.26083066e+00
  3.32603460e+02] 9.265190732177675
[-3.22072158e+00  1.02424589e-02  1.68410925e-01 -9.62521642e+00
  3.36652333e+02] 9.626695089555056
[-3.20841496e+00  1.99674323e-01 -2.04079233e-02 -9.34520124e+00
  3.32837377e+02] 9.347356449470713
[-3.15664572e+00  1.16246530e-01 -1.80307827e-01 -8.88329778e+00
  3.30310555e+02] 8.885887895588382
[-3.16173304e+00  3.01079209e-01 -1.07319970e-01 -9.46825763e+00
  3.34513809e+02] 9.47365128887764
[-3.27148442e+00 -2.23848214e-01 -4.92539907e-02 -9.41888705e+00
  3.32831289e+02] 9.421675392496464
[-3.15210647e+00  3.11473052e-01 -2.06212664e-01 -9.24705918e+00
  3.31949501e+02] 9.254601161205656
[-3.21871374e+00  3.32191244e-01  6.16450757e-02 -9.24243381e+00
  3.30805996e+02] 9.24860713480636
[-3.17011992e+00 -1.31915433e-01 -2.30458273e-02 -9.29978894e+00
  3.33197201e+02] 9.30075303919724
[-3.17246161e+00 -1.38834153e-01 -1.21847278e-01 -9.26315408e+00
  3.33183018e+02] 9.264995694907803
[-3.18973242e+00  1.56094812e-01 -3.14911240e-01 -9.00927737e+00
  3.30407830e+02] 9.016130736955162
[-3.21584549e+00  4.18036708e-02  2.79734422e-01 -9.23220755e+00
  3.32051079e+02] 9.236539134742586
[-3.12955937e+00  1.47107804e-01 -1.56153798e-01 -9.02684266e+00
  3.28276640e+02] 9.029391628799084
[-3.19395243e+00 -2.26555148e-01  3.46463844e-02 -9.17258403e+00
  3.31124744e+02] 9.175446873758023
[-3.15585850e+00  1.00062129e-01 -8.17851416e-02 -9.10974694e+00
  3.31684422e+02] 9.110663565289126
[-3.20359368e+00 -9.57766297e-02  5.96063039e-02 -9.28919778e+00
  3.32193636e+02] 9.289882750258188
[-3.23424958e+00 -2.41677174e-01 -1.18685534e-01 -9.38507968e+00
  3.32324558e+02] 9.388941084905337
[-3.16503854e+00  1.22077213e-01 -2.71714344e-01 -9.44574311e+00
  3.33720945e+02] 9.450438851435782
[-3.04705573e+00  1.38252763e-01 -1.72460478e-02 -9.10044603e+00
  3.32858653e+02] 9.101512471517236
[-3.14052810e+00  8.19909649e-02 -2.48566325e-01 -8.92579650e+00
  3.29375253e+02] 8.929633302387774
[-3.20584746e+00  4.24124560e-02 -2.01771501e-01 -9.24839569e+00
  3.30140690e+02] 9.250693675705955
[-3.13431405e+00 -1.00469067e-01  3.02001813e-01 -9.22368622e+00
  3.32640806e+02] 9.229175838492383
[-3.18905302e+00  4.93504590e-02 -7.60175971e-02 -9.29052229e+00
  3.31775817e+02] 9.290964353586249
[-3.24388747e+00  1.67580004e-01 -1.18588592e-01 -9.29774088e+00
  3.32294185e+02] 9.300007082239707
[-3.15783810e+00  2.10961821e-01  2.86034760e-01 -9.25318389e+00
  3.29374261e+02] 9.260007172486423
[-3.12229988e+00 -7.51669776e-03 -2.41655580e-01 -8.94009809e+00
  3.30091741e+02] 8.943366688650993
[-3.14325174e+00  6.50746345e-02 -1.54263240e-01 -9.39600297e+00
  3.34020776e+02] 9.397494545089767
[-3.18083616e+00 -1.57487746e-01  4.93896368e-02 -9.36315499e+00
  3.36146986e+02] 9.364609609931032
[-3.18811872e+00  2.74823342e-01 -9.09787130e-02 -9.59679036e+00
  3.34895228e+02] 9.6011556661161
[-3.27388895e+00  1.02781122e-01  6.75690988e-02 -9.49636007e+00
  3.31389362e+02] 9.497156632059145
[-3.17951465e+00  2.66697340e-01 -9.28643236e-02 -9.51474197e+00
  3.34015776e+02] 9.518931982832886
[-3.07594742e+00 -1.43092428e-01 -5.52342690e-03 -8.95948144e+00
  3.30228908e+02] 8.960625737848495
[-3.14999765e+00 -8.91051690e-02 -9.20528071e-03 -8.93533836e+00
  3.29051627e+02] 8.935787377115842
[-3.17962800e+00 -2.83051192e-01  1.79596664e-01 -9.25865827e+00
  3.31838516e+02] 9.264724818262035
[-3.17477571e+00 -1.97438850e-01  1.06388274e-01 -9.20457099e+00
  3.30098480e+02] 9.20730295465792
[-3.19752507e+00  1.32701268e-01  2.51090207e-02 -9.26039591e+00
  3.30740850e+02] 9.261380698983036
[-3.21511453e+00  1.35527656e-01  1.35368872e-03 -9.64584097e+00
  3.36163659e+02] 9.646793127039516
[-3.21732159e+00 -6.08953215e-02  9.60566656e-02 -9.45290018e+00
  3.33881465e+02] 9.453584341569316
[-3.21989398e+00 -5.67760808e-02  4.38579984e-02 -9.24018104e+00
  3.32948473e+02] 9.240459546154602
[-3.19434267e+00 -2.18981421e-01  2.89407575e-01 -9.47623514e+00
  3.32981238e+02] 9.483182067049574
[-3.19798158e+00  1.21352951e-01  3.48958320e-01 -9.38985427e+00
  3.32134181e+02] 9.397119863644745
[-3.29951279e+00 -1.85718076e-01  5.54556040e-02 -9.61509437e+00
  3.34088738e+02] 9.61704769468517
[-3.16317176e+00  2.94400716e-02  2.44851698e-01 -9.44587357e+00
  3.33709596e+02] 9.44909236486809
[-3.17869623e+00 -1.72398306e-01  2.47620972e-02 -9.59220039e+00
  3.35186051e+02] 9.593781455726152
[-3.17204549e+00 -2.14858386e-01 -3.13904287e-01 -9.31567999e+00
  3.32503758e+02] 9.323443235383765
[-3.25225468e+00  9.22848316e-02  1.60143594e-01 -9.37498537e+00
  3.32259981e+02] 9.376807189277617
[-3.21036314e+00  8.08616255e-02  1.20662059e-01 -9.34736282e+00
  3.33877980e+02] 9.348491300385595
[-3.19624818e+00  1.54890049e-01 -9.59261237e-02 -9.39642313e+00
  3.32956675e+02] 9.398189207639977
[-3.19301500e+00  3.67091407e-02 -2.52592818e-01 -9.16117305e+00
  3.31478677e+02] 9.164728163872121
[-3.24706859e+00  7.90662122e-02  1.30860652e-01 -9.42784625e+00
  3.33610948e+02] 9.429085898500086
[-3.13500151e+00  1.33425514e-02 -2.42808677e-01 -9.37738590e+00
  3.32203932e+02] 9.380538388106896
[-3.19956239e+00 -1.27956037e-02  7.30625977e-02 -9.21990156e+00
  3.32586303e+02] 9.220199922986666
[-3.16316303e+00  1.85338865e-01  2.70996288e-01 -9.16998818e+00
  3.31896718e+02] 9.17586359857521
[-3.15654813e+00  1.22739140e-02 -9.33918557e-02 -9.09732220e+00
  3.30433366e+02] 9.097809845645235
[-3.20245993e+00 -3.47270523e-02  2.69059249e-01 -9.53374568e+00
  3.34813179e+02] 9.537604814603224
[-3.24369072e+00  2.00461900e-01  8.79713445e-02 -9.36334754e+00
  3.33549979e+02] 9.365906316894732
[-3.13721067e+00 -1.57874113e-01 -1.43986635e-01 -8.95087518e+00
  3.28975198e+02] 8.953425199287578
[-3.21381615e+00  1.63291069e-01 -1.00749788e-01 -9.45372939e+00
  3.34718809e+02] 9.455676278293767
[-3.14762662e+00 -1.16583284e-01 -2.47135694e-01 -9.48678937e+00
  3.35677009e+02] 9.49072390547835
[-3.16684852e+00  8.61927635e-02  3.23904705e-03 -9.15579551e+00
  3.34234001e+02] 9.156201787077753
[-3.18502077e+00  5.72210078e-02  2.42009353e-01 -9.23961496e+00
  3.30809739e+02] 9.242960960904137
[-3.10540320e+00  8.04143863e-02 -5.43677111e-02 -9.34844554e+00
  3.32364948e+02] 9.348949474317074
[-3.22331309e+00 -2.33491064e-02 -2.94174260e-01 -9.47655301e+00
  3.33761081e+02] 9.481146585858964
[-3.18907650e+00 -6.14731106e-02 -1.45546700e-01 -9.07293168e+00
  3.29655895e+02] 9.074307244522766
[-3.21311798e+00  8.06217991e-02 -5.69764993e-02 -9.42474178e+00
  3.31660177e+02] 9.425258821871646
[-3.16288268e+00 -6.73723152e-02 -2.25324868e-01 -9.67188044e+00
  3.35011608e+02] 9.674739354622904
[-3.19077396e+00  1.76182110e-01 -8.52283141e-02 -9.58871289e+00
  3.34077254e+02] 9.590710033083662
[-3.18038603e+00  1.46023454e-01  1.99078831e-01 -9.18435132e+00
  3.28797132e+02] 9.187669145826911
[-3.15792555e+00 -1.26959929e-01 -1.82985363e-01 -9.25841759e+00
  3.31204576e+02] 9.261095975151484
[-3.20852100e+00 -1.30988675e-01  1.89031594e-01 -9.05851304e+00
  3.31646498e+02] 9.061431981105692
[-3.24150930e+00  1.18279805e-01  2.47497081e-01 -9.33583932e+00
  3.33502287e+02] 9.339868345991512
[-3.09288557e+00 -2.95068720e-01  9.67114848e-02 -9.44931606e+00
  3.33223791e+02] 9.454416573650525
[-3.26759112e+00 -1.28498909e-01  1.18479205e-01 -9.60536799e+00
  3.35276672e+02] 9.606958076707194
[-3.21451415e+00 -4.86046346e-02 -2.17065424e-01 -9.65869196e+00
  3.34508966e+02] 9.66125303641352
[-3.15586586e+00  2.16340558e-01 -1.60940678e-01 -9.50321156e+00
  3.34871649e+02] 9.507036084535363
[-3.20278538e+00 -3.83076256e-02  5.57144886e-02 -9.10419148e+00
  3.31034691e+02] 9.104442545006222
[-3.21293956e+00 -1.54893277e-01 -1.65118556e-01 -9.17742093e+00
  3.30506113e+02] 9.180213013076546
[-3.14445745e+00  1.08452470e-01 -2.01912227e-01 -9.53185603e+00
  3.35451536e+02] 9.534611152625784
[-3.12929807e+00  5.51950329e-02  1.45062330e-01 -8.92133462e+00
  3.30232009e+02] 8.92268462781964
[-3.16137393e+00 -1.78923816e-01 -7.12504752e-02 -9.11038636e+00
  3.31438028e+02] 9.112421741719519
[-3.19284453e+00  2.15500296e-01  2.24288353e-01 -9.28745900e+00
  3.31518812e+02] 9.292665939736523
[-3.15776382e+00 -8.17720717e-02 -1.12393021e-02 -9.42579209e+00
  3.33938229e+02] 9.426153487910577
[-3.19666269e+00  1.41557571e-01 -4.44637932e-02 -9.48841748e+00
  3.33262254e+02] 9.489577533379746
[-3.13190726e+00 -2.99704749e-02  2.18466951e-01 -9.42243367e+00
  3.33742825e+02] 9.42501364796811
[-3.13495689e+00 -2.33273892e-01  1.01282574e-02 -9.25463182e+00
  3.34096938e+02] 9.257576864665817
[-3.16934976e+00  4.34448285e-03 -1.85440438e-01 -9.43736271e+00
  3.33996123e+02] 9.439185454061002
[-3.12867887e+00 -1.58423985e-01  5.14371608e-02 -9.12033761e+00
  3.32068420e+02] 9.121858472317042
[-3.15144849e+00  1.42946205e-01 -3.15738010e-01 -9.42705127e+00
  3.33545051e+02] 9.433420365796346
[-3.11099795e+00 -4.27433385e-02 -1.28046013e-02 -9.09561411e+00
  3.31022495e+02] 9.095723559181987
[-3.21620500e+00 -1.34496699e-01  3.82653838e-01 -9.43158949e+00
  3.33510665e+02] 9.44030686050312
[-3.21084389e+00  3.61521127e-01  2.25594011e-02 -9.34706314e+00
  3.30306966e+02] 9.354079100186494
[-3.15552221e+00  5.94126527e-04  1.27044647e-01 -9.14764674e+00
  3.31296983e+02] 9.148528933352292
[-3.15626332e+00  1.89863244e-01  1.39594635e-01 -9.15491016e+00
  3.31242803e+02] 9.157942709083548
[-3.14360141e+00 -3.42787099e-02  1.79745537e-01 -9.52258966e+00
  3.33092016e+02] 9.524347604515473
[-3.10919640e+00  4.84698427e-02 -1.48669023e-01 -9.19378838e+00
  3.32890568e+02] 9.195118088729856
[-3.23453484e+00  1.63077005e-02  4.87556053e-02 -9.14343893e+00
  3.29948349e+02] 9.143583460377368
[-3.14716444e+00  1.25656394e-01  3.87027660e-02 -9.40195818e+00
  3.32479176e+02] 9.402877488884528
[-3.15582600e+00  1.43069835e-01 -1.72834653e-01 -9.27530321e+00
  3.34282607e+02] 9.278016511270176
[-3.13311212e+00  1.99340804e-01  1.96805892e-01 -9.23152527e+00
  3.31418588e+02] 9.235774365954237
[-3.20104620e+00  1.77621110e-01 -1.80147739e-01 -9.40874797e+00
  3.33119185e+02] 9.412148571826028
[-3.17667873e+00 -1.61171700e-01  7.40375638e-02 -9.54659163e+00
  3.31980279e+02] 9.548239086543383
[-3.27196806e+00 -3.87451036e-02  3.92031188e-02 -9.16952664e+00
  3.30896266e+02] 9.169692302626599
[-3.18183827e+00 -5.80936585e-02  1.73205282e-01 -9.22485855e+00
  3.33632740e+02] 9.226667338567893
[-3.21673309e+00  1.14762056e-01  1.04811752e-01 -9.15698905e+00
  3.32974154e+02] 9.158307942631964
[-3.17351196e+00  5.66429541e-03  8.79685999e-02 -9.29835998e+00
  3.31508295e+02] 9.298777811396791
[-3.16531652e+00  2.66541679e-01 -5.57438668e-02 -9.23999148e+00
  3.32698029e+02] 9.244003158768006
[-3.17920200e+00  2.77967279e-01 -1.21746139e-01 -9.48900725e+00
  3.34698411e+02] 9.493858352991888
[-3.17485255e+00  7.14360628e-02  1.57248069e-01 -8.90463461e+00
  3.29859697e+02] 8.906309424776294
[-3.17926676e+00  2.26116855e-01 -1.17682347e-01 -9.10659254e+00
  3.32056129e+02] 9.110159476329253
[-3.17345242e+00 -4.16577038e-02 -3.34071749e-02 -9.53035763e+00
  3.33787483e+02] 9.530507228525973
[-3.23210203e+00 -3.41945469e-02 -5.90004591e-02 -9.29591748e+00
  3.32143480e+02] 9.296167602715608
[-3.22118705e+00  1.96025578e-01 -1.45654835e-01 -9.20779105e+00
  3.30453313e+02] 9.211029120820035
[-3.20590662e+00  9.39928007e-02 -1.80325979e-01 -9.27131777e+00
  3.32122844e+02] 9.273547615231548
[-3.17888044e+00 -1.02089609e-01 -1.13375531e-01 -9.23330863e+00
  3.34046066e+02] 9.234568998067626
[-3.20805270e+00  1.51373781e-01  1.57495854e-01 -9.34021365e+00
  3.31750238e+02] 9.342767790868118
[-3.21111975e+00 -1.77439453e-01  9.29675990e-02 -9.11202670e+00
  3.30751987e+02] 9.114228348425083
[-3.14075980e+00 -7.50046054e-04 -3.83236919e-02 -9.36761185e+00
  3.34980262e+02] 9.367690273171892
[-3.12070524e+00  1.55780632e-02 -2.39483687e-02 -9.10915553e+00
  3.29297212e+02] 9.109200326943656
[-3.12862567e+00  3.36959115e-01  7.79133448e-02 -8.88704507e+00
  3.29500032e+02] 8.893772089997544
[-3.16890745e+00  6.12137663e-02 -1.73037844e-01 -9.43222241e+00
  3.34658512e+02] 9.434008100471889
[-3.22736576e+00  2.60234050e-01 -5.72912854e-02 -9.57023873e+00
  3.34566096e+02] 9.573947639048894
[-3.20099217e+00  1.36171731e-01 -1.55410193e-01 -9.27850523e+00
  3.31035520e+02] 9.280805698224277
[-3.06808061e+00  1.65773364e-01  1.60503735e-01 -9.30994159e+00
  3.32866890e+02] 9.31280058287351
[-3.20926131e+00 -2.02119550e-02 -2.74704060e-01 -9.57203661e+00
  3.32832444e+02] 9.575998936556232
[-3.22668122e+00  2.33386137e-01  2.23987533e-01 -9.51603540e+00
  3.34157751e+02] 9.52153187580921
[-3.17513513e+00  1.03594319e-01 -5.83441947e-02 -9.42329402e+00
  3.33441608e+02] 9.424044040795843
[-3.26596342e+00 -5.20896051e-02  2.35193810e-01 -9.39911316e+00
  3.34560283e+02] 9.402199622325028
[-3.19109026e+00  9.93394642e-02 -1.69471527e-01 -9.22646560e+00
  3.31778154e+02] 9.228556570442004
[-3.13806468e+00  9.43680190e-03  2.26323676e-01 -9.35299800e+00
  3.33619388e+02] 9.355740646852645
[-3.20921690e+00  9.94917811e-02  1.06058195e-01 -9.35591772e+00
  3.30987996e+02] 9.357047789923712
[-3.14155097e+00  8.33937903e-02  3.12713435e-02 -9.41755705e+00
  3.32491027e+02] 9.417978191084233
[-3.19937216e+00  1.06099685e-01  2.80418519e-02 -9.39154506e+00
  3.34231225e+02] 9.392186222867855
[-3.21478020e+00 -3.11765061e-01  2.32015588e-01 -9.28257288e+00
  3.33623876e+02] 9.29070438376566
[-3.15018283e+00  1.76047334e-01  1.20900457e-01 -8.95660497e+00
  3.27980288e+02] 8.959150746640663
[-3.19231384e+00  2.01156104e-01  8.73904701e-02 -8.82293342e+00
  3.27165652e+02] 8.825658898514861
[-3.22217562e+00  2.54954982e-01  2.84513483e-01 -9.41575231e+00
  3.33681368e+02] 9.423499433710035
[-3.29488444e+00  2.76111521e-02 -1.48118995e-01 -9.29764346e+00
  3.31463177e+02] 9.298864208609553
