/mnt/stage/douwei/Simulation/5kt_root/2MeV/5kt_-8.00.root
[-3.10672898e+00  2.44392609e-01 -1.46782435e-01 -8.11445481e+00
  3.21069567e+02] 8.119461169257285
[-3.16390349e+00  2.12495226e-01 -3.85615900e-01 -7.94322878e+00
  3.21826804e+02] 7.9554218795627705
[-3.10033571e+00  2.30805044e-01 -5.76843406e-02 -7.76499767e+00
  3.21065743e+02] 7.768641275694082
[-3.14791811e+00 -7.13403411e-02 -2.60984003e-01 -8.15829067e+00
  3.25579743e+02] 8.162775803451396
[-3.17280192e+00 -2.32095248e-02 -1.63142296e-01 -8.27421006e+00
  3.26876821e+02] 8.275850779996563
[-3.18851391e+00 -4.36506837e-02  2.43623590e-01 -8.27243928e+00
  3.23402689e+02] 8.276140974901834
[-3.11425643e+00  1.67797254e-02 -1.99265438e-01 -8.00556370e+00
  3.21168072e+02] 8.008060837439599
[-3.17492658e+00  6.22242241e-02 -2.31964561e-01 -7.96491923e+00
  3.21865969e+02] 7.968539246376644
[-3.17075399e+00 -8.64014640e-02  1.99920053e-02 -8.10986103e+00
  3.25037403e+02] 8.110345911618166
[-3.14032322e+00 -2.26294598e-01  6.34448368e-02 -8.13684892e+00
  3.24034476e+02] 8.140242305371952
[-3.13524912e+00 -7.55502723e-02  2.92131532e-01 -8.05019343e+00
  3.23998964e+02] 8.05584650592238
[-3.04984737e+00 -1.23056299e-01  1.36529019e-01 -8.05996854e+00
  3.24882654e+02] 8.062063992851108
[-3.22933686e+00  8.89337618e-02  2.69987003e-02 -8.35489731e+00
  3.25304222e+02] 8.355414248693712
[-3.20501234e+00 -2.28321466e-01 -1.66019015e-01 -8.05873916e+00
  3.21815464e+02] 8.063682152786603
[-3.07937776e+00  5.95299839e-02  2.64206456e-02 -7.76309790e+00
  3.21114705e+02] 7.763371105062822
[-3.09462933e+00 -1.60695523e-01 -1.42381237e-02 -8.23561684e+00
  3.25710705e+02] 8.237196767313632
[-3.07603916e+00  8.51535217e-02  1.35271568e-01 -7.90102144e+00
  3.23310086e+02] 7.902638125353525
[-3.10292913e+00 -8.26125957e-02 -3.20452176e-01 -7.69959328e+00
  3.21162525e+02] 7.706701703061065
[-3.13612297e+00 -2.56811943e-01 -2.76126085e-01 -7.96467223e+00
  3.22726271e+02] 7.973594027564489
[-3.18961818e+00 -4.04444548e-02 -5.29962852e-02 -8.14654050e+00
  3.24480421e+02] 8.146813276083208
[-3.17136439e+00 -8.19377169e-02 -1.81581884e-01 -8.09116930e+00
  3.20867481e+02] 8.093621337721832
[-3.15654218e+00 -7.12534376e-03  5.21565675e-02 -8.10375282e+00
  3.21936963e+02] 8.103923790715776
[-3.10516870e+00 -6.77075715e-02 -5.07549215e-02 -7.82764341e+00
  3.21708331e+02] 7.828100778965551
[-3.13244599e+00  1.88707733e-01 -4.79847722e-02 -7.97324877e+00
  3.24270998e+02] 7.975625937238714
[-3.13779596e+00  1.57134036e-01 -6.56477280e-02 -8.48883279e+00
  3.26183273e+02] 8.490540785815467
[-3.11986271e+00  9.97699491e-02 -1.06365156e-04 -7.89142044e+00
  3.20443335e+02] 7.892051104775596
[-3.12883302e+00 -2.06193837e-01 -1.87872953e-01 -8.11135938e+00
  3.22596377e+02] 8.116154454473117
[-3.09874236e+00 -9.89404401e-02 -8.05089141e-02 -8.37121036e+00
  3.26064421e+02] 8.37218214172403
[-3.19083308e+00  3.32608829e-02  3.61095422e-02 -8.03958984e+00
  3.22847188e+02] 8.03973972998622
[-3.16178693e+00 -2.12575750e-01  8.27826336e-02 -7.90224608e+00
  3.21386504e+02] 7.90553822102773
[-3.18030031e+00 -2.77707540e-01  1.34936601e-01 -8.31299103e+00
  3.25343314e+02] 8.318722808074039
[-3.14742288e+00 -1.38111721e-01 -1.14391605e-01 -8.20074593e+00
  3.23314001e+02] 8.202706506342446
[-3.20515074e+00  1.98365398e-01 -1.55277204e-01 -8.30476542e+00
  3.24612765e+02] 8.308585231804978
[-3.18978990e+00  1.53998191e-01  1.34850723e-01 -8.14583468e+00
  3.23190055e+02] 8.148406153051775
[-3.13446987e+00 -5.92439750e-02  1.09052805e-02 -7.81130488e+00
  3.20112146e+02] 7.811537154558013
[-3.19313230e+00 -1.52590252e-01 -1.24301618e-01 -8.28174937e+00
  3.23296932e+02] 8.284087601107789
[-3.20309460e+00  1.13432712e-01  1.67254740e-02 -8.23521913e+00
  3.22540377e+02] 8.236017291266666
[-3.12808568e+00  1.41353133e-01  3.27977605e-01 -7.93752279e+00
  3.23212193e+02] 7.945553348406307
[-3.16876417e+00  1.38740701e-01  2.62772202e-01 -7.98498296e+00
  3.22859144e+02] 7.990510065043432
[-3.17622784e+00 -1.77532769e-01 -1.61305212e-01 -8.40573637e+00
  3.26792711e+02] 8.409158169792653
[-3.13185611e+00 -3.73879066e-01 -1.53428042e-01 -7.88771281e+00
  3.21826625e+02] 7.8980591940711795
[-3.13970419e+00  8.06690275e-02  8.94554577e-02 -8.06284410e+00
  3.23466789e+02] 8.063743845056974
[-3.12522201e+00 -1.15415377e-01 -1.43458900e-01 -8.09314104e+00
  3.24428316e+02] 8.095235206889484
[-3.17614426e+00  1.75392313e-01  2.71559408e-01 -8.26283098e+00
  3.25042603e+02] 8.269152478933197
[-3.12631456e+00  1.98609538e-02 -1.54606853e-01 -8.30854172e+00
  3.26127458e+02] 8.310003806391647
[-3.17460066e+00 -2.61124673e-01 -3.18791555e-01 -7.97818702e+00
  3.21357958e+02] 7.988822328720246
[-3.16000417e+00 -1.01573039e-01  1.58177135e-01 -8.02585402e+00
  3.23101023e+02] 8.028055171868028
[-3.06981732e+00 -9.84542667e-02 -9.72959494e-03 -7.75832228e+00
  3.20207420e+02] 7.758953053643616
[-3.15873484e+00  3.80291340e-02  2.68104285e-01 -8.49133742e+00
  3.25671898e+02] 8.495654024149442
[-3.13883609e+00 -3.12189587e-01 -6.76508065e-02 -7.97671318e+00
  3.23938252e+02] 7.983106673336686
[-3.22871018e+00 -2.34957662e-01 -7.63222421e-02 -8.19669352e+00
  3.24349857e+02] 8.20041553312257
[-3.09406294e+00  2.05788665e-02 -2.61104030e-01 -7.93920460e+00
  3.23575055e+02] 7.943523680347021
[-3.13744565e+00 -5.37691941e-02 -1.86695360e-01 -7.91700774e+00
  3.19918789e+02] 7.9193912533648385
[-3.15166419e+00  4.75745565e-02 -2.58530262e-01 -7.60257198e+00
  3.21119202e+02] 7.607115220162771
[-3.18673703e+00  1.97016473e-01 -2.70199642e-01 -8.00755779e+00
  3.22701702e+02] 8.014537107315341
[-3.10330874e+00 -2.39053495e-01 -2.46396645e-01 -7.91286044e+00
  3.21871134e+02] 7.920304173829405
[-3.10279555e+00 -2.42274585e-01  2.89316262e-01 -7.99574627e+00
  3.22716648e+02] 8.004646106853576
[-3.11861606e+00  4.04684115e-02 -1.68960132e-02 -8.06074915e+00
  3.24996616e+02] 8.060868444227417
[-3.21828780e+00  2.14037726e-01  1.02097130e-01 -8.14629684e+00
  3.21276905e+02] 8.149747741418631
[-3.10388523e+00  2.30868325e-01 -1.15530616e-01 -8.01398823e+00
  3.23900794e+02] 8.018145346407858
[-3.18330217e+00 -7.89065586e-02  2.00026746e-01 -8.01865009e+00
  3.23586523e+02] 8.021532657043645
[-3.19681861e+00  4.99452548e-02  9.34955177e-02 -8.30368931e+00
  3.24182502e+02] 8.304365845306547
[-3.10230512e+00 -1.66078172e-01  1.07357965e-01 -8.17427725e+00
  3.26489696e+02] 8.176669020911463
[-3.15945542e+00  1.51444010e-01 -1.88084981e-01 -7.96961884e+00
  3.21422195e+02] 7.973276348012774
[-3.13412293e+00  6.02341448e-03  6.65803735e-02 -8.33640604e+00
  3.25107074e+02] 8.336674087233899
[-3.08832724e+00 -2.11921920e-01  1.85577346e-01 -8.04722528e+00
  3.23067930e+02] 8.052154036585401
[-3.10577610e+00 -9.34705098e-02  2.43729906e-01 -8.10379571e+00
  3.22805252e+02] 8.1079988861073
[-3.10403886e+00 -1.82396232e-02 -1.31430450e-01 -7.69579066e+00
  3.19618055e+02] 7.696934489088671
[-3.14736770e+00  2.67563646e-01 -9.90574811e-02 -7.89268127e+00
  3.21090662e+02] 7.897836430792833
[-3.13892289e+00  1.28573863e-01 -7.81441637e-02 -7.93591953e+00
  3.21388299e+02] 7.937345689056931
[-3.24610053e+00  5.67789196e-02  2.10311274e-02 -8.25887959e+00
  3.22540621e+02] 8.259101538326934
[-3.26731164e+00 -3.22643526e-02 -5.61029215e-02 -8.23364783e+00
  3.20693992e+02] 8.233902178084158
[-3.15280608e+00  5.78480485e-02 -1.00206696e-01 -8.51359779e+00
  3.27104317e+02] 8.514384011571028
[-3.10530064e+00 -1.64918665e-02 -8.65720199e-02 -8.16830501e+00
  3.23960805e+02] 8.168780414976002
[-3.22759917e+00 -3.15469173e-01  9.43153081e-02 -7.95256515e+00
  3.22267633e+02] 7.95937866373304
[ -3.14433808   0.3875201   -0.33615483  -7.98654909 321.77213425] 8.003008079346733
[-3.15121151e+00 -1.42352161e-01  5.45127697e-02 -8.17779240e+00
  3.22645071e+02] 8.179212944059834
[-3.17143182e+00  1.60272114e-01  3.15547074e-02 -7.77614909e+00
  3.19284443e+02] 7.777864581650445
[-3.15491638e+00 -6.12876128e-02 -1.95145104e-01 -8.01095828e+00
  3.22498539e+02] 8.01356914360497
[-3.15489924e+00 -1.31515414e-01 -2.04587206e-01 -7.84164891e+00
  3.22088909e+02] 7.8454196760169665
[-3.18551172e+00 -5.57309892e-02  7.69089884e-02 -7.92487269e+00
  3.22363181e+02] 7.925441822417385
[-3.16648047e+00  1.81643158e-02  1.16767500e-01 -8.17598844e+00
  3.23742132e+02] 8.176842391334814
[-3.26379807e+00 -3.02977484e-02 -9.47305843e-02 -8.29329624e+00
  3.23216809e+02] 8.293892596340774
[-3.16195715e+00  2.58489757e-01  2.73339528e-01 -8.01887532e+00
  3.22172148e+02] 8.02769536262162
[-3.15003724e+00  1.03214262e-01 -1.84371330e-01 -8.09282016e+00
  3.22664368e+02] 8.095578061862469
[-3.14900686e+00 -1.26408104e-02 -5.62834530e-02 -8.12962963e+00
  3.25154486e+02] 8.129834284659724
[-3.14406079e+00 -1.89265708e-01 -8.80903196e-02 -8.22819483e+00
  3.23231116e+02] 8.230842698417382
[-3.07590144e+00 -1.42687286e-01 -6.70308618e-02 -7.85475118e+00
  3.23108852e+02] 7.8563330478612805
[-3.16661881e+00 -3.11549035e-04 -3.45158934e-01 -7.85957349e+00
  3.21843873e+02] 7.86714880326109
[-3.14691239e+00 -2.06242382e-01 -5.89534839e-01 -8.03328337e+00
  3.21298665e+02] 8.05752622863679
[-3.09998790e+00 -1.90482961e-01  7.10049053e-02 -7.76149742e+00
  3.22334824e+02] 7.764159173855092
[-3.07592978e+00 -5.64166069e-03  3.22005342e-01 -8.17844631e+00
  3.23461602e+02] 8.18478486777866
[-3.14393426e+00  1.31820749e-01  2.37329587e-01 -8.20227808e+00
  3.23066671e+02] 8.206769625295665
[-3.10286820e+00  5.62363809e-02 -3.55985228e-01 -8.26291589e+00
  3.24568244e+02] 8.270771851784147
[-3.09957298e+00 -1.69375479e-01 -3.34424965e-01 -7.81961259e+00
  3.23139008e+02] 7.828593054461724
[-3.12787159e+00 -3.90801438e-01 -1.78788972e-02 -8.04919613e+00
  3.23373737e+02] 8.058697401220915
[-3.16796251e+00 -1.79019262e-01  2.52971298e-01 -8.18873116e+00
  3.24342827e+02] 8.194593367096644
[-3.15227463e+00 -7.40904475e-03 -3.41650859e-01 -8.18490700e+00
  3.24856979e+02] 8.192037766694646
[-3.12551866e+00 -1.80872968e-01  1.83604485e-01 -7.98024318e+00
  3.22205473e+02] 7.984403980635834
[-3.06246285e+00  1.68939445e-01  1.14153633e-01 -8.08424859e+00
  3.22225207e+02] 8.086819327834789
[-3.11062162e+00  4.65281915e-02 -1.85386331e-01 -7.84598625e+00
  3.20659192e+02] 7.848314030626202
[-3.17355338e+00 -1.79326417e-01 -1.42998672e-02 -8.02256465e+00
  3.20462485e+02] 8.024581364922092
[-3.18616702e+00  1.14660487e-01 -2.57479653e-02 -8.12809575e+00
  3.23870730e+02] 8.128945230423314
[-3.11408694e+00  8.44092921e-02  1.88867321e-01 -7.91155211e+00
  3.20354708e+02] 7.914256284490813
[-3.14288471e+00  1.61899001e-01  3.93389086e-01 -8.22820477e+00
  3.25287086e+02] 8.239194139695751
[-3.10170283e+00  5.92517837e-02 -2.24192079e-01 -7.82830876e+00
  3.20727670e+02] 7.831742519005317
[-3.09857599e+00  1.31257559e-01  3.03382463e-04 -7.92975170e+00
  3.22118810e+02] 7.930837951270279
[-3.18555033e+00 -2.03853781e-01 -3.32679016e-01 -8.20785754e+00
  3.24554565e+02] 8.21712584053347
[-3.13671305e+00  2.13713363e-01 -4.51210528e-02 -8.49681267e+00
  3.26096614e+02] 8.499619684718743
[-3.10131370e+00  1.91328051e-01 -5.67598645e-02 -7.98420135e+00
  3.22256687e+02] 7.986695145723771
[-3.10541341e+00 -3.51846506e-01 -2.25673974e-01 -8.00298846e+00
  3.22315499e+02] 8.01389724508481
[-3.07875796e+00  1.50530835e-01 -2.95158854e-01 -7.81695482e+00
  3.21979409e+02] 7.823973470687099
[-3.24343859e+00  2.64227052e-01  2.27250568e-01 -8.16927686e+00
  3.22258988e+02] 8.176707356334267
[-3.15718608e+00 -6.68762206e-02  1.94441106e-01 -7.89493081e+00
  3.22973499e+02] 7.897608012932473
[-3.15854238e+00  1.88389856e-01  1.66902923e-01 -7.93447779e+00
  3.21675684e+02] 7.938468683841552
[-3.17126229e+00 -3.37778963e-01 -7.31615304e-03 -8.06167143e+00
  3.22129013e+02] 8.068748005415163
[-3.11532299e+00 -1.19373891e-01 -1.41141458e-01 -8.13168643e+00
  3.24576038e+02] 8.133787261807297
[-3.13050502e+00 -2.38977493e-01 -4.40778251e-02 -7.83053507e+00
  3.22505371e+02] 7.834304854567771
[-3.12812299e+00 -1.96294243e-02  1.66949871e-01 -7.92125629e+00
  3.21999423e+02] 7.923039742506088
[-3.06257855e+00  2.24107403e-01 -1.99161421e-01 -8.23081304e+00
  3.25776543e+02] 8.236271775229916
[-3.10069073e+00 -2.82667089e-02 -1.91452668e-01 -7.83996579e+00
  3.24393251e+02] 7.842354025244828
[-3.14220417e+00  2.08077206e-01 -1.27970691e-01 -8.09015826e+00
  3.25384100e+02] 8.093845396714977
[-3.08197786e+00 -1.47533818e-01  1.48255731e-01 -7.99440668e+00
  3.22151819e+02] 7.997142245122106
[-3.14240894e+00  1.07571007e-01  1.94964419e-01 -8.25340409e+00
  3.25654602e+02] 8.256407317814526
[-3.13081807e+00 -1.26569312e-01 -7.09380187e-02 -8.22907828e+00
  3.24373624e+02] 8.23035730196956
[-3.16006537e+00  3.95826850e-02  1.48958448e-01 -7.93154227e+00
  3.24911413e+02] 7.933039655756804
[-3.27229399e+00 -1.15365394e-01 -1.33624974e-04 -8.11078658e+00
  3.22364974e+02] 8.111607004931074
[-3.24329831e+00  1.61070340e-01  4.76854094e-02 -7.88932741e+00
  3.20213632e+02] 7.891115540879456
[-3.08601293e+00 -2.94076455e-02 -7.97471529e-02 -8.28373971e+00
  3.24578034e+02] 8.28417575913885
[-3.14502179e+00  1.12107645e-01  1.02203993e-01 -8.05688490e+00
  3.23716255e+02] 8.058312978405471
[-3.29495382e+00  3.73910089e-02  6.40890679e-02 -8.11923134e+00
  3.21572171e+02] 8.119570376934451
[-3.07421766e+00  1.05106941e-01  2.37655278e-01 -7.98682139e+00
  3.23041609e+02] 7.991047702430173
[-3.17882668e+00 -1.41176434e-02 -8.25306759e-02 -8.06393475e+00
  3.22869572e+02] 8.064369425524491
[-3.12212440e+00 -3.30379236e-01 -1.97582670e-01 -8.13893547e+00
  3.25238336e+02] 8.148034119613994
[-3.14253348e+00  1.32817157e-01  1.48320164e-01 -8.09537174e+00
  3.21786646e+02] 8.097819638187023
[-3.12718258e+00 -1.07187384e-01 -1.29323557e-01 -7.97943550e+00
  3.21667880e+02] 7.981203206531114
[-3.08604173e+00 -6.94504794e-02  2.15742651e-01 -7.99920395e+00
  3.21305393e+02] 8.002414137886557
[-3.12180943e+00  2.09536779e-01  1.09362153e-01 -7.72317893e+00
  3.19010491e+02] 7.7267948373950555
[-3.13999430e+00  2.32396822e-01 -4.60365570e-02 -8.08710624e+00
  3.23509250e+02] 8.090575685962142
[-3.18890118e+00 -1.55742738e-02 -1.33344589e-01 -8.13668712e+00
  3.22176081e+02] 8.137794578855594
[-3.14874291e+00 -3.77394600e-01  1.71496978e-02 -7.92942153e+00
  3.22892020e+02] 7.9384158784585654
[-3.07838331e+00  2.42247568e-01 -1.24152596e-01 -7.97110283e+00
  3.22772468e+02] 7.97574937335075
[-3.21546604e+00  9.59418456e-02 -1.41038062e-01 -7.91246274e+00
  3.20037248e+02] 7.914301183605469
[-3.11405586e+00  1.35761201e-02 -2.52756182e-01 -8.15912527e+00
  3.24409044e+02] 8.163050607846484
[-3.17271859e+00  1.53759404e-01 -2.26514633e-01 -8.31679440e+00
  3.24478725e+02] 8.321299168344117
[-3.14786631e+00 -5.19149021e-02 -3.41112825e-01 -8.01491009e+00
  3.23791658e+02] 8.02233363175257
[-3.16004199e+00  1.40748175e-01 -1.67638217e-01 -8.09604160e+00
  3.22613565e+02] 8.099000073340932
[-3.16410874e+00  5.61364628e-03 -9.54669355e-02 -8.21767130e+00
  3.25184303e+02] 8.218227732444209
[-3.00168085e+00  1.05813255e-02 -1.71383855e-03 -7.76941902e+00
  3.20386061e+02] 7.769426416967766
[-3.09637000e+00 -1.99673812e-01 -1.50861665e-01 -7.99021825e+00
  3.23598620e+02] 7.994136381862662
[-3.19055093e+00  1.02947514e-01  1.26537599e-01 -8.03461163e+00
  3.21079396e+02] 8.036267412517006
[-3.10191683e+00  9.49461225e-02  3.42840613e-01 -7.94109831e+00
  3.21984960e+02] 7.949062638133069
[-3.15220484e+00 -1.55989718e-01 -1.59798732e-01 -7.73546735e+00
  3.21951573e+02] 7.7386900394504305
[-3.21012523e+00  9.37483491e-03  2.97614167e-01 -8.09522577e+00
  3.23885104e+02] 8.100700113159732
[-3.17829817e+00  1.13475186e-01 -3.39359672e-01 -7.90332239e+00
  3.19815761e+02] 7.9114187365057775
[-3.14868035e+00 -2.00400068e-01 -4.36709782e-02 -8.02976955e+00
  3.22775817e+02] 8.032388581132315
[-3.15076888e+00 -1.07216951e-01  9.99635528e-02 -8.00964566e+00
  3.24411992e+02] 8.010986938060455
[-3.11841891e+00 -8.46341576e-02  1.13996627e-01 -7.96582269e+00
  3.22635406e+02] 7.9670878820390385
[-3.18283701e+00 -1.25573338e-01  5.70920281e-03 -8.01496885e+00
  3.20149961e+02] 8.015954526595129
[-3.15290855e+00  5.47868919e-02 -1.21101816e-01 -8.19855305e+00
  3.24727855e+02] 8.199630443071594
[-3.13372208e+00  2.72483773e-01 -1.33959506e-01 -8.16923747e+00
  3.24254373e+02] 8.17487818970952
[-3.11431397e+00 -1.38027735e-01 -1.63763569e-01 -8.16345499e+00
  3.25151817e+02] 8.166263991658171
[-3.23875279e+00 -1.42792393e-01  1.14501647e-01 -8.16884616e+00
  3.20787315e+02] 8.170896393894774
[-3.17653043e+00 -2.25700562e-01 -9.12254203e-02 -8.05684286e+00
  3.22263731e+02] 8.060519817283609
[-3.14456963e+00 -1.08407421e-01 -1.15528501e-01 -8.21266393e+00
  3.24376118e+02] 8.214191853648034
[-3.10658364e+00 -3.17488672e-02 -1.36139426e-01 -8.35726087e+00
  3.25782877e+02] 8.358429948004979
[-3.16918937e+00 -7.51367063e-02  4.99524061e-02 -8.32483986e+00
  3.21247497e+02] 8.325328789621098
[-3.23226478e+00  6.48656373e-02  1.38128060e-01 -8.01503307e+00
  3.20044477e+02] 8.016485639181992
[-3.18479802e+00  9.54081577e-02 -2.58165991e-03 -7.96591045e+00
  3.21775891e+02] 7.9664821983874905
[-3.01882105e+00  2.60888794e-01 -1.83424342e-01 -7.91027657e+00
  3.23369378e+02] 7.9167027748583045
[-3.21158197e+00  1.78728082e-01 -1.62753381e-01 -8.06507902e+00
  3.24572076e+02] 8.068700759904676
[-3.09267091e+00  1.87109562e-01 -1.15776629e-01 -7.90055884e+00
  3.21340814e+02] 7.903622215620174
[-3.22809840e+00  7.11528701e-03 -2.97678849e-02 -7.88831183e+00
  3.20579082e+02] 7.888371207227002
[-3.09249470e+00 -1.75511474e-02  1.74835025e-01 -8.16634444e+00
  3.22968480e+02] 8.168234623528202
[-3.23361081e+00  1.80182785e-01 -1.34496259e-01 -7.79528942e+00
  3.18564666e+02] 7.7985314136380195
[-3.07656353e+00  2.59400199e-01  7.86606282e-02 -7.97116185e+00
  3.23352821e+02] 7.975769376681554
[-3.24463882e+00  2.42433539e-01  1.19803780e-01 -7.95526970e+00
  3.22032940e+02] 7.959864510235535
[-3.14409930e+00  2.57965638e-01 -5.51901696e-02 -8.29479954e+00
  3.25039031e+02] 8.298993413108459
[-3.16287220e+00  1.32327353e-01  1.89129498e-01 -8.15346667e+00
  3.23068441e+02] 8.156733370688562
[-3.13657866e+00 -9.36004384e-02  1.83190289e-01 -8.13844744e+00
  3.24997493e+02] 8.141047009885593
[-3.07500115e+00  1.69148818e-01 -9.11704119e-02 -7.68352652e+00
  3.20149245e+02] 7.685928905693007
[-3.11233340e+00 -2.78765470e-02 -3.05380358e-01 -7.95603409e+00
  3.22029575e+02] 7.961941516438003
[-3.15128855e+00  1.12445830e-01  9.92738285e-02 -8.20207188e+00
  3.22644718e+02] 8.20344332867648
[-3.09990922e+00 -1.00831794e-01 -1.71697323e-01 -7.89910464e+00
  3.23180773e+02] 7.901613830808633
[-3.19208525e+00 -2.87351983e-01  9.59812032e-02 -7.97552929e+00
  3.23415956e+02] 7.981281287482173
[-3.21524693e+00 -3.03091913e-01  5.77139776e-02 -8.35123788e+00
  3.24740784e+02] 8.356935429134241
[-3.12215585e+00 -3.27361417e-01 -9.60745107e-02 -7.91274464e+00
  3.21733981e+02] 7.92009618052897
[-3.14919431e+00  7.00927486e-02 -2.27385297e-02 -8.06180643e+00
  3.23442774e+02] 8.062143198142563
[-3.19774858e+00 -3.72136344e-02 -2.22562678e-01 -7.89726381e+00
  3.21128179e+02] 7.900486989460677
[-3.17515015e+00  6.20899006e-03 -2.07275291e-01 -8.06533251e+00
  3.20175378e+02] 8.067997898156275
[-3.06467759e+00 -4.11751217e-02 -1.92136737e-01 -7.98204023e+00
  3.23900010e+02] 7.984458538302368
[-3.12421496e+00 -1.75532421e-01  6.21670462e-02 -8.14887252e+00
  3.23753349e+02] 8.150999926356937
[-3.09961756e+00 -2.24833469e-01 -6.50672622e-02 -7.96302930e+00
  3.24365078e+02] 7.966468440153397
[-3.19111022e+00 -1.60432357e-01 -5.72036078e-02 -8.23432703e+00
  3.20968994e+02] 8.236088416111611
[-3.07801979e+00  1.90739512e-01  8.39570963e-02 -8.07821247e+00
  3.24337914e+02] 8.08090014418597
[-3.24222427e+00 -2.88129821e-02 -9.54732081e-02 -8.36139231e+00
  3.24272668e+02] 8.361987010598073
[-3.28483464e+00 -1.86607350e-02 -3.54134147e-01 -8.20249907e+00
  3.21182416e+02] 8.21016140087052
[-3.08038005e+00 -1.20531593e-01  1.68306314e-02 -8.19454663e+00
  3.24649696e+02] 8.195450295153963
[-3.09271436e+00  2.15761521e-01 -2.74505965e-01 -8.03139171e+00
  3.23036980e+02] 8.038977511786339
[-3.22722974e+00 -5.38375746e-02 -9.06790634e-02 -8.45079083e+00
  3.25070859e+02] 8.45144880188183
[-3.16183251e+00 -1.39823742e-02 -2.28664127e-01 -7.95108497e+00
  3.23024788e+02] 7.954384634373703
[-3.16276972e+00  1.99441823e-01  9.84033568e-02 -8.17590989e+00
  3.24453854e+02] 8.178934087616817
[-3.13910906e+00  4.49411930e-01 -1.02307360e-01 -8.06620954e+00
  3.22871139e+02] 8.079367190930867
[-3.16563172e+00 -8.61412987e-02  6.92278557e-02 -8.11881352e+00
  3.22976368e+02] 8.119565613047532
[-3.15909244e+00  3.85296596e-02 -1.76160484e-01 -8.22574654e+00
  3.22116759e+02] 8.22772284317375
[-3.08314407e+00  2.52260197e-01  4.84203118e-02 -8.11677022e+00
  3.24884767e+02] 8.120833606764156
[-3.13561400e+00 -2.35578972e-02  1.47594889e-01 -7.98945218e+00
  3.22209425e+02] 7.990850101759237
[-3.16688433e+00 -2.08324487e-01 -4.86840783e-02 -7.71846525e+00
  3.18922413e+02] 7.721429598816419
[-3.14984530e+00 -1.57649771e-01  9.75549384e-02 -8.36568640e+00
  3.25091549e+02] 8.367740393979258
[-3.09776663e+00  1.65891537e-01  5.14621655e-02 -7.91890761e+00
  3.21134397e+02] 7.920812214195085
[-3.13594040e+00  8.51391315e-03 -1.69149257e-01 -8.06265363e+00
  3.23729724e+02] 8.064432253027995
[-3.14781491e+00  2.39774620e-02  3.06262807e-01 -8.01595157e+00
  3.21384277e+02] 8.02183590815105
[-3.14315366e+00 -2.37720683e-02 -1.69424590e-01 -8.26354592e+00
  3.25964040e+02] 8.265316752492044
[-3.12586165e+00 -7.22249786e-02 -7.30372131e-02 -8.30402270e+00
  3.24312533e+02] 8.3046579582426
[-3.14250049e+00 -7.82432034e-02  6.85320294e-02 -8.00379731e+00
  3.22658274e+02] 8.004473122596597
[-3.11528856e+00 -5.05568404e-02 -1.17567056e-01 -8.10992947e+00
  3.22087809e+02] 8.11093915947191
[-3.11043031e+00 -1.53944351e-01  3.24758689e-01 -8.04412247e+00
  3.22714795e+02] 8.052147125346574
[-3.14862303e+00  7.24514595e-02  1.54546047e-01 -7.95898795e+00
  3.20125713e+02] 7.960817973891117
[-3.16394478e+00  2.27371826e-01 -2.64878854e-02 -8.07233407e+00
  3.22112924e+02] 8.075579042984007
[-3.03304465e+00  1.51054998e-01  1.30838315e-01 -8.02441879e+00
  3.22400178e+02] 8.0269068232251
[-3.15005342e+00 -1.29652274e-01  2.41582822e-01 -8.02076262e+00
  3.25064962e+02] 8.025447340794425
[-3.12260395e+00 -1.42555433e-01 -2.76736860e-01 -7.84911816e+00
  3.21925195e+02] 7.855288745834682
[-3.09728755e+00  1.89908376e-01  4.04801411e-02 -7.79817258e+00
  3.19181689e+02] 7.800589685600532
[-3.25212935e+00 -1.18655289e-01  5.22826454e-02 -7.94532177e+00
  3.20011770e+02] 7.9463797153736
[-3.07655650e+00 -1.11667553e-01  9.30763108e-02 -7.99622906e+00
  3.23619086e+02] 7.997550380329595
[-3.08876686e+00 -3.36080499e-01  3.26698945e-03 -8.20307159e+00
  3.28471095e+02] 8.209953976056378
[-3.19505666e+00  1.43532967e-01  2.88227668e-01 -8.13296370e+00
  3.23894746e+02] 8.139335070426243
[-3.13081230e+00  2.00392816e-01  3.34475818e-02 -8.09178137e+00
  3.23519370e+02] 8.094331460801982
[-3.23424132e+00 -1.01457699e-01 -1.31534811e-01 -8.11519119e+00
  3.24365264e+02] 8.116891227245624
[-3.18536206e+00  9.03648638e-02 -1.10367865e-01 -7.77172038e+00
  3.21662381e+02] 7.773029304190875
[-3.15928434e+00 -4.15613150e-02 -2.28189051e-01 -8.34125857e+00
  3.25207228e+02] 8.344482734849787
[-3.14167566e+00  2.94393177e-02  2.11523493e-01 -8.17672740e+00
  3.23285636e+02] 8.179515869260625
[-3.12428865e+00 -8.01164308e-03 -1.92734587e-01 -7.94378138e+00
  3.21928754e+02] 7.946123172708852
[-3.15538040e+00 -1.27773216e-01 -1.32444417e-01 -7.89761658e+00
  3.21171038e+02] 7.899760448527576
[-3.18652188e+00 -2.01648698e-02 -2.82932475e-02 -8.18100212e+00
  3.24144308e+02] 8.181075896024206
[-3.15787460e+00 -1.39510664e-01 -4.03960194e-02 -8.11856201e+00
  3.25063462e+02] 8.11986109511222
[-3.20967637e+00  2.23118156e-01  1.10656499e-01 -8.26266389e+00
  3.24003053e+02] 8.266416458311706
[-3.20023472e+00 -2.62196918e-01  2.78135336e-02 -8.22175798e+00
  3.22769262e+02] 8.225984747081633
[-3.15425264e+00  2.15685482e-02  7.54299738e-02 -8.19235395e+00
  3.24291362e+02] 8.19272959231437
[-3.24621955e+00 -2.16232477e-01  1.37630388e-01 -8.43022446e+00
  3.25895486e+02] 8.43412017352122
[-3.20446602e+00  1.11807563e-01 -2.63078130e-01 -8.02724760e+00
  3.23013065e+02] 8.032335588752277
[-3.10958667e+00  2.94775232e-01 -7.31010768e-03 -8.25916437e+00
  3.25257158e+02] 8.264426292899993
[-3.13522996e+00  1.04240470e-02 -2.18140140e-01 -7.84158489e+00
  3.20524449e+02] 7.844625382085028
[-3.23565866e+00 -1.79637853e-01 -4.51563950e-02 -8.28164226e+00
  3.23066898e+02] 8.283713378989097
[-3.11632666e+00 -2.51144095e-01 -1.87711289e-01 -8.18440929e+00
  3.24003377e+02] 8.190412950790401
[-3.13256007e+00  8.28215578e-02 -2.85518228e-01 -8.22318140e+00
  3.24305208e+02] 8.228553484508032
[-3.17381177e+00  3.07383594e-01 -1.15697098e-02 -7.97336047e+00
  3.20109803e+02] 7.979291683791153
[-3.16581215e+00  1.71446230e-01 -4.66227236e-02 -7.92849867e+00
  3.22659239e+02] 7.930489178655116
[-3.16194741e+00 -2.53783462e-02  7.24600417e-02 -8.23853866e+00
  3.24268145e+02] 8.238896389418214
[-3.18044901e+00  9.20839361e-02  2.45669137e-01 -8.03128545e+00
  3.21796928e+02] 8.035569601544259
[-3.23337769e+00 -1.17820768e-02  3.39033878e-01 -8.07365000e+00
  3.22597064e+02] 8.08077391653073
[-3.19370053e+00  6.61571918e-02  2.56868844e-01 -8.14288187e+00
  3.23107228e+02] 8.147200959677638
[-3.17705024e+00  1.48645395e-01  1.98697476e-01 -7.69197491e+00
  3.18179846e+02] 7.695976492507883
[-3.15676260e+00  2.17314218e-01 -3.44639452e-01 -8.23569374e+00
  3.21749574e+02] 8.245765776018194
[-3.24611626e+00  2.13778481e-02  6.20756217e-02 -8.20864546e+00
  3.22640110e+02] 8.208908011276229
[-3.19611815e+00  1.36640935e-01 -1.82907220e-01 -8.31653175e+00
  3.24821488e+02] 8.31966502772184
[-3.14025336e+00 -9.66154637e-03  1.51145913e-01 -8.18376457e+00
  3.24824682e+02] 8.185165911098725
[-3.21200802e+00 -6.19108532e-03 -1.33879320e-01 -8.02285330e+00
  3.23240170e+02] 8.02397265362768
[-3.07569785e+00 -7.87339436e-03 -6.32591171e-02 -8.13905067e+00
  3.23237118e+02] 8.139300310628885
[-3.13688202e+00 -1.27621100e-01  7.55621886e-02 -8.12043099e+00
  3.23134669e+02] 8.121785288878307
[-3.07306843e+00  4.62496859e-02  1.17383659e-01 -8.01981995e+00
  3.22039207e+02] 8.020812305074362
[-3.13242811e+00 -1.49870509e-01 -1.13481270e-01 -8.20244589e+00
  3.25359021e+02] 8.204599795083118
[-3.13216456e+00 -4.66916540e-02  2.16941096e-01 -7.60921533e+00
  3.18851977e+02] 7.612450428614066
[-3.14458350e+00  9.20199684e-02  7.90983627e-02 -7.81476114e+00
  3.22374220e+02] 7.8157031580579535
[-3.06663353e+00 -2.18477724e-02 -3.11846511e-01 -7.87024033e+00
  3.23825255e+02] 7.8764464354991865
[-3.11029839e+00 -5.66035701e-02 -1.19373830e-01 -8.13920025e+00
  3.25829678e+02] 8.140272397565811
[-3.12134719e+00  2.78694401e-02 -2.11936226e-01 -8.13612971e+00
  3.25210424e+02] 8.138937293838142
[-3.21164870e+00 -5.52630621e-02  4.91414244e-01 -8.10350454e+00
  3.23641441e+02] 8.11857916934437
[-3.21352556e+00  3.39736450e-02  6.88741728e-02 -8.26367375e+00
  3.25152689e+02] 8.264030600743157
[-3.23322507e+00  1.47802376e-02  1.54684641e-01 -7.97524635e+00
  3.22570736e+02] 7.976760004008689
[-3.11226316e+00 -2.02093339e-01 -1.76138558e-01 -7.67542806e+00
  3.21651576e+02] 7.680108226045028
[-3.07415186e+00  1.41480864e-01 -3.02507460e-02 -7.94511961e+00
  3.23409310e+02] 7.946436782614026
[-3.08674900e+00  1.90078764e-01 -2.37510735e-02 -8.31219681e+00
  3.23877646e+02] 8.314403761236527
[-3.25917656e+00  2.38612305e-01 -1.49929042e-01 -8.41016379e+00
  3.22046328e+02] 8.41488380774545
[-3.15454351e+00  4.59295574e-02  2.44609227e-01 -7.98191033e+00
  3.24990434e+02] 7.985789610987275
[-3.18823843e+00 -4.90463762e-02 -6.50750802e-02 -7.98325161e+00
  3.22841349e+02] 7.983667493339075
[-3.14905492e+00  9.15337098e-03  1.13331857e-02 -8.26797695e+00
  3.22516128e+02] 8.267989784734308
[-3.17378523e+00 -1.81007762e-01  3.83904302e-03 -8.42387817e+00
  3.26911020e+02] 8.425823517208675
[-3.11370639e+00  4.25318300e-01  9.99448481e-03 -8.12541005e+00
  3.25440584e+02] 8.136540054193793
[-3.05194354e+00  2.35952883e-01  2.75322033e-01 -7.92925903e+00
  3.22361523e+02] 7.9375452591578615
[-3.19551157e+00  2.51502742e-02  3.77189167e-03 -8.14483682e+00
  3.23347074e+02] 8.144876521557029
[-3.12411020e+00 -1.20022083e-01  3.33344067e-01 -7.86592876e+00
  3.21835014e+02] 7.873903661212426
[-3.25378408e+00  5.28203134e-02 -1.27158879e-01 -8.29952912e+00
  3.24922170e+02] 8.30067124091442
[-3.15601701e+00 -1.13994101e-01 -1.10549706e-01 -8.14296093e+00
  3.23710904e+02] 8.144509108125577
[-3.13818430e+00  4.91108146e-02  1.46885729e-01 -7.85566360e+00
  3.22383861e+02] 7.85719020222131
[-3.19547537e+00 -2.20187674e-02 -4.56184616e-02 -7.99745771e+00
  3.22735034e+02] 7.9976181271429905
[-3.15021896e+00  7.51896343e-02  1.53830584e-01 -7.97838111e+00
  3.23635603e+02] 7.980218195657339
[-3.10030738e+00  2.00561239e-02  1.97666185e-01 -8.01709044e+00
  3.22779087e+02] 8.01955194190105
[-3.10321762e+00  1.17999279e-01  8.08114019e-02 -8.27381026e+00
  3.23213668e+02] 8.275046253722529
[-3.15661141e+00  4.91993841e-02 -1.51068853e-01 -8.14982634e+00
  3.22762547e+02] 8.151374840415574
[-3.08778178e+00  2.38811680e-01  5.38660441e-03 -7.97546754e+00
  3.23929241e+02] 7.979043959986741
[-3.20963791e+00 -2.54507527e-01  1.25630116e-01 -8.28536397e+00
  3.24789632e+02] 8.290223951490795
[-3.12021351e+00 -2.21415961e-01  9.04197413e-02 -8.09927171e+00
  3.22226607e+02] 8.102802170400736
[-3.16448491e+00 -2.34815692e-01  7.78384423e-02 -8.00674184e+00
  3.21309220e+02] 8.010562531448937
[-3.20460480e+00  6.28317202e-03  1.48697026e-01 -8.27670610e+00
  3.25401656e+02] 8.278044104498935
[-3.17000446e+00 -2.14947135e-01 -1.18841358e-01 -8.12133017e+00
  3.23211218e+02] 8.125043339988094
[-3.08976725e+00  2.15267046e-01 -3.22196070e-01 -7.97150365e+00
  3.24090544e+02] 7.9809160303583075
[-3.12719201e+00  6.99396998e-02 -1.40584110e-02 -8.14120948e+00
  3.22301138e+02] 8.141522028211272
[-3.09206923e+00  2.52146842e-01 -3.52358205e-02 -7.89265990e+00
  3.24142941e+02] 7.8967651523499915
[-3.12653846e+00  9.21415687e-02 -1.79273209e-01 -8.35433223e+00
  3.26531183e+02] 8.356763489639933
[-3.14346940e+00 -4.49387186e-02  3.13731536e-02 -7.94530528e+00
  3.19515070e+02] 7.945494303743952
[-3.14291173e+00 -1.07297605e-01  4.75489668e-01 -8.22524264e+00
  3.23470095e+02] 8.239673519348612
[-3.13128368e+00  1.25078366e-01 -1.07947461e-01 -8.23421847e+00
  3.25446402e+02] 8.235875853967443
[-3.11144500e+00 -2.77659999e-01  1.55309507e-01 -8.14779953e+00
  3.24342078e+02] 8.154008421898995
[-3.18379192e+00  2.96046870e-01 -5.08942618e-02 -7.92377922e+00
  3.23921122e+02] 7.929471048127272
[-3.02929681e+00 -1.67899312e-01  6.28568911e-02 -8.00052991e+00
  3.23854737e+02] 8.002538351691227
[-3.15188263e+00  6.91312083e-02 -1.38749482e-01 -8.20882703e+00
  3.24358040e+02] 8.210290600110769
[-3.17108837e+00 -2.17137250e-01 -3.25609780e-02 -8.15867236e+00
  3.23555874e+02] 8.161626273552063
[-3.21537194e+00  1.88856029e-01  1.78107125e-01 -8.20892680e+00
  3.22933024e+02] 8.213030377010943
[-3.09682606e+00 -7.25275258e-02 -9.98689046e-02 -7.90850934e+00
  3.20338004e+02] 7.9094724213756935
[-3.06282989e+00 -5.15615714e-02 -8.99437655e-02 -8.00464435e+00
  3.24445806e+02] 8.005315707025899
[-3.18456893e+00 -2.39521106e-03 -9.38037594e-02 -8.13315365e+00
  3.21671139e+02] 8.133694923683162
[-3.09051933e+00  1.70273706e-01 -5.40747429e-03 -8.01057722e+00
  3.23889296e+02] 8.0123885156904
[-3.12103089e+00 -3.46725437e-02 -2.26172652e-01 -7.73760151e+00
  3.20105141e+02] 7.740984003780385
[-3.13858653e+00  2.39314594e-01 -1.14686806e-01 -7.85748088e+00
  3.21436607e+02] 7.861960966954363
[-3.22504607e+00 -3.61417497e-03  1.77083752e-01 -8.00354844e+00
  3.19831543e+02] 8.005508067490258
[-3.16548379e+00 -8.61207939e-02  1.66019062e-01 -8.20922643e+00
  3.24824413e+02] 8.211356625784918
[-3.12252939e+00 -2.53489583e-01 -4.53394668e-02 -8.17160366e+00
  3.23240684e+02] 8.175660153342614
[-3.19511231e+00  7.65885246e-02 -1.35924564e-01 -8.23487173e+00
  3.24069336e+02] 8.23634953584273
[-3.11938377e+00 -2.72592738e-01 -3.11578740e-01 -8.05940458e+00
  3.24069907e+02] 8.070030374710088
[-3.18083850e+00  5.06230416e-02  1.35333619e-01 -8.01486034e+00
  3.23285801e+02] 8.016162682746783
[-3.12778797e+00  2.01137624e-01 -1.66187335e-01 -7.93786073e+00
  3.23318325e+02] 7.942147535459706
[-3.17167900e+00  1.09039758e-02 -4.28302756e-01 -8.08626218e+00
  3.23785856e+02] 8.097604473404752
[-3.16756719e+00  3.59801562e-01 -9.57428810e-02 -8.25159647e+00
  3.24133550e+02] 8.25999201918757
[-3.09729850e+00  1.08020101e-01 -3.53617988e-01 -8.19555543e+00
  3.24809898e+02] 8.203891930900571
[-3.16759597e+00  9.09614138e-02 -2.07985828e-01 -8.55316125e+00
  3.25404456e+02] 8.556173176774344
[-3.12718727e+00 -2.29983286e-01 -1.29986399e-01 -8.13733823e+00
  3.24327659e+02] 8.141625283268798
[-3.09561964e+00  3.59900468e-01 -8.16181390e-02 -8.28383847e+00
  3.25119343e+02] 8.292054611914454
[-3.14689445e+00  1.46237686e-01  1.36773101e-03 -8.00942929e+00
  3.21892223e+02] 8.010764313278678
[-3.14125976e+00 -2.79838240e-01 -9.43104799e-02 -8.23731362e+00
  3.24791876e+02] 8.242605142901784
[-3.12884979e+00  2.03630058e-01  7.18084711e-02 -8.24867274e+00
  3.23555000e+02] 8.251498267517675
[-3.13946569e+00 -1.28467391e-02 -2.64259119e-01 -7.86829285e+00
  3.22350474e+02] 7.8727396902449325
[-3.11794202e+00 -3.47448897e-02 -2.88984028e-01 -7.74506328e+00
  3.20512890e+02] 7.750530569603168
[-3.24618383e+00 -2.27238495e-01 -2.30315162e-01 -7.99821248e+00
  3.21230767e+02] 8.004753918425138
[-3.15246347e+00  2.95471011e-02  3.64326960e-02 -7.74181153e+00
  3.21202411e+02] 7.741953640422478
[-3.18033630e+00 -4.83207071e-01  4.50950524e-02 -8.01946926e+00
  3.22815345e+02] 8.034140265078209
[-3.30539421e+00 -3.28332009e-01 -1.00888658e-01 -8.15689497e+00
  3.21123018e+02] 8.164123711638075
[-3.13670638e+00 -1.38120516e-01  6.08746746e-03 -7.97939929e+00
  3.22822371e+02] 7.980596929354845
[-3.16069237e+00  3.21668061e-01 -9.69923504e-02 -8.23991215e+00
  3.24992716e+02] 8.24675876004935
[-3.13540308e+00 -3.76865529e-02  1.76658128e-01 -8.30551430e+00
  3.25750565e+02] 8.307478325126318
[-3.13129349e+00 -1.58822585e-01 -2.43857760e-02 -8.12135805e+00
  3.22582094e+02] 8.122947489640167
[-3.14686547e+00 -1.13961261e-01  1.43944400e-02 -7.98613984e+00
  3.21591592e+02] 7.986965873888953
[-3.16865306e+00 -2.28699608e-01  3.16219755e-01 -8.35558804e+00
  3.25972541e+02] 8.364696642736083
[-3.08804629e+00 -9.31884583e-02  1.53754897e-02 -8.00403730e+00
  3.23790796e+02] 8.004594533456727
[-3.10169437e+00  1.25600634e-01 -1.77463668e-01 -7.92044464e+00
  3.22931304e+02] 7.923428052323839
[-3.14613462e+00 -4.86996248e-02  1.91775392e-01 -8.34352061e+00
  3.24055071e+02] 8.345866375910513
[-3.07880916e+00 -1.07966392e-01 -7.47598137e-02 -8.11089760e+00
  3.24662894e+02] 8.111960651430874
[-3.13659670e+00 -1.50994714e-01  1.01921086e-01 -8.11578550e+00
  3.23586450e+02] 8.11782985312864
[-3.16451620e+00  2.99867928e-03 -3.07120064e-02 -8.19983279e+00
  3.22633910e+02] 8.199890857706414
[-3.19053300e+00 -8.58569996e-02  5.57591737e-02 -7.98614745e+00
  3.18945283e+02] 7.986803592793171
[-3.14177488e+00 -1.51290549e-01  9.38665784e-02 -7.94655291e+00
  3.24690453e+02] 7.948547218190688
[-3.12007796e+00  1.44840669e-01 -1.50727169e-01 -7.98435728e+00
  3.20730053e+02] 7.98709325446162
[-3.18562713e+00 -1.10895627e-01 -1.22114461e-03 -7.90162802e+00
  3.23016333e+02] 7.9024062550316465
[-3.17549825e+00  7.83236366e-02 -9.35668415e-02 -8.39961208e+00
  3.25455713e+02] 8.400498348592876
[-3.12978709e+00  5.95728266e-02  2.48829493e-01 -8.14620643e+00
  3.24150594e+02] 8.150223570541177
[-3.09867479e+00  4.25728647e-02 -1.15588951e-01 -8.11015680e+00
  3.22220396e+02] 8.11109219180921
[-3.15297598e+00 -2.04835123e-01  2.40349775e-02 -8.17485981e+00
  3.20885335e+02] 8.177460973353249
[-3.09365408e+00 -9.06876857e-02 -1.34210733e-02 -7.96060293e+00
  3.22347769e+02] 7.961130788343732
[-3.21526962e+00 -4.21804687e-02 -2.00003334e-01 -7.90892611e+00
  3.19602279e+02] 7.911567020936029
[-3.10389172e+00  1.23091739e-01  1.01249119e-01 -7.90290881e+00
  3.20678063e+02] 7.904515837258887
[-3.11471530e+00  4.89688829e-02  2.63307730e-01 -7.96338316e+00
  3.20942472e+02] 7.96788555572742
[-3.26649889e+00  7.31726981e-02 -1.50178720e-02 -8.42672570e+00
  3.25284644e+02] 8.42705677017154
[-3.17698654e+00  8.69267839e-03 -1.08448767e-01 -7.99277084e+00
  3.23234456e+02] 7.993511272468871
[-3.19587595e+00  1.17506687e-01 -2.87080138e-01 -8.02105063e+00
  3.21147889e+02] 8.027046527730171
[-3.12367154e+00 -5.50949963e-02 -2.75630820e-02 -8.16676516e+00
  3.23559290e+02] 8.16699750869472
[-3.09057390e+00  9.16878726e-03 -2.27707843e-02 -8.07940440e+00
  3.21861611e+02] 8.079441690368439
[-3.14510210e+00  1.71098377e-01  8.05025955e-02 -8.21835087e+00
  3.23100424e+02] 8.220525917719382
[-3.18136347e+00  1.34099840e-01  2.93302315e-01 -8.01571780e+00
  3.23145352e+02] 8.0222029925656
[-3.21608945e+00  6.48155887e-02  1.39487319e-01 -7.79131552e+00
  3.22059377e+02] 7.792833589760356
[-3.13449849e+00  1.98959984e-01  5.02770859e-02 -8.04441700e+00
  3.23046296e+02] 8.047034091009465
[-3.21508594e+00 -6.66407336e-02 -1.78520344e-01 -8.03397449e+00
  3.20586504e+02] 8.036233977007475
[-3.13262532e+00 -6.75020094e-02 -1.11253592e-01 -8.22843732e+00
  3.24984595e+02] 8.229466240969176
[-3.22785830e+00  1.13863531e-01  3.41367030e-02 -8.28793025e+00
  3.23403132e+02] 8.288782660501484
[-3.06223635e+00  8.79034573e-02 -2.33538930e-01 -8.08021212e+00
  3.23435759e+02] 8.084064287516568
[-3.15451350e+00  4.80842290e-01 -1.26628951e-01 -8.13418862e+00
  3.23551438e+02] 8.149372284310866
[-3.15782474e+00 -1.78545007e-01  1.98132077e-01 -7.72942705e+00
  3.18236137e+02] 7.734027224238518
[-3.14032265e+00  1.70679955e-01 -3.70353976e-01 -7.89645750e+00
  3.23306815e+02] 7.906980125286047
[-3.14860343e+00 -4.97698108e-02  1.04594236e-01 -8.03058347e+00
  3.21462958e+02] 8.031418796566443
[-3.10237910e+00  2.92228889e-01  8.29907931e-02 -8.01638125e+00
  3.23379195e+02] 8.022135226065334
[-3.10398996e+00 -3.39575656e-01  6.84126930e-02 -7.96654181e+00
  3.24303100e+02] 7.974069242848123
[-3.18051944e+00 -3.01211391e-02  2.49375307e-01 -8.17645957e+00
  3.24420797e+02] 8.180317014545857
[-3.18249037e+00 -2.27392338e-01  1.04262759e-01 -8.12879989e+00
  3.22287402e+02] 8.132648132289654
[-3.14016166e+00 -2.06718587e-01 -5.30939180e-02 -7.78246256e+00
  3.22802303e+02] 7.785388561881339
[-3.10833412e+00  1.95244336e-01  1.55445788e-01 -7.95486655e+00
  3.20910633e+02] 7.958780410522945
[-3.20352354e+00  6.35991917e-02 -1.41209739e-02 -8.28888909e+00
  3.23756295e+02] 8.289145104813574
[-3.13387263e+00  1.14752496e-01 -2.50414395e-01 -8.03467921e+00
  3.20891068e+02] 8.039399578133194
[-3.13458922e+00  3.36334830e-01 -1.33937461e-01 -8.01668124e+00
  3.23775595e+02] 8.02485130277268
[-3.16153080e+00  1.11848982e-01  1.23981622e-01 -7.75331695e+00
  3.21101386e+02] 7.755114782716491
[-3.09813561e+00  3.84108380e-02  1.42952045e-01 -8.01426710e+00
  3.23256745e+02] 8.015633967458717
[-3.21602931e+00  1.02505297e-04 -1.23674042e-02 -8.02253093e+00
  3.22377339e+02] 8.022540464767145
[-3.14009491e+00 -3.45965296e-01 -6.79075490e-02 -8.12978042e+00
  3.24435208e+02] 8.137421773229109
[-3.17641823e+00 -3.35528169e-01  2.23701093e-01 -8.19204662e+00
  3.23877620e+02] 8.201966178955793
[-3.22248767e+00 -1.45738841e-01  1.90371438e-01 -8.07222423e+00
  3.22600557e+02] 8.075783866967898
[-3.06590470e+00 -1.50077223e-01  5.94918612e-02 -7.75417099e+00
  3.22502107e+02] 7.755851354278084
[-3.20233489e+00  1.78522519e-01  2.54575690e-01 -8.31677109e+00
  3.24079388e+02] 8.322581351907017
[-3.11582087e+00 -7.65963245e-02  2.30356442e-01 -8.15860926e+00
  3.24538964e+02] 8.162220049868068
[-3.11104920e+00  1.88565056e-03 -9.47692658e-02 -8.23719091e+00
  3.23171351e+02] 8.237736271906051
[-3.13476226e+00  7.83023274e-02 -1.60481464e-01 -8.02500130e+00
  3.21448427e+02] 8.02698769258631
[-3.16022118e+00  1.81782578e-01 -4.87437458e-02 -7.83537831e+00
  3.20998537e+02] 7.837638303409231
[-3.12661563e+00 -1.80410038e-04 -2.90966286e-01 -8.01501582e+00
  3.22590158e+02] 8.020295501266887
[-3.09268597e+00  2.38956796e-01 -1.65197984e-01 -7.98881779e+00
  3.22556960e+02] 7.994097845286097
[-3.07139100e+00  3.12071365e-01  3.79176383e-02 -7.90631664e+00
  3.19815086e+02] 7.912564003639258
[-3.19633852e+00  1.07458296e-01 -5.77703486e-02 -7.83180972e+00
  3.21102466e+02] 7.832759929846272
[-3.11997214e+00  4.71078367e-02 -1.49441636e-01 -8.23268258e+00
  3.25039842e+02] 8.234173574943119
[-3.17143966e+00 -1.58755517e-01 -1.87897676e-01 -7.92232451e+00
  3.24675451e+02] 7.926142476073852
[-3.12637873e+00  2.59117666e-01 -1.18505901e-01 -8.17203891e+00
  3.25251089e+02] 8.17700468033379
[-3.16512428e+00 -7.91424128e-02 -5.20306689e-02 -8.01796728e+00
  3.22602615e+02] 8.0185266783405
[-3.18118192e+00 -4.58774423e-02  3.08129877e-01 -8.11070400e+00
  3.23363189e+02] 8.116684553371433
[-3.27946974e+00 -8.40528416e-02 -7.21740716e-02 -8.14486875e+00
  3.22987595e+02] 8.145622191616882
[-3.17173660e+00  2.72527532e-02 -8.38021007e-03 -7.90512904e+00
  3.19782955e+02] 7.905180460462865
[-3.19986517e+00  4.39215197e-02 -8.91145552e-02 -7.95089069e+00
  3.21167337e+02] 7.951511379794685
[-3.11055726e+00 -8.96700421e-02  3.60035229e-01 -7.83898899e+00
  3.21410994e+02] 7.847764929939798
[-3.16345244e+00  2.30992020e-01  9.32786712e-02 -8.36760793e+00
  3.26135943e+02] 8.371315351541641
[-3.12856303e+00  1.26343398e-01 -5.95295186e-03 -8.02015065e+00
  3.22121364e+02] 8.021147953769695
[-3.11100630e+00  6.92470891e-02  2.09392004e-01 -7.82690590e+00
  3.20484822e+02] 7.830012528612471
[-3.11990041e+00  2.42662810e-01  3.69517731e-01 -7.71439758e+00
  3.20522846e+02] 7.727053683996489
[-3.15514932e+00 -2.68816694e-03 -1.03408733e-01 -8.06308249e+00
  3.22138075e+02] 8.063746021632454
[-3.20491406e+00 -2.79020119e-01 -6.65269001e-02 -8.15536099e+00
  3.22259359e+02] 8.160403841822879
[-3.15306234e+00 -2.68443229e-01 -1.24124228e-01 -8.28780788e+00
  3.25737056e+02] 8.293083142680329
[-3.07392738e+00  2.22558778e-01 -1.08452157e-03 -8.07151386e+00
  3.24188408e+02] 8.07458169627603
[-3.09338828e+00  1.97698341e-01 -3.83528965e-01 -8.23251068e+00
  3.24863368e+02] 8.243810480968683
[-3.14592749e+00  5.91124669e-03  2.59826089e-01 -8.29435455e+00
  3.24540461e+02] 8.298425267125369
[-3.19907891e+00  1.02681801e-01 -1.58234731e-01 -7.96467932e+00
  3.22687184e+02] 7.96691273131686
[-3.10846659e+00  5.77629742e-02 -1.75777025e-01 -7.93548104e+00
  3.22364480e+02] 7.9376377737328525
[-3.19781656e+00 -1.32261210e-01  7.04875406e-02 -8.24345567e+00
  3.24730739e+02] 8.244817945204888
[-3.12770743e+00 -1.90220180e-01 -1.36242443e-01 -8.16698130e+00
  3.22054688e+02] 8.170332262924884
[-3.06768147e+00  1.67442443e-01  1.67879152e-01 -8.10355771e+00
  3.24743799e+02] 8.107025833685976
[-3.04997393e+00  9.95540338e-02  3.75882131e-01 -8.20096850e+00
  3.24822247e+02] 8.21018165113659
[-3.20759971e+00  2.97479462e-01  6.03311574e-02 -8.11388738e+00
  3.22947028e+02] 8.119562935211382
[-3.11525252e+00 -1.07730482e-01 -6.48442127e-02 -8.10941424e+00
  3.25154703e+02] 8.110389013198853
[-3.06604931e+00 -6.04453406e-02  1.68539284e-01 -7.93347051e+00
  3.23207946e+02] 7.935490751469361
[-3.08750012e+00 -9.38647383e-02 -1.47817595e-01 -8.06231799e+00
  3.23663233e+02] 8.064219244712188
[-3.10507031e+00 -1.72278267e-02  6.03675022e-02 -8.25356800e+00
  3.24456089e+02] 8.253806740044354
[-3.13523956e+00 -1.34457033e-01  4.32483167e-02 -8.16909820e+00
  3.24307436e+02] 8.170319120835433
[-3.12533497e+00 -2.05489270e-01  2.22821255e-01 -7.85952592e+00
  3.23614357e+02] 7.865368579390297
[-3.16505570e+00 -5.58367316e-02 -4.27891226e-01 -7.98187004e+00
  3.22300603e+02] 7.993526008697116
[-3.08883158e+00 -2.44073139e-01 -3.30374408e-01 -7.80031561e+00
  3.24594002e+02] 7.811123002989712
[-3.18722105e+00  8.87872432e-03  1.21142779e-01 -8.09265045e+00
  3.22133699e+02] 8.09356199250954
[-3.06654799e+00  3.12444511e-01 -1.66374673e-01 -7.93353857e+00
  3.22375016e+02] 7.941431633242772
[-3.18467280e+00  1.38789576e-01 -1.41700707e-02 -8.22919155e+00
  3.23730516e+02] 8.230374045713239
[-3.15619288e+00  1.92182465e-01 -1.98710556e-02 -8.09745437e+00
  3.23295186e+02] 8.099759022811558
[-3.20979580e+00 -1.52396823e-01  7.59254716e-02 -8.19345651e+00
  3.22830255e+02] 8.195225383685834
[-3.12289146e+00 -2.58108943e-01  2.12518564e-01 -8.15066167e+00
  3.24275941e+02] 8.157516170495992
[-3.14279591e+00  2.38001585e-01  1.29702666e-01 -8.11960396e+00
  3.22097713e+02] 8.124126783130983
[-3.15974746e+00  1.18505529e-01  5.00738690e-02 -8.18815918e+00
  3.22173083e+02] 8.189169785558722
[-3.16422364e+00  1.52926453e-01 -6.45797197e-02 -8.21796912e+00
  3.23435611e+02] 8.21964558335938
[-3.17316113e+00  2.83041886e-02 -1.67685611e-01 -8.25511762e+00
  3.24713520e+02] 8.256869052256299
[-3.22956290e+00 -1.06048912e-01  1.21469568e-01 -8.25885320e+00
  3.23132384e+02] 8.260427196893556
[-3.08831360e+00 -1.21549897e-01 -1.25510675e-01 -8.20288460e+00
  3.24877340e+02] 8.204745157187391
[-3.11608578e+00 -1.34531774e-01  2.11870954e-01 -7.74737417e+00
  3.22034650e+02] 7.751438229134782
[-3.10864334e+00  3.02400019e-01 -6.72263397e-02 -7.86458765e+00
  3.21560773e+02] 7.870686381295279
[-3.15323897e+00  3.47053647e-02  2.42551773e-01 -7.91782189e+00
  3.22850801e+02] 7.9216121680837945
[-3.09157381e+00  1.64292753e-01 -1.71635259e-01 -7.86425312e+00
  3.23255665e+02] 7.8678413787407555
[-3.18895223e+00  2.28563296e-01  2.38497748e-02 -8.03807838e+00
  3.24196917e+02] 8.04136270073066
[-3.19313381e+00  1.14434483e-01  4.40752300e-02 -8.40084262e+00
  3.25050510e+02] 8.401737595172955
[-3.13627959e+00  1.61495988e-01 -9.08386883e-02 -8.06639629e+00
  3.22949812e+02] 8.068524133769396
[-3.13379360e+00  2.66014784e-01 -1.28792471e-01 -7.89270172e+00
  3.20977943e+02] 7.898233460430463
[-3.15171970e+00 -1.69354504e-01 -1.14298545e-01 -8.06664690e+00
  3.22122212e+02] 8.06923400074364
[-3.07325913e+00  2.19463328e-01 -9.89782074e-03 -8.38178579e+00
  3.24411224e+02] 8.38466428064199
[-3.17465663e+00 -1.85186872e-01 -1.26286300e-01 -8.08285891e+00
  3.22559597e+02] 8.085966276476544
[-3.14942402e+00  1.96571175e-01 -7.34173229e-02 -8.08554829e+00
  3.21363770e+02] 8.088270610908875
[-3.11194019e+00 -1.37378460e-02 -1.49601979e-01 -8.00127068e+00
  3.23032221e+02] 8.002680926568116
[-3.18440817e+00  1.23323143e-01  2.17460110e-01 -7.95770019e+00
  3.25158704e+02] 7.961626076800675
[-3.17580971e+00  1.19173315e-01 -1.43256691e-01 -8.28628552e+00
  3.25415854e+02] 8.288380568135384
[-3.20993659e+00  1.88283828e-02 -9.74671440e-02 -7.87158366e+00
  3.20345412e+02] 7.872209577230747
[-3.17901666e+00 -1.30906319e-01 -8.86326202e-02 -8.16085232e+00
  3.22990348e+02] 8.162383398382197
[-3.14354753e+00  4.19197158e-02  8.50697972e-02 -7.94590517e+00
  3.24476722e+02] 7.946471111598376
[-3.12407659e+00 -1.33213800e-01  1.90298107e-01 -8.21337501e+00
  3.26250187e+02] 8.216659196671737
[-3.18217011e+00  3.52983201e-01  4.22476393e-02 -7.90163728e+00
  3.22910674e+02] 7.909630437365168
[-3.03912155e+00  7.75235794e-02 -1.97631622e-01 -8.11859808e+00
  3.23123205e+02] 8.12137321519636
[-3.13446093e+00 -1.43351193e-02 -1.82997983e-01 -8.18172287e+00
  3.23724996e+02] 8.18378170121524
[-3.05214255e+00  1.05574794e-01  2.10587639e-01 -8.06518928e+00
  3.25168328e+02] 8.068628834677153
[-3.17103935e+00 -2.73075682e-01 -1.30295084e-02 -8.10922564e+00
  3.23725714e+02] 8.113832672077868
[-3.15267427e+00 -2.29798598e-01 -3.16728424e-02 -7.91127983e+00
  3.20636351e+02] 7.914679972818161
[-3.15325474e+00 -1.80528287e-01 -2.58758912e-02 -7.99138084e+00
  3.21702604e+02] 7.993461561620706
[-3.05690538e+00 -5.38998041e-03  2.93165197e-02 -8.23098672e+00
  3.23629839e+02] 8.231040694626406
[-3.18220112e+00 -2.77255323e-01  7.60484995e-03 -8.36004809e+00
  3.23705072e+02] 8.364647770925162
[-3.16826639e+00  2.01421077e-01 -1.60231868e-01 -8.14725514e+00
  3.22992244e+02] 8.151319589741194
[-3.15343846e+00  5.84464996e-02 -6.35766734e-02 -7.94761191e+00
  3.21738016e+02] 7.9480810899329235
[-3.14960289e+00 -1.27751129e-01  2.53361949e-01 -8.22388214e+00
  3.25338728e+02] 8.228775729945275
[-3.12072391e+00 -4.05279036e-02 -2.48609569e-01 -7.89848624e+00
  3.18902856e+02] 7.902501763092612
[-3.16014285e+00 -3.42680650e-02 -1.99146194e-01 -7.83401334e+00
  3.19913096e+02] 7.836619072757625
[-3.08141133e+00  1.92447698e-01 -5.36289197e-02 -7.67069878e+00
  3.19389131e+02] 7.673299940284239
[-3.17634978e+00  1.29162124e-02  1.13333593e-01 -8.22399166e+00
  3.25002046e+02] 8.224782677525804
[-3.17403675e+00  2.47697662e-01 -1.19641197e-01 -7.90401094e+00
  3.23588407e+02] 7.908796180970303
[-3.16952120e+00  7.23640253e-02  5.03908792e-02 -7.95096047e+00
  3.23517931e+02] 7.951449437163354
[-3.09228489e+00 -1.84424395e-02  3.12993409e-01 -8.24633056e+00
  3.24490067e+02] 8.252288939141996
[-3.16003513e+00 -9.86980448e-02 -6.94238295e-02 -8.16852360e+00
  3.23808960e+02] 8.169414832712574
[-3.10900752e+00 -1.23070493e-01 -7.70340666e-02 -8.21189766e+00
  3.24448868e+02] 8.213181094918292
[-3.09314094e+00 -9.12860313e-02  2.92533389e-01 -8.19189323e+00
  3.25876628e+02] 8.197623044211802
[-3.11137892e+00 -1.08364574e-01 -2.21609833e-01 -8.12725496e+00
  3.22609626e+02] 8.130997905692695
[-3.11433095e+00 -2.44660479e-01 -1.94751272e-01 -8.31461947e+00
  3.23430545e+02] 8.320497801644581
[-3.09757047e+00 -9.58235078e-02  1.95324648e-01 -8.09480559e+00
  3.21849201e+02] 8.097728780743738
[-3.16611531e+00  9.19250876e-02  6.78164610e-02 -8.00568831e+00
  3.22854910e+02] 8.006503270106972
[-3.21195449e+00  2.61830696e-01 -6.37898539e-02 -8.11849414e+00
  3.22408103e+02] 8.122965688417638
[-3.12108952e+00  2.67230898e-01  1.78776579e-01 -8.21896756e+00
  3.24633873e+02] 8.225253869723543
[-3.27818173e+00  2.11582709e-02 -8.56419274e-02 -8.20811782e+00
  3.23744669e+02] 8.20859186065111
[-3.24020681e+00 -3.10392215e-01 -2.85531588e-01 -8.25268656e+00
  3.25282714e+02] 8.263456124646588
[-3.10989252e+00  5.02163383e-02  2.31318916e-01 -8.10957173e+00
  3.24984331e+02] 8.113025562054153
[-3.15576904e+00  2.59679127e-01  2.53999108e-01 -8.13306289e+00
  3.23460615e+02] 8.141170726359684
[-3.16699883e+00  1.19235749e-01 -4.19290814e-01 -8.05308887e+00
  3.23804698e+02] 8.06487831970892
[-3.16427034e+00  8.39891739e-02  1.43838020e-01 -8.26489056e+00
  3.23996100e+02] 8.266568784053037
[-3.11416737e+00 -2.68215587e-02  1.10250727e-01 -8.27427761e+00
  3.24793586e+02] 8.275055566525525
[-3.15268437e+00  3.46224804e-01  2.48169176e-01 -8.20877477e+00
  3.23514686e+02] 8.219820122292557
[-3.16247958e+00 -6.86633755e-02  4.75221895e-03 -8.12837851e+00
  3.22931246e+02] 8.128669908489996
[-3.10176426e+00 -2.13254480e-01 -5.97348017e-02 -8.34097356e+00
  3.25453046e+02] 8.343913093874315
[-3.11532008e+00  5.86214100e-02  1.67579685e-01 -7.97336344e+00
  3.23809735e+02] 7.975339740024811
[-3.14966481e+00 -3.69220627e-02  1.33003625e-02 -8.09128676e+00
  3.23193242e+02] 8.09138193655686
[-3.17220751e+00  3.25712977e-01  6.64826039e-02 -8.09710165e+00
  3.22853248e+02] 8.103922753857862
[-3.16677288e+00  4.74996914e-02  6.00319342e-02 -8.31921884e+00
  3.24350420e+02] 8.319571035905602
[-3.16109907e+00  4.50606556e-02 -7.33642045e-02 -7.92082878e+00
  3.20609724e+02] 7.921296690074403
[-3.13759234e+00  2.79192803e-01 -2.33752046e-01 -8.02986149e+00
  3.20892161e+02] 8.038113222851987
[-3.14258179e+00 -6.00361360e-02  4.75387163e-02 -8.25796939e+00
  3.24548930e+02] 8.258324445286794
[-3.18628035e+00  6.66455902e-02 -1.01380201e-01 -7.75817423e+00
  3.21521806e+02] 7.759122817895749
[-3.15798801e+00  3.58174211e-01  1.71798191e-01 -7.77529611e+00
  3.21512528e+02] 7.7854372412132005
[-3.09314334e+00  1.72396310e-01 -3.61605274e-02 -7.99775285e+00
  3.23078064e+02] 7.999692414968486
[-3.18759121e+00 -1.95088893e-01 -6.73133705e-03 -8.07117299e+00
  3.23549343e+02] 8.073533210127433
[-3.15903664e+00  2.49994097e-01 -8.95410042e-02 -8.31433440e+00
  3.22602725e+02] 8.318573870098943
[-3.01636393e+00 -1.45712610e-01 -1.83169830e-02 -7.77941523e+00
  3.21480713e+02] 7.780801308529066
[-3.07492783e+00 -2.70594140e-02  7.50162232e-02 -8.19383839e+00
  3.27317554e+02] 8.194226455007033
[-3.15600323e+00 -6.30204015e-02  4.30547170e-02 -7.97901879e+00
  3.22158981e+02] 7.979383821435179
[-3.15735550e+00  7.08351294e-02 -7.97038586e-02 -8.08969234e+00
  3.25079842e+02] 8.090395075035822
[-3.09786831e+00 -1.03033046e-01 -1.06147862e-01 -7.73680042e+00
  3.20637744e+02] 7.738214522148247
[-3.16585582e+00 -4.05667536e-02  3.57934539e-01 -7.97110871e+00
  3.21779454e+02] 7.979244124617993
[-3.12927430e+00  9.48379612e-02  1.71752018e-01 -8.32091363e+00
  3.24541972e+02] 8.323226332367437
[-3.16257723e+00  1.02844985e-01  1.62348029e-01 -7.83968078e+00
  3.20336621e+02] 7.84203600589051
[-3.16561901e+00 -1.85769652e-01 -2.84951656e-01 -7.84746437e+00
  3.20745454e+02] 7.854833219471547
[-3.18410099e+00 -2.78584509e-01 -1.80197059e-01 -8.21611690e+00
  3.23902859e+02] 8.222813220969032
[-3.09313466e+00 -1.26946884e-01 -7.51877617e-02 -7.93090839e+00
  3.23237315e+02] 7.932280673344927
[-3.09936931e+00  2.13850289e-01 -3.28217447e-02 -7.86858436e+00
  3.21397259e+02] 7.871558231912135
[-3.18235956e+00  2.22034232e-01 -1.16029405e-01 -8.29292917e+00
  3.25425536e+02] 8.296712379493847
[-3.08831680e+00  5.29859093e-02 -1.41740952e-03 -7.98554513e+00
  3.23453754e+02] 7.985721044089852
[-3.16532401e+00 -2.29938681e-01  6.60779129e-02 -7.82298078e+00
  3.21517759e+02] 7.826638253590056
[-3.08729443e+00  3.30167401e-02  1.37257759e-01 -8.23439336e+00
  3.25293633e+02] 8.23560342371122
[-3.13293072e+00  7.84394031e-03  1.29504251e-01 -7.95733751e+00
  3.22708863e+02] 7.958395135614817
[-3.16893827e+00 -7.62710081e-02 -1.06128482e-02 -7.89527580e+00
  3.21666413e+02] 7.895651330365219
[-3.18930559e+00  2.77650708e-01  1.29552844e-01 -8.16087715e+00
  3.25399008e+02] 8.166626584400435
[-3.17551972e+00  8.38180241e-03  7.81604770e-02 -8.21471784e+00
  3.23740225e+02] 8.215093944991857
[-3.13989171e+00  1.03410526e-01  2.06566238e-01 -7.92212286e+00
  3.21766387e+02] 7.925490142444039
[-3.10317707e+00  1.22800215e-01 -1.14008520e-01 -7.93997350e+00
  3.22682870e+02] 7.941741432466281
[-3.05736321e+00 -3.18037677e-01  1.60472376e-01 -8.01715656e+00
  3.22998167e+02] 8.025066891933983
[-3.08941885e+00 -2.49749434e-01  3.44814063e-01 -7.89780521e+00
  3.20742678e+02] 7.909272955911243
[-3.20932766e+00 -3.44946000e-02  1.38693846e-01 -8.13904488e+00
  3.23764675e+02] 8.140299591307391
[-3.18839946e+00 -3.65792849e-01  4.60415640e-02 -7.90263350e+00
  3.23555951e+02] 7.911228758669742
[-3.12683755e+00 -2.34616773e-02  7.34991008e-03 -8.13729785e+00
  3.22860587e+02] 8.137334988870554
[-3.10054341e+00  4.30986374e-02  2.43800036e-01 -7.92813080e+00
  3.21047481e+02] 7.9319955840354925
[-3.11935255e+00  4.38685158e-02 -8.00573526e-02 -8.15938918e+00
  3.24309511e+02] 8.1598998451392
[-3.15503902e+00  1.91497345e-01  1.58208124e-01 -8.01128501e+00
  3.22073088e+02] 8.015134964732535
[-3.08672240e+00 -2.05235307e-01 -2.94421760e-02 -7.85110220e+00
  3.22575624e+02] 7.853839453976275
[-3.10266124e+00 -6.20301298e-02  2.61826286e-02 -7.77367395e+00
  3.21644335e+02] 7.77396552143612
[-3.09612379e+00  4.05830427e-02 -3.17647508e-01 -7.89429550e+00
  3.22307838e+02] 7.9007878284512385
[-3.11599723e+00 -5.20270313e-02  1.71754736e-01 -7.81898048e+00
  3.22221018e+02] 7.821039718781177
[-3.05412397e+00  3.07557579e-02 -1.42429936e-01 -8.17538048e+00
  3.23210601e+02] 8.176678924669632
