/mnt/stage/douwei/Simulation/5kt_root/2MeV/5kt_-10.20_2.root
[-3.13097861e+00  1.68032351e-01  4.40805075e-02 -1.02584557e+01
  3.41575823e+02] 10.259926489326347
[-3.20933417e+00  2.66546768e-01 -4.41775355e-02 -1.02264340e+01
  3.38706371e+02] 10.230002458670318
[-3.20250155e+00 -3.60891221e-02  6.33983466e-02 -1.01865638e+01
  3.38812814e+02] 10.186825011185569
[-3.15063801e+00 -1.97645940e-01 -4.50057014e-02 -1.01405263e+01
  3.40202715e+02] 10.142552145975978
[-3.18075355e+00 -4.90818986e-03  2.57141780e-01 -1.00591490e+01
  3.38440851e+02] 10.062436309903903
[-3.21147279e+00 -2.76956874e-01 -6.55279052e-02 -1.02094704e+01
  3.41653556e+02] 10.213436483832174
[-3.23071446e+00  3.47941266e-01  1.04946885e-01 -1.02308586e+01
  3.40663107e+02] 10.237311357436715
[-3.20207493e+00  3.66104322e-02  6.99122434e-02 -1.01159385e+01
  3.39617785e+02] 10.116246290816276
[-3.19433746e+00  2.37619072e-01  5.93491385e-02 -1.01450674e+01
  3.40006404e+02] 10.14802329731592
[-3.20133434e+00 -2.25338019e-01  8.67001929e-02 -1.02990022e+01
  3.40196794e+02] 10.301831865020338
[-3.18810616e+00 -1.17758008e-01 -1.01172460e-01 -1.01110988e+01
  3.38733776e+02] 10.112290625283414
[-3.19633210e+00 -1.59574850e-01 -8.18971030e-03 -1.01933375e+01
  3.38163222e+02] 10.194589790153472
[-3.20625228e+00 -6.27130573e-02 -2.95715511e-02 -1.05403556e+01
  3.41240542e+02] 10.540583672656254
[-3.29996757e+00  1.14700567e-02  5.53963871e-02 -1.04101903e+01
  3.40884158e+02] 10.410343989355693
[-3.18221036e+00  5.73946138e-02 -2.72940707e-01 -1.01616686e+01
  3.41646150e+02] 10.16549555610078
[-3.20003957e+00  6.13138948e-02 -3.78547711e-01 -1.01698932e+01
  3.40158456e+02] 10.177120655712026
[-3.18752381e+00 -2.12184575e-01  9.86326736e-02 -1.03587443e+01
  3.40939673e+02] 10.36138664197653
[-3.24228848e+00 -2.19206506e-02  7.13723415e-04 -1.00248735e+01
  3.38108193e+02] 10.024897502337096
[-3.20472174e+00 -1.04790186e-01 -3.45078591e-01 -1.00997029e+01
  3.40386831e+02] 10.106139636880252
[-3.27003844e+00 -1.05040598e-01  7.61068743e-02 -9.89000795e+00
  3.37258173e+02] 9.890858560884546
[-3.21214673e+00 -2.12639091e-01  2.13442886e-02 -1.02855030e+01
  3.39233213e+02] 10.287722932458621
[-3.20155168e+00 -1.75648983e-01 -6.88344037e-02 -1.03464132e+01
  3.41301997e+02] 10.348133055452747
[-3.17525019e+00  5.38660450e-02 -1.68702635e-01 -1.02450544e+01
  3.38770549e+02] 10.246584842432753
[-3.18764687e+00  2.59733405e-03 -1.79175648e-01 -1.02754948e+01
  3.40852044e+02] 10.277057143575048
[-3.21329492e+00  9.99114982e-02 -1.88166322e-01 -1.02345214e+01
  3.41315324e+02] 10.236738644735368
[-3.19779042e+00 -1.41036483e-01 -1.70229931e-01 -1.04059974e+01
  3.41312966e+02] 10.408345272458162
[-3.27251016e+00  1.98449762e-01 -1.84046438e-01 -1.04292897e+01
  3.42250438e+02] 10.432801125780793
[-3.16712912e+00 -2.36038939e-01 -1.40855777e-01 -1.02025494e+01
  3.40958422e+02] 10.206251441515677
[-3.18199103e+00 -3.12280576e-01  1.65651746e-03 -1.01367467e+01
  3.39337867e+02] 10.14155585244324
[-3.16059034e+00 -1.11895594e-01  2.02934133e-01 -1.03083093e+01
  3.41068052e+02] 10.310913830232451
[-3.13698805e+00 -1.48683816e-01 -2.26766949e-01 -1.03537292e+01
  3.40990401e+02] 10.357279464306082
[-3.20406751e+00 -2.09256384e-01 -5.29421047e-02 -1.03568061e+01
  3.39115390e+02] 10.359055165110817
[-3.17559548e+00 -1.14097255e-01 -3.01126291e-02 -1.00605352e+01
  3.38088903e+02] 10.061227238355965
[-3.21297579e+00  8.35145399e-02 -1.82645909e-01 -1.00773055e+01
  3.38563650e+02] 10.079306495032753
[-3.20094114e+00  3.87033310e-02 -2.06291353e-01 -1.01646566e+01
  3.40068339e+02] 10.166823356313953
[-3.21425904e+00 -1.14069397e-01 -3.05456478e-02 -1.01166206e+01
  3.36432836e+02] 10.117309805392036
[-3.31797607e+00 -7.48381961e-02 -6.03016659e-03 -1.04010685e+01
  3.38705450e+02] 10.401339453767541
[-3.23567157e+00  7.22091181e-02  1.34488954e-01 -1.04798451e+01
  3.42289559e+02] 10.480956731611226
[-3.20646220e+00  8.44311593e-02  2.77062367e-02 -1.02366652e+01
  3.40517939e+02] 10.23705082880454
[-3.25821661e+00 -8.16699531e-02 -3.48939035e-02 -1.04322282e+01
  3.41786143e+02] 10.432606234267249
[-3.22420843e+00 -2.09705039e-01  1.38809151e-01 -1.03291801e+01
  3.39209291e+02] 10.332241063155568
[-3.22007652e+00 -3.23521770e-01 -1.52097025e-01 -1.02286129e+01
  3.39361326e+02] 10.23485816720017
[-3.22295070e+00  2.07349147e-01  8.53716807e-02 -1.02027470e+01
  3.42174509e+02] 10.20521082490908
[-3.28658184e+00  6.69625667e-02  1.75354333e-01 -1.04255319e+01
  3.40929504e+02] 10.427221542334063
[-3.26219325e+00  1.47504707e-01  1.36094631e-02 -1.07632002e+01
  3.45276847e+02] 10.764219542609558
[-3.21003670e+00  1.76984516e-01  3.78583642e-02 -1.03690010e+01
  3.41626768e+02] 10.370580405632696
[-3.17010463e+00 -1.35108928e-01  3.75069566e-02 -1.02851956e+01
  3.40664385e+02] 10.286151367427188
[-3.17040271e+00  9.95094720e-02  2.26766396e-01 -1.02238660e+01
  3.39545371e+02] 10.226864628248943
[-3.20099998e+00  1.43008605e-02  5.19464495e-02 -1.02541157e+01
  3.39131529e+02] 10.254257242632145
[-3.20840699e+00  1.14988508e-01  1.15101680e-01 -1.01078878e+01
  3.40449957e+02] 10.109197156138727
[-3.28586801e+00  3.73213684e-01  2.00329335e-01 -1.05756736e+01
  3.42369773e+02] 10.584152929648274
[-3.18085192e+00  1.70118048e-01 -1.93756151e-01 -1.00180812e+01
  3.41100009e+02] 10.021398768105659
[-3.19723321e+00 -9.47268289e-02 -3.46450984e-02 -1.02705846e+01
  3.39197602e+02] 10.271079893861218
[-3.19644411e+00 -1.47188380e-01 -9.31028805e-02 -1.04108461e+01
  3.42356724e+02] 10.412302802337896
[-3.18553478e+00  1.30025726e-01  1.20444322e-01 -1.00784058e+01
  3.35706714e+02] 10.079964132570067
[-3.19698263e+00  1.37477213e-01 -1.68183349e-01 -1.02653530e+01
  3.40160626e+02] 10.267651075173479
[-3.11569886e+00  1.69607516e-01 -5.35430903e-02 -1.02039514e+01
  3.41031886e+02] 10.205501332072819
[-3.16066910e+00 -7.29879603e-02  1.39433527e-01 -1.01232731e+01
  3.37624166e+02] 10.124496395226444
[-3.15314451e+00  3.18290710e-02 -2.46303606e-02 -9.98889170e+00
  3.38580502e+02] 9.98897277660602
[-3.21503546e+00  1.72346488e-01  2.81077284e-01 -1.02314160e+01
  3.40052231e+02] 10.236727092144472
[-3.21536981e+00 -1.56601617e-01  1.43572960e-01 -1.01512385e+01
  3.40419706e+02] 10.15346150528546
[-3.13358871e+00  1.52213971e-01 -2.64747393e-01 -1.02478098e+01
  3.40303915e+02] 10.25235901185688
[-3.19462517e+00  1.45881157e-03 -1.32611672e-02 -1.03241795e+01
  3.41304074e+02] 10.32418812918371
[-3.21293007e+00  6.67884809e-02  1.48241724e-01 -1.01867226e+01
  3.38992778e+02] 10.188020083047903
[-3.18517420e+00  7.59471997e-02  3.07271426e-01 -1.01768102e+01
  3.38410595e+02] 10.181731178086018
[-3.26122977e+00  1.24969164e-01  1.47623968e-01 -1.03545059e+01
  3.39645209e+02] 10.356312249416742
[-3.22419651e+00 -1.69040074e-01 -7.63829379e-02 -1.02637860e+01
  3.40820342e+02] 10.265462089385274
[-3.16576234e+00 -1.83332233e-01 -6.91191417e-02 -1.02706674e+01
  3.42896497e+02] 10.272536032275884
[-3.18015321e+00 -1.93402871e-01  7.40102702e-02 -1.02223773e+01
  3.40517338e+02] 10.224474563883142
[-3.15233241e+00 -1.52472386e-01 -1.27841103e-01 -1.03479227e+01
  3.41557695e+02] 10.349835477127389
[-3.17888448e+00 -1.55946185e-01 -3.36967527e-01 -1.04992327e+01
  3.42062634e+02] 10.505796183937061
[-3.20436120e+00 -2.16760824e-01  1.69082537e-02 -1.01861745e+01
  3.40379838e+02] 10.188494576213037
[-3.16895253e+00  1.14370474e-01  2.67330554e-02 -1.01868091e+01
  3.41335084e+02] 10.187486155770292
[-3.25635575e+00 -1.10201404e-01  6.26772284e-02 -1.02009089e+01
  3.39811978e+02] 10.20169663801335
[-3.18255306e+00 -2.11701292e-01  3.10659891e-02 -1.05302531e+01
  3.45039735e+02] 10.53242669019298
[-3.27046029e+00  1.94212738e-01 -8.66434647e-02 -1.01017254e+01
  3.37790176e+02] 10.103963617956806
[-3.14360520e+00  4.37113190e-02  1.73803392e-01 -1.03594051e+01
  3.40861849e+02] 10.36095520021091
[-3.23721761e+00 -1.12768130e-01  2.64689933e-01 -1.03165368e+01
  3.41648543e+02] 10.320547949032463
[-3.24362161e+00 -1.10625010e-01 -1.49110688e-01 -1.04243251e+01
  3.39833660e+02] 10.425978376878309
[-3.25868436e+00  2.21549234e-01 -2.99054078e-02 -1.03441055e+01
  3.40298189e+02] 10.346521033438643
[-3.17624398e+00 -4.09361174e-02  1.85980726e-02 -1.00692160e+01
  3.38659795e+02] 10.069316391342525
[-3.18696561e+00 -2.24880382e-01  2.30384262e-01 -1.01566627e+01
  3.38113825e+02] 10.16176388087416
[-3.28849438e+00 -3.02420814e-02  1.68616601e-01 -1.05224662e+01
  3.43799033e+02] 10.523860577081853
[-3.10980283e+00 -2.70176893e-02 -2.12864865e-01 -1.03264282e+01
  3.40881203e+02] 10.32865727104958
[-3.13060159e+00 -1.01856130e-01  3.68159728e-01 -1.01669897e+01
  3.40016036e+02] 10.174163134121809
[-3.21211609e+00  3.12124372e-02 -1.69951983e-01 -1.01982556e+01
  3.38881548e+02] 10.199719375979667
[-3.15669174e+00  3.19440271e-01  9.36947052e-02 -1.02552776e+01
  3.38728631e+02] 10.260679315553471
[-3.18120179e+00 -5.69519500e-02 -2.40652131e-01 -1.02133461e+01
  3.40987760e+02] 10.216339658473666
[-3.15567305e+00 -2.06320501e-01  1.29482153e-01 -1.00174833e+01
  3.40310977e+02] 10.020444332529461
[-3.24759525e+00 -2.70552998e-01 -2.31630537e-01 -1.04035600e+01
  3.40200904e+02] 10.409654776364752
[-3.25685583e+00  1.24367283e-01 -2.40972862e-02 -1.04372473e+01
  3.42142764e+02] 10.438016085257571
[-3.28628930e+00 -2.57106150e-01  1.19917355e-02 -1.02073881e+01
  3.38764148e+02] 10.210632699124494
[-3.16412494e+00 -1.13018571e-02 -3.09643800e-02 -1.00638581e+01
  3.38927859e+02] 10.063912064795765
[-3.17946198e+00 -2.45795149e-01  1.61520751e-01 -1.01053348e+01
  3.38666260e+02] 10.109614000466326
[-3.17438755e+00 -1.38244592e-02  9.71299352e-02 -1.01719275e+01
  3.39287803e+02] 10.172400593405895
[-3.21497507e+00  1.69138759e-01  1.34215097e-01 -1.03879716e+01
  3.40972346e+02] 10.390215349663537
[-3.16105023e+00 -2.41724472e-03 -1.44094901e-01 -1.02322267e+01
  3.39449302e+02] 10.23324157205307
[-3.17837409e+00 -2.12462410e-01 -4.10744180e-02 -1.02206088e+01
  3.40807246e+02] 10.222899387879304
[-3.23373097e+00 -1.63018431e-01  1.00937135e-01 -1.03190121e+01
  3.40147679e+02] 10.320793247848307
[-3.15087364e+00  4.27536966e-02  3.77460447e-01 -1.03444052e+01
  3.41843553e+02] 10.351377854847769
[-3.17239457e+00  1.81043571e-02 -5.34974373e-02 -1.00001137e+01
  3.38684395e+02] 10.000273157383802
[-3.21743405e+00 -8.01592014e-02 -8.43144927e-02 -1.00249824e+01
  3.38483557e+02] 10.02565738718912
[-3.21927643e+00 -1.29608885e-01 -9.91548610e-02 -1.02455884e+01
  3.38329987e+02] 10.246887952844869
[-3.18976175e+00  3.23782979e-02  1.54070954e-01 -1.01105491e+01
  3.38764544e+02] 10.111774832683137
[-3.20264618e+00 -8.66978690e-03 -8.02566306e-03 -1.04930817e+01
  3.43649735e+02] 10.493088363873317
[-3.23892294e+00  1.11629311e-01 -9.62235045e-02 -1.04770233e+01
  3.42167553e+02] 10.478059786712294
[-3.17169543e+00 -1.21863682e-01 -1.93286226e-01 -1.02828626e+01
  3.40671737e+02] 10.285401023456206
[-3.12567244e+00  2.38578516e-02 -2.87368621e-02 -1.01321003e+01
  3.38449969e+02] 10.132169128622904
[-3.22486814e+00 -9.63729646e-02  7.18337324e-02 -1.03178202e+01
  3.40011309e+02] 10.318520364627597
[-3.20234907e+00 -3.62292158e-01 -3.02186770e-01 -1.03035322e+01
  3.41151803e+02] 10.314327324223038
[-3.27812333e+00  1.08210329e-01 -2.19238009e-01 -1.01511947e+01
  3.38487842e+02] 10.154138484035121
[-3.24675313e+00  2.10492213e-01  2.06746239e-02 -1.02599709e+01
  3.39062496e+02] 10.262150706508276
[-3.32040676e+00 -1.51331489e-01 -1.89585084e-01 -1.03074058e+01
  3.38231238e+02] 10.31025986565369
[-3.13523823e+00 -1.69018168e-02  1.19813992e-01 -1.03747203e+01
  3.42103777e+02] 10.375425883242682
[-3.20670122e+00  2.10864772e-01  1.25850141e-01 -1.04339354e+01
  3.41925485e+02] 10.436824755436794
[-3.29202450e+00  3.60271099e-01 -1.95009961e-01 -1.04186314e+01
  3.39724777e+02] 10.426682323521206
[-3.17113038e+00 -2.94388862e-01  1.03378695e-01 -1.03156959e+01
  3.41439029e+02] 10.320413493014888
[-3.16594196e+00  3.03630399e-01 -6.62881722e-02 -1.02908633e+01
  3.41295928e+02] 10.295555018105334
[-3.17652659e+00 -4.12426847e-02 -9.49908598e-02 -1.01989941e+01
  3.39385168e+02] 10.199519811377538
[-3.35345633e+00  1.26381370e-01  2.61248822e-02 -1.01596242e+01
  3.37731410e+02] 10.160443805708278
[-3.12931986e+00  9.88860402e-02  4.10253964e-02 -1.01374006e+01
  3.39105177e+02] 10.137965943110737
[-3.17551959e+00  3.98316575e-01  2.41282104e-03 -1.00732446e+01
  3.38859074e+02] 10.081116936408822
[-3.17450632e+00  3.80737488e-02 -5.74517075e-02 -1.04274098e+01
  3.40700623e+02] 10.427637547769915
[-3.20053731e+00 -1.34378481e-01  9.15249281e-03 -9.98824903e+00
  3.37087900e+02] 9.98915712693316
[-3.18265696e+00 -7.74029732e-02 -1.30020222e-01 -1.00003990e+01
  3.38317291e+02] 10.001543711017945
[-3.27812943e+00  2.07568760e-01 -1.20950328e-02 -1.03396997e+01
  3.41014866e+02] 10.34179001283308
[-3.23823862e+00 -5.62751916e-02 -3.78423522e-02 -1.03786842e+01
  3.41580972e+02] 10.378905795443128
[-3.21619245e+00 -1.23940800e-02  9.75307264e-02 -1.04941198e+01
  3.41195893e+02] 10.494580308320273
[-3.13062706e+00  7.09247054e-04  6.97546232e-02 -1.03971799e+01
  3.42512980e+02] 10.397413900747738
[-3.08784896e+00  1.27118549e-01 -2.26795094e-01 -1.00083827e+01
  3.39166510e+02] 10.011759013676862
[-3.23176568e+00 -1.98703295e-01  1.95510615e-01 -1.00907934e+01
  3.36784471e+02] 10.094643085890027
[-3.21025930e+00 -6.52394062e-02  1.06146234e-01 -1.00663389e+01
  3.38113590e+02] 10.06710988344057
[-3.14848000e+00 -4.94276196e-02  1.69580715e-01 -1.02367688e+01
  3.40417410e+02] 10.238292640434153
[-3.25419848e+00  1.50589366e-01 -4.72285668e-02 -1.04482384e+01
  3.41450971e+02] 10.449430276353139
[-3.15969971e+00 -6.11632754e-02 -1.48865187e-02 -1.00292268e+01
  3.37801033e+02] 10.029424389040008
[-3.15971782e+00  1.76228000e-01 -8.11287143e-02 -1.01106074e+01
  3.38866864e+02] 10.112468575472827
[-3.23231615e+00  5.90619454e-02 -2.15501085e-01 -1.00766237e+01
  3.38817609e+02] 10.079100910419497
[-3.22352125e+00  1.67812071e-01 -2.14281108e-01 -1.01867160e+01
  3.39093448e+02] 10.190351297582069
[-3.13042804e+00  5.81606086e-02  7.83096814e-02 -1.01717350e+01
  3.40514143e+02] 10.172202691444998
[-3.17230364e+00  1.76201852e-01 -4.84086320e-02 -1.01022795e+01
  3.39537969e+02] 10.103931942386096
[-3.18896747e+00 -4.83104923e-02 -2.26895465e-01 -1.04420750e+01
  3.41418612e+02] 10.444651511084379
[-3.17650190e+00  1.65465816e-01 -1.20585822e-03 -1.00500380e+01
  3.38944217e+02] 10.051400097330655
[-3.16237953e+00  2.92151855e-02 -2.27381629e-01 -1.02685671e+01
  3.39925571e+02] 10.271125831396182
[-3.17152857e+00  1.80896002e-01 -3.02562187e-04 -1.01977317e+01
  3.41339925e+02] 10.199335990493097
[-3.20321675e+00 -1.02526708e-02  4.07725895e-02 -1.03043060e+01
  3.41955904e+02] 10.304391765142574
[-3.19784062e+00 -4.12010016e-02 -2.29324856e-01 -1.04061321e+01
  3.41710184e+02] 10.408740215933708
[-3.25887776e+00 -2.29716899e-02 -7.69059252e-02 -1.03716487e+01
  3.41210602e+02] 10.37195924303913
[-3.20137472e+00  1.60491100e-01 -1.30035709e-01 -1.01702436e+01
  3.39250053e+02] 10.172340960514578
[-3.17314402e+00 -2.57497415e-01  2.51906076e-01 -1.01290854e+01
  3.40400623e+02] 10.135488746902455
[-3.21367397e+00  7.15362836e-03  6.86409361e-02 -9.93515142e+00
  3.37999821e+02] 9.935391111333434
[-3.21030200e+00  5.87922620e-02  3.07694345e-02 -1.05717520e+01
  3.42959553e+02] 10.571960208783269
[-3.19085605e+00  5.04211571e-02  5.23784984e-02 -1.01040031e+01
  3.40176467e+02] 10.104264661306651
[-3.19778300e+00  1.49147653e-02  1.53725352e-01 -1.04938671e+01
  3.42105966e+02] 10.49500361662674
[-3.25042679e+00 -9.03730536e-02  1.63066407e-01 -1.04674410e+01
  3.42018296e+02] 10.469101186810379
[-3.17547203e+00 -2.10504355e-01  2.86976837e-02 -1.03738122e+01
  3.40698005e+02] 10.375987391765479
[-3.17767202e+00 -2.82288936e-01  1.25722568e-02 -1.04007872e+01
  3.42720440e+02] 10.40462487057347
[-3.16144886e+00  1.04087689e-02 -2.42841865e-01 -1.04232893e+01
  3.41438482e+02] 10.426122974428816
[-3.17706250e+00 -5.36952765e-02  5.55340183e-03 -1.01635544e+01
  3.38979547e+02] 10.163697788336988
[-3.17349075e+00  2.92446970e-01  7.96665629e-03 -1.02620888e+01
  3.40973148e+02] 10.26625811298325
[-3.16225208e+00  9.15757114e-02  7.77008626e-03 -9.97788186e+00
  3.35967910e+02] 9.978305113527721
[-3.23691130e+00  1.13861521e-01 -1.29213089e-01 -1.02927741e+01
  3.43167522e+02] 10.294214881494174
[-3.23917300e+00  3.41688894e-02 -4.67221348e-03 -1.04362313e+01
  3.41339666e+02] 10.436288311004564
[-3.26662552e+00  4.31550987e-02  1.35464637e-01 -1.00087477e+01
  3.39786310e+02] 10.00975742913612
[-3.19631780e+00 -1.13468324e-01  2.08834439e-01 -1.04079801e+01
  3.41398874e+02] 10.410693408069656
[-3.15670732e+00 -2.71658303e-01 -9.15127501e-02 -1.04441834e+01
  3.43172469e+02] 10.448116585005197
[-3.27069203e+00  1.34980494e-01 -1.47088497e-01 -1.02443071e+01
  3.41082242e+02] 10.246252156870348
[-3.18047552e+00  3.86413171e-01 -8.74479274e-02 -1.03483764e+01
  3.40411156e+02] 10.355957573147766
[-3.19118994e+00  2.20528679e-01 -3.77057588e-02 -1.02343835e+01
  3.39365997e+02] 10.23682857295494
[-3.20718403e+00  3.72038774e-02 -6.37529023e-02 -1.03115218e+01
  3.41322665e+02] 10.311785981002618
[-3.19789561e+00  9.23518079e-02 -2.93475893e-01 -1.02099395e+01
  3.40272406e+02] 10.214574015196876
[-3.29224061e+00  5.30944892e-02  1.32255407e-01 -1.05241440e+01
  3.41451110e+02] 10.525108931876602
[-3.14803413e+00  1.85871153e-03  2.37094341e-01 -1.03123947e+01
  3.40492090e+02] 10.315120018616712
[-3.28632825e+00  2.40048449e-01 -7.84639423e-02 -1.04921270e+01
  3.42294092e+02] 10.495165976464076
[-3.12858372e+00 -1.10285926e-01 -1.62178208e-02 -1.01281683e+01
  3.41111493e+02] 10.128781681894997
[-3.19561006e+00  1.32861402e-01 -3.82221210e-02 -1.00342596e+01
  3.38646077e+02] 10.035211988425042
[-3.14281865e+00 -2.07847541e-01 -1.13045005e-01 -1.02252300e+01
  3.41275610e+02] 10.227966925546344
[-3.18329506e+00  1.45797630e-01 -4.07149249e-01 -1.03617968e+01
  3.41169309e+02] 10.370817738112343
[-3.17976727e+00  6.47484348e-02 -1.70517572e-01 -1.00484098e+01
  3.39747794e+02] 10.050065054752356
[-3.23949434e+00  1.64364044e-01 -8.61540616e-02 -1.05067717e+01
  3.40374604e+02] 10.508410392973774
[-3.15764447e+00 -1.56671910e-01  8.11118644e-02 -1.03961424e+01
  3.42597337e+02] 10.397639238404027
[-3.14555566e+00  8.60522258e-02  2.41956585e-01 -1.03211101e+01
  3.38754767e+02] 10.324304422715397
[-3.24758993e+00 -1.21412860e-01  4.06474626e-02 -1.04541935e+01
  3.42161535e+02] 10.454977532353661
[-3.28058101e+00 -2.49322976e-02 -1.38674439e-01 -1.03721785e+01
  3.42624005e+02] 10.37313546447829
[-3.27296095e+00 -2.01709547e-01 -6.42073302e-02 -1.02731532e+01
  3.40422063e+02] 10.275333815872012
[-3.19777727e+00  2.35352344e-01  9.17949070e-02 -1.01022198e+01
  3.40313479e+02] 10.105377829492753
[-3.21667904e+00 -1.45814457e-01  1.48883334e-02 -1.02348374e+01
  3.41494956e+02] 10.235886868133028
[-3.21584173e+00 -1.82981509e-01 -1.36294906e-01 -1.00031596e+01
  3.37996148e+02] 10.005761381994386
[-3.20110628e+00  2.47557035e-01 -9.55377887e-03 -1.01442758e+01
  3.39253706e+02] 10.147300537983233
[-3.25194703e+00 -1.43795395e-01 -1.45060357e-01 -1.02581463e+01
  3.38063355e+02] 10.260179564865552
[-3.27983548e+00  1.90303746e-01  5.49782611e-02 -1.02909923e+01
  3.37966724e+02] 10.292898591362343
[-3.31745189e+00 -3.60839133e-01 -1.51609643e-01 -1.03380112e+01
  3.39431207e+02] 10.345417593616979
[-3.21289642e+00 -1.91043146e-01 -1.79318132e-01 -1.02063057e+01
  3.40952233e+02] 10.209668426769335
[-3.23596025e+00  5.57970760e-02  9.89414162e-02 -1.03938956e+01
  3.40183287e+02] 10.394516290475918
[-3.24394434e+00 -2.63730008e-02  2.10728908e-01 -1.03371996e+01
  3.39550865e+02] 10.339380888776684
[-3.23148867e+00 -9.42001779e-02  1.12016748e-01 -1.02463190e+01
  3.41263230e+02] 10.247364287423956
[-3.18749929e+00  3.61382296e-01  9.37391726e-02 -1.03756024e+01
  3.41027706e+02] 10.382317184818383
[-3.17455879e+00  1.70561792e-01 -8.86425452e-02 -1.01305626e+01
  3.39794914e+02] 10.132386101229056
[-3.16934003e+00  1.73596755e-01  8.57478731e-02 -1.06126342e+01
  3.43641169e+02] 10.614400291751176
[-3.17368231e+00 -1.03105054e-02  2.90191869e-01 -1.01381021e+01
  3.39291489e+02] 10.14225972198889
[-3.18528024e+00  2.89451900e-01 -3.99032577e-02 -1.03926776e+01
  3.40696486e+02] 10.39678427389314
[-3.22473423e+00  2.07053483e-01 -1.61455115e-01 -1.05364026e+01
  3.40212276e+02] 10.539673572349809
[-3.22910294e+00 -9.17036973e-02 -2.44487023e-01 -1.03247559e+01
  3.39566296e+02] 10.328057294912124
[-3.14401038e+00  1.26158329e-01 -5.48038379e-02 -1.00177713e+01
  3.38357368e+02] 10.018715509836108
[-3.25776175e+00  1.81095523e-03  1.32404316e-01 -1.04720441e+01
  3.40558082e+02] 10.472881263079413
[-3.19203672e+00  1.32424578e-01 -2.86563485e-02 -1.01180986e+01
  3.39492357e+02] 10.119005702373487
[-3.27623097e+00  8.81930195e-04 -4.88297292e-02 -1.02468506e+01
  3.41410090e+02] 10.246966955458097
[-3.22919637e+00  2.94864749e-01 -7.82755098e-02 -1.01466044e+01
  3.37206823e+02] 10.151189703897229
[-3.17693648e+00 -1.39268172e-01  1.53676646e-01 -1.03719828e+01
  3.43037931e+02] 10.37405607186884
[-3.19596999e+00 -1.39945436e-01 -1.48184586e-02 -1.02539464e+01
  3.39453259e+02] 10.254911997358645
[-3.17261691e+00  1.68811531e-02  1.53196824e-01 -1.00648528e+01
  3.40257734e+02] 10.066032786883337
[-3.18169453e+00  1.45288893e-01  1.98281204e-01 -1.00076631e+01
  3.38043722e+02] 10.010681568761541
[-3.19928771e+00  3.72081540e-02 -1.42454510e-01 -9.92936990e+00
  3.36817711e+02] 9.930461436521592
[-3.22327792e+00  3.46679845e-01 -1.53213172e-01 -1.00918979e+01
  3.37382655e+02] 10.099013019434597
[-3.21157648e+00  2.90273196e-01  2.06673397e-01 -1.03399903e+01
  3.41348561e+02] 10.346128340775538
[-3.17561328e+00 -9.61057788e-02 -4.14114041e-02 -1.03143315e+01
  3.42751007e+02] 10.314862397278974
[-3.16105224e+00  3.78020747e-02 -1.05582729e-01 -1.02534832e+01
  3.38722733e+02] 10.254096490847653
[-3.15919142e+00 -1.48003509e-01  4.92961237e-02 -1.00633882e+01
  3.38905721e+02] 10.064597248185338
[-3.20807567e+00  8.59455024e-03  1.06629994e-01 -1.01916509e+01
  3.38320916e+02] 10.192212295413043
[-3.22769371e+00 -6.19050315e-02 -1.30373779e-01 -1.02424212e+01
  3.38478278e+02] 10.243437930753302
[-3.23314853e+00 -2.32487016e-01  2.04062713e-01 -1.02188923e+01
  3.37676368e+02] 10.223573344623896
[-3.08584771e+00 -1.97349050e-01 -2.88476807e-01 -1.03664594e+01
  3.41904909e+02] 10.372350052220925
[-3.25310642e+00  1.39051288e-01 -1.25764343e-01 -1.02503996e+01
  3.39884690e+02] 10.25211409319237
[-3.18055692e+00  7.92131900e-02  1.32592971e-01 -1.02708135e+01
  3.40971193e+02] 10.271974723449738
[-3.22594578e+00  7.25667241e-02  5.22203659e-02 -1.00876595e+01
  3.38074998e+02] 10.08805563582933
[-3.26146602e+00  1.30551530e-01  7.36856355e-02 -1.04742455e+01
  3.41298258e+02] 10.475318194671965
[-3.18466445e+00 -2.41279214e-02 -3.68012035e-03 -1.04745850e+01
  3.42427513e+02] 10.474613481949755
[-3.17910071e+00 -1.33755612e-01 -1.47967074e-01 -1.02089061e+01
  3.37444842e+02] 10.210854443751597
[-3.15523083e+00  1.05062098e-01  1.40102166e-01 -1.03028021e+01
  3.40459729e+02] 10.304290220506322
[-3.12945560e+00  9.43753167e-02 -1.89470819e-03 -1.01392478e+01
  3.39072370e+02] 10.139687190078295
[-3.21742903e+00  4.41305459e-03  1.97669131e-02 -1.01573144e+01
  3.40051070e+02] 10.157334588765865
[-3.26344338e+00  9.54559420e-02 -3.96300486e-02 -9.99264800e+00
  3.35703492e+02] 9.993182502427558
[-3.21300132e+00 -3.61865877e-01 -7.47482566e-02 -1.00290590e+01
  3.39740683e+02] 10.035863653131573
[-3.27632015e+00 -3.35589625e-02  1.80752289e-02 -1.06474242e+01
  3.42212214e+02] 10.647492462485054
[-3.21549933e+00  2.20195811e-01  5.83250162e-02 -1.01962268e+01
  3.39573412e+02] 10.198770995011996
[-3.21927838e+00 -1.67368082e-02 -1.98999639e-01 -1.03332523e+01
  3.41342193e+02] 10.335181849615438
[-3.18203712e+00 -5.70972407e-03 -1.02259475e-01 -1.01417296e+01
  3.38500779e+02] 10.142246785257367
[-3.15474111e+00  1.28877752e-01  1.33671712e-01 -1.02137647e+01
  3.40931423e+02] 10.21545239821595
[-3.26804015e+00 -7.43975081e-02  1.52085250e-01 -1.02574310e+01
  3.39668285e+02] 10.258828133660158
[-3.21281618e+00 -6.55609604e-02  1.26106554e-01 -1.03833660e+01
  3.41356034e+02] 10.384338756775826
[-3.26685890e+00 -5.56658594e-02 -1.36111145e-01 -1.04511794e+01
  3.39591899e+02] 10.452213878659471
[-3.14419276e+00 -2.67089065e-02  5.23576072e-02 -1.02047108e+01
  3.39673859e+02] 10.204880103612254
[-3.19513395e+00  1.81732082e-02 -4.82149723e-02 -1.01365760e+01
  3.38338565e+02] 10.136706960761009
[-3.18290425e+00 -6.27588613e-02 -2.69832161e-01 -1.01492937e+01
  3.42118190e+02] 10.153073947143954
[-3.21093355e+00  9.98894819e-02  1.61795788e-01 -1.02923760e+01
  3.39423143e+02] 10.294132306906542
[-3.20143812e+00  3.97473165e-01  2.05031897e-02 -1.03388671e+01
  3.41165502e+02] 10.346524967871904
[-3.28522480e+00  1.03985701e-01  3.18707949e-02 -1.05994244e+01
  3.43035553e+02] 10.59998233529133
[-3.27403543e+00  3.14667854e-01  1.34349459e-02 -1.03072776e+01
  3.41388586e+02] 10.312088389976385
[-3.16283706e+00  1.96569252e-01 -9.92633120e-02 -1.00246528e+01
  3.39474090e+02] 10.027071204785834
[-3.21859434e+00 -5.79966557e-02  7.25379454e-02 -1.02376717e+01
  3.40481208e+02] 10.238092965710923
[-3.20514790e+00  2.77635799e-01  9.44236703e-02 -1.01942642e+01
  3.40198310e+02] 10.198481233327065
[-3.15346442e+00 -1.88025862e-01 -9.95055127e-02 -1.01967963e+01
  3.39798024e+02] 10.199015097096275
[-3.20768763e+00 -7.88339402e-02  1.98122890e-01 -1.04036074e+01
  3.41977228e+02] 10.405792373491222
[-3.22901005e+00  7.10864998e-03  2.98787785e-02 -9.94906813e+00
  3.37144468e+02] 9.949115536165193
[-3.19576963e+00  8.16422272e-02  2.91613290e-01 -1.04207266e+01
  3.43929488e+02] 10.425125694502341
[-3.17013630e+00  2.45181493e-01 -3.71270346e-02 -1.00316430e+01
  3.37965322e+02] 10.03470741774762
[-3.15862499e+00  6.45320670e-02 -6.72891917e-02 -1.01604734e+01
  3.41179237e+02] 10.160901110617838
[-3.20289080e+00  1.98859337e-01  7.11367656e-02 -1.04068405e+01
  3.41623991e+02] 10.408983395455733
[-3.20640098e+00  1.34543046e-02 -1.29133797e-01 -1.01483156e+01
  3.37695637e+02] 10.149146081927318
[-3.15606734e+00 -5.06203298e-02 -1.06670932e-01 -9.98344251e+00
  3.37532949e+02] 9.984140696947028
[-3.16340534e+00  8.36378238e-02  1.44949692e-01 -1.01160778e+01
  3.39379887e+02] 10.11746189422162
[-3.16453366e+00 -1.20829042e-01 -8.96450441e-02 -1.03189397e+01
  3.42546509e+02] 10.320036423722815
[-3.15119367e+00  8.90339835e-02 -3.69748698e-01 -1.01009079e+01
  3.37887050e+02] 10.108065159605037
[-3.20719335e+00  8.09327213e-03 -5.48740361e-03 -1.03776664e+01
  3.40253272e+02] 10.377671017316496
[-3.24599295e+00  3.22028696e-02 -1.68431937e-01 -1.04101091e+01
  3.41704829e+02] 10.411521349332292
[-3.22572565e+00  2.48767426e-01  4.57685525e-02 -1.04158748e+01
  3.42013618e+02] 10.418945661993762
[-3.21772744e+00  2.38297150e-01 -1.64972855e-01 -1.01348970e+01
  3.39414115e+02] 10.139040353625264
[-3.22630274e+00 -3.95309213e-01 -8.81153280e-03 -1.02623595e+01
  3.40408487e+02] 10.26997416836716
[-3.18660568e+00 -7.29596323e-02  2.11028925e-01 -9.92076226e+00
  3.38247253e+02] 9.923274664118605
[-3.17190083e+00 -2.92754557e-01 -4.15386658e-02 -1.05801561e+01
  3.45342280e+02] 10.584287130031127
[-3.13554352e+00  2.49516722e-02 -1.17657352e-01 -1.00540705e+01
  3.39802861e+02] 10.054789911109818
[-3.21662309e+00 -3.64728198e-02  1.14132974e-02 -1.00593292e+01
  3.38508358e+02] 10.059401807043955
[-3.26180774e+00  1.88506902e-01 -4.43632369e-02 -1.05010169e+01
  3.40928220e+02] 10.502802408078232
[-3.18505992e+00 -1.94416863e-01  1.08161656e-01 -1.04132187e+01
  3.40574971e+02] 10.415595051448813
[-3.22041859e+00  1.79652521e-01 -3.48081943e-01 -1.05874448e+01
  3.41756861e+02] 10.59468844415365
[-3.20883183e+00  1.60131151e-01 -1.60166338e-01 -1.02647052e+01
  3.40700341e+02] 10.267203487805666
[-3.28715567e+00  8.65150087e-02  1.16292553e-01 -1.02679326e+01
  3.38593573e+02] 10.268955548887227
[-3.22746742e+00  1.62345951e-01  4.01451635e-02 -1.03061214e+01
  3.41142792e+02] 10.307478138912868
[-3.18503283e+00  3.90099358e-02  3.42159913e-01 -1.01526678e+01
  3.40170772e+02] 10.158506719100453
[-3.17994313e+00  2.34441058e-01  9.44099745e-02 -1.00490698e+01
  3.41067462e+02] 10.052247447029867
[-3.21650008e+00 -1.47536969e-01 -1.68808957e-01 -1.00990928e+01
  3.39570475e+02] 10.101580999094729
[-3.18015363e+00  1.57132027e-01  5.73905790e-03 -1.01382746e+01
  3.41905475e+02] 10.13949387600133
[-3.10592169e+00 -1.13050829e-01  3.30454746e-01 -1.01152596e+01
  3.39080100e+02] 10.121287370484662
[-3.26981499e+00 -2.44995765e-01 -5.72382112e-02 -1.03247911e+01
  3.41900746e+02] 10.327856009326823
[-3.15974142e+00 -1.74385651e-02 -2.02369446e-01 -1.04021431e+01
  3.40976615e+02] 10.404125986658864
[-3.18904132e+00  1.48462244e-01 -1.69860162e-01 -1.00790361e+01
  3.40258623e+02] 10.081560554631087
[-3.28673636e+00 -1.51368385e-01  4.51553921e-02 -1.01916340e+01
  3.40028960e+02] 10.192857999176306
[-3.27213627e+00 -9.53021195e-02  1.83807721e-01 -9.96073512e+00
  3.37798304e+02] 9.962886722160786
[-3.22900975e+00 -1.44933584e-01 -2.19105634e-01 -1.00787301e+01
  3.38206105e+02] 10.082153209403586
[-3.20653788e+00  5.45442662e-02  2.56621991e-01 -1.03655562e+01
  3.41198743e+02] 10.368875820047174
[-3.18942076e+00 -2.22366670e-01  1.60630882e-01 -1.01892416e+01
  3.39794133e+02] 10.192933506177527
[-3.22431354e+00 -2.36868756e-01 -4.05722323e-02 -1.01310909e+01
  3.40113112e+02] 10.133940757044098
[-3.21176257e+00  1.58784192e-01  3.30884257e-01 -1.04080008e+01
  3.40080263e+02] 10.414469613045503
[-3.18009178e+00  7.69791789e-02  5.93919307e-02 -1.03934488e+01
  3.42574632e+02] 10.393903513814315
[-3.14738629e+00 -6.45997203e-02  3.98047534e-02 -1.04716383e+01
  3.40414138e+02] 10.471913172217544
[-3.20329769e+00  9.28211090e-02  5.37900910e-02 -1.00228735e+01
  3.36017525e+02] 10.023447619332167
[-3.26354509e+00 -7.08730743e-02 -5.36820357e-03 -1.04557111e+01
  3.41949631e+02] 10.45595266010836
[-3.28013755e+00 -4.50020812e-02  2.66324782e-01 -1.04581904e+01
  3.39951031e+02] 10.461677697344456
[-3.18765152e+00  3.74093388e-01  1.71136093e-01 -1.02263659e+01
  3.41783985e+02] 10.234636961422007
[-3.22612454e+00 -6.31148204e-02 -1.64641025e-01 -1.02441267e+01
  3.40479492e+02] 10.245644038427733
[-3.18820833e+00 -1.25332228e-01 -6.22848099e-02 -1.02408576e+01
  3.39930237e+02] 10.241813864108826
[-3.13009647e+00  1.34152038e-01 -1.43748871e-01 -1.00655126e+01
  3.38618909e+02] 10.067432900097764
[-3.21322388e+00 -2.85620416e-01 -1.76115222e-01 -1.02520376e+01
  3.41969606e+02] 10.257527484086049
[-3.22618841e+00  2.25042804e-02  2.27417843e-01 -1.03106756e+01
  3.42258952e+02] 10.313207827853084
[-3.23336754e+00 -2.06106475e-02  6.93288658e-03 -1.02713460e+01
  3.40620391e+02] 10.271369047784418
[-3.23518315e+00 -1.82880812e-02 -9.59004978e-03 -1.00705312e+01
  3.37435091e+02] 10.070552386962463
[-3.20559552e+00 -2.11236563e-01 -3.19018689e-02 -1.02455048e+01
  3.39972303e+02] 10.24773176538785
[-3.21234876e+00  4.20332505e-02  2.61342977e-01 -1.00460605e+01
  3.40045996e+02] 10.04954720109149
[-3.18661233e+00  7.79656648e-02 -5.67775703e-02 -9.98675559e+00
  3.40397032e+02] 9.9872213172687
[-3.19423822e+00  1.74940466e-01  6.32544012e-02 -1.04253349e+01
  3.42022501e+02] 10.426994438028615
[-3.27275749e+00  3.08863914e-01  2.39146704e-01 -1.02883342e+01
  3.39185685e+02] 10.295747143246405
[-3.22721987e+00 -7.24865341e-02 -3.29015985e-01 -1.02543320e+01
  3.42229354e+02] 10.259865079741234
[-3.23473737e+00 -7.67823306e-02  2.54132147e-02 -1.04231449e+01
  3.39101990e+02] 10.423458720939054
[-3.19171490e+00  1.10950944e-01  1.04556456e-01 -1.01351866e+01
  3.39864873e+02] 10.13633313157383
[-3.20465230e+00 -6.11220960e-02 -1.62069583e-01 -1.05837414e+01
  3.43579433e+02] 10.58515865865247
[-3.15806742e+00 -1.78012092e-01  9.55975731e-02 -1.01519050e+01
  3.36599105e+02] 10.153915635315334
[-3.17217031e+00  1.88800203e-01 -2.19857440e-01 -9.97217595e+00
  3.34839985e+02] 9.976385921046273
[-3.16359462e+00  3.21693553e-02 -2.80794539e-01 -1.01366470e+01
  3.36889332e+02] 10.140586463582112
[-3.23405839e+00  9.01660853e-02  2.13101413e-01 -1.00984446e+01
  3.39890963e+02] 10.101095288277353
[-3.27074814e+00  1.90693291e-01 -2.17687198e-02 -1.02915235e+01
  3.40787479e+02] 10.293313057260306
[-3.22248001e+00 -3.50092341e-02  2.46156180e-01 -1.03292441e+01
  3.39186817e+02] 10.33223606432529
[-3.13312964e+00 -1.51754966e-02  1.12726741e-01 -1.02057592e+01
  3.40048973e+02] 10.20639301213362
[-3.13136552e+00 -2.45358549e-01 -2.80502263e-01 -1.00559946e+01
  3.39763033e+02] 10.062897712218938
[-3.17476095e+00 -8.39402476e-02  2.53290669e-02 -1.02404111e+01
  3.40320000e+02] 10.240786481233693
[-3.12960478e+00  2.68047302e-02  2.40361167e-01 -1.04217400e+01
  3.43395189e+02] 10.424545884079045
[-3.20212418e+00 -2.25953120e-02 -1.87944975e-01 -1.00499944e+01
  3.38433144e+02] 10.051776979120817
[-3.20640512e+00  1.49710489e-01 -2.46533191e-01 -1.03849911e+01
  3.39934515e+02] 10.38899573841058
[-3.14626165e+00  1.12110724e-01  1.11303127e-01 -1.04143012e+01
  3.43840093e+02] 10.415499394627112
[-3.19795025e+00 -4.07310949e-02 -5.58705389e-02 -1.00210794e+01
  3.37731453e+02] 10.021317969523542
[-3.23270727e+00  1.41151554e-01 -1.54800528e-01 -1.04853382e+01
  3.44419133e+02] 10.487430765158647
[-3.28418374e+00 -2.64576231e-01  6.39909365e-02 -1.04637516e+01
  3.41470695e+02] 10.46729153182963
[-3.19904987e+00 -2.83305439e-02 -2.39770263e-01 -1.00968876e+01
  3.39073207e+02] 10.099773882793812
[-3.19473578e+00 -2.12483483e-01  1.10153206e-01 -1.03222127e+01
  3.42111014e+02] 10.324987115735826
[-3.13414687e+00  2.57324065e-03 -3.36184410e-02 -1.02395637e+01
  3.40891463e+02] 10.239619172691764
[-3.22278219e+00 -2.12555703e-02  4.09571142e-02 -1.01587495e+01
  3.40091052e+02] 10.158854312039757
[-3.12243137e+00  9.52124055e-02 -2.34014253e-01 -1.02682430e+01
  3.40543464e+02] 10.271350585861278
[-3.21654858e+00  1.91880113e-01 -4.62237057e-02 -1.01003412e+01
  3.37636617e+02] 10.102269363223058
[-3.22549113e+00  9.04778885e-03 -1.18934122e-01 -1.06841274e+01
  3.45888930e+02] 10.684793236846545
[-3.12261531e+00  2.03090144e-01  2.37767319e-01 -1.01287024e+01
  3.38881274e+02] 10.133528109845304
[-3.18349659e+00 -2.56172597e-01 -6.00748614e-02 -1.00721048e+01
  3.37873311e+02] 10.075541127977738
[-3.23765410e+00 -3.87246001e-02 -7.87701984e-02 -1.03481794e+01
  3.39281811e+02] 10.348551635638168
[-3.19541915e+00  1.69456953e-01 -1.77670508e-02 -1.01387919e+01
  3.40068976e+02] 10.14022347692138
[-3.17493002e+00 -1.47792623e-01 -3.57466424e-01 -1.01505907e+01
  3.39126891e+02] 10.157958315676753
[-3.10263041e+00 -7.56526514e-02 -3.51772402e-02 -9.98188682e+00
  3.39517425e+02] 9.982235487559452
[-3.27180200e+00 -1.30663708e-01 -7.95528769e-02 -1.04227965e+01
  3.40777657e+02] 10.423919051740777
[-3.15530080e+00 -1.91778751e-01 -1.16675445e-01 -1.02613113e+01
  3.40588802e+02] 10.263766467164414
[-3.24314231e+00  2.90626335e-02  2.60626929e-01 -1.05529043e+01
  3.42132001e+02] 10.556162227854914
[-3.21852252e+00  8.01790677e-02  1.21374318e-01 -1.02805538e+01
  3.39732135e+02] 10.281582943875199
[-3.20434401e+00  1.19954762e-01 -1.99988202e-01 -1.01856607e+01
  3.39886739e+02] 10.188330018197803
[-3.18702610e+00 -1.26784111e-01 -3.82168483e-01 -1.01972664e+01
  3.40569335e+02] 10.205212825457746
[-3.17585743e+00  1.00452165e-02  2.49454212e-01 -1.01454157e+01
  3.39426801e+02] 10.148486979985089
[-3.24208367e+00 -8.19868556e-02  6.89832427e-02 -1.02472661e+01
  3.38540789e+02] 10.247826230361488
[-3.19513294e+00 -7.35563168e-02  9.16956269e-02 -1.02005220e+01
  3.41154204e+02] 10.201199291760757
[-3.12406031e+00 -1.98332144e-02  1.06560867e-02 -1.04331867e+01
  3.42125871e+02] 10.43321101755993
[-3.11013906e+00  2.80143093e-03  1.11148037e-02 -1.00563047e+01
  3.39678901e+02] 10.056311205281803
[-3.13802982e+00 -8.22202436e-02  2.98661726e-02 -9.94386802e+00
  3.37730759e+02] 9.9442527783693
[-3.17238860e+00  1.65827578e-01  2.36789339e-01 -9.93285287e+00
  3.37419814e+02] 9.937058627249018
[-3.25651838e+00 -1.37216027e-01 -1.47949941e-01 -1.04546879e+01
  3.42783881e+02] 10.456635026476826
[-3.14775733e+00  1.85893283e-01 -1.20843691e-01 -1.01041135e+01
  3.41021037e+02] 10.106545805949548
[-3.19925089e+00 -2.70853052e-01 -1.29275171e-01 -1.04009755e+01
  3.40321104e+02] 10.405304680113906
[-3.25767784e+00  8.52874999e-02 -8.92003927e-02 -1.03098650e+01
  3.40380953e+02] 10.310603591037951
[-3.19893201e+00  1.25331561e-01 -1.94633204e-01 -1.02252023e+01
  3.39539665e+02] 10.227822470264408
[-3.28263931e+00  3.21171165e-01 -3.12055352e-01 -1.03188272e+01
  3.42085799e+02] 10.32853930155857
[-3.22766913e+00  1.12487509e-01  6.19215597e-02 -1.03762337e+01
  3.43161503e+02] 10.377028158936035
[-3.22218361e+00 -3.24901743e-02  1.55401265e-01 -1.04827647e+01
  3.42050035e+02] 10.483966848556472
[-3.19537313e+00 -1.14328510e-01  1.21920340e-01 -1.02673097e+01
  3.41380507e+02] 10.268670009814716
[-3.15722235e+00  6.62860372e-02  1.37240567e-01 -1.02459350e+01
  3.40621005e+02] 10.24706852834735
[-3.20717370e+00  1.31406905e-01 -1.52667068e-01 -1.02879335e+01
  3.39859483e+02] 10.289905288148766
[-3.24901276e+00 -1.74393375e-01 -1.09689240e-01 -1.01978417e+01
  3.41103258e+02] 10.199922523185494
[-3.25313465e+00  1.18482039e-01  1.48040334e-01 -1.00911240e+01
  3.36377239e+02] 10.092905285723258
[-3.28499203e+00  1.25716267e-01  4.92076786e-02 -1.05004934e+01
  3.40704562e+02] 10.501361192759562
[-3.12549446e+00  2.14884401e-01  1.02351998e-01 -1.02073003e+01
  3.40990656e+02] 10.210074909248563
[-3.19794671e+00  3.92248898e-03 -1.60308503e-01 -1.03010275e+01
  3.41288177e+02] 10.302275549543499
[-3.17740894e+00 -2.49669992e-02  1.61854536e-01 -1.01036410e+01
  3.39986461e+02] 10.104968189533373
[-3.22295284e+00 -1.81336287e-01 -4.15516213e-03 -1.03592223e+01
  3.43479553e+02] 10.360810128449055
[-3.13007964e+00  6.19772679e-02 -3.74119280e-02 -1.01272205e+01
  3.41039405e+02] 10.127479237915113
[-3.24814340e+00  1.37943544e-01 -3.80774441e-01 -1.02943544e+01
  3.40933600e+02] 10.302317657615399
[-3.15568791e+00 -8.27861672e-02  4.62385788e-02 -1.02683376e+01
  3.40056749e+02] 10.268775383659918
[-3.28342638e+00 -1.28566436e-01  1.93549508e-02 -1.02911778e+01
  3.39685160e+02] 10.291999042782537
[-3.29568064e+00 -8.58476494e-02 -2.95531641e-01 -1.04215958e+01
  3.41404755e+02] 10.426138694630945
[-3.18147801e+00 -1.60842810e-01 -1.02038785e-01 -1.02182911e+01
  3.41385255e+02] 10.220066268140174
[-3.20084767e+00  3.17734367e-01 -1.47407271e-03 -1.03558534e+01
  3.39817290e+02] 10.360726659023893
[-3.26251443e+00 -5.49374450e-02  1.72427026e-01 -1.00028536e+01
  3.39553773e+02] 10.00449043334964
[-3.21202767e+00  1.82839476e-01  1.38610813e-01 -1.02838299e+01
  3.41142580e+02] 10.286389126417879
[-3.14604510e+00 -3.03550801e-02  6.37139438e-02 -1.01664001e+01
  3.38857934e+02] 10.166645112849864
[-3.18677905e+00  1.94133223e-01 -4.66194210e-02 -1.03928182e+01
  3.41798490e+02] 10.394735731317034
[-3.18947593e+00 -2.45384563e-01  1.60508482e-01 -1.00823822e+01
  3.38994860e+02] 10.086644989726349
[-3.14204936e+00 -2.24999782e-01 -1.14189502e-02 -1.01750124e+01
  3.41058922e+02] 10.17750616444535
[-3.27048296e+00 -2.67757866e-01  2.68935012e-01 -1.04229581e+01
  3.40372984e+02] 10.429864643065434
[-3.18989978e+00  1.91281157e-01 -7.23501812e-02 -9.91923594e+00
  3.36821988e+02] 9.921343897430964
[-3.20301467e+00 -1.05470271e-01  7.05040116e-02 -1.04754071e+01
  3.41732187e+02] 10.476175252625445
[-3.13686853e+00  2.48018261e-02  4.36866234e-02 -1.00712755e+01
  3.38732742e+02] 10.071400764651244
[-3.20194774e+00 -2.27109413e-01  3.82545413e-02 -1.03940457e+01
  3.41398458e+02] 10.396596923143665
[-3.20708723e+00 -6.31348567e-02 -1.07489648e-01 -1.01788762e+01
  3.40618821e+02] 10.179639498514373
[-3.23749443e+00 -1.79468381e-01  1.91888277e-01 -1.04336410e+01
  3.41877515e+02] 10.436948524102606
[-3.22846757e+00  2.97528235e-01 -1.15571379e-01 -1.02706351e+01
  3.39822548e+02] 10.275593672943756
[-3.21681895e+00 -3.14043186e-01  1.66974848e-01 -1.01432409e+01
  3.37600512e+02] 10.149474812262964
[-3.23219164e+00 -1.89199813e-01 -5.02640994e-02 -1.00310730e+01
  3.38632058e+02] 10.03298302990009
[-3.16969128e+00  1.32930685e-01 -3.60534303e-01 -1.03154907e+01
  3.42007907e+02] 10.322645228415634
[-3.24321769e+00 -1.58398053e-01  2.72613952e-01 -1.03251080e+01
  3.42138726e+02] 10.329920748858717
[-3.15269598e+00 -3.13326921e-02  2.73655661e-01 -1.00414139e+01
  3.38381882e+02] 10.045191028146078
[-3.25795293e+00  2.65316427e-02  9.09523537e-03 -1.02681565e+01
  3.43595354e+02] 10.268194826411039
[-3.19781418e+00 -9.12297967e-02 -7.33745631e-02 -9.99747364e+00
  3.39218003e+02] 9.998159119958071
[-3.22481023e+00  1.06987052e-01  2.23745610e-01 -1.02703277e+01
  3.40263883e+02] 10.273321767892512
[-3.14535844e+00  2.62848720e-02  1.45926619e-01 -1.02592754e+01
  3.40781827e+02] 10.260346816048033
[-3.27525274e+00 -1.43878971e-01  2.05866924e-01 -1.02313415e+01
  3.37573332e+02] 10.234423834190531
[-3.18864194e+00 -2.62611787e-01 -1.05349365e-01 -1.03292746e+01
  3.40841453e+02] 10.333149401744778
[-3.18590266e+00 -1.16821074e-01 -1.24582800e-01 -1.04253250e+01
  3.42408209e+02] 10.4267238469227
[-3.25926009e+00 -1.74194801e-01  2.46218726e-02 -1.03525333e+01
  3.40297382e+02] 10.354028026361709
[-3.17489249e+00  4.76313336e-02 -2.69919311e-01 -1.00065726e+01
  3.37157720e+02] 10.010325701888542
[-3.21299155e+00  2.81596167e-01 -2.52081270e-02 -1.03826482e+01
  3.41392349e+02] 10.386496751443879
[-3.18824061e+00 -2.19654811e-01  7.16852002e-02 -1.01327040e+01
  3.37800495e+02] 10.13533808753075
[-3.26076361e+00 -3.30780336e-01 -1.81528020e-01 -1.02742086e+01
  3.39423654e+02] 10.281134704716179
[-3.20983557e+00  1.07551426e-01 -1.41514412e-01 -1.03223405e+01
  3.40114339e+02] 10.323870723678962
[-3.21130451e+00  1.55790774e-02 -2.43129762e-01 -1.02520241e+01
  3.40782404e+02] 10.254918459365387
[-3.10004206e+00  1.33369690e-01  2.34030656e-01 -9.92686228e+00
  3.39598630e+02] 9.930516232615004
[-3.21356324e+00 -1.95738645e-01 -2.11445546e-01 -1.02139804e+01
  3.38418602e+02] 10.218043726465098
[-3.15223489e+00 -3.91809672e-02  2.57642336e-01 -1.02409758e+01
  3.40649564e+02] 10.244291049933876
[-3.25619757e+00 -2.23850767e-01 -2.66378523e-01 -1.00795569e+01
  3.37075089e+02] 10.08556065361119
[-3.12293572e+00  3.00587839e-01  2.83654114e-02 -1.03540071e+01
  3.39916917e+02] 10.358408196711913
[-3.22545927e+00  1.15502366e-02 -1.56147303e-01 -9.99234922e+00
  3.38049244e+02] 9.993575854559513
[-3.19268312e+00  2.06057080e-02  3.25324063e-01 -1.02075954e+01
  3.37373163e+02] 10.212799088000558
[-3.28148759e+00  8.13875156e-02  8.56824696e-03 -1.04553918e+01
  3.43506139e+02] 10.45571207150201
[-3.24816297e+00  2.17710185e-02  1.47364619e-01 -1.01199913e+01
  3.37981215e+02] 10.12108759123021
[-3.16921403e+00  9.33983673e-02  8.80628793e-02 -1.03789764e+01
  3.40686485e+02] 10.379770238076452
[-3.24530998e+00  2.69162955e-01 -1.68858995e-02 -1.04216528e+01
  3.39786678e+02] 10.425141805375102
[-3.11978959e+00  1.12549321e-01  2.43556436e-01 -1.00346332e+01
  3.39937603e+02] 10.03821948342114
[-3.25521497e+00 -1.64391414e-01 -1.06098397e-02 -1.04384426e+01
  3.41712276e+02] 10.439742355347951
[-3.19246513e+00 -1.63018806e-01 -1.80958647e-01 -1.02079617e+01
  3.42152609e+02] 10.210866874766795
[-3.16199540e+00 -1.15553248e-01 -1.67650424e-01 -1.01599099e+01
  3.41529715e+02] 10.161949991456671
[-3.15217719e+00 -6.01787833e-02 -2.55904631e-01 -1.02410918e+01
  3.40242550e+02] 10.24446535558564
[-3.19441246e+00  2.21403177e-01 -1.64306228e-01 -1.04471828e+01
  3.41580971e+02] 10.45082029254292
[-3.22537528e+00  1.99016230e-01  3.41564773e-02 -1.03230453e+01
  3.38790418e+02] 10.325020039736568
[-3.18330706e+00  1.74290321e-01 -8.20526478e-02 -1.03055972e+01
  3.40438836e+02] 10.30739753023493
[-3.16195509e+00  1.85717184e-01 -8.12590636e-03 -1.04312347e+01
  3.42992407e+02] 10.432890983497517
[-3.12508984e+00 -8.16812641e-02  1.39792575e-02 -1.05877871e+01
  3.43333326e+02] 10.588111350744684
[-3.17481128e+00  1.63742084e-01 -1.13779687e-01 -1.00493604e+01
  3.37273150e+02] 10.051338327383322
[-3.25470843e+00  1.25867822e-01 -8.81227980e-02 -1.03632419e+01
  3.38052399e+02] 10.364380903689485
[-3.26322834e+00 -8.94464042e-02  1.31329652e-01 -1.04041487e+01
  3.40695232e+02] 10.40536198604114
[-3.15364145e+00 -1.20302215e-01  1.39944943e-01 -1.01995290e+01
  3.39542907e+02] 10.201198405075543
[-3.29821238e+00 -1.39126830e-01  2.03116085e-01 -1.03124132e+01
  3.40103770e+02] 10.31535160953152
[-3.23522067e+00 -6.14672261e-02  2.13374927e-01 -1.01132568e+01
  3.38723703e+02] 10.115694219371768
[-3.20993195e+00 -1.33551994e-01  4.71009370e-01 -1.04890792e+01
  3.41974640e+02] 10.50049847490133
[-3.15088047e+00 -8.29604989e-02  4.09467189e-02 -1.01659326e+01
  3.40199143e+02] 10.166353533642623
[-3.17374164e+00 -1.01795796e-01  7.13916513e-02 -1.00162808e+01
  3.38758454e+02] 10.017052490786595
[-3.21682529e+00 -2.72046667e-02 -8.20947356e-02 -1.01933140e+01
  3.42743056e+02] 10.193680929464092
[-3.26278424e+00 -3.68142491e-01 -1.02330453e-01 -1.02998064e+01
  3.38599413e+02] 10.306891519183308
[-3.11925935e+00  8.25516696e-02  2.34135631e-01 -1.05084250e+01
  3.41978268e+02] 10.511357250359339
[-3.20818762e+00  2.59052608e-01  7.39430262e-02 -9.99392044e+00
  3.37340723e+02] 9.99755078153842
[-3.22553362e+00  4.44339463e-02 -1.26830016e-01 -1.01928334e+01
  3.38533925e+02] 10.193719307570186
[-3.11393707e+00  2.57274756e-02  1.84619025e-01 -1.02412392e+01
  3.40307976e+02] 10.242935412464377
[-3.17770321e+00  1.84264411e-01  2.19991278e-01 -1.04013181e+01
  3.42220478e+02] 10.405276004851073
[-3.15337480e+00  7.39321462e-02  1.34421930e-01 -1.01967400e+01
  3.38895742e+02] 10.197894016844387
[-3.09552128e+00 -2.15333447e-01 -1.93932614e-01 -1.00648034e+01
  3.39464135e+02] 10.068974441796518
[-3.21051859e+00 -2.35515602e-02  9.15319107e-02 -1.03981086e+01
  3.40918844e+02] 10.39853810053099
[-3.14959255e+00  1.30529749e-03 -1.66943933e-01 -1.03342764e+01
  3.42953193e+02] 10.33562487248132
[-3.24936546e+00  1.47157105e-01 -9.14127599e-02 -1.02256747e+01
  3.37310361e+02] 10.22714205866354
[-3.30819335e+00  5.01535847e-02  2.30639362e-01 -1.03208357e+01
  3.39299614e+02] 10.323534207211503
[-3.18152302e+00  1.20525388e-03 -2.17174612e-01 -1.04099497e+01
  3.42530616e+02] 10.412214929234846
[-3.22519975e+00 -2.22804852e-01 -2.75836945e-01 -1.00502205e+01
  3.40596844e+02] 10.056473557820585
[-3.23605727e+00 -1.05329357e-02  1.85236298e-01 -1.03714560e+01
  3.42028094e+02] 10.373115345993698
[-3.17020883e+00 -1.07260092e-01  4.62457037e-02 -1.02239622e+01
  3.42028924e+02] 10.224629378086732
[-3.23413872e+00  2.29244321e-01 -4.28332440e-02 -1.00993535e+01
  3.39385606e+02] 10.102045790048
[-3.25285887e+00 -1.74514212e-01 -2.17576357e-01 -1.02222294e+01
  3.39837977e+02] 10.226033823608104
[-3.19702519e+00 -1.51003438e-01 -8.27963507e-02 -1.03967858e+01
  3.40060927e+02] 10.398211942338902
[-3.23960078e+00  4.31323208e-02 -3.95284230e-02 -1.04188663e+01
  3.41734723e+02] 10.419030565228447
[-3.17329185e+00 -6.74463784e-02  6.38179830e-02 -1.03477885e+01
  3.42629722e+02] 10.3482050600336
[-3.25121026e+00 -2.61099391e-02 -3.43215708e-02 -1.01822075e+01
  3.39123792e+02] 10.182298824425754
[-3.19168291e+00 -8.11709272e-02  1.70770619e-01 -1.02202342e+01
  3.40105643e+02] 10.22198312529664
[-3.22564028e+00 -1.88869992e-02 -1.53534956e-01 -1.03274084e+01
  3.39954865e+02] 10.328566854721954
[-3.11651709e+00  1.44123000e-01  1.54461114e-01 -1.02535187e+01
  3.41804941e+02] 10.25569478850441
[-3.12199221e+00 -2.02217156e-01 -3.40234715e-02 -1.03238269e+01
  3.40726554e+02] 10.325863222316167
[-3.22535311e+00 -7.30241331e-02  4.45738564e-01 -1.05604681e+01
  3.42670644e+02] 10.570123087396313
[-3.22467356e+00  5.46298934e-02  1.52715865e-02 -1.00499856e+01
  3.39257276e+02] 10.050145673504703
[-3.13206475e+00 -7.00133849e-03  5.32572597e-02 -1.02132434e+01
  3.39910147e+02] 10.213384664572798
[-3.23369201e+00  4.54066258e-02  1.06261365e-01 -1.03870350e+01
  3.41180746e+02] 10.387677753235852
[-3.17176862e+00 -1.47282839e-01  3.62418851e-02 -1.01170425e+01
  3.38300309e+02] 10.118179431595916
[-3.29949151e+00  1.15062904e-01 -8.40230335e-03 -1.01639177e+01
  3.37122559e+02] 10.164572463350316
[-3.20594480e+00  6.28468682e-02  1.08844371e-01 -1.03389670e+01
  3.41684579e+02] 10.339730903716724
[-3.21079850e+00  1.06327171e-01 -1.01657494e-02 -1.06000392e+01
  3.43853455e+02] 10.600577365001106
[-3.24948369e+00  2.06432948e-01  2.42519408e-02 -1.02036774e+01
  3.39469398e+02] 10.20579424312657
[-3.14311967e+00  1.27338243e-01  4.00074450e-02 -1.00679028e+01
  3.40259074e+02] 10.068787553475167
[-3.22929794e+00  7.72391859e-02  7.75845304e-02 -1.02187528e+01
  3.40735950e+02] 10.219339248598734
[-3.16495995e+00  4.33674108e-02  2.48612887e-01 -1.00503579e+01
  3.38065179e+02] 10.053525888953336
[-3.16475837e+00  2.55332252e-01  1.96779241e-01 -1.02127106e+01
  3.40148313e+02] 10.217796977001452
[-3.22924330e+00 -3.09583375e-02  1.88712435e-01 -1.01056312e+01
  3.39867539e+02] 10.10744043075615
[-3.24799909e+00 -1.59652632e-01  1.93611571e-01 -1.03889076e+01
  3.41702110e+02] 10.391937969449334
[-3.31103622e+00  8.07992735e-02  2.04090152e-02 -1.06278659e+01
  3.40980512e+02] 10.628192661505212
[-3.19653751e+00 -2.74331856e-01 -6.47686108e-02 -9.82783445e+00
  3.37752984e+02] 9.831875857233827
[-3.23142564e+00  1.74222152e-01 -7.29681152e-02 -1.01333665e+01
  3.39077085e+02] 10.135126743187158
[-3.10764308e+00  1.71600990e-01 -9.79883233e-03 -1.00826538e+01
  3.41796572e+02] 10.084118688226868
[-3.11531428e+00  3.20079938e-02  1.66106357e-01 -9.86224035e+00
  3.37835908e+02] 9.863691017603196
[-3.25926325e+00  4.61740743e-02 -1.24586965e-01 -1.01924999e+01
  3.40039014e+02] 10.193365852354715
[-3.17907959e+00 -1.70368481e-01 -2.36399609e-01 -1.04611409e+01
  3.41219065e+02] 10.465198482393788
[-3.23513980e+00  3.37962477e-02 -9.84457110e-02 -1.02709976e+01
  3.40576302e+02] 10.271525012104329
[-3.12248219e+00  1.01632174e-01 -1.50376844e-01 -1.00502633e+01
  3.36396099e+02] 10.051902018822375
[-3.18696818e+00  4.19666068e-02 -1.93681166e-01 -1.00320380e+01
  3.37895936e+02] 10.03399518007896
[-3.15296236e+00 -1.93573452e-01  4.10977723e-02 -1.05431797e+01
  3.43005037e+02] 10.545036637728758
[-3.15903897e+00  6.10267511e-02 -7.40057100e-02 -1.00624298e+01
  3.38641977e+02] 10.062887032619356
[-3.18105280e+00 -1.87668562e-01 -1.46763623e-02 -1.03404827e+01
  3.39666519e+02] 10.342195987293326
[-3.23280534e+00  4.68241900e-02  9.26197289e-02 -1.02636954e+01
  3.40340591e+02] 10.264220057106824
[-3.14677484e+00  1.73762137e-02 -1.30289767e-01 -1.01955033e+01
  3.38519341e+02] 10.19635059008201
[-3.16643231e+00  3.56624155e-02  1.00537480e-01 -1.01130813e+01
  3.38377733e+02] 10.113643857412384
[-3.22758366e+00 -2.00182637e-01 -9.88631995e-02 -1.02842106e+01
  3.40391585e+02] 10.286633783839436
[-3.24205203e+00 -6.18511817e-02 -1.90029410e-01 -1.02452419e+01
  3.39127239e+02] 10.247190789503902
[-3.23062582e+00 -1.00962494e-01 -9.81717055e-02 -1.03022130e+01
  3.40445185e+02] 10.303175402015048
[-3.21620790e+00 -9.71067299e-02 -1.90621878e-04 -9.96621810e+00
  3.39090815e+02] 9.966691170235748
[-3.23646743e+00  7.25353448e-02 -1.34011421e-02 -1.00417159e+01
  3.39403001e+02] 10.041986777594897
