/mnt/stage/douwei/Simulation/5kt_root/2MeV/5kt_+4.00_2.root
[-3.04999432e+00 -1.90163628e-01  3.02203908e-01  3.78650580e+00
  2.94758451e+02] 3.80330324231704
[-2.98151753e+00 -9.75886843e-03  1.16827032e-01  4.01297182e+00
  2.96795483e+02] 4.014683876865539
[-2.94084077e+00  1.80507468e-01  1.87260620e-01  3.76673233e+00
  2.96051477e+02] 3.7757015144788633
[-2.98122469e+00 -1.65747789e-01  4.10766332e-01  4.03473837e+00
  2.95396306e+02] 4.05897955727198
[ -3.05651677  -0.3268197   -0.32786899   3.76535336 294.82808518] 3.7937046660503912
[-3.02572444e+00 -1.32820728e-01 -1.96442967e-01  4.29052520e+00
  2.98663934e+02] 4.2970731542210245
[-2.88667114e+00 -1.51610057e-01 -4.03120793e-02  3.76370979e+00
  2.97196919e+02] 3.766977836804041
[-2.96713161e+00 -1.94196533e-01 -2.39607759e-01  3.63096687e+00
  2.95917588e+02] 3.6440423381571145
[-3.06453031e+00 -3.97586819e-01  7.37131192e-02  4.08780503e+00
  2.96219034e+02] 4.107755938986875
[-3.16867644e+00  2.59438398e-02 -3.38797190e-01  3.98344451e+00
  2.95025450e+02] 3.9979103002108767
[-2.99898634e+00  2.08917941e-01  1.20157391e-01  4.06971514e+00
  2.97333004e+02] 4.076845083495228
[-3.06149088e+00  4.86497094e-02 -2.49776898e-01  4.02642247e+00
  2.97818191e+02] 4.034455747736522
[-2.97062662e+00 -1.40154456e-01  1.27263994e-01  4.05206040e+00
  2.97393835e+02] 4.056480356079942
[-3.11682767e+00  9.93440304e-02  9.73973017e-02  4.12079954e+00
  2.97530066e+02] 4.123147378807226
[-3.01495296e+00 -1.64478904e-02  1.14074991e-01  3.76565447e+00
  2.92931783e+02] 3.767417845983306
[-3.00626268e+00 -1.06507800e-01 -6.35744816e-02  4.09458409e+00
  2.96309083e+02] 4.096462436765906
[-3.03637739e+00 -3.87597684e-01  1.41157993e-01  3.95182332e+00
  2.98691285e+02] 3.9732939862926155
[-3.02120451e+00 -1.48276679e-01  2.90261309e-01  4.28090121e+00
  2.98173354e+02] 4.2932915992094065
[-2.96019014e+00  1.90217145e-01 -7.07180381e-02  3.78918956e+00
  2.96751668e+02] 3.794620025038288
[-2.97995489e+00 -2.38312022e-03  6.65252497e-02  4.07848108e+00
  2.96603929e+02] 4.079024296222927
[-2.97894475e+00  4.07677512e-02  2.35797683e-01  4.04784448e+00
  2.97683212e+02] 4.054911531206086
[-3.07464092e+00 -7.09025812e-02 -2.88789456e-01  4.00707256e+00
  2.94274384e+02] 4.0180912149588455
[-3.08256823e+00 -1.55393810e-01  7.48270252e-02  4.03737562e+00
  2.97291256e+02] 4.0410578133063515
[-3.05092533e+00 -3.99407683e-02 -4.14980206e-01  4.08752987e+00
  2.98892982e+02] 4.108735120880876
[-3.11470955e+00  9.43000836e-02  5.06765564e-01  3.98056364e+00
  2.97220511e+02] 4.0138000325415275
[-3.09062105e+00 -1.39602100e-01 -8.88146675e-02  4.48841251e+00
  2.97829888e+02] 4.491461193089817
[-2.99738033e+00 -2.85746791e-02  1.33195168e-01  4.03571879e+00
  2.94984397e+02] 4.03801729153988
[-2.99903279e+00 -4.50017497e-01  2.74166562e-01  4.24543610e+00
  2.96535630e+02] 4.278014808254569
[-3.00306591e+00  1.07698688e-03 -1.67182171e-01  4.17044399e+00
  2.98953689e+02] 4.173793732515027
[-2.99938419e+00  1.06198412e-01 -8.37185583e-02  4.18596047e+00
  2.98983944e+02] 4.188144208930126
[-3.07748085e+00  5.56807990e-02 -3.82343727e-01  4.17845289e+00
  2.98052752e+02] 4.19627878766216
[-3.18762278e+00  3.10858591e-02 -1.97338488e-01  4.25780171e+00
  2.96640383e+02] 4.262485679981249
[-3.05318710e+00  3.15219774e-02  1.05415669e-01  4.21343902e+00
  2.98349088e+02] 4.214875376997653
[-3.07076542e+00 -2.07356191e-01 -4.05192213e-02  3.73637940e+00
  2.94222593e+02] 3.7423481127147604
[-3.00609773e+00 -4.31706784e-01  1.07254905e-01  3.79666297e+00
  2.93758825e+02] 3.822633131089314
[-3.03461940e+00 -3.00287773e-02  3.67066828e-02  3.81597059e+00
  2.94046991e+02] 3.8162652712498053
[-3.12708037e+00 -1.39207663e-01 -2.63519940e-01  4.23963304e+00
  2.96409806e+02] 4.25009527113585
[-3.01643622e+00  2.00893777e-01  8.47796110e-02  4.17777957e+00
  2.94898523e+02] 4.183466030048003
[-3.16775092e+00  1.66279932e-01 -3.61203003e-01  4.14018213e+00
  2.96090733e+02] 4.159233664310502
[-3.14835168e+00  9.05798432e-02  1.21007911e-01  4.05359695e+00
  2.96374380e+02] 4.05641416132132
[-3.01710606e+00  1.35791785e-01  1.12292143e-01  4.19530420e+00
  2.97938585e+02] 4.199003010457061
[-3.04524853e+00 -1.44215993e-01 -8.67216235e-03  3.73564245e+00
  2.94374879e+02] 3.7384352321046292
[-2.99925932e+00 -1.79410312e-01  3.20732230e-01  4.01454697e+00
  2.95906307e+02] 4.031332857531852
[-3.09086228e+00 -1.97022723e-01  1.62051711e-01  3.82787699e+00
  2.94109304e+02] 3.836368201591542
[-3.02665030e+00  2.99190596e-01 -1.65198770e-01  3.99325004e+00
  2.97372694e+02] 4.007848744834396
[-2.97583585e+00  6.71141571e-02  1.58021284e-01  3.81451006e+00
  2.95927013e+02] 3.818371646163522
[-3.09626471e+00  3.83989100e-02 -6.36290405e-03  4.03072009e+00
  2.97394636e+02] 4.030908008331741
[-3.03768115e+00 -3.52916291e-02 -2.63266617e-01  3.94105927e+00
  2.95723024e+02] 3.9500003808714124
[-2.98918307e+00 -1.62314968e-01  2.68804076e-01  3.76387825e+00
  2.95429652e+02] 3.776953964992859
[-2.94391680e+00 -1.97940399e-01  4.33203487e-01  4.02990917e+00
  2.97160923e+02] 4.057956826097117
[-3.00222916e+00 -6.02252123e-02  5.69942082e-02  4.05023272e+00
  2.97688085e+02] 4.051081403374253
[-2.97150544e+00  1.18506977e-01  1.90656743e-01  4.21899420e+00
  2.98937525e+02] 4.22496224152718
[-3.03408714e+00 -5.48778021e-02 -7.54315491e-02  3.85852779e+00
  2.96578919e+02] 3.859655190052446
[-2.95949740e+00 -4.76393046e-02  9.30211729e-02  3.88253653e+00
  2.97494174e+02] 3.883942886140379
[-3.10758020e+00  1.29888546e-01 -3.01436121e-01  4.39054363e+00
  2.96813631e+02] 4.4027954922768915
[-3.03852061e+00 -6.89422485e-02 -5.08157809e-01  4.15421003e+00
  2.98251795e+02] 4.185742270026291
[-3.01324373e+00  1.25457816e-01  9.16085607e-02  3.94514933e+00
  2.94235282e+02] 3.948206562192831
[-3.12915319e+00 -2.11929372e-01  1.00323830e-01  4.12143547e+00
  2.96644169e+02] 4.1280999558719005
[-3.12511832e+00 -1.00649432e-01  8.66606648e-02  3.78118994e+00
  2.94143921e+02] 3.783521869910808
[-3.05204027e+00  6.20599973e-02 -1.91116192e-02  3.96988855e+00
  2.96250527e+02] 3.970419603003568
[-3.00205765e+00 -1.24260388e-01 -2.11429102e-01  4.19321766e+00
  2.99239628e+02] 4.2003829857884325
[-3.05483783e+00 -2.69914314e-02  3.08492754e-01  4.02737307e+00
  2.96325799e+02] 4.039261093665994
[-3.09254968e+00  1.98927881e-01 -1.11732156e-01  3.99121334e+00
  2.95597473e+02] 3.9977293960017355
[-2.96905657e+00  3.46821756e-02  3.64907436e-01  3.94961968e+00
  2.99375240e+02] 3.9665924850950707
[-3.10500349e+00 -2.42761951e-01  1.46700436e-01  4.11705686e+00
  2.96131679e+02] 4.12681615131188
[-3.02605810e+00  1.04453981e-01 -1.68747622e-02  4.15137954e+00
  2.96193582e+02] 4.1527277156633735
[-3.02912483e+00 -7.96158155e-03  1.59669667e-01  3.84357359e+00
  2.93958111e+02] 3.8468968927935543
[-3.08320255e+00  5.27627948e-02 -4.12314140e-01  4.20175261e+00
  2.99575783e+02] 4.222263835416315
[-3.13833872e+00 -1.40819967e-01  4.05946285e-01  4.03098310e+00
  2.97320645e+02] 4.053818866582986
[-2.99601005e+00 -1.18581617e-01 -1.57110079e-01  3.66618325e+00
  2.93706552e+02] 3.6714635739184387
[-2.96059783e+00 -8.29727737e-02 -1.33186752e-01  3.51827564e+00
  2.96535139e+02] 3.521773230484308
[-2.99683410e+00  1.82468461e-01  2.49043483e-01  4.06470691e+00
  2.95439169e+02] 4.076415048244615
[-3.02830463e+00  2.54624004e-01  1.24305333e-01  4.48965941e+00
  2.98683271e+02] 4.498591648098074
[-2.98694762e+00  4.06081976e-01 -1.08224910e-01  3.80735852e+00
  2.93648836e+02] 3.8304822304928
[-2.97390814e+00  2.92324131e-01 -9.50126779e-02  4.12353457e+00
  2.98122985e+02] 4.13497499040202
[-3.03934389e+00  2.29906912e-01  4.43600598e-01  4.22650800e+00
  2.98092478e+02] 4.255938030090349
[-3.02809222e+00 -7.57750791e-02  1.08366572e-01  4.14656568e+00
  2.97432139e+02] 4.1486735335541685
[-3.06109739e+00  2.75554851e-02  1.56571027e-02  4.13445443e+00
  2.97967032e+02] 4.1345759000789615
[-3.09110488e+00  5.73181456e-02 -3.20971622e-01  4.38867726e+00
  2.98557595e+02] 4.400772228624987
[-3.03510716e+00 -2.51770240e-01 -1.74472490e-02  4.04407237e+00
  2.95445178e+02] 4.051939531263568
[-2.96837390e+00  1.23965486e-01 -2.35415716e-01  4.19171987e+00
  2.99006819e+02] 4.2001551671041
[-2.98269547e+00  1.07207051e-01 -1.72885018e-01  3.71378284e+00
  2.97228881e+02] 3.719350149885831
[-2.99454884e+00  5.77208816e-03  2.54897713e-01  4.16669364e+00
  2.98532025e+02] 4.174487042470845
[-2.98173321e+00 -4.44016935e-02  1.31450690e-01  4.11942641e+00
  2.97526946e+02] 4.121762338165105
[-3.13778442e+00  3.70434133e-01  7.01895401e-02  4.25526698e+00
  2.97287865e+02] 4.271936922350374
[-3.02401254e+00  7.40370278e-02  1.93891229e-03  3.77178207e+00
  2.94469074e+02] 3.7725091404087205
[-3.02425689e+00  4.88934015e-02  8.83818452e-02  4.05570901e+00
  2.95910522e+02] 4.056966535858193
[-3.00291936e+00  1.19716899e-01  2.28516503e-01  4.35852371e+00
  2.97976420e+02] 4.366151717540581
[-3.06225852e+00 -3.61879547e-02  2.11463997e-01  3.87661551e+00
  2.96827713e+02] 3.8825474162206874
[-3.01310969e+00 -1.34793462e-01  1.63792344e-02  4.10211993e+00
  2.97610206e+02] 4.104366636064188
[-3.01212496e+00  4.23982238e-02  6.19401965e-02  4.08030562e+00
  2.95846630e+02] 4.0809959702506085
[-2.98628246e+00  8.60272365e-02 -1.96077563e-01  4.31937611e+00
  3.00135364e+02] 4.324679995891868
[-3.04423054e+00  2.72048975e-01  1.42915953e-01  3.87634797e+00
  2.95624385e+02] 3.888509890002471
[-3.06042645e+00 -2.07226485e-01  2.35946514e-01  4.31813987e+00
  2.98937516e+02] 4.329543336884418
[-3.01324182e+00  1.10239944e-01  4.32811096e-01  4.33439843e+00
  2.98870884e+02] 4.357348735550734
[-2.98190981e+00  2.57997214e-01 -1.38790351e-01  3.68675045e+00
  2.95747115e+02] 3.698371835046761
[-2.99493081e+00 -2.70918340e-01 -2.26419245e-01  4.21798858e+00
  2.95668110e+02] 4.232740259936879
[-3.05565881e+00  1.28912999e-01 -5.06903589e-02  4.00123742e+00
  2.97489521e+02] 4.003634464500319
[-3.03933751e+00 -2.84209259e-02 -4.00456814e-02  4.04594741e+00
  2.97383555e+02] 4.046245398119354
[-3.03314110e+00 -2.02634558e-01 -3.65499796e-01  3.98201238e+00
  2.97410924e+02] 4.003882301872188
[-2.99925058e+00  3.77274274e-01  2.12269607e-01  4.35721486e+00
  2.97582715e+02] 4.378665960128079
[-2.99575901e+00 -7.46960847e-03  3.30002100e-01  3.93062763e+00
  2.99299279e+02] 3.9444633004543888
[-3.09389750e+00 -3.65784621e-02 -1.01564759e-01  3.97108746e+00
  2.96031568e+02] 3.972554465896551
[-3.04262426e+00 -9.28303136e-02  3.39198892e-01  3.83121168e+00
  2.96625193e+02] 3.8473180655884516
[-3.10109310e+00  1.73274028e-01 -3.57166643e-02  3.97039639e+00
  2.96691660e+02] 3.974336050531859
[-3.03565790e+00  3.94838833e-01 -6.53753121e-02  3.76278814e+00
  2.94465745e+02] 3.7840119187823853
[-3.00813038e+00 -6.76979562e-02  1.90831930e-02  4.08878939e+00
  2.97932773e+02] 4.0893943189829045
[-3.04533354e+00  1.74814114e-01 -2.34411311e-01  4.28183390e+00
  2.97690856e+02] 4.291807329531471
[-3.02699530e+00 -1.90432211e-02 -2.07027700e-01  4.16960805e+00
  2.99240041e+02] 4.174787944424789
[-2.94705928e+00  7.04594462e-02 -2.56600611e-01  4.07609843e+00
  2.98749054e+02] 4.084775000059965
[-3.00661021e+00 -1.52212469e-02 -2.51743768e-01  3.88318361e+00
  2.95692398e+02] 3.89136500401585
[-2.94080983e+00 -1.96203748e-01  1.26806530e-01  3.87360476e+00
  2.97413279e+02] 3.8806429380190464
[-2.98033782e+00 -2.44801305e-01  7.62640092e-02  4.32391806e+00
  2.97315528e+02] 4.331513743446884
[-2.99101382e+00 -3.03917736e-01  8.81627226e-02  4.17912859e+00
  2.98285716e+02] 4.19109227107075
[-3.06265338e+00  7.67314473e-02 -1.92337563e-01  3.88686172e+00
  2.94610157e+02] 3.8923740124421404
[-3.02897449e+00 -1.28109324e-01 -2.23897100e-01  4.16154295e+00
  2.96878840e+02] 4.1695301464744885
[-3.04655840e+00 -1.35662224e-01  2.38839093e-01  4.36056297e+00
  2.97881143e+02] 4.369205621813455
[-2.96855723e+00 -6.04823216e-03  3.16334116e-01  4.19277227e+00
  2.99367048e+02] 4.20469298926905
[-3.04525273e+00  4.76940077e-02  9.28863261e-02  3.79701352e+00
  2.96848599e+02] 3.7984489241164927
[-3.06879024e+00  4.84411071e-01  1.31237447e-01  3.95628409e+00
  2.97579426e+02] 3.9879896107312827
[-3.01897803e+00 -1.24167106e-01 -2.69009657e-02  4.03381338e+00
  2.96703651e+02] 4.035813614056181
[-3.07034433e+00 -4.52082180e-01  2.11951077e-01  4.42038983e+00
  2.97059589e+02] 4.448499497764076
[-3.02070712e+00 -2.20930319e-01  2.03711724e-01  4.11927333e+00
  2.96410486e+02] 4.13022050616229
[-3.02621041e+00  2.07255010e-01  1.15271320e-02  4.04561942e+00
  2.95294847e+02] 4.050941127866259
[-3.05338505e+00 -1.28592661e-02  2.64750724e-01  4.21119863e+00
  2.98719505e+02] 4.219532225389877
[-2.98300298e+00 -9.30341561e-02  3.77858739e-02  4.24892940e+00
  2.98062579e+02] 4.250115778708176
[-3.03030084e+00  1.54517997e-01 -1.82877225e-01  4.29500867e+00
  2.99814589e+02] 4.301676341952329
[-3.12801567e+00  3.41097381e-02  9.57058381e-02  4.21436335e+00
  2.97084829e+02] 4.215587917395131
[-2.99336482e+00  2.03471281e-01 -1.37688414e-01  3.59167504e+00
  2.96730859e+02] 3.6000678107656965
[-2.96062840e+00  2.34414639e-01  3.05148769e-01  4.24191892e+00
  2.97662320e+02] 4.2593358770518295
[-3.04597055e+00  1.22499311e-01 -3.57178942e-02  4.04156346e+00
  2.96534790e+02] 4.043577263283007
[-3.07760072e+00  1.04992055e-01 -8.78819787e-03  3.79739174e+00
  2.95058034e+02] 3.7988530618714242
[-3.13110886e+00  2.38834721e-01  3.67069909e-01  4.31870283e+00
  2.97854148e+02] 4.340849745747961
[-3.00336571e+00  9.78480566e-02  1.66591501e-01  3.62831434e+00
  2.96104114e+02] 3.633454540388754
[-2.99545886e+00  2.69321203e-01  9.73686578e-02  3.98053563e+00
  2.95991782e+02] 3.990824281995897
[-3.08707715e+00  2.80008530e-01 -9.06710824e-02  4.24738573e+00
  2.97004700e+02] 4.257571086549865
[-3.06270653e+00  2.29739871e-01  8.18161873e-02  4.05666003e+00
  2.95547880e+02] 4.063983871252719
[-3.08495634e+00 -1.19346494e-01  2.17231410e-01  3.91855094e+00
  2.96285113e+02] 3.926381868330596
[-3.09974074e+00 -3.19866277e-01 -8.98884402e-02  4.21258899e+00
  2.97476845e+02] 4.225671584660292
[-3.06299217e+00  3.52056121e-02 -2.20268513e-01  4.00891737e+00
  2.96824440e+02] 4.015118440800489
[-2.97636041e+00 -5.65040488e-02  2.06854322e-01  4.33051955e+00
  2.98897302e+02] 4.335825292413569
[-2.97849159e+00 -1.15801060e-01 -9.66826140e-02  3.98945610e+00
  2.96047622e+02] 3.9923072797705976
[-3.07347159e+00  1.49080979e-01 -4.47863256e-02  4.15349349e+00
  2.95004249e+02] 4.156409406860158
[-3.05479903e+00  2.22048881e-01  3.36005894e-02  4.14098763e+00
  2.96916266e+02] 4.147072850418341
[-2.88930151e+00  1.70709260e-01  1.13487299e-01  3.87933222e+00
  2.96617678e+02] 3.884744458658411
[-2.99589748e+00  3.10619710e-02  1.65578026e-01  4.05051204e+00
  3.00722785e+02] 4.054013896714668
[-3.07552690e+00  1.45897288e-02 -2.07960365e-01  4.14536077e+00
  2.97633343e+02] 4.150599508392936
[-3.03619053e+00  3.08190089e-01  6.33510098e-02  3.95632929e+00
  2.97141635e+02] 3.968820472597876
[-3.07889608e+00 -1.51020492e-01 -2.48654615e-01  4.62232294e+00
  3.01541165e+02] 4.6314690599218356
[-3.08406738e+00 -1.56192139e-01  1.32154611e-02  3.84093662e+00
  2.97194692e+02] 3.8441338113787644
[-3.03500634e+00 -3.13817270e-01  8.41907131e-03  4.03694344e+00
  2.97799343e+02] 4.049131329443638
[-3.06072378e+00 -2.00492042e-01  4.96814517e-02  4.43069282e+00
  2.98566663e+02] 4.43550494706866
[-2.99695292e+00  2.51867648e-02 -1.03214834e-01  4.07830878e+00
  2.95793579e+02] 4.079692409901567
[-3.05882763e+00 -1.39738190e-01  3.15827187e-01  4.01040871e+00
  2.97358176e+02] 4.025251744505154
[-3.03955672e+00  1.13678990e-01 -3.85657240e-01  3.86343123e+00
  2.94815677e+02] 3.8842959874497804
[-3.12138041e+00 -1.36981632e-02  3.30979753e-01  4.27233666e+00
  2.97204774e+02] 4.285159948743483
[-3.00494024e+00 -1.30239100e-01  2.30378998e-01  3.94975752e+00
  2.96204076e+02] 3.958613536784286
[-3.00136896e+00 -1.10330835e-02  1.55960052e-03  4.23411841e+00
  2.99586899e+02] 4.234133074544642
[-2.94470036e+00 -3.74242812e-01 -2.69325293e-01  3.89930153e+00
  2.96860515e+02] 3.9264674006518896
[-3.09267043e+00 -1.49204643e-03 -2.72890387e-01  4.21668972e+00
  2.98183398e+02] 4.225511045900214
[-3.13715238e+00 -1.29010487e-02  1.45347930e-01  3.83648635e+00
  2.94705912e+02] 3.8392603390617777
[-3.09683048e+00  7.07510486e-02  1.99963497e-02  4.15702046e+00
  2.98074472e+02] 4.1576705777503244
[-3.02193955e+00  2.74848667e-02  1.90885297e-01  3.99597919e+00
  2.96773158e+02] 4.000630234376981
[-2.98948764e+00  1.15068843e-01 -2.41866437e-01  4.14681100e+00
  2.95039363e+02] 4.155452045356103
[-3.02122273e+00 -9.69197495e-02 -2.52570022e-01  4.02791314e+00
  2.95515819e+02] 4.036987653431225
[-3.03057035e+00 -1.66395449e-01 -1.69094049e-01  4.09602250e+00
  2.96802571e+02] 4.102886857524629
[-3.06430349e+00 -2.42632779e-01  3.33921216e-01  3.85394056e+00
  2.96733503e+02] 3.8759814046852132
[-2.94146511e+00  6.08241481e-02  3.17160449e-01  3.93466361e+00
  2.98479575e+02] 3.9478941282099282
[-3.12497697e+00  2.02895139e-01 -9.35801589e-02  4.41375628e+00
  2.96804382e+02] 4.419408123862075
[-3.01503088e+00  1.00386446e-01  1.88550603e-02  4.25009349e+00
  2.99244012e+02] 4.25132068906073
[-2.92490769e+00 -1.38803448e-01  3.35136294e-01  3.87070590e+00
  2.97807910e+02] 3.8876660000880245
[-3.02750226e+00 -2.51280383e-02  1.32361209e-01  3.97255567e+00
  2.96816279e+02] 3.9748395495656363
[-3.08542621e+00 -5.89609484e-02 -1.07755320e-01  4.16324677e+00
  2.98150298e+02] 4.16505837152381
[-3.04646168e+00  5.77775541e-02  3.43638498e-01  4.14806335e+00
  2.97781163e+02] 4.162674042747095
[-3.05007293e+00  2.95704144e-01  4.15617026e-03  4.33839812e+00
  2.97414013e+02] 4.348465986730836
[-2.94428146e+00 -1.44669719e-01 -1.74678712e-01  3.96090985e+00
  2.97093547e+02] 3.967398244213651
[-3.11157464e+00  3.45875525e-01 -2.14448114e-01  4.47169977e+00
  2.98054667e+02] 4.490180027181071
[-3.02412758e+00  2.39350215e-01  2.07198294e-02  4.20329424e+00
  2.96881208e+02] 4.210154430054288
[-3.06688425e+00  3.08572768e-03 -1.70228316e-01  3.87892205e+00
  2.95731338e+02] 3.882656752959833
[-3.05290489e+00  1.14483775e-01 -3.80962824e-01  4.08243089e+00
  2.97673454e+02] 4.101765619821123
[-3.02685062e+00 -4.33359289e-02  1.56772518e-01  4.11620619e+00
  2.99450574e+02] 4.119418533034226
[-3.10431457e+00 -1.70445835e-01  5.22314017e-02  3.99024907e+00
  2.97466956e+02] 3.9942292752809263
[-2.95296413e+00  5.51971353e-02  2.29103061e-01  4.07251494e+00
  2.98377502e+02] 4.0793274997062845
[-3.14705826e+00 -4.20025010e-02 -4.78737672e-02  4.37060207e+00
  2.98670217e+02] 4.371066069017716
[-3.12160171e+00  4.83614229e-02 -1.29530720e-01  4.23270699e+00
  2.98617841e+02] 4.234964637542493
[-3.04809253e+00  1.95701808e-01  1.15967975e-01  3.86441843e+00
  2.94951844e+02] 3.871108057462151
[-2.97648810e+00 -4.05230062e-02  1.54472333e-01  3.83221532e+00
  2.94349064e+02] 3.835541427941695
[-3.01709187e+00 -1.88187602e-01 -5.58736818e-03  3.76108534e+00
  2.95397324e+02] 3.7657945629493104
[-3.00968989e+00  2.26591515e-01  1.29754882e-01  3.73579512e+00
  2.95560976e+02] 3.744909236404766
[-2.95742091e+00  6.11623892e-02 -1.64289976e-01  4.08417098e+00
  2.98442384e+02] 4.087931585761494
[-2.99370699e+00 -7.86243072e-02  4.96238916e-02  4.39553135e+00
  2.96551628e+02] 4.396514544469402
[-3.10046033e+00 -2.12204965e-01 -3.29627743e-01  3.93893428e+00
  2.94557736e+02] 3.958394710611265
[-3.02518483e+00  7.00862851e-02  9.00560620e-02  4.23324463e+00
  2.96995366e+02] 4.234782436718667
[-2.96506403e+00 -1.85855185e-01 -1.35068827e-02  4.01819277e+00
  2.98953589e+02] 4.022511368626233
[-3.08007961e+00  5.58850915e-02 -6.26586811e-02  3.92120253e+00
  2.98502838e+02] 3.922101289559598
[-3.01573450e+00 -6.22543714e-02 -7.84817263e-02  4.06192519e+00
  2.96379360e+02] 4.063160248890948
[-3.00546535e+00 -1.72133449e-01 -2.14543110e-01  4.06809877e+00
  2.98260355e+02] 4.077387186557838
[-3.02999224e+00  1.55994853e-01 -1.17951230e-01  4.29009139e+00
  2.98515328e+02] 4.294546657760671
[-3.08972135e+00 -2.98227938e-01 -2.79336598e-01  4.08035227e+00
  2.98039096e+02] 4.100761325950064
[-3.08890969e+00  2.23649177e-02  2.70316104e-02  4.08103197e+00
  2.96179562e+02] 4.081182771106389
[-3.01929223e+00  2.23699042e-01 -3.43501620e-02  3.87272627e+00
  2.95920629e+02] 3.8793336985658593
[-3.02226682e+00  6.00046352e-02  2.26362486e-01  4.21111130e+00
  2.97650895e+02] 4.217617679053269
[-3.09673257e+00 -2.47364398e-02 -1.92484413e-02  3.80292587e+00
  2.96806899e+02] 3.803055028366527
[-2.95645940e+00  2.27568472e-01 -3.42242685e-01  4.14214896e+00
  2.96513178e+02] 4.162489099667926
[-3.04734563e+00  1.80209381e-01 -1.64798783e-01  4.06942932e+00
  2.97448789e+02] 4.076749816765695
[-2.91647354e+00  1.23024549e-01 -1.74787359e-01  4.20705014e+00
  2.99145431e+02] 4.212476291564786
[-3.08128375e+00 -2.78394222e-01 -3.88314757e-02  4.22149834e+00
  2.97465917e+02] 4.2308461862155164
[-3.07927296e+00  2.22450795e-01 -2.69073472e-01  4.16981874e+00
  2.97930944e+02] 4.184408349481552
[-3.10033890e+00  3.06197928e-01 -2.31035093e-01  3.99574390e+00
  2.96461562e+02] 4.014113061910474
[-2.97110529e+00 -3.08527854e-02  2.23749142e-01  4.20967728e+00
  2.96410608e+02] 4.215732249934487
[-3.06901859e+00 -1.75274359e-02 -5.10073242e-01  4.18215638e+00
  2.95051544e+02] 4.213183347725547
[-3.03492968e+00  3.07642340e-01  2.28186682e-02  3.92530353e+00
  2.95683239e+02] 3.9374067992364385
[-3.02926411e+00  1.15416239e-02  6.59640650e-02  4.01733793e+00
  2.96124364e+02] 4.017896029335802
[-3.07252910e+00 -3.56861494e-02 -1.88536721e-01  3.90325656e+00
  2.96393760e+02] 3.9079702377092445
[-2.99709889e+00  1.12763493e-01  3.24813287e-01  4.45761407e+00
  2.99279403e+02] 4.470854781017666
[-3.08466892e+00 -7.61878439e-02  1.47469143e-01  3.73291649e+00
  2.94257229e+02] 3.7366050435059526
[-3.00577332e+00 -1.11094919e-01 -2.13259321e-01  4.12926499e+00
  2.97024778e+02] 4.136260511270368
[-2.99612534e+00 -6.01099976e-02 -4.73818161e-02  4.16125562e+00
  2.97666597e+02] 4.161959460138272
[-2.89762767e+00 -6.13893312e-02  1.69589825e-01  3.84481379e+00
  2.96725332e+02] 3.8490417519524174
[-3.00150890e+00  4.80800605e-02  2.29849777e-01  4.07958937e+00
  2.98957198e+02] 4.08634213514078
[-3.03221619e+00 -1.35121243e-02  1.84821594e-02  4.24492427e+00
  2.95804652e+02] 4.2449860062338525
[-3.01723167e+00  3.67516845e-03  1.48629677e-02  4.04645601e+00
  2.96993374e+02] 4.046484970499808
[-3.07692025e+00  1.02577016e-01 -1.55048573e-01  3.65079325e+00
  2.94426553e+02] 3.6555236912029003
[-2.97375155e+00  4.32121905e-01 -1.54982792e-01  4.05538190e+00
  2.98061876e+02] 4.081283056855371
[-3.01396758e+00 -4.81779889e-02 -1.10171634e-01  3.96474799e+00
  2.96490375e+02] 3.9665710072153186
[-3.01411629e+00 -6.33842258e-02 -1.25477261e-01  3.85722972e+00
  2.96182484e+02] 3.859790563569258
[-3.03975905e+00  1.84943733e-01  3.29652193e-01  4.24937079e+00
  2.98236206e+02] 4.2661489500968806
[-3.15920160e+00  4.99896495e-01  5.61921428e-02  4.16461025e+00
  2.96173762e+02] 4.19488171903546
[-3.09757869e+00 -8.71879663e-02  2.35844304e-01  4.22257587e+00
  2.96659090e+02] 4.230055699409794
[-3.10750901e+00  2.60476332e-02 -3.71981334e-02  4.40109431e+00
  2.97894892e+02] 4.401328579719417
[-3.05343610e+00 -8.57297227e-02 -8.99978850e-02  4.16619904e+00
  2.95184543e+02] 4.168052739804205
[-2.98432518e+00  1.96160281e-01 -2.57037021e-02  3.81303464e+00
  2.96923412e+02] 3.8181635292153167
[-2.98783763e+00  4.27691794e-02 -1.76054279e-01  4.49346768e+00
  2.98583795e+02] 4.497118646451466
[-3.04072786e+00  6.68592029e-02 -1.30605499e-01  3.96748550e+00
  2.94379313e+02] 3.9701976234031964
[-2.94839500e+00  1.74518169e-01 -7.23337045e-02  3.75325960e+00
  2.96064110e+02] 3.7580109626009226
[-2.99036964e+00  3.34384648e-01  1.69465828e-01  4.40021097e+00
  3.00020535e+02] 4.416150848615691
[-3.00605682e+00  1.32901681e-01 -8.21989150e-02  4.33791436e+00
  2.98576691e+02] 4.340728106846355
[-3.11985298e+00  2.71426327e-01  3.74942536e-01  4.38752863e+00
  2.98578658e+02] 4.411877332692145
[-3.11924597e+00 -1.80814521e-01 -2.98338094e-01  3.99087910e+00
  2.96276135e+02] 4.006097292039597
[-2.96896446e+00 -1.42291762e-02  6.42426204e-04  3.74983140e+00
  2.96579885e+02] 3.749858451781078
[-3.07836370e+00  2.40759771e-01  2.56209705e-01  4.25549737e+00
  2.96110796e+02] 4.269996079074324
[-3.05146819e+00  1.92904309e-01  1.16106724e-01  4.00587140e+00
  2.97105138e+02] 4.012193726429547
[-2.95722020e+00  1.20364782e-01  2.74787964e-02  3.87683689e+00
  2.97268582e+02] 3.8788022655637007
[-3.00770458e+00  2.28436842e-02  8.65118710e-02  3.86327723e+00
  2.96096598e+02] 3.8643132739938815
[-3.12580820e+00 -3.45888213e-01 -2.74114307e-01  4.08292699e+00
  2.99170192e+02] 4.1067103787987165
[-3.03621826e+00 -1.84456179e-01  5.62594441e-03  3.96535269e+00
  2.97619015e+02] 3.969644526886223
[-2.94960883e+00 -7.49934577e-02 -2.68701389e-01  3.93716503e+00
  2.98215020e+02] 3.9470359671762347
[-2.97594961e+00  2.44324772e-01 -4.63470221e-03  4.12667246e+00
  2.97631649e+02] 4.133901509146493
[-3.07933760e+00  2.62851250e-01  8.33560528e-02  3.95292091e+00
  2.96575399e+02] 3.962527319763026
[-3.02260205e+00  1.01914268e-01  1.27129866e-01  4.22235381e+00
  2.97869011e+02] 4.225496448810037
[-2.96835124e+00  3.48869547e-01  1.67648508e-01  3.87738087e+00
  2.96164211e+02] 3.8966522069941356
[-3.02803663e+00 -3.98575797e-01 -2.08508343e-01  4.17430385e+00
  2.97233192e+02] 4.198470079090409
[-3.10518791e+00  3.67662959e-02  6.11963599e-02  4.07323630e+00
  2.98715192e+02] 4.073861888457828
[-2.96107235e+00  2.44707789e-01 -2.32589232e-02  3.91599376e+00
  2.98203009e+02] 3.923701057564875
[-3.02979540e+00 -1.79782518e-01 -1.34148061e-01  3.68183254e+00
  2.95211906e+02] 3.6886594223533407
[-2.93353050e+00 -2.31752749e-01 -2.90882938e-02  3.94610442e+00
  2.95971563e+02] 3.9530109471807293
[-3.11859607e+00  1.12834875e-01  3.15740653e-01  4.15088478e+00
  2.99262551e+02] 4.164404915660472
[-3.02507932e+00 -2.10875461e-02  2.32712341e-01  4.12292251e+00
  2.97117027e+02] 4.129538688822287
[-2.97866412e+00 -1.19685301e-01 -1.55024191e-01  3.93961352e+00
  2.97531095e+02] 3.9444786387781585
[-3.01785233e+00 -6.69545229e-02 -6.86007532e-02  4.50488943e+00
  2.99587340e+02] 4.505909201185213
[-3.03837354e+00  2.27510458e-01 -4.29872951e-01  4.10140834e+00
  2.97051649e+02] 4.130145536468453
[-3.03819519e+00  5.35629347e-03  7.73693342e-02  4.07178215e+00
  2.96106423e+02] 4.072520662989873
[-3.00079813e+00  1.15626538e-01 -3.81600494e-01  3.83341349e+00
  2.96603612e+02] 3.854094888313118
[-3.04052054e+00 -1.37389609e-01 -2.18651717e-02  3.90624941e+00
  2.95856699e+02] 3.908725937638852
[-3.00806577e+00  2.68239865e-01  2.17319166e-01  3.85755615e+00
  2.96099633e+02] 3.8729729742659362
[-3.11023713e+00  2.70728466e-01 -3.72491750e-02  4.07141293e+00
  2.95623053e+02] 4.08057405571604
[-3.07263267e+00  3.24931717e-01 -7.83731311e-02  4.33503462e+00
  2.98519131e+02] 4.347901580156131
[-3.01358062e+00  1.40632617e-01  6.47566560e-02  3.84280927e+00
  2.94897408e+02] 3.8459269434793018
[-3.07627217e+00  1.47024543e-02 -2.14353372e-02  4.00090954e+00
  2.96206657e+02] 4.000993973338739
[-3.00465768e+00 -2.90838209e-01  1.16194057e-01  4.04576985e+00
  2.98083631e+02] 4.057874019913736
[-2.89164287e+00 -7.13103356e-02  2.80167522e-01  3.93335096e+00
  2.96978619e+02] 3.943961050987201
[-3.00169056e+00  4.02547807e-02 -2.84460319e-03  3.82118614e+00
  2.98211378e+02] 3.821399223941811
[-3.05069125e+00 -2.40657030e-01 -1.34267294e-01  4.03832145e+00
  2.96727254e+02] 4.0477133871686855
[-2.93978806e+00 -2.46552822e-01  1.87308790e-01  4.14132727e+00
  2.98403682e+02] 4.152886276373301
[-3.05461170e+00  2.66604285e-01  1.14031680e-01  3.96729867e+00
  2.97623695e+02] 3.9778813202920302
[-2.93055325e+00  2.11454781e-01  1.90030262e-01  3.96837427e+00
  2.98317608e+02] 3.978544834958462
[-3.04344182e+00  1.38485703e-01  8.02912023e-02  4.14127028e+00
  2.95896516e+02] 4.144362980106032
[-3.02685109e+00 -1.11366198e-01  1.72141896e-01  4.16633161e+00
  2.97255145e+02] 4.171373192297284
[-2.96982831e+00 -3.04777940e-01 -8.33093612e-02  4.07521985e+00
  2.97152994e+02] 4.087449924260075
[-3.00141008e+00 -1.20181390e-02  1.84218082e-01  3.92030445e+00
  2.94303590e+02] 3.924648734507953
[-3.06210289e+00 -3.31935367e-01  2.82497467e-02  3.97922403e+00
  2.94283382e+02] 3.993144501083176
[-3.05516393e+00  1.38063852e-01 -6.97967509e-02  3.98842817e+00
  2.97481454e+02] 3.991427375316761
[-3.07271514e+00  8.73039095e-02  2.96343251e-01  3.95887413e+00
  2.94219361e+02] 3.9709099330363995
[-3.04870631e+00 -2.14373514e-01 -1.49308277e-01  3.93497056e+00
  2.97270000e+02] 3.943633130186983
[-2.99614287e+00 -1.21306415e-03  1.87603722e-01  4.00347479e+00
  2.98533644e+02] 4.007868138555812
[-3.15126746e+00 -2.45002476e-01 -2.74887969e-02  3.99766000e+00
  2.94680400e+02] 4.005254963337916
[-3.08080936e+00  3.65961531e-01  4.60288674e-02  4.09430556e+00
  2.96775364e+02] 4.110886097430306
[-3.07132792e+00  6.05173163e-02 -4.82692661e-02  4.04962151e+00
  2.98475993e+02] 4.05036129815808
[-3.05653627e+00  5.30119093e-02 -1.05608686e-01  4.02380625e+00
  2.96414829e+02] 4.02554098355154
[-3.10648172e+00  5.65956838e-02 -1.19017610e-01  3.92717529e+00
  2.94647745e+02] 3.929385963831988
[-3.06432519e+00  1.30237758e-01 -3.70588169e-01  4.08391782e+00
  2.98284050e+02] 4.102765195299255
[-3.00678708e+00  5.87783509e-02  1.76925178e-01  3.83605999e+00
  2.96640847e+02] 3.8405876678527324
[-3.01443642e+00  2.03529307e-01 -2.62026474e-02  4.18219073e+00
  2.98224389e+02] 4.187222233477147
[-2.98227606e+00  1.11840188e-01  1.70690531e-02  4.23144612e+00
  2.98479867e+02] 4.232958289684064
[ -3.09609362  -0.31340415   0.3405888    3.99980613 294.40741163] 4.026496241806398
[-2.97946353e+00  1.17000989e-01  1.12330953e-01  4.21327565e+00
  2.98364180e+02] 4.216396467713696
[-3.00544218e+00 -7.57064639e-02 -8.64629373e-02  4.02271660e+00
  2.97012433e+02] 4.024357859779058
[-3.02548225e+00 -1.15825920e-01  6.15246540e-03  3.92224898e+00
  2.95857863e+02] 3.9239636262685655
[-2.96756970e+00 -1.83856513e-01  1.55251653e-01  3.81632264e+00
  2.94533658e+02] 3.8239017782305336
[-3.03088228e+00  1.17612267e-01  1.57178257e-01  4.31022225e+00
  2.98074578e+02] 4.3146904315558015
[-3.03776912e+00 -1.86346790e-01  1.68246211e-01  3.77202756e+00
  2.94465922e+02] 3.780373505189315
[-3.00155289e+00 -3.16037298e-01  6.47418605e-02  4.12561516e+00
  2.97274913e+02] 4.138208739447079
[-2.96741281e+00  2.09920235e-02  2.47743337e-01  3.97022789e+00
  2.98610673e+02] 3.978005399007103
[-3.04552034e+00  2.25845922e-01 -3.88223775e-01  4.16917048e+00
  2.97355450e+02] 4.1932930503669406
[-3.05410528e+00  2.85402844e-02 -1.85403989e-01  4.28360867e+00
  2.96624864e+02] 4.287714125214569
[-2.92724269e+00  1.48593112e-01  2.17345449e-01  4.08455140e+00
  2.97156792e+02] 4.093028104590724
[-2.92813830e+00 -2.58574312e-01  1.77606303e-01  3.80274963e+00
  2.95908256e+02] 3.8156663141822342
[-2.94749096e+00 -2.13848800e-01  2.19504552e-01  4.13220231e+00
  2.99378686e+02] 4.1435503510221405
[-3.03155903e+00 -9.51548247e-02 -1.34390137e-01  4.27730857e+00
  2.98723762e+02] 4.280477042322561
[-3.00359536e+00  7.52575621e-02 -3.75082764e-02  3.86937358e+00
  2.94947570e+02] 3.8702871344891205
[-3.05584579e+00 -2.56556340e-01  6.72828624e-02  4.10957753e+00
  2.96978534e+02] 4.11812768750039
[-3.01655698e+00 -3.90465699e-01  3.55696461e-02  4.06364795e+00
  2.96661176e+02] 4.082519236969182
[-3.05919156e+00 -4.55380249e-02 -2.15628064e-01  3.97252044e+00
  2.95576305e+02] 3.9786288893444954
[-3.00435637e+00  9.73798185e-02 -2.64036917e-01  4.24415651e+00
  2.98038989e+02] 4.253476559588314
[-3.09321883e+00 -1.48457231e-01 -3.66370879e-02  3.89360220e+00
  2.96165035e+02] 3.896603635807471
[-3.00825945e+00  4.11304987e-02  3.66292006e-01  3.80374534e+00
  2.95610048e+02] 3.821562527055847
[-3.05098533e+00  2.01692472e-01  3.31016505e-02  4.26295661e+00
  2.97262653e+02] 4.267853630398512
[-2.99435552e+00 -6.98897740e-02  3.88942544e-02  4.36324119e+00
  3.00884375e+02] 4.36397422393136
[-2.96457508e+00  1.37496237e-01 -4.10791468e-02  4.10796476e+00
  2.97852198e+02] 4.1104704310503175
[-3.00865708e+00 -1.94257060e-01  5.12119179e-02  3.99185288e+00
  2.98546581e+02] 3.9969047866671263
[-2.97419798e+00 -1.29341465e-01 -8.12073354e-02  3.93513292e+00
  2.94948168e+02] 3.9380953428856267
[-2.96744209e+00  4.43678545e-02  2.34216206e-02  4.22659271e+00
  2.98055790e+02] 4.2268904639070515
[-3.01025700e+00 -1.94060963e-01  5.78093495e-02  3.92326362e+00
  2.94316522e+02] 3.9284855888918018
[-3.05016469e+00 -2.54342150e-01  2.27474517e-01  3.67107659e+00
  2.98596269e+02] 3.6869008599164323
[-2.99458068e+00 -1.36501066e-02 -1.39053610e-01  4.07166752e+00
  2.96178827e+02] 4.074064139912815
[-3.09017063e+00 -8.07852566e-02  8.75699894e-02  4.05313534e+00
  2.95366266e+02] 4.054886045561402
[-2.99032844e+00 -1.38153382e-01  5.78819031e-02  4.41200210e+00
  2.97929413e+02] 4.414544052795848
[-3.01057318e+00 -5.63744951e-02 -1.09704714e-01  4.34431404e+00
  2.98381728e+02] 4.3460646190069365
[-3.02524074e+00 -5.97886410e-02 -1.19267910e-01  3.62335420e+00
  2.94847967e+02] 3.6258095864254027
[-3.06152153e+00  2.47852768e-01 -5.55718726e-01  4.31067526e+00
  2.97725398e+02] 4.353409639930159
[-3.05134817e+00  3.94345664e-01 -1.86719215e-01  4.14900358e+00
  2.96523369e+02] 4.171882463986304
[-3.07310888e+00 -8.47917171e-02 -1.85154128e-01  4.25009619e+00
  2.98629546e+02] 4.254972299394347
[-3.00713628e+00 -9.77924877e-02  4.17447469e-01  4.09506148e+00
  2.96852355e+02] 4.117445116472647
[-2.99808734e+00 -2.55719183e-01  1.11385026e-02  4.29743939e+00
  2.99424886e+02] 4.3050553635521
[-3.02025992e+00  1.51254346e-01  8.15390827e-02  4.11564772e+00
  2.96544709e+02] 4.119233257205024
[-3.03551776e+00 -3.91778062e-02  2.40209404e-01  3.88814869e+00
  2.95248528e+02] 3.8957586789541097
[-3.07336336e+00 -3.51794513e-02 -1.78621366e-03  3.92890630e+00
  2.96837628e+02] 3.929064205152493
[-2.97512374e+00 -2.47223220e-01  1.05237952e-01  4.10526340e+00
  2.96524707e+02] 4.114046899905831
[-2.97329306e+00 -6.40549561e-02 -1.05076897e-01  3.85983236e+00
  2.98186902e+02] 3.8617936323014312
[-3.05116064e+00 -3.18564612e-02  2.19972468e-01  4.10810964e+00
  2.96542324e+02] 4.114118078256261
[-2.97830850e+00 -1.54111540e-01  2.02429384e-01  4.13233811e+00
  2.98164476e+02] 4.140162593170455
[-2.97480348e+00  8.48802888e-02  8.84831201e-02  4.25136728e+00
  2.99927219e+02] 4.2531350445266085
[-3.04415510e+00  1.18386221e-01  5.61173483e-02  3.64592692e+00
  2.95447546e+02] 3.648280087030478
[-3.01213555e+00 -1.10939686e-01  4.15983542e-02  3.80687297e+00
  2.94611316e+02] 3.8087162974269013
[-3.06267588e+00 -3.30965029e-01  1.63554204e-02  3.75945342e+00
  2.93579177e+02] 3.774029059095759
[-2.92288708e+00 -1.35238208e-01 -1.63278099e-01  3.88124266e+00
  2.97456042e+02] 3.8870289012442796
[-3.07784677e+00  4.84016228e-02  1.27793789e-01  4.09323488e+00
  2.96735708e+02] 4.0955153217912255
[-2.96718173e+00 -1.02359537e-01 -2.42590683e-01  4.11514075e+00
  2.96216138e+02] 4.12355563453658
[-3.00897922e+00 -4.94450878e-02  1.97938379e-02  4.26050501e+00
  3.01260517e+02] 4.260837893396959
[-3.01858828e+00 -9.66851794e-02  2.19149203e-01  3.85340854e+00
  2.95442023e+02] 3.860845988946516
[-2.97137034e+00  7.50110175e-02  2.47861621e-01  4.57849518e+00
  3.02142820e+02] 4.585812920709901
[-3.03428201e+00  1.25786704e-01  1.49238545e-01  3.97235793e+00
  2.96103915e+02] 3.9771499761788656
[-2.97317302e+00  4.92578024e-02  1.06147923e-01  3.96338472e+00
  2.96609936e+02] 3.9651118709374775
[-3.14547867e+00 -1.67084996e-01 -2.76019873e-02  3.98231906e+00
  2.95144548e+02] 3.985918256896283
[-3.09445081e+00  1.06179913e-01  6.46665784e-02  4.36967149e+00
  2.99623437e+02] 4.371439674522099
[-2.97643982e+00 -6.72102723e-02  3.46991544e-01  4.08038417e+00
  2.96084993e+02] 4.0956629858219955
[-3.07550803e+00  1.89943619e-01 -2.04569314e-01  4.19501296e+00
  2.96007512e+02] 4.204290772168941
[-2.97219711e+00 -6.65275885e-02 -1.31786914e-01  3.77625791e+00
  2.98921995e+02] 3.7791424358536325
[-3.11124435e+00 -2.38333517e-01 -3.18203469e-02  4.31943005e+00
  2.99475962e+02] 4.326117354677614
[-3.12832895e+00  2.28299488e-01  5.12218691e-02  4.32692953e+00
  2.97411474e+02] 4.333250912495414
[-2.92857689e+00 -6.09378566e-02 -1.35630479e-03  3.72055237e+00
  2.95697315e+02] 3.7210516247349985
[-3.02913371e+00  6.19817538e-03 -1.20014889e-01  4.11908848e+00
  2.95937382e+02] 4.1208411592797765
[-3.03988380e+00  2.70792667e-01  6.15120763e-02  4.25932768e+00
  2.98261426e+02] 4.268370262970268
[-3.01723620e+00 -5.13174382e-02  4.47620387e-02  3.82619090e+00
  2.95187975e+02] 3.8267968208177505
[-3.10510537e+00 -5.76095080e-03 -2.21995795e-01  4.23447152e+00
  2.95464034e+02] 4.240290602198757
[-3.00283347e+00  2.20425910e-01  2.05994114e-01  3.89420919e+00
  2.96398012e+02] 3.905878433201788
[-2.99014095e+00 -2.84207888e-02 -1.13394792e-01  4.16936360e+00
  2.97787385e+02] 4.17100215163771
[-3.06000761e+00 -1.41900709e-01  2.10008426e-01  4.15489515e+00
  2.96162245e+02] 4.162618528989578
[-2.95468976e+00 -7.95942530e-02  2.21333941e-01  4.16239435e+00
  2.98988628e+02] 4.169034744762011
[-3.04010535e+00  3.35715321e-01  1.72178278e-01  4.30729803e+00
  2.99140140e+02] 4.323790746312168
[-3.04452584e+00  3.07625751e-01  2.60840923e-01  3.93216772e+00
  2.96787452e+02] 3.9527983173112067
[-2.97451971e+00  1.49776887e-01 -6.26331172e-02  3.88976403e+00
  2.96310540e+02] 3.893150429974074
[-2.97392696e+00  9.25130162e-02 -6.02262284e-02  4.18341854e+00
  2.97221694e+02] 4.184874736475143
[-2.98426109e+00 -8.27555871e-02 -1.30602129e-01  3.92199303e+00
  2.97524839e+02] 3.925039453148337
[-3.04676639e+00  5.63795890e-02 -6.46802631e-02  3.83592571e+00
  2.95782705e+02] 3.836885226353009
[-3.05447102e+00 -1.93671831e-01 -3.32164762e-01  3.78106339e+00
  2.93704011e+02] 3.8005634562430153
[-3.11353081e+00 -3.20854073e-01 -2.88981863e-01  3.90077674e+00
  2.96772627e+02] 3.924604055857593
[-3.12034190e+00 -1.83181865e-01 -5.84906218e-02  4.08718382e+00
  2.96252683e+02] 4.091704819120393
[-2.99034307e+00  4.52818675e-01  5.14292033e-02  3.42342611e+00
  2.94312895e+02] 3.4536265085992857
[-3.04857010e+00  6.44915461e-02  2.45771740e-01  4.15178851e+00
  2.97521551e+02] 4.159556552437213
[-3.00160757e+00 -1.03611202e-01 -7.61772825e-02  4.18715148e+00
  2.96967494e+02] 4.1891258942278595
[-3.12622056e+00 -2.09285730e-01 -4.61057148e-02  4.22527974e+00
  2.97243491e+02] 4.230710945057802
[-3.01498632e+00 -2.12139534e-01  6.60756394e-02  4.09178039e+00
  2.95410325e+02] 4.097808679180703
[-3.06828832e+00  2.19652271e-01 -1.16100875e-01  4.02452508e+00
  2.96785901e+02] 4.032186583005079
[-3.06737542e+00  3.75880556e-01  2.74481200e-02  4.04841231e+00
  2.96230786e+02] 4.065917098245289
[-3.08118982e+00  2.49388342e-01 -8.90346862e-02  3.99824801e+00
  2.95589865e+02] 4.007007474445309
[-3.03604504e+00 -1.55892166e-01  1.35944068e-02  3.73112391e+00
  2.94483437e+02] 3.734403941907073
[-3.04899739e+00  1.17028757e-01 -1.63313880e-01  4.11147928e+00
  2.98472527e+02] 4.116385433865539
[-3.14833144e+00 -1.34808709e-01 -3.39508846e-02  4.17194136e+00
  2.95779051e+02] 4.174256912540064
[-3.03388385e+00  1.25671302e-01 -6.27010170e-02  3.73453235e+00
  2.97137259e+02] 3.7371722653825237
[-3.02402376e+00  1.33990850e-02  5.43030502e-02  3.77210201e+00
  2.94710640e+02] 3.772516654647661
[-3.00642736e+00  2.50007093e-03  8.57897227e-02  3.94067625e+00
  2.96701804e+02] 3.941610769290235
[-3.03924116e+00 -2.37213861e-01  2.49677908e-01  4.08277596e+00
  2.96618259e+02] 4.097275802734512
[-3.00628656e+00  1.01022231e-01 -2.96159076e-01  3.92558384e+00
  2.96450790e+02] 3.938035569994686
[-2.97235782e+00  2.19383429e-01 -6.12479097e-02  4.04102751e+00
  2.97329308e+02] 4.047441630832123
[-3.08430638e+00  1.25386570e-01  1.36639464e-01  3.96433883e+00
  2.96703101e+02] 3.96867414363453
[-3.08380114e+00  7.76553609e-02  2.87687264e-02  3.89639585e+00
  2.95706936e+02] 3.8972757890707754
[-3.02069889e+00 -7.92548557e-02 -2.24679498e-01  3.96282502e+00
  2.95323700e+02] 3.969980392832543
[-2.98125515e+00  6.06347894e-02 -1.98962732e-01  3.73116292e+00
  2.95088358e+02] 3.7369559099151655
[-3.00297295e+00  3.66681840e-02 -2.07606798e-02  3.85408948e+00
  2.96154120e+02] 3.8543198166592
[-3.12571741e+00  3.55881046e-01 -1.20026314e-02  4.02984916e+00
  2.96618984e+02] 4.045550601472533
[-2.99579090e+00  1.21836413e-01 -1.00888455e-01  4.29838733e+00
  2.98413938e+02] 4.301297044638994
[-3.00427851e+00 -2.16462087e-01 -1.59955224e-01  4.24283635e+00
  2.95423133e+02] 4.251364695842492
[-3.07928253e+00  2.28214535e-01  9.10926097e-02  4.06672083e+00
  2.96223294e+02] 4.074137702077827
[-2.95228508e+00 -2.87981305e-01 -1.73368130e-01  3.94816437e+00
  2.96447726e+02] 3.9624476827392634
[-2.98581466e+00 -2.57478912e-01 -2.02205104e-01  3.73081080e+00
  2.94240747e+02] 3.745147725110806
[-2.91102612e+00  2.73304194e-02 -1.79488226e-01  3.73112401e+00
  2.95322512e+02] 3.7355386942886297
[-3.07617436e+00  1.31846872e-01 -2.64849105e-01  3.92990104e+00
  2.95196876e+02] 3.941021544682781
[-3.02642368e+00 -1.78553605e-01  1.15275926e-01  3.99669371e+00
  2.97137156e+02] 4.002340635555177
[-3.00029443e+00 -7.54385446e-02 -1.71581257e-01  4.25418078e+00
  2.97586729e+02] 4.258307785461762
[-2.95268333e+00 -2.58480830e-01 -7.01812885e-02  4.06385116e+00
  2.95896622e+02] 4.072667923959604
[-3.01212438e+00 -1.96583331e-01 -3.37793267e-01  4.00936435e+00
  2.96901296e+02] 4.028368374634299
[-2.98224682e+00  2.88100313e-01  9.62187461e-02  3.96895838e+00
  2.98382180e+02] 3.9805640912103186
[-3.03237992e+00 -7.20334129e-02 -2.70725400e-01  3.74648360e+00
  2.95382226e+02] 3.756942960010476
[-3.01788210e+00 -4.88175591e-02  1.01272237e-01  3.89756042e+00
  2.97112017e+02] 3.899181513281198
[-3.06432765e+00 -1.63649344e-01 -2.43277509e-02  3.93102405e+00
  2.94721714e+02] 3.934504162486212
[-2.97455443e+00 -1.83533133e-01 -1.27380040e-01  4.04417376e+00
  2.96219536e+02] 4.05033968008326
[-3.04146664e+00 -2.88652019e-01 -2.52800424e-01  3.96985332e+00
  2.94415028e+02] 3.9883534690604723
[-3.00688174e+00 -1.61279489e-01  2.00687580e-01  3.88995844e+00
  2.97540104e+02] 3.898469347729646
[-2.99047087e+00 -2.07715178e-01 -2.88686140e-01  4.16313080e+00
  2.98802465e+02] 4.178294313969496
[-3.00419165e+00 -3.05178179e-02  1.39904312e-01  4.04434580e+00
  2.97797173e+02] 4.046879969829905
[-3.07011197e+00  1.20554915e-01  2.28180442e-01  4.12332008e+00
  2.97131564e+02] 4.131388183613903
[-3.05340452e+00  1.76326359e-01  1.11577469e-01  3.94228776e+00
  2.94804089e+02] 3.947806135730318
[-3.07474888e+00  8.33924713e-02 -1.35091963e-01  4.07400845e+00
  2.96749567e+02] 4.077100563868542
[-3.03826817e+00 -1.51601704e-02 -4.95565357e-02  4.33222443e+00
  2.98396797e+02] 4.332534379597387
[-3.06251646e+00  1.87458528e-01 -1.27630794e-02  4.26944073e+00
  2.98297950e+02] 4.273573182134768
[-2.98812466e+00  2.27931274e-02 -1.18870165e-02  4.07218068e+00
  2.98359446e+02] 4.072261817411378
[-3.08564740e+00 -3.27363447e-02 -3.09293609e-01  4.31912506e+00
  2.97776962e+02] 4.330308934766336
[-3.05960357e+00  7.79124914e-02  8.95835006e-03  4.04390094e+00
  2.95999241e+02] 4.0446613513896725
[-3.06245023e+00  2.36247731e-01 -1.27946455e-01  4.31514744e+00
  2.97504948e+02] 4.323503290306234
[-3.07473890e+00  3.87382691e-02  2.19506196e-01  4.23287640e+00
  2.97746643e+02] 4.238741116431763
[-3.03832313e+00  1.47949657e-01 -8.78902401e-02  3.79112792e+00
  2.94682824e+02] 3.795031579294078
[-3.00931425e+00  4.16491958e-02 -2.06829398e-01  4.11256125e+00
  2.96492740e+02] 4.117969537103739
[-3.04761476e+00  9.48694593e-02  1.58209587e-01  4.02459480e+00
  2.96648936e+02] 4.028820396198992
[-2.93225183e+00 -5.47414630e-02 -6.31464515e-02  4.06808188e+00
  2.99050394e+02] 4.068940189800359
[-3.04129383e+00  9.75367821e-02  1.53956330e-01  3.92320959e+00
  2.96420180e+02] 3.9274405751873087
[-3.08167456e+00  3.16840529e-01  2.72482489e-01  4.05402911e+00
  2.95563591e+02] 4.0755105956387165
[-2.99966403e+00 -2.98728507e-02  2.61117798e-01  4.13554133e+00
  2.97051644e+02] 4.1438842831456
[-2.99254541e+00 -1.73613250e-02  7.74471146e-02  3.75155629e+00
  2.96768079e+02] 3.752395779258732
[-3.05784035e+00 -1.19344449e-01 -1.30140199e-01  3.82377030e+00
  2.93343559e+02] 3.827845198008085
[-3.06777141e+00  1.99172251e-01  1.06668235e-01  4.01321685e+00
  2.95811367e+02] 4.019571768138635
[-2.96234023e+00  8.92032192e-02  3.35443137e-01  3.72551607e+00
  2.97604556e+02] 3.7416506085613714
[ -3.09886658   0.30002108  -0.32742574   3.83218456 295.87822837] 3.857830834251768
[-3.08847889e+00 -1.20173978e-01  4.97998276e-02  3.95339386e+00
  2.94847189e+02] 3.955533439181298
[-3.03930901e+00  5.97831383e-02 -1.31683483e-01  3.87580779e+00
  2.97386321e+02] 3.8785049441963992
[-3.00450686e+00  6.14190962e-02 -7.03521184e-02  3.83667318e+00
  2.95027757e+02] 3.8378096419597205
[-2.96873329e+00 -7.89845155e-02  2.24622735e-01  4.20235725e+00
  2.98311924e+02] 4.209097336210917
[-2.98970810e+00 -1.71311511e-01 -1.21016712e-01  3.72879696e+00
  2.95590221e+02] 3.7346913409320446
[-2.99793829e+00 -7.00738811e-02 -1.10480400e-01  4.25118732e+00
  2.98663344e+02] 4.253199962451205
[-3.03671117e+00  2.00901882e-01  2.23336755e-01  3.79955839e+00
  2.95367498e+02] 3.811415068737727
[-3.10671014e+00  1.88202799e-02  6.08615882e-02  4.22227543e+00
  2.97415236e+02] 4.222755986032218
[-3.06766806e+00  1.38585098e-01  8.13387097e-02  4.48606306e+00
  2.97384748e+02] 4.4889401461589165
[-3.03530618e+00  1.24542290e-01  7.73374720e-02  3.99947465e+00
  2.96874041e+02] 4.002160582917148
[-3.02234393e+00  9.75563852e-02 -9.07807557e-02  3.84207249e+00
  2.96209175e+02] 3.8443828395494957
[-3.07620321e+00 -1.54733109e-01 -1.26434055e-01  3.87787941e+00
  2.96465440e+02] 3.883024160489387
[-3.09116565e+00 -1.36471310e-01  1.54634446e-01  3.95868273e+00
  2.98397514e+02] 3.9640516091678584
[-2.95130530e+00  3.92329449e-03  1.64028766e-01  3.98554335e+00
  2.98001422e+02] 3.988919231355666
[-3.02199177e+00 -1.93216704e-02  8.12188482e-02  4.15952484e+00
  2.98655187e+02] 4.160362569978364
[-3.03746823e+00  3.09945249e-03  1.22153491e-01  3.88661126e+00
  2.96063674e+02] 3.8885316168895416
[-3.12579964e+00  1.79951052e-01  2.92986976e-02  4.04356210e+00
  2.97821398e+02] 4.047670352870421
[-3.07749980e+00  1.82292511e-02  2.25950861e-01  3.90922033e+00
  2.94615224e+02] 3.9157872394339575
[-3.10080731e+00 -1.20773519e-01 -6.07579982e-02  3.90499135e+00
  2.92932972e+02] 3.9073309596540695
[ -3.03678365   0.29621761   0.41535222   4.00585134 295.64899781] 4.0382059476372
[-3.06407175e+00 -3.54609608e-01 -2.41148216e-01  4.12868646e+00
  2.97535686e+02] 4.150897777059128
[-2.99995068e+00 -3.46940741e-02 -7.29306421e-02  3.94134811e+00
  2.97466072e+02] 3.9421754720883815
[-3.02843743e+00 -2.18206424e-02 -3.84223585e-01  4.08617009e+00
  2.98120609e+02] 4.104252656657915
[-3.05867419e+00  9.72968957e-02 -5.95016103e-02  3.78857379e+00
  2.95862544e+02] 3.790290031630886
[-3.07503087e+00  2.84946749e-02  7.52769439e-02  3.96974891e+00
  2.95298506e+02] 3.970564821755645
[-2.99640403e+00  4.36657845e-01  8.64115722e-02  4.24306586e+00
  2.99157683e+02] 4.266350307053374
[-3.01725171e+00  1.93417148e-01 -3.10967332e-02  3.82219369e+00
  2.95382812e+02] 3.8272107032539027
[-2.98607515e+00  1.37625728e-01 -2.58698525e-01  4.21325132e+00
  2.96271829e+02] 4.223428993998189
[-3.08832389e+00 -5.59011187e-03  1.45506245e-01  4.28331940e+00
  2.95949032e+02] 4.2857937906429
[-2.96279107e+00  1.32074325e-01 -2.07666418e-01  4.15907302e+00
  2.96808202e+02] 4.166348208488267
[-3.02105524e+00 -1.48129684e-01  2.04391977e-01  4.07782521e+00
  2.96872759e+02] 4.0856305459816
[-3.01521509e+00  2.80451749e-01 -2.18348940e-01  4.08770546e+00
  2.98521456e+02] 4.103128731648873
[-3.02581264e+00 -1.48306553e-03 -2.73009060e-01  4.38835363e+00
  2.98985093e+02] 4.396837923543203
[-2.97306251e+00 -2.22072207e-01 -7.07274685e-02  4.20640707e+00
  2.98976920e+02] 4.212858756425983
[-2.98834263e+00 -1.26472379e-02  5.83270827e-02  3.86591471e+00
  2.96876872e+02] 3.86637537495894
[-2.99176158e+00  2.52034221e-02  1.46388208e-01  3.67118301e+00
  2.95276740e+02] 3.6741869033600074
[-3.01494664e+00  2.42851582e-01  6.19717602e-02  4.19174906e+00
  2.99569040e+02] 4.199235355828129
[-3.05865136e+00 -4.53356993e-01 -7.04891390e-02  4.05015141e+00
  2.97405007e+02] 4.076055411893161
[-2.96474854e+00  7.32568770e-02 -1.91995734e-01  4.25566530e+00
  2.97475663e+02] 4.260623904081052
[-3.05679500e+00 -1.50044142e-01  3.55479313e-01  4.01278530e+00
  2.98316063e+02] 4.031293171091184
[-3.06656105e+00  2.36694535e-01  2.27137579e-01  4.03284230e+00
  2.94185193e+02] 4.046162726319792
[-2.97264142e+00 -1.67316420e-01 -5.69875590e-02  3.67439444e+00
  2.95557392e+02] 3.6786433420168603
[-2.95565723e+00 -1.62239485e-01  2.51903614e-01  4.03419325e+00
  2.97083858e+02] 4.045304968161699
[-3.01906027e+00  1.08221806e-01 -1.81972334e-01  4.03216425e+00
  2.96155957e+02] 4.0377189600765515
[-2.99541014e+00 -2.13796405e-01 -6.53008041e-02  4.18822513e+00
  2.97606122e+02] 4.194186792214756
[-3.06145244e+00  3.43461919e-01 -1.54490867e-01  4.48445834e+00
  2.96658986e+02] 4.500244449034899
[-3.05859158e+00  2.83893308e-01  2.67115461e-01  4.11075422e+00
  2.96575021e+02] 4.129194394279497
[-3.01306799e+00  6.71831888e-02  1.10058102e-01  4.15332060e+00
  2.98898554e+02] 4.155321688573819
[-2.98694848e+00  8.55510938e-02  1.06154413e-01  4.33721967e+00
  2.98553484e+02] 4.339361958587925
[-3.12139981e+00  1.40085291e-01  2.38205608e-01  4.04945799e+00
  2.94252397e+02] 4.058876175247895
[-3.03479622e+00  1.21714633e-01 -6.66106512e-02  3.98731530e+00
  2.96546163e+02] 3.9897286500911195
[-3.01593641e+00 -1.53074842e-01  2.63673595e-01  3.83789177e+00
  2.96870609e+02] 3.8499829788816435
[-3.11697534e+00  2.98104292e-01  3.14805131e-02  4.49478270e+00
  2.97829843e+02] 4.504767334253489
[-3.13410056e+00 -2.84192311e-01 -7.13276270e-02  4.23332050e+00
  2.98398157e+02] 4.243448519277575
[-3.04932271e+00  6.74567176e-02 -1.68532836e-01  4.22504833e+00
  2.99341437e+02] 4.2289463324640435
[-3.02083223e+00  2.14225766e-01 -7.06906921e-02  4.32870927e+00
  2.96822593e+02] 4.334583458105556
[-3.12157347e+00 -1.10872148e-01  7.60108499e-02  4.17579981e+00
  2.96056164e+02] 4.1779629412704296
[-2.96260640e+00  1.13397235e-01 -2.42972545e-01  4.20206840e+00
  2.98317408e+02] 4.2106143735752495
[-3.06829877e+00 -1.77347897e-01  3.43284051e-01  4.17865492e+00
  2.98083001e+02] 4.196481045020465
[-2.95879849e+00  1.90200279e-01  1.19501664e-01  4.16326081e+00
  2.97905549e+02] 4.1693161718115785
[-3.02013553e+00  4.20460281e-01  5.14037636e-02  4.14628518e+00
  2.96866027e+02] 4.167866355351158
[-3.06047643e+00 -9.05207373e-02 -2.46245619e-01  4.11160374e+00
  2.98234852e+02] 4.119965559129749
[-3.04050315e+00  1.09835669e-01 -1.67831814e-01  3.78729039e+00
  2.96204070e+02] 3.7925980372507473
[-3.02674050e+00  3.36791214e-01 -4.52979507e-02  3.71093121e+00
  2.94607952e+02] 3.7264581900540508
[-3.03557941e+00 -2.70545731e-01 -5.25644969e-02  4.26294861e+00
  2.99193755e+02] 4.271848412088876
[-3.02001026e+00 -1.83833178e-01 -1.71144313e-01  4.25863936e+00
  2.97937936e+02] 4.2660396354184416
[-3.03679743e+00 -4.40139876e-01  1.19452562e-01  3.95741068e+00
  2.97779142e+02] 3.983602804929258
[-3.00663123e+00 -3.14706286e-01  8.64707732e-02  4.29289890e+00
  2.98612693e+02] 4.305287243488095
[-2.99412264e+00 -1.27903529e-01 -8.37921063e-02  3.95499618e+00
  2.97343849e+02] 3.9579508861380095
[-3.04885903e+00  2.46308644e-01  4.74839049e-02  4.05130085e+00
  2.98161452e+02] 4.059059160116469
[-2.98474928e+00 -2.38578449e-02 -2.59079390e-01  3.81992979e+00
  2.96942955e+02] 3.8287798257151415
[-2.96549242e+00  1.32262108e-01 -1.87348007e-01  3.59192411e+00
  2.96939617e+02] 3.5992376110027102
[-3.08402605e+00 -1.23100708e-01 -9.87472190e-02  4.18343504e+00
  2.96770410e+02] 4.186410583082935
[-3.03014711e+00  1.93702859e-01 -8.95579895e-02  3.69230964e+00
  2.95738488e+02] 3.698471563006718
[-3.07592735e+00 -6.94973495e-02 -1.76301756e-01  4.26281272e+00
  2.98108369e+02] 4.2670229095227805
[-3.00966684e+00  1.00673293e-01  2.96035840e-01  3.73113796e+00
  2.95777435e+02] 3.7442172462903245
[-3.11590233e+00  2.22356085e-01 -1.69583924e-01  4.09108507e+00
  2.95464620e+02] 4.100631409362971
[-3.04033513e+00 -3.89824788e-02 -2.94461680e-01  4.05932735e+00
  2.95681347e+02] 4.070180078216647
[-3.02463114e+00  8.75182814e-02 -4.49693059e-02  4.51200051e+00
  3.01082244e+02] 4.513073260086263
[-3.03706288e+00 -1.13510214e-01 -3.57944300e-01  4.08145405e+00
  2.96123055e+02] 4.098691972201959
[-3.01023064e+00  2.42507215e-01 -2.32094962e-02  4.13241909e+00
  2.98352564e+02] 4.139593699664817
[-2.98242739e+00 -2.20138511e-01 -5.54887010e-02  3.70526416e+00
  2.94478412e+02] 3.7122126121842673
[-3.08625662e+00  1.89963326e-01  1.94089595e-02  4.12564686e+00
  2.96718124e+02] 4.13006353153979
[ -3.0096032   -0.35947073   0.48125808   3.97430686 295.64477956] 4.019445681474772
[-3.00130334e+00 -2.34817279e-01 -3.18341814e-01  4.11321302e+00
  2.98666201e+02] 4.132190947692365
[-2.93873183e+00  1.81921038e-01 -5.79157259e-03  3.82271249e+00
  2.95400107e+02] 3.8270431895007717
[-2.99337971e+00 -2.40829563e-01  2.90688113e-01  3.86688669e+00
  2.96777055e+02] 3.8852684792368195
[-3.03318122e+00 -1.29142515e-01 -2.76915148e-01  4.04733698e+00
  2.97599638e+02] 4.0588540734648975
[-3.11681831e+00  1.89493546e-02  3.72337032e-01  3.98875293e+00
  2.96484911e+02] 4.006138275526929
[-3.00940549e+00 -1.85373849e-02  2.23836895e-01  4.16504040e+00
  2.99949988e+02] 4.171091962547548
[-3.07261459e+00 -2.92791879e-01  6.53324819e-02  3.77888293e+00
  2.94541802e+02] 3.790771900686947
[-3.03905567e+00 -6.42466691e-02 -1.41635002e-02  4.03830672e+00
  2.97245967e+02] 4.038842584566046
[-3.04652104e+00  2.26694063e-01 -6.20144667e-03  3.93952143e+00
  2.96931302e+02] 3.946043299383624
[-3.00519130e+00  6.32412375e-02 -2.08209676e-01  3.90506602e+00
  2.95172467e+02] 3.911124056174256
[-2.99717930e+00  1.63367509e-01  1.18588275e-01  4.02814203e+00
  2.94159765e+02] 4.033197281776114
[-3.18819365e+00  1.38455082e-01  1.72670158e-01  3.89955007e+00
  2.94074715e+02] 3.905825847524298
[-3.02754677e+00 -6.06364290e-02 -3.53492910e-03  4.38681624e+00
  2.96441466e+02] 4.387236710994019
[-2.97742707e+00 -1.62966172e-01  7.60319918e-03  3.80183448e+00
  2.95919944e+02] 3.8053332527860517
[-3.02396648e+00 -1.62940230e-01 -1.24393767e-03  3.99287880e+00
  2.97041542e+02] 3.996202223226468
[-3.06792223e+00 -9.53349947e-02 -2.57784377e-01  4.01390363e+00
  2.97917696e+02] 4.023302605834506
[ -2.98604889  -0.32485912  -0.32919521   4.09787766 297.51457554] 4.123894301556638
[-2.98056149e+00  4.96142837e-02  1.04896341e-02  3.88510364e+00
  2.96695922e+02] 3.885434581612246
[-3.09830938e+00  2.79974006e-01  8.44970779e-02  4.39579359e+00
  2.97993009e+02] 4.405510921226211
[-2.96810721e+00 -1.59420465e-04 -8.55031114e-02  3.99411445e+00
  2.96141918e+02] 3.995029540444384
[-3.02976753e+00 -6.66547512e-02  1.16124663e-01  4.28742832e+00
  2.99344325e+02] 4.289518548740573
[-2.97594106e+00  4.42797091e-02 -4.16166426e-02  4.13323001e+00
  2.97305024e+02] 4.133676686822276
[-3.05085903e+00 -1.65884605e-01  1.47799414e-02  3.76243045e+00
  2.95882338e+02] 3.7661145839508148
[-3.05576488e+00  8.71471827e-02  1.40178499e-02  4.27334597e+00
  2.97320834e+02] 4.27425746994198
[-3.09082499e+00  1.36210270e-01 -2.04438530e-01  4.00588517e+00
  2.96222996e+02] 4.0134105668555655
[-2.98556971e+00 -6.42828123e-02  2.11127593e-01  4.20615624e+00
  2.96329268e+02] 4.211942241289527
[-2.96100216e+00  8.10168240e-02  1.80921728e-01  4.01922019e+00
  2.97517673e+02] 4.024105778510721
[-2.98846787e+00 -2.71243871e-01 -4.39232021e-02  3.91399834e+00
  2.96977046e+02] 3.9236316702532887
[-2.98097150e+00  1.04939597e-01 -9.90341674e-02  4.24858796e+00
  2.96990956e+02] 4.251037488450843
[-3.04554287e+00 -2.27291477e-02  1.56787199e-01  4.13828327e+00
  2.99189484e+02] 4.141314681750717
[-3.08244949e+00  3.57741579e-01  4.01463967e-02  3.84589871e+00
  2.95559517e+02] 3.8627098894543703
[-3.01022130e+00 -1.01132278e-01 -1.23295201e-01  4.23752492e+00
  2.96413134e+02] 4.240524368889711
[-3.02906718e+00  2.03921009e-01  2.17844424e-02  4.21815599e+00
  2.98253197e+02] 4.223138438753394
[-3.02716596e+00 -1.57230764e-02  2.53720516e-02  3.91055759e+00
  2.97109254e+02] 3.9106715077413874
[-3.04934342e+00  8.93036054e-02  1.58530783e-01  4.12086687e+00
  2.97723559e+02] 4.124881927951024
[-3.08898785e+00 -1.09053442e-01 -1.31385675e-02  4.02449087e+00
  2.98119777e+02] 4.025989577298447
[-3.08059590e+00  2.33362953e-01 -2.92892364e-01  4.14381303e+00
  2.95852605e+02] 4.160700738000329
[-2.98416798e+00 -1.10380340e-02  2.98429429e-01  3.85770334e+00
  2.94909690e+02] 3.86924501649305
[-3.09929224e+00  3.17478043e-01 -7.90628259e-02  4.25684864e+00
  2.98046170e+02] 4.2694031879096555
[-3.06819369e+00  8.79573869e-02 -2.48830612e-02  4.02894528e+00
  2.95999866e+02] 4.029982104319948
[-2.95601983e+00  2.90880158e-01 -1.20129549e-01  4.18831654e+00
  2.98304263e+02] 4.200123547085027
[-3.00666185e+00  2.07386248e-01  6.38812497e-02  3.71662578e+00
  2.92426859e+02] 3.7229554233789743
[-3.01671695e+00 -5.20831529e-02  7.70926894e-02  4.23942115e+00
  2.97430148e+02] 4.240441910838494
[-3.04848469e+00 -1.24855535e-01  9.43377965e-02  3.93531446e+00
  2.98627529e+02] 3.93842460944597
[-3.01691013e+00 -4.82943601e-02  1.38523683e-01  4.29188868e+00
  2.96044371e+02] 4.294395134338793
[-3.01971774e+00 -2.36631427e-01  2.82685816e-01  4.08948365e+00
  2.97024873e+02] 4.106066513544164
[-3.02781832e+00  8.47004548e-02  1.38444586e-01  3.75156662e+00
  2.96277871e+02] 3.7550756513315053
[-2.98136421e+00 -1.27335848e-01 -9.01915935e-02  4.00800774e+00
  2.97081736e+02] 4.011044124812862
[-2.95605933e+00  2.56343459e-01 -2.84531503e-02  3.84039922e+00
  2.95109346e+02] 3.849050235408391
[-3.06145621e+00  7.01008045e-02  8.24962439e-02  4.40098206e+00
  2.97498308e+02] 4.402313350327564
[-2.98014313e+00 -2.71533514e-02  7.29573662e-02  3.65026896e+00
  2.95649903e+02] 3.651098951405476
[-3.00887610e+00  1.06531647e-01 -1.47527094e-01  4.35196372e+00
  3.00576703e+02] 4.355766455594554
[-3.02413970e+00  1.57268398e-02 -2.26828678e-01  4.10153804e+00
  2.97076750e+02] 4.107835543020376
[-2.95174569e+00 -2.05603738e-01 -2.70830501e-01  3.88244963e+00
  2.96827099e+02] 3.897311531296738
[-2.98986490e+00 -2.38306967e-01  1.15571666e-01  3.94957103e+00
  2.97635410e+02] 3.958441401441281
[-3.05675562e+00  8.66337421e-02 -2.83637951e-01  4.12872137e+00
  2.95897227e+02] 4.139359371325748
[-3.01672881e+00  3.20664962e-01 -8.10389361e-02  3.91176413e+00
  2.97973248e+02] 3.9257218403399015
[-3.13215377e+00  1.78265852e-01 -1.75461288e-01  4.24775117e+00
  2.95717275e+02] 4.255109322617195
[-3.00792444e+00  2.94002013e-01  4.79716317e-02  3.85806663e+00
  2.95678469e+02] 3.86954992391259
[-3.03435384e+00 -8.98944660e-03 -2.34111916e-01  4.18562012e+00
  2.98799782e+02] 4.192171866452055
[-2.98100301e+00 -2.12904400e-01 -1.86709484e-01  3.93965112e+00
  2.97541594e+02] 3.949815138780255
[-2.92336171e+00  3.66286964e-02  2.13278287e-01  3.99223387e+00
  2.96747606e+02] 3.998094611856656
[-2.96015263e+00  7.64620529e-02  6.00706167e-02  3.79245625e+00
  2.95959672e+02] 3.7937025935525592
[-3.11497490e+00  9.14401965e-02  1.49654902e-01  4.13232828e+00
  2.94871358e+02] 4.13604822289138
[-3.07689572e+00 -1.01517784e-01 -2.34550145e-01  3.89204650e+00
  2.94805633e+02] 3.900428897238935
[-3.00874386e+00 -1.47621916e-01 -2.42241477e-01  4.24584031e+00
  2.97549485e+02] 4.255306468494107
[-3.12233795e+00  1.82349216e-01 -5.46546443e-01  4.21246632e+00
  2.95501532e+02] 4.251686343259146
[-3.06232213e+00  9.65015237e-03 -1.49728780e-01  4.21416937e+00
  2.96892876e+02] 4.216839489385694
[-2.98782407e+00 -9.89811402e-02 -5.69019184e-02  4.31042482e+00
  2.99607390e+02] 4.311936596734105
[-3.01548672e+00 -2.47580148e-02  4.20234517e-01  4.08797233e+00
  2.98555994e+02] 4.1095897318988674
[-3.10738865e+00 -2.53913149e-01  1.42954101e-01  4.22782069e+00
  2.98080560e+02] 4.237850346725374
[-2.98254203e+00 -7.13751390e-02  1.52503635e-01  3.82373649e+00
  2.97114052e+02] 3.827442032760207
[-3.13763327e+00  1.57557621e-01  5.01316981e-01  4.29217339e+00
  2.96207943e+02] 4.324221960918534
[-3.06619761e+00  3.32943626e-02  7.94358135e-05  4.19993811e+00
  2.96303516e+02] 4.200070080627723
[-2.97786934e+00 -5.03595830e-02  1.01396817e-01  4.27433018e+00
  2.98000456e+02] 4.275829260768388
[-3.00120819e+00 -2.37515735e-01  3.45308348e-01  4.10837779e+00
  2.97863374e+02] 4.12969969924864
[-3.00649289e+00  1.94655513e-01  1.81729977e-01  3.93418593e+00
  2.97125775e+02] 3.9431884882446115
[-3.04365736e+00 -2.09518637e-01 -9.80319360e-02  4.08976618e+00
  2.97490664e+02] 4.096302690669741
[-3.07879680e+00 -6.36633038e-03 -2.79490395e-01  3.99599431e+00
  2.95820704e+02] 4.0057615948298375
[-2.98163256e+00  2.29216411e-01  1.14032723e-01  3.95719455e+00
  2.97615675e+02] 3.965467474827852
[-3.00947346e+00  3.10851990e-01  5.90683996e-02  3.89578382e+00
  2.97302068e+02] 3.9086122319688004
[-2.98183597e+00  1.86952130e-01  2.78184026e-01  3.79379315e+00
  2.96213678e+02] 3.808569794737485
[-3.00888694e+00  9.13279340e-04  1.44913790e-01  4.05280663e+00
  2.96746599e+02] 4.055396702808055
[-3.00663039e+00 -2.04856052e-01 -2.52082922e-02  4.04803453e+00
  2.97297527e+02] 4.0532931045826555
[-3.06419286e+00 -2.40883918e-01 -1.02921662e-01  4.25188857e+00
  2.97760587e+02] 4.259950035636298
[-3.05775552e+00  4.47184115e-01  8.57458822e-03  3.61540029e+00
  2.95010780e+02] 3.6429612148369923
[-2.96903071e+00 -7.51833694e-02 -1.99680968e-01  4.11233475e+00
  2.97348712e+02] 4.117866211432051
[-3.03693220e+00  4.96025579e-02  1.14200549e-01  4.29968530e+00
  2.97799660e+02] 4.301487628565597
[-3.03370007e+00  1.70424195e-01  2.58755119e-01  4.00518915e+00
  2.97266766e+02] 4.017155549685553
[-3.06849169e+00 -4.00043118e-03 -2.03919358e-01  4.24907245e+00
  2.98094951e+02] 4.2539647172187465
