/mnt/stage/douwei/Simulation/5kt_root/2MeV/5kt_-8.80_1.root
[-3.22295515e+00  4.55489969e-02 -2.18010635e-01 -8.82098059e+00
  3.26442206e+02] 8.823791809571302
[-3.14276530e+00  1.27038425e-01 -2.04175266e-01 -8.61121736e+00
  3.27088478e+02] 8.614574324677555
[-3.11233084e+00 -5.90195196e-02  1.36991525e-01 -8.74170165e+00
  3.29409086e+02] 8.742974192039041
[-3.18198422e+00 -1.71904655e-01  7.63037400e-02 -8.79067906e+00
  3.25148017e+02] 8.792690821969305
[-3.25624761e+00  4.14577433e-02 -2.29415887e-01 -9.12126016e+00
  3.31683151e+02] 9.124239000375061
[-3.18601880e+00  1.05227423e-01 -1.91564828e-01 -9.01360184e+00
  3.28884020e+02] 9.016251325108618
[-3.26361577e+00 -1.01845115e-02 -3.08803443e-02 -8.61554070e+00
  3.27190727e+02] 8.615602056807491
[-3.18179137e+00 -1.26504960e-01  9.90891316e-02 -8.67744768e+00
  3.27713675e+02] 8.678935445824003
[-3.24474125e+00 -1.26887598e-01  3.15202191e-01 -9.09751396e+00
  3.31594435e+02] 9.103857044184375
[-3.11844214e+00  1.69956775e-01 -2.11250435e-01 -8.72786440e+00
  3.28910169e+02] 8.732074727816434
[-3.11714660e+00 -8.45749016e-03 -3.61026508e-01 -8.64614194e+00
  3.28878455e+02] 8.653680269176995
[-3.15455779e+00 -2.38989331e-01 -1.30515918e-01 -8.74959920e+00
  3.27450100e+02] 8.753835528311704
[-3.19624666e+00  6.10839282e-02  3.68351072e-02 -8.96045192e+00
  3.30054534e+02] 8.960735834704764
[-3.22156678e+00 -2.51018913e-01 -1.30750890e-01 -8.84870220e+00
  3.27240957e+02] 8.853227485990072
[-3.17529518e+00  1.03546181e-01  1.01969830e-01 -9.01916406e+00
  3.30180164e+02] 9.02033480727085
[-3.13252794e+00 -2.68310330e-01 -2.53676459e-01 -8.78537872e+00
  3.29159921e+02] 8.793134900371355
[-3.15090458e+00  4.61190775e-01  1.40225244e-02 -8.80625771e+00
  3.30239732e+02] 8.818337055040619
[-3.16370346e+00 -4.35078655e-04  1.29049693e-01 -8.77395209e+00
  3.28882043e+02] 8.774901100601983
[-3.10469386e+00 -1.28726358e-02 -3.79582486e-02 -8.81822454e+00
  3.29896543e+02] 8.81831562791313
[-3.21730671e+00  1.94260644e-01 -4.03310983e-01 -8.86040927e+00
  3.30864851e+02] 8.871710625316078
[-3.07851714e+00 -1.87200214e-01  3.87819102e-02 -8.85056370e+00
  3.29462157e+02] 8.85262818621709
[-3.12032428e+00  4.18288849e-02 -3.52275643e-01 -8.99569942e+00
  3.32195002e+02] 9.002691586733434
[-3.16617492e+00 -3.19875252e-01 -1.53283436e-01 -8.75303176e+00
  3.26514149e+02] 8.760215808947489
[-3.13392835e+00  6.15001799e-02 -4.12813482e-02 -8.70340588e+00
  3.31641446e+02] 8.703721057743701
[-3.14488885e+00  2.71582837e-01  4.66987577e-02 -8.70008061e+00
  3.29416162e+02] 8.704443726861747
[-3.08984052e+00 -2.99051463e-01  1.58080608e-02 -8.76011788e+00
  3.28125699e+02] 8.765235133921625
[-3.17041778e+00  1.45731860e-01 -2.13477594e-01 -8.63005891e+00
  3.28451147e+02] 8.633928840911766
[-3.14717407e+00 -2.14050184e-01  2.61599877e-02 -8.77205560e+00
  3.28052319e+02] 8.774705767582287
[-3.10382591e+00  1.04683608e-01 -3.94671074e-01 -8.73671741e+00
  3.29816535e+02] 8.746253774714672
[-3.12549789e+00  2.22782489e-01  1.61480018e-01 -8.64242746e+00
  3.28138480e+02] 8.646806357494
[-3.12917388e+00 -1.15372585e-01 -3.84037537e-02 -9.00332369e+00
  3.30482453e+02] 9.004144771815486
[-3.13453710e+00 -2.82640234e-01 -2.73558829e-01 -8.89220764e+00
  3.29084051e+02] 8.900903139812943
[-3.13945632e+00  2.55565109e-01  9.42770319e-03 -8.85005398e+00
  3.27591389e+02] 8.853748235645263
[-3.20283269e+00 -2.71657355e-01 -8.45202808e-02 -8.78739111e+00
  3.26247386e+02] 8.791995443292205
[-3.22806919e+00  1.71776702e-01  7.03023254e-02 -8.83606273e+00
  3.27618187e+02] 8.838011896283831
[-3.19817414e+00 -1.10995348e-01 -1.06584573e-01 -8.73570640e+00
  3.28839382e+02] 8.737061667291766
[-3.28969725e+00 -1.42840337e-01  3.12330981e-01 -9.06270007e+00
  3.29627497e+02] 9.069205395049824
[-3.09222071e+00  2.27674904e-01  1.83567994e-02 -8.66809109e+00
  3.28983783e+02] 8.671100040370531
[-3.03685175e+00  4.42821184e-02 -3.58381263e-02 -8.98091720e+00
  3.29929707e+02] 8.981097876126332
[-3.21685891e+00 -2.66465759e-03  1.19450962e-01 -8.82015589e+00
  3.29415821e+02] 8.820965117658407
[-3.15226506e+00  2.83613651e-02  4.13936889e-02 -9.08908768e+00
  3.31002092e+02] 9.08922618998439
[-3.15895465e+00  1.47467707e-01 -1.86291637e-01 -8.86721841e+00
  3.28643788e+02] 8.870400987494907
[-3.19433431e+00  2.02898522e-02  1.08790027e-01 -8.82623250e+00
  3.26513072e+02] 8.826926256318092
[-3.18534643e+00 -1.98086970e-01  2.38635716e-01 -8.80454313e+00
  3.29416637e+02] 8.810003702432027
[-3.28244640e+00 -6.88880056e-02  8.22661722e-02 -9.17459989e+00
  3.31276615e+02] 9.175227318222564
[-3.15747833e+00 -1.96493630e-01  6.52050420e-02 -8.69895175e+00
  3.25910887e+02] 8.7014150003092
[-3.09375543e+00  1.14110514e-01 -1.28871937e-01 -8.64650300e+00
  3.28243896e+02] 8.648216190491809
[-3.19915188e+00 -3.78690730e-01 -1.62236418e-01 -8.94099776e+00
  3.28872707e+02] 8.950484247335604
[-3.20945596e+00  3.15238737e-01  1.63714937e-01 -8.93075710e+00
  3.28268556e+02] 8.937818551704154
[-3.20176934e+00  2.16176685e-01  2.31034637e-01 -8.84163894e+00
  3.28192186e+02] 8.847298373463229
[-3.16343335e+00  3.84221364e-03  8.51377562e-02 -8.94434307e+00
  3.28767870e+02] 8.944749080246838
[-3.14517339e+00  5.93807563e-02  3.70895880e-01 -9.01856168e+00
  3.32075929e+02] 9.026380484695522
[-3.17090997e+00 -2.02332527e-04  6.92848848e-02 -8.72800188e+00
  3.27598615e+02] 8.728276877043747
[-3.14572273e+00  1.18116615e-01  1.09584123e-02 -8.86331822e+00
  3.30901579e+02] 8.864111998976792
[-3.20269620e+00 -2.33493191e-02  1.94874572e-01 -9.01256339e+00
  3.29664334e+02] 9.014700225311753
[-3.19750737e+00  2.39186624e-02  7.74522024e-02 -8.97537835e+00
  3.30578731e+02] 8.975744393912173
[-3.23183999e+00  7.58038798e-02  1.27700910e-01 -9.29142437e+00
  3.32269336e+02] 9.29261106987767
[-3.24334803e+00  2.92688325e-01  2.16692769e-01 -8.96455925e+00
  3.30768163e+02] 8.971953227531396
[-3.17666750e+00 -2.07788391e-01  1.59479974e-01 -9.18303578e+00
  3.32011511e+02] 9.18677071019552
[-3.15913773e+00  1.76751781e-01  1.81294541e-01 -8.86898917e+00
  3.29949245e+02] 8.872602654332693
[-3.17764220e+00  3.13451511e-01  4.15629166e-02 -8.99863507e+00
  3.30236812e+02] 9.004188609671788
[-3.16077361e+00 -1.15994192e-01  1.88338681e-01 -8.88926297e+00
  3.31499095e+02] 8.892014526794227
[-3.10870659e+00  1.96694686e-01  5.43073388e-02 -9.00577504e+00
  3.29092390e+02] 9.008086489193987
[-3.19626191e+00  7.94756688e-02  3.82056363e-01 -9.04077372e+00
  3.30060181e+02] 9.049191834179004
[-3.14114847e+00 -1.44463128e-01  1.93140612e-01 -8.87065033e+00
  3.29380097e+02] 8.873928680744084
[-3.16086360e+00 -5.50312326e-02 -2.85377166e-01 -8.84506381e+00
  3.29543943e+02] 8.849837423454952
[-3.23739319e+00  1.76618892e-01 -4.91332500e-02 -8.99225352e+00
  3.29181557e+02] 8.9941220618206
[-3.14318644e+00  2.52726383e-01 -1.87224540e-01 -8.74319003e+00
  3.28421550e+02] 8.748845379769197
[-3.22948055e+00 -2.61379793e-01  1.63001039e-01 -9.01026861e+00
  3.29493002e+02] 9.015532657503048
[-3.17044552e+00 -1.29361736e-01  2.89648808e-01 -9.02198654e+00
  3.28483900e+02] 9.02756180300947
[-3.18583974e+00  1.35581233e-01 -3.47596925e-01 -8.89665912e+00
  3.30376364e+02] 8.904479172085852
[-3.11142691e+00 -2.89221161e-02  2.83800099e-01 -8.68630542e+00
  3.30422330e+02] 8.690988488451987
[-3.19730225e+00  6.72636191e-02 -2.59114771e-01 -8.85800888e+00
  3.30238510e+02] 8.862053163048563
[-3.18935033e+00 -6.75284234e-02 -6.51267316e-02 -8.63230981e+00
  3.29212278e+02] 8.632819603476364
[-3.25752010e+00  2.97958253e-01 -2.74003459e-03 -8.94669029e+00
  3.28735291e+02] 8.951650896755087
[-3.08707925e+00  1.37977522e-02 -1.20350095e-01 -8.73209029e+00
  3.29235616e+02] 8.732930511967266
[-3.10342005e+00  1.67570989e-01  2.58815814e-01 -8.65340260e+00
  3.28821455e+02] 8.658893819836297
[-3.18221682e+00  5.37536087e-02  3.96681056e-02 -8.92739221e+00
  3.28095876e+02] 8.927642170002883
[-3.22830254e+00 -3.05134448e-01 -1.13232065e-01 -9.04118633e+00
  3.31820827e+02] 9.047042540072223
[-3.11455331e+00 -4.62779924e-02  2.39581848e-02 -8.66512148e+00
  3.29235793e+02] 8.665278173480818
[-3.21724946e+00  1.68598313e-01  3.01633718e-02 -9.14049353e+00
  3.30029301e+02] 9.142098074765137
[-3.17422040e+00 -1.38228355e-01  6.03021079e-02 -8.81009674e+00
  3.30648848e+02] 8.811387405190862
[-3.13846778e+00 -1.21255986e-01 -2.85772906e-02 -8.92554117e+00
  3.28486002e+02] 8.926410525155871
[-3.16888088e+00  3.37015636e-02  1.33144492e-02 -8.83587819e+00
  3.26970234e+02] 8.835952489232726
[-3.30509473e+00  5.34373354e-02 -1.03075685e-01 -8.90722126e+00
  3.27807193e+02] 8.907977924655023
[-3.24657844e+00  6.66477678e-02 -1.64664081e-01 -8.79741834e+00
  3.27807618e+02] 8.799211644369558
[-3.10491077e+00  2.12386533e-01 -8.16151744e-02 -8.94010594e+00
  3.29818088e+02] 8.94300079441675
[-3.27979628e+00  1.66730284e-01 -9.21915376e-02 -8.92598513e+00
  3.27673991e+02] 8.928018194573974
[-3.15206301e+00  2.14592529e-04  9.17081950e-02 -8.57143884e+00
  3.27904524e+02] 8.571929432601396
[-3.12704080e+00 -1.39809241e-01 -5.37887013e-03 -8.79060359e+00
  3.28785513e+02] 8.791716959301949
[-3.22795789e+00  9.21070819e-02 -8.60639820e-02 -9.11010520e+00
  3.32768539e+02] 9.110977302765168
[-3.25493134e+00 -2.24415980e-01  5.45862135e-02 -8.89466699e+00
  3.28820174e+02] 8.897665036577493
[-3.21007740e+00  1.93374885e-01  2.49117589e-01 -9.27359784e+00
  3.29775104e+02] 9.278958476288249
[-3.14919053e+00 -1.01648630e-01 -2.87287532e-01 -8.79294902e+00
  3.28975140e+02] 8.798228180982305
[-3.19724776e+00 -2.06336515e-01  3.93046665e-02 -9.08063145e+00
  3.30799567e+02] 9.083060447935164
[-3.26659606e+00  3.65049534e-02 -2.33954914e-01 -8.47476590e+00
  3.24243962e+02] 8.478073165466128
[-3.25157900e+00  2.63060597e-01  1.41466968e-01 -9.18000033e+00
  3.31693762e+02] 9.184858179634872
[-3.21876558e+00  2.23107351e-01 -3.89347001e-01 -9.10395844e+00
  3.29405205e+02] 9.11501109112265
[-3.17093429e+00 -7.18809893e-02  2.57864076e-01 -8.61354449e+00
  3.28732044e+02] 8.617703260322838
[-3.12553726e+00  2.56619368e-01  9.24441516e-02 -8.79078474e+00
  3.27256060e+02] 8.795015395882222
[-3.11953539e+00  3.77991487e-02 -7.10835276e-02 -8.72400162e+00
  3.28818936e+02] 8.72437309302731
[-3.14349105e+00 -4.09410198e-01 -1.39466232e-01 -8.80587642e+00
  3.30190729e+02] 8.816491765486731
[-3.14817020e+00 -2.54026428e-01  5.46630887e-02 -8.73938206e+00
  3.29754439e+02] 8.743244033122089
[-3.19141563e+00 -9.18310216e-03 -6.86165086e-02 -8.85911928e+00
  3.30480470e+02] 8.859389761291052
[-3.15516410e+00  2.18418780e-01 -2.35201180e-01 -8.86274370e+00
  3.28827918e+02] 8.868554128171366
[-3.21301808e+00  5.39987947e-02  4.06715349e-01 -8.87992205e+00
  3.30193525e+02] 8.889395304297935
[-3.24199610e+00 -1.02302016e-01 -5.79744603e-02 -8.88532661e+00
  3.26845228e+02] 8.886104644685307
[-3.24171371e+00 -1.57757929e-02 -4.06102686e-02 -8.71816358e+00
  3.27595961e+02] 8.71827244117203
[-3.18002351e+00  1.28528055e-01  1.44961663e-01 -8.70036397e+00
  3.27858929e+02] 8.702520701430965
[-3.19437909e+00  9.64445766e-02 -2.24929395e-02 -9.11470329e+00
  3.29149501e+02] 9.115241282673761
[-3.23570123e+00 -5.12713002e-02 -2.38413288e-01 -9.06269390e+00
  3.29471136e+02] 9.065974321240581
[-3.17532639e+00 -1.80250731e-01  5.82800252e-02 -8.77832748e+00
  3.26991422e+02] 8.780371307000976
[-3.16973220e+00  1.48874305e-01 -5.19751285e-02 -9.03924065e+00
  3.30002774e+02] 9.040615933310088
[-3.15693918e+00  1.19256608e-02  2.99739656e-03 -9.14443917e+00
  3.31237479e+02] 9.144447440117965
[-3.18852564e+00 -1.62958741e-01 -9.62575037e-02 -8.97814744e+00
  3.28984938e+02] 8.980142120935206
[-3.15380393e+00 -4.99461691e-02 -6.71999852e-02 -9.23277736e+00
  3.31701203e+02] 9.23315699863334
[-3.21917421e+00 -2.76107857e-01 -2.24534712e-01 -8.67958994e+00
  3.24043680e+02] 8.686882807543713
[-3.10591314e+00  2.50600037e-02  1.27866164e-01 -8.66665282e+00
  3.26799102e+02] 8.667632248949008
[-3.11415504e+00 -8.35089738e-02 -2.20545827e-01 -8.96755723e+00
  3.30054011e+02] 8.970657548188182
[-3.17058756e+00  2.63414472e-01  4.06421017e-02 -8.98212264e+00
  3.30417167e+02] 8.986076234420809
[-3.10916193e+00 -2.71103258e-01  8.84945759e-02 -8.49120213e+00
  3.24911116e+02] 8.49598974962724
[-3.20077315e+00  8.68709772e-02 -8.43058782e-02 -9.12382777e+00
  3.32873374e+02] 9.124630800430449
[-3.17065534e+00  2.03557968e-02 -2.22537836e-01 -8.78838337e+00
  3.27705022e+02] 8.791224015936896
[-3.23838833e+00  1.91887674e-01  1.06504093e-01 -8.81740881e+00
  3.27197178e+02] 8.82013957084522
[-3.16880041e+00  1.83652759e-01  2.28634677e-01 -9.08903843e+00
  3.29392700e+02] 9.0937682888388
[-3.16401068e+00  2.40074349e-01  6.38933690e-02 -8.70929621e+00
  3.27533845e+02] 8.712838721847367
[-3.15056536e+00  1.00682682e-01  4.95891808e-02 -8.89917186e+00
  3.30025222e+02] 8.899879542895034
[-3.17144771e+00 -8.46812829e-02 -6.81333815e-03 -9.08187201e+00
  3.30700527e+02] 9.082269349571083
[-3.18540853e+00 -1.00674385e-01  1.88365832e-01 -9.05023844e+00
  3.30430627e+02] 9.052758302630526
[-3.28238931e+00 -9.07200185e-02  2.31227781e-01 -8.78468235e+00
  3.26832211e+02] 8.788193235701215
[-3.10722158e+00  9.80015348e-02 -5.49535833e-02 -8.72382357e+00
  3.27024034e+02] 8.724547087779714
[-3.13196962e+00 -3.99418068e-02  1.25146694e-01 -9.03626063e+00
  3.30011426e+02] 9.03721545486584
[-3.12123466e+00 -2.04479781e-03  4.63104260e-02 -9.07458944e+00
  3.32037137e+02] 9.07470783372802
[-3.26551684e+00 -7.76503929e-03  1.25586348e-01 -9.04532956e+00
  3.28697181e+02] 9.04620467335767
[-3.22701583e+00 -1.89272534e-01 -9.65937412e-03 -8.96154628e+00
  3.27927437e+02] 8.963550029851836
[-3.15876428e+00  1.21595396e-01 -1.20447764e-01 -8.82337329e+00
  3.28056975e+02] 8.825033103867298
[-3.21758576e+00  4.48401658e-02  1.70197683e-02 -9.03371426e+00
  3.27475018e+02] 9.033841579035801
[-3.14645354e+00  9.30269285e-02  2.05201002e-01 -8.95451961e+00
  3.29102646e+02] 8.957353569943937
[-3.19462851e+00 -8.54708543e-02  1.25999832e-01 -9.05085469e+00
  3.30752657e+02] 9.052135207013034
[-3.11409986e+00 -3.87218249e-02  6.88222271e-02 -8.72234427e+00
  3.29391002e+02] 8.722701729366984
[-3.14820798e+00 -1.74817252e-01 -2.07154782e-01 -8.95281241e+00
  3.30855667e+02] 8.956914884990754
[-3.17160563e+00  1.24660534e-01  1.60045782e-01 -8.64576932e+00
  3.24732213e+02] 8.648149050741507
[-3.24945801e+00 -9.26917816e-02  2.62271429e-02 -9.06668052e+00
  3.29756250e+02] 9.067192250890004
[-3.16969915e+00 -4.88988341e-03  2.07862967e-01 -9.08053997e+00
  3.28940776e+02] 9.082920074954357
[-3.16813004e+00  2.52237416e-01  2.10618583e-01 -8.86435172e+00
  3.25626704e+02] 8.87044053626914
[-3.14289097e+00 -2.08419545e-01  9.80704296e-02 -8.80641752e+00
  3.27482036e+02] 8.809429387832738
[-3.15892775e+00 -2.69261964e-01 -1.40197975e-02 -8.95178853e+00
  3.29739317e+02] 8.955848173728285
[-3.04512044e+00  2.84048532e-01 -1.24093112e-01 -8.80578897e+00
  3.29364843e+02] 8.811242937459179
[-3.20022864e+00 -1.96034602e-01 -4.96575737e-02 -9.13829363e+00
  3.31249896e+02] 9.140530943526354
[-3.23516760e+00 -1.00077395e-01 -5.48831072e-01 -8.92713043e+00
  3.27471248e+02] 8.944545193554706
[-3.22252454e+00 -1.60190177e-01 -1.92695570e-01 -9.08867556e+00
  3.32245206e+02] 9.092129339273933
[-3.15281049e+00  2.53394038e-01  1.04183102e-01 -9.04941721e+00
  3.30728776e+02] 9.053563632877594
[-3.20735141e+00 -5.91646801e-02 -8.38420911e-02 -8.93500438e+00
  3.28539318e+02] 8.935593616432008
[-3.18147754e+00  4.00661069e-02  1.88878521e-01 -8.98222571e+00
  3.29654410e+02] 8.984300697696264
[-3.22561425e+00 -1.46154160e-01 -1.56850878e-01 -8.80630369e+00
  3.28766456e+02] 8.808912984653793
[-3.15289089e+00  4.20043665e-02  2.71381426e-02 -8.58139480e+00
  3.25599804e+02] 8.581540508255571
[-3.11406126e+00 -1.04344910e-01 -2.48578291e-01 -8.88356395e+00
  3.29976120e+02] 8.887653650145955
[-3.07524727e+00 -1.65658144e-01 -1.87435772e-01 -8.81045852e+00
  3.29324846e+02] 8.8140089724785
[-3.19300792e+00 -1.61226972e-01  1.43768127e-01 -9.11807542e+00
  3.30001829e+02] 9.120633897159236
[-3.13752859e+00 -2.55985669e-02  1.40078652e-01 -8.95605514e+00
  3.28168414e+02] 8.957187108898344
[-3.22237157e+00 -1.16041947e-02 -1.04053403e-01 -9.15729381e+00
  3.31361884e+02] 9.157892313891814
[-3.10583491e+00  1.48677189e-01  2.15932580e-01 -8.60017498e+00
  3.26777771e+02] 8.604170008895483
[-3.15704057e+00  2.30078493e-01  7.64017224e-02 -8.84474351e+00
  3.29405522e+02] 8.848065384005949
[-3.16164680e+00 -6.95342911e-03  1.90990723e-02 -9.11571189e+00
  3.31798523e+02] 9.115734549046552
[-3.12712737e+00  5.86761184e-02 -3.54546962e-01 -8.84799012e+00
  3.26622563e+02] 8.855285176084413
[-3.12756142e+00 -1.88977610e-01 -2.15667000e-01 -8.95978865e+00
  3.30234307e+02] 8.9643760253797
[-3.21091389e+00 -1.93162332e-01 -1.09699349e-01 -9.06436973e+00
  3.28983458e+02] 9.06709128208545
[-3.07487307e+00 -2.27147622e-02  1.58046025e-01 -8.31889567e+00
  3.27109746e+02] 8.320427851757536
[-3.18026224e+00  4.12269858e-02  2.97763317e-01 -8.78941224e+00
  3.29584123e+02] 8.794551160860127
[-3.17859459e+00 -9.28248538e-02 -1.60165738e-01 -8.59402660e+00
  3.26837105e+02] 8.596020170927103
[-3.13841982e+00  1.78716645e-01  2.85060572e-01 -9.02405450e+00
  3.31276048e+02] 9.030324403378609
[-3.11964764e+00 -2.97724612e-01 -1.49827312e-01 -8.76082416e+00
  3.30048808e+02] 8.767161920663705
[-3.22593634e+00 -1.16190775e-01 -1.05487762e-01 -8.88087991e+00
  3.29624919e+02] 8.88226636974744
[-3.18532949e+00 -6.52636791e-02  2.38313328e-01 -9.22170502e+00
  3.32574557e+02] 9.225014688945096
[-3.17727803e+00 -7.92565204e-02 -3.61342494e-02 -9.17233236e+00
  3.32560873e+02] 9.172745946482
[-3.16224863e+00  1.90576266e-01 -1.02645529e-02 -8.71210191e+00
  3.26299156e+02] 8.714192125711993
[-3.10485488e+00 -5.97808682e-02  8.22270103e-02 -8.52899813e+00
  3.27331519e+02] 8.529603979908034
[-3.18142450e+00  6.23270242e-02  2.94824114e-02 -9.00532137e+00
  3.30523422e+02] 9.005585318904991
[-3.13718574e+00 -2.68923243e-01  1.10767723e-01 -8.86452181e+00
  3.30538017e+02] 8.869291748364253
[-3.13223175e+00  9.32748867e-02  1.55510904e-02 -8.97755083e+00
  3.31931010e+02] 8.978048838767123
[-3.06884560e+00 -2.65748511e-01 -1.14811067e-01 -8.69375991e+00
  3.28105167e+02] 8.69857834556106
[-3.18068589e+00  2.40847943e-02  7.79476189e-02 -8.79907271e+00
  3.26506988e+02] 8.799450920487672
[-3.18904690e+00 -6.62222134e-02 -2.71186776e-01 -8.93780495e+00
  3.29572741e+02] 8.942163328467124
[-3.17304405e+00  3.41772885e-01 -9.01803191e-03 -8.98691075e+00
  3.27860651e+02] 8.993411751832143
[-3.15693762e+00 -1.55569773e-01  1.91163172e-01 -8.90769161e+00
  3.30388743e+02] 8.911100663900896
[-3.17859056e+00  4.09767846e-01  3.10203905e-01 -8.93538596e+00
  3.31534281e+02] 8.950154095787092
[-3.22096448e+00  2.23546506e-01  1.45240780e-01 -8.63381480e+00
  3.26680673e+02] 8.637929492969885
[-3.18993358e+00 -6.48168544e-02  4.61858863e-02 -8.54815228e+00
  3.25171814e+02] 8.548522782508456
[-3.18841681e+00  2.95517957e-01 -7.09849015e-02 -8.81881813e+00
  3.26436287e+02] 8.824053653821863
[-3.12286091e+00 -1.52993535e-01 -2.61280500e-01 -8.86231381e+00
  3.28857633e+02] 8.867484454701223
[-3.12269089e+00 -4.43895298e-02 -1.21350825e-01 -8.52722962e+00
  3.25592776e+02] 8.528208567203649
[-3.21496329e+00 -2.17743452e-01  2.37596291e-01 -9.08716769e+00
  3.31847995e+02] 9.09288078098676
[-3.18378458e+00 -2.09974223e-01  2.84542804e-01 -8.65017471e+00
  3.27220643e+02] 8.657400084897212
[-3.13292124e+00 -5.99954720e-02  1.23249852e-03 -8.83989500e+00
  3.29108999e+02] 8.840098672034404
[-3.27070384e+00  7.62953433e-02  6.67505447e-03 -8.86869014e+00
  3.27227979e+02] 8.869020823468817
[-3.16384880e+00  1.25614885e-01 -5.24339585e-02 -9.18306930e+00
  3.29289524e+02] 9.184078083747442
[-3.21603674e+00  3.13851075e-02 -2.27363982e-03 -8.81117385e+00
  3.28187400e+02] 8.811230041588828
[-3.24427271e+00 -3.72491300e-02  1.33109106e-01 -8.79444907e+00
  3.28085797e+02] 8.795535226405073
[-3.19868867e+00 -2.65450167e-02  2.55142616e-01 -8.91917626e+00
  3.28837015e+02] 8.922864308721065
[-3.21495326e+00 -1.79852936e-01 -1.61507072e-01 -8.86377092e+00
  3.27529622e+02] 8.867066401785355
[-3.21261162e+00 -1.65718112e-01  8.70697704e-02 -8.92803360e+00
  3.30122716e+02] 8.929995950929449
[-3.11157651e+00  9.39338044e-02  2.32235383e-02 -9.00078292e+00
  3.29619206e+02] 9.001303020004508
[-3.20013583e+00  2.02563367e-01 -1.34346890e-01 -8.84730410e+00
  3.27575498e+02] 8.850642393044566
[-3.18012610e+00  2.94037521e-01  2.79549303e-01 -8.69449379e+00
  3.28013872e+02] 8.703954740042997
[-3.14985570e+00  2.75503307e-01  4.36039804e-03 -9.07752348e+00
  3.30921734e+02] 9.08170433917276
[-3.15247922e+00 -7.92272796e-02  2.64739055e-01 -8.65994025e+00
  3.28975775e+02] 8.664348153392654
[-3.18095156e+00 -2.22496838e-01  1.43610062e-01 -8.95264415e+00
  3.30767338e+02] 8.956559936694008
[-3.20315524e+00 -2.38834726e-01  9.86963034e-02 -8.65530570e+00
  3.24873257e+02] 8.659162765469063
[-3.28585036e+00 -1.62800584e-01 -1.52680892e-01 -8.99655396e+00
  3.29310273e+02] 8.999322118274808
[-3.18184042e+00 -1.14486767e-01  1.44743425e-01 -9.09554474e+00
  3.31154199e+02] 9.097416774217313
[-3.12664762e+00 -6.34088953e-02  1.78472340e-01 -8.86853801e+00
  3.27455650e+02] 8.870560265918876
[-3.20469695e+00  9.20499724e-02 -5.87415091e-02 -9.03765045e+00
  3.27287388e+02] 9.038310095489773
[-3.15681629e+00  2.26415521e-01 -2.41145541e-01 -8.57747129e+00
  3.29031893e+02] 8.583846970812292
[-3.15019347e+00 -3.15968200e-01 -4.42272209e-03 -8.97476918e+00
  3.29913650e+02] 8.980330573951196
[-3.24669810e+00  3.78657754e-02 -2.22357579e-02 -9.03464510e+00
  3.30099807e+02] 9.034751810464206
[-3.11128148e+00  9.22821133e-02 -1.12386123e-01 -8.72978574e+00
  3.28563404e+02] 8.730996832364355
[-3.22520381e+00 -4.24035415e-02  2.86739029e-02 -8.94190727e+00
  3.31422888e+02] 8.942053786013695
[-3.20611184e+00 -8.29614771e-02 -3.03294821e-02 -8.80772549e+00
  3.25151430e+02] 8.808168417790903
[-3.18122455e+00 -3.92884886e-01 -2.32336993e-01 -8.77171469e+00
  3.27127379e+02] 8.783582278398956
[-3.18542261e+00  1.03020820e-01 -6.79158857e-02 -8.94257705e+00
  3.29720921e+02] 8.943428318127433
[-3.17214577e+00 -1.51310534e-01  4.74108264e-02 -9.02466694e+00
  3.30341669e+02] 9.026059830427373
[-3.22168109e+00  1.53069126e-01 -1.88241973e-01 -9.10145093e+00
  3.31917992e+02] 9.104684187914193
[-3.24788778e+00 -9.90716738e-02  2.07874164e-02 -8.76682661e+00
  3.25495521e+02] 8.767411023026693
[-3.16931032e+00 -1.70720337e-01  1.30737802e-01 -8.75077931e+00
  3.28863038e+02] 8.753420835025121
[-3.13293896e+00  1.64820461e-01 -1.05088118e-01 -8.73243120e+00
  3.27249139e+02] 8.734618711037108
[-3.19567858e+00 -7.94692550e-03 -1.26011979e-01 -8.99752055e+00
  3.30721727e+02] 8.998406422595561
[-3.17589655e+00  9.14839481e-02  2.65513219e-01 -8.91414607e+00
  3.27696467e+02] 8.91856864481496
[-3.19061410e+00 -1.19675377e-01 -1.07720633e-01 -8.98119856e+00
  3.29751399e+02] 8.982641792648762
[-3.12966567e+00  3.55957480e-02  1.65759264e-01 -8.90456407e+00
  3.28289402e+02] 8.906177883986066
[-3.15355394e+00 -3.02839143e-02 -7.98988352e-02 -9.08303050e+00
  3.30806985e+02] 9.083432392083878
[-3.21293299e+00 -6.91135665e-02  2.82588328e-01 -8.92887901e+00
  3.28509732e+02] 8.933617032776212
[-3.22772120e+00  1.82925316e-01  7.93839829e-02 -8.76193220e+00
  3.27657816e+02] 8.764201010113341
[-3.22912519e+00 -5.68031605e-02 -6.18094578e-02 -9.01099754e+00
  3.30375994e+02] 9.011388554028107
[-3.11650528e+00 -3.85169875e-02 -6.38574210e-02 -8.89562132e+00
  3.27387815e+02] 8.895933899231673
[-3.19888970e+00  1.22826497e-01 -5.15213204e-02 -8.72188165e+00
  3.28562250e+02] 8.72289862026146
[-3.14740732e+00  2.55714568e-01  5.58276993e-02 -8.83757680e+00
  3.31039178e+02] 8.841451820981431
[-3.19673161e+00  8.35726952e-03 -1.52392689e-01 -8.85378306e+00
  3.30904271e+02] 8.85509840595384
[-3.19993550e+00  2.18511393e-02  1.43147881e-01 -9.00315784e+00
  3.28773413e+02] 9.00432229374369
[-3.23009511e+00  2.96904588e-01 -2.53412119e-01 -8.89921519e+00
  3.28755669e+02] 8.907771941819982
[-3.20455290e+00  2.14274087e-03  2.27757613e-01 -9.16633240e+00
  3.30027282e+02] 9.169161783992788
[-3.16759045e+00  3.30988768e-02  2.02764160e-01 -8.99142531e+00
  3.29563595e+02] 8.993772179525592
[ -3.21735251   0.35802827   0.33866445  -9.12978398 331.28748751] 9.143075708316186
[-3.14425422e+00 -1.55606779e-01  1.62161218e-01 -8.82256172e+00
  3.30460109e+02] 8.825423790735151
[-3.22119804e+00 -6.28848784e-02 -4.32192906e-02 -9.18846690e+00
  3.30375425e+02] 9.18878373036083
[-3.16652130e+00  5.42739921e-02  2.50503395e-01 -9.10608366e+00
  3.31387509e+02] 9.109690289756955
[-3.16496821e+00 -1.32138269e-01  4.99618337e-02 -8.78881760e+00
  3.29035136e+02] 8.78995287154811
[-3.19121363e+00  1.48319524e-01 -9.72294858e-02 -9.03206499e+00
  3.29607825e+02] 9.033805963205685
[-3.20574478e+00 -3.95874569e-02  3.26222408e-01 -8.88798091e+00
  3.28199363e+02] 8.894053788718795
[-3.13037819e+00 -2.04514738e-01  2.99317300e-01 -9.05221602e+00
  3.31186290e+02] 9.05947194550559
[-3.19948297e+00  2.72644308e-02 -1.95952770e-01 -8.93011306e+00
  3.29778469e+02] 8.932304304069397
[-3.25651727e+00 -2.04283586e-01  1.62422310e-01 -8.84140424e+00
  3.26625291e+02] 8.845255324731708
[-3.12016858e+00  2.52674827e-01  1.11046267e-01 -8.81103591e+00
  3.29199632e+02] 8.815357601291959
[-3.15220092e+00 -1.19995494e-01  9.24923151e-02 -8.68138154e+00
  3.27775963e+02] 8.68270344906461
[-3.10370630e+00 -6.23071638e-02  2.97871225e-01 -8.57354935e+00
  3.26388918e+02] 8.578948535255519
[-3.11464953e+00  1.83439918e-01 -2.43826491e-01 -9.01206588e+00
  3.31031821e+02] 9.017229783386322
[-3.19204250e+00  2.94557567e-02 -2.12149717e-01 -8.84191473e+00
  3.27736804e+02] 8.844508538097935
[ -3.20684639  -0.43443408   0.33223565  -8.70818111 328.17118928] 8.725338486701302
[-3.25303737e+00  2.11747533e-01 -1.39203868e-02 -9.06046685e+00
  3.28116787e+02] 9.06295152264279
[-3.17851395e+00 -2.56194447e-01  1.35387951e-01 -9.01011383e+00
  3.30275962e+02] 9.014772138721478
[-3.12419060e+00  3.60623888e-01 -2.49221650e-01 -8.85145137e+00
  3.28931446e+02] 8.862299497864866
[-3.20902542e+00 -1.04632908e-01  1.31419005e-01 -8.88606681e+00
  3.26282205e+02] 8.887654494289265
[-3.16675322e+00 -2.01009500e-01 -6.97343554e-02 -8.69868152e+00
  3.25706180e+02] 8.70128311912384
[-3.11057816e+00  1.99087081e-01  2.08973716e-01 -8.69708712e+00
  3.28417495e+02] 8.701875088772862
[-3.14810603e+00 -1.58672955e-01 -2.06964041e-01 -9.07824445e+00
  3.30294812e+02] 9.081989513237431
[-3.20647557e+00 -1.65046084e-01 -1.36412170e-01 -9.16749184e+00
  3.31004266e+02] 9.169992098249896
[-3.20704684e+00  3.28425672e-01  1.96489778e-01 -9.10236082e+00
  3.30767852e+02] 9.110403069291229
[-3.25031770e+00 -3.77380200e-01 -4.15198332e-02 -8.95253649e+00
  3.30821181e+02] 8.960583089810179
[-3.14266457e+00 -8.88350448e-02 -3.78845203e-03 -8.67780130e+00
  3.27302286e+02] 8.678256822071994
[-3.16252628e+00  1.22997767e-01 -1.34314579e-02 -8.93304539e+00
  3.30297701e+02] 8.933902214352054
[-3.11178790e+00 -2.65648854e-01  4.90319978e-02 -8.89785529e+00
  3.30107209e+02] 8.901954965533818
[-3.20285291e+00  2.16148225e-01 -8.32474892e-02 -8.96897354e+00
  3.31871325e+02] 8.971963922442844
[-3.21078593e+00  8.82795757e-02 -3.74466747e-01 -8.85468380e+00
  3.28814615e+02] 8.863038071541931
[-3.18330870e+00  4.91717298e-02  8.34284925e-02 -8.80760392e+00
  3.28025551e+02] 8.80813629485905
[-3.08938723e+00  2.67122030e-01 -1.06681002e-01 -8.81584003e+00
  3.31285309e+02] 8.820531190893423
[-3.25888143e+00  9.75253554e-03  3.93494280e-01 -8.72062116e+00
  3.26903402e+02] 8.729499771311687
[-3.06102583e+00 -9.41322218e-02 -8.61242620e-02 -8.78377879e+00
  3.29731663e+02] 8.784705346085074
[-3.18752279e+00 -1.50126471e-01 -1.29126831e-02 -9.22837850e+00
  3.33515652e+02] 9.229608573279512
[-3.23309397e+00 -1.32745682e-01 -2.13810122e-01 -8.84738994e+00
  3.30020445e+02] 8.850968586535194
[-3.09354731e+00 -9.05324812e-02 -9.97653367e-02 -8.78756648e+00
  3.27969333e+02] 8.788599084425112
[-3.09402462e+00  2.03975465e-01 -7.85941204e-02 -8.56578988e+00
  3.27515201e+02] 8.568578607586014
[-3.19114733e+00  4.46631359e-02 -2.29324759e-01 -8.78624447e+00
  3.29040663e+02] 8.789350173995091
[-3.24957123e+00 -1.59242413e-01  4.20411322e-01 -8.89376208e+00
  3.29523196e+02] 8.905116940725112
[-3.12410029e+00  1.02831442e-01 -8.03885664e-02 -9.22994853e+00
  3.32336868e+02] 9.230871385257604
[-3.17580325e+00  8.83254593e-02 -1.48751491e-01 -8.80636586e+00
  3.28717670e+02] 8.80806494250107
[-3.25403863e+00 -8.73276935e-02  6.25702734e-02 -8.98069148e+00
  3.27280627e+02] 8.981334009782934
[-3.17913333e+00 -1.36186857e-01 -1.54387940e-01 -8.75662701e+00
  3.27577272e+02] 8.759046703440145
[-3.16620316e+00  1.06647802e-01 -6.60097240e-02 -8.89025552e+00
  3.31207778e+02] 8.891140215015467
[-3.17187198e+00 -2.23232502e-01 -2.73208312e-01 -8.88590786e+00
  3.31305413e+02] 8.892909200801776
[-3.19635398e+00  2.28672348e-02  4.22255346e-01 -8.97405197e+00
  3.30948311e+02] 8.984009752014726
[-3.24782754e+00  1.24829292e-02 -1.31971478e-01 -8.83665416e+00
  3.27360879e+02] 8.837648391621313
[-3.15921826e+00 -8.30641857e-02  1.72021168e-02 -9.17106959e+00
  3.32267432e+02] 9.171461881577072
[-3.11110033e+00  1.23466414e-01  9.67858720e-02 -8.85132517e+00
  3.30352692e+02] 8.852715332411623
[-3.11133963e+00  2.95570511e-01  1.32916945e-01 -8.84982438e+00
  3.28496738e+02] 8.855756341123591
[-3.17629919e+00  5.93181176e-02 -1.47766969e-01 -8.74632406e+00
  3.29187617e+02] 8.747773336637264
[-3.20081811e+00 -2.15259191e-01  5.04973809e-02 -8.62878715e+00
  3.28412653e+02] 8.631619443311088
[-3.10313273e+00  1.28015295e-01 -1.60832631e-01 -9.02053995e+00
  3.31698604e+02] 9.022881808275324
[-3.16258778e+00  2.53100778e-02  3.51691595e-01 -8.77626557e+00
  3.30083110e+02] 8.783345887713484
[-3.15305763e+00 -8.18448182e-02 -1.57518910e-01 -8.99130306e+00
  3.30565744e+02] 8.993055179610073
[-3.07779018e+00 -1.55482611e-02 -1.51493781e-02 -8.58233968e+00
  3.27294973e+02] 8.582367134454293
[-3.27859343e+00 -6.77546585e-02 -3.07831832e-02 -8.71857622e+00
  3.27017641e+02] 8.718893824895984
[-3.13293477e+00 -1.53946016e-01 -6.55071163e-02 -8.77526150e+00
  3.28567903e+02] 8.776856206602087
[-3.16951179e+00  6.44590879e-02  1.34716612e-01 -8.86383286e+00
  3.29692770e+02] 8.865090890949341
[-3.15248354e+00  1.19412163e-01 -4.72510305e-03 -8.90079242e+00
  3.31157752e+02] 8.901594644816061
[-3.28893036e+00  3.42658183e-01  2.39821349e-01 -8.80617622e+00
  3.28944278e+02] 8.816102801845597
[-3.23095357e+00  9.29468441e-02 -1.43611773e-01 -9.05401420e+00
  3.28460676e+02] 9.05563010463082
[-3.15248964e+00  7.22992667e-02 -1.45288807e-01 -8.53130097e+00
  3.27294944e+02] 8.532844326206526
[-3.18183090e+00 -1.23943760e-01 -6.56675914e-02 -8.74525342e+00
  3.27784363e+02] 8.74637820086698
[-3.14962113e+00  1.50507346e-02 -1.70651623e-01 -8.73718758e+00
  3.29196191e+02] 8.738866939186154
[-3.15923767e+00  1.69834836e-01 -8.75316538e-02 -8.49950065e+00
  3.28523830e+02] 8.501647895339511
[-3.13979062e+00  9.69715989e-02 -2.18454975e-01 -8.93885767e+00
  3.31366002e+02] 8.94205247307181
[-3.25832794e+00 -2.59332428e-03 -2.89872060e-01 -8.57265935e+00
  3.26429859e+02] 8.577559142509191
[-3.25867790e+00 -2.37230871e-01 -3.09189990e-01 -8.81436755e+00
  3.28174806e+02] 8.822978646007615
[-3.04714402e+00 -1.81644753e-01  2.13481924e-01 -8.79206941e+00
  3.28359676e+02] 8.796536470758927
[-3.20330501e+00 -2.49854311e-01  7.98197654e-02 -8.81632248e+00
  3.29244876e+02] 8.820223375684499
[-3.19176448e+00 -3.63679004e-02  1.04353973e-01 -8.84058765e+00
  3.27604838e+02] 8.841278323153775
[-3.26188166e+00 -7.70429641e-02  2.23031593e-02 -9.07344617e+00
  3.30210020e+02] 9.073800663688997
[-3.20040905e+00 -6.68765771e-03  2.00603641e-01 -8.69304743e+00
  3.28275101e+02] 8.695364295511395
[-3.13089953e+00 -3.60976055e-01 -2.63313139e-02 -8.70289859e+00
  3.27598755e+02] 8.710421399833589
[-3.25803024e+00  3.12404978e-01  2.32719740e-01 -8.92560857e+00
  3.30094176e+02] 8.93410565087794
[-3.13539393e+00 -1.59279561e-01  1.64115784e-02 -8.90961453e+00
  3.31550221e+02] 8.91105326874168
[-3.22221379e+00  1.14633181e-01 -1.68549055e-01 -8.99588643e+00
  3.28709191e+02] 8.998195501116658
[-3.21008195e+00 -2.00818885e-01  1.72934599e-01 -9.03130090e+00
  3.27898043e+02] 9.035188462857594
[-3.18887243e+00  1.52634668e-02 -2.51652588e-01 -8.78128378e+00
  3.28553979e+02] 8.784902209465793
[-3.17679818e+00  1.11158305e-01  3.35245842e-02 -9.08022973e+00
  3.31950049e+02] 9.08097197162941
[-3.19028912e+00  3.16802576e-01 -1.61063548e-01 -9.05964138e+00
  3.32086812e+02] 9.066609471459609
[-3.16258107e+00  2.26846168e-01 -1.16643039e-01 -8.53721960e+00
  3.27833263e+02] 8.541029402826082
[-3.19289736e+00 -1.27982898e-01 -2.79394840e-02 -9.09653214e+00
  3.31060144e+02] 9.097475316474508
[-3.24073536e+00  1.54618044e-01 -2.36089252e-02 -8.89331461e+00
  3.27572732e+02] 8.894689928364281
[-3.17422545e+00 -1.49509997e-02 -3.23437427e-01 -8.95810728e+00
  3.31822570e+02] 8.963956794102309
[-3.13719132e+00 -2.63214704e-02  3.19401789e-01 -8.62920857e+00
  3.26546049e+02] 8.635157840781096
[-3.18156884e+00  5.24417487e-02  2.47618014e-01 -9.15546422e+00
  3.33603709e+02] 9.158962272465882
[-3.09945911e+00 -8.32367122e-02 -2.16030615e-01 -9.07679614e+00
  3.32095287e+02] 9.079748108354488
[-3.21066309e+00 -1.03500258e-01 -3.76712667e-02 -8.97395438e+00
  3.29624939e+02] 8.974630278035903
[-3.14995153e+00 -1.69369723e-01 -1.97833475e-01 -8.88889544e+00
  3.30922945e+02] 8.8927097269608
[-3.18784770e+00 -9.00564079e-03 -4.83890946e-02 -8.68293411e+00
  3.28694469e+02] 8.683073615890727
[-3.17784299e+00  2.04663538e-01 -5.07791910e-02 -8.85162827e+00
  3.28533176e+02] 8.854139638686394
[-3.18505242e+00  1.28710982e-01 -1.76212397e-01 -8.87023645e+00
  3.27728853e+02] 8.872920150443472
[-3.23102053e+00 -8.16303536e-02 -1.13525310e-01 -8.87159101e+00
  3.31964296e+02] 8.872692858131922
[-3.10249644e+00  2.40826426e-01 -3.22130609e-02 -8.99201040e+00
  3.30131713e+02] 8.995292436691573
[-3.19347225e+00 -3.29614701e-02 -2.56227773e-02 -8.88325928e+00
  3.30901727e+02] 8.883357380332217
[-3.17604991e+00 -2.94699465e-02  3.84007395e-01 -9.02065567e+00
  3.29484110e+02] 9.028873618893009
[-3.22575153e+00  6.01911877e-02  7.58640180e-02 -9.06181657e+00
  3.31154216e+02] 9.062334020864519
[-3.17356053e+00 -1.82448937e-01  1.36841363e-01 -8.69025163e+00
  3.29479717e+02] 8.693243731754974
[-3.14283364e+00  1.06641943e-02 -1.80850919e-01 -8.74288859e+00
  3.29275344e+02] 8.744765391026263
[-3.13434447e+00 -2.67713750e-01 -9.80032218e-03 -8.76823924e+00
  3.28651939e+02] 8.772330711754117
[-3.13934322e+00  6.18942426e-02 -1.36054400e-02 -8.97845063e+00
  3.30124276e+02] 8.978674277852974
[-3.22015446e+00 -1.87376086e-01  1.84694336e-01 -8.94707320e+00
  3.31204409e+02] 8.950940763864198
[-3.17267457e+00 -1.73215007e-01 -2.03959990e-01 -8.81100575e+00
  3.28078982e+02] 8.815068094607051
[-3.13486020e+00  1.14133592e-01  8.91922086e-02 -8.98711695e+00
  3.31848986e+02] 8.988284198316373
[-3.19558425e+00 -1.64706487e-01 -1.00129686e-01 -8.79472147e+00
  3.30130110e+02] 8.796833520121128
[-3.10979419e+00  3.08449505e-02 -3.30491101e-02 -8.75482126e+00
  3.30234286e+02] 8.754937977692277
[-3.16666501e+00 -1.40195716e-01 -3.11249534e-01 -9.06216048e+00
  3.29439641e+02] 9.06858774047788
[-3.19748752e+00  1.34908694e-01  3.53724945e-01 -8.72071328e+00
  3.28567742e+02] 8.728926729030052
[-3.09811673e+00 -1.55153036e-01 -9.82328435e-02 -8.77957658e+00
  3.29536741e+02] 8.781496861191206
[-3.19489138e+00  2.63409341e-01 -7.22401119e-02 -9.05103063e+00
  3.27964754e+02] 9.055150939551229
[-3.08967373e+00  2.34985260e-02  1.29199793e-01 -8.92342697e+00
  3.30260345e+02] 8.924393176660468
[-3.20023179e+00  1.56752132e-02 -3.59228657e-02 -8.71633756e+00
  3.24062937e+02] 8.716425679097211
[-3.12903924e+00  1.47835865e-01  1.29817292e-01 -8.81319909e+00
  3.28259329e+02] 8.815394839443128
[-3.16058593e+00  1.22217232e-01  1.63368811e-02 -9.12366076e+00
  3.32951475e+02] 9.12449394049226
[-3.23321783e+00  7.33247745e-02  2.63512129e-02 -9.03631495e+00
  3.29294256e+02] 9.036650865906736
[-3.18559813e+00 -2.29857627e-01  2.22925795e-01 -8.71790535e+00
  3.30212099e+02] 8.72378381793685
[-3.22742917e+00  1.03059486e-01  1.28407291e-01 -9.19371562e+00
  3.32250397e+02] 9.195189864484274
[-3.14950095e+00  1.97555322e-01 -7.17447393e-02 -8.77799943e+00
  3.28447216e+02] 8.7805153302618
[-3.17236819e+00  1.33944647e-01  1.09168104e-01 -8.65523830e+00
  3.27781636e+02] 8.656963024017461
[-3.19556956e+00 -8.55496196e-03  1.41481665e-01 -8.79549003e+00
  3.28507151e+02] 8.796632032941028
[-3.23315248e+00  1.66463118e-02  5.74363429e-02 -9.01284799e+00
  3.30063369e+02] 9.013046376429632
[-3.12775325e+00  1.74774381e-01 -7.12570842e-02 -9.12930423e+00
  3.31535826e+02] 9.131255085600054
[-3.19775225e+00  1.20932785e-01 -4.66344412e-02 -8.95556252e+00
  3.30294563e+02] 8.956500410939803
[-3.19152352e+00  1.28550346e-01  4.86430448e-02 -9.14570652e+00
  3.31651591e+02] 9.146739256158735
[-3.06705542e+00  6.26675482e-02 -8.19858341e-03 -8.47541625e+00
  3.25020276e+02] 8.475651895086674
[-3.14459245e+00 -2.10645922e-02 -5.56377906e-02 -9.10312916e+00
  3.32738140e+02] 9.10332355739328
[-3.21435784e+00 -1.91789432e-02 -1.13406594e-01 -9.17408293e+00
  3.31379238e+02] 9.174803894659814
[-3.22704027e+00  4.67761564e-02 -9.47151107e-02 -9.19011325e+00
  3.31649641e+02] 9.190720350413411
[-3.17907566e+00  3.34428759e-01 -9.10932999e-02 -8.94934544e+00
  3.29273850e+02] 8.956055183322107
[-3.22092875e+00  1.48485464e-02  2.45533977e-01 -9.04734817e+00
  3.27916799e+02] 9.050691486594484
[-3.17646675e+00 -5.04646929e-02  1.09552636e-01 -8.68225285e+00
  3.27622149e+02] 8.68309063369096
[-3.16263362e+00 -2.23887643e-02  2.66528202e-01 -8.99572804e+00
  3.29609655e+02] 8.999703416640653
[-3.22641342e+00 -2.87860930e-01  1.08055829e-01 -8.90521851e+00
  3.29058361e+02] 8.910525047314277
[-3.10065778e+00 -1.71367725e-02 -2.79607172e-01 -8.86840254e+00
  3.29647829e+02] 8.872825784381817
[-3.19245410e+00  2.42650695e-01 -8.60849953e-02 -8.91228849e+00
  3.30325109e+02] 8.916006738688814
[-3.16572429e+00 -6.23256878e-02 -1.97510728e-01 -8.73064830e+00
  3.27783542e+02] 8.73310453218779
[-3.19146117e+00 -6.51260557e-02 -1.63167536e-01 -9.14430257e+00
  3.30638204e+02] 9.145990077750554
[-3.18375154e+00 -5.96391555e-02  1.70796433e-01 -8.74500014e+00
  3.27563088e+02] 8.746871199310725
[-3.21291584e+00 -2.12662827e-01 -1.23651502e-02 -8.72588513e+00
  3.26376106e+02] 8.728484960346893
[-3.16933715e+00  8.80713143e-02 -1.28621415e-01 -8.88359807e+00
  3.28559830e+02] 8.884965654188157
[-3.17461799e+00 -3.24178330e-02 -2.29591847e-02 -8.72810933e+00
  3.28504109e+02] 8.728199728516229
[-3.19965967e+00  3.21508777e-02  3.84775607e-01 -9.03709783e+00
  3.28291877e+02] 9.045342624761458
[-3.15041698e+00  2.11929101e-01  5.72278998e-03 -9.29454495e+00
  3.32459616e+02] 9.296962540222138
[-3.09472600e+00  2.77884812e-01 -1.30822474e-01 -9.01848867e+00
  3.29651466e+02] 9.023717214006723
[-3.07615250e+00  3.38162887e-02 -5.82729465e-02 -8.74470930e+00
  3.28753368e+02] 8.744968839204756
[-3.09808272e+00  2.85233633e-01  1.31509917e-01 -8.83653716e+00
  3.30172087e+02] 8.842117510026801
[-3.11043768e+00  1.98029389e-01 -6.40495353e-02 -8.78061884e+00
  3.28759311e+02] 8.78308517991502
[-3.17684748e+00  2.87417967e-03 -3.36295742e-01 -8.76987776e+00
  3.30442927e+02] 8.776323774057198
[-3.10846140e+00  3.40551843e-01  9.95109201e-02 -8.52270745e+00
  3.27508308e+02] 8.530089107894096
[-3.23211034e+00  1.67473204e-01 -1.20103657e-01 -8.74378381e+00
  3.28216533e+02] 8.746212179140949
[-3.15014214e+00  1.78697207e-01 -8.19257149e-02 -9.08298901e+00
  3.31638750e+02] 9.08511605829947
[-3.14513871e+00  6.42137573e-02  8.40950005e-02 -8.79264515e+00
  3.29273282e+02] 8.793281759595056
[-3.21630759e+00 -1.75250430e-01  6.54034667e-02 -8.81230407e+00
  3.28178712e+02] 8.81428915284304
[-3.26909927e+00 -2.49246893e-02 -1.90677517e-01 -9.13372318e+00
  3.29944198e+02] 9.135747277636074
[-3.23329836e+00 -5.06309157e-02 -1.19074687e-01 -8.78260856e+00
  3.28760307e+02] 8.783561654519566
[-3.22384631e+00 -1.58043292e-01 -1.02082355e-01 -8.78682037e+00
  3.28484357e+02] 8.788834432517874
[-3.26488960e+00 -1.41502581e-02 -9.42807236e-03 -8.96773650e+00
  3.28115518e+02] 8.967752617336663
[-3.12098877e+00  2.51651858e-01  3.38157178e-02 -8.67440576e+00
  3.27816465e+02] 8.67812119624449
[-3.19727523e+00 -6.58144256e-03 -7.95050631e-02 -8.97258574e+00
  3.28416151e+02] 8.97294039406322
[-3.08484469e+00 -2.50296149e-02 -8.81481131e-03 -8.43904051e+00
  3.24912505e+02] 8.439082229151714
[-3.16209088e+00  2.46030504e-02  2.43163215e-01 -8.79593544e+00
  3.27968467e+02] 8.799330307955053
[-3.15057416e+00  5.23996551e-03  1.36899952e-01 -8.74902564e+00
  3.30301942e+02] 8.750098215151882
[-3.21344722e+00 -1.95317618e-03  1.30112849e-02 -8.78093399e+00
  3.26018605e+02] 8.780943849749354
[-3.17990466e+00  1.61138179e-01 -3.15935151e-01 -8.93696977e+00
  3.32604301e+02] 8.944004095417396
[-3.18581055e+00  1.96066490e-01  1.80837679e-01 -8.96598816e+00
  3.28461460e+02] 8.969954742186639
[-3.15279255e+00 -9.03392224e-02 -1.83571918e-01 -8.90255511e+00
  3.28451864e+02] 8.90490580340924
[-3.14663170e+00  4.95726201e-02 -1.73041306e-01 -8.63674265e+00
  3.23988824e+02] 8.638618200122375
[-3.13786189e+00  1.04391390e-01  7.61706978e-02 -8.83405205e+00
  3.28200999e+02] 8.834997179079975
[-3.09084642e+00  2.02484970e-01 -9.82526195e-02 -8.71325666e+00
  3.28876582e+02] 8.716162876288394
[-3.16682947e+00 -2.04444620e-01  1.50536613e-01 -8.60997065e+00
  3.27702336e+02] 8.613713101635092
[-3.12318452e+00  3.49030974e-02  4.16769964e-02 -8.93334221e+00
  3.26664810e+02] 8.933507607875484
[-3.18567154e+00 -2.78600313e-01 -1.12510100e-01 -8.94120715e+00
  3.29831000e+02] 8.946254073850126
[-3.11550232e+00  2.59321753e-01  1.45994965e-01 -8.71329372e+00
  3.30034069e+02] 8.718374262896916
[-3.21247860e+00  6.57549126e-02 -2.89311680e-04 -8.99582435e+00
  3.29819484e+02] 8.996064670142346
[-3.17030701e+00 -3.86891618e-01 -2.51452838e-01 -9.05690072e+00
  3.30235709e+02] 9.068647322638382
[-3.12928191e+00  4.75930867e-02 -2.64518925e-01 -8.64487963e+00
  3.28586651e+02] 8.649056547426301
[-3.15813370e+00  1.57129180e-01 -3.13454081e-01 -8.74576476e+00
  3.29494603e+02] 8.752790658560599
[-3.15976710e+00  9.84800390e-02 -8.89826215e-02 -9.13476201e+00
  3.32726628e+02] 9.135726195217552
[-3.16630108e+00  3.46098792e-02 -9.49688488e-02 -8.93506698e+00
  3.27690043e+02] 8.935638698213085
[-3.14931607e+00  8.00380387e-02 -8.25580862e-02 -8.99020789e+00
  3.28270107e+02] 8.990943211013148
[-3.14628706e+00 -9.91414233e-02  1.51349810e-01 -8.95356245e+00
  3.31971287e+02] 8.955390352718567
[-3.16703102e+00 -6.13607742e-02  1.05333541e-01 -9.11502495e+00
  3.30971961e+02] 9.115840068426879
[-3.14701377e+00 -1.64482360e-01 -2.57660414e-02 -8.96264895e+00
  3.30553669e+02] 8.964195145138538
[-3.10177570e+00  1.48066326e-01  2.30720050e-01 -8.65563411e+00
  3.27604399e+02] 8.659974437695269
[-3.07947174e+00 -2.51480104e-03 -1.15488270e-01 -8.66270023e+00
  3.29500141e+02] 8.663470386693994
[-3.23787168e+00  3.93821150e-02 -9.35367988e-02 -8.67231339e+00
  3.27800758e+02] 8.672907218682461
[-3.16893499e+00 -1.03205390e-01  8.48411090e-02 -8.63760025e+00
  3.28305142e+02] 8.638633421653118
[-3.25079236e+00  9.38368528e-02 -1.92433772e-01 -9.21937443e+00
  3.27687203e+02] 9.221859957205595
[-3.18448585e+00  2.40544563e-01  1.49419960e-01 -8.81763403e+00
  3.29397910e+02] 8.822179885952567
[-3.18268876e+00  8.37087529e-02  1.36504161e-01 -9.10586430e+00
  3.31978997e+02] 9.107272103556603
[-3.15407576e+00  3.32580098e-01 -3.53968809e-02 -8.87089428e+00
  3.29690195e+02] 8.87719706588336
[-3.19153286e+00 -3.14891285e-01  4.59335877e-02 -8.96588129e+00
  3.30860380e+02] 8.971526829818119
[-3.18779381e+00  2.59635838e-01  1.45542418e-01 -9.16298288e+00
  3.30343738e+02] 9.167815918151135
[-3.23666896e+00 -4.91507466e-02  1.22716670e-01 -9.00766713e+00
  3.31444750e+02] 9.008637091233458
[-3.19494249e+00  3.81993000e-02 -5.25037017e-02 -8.94522728e+00
  3.31027868e+02] 8.945462919655299
[-3.22181531e+00 -3.91954218e-02 -7.60251491e-02 -8.99289616e+00
  3.28899277e+02] 8.993302919575303
[-3.21867637e+00 -5.54062640e-02 -1.82556459e-01 -8.90875925e+00
  3.30104865e+02] 8.910801764401606
[-3.19821605e+00  6.16097368e-02 -1.11953282e-01 -8.96090100e+00
  3.29059504e+02] 8.96181209645411
[-3.24061191e+00  2.39211819e-01 -1.33208113e-01 -8.93548571e+00
  3.28068545e+02] 8.93967961657885
[-3.22660378e+00  2.97114912e-01  2.42306734e-01 -9.01883118e+00
  3.30776615e+02] 9.026976555540331
[-3.18603743e+00 -2.37768916e-02 -2.49144216e-02 -9.06002004e+00
  3.30292875e+02] 9.060085491077997
[-3.19404518e+00  3.87679127e-01 -9.91588099e-02 -8.85911038e+00
  3.28926341e+02] 8.86814323027561
[-3.20162617e+00  1.30020666e-01 -3.50313029e-01 -8.74719599e+00
  3.29054432e+02] 8.755173459164363
[-3.22703048e+00 -5.49928429e-02  1.07298153e-01 -9.21230020e+00
  3.32131502e+02] 9.213089173072245
[-3.23271242e+00 -3.49546043e-01  1.70706342e-01 -9.15896005e+00
  3.30073428e+02] 9.167217261590705
[-3.12584942e+00 -2.86203159e-01 -6.90059686e-03 -9.00160254e+00
  3.31182840e+02] 9.006153901029778
[-3.17023077e+00 -4.34393265e-02 -1.32574264e-01 -9.02390511e+00
  3.29657378e+02] 9.02498345300704
[-3.27665214e+00 -1.75528505e-01  6.07762028e-02 -9.08106850e+00
  3.31329106e+02] 9.082968080523223
[-3.20203772e+00 -5.27591230e-02  1.75017160e-01 -9.20380759e+00
  3.30354576e+02] 9.205622667385088
[-3.14730041e+00 -3.05332277e-02  3.58089923e-02 -8.60313101e+00
  3.26898199e+02] 8.603259715696739
[-3.17473143e+00 -4.43180192e-02 -1.50290312e-01 -8.92545493e+00
  3.30355443e+02] 8.926830174525241
[-3.25223813e+00  4.92973908e-02 -1.53587187e-01 -9.12189444e+00
  3.29294636e+02] 9.123320529201388
[-3.10631955e+00 -8.94559761e-02  1.07132062e-01 -8.69222157e+00
  3.29940988e+02] 8.693342017073782
[-3.22204606e+00  1.39208260e-01 -5.85676147e-02 -9.06270140e+00
  3.31127349e+02] 9.063959717862012
[-3.17548605e+00  7.22611332e-02  2.14946515e-01 -9.23422777e+00
  3.31158952e+02] 9.23701175386481
[-3.14489560e+00 -1.04617299e-01  2.89782921e-02 -8.63918362e+00
  3.27833338e+02] 8.63986563566971
[-3.11158587e+00 -1.97348709e-01 -2.98355197e-02 -8.75330062e+00
  3.28164724e+02] 8.755575844724687
[-3.18010471e+00  1.05759867e-01  5.85046558e-02 -9.20539260e+00
  3.31832428e+02] 9.206186009911809
[-3.20536968e+00 -3.20553278e-02 -7.89122192e-03 -9.24507547e+00
  3.31038522e+02] 9.245134406615076
[-3.25730349e+00  1.65816537e-01  3.03802125e-02 -8.70941952e+00
  3.25992443e+02] 8.71105082762448
[-3.10771190e+00 -6.46072564e-02  2.77084097e-03 -8.83322846e+00
  3.28417838e+02] 8.833465164270851
[-3.20220222e+00 -1.02773089e-01 -1.75747272e-01 -8.82753567e+00
  3.29607519e+02] 8.829883092305252
[-3.16742996e+00  1.29509487e-01 -1.60840773e-01 -8.55152973e+00
  3.26085327e+02] 8.554022629799142
[-3.19480389e+00 -5.84301649e-02 -1.31902756e-02 -8.69731615e+00
  3.27164543e+02] 8.697522425825357
[-3.11193095e+00  3.66518893e-01  3.14422706e-01 -8.66273774e+00
  3.28061906e+02] 8.676187115110512
[-3.22097590e+00 -1.53894462e-01 -9.94299101e-03 -9.09511353e+00
  3.30893554e+02] 9.096420857333834
[-3.12886372e+00  4.72627578e-02 -2.22161671e-02 -8.85486178e+00
  3.29302077e+02] 8.8550157794225
[-3.30670370e+00 -1.20635038e-01 -5.21840314e-01 -9.03433270e+00
  3.30536519e+02] 9.0501954384562
[-3.14843660e+00 -1.23868862e-01  5.88310689e-02 -8.70232100e+00
  3.28176414e+02] 8.703401369934708
[-3.15407588e+00 -1.91086111e-01  1.65693736e-01 -8.98006184e+00
  3.28719296e+02] 8.983622824253084
[-3.13206435e+00  2.74131309e-01 -1.70360898e-01 -8.84493295e+00
  3.29641986e+02] 8.85081971509956
[-3.13816382e+00  1.57527234e-02  1.32315822e-01 -8.83754066e+00
  3.28791118e+02] 8.83854516280809
[-3.21012193e+00 -1.42255864e-01 -2.58566214e-01 -8.91800822e+00
  3.28719125e+02] 8.922889881403334
[-3.24364744e+00 -7.53667241e-02  2.40320615e-01 -8.66584455e+00
  3.23619001e+02] 8.669503788979643
[-3.17822708e+00 -7.12801611e-02  1.19885921e-01 -9.13981301e+00
  3.29036570e+02] 9.140877162373233
[-3.21868339e+00 -1.33734887e-01 -2.67518785e-01 -9.01939735e+00
  3.30156515e+02] 9.024354814255737
[-3.30556323e+00  3.41143673e-01  6.18408716e-02 -8.85686913e+00
  3.29669390e+02] 8.863652409030735
[-3.19445542e+00  1.39783117e-01 -4.09693097e-01 -8.88442778e+00
  3.28573500e+02] 8.894967380475894
[-3.20541785e+00  2.23175589e-02  1.15068267e-03 -8.66283072e+00
  3.27666712e+02] 8.662859544048832
[-3.10161752e+00  1.67161380e-01 -1.75151199e-01 -8.65500458e+00
  3.26614699e+02] 8.658390451859747
[-3.07901916e+00  3.79776766e-02 -1.87899120e-01 -8.99479589e+00
  3.31862061e+02] 8.996838414019821
[-3.26642467e+00  1.59879235e-01  1.49356906e-01 -8.93572409e+00
  3.28866433e+02] 8.938402194532495
[-3.11615106e+00  6.13859641e-02  1.52223108e-01 -9.07417902e+00
  3.31660742e+02] 9.075663334171116
[-3.18358081e+00  2.59779401e-01  2.03180900e-01 -9.04653374e+00
  3.29957262e+02] 9.052543317924446
[-3.14986324e+00 -2.79800940e-01 -1.26668765e-01 -8.69303210e+00
  3.28618554e+02] 8.69845622175555
[-3.18727189e+00 -1.00698348e-01  2.20439261e-02 -8.78790752e+00
  3.28532130e+02] 8.788512081252252
[-3.24791384e+00  8.94299196e-02  1.13829117e-01 -8.81375437e+00
  3.28263838e+02] 8.814943041733962
[-3.23775541e+00  1.45947647e-01  1.31980958e-01 -9.15683586e+00
  3.30497206e+02] 9.158949865916739
[-3.14047572e+00 -6.73999401e-02 -3.54497552e-02 -9.09582759e+00
  3.31247406e+02] 9.096146383511092
[-3.14789917e+00 -2.23019615e-01 -1.86661279e-02 -8.73721946e+00
  3.28449527e+02] 8.740085243277756
[-3.18157064e+00  1.10044668e-02  2.62562659e-01 -8.87211016e+00
  3.31187294e+02] 8.87600129682556
[-3.18876370e+00  4.28881438e-02 -3.24388570e-01 -9.19508720e+00
  3.31296581e+02] 9.200907346111693
[-3.22362558e+00 -3.39158052e-01  6.63440892e-02 -8.84782956e+00
  3.26734109e+02] 8.854576084247283
[-3.17836417e+00  3.45657436e-01  1.23666486e-01 -9.13508414e+00
  3.31490708e+02] 9.142457799862996
[-3.25174429e+00 -1.19236473e-02  1.49020242e-01 -8.97626673e+00
  3.28041557e+02] 8.977511547904621
[-3.13799058e+00  4.92954443e-02 -1.43406729e-01 -9.10705037e+00
  3.31223404e+02] 9.108312796331843
[-3.16066440e+00 -8.12573466e-03  2.08290266e-01 -8.82342727e+00
  3.31385533e+02] 8.825889175164791
[-3.14539886e+00  3.97896775e-01 -1.24012515e-02 -8.89366179e+00
  3.30235537e+02] 8.902566801140614
[-3.15236637e+00  1.56715607e-01  2.19851603e-01 -8.89576371e+00
  3.29723069e+02] 8.899859909347294
[-3.21205921e+00  1.73242477e-01 -2.62651977e-01 -8.94047409e+00
  3.28504203e+02] 8.946008941273266
[-3.14262749e+00  2.85135245e-02 -5.55869020e-03 -9.12157792e+00
  3.31001870e+02] 9.121624176256624
[-3.15559100e+00 -3.78180231e-02 -2.83129318e-02 -9.17041280e+00
  3.32808429e+02] 9.170534484479612
[-3.16023006e+00 -9.39053082e-02  2.26228760e-01 -9.05314432e+00
  3.30176346e+02] 9.056457346938583
[-3.23729296e+00  8.43371887e-02 -8.44248847e-02 -8.96908925e+00
  3.29672982e+02] 8.96988307310672
[-3.18657459e+00 -2.70273221e-01  4.74580028e-02 -9.01855349e+00
  3.31620655e+02] 9.022727243553575
[-3.17941285e+00 -2.30082795e-02  1.56808131e-01 -8.62704400e+00
  3.25964316e+02] 8.628499661472722
[-3.18435581e+00 -3.12468849e-01  2.53135658e-02 -8.96886547e+00
  3.27721998e+02] 8.974342614084877
[-3.24569318e+00  6.60411753e-02  6.26229630e-02 -9.20676495e+00
  3.27181130e+02] 9.207214772206559
[-3.10993581e+00 -6.61981233e-03 -2.42694783e-01 -8.69083215e+00
  3.29913487e+02] 8.694222678159196
[-3.13696300e+00  1.83434684e-02  2.13603331e-01 -8.58663832e+00
  3.29720629e+02] 8.589314320915895
[-3.17212047e+00  2.69555203e-02  1.74991829e-01 -8.85065062e+00
  3.28844581e+02] 8.852421423601278
[-3.21984252e+00  1.45280206e-01  7.05796449e-02 -8.99136053e+00
  3.28548954e+02] 8.992811127226394
[-3.15720503e+00 -1.78122795e-01  1.55257163e-01 -9.01777640e+00
  3.27479173e+02] 9.020871560197088
[-3.22255193e+00 -1.93735921e-01  4.75877981e-01 -9.12290621e+00
  3.29024909e+02] 9.137363474481242
[-3.24447670e+00 -3.50294310e-02  1.03570692e-01 -9.05422226e+00
  3.31269721e+02] 9.054882362212437
[-3.22709302e+00 -2.07390841e-02  1.28538563e-01 -9.30268557e+00
  3.30602355e+02] 9.303596675812472
[-3.17633954e+00  4.06285344e-02  7.31834969e-02 -8.79199488e+00
  3.26812255e+02] 8.79239333481965
[-3.09977814e+00  1.14308468e-01 -2.54493153e-01 -8.85772625e+00
  3.29143989e+02] 8.862118678283208
[-3.18266860e+00 -2.43935398e-01 -1.21005536e-01 -8.70734306e+00
  3.27906250e+02] 8.71159973350451
[-3.14032880e+00  2.33415363e-01 -1.63523279e-01 -8.49376949e+00
  3.26247706e+02] 8.498549451872002
[-3.15328474e+00 -1.85290207e-01 -1.77844343e-01 -8.73506469e+00
  3.28185444e+02] 8.738839523169318
[-3.16387238e+00  2.62219842e-01 -7.98093893e-03 -9.05298872e+00
  3.29522951e+02] 9.056789044238029
[-3.14961244e+00 -9.98006034e-02  3.52859095e-02 -8.43138875e+00
  3.26650901e+02] 8.432053218047251
[-3.13218613e+00 -9.65001537e-02  3.25381838e-01 -8.67628053e+00
  3.28321257e+02] 8.682915955110406
[-3.20417604e+00 -2.85593319e-01  2.87489381e-01 -8.84383669e+00
  3.30495995e+02] 8.853115899279178
[-3.19792124e+00 -1.26215940e-01  6.50537220e-02 -8.75567555e+00
  3.29180318e+02] 8.756826870594058
[-3.19943277e+00  2.10675083e-02  3.86730648e-02 -8.79709177e+00
  3.27496295e+02] 8.797202005548044
[-3.21467300e+00 -1.32076651e-01  8.72617894e-02 -8.53870441e+00
  3.25240105e+02] 8.540171654588283
[-3.20483233e+00 -6.77098429e-02 -2.07476746e-01 -9.10373263e+00
  3.28108791e+02] 9.10634827892545
[-3.17800816e+00 -3.41254017e-01  1.73044172e-01 -9.06580264e+00
  3.31716582e+02] 9.073873270332408
[-3.16764697e+00 -2.47634443e-01 -1.63141683e-01 -8.96802912e+00
  3.31049520e+02] 8.972930647572586
[-3.17392808e+00  1.19366817e-02  2.53214075e-01 -8.67161851e+00
  3.26963943e+02] 8.675322902974479
[-3.13905090e+00 -9.23645150e-02  1.78415949e-01 -9.03548525e+00
  3.28721355e+02] 9.037718580237456
