/mnt/stage/douwei/Simulation/5kt_root/2MeV/5kt_+10.80_3.root
[-3.24292424e+00  1.24976489e-01  1.40878499e-01  1.09184046e+01
  3.45149272e+02] 10.920028636093924
[-3.20628277e+00  2.94651767e-01 -1.63269021e-01  1.07559643e+01
  3.42135735e+02] 10.761238032623803
[-3.21080347e+00  7.74370282e-04  9.29026649e-02  1.07995229e+01
  3.45298686e+02] 10.79992256323356
[-3.26966570e+00 -7.63562113e-04 -7.45144649e-02  1.08412522e+01
  3.45438290e+02] 10.841508326573107
[-3.22222023e+00  1.02478994e-01  1.03233535e-01  1.09995113e+01
  3.45959632e+02] 11.00047312569849
[-3.25722194e+00  2.11578065e-01 -2.57688935e-02  1.08114822e+01
  3.45750264e+02] 10.813582997854743
[-3.20311368e+00  2.00041192e-02 -1.06309577e-01  1.10051088e+01
  3.45335571e+02] 11.005640466602696
[-3.21061779e+00 -1.02868741e-01  6.35252741e-02  1.06859115e+01
  3.44353213e+02] 10.686595442135625
[-3.23266929e+00 -1.96814887e-01  9.61717975e-02  1.08694735e+01
  3.45283871e+02] 10.871680626804263
[-3.23683634e+00  8.31864767e-02  3.71960275e-01  1.08302127e+01
  3.44164153e+02] 10.836917545542752
[-3.21408462e+00 -8.20811088e-02 -4.34580775e-02  1.10004233e+01
  3.46928361e+02] 11.00081533897341
[-3.20300152e+00 -1.21777648e-01 -5.69384570e-02  1.08488593e+01
  3.46878346e+02] 10.849692169522603
[-3.25401414e+00  8.74984245e-03 -9.88810571e-03  1.07934707e+01
  3.46866868e+02] 10.79347876280723
[-3.21555488e+00  4.34059590e-02  1.19719786e-01  1.10874535e+01
  3.47887853e+02] 11.088184755181603
[-3.20810669e+00  1.15842766e-01 -3.36851856e-02  1.09852220e+01
  3.47987979e+02] 10.985884459998113
[-3.18664620e+00 -4.44865887e-02  2.04463898e-01  1.06708681e+01
  3.45123831e+02] 10.672919518099151
[-3.23247836e+00  3.57898318e-01 -2.06426663e-02  1.07720328e+01
  3.45503523e+02] 10.777996518098588
[-3.18252732e+00 -1.11638797e-01  1.04258620e-01  1.06816833e+01
  3.43744448e+02] 10.682775490101626
[-3.18499697e+00  5.50262901e-02 -9.80109711e-02  1.06936163e+01
  3.41392111e+02] 10.694206969816937
[-3.22961865e+00 -4.65376670e-02  1.36739533e-01  1.08747564e+01
  3.46264060e+02] 10.875715666776278
[-3.27764936e+00  7.77098763e-02 -1.75019707e-01  1.08773494e+01
  3.44655394e+02] 10.87903488578753
[-3.26947334e+00  8.53602521e-02  2.06468473e-01  1.06951987e+01
  3.42763762e+02] 10.697532040029834
[-3.18979481e+00  2.01122663e-01 -3.92561810e-01  1.06405097e+01
  3.43880077e+02] 10.649647949014643
[-3.18002416e+00  8.09805644e-02 -5.59841912e-02  1.06060759e+01
  3.43705629e+02] 10.606532763603939
[-3.22558386e+00 -1.59422388e-01 -3.88815726e-02  1.07969130e+01
  3.44289866e+02] 10.798159935220921
[-3.16945976e+00  1.42568836e-01  8.43833860e-02  1.09768649e+01
  3.46940575e+02] 10.978115046311169
[-3.17023028e+00  9.03174880e-02  1.32963276e-01  1.05823852e+01
  3.43318307e+02] 10.583605880049737
[-3.27815711e+00 -9.51964410e-02  1.12258194e-01  1.10279749e+01
  3.45610688e+02] 11.028957119715239
[-3.14504911e+00 -6.15031434e-02 -1.20506662e-01  1.07923250e+01
  3.44649117e+02] 10.793173028065997
[-3.21859259e+00  9.79074731e-02  3.23320539e-02  1.06812103e+01
  3.42771646e+02] 10.681707942647035
[-3.31869828e+00 -3.61008970e-01 -4.15040725e-02  1.08231128e+01
  3.45156105e+02] 10.829211466371845
[-3.22702985e+00  3.73540486e-01  5.04551861e-02  1.07206888e+01
  3.44900205e+02] 10.727313066923818
[-3.23619035e+00 -4.24363849e-02  1.83484658e-01  1.07586656e+01
  3.45478072e+02] 10.760313790765151
[-3.26479846e+00  1.61752628e-01 -6.02074723e-02  1.06104646e+01
  3.41825479e+02] 10.611868215753017
[-3.21580151e+00  2.35941481e-01 -1.31961263e-01  1.11552652e+01
  3.48932463e+02] 11.158540444880973
[-3.21437070e+00 -1.68526560e-01  3.50604221e-02  1.07352372e+01
  3.44729242e+02] 10.73661712373589
[-3.25588791e+00 -5.70412782e-02  2.34213100e-02  1.08186105e+01
  3.45629447e+02] 10.818786188114144
[-3.27278773e+00 -2.54957065e-01 -8.59817131e-02  1.08804836e+01
  3.43163766e+02] 10.883809969410267
[-3.16731992e+00  1.69157657e-01 -3.32511078e-01  1.07079633e+01
  3.44038555e+02] 10.714460157808896
[-3.23774542e+00 -3.03763233e-01  1.03870352e-01  1.10504880e+01
  3.45729310e+02] 11.055150200105452
[-3.22004405e+00  7.37107605e-02  7.30063306e-02  1.05667524e+01
  3.42884340e+02] 10.567261660288468
[-3.15891962e+00 -5.99043268e-02 -9.48137140e-03  1.04976287e+01
  3.40819014e+02] 10.497803898190728
[-3.29757689e+00 -1.10519597e-02 -1.26402524e-01  1.06911852e+01
  3.44111435e+02] 10.691938111266728
[-3.25574495e+00  1.54378649e-01  2.14794314e-01  1.10232891e+01
  3.45796908e+02] 11.026462314255616
[-3.16628088e+00  1.04189434e-01  1.10144003e-01  1.11253589e+01
  3.48991941e+02] 11.126391968813282
[-3.25107909e+00 -7.56399065e-02 -7.39440100e-02  1.07071552e+01
  3.43291916e+02] 10.707677649186785
[-3.26572780e+00 -4.81286137e-02  1.69274305e-01  1.08807354e+01
  3.43195883e+02] 10.882158486399286
[-3.22212313e+00  1.83162030e-01 -6.35400707e-02  1.06377339e+01
  3.46525714e+02] 10.639500372473895
[-3.31102048e+00  1.50356489e-01  1.84940784e-01  1.08706347e+01
  3.43843859e+02] 10.873247353237987
[-3.19469827e+00  8.90753470e-03  7.96620066e-02  1.07152323e+01
  3.46678768e+02] 10.715532162243955
[-3.26341074e+00  1.54970940e-01 -1.62859751e-02  1.08495886e+01
  3.46353655e+02] 10.85070756986438
[-3.19948744e+00  1.15884104e-02 -8.91896228e-02  1.11315955e+01
  3.48521524e+02] 11.131958871888989
[-3.23099119e+00  6.34614384e-02  5.01854988e-02  1.09392831e+01
  3.46985842e+02] 10.939582301737145
[-3.27281657e+00  1.71360586e-01 -2.38065652e-01  1.08801676e+01
  3.46082845e+02] 10.884120849750808
[-3.29454754e+00  1.22407170e-01 -5.78793314e-02  1.10618506e+01
  3.45436780e+02] 11.062679206483287
[-3.26287323e+00  1.36472216e-01  2.67033637e-02  1.07253490e+01
  3.42167202e+02] 10.726250421826697
[-3.22261041e+00 -9.33311699e-02  1.80548010e-01  1.08689407e+01
  3.44429495e+02] 10.870840873855066
[-3.15645347e+00  1.17517416e-01 -2.68331953e-01  1.08601356e+01
  3.46265486e+02] 10.864085668414152
[-3.15616686e+00 -2.30228927e-01  5.61277344e-02  1.06893029e+01
  3.44496486e+02] 10.691929290673984
[-3.21963467e+00  6.96944743e-02  6.83632865e-02  1.07173309e+01
  3.43166068e+02] 10.717775539830821
[-3.22267106e+00  2.44601986e-01  8.57233062e-02  1.06882912e+01
  3.45754475e+02] 10.691433401438738
[-3.21646112e+00 -3.78581855e-01 -6.33532213e-02  1.09146846e+01
  3.44388280e+02] 10.921432072007761
[-3.24191163e+00  1.07885542e-01 -3.57992877e-01  1.07388019e+01
  3.45258761e+02] 10.745308958694391
[-3.26926335e+00 -3.08899800e-02 -1.58071117e-01  1.10709060e+01
  3.45538637e+02] 11.072077508722122
[-3.23691869e+00 -9.02158749e-02  1.89543042e-01  1.10189837e+01
  3.45550363e+02] 11.020983068420804
[-3.23166869e+00  1.17776376e-01  5.57137299e-03  1.05631493e+01
  3.42156661e+02] 10.563807307731778
[-3.24993801e+00  1.07410119e-01 -7.52499063e-02  1.09923637e+01
  3.45459592e+02] 10.993145996233318
[-3.22902075e+00 -2.27652550e-01 -9.93478717e-02  1.07966208e+01
  3.43819850e+02] 10.799477578152551
[-3.21329428e+00  9.48671430e-03 -1.52167574e-01  1.05660292e+01
  3.44638298e+02] 10.567129116092612
[-3.24912203e+00 -2.06415111e-01 -8.83025640e-02  1.08175226e+01
  3.43843680e+02] 10.819852112061115
[-3.25692968e+00  2.15458365e-01  3.13557118e-01  1.08259558e+01
  3.45782925e+02] 10.832638625793356
[-3.17294906e+00  4.18010158e-02 -1.99009073e-01  1.07456589e+01
  3.43285314e+02] 10.747582816004618
[-3.20922361e+00 -1.74548554e-02 -1.55303515e-01  1.08663384e+01
  3.44255134e+02] 10.867462179862393
[-3.27382136e+00 -1.45012368e-01 -1.56010585e-01  1.10856298e+01
  3.47245728e+02] 11.087675887859177
[-3.19744592e+00  9.80723181e-02  1.59968852e-01  1.05978988e+01
  3.43797338e+02] 10.59955977578229
[-3.14393434e+00 -1.07161799e-01 -1.58069776e-02  1.09029761e+01
  3.45790656e+02] 10.903514168140562
[-3.25459907e+00 -4.89800245e-02  2.92329782e-01  1.07043396e+01
  3.42241261e+02] 10.708442563885656
[-3.19406953e+00  5.71840409e-02 -1.61855664e-01  1.06623277e+01
  3.44902056e+02] 10.6637094143574
[-3.21847827e+00  1.39465815e-01  1.76040343e-01  1.10364611e+01
  3.44560268e+02] 11.038746033685129
[-3.20921682e+00  2.49642742e-01  8.92084501e-02  1.05544266e+01
  3.44072032e+02] 10.557755458267566
[-3.22165666e+00  1.13046069e-01  1.76758167e-01  1.07882004e+01
  3.47298220e+02] 10.790240484277678
[-3.18008106e+00 -1.90465449e-01  1.70778761e-01  1.08410505e+01
  3.45782370e+02] 10.844068314964494
[-3.19697923e+00  1.73585090e-01 -2.30656191e-01  1.09615994e+01
  3.46669333e+02] 10.965399879342307
[-3.20995812e+00  1.96804775e-01 -8.63096592e-02  1.08087249e+01
  3.44535314e+02] 10.810860963771395
[-3.17170853e+00  8.26792006e-03 -7.98862416e-02  1.10730779e+01
  3.47454652e+02] 11.073369151113656
[-3.25193511e+00  1.65950694e-01  2.26998832e-02  1.09032532e+01
  3.44917528e+02] 10.904539698997258
[-3.18319863e+00 -2.39810891e-01  9.69714348e-02  1.07965769e+01
  3.43730346e+02] 10.79967521110981
[-3.24256201e+00 -1.00824628e-01 -4.95657636e-02  1.06850871e+01
  3.44123415e+02] 10.685677694912284
[-3.22201079e+00 -1.76169315e-01  1.93620397e-01  1.05900033e+01
  3.42044266e+02] 10.593238183545097
[-3.17346205e+00  1.86438842e-02  1.14647095e-02  1.06263822e+01
  3.44718142e+02] 10.62640472070644
[-3.24729016e+00 -6.30199274e-02 -2.90238349e-01  1.07220328e+01
  3.44176628e+02] 10.726145482938255
[-3.20605832e+00  1.74413403e-01  6.58700646e-02  1.07566765e+01
  3.44446721e+02] 10.758292060104363
[-3.22242505e+00 -1.61599152e-01 -5.95748076e-02  1.10466381e+01
  3.47238235e+02] 11.047980637653179
[-3.21666092e+00 -1.24951320e-01  2.61841413e-01  1.08531172e+01
  3.45268406e+02] 10.856994321221547
[-3.24607950e+00  8.30817366e-02  1.32750109e-01  1.07316559e+01
  3.44217695e+02] 10.73279850880024
[-3.22918463e+00 -4.44730012e-02  2.09908549e-02  1.07565930e+01
  3.45143529e+02] 10.756705438626646
[-3.33212131e+00 -7.33821526e-04 -1.07418281e-01  1.09618999e+01
  3.44798320e+02] 10.962426247134209
[-3.24015660e+00 -6.91535648e-02 -2.33279819e-01  1.07648355e+01
  3.45864854e+02] 10.76758495867142
[-3.19625740e+00 -2.63578102e-01  5.82821247e-02  1.09523433e+01
  3.45473250e+02] 10.955669528380872
[-3.15646201e+00  2.93766809e-01 -8.20856423e-02  1.06912807e+01
  3.42522705e+02] 10.695630932986031
[-3.30854316e+00 -7.75253030e-02 -1.26436746e-01  1.08141269e+01
  3.44499784e+02] 10.815143839520166
[-3.27865758e+00 -1.68150680e-01 -1.98463885e-01  1.09847624e+01
  3.44254991e+02] 10.987841789214452
[-3.18275793e+00 -5.30132322e-02  3.48502329e-02  1.06425899e+01
  3.45028309e+02] 10.64277901052996
[-3.32484921e+00 -7.41129954e-02  1.29511533e-01  1.10119905e+01
  3.47621113e+02] 11.013001446555494
[-3.16459529e+00 -2.81415677e-01 -1.63835688e-01  1.08005576e+01
  3.45701949e+02] 10.805465309998281
[-3.34353653e+00  3.85170562e-02  3.02352829e-02  1.08403024e+01
  3.43973747e+02] 10.840412980153722
[-3.20317852e+00 -3.74983444e-02 -4.42688936e-03  1.08740027e+01
  3.46273073e+02] 10.87406824292193
[-3.24310757e+00 -3.35701151e-01 -1.67634194e-01  1.08927952e+01
  3.45274124e+02] 10.899256129673645
[-3.17346621e+00 -1.39479707e-01  5.37097001e-02  1.05404963e+01
  3.42452544e+02] 10.541555894419378
[-3.28071113e+00  4.28353944e-02  4.69670743e-02  1.08965869e+01
  3.45286561e+02] 10.896772347683948
[-3.37949945e+00  2.84007561e-01  1.22617433e-01  1.09900539e+01
  3.42386729e+02] 10.99440679868002
[-3.23973959e+00 -1.42996415e-01  1.28576703e-02  1.06469547e+01
  3.44008472e+02] 10.647922676673094
[-3.26815656e+00  3.37541754e-01 -1.03398287e-01  1.07905356e+01
  3.43247634e+02] 10.796308804869396
[-3.23528428e+00 -3.36120086e-01  7.34856609e-02  1.09017242e+01
  3.46034059e+02] 10.907152120785243
[-3.28952250e+00 -2.59298531e-01  1.18021884e-01  1.07968478e+01
  3.42864473e+02] 10.800605871674566
[-3.21965378e+00  1.85011066e-01  1.63577464e-01  1.08052739e+01
  3.44207365e+02] 10.80809565624797
[-3.21531368e+00 -1.82214877e-02 -1.30648067e-01  1.06152302e+01
  3.43607387e+02] 10.616049760961818
[-3.29962650e+00 -3.17490053e-02 -1.14617483e-01  1.10348171e+01
  3.47227895e+02] 11.035458011278488
[-3.22494467e+00  1.39779807e-01 -1.84521196e-01  1.07644932e+01
  3.44366743e+02] 10.766981910555058
[-3.23767966e+00  6.11598838e-02  3.12812496e-02  1.12140645e+01
  3.47897003e+02] 11.214274871660658
[-3.20934750e+00  1.27395199e-01 -1.23183033e-01  1.09122154e+01
  3.44231468e+02] 10.913654257004692
[-3.21817906e+00  3.76998228e-03  1.40478916e-01  1.07873564e+01
  3.44281747e+02] 10.788271681320609
[-3.23509335e+00  1.84769700e-01 -2.02351007e-01  1.09011688e+01
  3.45295377e+02] 10.904612206539934
[-3.19527795e+00  3.00655241e-01  1.49197117e-01  1.10465347e+01
  3.47074006e+02] 11.051632525337634
[-3.25548047e+00 -1.76492447e-01  4.98036414e-02  1.07884453e+01
  3.44394818e+02] 10.790003763761417
[-3.21103989e+00 -8.81630434e-02  2.76056441e-01  1.05996361e+01
  3.43184116e+02] 10.60359681465632
[-3.22438401e+00 -1.62168835e-01  4.16693118e-02  1.10968389e+01
  3.47207999e+02] 11.098101983429885
[-3.24925091e+00  3.76007697e-02 -4.65343811e-03  1.07752149e+01
  3.46088816e+02] 10.775281467531427
[-3.18040579e+00  4.80953895e-02  3.50187837e-02  1.06974000e+01
  3.44775084e+02] 10.697565390503954
[-3.24042413e+00  5.67990992e-02  1.89987246e-01  1.10212347e+01
  3.46297530e+02] 11.02301841137693
[-3.24921587e+00  1.47112265e-01 -5.69443962e-02  1.07507018e+01
  3.44612187e+02] 10.751859090267235
[-3.19640998e+00  1.23304673e-02 -2.97549077e-01  1.07562058e+01
  3.45101454e+02] 10.760327634968402
[-3.22507225e+00  9.81297644e-03  2.97895878e-01  1.06072744e+01
  3.45772587e+02] 10.611461145667937
[-3.19484201e+00 -8.27249087e-02  9.26098226e-02  1.06294981e+01
  3.44771240e+02] 10.630223427282361
[-3.26946859e+00  2.42810035e-01  1.30249265e-01  1.09296061e+01
  3.44133183e+02] 10.933078716899965
[-3.21973144e+00  1.65158051e-01  9.52090119e-03  1.09652443e+01
  3.47277763e+02] 10.966492196229416
[-3.20840382e+00 -1.05874575e-01  4.36915678e-03  1.07894105e+01
  3.45043271e+02] 10.789930854013722
[-3.27488874e+00  3.26015414e-01 -2.04030283e-01  1.08818206e+01
  3.46559146e+02] 10.888614920626013
[-3.12928493e+00  2.03174748e-02 -1.98235157e-02  1.06031996e+01
  3.44770625e+02] 10.603237641287684
[-3.19539698e+00 -5.88892979e-03  7.99796470e-02  1.06593699e+01
  3.44000585e+02] 10.659671621055988
[-3.22977693e+00 -1.84000868e-01  2.01957580e-02  1.07628796e+01
  3.44734863e+02] 10.76447123841378
[-3.23791380e+00 -3.87101616e-04  1.35158792e-02  1.10809772e+01
  3.47830830e+02] 11.080985450957337
[-3.17299711e+00  1.93673042e-01 -7.11992005e-02  1.06822225e+01
  3.44613141e+02] 10.68421527167096
[-3.32938318e+00 -3.03070134e-01  2.19909866e-01  1.07929386e+01
  3.42069228e+02] 10.799432214567684
[-3.19701559e+00 -8.28345291e-02 -1.06561940e-01  1.08557286e+01
  3.46524718e+02] 10.856567585308262
[-3.30773285e+00  1.49609312e-01 -3.19176710e-01  1.09208822e+01
  3.44782081e+02] 10.926569708004964
[-3.29046219e+00 -1.41655131e-01 -2.29949895e-02  1.07643491e+01
  3.45146645e+02] 10.765305730156994
[-3.21268052e+00  1.85094416e-01 -2.09443553e-01  1.09555805e+01
  3.45656124e+02] 10.9591455621333
[-3.30778575e+00 -2.88861404e-01 -7.42076117e-02  1.07272564e+01
  3.44908706e+02] 10.73140146072429
[-3.18374795e+00  3.41999776e-02 -5.75777746e-02  1.08939395e+01
  3.46640104e+02] 10.894145340880346
[-3.18418236e+00  1.11154100e-01 -1.32195140e-01  1.08551716e+01
  3.46213330e+02] 10.856545567484151
[-3.27560962e+00 -6.78051525e-02 -1.50466459e-02  1.07797878e+01
  3.43181168e+02] 10.780011525441594
[-3.26113531e+00  2.58062918e-01  1.53991903e-01  1.08857518e+01
  3.44467654e+02] 10.889899110555449
[-3.20010860e+00 -1.90530902e-01  1.20652945e-01  1.08741270e+01
  3.44250374e+02] 10.87646525759975
[-3.19232624e+00 -2.08365570e-01 -1.17719842e-01  1.08773040e+01
  3.46771700e+02] 10.879936379624784
[-3.23690141e+00  7.62815441e-02 -1.07494577e-01  1.11800682e+01
  3.48137821e+02] 11.18084514378217
[-3.16405746e+00  2.38271289e-02 -2.14935731e-02  1.09468453e+01
  3.46110065e+02] 10.946892365414238
[-3.17767452e+00 -1.70461179e-01  1.36009111e-01  1.09812448e+01
  3.46994459e+02] 10.983409896990583
[-3.21989135e+00 -1.07072885e-02 -1.34313540e-01  1.08777736e+01
  3.46603214e+02] 10.878608041774907
[-3.15255300e+00  5.52161408e-02  1.11101599e-01  1.05806055e+01
  3.43541934e+02] 10.581332850565275
[-3.23657521e+00  4.43033344e-02 -1.68276366e-02  1.08107802e+01
  3.43403134e+02] 10.810884027210198
[-3.21074959e+00 -1.96792312e-01  2.15135382e-01  1.08176240e+01
  3.44403604e+02] 10.821552532914131
[-3.32558644e+00  1.89329625e-01 -6.50825455e-02  1.09710940e+01
  3.45906764e+02] 10.972920533183453
[-3.19182332e+00 -1.99354181e-01 -3.24135814e-01  1.08445491e+01
  3.47373414e+02] 10.8512234975725
[-3.26718181e+00 -2.75511569e-01  6.87375261e-02  1.08979988e+01
  3.47388350e+02] 10.90169751933609
[-3.29464931e+00  1.76839982e-02 -1.63783126e-01  1.07239601e+01
  3.43222412e+02] 10.72522527721473
[-3.26309318e+00  7.30630770e-02 -2.44072246e-01  1.08673963e+01
  3.44995061e+02] 10.870382363989785
[-3.19706616e+00  6.70860768e-02 -5.18542466e-02  1.08127508e+01
  3.45183914e+02] 10.813083275433254
[-3.25654426e+00 -8.11516438e-02  3.26241892e-02  1.07575637e+01
  3.43810052e+02] 10.757919282557157
[-3.17088321e+00  4.74295062e-03  2.15648191e-01  1.07813577e+01
  3.41381897e+02] 10.783515178131584
[-3.32471901e+00 -8.50833981e-02 -1.52507428e-01  1.11095182e+01
  3.45776689e+02] 11.110890663211432
[-3.28757161e+00 -2.09871186e-01  1.07231027e-01  1.08916267e+01
  3.45412529e+02] 10.894176289181306
[-3.23221730e+00  4.94918482e-02  5.70594035e-02  1.10245330e+01
  3.45715540e+02] 11.02479175181404
[-3.31268397e+00 -2.43592966e-01 -6.70720243e-02  1.09176870e+01
  3.44639068e+02] 10.920610155721771
[-3.20996115e+00  2.52170686e-02 -2.15988268e-01  1.08086847e+01
  3.44353297e+02] 10.810871895776138
[-3.27482624e+00  5.28169671e-03 -3.35109176e-02  1.08880010e+01
  3.44242272e+02] 10.888053880099125
[-3.19623164e+00 -3.30803232e-02  9.53344485e-02  1.07356304e+01
  3.42844560e+02] 10.736104684096352
[-3.26102574e+00 -3.96627464e-02 -2.09425024e-01  1.08395785e+01
  3.45343614e+02] 10.841673931423252
[-3.21561844e+00  2.65846994e-02  2.64840509e-01  1.06389400e+01
  3.43577858e+02] 10.642269113177354
[-3.29302566e+00 -6.10783138e-02  1.16980503e-01  1.08957076e+01
  3.44962483e+02] 10.896506777317192
[-3.19110628e+00 -3.24923388e-02  1.36777013e-01  1.08189593e+01
  3.44572830e+02] 10.819872664700108
[-3.25800995e+00 -7.05746249e-02 -2.14336386e-01  1.07984548e+01
  3.42978344e+02] 10.800812361467782
[-3.16749129e+00  1.65731181e-02 -1.83752850e-02  1.09298216e+01
  3.46020473e+02] 10.92984961430535
[-3.23941729e+00  2.40942530e-01 -2.82961650e-01  1.07969289e+01
  3.45576568e+02] 10.803323338769165
[-3.23985828e+00 -2.20496211e-01  8.39583997e-02  1.08069876e+01
  3.45046110e+02] 10.809562809471915
[-3.24876763e+00 -9.86171635e-02 -1.67995212e-01  1.10910518e+01
  3.46783920e+02] 11.092762446451633
[-3.25392393e+00 -3.05167979e-01  3.16271225e-01  1.08756120e+01
  3.46418372e+02] 10.884488596182644
[-3.22324997e+00  4.73782363e-02  2.90479525e-01  1.08078084e+01
  3.46480546e+02] 10.811815104334933
[-3.16443956e+00 -1.81702374e-01 -3.38087392e-01  1.09027206e+01
  3.47142833e+02] 10.90947460757159
[-3.20218928e+00  6.56360283e-02  2.10575017e-01  1.06379399e+01
  3.43040038e+02] 10.640226229807592
[-3.21856468e+00  1.61858536e-01 -9.70503619e-02  1.08589966e+01
  3.44672433e+02] 10.860636422372355
[-3.22327023e+00 -4.14945264e-02  1.27758407e-01  1.06540115e+01
  3.44297193e+02] 10.654858274910929
[-3.15403835e+00  1.14505640e-01 -3.23705585e-02  1.06421277e+01
  3.44470419e+02] 10.642792919283844
[-3.21810782e+00  2.11149718e-01  3.01212537e-01  1.07807027e+01
  3.45828853e+02] 10.786976623947215
[-3.21904859e+00  1.55857362e-02  1.38587980e-01  1.05757298e+01
  3.42810104e+02] 10.576649277551185
[-3.21028143e+00  1.98139376e-01 -1.73138323e-01  1.07894689e+01
  3.46728018e+02] 10.792676971223017
[-3.22641584e+00  2.73099875e-01 -7.05251163e-02  1.08509217e+01
  3.45508774e+02] 10.854587037893781
[-3.19733928e+00  4.88398228e-02  2.33671747e-01  1.07701621e+01
  3.45353139e+02] 10.772807416830819
[-3.28654254e+00  1.88180475e-01 -6.24128013e-02  1.08545467e+01
  3.44749875e+02] 10.85635718066439
[-3.14370295e+00  2.62130557e-01  1.55553572e-01  1.07502392e+01
  3.43356258e+02] 10.754559591131283
[-3.20028472e+00 -1.86676376e-01 -5.80241619e-02  1.09209631e+01
  3.46292489e+02] 10.922712571688377
[-3.20666316e+00 -4.04745005e-01 -8.66586788e-02  1.07139594e+01
  3.44625997e+02] 10.72195201221446
[-3.19538680e+00  6.18066252e-02 -2.77584522e-01  1.06989434e+01
  3.43997009e+02] 10.702722262251518
[-3.25487556e+00  1.26738592e-01 -2.43179280e-01  1.08481754e+01
  3.45559272e+02] 10.851640779440794
[-3.25541722e+00  7.81137903e-02 -1.81613593e-01  1.06018381e+01
  3.41932882e+02] 10.603681291632329
[-3.18266558e+00 -1.70109299e-01 -1.07822550e-03  1.06833052e+01
  3.45555733e+02] 10.684659499112524
[-3.20102877e+00 -1.57642404e-06 -1.53001452e-01  1.07117675e+01
  3.45507858e+02] 10.712860180259826
[-3.20653752e+00  5.78586517e-02  1.97609437e-01  1.07186849e+01
  3.43333986e+02] 10.720662441997412
[-3.21055168e+00  5.27436678e-02  9.73179032e-02  1.07074923e+01
  3.45065293e+02] 10.70806440515187
[-3.24792609e+00 -3.81862289e-02  7.79478299e-02  1.06880290e+01
  3.43585457e+02] 10.688381400421086
[-3.18220019e+00 -2.22341725e-02 -4.76593572e-02  1.05923507e+01
  3.43701895e+02] 10.592481249797359
[-3.28805261e+00  2.10665589e-01  1.69619832e-01  1.08734663e+01
  3.45210379e+02] 10.876829549839304
[-3.23146501e+00 -6.25342155e-02  4.41824785e-02  1.08095080e+01
  3.43797013e+02] 10.809779166456043
[-3.24571258e+00  7.10993107e-02 -2.01624519e-01  1.08412941e+01
  3.45875017e+02] 10.843401932433567
[-3.26798907e+00  1.19111852e-01 -2.83673879e-01  1.09556002e+01
  3.46381567e+02] 10.959919491196969
[-3.26991409e+00  1.70605937e-01  3.96485022e-01  1.08598963e+01
  3.43903296e+02] 10.868470638820925
[-3.17806749e+00  8.44788005e-02  2.96647026e-02  1.08377612e+01
  3.45852069e+02] 10.838131034527331
[-3.27500969e+00 -3.67017564e-01  1.09157919e-01  1.09787502e+01
  3.46469479e+02] 10.985425518464721
[-3.23130971e+00  1.66898072e-01 -3.97477733e-03  1.10564489e+01
  3.47553323e+02] 11.057709170132533
[-3.25191437e+00 -1.96144817e-02  6.72545099e-02  1.08808925e+01
  3.45030693e+02] 10.88111800591583
[-3.28789007e+00 -3.06739185e-02 -1.62409447e-02  1.07547058e+01
  3.42182284e+02] 10.754761820157265
[-3.19154769e+00  3.38220805e-02 -6.81972723e-02  1.10876360e+01
  3.45139424e+02] 11.087897315870714
[-3.23856403e+00 -1.35344798e-01  2.16738588e-01  1.07432235e+01
  3.45919189e+02] 10.746261907350181
[-3.16875129e+00 -1.16032799e-01  1.32667740e-01  1.06258222e+01
  3.45307652e+02] 10.627283860986829
[-3.24642572e+00 -1.46159755e-01 -1.23619488e-01  1.08047596e+01
  3.42547101e+02] 10.80645525912337
[-3.16158988e+00  1.36115119e-01  1.68751683e-01  1.06148164e+01
  3.43067773e+02] 10.617030222834694
[-3.23151168e+00 -6.25773360e-02  1.45898746e-01  1.08091328e+01
  3.46067622e+02] 10.810298538157415
[-3.22472802e+00  2.45183303e-01 -1.73452478e-01  1.07822262e+01
  3.44543532e+02] 10.78640823811393
[-3.22987594e+00 -2.58545444e-02  1.72917776e-01  1.06287687e+01
  3.42983737e+02] 10.630206618819523
[-3.18960832e+00 -1.35280727e-01 -1.38984867e-01  1.07107605e+01
  3.43540109e+02] 10.712516406477178
[-3.23433374e+00 -7.42125908e-02  1.55936846e-02  1.05308556e+01
  3.41956603e+02] 10.531128643821436
[-3.23449212e+00 -5.30990856e-02 -1.20707042e-01  1.09640383e+01
  3.47047508e+02] 10.96483126040918
[-3.23876246e+00 -2.66907679e-02 -8.75999222e-02  1.06119865e+01
  3.44614342e+02] 10.612381612683853
[-3.19311579e+00  2.20947336e-01  2.63654074e-01  1.10164741e+01
  3.47012094e+02] 11.021843442597985
[-3.24858089e+00  3.85963792e-02  3.95811270e-02  1.09048929e+01
  3.46692932e+02] 10.905032986224608
[-3.16262371e+00  1.17767306e-01  1.65973866e-01  1.07132543e+01
  3.44305176e+02] 10.715187088468946
[-3.21766601e+00 -2.99174768e-01  3.29451894e-01  1.07941832e+01
  3.43941852e+02] 10.803352936324067
[-3.27114021e+00  1.00117971e-01  2.11389233e-01  1.08349843e+01
  3.44727847e+02] 10.83750867946914
[-3.23587429e+00  9.99357512e-03  1.49003674e-01  1.07091618e+01
  3.44724065e+02] 10.71020300557333
[-3.18859458e+00 -9.24155101e-02 -2.53220589e-01  1.08478863e+01
  3.44997270e+02] 10.851234913997178
[-3.26118091e+00 -2.28124109e-01  1.21668279e-01  1.08874802e+01
  3.43940252e+02] 10.89054948372255
[-3.20207446e+00 -9.40125809e-02  1.76739419e-01  1.08129563e+01
  3.45348529e+02] 10.814809266613091
[-3.29136001e+00 -8.96948220e-02 -2.12893101e-01  1.06306367e+01
  3.42008283e+02] 10.633146491767025
[-3.27321069e+00 -5.15199678e-03  1.47445177e-01  1.07703406e+01
  3.45224450e+02] 10.771351061296699
[-3.33736645e+00 -2.08157102e-01  4.42284446e-02  1.06790474e+01
  3.45391091e+02] 10.681167479644731
[-3.18271596e+00  1.85797874e-01  1.21979218e-01  1.08993556e+01
  3.44472091e+02] 10.901621524713633
[-3.16512236e+00 -5.14765044e-02  1.68421628e-01  1.08747956e+01
  3.45203353e+02] 10.876221551571554
[-3.20537194e+00  1.29266723e-02  2.47858584e-01  1.07903422e+01
  3.45364828e+02] 10.793196268436757
[-3.21180835e+00  3.19572466e-01  6.26165113e-03  1.09869073e+01
  3.48209110e+02] 10.991555722052
[-3.17438053e+00 -1.31615297e-01  3.63522487e-02  1.07231494e+01
  3.42592851e+02] 10.724018746071714
[-3.28589554e+00  1.47505144e-02 -9.67218578e-02  1.08712289e+01
  3.44177717e+02] 10.871669151743808
[-3.16234938e+00  4.26912228e-01 -3.20968461e-02  1.09354841e+01
  3.45995516e+02] 10.943861110948303
[-3.17103901e+00 -1.95672116e-01 -5.55477129e-02  1.07200195e+01
  3.43134596e+02] 10.72194908200682
[-3.21946432e+00 -2.97167667e-01 -9.68150120e-02  1.08008350e+01
  3.44470459e+02] 10.805356003247708
[-3.18621121e+00  7.71772163e-03 -2.39799778e-01  1.10332798e+01
  3.47404615e+02] 11.035888123338015
[-3.31933670e+00  1.03604765e-01  3.32883735e-01  1.10060579e+01
  3.46006197e+02] 11.011578302479215
[-3.25968133e+00  1.88028528e-01  6.46289693e-02  1.07516993e+01
  3.45683135e+02] 10.753537534784423
[-3.27726521e+00  2.42863132e-02  1.68788623e-02  1.07786028e+01
  3.43709612e+02] 10.778643397599433
[-3.19423354e+00 -2.03931003e-01  1.80509740e-01  1.10118109e+01
  3.47529582e+02] 11.015178220386613
[-3.25916339e+00 -2.75640028e-01  4.48501830e-02  1.08597435e+01
  3.44555524e+02] 10.863333607127176
[-3.27449077e+00  2.20116110e-01 -2.91771465e-01  1.10194200e+01
  3.44838611e+02] 11.025479517028334
[-3.25746744e+00 -1.00663614e-01 -1.52452457e-01  1.08618949e+01
  3.45956981e+02] 10.863431156888058
[-3.26743967e+00  2.69519962e-01 -1.92894548e-01  1.04314067e+01
  3.42128388e+02] 10.436670651615286
[-3.17423428e+00 -1.76603452e-01 -2.35435247e-01  1.08462634e+01
  3.46318856e+02] 10.850255638473977
[-3.25378412e+00  5.93568482e-02 -1.76972004e-01  1.08587123e+01
  3.44946442e+02] 10.860316507713215
[-3.24212573e+00  4.25793471e-02 -1.92743986e-02  1.08861440e+01
  3.44345610e+02] 10.886244321538738
[-3.28288434e+00 -1.27909285e-01  1.85427813e-01  1.07088019e+01
  3.43858221e+02] 10.711170925499868
[-3.17474283e+00  2.32466105e-01  4.12558305e-02  1.08763196e+01
  3.45528617e+02] 10.878881842850149
[-3.20222834e+00 -3.19018550e-02  1.89938598e-01  1.08817346e+01
  3.46107979e+02] 10.883438912441926
[-3.17029342e+00  1.08939506e-01 -1.67006884e-01  1.07315041e+01
  3.44000017e+02] 10.733356364002027
[-3.26048061e+00  9.38813298e-02 -2.94029853e-02  1.09510705e+01
  3.46302825e+02] 10.951512418420577
[-3.20093016e+00  2.87249556e-02 -2.91294596e-01  1.10378722e+01
  3.48394127e+02] 11.041752603428753
[-3.28511579e+00  1.16311170e-01 -5.89641399e-02  1.07164611e+01
  3.46124653e+02] 10.717254476532748
[-3.32193642e+00 -2.24042457e-01  4.46984740e-02  1.08958168e+01
  3.44807606e+02] 10.898211590101862
[-3.33985456e+00  1.72755551e-01  1.25568582e-02  1.11182752e+01
  3.46698783e+02] 11.119624371270417
[-3.21965339e+00 -1.14955406e-01  1.24623679e-01  1.10537519e+01
  3.48462748e+02] 11.055052119255002
[-3.29164183e+00  4.25985054e-01  2.29364827e-01  1.06979187e+01
  3.42767621e+02] 10.708853166595292
[-3.17697144e+00 -2.55480869e-03 -1.33647679e-01  1.09514195e+01
  3.46680790e+02] 10.952235227651496
[-3.18099143e+00  3.89978506e-02  1.90269782e-01  1.09623532e+01
  3.47084251e+02] 10.964073622861537
[-3.20787108e+00  2.88752450e-02 -2.15351309e-01  1.09137761e+01
  3.46842628e+02] 10.915938764405748
[-3.27941285e+00 -9.16266801e-02  6.78808265e-02  1.09739207e+01
  3.46422813e+02] 10.974513125139369
[-3.31639172e+00  1.72860975e-02 -1.36496185e-01  1.09209384e+01
  3.45945764e+02] 10.92180509701499
[-3.33168655e+00  3.26042163e-01  1.81762576e-01  1.09245088e+01
  3.45891705e+02] 10.930884407279654
[-3.19065925e+00 -7.57849244e-02  7.20615745e-02  1.07482101e+01
  3.44927829e+02] 10.748718848003596
[-3.17860715e+00 -1.16420844e-01 -2.86195506e-01  1.09054191e+01
  3.45236095e+02] 10.90979498060213
[-3.19270091e+00 -2.92811828e-01  2.87981609e-02  1.06846176e+01
  3.44157835e+02] 10.688667938230582
[-3.29080944e+00  6.01885038e-02  6.49009985e-02  1.11553352e+01
  3.48827394e+02] 11.155686333668177
[-3.24598680e+00 -6.90394119e-02  1.61361717e-01  1.09143025e+01
  3.43396025e+02] 10.915713627118084
[-3.15659999e+00  1.47242903e-01 -1.75336698e-01  1.08636427e+01
  3.47117533e+02] 10.866055218995717
[-3.19582888e+00 -6.25080258e-02 -3.76061687e-02  1.07740882e+01
  3.43399914e+02] 10.774335179825501
[-3.18228919e+00 -1.00176881e-01  3.48509420e-02  1.07221948e+01
  3.45907432e+02] 10.72271943173287
[-3.16516373e+00 -1.42037328e-01 -5.86519187e-02  1.11095799e+01
  3.49415390e+02] 11.110642698999726
[-3.21038335e+00 -2.37489636e-01  3.29293010e-03  1.09029999e+01
  3.46547790e+02] 10.905586634053504
[-3.25058707e+00 -2.53797322e-01 -7.86159332e-02  1.07901415e+01
  3.43807581e+02] 10.793412226884861
[-3.20644016e+00 -2.81383652e-01 -2.23128110e-01  1.06687837e+01
  3.45203319e+02] 10.674825897500563
[-3.18537445e+00 -6.88414749e-02  2.75129092e-01  1.05873053e+01
  3.43067707e+02] 10.591103280727955
[-3.20244266e+00 -2.53108089e-01 -1.69064260e-01  1.06833612e+01
  3.45951891e+02] 10.687696287984608
[-3.16682033e+00 -9.10946310e-02 -1.56648579e-02  1.07074657e+01
  3.46671159e+02] 10.707864685101287
[-3.22781805e+00 -1.37973316e-01 -1.05775312e-01  1.07819316e+01
  3.46669517e+02] 10.783333114860941
[-3.28746995e+00  2.18891390e-01  1.24437098e-01  1.09862537e+01
  3.46862310e+02] 10.989138621308246
[-3.28376047e+00  5.78812562e-02  2.09216203e-01  1.09121295e+01
  3.44272489e+02] 10.91428838797695
[-3.28728022e+00  3.20088352e-03  2.14715671e-01  1.09844165e+01
  3.46505965e+02] 10.986515364280349
[-3.25833094e+00 -2.37408084e-01  7.95119570e-02  1.09889272e+01
  3.45928992e+02] 10.991779026128222
[-3.25624188e+00 -1.13127860e-01  3.77469942e-02  1.09162156e+01
  3.44084625e+02] 10.91686699820741
[-3.22026253e+00  1.66551783e-01  8.43286517e-02  1.06132135e+01
  3.44064482e+02] 10.614855230763323
[-3.25275948e+00  1.00876010e-01  1.92884416e-01  1.06817715e+01
  3.45021443e+02] 10.683989094913699
[-3.18739476e+00  6.90639588e-03  5.66845621e-02  1.08129750e+01
  3.45611948e+02] 10.813125781052715
[-3.18029673e+00 -1.63678356e-01 -1.13956501e-01  1.08450345e+01
  3.45097223e+02] 10.846868201723517
[-3.17366465e+00  1.84018001e-01  1.00630191e-01  1.07123101e+01
  3.45157757e+02] 10.714363103814406
[-3.27015248e+00 -2.25210559e-01  1.01656240e-01  1.10343981e+01
  3.45372374e+02] 11.037164253390605
[-3.25092221e+00 -6.02826112e-02 -1.58270177e-01  1.12139901e+01
  3.46052252e+02] 11.215268954499551
[-3.19109917e+00 -5.76260494e-02 -1.42144072e-01  1.10367055e+01
  3.45515000e+02] 11.037771195401216
[-3.22405592e+00  2.73613273e-01  1.57109451e-01  1.08408964e+01
  3.44482623e+02] 10.84548668387705
[-3.19225386e+00  4.72094063e-03  1.90802541e-01  1.06158601e+01
  3.43820646e+02] 10.617575724235289
[-3.22745601e+00 -2.48243080e-01 -8.06838854e-02  1.10470479e+01
  3.43448085e+02] 11.050131324315016
[-3.25316806e+00 -1.23612427e-01 -1.41397177e-01  1.08500959e+01
  3.42487825e+02] 10.851721257832667
[-3.16894225e+00  1.79036396e-01 -1.75004105e-01  1.07336385e+01
  3.43098736e+02] 10.736557964256619
[-3.28841024e+00 -1.26602062e-01 -2.39080643e-01  1.10708949e+01
  3.45900198e+02] 11.07419978903552
[-3.16956963e+00 -2.53463734e-01 -1.87916648e-01  1.06972642e+01
  3.45313392e+02] 10.701916522650757
[-3.24185163e+00  7.91333045e-02  9.45625731e-02  1.05158638e+01
  3.40738522e+02] 10.51658668602409
[-3.32258375e+00 -2.17601840e-01  6.76569486e-02  1.11038544e+01
  3.46360721e+02] 11.106192393381345
[-3.24186556e+00  7.24815325e-02 -6.32513538e-02  1.07446341e+01
  3.44304868e+02] 10.745064704120844
[-3.19906658e+00 -7.36233049e-02 -7.34007553e-02  1.11257972e+01
  3.47837312e+02] 11.126282928857682
[-3.24881628e+00 -9.06319281e-02 -1.36770801e-01  1.06993566e+01
  3.42899675e+02] 10.700614597589304
[-3.22931567e+00 -5.22662844e-02 -1.59884374e-01  1.07569213e+01
  3.45360333e+02] 10.758236407489674
[-3.27977248e+00 -2.22067792e-01  3.94742121e-02  1.08818377e+01
  3.44750556e+02] 10.884174955820429
[-3.23522551e+00  2.68645562e-02  1.67873710e-01  1.09740404e+01
  3.48037618e+02] 10.97535720617344
[-3.23939891e+00  3.25382176e-01 -5.15231661e-02  1.07523594e+01
  3.43968234e+02] 10.757404932822517
[-3.23509337e+00  6.93244848e-02  3.16522731e-02  1.07906172e+01
  3.42870422e+02] 10.790886293299282
[-3.22804146e+00  1.87459157e-01 -4.17499654e-02  1.06037372e+01
  3.42492061e+02] 10.605476241594458
[-3.25398678e+00  2.54769713e-01  7.45834118e-02  1.09291935e+01
  3.46282854e+02] 10.932416928589465
[-3.27216386e+00  1.74171315e-01  5.68671155e-02  1.09690354e+01
  3.45859661e+02] 10.970565531995634
[-3.21509456e+00  1.83534256e-01 -3.71483233e-02  1.08789532e+01
  3.45294718e+02] 10.880564639785618
[-3.27551883e+00 -2.56408905e-01  3.13028429e-01  1.07472066e+01
  3.42674122e+02] 10.75482135377692
[-3.26751997e+00 -2.89548284e-01 -2.84001844e-01  1.11578528e+01
  3.48585628e+02] 11.165221611989775
[-3.25115067e+00 -1.91158640e-01  3.80127715e-02  1.06837575e+01
  3.43824892e+02] 10.685535159962782
[-3.10288077e+00 -6.71102148e-02 -2.14647518e-01  1.05134714e+01
  3.43854362e+02] 10.515876482239769
[-3.17621631e+00  1.51593048e-01  8.60889458e-02  1.09622427e+01
  3.47058125e+02] 10.963628851106495
[-3.24728490e+00 -6.73780858e-03 -5.89137534e-02  1.07950817e+01
  3.44765543e+02] 10.795244519437842
[-3.30160728e+00 -1.87209296e-01 -2.10288188e-01  1.08395773e+01
  3.45930357e+02] 10.84323311789216
[-3.16604252e+00 -6.64888668e-03  7.96974142e-02  1.06548772e+01
  3.44387820e+02] 10.655177307588865
[-3.13288401e+00 -9.82623938e-02  1.31913210e-02  1.08560176e+01
  3.47409674e+02] 10.856470343241503
[-3.27325757e+00  1.84225336e-01  1.71747747e-01  1.08637311e+01
  3.43760609e+02] 10.866650304254245
[-3.30845038e+00 -1.63452567e-01 -6.69604101e-02  1.07879814e+01
  3.44157262e+02] 10.789427404926442
[-3.28095167e+00  7.77927293e-02 -1.91613602e-02  1.11624717e+01
  3.47178711e+02] 11.162759178330713
[-3.24801795e+00 -1.21546859e-01 -6.83342657e-03  1.09890818e+01
  3.43867646e+02] 10.989756107664874
[-3.24134331e+00  8.32559158e-02 -1.80218916e-01  1.07819449e+01
  3.42634977e+02] 10.783772385760036
[-3.18881916e+00  1.75673295e-01  2.55779421e-03  1.09834675e+01
  3.45463325e+02] 10.984872645336807
[-3.20565183e+00  2.23645359e-01 -5.12522503e-02  1.09497637e+01
  3.45888734e+02] 10.952167342309362
[-3.20857856e+00  1.90076160e-01 -2.21926605e-01  1.05667035e+01
  3.43193660e+02] 10.570742788503088
[-3.23789696e+00  1.53458740e-01  2.16231485e-03  1.08961679e+01
  3.46832643e+02] 10.897248741942628
[-3.27799741e+00 -1.72392533e-03 -1.15978281e-01  1.06693518e+01
  3.42030780e+02] 10.66998227705171
[-3.20776773e+00  1.40841711e-01 -1.32570612e-01  1.07350384e+01
  3.42277088e+02] 10.736780703766653
[-3.19826470e+00 -9.94149220e-02  1.15007515e-01  1.08060015e+01
  3.45793254e+02] 10.807070757961242
[-3.31067725e+00  3.65056372e-01  6.00694756e-02  1.10343203e+01
  3.47275010e+02] 11.040520737353601
[-3.18548563e+00 -1.55425984e-01 -1.62903798e-01  1.05689439e+01
  3.43877144e+02] 10.5713419327686
[-3.21230589e+00 -3.93339740e-03 -4.86026030e-02  1.08425171e+01
  3.45718794e+02] 10.842626717036888
[-3.30520622e+00 -5.33502524e-02 -4.91871543e-02  1.08187159e+01
  3.44785111e+02] 10.818959271335624
[-3.25882033e+00 -2.25838174e-01  3.65869992e-02  1.09029645e+01
  3.45127927e+02] 10.905364573571648
[-3.27387303e+00 -4.89610829e-02 -2.60114346e-01  1.07769899e+01
  3.44243591e+02] 10.780239658668158
[-3.23703809e+00 -9.95180610e-02 -2.15846250e-01  1.09058298e+01
  3.44734491e+02] 10.908419537314353
[-3.31579765e+00  8.91433830e-03 -9.09079738e-02  1.09628450e+01
  3.45709832e+02] 10.963225561494955
[-3.15976404e+00  1.12236368e-01 -9.98056971e-02  1.06971670e+01
  3.44340999e+02] 10.69822131421736
[-3.20612396e+00  8.03093190e-02 -1.26768630e-02  1.08696796e+01
  3.45799160e+02] 10.86998363056014
[-3.26160881e+00  2.58396109e-01 -4.04660365e-02  1.08463694e+01
  3.45052564e+02] 10.849522388510689
[-3.24304579e+00  3.64580775e-02  7.10990882e-02  1.05319613e+01
  3.40849233e+02] 10.532264429585572
[-3.20911065e+00  5.95151036e-03 -2.19841059e-01  1.05758390e+01
  3.42180023e+02] 10.5781253293662
[-3.26080443e+00  1.20877237e-01  3.09932765e-02  1.12588192e+01
  3.47586211e+02] 11.259510720523153
[-3.26771203e+00  1.08978309e-01 -1.70521574e-02  1.05331490e+01
  3.42955446e+02] 10.533726540334793
[-3.18458293e+00 -7.35311985e-02  6.16995524e-02  1.07314964e+01
  3.44853680e+02] 10.731925684993035
[-3.22570365e+00 -1.40328493e-01  7.31628737e-02  1.09567833e+01
  3.46744670e+02] 10.957926122439838
[-3.18690956e+00 -6.87581659e-02 -1.40175266e-01  1.05890863e+01
  3.44691811e+02] 10.590237226959065
[-3.28594262e+00  8.41434076e-02  8.13885211e-02  1.07756963e+01
  3.43366784e+02] 10.776332135796899
[-3.14434476e+00  3.27644098e-01  3.27453003e-01  1.09610618e+01
  3.46151031e+02] 10.97084549641412
[-3.30621612e+00  1.93121201e-02  1.36595040e-01  1.08557656e+01
  3.45483952e+02] 10.856642095034546
[-3.28209210e+00 -3.88120799e-02  4.41701721e-02  1.08198113e+01
  3.43002590e+02] 10.819971066519601
[-3.22950174e+00 -9.32614002e-02  1.52512360e-01  1.08272030e+01
  3.45292609e+02] 10.828678699249327
[-3.23483295e+00  1.11829464e-02 -1.22492541e-01  1.09916758e+01
  3.46780293e+02] 10.992364037143798
[-3.28485285e+00  1.23632635e-01 -2.40604409e-01  1.05912152e+01
  3.44047811e+02] 10.594669156455689
[-3.19961423e+00  1.71667460e-01 -3.66141356e-01  1.09939566e+01
  3.46321756e+02] 11.001391329671527
[-3.14766199e+00  5.60694144e-02  2.47168816e-01  1.07633136e+01
  3.44353210e+02] 10.766297255447492
[-3.29355351e+00 -1.36296473e-02  4.90765637e-02  1.09762268e+01
  3.45219152e+02] 10.976344930586135
[-3.19008752e+00 -1.27241408e-01 -2.66835325e-02  1.08053332e+01
  3.46522645e+02] 10.80611530097783
[-3.19437955e+00 -8.04436293e-02  1.07284194e-01  1.07321858e+01
  3.43601108e+02] 10.73302349509284
[-3.19914868e+00 -5.03652165e-02 -1.15087249e-01  1.09284720e+01
  3.46042107e+02] 10.9291940331109
[-3.27316387e+00 -4.47073200e-02  6.85386519e-02  1.10074055e+01
  3.46529055e+02] 11.007709711302684
[-3.17086514e+00  1.90750399e-01 -1.80498711e-01  1.06523037e+01
  3.45173795e+02] 10.655540348024898
[-3.23283378e+00  1.19223418e-01 -2.28515093e-01  1.06664481e+01
  3.45375720e+02] 10.669561729032857
[-3.15041193e+00  7.56398821e-02 -2.96142465e-01  1.10083666e+01
  3.47562656e+02] 11.012608958368604
[-3.20836216e+00  3.72699267e-01  1.11919535e-01  1.08263765e+01
  3.45797899e+02] 10.833367847214426
[-3.19222119e+00 -6.76065906e-02  1.31770427e-02  1.09221974e+01
  3.45861762e+02] 10.922414586088058
[-3.28602865e+00 -6.85903307e-02  8.54508294e-02  1.06336173e+01
  3.42004305e+02] 10.634181792636848
[-3.26452452e+00 -2.45527154e-01  1.98528933e-01  1.06735987e+01
  3.42443760e+02] 10.678267977328101
[-3.19393117e+00  1.53256446e-01 -1.10903913e-02  1.07696609e+01
  3.44490456e+02] 10.770756956047666
[-3.21512972e+00 -1.35387012e-01 -1.45697065e-01  1.09239139e+01
  3.46017524e+02] 10.92572434206872
[-3.19769937e+00  2.10178912e-02  7.70581692e-02  1.08652634e+01
  3.46409599e+02] 10.865557011834726
[-3.19564255e+00  6.67313156e-02  1.14433888e-01  1.07053227e+01
  3.43424942e+02] 10.7061422846581
[-3.25737862e+00 -2.94184964e-01 -3.26588661e-02  1.09514707e+01
  3.46520278e+02] 10.955469978202546
[-3.26847735e+00 -4.38100457e-02  4.14329684e-02  1.10375274e+01
  3.49055146e+02] 11.037692061431146
[-3.20621089e+00 -5.30670356e-03  1.02948817e-01  1.06055032e+01
  3.45555135e+02] 10.606004168356444
[-3.26129783e+00  1.13200094e-01 -2.13722597e-01  1.08896949e+01
  3.43902180e+02] 10.892380216518607
[-3.28546229e+00  1.87372720e-01  2.71281418e-01  1.07886489e+01
  3.43233138e+02] 10.793685554675752
[-3.20624542e+00 -1.52918909e-01  2.62948084e-01  1.06238394e+01
  3.46750956e+02] 10.628193191795539
[-3.28684151e+00  1.99853966e-01  6.19293377e-02  1.07865172e+01
  3.42295818e+02] 10.788546282737574
[-3.26964786e+00  2.33504424e-01  7.67313270e-02  1.09094575e+01
  3.43812846e+02] 10.91222593901641
[-3.27703344e+00 -1.38546074e-01 -6.97771458e-02  1.07979912e+01
  3.45255753e+02] 10.79910538774643
[-3.23897076e+00  8.77899372e-02 -3.37560535e-02  1.09114332e+01
  3.44942426e+02] 10.911838598629803
[-3.23133976e+00  1.26926078e-01  1.43610719e-01  1.09882770e+01
  3.47603312e+02] 10.989948431875177
[-3.34479986e+00 -1.02644260e-02 -3.23604755e-02  1.06287923e+01
  3.41305458e+02] 10.628846552457006
[-3.18951696e+00  1.00656064e-01 -4.00680693e-01  1.06596647e+01
  3.43198065e+02] 10.667667370577405
[-3.16769615e+00 -5.27103701e-02 -1.62439724e-02  1.10177153e+01
  3.47718663e+02] 11.017853321834128
[-3.20262132e+00 -1.99991010e-01  9.10596297e-02  1.06219361e+01
  3.42726162e+02] 10.624208941541998
[-3.19099670e+00  1.66379775e-02  2.16667820e-01  1.06635509e+01
  3.42054031e+02] 10.665764846649076
[-3.18691916e+00 -2.42636125e-01  2.46743958e-01  1.09096676e+01
  3.47753189e+02] 10.915154707527838
[-3.21202198e+00  2.02997400e-01  1.77177266e-01  1.09468263e+01
  3.47857352e+02] 10.950141790440641
[-3.23168300e+00 -1.43179882e-01 -9.84108247e-02  1.10387634e+01
  3.48237490e+02] 11.040130530064268
[-3.23036986e+00 -1.61614459e-01  4.74044753e-02  1.08392363e+01
  3.45958706e+02] 10.84054468121018
[-3.27532690e+00 -4.01180204e-03 -3.26179005e-01  1.09372559e+01
  3.45798108e+02] 10.942119352640706
[-3.20475832e+00 -2.48557873e-01  1.95165200e-01  1.08022500e+01
  3.45262961e+02] 10.80687173076986
[-3.23111173e+00 -3.35528042e-02  4.86679879e-03  1.07823422e+01
  3.42517933e+02] 10.782395547775476
[-3.24737096e+00 -2.58653375e-01 -2.03452328e-01  1.07446273e+01
  3.44624749e+02] 10.74966558514184
[-3.27580766e+00  1.64408043e-03 -1.15066979e-01  1.07819494e+01
  3.42714228e+02] 10.782563530312087
[-3.25240071e+00  1.10404055e-02 -1.21193549e-01  1.07944361e+01
  3.45429364e+02] 10.795122088592619
[-3.16660501e+00 -4.45021033e-02 -3.75234460e-02  1.08964167e+01
  3.45831654e+02] 10.896572146038094
[-3.23305848e+00 -1.19089070e-01 -2.60650451e-02  1.10812206e+01
  3.47654077e+02] 11.081891154971865
[-3.23600332e+00  1.80674304e-01 -1.99735890e-01  1.06627628e+01
  3.44309603e+02] 10.666163708861353
[-3.21596224e+00  6.86996404e-02 -1.55441811e-01  1.06232853e+01
  3.41956945e+02] 10.62464461283328
[-3.24507004e+00 -2.10577049e-01 -2.53766726e-02  1.07632852e+01
  3.46376760e+02] 10.765374831971293
[-3.16421019e+00  1.22598410e-01 -9.80688369e-03  1.04824923e+01
  3.43015407e+02] 10.483213767859382
[-3.27832509e+00 -2.02700356e-01  9.54665876e-02  1.09334189e+01
  3.45737552e+02] 10.935714403291069
[-3.30344193e+00 -2.72633359e-02  1.49774831e-01  1.08183596e+01
  3.46138790e+02] 10.819430639442334
[-3.22635074e+00 -7.69191349e-02 -1.44458705e-01  1.08300069e+01
  3.45357027e+02] 10.831243461761852
[-3.28770113e+00  5.17812395e-02  9.06530795e-02  1.08476249e+01
  3.43586626e+02] 10.848127238214774
[-3.18622560e+00  4.39411252e-02  9.76188517e-02  1.06885219e+01
  3.44913806e+02] 10.689057956151068
[-3.19593645e+00  3.67824180e-01 -5.69443354e-02  1.06164110e+01
  3.43836084e+02] 10.622933697737537
[-3.22037081e+00 -1.39302292e-01 -3.29482628e-02  1.10416713e+01
  3.46400999e+02] 11.042599120207987
[-3.24520794e+00  3.12382090e-01 -5.37774518e-02  1.10617327e+01
  3.46608379e+02] 11.066273282575791
[-3.17096107e+00  8.85950051e-02  1.56961822e-01  1.05916806e+01
  3.42561181e+02] 10.593214018105186
[-3.26114325e+00  1.33562534e-01  2.78411094e-01  1.09091115e+01
  3.45670748e+02] 10.913480856782204
[-3.25162546e+00 -2.60323855e-01 -1.29931401e-01  1.08267582e+01
  3.45508381e+02] 10.830666815984355
[-3.15656924e+00  2.72942863e-01 -2.33664681e-01  1.10073707e+01
  3.46669670e+02] 11.013233212456042
[-3.25649737e+00  1.89284435e-01  5.63217862e-02  1.05467327e+01
  3.42320544e+02] 10.548581525246213
[-3.24016077e+00 -6.79585488e-02  1.57294142e-01  1.09271229e+01
  3.45134034e+02] 10.92846627563379
[-3.27248127e+00 -3.53586118e-01 -7.36989649e-02  1.07789268e+01
  3.44290498e+02] 10.784976464973067
[-3.19644198e+00 -1.14954511e-01  8.67963470e-03  1.07165251e+01
  3.42749973e+02] 10.71714518648965
[-3.23003233e+00  1.91584236e-01 -7.45112847e-02  1.07658547e+01
  3.45699241e+02] 10.767817060959484
[-3.20769051e+00  7.47896476e-02 -3.94193082e-02  1.07582422e+01
  3.45215053e+02] 10.758574382937057
[-3.23140949e+00  2.52242727e-01 -1.98964217e-02  1.07154571e+01
  3.43309166e+02] 10.718444108438499
[-3.27429864e+00  3.85274320e-02 -1.39857857e-01  1.09273054e+01
  3.42285473e+02] 10.928268286037875
[-3.24340311e+00 -1.13611880e-01  3.99389708e-01  1.08496943e+01
  3.45156733e+02] 10.857637194076382
[-3.17928450e+00 -1.72687493e-01  1.21898379e-01  1.08095918e+01
  3.45113334e+02] 10.81165825013944
[-3.25433099e+00 -4.41472590e-02  1.15458464e-01  1.07970210e+01
  3.45389631e+02] 10.797728518766501
[-3.27282818e+00 -1.51313755e-01 -2.26635687e-02  1.08361794e+01
  3.43902491e+02] 10.837259491183067
[-3.17711296e+00 -3.75302710e-03 -2.02357222e-01  1.04166849e+01
  3.41651143e+02] 10.418650895492185
[-3.18503087e+00  6.66136105e-02 -7.94554012e-03  1.08029443e+01
  3.45028272e+02] 10.803152580416116
[-3.27354731e+00 -1.58076754e-01 -1.28362439e-01  1.07032057e+01
  3.43478365e+02] 10.705142594683739
[-3.19081858e+00 -3.23919305e-01 -1.09214127e-01  1.07883513e+01
  3.43881712e+02] 10.793765528998321
[-3.20284140e+00  1.06861025e-03 -1.77533035e-01  1.04945093e+01
  3.43500325e+02] 10.496010851051247
[-3.27433257e+00 -3.68188239e-02 -1.21685291e-01  1.07147717e+01
  3.44422396e+02] 10.715525942423332
[-3.23967133e+00 -8.75906169e-02 -3.41368109e-02  1.05785933e+01
  3.43201971e+02] 10.579011020058104
[-3.31507252e+00  3.30037723e-01 -3.62893064e-01  1.10408021e+01
  3.45244569e+02] 11.051693392849113
[-3.20708506e+00 -3.14415948e-01 -9.68989518e-02  1.07005625e+01
  3.43192407e+02] 10.705619259012254
[-3.19895029e+00 -6.95206610e-02 -4.21139402e-02  1.06628281e+01
  3.43978594e+02] 10.663137891572559
[-3.20625390e+00  2.96772929e-01 -2.62527842e-02  1.03170430e+01
  3.39633659e+02] 10.32134388000076
[-3.14862098e+00  2.29771953e-02  7.99543710e-02  1.05294213e+01
  3.44042287e+02] 10.529749884498115
[-3.21722076e+00  4.58197153e-02  3.07643718e-01  1.09949303e+01
  3.47710589e+02] 10.99932894206353
[-3.25839584e+00  1.69182707e-02 -1.86054432e-02  1.07827047e+01
  3.41871729e+02] 10.7827340444023
[-3.24102479e+00  1.68309779e-01 -3.47835075e-02  1.10537387e+01
  3.47390763e+02] 11.055074764684889
[-3.18987649e+00  1.67269871e-01  2.77899357e-01  1.09289379e+01
  3.45588897e+02] 10.933750043792617
[-3.21044721e+00 -2.93422253e-02 -2.64434285e-01  1.08808823e+01
  3.44858987e+02] 10.884134647376758
[-3.23852228e+00  2.06823109e-01  1.02330680e-01  1.06293965e+01
  3.43443899e+02] 10.631900929045916
[-3.15642229e+00  1.48130215e-01 -3.11290648e-01  1.09639235e+01
  3.45537247e+02] 10.96934193630836
[-3.36372484e+00 -1.44283491e-01 -2.81274799e-01  1.07750574e+01
  3.42080674e+02] 10.779693673441137
[-3.13386393e+00 -1.21351505e-01  1.50656338e-02  1.03568635e+01
  3.42362701e+02] 10.357585361121522
[-3.29169519e+00 -1.19593305e-01  7.42590757e-02  1.09015903e+01
  3.44755773e+02] 10.902499136943577
[-3.15300162e+00  7.51165162e-02 -1.82148203e-01  1.09206018e+01
  3.46110957e+02] 10.922379085402659
[-3.10898519e+00  8.42192472e-02  1.52731265e-01  1.05351929e+01
  3.43828873e+02] 10.536636552917347
[-3.16196465e+00  4.98323563e-02 -1.44967709e-01  1.05156616e+01
  3.42015100e+02] 10.516778839189689
[-3.18238650e+00  2.58230431e-03 -1.90225689e-01  1.07872771e+01
  3.46279923e+02] 10.788954524922302
[-3.30615580e+00  1.56389222e-01 -1.31551509e-02  1.07085015e+01
  3.45266519e+02] 10.709651440243118
[-3.23229311e+00 -3.03200942e-01 -7.98242262e-02  1.10214696e+01
  3.46322886e+02] 11.025928257001084
[-3.27932949e+00 -1.53191150e-01 -9.09657300e-02  1.08526103e+01
  3.46855866e+02] 10.854072622056524
[-3.21474874e+00 -9.84344399e-02 -1.96313128e-01  1.07401456e+01
  3.43386972e+02] 10.742390546304257
[-3.18741451e+00  2.70137900e-01  6.45999433e-03  1.08969917e+01
  3.46122653e+02] 10.900341475057589
[-3.31796233e+00 -1.37172055e-01  2.59030347e-02  1.10416486e+01
  3.42442572e+02] 11.042530982713574
