/mnt/stage/douwei/Simulation/5kt_root/2MeV/5kt_+0.80.root
[-3.01725315e+00  8.63944234e-02  2.23649552e-01  9.05930759e-01
  2.85472742e+02] 0.9371198740871495
[-3.05331195e+00  1.29055709e-01 -3.69719408e-02  5.91273070e-01
  2.86379749e+02] 0.6063218151173333
[-2.99857127e+00 -3.39958849e-01  1.54083955e-01  5.26054680e-01
  2.85367905e+02] 0.6450173722283974
[-3.03419696e+00  1.15673589e-01 -2.25179265e-02  9.58732884e-01
  2.85899154e+02] 0.9659483313513908
[-3.01402412e+00 -9.42916527e-02  3.60452251e-02  4.57760284e-01
  2.85847787e+02] 0.46875862832978016
[-2.92230718e+00  5.04592447e-02 -2.26641382e-01  5.67907392e-01
  2.86481762e+02] 0.6135399399012701
[-3.00824975e+00 -7.54619175e-02  1.78226626e-01  9.61812639e-01
  2.86022461e+02] 0.9810926473860792
[-2.95836797e+00 -4.00623148e-02 -2.64050436e-01  7.11885530e-01
  2.85923453e+02] 0.7603345514817018
[-3.03338004e+00  2.85406236e-01  1.79573268e-01  1.06796083e+00
  2.85340876e+02] 1.1199301788149885
[-3.06670006e+00 -6.76378660e-02 -6.27875283e-03  7.52586103e-01
  2.85544834e+02] 0.7556455160255825
[-2.96494758e+00 -3.34742480e-03  1.95557225e-01  9.86303867e-01
  2.85430341e+02] 1.0055093986705335
[-3.00761457e+00  1.11392036e-01  4.05855578e-01  8.09824161e-01
  2.85449430e+02] 0.9126566211825077
[-2.94456266e+00  1.83057927e-02 -1.97364219e-01  9.43319641e-01
  2.86906025e+02] 0.9639189185593677
[-2.99178008e+00 -5.69548305e-02 -2.83563306e-02  6.66856060e-01
  2.86126207e+02] 0.6698842729927135
[-2.95206126e+00 -1.42705051e-01 -3.42436134e-02  1.24094523e+00
  2.86883544e+02] 1.2495928972450256
[-3.04951897e+00  1.86768390e-01  1.24975970e-01  1.24147490e+00
  2.87410272e+02] 1.2616502535562497
[-2.97856336e+00  2.84655695e-01  7.19297884e-02  6.89596008e-01
  2.86009804e+02] 0.7494967735132235
[-3.01002976e+00  8.15866053e-02 -2.28020782e-01  5.55857743e-01
  2.84994511e+02] 0.606323083486546
[-2.95279566e+00 -1.34808923e-01 -1.49998096e-01  1.10499003e+00
  2.86452671e+02] 1.1232434465284298
[-2.95131256e+00  2.58632497e-01  3.04441988e-01  8.95613838e-01
  2.86793003e+02] 0.9806629593687887
[-2.95824819e+00 -7.40870677e-02 -1.42772051e-01  7.29257743e-01
  2.85718614e+02] 0.7467861860228601
[-3.12558532e+00 -3.82292366e-01 -2.49240369e-01  6.03736398e-01
  2.84786893e+02] 0.7568129572297708
[-2.97311941e+00 -2.86637331e-01 -1.08076158e-01  5.34811024e-01
  2.85655335e+02] 0.616331280370826
[-3.02338438e+00  4.20038224e-01  1.41371455e-01  6.93149403e-01
  2.86219943e+02] 0.8227235819309603
[-2.99129926e+00  2.78880371e-01 -5.12025988e-01  6.95376995e-01
  2.85006140e+02] 0.9074657229495968
[-3.00377190e+00 -2.57171065e-01 -1.05752433e-01  6.70195624e-01
  2.85220320e+02] 0.7255912818172853
[-3.03183812e+00  1.35083706e-01  2.24878893e-01  6.17417442e-01
  2.85566025e+02] 0.6708371057351261
[-3.01626056e+00  2.56237818e-01  2.41620455e-01  7.43723918e-01
  2.86283900e+02] 0.8228994651443629
[-2.95857638e+00 -3.09799957e-01 -2.23889199e-01  6.91377768e-01
  2.86448085e+02] 0.7900035474259828
[-2.99471382e+00 -1.55996934e-02  1.86131490e-01  7.33671854e-01
  2.86095606e+02] 0.7570750762352323
[-2.98395834e+00  2.57760648e-01  2.65669629e-01  7.67303922e-01
  2.85680885e+02] 0.8519250034132081
[-2.92440913e+00  3.82615212e-01 -1.79826912e-01  7.96279577e-01
  2.85814307e+02] 0.9015504881559699
[-2.95607842e+00 -9.87675753e-02 -9.56574893e-02  7.41105539e-01
  2.86465139e+02] 0.7537524851425634
[-3.00375502e+00 -4.03163650e-02  7.32714130e-02  9.96780731e-01
  2.86455539e+02] 1.000282927297403
[-2.99171642e+00 -5.89806135e-02 -3.80813508e-02  9.47163928e-01
  2.84556111e+02] 0.9497622902081332
[-3.01926411e+00  2.12350367e-01  1.33355767e-01  8.60952712e-01
  2.86371275e+02] 0.8967251595686161
[-3.00567110e+00  2.73529539e-01  1.16114608e-01  9.10758431e-01
  2.85774959e+02] 0.9580093583169221
[-3.06916230e+00  2.71257687e-01  3.99855281e-01  9.22418198e-01
  2.85797532e+02] 1.0413070199456693
[-3.01245425e+00  3.77957991e-02  4.46717172e-02  6.17205598e-01
  2.85167114e+02] 0.619973253679059
[-3.06051143e+00 -1.57672803e-01 -5.95014577e-02  8.97561802e-01
  2.85634204e+02] 0.9132460368557159
[-2.95541661e+00  1.33908370e-01 -8.15933112e-02  6.40521996e-01
  2.85696598e+02] 0.6594371444159541
[-3.00019414e+00  1.18799966e-01 -1.33514395e-01  1.09224716e+00
  2.85912228e+02] 1.1067716042288482
[-3.02146156e+00  1.18497323e-01 -3.45180258e-02  8.70047931e-01
  2.86359492e+02] 0.87875850600068
[-2.98641515e+00  7.29122720e-04  1.52843426e-01  5.22695085e-01
  2.85495237e+02] 0.5445840577362216
[-2.98831432e+00  2.79897078e-02 -3.17932472e-01  7.62725110e-01
  2.85607077e+02] 0.8268095753930126
[-2.95840411e+00  5.75615557e-02  1.06537867e-01  1.01549560e+00
  2.85719896e+02] 1.0226900590423254
[ -2.9423158   -0.41734601   0.31385677   0.80054459 287.12435683] 0.9558009245163027
[-3.02492290e+00 -1.11967295e-01 -1.52067398e-01  9.78832137e-01
  2.85889566e+02] 0.9968818994101402
[-3.04223813e+00  2.68444849e-01  2.53602733e-01  9.79717794e-01
  2.85471938e+02] 1.0470071341040386
[-2.98746925e+00 -4.94519657e-01  2.16970737e-03  5.15368849e-01
  2.86172031e+02] 0.7142544707796522
[-3.00662468e+00  3.11907187e-02  2.04597293e-01  7.67559173e-01
  2.85912083e+02] 0.7949716961759654
[-3.05751339e+00  5.04807178e-01 -1.02665115e-01  6.78878995e-01
  2.84541504e+02] 0.852201327623195
[-3.01294160e+00  3.02780306e-01  6.85617694e-02  9.30056111e-01
  2.84252906e+02] 0.9805003817660415
[-2.95016701e+00  1.88409398e-01  1.26623267e-01  4.65463212e-01
  2.86352689e+02] 0.5178682797442556
[-2.96505020e+00 -9.26450443e-02  3.74260724e-02  7.50046950e-01
  2.86519399e+02] 0.7566731410872569
[-3.07300657e+00  1.40052286e-01 -2.68100764e-02  9.14423175e-01
  2.85176217e+02] 0.9254745624435146
[-2.95180921e+00 -4.17687424e-01  1.81000971e-01  6.34166313e-01
  2.85753763e+02] 0.7806350286807565
[-2.96846548e+00  7.90257226e-02  3.15134320e-01  8.40792532e-01
  2.85781090e+02] 0.9013804887180045
[-2.93956988e+00 -2.27163340e-01 -5.62480418e-02  8.65733853e-01
  2.86715517e+02] 0.8968066288545641
[-3.01382249e+00  5.91218311e-03  4.77128691e-02  4.13411256e-01
  2.85181638e+02] 0.4161974754754382
[-3.01253185e+00  1.17868009e-01  7.05474577e-02  1.15913278e+00
  2.85715644e+02] 1.1672440221743774
[-2.91712965e+00 -4.88451608e-02  6.48704665e-02  1.03655052e+00
  2.87122575e+02] 1.0397264143922051
[-2.96610031e+00  4.94164167e-02  1.75347759e-02  1.11563532e+00
  2.86797507e+02] 1.1168668752597322
[-2.96961506e+00 -1.57075502e-01  2.77782636e-02  7.48172618e-01
  2.85254837e+02] 0.764987981397748
[-2.96815656e+00  1.16392853e-01  7.41943307e-02  5.17778536e-01
  2.86535436e+02] 0.5358607162650089
[-2.96896770e+00 -2.28868628e-02 -3.11788278e-01  6.00342044e-01
  2.84815603e+02] 0.676865059439515
[-2.96667950e+00 -3.67998541e-02  1.14653162e-01  6.57013141e-01
  2.85597869e+02] 0.6679564688630946
[-3.01532002e+00  1.18253991e-01 -1.87576661e-01  6.55919988e-01
  2.84698628e+02] 0.6923872044566495
[-2.96750165e+00  8.63109438e-02 -1.83770407e-01  7.57396946e-01
  2.86193640e+02] 0.7841372810851561
[-3.07184401e+00  7.48413982e-02  7.92124678e-02  7.74157291e-01
  2.85092349e+02] 0.7817898449676088
[-3.03845879e+00 -2.77851108e-01 -3.16512983e-01  8.02731768e-01
  2.86120120e+02] 0.9065097890454319
[-2.97256439e+00 -3.01148448e-01 -1.69103494e-01  7.81520682e-01
  2.86152060e+02] 0.854436045828901
[-3.02519031e+00  5.28312432e-03 -1.95827163e-01  7.22855648e-01
  2.86076341e+02] 0.748930222132354
[-2.94377407e+00 -4.95452996e-01  8.14429578e-02  7.18088408e-01
  2.86410857e+02] 0.8762177741543397
[-3.04290198e+00 -1.12083956e-01 -1.41327873e-01  8.39477024e-01
  2.84924914e+02] 0.8586373241042802
[-3.03167370e+00  2.72320281e-03 -1.64329830e-01  6.24799806e-01
  2.84152038e+02] 0.6460545694285001
[-2.88708421e+00 -3.77967398e-02  1.03375890e-02  3.29518965e-01
  2.86867204e+02] 0.33184063592921037
[-2.93229259e+00  2.09927707e-01 -1.25147830e-01  1.01933332e+00
  2.85536166e+02] 1.0482232807205194
[-3.02385828e+00 -1.56627884e-01 -1.03728171e-01  5.02515853e-01
  2.85620286e+02] 0.5364830004829839
[-2.94901707e+00  2.08429202e-01 -1.19724070e-01  9.37757497e-01
  2.86768814e+02] 0.9680731941188092
[-3.00939461e+00  3.56174219e-01  2.57106994e-01  7.27954148e-01
  2.85583998e+02] 0.8502242776081451
[-2.94918628e+00 -2.71068855e-01  8.36682980e-02  6.64037081e-01
  2.85643029e+02] 0.7220969135237972
[-3.03877665e+00 -2.12264855e-01  3.01412770e-01  8.64167756e-01
  2.85748692e+02] 0.9395168635618899
[-2.98471683e+00 -2.39603637e-01  2.95659116e-01  1.09916701e+00
  2.86358690e+02] 1.1631819815800715
[-3.02512574e+00 -3.96031190e-01  1.14683083e-01  1.16249631e+00
  2.85552534e+02] 1.2334466263154475
[-2.96511820e+00  3.32071271e-01 -1.22125507e-01  6.79788441e-01
  2.86445246e+02] 0.7663538956612909
[-3.00976329e+00  7.61225713e-02  6.15133857e-02  5.47964466e-01
  2.86121792e+02] 0.5566359663170489
[-2.95464113e+00 -3.37830157e-01 -1.69317387e-02  7.85271736e-01
  2.86722211e+02] 0.8550249111284288
[-2.98131855e+00 -2.15257949e-01  1.15940507e-01  3.59955872e-01
  2.86204600e+02] 0.4351395354013836
[-3.01647914e+00  3.08145566e-02  1.68807126e-01  8.36024507e-01
  2.84535936e+02] 0.8534531969923248
[-3.00255380e+00  5.45361449e-02 -2.20516545e-01  8.39374596e-01
  2.86193194e+02] 0.869569692861631
[-3.01945053e+00 -1.38963405e-01  3.47345784e-01  8.40282703e-01
  2.87302230e+02] 0.9198015775587929
[-3.10502849e+00 -2.08834852e-01  9.32784505e-02  7.69598325e-01
  2.86380836e+02] 0.8028663942667941
[-3.02747030e+00 -1.25898717e-01  1.02577685e-01  1.00028646e+00
  2.86225202e+02] 1.0133832744013345
[-2.90304395e+00 -3.27351410e-01  1.40863813e-03  1.06394031e+00
  2.86104316e+02] 1.1131621230154702
[-2.99768740e+00  1.05127342e-01  4.24489377e-02  4.69711199e-01
  2.86819343e+02] 0.4832000417188982
[-2.92372740e+00  2.97810182e-01  2.56259827e-01  7.18762792e-01
  2.86060348e+02] 0.8191336607252829
[-3.03901634e+00  1.02463840e-01  2.49901681e-02  9.60993126e-01
  2.85413169e+02] 0.9667632258166989
[-3.03555830e+00 -3.47895221e-01 -2.46276612e-02  7.73047358e-01
  2.84932476e+02] 0.8480800814853922
[-2.99407647e+00  2.97215986e-01  6.64066654e-02  9.09062957e-01
  2.85125711e+02] 0.9587192749274931
[-3.00520816e+00  4.10903690e-02 -1.20467517e-02  5.84290895e-01
  2.86682230e+02] 0.5858578259070597
[-3.05631412e+00  2.91223399e-01  2.21682762e-02  9.48009954e-01
  2.86185253e+02] 0.9919805312610134
[-2.89082236e+00 -5.46899669e-02 -2.96987837e-01  6.03370612e-01
  2.85726966e+02] 0.6747213221380893
[-2.99813422e+00  1.85972452e-01  2.14746519e-01  8.51098966e-01
  2.85351256e+02] 0.8972576383071533
[-3.01922946e+00  1.00401489e-01  4.14765360e-02  8.88141392e-01
  2.86117219e+02] 0.8947602436089237
[-2.98883534e+00  1.41517855e-01 -3.42194773e-02  5.46195366e-01
  2.86934841e+02] 0.5652677714752912
[-3.07941504e+00 -3.01495291e-01  2.24455286e-01  6.91156849e-01
  2.85341333e+02] 0.786751152137121
[-2.99623520e+00 -3.20704190e-01 -2.35404745e-01  8.54632944e-01
  2.85660251e+02] 0.9426897903511833
[-2.94276835e+00  2.58856514e-01  8.15074604e-02  9.69892069e-01
  2.86214135e+02] 1.0071448688727533
[-2.92928346e+00 -1.98420703e-01  1.99655193e-01  9.20334845e-01
  2.86773180e+02] 0.9624184110077908
[-2.98272294e+00  1.65767100e-01  6.63237758e-02  9.57364948e-01
  2.86316018e+02] 0.9738712537400588
[-3.02978195e+00  1.23107667e-01  5.72998675e-02  9.96492441e-01
  2.86191325e+02] 1.0057017237776564
[-3.07970207e+00 -1.97443601e-01 -3.18041876e-01  7.33264148e-01
  2.85429257e+02] 0.8232927309103375
[-2.99797065e+00  8.40261064e-02  3.05796719e-01  8.15859014e-01
  2.86003280e+02] 0.8753273387551241
[-3.02644801e+00 -5.01806241e-02  6.08943481e-02  5.65266295e-01
  2.85209898e+02] 0.5707470546843401
[-2.89015269e+00  1.03368440e-01 -2.77770319e-02  8.50696640e-01
  2.86389942e+02] 0.8574038549289694
[-2.85999067e+00 -3.51756673e-01 -1.84422350e-01  8.41132156e-01
  2.86827746e+02] 0.9301868974976665
[-2.99730329e+00  2.33319595e-01  1.24485860e-01  7.50218549e-01
  2.86502830e+02] 0.7954637858826693
[-3.01789255e+00  1.58059723e-01 -3.51142956e-01  9.28977495e-01
  2.85567366e+02] 1.005625893305918
[-3.06810830e+00  1.23722067e-02 -3.39217341e-01  4.96896512e-01
  2.85399363e+02] 0.6017704041612678
[-2.95754751e+00 -6.18625595e-02 -3.47690068e-02  9.28051182e-01
  2.84879699e+02] 0.9307603645037269
[-2.95827690e+00 -6.73604484e-02  3.66827870e-01  9.37762267e-01
  2.85712321e+02] 1.009206711317436
[-3.01955921e+00  2.29701193e-01 -3.61527775e-02  1.13984351e+00
  2.87416265e+02] 1.1633197681515444
[-3.01281989e+00 -1.01639302e-01 -1.72146464e-01  1.17443942e+00
  2.86378235e+02] 1.1913324056863803
[-3.02218629e+00  7.59768253e-02  2.86857695e-01  1.14819466e+00
  2.85217203e+02] 1.1859219169195785
[-2.94184447e+00  2.73954835e-01  2.34743741e-01  4.90774983e-01
  2.86057076e+02] 0.609110794428533
[-2.94707983e+00 -3.27885761e-01  2.22028356e-01  9.16513797e-01
  2.86720218e+02] 0.9984003217806274
[-2.93286849e+00 -5.99562588e-02  6.21567930e-02  5.64590165e-01
  2.86710541e+02] 0.571156960928267
[-3.02856670e+00  2.34992436e-01 -2.52610759e-01  1.06484321e+00
  2.85532890e+02] 1.119341195761084
[-2.97122070e+00 -1.93617245e-02  1.56192004e-01  6.53479230e-01
  2.85194043e+02] 0.6721651006230668
[-3.09574739e+00  7.61375003e-02 -1.98938050e-01  8.93047817e-01
  2.85287111e+02] 0.9181000328122139
[-2.99583522e+00 -1.13541813e-01 -1.38906322e-02  8.89105904e-01
  2.86289333e+02] 0.8964340472108698
[-3.05193097e+00  1.96659468e-01  4.69101673e-02  7.40673848e-01
  2.85774755e+02] 0.7677716188679432
[-3.08256836e+00  6.06768599e-01 -7.38336724e-02  6.11145324e-01
  2.85060021e+02] 0.8643599660659671
[-2.91659611e+00  1.68590271e-01  6.96856300e-03  9.73685095e-01
  2.85934009e+02] 0.9881973005357875
[-2.99394940e+00  2.49005770e-01  1.39926478e-01  9.01795103e-01
  2.86406823e+02] 0.9459480433846589
[-3.10052974e+00  4.02464097e-02 -2.34896150e-01  8.46802294e-01
  2.85319183e+02] 0.8796988687262468
[-2.93394629e+00 -2.54865795e-02  1.21331384e-02  9.96050819e-01
  2.86940888e+02] 0.9964507077777859
[-2.97728540e+00  3.75400528e-01 -8.55800405e-02  7.85424593e-01
  2.86133686e+02] 0.8747235510510012
[-3.02300102e+00 -1.53375171e-01  5.73487654e-02  7.57410080e-01
  2.86466948e+02] 0.774908287497355
[-3.05608781e+00  1.35422489e-02  5.66831537e-02  6.55623950e-01
  2.84740122e+02] 0.6582090371803994
[-3.07985627e+00 -1.76430602e-01 -1.96345815e-01  7.99759866e-01
  2.86274486e+02] 0.8421966989602657
[-3.02981488e+00 -8.39753667e-02 -4.71965485e-02  1.00033671e+00
  2.86394730e+02] 1.004964137347677
[-3.04212903e+00 -3.30109743e-02  4.91316224e-03  1.03673912e+00
  2.85084593e+02] 1.037276179651831
[-2.99730545e+00  1.81796867e-01  1.89773834e-01  7.50381511e-01
  2.85334809e+02] 0.7950701983399234
[-3.12620694e+00 -1.99533918e-01  2.71185604e-01  7.65669014e-01
  2.84124245e+02] 0.8364236096200908
[-3.02897187e+00 -9.36124391e-02  2.06736080e-01  5.50816600e-01
  2.86182029e+02] 0.5957365373595093
[-3.04848057e+00 -2.57779055e-02 -2.60645769e-02  9.41604197e-01
  2.85669284e+02] 0.9423175291297704
[-3.12825742e+00  3.57244007e-02 -5.29784984e-02  1.05388092e+00
  2.85837204e+02] 1.0558162509935847
[-2.99237320e+00  3.74037300e-01 -1.38791109e-02  9.46917635e-01
  2.85453124e+02] 1.0182089858112722
[-3.03382308e+00 -2.24541883e-02  3.76091402e-01  8.48544298e-01
  2.85851990e+02] 0.9284268195688025
[-2.96039514e+00 -3.21190418e-01 -2.63834158e-02  6.60313059e-01
  2.85922465e+02] 0.7347603047254438
[-2.90013813e+00  1.61103159e-01 -2.18405412e-02  1.02095756e+00
  2.86285344e+02] 1.033820866722317
[-2.97461097e+00 -1.26853816e-01  1.39198278e-01  1.05442688e+00
  2.84994124e+02] 1.0711134854848905
[-3.03592599e+00  6.95125943e-02  1.39361207e-01  8.76457321e-01
  2.85311487e+02] 0.890185926038086
[-3.04400939e+00  2.35379672e-01  2.80997559e-01  5.77636515e-01
  2.85799620e+02] 0.6841251064454302
[-3.02338644e+00 -1.91251303e-01 -1.18110561e-01  7.93187661e-01
  2.85872109e+02] 0.8244233324688212
[-3.00810531e+00  1.90618945e-01 -6.42772589e-02  6.43558764e-01
  2.85715595e+02] 0.6742662905822828
[-2.99448750e+00  1.41831592e-01 -4.91585101e-01  8.60958336e-01
  2.85628026e+02] 1.0015095452708478
[-3.05119501e+00 -1.65897189e-01 -8.50830833e-02  6.33521798e-01
  2.85676125e+02] 0.6603869147737738
[-2.95967644e+00 -3.52721728e-03 -1.86781107e-01  9.03491907e-01
  2.85515193e+02] 0.9226035170700918
[-2.96448837e+00  1.00917703e-01  3.45439900e-01  8.88806277e-01
  2.86345068e+02] 0.9589002583988852
[-2.91741598e+00  9.75535313e-02 -7.21074650e-02  4.92477036e-01
  2.86429259e+02] 0.507197997698385
[-2.99520947e+00 -3.15639102e-02  2.29515119e-01  3.66780274e-01
  2.86048012e+02] 0.4338216682680234
[-2.94035306e+00 -1.96600804e-01 -5.83460804e-02  1.55848919e-01
  2.85825547e+02] 0.25757528340917346
[-3.03691425e+00  2.53300424e-01 -1.51275675e-01  6.45090128e-01
  2.85354933e+02] 0.7093565446244688
[-3.00880379e+00 -7.60305417e-02  3.21695832e-02  7.69075143e-01
  2.84817082e+02] 0.7734934397940076
[-3.08939199e+00 -3.12934016e-01 -2.49810055e-01  6.52334227e-01
  2.84165715e+02] 0.7654232199140224
[-2.94653927e+00  1.59022442e-01  2.04443760e-01  9.03486871e-01
  2.85697053e+02] 0.9398797339549875
[ -2.97280583  -0.38200745   0.29821505   1.00198077 284.95957609] 1.1130262195275624
[-2.96193828e+00 -6.12222443e-02  2.76660041e-01  8.79168265e-01
  2.86949171e+02] 0.9237022142524212
[-3.05595630e+00  5.53901041e-02  9.61542729e-02  6.27226982e-01
  2.84706584e+02] 0.6369673424580713
[-3.00443302e+00  7.63858717e-02  2.45087371e-01  1.03720930e+00
  2.85784064e+02] 1.0685063213122785
[-3.08282664e+00  1.24823468e-01  1.40570934e-01  8.73813728e-01
  2.86056597e+02] 0.8938073156861048
[-2.95929621e+00 -2.59058694e-02  1.47536745e-01  1.09753781e+00
  2.86798025e+02] 1.107712710628476
[-2.91776001e+00  2.76363229e-01 -9.44758866e-02  8.27898999e-01
  2.85600461e+02] 0.8779060772058036
[-3.05114769e+00 -2.91599451e-01 -6.83328810e-02  5.81343650e-01
  2.86019885e+02] 0.6539572330560813
[-3.01133588e+00 -1.04125832e-01 -2.44047595e-01  7.50464518e-01
  2.87104463e+02] 0.7959889506893677
[-3.07025958e+00 -1.00182543e-01 -6.31358683e-02  5.21683662e-01
  2.85446587e+02] 0.5349546921162843
[-2.96706996e+00 -1.53129280e-01 -1.35458724e-01  6.95692504e-01
  2.85686840e+02] 0.7251108205176539
[-3.00983103e+00 -1.83945795e-01  2.87166016e-02  1.11732004e+00
  2.85176425e+02] 1.132724486034791
[-3.02194394e+00 -6.47799044e-02  2.57315760e-01  8.94240280e-01
  2.86059102e+02] 0.9327773122153179
[-3.00517695e+00  1.70664486e-02 -1.00059671e-01  8.96988624e-01
  2.85217344e+02] 0.9027135721496511
[-2.99332499e+00  8.19349623e-02 -1.50172566e-01  8.56687863e-01
  2.85588220e+02] 0.8736013007653497
[-2.98822883e+00 -6.90450418e-02  2.15882106e-01  1.24588102e+00
  2.86436094e+02] 1.266330055082091
[-2.98171944e+00  4.57865769e-02 -2.30506284e-01  1.07128977e+00
  2.86233637e+02] 1.0967640216812624
[-3.04076054e+00  4.83285294e-02  1.42680619e-01  5.25369968e-01
  2.85024551e+02] 0.5465409486585104
[-2.99840003e+00 -1.61145869e-02  1.78194714e-01  9.08617351e-01
  2.85398017e+02] 0.9260661562217906
[-2.94852369e+00 -1.81255590e-01  5.19760178e-02  5.90867677e-01
  2.85851916e+02] 0.6202255289910796
[-2.98319882e+00 -2.19327474e-01  1.11414976e-01  9.90008877e-01
  2.86328068e+02] 1.0201153924692083
[-3.04805625e+00  2.47029607e-02  1.42780853e-01  1.12862112e+00
  2.85337577e+02] 1.1378849880977733
[-2.97065971e+00 -1.83099097e-01  3.86190738e-02  5.48573260e-01
  2.85156541e+02] 0.5796113645777488
[-2.96277241e+00  1.20568242e-01 -1.50836039e-01  1.20077272e+00
  2.86605522e+02] 1.2162003663867182
[-3.10900788e+00  1.59904600e-01 -2.96459324e-02  6.07973531e-01
  2.85649911e+02] 0.6293490104210562
[-3.05118824e+00  4.58314421e-01 -1.22106887e-01  8.42495511e-01
  2.85050448e+02] 0.9668303298614249
[-3.00099140e+00 -1.46301394e-01  1.91793621e-01  6.18360601e-01
  2.85560019e+02] 0.6637459781160917
[-3.07367847e+00  4.34084750e-02 -2.94271020e-01  6.20773091e-01
  2.85486506e+02] 0.6883596149218287
[-2.99268849e+00  3.01111154e-02 -3.40846358e-01  9.95364254e-01
  2.86434549e+02] 1.052536420425068
[-2.92635728e+00 -2.19562864e-01 -4.36166859e-02  1.07739728e+00
  2.85812183e+02] 1.1004068144635082
[-2.98700188e+00 -1.26996247e-01  2.68441450e-01  1.12569809e+00
  2.85728106e+02] 1.1642100540665385
[-3.02724555e+00 -2.07287223e-01  3.71799904e-01  1.13446076e+00
  2.86235644e+02] 1.2116948339039302
[-3.00425966e+00 -1.12746833e-01 -8.15035631e-02  7.78314413e-01
  2.85605097e+02] 0.7906503685342884
[-3.00873431e+00 -1.31924639e-01 -9.64514128e-02  7.45426745e-01
  2.85809740e+02] 0.7631304066754682
[-3.00110688e+00 -2.65952367e-01  4.41517575e-02  9.28581510e-01
  2.85718736e+02] 0.9669248473346491
[-2.94912076e+00 -2.61320981e-01 -1.17827098e-01  6.51464726e-01
  2.86341992e+02] 0.7117430502047284
[-3.02452690e+00 -3.62284369e-04  6.06952358e-02  6.49516110e-01
  2.86480495e+02] 0.6523459355074918
[-3.02761603e+00 -2.21364171e-01 -2.97904793e-02  7.19731073e-01
  2.85503614e+02] 0.7535929842779181
[-2.95270666e+00  1.03481522e-01 -8.56041502e-02  5.61430890e-01
  2.86325133e+02] 0.5772704222423275
[-2.99885299e+00  7.70697405e-03 -6.45981036e-02  9.72243043e-01
  2.85256900e+02] 0.9744171836475809
[-3.12496853e+00  2.96930432e-01 -2.53839974e-03  5.97160499e-01
  2.85574096e+02] 0.6669143773607602
[-2.98295471e+00 -6.69392593e-02 -3.68667901e-02  7.20467279e-01
  2.85299748e+02] 0.724508885376886
[-3.01237838e+00  1.11210110e-02  5.64164303e-02  9.19185757e-01
  2.86461815e+02] 0.920982598787664
[ -2.98566787   0.37910743   0.28623021   0.62161686 286.15020508] 0.7823411624465352
[-3.05151786e+00  7.48093647e-02  1.33099871e-01  6.92188800e-01
  2.85571180e+02] 0.7088281534132853
[-2.93098701e+00 -1.25966137e-01 -3.29883217e-01  8.40734972e-01
  2.85961817e+02] 0.9118803085802525
[-2.96934282e+00  3.12877542e-01  1.11216469e-01  9.38311396e-01
  2.87036595e+02] 0.9953339821120919
[-3.15730066e+00  1.24668902e-01  7.26201833e-02  6.80320601e-01
  2.85121553e+02] 0.6954510385823636
[-3.02933779e+00  1.79426417e-01 -1.46001519e-01  9.30359158e-01
  2.85816531e+02] 0.9586857907753529
[-2.98964607e+00 -2.54502856e-02  2.24997858e-01  9.50873850e-01
  2.85763242e+02] 0.9774624450725947
[-3.07572879e+00  1.47766522e-01 -7.44664943e-02  1.17407370e+00
  2.85397619e+02] 1.1856767066424263
[-2.93462851e+00 -5.22978592e-02 -1.83931393e-01  1.04876268e+00
  2.86499437e+02] 1.0660529938165935
[-3.05636066e+00  9.68750014e-02  3.61993080e-01  5.91344110e-01
  2.85342613e+02] 0.700079718058012
[-2.95340708e+00  3.86178869e-02  2.04998080e-01  6.57742676e-01
  2.85818706e+02] 0.6900296960991358
[-2.95447679e+00 -9.77646924e-02  1.31797534e-01  8.18301595e-01
  2.87278617e+02] 0.8345933290589612
[-3.04532324e+00 -9.43742722e-02 -4.82459988e-01  7.02666247e-01
  2.85225297e+02] 0.8575628241978277
[-3.07993551e+00 -3.08123652e-01  9.37424750e-02  7.92918944e-01
  2.85527255e+02] 0.8558319273096467
[-2.89689989e+00 -3.39979924e-01  3.94685707e-02  5.39137182e-01
  2.86558507e+02] 0.6386023936454257
[-2.99514393e+00  1.64982123e-01  5.79247731e-02  1.05190004e+00
  2.85310228e+02] 1.0663339409898844
[-3.02578225e+00  9.77650613e-02 -6.68858649e-02  4.21140442e-01
  2.85189394e+02] 0.4374825691155236
[-2.99163715e+00  5.61866310e-02  2.24190713e-01  9.15716832e-01
  2.86390747e+02] 0.9444340793856298
[-3.04260158e+00  9.30264183e-02  2.74826806e-02  8.16701204e-01
  2.86459151e+02] 0.8224415294572222
[-2.98924090e+00 -1.89751849e-01 -3.97449871e-01  4.55621915e-01
  2.85557180e+02] 0.6336903764882642
[-2.95081236e+00 -2.85071947e-01 -1.11479643e-01  8.72883079e-01
  2.86201408e+02] 0.9249965375666208
[-2.89768425e+00 -5.24340583e-01  2.29491484e-01  4.89213099e-01
  2.86385155e+02] 0.752946773596133
[-2.97028533e+00 -5.91811163e-02 -1.52612654e-01  8.34663777e-01
  2.85431008e+02] 0.8505625476192761
[-2.97067104e+00 -2.05126136e-02 -1.59070926e-01  8.84872582e-01
  2.86140173e+02] 0.8992907274835139
[-3.05921720e+00 -1.21178644e-01  2.22231752e-01  7.11073139e-01
  2.85181649e+02] 0.7547822359081136
[-2.91669482e+00 -8.48162618e-02 -2.84006760e-01  6.82972751e-01
  2.85890059e+02] 0.7445169014596033
[-3.09319509e+00  3.35685297e-03  2.74801932e-02  9.19745062e-01
  2.85851913e+02] 0.9201616212986907
[-3.07094976e+00 -1.95648749e-01 -1.33021586e-01  9.39857646e-01
  2.85973333e+02] 0.9691777803714585
[-3.03153226e+00  1.89930820e-01  7.92501625e-02  9.15806879e-01
  2.86355208e+02] 0.938646123462982
[-3.05921047e+00 -2.53201587e-01  4.32876738e-02  1.00350037e+00
  2.85149853e+02] 1.0358561027566409
[-2.99632851e+00  1.88978200e-01  1.69388152e-01  6.07074050e-01
  2.85902648e+02] 0.6579848083283246
[-2.97392672e+00 -7.18189908e-02  1.00346429e-01  7.26100324e-01
  2.86100034e+02] 0.7365114080425235
[-3.02353230e+00 -2.12799992e-01  1.40081280e-01  8.02392898e-01
  2.84686246e+02] 0.8418675451976836
[-2.88789834e+00  8.98823974e-02 -1.12036192e-01  8.26822897e-01
  2.86760688e+02] 0.8392062060192413
[-2.93558077e+00  1.36797769e-01 -2.30487470e-01  6.03041792e-01
  2.85981748e+02] 0.6599223488265568
[-2.90456549e+00  2.34840121e-02  6.27226910e-02  1.05405744e+00
  2.87739217e+02] 1.0561830942648347
[-3.05029595e+00  1.76648586e-01  2.71279883e-01  8.07400778e-01
  2.86094797e+02] 0.8698813222005056
[-3.01421828e+00  4.44571627e-01 -1.53123017e-01  7.22081591e-01
  2.86522709e+02] 0.8616799951766853
[-2.89779199e+00 -1.01723157e-01  1.29863698e-01  7.50735301e-01
  2.86369010e+02] 0.7686453495259479
[-3.01647783e+00  1.19619106e-02 -3.94410861e-01  7.52817957e-01
  2.85666291e+02] 0.8499634647164799
[-2.98358579e+00  3.01517123e-01  2.33275505e-01  9.87807509e-01
  2.85754560e+02] 1.0588171279819356
[-3.07008573e+00 -2.23656835e-01  5.72089721e-02  8.41782585e-01
  2.86014964e+02] 0.8728649187419383
[-2.95806300e+00 -4.43363463e-02 -1.94409115e-01  6.91294636e-01
  2.85784628e+02] 0.7194782065901619
[-3.00721026e+00  8.90202109e-03 -1.88251711e-01  8.46267896e-01
  2.85536612e+02] 0.8669990225125553
[-3.11403540e+00 -3.16193285e-01 -1.72565530e-01  4.78570449e-01
  2.84689100e+02] 0.5989880882217287
[-2.95478699e+00 -1.63866962e-01  2.96132962e-01  1.04876579e+00
  2.85663791e+02] 1.1020239505222016
[-3.03700707e+00 -1.99690633e-01 -1.70428692e-02  9.85300347e-01
  2.86100630e+02] 1.0054767929842736
[ -2.91504246  -0.35183482   0.41623838   0.59672771 287.25005247] 0.8081621690765503
[-3.01581953e+00  3.05886663e-03 -2.33984061e-01  7.28580347e-01
  2.85145563e+02] 0.7652367077341694
[-3.04020976e+00  8.03430693e-02 -1.93242279e-01  8.00779296e-01
  2.85755702e+02] 0.8276744940586233
[-3.02270488e+00  8.77101560e-02 -7.05815012e-02  1.00725943e+00
  2.85611201e+02] 1.013531640176949
[-3.01717491e+00 -3.29218290e-01 -1.16800134e-01  5.04793913e-01
  2.85329597e+02] 0.613876085204565
[-2.94322462e+00 -5.63969048e-02  6.34789064e-02  8.04309677e-01
  2.85787382e+02] 0.8087794753205385
[-2.96437341e+00  3.24120560e-02  3.76308210e-01  5.38424353e-01
  2.85030275e+02] 0.6576923252809015
[-2.93227783e+00  2.04723467e-01  2.12905847e-02  7.80460721e-01
  2.85992838e+02] 0.807145540796947
[-3.00916420e+00  1.10838496e-01  1.26510266e-02  1.06718251e+00
  2.86732934e+02] 1.0729975491693315
[-3.14762295e+00  1.28485651e-01 -2.06504957e-01  8.11448397e-01
  2.85207423e+02] 0.847113546538457
[-2.92166290e+00  8.52437348e-02 -1.66665235e-01  1.04761318e+00
  2.86225579e+02] 1.0642072964190334
[-2.98328475e+00 -3.19585811e-01  5.30070483e-02  9.77328226e-01
  2.85457534e+02] 1.0296190072028202
[-2.98068851e+00 -7.26175801e-02 -2.53286601e-01  9.62402412e-01
  2.86844298e+02] 0.9978205338572139
[-2.98189948e+00  1.38293618e-01 -7.04847812e-03  8.70803095e-01
  2.86422494e+02] 0.8817442009229683
[-2.94028879e+00  5.24597315e-02 -1.78670763e-01  6.84171752e-01
  2.85900014e+02] 0.709060118418684
[-2.95078581e+00 -4.52508226e-02 -2.77927752e-01  8.76377174e-01
  2.85953602e+02] 0.9205044395008352
[-3.06572630e+00  1.05013255e-01 -1.64080025e-03  6.06886432e-01
  2.84219119e+02] 0.6159071501081105
[-3.07436477e+00  1.15954764e-01 -1.08799114e-01  7.68287266e-01
  2.85379424e+02] 0.784568720635128
[-3.03126244e+00  2.02171093e-01 -3.17413150e-02  8.84344108e-01
  2.85526801e+02] 0.9077142521611697
[-2.98866384e+00  2.36215221e-01 -2.48859327e-01  7.98178766e-01
  2.86244744e+02] 0.8688025888985222
[-3.04209914e+00  1.01945825e-01 -2.66159765e-01  7.02907250e-01
  2.85600874e+02] 0.7584936214310057
[-2.88656821e+00  1.27515027e-01  1.26118915e-02  9.17614861e-01
  2.86833580e+02] 0.926518307772807
[-2.99255620e+00 -2.31435895e-01  1.03019062e-01  7.38359432e-01
  2.85457980e+02] 0.7806088341877113
[-3.03161710e+00  1.42219202e-02  7.19327011e-02  6.31090992e-01
  2.85691172e+02] 0.6353364589706112
[-3.00963178e+00  1.73935454e-01  8.79475103e-02  1.09997170e+00
  2.86290317e+02] 1.1171060994994184
[-2.97539025e+00 -2.33924449e-01  1.69588433e-01  5.41609991e-01
  2.85298450e+02] 0.6138585064966794
[-2.96179176e+00  1.31109159e-01 -4.58020648e-02  5.87618637e-01
  2.87016191e+02] 0.6038071734153407
[-2.99609462e+00 -1.12445431e-01  3.91428053e-01  4.68183529e-01
  2.85317057e+02] 0.6205285746034737
[-2.91323530e+00  1.60301214e-02 -1.58630535e-01  8.32930553e-01
  2.85493476e+02] 0.8480530152873
[-2.94754139e+00  1.55080671e-01  1.10787499e-01  7.74900277e-01
  2.86899590e+02] 0.7979939370823222
[-2.99540583e+00  4.97124761e-03 -2.07702762e-02  8.49020432e-01
  2.85841213e+02] 0.8492890033889686
[-2.98737492e+00  1.38778493e-01 -4.11733543e-02  9.68068286e-01
  2.86879455e+02] 0.9788314061536081
[-2.93929540e+00 -7.16086001e-05  7.85188031e-02  5.41954401e-01
  2.86006632e+02] 0.5476128015934326
[-2.97481091e+00 -1.06840750e-01 -2.71600304e-02  8.46497724e-01
  2.86420163e+02] 0.8536457168038183
[-3.01829035e+00 -2.31722596e-01 -6.72830926e-02  1.01840970e+00
  2.86056162e+02] 1.046604367833293
[-3.05108987e+00  4.50650242e-02  9.87840520e-03  9.56269078e-01
  2.85280339e+02] 0.9573813187197238
[-2.89937209e+00 -1.90900584e-01  2.39436494e-01  1.11833890e+00
  2.87193507e+02] 1.1595062626297934
[-2.94789451e+00 -1.84719814e-02 -2.91423853e-01  7.90027335e-01
  2.87139673e+02] 0.8422661489444943
[-2.96813517e+00 -2.14057954e-01 -3.32673795e-02  8.34969052e-01
  2.85565279e+02] 0.8626128006827137
[-2.96318388e+00 -1.35540425e-02 -4.01965858e-02  8.05913524e-01
  2.86295025e+02] 0.8070291723798307
[-2.93228337e+00  1.46943042e-01  2.48096396e-01  1.20684971e+00
  2.86688561e+02] 1.2408183951019665
[-3.03447403e+00 -1.34972355e-01  5.17273853e-02  9.81507366e-01
  2.86100617e+02] 0.992093729826361
[-2.92081837e+00 -2.98098639e-02  3.84808953e-01  8.98436257e-01
  2.86376832e+02] 0.977831410259544
[-2.94628427e+00 -9.99010671e-02  2.23189664e-01  1.10386295e+00
  2.86194265e+02] 1.1306225118087023
[-2.88147170e+00  2.98101006e-01  3.90812328e-02  7.60491407e-01
  2.87143528e+02] 0.8177644722603054
[-2.89904977e+00  1.05299475e-01 -8.55625550e-02  6.31605664e-01
  2.85664608e+02] 0.6460144312092871
[-2.94092131e+00 -6.97947444e-02 -1.28970466e-01  1.03202977e+00
  2.86588120e+02] 1.0423963400964187
[-2.91155999e+00  1.63257419e-01  9.39928411e-02  5.83984596e-01
  2.85393398e+02] 0.6136168567500309
[-3.05977758e+00  2.37474539e-01  8.34925633e-02  1.06067069e+00
  2.85540233e+02] 1.0901318662641626
[-2.99068492e+00 -2.21719573e-01  1.73753996e-01  1.04315954e+00
  2.86184262e+02] 1.0805238771484291
[-2.98172022e+00  1.64479497e-01 -4.13381160e-02  8.43654723e-01
  2.87152977e+02] 0.8605321817895722
[-2.98777238e+00  3.63426781e-02 -3.58321978e-01  9.55812637e-01
  2.86489138e+02] 1.0214172634866494
[-2.98867409e+00  7.34568710e-02  1.21030074e-01  5.13667508e-01
  2.86273731e+02] 0.532821263717855
[-3.03430820e+00  1.81776883e-02  5.81811549e-02  1.20123226e+00
  2.85694730e+02] 1.2027777938238557
[-2.93136699e+00  2.16962607e-01  7.96968400e-02  9.23979411e-01
  2.87230502e+02] 0.9524506872404438
[-2.98842004e+00 -2.79888148e-01  8.73291001e-02  1.04008055e+00
  2.86221121e+02] 1.0806161656801085
[-3.09493705e+00  2.35766216e-01 -8.30779507e-03  7.91285446e-01
  2.86587184e+02] 0.8257041752130192
[-2.96961421e+00  3.89529056e-01 -1.07704039e-01  9.40241508e-01
  2.86373140e+02] 1.023419337173801
[-2.97750181e+00  3.63651141e-01  8.96689078e-02  8.18179773e-01
  2.85440082e+02] 0.8998337657944114
[-3.00760979e+00 -9.51206320e-02  6.49504558e-02  5.82969757e-01
  2.85144464e+02] 0.5942392064505063
[-3.04284903e+00  7.17311515e-02  5.48329165e-02  8.47481363e-01
  2.85545355e+02] 0.8522773421211125
[-3.01301079e+00 -4.13592217e-02 -1.36934138e-02  7.03629006e-01
  2.86412410e+02] 0.7049765050677266
[-2.85939981e+00 -9.24027709e-02 -1.55359105e-01  8.43432447e-01
  2.85803802e+02] 0.8625850777441312
[-2.92136529e+00  1.68940599e-01  7.76533613e-02  7.71508553e-01
  2.85798626e+02] 0.7935971385673952
[-3.02594384e+00 -1.50166208e-02 -2.80666633e-01  7.97787858e-01
  2.85748098e+02] 0.8458514786020837
[-3.06300935e+00  4.61988829e-03  1.29799974e-01  5.59341303e-01
  2.84742153e+02] 0.5742230136515575
[-3.07167308e+00 -1.31213343e-02  3.07099570e-02  1.04415663e+00
  2.84661917e+02] 1.0446905428887123
[-3.05457044e+00 -1.69822149e-01 -4.00777934e-01  6.59715362e-01
  2.85512542e+02] 0.7903713516615999
[-3.01509369e+00  7.71711453e-02 -9.53626599e-02  9.51253368e-01
  2.85777123e+02] 0.9591310614040162
[-3.00125000e+00  1.76639647e-01  1.62245334e-01  6.55320892e-01
  2.86293281e+02] 0.6978327768931887
[-3.02274799e+00 -1.02925779e-01 -5.53840526e-02  1.01072560e+00
  2.85850132e+02] 1.0174612223612536
[-3.02804774e+00 -3.25083094e-02  3.09051547e-02  8.08705495e-01
  2.85636626e+02] 0.809948452486727
[-3.01205676e+00  1.12937435e-02  2.01594613e-03  5.45973180e-01
  2.85764383e+02] 0.5460936970859189
[-2.97463453e+00  1.01802345e-01 -6.11461539e-02  4.55642182e-01
  2.85789469e+02] 0.47086342734125525
[-2.90561000e+00 -2.33149362e-01  2.19548641e-01  6.01524667e-01
  2.86180768e+02] 0.6814632457537843
[-3.05581211e+00  3.29076164e-02  7.71577297e-02  6.07826654e-01
  2.85051837e+02] 0.6135873760110416
[-3.03404780e+00  9.35333035e-02 -2.06980544e-01  9.22046574e-01
  2.86442847e+02] 0.9496100822660728
[-3.07389877e+00  2.40362252e-01 -2.41070879e-02  9.86755285e-01
  2.85411563e+02] 1.0158942647959652
[-3.00973280e+00 -2.88518690e-01 -3.79872494e-03  8.39617314e-01
  2.85569857e+02] 0.8878145631212251
[-2.97272677e+00  3.02017262e-01  1.20771449e-01  8.08259503e-01
  2.85207679e+02] 0.8712540353519042
[-3.05343257e+00 -1.39048641e-01 -1.09627660e-01  9.29847865e-01
  2.85810099e+02] 0.9465568127293333
[-2.92394951e+00  2.36518586e-01  2.46290839e-02  8.14159120e-01
  2.86095128e+02] 0.8481761051277324
[-2.99423675e+00 -6.98420785e-03 -1.22839805e-01  6.79588467e-01
  2.85569022e+02] 0.6906365764974896
[-3.01551820e+00 -1.11984211e-01  1.48454227e-01  6.99502738e-01
  2.84951807e+02] 0.7237977629560696
[-2.99552538e+00  2.26143987e-01 -1.79524314e-01  8.11567873e-01
  2.86301684e+02] 0.86140147124868
[-3.09570782e+00 -8.82463224e-02 -2.96131334e-02  5.52949717e-01
  2.85686817e+02] 0.5607296499428562
[-3.03259610e+00 -2.59468575e-01  3.18395897e-02  7.32383774e-01
  2.85638731e+02] 0.7776398219675013
[-2.92559784e+00  1.32420708e-01 -1.74132785e-02  7.70238393e-01
  2.86666555e+02] 0.7817324658558313
[-2.97330320e+00  2.53951848e-01 -9.27000261e-03  5.93902915e-01
  2.85916934e+02] 0.6459861807744466
[-2.93102421e+00 -1.56663254e-03 -3.68862495e-01  8.38938745e-01
  2.85642596e+02] 0.9164497875808394
[-2.97631168e+00 -2.81820948e-01 -1.24972780e-01  9.67308610e-01
  2.85744923e+02] 1.015247353924496
[-2.99285019e+00 -4.15209401e-02 -2.53541285e-01  7.75038715e-01
  2.86480775e+02] 0.8165122056219214
[-2.93844519e+00 -2.34033885e-01 -6.97178920e-02  9.81721654e-01
  2.86702065e+02] 1.0116372119435209
[-2.99141157e+00  8.22087399e-02 -2.79810731e-02  9.16905548e-01
  2.85701308e+02] 0.9210086869998868
[-3.07695957e+00  7.84183949e-02 -2.89254169e-01  7.37185103e-01
  2.85437511e+02] 0.7957759074404369
[-3.02433123e+00 -1.09520058e-01 -1.87106500e-01  5.80351104e-01
  2.85433869e+02] 0.6195247289146033
[-2.96674846e+00 -2.45575779e-01 -1.28480901e-01  9.18629132e-01
  2.86484533e+02] 0.959528158985966
[-3.02370296e+00  1.45210802e-01  4.28895578e-02  4.82373517e-01
  2.86151837e+02] 0.5055787787113135
[-3.01831575e+00  5.35420784e-01  7.99369465e-02  5.65791684e-01
  2.85589118e+02] 0.7830616585177144
[-3.01135876e+00 -3.34336531e-01  2.64398956e-01  6.77758653e-01
  2.86277292e+02] 0.8006525563572162
[-3.04549261e+00 -1.08179980e-01  7.26024508e-02  8.67725774e-01
  2.84799490e+02] 0.8774520175144034
[-3.10216310e+00 -1.81993573e-01 -5.96085819e-02  7.36431498e-01
  2.84482866e+02] 0.7609245659968732
[-3.03608139e+00 -1.44517044e-01 -1.64986571e-01  8.82101273e-01
  2.86171777e+02] 0.9089600653749459
[-2.89061200e+00  7.51833108e-02 -3.22623911e-02  9.09682514e-01
  2.86351261e+02] 0.9133540762807625
[-3.04946291e+00  2.66665547e-01 -1.98525735e-01  6.86598451e-01
  2.86482234e+02] 0.762850191599655
[-3.02029603e+00 -9.35571856e-02 -1.96896008e-01  6.92609414e-01
  2.84772504e+02] 0.7261052168106392
[-3.04345230e+00  2.93710156e-04 -2.85448005e-01  8.78165341e-01
  2.85582666e+02] 0.9233932074068785
[-2.94929057e+00  5.75756429e-02  1.50871459e-01  7.18627248e-01
  2.86160472e+02] 0.7365475366608207
[-3.04031807e+00  8.94574139e-02  2.54818194e-01  7.95090041e-01
  2.85564734e+02] 0.8397041828725881
[-3.01656728e+00  1.09401454e-01 -1.26127475e-01  8.44361758e-01
  2.86340826e+02] 0.8607110994352103
[-2.89180459e+00  2.90648394e-01 -2.09914911e-01  9.72473592e-01
  2.86705832e+02] 1.0364582218840634
[-2.98808576e+00 -6.06014403e-02  2.00316207e-01  7.69764225e-01
  2.84797791e+02] 0.7977067624459484
[-3.02010523e+00  3.22570152e-01 -1.19386079e-01  6.12344787e-01
  2.85746490e+02] 0.7023323120334821
[-3.02861291e+00 -1.73524863e-01 -1.80166463e-01  1.09420950e+00
  2.86083906e+02] 1.1224371972703249
[-3.03136263e+00 -1.68181347e-01 -1.07080137e-01  8.97538921e-01
  2.86218261e+02] 0.9194167912380522
[-2.94432733e+00 -6.69680886e-03  1.34351978e-01  6.47178020e-01
  2.85543597e+02] 0.6610103555609713
[-2.94003281e+00 -1.16200818e-01  2.39348187e-01  9.10258196e-01
  2.86019928e+02] 0.948346017274895
[-3.00084088e+00 -2.43352621e-01 -1.42950483e-01  5.69672863e-01
  2.85509456e+02] 0.635753497678364
[-2.97745078e+00 -1.03573060e-01  2.27291057e-01  5.20383740e-01
  2.85653229e+02] 0.5772242549629252
[-3.05777126e+00 -7.79651637e-02  1.05561815e-01  5.05019059e-01
  2.85895705e+02] 0.5217912550744942
[-2.94884969e+00  5.42605199e-02  2.27723006e-01  9.20913138e-01
  2.86060119e+02] 0.9502015466812836
[-3.07308804e+00  1.56009904e-01 -4.76864558e-01  7.83634756e-01
  2.85603750e+02] 0.9304957424430543
[-3.01048903e+00 -3.52801995e-01 -1.51218389e-01  8.91135788e-01
  2.86573832e+02] 0.9702882260278595
[-3.02356450e+00  1.42435578e-01  1.62905613e-01  8.18172316e-01
  2.85401349e+02] 0.8463049512917457
[-3.06221594e+00 -3.54283604e-02  7.27979361e-02  8.15985987e-01
  2.84849499e+02] 0.8199925850377654
[-2.98555382e+00  3.04451734e-01  2.75138529e-01  6.47707729e-01
  2.85033842e+02] 0.7667577000624144
[-2.98715143e+00  5.22250942e-02  1.49837944e-01  6.47542128e-01
  2.85344798e+02] 0.6667005906338922
[-2.94917264e+00 -1.20485942e-01  2.59552443e-01  6.59635019e-01
  2.85365961e+02] 0.7190289918868257
[-2.98152448e+00  4.13296450e-01  1.85375822e-03  7.27513429e-01
  2.85659175e+02] 0.8367157110076864
[-2.97695020e+00 -4.04931196e-02 -1.50786432e-01  4.53574517e-01
  2.86264360e+02] 0.4796937394156621
[-2.89005135e+00  2.10200087e-01 -7.89493616e-02  1.04634651e+00
  2.86380686e+02] 1.0701673185014307
[-2.99300721e+00  4.69868006e-01 -7.69319292e-03  6.93456507e-01
  2.85746970e+02] 0.8376855347045192
[-2.92686081e+00 -1.38622589e-01 -1.56933141e-01  6.25288271e-01
  2.85932015e+02] 0.6594161465387443
[-2.99017596e+00  3.94804545e-01  1.01185671e-01  9.47259011e-01
  2.85072561e+02] 1.0312171461748056
[-2.91370708e+00  1.60079901e-01 -1.38852466e-02  5.94976935e-01
  2.85338654e+02] 0.6162920803079248
[-2.90440882e+00  1.01722856e-01 -3.63070305e-02  4.53792432e-01
  2.85957342e+02] 0.4664689819025137
[-2.97379274e+00  1.24714566e-01  1.72533713e-01  9.66017220e-01
  2.86354529e+02] 0.9891970862555248
[-2.97643744e+00 -3.67304837e-01 -1.70731666e-01  9.45233924e-01
  2.86813082e+02] 1.0283624439528904
[-2.96186282e+00 -9.95735666e-02 -1.66402987e-01  8.97560630e-01
  2.86269208e+02] 0.9182700771402517
[-3.02495105e+00  1.60383317e-01  8.99893932e-02  6.92091835e-01
  2.85218851e+02] 0.7161089358772762
[-2.98373694e+00  3.57563095e-01  1.51769841e-02  1.01250255e+00
  2.86953868e+02] 1.0738915822558464
[-2.97460957e+00 -5.18233398e-02  2.15008123e-01  7.95509565e-01
  2.85683503e+02] 0.8256813065169126
[-3.07206362e+00 -1.02474918e-02 -9.70583637e-02  8.05467420e-01
  2.85775298e+02] 0.8113587997316063
[-3.02368014e+00  1.82888805e-01 -2.55004435e-01  1.06005367e+00
  2.86507932e+02] 1.1055267355313452
[-3.01565690e+00  2.11829728e-01  4.12924319e-01  9.06168670e-01
  2.85168398e+02] 1.0180962556806463
[-3.14097739e+00  5.10527156e-03  6.36748318e-04  6.78055775e-01
  2.85864088e+02] 0.6780752935207848
[-2.90128872e+00  1.50131441e-01 -2.63982989e-02  9.23999595e-01
  2.85498379e+02] 0.9364889591004784
[-2.98259869e+00  4.56065906e-02  1.99603584e-01  6.41421464e-01
  2.85059988e+02] 0.6733075417206186
[-3.06951945e+00 -1.92950887e-02 -1.30527677e-01  7.93431704e-01
  2.84504932e+02] 0.804328070022643
[-3.04097099e+00  2.82295888e-01 -1.26472418e-01  8.61337060e-01
  2.86557777e+02] 0.915198214495949
[-3.08384671e+00  7.24766303e-02  3.73788535e-02  6.96953040e-01
  2.84538875e+02] 0.7017076180350548
[-2.99426125e+00 -3.22187589e-01  3.98072302e-02  6.15353846e-01
  2.86224788e+02] 0.6957368856732096
[-2.99286755e+00 -1.89393922e-02  2.89872608e-02  4.44438852e-01
  2.85942049e+02] 0.44578566086720317
[-2.96473405e+00 -1.77801443e-01 -5.96620976e-02  6.88269349e-01
  2.86174751e+02] 0.71336359263519
[-2.98391549e+00 -1.53028939e-01  1.31859799e-01  8.24799688e-01
  2.84950417e+02] 0.849175710506697
[-3.00930953e+00  2.37739798e-01 -6.84248842e-02  3.99075220e-01
  2.86204879e+02] 0.46953509765382534
[-2.94540223e+00  1.57935208e-01  5.64834577e-02  4.11680092e-01
  2.85606713e+02] 0.44453842274168276
[-3.00903228e+00 -1.28966260e-01 -1.80791966e-01  7.68872378e-01
  2.85873664e+02] 0.8003016716981725
[-3.08338940e+00 -2.01285059e-01  9.42605440e-02  9.32030543e-01
  2.84869803e+02] 0.9581657781918042
[-2.96471603e+00  2.52268051e-01 -7.40856227e-02  6.63758767e-01
  2.87062362e+02] 0.7139352559458957
[-2.94973088e+00 -3.41571618e-01 -2.08566797e-01  6.87262515e-01
  2.86643526e+02] 0.7952993416646801
[-3.02506667e+00  4.87193121e-02  2.56572688e-01  6.83098146e-01
  2.85234718e+02] 0.7313181197815798
[-3.06242009e+00  1.90895066e-01 -1.53213263e-01  8.13212590e-01
  2.84994394e+02] 0.8492525814604563
[-3.10768916e+00  1.79278379e-01 -1.02355737e-01  7.81865994e-01
  2.85420100e+02] 0.8086605382162669
[-2.99400908e+00  3.84179994e-01  1.72828414e-01  8.53497912e-01
  2.86033833e+02] 0.951799671468542
[-3.00249932e+00 -5.57275973e-02  3.26729323e-01  3.93244320e-01
  2.85256085e+02] 0.5142943816863588
[-3.00883026e+00 -4.53539708e-02  1.25850937e-01  7.64631914e-01
  2.86199550e+02] 0.7762457113427423
[-3.02554851e+00  6.06925204e-02 -7.53767550e-02  7.88152258e-01
  2.85384671e+02] 0.7940712937635384
[-3.01145171e+00 -1.83183732e-01  1.56708892e-01  1.03991984e+00
  2.85921514e+02] 1.0674957762313644
[-2.99848677e+00  1.99076815e-02 -3.06251806e-01  8.83033225e-01
  2.85946159e+02] 0.9348444578418584
[-3.11603136e+00  2.10364174e-01  2.13281415e-01  8.20644006e-01
  2.85713142e+02] 0.8736124036989682
[-3.10930538e+00 -1.94037610e-01 -4.27626417e-02  9.74402573e-01
  2.85966418e+02] 0.9944544294581361
[-3.04610578e+00  2.03588431e-01  3.21781882e-01  1.11705753e+00
  2.85986927e+02] 1.180173440011862
[-3.00570139e+00  1.41619302e-01  2.23382444e-01  6.09031202e-01
  2.85409564e+02] 0.6639839972913073
[-3.07727975e+00 -1.32535985e-01 -2.31060406e-02  8.25294303e-01
  2.85894730e+02] 0.8361879955121784
[-2.96864729e+00  7.61343695e-02  2.27812611e-01  5.74960227e-01
  2.84672799e+02] 0.6231165949378912
[ -3.03134389  -0.29894853   0.30093334   0.81331469 285.66252708] 0.9172850639795785
[-2.99181906e+00 -1.04495139e-01 -8.54034542e-03  9.58253270e-01
  2.86000559e+02] 0.963971732631723
[-3.01099711e+00  1.30958577e-01 -2.15312688e-01  9.95185499e-01
  2.86003452e+02] 1.0265982080616998
[-3.02484895e+00  4.80751236e-02 -2.04374389e-01  1.19343001e+00
  2.85497175e+02] 1.2117571127152857
[-3.01756381e+00 -1.14104066e-01 -1.81953767e-01  6.41036048e-01
  2.86084652e+02] 0.6760577831293144
[-2.88725545e+00  1.21700468e-01  8.06946983e-02  3.50983162e-01
  2.86299841e+02] 0.38014710065063456
[-3.01448483e+00  2.67114843e-01 -9.78044693e-02  8.49040693e-01
  2.85897109e+02] 0.8954251240607954
[-2.95615585e+00 -3.20534828e-01  2.03355512e-01  6.63661000e-01
  2.86582789e+02] 0.7645534404621209
[-2.95300578e+00  3.59985985e-02  7.96773334e-02  9.19429242e-01
  2.86560332e+02] 0.9235770181190304
[-2.90495169e+00 -1.67670751e-01 -2.30704699e-01  8.25863425e-01
  2.85952143e+02] 0.873721085409925
[-2.92545850e+00 -4.82973664e-02 -6.16372712e-02  7.61945066e-01
  2.86284806e+02] 0.7659582705242289
[-2.90582568e+00  2.13350194e-01 -3.34136608e-01  8.85432669e-01
  2.87131157e+02] 0.9701322530971297
[-3.05532602e+00 -6.31306084e-02 -1.78426897e-01  8.62997282e-01
  2.86240135e+02] 0.8835077478692306
[-3.02373854e+00 -3.40267139e-01  2.25617242e-01  7.64155032e-01
  2.85306644e+02] 0.8663820047937743
[-2.92642522e+00  4.53653472e-02  4.90484926e-01  7.37331384e-01
  2.86557909e+02] 0.8867305386292935
[-2.94355225e+00  1.74339973e-01  2.43262145e-01  7.94706625e-01
  2.85916199e+02] 0.849193451349081
[-2.97127950e+00  1.85702644e-01  7.97962590e-02  6.50082318e-01
  2.85668371e+02] 0.6807789180283799
[-3.03090075e+00 -4.83244553e-03 -1.27288444e-01  8.56996859e-01
  2.86112981e+02] 0.8664117475425052
[-2.96478828e+00 -1.20365602e-01 -2.35457176e-01  6.71724407e-01
  2.85882788e+02] 0.7219014049536381
[-3.03882639e+00  1.49579064e-01  4.70437343e-02  9.33634441e-01
  2.87218441e+02] 0.9467102398789198
[-3.00830113e+00 -4.53918216e-01 -1.98637290e-01  4.99307782e-01
  2.85496568e+02] 0.7034250355933281
[-2.92055047e+00 -1.56829155e-01 -2.36943776e-03  9.38675118e-01
  2.85922163e+02] 0.9516890113034799
[-2.99745945e+00 -3.87318460e-01 -5.56979316e-02  7.12607022e-01
  2.85913899e+02] 0.8129739340640244
[-2.96246199e+00  1.63722865e-01  8.10222328e-02  9.63654495e-01
  2.86352878e+02] 0.9808158666967755
[-3.01809630e+00 -3.31607988e-02  2.63734867e-01  9.92147864e-01
  2.85997359e+02] 1.0271383071307656
[-3.01164793e+00 -2.26549014e-01  2.66737222e-01  7.58303239e-01
  2.85199219e+02] 0.8351628598878048
[-2.93260158e+00 -1.25684706e-01 -1.48160295e-01  4.88532888e-01
  2.86286417e+02] 0.525749465628753
[-2.95291942e+00 -4.17292544e-02 -2.06297194e-01  8.83397865e-01
  2.85198302e+02] 0.9081253495541418
[-3.10860919e+00 -8.26384409e-02  8.24228997e-03  5.51609295e-01
  2.84437708e+02] 0.5578260140511896
[-3.00595867e+00  2.84049085e-03 -4.10014085e-01  8.97889829e-01
  2.85650618e+02] 0.9870794113472663
[-3.02896375e+00 -7.77595120e-02 -1.90940961e-01  8.94674085e-01
  2.85319096e+02] 0.9181212939829949
[-3.08598401e+00  4.75253960e-02 -1.61644584e-01  6.19459913e-01
  2.84545011e+02] 0.6419643435602136
[-3.06629913e+00 -4.59424251e-01  1.78386454e-01  8.72977461e-01
  2.86635846e+02] 1.002487913092336
[-3.02378251e+00 -7.34104284e-03  4.13060974e-02  5.18392091e-01
  2.86062816e+02] 0.5200869584425458
[-3.06419736e+00 -1.53396988e-02  6.78942785e-02  1.03995116e+00
  2.85856019e+02] 1.0422779608230475
[-2.96709134e+00  2.04106326e-01 -1.62842020e-01  9.61943860e-01
  2.86559091e+02] 0.9967511753542967
[-3.06632321e+00  1.33117916e-01 -1.23608547e-01  1.21859655e+00
  2.86294487e+02] 1.232062096249542
[-2.96657620e+00  1.65271810e-02  2.80965511e-02  6.51309554e-01
  2.85882262e+02] 0.6521247570895061
[-3.05176473e+00  7.51898243e-02  3.13831036e-01  6.70782263e-01
  2.85023068e+02] 0.7443737457169632
[-2.90723190e+00 -2.68975533e-02  3.69266461e-01  1.04567917e+00
  2.86772871e+02] 1.1092908246828055
[-2.96704410e+00 -5.76833135e-03  7.48745590e-02  9.87959209e-01
  2.86351684e+02] 0.9908092010316351
[-3.00220661e+00  3.99364316e-02  5.42522703e-03  1.07791600e+00
  2.85672219e+02] 1.078669202235863
[-2.93839034e+00 -2.02264211e-01 -1.45321871e-01  7.06602915e-01
  2.86104114e+02] 0.7492108756693331
[-2.95951574e+00  8.78522270e-02  1.36586860e-01  5.75856305e-01
  2.85950377e+02] 0.598318032949356
[-3.02668291e+00 -2.67044248e-01 -2.64564826e-01  8.52115821e-01
  2.85444671e+02] 0.931347705962304
[-3.05005179e+00  2.49910983e-02 -1.10001276e-01  8.32135535e-01
  2.85990041e+02] 0.8397466194634985
[-2.98295789e+00 -2.40590990e-01 -2.17493131e-01  9.41738962e-01
  2.86972421e+02] 0.9960218669974683
[-2.94353684e+00 -2.00291698e-01 -1.61861278e-01  8.07383230e-01
  2.84206162e+02] 0.8474570887415609
[-2.91450684e+00 -2.67763148e-02  1.74144744e-02  9.89022357e-01
  2.87246528e+02] 0.989538001697372
[-3.01768401e+00 -4.20895826e-01 -1.02034080e-01  8.84476714e-01
  2.85965577e+02] 0.9848163823291672
[-2.95214145e+00  5.50492887e-02  1.29480769e-01  1.04943261e+00
  2.86092148e+02] 1.0588222206123103
[-3.03596682e+00 -1.02673893e-01 -3.14705971e-01  1.08934506e+00
  2.85243329e+02] 1.1385317049435253
[-3.03099929e+00  2.15434115e-01 -3.36878923e-01  7.82012188e-01
  2.85272906e+02] 0.8783178971695345
[-3.05138521e+00 -2.27266349e-01 -1.20636491e-01  9.54686713e-01
  2.86174369e+02] 0.9887516753500463
[-2.97827771e+00  1.02694422e-01 -7.54833803e-02  9.75745591e-01
  2.86221507e+02] 0.9840342183260438
[-2.97260233e+00 -2.33858547e-01  1.97618909e-01  8.00617723e-01
  2.86217312e+02] 0.8571649737326683
[-3.03993393e+00  2.58745323e-01  2.49286620e-01  7.06868035e-01
  2.85218022e+02] 0.7929409690765609
[-2.95979755e+00 -1.76644543e-01 -1.22331259e-01  9.10764593e-01
  2.85943943e+02] 0.9357672653267028
[-2.98823709e+00 -1.09951834e-02  3.49796192e-01  7.37954612e-01
  2.85439880e+02] 0.8167345220571594
[-3.02077180e+00  1.36371910e-01 -5.22307928e-01  9.08090711e-01
  2.85514403e+02] 1.056423972061214
[-2.93737652e+00 -1.89434600e-01 -1.83357200e-01  8.56784710e-01
  2.86840930e+02] 0.8964292333170325
[-3.03998538e+00  3.07689554e-01 -3.51311910e-02  1.01789526e+00
  2.85174371e+02] 1.0639632652922233
[-2.99569726e+00 -6.05874551e-02  1.10318124e-01  5.31338964e-01
  2.85806111e+02] 0.5460421440669022
[-2.93768876e+00 -3.63575203e-02  2.13741318e-01  9.05519277e-01
  2.85357990e+02] 0.9311135164103682
[-2.97573295e+00 -2.06989853e-01 -3.05021361e-02  9.31468814e-01
  2.86287093e+02] 0.9546776062329989
[-2.94116983e+00 -1.66785198e-02  5.01774941e-02  4.81243655e-01
  2.86363324e+02] 0.4841398652272104
[-3.10784156e+00  1.69470473e-01 -1.16131769e-01  8.01376840e-01
  2.84956970e+02] 0.827291767661372
[-3.01097746e+00  1.89191267e-01  2.22064843e-01  9.78401675e-01
  2.86155247e+02] 1.0209681521126872
[-2.94898763e+00  7.39289364e-02  1.23055958e-01  9.55126766e-01
  2.85963616e+02] 0.9658547485157987
[-2.90160364e+00 -4.34003529e-02 -1.77395391e-01  9.53695448e-01
  2.86498793e+02] 0.9710240589750637
[-3.03624942e+00  3.95710632e-01  2.56000101e-01  1.06263185e+00
  2.86500017e+02] 1.1624583462468943
[-2.99954688e+00 -7.48732862e-02  1.42368416e-01  7.68297923e-01
  2.85620969e+02] 0.7849563512069567
[-3.00189342e+00 -2.03336516e-01  1.47213174e-01  1.01484576e+00
  2.86053954e+02] 1.045432622619589
[-3.00240453e+00 -1.83937084e-02 -2.30062184e-01  8.19211710e-01
  2.86365077e+02] 0.8511020874638848
[-2.99706283e+00 -1.63696099e-02 -2.77778745e-01  7.11103874e-01
  2.85910651e+02] 0.7636083514825428
[-3.01001360e+00  2.58865474e-01  4.33545004e-01  1.03481930e+00
  2.85156555e+02] 1.1514441334481873
[-2.96840097e+00  1.15755352e-01  5.23518575e-01  9.85284974e-01
  2.85582122e+02] 1.1217207670611347
[-3.07060648e+00 -2.85606591e-01  2.72076230e-01  1.10554867e+00
  2.86561598e+02] 1.173811932677959
[-3.12702439e+00 -3.01521116e-02 -8.21284687e-03  9.31025462e-01
  2.84702960e+02] 0.931549790234499
[-2.95750020e+00  1.04549398e-01 -2.39657905e-02  6.25154802e-01
  2.86768494e+02] 0.6342897299366062
[-2.92898191e+00  6.51697744e-02  1.49277721e-02  9.27196923e-01
  2.86969931e+02] 0.9296042551975131
[-2.94972498e+00 -1.70837439e-01 -4.31690033e-02  3.82975352e-01
  2.85636948e+02] 0.4215674484222769
[-3.01681593e+00 -2.62427462e-02  6.39611987e-03  8.88530554e-01
  2.85471828e+02] 0.8889410203933935
[-2.94843218e+00 -3.05408429e-01  3.52125284e-02  5.24048479e-01
  2.85558739e+02] 0.6075697814536286
[-2.98962153e+00  4.28888366e-01  3.23697981e-02  8.75711720e-01
  2.85255232e+02] 0.9756352040335288
[-3.00923350e+00 -2.34518767e-01 -2.91197706e-01  1.01235786e+00
  2.85291788e+02] 1.0791958112302653
[-3.01649675e+00  4.93853386e-02 -1.07610262e-01  8.44219710e-01
  2.86290915e+02] 0.8524821403171766
[-2.94958735e+00 -2.75651616e-02 -2.42529913e-01  9.98308907e-01
  2.87399181e+02] 1.0277165317583625
[-2.94815149e+00 -3.06980959e-01  7.59302307e-02  8.13807383e-01
  2.87221581e+02] 0.8730894378912317
[-2.99526937e+00 -6.08783872e-02  1.44378121e-01  4.36434619e-01
  2.86411402e+02] 0.46370938795178707
[-3.11061552e+00  6.78385892e-02  1.51030984e-01  8.34082864e-01
  2.84946867e+02] 0.8503567822395262
[-3.01566173e+00 -2.50317348e-01  2.37800894e-01  6.60958609e-01
  2.85896451e+02] 0.7457039114552225
[-3.02782711e+00  2.33996030e-01  7.10429234e-02  7.42052993e-01
  2.85119505e+02] 0.7813090831705859
[-3.03423982e+00 -1.37806772e-01 -1.04502648e-01  6.43656066e-01
  2.84589231e+02] 0.6664867900274732
[-2.94623390e+00 -1.40414237e-01 -2.31586784e-02  8.94875745e-01
  2.85235221e+02] 0.906120898064806
[-3.15142008e+00 -9.83898385e-02  4.39897914e-02  1.21716828e+00
  2.84909235e+02] 1.2219305598175336
[-3.03473690e+00 -3.66553572e-01  1.03372522e-01  6.38558869e-01
  2.85957094e+02] 0.7435084594022195
[-2.99655958e+00 -4.91429122e-02  1.05323531e-01  9.72076893e-01
  2.85260580e+02] 0.9790002849951531
[-2.93735510e+00  2.20445591e-01 -1.69272247e-01  8.49709992e-01
  2.86003083e+02] 0.8940114220285397
[-2.94048330e+00 -1.50042550e-02 -1.78976120e-01  7.14073143e-01
  2.85655457e+02] 0.7363138143963364
[-3.00607212e+00 -2.13099139e-02 -4.24046803e-01  9.04773630e-01
  2.86499837e+02] 0.999442407186287
[-2.96852308e+00 -1.37513465e-01 -1.19487265e-01  8.88281879e-01
  2.85716974e+02] 0.9067700122872084
[-2.97614858e+00 -6.24597469e-02 -1.11775826e-01  9.91122893e-01
  2.86561205e+02] 0.9993596168697093
[-3.01885937e+00  1.63848575e-01  1.55679364e-01  1.07615319e+00
  2.85582931e+02] 1.0996309000204334
[-2.92088878e+00  3.85908496e-02  1.11435895e-01  9.79348496e-01
  2.86597678e+02] 0.9864231790135778
[-2.92107415e+00 -1.54044807e-01 -2.52343984e-01  6.94917208e-01
  2.85917426e+02] 0.7551934954487872
[-2.97632988e+00 -5.34221193e-02 -1.24686806e-01  7.41927652e-01
  2.85345338e+02] 0.7542263339299041
[-3.01259766e+00 -2.90393891e-01 -9.87085635e-02  5.62435499e-01
  2.84797783e+02] 0.6406291305595111
[-3.02538502e+00  3.36983316e-01  1.50638985e-01  9.76741088e-01
  2.85224277e+02] 1.0441613915226244
[-3.00287277e+00 -1.59888404e-01 -1.36359229e-01  5.48442503e-01
  2.85591530e+02] 0.5873221602527857
[-3.01404810e+00  5.85484074e-02  2.44782323e-01  1.05978283e+00
  2.85862114e+02] 1.0892593585046249
[-2.90479063e+00  2.57626640e-01  1.28490709e-01  1.03850083e+00
  2.86666615e+02] 1.0776666099046823
[-2.92835605e+00  1.02483508e-01  1.35166843e-02  5.31384111e-01
  2.85260227e+02] 0.5413452164217808
[-3.05157973e+00  1.55045217e-02  5.42453186e-02  1.00779515e+00
  2.86432937e+02] 1.009373073973748
[-2.97216181e+00 -6.94359187e-02  2.49930461e-01  1.22629042e+00
  2.85765415e+02] 1.2534252215386763
[-2.96988055e+00 -4.10439189e-01 -5.84950842e-02  9.64017531e-01
  2.85353657e+02] 1.049386393039744
[-2.98594331e+00 -1.82817090e-01  1.28408394e-01  7.84154943e-01
  2.85934405e+02] 0.8153586805335242
[-3.02261474e+00 -2.28975442e-01  2.84002546e-01  9.35561104e-01
  2.85050883e+02] 1.004172186168091
[-2.98656734e+00 -3.20242887e-02 -2.28805612e-01  8.62070206e-01
  2.86125126e+02] 0.8924923543071116
[-2.98110189e+00 -3.75170631e-01  5.84305876e-02  9.67096652e-01
  2.86050547e+02] 1.0389624971584892
[-3.02705803e+00 -6.70616626e-02 -1.29011840e-01  9.59886107e-01
  2.85240718e+02] 0.9708360621705915
[-2.96556808e+00 -3.26755077e-01  3.69659739e-03  7.54080761e-01
  2.86343935e+02] 0.8218396062161673
[-3.01767059e+00  3.24431373e-01 -2.37495808e-01  8.95487402e-01
  2.87112110e+02] 0.981609730011193
[-3.09333018e+00 -9.50433862e-03 -1.67793507e-03  9.34987690e-01
  2.84817154e+02] 0.9350375010834707
[-2.96842986e+00 -2.57313632e-02  7.66368780e-02  5.80648380e-01
  2.86089894e+02] 0.5862489707076037
[-2.95961717e+00  2.08035087e-01 -1.88472256e-01  1.10135956e+00
  2.87104896e+02] 1.1365708367088558
[-3.06155511e+00  6.84181187e-02 -2.44900023e-02  1.02174614e+00
  2.86370526e+02] 1.024327085978062
[-3.07328355e+00 -2.25375037e-01 -8.48165660e-02  9.23255016e-01
  2.86033594e+02] 0.9541423279208079
[-3.02460631e+00 -8.72435383e-02 -3.83930815e-02  9.56594115e-01
  2.86114900e+02] 0.9613312459582971
[-3.05971031e+00  2.19841717e-01  1.78394650e-01  7.71218248e-01
  2.85722425e+02] 0.8215428277946628
[-3.00985356e+00 -1.20086362e-01 -3.81013878e-01  1.06497791e+00
  2.85892818e+02] 1.13744022179956
[-3.01453786e+00  4.46061402e-01 -1.53325019e-01  7.66520889e-01
  2.86219327e+02] 0.9000186716220879
[-3.02410547e+00  6.40365367e-02  1.16691954e-01  8.98953060e-01
  2.85683214e+02] 0.9087542538722758
[-2.97968782e+00  1.01500274e-02 -2.25235052e-01  8.59222069e-01
  2.85474054e+02] 0.8883109898819653
[-2.97311567e+00 -1.79600233e-01  3.71846067e-01  4.53290822e-01
  2.85499754e+02] 0.6131870108786233
[-2.97849039e+00 -7.66682797e-02  6.17803295e-02  1.00262321e+00
  2.85005738e+02] 1.007446345585766
[-2.93512597e+00  5.14175314e-02  3.05845847e-02  8.85821787e-01
  2.85822814e+02] 0.8878397473688582
[-2.94789786e+00  1.55766741e-01  1.91466094e-02  8.26016208e-01
  2.87014301e+02] 0.8407928670942332
[-2.99383969e+00  1.06548806e-01 -3.40754450e-01  8.62150655e-01
  2.85762413e+02] 0.9331505743824048
[-3.01152904e+00 -3.15232829e-01  9.43251170e-03  7.57883622e-01
  2.85092751e+02] 0.8208826307960553
[-3.04120540e+00 -1.30581556e-01 -2.73437654e-01  8.91768255e-01
  2.85949161e+02] 0.9418441023696043
[-2.93312367e+00 -1.17872724e-01 -2.40674836e-01  8.67218763e-01
  2.86462463e+02] 0.9076820692532801
[-2.96341420e+00  2.28949153e-01 -2.19246735e-01  1.02770114e+00
  2.87069031e+02] 1.0754796481707716
[-2.96401256e+00  1.69371885e-01 -7.44983356e-02  5.72380178e-01
  2.87028756e+02] 0.6015446001888588
[-3.02802592e+00 -1.86097525e-01  3.87520383e-01  6.84364350e-01
  2.86110205e+02] 0.808182466465726
[-3.03494330e+00 -1.40608600e-01 -2.24407778e-01  7.23615759e-01
  2.84180151e+02] 0.7705513585345853
[-3.00061839e+00  3.91954384e-02 -1.78466515e-01  8.95644069e-01
  2.85308145e+02] 0.9140923789588711
[-3.03658996e+00 -9.99232817e-03  6.14543829e-02  6.56395494e-01
  2.86127882e+02] 0.659341741579628
[-3.04772636e+00  2.07261932e-01 -2.24543414e-01  7.98792314e-01
  2.86099597e+02] 0.8552464056299508
[-3.03505866e+00  2.76169380e-01 -3.39758425e-02  7.34449735e-01
  2.86144904e+02] 0.7853918114696148
[-2.99177079e+00 -2.92654568e-01 -2.27008500e-01  8.83911557e-01
  2.85602912e+02] 0.9583732032814005
[-3.02198600e+00  3.52840147e-01 -1.53938338e-01  8.55214844e-01
  2.85638368e+02] 0.9378622555976189
[-2.94000982e+00 -2.15397614e-01  1.02505859e-03  6.33359579e-01
  2.86191123e+02] 0.6689854553510436
[-3.01362358e+00 -5.55555422e-02 -1.36851271e-01  1.03828058e+00
  2.85893001e+02] 1.0487331683292838
[-2.96534314e+00 -1.49404590e-01  3.56343301e-01  6.97843420e-01
  2.86406251e+02] 0.797676449861756
[-3.03612937e+00 -9.90390461e-02 -6.30771594e-02  5.71251331e-01
  2.84677631e+02] 0.5831942591478744
[-2.99398652e+00 -2.10672972e-01  1.42760238e-01  6.00400941e-01
  2.85263743e+02] 0.6521080251665322
[-3.06061760e+00 -8.24491122e-02  2.71714540e-01  1.13265830e+00
  2.85972563e+02] 1.167707787482537
[-2.89865598e+00 -2.58556061e-01  1.46772131e-02  8.35312868e-01
  2.87231496e+02] 0.8745365884242429
[-3.02242706e+00  1.96643861e-01  1.50284420e-01  6.49237605e-01
  2.85430032e+02] 0.6948119768322496
[-2.94081966e+00  2.43818027e-01 -1.11881763e-01  7.31689420e-01
  2.85646848e+02] 0.7793164744843764
[-3.05564127e+00 -3.74068257e-01 -1.15714443e-02  4.50062360e-01
  2.85649675e+02] 0.5853350209789376
[-3.07494139e+00 -7.27157151e-02 -4.13820666e-01  7.45676519e-01
  2.84991054e+02] 0.8559022078221475
[-2.93815501e+00  1.55208032e-01  2.58491897e-01  9.31064099e-01
  2.86750964e+02] 0.9786664147598205
[-2.95257938e+00 -2.96619423e-01  2.47677149e-01  1.03210994e+00
  2.86717416e+02] 1.10207893229448
[-3.00154829e+00 -1.74681640e-01 -7.42549375e-02  7.16121511e-01
  2.84936703e+02] 0.740849167694507
[-2.98057039e+00 -2.64206203e-01  4.63814672e-01  8.29083088e-01
  2.86184984e+02] 0.9860566589331318
[-3.07695156e+00  1.08184125e-01  8.47216606e-02  7.82226278e-01
  2.85705744e+02] 0.7942036988607475
[-2.96201440e+00 -1.71509568e-01 -1.08318067e-01  9.10166953e-01
  2.86958781e+02] 0.93249783771553
[-2.91494182e+00  3.98601239e-02  1.20193623e-01  7.84645332e-01
  2.85723229e+02] 0.7947978572628805
[-2.99467857e+00 -9.96318495e-02 -1.34284668e-01  1.00752274e+00
  2.86659892e+02] 1.0213035509565704
[-3.01222350e+00 -1.91191777e-01 -2.86256857e-01  8.36149864e-01
  2.86304659e+02] 0.9042366274816155
[-2.96676863e+00  6.04285909e-02 -1.13253073e-01  6.68836077e-01
  2.85542528e+02] 0.6810430020325181
[-3.01404699e+00  1.95958858e-02  2.88163931e-01  7.90521592e-01
  2.85915253e+02] 0.8416334339057316
[-3.11844693e+00  9.91625881e-02 -1.19052356e-01  8.37059273e-01
  2.85365366e+02] 0.8512783966877899
[-2.96862819e+00  3.23366479e-01  2.01539891e-01  8.37098299e-01
  2.86137386e+02] 0.9197378808023041
[-2.97003442e+00 -4.15352794e-02 -2.21589580e-01  7.88015387e-01
  2.86407092e+02] 0.8196312411031464
[-2.90492413e+00  2.44624661e-01 -4.72351998e-02  5.09737478e-01
  2.86243530e+02] 0.5673664476836601
[-3.04063758e+00 -3.15643072e-01  1.22182270e-01  8.08984300e-01
  2.86171237e+02] 0.8769348058704594
[-3.03996416e+00 -8.30221439e-02  9.47139567e-02  7.83952326e-01
  2.85853187e+02] 0.7940054533987532
[-3.02970115e+00 -8.89127459e-03 -2.64023362e-01  9.63149662e-01
  2.85974305e+02] 0.9987215139314367
[-3.00090791e+00  1.07029001e-01  1.54748794e-01  6.17166379e-01
  2.86452568e+02] 0.6452106138809306
[-2.94532962e+00 -2.64752810e-01  5.62975418e-02  7.49208307e-01
  2.85445913e+02] 0.7966031330026071
[-2.92603204e+00  2.56624998e-01  5.12415187e-02  7.97840973e-01
  2.86054313e+02] 0.8396620160761188
[-3.07064123e+00  1.29493361e-02  3.37414919e-02  6.03792874e-01
  2.84890712e+02] 0.6048735477067276
[-2.94792863e+00 -2.66006525e-01 -2.21254027e-01  1.02411648e+00
  2.87007183e+02] 1.0809844519520355
[-2.94306859e+00  1.18986978e-01  1.35247739e-01  1.01963355e+00
  2.87121256e+02] 1.0354237882188302
[-2.92523202e+00  1.69703545e-01  2.25901082e-01  6.78746308e-01
  2.86256137e+02] 0.7352055104190882
[-2.96240322e+00 -3.65097200e-02  1.06577696e-01  6.90471314e-01
  2.86520054e+02] 0.6996016008360996
[-2.92066460e+00  1.71872217e-01 -2.70810249e-01  9.08466075e-01
  2.86823140e+02] 0.9634255861193685
[-2.99873064e+00 -1.27315639e-01  2.23148089e-01  6.18458225e-01
  2.85028708e+02] 0.6696976316929633
[-2.95332146e+00 -5.65503261e-02  7.38107182e-02  6.74114822e-01
  2.85629907e+02] 0.6804974322178327
[-3.01547937e+00 -2.81317993e-01  2.77848377e-01  5.99583931e-01
  2.85396436e+02] 0.7182203176039085
[-3.02200920e+00 -1.25202302e-01 -2.88303771e-01  1.12723060e+00
  2.84847703e+02] 1.1702322466747368
[-2.95990293e+00  1.50378488e-01  5.61751927e-01  7.48492544e-01
  2.86656800e+02] 0.9478502023770008
[-3.09930911e+00 -8.38478390e-02 -6.98205968e-02  7.16743141e-01
  2.85423473e+02] 0.7250007630483016
[-3.00387304e+00 -2.91134077e-02 -4.67289392e-02  1.00951664e+00
  2.85784916e+02] 1.0110168334688485
[-3.06954616e+00 -1.74731853e-01  2.44351348e-02  7.88161819e-01
  2.85027723e+02] 0.8076678460450954
[-2.97371627e+00 -1.85007071e-02  5.34251037e-02  9.80345385e-01
  2.86485935e+02] 0.9819743333672756
[-3.00048200e+00 -2.27377446e-01  1.35612923e-01  8.57102519e-01
  2.85301444e+02] 0.8970596947702352
[-2.99514866e+00  8.66297101e-02  3.74443483e-02  1.26581525e+00
  2.86964398e+02] 1.26932857104402
[-2.94188690e+00 -2.09847489e-02  1.65218462e-01  1.11846779e+00
  2.86923365e+02] 1.1307995874743668
[-3.01784138e+00 -2.32478004e-01 -1.49696741e-01  9.61284320e-01
  2.85114789e+02] 1.000261305735411
[-2.98046632e+00 -1.98620565e-01 -3.06315532e-01  9.04484384e-01
  2.86142159e+02] 0.9753826607249644
