/mnt/stage/douwei/Simulation/5kt_root/2MeV/5kt_-8.00_2.root
[-3.15928062e+00  1.67675453e-01 -8.67075517e-02 -7.87255685e+00
  3.21246605e+02] 7.874819651655539
[-3.13063135e+00 -1.60860346e-01  8.17454942e-03 -7.81028839e+00
  3.20762290e+02] 7.811949022621193
[-3.10645949e+00  1.06808531e-01 -6.07192279e-02 -7.65462220e+00
  3.21178674e+02] 7.655608138552459
[-3.10502979e+00 -1.07906163e-01 -8.38242504e-03 -8.07595089e+00
  3.24912850e+02] 8.076676098695389
[-3.24158074e+00 -6.88042505e-02 -1.21427580e-02 -8.35407659e+00
  3.22931606e+02] 8.354368750081719
[-3.11366196e+00 -2.86940588e-01  2.90815349e-01 -7.92144419e+00
  3.22819580e+02] 7.931972422309024
[-3.20533256e+00 -1.10604620e-01 -1.52298203e-02 -7.96721460e+00
  3.21620440e+02] 7.96799684977886
[-3.17605620e+00  5.62394962e-03  1.16683259e-01 -8.00590324e+00
  3.21859718e+02] 8.006755478780674
[-3.16179774e+00  8.56530293e-02  9.09361369e-02 -8.16639324e+00
  3.23927292e+02] 8.167348675612379
[-3.11603488e+00 -1.33014750e-01  1.57496237e-01 -7.93537590e+00
  3.23146048e+02] 7.938053204027131
[-3.17270434e+00  2.22325988e-01 -7.76687132e-02 -8.22466771e+00
  3.22614233e+02] 8.228038663899127
[-3.11493589e+00 -8.76823794e-02 -1.83275909e-01 -7.87555205e+00
  3.21345557e+02] 7.87817226897583
[-3.15407227e+00  1.94332747e-01 -2.04741145e-01 -8.09252359e+00
  3.23749392e+02] 8.09744540816167
[-3.18917533e+00 -9.94061290e-02 -1.90862083e-02 -8.09194595e+00
  3.24956952e+02] 8.092579017432877
[-3.25916933e+00  1.26815443e-01 -1.94199526e-02 -8.00442302e+00
  3.20633094e+02] 8.005451094096887
[-3.18394627e+00  3.72085183e-02 -9.60570487e-02 -7.70439905e+00
  3.19805553e+02] 7.705087678476355
[-3.07170970e+00 -1.10573122e-01  2.39652056e-01 -8.02163721e+00
  3.22066944e+02] 8.02597801014382
[-3.13580112e+00  2.36820300e-01 -3.42637455e-01 -8.02871194e+00
  3.20594718e+02] 8.039508670708404
[-3.11697736e+00  1.80064519e-01 -1.37420987e-01 -8.17304016e+00
  3.24766927e+02] 8.176178400957518
[-3.18499211e+00  1.90659737e-01 -1.51560301e-03 -7.91697840e+00
  3.21351527e+02] 7.919273982035677
[-3.14838032e+00 -1.27746978e-01 -1.23206778e-01 -7.90814491e+00
  3.18885691e+02] 7.910136229493415
[-3.13981014e+00  3.15202931e-01  9.48640796e-02 -7.84616650e+00
  3.21499001e+02] 7.853068245455935
[-3.12700700e+00  1.71333837e-01  1.08253217e-01 -8.06868246e+00
  3.22981208e+02] 8.071227330578774
[-3.03859520e+00  3.96157854e-01  2.16951066e-01 -8.08144821e+00
  3.25356006e+02] 8.094060410509114
[-3.11434712e+00  1.51476161e-01  3.07852378e-02 -7.86955490e+00
  3.22165949e+02] 7.871072803935099
[-3.14293578e+00  2.22566510e-02 -9.94765207e-03 -8.07955840e+00
  3.22421359e+02] 8.079595178634998
[-3.13500475e+00  2.74720883e-03 -6.22956768e-02 -7.81776049e+00
  3.22313858e+02] 7.8180091730589405
[-3.14332653e+00 -1.63025511e-01  3.54785904e-02 -8.15168358e+00
  3.23953817e+02] 8.15339078491074
[-3.11151195e+00  1.61661796e-01 -8.53594325e-02 -7.97264676e+00
  3.22409001e+02] 7.974742445894607
[-3.13875090e+00  3.79401873e-01  5.39695807e-02 -8.06601686e+00
  3.23421179e+02] 8.075115262850431
[-3.14140841e+00 -9.90214500e-02 -2.85385923e-01 -7.91456228e+00
  3.20159719e+02] 7.92032489362284
[-3.23781147e+00 -1.67995392e-01  1.98606518e-01 -8.07927742e+00
  3.21034580e+02] 8.08346402169479
[-3.16732951e+00  7.74159623e-02 -3.89710178e-01 -7.98728716e+00
  3.19132366e+02] 7.9971634648024335
[-3.12184477e+00 -9.81553180e-02  1.10033500e-01 -7.77364910e+00
  3.20916812e+02] 7.775047403667051
[-3.05953990e+00  1.35487607e-01  5.02698186e-02 -7.74320976e+00
  3.22534007e+02] 7.744558179022616
[-3.14083187e+00 -1.25923824e-01 -3.24027481e-01 -8.23023450e+00
  3.26171817e+02] 8.237573101303104
[-3.11414448e+00  1.05552940e-02 -1.24452765e-01 -7.89084675e+00
  3.21868501e+02] 7.891835169378958
[-3.20259356e+00  1.10018265e-01 -6.86773070e-02 -8.18049881e+00
  3.24151352e+02] 8.181526833717708
[-3.14699071e+00  2.48469268e-02 -2.68859651e-02 -8.15149487e+00
  3.23666232e+02] 8.151577078516198
[-3.12944439e+00  2.94743015e-01  9.35908354e-02 -7.95632155e+00
  3.22505753e+02] 7.962329136380658
[-3.21014455e+00  1.10305825e-01  4.37685974e-02 -8.19830652e+00
  3.22545156e+02] 8.199165373454806
[-3.21392262e+00 -2.21599810e-01  2.55575163e-01 -8.18864870e+00
  3.19560132e+02] 8.19563253946282
[-3.07165600e+00 -1.90011576e-01  8.94132283e-02 -7.73349221e+00
  3.18501349e+02] 7.736342860718909
[-3.17624516e+00  2.67518685e-01 -3.62350576e-02 -7.90664121e+00
  3.22644540e+02] 7.9112486054942925
[-3.13094830e+00 -2.63582190e-02 -1.84655995e-03 -7.98072480e+00
  3.23892894e+02] 7.980768544789091
[-3.10548454e+00 -1.01084870e-01  8.13616380e-02 -8.08112645e+00
  3.23596527e+02] 8.08216818322537
[-3.17362868e+00 -1.42686411e-01  9.47480145e-02 -8.11932221e+00
  3.23312015e+02] 8.12112859777804
[-3.12877646e+00  1.22393910e-01  1.78855930e-01 -8.22535472e+00
  3.25368840e+02] 8.228209401502728
[-3.19613879e+00 -1.38014805e-01 -7.10924043e-02 -8.19915017e+00
  3.21442111e+02] 8.200619838059193
[-3.08858917e+00  1.27982185e-01 -2.83634560e-01 -7.93805206e+00
  3.23124457e+02] 7.9441487010403575
[-3.18161909e+00  1.11738196e-01 -9.59913957e-02 -8.14447450e+00
  3.24232331e+02] 8.145806564774135
[-3.11096695e+00 -3.81724462e-01 -8.29162477e-02 -8.00389373e+00
  3.22540403e+02] 8.013420212901101
[-3.13635409e+00 -2.41373025e-01 -2.91701886e-02 -8.13466058e+00
  3.24538435e+02] 8.138293104018663
[-3.07246721e+00 -9.21781683e-03 -3.15204769e-02 -8.05704654e+00
  3.23257988e+02] 8.057113471134807
[-3.10910149e+00  5.99618282e-02 -9.52273703e-02 -8.01281601e+00
  3.22916494e+02] 8.013606181644123
[-3.16190307e+00 -6.18770797e-02 -3.03657023e-02 -8.42065409e+00
  3.26151831e+02] 8.420936184853588
[-3.11761971e+00 -3.15269046e-02 -2.47637290e-01 -8.09001337e+00
  3.20603944e+02] 8.093864003518197
[-3.16995526e+00  1.64130925e-02 -1.19386758e-01 -8.37948752e+00
  3.27204260e+02] 8.380354027956411
[-3.21095664e+00 -2.32172721e-02  2.58740291e-02 -7.98609159e+00
  3.20874845e+02] 7.986167250395777
[-3.15797538e+00 -1.83651336e-01 -3.51756279e-01 -8.20450313e+00
  3.23515896e+02] 8.214093496848605
[-3.12939139e+00  1.47844588e-01 -1.91053817e-01 -8.27672321e+00
  3.25282847e+02] 8.280247979637162
[-3.08316833e+00  2.36063051e-01  5.86887585e-02 -8.13927453e+00
  3.25943067e+02] 8.142908569686158
[-3.18871321e+00  8.15121186e-02 -2.00354533e-01 -8.01108950e+00
  3.20043258e+02] 8.01400905902299
[-3.13309110e+00  5.99560076e-02 -2.76472583e-02 -8.07587431e+00
  3.23653861e+02] 8.076144189313576
[-3.06847036e+00 -1.81135501e-01  1.09343371e-01 -8.00584978e+00
  3.20630133e+02] 8.008645120290172
[-3.19254780e+00 -2.82469842e-01  1.12465666e-02 -8.00640923e+00
  3.22222476e+02] 8.011398405673022
[-3.17500584e+00  3.17472644e-01 -1.69871924e-02 -8.10778023e+00
  3.21436120e+02] 8.11401119810042
[-3.20883529e+00  3.78185937e-02 -2.03367593e-01 -8.22950423e+00
  3.23015667e+02] 8.232103531206228
[-3.14442544e+00 -2.81284956e-02  3.64857502e-02 -8.18949860e+00
  3.24123196e+02] 8.189628184419467
[-3.19322434e+00  1.95385084e-01 -1.52462854e-01 -8.23378214e+00
  3.25753880e+02] 8.237511065581774
[-3.17803368e+00 -3.26557630e-02  2.37773510e-01 -8.33487272e+00
  3.25602225e+02] 8.338327521029614
[-3.07527784e+00 -3.06613528e-01 -2.50836442e-02 -7.77482789e+00
  3.23493218e+02] 7.780911884204824
[-3.07301762e+00  5.05505208e-02 -2.97756519e-01 -7.99285375e+00
  3.22664804e+02] 7.998557707571152
[-3.12599653e+00  3.55504330e-02 -6.80594190e-02 -8.01275887e+00
  3.22935684e+02] 8.013126769334166
[-3.03935917e+00 -1.09432270e-01  3.48378215e-02 -7.99762687e+00
  3.21709049e+02] 7.998451394055403
[-3.14961728e+00 -4.16029894e-02  2.16847898e-01 -8.22585573e+00
  3.23286402e+02] 8.228818647854965
[-3.14870927e+00  1.63246866e-01  3.26401499e-02 -8.00754069e+00
  3.21135612e+02] 8.009271052852453
[-3.08737767e+00  4.89733418e-02  1.11707526e-02 -8.01851679e+00
  3.26620461e+02] 8.018674120822164
[-3.17944076e+00 -1.08276814e-03  1.29520717e-01 -8.16640996e+00
  3.24191422e+02] 8.16743707845197
[-3.14334158e+00  1.22647875e-01  1.31895936e-01 -8.08246132e+00
  3.22578212e+02] 8.08446782374464
[-3.20943531e+00  1.90782464e-01  1.08458094e-02 -8.21286478e+00
  3.24223632e+02] 8.215087555041352
[-3.18388653e+00  1.57566617e-01 -2.58475889e-01 -7.94952020e+00
  3.21275074e+02] 7.9552817919915135
[-3.16119405e+00  2.46203489e-01 -2.90907683e-01 -8.12765103e+00
  3.22017982e+02] 8.136581267319919
[-3.18816889e+00 -1.22242437e-02 -1.87456427e-01 -7.83122410e+00
  3.19711145e+02] 7.833476892051516
[-3.07939521e+00  1.34845562e-01 -1.41953134e-01 -7.80665411e+00
  3.20254315e+02] 7.809108942558046
[-3.12648843e+00  2.52810104e-02 -1.41880030e-02 -8.15582018e+00
  3.23853586e+02] 8.1558717062094
[-3.13880310e+00  1.36137953e-01  2.94983282e-01 -8.38618458e+00
  3.24942082e+02] 8.39247523456048
[-3.17844693e+00  2.85679850e-01  5.04264927e-02 -8.29136983e+00
  3.24375154e+02] 8.29644318654904
[-3.16721594e+00 -2.36411402e-01 -2.71577251e-01 -8.22433150e+00
  3.23720417e+02] 8.232209491300928
[-3.13232479e+00 -1.20485141e-03 -3.40170118e-01 -7.87288642e+00
  3.22791239e+02] 7.880232083041005
[-3.13634965e+00 -7.83497305e-04  7.74317919e-02 -8.06900003e+00
  3.25366682e+02] 8.069371582904633
[-3.12119973e+00  2.51487065e-02 -3.27699646e-01 -7.99412634e+00
  3.23306773e+02] 8.000879663967229
[-3.16462146e+00 -6.29190495e-02 -9.37690382e-02 -8.05931941e+00
  3.23062189e+02] 8.06011046761434
[-3.20380917e+00  8.67286947e-02  7.84662597e-02 -8.26767646e+00
  3.26621490e+02] 8.26850366841328
[-3.16531062e+00 -3.46557604e-01  1.22368991e-01 -8.13087287e+00
  3.23768253e+02] 8.139175022743517
[-3.10045664e+00 -1.51960053e-01 -2.59776621e-01 -7.83361115e+00
  3.23472121e+02] 7.839390248873461
[-3.06052064e+00  2.57288845e-01  2.08427395e-01 -8.12023386e+00
  3.25100986e+02] 8.126982068996233
[-3.18332241e+00 -2.63424371e-01  2.04763174e-03 -8.48922589e+00
  3.25786846e+02] 8.49331224295159
[-3.16220360e+00  2.42478875e-02 -1.24799629e-01 -7.81178821e+00
  3.19683906e+02] 7.812822659613524
[-3.25520193e+00  1.12234372e-01 -1.89954215e-02 -8.03524382e+00
  3.22913074e+02] 8.036050067788736
[-3.11912942e+00 -8.56280694e-02 -2.99265965e-01 -8.41547993e+00
  3.25117466e+02] 8.421234748991644
[-3.17072935e+00  1.12563892e-01 -1.51400245e-01 -7.74190377e+00
  3.19704606e+02] 7.744202134341006
[-3.12834880e+00  2.91027377e-01  1.29861377e-02 -8.01328999e+00
  3.22566836e+02] 8.018583540428011
[-3.09787626e+00  1.37816092e-01 -2.03031375e-02 -8.16618793e+00
  3.23098480e+02] 8.167376001167815
[-3.13963136e+00  4.42971480e-02  8.61743375e-02 -7.77802857e+00
  3.21748584e+02] 7.778632061299266
[-3.10855361e+00  7.76605064e-02 -4.07250161e-02 -8.09648278e+00
  3.24488746e+02] 8.096957639970997
[-3.16232948e+00  1.83687230e-01  5.13068791e-03 -8.00632407e+00
  3.20594660e+02] 8.008432586069851
[-3.23402156e+00  1.40751459e-01  5.88646628e-03 -8.06181230e+00
  3.22650148e+02] 8.063043046297333
[-3.13389094e+00  3.86353382e-01 -1.29672506e-01 -8.21181730e+00
  3.25274966e+02] 8.221923569733116
[-3.08469403e+00 -2.02587584e-01 -9.89996922e-02 -8.02699588e+00
  3.22784755e+02] 8.030162235025697
[-3.15913550e+00  1.44598836e-01 -1.03857986e-01 -8.01538077e+00
  3.23872480e+02] 8.017357685700622
[-3.15680517e+00  1.41603882e-01 -1.57059129e-01 -8.05736809e+00
  3.23002108e+02] 8.060142664497308
[-3.12132709e+00 -5.16933628e-02 -1.41343083e-01 -8.04671988e+00
  3.21973662e+02] 8.048127162894083
[-3.12444558e+00 -5.53375978e-02  5.15772525e-02 -8.06274117e+00
  3.22385319e+02] 8.06309603777446
[-3.08478330e+00  6.44770532e-02 -4.51403193e-02 -7.78405636e+00
  3.21380162e+02] 7.7844542731711535
[-3.17630203e+00 -9.49611425e-02  1.14599944e-01 -8.03229956e+00
  3.23121269e+02] 8.033678299859467
[-3.15471119e+00 -1.06488374e-01 -2.86580538e-01 -8.41995880e+00
  3.26266991e+02] 8.425507367914621
[-3.15209004e+00 -1.28122815e-01  7.60589406e-02 -8.52669444e+00
  3.23170000e+02] 8.527996157101212
[-3.13305276e+00 -2.72719923e-01  1.07423737e-01 -8.22937874e+00
  3.23315049e+02] 8.234597164402729
[-3.21462017e+00  1.11288412e-01 -1.46081736e-01 -8.20193396e+00
  3.23769373e+02] 8.203989616821826
[-3.22627852e+00 -2.40123029e-01  1.46330107e-01 -8.01534251e+00
  3.21079450e+02] 8.020273509869941
[-3.13997632e+00  9.65235691e-02 -1.21216990e-01 -8.08882887e+00
  3.21619524e+02] 8.09031290171232
[-3.14466653e+00 -1.38364360e-01  4.04154201e-02 -8.05265259e+00
  3.23494605e+02] 8.05394263088164
[-3.15438146e+00  1.74951427e-01  1.03036793e-01 -8.16859275e+00
  3.21489740e+02] 8.171115719457388
[-3.16141105e+00 -1.39864805e-02 -2.46131580e-01 -8.01746948e+00
  3.22347564e+02] 8.021258828524271
[-3.13829131e+00  1.13558841e-01  1.32620732e-01 -7.95122741e+00
  3.21314921e+02] 7.953144111540294
[-3.20441437e+00 -2.60062407e-02  3.66991926e-02 -8.05636395e+00
  3.23056786e+02] 8.056489512145864
[-3.14201474e+00  2.30371982e-01 -2.00866951e-01 -8.10899008e+00
  3.24023355e+02] 8.11474823027362
[-3.20561933e+00 -1.28993191e-01  2.26551483e-01 -7.73722752e+00
  3.17543573e+02] 7.741618335971553
[-3.15629966e+00 -2.29973232e-01  3.34311366e-01 -7.80329243e+00
  3.20914438e+02] 7.813835459632073
[-3.05639348e+00 -1.92033805e-01 -1.65656779e-01 -7.85715113e+00
  3.22414346e+02] 7.861243100102801
[-3.12658933e+00  1.57151855e-01 -1.85837179e-01 -8.26536434e+00
  3.24750674e+02] 8.268946716367582
[-3.13486252e+00 -4.94473013e-02 -1.71369194e-01 -8.11827740e+00
  3.22843485e+02] 8.120236472670978
[-3.17224740e+00 -1.74252883e-01 -2.78363984e-01 -7.90461347e+00
  3.19463893e+02] 7.911432533180744
[-3.17058756e+00 -1.18614845e-01 -1.31099446e-02 -7.93911706e+00
  3.22605136e+02] 7.940013917694933
[-3.26415422e+00 -5.84377460e-02 -2.30061464e-02 -8.27240042e+00
  3.24626043e+02] 8.272638811921949
[-3.03664416e+00 -1.21276728e-01  2.53648355e-01 -8.18996268e+00
  3.23164444e+02] 8.194787017549066
[-3.15336236e+00  9.89544179e-02  5.65327747e-02 -8.20428564e+00
  3.25173647e+02] 8.205077131814516
[-3.12962251e+00  1.68730444e-02 -2.17853108e-01 -8.07662721e+00
  3.23776699e+02] 8.07958240422076
[-3.10192387e+00  1.77076982e-01 -2.14583826e-02 -8.01472383e+00
  3.25794779e+02] 8.01670847734318
[-3.13449574e+00 -1.11068610e-01 -1.91799076e-01 -7.90372268e+00
  3.23491869e+02] 7.906829661320423
[-3.09139966e+00 -1.39333744e-01 -2.33743423e-02 -8.21889425e+00
  3.27307270e+02] 8.220108449771907
[-3.11039431e+00  1.06893418e-01 -1.57475121e-01 -8.22762044e+00
  3.22617214e+02] 8.229821548739896
[-3.05218752e+00 -8.58935413e-02  2.36809993e-01 -7.64892184e+00
  3.19039873e+02] 7.653068796285544
[-3.07557519e+00 -1.61628405e-01  1.88618834e-01 -7.91564528e+00
  3.23134860e+02] 7.919541712895989
[-3.14070654e+00 -3.99696888e-01  5.41545440e-02 -8.29370895e+00
  3.24688365e+02] 8.303511215883491
[-3.11275978e+00 -5.00753210e-02 -2.12930463e-01 -8.03239020e+00
  3.22455297e+02] 8.035368024145557
[-3.20523147e+00  3.12165015e-01 -2.62993792e-02 -7.88486870e+00
  3.22023093e+02] 7.891089474106932
[-3.17440379e+00  3.13941633e-03 -8.26179658e-02 -8.13019401e+00
  3.24678199e+02] 8.130614386162765
[-3.16371128e+00  6.73074743e-02 -1.82663441e-01 -7.70469113e+00
  3.20568772e+02] 7.7071500305243665
[-3.16631979e+00 -5.64960652e-02 -8.11008404e-04 -7.88747045e+00
  3.22910525e+02] 7.887672826738676
[-3.15919374e+00  1.01035565e-01 -7.82690554e-02 -8.08825861e+00
  3.24430551e+02] 8.089268300104747
[-3.17587311e+00  1.81692531e-01 -1.72035178e-01 -8.04895745e+00
  3.23305843e+02] 8.052845731940767
[-3.14877713e+00  1.40871635e-01 -5.31900141e-02 -7.96183964e+00
  3.23680061e+02] 7.963263425176519
[-3.06612036e+00  4.44753348e-02  2.86139265e-02 -7.82546441e+00
  3.21825351e+02] 7.825643110925996
[-3.27045447e+00  1.39508532e-01  3.46721663e-02 -8.37222648e+00
  3.23342041e+02] 8.37346051917549
[-3.18574679e+00  1.48099574e-01  1.44165725e-01 -8.12118087e+00
  3.24139906e+02] 8.123810434161594
[-3.16615217e+00  1.64661101e-03 -1.75375928e-01 -8.21762309e+00
  3.25039990e+02] 8.21949442927817
[-3.16563994e+00  7.44455396e-02 -1.93363339e-01 -8.04583617e+00
  3.22801802e+02] 8.048503666267349
[-3.09979090e+00 -2.81655334e-01  9.57785221e-02 -8.14083314e+00
  3.23714727e+02] 8.146267083552107
[-3.15045802e+00  2.05402451e-01  2.03204196e-01 -8.21106253e+00
  3.24335856e+02] 8.216144475946122
[-3.18179600e+00 -2.97185049e-02  2.88703466e-01 -7.89975486e+00
  3.20787368e+02] 7.905084426986252
[-3.06780187e+00  1.93341579e-01 -1.14331644e-02 -8.06321537e+00
  3.25127654e+02] 8.065541138350149
[-3.07309484e+00  2.14327448e-01 -2.54122756e-01 -7.90420081e+00
  3.23953476e+02] 7.911188597161422
[-3.24240477e+00  3.58917033e-01  2.95557518e-01 -8.07474404e+00
  3.21254392e+02] 8.088118883412763
[-3.13751960e+00  2.04271984e-01 -2.87178376e-02 -8.33000218e+00
  3.25198988e+02] 8.332555918530158
[-3.21351916e+00 -2.15970412e-01  2.32779426e-01 -8.06056277e+00
  3.22252031e+02] 8.066814843025625
[-3.09515692e+00  8.31285026e-03  8.54962522e-02 -8.32911481e+00
  3.25538411e+02] 8.329557747672535
[-3.14957483e+00 -2.49801468e-01  1.77687157e-01 -8.24559547e+00
  3.24451014e+02] 8.251291909301766
[-3.13213027e+00  2.80209515e-01 -1.56102244e-01 -8.10381696e+00
  3.23270793e+02] 8.110162425846339
[-3.13223086e+00  5.89697834e-02  3.68543597e-02 -7.87887620e+00
  3.22778464e+02] 7.879183074582506
[-3.08794028e+00  2.13553855e-01 -1.61152984e-01 -7.81871252e+00
  3.21711252e+02] 7.823288378257773
[-3.12549042e+00 -5.14746760e-02  2.16100044e-01 -7.69713603e+00
  3.19516784e+02] 7.7003410291088485
[-3.01945023e+00  2.07559522e-02  3.32197581e-02 -7.68947789e+00
  3.22028058e+02] 7.689577660484807
[-3.06784218e+00  1.32928009e-01 -4.71587598e-01 -7.96399476e+00
  3.22518458e+02] 7.979052405027012
[-3.11747476e+00 -2.64718526e-01 -9.07689114e-02 -8.04208332e+00
  3.22536896e+02] 8.046950911705846
[-3.21804585e+00  7.38877986e-02 -1.07714784e-01 -8.17038827e+00
  3.22104244e+02] 8.171432332311266
[-3.12649174e+00  1.08958445e-01 -2.18825581e-01 -8.12954992e+00
  3.24317197e+02] 8.133224359210251
[-3.07604517e+00 -1.66212742e-01 -8.78175131e-02 -8.07656068e+00
  3.23621692e+02] 8.07874810868096
[-3.19090561e+00 -1.37048918e-01  5.02039035e-02 -7.86596867e+00
  3.21924478e+02] 7.867322670374035
[-3.16899076e+00  7.38119068e-02 -5.83516112e-02 -8.11233686e+00
  3.23166531e+02] 8.112882499872757
[-3.11276316e+00 -1.50570876e-01 -2.45881887e-01 -7.84627220e+00
  3.22194298e+02] 7.851567800863801
[-2.99741924e+00  2.41567990e-01 -1.43091326e-01 -7.81687963e+00
  3.20907765e+02] 7.821920309156598
[-3.19045852e+00 -2.05540644e-01  1.43130964e-01 -7.80729572e+00
  3.18869685e+02] 7.8113122990365875
[-3.13854416e+00 -3.13920962e-01 -1.47227974e-01 -7.97211138e+00
  3.22721517e+02] 7.979648008613689
[-3.11533526e+00  7.19224725e-02 -9.81904759e-02 -8.22206424e+00
  3.24215664e+02] 8.222965074229696
[-3.14690357e+00 -1.61182860e-02 -3.75388735e-02 -8.19637250e+00
  3.23265906e+02] 8.196474310766467
[-3.08437287e+00  1.98266172e-01 -5.76343318e-02 -8.15489826e+00
  3.23308448e+02] 8.157511684937985
[-3.17512132e+00 -1.41582463e-01 -9.36508457e-02 -8.30186319e+00
  3.23968071e+02] 8.303598522267732
[-3.22380528e+00 -2.01798967e-01 -2.91045011e-01 -7.87972172e+00
  3.20517074e+02] 7.887676739755376
[-3.10168631e+00  1.70376589e-01 -1.00997154e-01 -7.98877440e+00
  3.22551537e+02] 7.991229250993111
[-3.20096857e+00  3.60478810e-01  4.00536796e-02 -8.29830637e+00
  3.24323114e+02] 8.306228856411213
[-3.21698727e+00  2.34646767e-02 -6.68330334e-02 -7.90698281e+00
  3.21083188e+02] 7.907300065471697
[-3.10966044e+00 -4.34308457e-01  6.23689629e-02 -8.12054376e+00
  3.25526819e+02] 8.132388616129198
[-3.22909717e+00 -3.27747583e-02 -2.35501767e-01 -8.25121483e+00
  3.24465886e+02] 8.254639999128381
[-3.14559415e+00 -1.22632950e-01  1.98942854e-01 -8.26862855e+00
  3.22520332e+02] 8.271930561658456
[-3.18804965e+00  5.11938126e-02 -3.09596796e-01 -8.21717345e+00
  3.21284161e+02] 8.22316305142029
[-3.21780443e+00  3.96657167e-03 -3.43960384e-02 -8.04422061e+00
  3.21500719e+02] 8.04429512589379
[-3.13843763e+00 -6.75550855e-02 -3.51296240e-01 -7.97017297e+00
  3.19750342e+02] 7.978197161432823
[-3.15763240e+00  2.48883503e-02 -1.76378075e-01 -8.36835424e+00
  3.24686993e+02] 8.370249779424993
[-3.14157682e+00 -1.98372769e-01  2.11272330e-01 -8.44252460e+00
  3.26080562e+02] 8.447497226527354
[-3.05295516e+00 -1.19772628e-01 -1.08013607e-02 -8.24526619e+00
  3.25489036e+02] 8.246143139862522
[-3.03199631e+00  2.55369794e-01  1.80718071e-01 -8.19434949e+00
  3.25313698e+02] 8.200319285559802
[-3.13424999e+00  1.38050822e-01  9.77796830e-04 -8.22525805e+00
  3.25899009e+02] 8.226416534503931
[-3.24303799e+00 -1.33261516e-01 -7.52959841e-02 -8.19543897e+00
  3.24543414e+02] 8.196868187433196
[-3.11387427e+00  9.03291600e-02 -2.16814880e-01 -8.22409926e+00
  3.21702457e+02] 8.227452619620477
[-3.11784511e+00 -8.81821198e-02 -7.40172618e-02 -7.86649156e+00
  3.23716288e+02] 7.867333985993597
[-3.08979884e+00  3.52971860e-02  7.83150503e-02 -7.95847366e+00
  3.20760917e+02] 7.958937253615486
[-3.22804253e+00  8.05415324e-02 -1.29584788e-01 -7.98932419e+00
  3.21749650e+02] 7.990780951334251
[-3.11789765e+00 -1.77853872e-01  1.51534928e-01 -7.98026366e+00
  3.24883603e+02] 7.98368354554849
[-3.09225617e+00 -1.59196175e-01  6.48110791e-02 -8.22867204e+00
  3.24268248e+02] 8.23046702863543
[-3.09580031e+00 -1.29348852e-02 -2.74579852e-02 -8.00966443e+00
  3.23333463e+02] 8.009721938158275
[-3.15175457e+00 -4.12722097e-03  1.47082580e-01 -8.23043301e+00
  3.25464628e+02] 8.2317481603166
[-3.10302828e+00 -3.00006272e-01 -1.58917386e-01 -7.93228700e+00
  3.21256849e+02] 7.939548825165094
[-3.14876935e+00 -6.42129242e-02 -4.03367333e-02 -8.03327477e+00
  3.21517207e+02] 8.033632665610547
[-3.17544837e+00  2.91118888e-03 -6.73519074e-02 -8.21358249e+00
  3.22024521e+02] 8.213859142873671
[-3.10307238e+00  6.45342611e-02 -3.00343949e-01 -7.86555119e+00
  3.20735243e+02] 7.871547917190933
[-3.12978152e+00  2.34803443e-01 -6.65685646e-02 -8.07813900e+00
  3.23832961e+02] 8.081824904435397
[-3.17394139e+00  2.30571526e-01  5.82706626e-03 -8.09791304e+00
  3.23143784e+02] 8.101196993209136
[-3.12355270e+00  1.94980219e-01  1.55832569e-01 -7.95643294e+00
  3.23488749e+02] 7.960347111608943
[-3.14465790e+00  3.26536708e-01 -1.39222984e-01 -8.32070301e+00
  3.24883621e+02] 8.328271603719033
[-3.27066694e+00 -8.40176408e-02 -8.63665215e-02 -8.14348145e+00
  3.23627066e+02] 8.144372799110537
[-3.12391708e+00  5.71398764e-02  3.13604712e-01 -7.91181704e+00
  3.21490027e+02] 7.918236020733675
[-3.07904374e+00 -3.30237383e-02  2.36584316e-01 -7.91358794e+00
  3.20170190e+02] 7.91719248596403
[-3.17271674e+00  2.31083331e-01  1.49731471e-01 -7.93692842e+00
  3.23732950e+02] 7.941703333245565
[-3.11439927e+00  2.08023900e-01 -2.25331712e-01 -8.02656387e+00
  3.24209650e+02] 8.032420300617325
[-3.14537119e+00  6.09260214e-02 -4.96808185e-02 -8.06223636e+00
  3.24064244e+02] 8.062619632897729
[-3.21226097e+00  9.28287221e-02 -9.04112213e-02 -7.97578144e+00
  3.21919857e+02] 7.976834021702286
[-3.09741068e+00  9.31659910e-02 -1.76639089e-01 -8.07092640e+00
  3.24063015e+02] 8.073396697293857
[-3.14371694e+00 -6.68175608e-02  3.99797111e-01 -7.84264083e+00
  3.20831722e+02] 7.853108782032329
[-3.18909913e+00  8.83289674e-02  2.06288962e-02 -8.23542786e+00
  3.24944067e+02] 8.235927371306998
[-3.19262158e+00  2.06913386e-01  1.43377861e-01 -8.05741521e+00
  3.21589455e+02] 8.061346674897669
[-3.09279557e+00  3.07615317e-01 -1.02634647e-01 -8.14354608e+00
  3.25877724e+02] 8.15000023820937
[-3.09050920e+00 -2.11625850e-01 -8.04052493e-02 -7.98672552e+00
  3.23799700e+02] 7.989933351562142
[-3.15642007e+00  2.35918020e-01  3.05573388e-02 -7.76231500e+00
  3.20257621e+02] 7.765959385952248
[-3.16727901e+00  8.75639907e-02  7.80423362e-02 -7.94743931e+00
  3.23507724e+02] 7.948304823563736
[-3.13879036e+00  1.78652220e-01  1.34512395e-01 -7.95609146e+00
  3.22958980e+02] 7.959233729905138
[-3.20405933e+00 -1.61917493e-01  2.00234979e-01 -8.07278085e+00
  3.21914267e+02] 8.076886902287857
[-3.05573437e+00  9.96983385e-03  1.81296941e-01 -7.89482000e+00
  3.21039574e+02] 7.89690767809687
[-3.13770802e+00  6.75130007e-02 -2.07715890e-01 -8.15174622e+00
  3.23374788e+02] 8.15467168544887
[-3.07649622e+00 -8.44448976e-03 -1.12715568e-01 -7.86291610e+00
  3.24317335e+02] 7.863728489206578
[-3.10199023e+00 -1.82570206e-01  3.18183438e-01 -8.12056131e+00
  3.21858736e+02] 8.128843005322329
[-3.14654106e+00  4.22772055e-01  1.22387133e-01 -7.87538660e+00
  3.21530445e+02] 7.887675765381446
[-3.15297206e+00  4.69618693e-02  2.01340033e-01 -7.91557191e+00
  3.19925616e+02] 7.9182713972005
[-3.15522671e+00 -2.16297311e-02 -3.75012522e-02 -8.34147216e+00
  3.26283276e+02] 8.341584501703675
[-3.13457043e+00 -2.29728952e-02 -1.31055498e-01 -7.81156377e+00
  3.17652728e+02] 7.81269683336572
[-3.02575441e+00 -3.14406900e-02 -2.81090393e-01 -8.05865140e+00
  3.23740084e+02] 8.063613501771979
[-3.12285390e+00 -9.19884514e-02 -2.84069780e-01 -8.03792910e+00
  3.23350472e+02] 8.043473236097032
[-3.11739688e+00  3.86052465e-01 -1.52761635e-02 -7.92208304e+00
  3.22389107e+02] 7.931498572521101
[-3.11734772e+00 -1.29167484e-01 -2.19713050e-01 -7.94995330e+00
  3.21181529e+02] 7.954037687336839
[-3.22244195e+00 -9.62924766e-02 -1.46571503e-01 -7.99694573e+00
  3.20057393e+02] 7.998868450136216
[-3.20507244e+00  1.51909099e-01  1.65996018e-01 -8.15953808e+00
  3.21602075e+02] 8.162640057450613
[-3.08399436e+00 -3.91605432e-02 -2.52447779e-01 -7.95126659e+00
  3.25106818e+02] 7.9553694918327595
[-3.15734639e+00 -1.97898836e-01  3.43290444e-01 -8.05683852e+00
  3.23235143e+02] 8.066576674362352
[-3.13153562e+00 -1.13832575e-01  3.78328789e-02 -7.98696225e+00
  3.22780203e+02] 7.987862990556437
[-3.16113426e+00  3.42975894e-02  1.06857283e-01 -8.29734794e+00
  3.23560483e+02] 8.298106867602732
[-3.09424559e+00 -2.00520620e-01 -1.12897821e-01 -7.91990809e+00
  3.21183600e+02] 7.923250506219778
[-3.09869846e+00 -1.89493320e-01  8.99025447e-02 -8.19639532e+00
  3.20782804e+02] 8.199078388155002
[-3.17317268e+00  1.06956640e-01 -2.01227316e-02 -7.84824226e+00
  3.21751229e+02] 7.8489968308955955
[-3.20506668e+00 -1.75751777e-01 -2.26395102e-01 -8.25450733e+00
  3.24908494e+02] 8.259481503246997
[-3.13017278e+00 -9.95599822e-02  5.91635913e-03 -7.87693371e+00
  3.21001868e+02] 7.877565097918035
[-3.14894773e+00 -7.49564676e-02 -1.26765090e-01 -8.01072272e+00
  3.22163935e+02] 8.012076286203738
[-3.16204607e+00  2.65819712e-01 -4.77881238e-02 -8.37307472e+00
  3.24016687e+02] 8.377429443163686
[-3.17794571e+00 -8.69490681e-02 -9.39596909e-02 -7.85705150e+00
  3.22172210e+02] 7.858094346634555
[-3.12431016e+00  1.30823141e-01  8.12036157e-03 -8.03758742e+00
  3.20897728e+02] 8.038656118351424
[-3.17751072e+00  1.49193363e-01 -9.03452147e-02 -8.04653124e+00
  3.21985679e+02] 8.048421326028246
[-3.13215294e+00  1.20601862e-01  1.65285574e-02 -7.94783730e+00
  3.20801513e+02] 7.94876945319622
[-3.16914450e+00  3.34620755e-01  2.14128750e-01 -8.15215259e+00
  3.21883411e+02] 8.161826632710394
[-3.12677292e+00 -5.51615439e-02  7.23529449e-02 -8.35903079e+00
  3.25678437e+02] 8.359525908561174
[-3.11996115e+00 -1.25488788e-01  1.15845746e-01 -7.82098807e+00
  3.20138106e+02] 7.822852549277388
[-3.09253415e+00  1.15878727e-01  1.52999988e-01 -7.92260851e+00
  3.22452389e+02] 7.924932967019388
[-3.20821652e+00  2.00332281e-01  2.49625725e-02 -8.14911518e+00
  3.23442173e+02] 8.151615442884072
[-3.14058251e+00 -1.70223634e-01 -1.54190487e-01 -8.14018316e+00
  3.21813249e+02] 8.143422663199262
[-3.08817897e+00 -3.51968416e-01 -6.23635725e-02 -7.84069011e+00
  3.20416775e+02] 7.8488338228594605
[-3.15386190e+00  1.45620540e-01  6.33066662e-02 -7.87958048e+00
  3.19911868e+02] 7.881180222036215
[-3.11745185e+00  6.20702226e-03 -2.11389992e-01 -8.02113657e+00
  3.22698167e+02] 8.023923988531061
[-3.07280620e+00  2.17933537e-01  1.35317133e-01 -8.10057874e+00
  3.24645625e+02] 8.104639512040894
[-3.15507171e+00  6.15460092e-02 -1.39924920e-01 -8.10824359e+00
  3.24158998e+02] 8.109684394964695
[-3.23508286e+00 -1.58684017e-01 -2.33286622e-01 -8.09653962e+00
  3.20344314e+02] 8.10145401543168
[-3.12730747e+00  3.54802340e-02 -5.27711649e-02 -7.91285616e+00
  3.21037851e+02] 7.913111665583972
[-3.17629456e+00  1.53277373e-01  2.23354560e-01 -7.90717414e+00
  3.20628951e+02] 7.911812942581041
[-3.19827785e+00  4.02671342e-01 -1.31174233e-01 -7.92073429e+00
  3.23050466e+02] 7.93204782140671
[-3.09319952e+00  1.87684891e-01  1.62281236e-01 -7.92899396e+00
  3.22365677e+02] 7.932875014875012
[-3.18678558e+00  7.26395535e-02  6.28768200e-02 -8.03895745e+00
  3.22717968e+02] 8.039531508300904
[-3.05619216e+00 -1.27008162e-01 -6.17532061e-02 -7.90140470e+00
  3.23211497e+02] 7.90266668723448
[-3.13563086e+00 -2.06564879e-02  2.04830342e-01 -7.89457709e+00
  3.24291819e+02] 7.897260892173907
[-3.07126519e+00 -2.61499069e-01  1.34371928e-01 -8.18740294e+00
  3.26534618e+02] 8.1926799356437
[-3.15374068e+00 -2.40872512e-01 -2.21704917e-01 -8.11025892e+00
  3.23662843e+02] 8.116863459903959
[-3.20562088e+00  1.61892999e-01  3.19730328e-02 -8.26450377e+00
  3.23281710e+02] 8.266151111146614
[-3.12727704e+00  6.62602866e-02 -1.50703766e-01 -8.07281428e+00
  3.25275364e+02] 8.074492703452439
[-3.14058906e+00 -5.93847875e-02 -1.92656065e-01 -8.25472655e+00
  3.25501060e+02] 8.257187982994333
[-3.09949654e+00  2.66074655e-02  1.38482994e-01 -7.96343577e+00
  3.23547478e+02] 7.964684223328464
[-3.16405165e+00  1.43900932e-01 -3.04229170e-02 -7.71013363e+00
  3.18562131e+02] 7.711536396008145
[-3.10722567e+00 -1.41235749e-01  2.86837601e-01 -8.20767989e+00
  3.26382407e+02] 8.213904831580956
[-3.11586595e+00  9.44887614e-02 -1.86639079e-01 -8.48762490e+00
  3.26287847e+02] 8.490202512809635
[-3.06814008e+00 -2.26265270e-01  7.45461238e-03 -7.71185835e+00
  3.21710376e+02] 7.7151805386568
[-3.23395418e+00  2.12956978e-01 -1.53275645e-01 -8.25904860e+00
  3.23390690e+02] 8.263215347120932
[-3.08124062e+00  2.92486997e-02 -9.73504916e-02 -7.83112612e+00
  3.20237289e+02] 7.831785810698031
[-3.20378413e+00  8.66369584e-02  9.81957123e-02 -7.99819005e+00
  3.21564949e+02] 7.999261997234342
[-3.10067345e+00  8.58464493e-02  1.87903475e-02 -8.09025025e+00
  3.22976994e+02] 8.090727523554387
[-3.06656315e+00  7.19196655e-02  5.29800349e-02 -8.19940879e+00
  3.25667396e+02] 8.199895356522504
[-3.11954508e+00 -1.50619936e-01  2.23407855e-01 -8.42186762e+00
  3.26986302e+02] 8.426176572429348
[-3.06133030e+00  2.73618994e-01 -1.94518264e-01 -7.97998864e+00
  3.25647524e+02] 7.9870472255796185
[-3.21351115e+00  6.30584903e-02  2.82847331e-02 -8.11680002e+00
  3.21260058e+02] 8.11709424024201
[-3.15514822e+00 -1.12696294e-01 -2.04969550e-03 -7.96832269e+00
  3.22478319e+02] 7.969119845966622
[-3.25498885e+00  3.91667756e-02 -1.56250471e-01 -8.46288956e+00
  3.23281679e+02] 8.46442248679991
[-3.11260555e+00 -6.57091525e-02 -3.41963618e-01 -8.13822239e+00
  3.24209459e+02] 8.145668817160033
[-3.14473429e+00  4.15569888e-02 -2.03479407e-01 -8.30410544e+00
  3.25271811e+02] 8.306701998417232
[-3.11476733e+00 -2.43134736e-01 -2.95642912e-01 -7.98211024e+00
  3.23410769e+02] 7.991282944639497
[-3.16438872e+00 -1.88079655e-01 -1.72218256e-01 -8.10054926e+00
  3.23031865e+02] 8.104562378016944
[-3.18444292e+00 -2.32300384e-01  8.34228196e-02 -7.90887362e+00
  3.20311523e+02] 7.91272423242274
[-3.09342902e+00 -2.16845736e-01 -1.11716827e-01 -7.60807139e+00
  3.19293040e+02] 7.611980881449331
[-3.15322818e+00 -2.72179264e-02  7.55536900e-02 -8.18002946e+00
  3.24538802e+02] 8.180423657405214
[-3.10214372e+00 -2.10155025e-01  2.14991836e-01 -7.90035532e+00
  3.20741016e+02] 7.906073666472793
[-3.14603373e+00 -1.11182747e-02 -1.54068447e-01 -7.95158618e+00
  3.21502645e+02] 7.95308641599881
[-3.20538744e+00  3.38777111e-02 -2.93290340e-01 -8.25841604e+00
  3.22514261e+02] 8.263691810132524
[-3.17167588e+00 -1.61235897e-01  1.80465139e-01 -7.85157588e+00
  3.19474437e+02] 7.855304484666012
[-3.15226851e+00 -2.19924228e-01  1.23147645e-02 -7.93077082e+00
  3.24059167e+02] 7.933829097518764
[-3.15119697e+00 -1.48452893e-01  2.32401539e-01 -8.10484405e+00
  3.24219352e+02] 8.109534251337935
[-3.06145173e+00 -1.48498584e-01 -1.16706961e-01 -7.98645176e+00
  3.24577485e+02] 7.988684753325399
[-3.19099044e+00 -6.31941298e-02 -1.44780066e-02 -7.86789769e+00
  3.20860000e+02] 7.868164789429419
[-3.14914189e+00  8.49934646e-04 -1.97340403e-02 -7.96713289e+00
  3.21954690e+02] 7.9671573758007
[-3.16345539e+00  1.19947542e-01  1.71372720e-01 -8.01926454e+00
  3.23053129e+02] 8.021992256630337
[-3.10615325e+00 -9.80946295e-02  3.20940533e-01 -7.94800656e+00
  3.22841682e+02] 7.955088539893279
[-3.11643260e+00 -2.32722611e-01  6.50912543e-02 -7.65618117e+00
  3.18800129e+02] 7.659993913480058
[-3.17424894e+00  1.48438870e-01  3.18815300e-01 -8.23891218e+00
  3.23156694e+02] 8.246414441688096
[-3.14759872e+00 -1.14664319e-01 -1.72588702e-02 -8.06531670e+00
  3.20396846e+02] 8.066150210366974
[-3.15668996e+00  1.07716376e-01 -3.72519213e-01 -8.14296198e+00
  3.24010671e+02] 8.152190083106788
[-3.13350659e+00 -2.14050640e-01  8.84242546e-02 -8.19156099e+00
  3.24522961e+02] 8.194834229323298
[-3.16340984e+00  6.92222876e-02  7.17130365e-02 -8.16267274e+00
  3.22141639e+02] 8.163281249592812
[-3.22987185e+00 -3.35018249e-01  2.63527975e-01 -8.17824491e+00
  3.23621414e+02] 8.18934515483325
[-3.12283799e+00  7.75889535e-02 -1.27231641e-01 -7.85692175e+00
  3.22827869e+02] 7.8583348963748465
[-3.14166173e+00  1.73720430e-01  8.77777014e-02 -7.84954741e+00
  3.22131472e+02] 7.851960156940701
[-3.11217863e+00  2.80384637e-01 -8.19387601e-03 -8.06842596e+00
  3.22227648e+02] 8.07330045240914
[-3.18838019e+00  1.09712704e-01  1.54428958e-01 -8.12892666e+00
  3.22334532e+02] 8.131133610069682
[-3.19493681e+00 -1.09676249e-01  3.76722460e-02 -7.83999042e+00
  3.22310063e+02] 7.840848028824623
[-3.13018998e+00  3.81360889e-01  2.15426458e-01 -8.14316766e+00
  3.23462140e+02] 8.154938642887794
[-3.15363446e+00  7.88579718e-02 -2.37509305e-02 -8.16175225e+00
  3.22383062e+02] 8.162167757977162
[-3.12963265e+00 -1.06070196e-01 -2.28544715e-01 -7.81944400e+00
  3.21389507e+02] 7.823502290471001
[-3.16547829e+00  1.25350416e-01 -1.70296575e-01 -7.94762773e+00
  3.20923186e+02] 7.9504402464357
[-3.15650637e+00  2.01126051e-02  1.62468641e-01 -7.98382931e+00
  3.22402081e+02] 7.985507558490904
[-3.20948550e+00 -4.56098295e-02  3.24148792e-01 -7.98656678e+00
  3.23623367e+02] 7.993272272475834
[-3.14004659e+00 -1.60284335e-01  1.65144777e-01 -7.87661125e+00
  3.20741385e+02] 7.879972626793946
[-3.07320026e+00 -3.10326457e-01  1.60219424e-01 -7.97099782e+00
  3.24143767e+02] 7.978645186754636
[-3.11839697e+00  1.56988646e-01  2.55625488e-01 -8.07534075e+00
  3.22659827e+02] 8.080910714803332
[-3.09500576e+00 -1.31000548e-01 -2.66579150e-01 -7.78982871e+00
  3.19981880e+02] 7.795489526869777
[-3.18648224e+00 -2.24241901e-01 -1.27230986e-01 -8.15253375e+00
  3.20718058e+02] 8.156609513411956
[-3.06035226e+00 -3.75067089e-03 -2.28601741e-01 -8.07949580e+00
  3.22760748e+02] 8.082730055688291
[-3.10966447e+00  2.79420312e-01 -1.38425617e-04 -8.06087924e+00
  3.20886365e+02] 8.06572067034026
[-3.11070546e+00  2.55790174e-01  1.83483486e-01 -8.07191217e+00
  3.25088741e+02] 8.078048086714603
[-3.18065582e+00 -8.88054539e-02  2.31087505e-01 -8.24912290e+00
  3.21521482e+02] 8.252836869448416
[-3.19733653e+00  3.34580129e-02  1.60421888e-01 -7.96892987e+00
  3.22615737e+02] 7.970614654580223
[-3.12903184e+00  2.25036113e-01 -6.93832634e-02 -8.04642526e+00
  3.22519252e+02] 8.049870484142177
[-3.16703715e+00  6.04702764e-02  1.14371437e-01 -8.06428263e+00
  3.22651486e+02] 8.065320317150787
[-3.20725296e+00 -3.25138319e-01  1.47811066e-01 -7.98341329e+00
  3.23598562e+02] 7.991398549503416
[-3.07221112e+00  5.03362605e-02 -8.53057908e-02 -7.92174684e+00
  3.21391484e+02] 7.92236604762211
[-3.15929657e+00 -3.55763382e-01  2.27066048e-01 -8.19600519e+00
  3.22628125e+02] 8.206864664733192
[-3.11112190e+00 -1.43557730e-01 -2.06615697e-01 -8.01146078e+00
  3.22599174e+02] 8.015410330368553
[-3.06881036e+00 -1.21402753e-01  4.89738477e-02 -8.09817004e+00
  3.22239256e+02] 8.0992280508526
[-3.13997652e+00 -6.15345764e-02 -1.64709026e-01 -8.06505128e+00
  3.22609726e+02] 8.066967693997952
[-3.19308505e+00 -2.75213051e-03  1.37361696e-01 -8.23478071e+00
  3.23123073e+02] 8.235926732538623
[-3.10673882e+00 -1.25194818e-01  5.36650766e-02 -7.96105739e+00
  3.23341699e+02] 7.962222587185924
[-3.11991964e+00  6.97801265e-02 -3.30831327e-01 -8.09207978e+00
  3.23839308e+02] 8.099140307875611
[-3.15854067e+00  1.89357030e-02  7.40128907e-03 -8.05785452e+00
  3.23050193e+02] 8.057880165121102
[-3.13455116e+00 -1.58762082e-01  6.84679069e-02 -8.06876443e+00
  3.24974447e+02] 8.07061661926991
[-3.14722779e+00  3.25565982e-01 -3.07887803e-02 -8.21668080e+00
  3.22904964e+02] 8.223185785445933
[-3.22877561e+00  5.32750096e-02 -8.97648659e-02 -8.02436934e+00
  3.22475890e+02] 8.025048240653838
[-3.19074511e+00  1.08065295e-01  6.47076073e-02 -8.41869306e+00
  3.24211314e+02] 8.419635264993556
[-3.15486665e+00 -1.99806683e-02  2.27072302e-01 -8.08038990e+00
  3.24294266e+02] 8.083604518890532
[-3.11741445e+00  6.31439048e-02 -2.31216623e-02 -7.86177834e+00
  3.21712443e+02] 7.862065910520988
[-3.21378679e+00  6.48981322e-02  4.81919488e-03 -8.16933798e+00
  3.20281199e+02] 8.16959718040081
[-3.09036362e+00  1.02071849e-01 -1.75420445e-03 -8.37815247e+00
  3.23949435e+02] 8.378774404345512
[-3.15770002e+00 -1.66924064e-01  8.91205850e-02 -7.99742312e+00
  3.21981841e+02] 7.9996614059895945
[-3.16306385e+00  5.22371778e-02  1.11896125e-01 -8.22840125e+00
  3.24539847e+02] 8.229327830377903
[-3.12282863e+00  4.57707402e-03 -4.69460658e-02 -7.71531715e+00
  3.20647475e+02] 7.715461331010194
[-3.12561551e+00 -1.07464202e-01  4.41785019e-02 -8.16703285e+00
  3.25960082e+02] 8.167859321325231
[-3.10074165e+00  2.20864190e-03  3.33258374e-01 -8.17305791e+00
  3.24128346e+02] 8.17984973207615
[-3.15389483e+00 -3.55024445e-02  1.81201829e-01 -7.80651575e+00
  3.21869228e+02] 7.808699162767173
[-3.06405520e+00  2.27780828e-01 -6.59353198e-02 -7.86344017e+00
  3.23326927e+02] 7.86701486311051
[-3.08004708e+00  1.71070097e-01 -2.50181233e-01 -8.24988294e+00
  3.24437862e+02] 8.255448148157328
[-3.21756307e+00  6.68910808e-02 -8.42855441e-02 -7.57118898e+00
  3.19896934e+02] 7.571953582254233
[-3.12557075e+00 -2.79838981e-01  5.21325066e-02 -7.69580779e+00
  3.19876031e+02] 7.701070396568444
[-3.16233666e+00  4.62524567e-01  1.69335189e-01 -8.11186075e+00
  3.21302892e+02] 8.126800616625882
[-3.14608098e+00 -2.24532956e-01  1.69388139e-01 -8.04282000e+00
  3.23001355e+02] 8.04773638766251
[-3.09669429e+00 -1.42230858e-01  1.39077422e-01 -7.99563554e+00
  3.24698362e+02] 7.998109770856217
[-3.18254968e+00 -4.79813895e-03 -2.70056208e-01 -8.15259353e+00
  3.23380212e+02] 8.157066542275919
[-3.01639071e+00 -1.62866574e-01 -2.51649681e-01 -8.04768901e+00
  3.27198077e+02] 8.053269609909323
[-3.16702814e+00  2.54626644e-01 -9.76519814e-02 -7.91621504e+00
  3.22157994e+02] 7.920911012267137
[-3.15603598e+00  2.09185211e-01 -1.52025300e-01 -7.78164337e+00
  3.21357578e+02] 7.785938848276167
[-3.15628925e+00  7.10266049e-02 -3.19476099e-02 -8.17053181e+00
  3.24060855e+02] 8.17090298000029
[-3.17866941e+00 -1.40650697e-01  2.38753390e-01 -8.17712668e+00
  3.23300858e+02] 8.181820495065795
[-3.04770985e+00 -7.32646979e-03 -2.86538520e-01 -7.90239401e+00
  3.25077875e+02] 7.90759060305722
[-3.12088852e+00 -5.94416334e-02  3.17467107e-02 -7.54463074e+00
  3.20521190e+02] 7.544931683023045
[-3.12159139e+00  1.25784740e-01  3.47502505e-01 -8.13345801e+00
  3.25541781e+02] 8.14184985316355
[-3.17775090e+00  1.95370394e-01 -4.97135489e-02 -8.23874761e+00
  3.22338982e+02] 8.241213697008979
[-3.14986820e+00  3.83575406e-01  2.65657722e-01 -8.26430993e+00
  3.24333260e+02] 8.277470792957121
[-3.11747447e+00  1.91602611e-01  1.03827024e-01 -8.20148516e+00
  3.25296988e+02] 8.204379958217375
[-3.11424114e+00 -3.37282710e-01  6.69678161e-02 -8.26869530e+00
  3.26061861e+02] 8.275842330851788
[-3.19110816e+00 -3.98694015e-02  2.49016134e-01 -7.98994277e+00
  3.20334288e+02] 7.993921692268105
[-3.20348138e+00 -3.96336106e-02  3.41937164e-02 -8.06966709e+00
  3.22188688e+02] 8.069836861076721
[-3.06896931e+00 -1.13255787e-01 -1.43422084e-01 -7.90293841e+00
  3.21980205e+02] 7.905051058905689
[-3.12837160e+00 -2.86187289e-01  9.56628077e-02 -8.01322352e+00
  3.22736694e+02] 8.018903029002296
[-3.23541780e+00 -1.02794953e-01  2.67742401e-01 -8.39872219e+00
  3.23286353e+02] 8.403617508474378
[-3.19002932e+00 -8.93729280e-02  4.35643833e-01 -7.79302871e+00
  3.21739856e+02] 7.80570749300556
[-3.13199700e+00 -1.05302326e-01 -1.54856745e-01 -7.99137816e+00
  3.24099730e+02] 7.9935720443754885
[-3.11253595e+00  1.08133994e-02 -1.72199736e-01 -8.05334778e+00
  3.20825671e+02] 8.055195844450902
[-3.17086377e+00  1.69164814e-01 -1.23728398e-01 -7.96526287e+00
  3.21071460e+02] 7.968019707630548
[-3.16655619e+00 -8.93486650e-02 -1.45164248e-02 -8.38534622e+00
  3.26596772e+02] 8.385834795385884
[-3.15751151e+00 -1.21647301e-01  3.51162881e-01 -7.94107078e+00
  3.20298556e+02] 7.949762168129316
[-3.15167672e+00  2.26161066e-01  2.02243586e-01 -8.03937991e+00
  3.20698260e+02] 8.045102900278174
[-3.19685753e+00  9.70898641e-02 -1.73183668e-02 -8.08749382e+00
  3.24252619e+02] 8.088095122878054
[-3.14086484e+00 -1.91783907e-02  2.72555969e-01 -7.95625402e+00
  3.22357716e+02] 7.96094420251299
[-3.16113916e+00 -1.95948694e-01  7.02657492e-02 -8.01523354e+00
  3.21806456e+02] 8.017936256280885
[-3.24917947e+00 -2.31532746e-01 -1.49165236e-01 -8.34119591e+00
  3.21867746e+02] 8.345741837097258
[-3.09773949e+00  4.85723495e-02  6.95999481e-02 -8.40240830e+00
  3.25562169e+02] 8.402836942058778
[-3.12843435e+00 -2.21045077e-01  2.39872046e-01 -7.94334826e+00
  3.20823948e+02] 7.950042833243805
[-3.16442970e+00 -1.58909602e-01 -1.28655004e-02 -8.15074429e+00
  3.24380778e+02] 8.152303373804102
[-3.16322487e+00 -4.94707864e-02  1.86140572e-01 -8.45699486e+00
  3.26859786e+02] 8.459187773564523
[-3.14952060e+00 -1.25919094e-01  1.64828765e-01 -8.24802288e+00
  3.24972687e+02] 8.250630617955862
[-3.21574600e+00 -1.82530064e-01 -9.08541436e-02 -8.36052884e+00
  3.23615319e+02] 8.3630146625083
[-3.08815423e+00  1.59494009e-02 -6.18703341e-02 -8.02783963e+00
  3.23734051e+02] 8.028093884120102
[-3.14691289e+00 -1.55793473e-01 -3.72880723e-02 -8.05626502e+00
  3.22353715e+02] 8.057857532490456
[-3.14651641e+00  2.30037270e-03  1.84054804e-01 -7.93307022e+00
  3.21582225e+02] 7.935205385464139
[-3.13569312e+00 -8.98515011e-02  1.82294021e-01 -8.26369186e+00
  3.24165183e+02] 8.266190626989927
[-3.10049421e+00  1.02688781e-01  2.21545740e-01 -7.81312818e+00
  3.20704573e+02] 7.816943102663452
[-3.17217582e+00 -1.89158305e-01  7.07340756e-03 -8.12523949e+00
  3.23958023e+02] 8.127444101192987
[-3.23512842e+00  1.40034333e-01 -1.85674500e-01 -8.19939491e+00
  3.23871325e+02] 8.202692331082226
[-3.13239271e+00  9.20295549e-02 -3.54691727e-01 -8.17320971e+00
  3.22696244e+02] 8.181419960152116
[-3.14944854e+00 -1.80724729e-01  6.20491123e-02 -8.22494521e+00
  3.23589723e+02] 8.22716447061536
[-3.18191638e+00 -1.47710378e-01  1.51060189e-01 -7.92828738e+00
  3.21718577e+02] 7.931101960814624
[-3.15412615e+00  3.39425161e-01 -6.35383311e-02 -7.97275090e+00
  3.22964010e+02] 7.9802257830998835
[-3.10862120e+00  2.48334804e-02  1.05847868e-01 -7.98434037e+00
  3.20784229e+02] 7.985080561906638
[-3.19114000e+00 -3.12434091e-02 -1.95579789e-01 -7.94231269e+00
  3.22616037e+02] 7.944781836169991
[-3.12307212e+00  3.45017243e-01 -1.60173207e-01 -8.08296398e+00
  3.25497560e+02] 8.091909484007305
[-3.16071517e+00  7.30406099e-02  5.43123490e-02 -7.71949991e+00
  3.18197095e+02] 7.720036508517577
[-3.02984665e+00  1.05091304e-01 -6.47492118e-02 -7.94519090e+00
  3.23981150e+02] 7.94614970106679
[-3.19547683e+00 -2.12417207e-02  2.38426152e-01 -8.23750815e+00
  3.22242268e+02] 8.240985306464266
[-3.22293635e+00 -2.27068736e-01 -1.79019923e-01 -8.37130225e+00
  3.25167968e+02] 8.3762945132145
[-3.22606256e+00  2.45301543e-01 -7.17753676e-02 -8.26338186e+00
  3.24785588e+02] 8.267333567412003
[-3.12335427e+00  4.58535937e-02 -1.73551194e-01 -7.64719921e+00
  3.19911998e+02] 7.649305744486574
[-3.06891942e+00 -1.94002189e-01 -1.13267650e-01 -7.92338048e+00
  3.24708060e+02] 7.926564491743977
[-3.04588598e+00 -1.06525780e-01  2.00742721e-01 -8.01088737e+00
  3.20932862e+02] 8.014110175078866
[-3.16039748e+00 -5.54249046e-02  2.17951359e-03 -7.93680302e+00
  3.19602462e+02] 7.936996844667078
[-3.06852457e+00  1.00852755e-01 -2.06995202e-02 -7.96509511e+00
  3.23296855e+02] 7.965760468631003
[-3.12949315e+00  9.26538165e-02 -1.08401920e-01 -8.21315525e+00
  3.25197690e+02] 8.214393154930887
[-3.16660920e+00 -1.38482162e-01  3.16455267e-01 -8.05244747e+00
  3.22343650e+02] 8.059853067510682
[-3.21023294e+00 -1.47704132e-02 -4.11415585e-02 -8.07709319e+00
  3.22102063e+02] 8.077211470255673
[-3.09073871e+00 -2.69695627e-01  1.67897872e-01 -7.96410372e+00
  3.24096086e+02] 7.970437471700791
[-3.21789025e+00  2.37261996e-01 -9.30106427e-02 -8.23900326e+00
  3.22292918e+02] 8.242943583572368
[-3.12835907e+00 -1.48655572e-01  7.54838433e-02 -7.85361795e+00
  3.19966601e+02] 7.855387397458715
[-3.06504584e+00  1.30692075e-02  2.88008724e-01 -8.02688462e+00
  3.23001993e+02] 8.032060538932747
[-3.10611492e+00 -2.80446989e-01  4.56990014e-02 -7.99474169e+00
  3.25218563e+02] 7.999789601412014
[-3.14112247e+00 -4.65273171e-02  3.43767607e-01 -7.81350581e+00
  3.20455558e+02] 7.821202848765732
[-3.15714390e+00  1.21615153e-01 -3.14571190e-02 -8.15692207e+00
  3.25046879e+02] 8.157889272109138
[-3.17251503e+00  9.95982453e-02  1.07659306e-01 -8.40948238e+00
  3.22873883e+02] 8.410761213095341
[-3.11185726e+00  2.83611133e-01 -2.34719130e-01 -8.10597037e+00
  3.23693618e+02] 8.114325852795595
[-3.11936015e+00  3.14127671e-03 -8.57981427e-02 -7.90864973e+00
  3.21082516e+02] 7.909115733365159
[-3.17933816e+00 -2.51322279e-01 -1.18159954e-01 -8.01732324e+00
  3.23635322e+02] 8.022131675916384
[-3.14533726e+00 -1.27615412e-01  1.84653470e-01 -8.17458216e+00
  3.24723900e+02] 8.177663238788522
[-3.10667915e+00  1.04766025e-01 -2.63607660e-01 -8.33308695e+00
  3.27332585e+02] 8.337913587277951
[-3.16494731e+00 -3.29452291e-01  1.06435133e-01 -8.10393823e+00
  3.22446425e+02] 8.111330471709268
[-3.18450539e+00 -1.83946145e-02  1.47939459e-01 -8.13155879e+00
  3.22135947e+02] 8.13292523225175
[-3.15060981e+00  9.80469217e-02  9.41772367e-02 -8.10129628e+00
  3.24424069e+02] 8.10243691976642
[-3.10301935e+00  2.03098955e-01 -6.65982172e-02 -8.13838708e+00
  3.24970173e+02] 8.14119332152815
[-3.10248268e+00 -7.02728667e-02 -1.88470362e-01 -7.81553801e+00
  3.20633827e+02] 7.818125969202768
[-3.22699189e+00 -7.17321438e-02  3.07421068e-01 -8.17374500e+00
  3.23512681e+02] 8.179838663124936
[-3.07609097e+00 -1.80949251e-02  9.02877077e-05 -8.07923327e+00
  3.23651522e+02] 8.079253538021177
[-3.08622844e+00 -3.21568850e-01 -2.91568689e-01 -8.29672726e+00
  3.24941506e+02] 8.308074504794527
[-3.14837506e+00 -2.92851020e-01 -1.37549887e-01 -8.13870820e+00
  3.23171887e+02] 8.145136763945908
[-3.06176182e+00  2.14946504e-01 -1.50139952e-01 -8.24322802e+00
  3.22291744e+02] 8.24739668722357
[-3.10956417e+00 -1.37610798e-01  2.55388634e-01 -7.94577773e+00
  3.20454185e+02] 7.951071862154461
[-3.02296891e+00 -2.01573267e-01 -1.57947253e-03 -7.92293991e+00
  3.24348898e+02] 7.92550383405986
[-3.14799014e+00 -1.99672509e-01 -1.09577807e-01 -8.09095052e+00
  3.25179582e+02] 8.09415571250116
[-3.11800401e+00  1.56475882e-01 -2.37739471e-01 -8.07122009e+00
  3.21870872e+02] 8.076236657409142
[-3.14384475e+00 -3.99382832e-01 -1.25702082e-01 -8.07941113e+00
  3.24390161e+02] 8.090252892853462
[-3.14926493e+00 -5.03375129e-02  1.16338508e-01 -8.06175822e+00
  3.24248561e+02] 8.062754751303611
[-3.12227286e+00  4.87630803e-03 -1.19841791e-01 -8.19421489e+00
  3.23145451e+02] 8.195092642631593
[-3.11817454e+00  1.08105887e-01  1.43349690e-01 -8.09877567e+00
  3.23707503e+02] 8.100765607676571
[-3.15686333e+00 -2.04308501e-01 -6.14037400e-02 -7.96326379e+00
  3.22067232e+02] 7.966120926137085
[-3.17625023e+00  2.09410471e-02 -2.81987195e-01 -8.07629219e+00
  3.23877485e+02] 8.081240678028028
[-3.15308833e+00  1.74220046e-01 -6.60357270e-02 -8.06011114e+00
  3.24229609e+02] 8.062264253961422
[-3.20382833e+00  2.88590920e-01 -1.94179945e-01 -8.11573187e+00
  3.21002295e+02] 8.12318252658981
[-3.15560423e+00  3.40366057e-01 -3.92432096e-02 -8.17866968e+00
  3.23111669e+02] 8.185843070138025
[-3.12748994e+00 -7.87545618e-03 -5.24407299e-02 -7.93845941e+00
  3.20464266e+02] 7.938636523988026
[-3.14121847e+00  1.17634361e-01  1.23444850e-01 -7.86834018e+00
  3.21680094e+02] 7.87018764785693
[-3.16306413e+00  5.71105249e-03 -4.25529709e-02 -8.34402274e+00
  3.24072214e+02] 8.344133196511518
[-3.24492231e+00 -5.51824322e-02  1.39271495e-01 -8.31848334e+00
  3.23661706e+02] 8.319832134345882
[-3.15039967e+00  7.16352278e-02  2.07307932e-02 -8.02932433e+00
  3.21101639e+02] 8.029670640752046
[-3.14071203e+00 -2.85785471e-01 -4.00136676e-02 -7.95364707e+00
  3.21747524e+02] 7.958880330140615
[-3.11515711e+00  4.11184038e-02  1.65423891e-01 -7.99438450e+00
  3.22394043e+02] 7.996201552100735
[-3.22126825e+00 -1.02975564e-01  9.67840216e-02 -8.35534023e+00
  3.24289527e+02] 8.356535257332084
[-3.15306410e+00  4.91616643e-02  1.51498114e-02 -8.13212438e+00
  3.26640567e+02] 8.132287092199963
[-3.27065924e+00 -1.43975087e-01  1.75245525e-01 -8.21913745e+00
  3.23082257e+02] 8.222266121686783
[-3.17622744e+00 -2.87305118e-01 -1.21193234e-01 -8.14637458e+00
  3.22630519e+02] 8.152340201100735
[-3.11707939e+00 -5.92869801e-02 -1.47419496e-01 -8.22013951e+00
  3.26587205e+02] 8.22167507470483
[-3.09637205e+00  9.02698368e-03 -2.16357715e-02 -8.34385421e+00
  3.25260768e+02] 8.34388714529702
[-3.18722806e+00  3.03483645e-02  1.21409154e-01 -8.11652538e+00
  3.23140995e+02] 8.117490096521532
[-3.18074323e+00  5.67528590e-02  3.57369629e-02 -8.25412607e+00
  3.24264863e+02] 8.254398536823262
[-3.17406434e+00  1.35366178e-02 -7.79766004e-02 -7.95774040e+00
  3.20350838e+02] 7.95813394010044
[-3.16055152e+00  6.95111716e-03 -1.12209652e-01 -8.22140533e+00
  3.22757024e+02] 8.222173975126859
[-3.14273367e+00 -1.23820005e-01 -2.10090990e-01 -8.07355670e+00
  3.23206744e+02] 8.077238847249184
[-3.15564642e+00  1.13793208e-01 -6.48055422e-03 -8.09239731e+00
  3.21283031e+02] 8.093199933773306
[-3.11268798e+00 -2.15624014e-01 -6.93997841e-02 -7.96283442e+00
  3.22363803e+02] 7.966055614971033
[-3.10730951e+00 -1.22896738e-01  2.11536316e-01 -7.75715253e+00
  3.21820908e+02] 7.761009384805206
[-3.14370156e+00  2.40980146e-01 -4.61190775e-02 -8.08510758e+00
  3.22525513e+02] 8.088829514773613
[-3.17450805e+00 -2.83386818e-01 -2.04377136e-01 -8.10046484e+00
  3.22762372e+02] 8.107996587263766
[-3.11956284e+00  3.57801640e-02  9.98278861e-02 -7.88764658e+00
  3.21697056e+02] 7.888359423100715
[-3.19015643e+00  1.81730670e-01 -2.21571944e-02 -8.19873106e+00
  3.25810329e+02] 8.200774836596404
[-3.16901912e+00  1.51244981e-01  2.41397531e-01 -7.96439330e+00
  3.22828354e+02] 7.969486082398531
[-3.10026008e+00  8.47480454e-02  6.37843184e-02 -7.69646073e+00
  3.20760645e+02] 7.697191589849943
[-3.06128465e+00  1.27262682e-01  3.19363511e-01 -7.86963133e+00
  3.24645320e+02] 7.8771369264823905
[-3.21872502e+00  3.69013108e-02  1.67846198e-01 -8.27584991e+00
  3.25110785e+02] 8.277634072448935
[-3.05650140e+00 -8.71278640e-02  3.56994594e-01 -7.91960222e+00
  3.23091671e+02] 7.928123089605524
[-3.11254071e+00 -1.05533500e-01  4.12305363e-02 -8.00927960e+00
  3.23242859e+02] 8.010080959000005
[-3.13959962e+00 -5.52694034e-02 -2.89323736e-02 -8.19997562e+00
  3.24375855e+02] 8.200212919479515
[-3.07412886e+00 -1.09781905e-01 -1.54921238e-01 -8.18247637e+00
  3.22896093e+02] 8.184679115071843
[-3.23647624e+00  1.83983243e-03 -5.44684303e-03 -8.09296418e+00
  3.22033202e+02] 8.092966223842982
[-3.16493368e+00 -2.79840021e-01  1.15320373e-02 -7.84151890e+00
  3.21855168e+02] 7.846519102891403
[-3.14007177e+00  8.67772289e-02 -1.61739976e-02 -7.87974958e+00
  3.21117189e+02] 7.880243984277215
[-3.08367430e+00  1.09510698e-01 -1.98782236e-03 -7.90604981e+00
  3.22953767e+02] 7.906808470070278
[-3.18627583e+00  1.08379787e-02  1.96465668e-01 -8.31787791e+00
  3.25655080e+02] 8.320204872003586
[-3.17412334e+00  1.72644706e-01 -1.58403484e-01 -7.78258920e+00
  3.20177196e+02] 7.786115363553081
[-3.16186125e+00 -1.69257788e-01  3.70342926e-01 -8.01614389e+00
  3.19001376e+02] 8.026478985965916
[-3.13961072e+00 -4.27796406e-02  1.41840720e-01 -7.99131555e+00
  3.24083831e+02] 7.992688728195157
[-3.21068264e+00 -1.97438964e-01  1.79871997e-01 -8.00307147e+00
  3.22505005e+02] 8.007527021318742
[-3.10785721e+00  2.00086789e-01 -9.99280343e-02 -7.74096508e+00
  3.21113666e+02] 7.744195290016489
[-3.17774329e+00  4.48253619e-02  1.42495039e-01 -8.26363062e+00
  3.26180143e+02] 8.264980649998925
[-3.15865945e+00  7.96656214e-02  1.99929620e-01 -7.98474709e+00
  3.23835553e+02] 7.98764699535569
[-3.19806208e+00  3.14981046e-01  1.22957962e-01 -8.19249476e+00
  3.21565647e+02] 8.199469621256219
[-3.16484040e+00 -3.49084872e-02 -1.56390556e-01 -8.10832908e+00
  3.21737290e+02] 8.109912275807789
[-3.22171997e+00 -1.35013449e-01  1.14654725e-01 -8.08936643e+00
  3.22452698e+02] 8.091305425910216
[-3.11285637e+00  8.08279260e-02  1.94280785e-01 -8.14603056e+00
  3.23194855e+02] 8.148747881426704
[-3.16167001e+00  9.47522166e-02  4.55775584e-02 -8.21165288e+00
  3.22607383e+02] 8.212326003982804
[-3.13358192e+00  1.00158082e-01  1.44748830e-01 -7.72594367e+00
  3.19198911e+02] 7.727948590528781
[-3.06297215e+00 -7.36548398e-02  2.58832337e-02 -8.09272634e+00
  3.23068529e+02] 8.093102907465195
[-3.18417148e+00 -1.23218090e-01 -1.66398618e-01 -8.45497968e+00
  3.27791068e+02] 8.457514565179679
[-3.15572684e+00 -4.56636538e-02 -1.14079923e-01 -7.87892865e+00
  3.19181347e+02] 7.87988680932415
[-3.11431962e+00 -8.62005598e-02  4.95894100e-03 -7.82353921e+00
  3.21701893e+02] 7.824015654691996
[-3.14788277e+00 -1.93823827e-01  1.69590238e-01 -8.29509298e+00
  3.27161310e+02] 8.299090070807853
[-3.21979793e+00 -9.94937177e-02  4.73919867e-02 -8.14231257e+00
  3.23637203e+02] 8.143058330592604
[-3.14281019e+00 -9.90460873e-03 -1.16811084e-01 -8.37247892e+00
  3.27284173e+02] 8.373299600698822
[-3.16147123e+00 -5.93741083e-02 -2.27478384e-01 -8.56933602e+00
  3.26177526e+02] 8.57256038168623
[-3.17383876e+00  1.45170814e-01 -1.39609204e-01 -8.21586060e+00
  3.23812013e+02] 8.218328946716413
[-3.14109979e+00  1.24501193e-01  4.47690915e-02 -8.23981719e+00
  3.25817586e+02] 8.240879333311183
[-3.14394420e+00 -9.99227565e-02 -7.18946705e-02 -8.04431134e+00
  3.22085616e+02] 8.045253160319465
[-3.17503655e+00  1.03454693e-02 -5.68411637e-02 -7.87164789e+00
  3.21206872e+02] 7.871859909170689
[-3.18402855e+00  3.40526818e-01 -1.14374543e-01 -8.09505766e+00
  3.19958384e+02] 8.103024038666824
[-3.08576776e+00  1.37283553e-02  1.00575639e-01 -7.97637922e+00
  3.23686320e+02] 7.977025095979279
[-3.11006280e+00 -1.38448983e-01  2.55359451e-02 -8.09146772e+00
  3.25194842e+02] 8.092692390768878
[-3.17446600e+00 -1.16436375e-01  8.77892444e-02 -7.86350494e+00
  3.20282235e+02] 7.864856918186171
[-3.08808419e+00  1.60535568e-01  8.98794152e-03 -8.28626519e+00
  3.26043169e+02] 8.287825000934799
[-3.15803034e+00  2.68346498e-01 -9.50267397e-02 -7.87887246e+00
  3.21757344e+02] 7.884013649527594
[-3.08187081e+00 -1.14606900e-01  2.91557288e-01 -7.96769825e+00
  3.24445363e+02] 7.973854509258434
