/mnt/stage/douwei/Simulation/5kt_root/2MeV/5kt_+0.80_2.root
[-3.01325628e+00  1.66818342e-01 -4.71811362e-01  8.81504082e-01
  2.85275261e+02] 1.013648739258681
[-3.03543911e+00 -5.44419124e-02  4.00921402e-01  7.28896401e-01
  2.85902048e+02] 0.8336617152212354
[-3.01884488e+00  5.17273270e-02 -1.18957491e-01  1.09019413e+00
  2.85964956e+02] 1.097884257389069
[-3.08116183e+00  1.81345409e-01  3.10894370e-01  9.18356826e-01
  2.84230192e+02] 0.9863674400961489
[-3.06168623e+00  1.38567368e-01 -5.11999054e-02  7.38993282e-01
  2.86017190e+02] 0.7536135721277792
[-3.08188110e+00  2.60891016e-01  7.72048775e-03  1.02965095e+00
  2.84201008e+02] 1.0622169308919436
[-3.04943131e+00 -3.73926435e-03 -3.42654905e-02  7.59554543e-01
  2.86072540e+02] 0.7603362473123573
[-2.96019769e+00 -4.71279289e-02 -1.68672224e-01  9.61843601e-01
  2.86941284e+02] 0.9776576464737138
[-3.01592129e+00 -2.45201279e-02 -1.77027037e-01  7.59000672e-01
  2.85953585e+02] 0.7797575446224797
[-2.95363905e+00 -1.08389222e-01 -2.36387836e-01  6.94740067e-01
  2.85684595e+02] 0.7418161450396696
[-3.02990411e+00  5.49311753e-03 -9.88254771e-02  7.31540524e-01
  2.85600649e+02] 0.7382060604517936
[-2.94829862e+00  5.68075496e-02  1.13490218e-01  5.65963651e-01
  2.86297916e+02] 0.5800189491029859
[-3.09058768e+00 -1.43437805e-01  1.74816229e-01  8.84644580e-01
  2.84436319e+02] 0.9130887966504829
[-3.05508919e+00  5.46139904e-02  2.96366723e-01  1.06970515e+00
  2.86818863e+02] 1.111343792837376
[-3.04345880e+00 -7.07857871e-02 -2.06944115e-01  5.49126169e-01
  2.86509977e+02] 0.5910804039405694
[-2.88901172e+00  8.47375832e-03 -1.40415869e-01  6.97838453e-01
  2.86422136e+02] 0.7118756407970508
[-3.00815616e+00  1.72969025e-01  3.05790252e-01  1.13991054e+00
  2.86182804e+02] 1.19282102427001
[-2.98457273e+00 -1.09755416e-01  8.62594452e-02  1.14215575e+00
  2.86206050e+02] 1.1506548987657892
[-2.98686469e+00  1.53456516e-01 -1.96313469e-01  1.12352215e+00
  2.86703075e+02] 1.1508214013113518
[-3.01417962e+00  9.66467269e-02 -4.17098281e-02  4.88853344e-01
  2.86130285e+02] 0.5000578880815831
[-2.99869662e+00 -9.71670460e-03  3.43765398e-03  6.66671463e-01
  2.85324893e+02] 0.6667511318901824
[-2.96802021e+00  3.67861175e-01 -2.27982013e-01  7.30267017e-01
  2.86093908e+02] 0.8488742888090505
[-2.98964362e+00  1.06377919e-01 -3.33132096e-02  6.85933309e-01
  2.85064884e+02] 0.6949320364789219
[-2.90529330e+00  1.34579239e-01  1.67648972e-02  9.03196558e-01
  2.87542893e+02] 0.9133217703647523
[-3.01289149e+00  1.03593341e-01 -1.61343258e-01  9.57466127e-01
  2.85823312e+02] 0.9764756076535616
[-2.92985412e+00 -1.71276412e-01 -1.01234979e-01  1.20236756e+00
  2.86704602e+02] 1.2187173129915059
[-2.95055125e+00  1.14674332e-01 -8.87269349e-02  1.10998191e+00
  2.86504318e+02] 1.1194116796561344
[-2.97054654e+00  1.02671673e-01  1.02236331e-01  8.68452167e-01
  2.87345582e+02] 0.8804560787639345
[ -2.97885419   0.31746989  -0.28695969   0.66303011 286.41664843] 0.7891399850114298
[-2.97844733e+00  8.71934041e-02 -6.35394155e-02  9.95483000e-01
  2.85784309e+02] 1.0013123140794957
[-2.97738863e+00  3.33036120e-02  7.47159650e-02  8.83469553e-01
  2.86486287e+02] 0.8872485877874754
[-3.05077326e+00 -1.95865033e-01  1.66580107e-01  8.86608251e-01
  2.86889761e+02] 0.9231393361616872
[-3.03194808e+00 -2.39740669e-01  8.04042401e-02  6.39480656e-01
  2.86414303e+02] 0.6876597561309998
[-3.02268723e+00 -1.64594403e-01  3.28701005e-01  9.38619556e-01
  2.84863045e+02] 1.0080388574588015
[-2.95490665e+00 -1.33141114e-01 -8.67864412e-02  8.72475021e-01
  2.87013467e+02] 0.8868320611453087
[-2.95409432e+00  2.07647029e-01 -1.70002143e-01  7.39270372e-01
  2.86648409e+02] 0.7864723140318785
[-2.99607859e+00 -2.86641874e-01 -1.37671880e-01  1.10834883e+00
  2.85732771e+02] 1.1530629787934885
[-2.93938653e+00 -1.40426970e-01 -2.50736584e-02  5.45775174e-01
  2.86051277e+02] 0.5641089988331459
[-3.02393436e+00 -2.30066640e-01 -2.01293275e-02  8.59089357e-01
  2.85419576e+02] 0.8895900021823309
[-3.05267365e+00  1.31903622e-02 -1.91413228e-01  8.39854255e-01
  2.85493070e+02] 0.8614918335386436
[-3.02068496e+00 -2.28877883e-01 -8.81872136e-02  7.42754655e-01
  2.85633850e+02] 0.7822062053675085
[-3.01165710e+00 -2.95905378e-01  4.54825299e-02  3.57380750e-01
  2.84991008e+02] 0.4662077367697231
[-3.01455321e+00  1.57238432e-01 -7.28328005e-02  8.83505923e-01
  2.86215168e+02] 0.9003395229536728
[-2.92703642e+00 -8.85024198e-03  1.01823388e-01  6.73556556e-01
  2.86305280e+02] 0.6812670274778072
[-2.97497187e+00 -1.53146694e-02 -8.06758120e-02  1.10188960e+00
  2.86462435e+02] 1.1049451625656008
[-3.08270865e+00 -2.00945683e-01  1.04273197e-01  4.57688714e-01
  2.85367929e+02] 0.5106182779108283
[-2.90579762e+00 -3.00790217e-02 -1.33542426e-01  9.57753803e-01
  2.85946860e+02] 0.967486782626621
[-3.04362248e+00 -1.88078029e-01  1.21736244e-01  5.82863171e-01
  2.85160392e+02] 0.6244377750821264
[-2.99575440e+00  1.52720724e-02 -1.45456792e-01  5.40346417e-01
  2.85344996e+02] 0.5597902863433841
[-2.99485317e+00  5.55618003e-02  3.88910151e-02  7.74837002e-01
  2.86133003e+02] 0.7777994624722767
[ -2.98729808  -0.45403377   0.4613776    0.99556803 287.16164856] 1.1875064898054044
[-2.96411620e+00 -7.79683551e-02 -4.71411623e-01  1.03494185e+00
  2.87323869e+02] 1.139917809334059
[-3.05842352e+00 -2.18866370e-01  2.58773343e-01  5.40222169e-01
  2.85427900e+02] 0.6377351506730798
[-3.01152349e+00  1.78622101e-01 -3.07076987e-02  8.00332428e-01
  2.86060469e+02] 0.820597838614711
[-2.94917055e+00 -9.42493136e-02 -2.14467631e-02  7.12654062e-01
  2.86508962e+02] 0.7191791913544321
[-2.93481311e+00 -1.14872294e-01 -5.86909995e-03  8.43122549e-01
  2.86097487e+02] 0.8509322670108067
[-3.07506225e+00  2.70112738e-01  2.54194083e-01  3.26385973e-01
  2.84366002e+02] 0.4940681397855763
[-3.02597641e+00  1.43483799e-01 -1.19227117e-01  8.27409881e-01
  2.86354589e+02] 0.8481802976061573
[-2.86349507e+00  1.58675729e-01  3.03711139e-01  4.68662292e-01
  2.86754139e+02] 0.5805710869658636
[-2.98864033e+00 -2.25435056e-01  6.48215975e-02  8.33129915e-01
  2.85384729e+02] 0.8655219579110884
[-2.87889646e+00 -4.74914539e-02 -1.17530758e-02  9.84361888e-01
  2.87353150e+02] 0.9855769377996706
[-3.03406417e+00 -1.47860618e-02 -1.95903571e-01  6.12094359e-01
  2.85697042e+02] 0.6428501699840979
[-2.96153892e+00 -1.68854572e-01  5.01896431e-03  5.33988632e-01
  2.85249612e+02] 0.5600722410875536
[-2.91796839e+00  2.74550258e-01  2.42022860e-01  8.23767517e-01
  2.85748429e+02] 0.9014132405582013
[-3.05517110e+00 -9.68876166e-02 -2.98296515e-01  3.82612915e-01
  2.85839749e+02] 0.4947329213481719
[-2.98495738e+00 -2.27169678e-01 -3.26709989e-01  8.80968524e-01
  2.85697006e+02] 0.9666700679072214
[-3.02696729e+00  1.41217314e-01  8.61973317e-02  6.38794115e-01
  2.85014782e+02] 0.6598713750349144
[-2.97661280e+00 -2.83236575e-01  2.11986617e-01  7.10517427e-01
  2.85595442e+02] 0.7937230607012524
[-2.95460791e+00 -4.29134712e-02  7.00559024e-02  1.08160721e+00
  2.87794571e+02] 1.084722801464186
[-2.94832925e+00 -6.02852180e-02 -4.36006574e-02  5.82155844e-01
  2.85715702e+02] 0.5868907491363013
[-2.99595403e+00 -3.74290187e-01 -2.43793401e-01  7.96627513e-01
  2.87006055e+02] 0.9133147104537415
[-2.83066807e+00  1.47476511e-01  1.86483304e-02  9.75243778e-01
  2.87117823e+02] 0.9865077331917967
[-2.98321117e+00 -6.98265108e-02  3.41436266e-01  9.57947085e-01
  2.85464353e+02] 1.0193709252936338
[-3.03828784e+00  2.39078404e-01  2.46568672e-01  1.07636689e+00
  2.85843201e+02] 1.1298319654259368
[-2.98974822e+00  2.87638510e-01 -1.78498708e-01  9.28153236e-01
  2.85930834e+02] 0.9879605920673556
[-3.02101304e+00  1.55591295e-03 -8.63060537e-02  8.20371004e-01
  2.86724095e+02] 0.8248998359712187
[-3.00369701e+00  1.50944351e-01  2.71958366e-01  6.44763176e-01
  2.85373545e+02] 0.7158666797628636
[-3.05220599e+00  1.79901907e-01  9.70941631e-02  1.05148634e+00
  2.86642578e+02] 1.0711748227862035
[-2.98747027e+00  7.16954766e-03 -3.27382829e-02  9.88934869e-01
  2.86243539e+02] 0.9895025886789502
[-2.96721464e+00 -1.39255851e-01  3.91027253e-01  1.14358336e+00
  2.87761084e+02] 1.216584317242361
[-2.98966553e+00  1.93927182e-02  5.14262864e-02  9.77969279e-01
  2.86268240e+02] 0.9795124563204329
[ -2.99624379  -0.39884217   0.44335287   0.72977765 285.13261054] 0.9424501408823318
[-3.01278386e+00 -2.18305452e-01 -1.69718567e-01  9.24441446e-01
  2.86906502e+02] 0.9649112128914498
[-2.97359044e+00 -7.00425369e-02 -1.86020736e-01  6.58145109e-01
  2.86241736e+02] 0.6875061135784424
[-2.94442747e+00 -1.04567564e-01 -1.37761776e-02  9.43888107e-01
  2.85784525e+02] 0.9497625577540992
[-2.94761483e+00 -3.09365722e-01  1.09562307e-01  7.38383544e-01
  2.85966173e+02] 0.808035461922016
[-2.90193328e+00  2.35197569e-01  1.15527774e-01  7.13051112e-01
  2.85434407e+02] 0.7596752273769222
[-3.03070022e+00  2.11549769e-01  2.98373372e-02  8.13210706e-01
  2.86033788e+02] 0.8408062942440997
[-2.95891099e+00 -2.68449157e-01 -5.40536395e-03  1.03574441e+00
  2.86804609e+02] 1.0699816092755976
[-2.88149030e+00  3.87399874e-01 -1.81872490e-01  6.96195757e-01
  2.86291572e+02] 0.8172177165698835
[-3.01442588e+00  4.88273755e-01  1.84961682e-01  9.99639697e-01
  2.86460695e+02] 1.127786153414064
[-2.97176714e+00  1.17464183e-01 -1.43097978e-01  7.26896543e-01
  2.86005907e+02] 0.75010229295009
[-3.01556068e+00 -1.70823332e-01 -2.27847067e-01  6.73617571e-01
  2.85661186e+02] 0.7313381770414352
[-3.07677436e+00 -2.53871308e-01 -3.45183734e-01  6.40472026e-01
  2.86608735e+02] 0.7705886502778663
[-2.95538669e+00  2.28175026e-02  1.20190012e-01  9.32999072e-01
  2.85882440e+02] 0.9409854124849237
[-2.90449789e+00  6.38638832e-02 -4.87001170e-02  1.04778124e+00
  2.86265131e+02] 1.0508548022401025
[-3.02306705e+00  2.14769400e-01 -3.85860332e-01  6.47794715e-01
  2.85641166e+02] 0.7839975025379223
[-2.97111018e+00  3.84932964e-02 -3.55988887e-01  8.74175677e-01
  2.85181877e+02] 0.9446655148123163
[-2.97126365e+00  1.96004051e-01  3.78277029e-01  5.30830308e-01
  2.87333618e+02] 0.6806555033133289
[-3.02592256e+00 -2.04066240e-01 -6.26619823e-02  1.28052096e+00
  2.86328494e+02] 1.2981923930110155
[-2.92302009e+00  7.75015335e-02  2.48898057e-01  9.50199635e-01
  2.86524486e+02] 0.9853101421880568
[-2.96167600e+00 -8.24251432e-02 -1.52554932e-01  8.77988722e-01
  2.85483608e+02] 0.8949475449890762
[-3.05628143e+00 -2.09269353e-01 -7.29900581e-02  6.52349719e-01
  2.86090420e+02] 0.6889712378822322
[-3.06353518e+00 -1.59025841e-02 -1.26846532e-01  6.49240774e-01
  2.85550580e+02] 0.6617072749585464
[-3.01590595e+00 -3.86579929e-02 -2.09373094e-01  1.23476208e+00
  2.85704419e+02] 1.2529840045267455
[-3.01409700e+00  4.57789040e-01  2.48939934e-01  9.60967919e-01
  2.86686014e+02] 1.0931611214415247
[-3.01458085e+00  5.47165084e-02 -1.07703386e-01  5.66941465e-01
  2.86760911e+02] 0.5796693372915853
[-2.97555628e+00  2.38896329e-01  2.27966714e-01  1.10896803e+00
  2.86180208e+02] 1.1570870236848465
[-2.99608646e+00  3.67313033e-02  1.43782859e-01  9.14109212e-01
  2.86132173e+02] 0.9260768595418036
[-2.95073652e+00 -2.69288477e-01  8.61073488e-03  1.10376268e+00
  2.86512265e+02] 1.1361700917296875
[-2.98771331e+00 -1.41870146e-01 -2.16927415e-01  9.80840340e-01
  2.86347138e+02] 1.014510923272424
[-3.13155065e+00  2.82382149e-01 -6.64465533e-03  1.08363239e+00
  2.85074081e+02] 1.1198406028882844
[-2.99910945e+00 -2.14810466e-01 -3.00943559e-01  9.27631377e-01
  2.86879260e+02] 0.9986042923232443
[-3.01340590e+00  6.23170732e-02 -1.12093103e-01  7.47842063e-01
  2.85559172e+02] 0.7587595351181535
[-3.01245160e+00  5.70819691e-02 -2.45974517e-02  9.27222002e-01
  2.85320759e+02] 0.9293029789053858
[-3.03175435e+00  7.41199542e-02 -1.10424457e-01  6.43568827e-01
  2.85021158e+02] 0.6571667701000135
[-2.92450217e+00 -4.67286386e-02  1.96123574e-01  5.90805137e-01
  2.85877101e+02] 0.6242585459589897
[-2.98931304e+00 -4.70823391e-01  1.37803625e-01  8.02709946e-01
  2.84916657e+02] 0.9407485114211175
[-2.98652502e+00  4.50764323e-02  2.16487414e-01  5.17304296e-01
  2.86184504e+02] 0.5625854778726
[-3.02913847e+00  2.43765005e-01 -1.44030747e-02  5.72897579e-01
  2.84967960e+02] 0.6227683855688368
[-3.03337504e+00 -4.32126996e-01  2.05995257e-01  7.34352631e-01
  2.85719980e+02] 0.8766079931758928
[-2.95684642e+00 -1.64285716e-01  2.44107979e-02  4.89600952e-01
  2.86022008e+02] 0.5170055856832919
[-2.94757934e+00 -7.36827889e-02 -1.20076408e-01  4.09374136e-01
  2.85430946e+02] 0.4329372708938584
[-3.05546373e+00  2.09989514e-01  3.94217850e-02  8.74126158e-01
  2.84599528e+02] 0.899858995926451
[-2.96786702e+00 -2.74447750e-01  2.47699618e-01  7.43943026e-01
  2.86001842e+02] 0.8307393658061927
[-3.09657123e+00 -1.65399803e-01 -2.12083877e-01  9.70575077e-01
  2.86503210e+02] 1.007150755917074
[-3.01536220e+00 -4.91960783e-02  3.46391127e-02  9.85938578e-01
  2.86039082e+02] 0.9877727478760723
[-3.06731761e+00  2.38049212e-01 -2.96860555e-03  8.06926960e-01
  2.85113078e+02] 0.8413128782517655
[-2.92550350e+00  2.86137628e-01  5.83002013e-02  9.76331860e-01
  2.86411398e+02] 1.0190670032036677
[-2.95374827e+00 -1.46121436e-01  3.71798708e-01  9.17132810e-01
  2.85941860e+02] 1.0003591079973335
[-2.92540255e+00 -3.77569128e-01  2.20133927e-01  9.08492834e-01
  2.86330223e+02] 1.0081550585670438
[-3.03339945e+00  5.49598415e-01 -1.35879008e-01  6.70057606e-01
  2.85261836e+02] 0.8772107605525236
[-3.01033964e+00  2.56528359e-01  6.07063431e-02  1.14967320e+00
  2.86163169e+02] 1.1795085984450944
[-2.89477594e+00 -1.60466950e-01 -3.82230896e-02  8.97076059e-01
  2.85883565e+02] 0.9121162772020351
[-3.06478624e+00  3.97932633e-02 -1.23515587e-01  8.23249189e-01
  2.84857573e+02] 0.8334139615391545
[-3.01836997e+00  5.22488596e-02  9.38073890e-02  7.83246525e-01
  2.85894740e+02] 0.7905725072078239
[-3.03944177e+00 -8.93620570e-02  3.83941802e-01  6.07969805e-01
  2.85812370e+02] 0.7245855151207138
[-2.95126332e+00 -2.68100942e-01 -1.49581526e-01  6.30597655e-01
  2.85927116e+02] 0.7013602147413267
[-2.99945990e+00 -1.56468500e-01  2.29610853e-01  9.98438024e-01
  2.86217134e+02] 1.0363792856022687
[-2.99581330e+00  3.08339918e-01  7.30354169e-03  8.38645682e-01
  2.85465757e+02] 0.8935622116938541
[-3.01733797e+00  1.90421610e-01 -2.71715224e-01  5.46046906e-01
  2.85418836e+02] 0.6389497443796923
[-2.96863442e+00 -2.08062522e-01  8.26055466e-02  8.93043482e-01
  2.86461030e+02] 0.9206738565862248
[-2.95462920e+00  2.50935130e-02 -2.94326505e-01  8.00389368e-01
  2.86094075e+02] 0.8531593737319219
[-2.95722331e+00 -7.58334321e-02  3.11089734e-02  5.85292936e-01
  2.85510882e+02] 0.5910044826507461
[-3.01015812e+00  7.48763758e-02 -9.96909590e-02  6.14188393e-01
  2.86414191e+02] 0.6267153585747943
[-3.10879754e+00  3.79069335e-02  3.89723315e-01  4.48225549e-01
  2.84733907e+02] 0.5951700093231101
[-2.98355027e+00  2.64754006e-02  1.93418178e-01  7.79682603e-01
  2.85171817e+02] 0.8037515159399475
[-3.03636654e+00 -6.75754418e-03 -4.22766126e-01  8.39228160e-01
  2.85749124e+02] 0.9397237708252072
[-2.92678420e+00 -2.07098220e-01 -8.25406456e-04  6.09940957e-01
  2.86000773e+02] 0.6441415410423461
[-2.99377553e+00  2.75547127e-01 -5.63544252e-02  5.50810665e-01
  2.85977896e+02] 0.6184613404768637
[-2.96097525e+00 -1.87997982e-01 -1.00224668e-01  7.82640005e-01
  2.86363330e+02] 0.811118735333602
[-3.07341432e+00 -2.77605628e-02  4.51306575e-02  6.45722803e-01
  2.84602467e+02] 0.6478930188078612
[-3.06644981e+00 -5.15499981e-02  1.74971815e-01  7.04286472e-01
  2.84162862e+02] 0.7275245513734679
[-3.03817774e+00 -1.84008983e-01 -1.45664109e-01  4.60454857e-01
  2.85361930e+02] 0.516813325694568
[-2.92957464e+00 -1.60103537e-01 -1.50000690e-01  7.03290152e-01
  2.86008986e+02] 0.7367159473136986
[-2.98415470e+00 -4.58992744e-02 -2.01177100e-01  8.53111107e-01
  2.85788603e+02] 0.8777115297874029
[-2.87638938e+00  6.32896695e-02 -1.20236052e-01  6.67752984e-01
  2.87237714e+02] 0.681436965111139
[ -3.01917083  -0.32454297   0.33068388   1.0282301  287.0490878 ] 1.12780188850943
[-3.09048296e+00  1.47119314e-01  8.95953113e-02  5.10446949e-01
  2.84544403e+02] 0.5387276678610955
[-3.00423650e+00  8.99585846e-02  2.07686749e-01  7.55106774e-01
  2.85390999e+02] 0.7882972620152807
[-2.99828025e+00  2.11624142e-01 -6.04675428e-02  8.86575227e-01
  2.85925762e+02] 0.9134860336966277
[-2.94216520e+00  7.34898285e-02  2.68477081e-02  6.54069779e-01
  2.85594844e+02] 0.6587327457361996
[-3.04073683e+00  5.76947469e-02 -1.92194527e-02  1.13196345e+00
  2.85862829e+02] 1.133595752660943
[-3.08537603e+00  1.50613523e-02 -8.45999541e-02  8.94309677e-01
  2.85603165e+02] 0.898428513771376
[-2.96260404e+00 -1.61065136e-01  6.33009536e-02  9.80032120e-01
  2.87834134e+02] 0.9951944262043066
[-3.11338260e+00 -2.71323816e-01  1.13234651e-01  8.20041290e-01
  2.84567344e+02] 0.871152349763139
[-2.91559804e+00 -1.93083320e-01 -3.85951226e-01  7.61973718e-01
  2.86837773e+02] 0.8756959884066879
[-2.99776836e+00  9.28300620e-02 -1.47977052e-01  1.07905296e+00
  2.86395014e+02] 1.0931010520276034
[-2.97851224e+00  9.07955307e-02  9.27842879e-02  9.99506657e-01
  2.86568601e+02] 1.0079019348833749
[-2.98449751e+00 -8.07924247e-02 -1.88508605e-01  5.71751891e-01
  2.86110061e+02] 0.6074233576755489
[-3.01310639e+00  1.79266642e-01 -4.77030165e-02  6.92539830e-01
  2.84845297e+02] 0.7169543385071356
[-2.91163509e+00 -7.03012029e-02 -8.68990551e-02  1.11827232e+00
  2.86846458e+02] 1.1238446027899658
[-2.94085697e+00 -1.16776116e-01  2.58818503e-01  9.94085833e-01
  2.85864478e+02] 1.0338425029696003
[-2.96946600e+00 -2.43229276e-01  2.29895636e-01  6.61270587e-01
  2.85531575e+02] 0.7411418714791724
[-2.97131159e+00  2.13688678e-01 -1.21914349e-01  9.33305330e-01
  2.86485641e+02] 0.9651864059269691
[-3.00277478e+00 -3.65372773e-02  1.52009525e-01  8.80830655e-01
  2.85948205e+02] 0.8945974022278372
[-3.04514079e+00 -9.09147792e-02  1.31429596e-01  8.19354548e-01
  2.85335533e+02] 0.834794053026644
[-3.05863068e+00 -1.20911324e-01  1.92033322e-01  6.30193348e-01
  2.85906375e+02] 0.669805942368863
[-3.02206423e+00 -1.74378373e-01  1.96597619e-01  5.81121297e-01
  2.84681191e+02] 0.6377777065654693
[-2.98824141e+00 -9.96630550e-02  3.26673178e-01  7.43147731e-01
  2.85293826e+02] 0.817873241870992
[-2.98864027e+00  1.28073404e-01  4.15215243e-02  1.09599081e+00
  2.86780890e+02] 1.1042294584895316
[-3.01082534e+00 -2.35744027e-01  7.32661391e-02  6.84643051e-01
  2.86068309e+02] 0.7277906843146521
[-3.00873415e+00  2.21773836e-01  2.64331842e-01  9.71671302e-01
  2.85301907e+02] 1.0311159376752321
[-2.97441184e+00 -5.87079857e-02 -2.29754938e-01  1.02444909e+00
  2.86225083e+02] 1.0515369208459697
[-2.96248841e+00 -3.68191445e-01  1.12304085e-01  9.05127915e-01
  2.86442432e+02] 0.9835820714255717
[-2.96256060e+00 -2.28452676e-02 -1.41155775e-02  7.22655083e-01
  2.85864503e+02] 0.7231538739221841
[-3.09628287e+00  8.97502219e-02 -1.36915121e-01  9.63765696e-01
  2.85556092e+02] 0.9775710560261998
[-2.99291787e+00  8.02074868e-02  1.21019335e-01  8.15741564e-01
  2.85504226e+02] 0.828560933082053
[-3.03542582e+00  2.72695131e-01  6.42391453e-02  1.05178229e+00
  2.86878393e+02] 1.0884554593991513
[-2.90919377e+00 -1.46533903e-01  3.57669581e-03  5.53324212e-01
  2.86969127e+02] 0.5724095218927737
[-3.01712938e+00 -2.81946415e-01  9.40117868e-02  8.76651313e-01
  2.85971503e+02] 0.9256616673624252
[-2.89326132e+00 -3.02471587e-01 -1.47126083e-01  9.13292519e-01
  2.86159405e+02] 0.9732617170652313
[-2.99936908e+00  3.22779130e-01  1.55806524e-01  6.72861877e-01
  2.85706504e+02] 0.7623681167877747
[-2.99169917e+00 -1.15316609e-01 -2.30940039e-01  9.15823777e-01
  2.85531502e+02] 0.95150639138521
[-2.99497238e+00 -8.58205805e-02  3.65173763e-01  7.00440998e-01
  2.86410769e+02] 0.7945656929993326
[-3.05657932e+00  3.46505359e-03  2.93277269e-01  6.69843677e-01
  2.85036865e+02] 0.7312414890199233
[-2.99986075e+00  1.54884548e-01  2.28638183e-01  1.03998059e+00
  2.86034544e+02] 1.0760224293125291
[-2.95972309e+00  7.32535055e-02  1.01695697e-01  6.20363463e-01
  2.85520276e+02] 0.6328972402579769
[-3.01750219e+00  3.97393918e-02  1.14505624e-01  6.57191841e-01
  2.85846210e+02] 0.6682752974571566
[-3.03478677e+00  8.48314527e-02 -1.92563240e-01  7.18993326e-01
  2.85403877e+02] 0.7491517738278389
[-2.99316867e+00  7.25299419e-02 -3.24646089e-01  7.89225290e-01
  2.85183037e+02] 0.856464963991693
[-3.01487174e+00 -1.66228297e-01  1.66060506e-01  5.80074366e-01
  2.85544030e+02] 0.6258547822653282
[-2.94423327e+00  2.35654936e-02  3.59083727e-01  5.31110498e-01
  2.85172886e+02] 0.641540969920531
[-2.94413687e+00  1.06576103e-03  4.69874647e-02  9.16485620e-01
  2.87046790e+02] 0.9176899528257783
[-3.02402698e+00  1.51090182e-01  2.78440090e-01  8.40913168e-01
  2.86041825e+02] 0.8986056331147517
[-2.98390825e+00  1.36044694e-02  1.95688505e-01  8.25625527e-01
  2.86854257e+02] 0.8486086162962666
[-3.02672850e+00  1.84530121e-01  5.52651539e-02  5.92624974e-01
  2.85880181e+02] 0.6231452173298788
[-2.99994374e+00  1.24712473e-01 -7.98592952e-02  8.26220368e-01
  2.85403930e+02] 0.8393871599916923
[-3.02682790e+00  1.78496781e-01 -1.84149740e-01  9.10880242e-01
  2.86228784e+02] 0.94629543138248
[-3.04475418e+00  3.05628461e-01 -4.24255512e-02  1.01155791e+00
  2.84656537e+02] 1.0575717874390484
[-2.97138771e+00 -2.40345033e-01 -2.85618923e-01  1.12512160e+00
  2.86352541e+02] 1.185429253755485
[-3.00168929e+00 -7.67671719e-02  1.36019542e-01  1.01477334e+00
  2.85107759e+02] 1.0267226715129558
[-2.98610526e+00  3.00942730e-01  1.21809979e-01  7.71932356e-01
  2.86532963e+02] 0.8374268682969249
[-3.00090679e+00 -3.84845799e-02  3.78385238e-01  5.23053217e-01
  2.86090288e+02] 0.6467156403150581
[-2.99103566e+00  1.19772518e-01  2.51497083e-01  8.32518405e-01
  2.87044155e+02] 0.877885604405377
[-2.99106138e+00  1.77021255e-01 -8.35645070e-02  5.13258626e-01
  2.85870128e+02] 0.5493213714048109
[-3.06888867e+00 -9.04997586e-03 -1.67218125e-01  9.99420621e-01
  2.85889611e+02] 1.0133535321133191
[-3.06056836e+00 -4.28879653e-01 -1.47453823e-01  7.99847748e-01
  2.86832314e+02] 0.9194763760292741
[-2.88699502e+00  1.73750238e-02  1.47132213e-01  7.06388471e-01
  2.86133394e+02] 0.721757889489045
[-2.99973813e+00  1.50537618e-01 -1.78851027e-01  7.75594532e-01
  2.86425521e+02] 0.810059344594165
[-3.00343662e+00 -1.53779182e-01  7.04236429e-02  6.49551515e-01
  2.85991737e+02] 0.6712113654083779
[-3.17599727e+00  2.31177990e-01 -1.86848143e-01  9.20414537e-01
  2.84679456e+02] 0.9672220072475869
[-3.00318052e+00 -1.98882367e-01  1.37958313e-01  9.04081832e-01
  2.87154872e+02] 0.9359223535756244
[-2.97625847e+00 -3.37994379e-01 -1.46428796e-01  6.48000005e-01
  2.84773843e+02] 0.7453761459074545
[-3.00709542e+00 -2.40877937e-01 -5.23612428e-03  8.18297935e-01
  2.85331458e+02] 0.8530305436790832
[-3.08038476e+00  8.50020522e-02  1.17263238e-02  9.00025954e-01
  2.85100808e+02] 0.9041070590624958
[-2.98761073e+00  4.79216232e-03  2.62255153e-01  6.85370902e-01
  2.85615355e+02] 0.7338487608544577
[-3.06836794e+00 -1.52541005e-01 -3.27776338e-01  5.28979569e-01
  2.85178625e+02] 0.6407226161469145
[-2.98878387e+00 -6.90371449e-02  2.75333191e-02  5.49073550e-01
  2.85651101e+02] 0.5540811984905744
[-3.07081027e+00 -1.36000087e-01  1.92901054e-03  6.16951077e-01
  2.85976335e+02] 0.631766076833498
[-2.95980235e+00  7.55576097e-02 -2.60096235e-02  6.40253563e-01
  2.86155212e+02] 0.6452209525247453
[-2.94548511e+00  2.54405508e-01  4.73924840e-02  7.74626414e-01
  2.85873676e+02] 0.8167094293634601
[-2.97212352e+00 -6.04785366e-02  7.91225957e-04  7.92946946e-01
  2.85250444e+02] 0.7952503620156912
[-3.03848843e+00  4.47549034e-01 -1.45557263e-01  7.76220537e-01
  2.86691863e+02] 0.9077474185413398
[-2.97162236e+00  2.52898650e-01  1.08293958e-01  9.59625066e-01
  2.85999202e+02] 0.9982813112186383
[-2.91408537e+00  2.36647299e-01  5.62506619e-03  9.15358499e-01
  2.86865113e+02] 0.9454706590292457
[-2.90664997e+00 -6.44217554e-02  1.59513344e-01  1.03977854e+00
  2.86411583e+02] 1.053913695945751
[-2.92318612e+00  2.29228158e-02  9.95769188e-02  9.94254684e-01
  2.85752203e+02] 0.9994915683517659
[-3.08555579e+00  2.99765955e-01 -2.30309726e-02  4.83923678e-01
  2.85793449e+02] 0.5697123654782662
[-2.97625206e+00 -1.85938100e-01 -1.06946896e-01  7.12631632e-01
  2.85719649e+02] 0.7442139866945381
[-3.09061896e+00  3.65034217e-02  1.61695467e-01  9.01730414e-01
  2.84441959e+02] 0.9168400424059764
[-2.99982562e+00 -4.92084485e-02 -9.50557483e-02  8.13567535e-01
  2.85370479e+02] 0.8205785764708787
[-3.01249401e+00  1.58736325e-01  9.82853270e-02  5.96271658e-01
  2.85749956e+02] 0.6248176665351102
[-2.97840358e+00 -5.01391931e-02  9.35538401e-02  9.91697949e-01
  2.86272310e+02] 0.9973620615980882
[-2.96390740e+00 -7.97669184e-02  1.65941973e-01  5.52346954e-01
  2.86553182e+02] 0.5822256073005297
[-3.01062860e+00  2.77979760e-01 -4.59737873e-02  9.45138658e-01
  2.86719123e+02] 0.9862420688028462
[-3.04523191e+00 -5.04512835e-01  4.58335267e-02  6.78992239e-01
  2.86073444e+02] 0.8471507378989276
[-2.98223383e+00  1.43511831e-02 -2.94105966e-01  8.71700701e-01
  2.86249267e+02] 0.920090423507757
[-2.95218341e+00 -4.21522343e-02  5.14877433e-02  4.67210660e-01
  2.85875776e+02] 0.4719254167135944
[-2.97183102e+00  1.14509695e-01  2.37266995e-01  9.85309480e-01
  2.85816405e+02] 1.0199229714331708
[-2.98673284e+00  2.62903313e-01 -2.36579379e-01  8.43663048e-01
  2.86135275e+02] 0.9147979520970991
[-2.97393366e+00 -9.61080011e-03  1.41270922e-01  7.23060838e-01
  2.86506482e+02] 0.7367949626935704
[-2.95087367e+00  2.46288474e-01  5.19001225e-02  5.93115881e-01
  2.86119368e+02] 0.6443121008096457
[-2.98641603e+00  7.88999712e-02 -2.17399977e-01  8.44100504e-01
  2.85764087e+02] 0.8752106124915157
[-2.97524787e+00  3.47385732e-02  5.68088783e-02  5.86187307e-01
  2.86229967e+02] 0.5899572665662046
[-3.06070266e+00  1.69855093e-01  8.36108057e-03  5.81657156e-01
  2.85015597e+02] 0.6060080090612181
[-3.05077179e+00 -1.14150056e-01  3.22878349e-01  8.57347296e-01
  2.84432405e+02] 0.9232145200524141
[-2.92262108e+00 -1.51345440e-01 -7.24599029e-02  9.28239038e-01
  2.85422411e+02] 0.9432834096264704
[-2.96124314e+00  1.97090304e-01 -2.57163324e-01  1.03126848e+00
  2.86616440e+02] 1.0809681951615588
[-2.92524246e+00  1.78260288e-01  1.26811407e-01  9.67925425e-01
  2.86361646e+02] 0.9923394030803733
[-2.90620633e+00 -1.49005726e-01  2.01671815e-01  9.78234108e-01
  2.86644083e+02] 1.0098594937180367
[-3.05184426e+00 -6.61744887e-02  5.35188445e-04  7.52349204e-01
  2.85022796e+02] 0.755254046327872
[-3.06648174e+00  3.13200760e-01 -2.97419897e-02  6.60752248e-01
  2.85997715e+02] 0.731828419450684
[-2.96348136e+00 -1.05566308e-01 -1.14850420e-01  1.07044636e+00
  2.85929918e+02] 1.0817533354846767
[-3.04380576e+00 -2.91939261e-01 -2.04579657e-02  5.80172407e-01
  2.85664904e+02] 0.6498054191965967
[-3.04993516e+00 -8.63739374e-02 -2.48349404e-01  1.05368511e+00
  2.84508769e+02] 1.0859973316082479
[-3.05493484e+00  9.12443740e-02  1.12981676e-01  4.19350877e-01
  2.84726532e+02] 0.44378548107942467
[-3.07317278e+00 -1.50741373e-01  3.00898942e-02  9.27208934e-01
  2.84984960e+02] 0.9398642303013933
[-3.04343634e+00  8.02970589e-02 -2.39079286e-02  9.16001268e-01
  2.85481055e+02] 0.919824728031794
[-2.96389057e+00  5.06409009e-02 -3.02242309e-01  8.38572095e-01
  2.85551768e+02] 0.8928146910393254
[-3.01675554e+00  5.26358025e-01  9.61270172e-02  9.86822469e-01
  2.86676110e+02] 1.1225469961764774
[-3.01671876e+00 -8.46860471e-02 -7.90368202e-02  8.70496869e-01
  2.85490151e+02] 0.8781704534520963
[-3.05729823e+00 -9.21166826e-03 -1.74082661e-01  3.82698760e-01
  2.85162069e+02] 0.42053295771997806
[-2.93667412e+00 -4.25744521e-01  6.40580065e-02  6.89173329e-01
  2.85684958e+02] 0.8126018108461388
[-3.07690476e+00  1.22734728e-01  1.69104886e-01  7.60123357e-01
  2.85676157e+02] 0.788319601281966
[-2.99753109e+00 -1.10621348e-01  3.55928831e-01  1.00782528e+00
  2.86533367e+02] 1.0745390678698832
[-3.05061317e+00 -2.10565588e-01  4.27042836e-01  7.70414753e-01
  2.84961704e+02] 0.9056723148449749
[-3.05701645e+00  5.35256938e-02  5.37008341e-02  1.05863243e+00
  2.86429855e+02] 1.0613441443977216
[-2.94094949e+00  7.00333592e-02  5.04714135e-02  4.25407508e-01
  2.85467233e+02] 0.43407785339977645
[-2.94716917e+00  1.37559903e-01  1.09390756e-01  9.90318996e-01
  2.85281921e+02] 1.0057936066608872
[-2.96815178e+00 -9.07737160e-02 -2.62428944e-01  1.06074692e+00
  2.86198685e+02] 1.0964911560527764
[-2.91841407e+00 -1.76256440e-02 -4.36505553e-02  9.49796241e-01
  2.85737100e+02] 0.9509621097460907
[-3.04842017e+00  2.14581469e-01  2.64895233e-03  5.67261684e-01
  2.85181053e+02] 0.6064965306059705
[-3.06468628e+00 -1.65621070e-01  1.90131243e-01  7.83471893e-01
  2.85286179e+02] 0.8230482581835364
[-2.86549442e+00 -9.25624138e-02 -2.97277004e-02  8.58891062e-01
  2.86136585e+02] 0.8643757249103899
[-3.05546151e+00 -2.80367161e-01  1.46151372e-01  8.41736298e-01
  2.86189078e+02] 0.8991584755426225
[-2.98359047e+00 -1.18244937e-01  2.41595745e-01  7.63805137e-01
  2.87057999e+02] 0.8097830921096013
[-3.01307740e+00 -1.35845371e-01 -1.49653708e-01  6.84362297e-01
  2.85053584e+02] 0.7135838773910419
[-3.01650495e+00 -1.18499567e-01 -1.27102841e-02  4.81674649e-01
  2.84661714e+02] 0.49619972351864533
[-3.01162553e+00 -1.71492046e-01 -1.07554175e-01  1.06554875e+00
  2.86796876e+02] 1.0846066422226825
[-3.07410827e+00  1.45242329e-01  4.95418623e-02  7.34515651e-01
  2.85039744e+02] 0.7503752209640312
[-3.09442571e+00 -2.42294010e-01 -2.34529614e-01  6.79336882e-01
  2.85691053e+02] 0.7584254259194715
[-3.08281793e+00 -1.16134815e-01  6.43846500e-02  8.84578424e-01
  2.85586634e+02] 0.8944896121858567
[-2.97694590e+00  4.43989554e-01  1.95657880e-01  6.77769102e-01
  2.85470046e+02] 0.833534454005763
[-3.04454276e+00 -1.94125949e-02 -2.85239720e-01  7.02374866e-01
  2.84960439e+02] 0.7583330397444726
[-2.91706389e+00 -1.12986967e-01 -3.16190596e-01  7.18288212e-01
  2.85910482e+02] 0.7928937524897135
[-2.94087276e+00  2.03668865e-03 -1.49734573e-01  7.72648662e-01
  2.86141487e+02] 0.7870263943630532
[-2.99731380e+00 -9.53937534e-03 -1.29763539e-01  7.85829229e-01
  2.86302368e+02] 0.7965281875149566
[-3.02399213e+00  3.23536644e-02  4.27958386e-02  1.13234620e+00
  2.86138582e+02] 1.1336164103091129
[-2.98266512e+00 -2.21526055e-02 -4.45043796e-02  9.67774768e-01
  2.85626860e+02] 0.9690507621830031
[ -2.97347478   0.31603248  -0.31682226   0.84914882 285.00481592] 0.9598471714190591
[-3.02168612e+00 -3.83442245e-02 -2.61394249e-01  1.11062914e+00
  2.86448740e+02] 1.1416191674202663
[-2.89537384e+00 -2.45379161e-01  1.59528493e-01  9.31467461e-01
  2.87064142e+02] 0.9763666851157237
[-2.99326994e+00  5.99081062e-02  2.46660933e-01  8.31527770e-01
  2.86636539e+02] 0.8694072859727422
[-2.91833681e+00  2.85214048e-01  2.34862388e-01  8.68298097e-01
  2.86724094e+02] 0.9436360422471368
[-3.01187615e+00 -2.82616737e-01 -9.28248689e-02  8.08570988e-01
  2.85205032e+02] 0.8615542463482855
[-2.88389938e+00  8.20022189e-02 -1.25682630e-01  1.06586317e+00
  2.87233883e+02] 1.0763757588473688
[-3.05559812e+00 -2.36521102e-01  1.67284683e-01  8.67879267e-01
  2.85581788e+02] 0.9149539981399861
[-3.00835556e+00 -1.78000147e-01  1.30381769e-01  6.75932043e-01
  2.85805287e+02] 0.7110327595444974
[-2.89216580e+00  2.51294004e-01 -1.94120829e-02  4.86912174e-01
  2.85647158e+02] 0.5482781875489665
[-2.99570969e+00 -1.75633979e-01 -7.81134726e-02  8.60728709e-01
  2.86753321e+02] 0.8819313578320839
[-3.01321539e+00 -1.82772055e-01  2.24002529e-01  9.67369848e-01
  2.86027588e+02] 1.009647056954037
[-2.95552565e+00 -4.10698060e-01 -4.38127836e-02  8.60171051e-01
  2.86530158e+02] 0.9541942643313603
[-3.01953150e+00 -2.14989838e-01 -1.45908322e-01  8.91567844e-01
  2.85905709e+02] 0.9286566044002408
[-3.02833489e+00  5.84372312e-02 -9.59790855e-02  4.61455240e-01
  2.84855362e+02] 0.4749398204707989
[-2.98513410e+00  2.08713523e-01  1.02108351e-02  6.74110000e-01
  2.86921147e+02] 0.7057548359616256
[-2.93423871e+00 -1.81608562e-01 -1.68591391e-01  7.38319703e-01
  2.84818336e+02] 0.77879439517975
[-3.05502460e+00  9.94836237e-02  3.84363324e-02  4.53716884e-01
  2.84959812e+02] 0.46608298989687574
[-2.95818716e+00 -4.63982512e-01 -1.75174594e-02  5.73288844e-01
  2.85465935e+02] 0.7377307985959127
[-2.97487960e+00  5.65695299e-02 -1.45177456e-01  4.98703790e-01
  2.86415246e+02] 0.5224768659816431
[-2.97278405e+00 -1.95948744e-01 -6.40587201e-02  1.09286424e+00
  2.86565860e+02] 1.1121383392266666
[-2.98542696e+00  2.21623680e-01 -2.15557636e-02  9.90934840e-01
  2.86686033e+02] 1.015644408414618
[ -2.98938008   0.41769888   0.38571164   0.7617223  285.63166151] 0.9505086464419261
[-3.17572450e+00 -1.22107206e-01 -6.22505335e-02  9.26412325e-01
  2.85747388e+02] 0.9364961797446878
[-2.95850780e+00  2.61057346e-02 -3.67445956e-02  7.78446372e-01
  2.85724385e+02] 0.779750234565846
[-3.07850750e+00 -1.19305304e-01  8.74109113e-02  9.61459738e-01
  2.84910428e+02] 0.9727688577938705
[-3.01759787e+00 -1.69646203e-02  5.84346241e-03  6.82250209e-01
  2.86030664e+02] 0.6824861111816013
[-2.98216850e+00  6.95552142e-02 -3.90668645e-01  4.39816536e-01
  2.86227201e+02] 0.5923668660051548
[-2.91451800e+00  9.62069648e-02 -2.17280715e-01  6.96683205e-01
  2.86233394e+02] 0.736093864126204
[-2.97474937e+00  1.68479694e-01 -8.36205295e-02  8.21761828e-01
  2.85926709e+02] 0.8430126348743008
[-3.08853942e+00  3.57448961e-02 -2.98841990e-01  9.19059974e-01
  2.85532167e+02] 0.9670860706608402
[-2.94012421e+00 -3.41424125e-01  1.95200589e-01  5.61002410e-01
  2.86623126e+02] 0.6851258333239086
[-2.90161844e+00 -3.16426959e-01  1.73017498e-01  9.02736381e-01
  2.87674188e+02] 0.9721080436421098
[-2.96824960e+00 -1.40817169e-01 -1.45359530e-01  8.52402025e-01
  2.86379915e+02] 0.8760982135429348
[-3.05656656e+00 -3.89335360e-01 -8.08530741e-02  9.36454675e-01
  2.85323741e+02] 1.0173822291110461
[-2.92968539e+00 -1.19674330e-01 -4.76159405e-02  7.40439110e-01
  2.87138559e+02] 0.7515579142440559
[-3.05895089e+00  5.01067974e-02 -7.21959257e-02  7.11824608e-01
  2.84992049e+02] 0.7172288447298096
[-3.08087081e+00 -2.94176145e-02  2.47826510e-02  9.54633094e-01
  2.85882121e+02] 0.9554077244164594
[-3.07626519e+00  6.05266239e-02 -3.64850249e-02  1.00131103e+00
  2.84344386e+02] 1.0038019722349338
[-2.93857888e+00 -2.03233867e-01  5.34755755e-02  7.44616388e-01
  2.85195795e+02] 0.7737035655730851
[-2.94859765e+00  8.21562557e-02 -3.32491977e-01  8.60315123e-01
  2.86733595e+02] 0.9259820065209416
[-2.97632932e+00 -4.34975016e-02  1.67067559e-01  1.21080565e+00
  2.87820928e+02] 1.2230510749783665
[-3.01990470e+00  2.74005809e-01  2.25411761e-01  5.70050984e-01
  2.84988112e+02] 0.6714519861693571
[-3.12451911e+00  6.90945817e-04  2.40620280e-01  5.52907884e-01
  2.84453099e+02] 0.6029972839242561
[-3.03987411e+00 -1.09354008e-01  1.72859419e-01  7.56872499e-01
  2.86035700e+02] 0.7840246534227588
[-2.97371916e+00 -8.15574810e-02 -1.03573096e-01  6.94864497e-01
  2.85805748e+02] 0.7072592723712847
[-3.00005827e+00  3.26126611e-02 -1.96077372e-03  8.49362967e-01
  2.85153386e+02] 0.8499911058770787
[-3.05371026e+00  1.43022863e-01  1.96755117e-01  6.25499709e-01
  2.85849073e+02] 0.6711318807188013
[-2.90774348e+00  2.66204409e-01 -8.73104197e-02  1.12037929e+00
  2.86193378e+02] 1.1548756040578618
[-3.01743288e+00  2.27342768e-01 -1.93784284e-02  9.31282987e-01
  2.85975623e+02] 0.9588265008946347
[-2.91199440e+00  1.35972534e-01 -2.31247003e-01  9.09419006e-01
  2.86618095e+02] 0.9481596037001645
[-3.00536544e+00 -1.51306581e-01 -8.00563895e-02  5.88176619e-01
  2.85805962e+02] 0.6125801511521859
[-2.93507660e+00  7.35734221e-02  1.24538436e-01  8.70815671e-01
  2.86108406e+02] 0.8827473038857946
[ -3.01556831  -0.34759786   0.40129039   0.85908566 285.61797606] 1.0098942639042097
[-2.99352639e+00  1.47971079e-01  1.09691337e-01  5.45597119e-01
  2.85380343e+02] 0.5758505416695746
[-2.98358158e+00  5.18586948e-02 -6.90662891e-02  8.03076096e-01
  2.85583405e+02] 0.8077070588586387
[-2.98197751e+00  3.01348566e-01 -5.78857730e-02  8.36447563e-01
  2.85755723e+02] 0.8909580500834635
[-3.04087260e+00  1.05391387e-02  5.58803922e-02  9.03352023e-01
  2.84762073e+02] 0.9051400830171229
[-2.95325015e+00  1.38376567e-01  5.75911195e-02  9.36329626e-01
  2.86324334e+02] 0.9482499564034513
[-2.93942485e+00  1.33913322e-01  1.61346506e-01  5.31659182e-01
  2.86100838e+02] 0.5715128683271473
[-3.00394471e+00  3.37784209e-02  1.81847019e-01  1.00273567e+00
  2.85326189e+02] 1.0196509945879189
[-2.97877774e+00  1.08073166e-01  1.30465396e-01  7.59254725e-01
  2.85620788e+02] 0.7779259383595226
[-2.99373962e+00  8.50110622e-02 -6.11043489e-02  9.15625873e-01
  2.85678384e+02] 0.9215917547221911
[-2.91631916e+00 -3.61914932e-01  2.15167782e-01  5.46703012e-01
  2.86152185e+02] 0.6900462131001678
[ -3.01558028   0.34414808  -0.43430624   0.84819201 286.15050639] 1.013158180867105
[-3.02310497e+00 -1.47456823e-01 -2.87018291e-01  7.18503397e-01
  2.86222303e+02] 0.7876357952046584
[-2.98458513e+00 -4.03316682e-02 -1.03082805e-01  6.14573804e-01
  2.86039670e+02] 0.6244627044235901
[-2.99668177e+00 -9.23581083e-02 -3.48036754e-02  7.02710588e-01
  2.85844514e+02] 0.7096079804152935
[-3.02703454e+00 -2.97824018e-02 -1.78249875e-01  9.50409035e-01
  2.86036052e+02] 0.9674385475836373
[-3.02932001e+00  2.13718029e-01  2.90123862e-02  9.30570558e-01
  2.85308150e+02] 0.9552374980695791
[-3.01785238e+00 -7.49023018e-02 -1.66735093e-01  6.97120690e-01
  2.85087212e+02] 0.7206859247461948
[-2.98802760e+00 -4.26320924e-01 -1.24508019e-01  6.54642908e-01
  2.85277747e+02] 0.7910809778537078
[-3.00774970e+00  9.32450910e-02  3.07665306e-01  8.68578724e-01
  2.84573500e+02] 0.9261649891393824
[-2.95337160e+00 -2.21852161e-02  4.57644995e-02  6.84162554e-01
  2.86141815e+02] 0.6860502704787604
[-2.99598612e+00  1.10135855e-01 -3.10082990e-01  8.52947340e-01
  2.85272446e+02] 0.9142212705560405
[-2.98775005e+00  3.34364978e-01  1.63114730e-01  6.55072947e-01
  2.85940330e+02] 0.7533438252637114
[-3.08300334e+00  2.15991208e-01  7.75350246e-02  8.86523314e-01
  2.85367782e+02] 0.9157442153239149
[-3.06175957e+00  2.10875009e-01  2.19194504e-02  1.02373214e+00
  2.86531408e+02] 1.0454550341181337
[-3.10797425e+00  2.05381545e-01  6.90084085e-02  8.14681188e-01
  2.86438193e+02] 0.8430001052153439
[-3.02072455e+00  6.66653639e-02  2.23541011e-01  7.52575635e-01
  2.85358733e+02] 0.7878990670853755
[-3.01681551e+00 -2.33716946e-01  1.39014904e-02  8.57993318e-01
  2.85408156e+02] 0.889364602738562
[-3.06342981e+00  2.71847947e-01  2.93632480e-03  5.83792609e-01
  2.86028997e+02] 0.6439904800617949
[-2.99540813e+00  3.64105561e-01  3.76417360e-02  1.02855523e+00
  2.86807200e+02] 1.0917488775207507
[-2.97407881e+00  3.23061938e-01 -8.42747427e-02  6.79602747e-01
  2.86217808e+02] 0.7571863326064385
[-3.00928109e+00  8.29372849e-02 -5.36883968e-02  8.27294536e-01
  2.86099512e+02] 0.8331730231170543
[-2.97274245e+00  1.18003644e-01  1.62832982e-01  5.06041268e-01
  2.85429213e+02] 0.5445339338890974
[-3.03251842e+00  2.03478862e-01  5.30166902e-02  7.35520947e-01
  2.85678088e+02] 0.764987242034639
[-3.02740309e+00  2.39366208e-01  8.26655353e-03  6.82482364e-01
  2.86016979e+02] 0.7232888045557349
[-3.00993015e+00 -3.22590122e-02 -1.22373691e-01  9.01528320e-01
  2.85481439e+02] 0.9103676593875382
[-2.95711425e+00 -6.13990002e-02  1.25433351e-01  1.10235285e+00
  2.86381889e+02] 1.1111638818393357
[-3.02815440e+00 -1.03573372e-01 -2.79860515e-01  7.68135115e-01
  2.86337046e+02] 0.8240636538431481
[ -2.87702799   0.38337607   0.36740533   0.85591779 287.0446933 ] 1.0072532674206842
[-2.96963678e+00  4.77974963e-02 -3.97000382e-01  6.56591290e-01
  2.86140094e+02] 0.7687691634226218
[-2.92465879e+00 -6.13098237e-02  5.05938284e-02  9.28665428e-01
  2.86435765e+02] 0.932061214510387
[-3.00684605e+00 -1.05024196e-01  3.09562026e-02  1.06935217e+00
  2.86030407e+02] 1.074942991103968
[-2.97126471e+00 -2.44428763e-01  3.89923444e-01  8.43388594e-01
  2.86569122e+02] 0.9607757452098614
[-3.04223139e+00  2.19433127e-02  6.95162538e-02  7.71121453e-01
  2.85531991e+02] 0.7745594323544681
[-2.96825238e+00  1.59874825e-01  1.16886424e-01  8.54415680e-01
  2.85534287e+02] 0.8770681561808412
[-2.89626448e+00  2.88972928e-01  4.92233231e-02  1.02353103e+00
  2.86049100e+02] 1.0646802603409784
[-3.02874168e+00  1.16921745e-02  3.23556211e-01  8.29911297e-01
  2.85003451e+02] 0.8908299999976184
[-2.90679283e+00  3.19383629e-01 -7.64454048e-02  7.73545326e-01
  2.86059611e+02] 0.840370259829371
[-3.06741035e+00 -3.45930396e-01  2.80641461e-01  7.25509585e-01
  2.84595427e+02] 0.8513469483224053
[-3.04166617e+00 -2.88681326e-01 -2.31213864e-01  5.91201643e-01
  2.86155172e+02] 0.6973637080689348
[-2.93702620e+00  9.49396166e-02  2.70597512e-01  8.05456056e-01
  2.86780553e+02] 0.8549830424622551
[-2.91301303e+00  9.10433396e-02 -1.54648815e-01  8.00062496e-01
  2.85906949e+02] 0.8199421580821583
[-2.92968811e+00  3.41039207e-01 -2.20952358e-01  1.13191427e+00
  2.87508685e+02] 1.2026460839864028
[-2.95621568e+00 -7.85122366e-02 -6.94499509e-02  7.65206789e-01
  2.85842242e+02] 0.7723528321277373
[-2.98135323e+00  2.62398679e-01 -2.38738842e-01  1.00410895e+00
  2.85735465e+02] 1.0649338398596957
[-3.01361914e+00  3.10185341e-01 -3.64224957e-02  7.19073612e-01
  2.85743801e+02] 0.7839696446827195
[ -2.98562385   0.30853147  -0.31764684   0.93437687 284.91355988] 1.0339977344145188
[-3.04242033e+00  3.45477907e-01 -1.49506908e-02  7.20963418e-01
  2.86204524e+02] 0.7996041256174006
[-2.99277111e+00 -1.18407482e-01 -1.11704930e-01  7.91505186e-01
  2.85352176e+02] 0.808071026260153
[-3.05132370e+00 -4.82215725e-03  8.92125153e-02  6.74930894e-01
  2.85738380e+02] 0.6808185055931643
[-3.03142174e+00 -2.19641368e-01 -3.83003026e-01  8.13723732e-01
  2.86338669e+02] 0.9257861310428505
[-3.01798061e+00 -2.32555872e-01 -1.66884964e-01  9.74184002e-01
  2.84930531e+02] 1.015365596541345
[-3.03551248e+00  9.22427402e-02 -1.63350432e-01  8.19529755e-01
  2.85342917e+02] 0.8407265345926567
[-2.99342129e+00  3.24370514e-03 -3.41306864e-01  8.18170792e-01
  2.86107041e+02] 0.8865124607002162
[-2.99708629e+00 -2.13984896e-02 -2.56350841e-01  7.22229972e-01
  2.86664724e+02] 0.7666744950084482
[-2.99729849e+00 -3.06220719e-01 -3.86752382e-02  7.32474504e-01
  2.85883520e+02] 0.7948495461134202
[-2.95860456e+00 -1.43523739e-01 -1.70058514e-01  7.60226039e-01
  2.85146565e+02] 0.7921253636709525
[-3.02865418e+00 -8.29458657e-03 -1.51658645e-01  8.64313524e-01
  2.85915380e+02] 0.8775574126164518
[-2.97957728e+00 -3.32340280e-01  1.75019705e-01  7.97389267e-01
  2.85133960e+02] 0.8814258910546092
[-3.02910817e+00  8.69640042e-02 -4.62343590e-03  9.33039846e-01
  2.85070208e+02] 0.9370952293404288
[-2.93065974e+00  6.01115895e-02  1.78366445e-01  5.33208773e-01
  2.86226909e+02] 0.5654552043084389
[-3.05229618e+00  4.14802701e-02  2.80431841e-01  7.63034517e-01
  2.86308759e+02] 0.8139928162350799
[-2.94271508e+00 -1.55095485e-01  1.16253475e-02  7.25225647e-01
  2.85194020e+02] 0.7417155769497243
[-3.00186115e+00 -5.48598747e-02  4.86612681e-03  7.83236895e-01
  2.85451641e+02] 0.785170885176129
[-3.04846269e+00  1.02999379e-01 -1.36611075e-01  9.21971490e-01
  2.86875196e+02] 0.9377115158314508
[-2.94451315e+00 -8.25223216e-03 -3.00098145e-01  6.14992676e-01
  2.86342751e+02] 0.6843558927962781
[-2.98656070e+00 -6.12574450e-02  1.31551531e-01  5.50909286e-01
  2.85517809e+02] 0.5697010804980566
[-3.01406285e+00 -1.71938610e-01  8.69236181e-03  1.07807257e+00
  2.87124406e+02] 1.0917320731188043
[-3.00571559e+00  8.00065570e-02 -2.54039545e-02  6.62233033e-01
  2.86280756e+02] 0.667532022061966
[-3.00681467e+00 -2.81884560e-01  1.86856899e-01  1.22964531e+00
  2.86699890e+02] 1.2753046705479174
[-3.03795613e+00  7.87735845e-02 -8.95852941e-02  8.38187605e-01
  2.85328402e+02] 0.8466340786311659
[-2.98378078e+00  2.23149418e-01 -3.79152840e-01  7.06499396e-01
  2.85633617e+02] 0.8322823650328177
[-3.04034123e+00 -1.60194647e-01 -4.27200405e-02  8.28842319e-01
  2.85396463e+02] 0.8452614489435585
[-2.96585769e+00  9.10331539e-02 -2.27213970e-01  8.22557350e-01
  2.85638019e+02] 0.8582038314345711
[-2.95580260e+00  2.09794608e-01  1.70802453e-01  9.45852632e-01
  2.85969634e+02] 0.9837806954573565
[-2.99261827e+00 -1.29177653e-01 -1.25427052e-01  7.67074422e-01
  2.85982013e+02] 0.7879225727219646
[-2.99246396e+00 -5.63719646e-01  9.74527611e-02  8.56412183e-01
  2.85731011e+02] 1.0299119900848686
[-2.99471826e+00  2.55539354e-01 -2.05251931e-01  9.69670910e-01
  2.85756683e+02] 1.0235674814677798
[-3.08047992e+00 -8.05690474e-02 -1.28026269e-01  9.02868698e-01
  2.85942241e+02] 0.9154528841990983
[-3.04802917e+00  1.82112852e-01  3.64843814e-01  7.87977531e-01
  2.85443504e+02] 0.8872342922932128
[-3.05620945e+00 -1.91900270e-01 -2.29799396e-02  1.19514083e+00
  2.86273665e+02] 1.2106673373363805
[-2.95027860e+00  4.16697685e-02 -3.16629047e-01  1.04604719e+00
  2.86578140e+02] 1.0937115933917323
[-2.93786885e+00 -2.03630427e-01  1.90801596e-02  6.44323123e-01
  2.85545748e+02] 0.6760042092776367
[-2.95295842e+00 -7.98211682e-02 -7.51472037e-02  9.09657749e-01
  2.86981846e+02] 0.9162400016548407
[-3.09683121e+00 -8.38949634e-02  1.55784025e-01  7.15982267e-01
  2.84520596e+02] 0.7375212774804228
[-3.02651942e+00  2.77800205e-02 -1.20246139e-01  5.72877089e-01
  2.86017345e+02] 0.5860196435000293
[-2.94935476e+00 -3.69079967e-02 -2.06219556e-01  7.15215417e-01
  2.87010592e+02] 0.7452662600955733
[-3.03237431e+00 -2.80484307e-01 -7.93385961e-02  9.81327229e-01
  2.85626798e+02] 1.0237036632067453
[-3.07837665e+00  3.47054036e-01 -2.28640308e-01  8.66359270e-01
  2.85681576e+02] 0.9608856739813015
[-2.97397160e+00  1.64168763e-02  1.38591044e-01  9.97876101e-01
  2.85423427e+02] 1.0075880629176908
[-2.95348034e+00  1.29662458e-01  2.05551138e-01  6.57000523e-01
  2.85842064e+02] 0.7005093223557094
[-3.08509341e+00  3.28050678e-02  1.75193264e-01  4.43661553e-01
  2.85170234e+02] 0.47812595189842566
[-3.00723883e+00 -2.97042405e-01  2.14531555e-01  7.89464849e-01
  2.84806733e+02] 0.8703520698685216
[-2.94597033e+00 -3.05613576e-01  1.08320387e-01  4.58183238e-01
  2.85684551e+02] 0.5613063718069378
[-2.95038619e+00  2.52294166e-01  1.10540981e-01  4.82173603e-01
  2.85839916e+02] 0.5553044553233694
[-3.11053369e+00 -2.81107542e-02 -9.72393090e-02  4.04484861e-01
  2.84645425e+02] 0.4169576720037093
[-2.99161767e+00 -9.02513280e-02  1.30648997e-01  6.27063361e-01
  2.85631737e+02] 0.6468561824162561
[-3.02264800e+00  1.37140844e-01 -3.82749094e-01  6.00716621e-01
  2.85076594e+02] 0.7253722764482157
[-3.02183868e+00 -1.11035431e-01  3.19874881e-01  1.10490919e+00
  2.85522889e+02] 1.1556267224818095
[-2.99276889e+00 -3.09653332e-01 -1.57247565e-01  1.00142862e+00
  2.86145997e+02] 1.0599392745784022
[-3.04492964e+00  5.64658699e-02 -3.80275529e-01  7.12868236e-01
  2.85496224e+02] 0.8099253017889375
[-3.00547126e+00  4.90876588e-02 -3.92319666e-01  8.48385051e-01
  2.85090975e+02] 0.9359922615792248
[-3.01366659e+00 -9.48346879e-02  5.26223448e-01  9.09805735e-01
  2.85805337e+02] 1.055296740494837
[-2.97643778e+00  9.00491763e-04 -8.19935873e-02  7.64250401e-01
  2.86504804e+02] 0.7686367378021013
[-2.94667653e+00 -4.12266103e-02  1.21826687e-01  6.65967226e-01
  2.86191521e+02] 0.678272600574105
[-2.98717913e+00 -2.63043507e-01  3.67182101e-01  8.46271979e-01
  2.86281980e+02] 0.9592657843707468
[-2.96808015e+00  7.67477488e-02 -3.30449703e-01  7.86464899e-01
  2.86031045e+02] 0.8565128490392498
[-2.96622234e+00  1.28138885e-01 -1.49051135e-01  8.79905770e-01
  2.86096197e+02] 0.9015930223516193
[-2.95621929e+00  1.83264014e-01  2.49280988e-01  7.11075157e-01
  2.85575650e+02] 0.7754705599132667
[-3.08711765e+00  1.35487060e-01 -3.63567881e-01  7.02250687e-01
  2.84689423e+02] 0.8023056618280802
[-3.00251956e+00  1.43252815e-01 -3.64534787e-01  7.73305062e-01
  2.86139088e+02] 0.8668377579184602
[-2.88289936e+00  2.23210359e-01 -5.59795403e-02  6.89798083e-01
  2.86499883e+02] 0.7271712101762041
[-2.90175524e+00  9.99052230e-02 -5.45602991e-02  7.26537212e-01
  2.86097133e+02] 0.7354007075750837
[-2.97460001e+00 -1.22033256e-01 -1.42083913e-01  8.03020977e-01
  2.86134214e+02] 0.8245742198152091
[-2.93117149e+00 -2.47657739e-01  1.39449303e-01  5.79771566e-01
  2.84603057e+02] 0.6456899663039563
[-2.98007354e+00  1.92961590e-01  1.08765860e-02  9.12511115e-01
  2.85499254e+02] 0.9327534560557783
[-2.97985467e+00 -1.69558524e-02  2.27552360e-01  8.79911333e-01
  2.86690554e+02] 0.9090167941402165
[-2.94862235e+00  7.54669701e-02 -2.09836011e-01  1.12356153e+00
  2.87693343e+02] 1.1454767222425213
[-2.94324221e+00  1.41770067e-02  5.42857242e-02  1.04882694e+00
  2.87017963e+02] 1.0503265546041614
[-3.01775495e+00 -1.94968709e-01  8.06014496e-04  9.72730722e-01
  2.85306194e+02] 0.9920778720755329
[-2.98462648e+00 -3.57451027e-01 -7.74453697e-03  5.20920186e-01
  2.85863133e+02] 0.6318140987468057
[-3.02977668e+00  2.34724671e-01  1.07777921e-01  6.73014792e-01
  2.85647329e+02] 0.7208749275410216
[-2.93234020e+00  1.87891980e-01 -9.59723125e-02  1.39529621e+00
  2.87339055e+02] 1.4111575326785297
[-2.97624037e+00 -1.54439417e-01  2.61835281e-01  6.77666695e-01
  2.85435902e+02] 0.7427256541519563
[-3.05922965e+00  1.91658013e-01 -8.91616350e-03  7.33418253e-01
  2.85707488e+02] 0.7580993504109439
[-3.00148636e+00 -4.35972480e-02  1.15137609e-02  1.00951931e+00
  2.87191457e+02] 1.0105258610506873
[-2.93611530e+00  1.95477948e-01 -3.89704209e-01  8.94174795e-01
  2.86038805e+02] 0.9948012677002023
[-2.96327294e+00 -1.82481767e-02 -3.73872918e-01  9.94073094e-01
  2.87130284e+02] 1.0622124413684144
[-2.99059072e+00  1.00974982e-01 -5.60459618e-02  8.16825336e-01
  2.85926156e+02] 0.8249489234401579
[-3.00289754e+00  1.75074831e-01  1.00595212e-01  5.58871996e-01
  2.86067995e+02] 0.5942293335294656
[-2.96641005e+00 -3.90932945e-01  2.47135713e-03  8.36179913e-01
  2.86468497e+02] 0.9230555359404662
[-2.95902651e+00  1.01480686e-01  3.65908391e-02  4.93128672e-01
  2.85733022e+02] 0.5047901611522072
[-3.02976798e+00 -2.73300224e-01  3.21116785e-01  9.07647323e-01
  2.85874931e+02] 1.000815999216384
[-2.95928453e+00 -2.06191562e-01  6.42836378e-02  8.49495749e-01
  2.85482631e+02] 0.8765217476864992
[-3.15581179e+00  2.15636256e-01  2.02960549e-01  8.02336323e-01
  2.84213709e+02] 0.8552400565658019
[-3.11399711e+00 -9.57633206e-02  1.09727434e-01  5.72995332e-01
  2.85214366e+02] 0.5912143213851664
[ -3.02368173  -0.31060578   0.33046773   0.73624724 286.27380917] 0.8647224213719162
[ -3.00315339   0.28726962  -0.28980866   1.0893504  286.55499121] 1.1632700410004755
[-2.95971402e+00  1.91334208e-01 -2.44054088e-01  5.50431154e-01
  2.86415624e+02] 0.6317797334060148
[-3.01399889e+00  1.82845860e-01 -1.61909731e-01  7.99354072e-01
  2.86646726e+02] 0.8358315036933379
[-3.11878687e+00  1.75581668e-02  4.52766667e-01  7.68441348e-01
  2.84426381e+02] 0.8920807410260728
[-2.94206427e+00 -4.79233166e-02  3.86500596e-01  8.44816648e-01
  2.86731806e+02] 0.9302658350721834
[-2.97180559e+00  2.88789069e-02 -2.00724164e-01  7.29426407e-01
  2.86363818e+02] 0.7570911860001351
[-2.93270890e+00  5.77573878e-02 -2.49127905e-01  4.74937430e-01
  2.86515036e+02] 0.5394128213835443
[-3.02555633e+00  6.19365366e-02 -4.66626525e-01  9.48896912e-01
  2.85952664e+02] 1.0592364226444695
[-2.99848432e+00  5.77269423e-02 -6.91729440e-02  6.23287984e-01
  2.86841548e+02] 0.6297659941823047
[-2.97769157e+00  2.58902687e-01  1.54663746e-01  8.70198663e-01
  2.86209373e+02] 0.9209762152400348
[-2.93955721e+00  1.49670986e-01 -1.13023842e-01  8.72349397e-01
  2.85295031e+02] 0.8922831745013733
[-3.03406982e+00  3.36589473e-03 -2.18570270e-01  1.16214608e+00
  2.86343401e+02] 1.1825260267148812
[-2.91075346e+00  3.22118032e-02 -1.30024104e-01  1.22387765e+00
  2.86833081e+02] 1.231186568156623
[-2.99950711e+00 -2.80715752e-01  1.20037870e-01  7.17820090e-01
  2.86848936e+02] 0.7800487838679291
[-3.00108373e+00 -2.57808148e-02 -8.13584988e-02  9.62085367e-01
  2.85168153e+02] 0.9658634007017535
[-2.96133148e+00  9.19638278e-02  1.58981309e-02  8.49436660e-01
  2.85895931e+02] 0.8545482638490801
[-2.99585414e+00  8.34966803e-02  7.53148664e-03  5.72724036e-01
  2.85935671e+02] 0.5788274697717114
[-2.99281409e+00 -3.06651836e-01  8.21770394e-02  7.47962845e-01
  2.85875913e+02] 0.8125495876472822
[-2.96952529e+00  2.43161580e-01  3.22850108e-02  7.12367756e-01
  2.86510160e+02] 0.7534173444434535
[-2.98316622e+00  9.85621627e-02  9.92268250e-02  1.00849486e+00
  2.85566544e+02] 1.0181465233615015
[-2.97199467e+00  2.25467453e-01  1.67167467e-01  9.98565205e-01
  2.86059111e+02] 1.037262263670274
[-2.94353277e+00 -1.25962432e-01 -8.53990585e-02  8.36398644e-01
  2.86960126e+02] 0.8501307107239943
[-3.09947937e+00  3.07396622e-01  7.33165399e-02  9.93112415e-01
  2.86495698e+02] 1.0421805347350759
[-2.91142891e+00 -3.32948413e-01 -4.87014877e-03  8.22693479e-01
  2.86200303e+02] 0.887526295365821
[-2.94935611e+00  1.29157007e-01  9.43321968e-02  9.91351994e-01
  2.86409630e+02] 1.0041707380307223
[-3.00809725e+00  1.06361220e-01 -4.30884599e-02  9.56951577e-01
  2.86362538e+02] 0.9638078881261205
[-2.96181485e+00  9.64007431e-02 -2.64428978e-02  6.00257390e-01
  2.86169813e+02] 0.6085238408983019
[-2.93300846e+00 -3.73681717e-01  3.93334988e-03  4.59797069e-01
  2.86140110e+02] 0.5925089373750312
[-2.99558393e+00 -3.85442627e-01 -7.84455895e-02  7.75327605e-01
  2.85902645e+02] 0.869397851633741
[-2.99408852e+00 -1.06156318e-02  2.23023217e-01  9.32063290e-01
  2.85869683e+02] 0.9584331087629506
[-2.99582190e+00  8.65219338e-02  1.01846577e-01  5.56253643e-01
  2.86061489e+02] 0.5720811878208218
[-3.01460350e+00  2.14989679e-02 -1.08365751e-01  8.98546523e-01
  2.85808332e+02] 0.9053127612352628
[-3.05776395e+00  1.98610228e-01 -1.63285319e-01  4.53292088e-01
  2.86048961e+02] 0.5211351413541292
[-3.04919777e+00 -2.29211182e-01  4.95410228e-02  9.84609475e-01
  2.85836347e+02] 1.012150135417975
[-3.02440429e+00  2.42574391e-01 -3.14444016e-01  8.53487276e-01
  2.86542517e+02] 0.9413596047812751
[-2.90510522e+00 -1.07347091e-01  2.61326927e-01  8.45501022e-01
  2.86627875e+02] 0.8914522643235561
[-3.01584507e+00 -9.02503734e-03 -1.70010796e-01  1.23588104e+00
  2.85246575e+02] 1.2475524328673226
[-3.00952803e+00  1.42810054e-01 -1.99961461e-01  8.26411808e-01
  2.84597237e+02] 0.8621692258977374
[-3.03658419e+00 -1.69245829e-01 -2.71899886e-01  9.08737998e-01
  2.85697517e+02] 0.9635239732860418
[-2.92542407e+00 -9.75981477e-02 -1.96850032e-02  7.54546021e-01
  2.86823542e+02] 0.7610864569118186
[-2.96424554e+00 -2.48938617e-01 -3.84467979e-01  8.10898491e-01
  2.86163532e+02] 0.9313122053273329
[-2.96766463e+00 -7.92167799e-02  1.90744042e-01  7.74069805e-01
  2.86204500e+02] 0.8011508291637416
[-3.02775640e+00  1.69571542e-01 -2.17994935e-02  7.53283226e-01
  2.84835669e+02] 0.7724411592772877
[-3.12122859e+00  1.02443152e-01  8.70549865e-02  8.60682127e-01
  2.85846839e+02] 0.8711181857269591
[-2.99757997e+00 -7.18570773e-02 -6.34032449e-02  4.52795322e-01
  2.85777270e+02] 0.46282503713353
[-2.93184239e+00 -2.21269603e-01  1.97748438e-01  9.59617486e-01
  2.86316581e+02] 1.0044552759226304
[-2.98149015e+00 -2.78377488e-01  1.72078480e-01  1.02511493e+00
  2.86598600e+02] 1.0760881212365734
[-3.09618650e+00  2.87695249e-01 -7.84064083e-02  9.22364185e-01
  2.86562773e+02] 0.9693667061173143
[-2.94825307e+00 -7.10089012e-02  6.90948206e-02  8.79583509e-01
  2.86359459e+02] 0.8851460372743049
[-3.01614842e+00 -4.17128508e-02  2.99847807e-01  1.02253164e+00
  2.86075122e+02] 1.0664050006300345
[-3.01424013e+00 -3.70169644e-02  3.52161119e-02  5.09149462e-01
  2.85229470e+02] 0.5117065616270546
[-2.96864631e+00  3.00314875e-01 -2.69221026e-01  8.28741994e-01
  2.86350512e+02] 0.9216736284315112
[-2.96313305e+00  1.02636357e-01  1.78723541e-02  7.90722200e-01
  2.85788697e+02] 0.7975557913050509
[-2.99897156e+00 -1.23070580e-01  2.56118784e-01  9.44493969e-01
  2.86170410e+02] 0.986312352519501
[-2.94703956e+00  7.16504021e-02  1.80243337e-01  7.04702270e-01
  2.86648481e+02] 0.7309081538591935
[-3.10278965e+00  3.07206580e-02  1.00120888e-01  1.10909861e+00
  2.85086212e+02] 1.1140321662756438
[-2.98591267e+00 -4.98660203e-02  2.12773440e-01  7.83323475e-01
  2.85882633e+02] 0.8132372493377884
[-3.00266445e+00 -6.61307077e-02  2.76980171e-02  1.11739009e+00
  2.86620769e+02] 1.1196879338316916
[-2.95603882e+00 -1.40746433e-02  1.09880068e-01  1.00110563e+00
  2.85716366e+02] 1.007216071931637
[-3.02376245e+00 -8.13331020e-02 -4.87269284e-01  7.18883129e-01
  2.85432469e+02] 0.8722610743717015
[-3.01247530e+00 -8.79089588e-02 -6.10768489e-02  9.25679807e-01
  2.85846283e+02] 0.9318484166142467
[-2.98216624e+00 -1.41701964e-01  7.85158753e-02  8.97571318e-01
  2.86330253e+02] 0.9120737139763203
[-3.06033783e+00 -2.53063316e-01 -2.52587153e-01  4.04855549e-01
  2.85793903e+02] 0.5401382487191535
[-3.06719337e+00  7.99295567e-02 -2.20335331e-01  7.91873701e-01
  2.85944248e+02] 0.8258331246320332
[-3.01748849e+00  3.93905213e-01 -1.73940954e-04  5.37647736e-01
  2.85436465e+02] 0.6665031402341369
[-2.98904901e+00 -3.55571354e-02  4.07703286e-01  8.16236736e-01
  2.86361694e+02] 0.9130874488575009
[-2.97103748e+00 -2.72320809e-01 -3.69851220e-01  8.17341284e-01
  2.85711480e+02] 0.9375475038042618
[-3.01580302e+00  1.51255208e-01  1.55003837e-01  7.32173255e-01
  2.85501951e+02] 0.7635325817072834
[-3.00304090e+00 -2.72613903e-02  2.79882856e-02  9.22355898e-01
  2.86029113e+02] 0.9231830422529134
[-3.02569534e+00 -1.16692773e-01 -2.46724490e-01  7.65046185e-01
  2.86727078e+02] 0.812272025068158
[-3.03307171e+00 -4.37892832e-01 -1.99766497e-01  6.87543904e-01
  2.85080247e+02] 0.8392695666351212
[-2.94505636e+00 -1.20107046e-01  3.44659423e-02  7.54009673e-01
  2.86377737e+02] 0.7642932619222145
[-3.05035240e+00  2.50387872e-01  1.42428976e-01  8.27557363e-01
  2.85913271e+02] 0.8762598297409938
[-3.07128125e+00  1.43761123e-01 -2.70409867e-01  1.19307201e+00
  2.85734641e+02] 1.2317506188444733
[-2.98250802e+00  2.31583936e-01  2.40200307e-01  5.68905363e-01
  2.85156857e+02] 0.6595306046269815
[-2.97271941e+00  3.11706713e-01 -1.65579358e-01  7.92332223e-01
  2.85930780e+02] 0.8673914634665549
[-2.96708881e+00  1.34397628e-01  5.54172142e-03  7.14532293e-01
  2.85589132e+02] 0.7270830981163531
[-3.04687141e+00 -6.01017650e-02 -1.46644721e-01  1.01568177e+00
  2.86142513e+02] 1.0279719609308053
[-2.98602669e+00 -1.59102753e-01 -1.77531699e-01  1.04718419e+00
  2.86031401e+02] 1.0739766838140088
[-3.03581519e+00  1.85518083e-01  3.60418869e-03  1.10833612e+00
  2.87152685e+02] 1.1237610488969398
[-3.05436449e+00 -7.45303280e-02 -7.11892228e-02  2.63208725e-01
  2.85488244e+02] 0.28266854857854135
[ -2.9621346   -0.359917    -0.28976493   0.82702467 285.86069191] 0.947350914581103
[-3.01504030e+00  1.11064208e-01  3.03435210e-01  1.13478276e+00
  2.85471316e+02] 1.179889865825957
[-2.90996240e+00  2.15163436e-01  2.14054831e-01  9.10165237e-01
  2.86751891e+02] 0.959435007486343
[-3.06161920e+00 -1.22961069e-01 -1.58494198e-01  7.17573990e-01
  2.85585882e+02] 0.7450854084846333
[-3.02131613e+00 -1.47958418e-01 -1.41184342e-01  1.09114102e+00
  2.86362294e+02] 1.1101411819637155
[-2.99052528e+00 -1.97858202e-01  1.38019208e-01  1.04456273e+00
  2.85351656e+02] 1.072058048726672
[-2.96299153e+00 -1.41678825e-01 -6.89261903e-02  1.02288129e+00
  2.86705115e+02] 1.0349443623463668
[-3.00241279e+00  1.46784178e-01 -2.41762426e-02  1.08310665e+00
  2.86084891e+02] 1.0932749453230972
[-2.99680439e+00  2.14233878e-01 -3.66126457e-01  1.13846715e+00
  2.87492755e+02] 1.2149288857074316
[-2.98091451e+00 -1.96617790e-01 -1.08300327e-01  9.96772716e-01
  2.85603552e+02] 1.0217354668168466
[-3.01785438e+00 -1.49943305e-01  1.57489345e-01  9.77973667e-01
  2.86335515e+02] 1.0018574663509678
[-2.87210866e+00  2.00271487e-02 -2.30288600e-01  8.90277206e-01
  2.86537062e+02] 0.9197974941518764
[-3.04224479e+00  1.93694537e-01 -4.05436686e-01  6.33314799e-01
  2.85655178e+02] 0.7765205179677419
[-3.05243855e+00 -3.59369608e-01  1.39492867e-01  7.36456565e-01
  2.85725285e+02] 0.8312478857910623
[-2.93657279e+00 -8.42308561e-02 -1.48744608e-01  7.80824969e-01
  2.84735052e+02] 0.7993168502804759
[-3.00862958e+00 -5.80681356e-02  2.33953714e-01  7.12007150e-01
  2.86265322e+02] 0.7517050152005346
[-2.94257383e+00  1.57801368e-01  4.55711471e-02  9.72192251e-01
  2.85716617e+02] 0.9859694594583971
[-2.98677308e+00 -4.88725763e-02  9.87213474e-02  9.08642805e-01
  2.86487567e+02] 0.9152956796044421
[-2.97934594e+00  9.15410571e-02  9.82531068e-02  8.36828815e-01
  2.86902059e+02] 0.8475351937132279
[-2.96576000e+00 -5.95333019e-02  7.79981461e-02  8.42540493e-01
  2.85846062e+02] 0.848234877436235
[-2.94715777e+00 -2.85103462e-01  6.60860270e-02  9.64503559e-01
  2.86876604e+02] 1.0079278059154826
[-2.96810305e+00 -5.65252758e-02  3.32110128e-02  5.20472583e-01
  2.86215464e+02] 0.5245853483586546
[-2.93180347e+00  8.40450670e-02 -1.66884365e-02  7.36370821e-01
  2.85570035e+02] 0.741339371186634
[-2.95222212e+00 -1.00325909e-01 -1.50504851e-01  8.09620809e-01
  2.86174449e+02] 0.8295799252710058
[-2.95346901e+00 -7.18635231e-02  1.49376297e-01  6.78552508e-01
  2.85392441e+02] 0.6985063708170894
[ -3.06922707  -0.35309961  -0.31627054   0.60159564 285.6900858 ] 0.7659136349245146
[-3.00862304e+00 -2.16412208e-02 -3.23758992e-01  6.77836171e-01
  2.85666075e+02] 0.7514985707599333
[-2.89565016e+00 -9.64515929e-03 -1.21569638e-01  9.99611296e-01
  2.85425804e+02] 1.0070228142500228
[-2.94334210e+00 -1.98535306e-01 -1.71346573e-01  7.80443519e-01
  2.86580457e+02] 0.8233273970818554
[-2.95185734e+00  1.27713518e-01  2.24939175e-01  1.20383098e+00
  2.87000961e+02] 1.2313071953169894
[-2.96354985e+00 -4.43953242e-02  6.19024013e-02  8.48062145e-01
  2.86584894e+02] 0.8514765142339511
[-3.04690483e+00 -4.76827123e-01 -9.32318741e-02  9.04781429e-01
  2.85595714e+02] 1.0269789293445812
[-2.95842608e+00  8.69418965e-02 -4.33531388e-02  1.01988180e+00
  2.86416501e+02] 1.0244985470958914
[ -3.02841836  -0.48330529   0.33586757   0.6204174  284.46850201] 0.8551659373142269
[-3.13652885e+00 -3.15327498e-01  2.63826671e-01  6.87735127e-01
  2.84612536e+02] 0.8012587268416286
[-3.04509578e+00 -1.09129854e-01 -1.94963315e-01  7.99744159e-01
  2.86047610e+02] 0.8303678334706509
[-2.97966819e+00 -2.20152043e-01  2.91686410e-01  8.09228768e-01
  2.86898100e+02] 0.8879183992292183
[-3.01144390e+00 -3.91636848e-02  4.57765747e-01  6.68517735e-01
  2.86304986e+02] 0.8111715205014873
[-2.98310409e+00 -5.62188989e-02 -3.48708473e-01  9.48289274e-01
  2.86246999e+02] 1.0119341435295803
[-3.06224916e+00 -2.13310317e-02 -6.84614635e-02  4.12084661e-01
  2.85509774e+02] 0.4182771239623187
[-2.94221787e+00  3.16295651e-02 -1.85901608e-01  6.42709521e-01
  2.85632351e+02] 0.66980248227278
[-2.95854739e+00 -1.20492045e-01 -8.67478412e-03  7.77332030e-01
  2.87217374e+02] 0.7866629960463505
[-3.00448794e+00  2.00262449e-01 -2.87961781e-01  7.40888188e-01
  2.84461374e+02] 0.8197208931723666
[-2.97887129e+00 -2.63807412e-01  2.18954940e-02  1.00905465e+00
  2.86516354e+02] 1.0431994269321798
[-3.03179378e+00 -2.35048701e-01 -3.46459569e-02  6.20754489e-01
  2.86613296e+02] 0.6646686168602655
[-3.02839435e+00  1.11776837e-01 -2.06776337e-01  8.19620616e-01
  2.85794825e+02] 0.852659644530374
[-3.01956705e+00 -3.36962973e-02  6.35735609e-02  9.30587199e-01
  2.85487574e+02] 0.9333646520750094
[-2.96996451e+00 -5.33305956e-02  4.82129300e-02  4.33348645e-01
  2.85655195e+02] 0.4392717687279077
[-3.03589519e+00 -9.38876435e-04  3.63175056e-02  5.41989608e-01
  2.85477833e+02] 0.5432058338316357
[-3.02405865e+00 -2.85291781e-01  3.19941465e-01  1.05630601e+00
  2.86155052e+02] 1.1399720740492099
[-2.90693225e+00  2.26339326e-01  5.30756922e-03  8.26865765e-01
  2.87013528e+02] 0.8573007955038636
[-2.88321934e+00  3.31454185e-01 -1.49133541e-01  9.42252844e-01
  2.86851250e+02] 1.009922329197993
[-2.94530170e+00 -2.16094910e-01  1.28352517e-01  7.52295065e-01
  2.85804980e+02] 0.7931703747691942
[-2.91826161e+00  2.28953257e-01  4.49552891e-02  6.17379212e-01
  2.85838141e+02] 0.6599982298859279
[-2.96165426e+00 -1.75913019e-03  3.80494596e-02  8.91095309e-01
  2.86754262e+02] 0.8919090234185117
[-2.99699661e+00 -2.01170026e-01 -7.52786021e-03  1.00354397e+00
  2.86072846e+02] 1.0235362906621481
[-2.98772249e+00  4.85450096e-01  1.93777194e-01  5.43872690e-01
  2.86104248e+02] 0.7543267854416896
[-3.04140262e+00 -3.72969757e-01  1.42116709e-01  1.49819069e+00
  2.86465556e+02] 1.5504447607702165
[-2.97224900e+00  4.04644950e-02  3.42046735e-01  7.34517774e-01
  2.86305011e+02] 0.8112642630533567
[-3.11561038e+00 -5.97228483e-02  1.59566793e-01  1.08856304e+00
  2.86276837e+02] 1.1018157202905554
