/mnt/stage/douwei/Simulation/5kt_root/2MeV/5kt_-5.60_3.root
[-3.07756456e+00 -2.61436702e-01 -6.95571183e-02 -5.48174755e+00
  3.04470266e+02] 5.488419037440057
[-3.11761953e+00  2.06104893e-01 -6.90195492e-02 -5.89670024e+00
  3.06308702e+02] 5.900704759045317
[-3.05533721e+00  8.90280996e-02  4.10788676e-01 -5.97570283e+00
  3.08640110e+02] 5.990467227204055
[-3.02006889e+00 -1.54407230e-01 -1.35099982e-01 -5.61201039e+00
  3.06860291e+02] 5.615759447554585
[-3.15985497e+00 -1.89565067e-01  3.77291200e-01 -5.36848992e+00
  3.04377204e+02] 5.385068951480811
[-3.07446893e+00 -1.29906363e-01  2.99542077e-01 -5.53681727e+00
  3.06593337e+02] 5.546435483794733
[-3.06208176e+00 -1.76556565e-01 -2.06463112e-01 -5.65514883e+00
  3.04967564e+02] 5.661670028256142
[-3.15330481e+00 -1.23767714e-02  7.12269163e-02 -5.26711725e+00
  3.03656523e+02] 5.2676133622364665
[-3.04609021e+00  4.15556929e-01 -2.44767486e-01 -5.40206367e+00
  3.04993487e+02] 5.423549631670146
[-3.03107140e+00 -2.74384224e-01 -1.93769511e-01 -5.29487162e+00
  3.05408088e+02] 5.3055158877050435
[-3.17768485e+00  7.24972846e-02  3.36332579e-01 -5.68045967e+00
  3.06923223e+02] 5.690869666597845
[-3.08286438e+00  6.80755027e-02 -5.76940172e-02 -5.54148487e+00
  3.04367354e+02] 5.542203302516071
[-3.12930717e+00  1.53977738e-01 -2.43122228e-01 -5.72234327e+00
  3.05348699e+02] 5.729575036829743
[-3.22644213e+00  1.04603986e-02 -1.24793968e-01 -5.81640623e+00
  3.05246757e+02] 5.817754235151314
[-3.07647905e+00 -7.65870064e-02  3.60278153e-01 -5.91922825e+00
  3.09338863e+02] 5.930676942189378
[-3.05146117e+00  1.24405779e-01 -1.43998705e-01 -5.72542399e+00
  3.05772639e+02] 5.728585536631753
[-3.08300763e+00 -1.18623632e-01  8.03943757e-02 -5.54303391e+00
  3.05774750e+02] 5.54488591275107
[-3.13396404e+00 -2.53785894e-01  2.16448658e-02 -5.29251681e+00
  3.01484256e+02] 5.298642274153784
[-3.14183589e+00  7.97530261e-02 -2.29992692e-01 -5.70730935e+00
  3.05319152e+02] 5.712498336647297
[-3.08379960e+00  6.95755184e-02  1.96155019e-01 -5.59143427e+00
  3.06207718e+02] 5.595306487863217
[-3.05752869e+00 -3.80367358e-02  3.27662484e-02 -5.72522772e+00
  3.07828988e+02] 5.725447833573221
[-3.07080355e+00 -9.18511911e-02 -1.90616940e-02 -5.21212551e+00
  3.02533306e+02] 5.212969621079629
[-3.02811529e+00  1.93534786e-01 -3.39906484e-01 -5.66914236e+00
  3.07606740e+02] 5.682619751441399
[-3.04233867e+00 -1.93332719e-01  1.60996423e-01 -5.97363228e+00
  3.07205458e+02] 5.978927996155484
[-3.03446010e+00 -1.16100775e-01  5.69995950e-02 -5.78598318e+00
  3.08551022e+02] 5.787428591986171
[-3.10838979e+00  2.47254840e-01 -2.49428150e-02 -5.74563937e+00
  3.06453859e+02] 5.751011120748154
[-3.10109561e+00 -1.40524733e-02  1.06828292e-01 -5.59152788e+00
  3.06051173e+02] 5.592565941238877
[-3.07752552e+00 -1.27752197e-01 -7.49584708e-03 -5.91238378e+00
  3.09155765e+02] 5.913768578787829
[-3.03160672e+00 -1.37170145e-01  2.15194935e-01 -5.19496615e+00
  3.03175619e+02] 5.201230410075745
[-3.14618968e+00  3.63614366e-02 -1.75195537e-01 -5.55095395e+00
  3.06730204e+02] 5.553836996361043
[-3.08980074e+00  6.56382028e-02  3.05642058e-01 -5.50290177e+00
  3.04067998e+02] 5.511774060170048
[-3.07533825e+00  1.01331398e-01  2.45056217e-03 -5.44879155e+00
  3.03873823e+02] 5.449734249760723
[-3.12241615e+00 -3.73955288e-01 -9.31998737e-02 -5.71347303e+00
  3.05552398e+02] 5.726456393074067
[-3.11131574e+00  2.19139885e-01  9.72547370e-02 -5.75790672e+00
  3.07018157e+02] 5.762896021513934
[-3.00475348e+00 -7.16355972e-02 -2.08563454e-01 -5.85324011e+00
  3.08775664e+02] 5.85739277829813
[-3.17668540e+00  4.71150315e-02 -6.48872660e-02 -5.42916777e+00
  3.06041985e+02] 5.42975992605709
[-3.09546288e+00 -2.70399887e-01 -6.95522190e-02 -5.88756850e+00
  3.05386574e+02] 5.894184968923128
[-3.01541595e+00  1.23843927e-01  9.61491879e-02 -5.49960931e+00
  3.07087322e+02] 5.501843741464215
[-3.07439097e+00 -8.94087117e-03 -3.92665185e-02 -5.43306386e+00
  3.05475764e+02] 5.4332131106632895
[-3.03984871e+00 -1.46505766e-01  1.95664618e-01 -5.90252352e+00
  3.07192597e+02] 5.90758263119529
[-3.03475144e+00  6.34280406e-04 -2.46757150e-01 -5.54626350e+00
  3.05006534e+02] 5.551750018308237
[-3.04587126e+00  1.68284635e-03  6.61670177e-02 -5.34421099e+00
  3.03586814e+02] 5.344620848492351
[-2.94852870e+00 -3.10851841e-01  4.47702501e-02 -5.52430713e+00
  3.04853469e+02] 5.533227131673214
[-3.00688958e+00 -5.70688061e-02  2.49715498e-01 -5.85471389e+00
  3.08266768e+02] 5.860314783132647
[-3.04488421e+00  1.06126678e-01 -1.73866011e-02 -5.54680557e+00
  3.07053432e+02] 5.547847974518573
[ -3.11761304  -0.37217076   0.32788487  -5.39212491 302.57314271] 5.414889709583382
[-3.09574810e+00 -2.26029121e-01 -1.63785482e-01 -5.64322990e+00
  3.06208805e+02] 5.650129074443152
[-3.15678464e+00 -4.50829827e-02 -4.70800712e-02 -5.73149485e+00
  3.05668205e+02] 5.731865511598752
[-2.97256237e+00 -9.28355093e-02 -2.11494999e-02 -5.61521441e+00
  3.05951081e+02] 5.616021598818423
[-3.04532057e+00  2.21985028e-01 -7.98340287e-02 -5.62109866e+00
  3.05859559e+02] 5.626046656029555
[-3.14534911e+00 -1.55237607e-01 -1.90326982e-02 -5.61539135e+00
  3.04660159e+02] 5.617568951928754
[-3.14906854e+00  4.40456532e-01  1.30429134e-02 -5.70109901e+00
  3.06837599e+02] 5.718103001992118
[-3.04650857e+00  3.12681248e-01 -7.52815377e-02 -5.56636456e+00
  3.05887759e+02] 5.575648056716545
[-3.02329731e+00 -2.22250691e-01 -8.64527045e-02 -5.59661101e+00
  3.06574865e+02] 5.601689407333176
[-3.05576393e+00 -2.66231284e-01 -1.82209550e-01 -5.68710749e+00
  3.04586891e+02] 5.696250613539123
[-3.09929034e+00  2.07458653e-02  3.04108761e-02 -5.85142398e+00
  3.05264611e+02] 5.8515397768260105
[-3.14167626e+00  3.66554193e-02  8.08813137e-02 -5.55473331e+00
  3.03133688e+02] 5.5554430563688575
[-3.04111094e+00 -2.90206708e-01  1.89349437e-01 -5.78548324e+00
  3.06194473e+02] 5.795851059851724
[-3.03221021e+00 -1.76958400e-01 -1.38892323e-01 -5.53955191e+00
  3.05249144e+02] 5.5441176635991685
[-3.06016867e+00 -1.14637332e-01 -2.64851333e-01 -5.65724505e+00
  3.08195480e+02] 5.664601439686875
[-3.08095619e+00  2.11523348e-01  1.27899298e-01 -5.61481339e+00
  3.06202334e+02] 5.620251748880592
[-3.11133533e+00  4.60406466e-01 -1.41589595e-01 -5.63241493e+00
  3.05596811e+02] 5.65297440863007
[-3.03775345e+00  3.32236918e-02 -2.62331402e-01 -5.45433942e+00
  3.05028983e+02] 5.460745377606396
[-3.09349854e+00  3.02150480e-02 -1.14115478e-01 -5.75595621e+00
  3.07433331e+02] 5.7571665931635145
[-3.11934159e+00 -1.30090466e-01  1.96013053e-01 -5.63318570e+00
  3.08112767e+02] 5.638095931395695
[-3.03260432e+00 -1.69939229e-01  2.22770945e-01 -5.57861124e+00
  3.05496803e+02] 5.585643168650083
[-3.02413241e+00 -4.52817504e-01  3.55138746e-02 -5.56296538e+00
  3.02986320e+02] 5.581477291605997
[-3.08970676e+00 -2.63015103e-02  3.12113609e-01 -5.64961917e+00
  3.07529166e+02] 5.65829510369607
[-3.00909160e+00  1.10617108e-01 -6.46900612e-02 -5.35391790e+00
  3.05434065e+02] 5.355451225836272
[-3.05320808e+00 -2.07568085e-01  5.30021872e-02 -5.50644922e+00
  3.04597514e+02] 5.510614911551598
[-3.04372291e+00  9.97076731e-02  1.82817643e-01 -5.73378883e+00
  3.06370148e+02] 5.7375690184174815
[-3.09080605e+00  2.35768762e-01  4.32520526e-01 -5.90160526e+00
  3.07828485e+02] 5.922128465971006
[-3.06367660e+00 -2.28996644e-02  1.15161438e-01 -5.68669084e+00
  3.07410317e+02] 5.687902886685649
[-3.03340498e+00  5.46516605e-02 -2.33774121e-01 -5.48832736e+00
  3.07131996e+02] 5.493575731042073
[-3.03497991e+00 -3.24440459e-01  8.38920088e-02 -5.61653969e+00
  3.06976174e+02] 5.626528019686842
[ -3.07693145   0.31938446   0.38636081  -5.95000149 306.75859383] 5.971080211479064
[-3.15532973e+00 -1.00755130e-01 -9.79742091e-02 -5.38689411e+00
  3.03710750e+02] 5.388727006259623
[-3.00055824e+00 -2.02424097e-01 -5.49749657e-02 -5.75345225e+00
  3.07955567e+02] 5.757274573448143
[-3.07336922e+00  2.46899407e-02  8.04755720e-02 -5.63628185e+00
  3.05055904e+02] 5.636910408816414
[-3.01466914e+00 -4.07311762e-03 -3.69679479e-01 -5.81406528e+00
  3.07042474e+02] 5.825807634755926
[-3.05332128e+00  1.08694132e-01 -6.01775233e-02 -5.89227864e+00
  3.06757454e+02] 5.893588318714124
[-3.10841165e+00  2.45828759e-01 -3.78616988e-01 -5.47111683e+00
  3.06204668e+02] 5.489708729242774
[-3.02760151e+00  9.24988195e-02  1.16680318e-01 -5.77266606e+00
  3.07784127e+02] 5.774586029272833
[-3.14819709e+00  1.43982285e-01 -2.79089917e-01 -6.02495837e+00
  3.08541146e+02] 6.033137279915416
[-3.04644942e+00 -7.87342551e-02  2.12854855e-01 -5.74395508e+00
  3.06295805e+02] 5.748436854092961
[-3.17467179e+00 -1.06532942e-01 -1.33045197e-01 -5.71662727e+00
  3.03742418e+02] 5.71916756864081
[-2.97087061e+00 -2.79328280e-01  7.22761321e-02 -5.83495650e+00
  3.08571927e+02] 5.84208570890518
[-3.05670471e+00 -1.77244497e-01 -6.93281310e-02 -5.63887620e+00
  3.04899827e+02] 5.642087100640561
[-3.14928606e+00  9.86470480e-02  4.59950200e-02 -5.52699429e+00
  3.02791374e+02] 5.528065909351057
[-3.08428669e+00 -1.70310070e-01 -1.38276546e-02 -5.37464010e+00
  3.04233235e+02] 5.377355569729906
[-3.15319947e+00  2.71183709e-01  1.79441477e-01 -5.62401001e+00
  3.06144511e+02] 5.633402914680498
[-3.14205127e+00  2.62644616e-01 -8.88086875e-02 -5.67088301e+00
  3.05475386e+02] 5.677656494496117
[-3.07244018e+00 -1.96336478e-01 -5.22106472e-02 -5.86247589e+00
  3.08075414e+02] 5.865995014513139
[-3.05130348e+00 -1.20147157e-01 -4.19073762e-02 -5.79277277e+00
  3.07065955e+02] 5.794170162846322
[-3.09096071e+00 -7.50553038e-02  5.29784911e-02 -5.78563802e+00
  3.06808008e+02] 5.786367366751558
[-3.01703282e+00  3.76958325e-01  1.84548671e-01 -5.44262114e+00
  3.06465608e+02] 5.458780144593904
[-2.98390557e+00 -7.81954422e-02  2.77762012e-01 -5.79714035e+00
  3.08285064e+02] 5.804317569609413
[-3.02177454e+00  2.01131361e-02  2.96235183e-01 -5.42655979e+00
  3.06926419e+02] 5.434676708934611
[-3.03772756e+00 -7.31779920e-02 -2.09017937e-01 -5.83625141e+00
  3.07557706e+02] 5.84045152629974
[-3.08060575e+00 -9.61332981e-02 -1.01812851e-01 -5.82524739e+00
  3.06441788e+02] 5.82693011869471
[-2.99844917e+00 -3.49728571e-02  1.39406273e-01 -5.48523482e+00
  3.07574403e+02] 5.48711748414126
[-3.05688563e+00  2.62822370e-01  6.98397413e-02 -5.53093892e+00
  3.04054850e+02] 5.5376202933690335
[-3.14791060e+00  1.40384710e-01  1.31177385e-01 -5.91840675e+00
  3.06618489e+02] 5.921524617807227
[-3.06181810e+00 -5.18682185e-02  3.45090932e-01 -5.38957976e+00
  3.05645067e+02] 5.400865487327735
[-3.11195568e+00 -5.07953154e-02 -1.84193251e-01 -5.66052659e+00
  3.05999883e+02] 5.663750399897737
[-3.14534344e+00  2.86848988e-01 -2.33133020e-02 -5.61036144e+00
  3.06123958e+02] 5.617738096368797
[-3.03354855e+00 -2.76740012e-02  2.73694237e-01 -5.41666764e+00
  3.05437757e+02] 5.423648464977867
[-3.04434762e+00  1.16781866e-01 -3.29261575e-01 -5.56321992e+00
  3.04660998e+02] 5.5741785988580155
[-3.02453027e+00 -3.30047242e-02  3.63279063e-03 -5.82334935e+00
  3.07763921e+02] 5.823444013052824
[-3.02933255e+00 -5.78702278e-03 -2.71751087e-02 -5.45864026e+00
  3.04432180e+02] 5.458710974120198
[-3.02757617e+00  1.71597854e-01  1.56068012e-02 -5.99748033e+00
  3.09869086e+02] 5.999954974592946
[-3.18025171e+00 -4.57213009e-01 -1.61043715e-01 -5.67342187e+00
  3.03145659e+02] 5.69409295037869
[-3.12079935e+00 -7.84097218e-03  1.83721567e-01 -5.80663634e+00
  3.06950494e+02] 5.8095473752449
[-3.05648569e+00  1.67603117e-01  2.52323892e-01 -5.66522384e+00
  3.06080398e+02] 5.6733164340279965
[-3.10546400e+00 -2.63786775e-01  8.77264268e-02 -5.80404953e+00
  3.08237386e+02] 5.810703087588374
[-3.11198916e+00 -3.38458493e-02  2.30243996e-01 -5.46926446e+00
  3.06482376e+02] 5.474213326621477
[-3.08837879e+00 -2.10340142e-01  2.31329690e-01 -5.47826204e+00
  3.02114080e+02] 5.487176992031893
[-3.02451699e+00  6.02254483e-02  3.43306060e-01 -5.47121750e+00
  3.07607049e+02] 5.482308551064883
[-3.09847190e+00 -1.64454636e-01 -3.09949199e-02 -5.35171087e+00
  3.02152461e+02] 5.3543267767440765
[-3.03607016e+00 -4.82336157e-02 -1.08058338e-01 -5.43014014e+00
  3.05303522e+02] 5.431429375953867
[-3.08406753e+00 -2.00570759e-01  2.06685819e-01 -5.48058737e+00
  3.05438936e+02] 5.488149555898378
[-3.06354807e+00 -1.47764773e-01 -1.81355212e-03 -5.57704927e+00
  3.06863562e+02] 5.579006747538145
[-3.02644411e+00  2.62304905e-01  1.28097339e-01 -5.50800676e+00
  3.04607030e+02] 5.515736694758835
[-3.07945660e+00 -3.47169402e-02  9.27730559e-02 -5.80748819e+00
  3.07320868e+02] 5.808332907675825
[-3.09833318e+00  1.06492210e-01  1.34108768e-01 -5.83348179e+00
  3.07216695e+02] 5.835994817208432
[-3.07354187e+00  1.63698468e-01 -3.80059640e-02 -5.88131148e+00
  3.09099751e+02] 5.8837119593396645
[-3.02868835e+00 -3.35019508e-01  1.45469284e-01 -5.57709399e+00
  3.06359965e+02] 5.58904076786688
[-3.08625442e+00 -2.76585950e-01  6.84148018e-02 -5.70169144e+00
  3.08577215e+02] 5.708805978386138
[-3.14223291e+00 -9.06637296e-02 -6.95649895e-03 -5.56419308e+00
  3.04716507e+02] 5.5649360213782115
[-3.10636660e+00  8.16665538e-02  1.56291208e-01 -5.78703136e+00
  3.05776119e+02] 5.789717464587856
[-3.06626228e+00  1.79118501e-01  4.70178254e-02 -5.36259081e+00
  3.04742343e+02] 5.3657873930687785
[-3.06440213e+00  1.70176258e-01 -2.51448242e-01 -5.65661301e+00
  3.08073267e+02] 5.664755682348732
[-3.00473887e+00  1.11451587e-01  7.38988686e-02 -5.95008912e+00
  3.08299400e+02] 5.951591634010608
[-3.23168615e+00 -8.82284307e-02  6.20749511e-02 -5.65826191e+00
  3.04745628e+02] 5.659290185524334
[-3.09674363e+00  1.55470179e-01  1.42037270e-02 -5.66469892e+00
  3.06247645e+02] 5.666849793867241
[-3.09012994e+00  7.28122803e-02 -3.30065936e-02 -5.55409600e+00
  3.05141486e+02] 5.554671319983557
[-3.07952329e+00  1.26089496e-01  2.50975942e-01 -5.76767007e+00
  3.07042170e+02] 5.774504788640664
[-3.00859195e+00 -2.22759153e-01 -1.20693568e-01 -5.58648977e+00
  3.06978889e+02] 5.592231806821935
[-3.01992402e+00 -9.38783918e-02  1.20541590e-01 -5.54267174e+00
  3.04504454e+02] 5.544777136701038
[-3.02510769e+00  1.64627369e-01 -1.61348453e-01 -5.30560084e+00
  3.03240325e+02] 5.310605973259059
[-3.09914246e+00 -1.50382414e-01  2.09222897e-01 -5.15664247e+00
  3.01804640e+02] 5.163075692274568
[-3.05805961e+00 -4.27264442e-01 -5.38956265e-02 -5.71796301e+00
  3.04010309e+02] 5.734157356415596
[-3.08974472e+00  2.35839744e-02 -1.66374541e-01 -5.61992430e+00
  3.06220826e+02] 5.622435930479772
[-3.04163533e+00  4.95768759e-02  2.36748688e-01 -5.45026959e+00
  3.04301182e+02] 5.455634374602765
[-3.05315297e+00 -5.17296250e-02  3.09417951e-01 -5.46405572e+00
  3.05955965e+02] 5.473054021805943
[-3.04701857e+00 -1.50720374e-01 -2.00251323e-01 -5.88609172e+00
  3.07335908e+02] 5.89142537870245
[-3.08422998e+00 -2.24059247e-01 -2.40560693e-01 -5.59303826e+00
  3.06138428e+02] 5.602691228192443
[ -3.1280553    0.31979666  -0.45038559  -5.68183642 307.58525018] 5.708623488363622
[-3.03919685e+00 -1.31799794e-01  1.86995944e-01 -5.25781512e+00
  3.05031417e+02] 5.262789991322114
[-3.00937042e+00  2.05918741e-01 -3.34708081e-01 -5.91839788e+00
  3.07645274e+02] 5.931430305904406
[-3.06198374e+00  8.29862551e-02 -6.29001362e-02 -5.79776521e+00
  3.07281283e+02] 5.798700248611342
[-3.04697447e+00  2.55671788e-02  2.30036793e-01 -5.68387410e+00
  3.08237002e+02] 5.688584661213308
[-3.03568522e+00  2.54081714e-01 -4.13014342e-01 -5.54664330e+00
  3.05180608e+02] 5.567799408624347
[-3.07397225e+00  2.52092964e-01 -2.93407179e-01 -5.77528535e+00
  3.07765088e+02] 5.788225934680732
[-3.03336092e+00  2.25669260e-01  1.71563567e-01 -6.08357391e+00
  3.11060139e+02] 6.090175049767189
[-3.02832936e+00 -1.44602375e-01 -2.75575604e-01 -6.03482246e+00
  3.10970370e+02] 6.042841538156818
[-2.99907167e+00 -1.32716246e-02  7.61264781e-02 -5.79689662e+00
  3.06851662e+02] 5.79741165011181
[-3.00873074e+00 -7.88937607e-02  5.49042810e-02 -5.45524522e+00
  3.05790774e+02] 5.456091925922231
[-3.04597356e+00 -1.21806818e-01  1.03044485e-01 -5.30645640e+00
  3.04237655e+02] 5.308854356675051
[-2.97827805e+00  1.22892552e-02 -8.49302550e-02 -5.83754902e+00
  3.08238738e+02] 5.838179740949442
[-3.05065207e+00 -2.29074240e-02 -1.52391278e-01 -5.50090275e+00
  3.06578239e+02] 5.503060870361709
[-3.15328911e+00  1.12751230e-01  1.53869247e-01 -5.59280092e+00
  3.03249874e+02] 5.596053133608851
[-3.01921981e+00 -2.46449550e-02  6.89947979e-02 -5.63527140e+00
  3.07054613e+02] 5.635747633211806
[-3.10986226e+00 -2.24819418e-01 -4.35129476e-02 -5.80633273e+00
  3.07656243e+02] 5.810846489187974
[-3.02042683e+00 -1.08752205e-01  3.51986424e-02 -5.75577410e+00
  3.06064516e+02] 5.756909022979662
[-3.09569992e+00  1.72648303e-02 -5.56955703e-02 -5.46168724e+00
  3.03047233e+02] 5.461998497003295
[-3.04909891e+00  8.48197706e-02  2.10797875e-01 -5.50785542e+00
  3.05018398e+02] 5.512540380854027
[-3.09869822e+00 -2.12787665e-01  1.51720310e-01 -5.54523846e+00
  3.04714259e+02] 5.551393272306016
[-3.12209707e+00 -1.66373430e-01 -6.41730792e-02 -5.71847986e+00
  3.05932479e+02] 5.721259491602075
[-3.02423882e+00 -7.77653639e-02  2.84766126e-01 -5.46956480e+00
  3.04383351e+02] 5.477524837376234
[-3.05856453e+00 -2.11685010e-02  2.34439315e-01 -5.66813009e+00
  3.07690130e+02] 5.673015832722285
[-3.14365877e+00  1.51120700e-01  8.11908807e-02 -5.46749055e+00
  3.05639446e+02] 5.470181197471823
[-2.97289869e+00 -6.01023125e-02  1.46265338e-01 -5.65217668e+00
  3.07109204e+02] 5.654388300349855
[-3.11643000e+00  1.62211839e-02  2.51000046e-01 -5.73237584e+00
  3.07507945e+02] 5.7378913321582905
[-3.06267762e+00 -3.16822780e-02  4.48493952e-01 -5.79259867e+00
  3.07871245e+02] 5.810021514408529
[-3.01657847e+00  3.83021417e-01 -2.26307121e-01 -5.53850961e+00
  3.06103236e+02] 5.55634853003926
[-3.07964946e+00  1.18108437e-02  2.35367073e-01 -5.55665728e+00
  3.06553349e+02] 5.561652387916263
[-3.01790730e+00 -2.64945976e-01 -1.10764751e-01 -5.53701168e+00
  3.06047868e+02] 5.5444533987263585
[-3.17987343e+00  1.15595729e-01  1.13367883e-01 -5.68574758e+00
  3.04549377e+02] 5.688052405349685
[-3.04061074e+00 -1.35015740e-01 -1.57764803e-01 -5.68221943e+00
  3.08478158e+02] 5.686012367270991
[-3.04274414e+00 -8.55744700e-02  2.47862629e-03 -5.54635099e+00
  3.06030727e+02] 5.54701166576589
[-3.10947081e+00  3.83906174e-01 -1.15363235e-01 -5.60740819e+00
  3.06151529e+02] 5.621718526137854
[-3.01368121e+00 -1.56200131e-01 -2.41946404e-01 -5.39249808e+00
  3.03978066e+02] 5.400182600972246
[-3.05984551e+00 -1.16611625e-01 -1.54119435e-01 -5.47542351e+00
  3.06635853e+02] 5.478833238342478
[-3.15141832e+00 -1.37233903e-01 -2.03352665e-01 -5.63707472e+00
  3.05015310e+02] 5.642410551342173
[-3.11470990e+00 -8.27245100e-02 -1.16292787e-01 -5.44104048e+00
  3.04004715e+02] 5.442911803746737
[-3.04218065e+00 -3.54924454e-02  1.28437392e-02 -5.27865623e+00
  3.05090108e+02] 5.278791173059714
[-3.01133995e+00  1.75969087e-01  1.06770697e-01 -5.70218034e+00
  3.07123943e+02] 5.705893943166078
[-2.98967614e+00  9.51606749e-02  1.09073053e-02 -5.47247033e+00
  3.05369084e+02] 5.473308509522804
[-3.03178993e+00 -1.56164455e-02  5.99211842e-02 -5.50097242e+00
  3.05847931e+02] 5.501320931345526
[-3.09769702e+00 -1.21507105e-02 -9.58909657e-02 -5.60830166e+00
  3.05216974e+02] 5.609134534660887
[-3.10217143e+00 -2.71123891e-01  6.91675493e-02 -5.64060590e+00
  3.07492145e+02] 5.647541693890697
[-3.08082167e+00  2.67076889e-01 -2.16626019e-01 -5.67959546e+00
  3.04862457e+02] 5.689996613022138
[-3.06091212e+00  1.28631598e-01  1.61353305e-01 -5.63803813e+00
  3.05844858e+02] 5.6418130914568465
[-3.13583547e+00 -1.99138721e-01 -1.27514118e-01 -5.36837516e+00
  3.06234425e+02] 5.373580548562009
[-3.10470457e+00 -1.48060081e-01  2.17860464e-01 -5.53452837e+00
  3.04236257e+02] 5.54079319254788
[-3.03910653e+00  1.31098430e-01 -1.55605126e-01 -5.44421387e+00
  3.06128583e+02] 5.4480147222291135
[-3.03761646e+00  1.00961638e-01  2.74095155e-01 -5.41406123e+00
  3.04612624e+02] 5.421935121238178
[-3.12125264e+00 -4.08929883e-01 -8.40404153e-03 -5.76614794e+00
  3.06130585e+02] 5.7806363252312645
[-3.03154298e+00 -4.10571640e-01  2.11232936e-01 -5.54833739e+00
  3.06928046e+02] 5.5675161615668
[-2.96685003e+00  9.81792142e-02 -1.74484907e-01 -5.64636011e+00
  3.05063772e+02] 5.649908548892298
[-3.11011442e+00  3.07650190e-01  5.37840805e-02 -5.69822902e+00
  3.06860155e+02] 5.706781522815398
[-3.12002334e+00  4.93768027e-01 -2.96235398e-02 -5.58971216e+00
  3.04835255e+02] 5.611556513080413
[-3.02712252e+00  3.80507926e-02  2.23277635e-01 -5.69547754e+00
  3.04960841e+02] 5.699979399898083
[-2.97303821e+00 -2.41483227e-02  1.22007982e-01 -5.45616860e+00
  3.06190495e+02] 5.4575859928133035
[-3.08569661e+00  1.14026396e-01  1.42559037e-01 -5.90610755e+00
  3.06532630e+02] 5.908928115109186
[-3.06899598e+00 -3.03821601e-01 -2.92251658e-02 -5.87037736e+00
  3.06367462e+02] 5.878306900728796
[-3.07292815e+00 -3.74419968e-02  2.34494398e-01 -5.51495218e+00
  3.06167299e+02] 5.5200622323896695
[-3.07278431e+00  8.32765633e-02 -2.71011667e-01 -5.76166895e+00
  3.05094877e+02] 5.768640342418961
[-3.04916542e+00  4.06463977e-03  6.34522815e-02 -5.62003592e+00
  3.07624823e+02] 5.620395574261687
[-2.99223790e+00 -1.78906402e-01  1.67083265e-01 -5.61328373e+00
  3.06252064e+02] 5.618618915669027
[-3.12814053e+00  2.77432745e-01  2.64233603e-02 -5.84979974e+00
  3.08430752e+02] 5.856434419543913
[-2.97492077e+00 -2.47230347e-01 -5.01370671e-02 -5.93206841e+00
  3.08104170e+02] 5.937429767006931
[-3.03198492e+00 -1.18591767e-01  1.45769751e-01 -5.70983396e+00
  3.06328583e+02] 5.712925409101772
[-3.11337697e+00 -3.88650589e-03  2.47692465e-01 -5.82716558e+00
  3.06837230e+02] 5.832428771665482
[-3.03103252e+00 -2.18679545e-01 -9.69338385e-02 -5.37397918e+00
  3.02445688e+02] 5.379300055577558
[-3.06646573e+00  1.72513933e-01 -9.75398776e-02 -5.55235759e+00
  3.04715935e+02] 5.555893262102393
[-3.00758176e+00  3.08374017e-01  1.23999337e-01 -5.83013632e+00
  3.08293241e+02] 5.839602714394002
[-3.06708037e+00 -1.89896182e-01 -6.52179200e-02 -5.56303415e+00
  3.05746425e+02] 5.566656342511854
[-3.12841684e+00  7.27479099e-02 -2.91494983e-01 -5.55482399e+00
  3.05295462e+02] 5.56294266590814
[-3.10371026e+00  1.46755737e-01  5.19728388e-02 -5.48325077e+00
  3.04033531e+02] 5.48546054893661
[-3.05204351e+00  6.38720240e-02  3.71833206e-01 -5.69144505e+00
  3.06619397e+02] 5.703936033690853
[-3.01089556e+00  7.97025222e-02 -3.26303801e-01 -5.65457039e+00
  3.05816025e+02] 5.6645381985263
[-3.15396536e+00  3.51130606e-01 -1.03533240e-02 -5.39434017e+00
  3.04046871e+02] 5.405765970143509
