/mnt/stage/douwei/Simulation/5kt_root/2MeV/5kt_-11.20.root
[-3.51103345e+00 -1.80233916e-01 -5.03056351e-02 -1.14771360e+01
  3.48817274e+02] 11.478661365396286
[-3.56939215e+00 -1.32710784e-01 -6.64815118e-02 -1.18048302e+01
  3.49350390e+02] 11.80576337584572
[-3.58266062e+00  1.60337713e-01  2.55263407e-02 -1.14049278e+01
  3.46560002e+02] 11.406083418459652
[-3.47977640e+00  1.57073382e-01  4.13088686e-02 -1.16176188e+01
  3.50777584e+02] 11.618754063559292
[-3.43016011e+00  1.32008095e-01 -1.11503883e-01 -1.14816941e+01
  3.48886245e+02] 11.482994282679643
[-3.49768134e+00 -3.09224405e-01 -6.53831212e-02 -1.14636765e+01
  3.49316991e+02] 11.46803266499781
[-3.56952524e+00 -7.36248147e-02 -1.77449703e-01 -1.17471206e+01
  3.50904341e+02] 11.748691426975912
[-3.51084891e+00 -6.79033607e-02 -2.20766806e-01 -1.17321107e+01
  3.51600412e+02] 11.734384122120655
[-3.56044886e+00  1.88001417e-01  3.45234006e-02 -1.16234292e+01
  3.49237515e+02] 11.625000761178006
[-3.41667417e+00 -4.05821392e-02  2.04345544e-02 -1.13762635e+01
  3.48595506e+02] 11.376354236946474
[-3.47235386e+00 -1.79716912e-01 -1.50769906e-01 -1.16528117e+01
  3.52126366e+02] 11.655172714492123
[-3.48263552e+00  4.71867456e-02 -3.26503082e-01 -1.15408517e+01
  3.47566820e+02] 11.545565756993527
[-3.54388824e+00  1.72586120e-02  7.21300010e-03 -1.16959569e+01
  3.48511527e+02] 11.695971860648951
[-3.58126482e+00  1.43942098e-02 -1.30844331e-01 -1.16049426e+01
  3.47311304e+02] 11.605689143763529
[-3.48395993e+00  9.07231378e-02  3.28928346e-02 -1.13926005e+01
  3.47520448e+02] 11.393009176114067
[-3.62920266e+00 -1.48687961e-01  4.45176411e-02 -1.14349434e+01
  3.46344479e+02] 11.435996683508325
[-3.43206944e+00  1.94969252e-01 -1.32300137e-02 -1.15614144e+01
  3.50938861e+02] 11.563065769159115
[-3.53513978e+00 -2.69946443e-01  4.70423102e-02 -1.16610769e+01
  3.49925510e+02] 11.664295888209313
[-3.41835920e+00  9.64020230e-02  2.52871870e-01 -1.13964178e+01
  3.48390434e+02] 11.39963056497446
[-3.58493327e+00  1.89996421e-01  8.42397784e-02 -1.18349700e+01
  3.49744122e+02] 11.836794718797279
[-3.56531505e+00  6.03098972e-02  2.70347649e-02 -1.14160095e+01
  3.49213071e+02] 11.41620080676479
[-3.54205265e+00  9.35856501e-02 -3.60856393e-02 -1.17289065e+01
  3.51219904e+02] 11.729335324527964
[-3.49196305e+00 -3.81873190e-02 -2.21145763e-01 -1.16437092e+01
  3.49327135e+02] 11.645871671694476
[-3.50019148e+00 -1.12375510e-01  1.38599740e-01 -1.16728558e+01
  3.49149538e+02] 11.674219460950049
[-3.51562698e+00 -1.67950219e-01  3.61323885e-01 -1.16507396e+01
  3.50177179e+02] 11.65755098415886
[-3.57732047e+00 -8.33870242e-02 -1.56571992e-01 -1.15191236e+01
  3.49648989e+02] 11.52048946393127
[-3.53817622e+00 -6.41115296e-02 -7.91143277e-02 -1.16468109e+01
  3.50536093e+02] 11.647256047904346
[-3.48925624e+00 -1.97134063e-02  1.38589416e-01 -1.16920850e+01
  3.50039641e+02] 11.69292296258099
[-3.57574451e+00  3.60681982e-02 -3.07328702e-01 -1.15563232e+01
  3.48774126e+02] 11.560465283463115
[-3.48224253e+00  9.39103927e-03 -4.25229028e-02 -1.17352456e+01
  3.51847432e+02] 11.735326376527885
[-3.49751399e+00  4.04929082e-02 -1.46971940e-01 -1.12893654e+01
  3.45511017e+02] 11.290394680793163
[-3.50415274e+00 -1.76839167e-02 -9.88890196e-02 -1.14118264e+01
  3.49664637e+02] 11.412268509566196
[-3.55585448e+00  2.23109896e-01 -1.44109845e-01 -1.17960800e+01
  3.48958503e+02] 11.799069788649541
[-3.47553668e+00  1.40987077e-01 -7.01527749e-05 -1.16152725e+01
  3.51779937e+02] 11.616128101918882
[-3.49300386e+00  2.67966621e-01 -7.52942676e-02 -1.12828750e+01
  3.46844131e+02] 11.286307779435731
[-3.50035551e+00 -1.27627859e-01 -2.05063180e-02 -1.19217051e+01
  3.51949404e+02] 11.922405887029232
[-3.50821911e+00 -2.24877759e-01  7.52823431e-03 -1.18082829e+01
  3.50573910e+02] 11.810426429992852
[-3.53411747e+00 -7.54670234e-02 -1.56284801e-01 -1.18212496e+01
  3.52101363e+02] 11.822523493730994
[-3.61787850e+00 -2.06814843e-01  2.12572797e-01 -1.19703814e+01
  3.52344281e+02] 11.97405493607316
[-3.48494950e+00  5.63611905e-02  1.45027486e-01 -1.15771324e+01
  3.49557961e+02] 11.578177962808006
[-3.47725328e+00 -2.03425789e-01 -2.02856680e-01 -1.14106923e+01
  3.48574998e+02] 11.414308182459623
[-3.45142900e+00  3.55306873e-01 -1.34439127e-01 -1.12749030e+01
  3.47400063e+02] 11.281301115226338
[-3.49477580e+00  3.02332366e-02  1.77475637e-01 -1.14552467e+01
  3.47754471e+02] 11.456661358180774
[-3.49451977e+00 -5.61197349e-02 -6.10558881e-03 -1.15109632e+01
  3.49323492e+02] 11.511101641841266
[-3.41866676e+00  2.32479114e-01 -7.63739188e-02 -1.15353609e+01
  3.51194893e+02] 11.537956059666643
[-3.43100357e+00 -1.33488057e-01 -1.39004244e-01 -1.17831656e+01
  3.51800923e+02] 11.784741474731057
[-3.62240094e+00  1.53108897e-01 -2.26949727e-01 -1.17900424e+01
  3.51222792e+02] 11.793220459946571
[-3.50424998e+00 -1.34654335e-01  5.39058720e-02 -1.16155600e+01
  3.49596817e+02] 11.616465507254434
[-3.55533951e+00  5.73181147e-02 -1.35994740e-01 -1.18775346e+01
  3.50430116e+02] 11.878451373561358
[-3.53049112e+00 -1.57547897e-02 -9.84538483e-03 -1.15117635e+01
  3.49778618e+02] 11.511778479702823
[-3.44834203e+00  1.50825349e-01 -1.92832675e-01 -1.18085593e+01
  3.51945492e+02] 11.811096736959605
[-3.42686799e+00  1.65213721e-01  2.51605623e-02 -1.14894931e+01
  3.49624514e+02] 11.490708418038443
[-3.55189461e+00  7.82155178e-03  8.85063536e-02 -1.18887313e+01
  3.51669069e+02] 11.88906332393075
[-3.51100853e+00  1.49542593e-01 -2.77877856e-01 -1.14735226e+01
  3.49312190e+02] 11.47786125352216
[-3.44572081e+00 -8.84321019e-02 -2.73171035e-01 -1.12826031e+01
  3.46916561e+02] 11.286255997323096
[-3.51960155e+00 -7.53384683e-03 -3.44066778e-01 -1.13549781e+01
  3.45764150e+02] 11.360192227632238
[-3.54361155e+00 -1.23553513e-01  7.60653295e-02 -1.16616118e+01
  3.50166814e+02] 11.662514400712626
[-3.45855866e+00 -9.87118428e-02  1.45840105e-01 -1.15744164e+01
  3.47495060e+02] 11.57575610734092
[-3.52983832e+00  1.88490319e-01 -2.30437504e-02 -1.17917894e+01
  3.52594767e+02] 11.79331830442769
[-3.55022410e+00 -3.39669863e-01 -2.01612300e-01 -1.18318027e+01
  3.50927923e+02] 11.838394286903732
[-3.51541969e+00  2.66541430e-01  4.29979302e-02 -1.15067117e+01
  3.48888235e+02] 11.509878668836324
[-3.52496356e+00 -1.11386969e-01  1.06317716e-01 -1.16983459e+01
  3.50491601e+02] 11.699359227925973
[-3.50020935e+00  1.38450435e-01  2.03779270e-01 -1.14131473e+01
  3.47298375e+02] 11.415805931973475
[-3.54981595e+00  1.85844575e-01 -3.41903500e-01 -1.16223088e+01
  3.51101851e+02] 11.628821876620396
[-3.65402390e+00 -1.02169760e-01 -9.01851459e-04 -1.13766470e+01
  3.45025934e+02] 11.377105770243297
[-3.49057396e+00  1.74338901e-01 -2.82409050e-02 -1.15123744e+01
  3.49208199e+02] 11.513728972222363
[-3.50283452e+00  3.65901456e-01 -3.31337007e-02 -1.15908221e+01
  3.49983236e+02] 11.596643453985829
[-3.60228634e+00  2.57227653e-01  1.85842047e-01 -1.17339172e+01
  3.50523576e+02] 11.738207546760236
[-3.51458048e+00 -2.20117333e-01  1.51987735e-03 -1.16701031e+01
  3.50085369e+02] 11.67217892599569
[-3.48669331e+00 -2.69842697e-01 -2.45569156e-02 -1.16264799e+01
  3.49859411e+02] 11.629636834098575
[-3.51942577e+00 -2.71134615e-01  6.06469424e-02 -1.15618187e+01
  3.47222936e+02] 11.565156412818604
[-3.50898015e+00 -1.55377743e-01  6.26758996e-02 -1.16799716e+01
  3.50547528e+02] 11.681173159695554
[-3.45057678e+00  2.71499142e-02 -2.50495680e-02 -1.16294623e+01
  3.50845333e+02] 11.629520983520182
[-3.45597089e+00  1.43386823e-01  2.83271127e-01 -1.16447857e+01
  3.49365571e+02] 11.649113162528149
[-3.52396678e+00  1.33772511e-01  2.39538394e-01 -1.15365616e+01
  3.47962013e+02] 11.539823577935316
[-3.54815608e+00  1.39284656e-01 -1.51820742e-01 -1.14838099e+01
  3.48559953e+02] 11.485658024318898
[-3.53725893e+00  5.30677878e-02  6.16184375e-02 -1.18639303e+01
  3.52449650e+02] 11.864209044976143
[-3.55670435e+00  3.78486145e-01 -7.19303356e-02 -1.15668793e+01
  3.50675253e+02] 11.573293522944612
[-3.47729751e+00 -2.59114481e-01 -2.94647566e-01 -1.14079598e+01
  3.47308270e+02] 11.41470560726516
[-3.55163022e+00  1.20835953e-01 -1.69375089e-01 -1.16817996e+01
  3.49554232e+02] 11.683652298902587
[-3.52128974e+00  1.76335316e-01 -1.75420394e-02 -1.16188744e+01
  3.48817087e+02] 11.620225666243687
[-3.48550462e+00  9.75327796e-02 -3.21723524e-02 -1.19889809e+01
  3.52394435e+02] 11.989420772795
[-3.54470080e+00 -6.19848599e-02  3.44431021e-02 -1.14985109e+01
  3.49000834e+02] 11.498729568119135
[-3.57636469e+00 -1.54993170e-01  4.45058512e-01 -1.15280019e+01
  3.47315828e+02] 11.537630914667908
[-3.48233213e+00  1.45934336e-01  1.79095798e-01 -1.16512812e+01
  3.49265533e+02] 11.65357135139341
[-3.47521151e+00 -4.91598282e-02  3.03204375e-01 -1.13816693e+01
  3.48207162e+02] 11.385813359549756
[-3.47509715e+00  7.30363392e-03  6.92941068e-02 -1.15542967e+01
  3.50224359e+02] 11.554506776302272
[-3.59198969e+00 -2.26774824e-01  9.32588442e-02 -1.13727704e+01
  3.47303290e+02] 11.375413406548015
[-3.51399504e+00  3.14499434e-02  7.53025862e-02 -1.14307955e+01
  3.47480883e+02] 11.431086830548693
[-3.52812638e+00 -3.67411845e-01 -2.03844097e-01 -1.18468402e+01
  3.51557379e+02] 11.854288919121686
[-3.50242360e+00  6.55574363e-02 -6.64147142e-02 -1.15623090e+01
  3.50645640e+02] 11.562685598615417
[-3.53492027e+00 -4.07382780e-01  1.42010590e-02 -1.15948049e+01
  3.50017901e+02] 11.601968048010637
[-3.54226566e+00 -8.73066641e-02 -2.26085074e-01 -1.18720312e+01
  3.53072736e+02] 11.874504719567561
[-3.50485444e+00  1.15567220e-01  1.37932953e-01 -1.15082660e+01
  3.50739997e+02] 11.509672820269756
[-3.50021380e+00 -6.09545679e-02 -4.01624459e-02 -1.16743450e+01
  3.51427917e+02] 11.674573215312467
[-3.51844120e+00 -1.44320748e-01  2.10683135e-02 -1.13732591e+01
  3.48097588e+02] 11.374194281723536
[-3.53974657e+00  9.78746681e-02  7.04335668e-02 -1.15496212e+01
  3.49521872e+02] 11.550250678381557
[-3.51544173e+00 -2.74039790e-01 -8.54103702e-02 -1.15064819e+01
  3.48294308e+02] 11.510061635416005
[-3.48047331e+00  2.60777580e-01  1.36828708e-01 -1.15405444e+01
  3.49983553e+02] 11.544301303423493
[-3.52333023e+00 -2.05168358e-01 -1.38380571e-01 -1.17314560e+01
  3.50834446e+02] 11.73406597117025
[-3.55762924e+00  2.80633920e-01  8.14774245e-02 -1.16724120e+01
  3.50274948e+02] 11.67606939578775
[-3.48748516e+00 -1.36265987e-01 -2.79705368e-01 -1.14085654e+01
  3.48422527e+02] 11.412807188195753
[-3.48002752e+00 -2.25856749e-01 -4.31945965e-02 -1.17842126e+01
  3.50323211e+02] 11.786455960593598
[-3.55133029e+00 -2.68368209e-01 -9.98185297e-02 -1.14955438e+01
  3.48637586e+02] 11.49910919827586
[-3.46211580e+00 -5.18571606e-02 -1.55896062e-01 -1.15961001e+01
  3.49145946e+02] 11.59726393246597
[-3.61877397e+00  6.31166141e-02 -2.04199315e-01 -1.16796921e+01
  3.52309331e+02] 11.681647466542183
[-3.47568617e+00 -6.50445400e-02 -1.49675825e-01 -1.17539364e+01
  3.52190744e+02] 11.755069321234668
[-3.56437093e+00  2.13214890e-01 -1.61742804e-01 -1.16756578e+01
  3.50404242e+02] 11.678724533205417
[-3.49179362e+00 -1.60735826e-01  1.26494890e-01 -1.16420148e+01
  3.49555670e+02] 11.643811429324339
[-3.54797764e+00 -3.72506398e-02 -2.91220205e-01 -1.16595364e+01
  3.50423894e+02] 11.663232267234939
[-3.58889352e+00  2.30179665e-01  1.61119744e-01 -1.18269765e+01
  3.50501826e+02] 11.830313406122825
[-3.53429085e+00  1.07258972e-01  1.10559133e-01 -1.14434457e+01
  3.48734718e+02] 11.444482393587913
[-3.46921601e+00 -4.39566393e-02 -8.69125751e-02 -1.16940650e+01
  3.50991316e+02] 11.694470536303163
[-3.50899544e+00  5.13990690e-02  1.54294072e-01 -1.15657024e+01
  3.48003244e+02] 11.566845744358549
[-3.46940911e+00  4.57127065e-02  1.34460312e-01 -1.14465146e+01
  3.48766615e+02] 11.447395558808203
[-3.47683835e+00 -3.34159122e-01  1.33236207e-02 -1.16293546e+01
  3.51773376e+02] 11.6341621578257
[-3.48095748e+00 -7.35506315e-02  5.47291554e-02 -1.17174023e+01
  3.52061278e+02] 11.717760914375258
[-3.57138547e+00 -2.26641634e-01  2.29891004e-02 -1.15598608e+01
  3.48439605e+02] 11.562105156043922
[-3.47069227e+00  4.96107470e-02 -2.67128671e-02 -1.19255218e+01
  3.50536055e+02] 11.925654876509187
[-3.48403644e+00 -1.18949195e-02 -1.75795257e-01 -1.18652876e+01
  3.51768529e+02] 11.866595742607348
[-3.48371795e+00  2.28664438e-01  9.39323508e-02 -1.15014522e+01
  3.49848547e+02] 11.504108506629828
[-3.55468431e+00 -3.79815985e-01  9.06901256e-02 -1.17476003e+01
  3.49971105e+02] 11.7540885284846
[-3.40310927e+00  7.45147596e-02 -2.55438937e-01 -1.16854599e+01
  3.51419661e+02] 11.688488931481265
[-3.55365531e+00 -6.88591507e-02  1.06412362e-01 -1.17398716e+01
  3.51295845e+02] 11.740555744384396
[-3.49250874e+00 -1.40117260e-02 -1.58629411e-01 -1.15106280e+01
  3.49475360e+02] 11.51172948572976
[-3.49128984e+00 -3.07421999e-02 -5.19148142e-02 -1.16927048e+01
  3.50733928e+02] 11.692860495106846
[-3.56012080e+00 -1.70983990e-01 -1.19435934e-01 -1.15274395e+01
  3.48225000e+02] 11.529326177283243
[-3.50427640e+00 -1.21710814e-01 -5.70182806e-02 -1.20239403e+01
  3.54307419e+02] 12.024691480456317
[-3.51611385e+00 -1.61242423e-01  1.52887395e-01 -1.16624167e+01
  3.49109419e+02] 11.664533331931814
[-3.56210376e+00  1.14445368e-01 -2.83520924e-01 -1.17915852e+01
  3.50602927e+02] 11.795548433284859
[-3.61309324e+00 -2.70931762e-01 -2.36249201e-01 -1.18166305e+01
  3.49262903e+02] 11.82209682625524
[-3.52101258e+00  3.03883927e-01 -1.37934072e-01 -1.15820567e+01
  3.51317887e+02] 11.586863646557186
[-3.56649189e+00  1.44911878e-01 -2.21970762e-02 -1.18246721e+01
  3.52454769e+02] 11.825580889404826
[-3.50259718e+00 -2.45500365e-01 -6.13457215e-02 -1.14460844e+01
  3.47759437e+02] 11.448881263608389
[-3.44760589e+00 -1.01665543e-01 -2.93525019e-01 -1.14473146e+01
  3.48487734e+02] 11.451528480967179
[-3.54336819e+00 -1.88941419e-01 -1.21601875e-01 -1.15081117e+01
  3.49957324e+02] 11.51030499233646
[-3.61490195e+00 -1.80648273e-01 -7.34831794e-02 -1.18143400e+01
  3.50854730e+02] 11.815949499149644
[-3.56926409e+00  4.35207899e-02 -1.12056933e-01 -1.19188774e+01
  3.51244847e+02] 11.919483617810924
[-3.44537081e+00  3.19550053e-01  1.98052059e-01 -1.16588465e+01
  3.51343241e+02] 11.664906294598868
[-3.41756622e+00  2.24916106e-01 -1.21572404e-01 -1.14930683e+01
  3.51345938e+02] 11.495911749074697
[-3.53069076e+00  2.59083764e-01 -2.16928781e-03 -1.16874584e+01
  3.49765771e+02] 11.69032985789899
[-3.52601311e+00  1.35656875e-01  1.11218224e-02 -1.13887395e+01
  3.48672068e+02] 11.38955282795572
[-3.55779153e+00 -3.05282448e-01  2.20031253e-03 -1.17042064e+01
  3.49197511e+02] 11.708187259859134
[-3.48499920e+00 -1.61151918e-01 -1.77812187e-01 -1.17697148e+01
  3.51541555e+02] 11.772160959873997
[-3.49200840e+00  8.22512464e-02  1.10909277e-01 -1.16739305e+01
  3.51706413e+02] 11.674747111826056
[-3.51398930e+00  3.99364293e-01  9.18123195e-02 -1.16277860e+01
  3.52244675e+02] 11.635004431322788
[-3.48452681e+00  9.76491569e-02 -3.30532604e-01 -1.17606862e+01
  3.51207509e+02] 11.765735298417239
[-3.48758144e+00 -7.88284880e-02  2.69510924e-02 -1.17523749e+01
  3.47706725e+02] 11.752670179520278
[-3.50178065e+00  1.22135646e-01 -4.02193740e-03 -1.15819766e+01
  3.50632799e+02] 11.58262126789144
[-3.57754480e+00 -8.74130256e-02  9.69956627e-03 -1.16157514e+01
  3.48734314e+02] 11.61608439155795
[-3.51188484e+00  3.41705138e-01  1.09407097e-01 -1.15718894e+01
  3.50621221e+02] 11.577450315467075
[-3.49539483e+00 -4.20113294e-01 -4.34885874e-02 -1.16849150e+01
  3.52710521e+02] 11.69254565831266
[-3.51234264e+00  5.99679752e-02 -1.86322769e-01 -1.16682311e+01
  3.49903178e+02] 11.669872733619036
[-3.54290806e+00 -2.05578245e-01 -2.94019095e-02 -1.16807261e+01
  3.50271880e+02] 11.682572010781385
[-3.59167457e+00  2.10544791e-01 -1.13866176e-01 -1.16221614e+01
  3.49000393e+02] 11.624625989636678
[-3.49595668e+00  1.21307139e-01  2.32633105e-01 -1.16416670e+01
  3.49665786e+02] 11.644622962101105
[-3.55085097e+00 -3.18410189e-01  1.98189654e-01 -1.18124446e+01
  3.50529514e+02] 11.818397203973861
[-3.49136018e+00 -1.29200258e-01 -4.24578996e-02 -1.15521328e+01
  3.48377288e+02] 11.552933279173132
[-3.54125980e+00 -3.16052138e-01  3.01919080e-01 -1.16217296e+01
  3.49248807e+02] 11.629945913369207
[-3.59691305e+00 -6.25455886e-02 -4.42629125e-02 -1.16654048e+01
  3.47832044e+02] 11.665656430016286
[-3.52656803e+00 -2.02919683e-02 -1.93504718e-01 -1.16035546e+01
  3.50762086e+02] 11.6051857314115
[-3.54779903e+00  4.27767219e-02  7.05705318e-02 -1.16606631e+01
  3.51664412e+02] 11.660955087774546
[-3.59291748e+00  2.96783480e-01  9.15636497e-02 -1.16685399e+01
  3.48011462e+02] 11.672672652379935
[-3.51234880e+00  1.22716394e-01 -3.88051485e-01 -1.14893139e+01
  3.49209497e+02] 11.496520202717551
[-3.51966644e+00  5.93999848e-02 -2.20962466e-01 -1.18507706e+01
  3.53535837e+02] 11.852979193611793
[-3.55834093e+00  2.51863632e-02 -1.48348227e-01 -1.18026376e+01
  3.51186966e+02] 11.803596730508582
[-3.50141848e+00  1.42985795e-01 -5.47799239e-02 -1.14024994e+01
  3.48954524e+02] 11.403527455675079
[-3.50256222e+00  3.11729934e-02 -8.09139173e-02 -1.13605564e+01
  3.47342279e+02] 11.360887282071856
[-3.49757488e+00 -1.08868235e-01  1.23851028e-01 -1.15805239e+01
  3.49083895e+02] 11.581697821386317
[-3.57186877e+00  1.72840401e-03 -1.65496316e-01 -1.16289682e+01
  3.49434407e+02] 11.63014592774471
[-3.50014089e+00 -1.25172059e-02  1.72672021e-02 -1.16170835e+01
  3.49401365e+02] 11.617103034513455
[-3.50693216e+00  3.60476155e-02 -5.65507141e-02 -1.16245478e+01
  3.51143239e+02] 11.624741238353021
[-3.43254596e+00 -1.32427647e-01 -1.52780438e-01 -1.14054267e+01
  3.48414171e+02] 11.407218659765856
[-3.54028464e+00  7.84823648e-02 -1.78910275e-01 -1.16150561e+01
  3.48940906e+02] 11.616699087561708
[-3.48711429e+00  2.04309020e-01 -2.11872798e-01 -1.16597152e+01
  3.49758126e+02] 11.66342963218156
[-3.49530212e+00 -2.48097506e-01 -9.23357087e-02 -1.17715923e+01
  3.51590037e+02] 11.774568534875721
[-3.44052979e+00 -1.61911185e-02 -1.17128691e-01 -1.17573988e+01
  3.52622955e+02] 11.757993312789011
[-3.43172994e+00 -2.58207085e-01 -9.47993532e-03 -1.15015440e+01
  3.48237352e+02] 11.504445920794472
[-3.57898915e+00  2.08502229e-01 -1.64426311e-01 -1.17541548e+01
  3.49406578e+02] 11.75715376122649
[-3.56633929e+00  5.47435052e-03  1.34193470e-02 -1.17943679e+01
  3.50138930e+02] 11.794376759854584
[-3.51471486e+00  1.79199355e-01  2.03131508e-01 -1.16707975e+01
  3.51041477e+02] 11.673940581336264
[-3.47575093e+00 -3.43069325e-02  1.84178902e-01 -1.12482141e+01
  3.47737917e+02] 11.249774210435808
[-3.48620304e+00  6.79447091e-02  9.79193632e-02 -1.17336883e+01
  3.50250181e+02] 11.734293571578785
[-3.48876053e+00 -3.44761690e-01  1.01781776e-01 -1.15962193e+01
  3.48909270e+02] 11.601789609191309
[-3.49807533e+00  1.70300832e-01 -1.02881282e-02 -1.13849305e+01
  3.49648664e+02] 11.386208832339065
[-3.48368559e+00  2.57177905e-02  2.04342235e-01 -1.15868658e+01
  3.51777053e+02] 11.58869608718673
[-3.49169139e+00  3.55430823e-02  2.07907644e-01 -1.15555616e+01
  3.50605394e+02] 11.557486403773284
[-3.54461508e+00 -3.78504371e-02  4.12526716e-02 -1.18204635e+01
  3.51800981e+02] 11.820596039477165
[-3.49927757e+00 -1.61934094e-01 -1.60113763e-03 -1.17445551e+01
  3.51067175e+02] 11.745671524583033
[-3.48785857e+00 -1.48109423e-01 -3.17792501e-01 -1.13842485e+01
  3.48645146e+02] 11.38964627565711
[-3.56686512e+00  1.74023057e-01  3.31401896e-01 -1.14933687e+01
  3.48374592e+02] 11.499462405624614
[-3.59365463e+00 -2.34762339e-01 -2.64915456e-01 -1.16460214e+01
  3.49241510e+02] 11.651399379035801
[-3.58473592e+00 -1.66016561e-01 -5.73189274e-02 -1.20052169e+01
  3.53158402e+02] 12.00650157142591
[-3.51735538e+00  3.24646991e-02 -1.68660249e-01 -1.17371415e+01
  3.52050244e+02] 11.738398118989359
[-3.52524906e+00 -2.68467113e-01  5.79483704e-03 -1.13458181e+01
  3.49195373e+02] 11.348995414063722
[-3.50314444e+00  1.70796462e-01  2.66979529e-02 -1.17130825e+01
  3.51862150e+02] 11.71435813800862
[-3.54827875e+00  6.54453272e-02 -2.13472179e-02 -1.17260656e+01
  3.49822300e+02] 11.726267645562857
[-3.57334965e+00 -2.30385100e-01  3.40181119e-01 -1.16728448e+01
  3.49928462e+02] 11.680073011833015
[-3.45423492e+00  2.30394739e-02 -1.70354498e-01 -1.14870786e+01
  3.49955918e+02] 11.488364791251211
[-3.45512383e+00  2.26839176e-01 -8.90880040e-02 -1.16889022e+01
  3.52647037e+02] 11.691442433400189
[-3.54799132e+00 -1.69687785e-01 -6.02796427e-01 -1.14654276e+01
  3.49319215e+02] 11.48251661113579
[-3.49891726e+00 -1.78354168e-01  4.50683432e-01 -1.16460347e+01
  3.50500986e+02] 11.656116388059054
[-3.57117455e+00 -3.81198596e-02 -2.82462692e-01 -1.17077762e+01
  3.49464413e+02] 11.711245055816033
[-3.49649707e+00  4.23649880e-03 -7.98222073e-02 -1.16797832e+01
  3.51412167e+02] 11.680056769894708
[-3.53395372e+00 -3.62420579e-02  5.27084487e-02 -1.17349301e+01
  3.53500823e+02] 11.735104422833707
[-3.45374771e+00 -2.82680810e-01 -1.61614140e-02 -1.13665126e+01
  3.47811225e+02] 11.370038632159114
[-3.54498709e+00  1.38354447e-01 -1.43493791e-01 -1.15007627e+01
  3.48814991e+02] 11.50248994019304
[-3.52129690e+00  3.14760354e-01 -3.99830625e-02 -1.17588170e+01
  3.52203777e+02] 11.763096989408744
[-3.50418650e+00  7.29808151e-02  4.13016827e-01 -1.15792987e+01
  3.49839201e+02] 11.586892100044649
[-3.57397272e+00 -1.13267772e-01  1.42004890e-01 -1.15034115e+01
  3.47899327e+02] 11.504845529080049
[-3.54898176e+00 -1.38743813e-02  4.52643974e-01 -1.17840328e+01
  3.51251444e+02] 11.792731165136582
[-3.54274872e+00  3.17572624e-01 -1.92740156e-01 -1.18184349e+01
  3.52042128e+02] 11.824271801045619
[-3.52817109e+00  1.89319321e-01 -6.62537873e-02 -1.17409325e+01
  3.51903112e+02] 11.742645671657568
[-3.49699870e+00 -8.53217003e-02 -9.77004968e-02 -1.16297454e+01
  3.50042159e+02] 11.63046879175262
[-3.49003119e+00 -1.98199669e-01 -1.58749736e-01 -1.17555968e+01
  3.49894978e+02] 11.758339155385233
[-3.57071490e+00 -1.44240598e-01 -7.72209035e-02 -1.17930655e+01
  3.51369607e+02] 11.794200381379813
[-3.60500530e+00 -1.53038311e-01 -3.44082445e-02 -1.16502287e+01
  3.48593683e+02] 11.651284633186512
[-3.54612371e+00  9.67441343e-02 -1.31573505e-01 -1.20055990e+01
  3.54479569e+02] 12.006709757253853
[-3.53418988e+00  4.73690709e-02  2.88406514e-01 -1.16475531e+01
  3.49768739e+02] 11.65121944304914
[-3.46659490e+00 -1.63190737e-01  1.18653390e-01 -1.16841448e+01
  3.51063143e+02] 11.685886725589357
[-3.43831394e+00 -2.87901294e-01 -2.74908771e-01 -1.15616799e+01
  3.50553880e+02] 11.568530770592258
[-3.53142040e+00  3.53339362e-01 -2.37211624e-01 -1.13358001e+01
  3.47548792e+02] 11.343786001747281
[-3.62153345e+00 -2.67271147e-02  4.22934371e-02 -1.13955106e+01
  3.47028841e+02] 11.395620451855624
[-3.55390294e+00  2.17884047e-01  5.49002741e-02 -1.14408774e+01
  3.48837168e+02] 11.443083667025492
[-3.50460011e+00 -1.23897397e-01 -6.17368216e-02 -1.18705450e+01
  3.53532747e+02] 11.871352103039643
[-3.48766251e+00 -1.13557555e-01 -9.12190462e-02 -1.16145551e+01
  3.50131972e+02] 11.615468452438435
[-3.45817444e+00 -2.40712871e-01 -2.75951292e-01 -1.18057288e+01
  3.50778541e+02] 11.811406492679733
[-3.49341277e+00  1.75117469e-01 -9.68523999e-02 -1.16921477e+01
  3.49909977e+02] 11.693860084808104
[-3.51881746e+00 -1.42473690e-01 -2.70385564e-01 -1.14346667e+01
  3.48707745e+02] 11.438750332624796
[-3.50623781e+00 -2.53415111e-01 -2.13270190e-02 -1.18086697e+01
  3.50411943e+02] 11.811407759762316
[-3.47072254e+00  7.29561283e-02 -1.36268902e-01 -1.15489761e+01
  3.50802723e+02] 11.55001046127531
[-3.49324680e+00 -2.06595114e-02  3.10639957e-01 -1.15746216e+01
  3.49561350e+02] 11.578807807872142
[-3.54998366e+00 -4.81003244e-02 -3.81834989e-02 -1.18069584e+01
  3.51272548e+02] 11.807118154521772
[-3.47016279e+00 -3.55921899e-03  2.82392426e-01 -1.16766240e+01
  3.53739832e+02] 11.680038830894208
[-3.53776485e+00  1.04714197e-01 -3.88730945e-02 -1.17284748e+01
  3.49436571e+02] 11.729006667196993
[-3.49077114e+00 -7.39407929e-02  2.30625440e-01 -1.17383753e+01
  3.48846849e+02] 11.740873467009525
[-3.49942624e+00 -2.16014965e-01 -3.05744475e-01 -1.16009048e+01
  3.49217598e+02] 11.606943403619011
[-3.56919608e+00  1.09081192e-01 -1.42605474e-02 -1.18319313e+01
  3.52291171e+02] 11.832442678733063
[-3.49325582e+00  5.48017828e-03 -1.00322224e-01 -1.19083004e+01
  3.51095379e+02] 11.908724230727906
[-3.42326117e+00 -6.24272120e-02  9.29164892e-03 -1.14946097e+01
  3.49581915e+02] 11.494782932992162
[-3.66245769e+00 -3.05740471e-01  1.09152514e-01 -1.17890240e+01
  3.49356239e+02] 11.793493044780412
[-3.46777931e+00  9.38278718e-02 -1.68524902e-01 -1.14511782e+01
  3.49362879e+02] 11.452802553839586
[-3.49970859e+00  2.63446633e-01  2.72443958e-01 -1.16046682e+01
  3.50142723e+02] 11.610854977208767
[-3.55074721e+00  9.93239137e-02 -2.64712836e-01 -1.18422816e+01
  3.51622135e+02] 11.845656221960322
[-3.46965284e+00  6.94748406e-02 -2.94543993e-02 -1.15628110e+01
  3.51076623e+02] 11.563057259618303
[-3.48457453e+00  4.60524882e-02  1.32808787e-01 -1.18463699e+01
  3.51558145e+02] 11.847203816230282
[-3.50794241e+00 -1.03559807e-03 -2.59254033e-02 -1.14647899e+01
  3.46427696e+02] 11.464819239379587
[-3.54454440e+00 -1.12881173e-01 -1.38838767e-01 -1.13114487e+01
  3.48362172e+02] 11.312863965969852
[-3.49850113e+00 -5.31810141e-02  1.25353520e-02 -1.16226955e+01
  3.49129378e+02] 11.622823959088345
[-3.48112434e+00 -2.81768068e-02  1.64947507e-01 -1.13225501e+01
  3.47823004e+02] 11.323786587528781
[-3.47871328e+00 -1.63999751e-01 -1.49652740e-01 -1.19251713e+01
  3.52478450e+02] 11.927237877376767
[-3.52852199e+00 -1.78247831e-01  4.30524978e-01 -1.15929416e+01
  3.49325152e+02] 11.602302320500161
[-3.47746816e+00 -1.02921922e-02 -4.99286304e-03 -1.16975788e+01
  3.51709775e+02] 11.697584373473038
[-3.52747604e+00  1.56649960e-01 -2.07540577e-01 -1.19522274e+01
  3.51505448e+02] 11.955055463063172
[-3.44561062e+00  4.21388784e-02  2.05844121e-02 -1.15885562e+01
  3.50572187e+02] 11.588651082298657
[-3.47363603e+00  5.40210016e-02 -5.54539592e-02 -1.15895515e+01
  3.50700556e+02] 11.589810092320784
[-3.49521737e+00 -1.89521003e-01  2.96667413e-01 -1.15437869e+01
  3.50656819e+02] 11.549153430050772
[-3.57378208e+00 -3.59878068e-01 -1.66137407e-01 -1.15262832e+01
  3.46650404e+02] 11.533096692039713
[-3.49016614e+00 -6.72311803e-02  1.12544471e-01 -1.17591388e+01
  3.52352475e+02] 11.759869554834317
[-3.48536326e+00  1.96492711e-03 -1.92806972e-01 -1.15253003e+01
  3.47373461e+02] 11.526913128979773
[-3.46218651e+00 -5.24279333e-02  1.06299293e-01 -1.14868295e+01
  3.50012826e+02] 11.487440953498755
[-3.54181605e+00  2.07912504e-02  5.80808961e-02 -1.17835100e+01
  3.51244829e+02] 11.783671481031012
[-3.57011072e+00 -2.11185554e-02  1.84340965e-01 -1.13243934e+01
  3.48869000e+02] 11.325913314485433
[-3.51816790e+00  6.78321766e-02  1.58011018e-02 -1.17489641e+01
  3.52371953e+02] 11.749170567236883
[-3.41425276e+00  4.85961862e-02 -2.07008919e-01 -1.15278640e+01
  3.50074783e+02] 11.529824881788961
[-3.48298946e+00 -7.15620633e-02  1.26898408e-01 -1.15215670e+01
  3.49712731e+02] 11.522488015289772
[-3.69272395e+00  3.78260320e-01  3.23339535e-01 -1.15227729e+01
  3.45562933e+02] 11.533513079461555
[-3.47249013e+00  5.20612229e-03  2.44923254e-01 -1.19462617e+01
  3.53592322e+02] 11.948773283533397
[-3.44184468e+00 -2.25426101e-03  2.04276540e-01 -1.16953013e+01
  3.52571604e+02] 11.697085342963412
[-3.52382197e+00 -2.37987493e-01 -2.83571601e-02 -1.16232810e+01
  3.50788070e+02] 11.62575173121285
[-3.55979735e+00 -3.06241810e-02  7.86890823e-02 -1.19081714e+01
  3.51547384e+02] 11.908470786835903
[-3.50713350e+00 -1.84719162e-02  3.21101749e-02 -1.17406070e+01
  3.51511511e+02] 11.740665439970007
[-3.49676323e+00  3.18603696e-01  8.27871609e-02 -1.14212630e+01
  3.50260844e+02] 11.42600591445869
[-3.48133970e+00  3.87663603e-01 -2.01028237e-02 -1.16887566e+01
  3.51232138e+02] 11.695200607435998
[-3.58275581e+00  9.71908341e-02 -2.53511760e-01 -1.16537046e+01
  3.47313480e+02] 11.656866844127297
[-3.48940280e+00 -5.02512690e-02 -2.29099282e-01 -1.17474663e+01
  3.50541781e+02] 11.749807486988463
[-3.55379314e+00  3.09400142e-02 -1.28132321e-01 -1.17124459e+01
  3.50023935e+02] 11.713187604217895
[-3.49773472e+00  8.75354607e-02  6.48687884e-02 -1.13810551e+01
  3.46706754e+02] 11.381576578433302
[-3.50403996e+00 -2.32090030e-01 -4.15363287e-03 -1.18345774e+01
  3.51721507e+02] 11.83685367080624
[-3.45921147e+00  1.61115197e-01 -1.29836547e-01 -1.15552420e+01
  3.47303082e+02] 11.5570945061682
[-3.51598011e+00  1.61725177e-02 -5.42589120e-02 -1.18039490e+01
  3.52546556e+02] 11.804084827783488
[-3.55839621e+00 -4.59906623e-02  4.63710934e-02 -1.16866929e+01
  3.49884130e+02] 11.686875379520956
[-3.48828549e+00  6.78837943e-02  1.50683977e-01 -1.16505594e+01
  3.49188769e+02] 11.651731567020683
[-3.46279224e+00  1.22237606e-01  4.53784418e-02 -1.17947121e+01
  3.50471781e+02] 11.795432827613071
[-3.61310927e+00  5.63450102e-02 -2.97636124e-01 -1.14709502e+01
  3.47527325e+02] 11.474949217318983
[-3.54838781e+00 -2.70007957e-01 -8.41073931e-02 -1.14853149e+01
  3.45715955e+02] 11.48879614755869
[-3.53009957e+00  1.94919987e-01 -1.50798284e-01 -1.16509704e+01
  3.49945447e+02] 11.653576492300274
[-3.43375741e+00  1.08842249e-01  4.55539528e-02 -1.14506753e+01
  3.49788186e+02] 11.451283199907632
[-3.50111909e+00 -5.82300979e-02  1.60609529e-01 -1.18238595e+01
  3.50768445e+02] 11.825093667533041
[-3.48974143e+00  5.61684159e-02  3.39941835e-02 -1.16714797e+01
  3.48333540e+02] 11.671664337381099
[-3.47342149e+00 -2.57897054e-01 -4.22887034e-01 -1.18979910e+01
  3.51378550e+02] 11.908296903831742
[-3.54174711e+00 -1.47703769e-01  2.40895747e-01 -1.18079230e+01
  3.49765680e+02] 11.81130358717812
[-3.50153252e+00 -1.33883071e-01 -1.20478480e-01 -1.16346763e+01
  3.51004598e+02] 11.636070291131182
[-3.41308430e+00  1.16621113e-01 -2.92989713e-01 -1.16661993e+01
  3.51920292e+02] 11.67046060209704
[-3.47419722e+00  9.43783098e-02  2.35398421e-02 -1.11990127e+01
  3.47610740e+02] 11.199435121392742
[-3.46328878e+00 -1.95498819e-01 -1.08437588e-01 -1.16114280e+01
  3.48291425e+02] 11.613579933999185
[-3.38157849e+00  1.01296362e-01 -2.32461281e-01 -1.14660433e+01
  3.50278961e+02] 11.468846902083836
[-3.49749143e+00 -7.05783323e-02 -2.02545080e-02 -1.16088129e+01
  3.47938002e+02] 11.609045093129296
[-3.48237590e+00  5.11581179e-02 -2.40559865e-01 -1.18946323e+01
  3.53244942e+02] 11.897174636801948
[-3.50664036e+00  9.06112074e-02  2.70722812e-01 -1.15597944e+01
  3.49946608e+02] 11.56331910738576
[-3.44996526e+00  1.64321068e-01 -2.08517714e-01 -1.14811872e+01
  3.48299236e+02] 11.484256168997799
[-3.53717785e+00  1.48680955e-01  3.40510154e-02 -1.13928728e+01
  3.48681152e+02] 11.393893844987767
[-3.57625051e+00  4.76920348e-01 -3.16992836e-01 -1.14277102e+01
  3.49386549e+02] 11.442049555696883
[-3.45344469e+00  5.65411213e-02  3.09866807e-02 -1.14216763e+01
  3.48110741e+02] 11.421858288307359
[-3.45507040e+00  3.18187133e-02 -2.12222097e-01 -1.16077223e+01
  3.50202235e+02] 11.609705739801218
[-3.48049786e+00 -2.45960473e-02  1.97162781e-01 -1.16267196e+01
  3.50031627e+02] 11.628417256770422
[-3.47670256e+00  2.85219093e-01 -4.33607991e-01 -1.14799530e+01
  3.49605387e+02] 11.491678977893546
[-3.56403052e+00 -2.21967536e-01  5.66194282e-02 -1.14582773e+01
  3.47724462e+02] 11.460566958087583
[-3.54798382e+00 -1.98138612e-01 -3.80756243e-02 -1.17496214e+01
  3.50210612e+02] 11.751353574373057
[-3.52596489e+00 -4.47510742e-02  2.69250871e-01 -1.16523715e+01
  3.50804052e+02] 11.6555677568072
[-3.56909484e+00 -9.88715810e-02 -2.47623938e-02 -1.17126704e+01
  3.49289653e+02] 11.71311388376978
[-3.49931065e+00  1.97502447e-01 -5.02209636e-01 -1.15350053e+01
  3.50179173e+02] 11.547621788207957
[-3.54548769e+00 -2.53261196e-01  4.06876738e-02 -1.18581969e+01
  3.52591180e+02] 11.86097084716164
[-3.47808387e+00  3.86962401e-01 -9.87508539e-02 -1.18335466e+01
  3.51730547e+02] 11.840283688930247
[-3.49677838e+00 -1.83631318e-01  2.84708331e-02 -1.16543252e+01
  3.50057615e+02] 11.65580658323634
[-3.45096742e+00  2.04784559e-01  2.87624217e-01 -1.17624586e+01
  3.51951071e+02] 11.7677566157245
[-3.53717067e+00 -1.08898255e-01  2.33902546e-01 -1.14815927e+01
  3.48008518e+02] 11.48449128159075
[-3.44760354e+00  4.53770219e-02 -6.16809821e-04 -1.15885095e+01
  3.50636516e+02] 11.588598392652141
[-3.44808920e+00  6.56825801e-03 -1.51709599e-01 -1.16481454e+01
  3.49828461e+02] 11.649135193277642
[-3.50985898e+00 -2.11736366e-01 -4.81385855e-02 -1.14600685e+01
  3.46640367e+02] 11.462125441522211
[-3.52489002e+00 -1.69190686e-01  9.10132932e-02 -1.15510029e+01
  3.48663998e+02] 11.552600487932294
[-3.43657968e+00 -5.84888218e-03  5.36233453e-02 -1.17044106e+01
  3.49851357e+02] 11.704534872566152
[-3.59630630e+00  3.72519751e-01  8.69679037e-02 -1.16814779e+01
  3.51764895e+02] 11.687739783530613
[-3.56720351e+00 -1.20049493e-01  1.22138259e-01 -1.15030476e+01
  3.48336535e+02] 11.504322343885393
[-3.51011168e+00 -2.15291643e-01  5.57324700e-02 -1.18061287e+01
  3.52333362e+02] 11.80822306712241
[-3.53943860e+00  2.84505678e-02 -7.51685241e-02 -1.15461036e+01
  3.50796000e+02] 11.54638334322648
[-3.50336571e+00  1.15297802e-01  1.24703713e-01 -1.17991419e+01
  3.49648022e+02] 11.800364120193887
[-3.52356124e+00 -4.73727892e-02 -2.11357732e-01 -1.16202053e+01
  3.49412877e+02] 11.622223850808991
[-3.50491253e+00  4.94442220e-02 -8.94365047e-02 -1.16537066e+01
  3.51750657e+02] 11.654154630645559
[-3.51448309e+00 -2.26696192e-01 -1.18135692e-02 -1.18365893e+01
  3.49071820e+02] 11.838765818574057
[-3.41530743e+00  9.79803167e-02 -1.79928123e-01 -1.16991367e+01
  3.51333965e+02] 11.70093044784837
[-3.56489323e+00  9.12098478e-02  3.42076407e-02 -1.18614230e+01
  3.51084598e+02] 11.861823038574402
[-3.52314112e+00  1.29298790e-01 -3.18355573e-01 -1.16977789e+01
  3.50302307e+02] 11.702824411610125
[-3.42664083e+00 -3.48037137e-01  3.96200851e-01 -1.16873033e+01
  3.52203780e+02] 11.699194939537234
[-3.47621246e+00  1.29631375e-01  3.32155284e-01 -1.16194608e+01
  3.49290437e+02] 11.624930110937942
[-3.55752690e+00 -4.61403198e-01 -1.75307770e-01 -1.16640611e+01
  3.51272571e+02] 11.67449981953822
[-3.49864762e+00 -3.34105642e-01 -5.18184188e-02 -1.17596940e+01
  3.52978251e+02] 11.764553356099473
[-3.42669298e+00 -5.62830380e-01  1.29187922e-01 -1.13648611e+01
  3.46694173e+02] 11.379522664407057
[-3.48534880e+00  5.78174433e-02  1.91169754e-01 -1.14680408e+01
  3.46644249e+02] 11.469779831426182
[-3.56868901e+00  5.39224031e-02 -1.75260632e-01 -1.15848548e+01
  3.47186470e+02] 11.586305901321088
[-3.53675074e+00 -9.30072077e-02  2.06616661e-01 -1.16840284e+01
  3.49942052e+02] 11.686225258389968
[-3.60514366e+00 -5.01196154e-01 -1.63935395e-01 -1.15450870e+01
  3.49914229e+02] 11.557123600963955
[-3.57326885e+00  1.24665088e-01 -3.52617822e-02 -1.17392148e+01
  3.49376085e+02] 11.739929638705567
[-3.46980952e+00 -3.02314939e-02  1.46834511e-01 -1.17287283e+01
  3.51635470e+02] 11.729686337582532
[-3.51758068e+00  1.50760199e-01  2.15729247e-01 -1.16814810e+01
  3.50480738e+02] 11.684445457233096
[-3.54068073e+00  2.70225664e-01 -6.81027983e-03 -1.16191336e+01
  3.49176740e+02] 11.622277461085723
[-3.53366331e+00  2.89319924e-01  5.59336065e-02 -1.17271495e+01
  3.52121121e+02] 11.730851189408648
[-3.47718611e+00 -2.35128974e-01  2.19594802e-01 -1.16892918e+01
  3.51409595e+02] 11.693718388823527
[-3.49282715e+00  2.64197533e-02 -5.02060935e-02 -1.17135873e+01
  3.51080191e+02] 11.713724707943415
[-3.53847537e+00 -1.51840785e-01  2.36128868e-02 -1.15912323e+01
  3.48495665e+02] 11.592250880288331
[-3.47255844e+00  2.45188627e-01 -1.06396212e-01 -1.17367271e+01
  3.52369811e+02] 11.739770078470874
[-3.47260372e+00  6.57471775e-03  6.12923413e-02 -1.12923400e+01
  3.48673484e+02] 11.292508291515233
[-3.51829667e+00 -4.34089333e-03  1.29746574e-01 -1.17221185e+01
  3.51646059e+02] 11.722837361255788
[-3.49011605e+00 -6.29493207e-03 -3.19489447e-02 -1.17045029e+01
  3.52383371e+02] 11.704548164664674
[-3.62639005e+00  4.89984631e-01 -2.44401002e-01 -1.18021159e+01
  3.50081099e+02] 11.814810862151344
[-3.53720015e+00 -3.83450884e-01  7.57220877e-02 -1.16558526e+01
  3.49070818e+02] 11.662404017552372
[-3.54506679e+00 -8.62861050e-02 -1.82435640e-01 -1.19642638e+01
  3.53460133e+02] 11.965965738821987
[-3.49172647e+00  1.47694004e-01  1.92234357e-01 -1.17237815e+01
  3.50462358e+02] 11.72628756333547
[-3.49675278e+00 -1.00650074e-01 -1.60700456e-01 -1.16537142e+01
  3.51361398e+02] 11.655256731859428
[-3.54241778e+00  1.05244656e-01  1.17417098e-01 -1.16158132e+01
  3.50615434e+02] 11.61688333200851
[-3.57519748e+00 -2.51381571e-02  2.74885823e-01 -1.16722798e+01
  3.48851849e+02] 11.675543218153578
[-3.48752245e+00 -2.07168900e-01  1.85898768e-01 -1.13813566e+01
  3.47092337e+02] 11.384759824035756
[-3.47532064e+00  1.64278762e-01  2.11014786e-02 -1.15282948e+01
  3.49841803e+02] 11.529484506923975
[-3.51451012e+00  2.21526084e-01  1.57570090e-01 -1.14054119e+01
  3.47839045e+02] 11.40865123233942
[-3.48023778e+00 -2.19413576e-02 -3.49623869e-01 -1.16474981e+01
  3.48665047e+02] 11.65276490743127
[-3.49914147e+00  1.78033793e-01 -9.99126719e-02 -1.16298063e+01
  3.48934815e+02] 11.631598001140857
[-3.47965735e+00  7.29635338e-02  5.10793312e-02 -1.11590758e+01
  3.43897750e+02] 11.159431195702606
[-3.49800452e+00 -1.41545414e-01  8.65945638e-02 -1.13547052e+01
  3.47682886e+02] 11.355917616581982
[-3.54357896e+00 -2.09690108e-01 -3.29047683e-02 -1.18052086e+01
  3.50718955e+02] 11.807116568105837
[-3.44083432e+00  2.36970358e-01 -2.12935921e-01 -1.17051444e+01
  3.50319617e+02] 11.709479116977034
[-3.58373113e+00 -7.11016813e-02  9.92375471e-02 -1.17000403e+01
  3.49812258e+02] 11.70067717899371
[-3.36402400e+00  3.10009226e-01  8.79404766e-02 -1.15013486e+01
  3.50459218e+02] 11.50586196062358
[-3.61805162e+00 -4.77758947e-02 -9.47137262e-02 -1.15437305e+01
  3.46546270e+02] 11.544217923892337
[-3.52947844e+00  2.02378928e-01  2.71774219e-01 -1.14025685e+01
  3.47399431e+02] 11.407602108893908
[-3.54386394e+00 -1.43082112e-01  4.71759211e-02 -1.16060385e+01
  3.50409852e+02] 11.60701636411292
[-3.57257376e+00 -1.42856105e-01 -9.08190535e-02 -1.18759124e+01
  3.50865912e+02] 11.877118775134596
[-3.49687971e+00 -4.07932801e-02 -1.46926269e-01 -1.15995700e+01
  3.51167841e+02] 11.600572224325681
[-3.53012546e+00 -1.34930804e-01 -2.36800803e-02 -1.18245708e+01
  3.52599316e+02] 11.825364321916148
[-3.48415747e+00  4.57210064e-03  7.67719788e-02 -1.17060642e+01
  3.53054633e+02] 11.706316828085624
[-3.50589336e+00 -1.65527258e-02 -8.77664637e-02 -1.16671737e+01
  3.50926106e+02] 11.667515512662765
[-3.51970581e+00 -1.93603133e-01 -3.88442066e-01 -1.17052077e+01
  3.51135425e+02] 11.713251335489616
[-3.62745579e+00  2.15633780e-01  2.01000055e-01 -1.14739811e+01
  3.45556689e+02] 11.477767257977495
[-3.46412847e+00 -3.05799309e-02  1.56453234e-01 -1.16238360e+01
  3.48537139e+02] 11.624929059551445
[-3.54106650e+00 -3.71190963e-02  2.53334963e-02 -1.15386066e+01
  3.50374162e+02] 11.538694101458507
[-3.46992145e+00 -1.68923858e-02 -1.62905819e-01 -1.17301060e+01
  3.52159769e+02] 11.73124929844579
[-3.52497563e+00  8.37486739e-02 -5.73371178e-02 -1.18123334e+01
  3.49970027e+02] 11.812769456562666
[-3.55502554e+00  1.89583295e-01  6.28418046e-02 -1.16090905e+01
  3.50492205e+02] 11.610808481778184
[-3.51878566e+00 -4.11314058e-01 -1.91008367e-03 -1.17221583e+01
  3.49873183e+02] 11.729372489815123
[-3.48306718e+00  2.05187517e-01 -9.81779484e-02 -1.13781832e+01
  3.47047616e+02] 11.380456655457147
[-3.62187710e+00 -3.83757739e-01  8.38639715e-02 -1.15570172e+01
  3.47370030e+02] 11.563691034733568
[-3.53728878e+00 -6.75007536e-02 -1.97356214e-01 -1.13940331e+01
  3.49016657e+02] 11.395942067469576
[-3.55394937e+00 -3.23995854e-02 -8.50228819e-03 -1.17446056e+01
  3.50242934e+02] 11.744653371959213
[-3.54469474e+00 -3.17666933e-01 -2.52073902e-02 -1.16139570e+01
  3.47536895e+02] 11.618327935716003
[-3.47133325e+00 -1.98585229e-01  2.20058305e-01 -1.14700790e+01
  3.49864326e+02] 11.473908431201002
[-3.46788533e+00 -3.76107342e-02 -9.23956112e-02 -1.16213412e+01
  3.51820721e+02] 11.621769391604628
[-3.57185682e+00 -1.96545043e-02 -1.66678098e-01 -1.15366939e+01
  3.47450793e+02] 11.537914664607028
[-3.62882544e+00 -2.92618546e-01  1.79272284e-01 -1.16221279e+01
  3.49475252e+02] 11.627193215956227
[-3.52284214e+00 -1.05990605e-01  2.03670575e-02 -1.16985585e+01
  3.51734368e+02] 11.699056350319463
[-3.58502448e+00 -1.25607133e-01  1.40756589e-01 -1.15940094e+01
  3.48024564e+02] 11.595544125806232
[-3.51866855e+00  2.43086026e-01 -1.37781879e-01 -1.14926889e+01
  3.49351840e+02] 11.496085151469062
[-3.46498219e+00  1.98566781e-01  1.73607291e-01 -1.17151892e+01
  3.51886716e+02] 11.718158007426378
[-3.52364898e+00  8.92942810e-02  2.13228174e-01 -1.15626738e+01
  3.49333079e+02] 11.564984395984316
[-3.46983773e+00  1.23150693e-01 -2.01960272e-01 -1.17545234e+01
  3.49011347e+02] 11.756903232786822
[-3.58325917e+00  5.48092387e-01 -5.94820282e-02 -1.17110379e+01
  3.51104410e+02] 11.724007491543741
[-3.54734960e+00  1.81502878e-02 -1.56131007e-01 -1.15343413e+01
  3.50836620e+02] 11.535412272799432
[-3.60667190e+00  2.32747315e-01 -1.29785209e-01 -1.16077853e+01
  3.48367547e+02] 11.610843828436488
[-3.50374412e+00  1.87964565e-01  1.73532073e-01 -1.16351137e+01
  3.49153585e+02] 11.63792575886715
[-3.52710024e+00  1.77438644e-01  1.51887213e-01 -1.16683225e+01
  3.51169605e+02] 11.670659993446922
[-3.53935115e+00  4.96349056e-02  9.42526241e-02 -1.18071451e+01
  3.52637033e+02] 11.807625653621864
[-3.47910511e+00 -2.10381347e-01 -1.67713381e-02 -1.16076004e+01
  3.51028463e+02] 11.609518920441618
[-3.60034144e+00 -1.76689027e-01  1.63590370e-01 -1.18010688e+01
  3.51725160e+02] 11.803525116465414
[-3.48109955e+00  3.26936502e-02 -8.47170263e-02 -1.15525786e+01
  3.49120805e+02] 11.55293547099139
[-3.56085077e+00  9.88091464e-02 -2.09404394e-01 -1.18632492e+01
  3.52431848e+02] 11.865508612080928
[-3.50927932e+00 -1.12410874e-01 -1.21414057e-01 -1.17683300e+01
  3.50587112e+02] 11.769493163998924
[-3.50317794e+00  1.09082553e-01 -5.28785073e-02 -1.17976540e+01
  3.51492310e+02] 11.798276825549287
[-3.54373218e+00 -4.00338438e-01 -8.99582300e-02 -1.15676879e+01
  3.49891972e+02] 11.574962941368478
[-3.54260579e+00  1.24327657e-01 -1.92639814e-01 -1.17053439e+01
  3.50578572e+02] 11.707589124856588
[-3.51611077e+00 -2.38894844e-02 -2.65799976e-03 -1.16929323e+01
  3.49809760e+02] 11.692957019356967
[-3.52354631e+00  1.00135049e-01  1.32813816e-01 -1.16786655e+01
  3.51741687e+02] 11.679849959738052
[-3.57060051e+00  1.31819145e-02 -2.16532327e-01 -1.17612426e+01
  3.52163623e+02] 11.763243068532592
[-3.43456247e+00 -7.67563032e-02  1.07894636e-01 -1.14888857e+01
  3.50933079e+02] 11.489648748508285
[-3.48359801e+00 -1.91600356e-01  3.17952090e-02 -1.14722389e+01
  3.47827395e+02] 11.473882823180933
[-3.47347981e+00  3.40093985e-02 -8.52667160e-02 -1.16976407e+01
  3.53001666e+02] 11.698000918785926
[-3.48322294e+00  1.59819877e-02 -6.19024484e-02 -1.14113105e+01
  3.48468932e+02] 11.411489618585717
[-3.51245737e+00 -5.76102364e-02 -4.32209632e-02 -1.15564269e+01
  3.50401165e+02] 11.556651367340345
[-3.59435069e+00 -1.11843035e-01  1.38692424e-01 -1.14710867e+01
  3.47946881e+02] 11.472470319653098
[-3.57778239e+00  6.53174176e-02 -1.70863959e-01 -1.16791234e+01
  3.48771377e+02] 11.68055583254217
[-3.46563039e+00  9.80297203e-02 -2.12634066e-01 -1.17246860e+01
  3.52027584e+02] 11.72702368832913
[-3.47346477e+00  1.70469653e-02  5.53330401e-02 -1.18583059e+01
  3.51169049e+02] 11.858447241483262
[-3.48346395e+00  2.12105670e-01  6.63415449e-02 -1.16113464e+01
  3.50016123e+02] 11.613472964499147
[-3.57428735e+00 -2.36227345e-01  4.69969549e-02 -1.19818686e+01
  3.51608369e+02] 11.984289214270106
[-3.52782876e+00  6.38932198e-02  2.45546094e-01 -1.18478783e+01
  3.50954424e+02] 11.850594758847368
[-3.56595443e+00 -2.38172563e-02  6.60078604e-02 -1.17595736e+01
  3.51445847e+02] 11.759782978733362
[-3.57358896e+00 -1.22389390e-02 -1.04655496e-01 -1.15304406e+01
  3.48926864e+02] 11.530921992678762
[-3.42103338e+00 -1.48889065e-01  1.27510149e-01 -1.18769548e+01
  3.51622016e+02] 11.878572441933516
[-3.46178958e+00  1.14130030e-01  1.05943855e-01 -1.15916638e+01
  3.51872048e+02] 11.592709746448199
[-3.41301052e+00  7.05386253e-02  2.06219594e-01 -1.15895883e+01
  3.50088444e+02] 11.591637435270432
[-3.42810443e+00  9.12550914e-03 -1.49656669e-01 -1.15071666e+01
  3.49996328e+02] 11.508143336476412
[-3.51092054e+00 -2.98295044e-01 -1.63183076e-01 -1.13534737e+01
  3.46956181e+02] 11.358563913537589
[-3.55105485e+00  3.31755071e-02  3.29954893e-02 -1.17346393e+01
  3.48175623e+02] 11.73473259356885
[-3.56945526e+00 -3.59911208e-02  4.76933565e-02 -1.16879252e+01
  3.50301654e+02] 11.688077962641946
[-3.54590004e+00 -9.71011080e-04  1.21016227e-01 -1.15144168e+01
  3.48726522e+02] 11.515052767257869
[-3.52215500e+00  1.06580335e-01 -3.12829154e-01 -1.15687976e+01
  3.52809649e+02] 11.573517141834834
[-3.51961669e+00 -1.68316043e-01 -9.86945334e-03 -1.17111166e+01
  3.49269594e+02] 11.712330228236102
[-3.55875586e+00  1.68540697e-01 -8.49056994e-02 -1.15395407e+01
  3.47586087e+02] 11.541083735337203
[-3.53198633e+00  6.17426783e-02  4.03801323e-02 -1.15322661e+01
  3.48673258e+02] 11.532502116209503
[-3.50329537e+00  1.51739104e-01  6.95785210e-02 -1.16307560e+01
  3.48435030e+02] 11.631953856419225
[-3.51835451e+00 -1.05555089e-01  1.50739787e-01 -1.17784927e+01
  3.50724919e+02] 11.779930123901536
[-3.47955263e+00 -1.80299818e-01 -3.40415016e-02 -1.17517260e+01
  3.51683958e+02] 11.753158297831092
[-3.45063189e+00  2.20238013e-01 -9.41809189e-02 -1.18644856e+01
  3.50026367e+02] 11.866903310757719
[-3.58047038e+00 -2.89847583e-02 -1.47320157e-01 -1.16554200e+01
  3.49830346e+02] 11.656387021647262
[-3.62496111e+00 -9.77183646e-02  1.18632239e-01 -1.15732511e+01
  3.46933197e+02] 11.57427161861652
[-3.53044484e+00 -4.90243213e-02 -3.97234911e-01 -1.14740086e+01
  3.46043414e+02] 11.480987476690892
[-3.49241772e+00 -4.12927430e-01 -1.19531632e-01 -1.13864799e+01
  3.48906892e+02] 11.3945917804411
[-3.47701863e+00  2.10418208e-01 -3.47188395e-02 -1.15787940e+01
  3.49542935e+02] 11.5807577832186
[-3.54011220e+00  3.52905838e-02  9.85730279e-02 -1.14646154e+01
  3.49392669e+02] 11.465093458156254
[-3.52961831e+00  1.13178136e-02 -1.25496395e-01 -1.18180961e+01
  3.47624195e+02] 11.81876778509135
[-3.58322064e+00 -8.50772260e-02 -6.97541283e-02 -1.17838981e+01
  3.51571687e+02] 11.7844116237836
[-3.59937212e+00 -9.10005930e-02 -4.65019568e-01 -1.15635180e+01
  3.49790999e+02] 11.573222194394086
[ -3.48103946   0.36118066  -0.34963991 -11.42682391 348.32305968] 11.437875856166283
[-3.53785960e+00 -9.95617860e-02  8.58934542e-02 -1.17007552e+01
  3.51678136e+02] 11.701493981563207
[-3.47667702e+00  1.24053749e-01 -1.89342769e-01 -1.17118641e+01
  3.52222024e+02] 11.714051434946816
[-3.49134540e+00 -2.43364187e-01 -2.94754680e-02 -1.13481811e+01
  3.47646405e+02] 11.350828587193062
[-3.49534113e+00 -3.29985085e-01  4.92400789e-02 -1.16872200e+01
  3.49717217e+02] 11.691981300707264
[-3.53639938e+00  1.15309259e-01 -2.26626404e-01 -1.16785663e+01
  3.48200954e+02] 11.68133406585104
[-3.52466018e+00 -1.30289346e-01 -1.81079199e-01 -1.12478823e+01
  3.46742048e+02] 11.250094304034798
[-3.47436313e+00 -7.56082853e-02  3.91188026e-02 -1.18436476e+01
  3.53199172e+02] 11.84395356286166
[-3.59131416e+00 -1.67136628e-01 -7.85597798e-03 -1.18019378e+01
  3.49679158e+02] 11.803123809259656
[-3.55577824e+00 -2.01475212e-01  1.40156902e-01 -1.17956199e+01
  3.49934498e+02] 11.798172950455863
[-3.50734296e+00 -6.67522795e-02 -1.00998257e-02 -1.15142930e+01
  3.49648394e+02] 11.514490940733875
[-3.57355165e+00  4.13645408e-01 -1.07999810e-01 -1.18530648e+01
  3.52273208e+02] 11.860771951857082
[-3.56475463e+00 -1.50379169e-02 -6.42505350e-02 -1.14702431e+01
  3.48772448e+02] 11.470432930242634
[-3.52744636e+00 -2.36457643e-01  1.03860899e-01 -1.18148531e+01
  3.52998328e+02] 11.817675404830483
[-3.58205593e+00 -2.79307653e-02  6.56584693e-03 -1.13336365e+01
  3.46029167e+02] 11.333672801423873
[-3.47668391e+00 -2.10686683e-01  5.26002018e-02 -1.18462724e+01
  3.52958747e+02] 11.848262523052256
[-3.52551031e+00 -1.50388102e-02 -7.70305525e-02 -1.17064695e+01
  3.50510888e+02] 11.70673256104894
[-3.44647759e+00 -7.60589085e-02  2.48494911e-01 -1.15971209e+01
  3.50262294e+02] 11.600032232137055
[-3.55368859e+00 -1.44049720e-01 -1.86038255e-01 -1.18538067e+01
  3.51129523e+02] 11.856141579567208
[-3.47757405e+00 -1.50289151e-01 -9.88651953e-02 -1.18327708e+01
  3.51560110e+02] 11.834138172552121
[-3.55961563e+00 -3.71063694e-01  4.25910343e-03 -1.17562023e+01
  3.50681966e+02] 11.762057603321844
[-3.50465005e+00 -1.47559789e-01 -1.61158845e-02 -1.15060039e+01
  3.51174889e+02] 11.506961309489846
[-3.48608757e+00 -2.46640380e-01 -6.09098300e-02 -1.19169940e+01
  3.51866803e+02] 11.919701676897319
[-3.48124588e+00  1.91338715e-01 -1.67157113e-01 -1.13525282e+01
  3.46124957e+02] 11.355370950568174
[-3.57552723e+00 -1.64626704e-01  1.24460070e-01 -1.17683436e+01
  3.48879455e+02] 11.77015307968396
[-3.49673464e+00  1.23088737e-02 -9.78403991e-02 -1.19534739e+01
  3.51780266e+02] 11.953880607767761
[-3.55651431e+00 -1.41619004e-01 -1.33023752e-01 -1.15693488e+01
  3.47518685e+02] 11.570980248685009
[-3.56574966e+00 -2.00246022e-01  6.37960250e-02 -1.17548548e+01
  3.49276993e+02] 11.756733346281118
[-3.49207913e+00 -1.76831802e-02  1.19500483e-01 -1.18660821e+01
  3.51423975e+02] 11.86669696238512
[-3.51982447e+00 -1.63677011e-01 -2.56738632e-02 -1.17705650e+01
  3.50501368e+02] 11.771730966906315
[-3.54448085e+00  1.80660188e-01  7.63805873e-03 -1.16437049e+01
  3.49182892e+02] 11.645108838867237
[-3.55103957e+00 -1.05406547e-01  8.38218464e-02 -1.16747071e+01
  3.50428477e+02] 11.675483836366123
[-3.51650712e+00  2.70105650e-02 -3.15343898e-01 -1.18886440e+01
  3.52116374e+02] 11.892856131089497
[-3.48733067e+00  2.86368288e-01 -3.86174191e-01 -1.14580004e+01
  3.50036203e+02] 11.468082217977539
[-3.46509146e+00  1.64616489e-01  1.20539907e-01 -1.16637833e+01
  3.50862797e+02] 11.665567720105226
[-3.40640508e+00  1.34020480e-01 -4.18290926e-01 -1.15177041e+01
  3.49450946e+02] 11.52607641746582
[-3.57203018e+00  1.30527936e-01 -1.09801870e-01 -1.16311475e+01
  3.48844975e+02] 11.632398113556102
[-3.60770030e+00  1.47908425e-01  6.14742204e-02 -1.14313759e+01
  3.47243315e+02] 11.432498033115927
[-3.44289047e+00 -4.54487398e-02 -2.14197970e-01 -1.15755523e+01
  3.50209309e+02] 11.577623085619159
[-3.54750394e+00 -6.99589545e-02 -1.52103958e-01 -1.16261701e+01
  3.51178294e+02] 11.627375522803117
[-3.49654174e+00  1.49777829e-01  1.90567690e-01 -1.17886620e+01
  3.52213087e+02] 11.791153537411267
[-3.49568589e+00 -2.51160277e-02 -2.85176692e-01 -1.14657411e+01
  3.47964621e+02] 11.469314542467107
[-3.46676719e+00 -2.63167676e-01  4.40859681e-03 -1.17657469e+01
  3.51970501e+02] 11.768690562469564
[-3.60797371e+00  1.04381585e-01 -7.28470940e-02 -1.16278769e+01
  3.49668042e+02] 11.628573608790992
[-3.57009281e+00  1.53807780e-01 -7.36747860e-02 -1.17551001e+01
  3.50217510e+02] 11.75633719526061
[-3.48712363e+00 -1.57694184e-01  3.34668779e-02 -1.16345344e+01
  3.51045766e+02] 11.635651128638298
[-3.42101475e+00  2.89971969e-01  1.25130448e-01 -1.14590667e+01
  3.50080583e+02] 11.463417899264272
[-3.45671757e+00 -4.28496794e-02  4.74197855e-02 -1.18705149e+01
  3.53260552e+02] 11.870686948739275
[-3.45986168e+00 -3.36582183e-01  2.47318999e-03 -1.15058005e+01
  3.48027693e+02] 11.510722807788207
[-3.43023642e+00  1.65561262e-01  4.38944283e-02 -1.14010187e+01
  3.49298585e+02] 11.402305190977904
[-3.57694038e+00 -8.81584520e-02  2.35481811e-01 -1.15432994e+01
  3.48223003e+02] 11.54603762547938
[-3.48519821e+00 -1.68480646e-01 -8.68907178e-02 -1.14946104e+01
  3.49704643e+02] 11.496173419203318
[-3.48491577e+00 -3.32630230e-02  2.80522338e-01 -1.13448538e+01
  3.48265976e+02] 11.348370234929588
[-3.53080768e+00 -1.28084842e-01  1.42077130e-01 -1.15736458e+01
  3.49758647e+02] 11.57522646085412
[-3.57380413e+00  1.89166513e-02  6.31568447e-03 -1.15956075e+01
  3.50296604e+02] 11.595624608403648
[-3.55578852e+00  1.64589065e-01  1.13835712e-02 -1.14988083e+01
  3.49032879e+02] 11.499991848451527
[-3.41071966e+00  1.08338819e-02  4.11206176e-02 -1.14809038e+01
  3.52477729e+02] 11.480982524494749
[-3.55984220e+00 -9.34459951e-02  1.81565334e-01 -1.17047744e+01
  3.47372066e+02] 11.706555531780749
[-3.67008842e+00 -1.81984479e-01 -6.19866345e-02 -1.17972000e+01
  3.51225749e+02] 11.798766429565578
[-3.52188554e+00 -6.60851463e-02  2.40587731e-01 -1.18520499e+01
  3.52255688e+02] 11.854675693004037
[-3.48438307e+00  2.40681274e-02  7.72663134e-02 -1.16260069e+01
  3.50046693e+02] 11.626288522230839
[-3.59197520e+00  1.14013235e-03  5.04531157e-02 -1.17213284e+01
  3.47407057e+02] 11.72143704142996
[-3.54204614e+00 -6.39197326e-02  7.05405083e-02 -1.15816302e+01
  3.50369360e+02] 11.58202140556972
[-3.50719187e+00  9.04212453e-02 -1.14439241e-02 -1.15125816e+01
  3.50325988e+02] 11.51294233108535
[-3.48332497e+00  8.01496032e-02 -1.72044113e-01 -1.16100024e+01
  3.50044340e+02] 11.611553721957758
[-3.55944134e+00  2.93942332e-02  4.99009998e-01 -1.15391365e+01
  3.51104833e+02] 11.549958665062338
[-3.52473580e+00  2.08409666e-01  4.35809316e-02 -1.15780413e+01
  3.49687165e+02] 11.579998926451344
[-3.57791363e+00  1.42832437e-01 -3.02318767e-02 -1.16815175e+01
  3.50607090e+02] 11.682429821977827
[-3.51829765e+00 -2.95030470e-02  2.20192451e-01 -1.13999368e+01
  3.48463224e+02] 11.402101295942941
[-3.54224189e+00 -1.09372335e-01  2.68550807e-02 -1.15244640e+01
  3.49879880e+02] 11.525014225444007
[-3.57704487e+00 -2.56651470e-02  4.65575578e-02 -1.16400740e+01
  3.49255402e+02] 11.640195418216878
[-3.56877433e+00 -1.33288627e-01 -1.01821733e-01 -1.16774905e+01
  3.50527823e+02] 11.678695005909361
[-3.46093312e+00 -1.00241503e-01 -2.10327928e-01 -1.18204028e+01
  3.51806172e+02] 11.822698820277882
[-3.55400678e+00  7.37874932e-02  5.65737324e-01 -1.16421931e+01
  3.50308880e+02] 11.656164161727208
[-3.56477159e+00 -1.60986633e-01 -3.30413519e-01 -1.17964474e+01
  3.50484082e+02] 11.802171865258293
[-3.46465450e+00 -3.92680645e-01 -3.79231470e-03 -1.14585816e+01
  3.47447397e+02] 11.465308721673654
[-3.51504981e+00  1.99756963e-01 -1.62507868e-01 -1.15018144e+01
  3.49058022e+02] 11.504696651816964
[-3.53205345e+00 -3.57855375e-01  1.41613619e-01 -1.16444924e+01
  3.48078051e+02] 11.650850553111706
[-3.47464937e+00 -1.56641520e-01  3.10700514e-02 -1.15749921e+01
  3.49428776e+02] 11.57609362114337
[-3.56422789e+00 -1.86924579e-01  4.81784164e-02 -1.18800519e+01
  3.52083450e+02] 11.881620080145945
[-3.49400699e+00 -6.00534064e-02  8.57623192e-02 -1.15606473e+01
  3.48018539e+02] 11.56112136838098
[-3.50238109e+00 -1.55817938e-01  4.11891190e-02 -1.15611974e+01
  3.51124669e+02] 11.562320773140176
[-3.54957683e+00 -3.34810922e-02 -9.39084217e-02 -1.18298112e+01
  3.51927055e+02] 11.830231319279221
[-3.56210668e+00 -2.32377620e-02 -2.73276936e-01 -1.16744179e+01
  3.50536780e+02] 11.677639027366475
[-3.41621770e+00 -1.55306106e-01  3.40300354e-01 -1.14443158e+01
  3.47860353e+02] 11.45042743759558
[-3.55609271e+00 -1.06093892e-01  2.33229378e-01 -1.15317562e+01
  3.50384795e+02] 11.534602377314478
[-3.45454922e+00  2.46674566e-01 -4.56027014e-02 -1.15725380e+01
  3.49430307e+02] 11.57525651848655
[-3.55076882e+00  1.13167725e-02 -2.02230299e-01 -1.13053372e+01
  3.49187527e+02] 11.307151423592218
[-3.51192966e+00  2.22012631e-01 -6.01966920e-02 -1.15760556e+01
  3.48073997e+02] 11.578340851220327
[-3.43590068e+00 -8.48648022e-02 -6.74564190e-03 -1.14534927e+01
  3.47545410e+02] 11.453809091414383
[-3.52538232e+00 -3.38267963e-01  2.61932308e-02 -1.18684163e+01
  3.51883299e+02] 11.873264742702764
[-3.51710169e+00 -2.74937365e-01  2.18903814e-01 -1.18406259e+01
  3.51840103e+02] 11.845840247267367
[-3.47997297e+00  1.27188098e-01  3.34190728e-01 -1.16156598e+01
  3.50293480e+02] 11.621162276478813
[-3.47666731e+00 -1.72138091e-01 -2.95018501e-01 -1.16264298e+01
  3.48587167e+02] 11.631446088932329
[-3.56482530e+00 -1.28414177e-01 -9.37482980e-02 -1.15933360e+01
  3.48579844e+02] 11.5944261619251
[-3.51806427e+00 -1.83613866e-01 -2.32252552e-01 -1.14840744e+01
  3.48733539e+02] 11.48789012268183
[-3.59631714e+00 -2.45853836e-01 -1.37625673e-01 -1.13028392e+01
  3.46141640e+02] 11.306350335069089
[-3.54258617e+00 -1.33399724e-01 -2.84147582e-01 -1.17321048e+01
  3.49801311e+02] 11.736303437521634
[-3.46633082e+00 -3.05597967e-01 -1.67588004e-01 -1.17577575e+01
  3.51767013e+02] 11.762922131089436
[-3.52948917e+00  1.13062803e-01 -4.05652300e-01 -1.14601260e+01
  3.48408957e+02] 11.467860524469113
[-3.48099930e+00 -1.50413787e-01  1.51664357e-01 -1.14072447e+01
  3.48322187e+02] 11.409244419217272
[-3.53013294e+00 -6.27228416e-04 -2.48171275e-01 -1.16803992e+01
  3.50699862e+02] 11.683035328969552
[-3.44647355e+00 -1.41697328e-01 -7.92373704e-02 -1.11836286e+01
  3.48352164e+02] 11.184806923076154
[-3.57410499e+00 -2.85326763e-01 -1.31081806e-01 -1.13453521e+01
  3.47545289e+02] 11.349696418277302
[-3.42613944e+00 -3.20725497e-01  6.69279644e-02 -1.15297674e+01
  3.51054452e+02] 11.53442151421188
[-3.49612462e+00 -1.54253575e-01 -1.17697086e-01 -1.13865896e+01
  3.49373712e+02] 11.388242562202572
[-3.53750926e+00 -3.33482987e-01 -1.96574398e-01 -1.14220051e+01
  3.48715088e+02] 11.428563036039224
[-3.51473771e+00 -9.47065567e-02  2.26900920e-01 -1.17565519e+01
  3.51810468e+02] 11.759122673251047
[-3.53473875e+00  1.51459238e-01  1.30417257e-01 -1.14791427e+01
  3.49475507e+02] 11.480882628397017
[-3.48306494e+00  5.17856132e-02  2.86488766e-02 -1.13225314e+01
  3.48747644e+02] 11.322686047006648
[-3.51558038e+00 -3.19331424e-01  2.46979504e-01 -1.17068612e+01
  3.52579962e+02] 11.71381961013753
[-3.54188433e+00 -3.89737864e-02 -1.54565021e-01 -1.16379082e+01
  3.50568971e+02] 11.638999803851608
[-3.46596270e+00 -1.70523384e-02  4.14829052e-02 -1.15118609e+01
  3.48767335e+02] 11.511948251101458
[-3.38016249e+00 -3.50629914e-01  1.87161413e-01 -1.14423254e+01
  3.49408196e+02] 11.449226227358267
[-3.47897244e+00  1.55325600e-01 -1.42144724e-01 -1.16614427e+01
  3.50576809e+02] 11.6633433153115
[-3.48698697e+00 -2.32253907e-01  2.45048602e-01 -1.15442252e+01
  3.49992400e+02] 11.549161225779104
[-3.58759724e+00 -1.00651218e-01 -3.21199766e-01 -1.13093533e+01
  3.47228153e+02] 11.314361314937244
[-3.59747636e+00  2.22872942e-02 -4.68501042e-02 -1.15475185e+01
  3.49283019e+02] 11.54763502819411
[-3.56467770e+00 -1.23570010e-02 -3.04352884e-01 -1.15880552e+01
  3.49056354e+02] 11.592057939205286
[-3.52177652e+00  6.03791137e-02  6.73750003e-02 -1.12701114e+01
  3.45704855e+02] 11.270474497099224
[-3.44555859e+00  3.20128481e-02 -2.52038579e-01 -1.17182250e+01
  3.51709018e+02] 11.720978898508616
[-3.55521394e+00  5.17104436e-02  1.33875026e-01 -1.14911411e+01
  3.49279255e+02] 11.492037211765052
[-3.53288226e+00  1.68770351e-01  6.21885263e-02 -1.12717426e+01
  3.47291565e+02] 11.273177561074343
[-3.54094994e+00 -3.25599967e-02 -8.74377223e-02 -1.19669959e+01
  3.49482199e+02] 11.967359600092362
[-3.48795680e+00 -4.76515631e-02  4.26642582e-02 -1.17026810e+01
  3.51611905e+02] 11.702855789670313
[-3.37732836e+00 -3.93689997e-02 -3.02015716e-02 -1.14613720e+01
  3.49503284e+02] 11.461479438942625
[-3.52425893e+00 -1.94197121e-01  6.66424650e-03 -1.13631726e+01
  3.47950152e+02] 11.364833845982659
[-3.43466622e+00 -1.42357032e-01 -5.50769549e-02 -1.14628122e+01
  3.49663078e+02] 11.463828482674963
[-3.53613924e+00  3.15350947e-01  9.58889125e-03 -1.17025394e+01
  3.51015210e+02] 11.706791451384307
[-3.47683112e+00 -2.21262476e-01  1.37090255e-01 -1.14905258e+01
  3.48696329e+02] 11.493473564952605
[-3.53562374e+00 -2.13747598e-01  7.50615476e-02 -1.16097842e+01
  3.49102534e+02] 11.611994284102396
[-3.58740812e+00 -1.25552394e-01 -2.55027845e-02 -1.17801006e+01
  3.51995937e+02] 11.780797272324728
[-3.44232573e+00 -1.86065647e-01 -1.59158135e-01 -1.15402530e+01
  3.49069111e+02] 11.542850191280028
[-3.48465392e+00  2.01583134e-02 -6.77222100e-02 -1.14312387e+01
  3.47084837e+02] 11.431457075796004
[-3.51620925e+00  1.18709576e-01  8.30032820e-02 -1.14611026e+01
  3.47460120e+02] 11.462017884263831
[-3.54571000e+00  8.57923648e-02 -1.11755909e-01 -1.14815109e+01
  3.49063448e+02] 11.482375259094567
[-3.49010617e+00  1.49837007e-01  2.95283162e-02 -1.19451491e+01
  3.53982646e+02] 11.946125281316533
[-3.43141091e+00  6.07279460e-02 -2.38406958e-01 -1.16575566e+01
  3.51904645e+02] 11.660152346612405
[-3.50720913e+00 -5.64100264e-02  1.57867391e-01 -1.15118712e+01
  3.50620374e+02] 11.513091814287645
[-3.53419724e+00  2.31677218e-01  3.19719767e-01 -1.17314017e+01
  3.50615737e+02] 11.738044182480243
[-3.47144282e+00 -8.51094012e-03 -8.77777326e-03 -1.16153480e+01
  3.50179165e+02] 11.615354445421973
[-3.46755577e+00 -2.86676039e-01 -2.42472045e-01 -1.16381896e+01
  3.52412994e+02] 11.644244666191009
[-3.57194153e+00  7.02649831e-03  2.41971107e-01 -1.13488602e+01
  3.45091591e+02] 11.351441589330106
[-3.54409220e+00 -5.46961732e-02  2.17727486e-01 -1.16079455e+01
  3.49915806e+02] 11.610116088704475
[-3.49240747e+00  2.68200890e-01 -2.32923376e-01 -1.14757842e+01
  3.49572488e+02] 11.481280723440737
[-3.58561809e+00  1.60216431e-02 -3.15248175e-02 -1.17866767e+01
  3.51121678e+02] 11.786729789486722
[-3.51359174e+00 -1.86182107e-03  1.53614240e-01 -1.15420431e+01
  3.48674616e+02] 11.543065430460771
[-3.43580907e+00  2.89702520e-01  1.65981113e-01 -1.16626315e+01
  3.51935118e+02] 11.667409771523404
[-3.55470382e+00 -2.04166894e-01  1.16995352e-01 -1.14208046e+01
  3.49068576e+02] 11.423228484409684
[-3.54282193e+00  1.90355043e-01  1.42305416e-02 -1.15910670e+01
  3.49456094e+02] 11.592638678059233
[-3.66317527e+00 -1.37139507e-01  3.66800332e-01 -1.18282529e+01
  3.51266430e+02] 11.834733461711151
[-3.47498039e+00  2.04463216e-01 -3.50047323e-01 -1.16287448e+01
  3.48865244e+02] 11.635808724080308
[-3.50158962e+00 -1.66932323e-01  1.97724018e-01 -1.16622141e+01
  3.48154996e+02] 11.665084652541088
[-3.53834900e+00 -9.44983043e-02  1.00774881e-02 -1.17076721e+01
  3.50086339e+02] 11.708057761176578
[-3.38872592e+00  4.12793496e-02 -2.27357100e-01 -1.15141921e+01
  3.52123504e+02] 11.516510489514571
[-3.53536241e+00 -1.18086857e-02 -2.41651767e-01 -1.15166981e+01
  3.48846144e+02] 11.519239130519253
[-3.44799425e+00  1.77694652e-01 -8.83025854e-02 -1.14827578e+01
  3.49376302e+02] 11.48447210952709
[-3.56324115e+00 -5.43786261e-02  1.82349273e-01 -1.16916563e+01
  3.48280516e+02] 11.693204616715137
[-3.55175157e+00 -2.07960585e-01  2.77515203e-03 -1.13804808e+01
  3.45771340e+02] 11.382381072500875
[-3.59768579e+00 -1.74081324e-01 -2.87883128e-01 -1.18232349e+01
  3.50220337e+02] 11.828020294539398
[-3.48178783e+00 -1.80711353e-01 -3.89622969e-02 -1.15326741e+01
  3.51862139e+02] 11.534155639908015
[-3.52345030e+00 -3.27718815e-01 -4.03874375e-02 -1.17593969e+01
  3.49706854e+02] 11.764031892501151
[-3.44094005e+00 -1.52723457e-01 -5.44053478e-02 -1.16035798e+01
  3.50240674e+02] 11.604712319025765
[-3.34379899e+00  2.21700970e-01 -1.18415675e-01 -1.16206098e+01
  3.51429089e+02] 11.623327607172286
[-3.47765826e+00  9.93797611e-02 -9.46636586e-03 -1.15331202e+01
  3.49477638e+02] 11.533552227362685
[-3.48298448e+00  9.34265009e-02  8.70946364e-02 -1.16618058e+01
  3.50582691e+02] 11.66250523294053
[-3.60991666e+00 -2.38839530e-01  4.65291302e-02 -1.16528823e+01
  3.49350110e+02] 11.655422519306406
[-3.48768742e+00  9.24559270e-03 -1.48910037e-01 -1.16982208e+01
  3.51316853e+02] 11.699172145746132
[-3.50432374e+00 -1.81790612e-01  1.98039383e-01 -1.16142737e+01
  3.50813832e+02] 11.617384406364618
[-3.44319873e+00  6.88014581e-02  4.05238647e-01 -1.17602682e+01
  3.51675524e+02] 11.767449139408972
[-3.52072722e+00  1.29289455e-01  2.28121307e-03 -1.17549380e+01
  3.52259776e+02] 11.755649206598482
[-3.41400953e+00 -2.49316079e-01 -1.54360085e-01 -1.15489767e+01
  3.52118373e+02] 11.552698739265447
[-3.45854908e+00  1.84317310e-02  1.06780554e-01 -1.12392657e+01
  3.48188599e+02] 11.239788023223339
[-3.51987887e+00 -5.48474970e-02 -6.93235189e-02 -1.18001184e+01
  3.49570387e+02] 11.800449459304334
[-3.48586116e+00 -4.60254211e-02  1.49487829e-01 -1.16175341e+01
  3.51882488e+02] 11.618586981041428
[-3.52751604e+00 -7.23200570e-02  1.95316807e-01 -1.15873166e+01
  3.50498259e+02] 11.589188319706581
[-3.53236678e+00 -1.32653159e-01 -4.53674552e-02 -1.16840165e+01
  3.50215244e+02] 11.684857610699387
[-3.56637581e+00 -3.33612999e-02 -2.63580939e-01 -1.17327952e+01
  3.50743707e+02] 11.735802981723653
[-3.40207345e+00  7.86815744e-02  6.89221796e-02 -1.13067300e+01
  3.47643669e+02] 11.307213866074191
[-3.45167459e+00 -8.67944185e-02  1.04333979e-02 -1.16978071e+01
  3.51895334e+02] 11.698133756494247
[-3.50371329e+00  3.40455714e-02 -2.65911283e-01 -1.14614480e+01
  3.50381962e+02] 11.46458280041725
[-3.47279961e+00 -1.65184029e-01 -2.37521577e-01 -1.13770658e+01
  3.48405258e+02] 11.380743768092202
[-3.57253372e+00 -2.13567723e-01 -9.58123437e-02 -1.19030423e+01
  3.51865350e+02] 11.905343607750648
[-3.58457962e+00  5.60630736e-02  2.56943826e-01 -1.17395807e+01
  3.48582961e+02] 11.742526101273349
[-3.54272904e+00  2.00319721e-01  2.26805051e-02 -1.20417335e+01
  3.53911269e+02] 12.043420965729815
[-3.54637767e+00 -3.38463456e-01  2.83486851e-01 -1.17207531e+01
  3.48391080e+02] 11.729065393970158
[-3.54235106e+00 -1.57404114e-01 -1.34642539e-01 -1.17603425e+01
  3.52098157e+02] 11.762166477859811
[-3.51489896e+00  2.02363900e-01 -8.78867819e-02 -1.17871432e+01
  3.52319610e+02] 11.789207766246665
[-3.48670094e+00  4.11125396e-02  3.85965600e-02 -1.16856059e+01
  3.50364844e+02] 11.685741980631107
[-3.49624669e+00 -2.06585616e-01  1.29072392e-01 -1.16740406e+01
  3.51940911e+02] 11.676581780264526
