/mnt/stage/douwei/Simulation/5kt_root/2MeV/5kt_-11.40.root
[-3.68938254e+00 -8.00357349e-02 -1.19900362e-01 -1.21675050e+01
  3.53438294e+02] 12.168358951601295
[-3.51688735e+00 -2.00794208e-01  1.88354728e-03 -1.16735459e+01
  3.52607642e+02] 11.675272797130903
[-3.50828786e+00  1.16368415e-01  1.58810594e-01 -1.16984210e+01
  3.50170384e+02] 11.700077621393104
[-3.57032140e+00 -2.81536389e-01  7.38738029e-02 -1.21965274e+01
  3.54825685e+02] 12.199999998616681
[-3.60266469e+00  2.28769451e-01 -1.60888798e-01 -1.20346557e+01
  3.52113251e+02] 12.037905045908193
[-3.57661577e+00  5.36174776e-02 -8.47637822e-02 -1.20682614e+01
  3.53772150e+02] 12.068678191084677
[-3.59461788e+00 -1.76374827e-01 -3.80822198e-01 -1.19274360e+01
  3.51482299e+02] 11.934817265770727
[-3.59273420e+00  8.00955293e-02 -2.91133469e-02 -1.20241328e+01
  3.53051312e+02] 12.024434841004886
[-3.58997243e+00  1.80053447e-02 -3.47503997e-01 -1.20398475e+01
  3.52316835e+02] 12.04487488363184
[-3.64317396e+00  1.60027610e-01  2.13555838e-01 -1.16586491e+01
  3.48798466e+02] 11.661702899136603
[-3.61012141e+00  2.04745889e-01  2.35296975e-01 -1.18692333e+01
  3.49943806e+02] 11.873330777639392
[-3.59244149e+00  3.50751378e-01  2.69249823e-01 -1.20122381e+01
  3.51839998e+02] 12.020373792766035
[-3.65361851e+00 -7.00076030e-02 -1.76576311e-01 -1.20174935e+01
  3.52020999e+02] 12.018994599684287
[-3.62263629e+00 -8.43298387e-02  4.77748940e-02 -1.20347236e+01
  3.51008442e+02] 12.035113857842967
[-3.61783761e+00 -1.91101627e-01  7.70568092e-02 -1.17917697e+01
  3.49929756e+02] 11.793569824668799
[-3.61416787e+00 -2.63652958e-01 -9.04597851e-04 -1.18939015e+01
  3.50592073e+02] 11.896823399682521
[-3.56731788e+00 -6.37625298e-02  7.97435852e-02 -1.21127928e+01
  3.52328005e+02] 12.113223085305503
[-3.65454392e+00  4.67422458e-02  2.33159958e-01 -1.14840032e+01
  3.50328375e+02] 11.48646497801292
[-3.60621652e+00  1.36160953e-01 -3.55650026e-02 -1.16353671e+01
  3.52136494e+02] 11.636218090084764
[-3.65524441e+00 -8.24068094e-02 -3.52449554e-01 -1.19742738e+01
  3.50250674e+02] 11.979743089382188
[-3.53915500e+00  2.25246299e-02  7.54390948e-02 -1.19978603e+01
  3.53328589e+02] 11.998118578694273
[-3.63824635e+00 -5.73258601e-02  1.05617290e-01 -1.19706965e+01
  3.54723961e+02] 11.971299654047947
[-3.57282338e+00 -1.26467572e-01 -1.09393956e-01 -1.18212370e+01
  3.52799577e+02] 11.82241960321426
[-3.67411695e+00 -3.31282800e-02  1.20976699e-01 -1.20385279e+01
  3.52595881e+02] 12.03918130741848
[-3.56507236e+00 -1.76580631e-01 -1.49521514e-01 -1.19468309e+01
  3.49947677e+02] 11.949071367578455
[-3.62327777e+00 -1.35227733e-01 -3.98031454e-01 -1.19777156e+01
  3.51804188e+02] 11.985090150016743
[-3.72155195e+00 -2.01201678e-01 -1.21811561e-01 -1.17868335e+01
  3.48306767e+02] 11.789179991767357
[-3.60483503e+00  2.31338242e-01 -7.85844039e-02 -1.21975533e+01
  3.56104410e+02] 12.199999972699086
[-3.62453710e+00  9.00175443e-02  9.25577625e-02 -1.20299837e+01
  3.52108865e+02] 12.030676537045194
[-3.68115934e+00 -8.55586077e-03  7.77499280e-04 -1.17175913e+01
  3.48759885e+02] 11.717594481665255
[-3.61297244e+00  2.78319534e-01  5.59685330e-03 -1.17561634e+01
  3.50308033e+02] 11.759458824592416
[-3.66272445e+00 -7.51352414e-02  4.82028496e-02 -1.20150549e+01
  3.52940605e+02] 12.015386557992374
[-3.62952314e+00  9.45519254e-02 -2.13857122e-01 -1.19154443e+01
  3.51926150e+02] 11.917738400986426
[-3.55851619e+00 -1.42225431e-01  1.40906440e-02 -1.20821267e+01
  3.54609103e+02] 12.082971977868114
[-3.60513777e+00  3.27529174e-01  2.35233198e-01 -1.20620710e+01
  3.53372861e+02] 12.068809626973668
[-3.57358264e+00 -2.40305458e-01 -2.41965152e-01 -1.19424093e+01
  3.51331554e+02] 11.947277265621034
[-3.72466378e+00 -2.91732262e-01  1.29557485e-01 -1.19913323e+01
  3.52145175e+02] 11.995580127426932
[-3.55291632e+00  1.26468818e-01  1.54972301e-01 -1.19286591e+01
  3.52679197e+02] 11.930336088592414
[-3.63892384e+00 -1.69505902e-01 -4.29945897e-02 -1.20375879e+01
  3.54492931e+02] 12.038858070290102
[-3.61593877e+00 -1.42091510e-01  2.84824029e-01 -1.18252890e+01
  3.50206806e+02] 11.829571996902535
[-3.65225486e+00 -2.83487409e-01 -1.18665378e-01 -1.19369873e+01
  3.53435571e+02] 11.940942680574056
[-3.64968683e+00 -2.82839612e-01 -8.44706050e-02 -1.17783092e+01
  3.50948150e+02] 11.78200754657382
[-3.61595018e+00 -5.99647436e-02  4.22828225e-03 -1.21743508e+01
  3.54892360e+02] 12.174499164079576
[-3.60161145e+00 -1.19675450e-01 -1.87291962e-01 -1.19079808e+01
  3.52469102e+02] 11.910054843131698
[-3.52864691e+00  5.61585198e-02 -8.06413641e-02 -1.21996042e+01
  3.54597913e+02] 12.199999995318976
[-3.57709524e+00  2.06462455e-01 -1.97061970e-01 -1.19609914e+01
  3.52604660e+02] 11.96439617239299
[-3.59781669e+00 -1.62423411e-01 -1.63308249e-01 -1.18870006e+01
  3.52293216e+02] 11.889231889305997
[-3.72288757e+00 -6.20399966e-02 -2.26733356e-01 -1.20663607e+01
  3.51754012e+02] 12.068650181829854
[-3.65283939e+00  1.34397726e-01  3.38370819e-01 -1.18501323e+01
  3.50983882e+02] 11.855724092224635
[-3.61813616e+00  1.66977733e-01 -5.21857027e-02 -1.19474489e+01
  3.52559978e+02] 11.948729654827277
[-3.60894060e+00  1.04933026e-01  5.95570643e-02 -1.20604365e+01
  3.52316704e+02] 12.061040074876955
[-3.61035072e+00 -1.75708743e-01  2.29489099e-01 -1.20471153e+01
  3.52562113e+02] 12.050581975618808
[-3.61202272e+00  4.49705621e-02 -1.04298931e-01 -1.18683137e+01
  3.51004908e+02] 11.86885719732149
[-3.60313955e+00  1.27945188e-02 -7.92920594e-02 -1.20436034e+01
  3.52531992e+02] 12.043871216922339
[-3.54292037e+00 -3.06656104e-01  6.46160420e-02 -1.21959426e+01
  3.54264336e+02] 12.199968453372101
[-3.70126767e+00 -2.05287951e-01 -2.24215915e-01 -1.21327774e+01
  3.51857541e+02] 12.13658532148576
[-3.59219202e+00 -5.79502915e-02  2.24470751e-01 -1.15984147e+01
  3.48935735e+02] 11.600731435401963
[-3.61368015e+00 -8.03555578e-02  1.69890081e-01 -1.20059842e+01
  3.54068116e+02] 12.007455066270763
[-3.61978592e+00 -2.30329597e-01  3.23664741e-01 -1.21054061e+01
  3.53792694e+02] 12.111922557820549
[-3.60781851e+00  1.04428494e-01  1.58158111e-01 -1.21551610e+01
  3.53031831e+02] 12.156638445770088
[-3.63965956e+00 -1.62797508e-01  1.31407318e-01 -1.19273198e+01
  3.53301590e+02] 11.92915451263585
[-3.61586405e+00 -1.69416502e-01 -2.55709208e-01 -1.20594164e+01
  3.53590909e+02] 12.063316816417425
[-3.58373986e+00 -3.22439461e-01  6.99017078e-02 -1.19607842e+01
  3.53531563e+02] 11.965333740482386
[-3.67682851e+00  3.69537631e-01 -6.22709908e-02 -1.21257400e+01
  3.52498977e+02] 12.131529458972174
[-3.63527810e+00  2.50236225e-02  1.53162364e-01 -1.19913887e+01
  3.49958709e+02] 11.992392885659644
[-3.63198242e+00  1.61013334e-01  2.88973213e-01 -1.20622386e+01
  3.52541016e+02] 12.066773804732566
[-3.62448421e+00 -2.40584249e-01 -2.44127886e-01 -1.20531593e+01
  3.53126696e+02] 12.058031726709828
[-3.61273398e+00 -4.49851980e-01  1.86341601e-01 -1.15880281e+01
  3.46630873e+02] 11.598253554568354
[-3.55923507e+00  4.24219269e-02 -1.94388070e-01 -1.20371856e+01
  3.54422709e+02] 12.03882982328323
[-3.62512678e+00 -3.21899764e-01  9.16652179e-04 -1.15064071e+01
  3.48857676e+02] 11.510908953229434
[-3.59642779e+00  1.47295468e-01 -1.38039202e-01 -1.20413732e+01
  3.50453899e+02] 12.043065230590367
[-3.64214250e+00 -8.94740371e-02  5.38595223e-02 -1.18075193e+01
  3.49631879e+02] 11.807981172188994
[-3.59273616e+00 -1.26076557e-01  4.49443027e-01 -1.19869849e+01
  3.51123575e+02] 11.996070222800492
[-3.70132862e+00 -4.76113105e-02 -1.75922581e-01 -1.20141221e+01
  3.53390143e+02] 12.015504415655071
[-3.67442215e+00  1.21772066e-01 -1.36261090e-01 -1.19183252e+01
  3.51216887e+02] 11.919726178968366
[-3.73765017e+00 -1.60425018e-01 -3.20796474e-01 -1.18609497e+01
  3.50654566e+02] 11.866371604899955
[-3.61477856e+00  2.68335057e-01  4.10159412e-02 -1.16870426e+01
  3.50886283e+02] 11.690194686307569
[-3.55258117e+00 -7.12297266e-02 -1.87911074e-01 -1.20332749e+01
  3.53385447e+02] 12.034952843693546
[-3.67156950e+00 -1.46132763e-01  3.43001356e-01 -1.19701599e+01
  3.51833280e+02] 11.97596478272048
[-3.71139959e+00  2.62601477e-01 -3.27227862e-02 -1.21971296e+01
  3.55707151e+02] 12.200000000010766
[-3.66366474e+00  2.48561722e-01 -6.79016625e-02 -1.20242138e+01
  3.52358079e+02] 12.02697431872337
[-3.61579998e+00 -1.19591174e-02 -2.67687156e-01 -1.19738690e+01
  3.52407553e+02] 11.97686676320669
[-3.53525146e+00 -8.12716041e-02  1.49140352e-01 -1.19195211e+01
  3.52386031e+02] 11.920731182984207
[-3.55710386e+00  1.07307654e-02  7.65160270e-03 -1.20653925e+01
  3.53729881e+02] 12.065399675513754
[-3.59547195e+00  1.23778752e-01  6.10506043e-02 -1.18876847e+01
  3.52768112e+02] 11.888485807773925
[-3.57666151e+00 -1.46094726e-01  1.34490275e-01 -1.21983838e+01
  3.56133329e+02] 12.199999992503527
[-3.60426177e+00  4.63347956e-02 -4.63169512e-01 -1.20205588e+01
  3.51604638e+02] 12.02956797757403
[-3.69661203e+00 -8.66132773e-02 -2.12992958e-01 -1.18233762e+01
  3.50460918e+02] 11.825611750021448
[-3.55677291e+00  2.26610213e-01  1.24192624e-01 -1.20318912e+01
  3.54292519e+02] 12.03466579564904
[-3.60208193e+00 -1.32156046e-01 -1.92328253e-01 -1.18543631e+01
  3.51764472e+02] 11.85665970734694
[-3.74803562e+00  1.67539758e-01  1.97500492e-01 -1.21269820e+01
  3.48527164e+02] 12.129747221901336
[-3.60232390e+00 -6.37885799e-02  8.33648291e-02 -1.18894250e+01
  3.52820226e+02] 11.889888380198865
[-3.58136620e+00 -1.75719814e-02 -5.65135700e-02 -1.19631595e+01
  3.52591237e+02] 11.963305873295647
[-3.62977544e+00  1.93884178e-01  1.09957524e-01 -1.21216222e+01
  3.52139297e+02] 12.123671305770575
[-3.57136277e+00  7.92324032e-02 -1.00893938e-01 -1.17434095e+01
  3.51585236e+02] 11.744110162380734
[-3.66884329e+00  1.07367340e-01 -4.49412789e-03 -1.17816357e+01
  3.51352321e+02] 11.782125723191596
[-3.64780882e+00  2.79154959e-02 -4.79741804e-02 -1.20631339e+01
  3.53763538e+02] 12.063261641372014
[-3.63124661e+00  1.95537560e-01  9.79721055e-02 -1.18165317e+01
  3.51804644e+02] 11.818555552254864
[-3.64615142e+00 -2.39591584e-01  2.57846198e-01 -1.18866628e+01
  3.51389968e+02] 11.89187295752343
[-3.52853085e+00  1.05671886e-01 -8.72276534e-03 -1.15731887e+01
  3.50124164e+02] 11.573674435845318
[-3.63756667e+00 -2.39347056e-01  9.40814092e-02 -1.20766025e+01
  3.54305965e+02] 12.079340425082693
[-3.60012193e+00 -1.17248958e-01 -1.55888502e-02 -1.19480464e+01
  3.51356872e+02] 11.94863184362056
[-3.65967680e+00 -1.07205664e-01  2.37238540e-01 -1.18490384e+01
  3.49895860e+02] 11.851897996028397
[-3.59695970e+00 -5.82906711e-01 -1.37962149e-02 -1.19213297e+01
  3.51476166e+02] 11.935580085381648
[-3.60314082e+00 -1.80809260e-02 -4.17052965e-01 -1.18031106e+01
  3.51980434e+02] 11.81049022112195
[-3.52638224e+00 -3.97477634e-02 -1.08858170e-01 -1.19134009e+01
  3.51844468e+02] 11.91396450003401
[-3.53877548e+00  1.97924028e-01 -7.49369965e-02 -1.19099417e+01
  3.53055822e+02] 11.911821919387531
[-3.60937257e+00  2.57547946e-01  2.81941281e-01 -1.18569887e+01
  3.47941607e+02] 11.863136282134972
[-3.70380002e+00 -4.10951443e-01  1.25935276e-01 -1.20387261e+01
  3.52769461e+02] 12.046396477124668
[-3.66816075e+00 -1.75237160e-01  1.91623655e-01 -1.18343705e+01
  3.51229862e+02] 11.837219000764971
[-3.61993561e+00  1.81294307e-01  2.06846462e-03 -1.17898596e+01
  3.49814591e+02] 11.791253603124181
[-3.71623092e+00 -1.24599466e-01  3.26976940e-02 -1.20781998e+01
  3.53047047e+02] 12.078886690825824
[-3.58638833e+00  2.47916798e-01  3.43727848e-01 -1.16058983e+01
  3.47591112e+02] 11.613633635718559
[-3.63696303e+00  7.47879758e-02 -2.36153951e-01 -1.17672598e+01
  3.49370880e+02] 11.769866833401538
[-3.64091880e+00  1.05789408e-01 -1.01558291e-01 -1.19147012e+01
  3.54436429e+02] 11.915603607009812
[-3.65668923e+00 -1.08191609e-01 -2.32538105e-01 -1.21973038e+01
  3.53485907e+02] 12.199999999833413
[-3.64010633e+00  1.30374938e-01 -1.59489253e-01 -1.19335160e+01
  3.53347307e+02] 11.93529379671463
[-3.66392280e+00  1.36460883e-01  7.66495519e-02 -1.19075428e+01
  3.50817260e+02] 11.908571373380713
[-3.62114119e+00  2.10975628e-01  3.57566430e-01 -1.20935974e+01
  3.51935915e+02] 12.100721524917397
[-3.52813110e+00 -2.54697136e-01 -1.11299092e-01 -1.19062647e+01
  3.52697824e+02] 11.909508675197383
[-3.62848343e+00 -1.51141879e-01 -9.12678515e-02 -1.20216119e+01
  3.52205582e+02] 12.022908412130054
[-3.69283686e+00 -1.43292492e-01 -7.00284420e-02 -1.18400658e+01
  3.48078467e+02] 11.841139936949057
[-3.53253712e+00  1.21118211e-01  1.02245076e-01 -1.20451716e+01
  3.52831918e+02] 12.046214477577955
[-3.66505323e+00 -2.88011251e-01  6.62761995e-02 -1.18241193e+01
  3.51932844e+02] 11.827812195338232
[-3.58750496e+00 -6.52458927e-03  3.28715266e-01 -1.18659300e+01
  3.48909620e+02] 11.870484016263017
[-3.66354369e+00 -1.24777556e-01 -3.65530167e-02 -1.21993071e+01
  3.53294081e+02] 12.199999963660469
[-3.57237884e+00 -2.60874857e-02  3.12898673e-02 -1.21999242e+01
  3.53561710e+02] 12.199992172786432
[-3.63247498e+00  1.44428561e-01 -6.86319179e-02 -1.21281748e+01
  3.54772975e+02] 12.1292288862981
[-3.62457788e+00  6.16266877e-02  4.63559407e-01 -1.21339036e+01
  3.53006081e+02] 12.14291160335114
[-3.72472362e+00  3.22358120e-02 -7.34348178e-02 -1.18311934e+01
  3.50094773e+02] 11.83146517080229
[-3.56826828e+00 -3.07213807e-02 -1.09284344e-01 -1.20172136e+01
  3.53176544e+02] 12.017749820156583
[-3.61413211e+00  4.67808553e-01 -1.14464792e-01 -1.18860871e+01
  3.50170197e+02] 11.89584014503656
[-3.65406872e+00 -7.73797284e-03  1.48256852e-01 -1.21112376e+01
  3.54705950e+02] 12.112147506663808
[-3.63401082e+00  6.46848074e-02 -1.05049027e-01 -1.18548661e+01
  3.51222574e+02] 11.855508014554369
[-3.63017572e+00  2.75606543e-01  2.52387038e-02 -1.18319705e+01
  3.52571485e+02] 11.835206903219712
[-3.61346977e+00 -1.67453840e-01 -6.71285650e-02 -1.20321364e+01
  3.52661137e+02] 12.033488796492557
[-3.64517409e+00 -1.75902539e-03 -1.82893453e-01 -1.21986283e+01
  3.54375266e+02] 12.19999938172904
[-3.65180127e+00 -6.88625243e-02  3.50079532e-02 -1.20255168e+01
  3.55570677e+02] 12.02576487537849
[-3.66703398e+00  8.72950063e-02  2.58643281e-01 -1.17213577e+01
  3.51948750e+02] 11.72453595333802
[-3.56947745e+00 -3.35323937e-02  1.05858548e-03 -1.18650451e+01
  3.48913913e+02] 11.865092524575397
[-3.68174654e+00 -3.32420685e-01 -1.87209907e-01 -1.20381969e+01
  3.54503400e+02] 12.044240808148148
[-3.63619724e+00  1.32185456e-01 -1.20307161e-01 -1.19434662e+01
  3.53251778e+02] 11.944803581872698
[-3.59319845e+00  1.44151764e-01 -7.30075426e-02 -1.19727274e+01
  3.51756928e+02] 11.973817716169776
[-3.55693463e+00 -1.75462179e-01  1.60587666e-01 -1.18966296e+01
  3.51378914e+02] 11.899007174827066
[-3.63948774e+00 -1.05526204e-02 -7.99134560e-02 -1.20744454e+01
  3.52413474e+02] 12.07471447276906
[-3.65737261e+00  2.97151951e-01  4.07528143e-01 -1.20840926e+01
  3.51426987e+02] 12.094613350720202
[-3.68883296e+00  4.39022468e-02 -1.14295746e-01 -1.18852199e+01
  3.49796144e+02] 11.885850539183538
[-3.77187930e+00  1.51722903e-01  2.81831916e-01 -1.21957964e+01
  3.50554059e+02] 12.199995842634838
[-3.67069107e+00 -1.05622370e-01  8.16065222e-02 -1.18701398e+01
  3.50500925e+02] 11.870890180750425
[-3.75852697e+00  1.97184925e-01  1.28747610e-01 -1.19674269e+01
  3.52272297e+02] 11.969743674759403
[-3.60177651e+00  9.72233859e-02  2.01122119e-01 -1.18803218e+01
  3.51452914e+02] 11.882421791061198
[-3.71876503e+00 -3.87725450e-02 -2.65289968e-01 -1.21970537e+01
  3.55000567e+02] 12.19999999981512
[-3.56979715e+00 -2.31294024e-01 -6.61814957e-02 -1.19237242e+01
  3.50838727e+02] 11.926150879792898
[-3.61815123e+00 -1.06425826e-01  3.34062357e-01 -1.18537214e+01
  3.50989437e+02] 11.85890532690436
[-3.60857201e+00 -9.13288242e-02  4.21841019e-03 -1.18824630e+01
  3.51257757e+02] 11.882814693928319
[-3.62091448e+00 -3.56064235e-02 -2.36321003e-01 -1.19230990e+01
  3.54522620e+02] 11.92549395243788
[-3.60751436e+00  3.71678480e-03  5.18547900e-02 -1.17784034e+01
  3.52457864e+02] 11.778518132861544
[-3.63568894e+00 -6.51541302e-02 -8.48705319e-03 -1.19678212e+01
  3.50702961e+02] 11.968001531135283
[-3.59362473e+00 -7.08051886e-02  3.13615519e-03 -1.20631519e+01
  3.53825462e+02] 12.063360124602804
[-3.71066119e+00  3.49412164e-01  8.51050245e-02 -1.17391662e+01
  3.51092431e+02] 11.74467350660962
[-3.57664791e+00 -1.68342950e-01  8.60377924e-02 -1.21985351e+01
  3.55955124e+02] 12.199999994951686
[-3.59656873e+00 -2.41704661e-02  5.62495716e-02 -1.15665688e+01
  3.50184480e+02] 11.566730820544171
[-3.66616898e+00  3.01709389e-01 -1.10621736e-01 -1.19016963e+01
  3.51327154e+02] 11.906033789136528
[-3.57412880e+00 -4.34928141e-02  2.62307425e-01 -1.19228685e+01
  3.50815017e+02] 11.9258329102432
[-3.61206192e+00 -7.61046261e-02 -1.80580924e-01 -1.20139671e+01
  3.52599156e+02] 12.01556520247839
[-3.56783599e+00 -1.20808438e-01 -4.50171320e-02 -1.18135831e+01
  3.50806490e+02] 11.814286548591227
[-3.59628916e+00  1.70360531e-01 -1.10512044e-01 -1.20117470e+01
  3.52576847e+02] 12.013463388645738
[-3.58463757e+00 -2.08249060e-01 -1.09892096e-01 -1.16187307e+01
  3.49709948e+02] 11.621116444213033
[-3.54719121e+00 -5.73629609e-02 -4.58258841e-02 -1.20198773e+01
  3.52969553e+02] 12.020101513807948
[-3.61638346e+00 -2.86689703e-02  3.90283886e-01 -1.17983250e+01
  3.49437659e+02] 11.804813218342536
[-3.65370107e+00 -2.56594685e-01  2.06805106e-01 -1.20449036e+01
  3.53735869e+02] 12.049411269279707
[-3.59557346e+00  2.07786468e-01 -5.08842648e-02 -1.20026005e+01
  3.53260243e+02] 12.004506828911317
[-3.64897817e+00 -3.77821271e-02  1.84590572e-02 -1.18045119e+01
  3.50921853e+02] 11.804586804294535
[-3.68326610e+00  1.58121117e-01  1.80958731e-01 -1.20609892e+01
  3.52855546e+02] 12.063382926714086
[-3.59824897e+00  2.09742444e-02  2.79604898e-02 -1.21999499e+01
  3.54242841e+02] 12.199999988838263
[-3.62477761e+00  3.21093386e-02  1.00885502e-01 -1.17626178e+01
  3.52496971e+02] 11.763094222838856
[-3.56232420e+00  9.27132221e-02 -2.09884996e-01 -1.20488227e+01
  3.50872159e+02] 12.051007274176996
[-3.69456879e+00 -9.93096151e-02  3.74653622e-01 -1.19222621e+01
  3.50476829e+02] 11.928560767576993
[-3.51280777e+00  1.42212733e-02 -8.86809905e-02 -1.20808093e+01
  3.53973137e+02] 12.081143174656297
[-3.50745444e+00 -1.08629772e-01 -5.26080345e-02 -1.21140738e+01
  3.55190753e+02] 12.11467505500472
[-3.53713659e+00  1.40739733e-01 -3.18925101e-01 -1.18571754e+01
  3.52177799e+02] 11.862298658942969
[-3.61849297e+00  1.65997694e-02  8.60932423e-02 -1.18633921e+01
  3.53027601e+02] 11.863716071055437
[-3.63342268e+00  1.17866825e-01 -1.47019662e-01 -1.18149634e+01
  3.49561865e+02] 11.816465958084649
[-3.69607754e+00 -1.22127471e-01 -1.83790983e-02 -1.20108267e+01
  3.54003668e+02] 12.011461615866846
[-3.55054431e+00  1.06649525e-02  1.38323058e-01 -1.20617019e+01
  3.55495097e+02] 12.062499698095149
[-3.54991968e+00 -6.43842023e-02  1.45165885e-01 -1.20001358e+01
  3.52296630e+02] 12.001186504990716
[-3.60799608e+00  8.24024585e-02 -2.17727606e-03 -1.17539813e+01
  3.52876759e+02] 11.754270308163068
[-3.65505854e+00  1.80061958e-01 -1.43225905e-02 -1.19756158e+01
  3.50514073e+02] 11.976977991710775
[-3.61783970e+00 -6.23489762e-02  1.36587320e-01 -1.18540141e+01
  3.49970860e+02] 11.854964892145626
[-3.64329651e+00  9.29171462e-02 -1.96506687e-02 -1.13975627e+01
  3.48272875e+02] 11.397958349440945
[-3.56737412e+00 -1.37276131e-01 -1.10857222e-01 -1.16883680e+01
  3.48073893e+02] 11.689699789521294
[-3.75176680e+00 -3.80186058e-03 -6.81860825e-02 -1.18815416e+01
  3.50515555e+02] 11.881737881936337
[-3.58302837e+00 -2.14837540e-02 -2.82344842e-01 -1.21967134e+01
  3.54018676e+02] 12.199999962556449
[-3.51105552e+00  1.50895923e-02  1.10226370e-03 -1.18210514e+01
  3.53008850e+02] 11.82106105097631
[-3.67966253e+00 -1.74237459e-02 -1.31218726e-01 -1.20480880e+01
  3.51720566e+02] 12.048815111925407
[-3.63189190e+00  8.80869878e-02  3.69123919e-02 -1.21217690e+01
  3.53467589e+02] 12.122145264194149
[-3.66058463e+00  8.53284914e-03  2.17945541e-01 -1.21040109e+01
  3.53454159e+02] 12.10597596260217
[-3.61350448e+00  7.55159961e-02 -1.79030231e-01 -1.20323484e+01
  3.51877872e+02] 12.033917209364198
[-3.58841167e+00 -3.77969725e-02  1.63311751e-03 -1.19693134e+01
  3.50568652e+02] 11.969373161820611
[-3.55959160e+00 -1.03498681e-01 -8.87323343e-02 -1.18483583e+01
  3.49184646e+02] 11.8491425704894
[-3.61532400e+00 -1.04636548e-01 -3.38296628e-04 -1.20565526e+01
  3.51681048e+02] 12.057006615210366
[-3.63379702e+00 -1.98492149e-01  2.96308305e-02 -1.21983491e+01
  3.52971887e+02] 12.199999933030126
[-3.69685682e+00 -5.30022939e-02 -1.36535323e-01 -1.21991208e+01
  3.55300662e+02] 12.199999999807469
[-3.64999153e+00 -2.01953443e-01 -2.22770275e-01 -1.18141415e+01
  3.49479743e+02] 11.817967315662223
[-3.68841763e+00 -2.68638916e-01  1.90252497e-01 -1.20019957e+01
  3.52005488e+02] 12.006509267568438
[-3.57873129e+00  9.64550110e-02  3.09894917e-01 -1.19527802e+01
  3.51500105e+02] 11.957185783297941
[-3.61511722e+00  1.24382144e-01  6.97344650e-02 -1.19379306e+01
  3.51232663e+02] 11.93878217903316
[-3.69861375e+00  3.47381750e-01  4.66248767e-01 -1.20284057e+01
  3.50865089e+02] 12.042450175625698
[-3.62527267e+00  3.91187986e-02 -2.74540798e-01 -1.18895774e+01
  3.49021290e+02] 11.892810986779473
[-3.67424615e+00  5.94364389e-02  1.42815811e-01 -1.21570571e+01
  3.53644965e+02] 12.158041221152523
[-3.60642659e+00 -5.66505484e-02  2.74789961e-01 -1.17601105e+01
  3.49404448e+02] 11.763456906362718
[-3.56103137e+00 -5.33953509e-02  1.52272968e-01 -1.19791863e+01
  3.51618214e+02] 11.980273083318762
[-3.63661903e+00  1.12455725e-02 -8.16564707e-02 -1.21239937e+01
  3.54374761e+02] 12.12427385403589
[-3.66485864e+00 -1.04865969e-01 -1.14989880e-01 -1.20111825e+01
  3.53143556e+02] 12.012190658775781
[-3.55208745e+00 -1.97891897e-01 -3.27405194e-01 -1.19408741e+01
  3.51068996e+02] 11.9470008193232
[-3.65408582e+00  4.15354951e-02 -1.34669905e-02 -1.19649337e+01
  3.51863287e+02] 11.965013344587685
[-3.55350138e+00 -4.93995156e-02  6.74140915e-02 -1.15897445e+01
  3.50053856e+02] 11.590045810867972
[-3.52663183e+00  2.11232060e-01 -1.46464398e-02 -1.18049100e+01
  3.51004500e+02] 11.806808754059507
[-3.70007248e+00  1.42822781e-01  6.00392574e-02 -1.21800797e+01
  3.51438230e+02] 12.181064979584963
[-3.64967301e+00 -2.74864926e-02 -1.61960681e-01 -1.21978165e+01
  3.54571064e+02] 12.19892267944925
[-3.64697484e+00  2.16586049e-01 -6.53052922e-02 -1.21083557e+01
  3.53505143e+02] 12.110468699737979
[-3.56294217e+00  2.54697211e-01 -1.43198265e-01 -1.17152029e+01
  3.52595653e+02] 11.718846155107304
[-3.65318556e+00  7.93784785e-02  5.77311552e-03 -1.16013901e+01
  3.49127756e+02] 11.60166307329512
[-3.66282991e+00  5.07724192e-02 -1.63639396e-01 -1.21037556e+01
  3.50303161e+02] 12.104968187041816
[-3.59512198e+00 -2.67101571e-02  1.26489734e-01 -1.17328107e+01
  3.50297982e+02] 11.733522958820268
[-3.62990077e+00 -2.23085049e-01  4.05162351e-02 -1.17356576e+01
  3.49661451e+02] 11.737847615433028
[-3.65903942e+00 -3.97269089e-01 -2.00714869e-01 -1.21918781e+01
  3.55105448e+02] 12.199999998199598
[-3.62642797e+00  3.07453083e-03 -1.76083023e-01 -1.20812887e+01
  3.54559526e+02] 12.082572198180042
[-3.60977928e+00 -6.50995673e-02 -2.38759457e-01 -1.18960535e+01
  3.51815679e+02] 11.898627381439738
[-3.66210528e+00  4.89757594e-02 -2.31797464e-01 -1.21976992e+01
  3.55253313e+02] 12.199999739617638
[-3.63236020e+00 -2.53919833e-01  9.44484812e-02 -1.21523318e+01
  3.52713744e+02] 12.155351227980956
[-3.72886903e+00  2.14385063e-02 -3.13633365e-01 -1.18479474e+01
  3.50337981e+02] 11.852117287219114
[-3.55881242e+00  2.12903738e-01 -3.86963130e-02 -1.20846361e+01
  3.52557049e+02] 12.086573320902566
[-3.65233013e+00 -2.09627393e-01  5.45823994e-03 -1.19098000e+01
  3.52912218e+02] 11.911645960861103
[-3.66103805e+00  1.95516924e-01 -1.28037724e-01 -1.18677138e+01
  3.51463411e+02] 11.870014753726018
[-3.66904705e+00 -2.20713919e-01  2.11088088e-01 -1.16483759e+01
  3.49529437e+02] 11.652378901278283
[-3.62225277e+00  2.60308631e-01 -2.49087809e-03 -1.19694085e+01
  3.53263984e+02] 11.972238969634562
[-3.60039980e+00  5.65440981e-02  5.01202291e-02 -1.17738432e+01
  3.49045338e+02] 11.77408568064603
[-3.58972496e+00 -2.94175868e-01  2.38861173e-01 -1.17147545e+01
  3.51246461e+02] 11.720881633047396
[-3.53640911e+00 -1.36551782e-01 -3.71301688e-01 -1.19013897e+01
  3.50900717e+02] 11.907963182838921
[-3.62562479e+00  3.59919306e-01  2.61510218e-01 -1.17656873e+01
  3.48858300e+02] 11.774095617443185
[-3.56346486e+00  3.86126632e-02 -5.64803759e-02 -1.20915722e+01
  3.54844432e+02] 12.09176580086341
[-3.59308951e+00  4.82962183e-02 -3.03097257e-02 -1.18559438e+01
  3.52587016e+02] 11.856080920100961
[-3.62746832e+00 -1.97579922e-01  2.07842193e-01 -1.17328822e+01
  3.50131784e+02] 11.736386145211783
[-3.62333598e+00  4.50171005e-02  1.44729122e-01 -1.20713952e+01
  3.54610345e+02] 12.072346737196817
[-3.64110774e+00  1.41638636e-01  1.16357032e-01 -1.16647620e+01
  3.48739107e+02] 11.666202177288941
[-3.65583393e+00 -6.26539631e-02 -9.62451200e-02 -1.20464957e+01
  3.49938914e+02] 12.04704308840719
[-3.63257983e+00 -4.03455153e-02 -2.40331981e-01 -1.18950819e+01
  3.50861477e+02] 11.897577964533832
[-3.62985667e+00 -1.59222247e-01  1.23931465e-01 -1.18906205e+01
  3.53444276e+02] 11.89233224195903
[-3.62885563e+00  2.30786639e-02  7.79905646e-02 -1.17235201e+01
  3.49131433e+02] 11.723802252504253
[-3.66342609e+00  1.84914795e-01  5.08113275e-03 -1.20816383e+01
  3.51612990e+02] 12.083054427276966
[-3.60361015e+00 -3.07969835e-01  3.53663510e-02 -1.21281780e+01
  3.54082215e+02] 12.132139082938636
[-3.60086578e+00 -2.24360689e-02 -6.32569812e-02 -1.19869228e+01
  3.51521200e+02] 11.987110700628692
[-3.70561018e+00 -6.00672604e-02 -3.83784538e-01 -1.21533189e+01
  3.53358587e+02] 12.159525392846017
[-3.69093366e+00  6.20929910e-02  2.10132173e-02 -1.20384723e+01
  3.54195479e+02] 12.03865079805806
[-3.62713702e+00 -1.35283005e-01 -2.34930168e-01 -1.18531410e+01
  3.52251662e+02] 11.85624078154709
[-3.56040776e+00  5.80509345e-03 -1.17260899e-01 -1.19712971e+01
  3.53795789e+02] 11.971872768557317
[-3.63824704e+00 -5.80429465e-02 -2.50125750e-02 -1.18496279e+01
  3.49715131e+02] 11.849796459278402
[-3.54141643e+00 -2.28545142e-01 -9.45071178e-02 -1.19159660e+01
  3.54388483e+02] 11.918532191376654
[-3.59231926e+00  8.10273941e-02 -7.71643552e-02 -1.20187582e+01
  3.51215000e+02] 12.01927905155845
[-3.61587000e+00 -1.37540250e-02 -2.22843547e-01 -1.19755964e+01
  3.52908979e+02] 11.977677443299038
[-3.59378747e+00  3.88970425e-01  9.98516814e-02 -1.20026782e+01
  3.52768434e+02] 12.00939433513515
[-3.61346102e+00  6.55788728e-02 -1.27918159e-01 -1.20607076e+01
  3.53134138e+02] 12.061564178112041
[-3.63043902e+00 -7.05648903e-02  1.20136293e-01 -1.20752962e+01
  3.54720238e+02] 12.07609999076048
[-3.68786016e+00 -2.55383267e-01 -8.18945612e-02 -1.21175224e+01
  3.52682954e+02] 12.120489934043444
[-3.58645671e+00  6.81812205e-02  9.42346519e-02 -1.19432018e+01
  3.54384023e+02] 11.943768169150232
[-3.59346387e+00  1.20024820e-02 -1.57561090e-01 -1.18308498e+01
  3.51079011e+02] 11.83190503753256
[-3.64510771e+00 -1.82960038e-02  4.67326492e-02 -1.21156850e+01
  3.52333746e+02] 12.115788949520633
[-3.61962997e+00 -2.25688828e-02  3.20996321e-02 -1.21919345e+01
  3.55679635e+02] 12.191997633183792
[-3.55641605e+00  5.73146674e-03  6.74790127e-02 -1.21350210e+01
  3.56580025e+02] 12.135210010565379
[-3.62592022e+00  1.35603971e-01  2.27672597e-01 -1.21014244e+01
  3.53174279e+02] 12.104325483602192
[-3.69513571e+00 -1.63492209e-02 -1.20740337e-01 -1.18053063e+01
  3.50369004e+02] 11.805935078737544
[-3.57911414e+00  1.33944468e-01 -1.02186144e-01 -1.20444191e+01
  3.53639713e+02] 12.045597334376751
[-3.60735043e+00  6.91336406e-02  1.59296087e-01 -1.21987641e+01
  3.54877628e+02] 12.199999967071589
[-3.64624535e+00 -6.79044672e-04  9.74369752e-02 -1.17356308e+01
  3.48569968e+02] 11.736035297103175
[-3.54190556e+00  2.02950723e-01 -1.06570646e-01 -1.19503554e+01
  3.54497260e+02] 11.952553721022545
[-3.66785897e+00  2.04522947e-01 -2.85773228e-01 -1.17632247e+01
  3.50018820e+02] 11.768472765647807
[-3.69474370e+00 -1.28569442e-02  4.34881176e-02 -1.20863265e+01
  3.51938312e+02] 12.086411570953956
[-3.70884716e+00 -3.05868667e-01  1.57541569e-01 -1.19802551e+01
  3.52756569e+02] 11.98519450104818
[-3.58076812e+00 -2.41507531e-01 -2.84681514e-01 -1.20874877e+01
  3.52448476e+02] 12.093251312189071
[-3.69596745e+00  1.06751198e-01  1.13903461e-01 -1.19775630e+01
  3.52736996e+02] 11.978580251664901
[-3.55562284e+00  3.77883275e-01  1.42914025e-01 -1.20919760e+01
  3.55664137e+02] 12.098723265864715
[-3.61996637e+00 -1.45392025e-01 -6.67734348e-02 -1.17280226e+01
  3.52936511e+02] 11.729113852001285
[-3.74456668e+00 -4.12889678e-02  6.66904252e-02 -1.21184647e+01
  3.50421494e+02] 12.118718496432287
[-3.63673213e+00 -3.30760582e-01  1.47709968e-01 -1.19758056e+01
  3.52064624e+02] 11.981282880519812
[-3.58514035e+00  9.72977026e-02 -1.84771706e-02 -1.18975217e+01
  3.51236518e+02] 11.897933886657958
[-3.59679605e+00 -7.43061639e-02 -1.41607299e-02 -1.21562074e+01
  3.54485433e+02] 12.156442702824478
[-3.67498395e+00  3.03395585e-02 -9.64326719e-02 -1.20793697e+01
  3.52723395e+02] 12.079792717833095
[-3.62443820e+00  2.36685418e-01 -8.67466315e-02 -1.21112941e+01
  3.55274527e+02] 12.11391724044505
[-3.60607672e+00 -1.64422670e-01 -3.03421093e-01 -1.16604772e+01
  3.48252722e+02] 11.665582997790617
[-3.71628206e+00  1.89048251e-01 -1.68269797e-01 -1.18846505e+01
  3.50287252e+02] 11.887345062427412
[-3.58305227e+00 -1.00071668e-01  1.36462729e-01 -1.16290583e+01
  3.47967899e+02] 11.63028952738217
[-3.53194875e+00 -1.61917248e-01  1.61625747e-01 -1.20101486e+01
  3.51889963e+02] 12.012327366898562
[-3.61681907e+00 -2.01917529e-01  1.30205668e-01 -1.21282845e+01
  3.53907866e+02] 12.130663985239782
[-3.61837834e+00  1.82587865e-01  5.08445831e-02 -1.18302896e+01
  3.50392340e+02] 11.831807806412892
[-3.52215940e+00  3.16985700e-01 -3.00194412e-01 -1.17941959e+01
  3.52029700e+02] 11.802273267417045
[-3.65867897e+00  1.61348959e-01  1.08029716e-01 -1.18686662e+01
  3.51085936e+02] 11.8702545237779
[-3.68013199e+00  1.53159768e-01  4.71166239e-01 -1.19202576e+01
  3.51738181e+02] 11.930548845541804
[-3.56646651e+00  5.70996381e-02  1.72035739e-01 -1.19933464e+01
  3.53696859e+02] 11.994716158360884
[-3.61249315e+00  7.68141442e-02  2.54993811e-01 -1.20743595e+01
  3.53603514e+02] 12.077296073913601
[-3.63298347e+00  2.35839917e-02  7.99242849e-02 -1.18098891e+01
  3.51879771e+02] 11.810183083237352
[-3.64132259e+00  3.60251021e-01  4.73108821e-02 -1.19453265e+01
  3.54411541e+02] 11.950851221520823
[-3.54915690e+00 -3.63402759e-01 -2.23302691e-01 -1.19835107e+01
  3.51658947e+02] 11.991098965323332
[-3.55001399e+00 -1.99641703e-01  3.88396543e-01 -1.16825205e+01
  3.50605075e+02] 11.690679765271351
[-3.64655125e+00  2.43071302e-01 -4.45092459e-02 -1.18637666e+01
  3.54264326e+02] 11.86633991478258
[-3.66675369e+00  1.99529374e-04 -8.76492189e-03 -1.21530215e+01
  3.53906550e+02] 12.153024677296173
[-3.59351853e+00  6.60371645e-02  1.23028527e-01 -1.20334509e+01
  3.53449100e+02] 12.034261007259744
[-3.58609077e+00  2.57509424e-02 -1.80598231e-03 -1.20512391e+01
  3.53200266e+02] 12.051266766340529
[-3.59972349e+00 -1.02188877e-01  3.62545792e-02 -1.19136905e+01
  3.53412408e+02] 11.91418388272319
[-3.68356073e+00  1.45976730e-01  5.05659191e-01 -1.21147311e+01
  3.52517451e+02] 12.126158069696338
[-3.53980155e+00 -1.18136580e-01  9.77014521e-02 -1.21604673e+01
  3.54695013e+02] 12.161433579128385
[-3.63257655e+00 -2.69976513e-01 -7.03128058e-02 -1.18019186e+01
  3.50014887e+02] 11.805215550616968
[-3.68964493e+00  1.26930192e-01 -4.27045654e-01 -1.20745260e+01
  3.54067876e+02] 12.082742153977378
[-3.63209103e+00  2.61323427e-01 -1.69928866e-01 -1.19773572e+01
  3.53061180e+02] 11.981412704955753
[-3.67712425e+00 -7.97090427e-02 -2.00865594e-01 -1.18900039e+01
  3.49515746e+02] 11.891967587027475
[-3.62799153e+00  1.59557340e-01  3.07016305e-01 -1.17697506e+01
  3.52452549e+02] 11.77483534449338
[-3.70514355e+00  1.30987272e-01  1.33507986e-01 -1.18713774e+01
  3.49978087e+02] 11.872850664939897
[-3.56097035e+00 -9.94049805e-02 -2.04762744e-01 -1.20849380e+01
  3.52940525e+02] 12.087081354170444
[-3.71592867e+00 -6.29887042e-02  7.97313596e-02 -1.21053554e+01
  3.52464566e+02] 12.105781801294457
[-3.68889416e+00 -1.40987211e-02  1.30901266e-01 -1.20119010e+01
  3.52470251e+02] 12.012622528067382
[-3.64013933e+00  3.97631218e-02  2.77486781e-01 -1.18713645e+01
  3.52572546e+02] 11.874673679811245
[-3.63980683e+00  2.18387897e-01  2.86049612e-02 -1.21609548e+01
  3.55227001e+02] 12.16294915829792
[-3.59092936e+00 -1.80702846e-01  7.42474956e-02 -1.20277823e+01
  3.53521221e+02] 12.029368763556178
[-3.60786319e+00 -4.66096883e-02 -4.20162027e-02 -1.20752468e+01
  3.51626582e+02] 12.075409837194456
[-3.61741982e+00  1.12775807e-01  9.62075462e-02 -1.16938122e+01
  3.50034548e+02] 11.694751715714066
[-3.58525526e+00 -4.01403469e-01 -9.73202652e-02 -1.21930064e+01
  3.53840857e+02] 12.1999999998767
[-3.62653994e+00  1.38209472e-01  1.86642346e-01 -1.21374489e+01
  3.52810957e+02] 12.139670614625778
[-3.56257420e+00 -2.07610665e-01  2.83702376e-01 -1.20217222e+01
  3.55438988e+02] 12.026861382615568
[-3.57396721e+00 -4.96657326e-02  2.93020355e-01 -1.20038784e+01
  3.52471700e+02] 12.007557002135233
[-3.54470847e+00  1.99509918e-01 -2.37060854e-01 -1.18746020e+01
  3.51239328e+02] 11.878643593124398
[-3.60380931e+00  1.67732375e-01 -2.82127684e-02 -1.16019914e+01
  3.49350796e+02] 11.60323806101268
[-3.65207648e+00  1.69107725e-01  2.18062684e-01 -1.21968781e+01
  3.53219860e+02] 12.199999352942456
[-3.64038891e+00 -1.34879527e-01 -2.06284628e-01 -1.18130752e+01
  3.52420245e+02] 11.81564606161177
[-3.58311392e+00  8.24995157e-02  7.67824419e-02 -1.18708603e+01
  3.51954069e+02] 11.871395240869196
[-3.72339158e+00  1.48443163e-01  7.49104034e-02 -1.18798890e+01
  3.52455039e+02] 11.881052556117705
[-3.59896414e+00  7.93984306e-02 -2.73681674e-01 -1.20157114e+01
  3.51312827e+02] 12.019090038150768
[-3.69116370e+00 -2.88407217e-01  1.19288866e-01 -1.20373165e+01
  3.51621129e+02] 12.041361910770412
[-3.59912677e+00  2.14179678e-01  1.41605953e-02 -1.18155009e+01
  3.49895012e+02] 11.81745045037689
[-3.61379080e+00 -1.08821611e-01 -2.30479844e-02 -1.19796922e+01
  3.54555926e+02] 11.980208605836548
[-3.61482924e+00  4.62776935e-02 -1.40703539e-02 -1.21608979e+01
  3.54801688e+02] 12.160994129489287
[-3.61512156e+00 -4.08848903e-02 -7.83858900e-02 -1.21095748e+01
  3.53937609e+02] 12.10989755802915
[-3.59257547e+00  1.59893897e-01  1.46561995e-01 -1.19638203e+01
  3.51943814e+02] 11.965786366344854
[-3.62501211e+00  6.56224896e-02 -2.79875891e-01 -1.17939669e+01
  3.51843214e+02] 11.797469692580805
[-3.72061771e+00 -3.81396665e-01 -2.31087878e-01 -1.19351093e+01
  3.47990022e+02] 11.943437536860372
[-3.66278465e+00 -3.20815660e-01  9.46813571e-02 -1.20994288e+01
  3.53892180e+02] 12.104051591921635
[-3.55169666e+00 -2.58717183e-02  4.68654892e-02 -1.19698879e+01
  3.55920818e+02] 11.97000760544168
[-3.51634088e+00 -1.89562306e-01  2.55952383e-01 -1.16341038e+01
  3.48689796e+02] 11.638462777862527
[-3.61238607e+00 -3.04554180e-01  2.13844669e-01 -1.19560287e+01
  3.51918570e+02] 11.961818603865012
[-3.49868359e+00  9.26333196e-02  6.46746746e-02 -1.20799391e+01
  3.55544237e+02] 12.08046739212617
[-3.68708164e+00  3.98962699e-01 -2.75358641e-01 -1.18521891e+01
  3.49047893e+02] 11.862098448248998
[-3.60554898e+00  8.60685814e-03  1.90481939e-01 -1.18714433e+01
  3.50994129e+02] 11.872974546867624
[-3.62889439e+00  8.77403838e-02  2.96993243e-02 -1.19983535e+01
  3.51483791e+02] 11.998711092430604
[-3.54694068e+00 -1.43005459e-01 -1.08994806e-02 -1.19893755e+01
  3.52978953e+02] 11.990233335231654
[-3.61628826e+00 -4.25712457e-02 -1.11366109e-01 -1.18338907e+01
  3.50905736e+02] 11.834491317638465
[-3.67288643e+00  4.07747174e-01 -3.63791041e-02 -1.21931300e+01
  3.54836066e+02] 12.199999985743856
[-3.61902551e+00 -2.17139977e-01 -5.34940703e-02 -1.17767940e+01
  3.51138335e+02] 11.778917105658136
[-3.71479797e+00  1.07687656e-01  1.66091418e-01 -1.20280050e+01
  3.53000445e+02] 12.029633733850542
[-3.62253910e+00 -8.65145238e-02 -2.80820269e-01 -1.16340065e+01
  3.50048778e+02] 11.637716770644259
[-3.68775313e+00 -1.51773692e-01 -2.87406159e-01 -1.18988838e+01
  3.51194152e+02] 11.903321981332375
[-3.69666994e+00  1.21360629e-01 -1.79285436e-01 -1.19538920e+01
  3.51354840e+02] 11.95585235847736
[-3.68531024e+00  1.63668350e-01  6.22067273e-02 -1.19023424e+01
  3.49714821e+02] 11.903630164057239
[-3.62774301e+00 -1.68878639e-01  2.97123584e-02 -1.18935777e+01
  3.51522694e+02] 11.894813755275546
[-3.56956295e+00 -1.95430564e-01  1.74971384e-02 -1.15971019e+01
  3.50028357e+02] 11.598761619498106
[-3.65227443e+00  1.56437938e-01  2.25436817e-01 -1.16520445e+01
  3.50269029e+02] 11.655275035656038
[-3.58552557e+00 -1.98054578e-01 -1.23681101e-01 -1.19859625e+01
  3.54855611e+02] 11.988236770427068
[-3.68403162e+00  1.54158596e-01 -1.26834784e-01 -1.21013991e+01
  3.51758166e+02] 12.103045550019518
[-3.56965307e+00 -1.25089705e-01 -2.53430521e-01 -1.16266425e+01
  3.51137979e+02] 11.630076975286537
[-3.60240632e+00 -1.34158187e-01 -1.57197568e-01 -1.20609792e+01
  3.53747620e+02] 12.062749602713941
[-3.61270432e+00  2.37458294e-01 -7.40534184e-02 -1.19923804e+01
  3.53322668e+02] 11.99495967737563
[-3.71326553e+00 -5.57236446e-02  5.16766579e-01 -1.20609351e+01
  3.51326129e+02] 12.072129407022707
[-3.59550826e+00  1.74225063e-01  8.71168873e-03 -1.16758264e+01
  3.50228265e+02] 11.677129494329915
[-3.52550789e+00 -1.02996958e-01 -1.26869669e-01 -1.17905156e+01
  3.51708229e+02] 11.791648029195683
[-3.51633261e+00 -3.56382407e-01 -8.50819852e-03 -1.18029163e+01
  3.50606432e+02] 11.808298475189131
[-3.58155347e+00  2.35769065e-02 -1.15465448e-01 -1.17011471e+01
  3.49710435e+02] 11.701740576296341
[-3.64957374e+00  2.47991075e-01  4.19666546e-01 -1.17058413e+01
  3.50915790e+02] 11.715986501265764
[-3.64005288e+00  9.86019681e-02  2.04544333e-01 -1.20216439e+01
  3.51840363e+02] 12.023788181896036
[-3.53112475e+00 -3.92501088e-03 -3.56817086e-02 -1.17541379e+01
  3.51504077e+02] 11.75419276072172
[-3.62904142e+00  1.02561781e-01  7.27545422e-02 -1.17885526e+01
  3.47037264e+02] 11.78922327600036
[-3.62784363e+00  1.54802634e-01  1.89410799e-01 -1.15462133e+01
  3.47655810e+02] 11.548804323211083
[-3.62274843e+00  3.08971080e-02  2.87739591e-01 -1.17321746e+01
  3.50153989e+02] 11.735743286387649
[-3.64706225e+00 -3.84626347e-03  1.54614052e-01 -1.18412844e+01
  3.50104159e+02] 11.842294388344603
[-3.61797858e+00  3.27182869e-01  3.62509317e-02 -1.19999753e+01
  3.51823084e+02] 12.004489557994726
[-3.65601475e+00 -2.43648364e-03 -2.23466272e-01 -1.19876760e+01
  3.48580294e+02] 11.98975890606423
[-3.63751540e+00 -2.07844651e-01  1.54155272e-01 -1.20758438e+01
  3.54157627e+02] 12.078616074202149
[-3.57983447e+00 -1.27110334e-01  5.99996739e-02 -1.19709791e+01
  3.52662713e+02] 11.971804322556691
[-3.63127610e+00 -2.92685704e-01 -4.41724093e-02 -1.19962512e+01
  3.51744325e+02] 11.999902463197849
[-3.56694714e+00  1.12344019e-01  1.00032102e-02 -1.17430405e+01
  3.49604647e+02] 11.743582111717412
[-3.54997497e+00  6.21872438e-02 -1.80631232e-01 -1.16297976e+01
  3.47630552e+02] 11.63136653554293
[-3.68406483e+00  7.31644029e-02 -3.99720026e-03 -1.20431989e+01
  3.52985160e+02] 12.043421787966565
[-3.65738599e+00 -2.63449138e-01 -1.67085542e-01 -1.19726542e+01
  3.53764150e+02] 11.976717857431208
[-3.57319823e+00 -8.95737422e-02  4.41055165e-01 -1.18763219e+01
  3.50082051e+02] 11.884846459315082
[-3.60288653e+00  1.06052617e-01 -2.58287306e-01 -1.18937134e+01
  3.52180127e+02] 11.896990254411621
[-3.68714862e+00 -2.40300505e-01 -3.85690779e-01 -1.18545166e+01
  3.49066818e+02] 11.863223206985277
[-3.62637724e+00  3.65742179e-02 -4.65775760e-02 -1.20818969e+01
  3.53330266e+02] 12.082042039653265
[-3.57726982e+00 -2.32025188e-01 -1.76368591e-01 -1.21263449e+01
  3.54382655e+02] 12.129846784820156
[-3.57081727e+00  1.73054481e-01 -2.81978142e-01 -1.17612759e+01
  3.48799323e+02] 11.765928326694247
[-3.57616983e+00  1.03550809e-01  3.81764903e-01 -1.18598508e+01
  3.50080838e+02] 11.866445448293737
[-3.65381441e+00 -3.15185533e-01 -6.10597971e-02 -1.20168776e+01
  3.51295369e+02] 12.021165377689425
[-3.62010486e+00  9.78602321e-02  4.30244920e-02 -1.19734689e+01
  3.52148843e+02] 11.973946150373257
[-3.60699772e+00 -2.72585064e-01 -1.67221147e-01 -1.18576010e+01
  3.51139569e+02] 11.861912412369236
[-3.54849621e+00 -1.33578867e-01  1.22848766e-01 -1.19270703e+01
  3.51358172e+02] 11.928450909820542
[-3.66051177e+00  1.88120516e-01  7.08945406e-02 -1.21606096e+01
  3.53680596e+02] 12.16227120915382
[-3.67085700e+00 -2.48146890e-01 -1.03716398e-01 -1.17075963e+01
  3.50353387e+02] 11.710685044221627
[-3.68331883e+00 -1.05615547e-01 -5.42274160e-02 -1.19719470e+01
  3.51484798e+02] 11.972535676339339
[-3.65618553e+00 -3.47746921e-01  1.09104929e-01 -1.18314400e+01
  3.50032914e+02] 11.837052177598796
[-3.63918895e+00  3.38638378e-01  9.99009870e-02 -1.20365383e+01
  3.51419991e+02] 12.041715442453302
[-3.65893543e+00 -6.02701996e-02 -2.02544325e-01 -1.19949777e+01
  3.51559561e+02] 11.99683906718834
[-3.66586935e+00 -2.93861937e-01  1.37348596e-01 -1.20502538e+01
  3.54569724e+02] 12.054618899482886
[-3.72408407e+00 -2.27288137e-01 -1.55717422e-02 -1.18207062e+01
  3.50718279e+02] 11.822901387866489
[-3.62315024e+00 -4.96187969e-03  2.90775328e-01 -1.21499464e+01
  3.52928628e+02] 12.153426373877535
[-3.59825038e+00  5.39435203e-02  5.47620587e-02 -1.20099793e+01
  3.55249212e+02] 12.010225250598682
[-3.66378848e+00 -2.28446691e-02  2.33208820e-01 -1.20559817e+01
  3.53012330e+02] 12.058258674786632
[-3.62223937e+00 -8.21973921e-02 -9.35850682e-03 -1.15689366e+01
  3.49815778e+02] 11.56923234559782
[-3.53424722e+00  1.18751902e-01 -2.80586755e-01 -1.18759333e+01
  3.51674451e+02] 11.87984104678069
[-3.52159702e+00 -1.09067477e-02  6.43905110e-02 -1.15365756e+01
  3.49194855e+02] 11.536760430676896
[-3.59942202e+00 -1.35222911e-01 -1.86417680e-01 -1.21057492e+01
  3.52843767e+02] 12.107939596321105
[-3.65699577e+00 -1.22263875e-01  6.81455820e-02 -1.19097296e+01
  3.50330832e+02] 11.910552151416612
[-3.61372439e+00 -2.13926234e-01 -1.58528330e-01 -1.18277153e+01
  3.52779719e+02] 11.830711969410432
[-3.64230932e+00 -2.02727059e-01  1.80273941e-01 -1.19904984e+01
  3.52575083e+02] 11.993566969105208
[-3.60946066e+00  6.53145169e-03 -3.35994349e-02 -1.19242277e+01
  3.51042152e+02] 11.924276798438353
[-3.69845948e+00  1.45013971e-01 -1.68288387e-01 -1.19451095e+01
  3.51977961e+02] 11.947174983879172
[-3.51608211e+00  3.45114397e-02  2.16540842e-01 -1.16622324e+01
  3.51790137e+02] 11.664293598024232
[-3.62066573e+00 -3.19741170e-03  1.60748299e-01 -1.20091008e+01
  3.51169349e+02] 12.010177071190727
[-3.59493268e+00  6.22815148e-02 -9.46944945e-02 -1.17608235e+01
  3.51675333e+02] 11.761369575974186
[-3.73038316e+00 -1.15302647e-01 -2.12409998e-01 -1.19370744e+01
  3.53057720e+02] 11.939520890432856
[-3.63745410e+00  5.80355118e-03 -3.14305944e-02 -1.21620030e+01
  3.52055833e+02] 12.16204498411251
[-3.49985406e+00  1.80103730e-01 -7.23105515e-03 -1.19405197e+01
  3.52658879e+02] 11.941880120688287
[-3.65172220e+00  2.56396662e-02 -1.34637065e-01 -1.19334080e+01
  3.53338042e+02] 11.934195018072549
[-3.64684009e+00 -2.12584464e-01 -7.15829303e-02 -1.17417701e+01
  3.49298059e+02] 11.743912478031431
[-3.68762980e+00 -9.04707067e-02 -5.37798683e-02 -1.19649372e+01
  3.50169171e+02] 11.965400109609888
[-3.62238624e+00 -2.61601826e-01  8.45395663e-02 -1.21948964e+01
  3.55900916e+02] 12.197994961556663
[-3.64093520e+00 -1.67378911e-01  3.15554729e-01 -1.20294679e+01
  3.52965259e+02] 12.034770003240501
[-3.55966812e+00 -1.13469034e-02  1.76720968e-01 -1.21987147e+01
  3.55818946e+02] 12.19999999952716
[-3.61409270e+00  2.46158057e-01 -5.66451737e-02 -1.18630527e+01
  3.50529012e+02] 11.865741558938945
[-3.49299453e+00  9.96973078e-02 -6.43969751e-02 -1.19308682e+01
  3.53684640e+02] 11.931458552011064
[-3.59628893e+00  2.30656791e-01  1.23621334e-01 -1.18661980e+01
  3.50279922e+02] 11.86908334434309
[-3.59441570e+00 -1.47718399e-02 -2.12774421e-04 -1.21003875e+01
  3.53870347e+02] 12.100396474504866
[-3.55688487e+00 -7.07317700e-02  2.60108367e-02 -1.18414001e+01
  3.51775900e+02] 11.841639876145495
[-3.57769800e+00 -3.19896077e-01 -1.78289289e-02 -1.20505526e+01
  3.53376168e+02] 12.054811052432523
[-3.67039780e+00  7.04115410e-02 -1.42518889e-02 -1.21966237e+01
  3.52075742e+02] 12.196835301256469
[-3.66153784e+00  1.84066305e-01 -2.16601179e-01 -1.21712762e+01
  3.54287502e+02] 12.174594848122824
[-3.66216187e+00  1.36099485e-01  8.33342713e-02 -1.19765020e+01
  3.51566913e+02] 11.977565196426392
[-3.60945867e+00  3.75192673e-02  1.96908978e-01 -1.21480630e+01
  3.53638587e+02] 12.149716635479066
[-3.59142561e+00  2.68700301e-01 -2.33206997e-02 -1.21410532e+01
  3.54261919e+02] 12.144048556920971
[-3.55274604e+00 -2.28438967e-01  7.99345400e-02 -1.17839083e+01
  3.50738150e+02] 11.786393341029292
[-3.62939704e+00 -2.17107062e-01  4.78272209e-02 -1.20609486e+01
  3.51928204e+02] 12.062997332445036
[-3.66140189e+00 -2.24995657e-01 -2.08595032e-01 -1.21961414e+01
  3.52618786e+02] 12.199999985014312
[-3.47796371e+00 -1.91499978e-01  5.16200882e-02 -1.19158386e+01
  3.53481567e+02] 11.91748914094806
[-3.54359494e+00  4.32506933e-01 -4.93870593e-02 -1.17989841e+01
  3.52794942e+02] 11.807011756587563
[-3.54694175e+00 -4.68830316e-01 -1.06852885e-01 -1.18132548e+01
  3.51490202e+02] 11.823037225483759
[-3.64562732e+00 -7.14986385e-02 -9.29148017e-02 -1.21774333e+01
  3.54313524e+02] 12.177997680322308
[-3.59842189e+00  2.04683320e-01  1.53204731e-01 -1.18356648e+01
  3.52815755e+02] 11.83842596131205
[-3.60649478e+00  2.47178661e-02  1.25576508e-03 -1.18853512e+01
  3.50018978e+02] 11.88537701207966
[-3.65049950e+00  1.82555091e-01  2.12973425e-01 -1.20352010e+01
  3.52235762e+02] 12.038469454059662
[-3.61947675e+00 -1.80035199e-01  2.10220678e-02 -1.20225750e+01
  3.53430373e+02] 12.023941253839691
[-3.72146175e+00  3.96195548e-03  1.70735721e-02 -1.21999874e+01
  3.53620162e+02] 12.199999993174174
[-3.55550226e+00 -6.69155120e-02 -2.15418190e-01 -1.19891115e+01
  3.52812803e+02] 11.991233351966919
[-3.71782989e+00 -2.45170745e-01 -3.22558328e-01 -1.19654833e+01
  3.52241437e+02] 11.972340726274693
[-3.60926100e+00  2.91012722e-01 -6.77087703e-02 -1.20329667e+01
  3.51361784e+02] 12.03667562093467
[-3.56890102e+00  1.80736236e-02  2.77295574e-01 -1.19949952e+01
  3.53554409e+02] 11.99821357694963
[-3.56916154e+00  4.87662026e-02  3.91955338e-01 -1.19946218e+01
  3.53480503e+02] 12.001123243394984
[-3.58273072e+00 -7.81377150e-02  8.63541308e-02 -1.19805348e+01
  3.50947659e+02] 11.981100818881437
[-3.66539293e+00 -2.63607143e-02 -9.61318569e-02 -1.17680101e+01
  3.50297731e+02] 11.768432273192932
[-3.58150318e+00 -6.67061712e-02 -1.94084228e-03 -1.21998174e+01
  3.55288529e+02] 12.199999913407032
[-3.64822611e+00  1.35668220e-01 -2.54735815e-02 -1.20676931e+01
  3.51810253e+02] 12.068482616745595
[-3.61161421e+00 -9.52985916e-02  3.83598380e-03 -1.20381995e+01
  3.52910636e+02] 12.038577336867956
[-3.63437953e+00  1.50700446e-01  1.94620361e-01 -1.19487938e+01
  3.51923229e+02] 11.951328788946368
[-3.62495268e+00 -1.15455655e-01  3.56675154e-02 -1.20918661e+01
  3.54828564e+02] 12.092469915879374
[-3.60256491e+00 -8.09942759e-03  4.46949154e-02 -1.19799532e+01
  3.52755646e+02] 11.98003933306149
[-3.57964704e+00  3.82024800e-02  9.43681388e-02 -1.17052832e+01
  3.50237378e+02] 11.705725881986801
[-3.76241335e+00  6.77790762e-02 -9.12794742e-02 -1.19182830e+01
  3.50077114e+02] 11.918825251367663
[-3.53059753e+00  1.62923348e-01 -2.01192290e-01 -1.19923148e+01
  3.53064775e+02] 11.995108820149712
[-3.64732292e+00 -1.48310981e-01 -4.18179981e-01 -1.20485422e+01
  3.52371324e+02] 12.05670931689283
[-3.61540721e+00 -3.20443394e-01  3.38696302e-01 -1.18433416e+01
  3.50612833e+02] 11.852516196347663
[-3.63523960e+00  1.41581797e-01 -6.62853802e-02 -1.18085508e+01
  3.50008077e+02] 11.809585568494542
[-3.64602221e+00  2.96995082e-01  5.68786651e-02 -1.19169775e+01
  3.52620940e+02] 11.920813478322245
[-3.71626577e+00 -3.11494281e-01 -1.23163359e-01 -1.21954008e+01
  3.54410791e+02] 12.199999976804508
[-3.64014721e+00 -2.21782971e-02  6.46002266e-02 -1.21111963e+01
  3.53004768e+02] 12.111388909892954
[-3.64495836e+00 -1.35867606e-01  1.09292841e-01 -1.20260898e+01
  3.50088291e+02] 12.027353893540216
[-3.67803259e+00 -6.69569965e-02  1.94280789e-01 -1.20564330e+01
  3.51649159e+02] 12.058184150101395
[-3.57834342e+00  1.61858178e-01  5.19377899e-02 -1.20618982e+01
  3.53903505e+02] 12.06309589876482
[-3.64705798e+00 -2.28240010e-01 -2.02054195e-01 -1.19305179e+01
  3.52479189e+02] 11.934411409443735
[-3.65944735e+00 -9.96440446e-02  1.71599356e-01 -1.21478622e+01
  3.50476865e+02] 12.149482760690395
[-3.59396975e+00  2.46567835e-01 -2.58152142e-02 -1.20923530e+01
  3.55324589e+02] 12.094894105595634
[-3.57935933e+00  2.67529718e-02  1.42525668e-01 -1.17615199e+01
  3.51911465e+02] 11.76241381010197
[-3.65693255e+00 -2.67416034e-02 -6.18291819e-02 -1.19405071e+01
  3.50386165e+02] 11.940697144557644
[-3.71900136e+00 -1.03708620e-01  2.38561185e-01 -1.21101899e+01
  3.54836222e+02] 12.112983390840911
[-3.61684104e+00 -4.44816478e-02  1.19840011e-01 -1.20186094e+01
  3.55281003e+02] 12.019289207829313
[-3.60481779e+00 -2.49333696e-01  4.75808563e-03 -1.21974510e+01
  3.55636186e+02] 12.199999999702209
[-3.62703429e+00  1.62034733e-01 -1.13761453e-02 -1.21989186e+01
  3.56014956e+02] 12.1999999748609
[-3.57878015e+00  1.11204144e-01  1.17925356e-01 -1.21989231e+01
  3.55211456e+02] 12.199999899969471
[-3.62338936e+00 -6.51182885e-02 -7.72825421e-02 -1.21558816e+01
  3.54348487e+02] 12.156301704698153
[-3.63832158e+00  2.15002368e-02  2.54292710e-01 -1.21422237e+01
  3.52691077e+02] 12.144905202609184
[-3.60258285e+00  1.27571894e-01 -2.25737266e-02 -1.18029096e+01
  3.51811083e+02] 11.803620576791987
[-3.65960129e+00 -9.34484568e-02 -1.62572634e-01 -1.19734355e+01
  3.52949853e+02] 11.974903753790048
[-3.63412343e+00  1.93977200e-01  1.79819668e-01 -1.19746275e+01
  3.52604503e+02] 11.977548428357196
[-3.51711333e+00 -7.71453533e-02  3.28926013e-02 -1.21338221e+01
  3.54433474e+02] 12.134111872173968
[-3.64514424e+00  1.18354770e-01  2.88092093e-02 -1.20872549e+01
  3.54370674e+02] 12.087868667689023
[-3.66491798e+00 -1.91445679e-01  1.50479388e-01 -1.20100390e+01
  3.52526256e+02] 12.012507371510429
[-3.62958486e+00  2.14402979e-01  4.94946676e-02 -1.17629978e+01
  3.51396096e+02] 11.765055674097493
[-3.60420253e+00 -1.79793773e-02 -1.86298970e-01 -1.21382624e+01
  3.53359437e+02] 12.13970529632878
[-3.63998854e+00  1.53129061e-01  1.32074196e-01 -1.17453763e+01
  3.52337216e+02] 11.74711692798822
[-3.59620003e+00  2.48883963e-01 -2.58828522e-01 -1.18914833e+01
  3.53747938e+02] 11.896903412509825
[-3.58535241e+00 -4.77170991e-01 -2.92708829e-01 -1.17988099e+01
  3.50690623e+02] 11.812082232642345
[-3.63570597e+00  1.60293424e-01  3.19357087e-02 -1.20835439e+01
  3.54877406e+02] 12.084649219407117
[-3.64717036e+00  8.21129972e-02  2.19747177e-01 -1.20235915e+01
  3.52669307e+02] 12.025879749154198
[-3.65733206e+00  1.97020967e-01 -1.63752611e-01 -1.21774743e+01
  3.53534199e+02] 12.180168824826495
[-3.62238144e+00  1.22745781e-01  1.03319373e-01 -1.20879150e+01
  3.55001384e+02] 12.088979688820675
[-3.67582644e+00  5.22834936e-02 -2.67459009e-01 -1.21737950e+01
  3.53721156e+02] 12.176844980227715
[-3.62106330e+00 -2.04893389e-01 -1.97059292e-01 -1.21518754e+01
  3.53909290e+02] 12.155200094960474
[-3.57657872e+00 -2.95134134e-01 -1.22866964e-01 -1.17798786e+01
  3.51295622e+02] 11.784215723644337
[-3.58543513e+00  6.70863422e-02  4.34097258e-02 -1.21502624e+01
  3.54288372e+02] 12.150525110393142
[-3.67743078e+00  9.57446411e-02  1.85267460e-01 -1.19570153e+01
  3.51326719e+02] 11.958833818124234
[-3.66116225e+00  1.97818201e-01  1.34941666e-01 -1.18692894e+01
  3.51658899e+02] 11.871704654032529
[-3.58549452e+00 -3.07067975e-01  2.86756924e-01 -1.19802954e+01
  3.51474535e+02] 11.987660289823355
[-3.54337751e+00 -9.31246112e-02 -2.59351149e-02 -1.21791705e+01
  3.53969115e+02] 12.179554111133347
[-3.60151784e+00 -1.52942914e-02 -1.32521483e-01 -1.19944887e+01
  3.52532677e+02] 11.995230551409703
[-3.62064234e+00  2.73578567e-01  1.99931012e-02 -1.20917421e+01
  3.52332590e+02] 12.094853127093538
[-3.69915066e+00 -3.87106983e-01  4.58557854e-02 -1.21041237e+01
  3.53910013e+02] 12.11039908415379
[-3.73744728e+00  1.40379763e-02  3.71216077e-02 -1.20932578e+01
  3.51420386e+02] 12.093322889386666
[-3.64390573e+00 -3.15345253e-02 -1.53970038e-01 -1.21282106e+01
  3.50825390e+02] 12.129228863660444
[-3.60257487e+00 -3.43282080e-02  1.22958837e-01 -1.19795565e+01
  3.52313892e+02] 11.980236731340351
[-3.69188236e+00  2.08203186e-01 -2.17799174e-01 -1.20161622e+01
  3.52720643e+02] 12.019939198675743
[-3.64479667e+00 -1.41479623e-01  6.40134137e-02 -1.18733333e+01
  3.52349691e+02] 11.874348687664508
[-3.52708478e+00 -1.27083561e-01  2.00309909e-02 -1.21309683e+01
  3.55004169e+02] 12.131650500198335
[-3.60555339e+00 -2.89601930e-01 -2.61485929e-02 -1.20427691e+01
  3.54848081e+02] 12.046279111846028
[-3.66739017e+00  4.92040152e-02  2.56088475e-01 -1.18240649e+01
  3.48177533e+02] 11.82694014223644
[-3.64047758e+00 -1.58124842e-01 -1.28882297e-01 -1.21982943e+01
  3.49914224e+02] 12.199999874527906
[-3.55332106e+00 -3.12466454e-01  2.06805431e-01 -1.17298208e+01
  3.50211575e+02] 11.735804210363147
[-3.58663116e+00  1.95800178e-01  6.00740271e-02 -1.21633525e+01
  3.54964978e+02] 12.16507671606877
[-3.63008891e+00 -2.33216552e-01 -1.02648710e-03 -1.18929003e+01
  3.52061150e+02] 11.89518683006033
[-3.58804779e+00  1.39019149e-01 -3.44887212e-01 -1.17531087e+01
  3.51351897e+02] 11.758989665501446
[-3.64410568e+00 -1.56056519e-01  2.88530824e-01 -1.18294225e+01
  3.50888315e+02] 11.833969784273302
[-3.67027955e+00  1.30947689e-01  5.69342831e-02 -1.19883619e+01
  3.53214947e+02] 11.9892122688401
[-3.54304850e+00  1.40971093e-02  3.98142075e-01 -1.21934524e+01
  3.55851607e+02] 12.199958947667223
[-3.61144191e+00  3.12292233e-01 -1.65773671e-01 -1.21948557e+01
  3.54638513e+02] 12.199979999784926
[-3.75652885e+00  8.06262187e-02 -2.80835027e-02 -1.21079170e+01
  3.50662781e+02] 12.10821805725154
[-3.58439486e+00  5.25817133e-02 -6.84166721e-03 -1.20573401e+01
  3.52068151e+02] 12.057456656301664
[-3.60897609e+00  2.26932492e-01 -7.17915846e-02 -1.20308682e+01
  3.53960058e+02] 12.033222463708235
[-3.62813927e+00  2.24060509e-01  1.21251063e-01 -1.21011104e+01
  3.52775298e+02] 12.103791881500278
[-3.67907354e+00 -3.76501281e-03  2.70079263e-02 -1.18214589e+01
  3.52432548e+02] 11.821490311333847
[-3.64324817e+00  6.33983311e-02  1.82644752e-01 -1.20041716e+01
  3.52934630e+02] 12.00572836816694
[-3.58692674e+00 -1.93841551e-01  1.02812161e-01 -1.18612243e+01
  3.50872462e+02] 11.863253590424776
[-3.51184149e+00  9.30019911e-02 -1.00099393e-01 -1.18306442e+01
  3.50740088e+02] 11.8314332158422
[-3.66025942e+00 -2.17873525e-01  2.55656173e-01 -1.20386009e+01
  3.50637794e+02] 12.043286085653836
[-3.58600016e+00  1.69951782e-01  3.03322725e-01 -1.19608684e+01
  3.54121983e+02] 11.965920823647137
[-3.64810570e+00 -3.90304298e-01 -1.84807683e-01 -1.20588076e+01
  3.53112509e+02] 12.066537747124055
[-3.69459789e+00 -9.97009481e-03  6.77146445e-03 -1.19923244e+01
  3.51911114e+02] 11.992330479584401
[-3.57310720e+00 -7.49079961e-02  2.84917098e-01 -1.19929879e+01
  3.53642580e+02] 11.99660571962414
[-3.67550457e+00 -2.72127797e-01 -3.49642793e-01 -1.20177425e+01
  3.53202043e+02] 12.025907006947167
[-3.65939584e+00 -1.38944938e-01 -1.75654289e-01 -1.17173180e+01
  3.50565891e+02] 11.719458205668191
[-3.63116230e+00  1.47440820e-01  9.08590227e-02 -1.21118965e+01
  3.53211564e+02] 12.113134613316353
[-3.63430295e+00 -9.48734669e-02 -5.10453744e-03 -1.20950885e+01
  3.54779215e+02] 12.095461658617033
[-3.58720865e+00  2.28257097e-01 -4.21970612e-02 -1.18055292e+01
  3.51860487e+02] 11.807811086056939
[-3.56774181e+00  2.05976017e-01 -3.47306373e-03 -1.19539261e+01
  3.52856898e+02] 11.955701045454841
[-3.61807042e+00  7.75178388e-03  2.31515262e-02 -1.19180726e+01
  3.49741102e+02] 11.918097598233938
[-3.57118274e+00 -3.02765965e-01  3.23696759e-02 -1.18545722e+01
  3.53965972e+02] 11.858482038733145
[-3.60657173e+00  1.05233405e-01  5.79776585e-02 -1.17956375e+01
  3.50495152e+02] 11.796249383866625
[-3.58882989e+00 -2.60787672e-01 -3.22358966e-01 -1.20227570e+01
  3.52780718e+02] 12.029904905421738
[-3.65042016e+00 -1.31521151e-01 -5.46202583e-02 -1.21793951e+01
  3.50755673e+02] 12.180227676509064
[-3.61423300e+00  1.03919630e-01 -2.71299870e-03 -1.18975021e+01
  3.52632113e+02] 11.89795620710967
[-3.56875720e+00  3.52236268e-02 -1.15416729e-01 -1.21817925e+01
  3.54106630e+02] 12.1823901469873
[-3.60733944e+00 -1.64335891e-01  2.25896436e-01 -1.19224601e+01
  3.51119097e+02] 11.925732288988263
[-3.56468449e+00  7.65624852e-02 -4.39425328e-03 -1.20534986e+01
  3.51188618e+02] 12.053742544851556
[-3.58939741e+00  3.61946755e-03  2.46630141e-01 -1.19507592e+01
  3.52933199e+02] 11.953304344918928
[-3.55188414e+00 -1.75715170e-01 -9.50066765e-02 -1.18306574e+01
  3.50398475e+02] 11.83234369874644
[-3.59944265e+00  2.22085929e-02  1.57033105e-01 -1.21872734e+01
  3.54964629e+02] 12.188305309472156
[-3.62214361e+00 -3.66911589e-01  1.37538654e-01 -1.18137340e+01
  3.49347354e+02] 11.82023058057543
[-3.68090900e+00 -5.80336110e-02 -8.86565015e-02 -1.21521575e+01
  3.54070902e+02] 12.152619492019975
[-3.64217303e+00 -2.03378623e-01 -9.52232112e-03 -1.18684274e+01
  3.53287983e+02] 11.870173614635684
[-3.57419145e+00  1.99305806e-01  1.58029624e-01 -1.21937382e+01
  3.56260812e+02] 12.196390765097595
[-3.67885032e+00 -2.77477224e-01  1.79241442e-02 -1.19426653e+01
  3.52097350e+02] 11.945901751600775
[-3.59377515e+00  1.39605142e-01 -1.19799178e-02 -1.21188349e+01
  3.56119788e+02] 12.11964488536997
[-3.61640168e+00 -1.22586198e-01 -4.10833646e-02 -1.18655433e+01
  3.50006398e+02] 11.866247684317983
[-3.62346311e+00 -2.77696480e-02  9.66608179e-02 -1.18681849e+01
  3.51998030e+02] 11.868611005096698
[-3.73868348e+00  2.69702932e-02  1.07213575e-01 -1.20128336e+01
  3.51109281e+02] 12.013342347415353
[-3.62185078e+00 -2.11294456e-01 -8.66449792e-02 -1.18755560e+01
  3.52643927e+02] 11.877751627121706
[-3.56421654e+00  9.60129897e-02  1.14818484e-01 -1.19648224e+01
  3.54322527e+02] 11.965758549314128
[-3.59396872e+00  3.34246279e-02  1.65525024e-01 -1.20664950e+01
  3.54398286e+02] 12.067676580846511
[-3.63019338e+00  1.88614862e-02 -2.35374334e-02 -1.18661687e+01
  3.53796411e+02] 11.866207046595251
[-3.57346965e+00  4.73952844e-02 -1.51529454e-01 -1.19727393e+01
  3.52392653e+02] 11.973791917294244
[-3.66978465e+00 -2.27571783e-02  2.69670218e-02 -1.21034329e+01
  3.52540770e+02] 12.103484313261296
[-3.69332593e+00  1.69611297e-01  9.50014426e-02 -1.20365723e+01
  3.54235290e+02] 12.038142146772655
[-3.69019104e+00 -2.67963209e-01  1.98857297e-02 -1.21168009e+01
  3.51268839e+02] 12.119779811125959
[-3.57366591e+00 -7.21469300e-02 -3.07657214e-01 -1.19439123e+01
  3.52641812e+02] 11.948091899251759
[-3.61855956e+00 -9.87394691e-02 -7.98118824e-02 -1.20401329e+01
  3.53990928e+02] 12.040802301562659
[-3.55012921e+00 -8.60202023e-02 -1.53898182e-01 -1.19202544e+01
  3.52307637e+02] 11.921558149494965
[-3.52070755e+00  1.99736458e-01  1.53144284e-01 -1.16670957e+01
  3.50780224e+02] 11.669810234248832
[-3.61358461e+00  1.17384429e-01 -7.23829238e-02 -1.19768665e+01
  3.51576855e+02] 11.97766044781361
[-3.63210322e+00 -3.98280398e-04 -6.86667768e-02 -1.19811221e+01
  3.50823307e+02] 11.981318923421862
[-3.59733403e+00 -6.67036302e-02 -1.58398167e-01 -1.15125439e+01
  3.49620323e+02] 11.513826729437895
[-3.61921164e+00 -3.41470040e-01 -1.69036830e-01 -1.19265954e+01
  3.52609638e+02] 11.932680028555504
[-3.59607826e+00 -2.43637317e-01  4.75556495e-03 -1.20362557e+01
  3.50699100e+02] 12.038722261056979
[-3.63508249e+00  2.76342221e-01 -4.42460517e-02 -1.21576148e+01
  3.54249977e+02] 12.16083555614458
[-3.68061455e+00 -6.58507853e-03 -3.71197316e-01 -1.19937279e+01
  3.50747777e+02] 11.999472448690325
[-3.53338021e+00  7.24116587e-02  2.79828790e-01 -1.20789397e+01
  3.53043115e+02] 12.082397610519628
[-3.57516891e+00  1.60640278e-01 -2.37349702e-01 -1.17319001e+01
  3.51777469e+02] 11.735400268742577
[-3.64550482e+00  3.59088351e-02 -1.71952286e-02 -1.19448248e+01
  3.52793475e+02] 11.944891110414485
[-3.63020159e+00  3.62052458e-02  8.08881994e-02 -1.18660504e+01
  3.50825968e+02] 11.866381361686372
[-3.65276775e+00 -9.05974418e-02  1.27248805e-01 -1.21519271e+01
  3.52594500e+02] 12.152930974728257
[-3.67776675e+00 -1.41634560e-01  2.61409768e-01 -1.21963761e+01
  3.54898006e+02] 12.199999444315665
[-3.63433376e+00 -1.14797183e-01  3.18782142e-02 -1.21787893e+01
  3.54346947e+02] 12.179372080210554
[-3.65298989e+00 -2.32282802e-01 -4.53187058e-02 -1.20382767e+01
  3.53280714e+02] 12.040602736945818
[-3.63785431e+00  5.61089092e-02  2.41530245e-01 -1.19337226e+01
  3.52664122e+02] 11.936298441250488
[-3.54492810e+00  1.77009626e-01  8.87728466e-02 -1.16197210e+01
  3.49585883e+02] 11.621408185655124
[-3.58382524e+00  1.87029011e-01 -2.44327291e-01 -1.19056254e+01
  3.52495357e+02] 11.909600804230276
[-3.69414888e+00 -3.98448530e-02  5.54490196e-02 -1.20483750e+01
  3.52045013e+02] 12.048568446257299
[-3.54152162e+00  2.04929494e-01 -3.41928525e-02 -1.19728709e+01
  3.52204824e+02] 11.974673428890968
[-3.64806603e+00 -1.71882531e-01 -2.59222473e-01 -1.20620289e+01
  3.53832124e+02] 12.066038373454193
[-3.59253838e+00 -7.42848926e-02  1.62647232e-01 -1.19925296e+01
  3.51670358e+02] 11.993862553130175
[-3.59496273e+00  3.53177146e-03 -3.59904710e-01 -1.21013614e+01
  3.55010457e+02] 12.10671264310147
[-3.58999393e+00 -2.65152579e-01  6.81230143e-02 -1.19863017e+01
  3.52183461e+02] 11.989427665332318
[-3.65623419e+00 -1.83279099e-01 -3.67774203e-02 -1.20504113e+01
  3.53904396e+02] 12.051861088319807
[-3.57225504e+00 -1.85307571e-01 -1.06479215e-01 -1.19561835e+01
  3.53257721e+02] 11.958093486613507
[-3.61184651e+00 -1.33085852e-03  1.67276362e-02 -1.17131910e+01
  3.48722776e+02] 11.71320302384391
[-3.62288459e+00  3.23323230e-01  1.38962349e-01 -1.18556045e+01
  3.50074086e+02] 11.860826580550516
[-3.59284773e+00  2.08600181e-01  6.84353311e-02 -1.20238076e+01
  3.52374012e+02] 12.025811637359602
[-3.60809627e+00 -1.96135656e-02 -1.39709464e-01 -1.15980406e+01
  3.50482566e+02] 11.598898607703514
[-3.61114161e+00  1.82406951e-01  8.99160290e-04 -1.17332728e+01
  3.47741363e+02] 11.734690656712678
[-3.63684296e+00 -3.64564236e-01  2.16834874e-02 -1.18560820e+01
  3.53638767e+02] 11.86170552257306
[-3.62034889e+00  3.62085005e-01  1.28357539e-01 -1.21939470e+01
  3.51927479e+02] 12.199996903988456
[-3.68297274e+00  2.80476776e-01  1.05590976e-01 -1.19327857e+01
  3.52191053e+02] 11.9365485483064
[-3.62867590e+00  4.41405392e-02  9.12204416e-02 -1.20819935e+01
  3.52850237e+02] 12.082418510509854
[-3.62929076e+00  4.53899214e-02  1.18751157e-01 -1.20326034e+01
  3.53305235e+02] 12.03327493968298
[-3.52091467e+00  1.79860363e-01  8.37397843e-02 -1.16423996e+01
  3.51525524e+02] 11.644089934140453
[-3.71003526e+00  2.28745177e-01 -5.42078918e-02 -1.19015198e+01
  3.51128916e+02] 11.90384125755701
[-3.68713589e+00  3.47483949e-02  1.54222322e-02 -1.18309519e+01
  3.50412463e+02] 11.831012941476862
[-3.63602374e+00  2.29222881e-01 -1.95523415e-01 -1.19979505e+01
  3.52428762e+02] 12.001732748539002
[-3.57506129e+00  3.72867503e-01  1.84991813e-01 -1.17560993e+01
  3.49582274e+02] 11.763465624587846
[-3.74835913e+00 -4.84318803e-02  2.33790684e-01 -1.18686116e+01
  3.50347777e+02] 11.871012856037787
[-3.69362075e+00 -9.25428147e-02  5.83581123e-02 -1.16842800e+01
  3.48585987e+02] 11.684792190138703
[-3.58618662e+00  9.70385956e-02  5.96278007e-02 -1.17333967e+01
  3.51001635e+02] 11.733949465062484
[-3.58957926e+00 -3.03809460e-01  2.59411280e-01 -1.21934574e+01
  3.57100922e+02] 12.199999953998425
[-3.66138378e+00 -1.66447972e-01  1.76736665e-01 -1.21975841e+01
  3.52120496e+02] 12.199999950670723
[-3.57024891e+00 -1.33050232e-01  2.96882516e-01 -1.20381745e+01
  3.52107800e+02] 12.04256980566349
[-3.61214382e+00 -1.33822590e-01  7.35492454e-02 -1.18691966e+01
  3.49147141e+02] 11.870178826473502
[-3.58499240e+00 -1.97687882e-01  1.65736161e-01 -1.17754918e+01
  3.52046380e+02] 11.77831716648951
[-3.60280445e+00  7.30842335e-02  1.96050166e-01 -1.20657241e+01
  3.53174609e+02] 12.067538087716093
[-3.72272084e+00  1.29576056e-01  1.48011481e-02 -1.20970752e+01
  3.50863887e+02] 12.097778219096957
[-3.59508642e+00 -7.62524472e-02  2.36880446e-01 -1.17907584e+01
  3.49453807e+02] 11.79338415079297
[-3.55593590e+00  2.43274063e-01 -3.29816857e-01 -1.19066482e+01
  3.53195769e+02] 11.913699341917415
[-3.73714854e+00  9.50434521e-03  3.68885655e-02 -1.17912887e+01
  3.50090385e+02] 11.791350191725604
[-3.71451962e+00 -3.06913413e-01 -1.87567300e-01 -1.20206415e+01
  3.51755831e+02] 12.026021794267765
[-3.58955552e+00 -2.29526872e-01  5.34116040e-02 -1.21977237e+01
  3.56483444e+02] 12.19999999824538
[-3.61050909e+00 -1.37441751e-01 -1.12178758e-01 -1.20512848e+01
  3.53370726e+02] 12.052590617543324
[-3.63876533e+00 -1.80795256e-01 -1.61515001e-01 -1.19152411e+01
  3.53033424e+02] 11.91770722672756
[-3.64203752e+00  1.15122700e-01  5.51840634e-02 -1.19597223e+01
  3.51959476e+02] 11.960403624040378
[-3.63036734e+00  1.97893014e-01  9.93169306e-02 -1.16140535e+01
  3.49769897e+02] 11.616163942877131
[-3.60184254e+00  1.09677045e-03 -1.78241110e-01 -1.20819106e+01
  3.53893034e+02] 12.083225384991527
[-3.57319824e+00 -7.92937561e-02  1.81800581e-01 -1.17964509e+01
  3.51553936e+02] 11.798118161716253
[-3.67226876e+00  6.22097165e-02  1.18939365e-01 -1.18590499e+01
  3.51634753e+02] 11.859809460941584
[-3.59322898e+00  1.63626122e-02  1.75330711e-02 -1.21127947e+01
  3.55184226e+02] 12.112818464729813
[-3.60312364e+00 -6.14632647e-02  5.62856368e-02 -1.19291963e+01
  3.50270420e+02] 11.929487382651969
[-3.61557285e+00 -2.22398543e-01 -1.39230909e-01 -1.19999720e+01
  3.51834806e+02] 12.00284024868146
[-3.58570925e+00 -1.58003888e-01  4.81065204e-02 -1.16656118e+01
  3.49687912e+02] 11.66678099606971
[-3.69905651e+00 -2.17832361e-02 -9.14513307e-02 -1.21685063e+01
  3.51113261e+02] 12.168869444371476
[-3.62027311e+00  8.24228258e-02  9.25714990e-02 -1.19754889e+01
  3.52097965e+02] 11.976130292875297
[-3.59179955e+00 -3.02834026e-01  1.08550504e-01 -1.18050543e+01
  3.48923500e+02] 11.809436891355517
[-3.59212107e+00  1.39446875e-01 -3.28359056e-01 -1.17176003e+01
  3.51999938e+02] 11.723029553540831
[-3.54757039e+00 -6.29289867e-02  8.16937256e-02 -1.19706873e+01
  3.53904235e+02] 11.971131425749041
[-3.64438615e+00  1.43954285e-02 -6.97006644e-02 -1.20201106e+01
  3.51770378e+02] 12.020321299049613
[-3.62684414e+00 -7.13174177e-02 -1.32411165e-02 -1.16962449e+01
  3.49609852e+02] 11.69646985182781
[-3.63785903e+00  3.71664821e-02 -1.69793333e-01 -1.20240577e+01
  3.55437638e+02] 12.025313942741501
[-3.66253275e+00  1.00361912e-01  2.35974675e-01 -1.21555716e+01
  3.53070803e+02] 12.158276130370995
[-3.60693644e+00  1.79827893e-02 -1.23327634e-01 -1.21182783e+01
  3.53706933e+02] 12.118919184238209
[-3.68054612e+00  1.63544221e-01 -1.28212921e-02 -1.20585632e+01
  3.50267602e+02] 12.059678982607613
[-3.66945249e+00  1.39808688e-01 -4.76465761e-01 -1.19377951e+01
  3.50665095e+02] 11.94811773219324
[-3.53377962e+00 -3.07144825e-01  8.07198982e-02 -1.16703359e+01
  3.51748194e+02] 11.674656021298865
[-3.60517830e+00  1.19855259e-01  2.34133864e-04 -1.20128611e+01
  3.51345173e+02] 12.013458988278428
[-3.62280991e+00  1.96635185e-01  1.34079217e-01 -1.19178501e+01
  3.53284398e+02] 11.920226248620134
[-3.53934343e+00 -2.79305813e-01 -1.99609179e-01 -1.20219050e+01
  3.52934268e+02] 12.026805694371062
[-3.67298192e+00 -1.79400754e-01 -1.58801093e-01 -1.21688939e+01
  3.52143560e+02] 12.171252212441551
[-3.60206332e+00  1.44174023e-01 -3.53830981e-01 -1.19383826e+01
  3.50514451e+02] 11.94449506106676
[-3.57394378e+00 -1.23945441e-02 -3.29720216e-02 -1.21677130e+01
  3.54726520e+02] 12.167764003557323
[-3.70773396e+00 -1.91591944e-01  1.68644762e-01 -1.18379511e+01
  3.50347848e+02] 11.84070245793102
[-3.53810737e+00  1.18961296e-01  2.43594897e-01 -1.20346347e+01
  3.52977072e+02] 12.03768758701077
[-3.54464658e+00  2.40556299e-01  4.86594799e-01 -1.17511600e+01
  3.49827400e+02] 11.763690051145336
[-3.63292711e+00  1.53774318e-01  4.68808173e-02 -1.17461283e+01
  3.49805149e+02] 11.747228325282029
[-3.56649172e+00 -1.31223432e-01 -5.81464607e-02 -1.16165675e+01
  3.49539890e+02] 11.61745419517365
[-3.63557400e+00  6.98010913e-02 -8.00859767e-02 -1.20540375e+01
  3.52070044e+02] 12.054505600871606
[-3.54303654e+00  5.20377272e-03  2.75482718e-01 -1.21968592e+01
  3.56267207e+02] 12.199971020265014
[-3.65980066e+00  3.78249982e-01 -2.49843228e-01 -1.18445518e+01
  3.48918786e+02] 11.853223273775429
[-3.63093975e+00  3.75101666e-01 -2.02667984e-01 -1.19582418e+01
  3.52945449e+02] 11.96583977172104
[-3.70161750e+00  2.61348794e-01  1.43427282e-01 -1.20154528e+01
  3.52502305e+02] 12.019150577661591
[-3.72983566e+00 -9.97427256e-02 -3.56060752e-01 -1.19264058e+01
  3.50355449e+02] 11.932136615744616
[-3.56446950e+00 -2.93986366e-01 -3.26317450e-01 -1.18761161e+01
  3.54041726e+02] 11.884235109942782
[-3.58576699e+00 -7.39198449e-02  9.66494717e-02 -1.19343171e+01
  3.51752082e+02] 11.934937346117682
[-3.68499105e+00 -9.22749217e-02 -1.88990161e-01 -1.19610792e+01
  3.50173143e+02] 11.96292805596341
[-3.66703004e+00 -2.83659870e-01 -1.04523767e-02 -1.19752779e+01
  3.54015233e+02] 11.978641493253514
[-3.58911805e+00 -9.57816613e-02 -1.55678808e-01 -1.20049744e+01
  3.53464052e+02] 12.006365789623828
[-3.54671941e+00 -7.48315180e-02 -8.20912806e-02 -1.17341863e+01
  3.50511035e+02] 11.734712044748647
[-3.57257189e+00  2.26838885e-01  4.51239269e-02 -1.17874232e+01
  3.51568200e+02] 11.789692042148673
[-3.53470511e+00 -1.08902478e-01  5.13441674e-01 -1.19557535e+01
  3.53104383e+02] 11.967268819538807
[-3.67922022e+00  5.54480839e-02 -1.59886540e-01 -1.18863847e+01
  3.49304119e+02] 11.887589335767265
[-3.62435132e+00 -1.40997757e-01 -2.45033384e-02 -1.18796185e+01
  3.52761444e+02] 11.880480472036997
[-3.66983021e+00 -2.61272987e-01  1.17302412e-01 -1.18558157e+01
  3.52015591e+02] 11.859274437235953
[-3.59475457e+00 -1.91658680e-01  4.46988106e-01 -1.19263114e+01
  3.51813700e+02] 11.936223633288137
[-3.61757738e+00  3.91101721e-01 -1.70897689e-01 -1.19036090e+01
  3.53406663e+02] 11.911258239999857
[-3.63380276e+00 -1.18469767e-01  6.55029464e-02 -1.21992489e+01
  3.53526648e+02] 12.199999983671855
[-3.70924323e+00  1.59866675e-02  1.30130051e-01 -1.20834979e+01
  3.52449164e+02] 12.084209170565117
[-3.65223855e+00 -1.51982159e-02  3.30116966e-03 -1.18163907e+01
  3.48647775e+02] 11.816400951653096
[-3.58795397e+00 -2.02094327e-01  3.51772296e-01 -1.18104872e+01
  3.52422854e+02] 11.817452901018488
[-3.70888773e+00  3.35583944e-02  5.80522746e-02 -1.21698693e+01
  3.54648993e+02] 12.170054047316095
[-3.58612102e+00 -2.45064223e-01 -5.61738117e-02 -1.21300087e+01
  3.53845196e+02] 12.13261404833697
[-3.63472884e+00  5.83634571e-02  1.00979295e-01 -1.19250926e+01
  3.54176287e+02] 11.925662957206374
[-3.61982614e+00 -3.28290197e-01 -1.66249727e-01 -1.19348559e+01
  3.52354898e+02] 11.940527545051063
[-3.54501650e+00  6.68461598e-02 -2.95030349e-01 -1.15889446e+01
  3.47774674e+02] 11.592892188056085
[-3.63863499e+00  1.21157103e-01  3.69194824e-02 -1.20052681e+01
  3.53734863e+02] 12.00593618013379
[-3.63569648e+00 -9.19611238e-02  1.14759454e-01 -1.20262469e+01
  3.53705172e+02] 12.02714599192665
[-3.64718505e+00  4.03320108e-02  7.87851400e-03 -1.18437050e+01
  3.48224337e+02] 11.84377630087344
[-3.65456488e+00 -2.50219011e-01 -2.53971090e-01 -1.20250416e+01
  3.54208147e+02] 12.030325728217964
[-3.57136084e+00  1.61760619e-01 -9.27120941e-02 -1.18882447e+01
  3.53163821e+02] 11.889706648112387
[-3.67753461e+00 -1.07618569e-01  7.42870150e-02 -1.21106113e+01
  3.54018817e+02] 12.111317268535963
[-3.56250344e+00  3.08646631e-01  1.11617398e-01 -1.17672695e+01
  3.53366789e+02] 11.771845792439763
[-3.57361960e+00  6.16736049e-02  3.98877012e-01 -1.17964627e+01
  3.51137343e+02] 11.803365595018095
[-3.58826841e+00 -4.87771549e-02 -1.03736313e-01 -1.18216688e+01
  3.52752808e+02] 11.822224594589976
[-3.59665298e+00  1.09505409e-01  3.76852637e-02 -1.17837460e+01
  3.51182544e+02] 11.784315058240962
[-3.63227218e+00  3.13610004e-01 -1.31885014e-01 -1.18271226e+01
  3.50714523e+02] 11.832014799783028
[-3.76154630e+00 -1.82145907e-02 -1.14088690e-01 -1.21994529e+01
  3.54666448e+02] 12.199999963965691
[-3.63423729e+00 -1.82802852e-01 -1.30827163e-01 -1.21484592e+01
  3.53277442e+02] 12.150538796313134
[-3.52751365e+00  1.22233670e-01  7.87041272e-02 -1.17614464e+01
  3.52206743e+02] 11.762344871686862
[-3.59107326e+00 -1.97215829e-01  1.84838471e-01 -1.19433553e+01
  3.54272920e+02] 11.946413481547102
